# instance ../../../instances/hadoop/hadoop_extensions/us-mid1.pn
# Settings: PN=../../../instances/hadoop/hadoop_extensions/us-mid1.pn, VN=../../../instances/hadoop/hadoop_extensions/hadoop_4_2bw.vn, multi-thread=False
init 0.43066 0.43066
1 0.053934 0.484594
2 0.058847 0.543564
3 0.062178 0.605861
4 0.058645 0.664624
5 0.062114 0.72686
6 0.058435 0.785411
7 0.062417 0.847946
8 0.058285 0.906348
9 0.061434 0.967901
10 0.057916 1.025938
11 0.061121 1.087179
12 0.057937 1.145235
13 0.061647 1.207002
14 0.058264 1.265386
15 0.061145 1.32665
16 0.057349 1.384122
17 0.060907 1.445148
18 0.057399 1.50267
19 0.061335 1.564125
20 0.057974 1.622219
21 0.060858 1.683197
22 0.057203 1.74052
23 0.060654 1.801297
24 0.057373 1.858792
25 0.06074 1.919658
26 0.057644 1.977424
27 0.061076 2.038631
28 0.057783 2.096543
29 0.060916 2.157585
30 0.057266 2.214973
31 0.060499 2.275584
32 0.057653 2.333355
33 0.061736 2.39521
34 0.058043 2.453369
35 0.061333 2.514824
36 0.057742 2.572679
37 0.06145 2.634253
38 0.057837 2.692211
39 0.061217 2.753546
40 0.057494 2.811157
41 0.060974 2.872241
42 0.056816 2.929174
43 0.060262 2.989552
44 0.057225 3.046894
45 0.060306 3.107318
46 0.056824 3.164258
47 0.060231 3.224608
48 0.056773 3.281497
49 0.060467 3.342085
50 0.057466 3.399666
51 0.060206 3.459989
52 0.057379 3.517484
53 0.060179 3.57778
54 0.057157 3.635055
55 0.060243 3.695415
56 0.056835 3.752368
57 0.060008 3.812496
58 0.057034 3.869642
59 0.059925 3.929689
60 0.056504 3.98631
61 0.059698 4.046125
62 0.055975 4.102218
63 0.059133 4.16147
64 0.055611 4.217193
65 0.059678 4.276982
66 0.055634 4.332739
67 0.059144 4.392007
68 0.056466 4.448593
69 0.059457 4.508168
70 0.055997 4.564281
71 0.059279 4.623682
72 0.055486 4.679282
73 0.058726 4.738127
74 0.055494 4.79374
75 0.058538 4.852398
76 0.055869 4.908384
77 0.058347 4.966849
78 0.055373 5.022338
79 0.058281 5.080734
80 0.055492 5.136343
81 0.058114 5.194574
82 0.055426 5.250118
83 0.058559 5.308793
84 0.055735 5.364653
85 0.058642 5.423413
86 0.055453 5.47898
87 0.058155 5.537253
88 0.054447 5.591815
89 0.057966 5.649897
90 0.055179 5.705193
91 0.058254 5.763565
92 0.054887 5.818569
93 0.05853 5.877216
94 0.055188 5.932521
95 0.057803 5.990445
96 0.054307 6.044867
97 0.057328 6.102324
98 0.054193 6.156634
99 0.057313 6.214066
100 0.054397 6.268572
101 0.057514 6.326203
102 0.054836 6.381156
103 0.057542 6.438815
104 0.054341 6.493271
105 0.057621 6.55101
106 0.053807 6.604924
107 0.056887 6.661924
108 0.053695 6.715734
109 0.056692 6.772538
110 0.05335 6.826003
111 0.056754 6.882874
112 0.053411 6.936401
113 0.057078 6.993596
114 0.053686 7.047399
115 0.057283 7.1048
116 0.053529 7.158465
117 0.056592 7.215179
118 0.053533 7.268824
119 0.056518 7.325469
120 0.053938 7.379522
121 0.056945 7.436585
122 0.053537 7.490238
123 0.056587 7.546942
124 0.053073 7.600132
125 0.056717 7.656966
126 0.053328 7.71041
127 0.056435 7.766957
128 0.053048 7.820123
129 0.056583 7.876821
130 0.053193 7.930147
131 0.055739 7.986003
132 0.052654 8.038774
133 0.055427 8.094319
134 0.052501 8.146935
135 0.055357 8.20241
136 0.052378 8.254904
137 0.055307 8.310338
138 0.052276 8.36273
139 0.055717 8.418571
140 0.05258 8.471269
141 0.055886 8.52728
142 0.052365 8.579772
143 0.055322 8.635219
144 0.05215 8.687492
145 0.055266 8.742878
146 0.052626 8.795626
147 0.055493 8.851244
148 0.052225 8.903591
149 0.055456 8.95917
150 0.052302 9.011597
151 0.055093 9.066806
152 0.052384 9.119311
153 0.055033 9.174465
154 0.051817 9.226404
155 0.05478 9.281307
156 0.052084 9.333515
157 0.054891 9.388532
158 0.051638 9.440291
159 0.05441 9.494825
160 0.051233 9.546178
161 0.053527 9.599833
162 0.050785 9.65074
163 0.05334 9.704206
164 0.051108 9.755435
165 0.053346 9.808902
166 0.051552 9.860587
167 0.053878 9.914591
168 0.05138 9.966071
169 0.05348 10.019674
170 0.050882 10.070673
171 0.052986 10.123783
172 0.050663 10.174571
173 0.053264 10.22796
174 0.051076 10.279159
175 0.053401 10.332687
176 0.051416 10.384229
177 0.053438 10.437793
178 0.050747 10.488664
179 0.052588 10.541375
180 0.050155 10.591653
181 0.052684 10.644457
182 0.050567 10.69516
183 0.053122 10.748403
184 0.050717 10.799238
185 0.052857 10.852214
186 0.049794 10.902125
187 0.052199 10.954445
188 0.050114 11.004677
189 0.052633 11.057429
190 0.050579 11.108126
191 0.052676 11.160922
192 0.050116 11.211157
193 0.052269 11.26354
194 0.049925 11.313587
195 0.052794 11.366496
196 0.050075 11.41669
197 0.051994 11.468801
198 0.049058 11.51799
199 0.051668 11.56977
200 0.049613 11.619502
201 0.051863 11.671482
202 0.049559 11.72116
203 0.051979 11.773257
204 0.049472 11.822846
205 0.051589 11.874553
206 0.048652 11.923322
207 0.051111 11.974552
208 0.04896 12.023627
209 0.050814 12.074557
210 0.048648 12.123323
211 0.050939 12.174383
212 0.048496 12.223009
213 0.051106 12.274241
214 0.049084 12.323445
215 0.051043 12.374605
216 0.049494 12.424218
217 0.051254 12.475591
218 0.048748 12.524456
219 0.050528 12.575102
220 0.048504 12.623726
221 0.050865 12.674711
222 0.048595 12.723428
223 0.050873 12.774421
224 0.048629 12.823173
225 0.05099 12.874283
226 0.048829 12.923233
227 0.051027 12.974381
228 0.048508 13.023011
229 0.05051 13.073642
230 0.04862 13.122384
231 0.050953 13.173456
232 0.048166 13.221743
233 0.050817 13.272678
234 0.048218 13.321019
235 0.050636 13.371783
236 0.04828 13.42019
237 0.050642 13.470959
238 0.04813 13.519214
239 0.050343 13.569676
240 0.048028 13.617826
241 0.050354 13.668299
242 0.048238 13.71666
243 0.050285 13.767064
244 0.047789 13.814976
245 0.049804 13.864897
246 0.04784 13.912872
247 0.0501 13.963099
248 0.04767 14.01089
249 0.049522 14.060526
250 0.047167 14.107814
251 0.049289 14.157217
252 0.047036 14.204374
253 0.048979 14.253471
254 0.047002 14.300594
255 0.049406 14.350119
256 0.04711 14.397347
257 0.04918 14.446645
258 0.047516 14.494276
259 0.049292 14.543687
260 0.046774 14.590581
261 0.049107 14.639806
262 0.046774 14.686699
263 0.048852 14.73567
264 0.047068 14.782859
265 0.049039 14.832011
266 0.047012 14.879138
267 0.048341 14.927598
268 0.046346 14.974061
269 0.048667 15.022858
270 0.046412 15.069395
271 0.048595 15.118114
272 0.046649 15.16488
273 0.048543 15.213557
274 0.046233 15.259901
275 0.048174 15.308194
276 0.046352 15.354663
277 0.048389 15.403172
278 0.045969 15.449259
279 0.048017 15.497395
280 0.045881 15.543393
281 0.047484 15.590993
282 0.045399 15.636506
283 0.047591 15.684217
284 0.045582 15.72992
285 0.047278 15.777323
286 0.045479 15.822926
287 0.047343 15.870387
288 0.045177 15.915683
289 0.04727 15.963065
290 0.045396 16.008581
291 0.04749 16.05619
292 0.04563 16.101937
293 0.047563 16.14962
294 0.045106 16.194844
295 0.046991 16.241952
296 0.045275 16.287346
297 0.047097 16.334562
298 0.045566 16.380244
299 0.047437 16.4278
300 0.045333 16.473252
301 0.046897 16.520267
302 0.044977 16.565356
303 0.047025 16.612497
304 0.045205 16.657813
305 0.04704 16.704971
306 0.045008 16.750096
307 0.046553 16.796766
308 0.044561 16.841443
309 0.046339 16.887897
310 0.044367 16.932381
311 0.046455 16.978957
312 0.044288 17.023362
313 0.046178 17.069658
314 0.044092 17.113871
315 0.046308 17.16029
316 0.044006 17.204414
317 0.045707 17.250237
318 0.043893 17.294252
319 0.04588 17.340251
320 0.044142 17.384511
321 0.045511 17.430141
322 0.043735 17.473993
323 0.045398 17.519509
324 0.04355 17.563174
325 0.04537 17.608663
326 0.043389 17.65217
327 0.045418 17.697704
328 0.043243 17.741063
329 0.044553 17.785733
330 0.04288 17.828732
331 0.044776 17.873627
332 0.04305 17.916794
333 0.044844 17.961759
334 0.043055 18.004931
335 0.045086 18.050136
336 0.042643 18.092897
337 0.047865 18.14089
338 0.045962 18.186979
339 0.047527 18.234617
340 0.046005 18.280735
341 0.047759 18.328608
342 0.045644 18.374368
343 0.047207 18.421694
344 0.045373 18.467179
345 0.047059 18.514355
346 0.045513 18.559978
347 0.047275 18.607371
348 0.045523 18.653011
349 0.047184 18.700313
350 0.045326 18.745755
351 0.046799 18.792675
352 0.045341 18.838137
353 0.047021 18.88528
354 0.045117 18.930519
355 0.046596 18.97724
356 0.044977 19.022342
357 0.046293 19.068755
358 0.044762 19.113641
359 0.046417 19.160172
360 0.044537 19.204831
361 0.04639 19.25135
362 0.044558 19.296047
363 0.045954 19.342123
364 0.043148 19.385369
365 0.044357 19.429777
366 0.043101 19.472941
367 0.044164 19.517155
368 0.042863 19.560081
369 0.044027 19.604158
370 0.042869 19.647077
371 0.043984 19.691119
372 0.042455 19.733624
373 0.043827 19.777512
374 0.042316 19.819882
375 0.043908 19.863848
376 0.042179 19.90608
377 0.043784 19.949914
378 0.042027 19.992
379 0.043628 20.035677
380 0.042134 20.077871
381 0.04336 20.121282
382 0.04194 20.163284
383 0.043075 20.206408
384 0.041904 20.248361
385 0.043061 20.29148
386 0.041602 20.333134
387 0.043131 20.376325
388 0.041352 20.41773
389 0.043054 20.460842
390 0.041251 20.502144
391 0.042767 20.54496
392 0.041283 20.586304
393 0.042575 20.628928
394 0.041227 20.670215
395 0.042377 20.712641
396 0.041092 20.753789
397 0.042331 20.796172
398 0.041124 20.837347
399 0.044445 20.881848
400 0.04292 20.924882
401 0.043798 20.968809
402 0.042514 21.011452
403 0.043986 21.055551
404 0.042803 21.098477
405 0.043925 21.14252
406 0.042072 21.184712
407 0.043789 21.228624
408 0.042417 21.271164
409 0.04349 21.314779
410 0.042326 21.357217
411 0.043769 21.401109
412 0.042155 21.443383
413 0.043109 21.486611
414 0.042003 21.528732
415 0.043226 21.572076
416 0.042096 21.614294
417 0.043529 21.657935
418 0.041773 21.699826
419 0.043375 21.743319
420 0.04192 21.785359
421 0.043304 21.828783
422 0.04143 21.870346
423 0.042772 21.913236
424 0.041535 21.954884
425 0.042691 21.997694
426 0.041827 22.039647
427 0.04309 22.082863
428 0.041286 22.124276
429 0.042484 22.16688
430 0.040933 22.207933
431 0.042691 22.250742
432 0.041171 22.29203
433 0.042195 22.334342
434 0.040881 22.375343
435 0.041966 22.417428
436 0.040627 22.45817
437 0.041823 22.500111
438 0.040593 22.540822
439 0.041776 22.582728
440 0.040515 22.623362
441 0.041441 22.664921
442 0.040054 22.705096
443 0.04146 22.746677
444 0.039913 22.786711
445 0.041239 22.82807
446 0.039938 22.868128
447 0.041218 22.909465
448 0.040077 22.949662
449 0.040908 22.990691
450 0.03959 23.030401
451 0.040633 23.071154
452 0.039702 23.11098
453 0.040744 23.151841
454 0.039657 23.191618
455 0.040621 23.23236
456 0.039356 23.271835
457 0.040337 23.312293
458 0.039212 23.351621
459 0.040432 23.392173
460 0.038958 23.43125
461 0.04216 23.473532
462 0.040949 23.514605
463 0.041938 23.556659
464 0.040431 23.597218
465 0.041592 23.638932
466 0.040612 23.679664
467 0.041658 23.721443
468 0.040463 23.762024
469 0.041608 23.803756
470 0.040271 23.844148
471 0.042284 23.886555
472 0.041083 23.927756
473 0.042414 23.970291
474 0.040917 24.011331
475 0.042113 24.053558
476 0.040791 24.094473
477 0.041984 24.136584
478 0.040625 24.177329
479 0.041922 24.219373
480 0.040529 24.260021
481 0.041867 24.302009
482 0.040776 24.342905
483 0.04169 24.384716
484 0.040916 24.42575
485 0.041592 24.467464
486 0.040473 24.508057
487 0.041602 24.549779
488 0.040268 24.590169
489 0.041562 24.631851
490 0.040313 24.672287
491 0.040952 24.713361
492 0.039914 24.753389
493 0.040981 24.794492
494 0.039827 24.834435
495 0.040782 24.875336
496 0.039496 24.91495
497 0.040253 24.955315
498 0.039275 24.994707
499 0.040059 25.034882
500 0.039052 25.074051
501 0.040148 25.114317
502 0.03913 25.153559
503 0.04005 25.193729
504 0.038761 25.232606
505 0.039571 25.272295
506 0.038684 25.311096
507 0.039745 25.350954
508 0.038437 25.389509
509 0.039592 25.429216
510 0.038343 25.467677
511 0.039184 25.506979
512 0.038273 25.545368
513 0.039314 25.584795
514 0.038032 25.622953
515 0.03928 25.662349
516 0.038089 25.700558
517 0.040404 25.741079
518 0.039546 25.780744
519 0.040581 25.821447
520 0.039142 25.860705
521 0.039815 25.900644
522 0.038981 25.939751
523 0.040016 25.97989
524 0.038781 26.018794
525 0.039968 26.058881
526 0.038618 26.097618
527 0.039867 26.137601
528 0.038121 26.17584
529 0.039063 26.215021
530 0.038173 26.253305
531 0.039067 26.292492
532 0.038079 26.330687
533 0.039319 26.370125
534 0.038017 26.408262
535 0.038816 26.447197
536 0.037704 26.485018
537 0.038514 26.523651
538 0.03757 26.561341
539 0.038504 26.599965
540 0.037441 26.637524
541 0.037823 26.675466
542 0.036744 26.712351
543 0.037748 26.750212
544 0.036804 26.787135
545 0.037746 26.824997
546 0.036902 26.862017
547 0.037397 26.899532
548 0.036283 26.935932
549 0.03789 26.97394
550 0.037232 27.011298
551 0.03808 27.049496
552 0.03686 27.086483
553 0.037923 27.124529
554 0.036719 27.161368
555 0.037422 27.19891
556 0.036548 27.235577
557 0.037165 27.27286
558 0.036128 27.309122
559 0.036982 27.34622
560 0.036088 27.382427
561 0.03671 27.419261
562 0.035936 27.455315
563 0.036479 27.491911
564 0.035547 27.527578
565 0.036449 27.564144
566 0.035248 27.599512
567 0.035771 27.635401
568 0.034961 27.670477
569 0.035532 27.706126
570 0.034544 27.740788
571 0.035326 27.776242
572 0.034587 27.810948
573 0.035267 27.846326
574 0.034193 27.880637
575 0.035038 27.915792
576 0.034305 27.950208
577 0.035065 27.985388
578 0.03411 28.019613
579 0.03498 28.054708
580 0.034165 28.088987
581 0.034639 28.123743
582 0.033711 28.157571
583 0.034289 28.191977
584 0.033704 28.225794
585 0.034263 28.260169
586 0.033446 28.293729
587 0.03424 28.328083
588 0.033099 28.361299
589 0.033721 28.395138
590 0.032696 28.427953
591 0.033252 28.461322
592 0.032478 28.493917
593 0.033058 28.527091
594 0.032385 28.559591
595 0.032802 28.592511
596 0.032016 28.624643
597 0.032745 28.657502
598 0.031908 28.689528
599 0.03247 28.722114
600 0.031935 28.754166
601 0.032374 28.786655
602 0.03189 28.818662
603 0.032612 28.851392
604 0.031681 28.883191
605 0.032108 28.915417
606 0.031281 28.946811
607 0.03178 28.978707
608 0.031314 29.010141
609 0.032002 29.04226
610 0.031492 29.07387
611 0.031653 29.10564
612 0.030949 29.136705
613 0.031635 29.168457
614 0.031015 29.199591
615 0.031551 29.231262
616 0.030878 29.262256
617 0.031408 29.293782
618 0.030998 29.324897
619 0.031416 29.356444
620 0.03068 29.387242
621 0.030985 29.418343
622 0.030361 29.448819
623 0.030736 29.479684
624 0.030484 29.510285
625 0.030899 29.541298
626 0.030051 29.571468
627 0.030594 29.602181
628 0.029835 29.632134
629 0.03043 29.66268
630 0.029751 29.692551
631 0.030399 29.723071
632 0.029558 29.752747
633 0.030019 29.782886
634 0.029153 29.812157
635 0.029741 29.842011
636 0.029006 29.871134
637 0.02957 29.90082
638 0.028822 29.929773
639 0.029565 29.959458
640 0.028831 29.988408
641 0.029238 30.017764
642 0.028539 30.046415
643 0.029107 30.075638
644 0.028342 30.104099
645 0.028908 30.133123
646 0.028449 30.161687
647 0.02894 30.190744
648 0.028269 30.219132
649 0.028585 30.247833
650 0.027886 30.275835
651 0.028212 30.304161
652 0.027735 30.332012
653 0.028365 30.360492
654 0.027666 30.388279
655 0.027862 30.41626
656 0.027676 30.444051
657 0.02807 30.472246
658 0.027558 30.499928
659 0.028042 30.528092
660 0.027586 30.555799
661 0.027897 30.583822
662 0.02724 30.61119
663 0.02758 30.638887
664 0.026917 30.665926
665 0.027271 30.693317
666 0.026744 30.720181
667 0.027124 30.747422
668 0.026646 30.77419
669 0.026958 30.80127
670 0.026525 30.827912
671 0.02711 30.855144
672 0.026551 30.881817
673 0.026871 30.908814
674 0.026439 30.93539
675 0.026958 30.962474
676 0.026364 30.988961
677 0.026694 31.015778
678 0.026201 31.042097
679 0.026265 31.068482
680 0.026064 31.094666
681 0.02632 31.121113
682 0.02573 31.146966
683 0.026163 31.173253
684 0.025641 31.199021
685 0.026269 31.225413
686 0.025596 31.251124
687 0.026066 31.277308
688 0.025393 31.302818
689 0.025858 31.328791
690 0.025268 31.35419
691 0.025658 31.379976
692 0.025353 31.405452
693 0.025795 31.431369
694 0.025127 31.456621
695 0.025648 31.482394
696 0.025133 31.507652
697 0.025149 31.532922
698 0.024829 31.557872
699 0.025045 31.583041
700 0.02477 31.607933
701 0.025096 31.633153
702 0.024537 31.657814
703 0.025044 31.682983
704 0.024771 31.707877
705 0.024882 31.732881
706 0.024533 31.75755
707 0.024477 31.782152
708 0.024269 31.806539
709 0.024533 31.831193
710 0.024363 31.85568
711 0.024361 31.880164
712 0.024165 31.904452
713 0.024409 31.928982
714 0.024071 31.953172
715 0.024233 31.977529
716 0.023822 32.001474
717 0.024088 32.025682
718 0.023581 32.049383
719 0.023804 32.073311
720 0.023334 32.096762
721 0.023654 32.120531
722 0.0233 32.143971
723 0.023613 32.167701
724 0.023207 32.191026
725 0.023505 32.214644
726 0.023255 32.238013
727 0.02332 32.26145
728 0.023088 32.284653
729 0.023426 32.308194
730 0.022932 32.331241
731 0.023239 32.354594
732 0.023105 32.377817
733 0.023137 32.401074
734 0.022922 32.424117
735 0.02323 32.447475
736 0.02293 32.470534
737 0.023618 32.494273
738 0.023159 32.517555
739 0.023452 32.541126
740 0.022877 32.564127
741 0.023451 32.587704
742 0.022751 32.610579
743 0.023229 32.633924
744 0.022456 32.656481
745 0.022745 32.679338
746 0.022476 32.70193
747 0.022497 32.724539
748 0.022112 32.746773
749 0.022451 32.769344
750 0.022105 32.79157
751 0.022458 32.814145
752 0.022068 32.836324
753 0.022678 32.859121
754 0.022089 32.881331
755 0.022334 32.903786
756 0.022028 32.925934
757 0.022157 32.948208
758 0.021591 32.969914
759 0.021922 32.991942
760 0.021583 33.013634
761 0.021815 33.035557
762 0.021691 33.057368
763 0.021812 33.079295
764 0.021256 33.100671
765 0.021753 33.122545
766 0.02135 33.144014
767 0.020387 33.16452
768 0.020256 33.184886
done 768 0.016534 33.201538
