# instance ../../../instances/hadoop/hadoop_extensions/us-west1.pn
# Settings: PN=../../../instances/hadoop/hadoop_extensions/us-west1.pn, VN=../../../instances/hadoop/hadoop_extensions/hadoop_4_2bw.vn, multi-thread=False
init 1.261888 1.261888
1 0.207141 1.469029
2 0.213437 1.682582
3 0.229128 1.911834
4 0.22105 2.133014
5 0.22875 2.361884
6 0.216697 2.578693
7 0.230376 2.809193
8 0.214522 3.023837
9 0.222607 3.246557
10 0.211064 3.457737
11 0.222593 3.680441
12 0.21591 3.89647
13 0.223582 4.120179
14 0.215148 4.33544
15 0.220469 4.556025
16 0.209484 4.765626
17 0.219222 4.984961
18 0.209494 5.194575
19 0.220305 5.414997
20 0.210553 5.625663
21 0.221196 5.846972
22 0.214727 6.061816
23 0.231239 6.293172
24 0.217105 6.510397
25 0.223994 6.734507
26 0.210827 6.945449
27 0.220347 7.165909
28 0.208684 7.374702
29 0.219082 7.593894
30 0.209909 7.803919
31 0.22795 8.031982
32 0.20939 8.241497
33 0.218765 8.460374
34 0.211223 8.671706
35 0.221464 8.893285
36 0.211098 9.104498
37 0.220413 9.325028
38 0.210033 9.535168
39 0.220348 9.755627
40 0.21019 9.96593
41 0.221812 10.187848
42 0.211967 10.399933
43 0.232235 10.632287
44 0.213942 10.846349
45 0.224204 11.070667
46 0.218348 11.289129
47 0.231276 11.520527
48 0.217743 11.738387
49 0.232623 11.971134
50 0.213764 12.185019
51 0.223712 12.408849
52 0.212068 12.621033
53 0.22509 12.846236
54 0.214907 13.061257
55 0.223954 13.28532
56 0.210355 13.495791
57 0.220987 13.716894
58 0.210645 13.927652
59 0.221404 14.149166
60 0.216115 14.3654
61 0.227568 14.593091
62 0.212183 14.805386
63 0.22125 15.02676
64 0.209877 15.236751
65 0.22201 15.458886
66 0.219263 15.678275
67 0.22731 15.905711
68 0.215899 16.121731
69 0.230592 16.352431
70 0.212796 16.565345
71 0.222443 16.7879
72 0.208502 16.996516
73 0.219276 17.215908
74 0.208367 17.424391
75 0.219919 17.644417
76 0.209372 17.853902
77 0.22024 18.074256
78 0.207766 18.282136
79 0.221645 18.503896
80 0.209502 18.713512
81 0.222084 18.935712
82 0.22053 19.156357
83 0.219907 19.376385
84 0.210214 19.586713
85 0.219799 19.806633
86 0.209295 20.016042
87 0.219072 20.235229
88 0.209104 20.444446
89 0.218089 20.662647
90 0.208095 20.870852
91 0.218888 21.089854
92 0.209208 21.299181
93 0.21939 21.518685
94 0.207682 21.726474
95 0.218062 21.944641
96 0.208174 22.152928
97 0.21905 22.372091
98 0.210343 22.582547
99 0.226173 22.80884
100 0.216321 23.025284
101 0.226127 23.251533
102 0.212729 23.464382
103 0.225571 23.690068
104 0.21278 23.902969
105 0.221346 24.124435
106 0.208263 24.332809
107 0.218739 24.55166
108 0.209944 24.761721
109 0.220215 24.982049
110 0.210071 25.192234
111 0.229024 25.421375
112 0.209827 25.631309
113 0.215229 25.846645
114 0.205276 26.052035
115 0.215776 26.267928
116 0.206786 26.47483
117 0.216707 26.691662
118 0.205688 26.897465
119 0.217198 27.114778
120 0.206508 27.321409
121 0.217173 27.538692
122 0.204 27.742811
123 0.216282 27.959207
124 0.219817 28.17914
125 0.220794 28.400062
126 0.216188 28.61637
127 0.223464 28.839953
128 0.211089 29.051165
129 0.220475 29.271752
130 0.208463 29.480331
131 0.215549 29.695996
132 0.20518 29.901293
133 0.216596 30.118004
134 0.205125 30.323238
135 0.214305 30.537651
136 0.204656 30.742421
137 0.214465 30.956998
138 0.204358 31.16147
139 0.216302 31.37788
140 0.206131 31.584132
141 0.215974 31.800226
142 0.206472 32.006813
143 0.227644 32.234575
144 0.204393 32.439084
145 0.216406 32.655604
146 0.204712 32.860429
147 0.21451 33.075049
148 0.204062 33.279225
149 0.213889 33.493228
150 0.203725 33.697069
151 0.214373 33.911556
152 0.203664 34.115334
153 0.21451 34.329959
154 0.202881 34.532951
155 0.212059 34.745121
156 0.204095 34.949328
157 0.21324 35.162676
158 0.202969 35.365752
159 0.213477 35.579335
160 0.203173 35.782622
161 0.213222 35.995957
162 0.203024 36.199095
163 0.220031 36.419248
164 0.210499 36.62986
165 0.219983 36.84997
166 0.21303 37.063126
167 0.218559 37.281802
168 0.209494 37.491416
169 0.221099 37.712637
170 0.20936 37.922112
171 0.211964 38.134189
172 0.203287 38.337592
173 0.213831 38.551539
174 0.204825 38.756481
175 0.215057 38.971659
176 0.205541 39.177323
177 0.221369 39.398832
178 0.208549 39.607502
179 0.212547 39.820165
180 0.201306 40.02158
181 0.20977 40.231459
182 0.200963 40.432533
183 0.211451 40.644092
184 0.20291 40.847115
185 0.213712 41.060946
186 0.201039 41.262095
187 0.218836 41.481048
188 0.213796 41.694966
189 0.218114 41.913212
190 0.203732 42.117062
191 0.210835 42.328014
192 0.201195 42.529321
193 0.208586 42.738016
194 0.200358 42.938485
195 0.209088 43.147686
196 0.200451 43.34825
197 0.208947 43.557309
198 0.200036 43.757453
199 0.212477 43.97004
200 0.202238 44.172391
201 0.21034 44.382842
202 0.211629 44.594583
203 0.209983 44.80468
204 0.200457 45.005259
205 0.210375 45.21575
206 0.198382 45.414246
207 0.209821 45.624182
208 0.200524 45.824815
209 0.210495 46.035406
210 0.198608 46.234126
211 0.215003 46.449238
212 0.206673 46.656029
213 0.216696 46.872844
214 0.208877 47.081844
215 0.212902 47.294855
216 0.202996 47.497968
217 0.21013 47.708217
218 0.201361 47.909694
219 0.212874 48.122691
220 0.202862 48.325662
221 0.209864 48.535634
222 0.196434 48.73218
223 0.208021 48.940311
224 0.197918 49.138343
225 0.208601 49.347053
226 0.210125 49.557289
227 0.208886 49.766282
228 0.198906 49.965308
229 0.208192 50.173613
230 0.207674 50.381406
231 0.214883 50.59641
232 0.200842 50.79737
233 0.210099 51.007587
234 0.196895 51.204597
235 0.207569 51.412281
236 0.196625 51.609021
237 0.207419 51.816553
238 0.196889 52.013558
239 0.208111 52.221786
240 0.196126 52.418021
241 0.208256 52.626384
242 0.203379 52.829876
243 0.207947 53.037935
244 0.197067 53.235114
245 0.207871 53.443095
246 0.198132 53.641338
247 0.206017 53.847464
248 0.19669 54.044269
249 0.20607 54.250451
250 0.197334 54.447894
251 0.207003 54.65501
252 0.197185 54.852309
253 0.207356 55.059778
254 0.205816 55.265707
255 0.214588 55.480416
256 0.200324 55.680863
257 0.213153 55.894138
258 0.200496 56.094754
259 0.205682 56.300556
260 0.19829 56.498966
261 0.209015 56.708099
262 0.206814 56.915035
263 0.209702 57.124869
264 0.199242 57.324227
265 0.20452 57.528859
266 0.195178 57.724148
267 0.204135 57.928391
268 0.194722 58.123224
269 0.205189 58.328522
270 0.19481 58.52344
271 0.21288 58.736429
272 0.195718 58.932261
273 0.204855 59.137233
274 0.194119 59.331469
275 0.202748 59.53433
276 0.195554 59.73
277 0.216194 59.946316
278 0.201092 60.147523
279 0.211802 60.359443
280 0.196611 60.556164
281 0.207696 60.763979
282 0.193632 60.957718
283 0.204716 61.162542
284 0.195548 61.358198
285 0.211949 61.570261
286 0.193609 61.763981
287 0.203642 61.967731
288 0.191569 62.159411
289 0.202735 62.362258
290 0.193421 62.555793
291 0.206159 62.762067
292 0.193506 62.955681
293 0.205497 63.161295
294 0.194333 63.355735
295 0.21291 63.568762
296 0.195293 63.764193
297 0.203981 63.968281
298 0.192943 64.161335
299 0.203556 64.364998
300 0.193634 64.558739
301 0.204273 64.763118
302 0.192387 64.95561
303 0.203829 65.15955
304 0.192874 65.352532
305 0.202745 65.55539
306 0.192445 65.747947
307 0.202264 65.950323
308 0.191504 66.141939
309 0.202253 66.344303
310 0.1926 66.537013
311 0.204172 66.741301
312 0.201893 66.94331
313 0.210938 67.154373
314 0.200619 67.355113
315 0.208249 67.563484
316 0.195303 67.758908
317 0.209542 67.968573
318 0.197069 68.165768
319 0.203046 68.368922
320 0.191124 68.560162
321 0.207219 68.767493
322 0.194432 68.962045
323 0.204656 69.166815
324 0.193189 69.360124
325 0.204618 69.564853
326 0.191261 69.756228
327 0.199104 69.955449
328 0.190308 70.145873
329 0.20003 70.346018
330 0.190454 70.536587
331 0.21363 70.750338
332 0.191087 70.941539
333 0.200925 71.142577
334 0.190612 71.333306
335 0.201588 71.53501
336 0.188484 71.723605
337 0.200118 71.923836
338 0.20229 72.126238
339 0.203935 72.330302
340 0.199888 72.53031
341 0.202843 72.733275
342 0.19392 72.927311
343 0.201085 73.128518
344 0.189054 73.317686
345 0.19819 73.515983
346 0.198065 73.714164
347 0.198566 73.912852
348 0.189779 74.102748
349 0.197837 74.300701
350 0.189348 74.49017
351 0.198694 74.688979
352 0.188691 74.877787
353 0.201248 75.079147
354 0.191501 75.270765
355 0.201143 75.472022
356 0.188946 75.661086
357 0.207399 75.868617
358 0.193594 76.062332
359 0.19918 76.261617
360 0.189593 76.451315
361 0.197684 76.649111
362 0.189105 76.838328
363 0.197341 77.03578
364 0.189586 77.225475
365 0.198556 77.424141
366 0.188655 77.612902
367 0.198386 77.811404
368 0.187908 77.999425
369 0.198261 78.197803
370 0.188171 78.386095
371 0.197656 78.58387
372 0.187712 78.771695
373 0.197027 78.968828
374 0.190672 79.15961
375 0.203435 79.363161
376 0.195361 79.558637
377 0.204669 79.763421
378 0.191754 79.955292
379 0.202758 80.158171
380 0.19291 80.3512
381 0.201278 80.552595
382 0.186733 80.739442
383 0.1978 80.937358
384 0.189501 81.126975
385 0.199995 81.32708
386 0.19006 81.517257
387 0.199791 81.717163
388 0.188873 81.906156
389 0.195968 82.102244
390 0.185267 82.287625
391 0.195675 82.483415
392 0.18575 82.669281
393 0.196222 82.865612
394 0.199681 83.065404
395 0.196582 83.262092
396 0.186458 83.448658
397 0.197883 83.646659
398 0.185912 83.83269
399 0.195547 84.028357
400 0.183218 84.211688
401 0.203637 84.415446
402 0.191904 84.607473
403 0.203122 84.810717
404 0.191544 85.002383
405 0.198212 85.200712
406 0.189305 85.390142
407 0.198894 85.589158
408 0.187085 85.776373
409 0.194474 85.970961
410 0.185213 86.156288
411 0.193396 86.349797
412 0.184114 86.534026
413 0.193112 86.727249
414 0.184435 86.911796
415 0.19421 87.106122
416 0.185584 87.291821
417 0.195061 87.486996
418 0.185958 87.673071
419 0.194943 87.868128
420 0.188153 88.056394
421 0.203373 88.25989
422 0.184396 88.444395
423 0.192658 88.637167
424 0.183512 88.820793
425 0.192146 89.013065
426 0.184338 89.197519
427 0.192425 89.39006
428 0.184176 89.574351
429 0.19337 89.767835
430 0.182936 89.950882
431 0.191388 90.142383
432 0.183892 90.32639
433 0.192276 90.518775
434 0.183073 90.701955
435 0.191982 90.894052
436 0.185047 91.079213
437 0.19165 91.270978
438 0.188072 91.459161
439 0.199835 91.659109
440 0.19023 91.849458
441 0.200884 92.050459
442 0.18803 92.238607
443 0.196797 92.435522
444 0.190178 92.625818
445 0.194692 92.820629
446 0.183365 93.004105
447 0.190532 93.194757
448 0.186192 93.381066
449 0.192619 93.573802
450 0.185112 93.759033
451 0.19339 93.952535
452 0.184579 94.13724
453 0.189886 94.327246
454 0.180997 94.508356
455 0.191769 94.700241
456 0.191118 94.891484
457 0.188627 95.080227
458 0.180424 95.260764
459 0.190658 95.451538
460 0.18038 95.632034
461 0.191574 95.823716
462 0.181854 96.005685
463 0.190787 96.196592
464 0.180652 96.377367
465 0.19061 96.568092
466 0.194282 96.762491
467 0.193782 96.956391
468 0.187818 97.144331
469 0.193671 97.338116
470 0.183588 97.521817
471 0.190653 97.712578
472 0.180179 97.892873
473 0.18926 98.082251
474 0.18081 98.263178
475 0.198149 98.461432
476 0.179711 98.641252
477 0.187648 98.829015
478 0.179251 99.008376
479 0.188292 99.196782
480 0.180219 99.37714
481 0.188132 99.565386
482 0.182397 99.747893
483 0.189162 99.937169
484 0.182057 100.11934
485 0.188847 100.308296
486 0.188788 100.497202
487 0.192677 100.690007
488 0.180283 100.870406
489 0.187811 101.058325
490 0.180485 101.238918
491 0.187219 101.42625
492 0.178992 101.605352
493 0.187516 101.792982
494 0.178838 101.971934
495 0.187973 102.160021
496 0.179057 102.339187
497 0.187318 102.526619
498 0.178343 102.705073
499 0.186957 102.892146
500 0.177771 103.070034
501 0.186755 103.256901
502 0.178886 103.4359
503 0.186921 103.622932
504 0.183571 103.806612
505 0.192282 103.999015
506 0.185656 104.184794
507 0.195016 104.379932
508 0.184656 104.56472
509 0.189998 104.754844
510 0.186575 104.941542
511 0.192009 105.133671
512 0.178857 105.312645
513 0.18562 105.498382
514 0.182332 105.680836
515 0.186086 105.86704
516 0.180635 106.047793
517 0.186989 106.234899
518 0.181523 106.416538
519 0.18687 106.603525
520 0.177256 106.7809
521 0.18395 106.964966
522 0.175731 107.140808
523 0.184576 107.325498
524 0.177684 107.503291
525 0.196387 107.699797
526 0.178377 107.878296
527 0.185299 108.063712
528 0.177926 108.241752
529 0.184872 108.426745
530 0.176745 108.603601
531 0.183726 108.787449
532 0.182691 108.970264
533 0.196207 109.166596
534 0.18093 109.347642
535 0.191344 109.539138
536 0.178795 109.718053
537 0.187573 109.905741
538 0.177251 110.083113
539 0.184033 110.267261
540 0.175263 110.442639
541 0.189565 110.632316
542 0.178172 110.81061
543 0.183544 110.994269
544 0.175718 111.170101
545 0.184124 111.354335
546 0.173679 111.528131
547 0.183475 111.711714
548 0.174607 111.886437
549 0.185623 112.072179
550 0.176858 112.249152
551 0.184913 112.43418
552 0.175841 112.610137
553 0.187492 112.797745
554 0.182286 112.980155
555 0.183672 113.163939
556 0.174083 113.338129
557 0.182464 113.520706
558 0.174582 113.695406
559 0.182919 113.878438
560 0.173485 114.052038
561 0.182171 114.234322
562 0.175188 114.409628
563 0.181132 114.590873
564 0.174566 114.765554
565 0.183022 114.948688
566 0.174702 115.123515
567 0.181267 115.304889
568 0.175113 115.480115
569 0.180269 115.660496
570 0.174635 115.83524
571 0.1824 116.017751
572 0.179015 116.196883
573 0.187908 116.384916
574 0.182302 116.56734
575 0.187813 116.755275
576 0.177662 116.933063
577 0.188459 117.121639
578 0.18023 117.301984
579 0.184737 117.486844
580 0.174391 117.661353
581 0.181512 117.842974
582 0.177707 118.020796
583 0.181852 118.202759
584 0.174869 118.37775
585 0.18386 118.561728
586 0.176955 118.738793
587 0.18201 118.920922
588 0.172043 119.093074
589 0.17928 119.27247
590 0.172224 119.444807
591 0.179001 119.623919
592 0.17209 119.796121
593 0.191634 119.987871
594 0.17351 120.161512
595 0.180945 120.342567
596 0.173171 120.515856
597 0.179474 120.69545
598 0.170232 120.865805
599 0.184717 121.050634
600 0.182345 121.233106
601 0.185452 121.418674
602 0.177031 121.59582
603 0.181134 121.777073
604 0.173694 121.950888
605 0.178756 122.129757
606 0.169412 122.299277
607 0.178318 122.47771
608 0.168924 122.646751
609 0.178002 122.824865
610 0.16972 122.994695
611 0.177579 123.172389
612 0.170512 123.343013
613 0.178323 123.521447
614 0.171217 123.692772
615 0.186798 123.879697
616 0.170493 124.050306
617 0.179007 124.229427
618 0.170449 124.399988
619 0.178692 124.578795
620 0.170105 124.749016
621 0.177312 124.926439
622 0.169237 125.095785
623 0.177881 125.273782
624 0.168797 125.442697
625 0.17726 125.620074
626 0.169079 125.789261
627 0.176862 125.966239
628 0.167695 126.134044
629 0.177716 126.311866
630 0.168214 126.480194
631 0.177383 126.65769
632 0.177076 126.834875
633 0.181184 127.016181
634 0.173169 127.189465
635 0.18508 127.374664
636 0.175804 127.550593
637 0.182745 127.733458
638 0.171876 127.905452
639 0.184815 128.090398
640 0.17361 128.264121
641 0.175255 128.439486
642 0.16997 128.60957
643 0.176869 128.786562
644 0.171345 128.958025
645 0.178515 129.136652
646 0.170733 129.307502
647 0.178414 129.486036
648 0.168651 129.654804
649 0.173665 129.828585
650 0.168229 129.996925
651 0.174394 130.171434
652 0.16708 130.338628
653 0.175211 130.513954
654 0.167592 130.681673
655 0.179367 130.861161
656 0.17571 131.036986
657 0.174524 131.211623
658 0.169131 131.380877
659 0.173582 131.554576
660 0.166155 131.720849
661 0.174241 131.895202
662 0.176079 132.071401
663 0.180747 132.252272
664 0.174716 132.427109
665 0.178804 132.606029
666 0.169404 132.77555
667 0.176166 132.951832
668 0.166452 133.118403
669 0.172377 133.290889
670 0.166443 133.45745
671 0.173427 133.630986
672 0.166285 133.797383
673 0.1729 133.970397
674 0.165724 134.136235
675 0.173447 134.309792
676 0.166029 134.475938
677 0.172235 134.648285
678 0.168252 134.81665
679 0.182404 134.999172
680 0.166354 135.165649
681 0.173961 135.339722
682 0.166639 135.506475
683 0.172757 135.67935
684 0.165471 135.844937
685 0.173234 136.0183
686 0.164601 136.183008
687 0.173605 136.356728
688 0.164333 136.521184
689 0.172578 136.693869
690 0.165294 136.859277
691 0.17134 137.030723
692 0.163666 137.194501
693 0.172553 137.367169
694 0.163338 137.530617
695 0.178558 137.709282
696 0.169936 137.879345
697 0.172237 138.051697
698 0.164718 138.216532
699 0.171918 138.388566
700 0.164156 138.55284
701 0.170738 138.723692
702 0.163183 138.886984
703 0.17287 139.059968
704 0.171847 139.23193
705 0.177191 139.409243
706 0.169928 139.579291
707 0.178835 139.758278
708 0.166447 139.924839
709 0.176432 140.101374
710 0.170211 140.271709
711 0.175503 140.447332
712 0.163968 140.611417
713 0.171928 140.783466
714 0.165059 140.948642
715 0.171936 141.120703
716 0.165451 141.286281
717 0.17233 141.458732
718 0.16494 141.623786
719 0.173353 141.797252
720 0.163682 141.961057
721 0.168366 142.129532
722 0.161432 142.291075
723 0.168623 142.459814
724 0.162403 142.622326
725 0.168238 142.790672
726 0.162786 142.953583
727 0.167647 143.121347
728 0.172891 143.294346
729 0.171844 143.466314
730 0.163067 143.629499
731 0.168949 143.798558
732 0.162168 143.960846
733 0.171025 144.131985
734 0.17084 144.302949
735 0.175487 144.47856
736 0.164565 144.643248
737 0.171317 144.814682
738 0.160616 144.975416
739 0.166562 145.14209
740 0.161421 145.303624
741 0.16753 145.471268
742 0.160969 145.632351
743 0.167477 145.799937
744 0.161296 145.961351
745 0.166239 146.127701
746 0.161151 146.288969
747 0.167718 146.456805
748 0.161066 146.617985
749 0.178161 146.796258
750 0.161285 146.957661
751 0.168657 147.126425
752 0.160562 147.287098
753 0.168135 147.455348
754 0.159791 147.615254
755 0.166963 147.782331
756 0.160604 147.943047
757 0.165365 148.108523
758 0.160721 148.26936
759 0.16608 148.435549
760 0.159897 148.59556
761 0.165811 148.761486
762 0.16019 148.921781
763 0.165499 149.087386
764 0.158288 149.24579
765 0.167381 149.413284
766 0.158141 149.571541
767 0.169611 149.741261
768 0.168962 149.910347
769 0.17022 150.080682
770 0.165018 150.245845
771 0.172151 150.418118
772 0.165919 150.584152
773 0.169781 150.754058
774 0.16783 150.922011
775 0.171711 151.093835
776 0.161811 151.255771
777 0.165806 151.421692
778 0.160491 151.582299
779 0.167175 151.74959
780 0.160666 151.910371
781 0.17001 152.080491
782 0.159926 152.240533
783 0.168538 152.409188
784 0.157288 152.566595
785 0.164393 152.731097
786 0.157115 152.888323
787 0.163593 153.052032
788 0.15715 153.209296
789 0.164954 153.374368
790 0.157764 153.532246
791 0.164377 153.696733
792 0.170038 153.866917
793 0.166264 154.0333
794 0.159 154.192415
795 0.16501 154.357545
796 0.156418 154.514076
797 0.163368 154.677565
798 0.161553 154.839236
799 0.176034 155.015393
800 0.162401 155.177914
801 0.171434 155.34947
802 0.158835 155.508419
803 0.165033 155.673567
804 0.160515 155.834199
805 0.16253 155.996844
806 0.15668 156.15364
807 0.162267 156.316022
808 0.157319 156.473458
809 0.162578 156.636152
810 0.156393 156.792663
811 0.162323 156.955101
812 0.156065 157.111284
813 0.162025 157.273423
814 0.156522 157.430059
815 0.162968 157.593134
816 0.160398 157.753653
817 0.168808 157.922583
818 0.157084 158.079776
819 0.16348 158.243372
820 0.1561 158.399589
821 0.162279 158.561982
822 0.156007 158.718098
823 0.161401 158.879608
824 0.155579 159.035303
825 0.162059 159.197474
826 0.155851 159.353438
827 0.160235 159.513789
828 0.155012 159.668915
829 0.161003 159.830016
830 0.155576 159.985701
831 0.161157 160.146974
832 0.154198 160.301284
833 0.161668 160.463068
834 0.157948 160.621122
835 0.169912 160.791152
836 0.15479 160.946058
837 0.160547 161.106719
838 0.1547 161.261534
839 0.161145 161.422787
840 0.154211 161.577105
841 0.163037 161.740254
842 0.158086 161.898457
843 0.16781 162.066393
844 0.163999 162.230511
845 0.16629 162.396922
846 0.162518 162.559561
847 0.167134 162.726811
848 0.157588 162.884524
849 0.170373 163.055016
850 0.161061 163.216197
851 0.166199 163.382519
852 0.154514 163.537152
853 0.162556 163.699822
854 0.157955 163.857897
855 0.162401 164.020407
856 0.157061 164.17758
857 0.163867 164.341572
858 0.157248 164.498936
859 0.163598 164.662653
860 0.156755 164.819518
861 0.159953 164.979579
862 0.154017 165.133711
863 0.161512 165.295332
864 0.154086 165.449534
865 0.160183 165.609828
866 0.155818 165.765761
867 0.161164 165.927033
868 0.157575 166.084718
869 0.169934 166.254799
870 0.155905 166.410819
871 0.160694 166.571636
872 0.154237 166.72599
873 0.159542 166.885644
874 0.15251 167.038275
875 0.161746 167.200144
876 0.163 167.363265
877 0.166315 167.529703
878 0.161416 167.691239
879 0.164967 167.85635
880 0.155494 168.011959
881 0.162171 168.174247
882 0.1546 168.328965
883 0.159191 168.488264
884 0.152645 168.641024
885 0.159071 168.800207
886 0.153543 168.953865
887 0.15767 169.111648
888 0.152351 169.264115
889 0.158839 169.423061
890 0.152447 169.575615
891 0.157825 169.733553
892 0.152962 169.886624
893 0.159073 170.045809
894 0.154387 170.200307
895 0.159595 170.360016
896 0.156624 170.516751
897 0.166599 170.683498
898 0.152457 170.83607
899 0.159269 170.99545
900 0.153462 171.149027
901 0.158993 171.308132
902 0.151117 171.459364
903 0.158689 171.618159
904 0.15165 171.769916
905 0.157874 171.927899
906 0.151892 172.079899
907 0.157505 172.237525
908 0.152074 172.389718
909 0.157462 172.547292
910 0.151348 172.698752
911 0.157854 172.85672
912 0.151654 173.008497
913 0.15748 173.166093
914 0.150958 173.317162
915 0.155767 173.473039
916 0.151332 173.624486
917 0.156077 173.780669
918 0.151593 173.932386
919 0.156939 174.089436
920 0.154695 174.244247
921 0.160818 174.405189
922 0.158349 174.563661
923 0.162368 174.726145
924 0.157436 174.883705
925 0.160796 175.044622
926 0.155534 175.200274
927 0.163323 175.363721
928 0.15559 175.519427
929 0.158192 175.677735
930 0.150896 175.82875
931 0.156342 175.985211
932 0.154223 176.139552
933 0.156772 176.296437
934 0.151928 176.448485
935 0.158091 176.606691
936 0.153939 176.760746
937 0.164444 176.92532
938 0.15249 177.077925
939 0.157163 177.235211
940 0.149185 177.384508
941 0.154006 177.538631
942 0.148587 177.687334
943 0.154891 177.842339
944 0.148722 177.991173
945 0.155273 178.146561
946 0.149398 178.296073
947 0.155074 178.451261
948 0.149866 178.601248
949 0.156141 178.757509
950 0.147602 178.905227
951 0.155456 179.060803
952 0.158908 179.219829
953 0.158694 179.378643
954 0.154907 179.533672
955 0.158694 179.692488
956 0.152763 179.845369
957 0.15753 180.00302
958 0.15064 180.153778
959 0.152881 180.306778
960 0.146424 180.453316
961 0.152893 180.606322
962 0.147668 180.754107
963 0.153112 180.907332
964 0.147635 181.055083
965 0.152803 181.207998
966 0.147773 181.355888
967 0.152823 181.508826
968 0.147324 181.656267
969 0.152762 181.809145
970 0.148331 181.957592
971 0.154156 182.111855
972 0.148109 182.260083
973 0.153416 182.413609
974 0.156139 182.56988
975 0.152523 182.722528
976 0.145706 182.868344
977 0.15204 183.020491
978 0.145825 183.166423
979 0.151685 183.318219
980 0.14627 183.464596
981 0.151393 183.616099
982 0.145061 183.761273
983 0.151162 183.912543
984 0.145668 184.058326
985 0.151669 184.210103
986 0.146206 184.356425
987 0.151642 184.508182
988 0.145399 184.653697
989 0.151141 184.804951
990 0.144554 184.949622
991 0.150733 185.100464
992 0.148858 185.249444
993 0.157491 185.407056
994 0.149866 185.557047
995 0.158337 185.715504
996 0.148313 185.863942
997 0.153969 186.018027
998 0.148739 186.166885
999 0.154184 186.32119
1000 0.145099 186.4664
1001 0.150171 186.616683
1002 0.146344 186.763154
1003 0.151149 186.914413
1004 0.14624 187.060777
1005 0.152654 187.213552
1006 0.144964 187.358636
1007 0.152636 187.511383
1008 0.153796 187.665299
1009 0.153469 187.818894
1010 0.143094 187.9621
1011 0.148905 188.111113
1012 0.143079 188.254313
1013 0.148371 188.402795
1014 0.143357 188.546269
1015 0.14964 188.696019
1016 0.143678 188.839814
1017 0.149064 188.988993
1018 0.144158 189.133268
1019 0.149587 189.282974
1020 0.142427 189.42552
1021 0.147534 189.573167
1022 0.144102 189.717385
1023 0.160399 189.877904
1024 0.145174 190.0232
1025 0.155746 190.179061
1026 0.145479 190.324659
1027 0.15708 190.481848
1028 0.144546 190.626514
1029 0.14987 190.776498
1030 0.141941 190.918555
1031 0.14772 191.066384
1032 0.141782 191.208277
1033 0.146885 191.355278
1034 0.14086 191.496253
1035 0.14767 191.644039
1036 0.14168 191.785828
1037 0.147046 191.932985
1038 0.140224 192.073321
1039 0.147413 192.220847
1040 0.141157 192.362115
1041 0.147463 192.509687
1042 0.142428 192.652234
1043 0.146909 192.79926
1044 0.142863 192.942246
1045 0.15063 193.092994
1046 0.149459 193.242578
1047 0.146859 193.389551
1048 0.141157 193.530827
1049 0.145943 193.676902
1050 0.142078 193.819093
1051 0.145756 193.964959
1052 0.14011 194.105178
1053 0.146111 194.251405
1054 0.14046 194.391981
1055 0.145345 194.53744
1056 0.141006 194.67856
1057 0.145888 194.824562
1058 0.140523 194.965195
1059 0.145041 195.110345
1060 0.140373 195.250834
1061 0.146191 195.397138
1062 0.140798 195.538052
1063 0.144713 195.682879
1064 0.14363 195.826625
1065 0.151418 195.978167
1066 0.145616 196.123905
1067 0.151769 196.275793
1068 0.143889 196.419804
1069 0.14778 196.567697
1070 0.147225 196.715046
1071 0.150138 196.865316
1072 0.14086 197.006303
1073 0.144377 197.1508
1074 0.140958 197.291875
1075 0.144649 197.436642
1076 0.141613 197.578371
1077 0.146091 197.724585
1078 0.14094 197.86564
1079 0.147275 198.013024
1080 0.142056 198.155208
1081 0.143727 198.299058
1082 0.138031 198.437206
1083 0.145773 198.583083
1084 0.148608 198.731816
1085 0.142693 198.874623
1086 0.137532 199.012267
1087 0.143764 199.156148
1088 0.138639 199.294904
1089 0.142972 199.43799
1090 0.138585 199.576689
1091 0.143873 199.720683
1092 0.138398 199.859208
1093 0.143237 200.002556
1094 0.1376 200.140277
1095 0.145125 200.285517
1096 0.148067 200.433703
1097 0.146261 200.580084
1098 0.1453 200.725507
1099 0.146593 200.872214
1100 0.139558 201.011887
1101 0.145549 201.157558
1102 0.137978 201.295649
1103 0.142019 201.437782
1104 0.136477 201.57437
1105 0.141983 201.716466
1106 0.136596 201.853178
1107 0.141643 201.994933
1108 0.142411 202.137458
1109 0.14577 202.283348
1110 0.1363 202.419766
1111 0.141582 202.561455
1112 0.136584 202.698148
1113 0.142457 202.840721
1114 0.136859 202.977704
1115 0.143426 203.121242
1116 0.137885 203.259236
1117 0.1433 203.402648
1118 0.137642 203.540409
1119 0.14187 203.68239
1120 0.137481 203.819986
1121 0.152131 203.97222
1122 0.136472 204.108819
1123 0.14124 204.250177
1124 0.136268 204.386558
1125 0.141675 204.528348
1126 0.135952 204.66441
1127 0.142082 204.806598
1128 0.135711 204.942428
1129 0.140677 205.08321
1130 0.135069 205.21839
1131 0.140688 205.359184
1132 0.135628 205.494919
1133 0.140927 205.63596
1134 0.134903 205.770974
1135 0.140289 205.91137
1136 0.136109 206.047594
1137 0.140346 206.188053
1138 0.135448 206.323615
1139 0.144501 206.46823
1140 0.141623 206.609975
1141 0.146307 206.756401
1142 0.143423 206.899948
1143 0.143585 207.043659
1144 0.138249 207.182031
1145 0.145858 207.328012
1146 0.139663 207.4678
1147 0.139967 207.607887
1148 0.134501 207.742508
1149 0.141753 207.884377
1150 0.13475 208.019253
1151 0.139704 208.159068
1152 0.136213 208.295395
1153 0.142984 208.438499
1154 0.137104 208.575726
1155 0.140626 208.716478
1156 0.135379 208.851982
1157 0.137168 208.989264
1158 0.133488 209.122868
1159 0.138067 209.261044
1160 0.132446 209.393599
1161 0.137559 209.531271
1162 0.132062 209.663445
1163 0.13945 209.803004
1164 0.142757 209.945875
1165 0.14064 210.086638
1166 0.133921 210.220676
1167 0.13899 210.359782
1168 0.134694 210.494592
1169 0.139096 210.633809
1170 0.133912 210.767839
1171 0.137159 210.905113
1172 0.131689 211.036925
1173 0.142073 211.179115
1174 0.143262 211.322501
1175 0.140539 211.463155
1176 0.139399 211.60267
1177 0.140988 211.74378
1178 0.134867 211.878748
1179 0.146267 212.025137
1180 0.134731 212.15998
1181 0.140158 212.300247
1182 0.133018 212.433386
1183 0.136895 212.570393
1184 0.131394 212.7019
1185 0.136702 212.838717
1186 0.130761 212.969593
1187 0.13625 213.105954
1188 0.131843 213.237914
1189 0.136562 213.374587
1190 0.131381 213.506083
1191 0.136956 213.643154
1192 0.13134 213.774613
1193 0.135676 213.910408
1194 0.13027 214.040794
1195 0.137975 214.178885
1196 0.132034 214.311038
1197 0.137627 214.448783
1198 0.132269 214.581177
1199 0.136874 214.718166
1200 0.139475 214.85775
1201 0.140812 214.998682
1202 0.131953 215.130751
1203 0.136458 215.26732
1204 0.131592 215.399022
1205 0.135455 215.534592
1206 0.131711 215.666414
1207 0.134831 215.801355
1208 0.131555 215.933026
1209 0.135457 216.068595
1210 0.130097 216.198803
1211 0.134695 216.333615
1212 0.130586 216.464306
1213 0.134392 216.598807
1214 0.131405 216.730329
1215 0.134667 216.86513
1216 0.130221 216.99546
1217 0.134292 217.129865
1218 0.12965 217.259623
1219 0.134727 217.394457
1220 0.130502 217.525075
1221 0.134201 217.659386
1222 0.129339 217.788834
1223 0.134559 217.923503
1224 0.129652 218.053265
1225 0.135191 218.188571
1226 0.133114 218.321808
1227 0.138543 218.460467
1228 0.13518 218.59576
1229 0.139609 218.735493
1230 0.136429 218.872048
1231 0.13758 219.009755
1232 0.131253 219.141134
1233 0.139344 219.280598
1234 0.134846 219.415568
1235 0.138594 219.554284
1236 0.13331 219.687718
1237 0.133401 219.821235
1238 0.129475 219.950819
1239 0.132846 220.083779
1240 0.131497 220.215395
1241 0.133098 220.348612
1242 0.130446 220.479179
1243 0.134673 220.613974
1244 0.12885 220.742946
1245 0.136327 220.879387
1246 0.130728 221.010234
1247 0.143118 221.153478
1248 0.130843 221.284448
1249 0.132028 221.41659
1250 0.12715 221.543856
1251 0.132039 221.676008
1252 0.127319 221.803441
1253 0.131906 221.935461
1254 0.12727 222.062843
1255 0.132766 222.195718
1256 0.12764 222.323474
1257 0.131673 222.455255
1258 0.127121 222.58249
1259 0.132537 222.715141
1260 0.128004 222.843268
1261 0.131267 222.974652
1262 0.127232 223.102002
1263 0.130985 223.233106
1264 0.125842 223.35906
1265 0.137176 223.49635
1266 0.136623 223.633094
1267 0.132957 223.766171
1268 0.132095 223.898387
1269 0.136472 224.034986
1270 0.128218 224.163333
1271 0.140179 224.303628
1272 0.128852 224.432596
1273 0.133336 224.566044
1274 0.127209 224.693369
1275 0.131275 224.824757
1276 0.126146 224.95102
1277 0.130581 225.08171
1278 0.126198 225.208023
1279 0.130366 225.338504
1280 0.126783 225.4654
1281 0.130377 225.595883
1282 0.126249 225.722248
1283 0.129932 225.852288
1284 0.126524 225.978928
1285 0.12937 226.108412
1286 0.126235 226.234762
1287 0.12982 226.364693
1288 0.127599 226.492407
1289 0.130819 226.623342
1290 0.127324 226.750775
1291 0.13095 226.881842
1292 0.127332 227.009289
1293 0.139909 227.149322
1294 0.127487 227.276925
1295 0.128948 227.405988
1296 0.126414 227.532519
1297 0.129384 227.662
1298 0.125683 227.78779
1299 0.128397 227.916295
1300 0.125671 228.042082
1301 0.128298 228.170491
1302 0.125461 228.296063
1303 0.128474 228.424651
1304 0.125298 228.550058
1305 0.128602 228.678772
1306 0.125343 228.804228
1307 0.129127 228.93347
1308 0.124958 229.058538
1309 0.127563 229.186209
1310 0.125454 229.311782
1311 0.128025 229.439927
1312 0.124875 229.564915
1313 0.128474 229.693497
1314 0.124615 229.818226
1315 0.127939 229.94627
1316 0.12467 230.07105
1317 0.128096 230.199256
1318 0.124576 230.323946
1319 0.128023 230.452072
1320 0.125987 230.578174
1321 0.133072 230.711366
1322 0.130774 230.842267
1323 0.132759 230.975148
1324 0.129423 231.104694
1325 0.134042 231.238876
1326 0.128214 231.36721
1327 0.127938 231.495262
1328 0.131003 231.626388
1329 0.132087 231.758598
1330 0.127619 231.886333
1331 0.131688 232.018143
1332 0.123583 232.14184
1333 0.127303 232.269257
1334 0.12332 232.392689
1335 0.130498 232.523312
1336 0.122694 232.646117
1337 0.129474 232.775706
1338 0.12357 232.899401
1339 0.130151 233.029674
1340 0.125071 233.154856
1341 0.133573 233.288548
1342 0.131651 233.420326
1343 0.128689 233.549126
1344 0.122734 233.671977
1345 0.126093 233.798182
1346 0.122065 233.920365
1347 0.125927 234.046403
1348 0.12183 234.168331
1349 0.125785 234.294226
1350 0.121332 234.415674
1351 0.127474 234.54327
1352 0.121756 234.665138
1353 0.125957 234.791203
1354 0.121814 234.913134
1355 0.126894 235.040145
1356 0.122116 235.162384
1357 0.126636 235.289133
1358 0.121527 235.410777
1359 0.124939 235.53583
1360 0.120375 235.65632
1361 0.130169 235.786607
1362 0.130342 235.917074
1363 0.126847 236.04404
1364 0.126215 236.170369
1365 0.131748 236.302238
1366 0.124438 236.426797
1367 0.13481 236.561718
1368 0.122389 236.684216
1369 0.127538 236.811869
1370 0.12296 236.934946
1371 0.125158 237.060221
1372 0.120286 237.18062
1373 0.124456 237.305192
1374 0.120652 237.425961
1375 0.124338 237.550408
1376 0.119957 237.67048
1377 0.124553 237.795146
1378 0.119933 237.915195
1379 0.124038 238.039351
1380 0.119385 238.158852
1381 0.123924 238.282908
1382 0.119328 238.402351
1383 0.124358 238.526824
1384 0.119529 238.646462
1385 0.12577 238.772342
1386 0.120405 238.892862
1387 0.124511 239.017488
1388 0.126586 239.144187
1389 0.128927 239.27324
1390 0.120653 239.394007
1391 0.124254 239.518378
1392 0.119941 239.638433
1393 0.124267 239.762817
1394 0.119766 239.882689
1395 0.123578 240.006383
1396 0.119185 240.125683
1397 0.123202 240.248994
1398 0.119297 240.368405
1399 0.123285 240.4918
1400 0.118847 240.610761
1401 0.123025 240.733902
1402 0.118802 240.852819
1403 0.122678 240.975612
1404 0.118509 241.094236
1405 0.122884 241.217233
1406 0.118469 241.335814
1407 0.122085 241.458009
1408 0.118662 241.57678
1409 0.122359 241.699258
1410 0.118123 241.817495
1411 0.12249 241.940094
1412 0.11815 242.058358
1413 0.122326 242.180792
1414 0.117705 242.298612
1415 0.12221 242.420938
1416 0.118892 242.539939
1417 0.122061 242.66211
1418 0.118592 242.780808
1419 0.124815 242.905745
1420 0.122266 243.028134
1421 0.128221 243.156476
1422 0.123394 243.279991
1423 0.128647 243.408761
1424 0.123012 243.531914
1425 0.125379 243.657413
1426 0.118682 243.776208
1427 0.129175 243.905506
1428 0.121775 244.027408
1429 0.125494 244.153026
1430 0.120931 244.274079
1431 0.121218 244.395413
1432 0.117282 244.512814
1433 0.121291 244.634225
1434 0.121912 244.756261
1435 0.119779 244.876158
1436 0.119566 244.995843
1437 0.122806 245.118772
1438 0.121279 245.240162
1439 0.129607 245.369894
1440 0.118624 245.48864
1441 0.123277 245.612031
1442 0.117804 245.729957
1443 0.122741 245.852815
1444 0.115886 245.968817
1445 0.118905 246.087832
1446 0.115856 246.2038
1447 0.119747 246.323664
1448 0.116218 246.43999
1449 0.119425 246.559524
1450 0.115138 246.67477
1451 0.12042 246.795302
1452 0.116372 246.911788
1453 0.119149 247.031051
1454 0.116407 247.147567
1455 0.12778 247.275455
1456 0.120147 247.395728
1457 0.119365 247.515215
1458 0.11704 247.632376
1459 0.119148 247.751639
1460 0.115478 247.867233
1461 0.118425 247.98577
1462 0.114923 248.100811
1463 0.120587 248.221518
1464 0.118387 248.340017
1465 0.129082 248.469221
1466 0.119107 248.588455
1467 0.126295 248.714872
1468 0.118662 248.833659
1469 0.118855 248.952627
1470 0.117128 249.06987
1471 0.120336 249.190321
1472 0.116634 249.307074
1473 0.117794 249.424989
1474 0.114502 249.539602
1475 0.118325 249.658041
1476 0.114134 249.772284
1477 0.117984 249.890382
1478 0.114159 250.00466
1479 0.11772 250.122493
1480 0.113997 250.236597
1481 0.117326 250.354034
1482 0.114127 250.468277
1483 0.117386 250.585774
1484 0.113779 250.699666
1485 0.117727 250.817509
1486 0.112836 250.930455
1487 0.11735 251.047914
1488 0.115269 251.163304
1489 0.118216 251.28163
1490 0.114339 251.396082
1491 0.118433 251.514635
1492 0.114434 251.629186
1493 0.119362 251.74866
1494 0.121793 251.8706
1495 0.117892 251.988612
1496 0.113631 252.102358
1497 0.117771 252.220246
1498 0.113355 252.333708
1499 0.116957 252.450772
1500 0.112813 252.563702
1501 0.115458 252.679267
1502 0.112309 252.791687
1503 0.116843 252.908645
1504 0.112562 253.021322
1505 0.116274 253.137703
1506 0.112656 253.250475
1507 0.116415 253.367003
1508 0.111958 253.479069
1509 0.115654 253.594835
1510 0.112444 253.707394
1511 0.11588 253.823387
1512 0.112024 253.935517
1513 0.115891 254.051517
1514 0.112043 254.163672
1515 0.115841 254.279619
1516 0.112668 254.392401
1517 0.115294 254.50781
1518 0.111839 254.619763
1519 0.116146 254.736017
1520 0.111578 254.847708
1521 0.115821 254.963641
1522 0.111272 255.075025
1523 0.116698 255.191843
1524 0.115885 255.307852
1525 0.119645 255.427621
1526 0.117375 255.545117
1527 0.120127 255.665366
1528 0.116887 255.782374
1529 0.120392 255.90289
1530 0.114935 256.017948
1531 0.115477 256.133538
1532 0.117308 256.250963
1533 0.120797 256.371884
1534 0.115455 256.487462
1535 0.11909 256.606671
1536 0.111891 256.718684
1537 0.115122 256.833915
1538 0.11115 256.94518
1539 0.114787 257.060081
1540 0.113513 257.173703
1541 0.114696 257.288514
1542 0.111594 257.400227
1543 0.115789 257.516143
1544 0.113617 257.629878
1545 0.115743 257.745732
1546 0.112214 257.858082
1547 0.117078 257.975268
1548 0.118744 258.094138
1549 0.116188 258.21045
1550 0.109873 258.320443
1551 0.113128 258.433678
1552 0.109695 258.543484
1553 0.113411 258.657007
1554 0.109211 258.766333
1555 0.11289 258.87933
1556 0.108833 258.988276
1557 0.11277 259.10116
1558 0.110818 259.212092
1559 0.113395 259.325601
1560 0.109309 259.435018
1561 0.113607 259.548737
1562 0.110101 259.658965
1563 0.113182 259.772257
1564 0.109439 259.881811
1565 0.112182 259.994106
1566 0.109684 260.103909
1567 0.117946 260.221983
1568 0.117169 260.339273
1569 0.114795 260.454186
1570 0.115638 260.569944
1571 0.115966 260.686033
1572 0.109847 260.795994
1573 0.114858 260.910967
1574 0.110636 261.021722
1575 0.113398 261.13523
1576 0.10796 261.2433
1577 0.110577 261.353988
1578 0.107343 261.461444
1579 0.111057 261.572608
1580 0.107956 261.680678
1581 0.111111 261.791908
1582 0.10799 261.900014
1583 0.111407 262.011536
1584 0.107816 262.119462
1585 0.11086 262.230431
1586 0.107209 262.337749
1587 0.112525 262.450383
1588 0.115527 262.566034
1589 0.111201 262.677343
1590 0.107732 262.785189
1591 0.110503 262.895806
1592 0.108315 263.004238
1593 0.111505 263.11586
1594 0.108613 263.224588
1595 0.111733 263.336427
1596 0.10849 263.445032
1597 0.111126 263.556269
1598 0.108423 263.664808
1599 0.11053 263.775445
1600 0.107643 263.883201
1601 0.109833 263.99315
1602 0.106598 264.099865
1603 0.109978 264.209957
1604 0.107275 264.317348
1605 0.117159 264.434618
1606 0.112379 264.547119
1607 0.10962 264.656852
1608 0.106396 264.763361
1609 0.109153 264.872621
1610 0.106774 264.979505
1611 0.109848 265.089463
1612 0.10662 265.196198
1613 0.10989 265.306202
1614 0.107177 265.4135
1615 0.109294 265.522912
1616 0.106494 265.629513
1617 0.10931 265.738933
1618 0.106081 265.845128
1619 0.109716 265.954955
1620 0.106404 266.061477
1621 0.108972 266.170556
1622 0.106012 266.276677
1623 0.113238 266.390044
1624 0.11121 266.501377
1625 0.113841 266.615339
1626 0.110907 266.726368
1627 0.113499 266.83999
1628 0.109326 266.949436
1629 0.109172 267.058727
1630 0.111164 267.170008
1631 0.111639 267.281775
1632 0.109159 267.391057
1633 0.11064 267.501826
1634 0.105849 267.607794
1635 0.108787 267.716702
1636 0.107009 267.823836
1637 0.107749 267.931699
1638 0.105894 268.037705
1639 0.120545 268.158361
1640 0.117381 268.275858
1641 0.119077 268.395057
1642 0.117097 268.512269
1643 0.12005 268.632437
1644 0.117529 268.75008
1645 0.117628 268.867822
1646 0.114409 268.982339
1647 0.117701 269.100154
1648 0.115102 269.215372
1649 0.116768 269.332258
1650 0.114156 269.446526
1651 0.117295 269.563932
1652 0.114695 269.678735
1653 0.116781 269.795628
1654 0.118641 269.914385
1655 0.124863 270.039373
1656 0.11433 270.153819
1657 0.117995 270.271928
1658 0.115049 270.387096
1659 0.11717 270.504384
1660 0.113583 270.618095
1661 0.115785 270.734003
1662 0.115691 270.84981
1663 0.122815 270.972743
1664 0.120174 271.093061
1665 0.120835 271.214018
1666 0.117309 271.331451
1667 0.117924 271.449497
1668 0.114434 271.564049
1669 0.118057 271.682218
1670 0.114554 271.79689
1671 0.11602 271.913025
1672 0.11267 272.025816
1673 0.115659 272.141585
1674 0.112806 272.254503
1675 0.115334 272.369948
1676 0.112753 272.482813
1677 0.114977 272.597904
1678 0.112712 272.710731
1679 0.115361 272.826209
1680 0.111883 272.9382
1681 0.113623 273.051933
1682 0.110639 273.162688
1683 0.1154 273.278197
1684 0.111772 273.390084
1685 0.114672 273.504871
1686 0.112051 273.617042
1687 0.115183 273.73234
1688 0.118801 273.851254
1689 0.117407 273.968782
1690 0.112601 274.081506
1691 0.11351 274.195132
1692 0.111617 274.306865
1693 0.113791 274.420773
1694 0.111303 274.532196
1695 0.113853 274.64616
1696 0.110383 274.756655
1697 0.113204 274.869973
1698 0.110644 274.980728
1699 0.113318 275.094165
1700 0.110907 275.205187
1701 0.113834 275.319136
1702 0.110167 275.429413
1703 0.113612 275.543135
1704 0.110368 275.653615
1705 0.113113 275.766848
1706 0.110899 275.877861
1707 0.112468 275.990441
1708 0.110318 276.100874
1709 0.112544 276.213531
1710 0.110041 276.323689
1711 0.113021 276.43684
1712 0.109992 276.546943
1713 0.112237 276.659292
1714 0.110497 276.769896
1715 0.116118 276.886132
1716 0.114728 277.000984
1717 0.115936 277.117041
1718 0.11441 277.23157
1719 0.1169 277.348592
1720 0.111775 277.460487
1721 0.113428 277.574028
1722 0.1144 277.688551
1723 0.115453 277.80413
1724 0.112078 277.916331
1725 0.110998 278.027449
1726 0.108606 278.136158
1727 0.111319 278.247593
1728 0.110894 278.358604
1729 0.111157 278.46987
1730 0.109634 278.579618
1731 0.111785 278.691526
1732 0.112627 278.804274
1733 0.119077 278.923474
1734 0.109556 279.033145
1735 0.112267 279.145524
1736 0.109978 279.255619
1737 0.112329 279.368064
1738 0.107513 279.475677
1739 0.10943 279.585219
1740 0.107081 279.692412
1741 0.110062 279.802588
1742 0.10725 279.909951
1743 0.109856 280.019923
1744 0.106824 280.126856
1745 0.109664 280.236627
1746 0.107634 280.344373
1747 0.109617 280.454099
1748 0.106691 280.560903
1749 0.109753 280.670762
1750 0.111907 280.782782
1751 0.117009 280.899918
1752 0.107538 281.007576
1753 0.109837 281.117533
1754 0.106954 281.224597
1755 0.109536 281.334245
1756 0.105348 281.439706
1757 0.10815 281.547968
1758 0.106159 281.654241
1759 0.110085 281.764449
1760 0.112781 281.87734
1761 0.116253 281.993715
1762 0.107776 282.101614
1763 0.11436 282.216096
1764 0.108616 282.324832
1765 0.109343 282.434283
1766 0.107055 282.541451
1767 0.11007 282.651636
1768 0.106596 282.758351
1769 0.108143 282.866604
1770 0.104452 282.971165
1771 0.107177 283.078453
1772 0.104431 283.182997
1773 0.106962 283.290072
1774 0.104928 283.395114
1775 0.107168 283.502397
1776 0.105153 283.607665
1777 0.106156 283.713936
1778 0.104026 283.818078
1779 0.107329 283.925515
1780 0.104289 284.029911
1781 0.106829 284.136849
1782 0.103851 284.240809
1783 0.105912 284.34683
1784 0.103998 284.45094
1785 0.106384 284.557437
1786 0.104371 284.661915
1787 0.107167 284.769188
1788 0.104762 284.874061
1789 0.113551 284.987727
1790 0.107637 285.09549
1791 0.106722 285.202327
1792 0.103328 285.305772
1793 0.105984 285.411873
1794 0.104022 285.516011
1795 0.106218 285.622346
1796 0.103595 285.726049
1797 0.105369 285.831526
1798 0.103116 285.93475
1799 0.104789 286.039652
1800 0.102553 286.142317
1801 0.105294 286.247722
1802 0.102295 286.350129
1803 0.105006 286.455246
1804 0.102149 286.557507
1805 0.104986 286.662602
1806 0.102912 286.765621
1807 0.104777 286.870507
1808 0.1023 286.972918
1809 0.104555 287.077584
1810 0.101565 287.179262
1811 0.104224 287.283599
1812 0.101069 287.38478
1813 0.10418 287.489081
1814 0.101287 287.590481
1815 0.104254 287.694848
1816 0.102793 287.797754
1817 0.104102 287.90197
1818 0.101755 288.00384
1819 0.103859 288.107814
1820 0.101787 288.209716
1821 0.103408 288.313239
1822 0.101297 288.414652
1823 0.103535 288.518303
1824 0.101557 288.619967
1825 0.105394 288.725474
1826 0.105167 288.830766
1827 0.10736 288.938245
1828 0.1043 289.042666
1829 0.106888 289.149682
1830 0.106431 289.256232
1831 0.106745 289.363102
1832 0.104522 289.467744
1833 0.103584 289.571452
1834 0.102505 289.674077
1835 0.10916 289.783361
1836 0.102843 289.88633
1837 0.106372 289.992823
1838 0.103667 290.096612
1839 0.102321 290.199054
1840 0.100865 290.300037
1841 0.10219 290.402344
1842 0.100557 290.503019
1843 0.105261 290.608398
1844 0.09971 290.708226
1845 0.103007 290.811352
1846 0.100747 290.912222
1847 0.102769 291.015113
1848 0.104476 291.11971
1849 0.109974 291.229811
1850 0.102464 291.332402
1851 0.102508 291.435019
1852 0.100435 291.535569
1853 0.102115 291.637798
1854 0.100082 291.737995
1855 0.100439 291.838543
1856 0.098311 291.936964
1857 0.100323 292.037396
1858 0.09845 292.135958
1859 0.105692 292.241758
1860 0.103686 292.345553
1861 0.105826 292.451488
1862 0.10314 292.554741
1863 0.106565 292.661417
1864 0.103407 292.76493
1865 0.105891 292.870929
1866 0.103136 292.97418
1867 0.105957 293.080247
1868 0.103424 293.18379
1869 0.105078 293.28899
1870 0.103441 293.392547
1871 0.105509 293.498177
1872 0.102664 293.600961
1873 0.10466 293.705739
1874 0.103903 293.80976
1875 0.113303 293.923185
1876 0.109813 294.033117
1877 0.105037 294.138289
1878 0.107799 294.246207
1879 0.112851 294.359179
1880 0.105443 294.464739
1881 0.110026 294.574903
1882 0.105455 294.68048
1883 0.104972 294.785571
1884 0.103357 294.889047
1885 0.104702 294.993866
1886 0.103206 295.097191
1887 0.105026 295.202335
1888 0.101828 295.30428
1889 0.103128 295.407521
1890 0.100964 295.5086
1891 0.103498 295.612213
1892 0.100666 295.712994
1893 0.102898 295.816007
1894 0.099725 295.915847
1895 0.102665 296.018628
1896 0.100031 296.118769
1897 0.102263 296.22114
1898 0.10076 296.322007
1899 0.102513 296.42463
1900 0.099758 296.524498
1901 0.102103 296.626707
1902 0.100468 296.727282
1903 0.102152 296.829543
1904 0.100702 296.930356
1905 0.102669 297.03314
1906 0.100116 297.133367
1907 0.102194 297.235673
1908 0.100228 297.336015
1909 0.102484 297.438613
1910 0.100511 297.53924
1911 0.102 297.641352
1912 0.100514 297.74198
1913 0.109049 297.851148
1914 0.102347 297.953616
1915 0.101003 298.054734
1916 0.098489 298.153337
1917 0.10093 298.254382
1918 0.099023 298.353513
1919 0.100397 298.454024
1920 0.099053 298.55319
1921 0.100074 298.653376
1922 0.098582 298.752073
1923 0.100068 298.852254
1924 0.097661 298.950028
1925 0.100087 299.050228
1926 0.09803 299.148371
1927 0.099579 299.248061
1928 0.098486 299.34666
1929 0.099421 299.446192
1930 0.098313 299.544619
1931 0.099373 299.644103
1932 0.097555 299.741768
1933 0.099275 299.841153
1934 0.097791 299.939054
1935 0.099427 300.038582
1936 0.097784 300.136477
1937 0.099159 300.235743
1938 0.097488 300.333341
1939 0.099134 300.432584
1940 0.095998 300.528689
1941 0.098626 300.62743
1942 0.09694 300.724478
1943 0.098061 300.822651
1944 0.096521 300.919279
1945 0.098807 301.018193
1946 0.097999 301.116305
1947 0.102326 301.218753
1948 0.101246 301.320113
1949 0.103414 301.42364
1950 0.100535 301.524295
1951 0.101794 301.626211
1952 0.100906 301.727242
1953 0.101605 301.828966
1954 0.099285 301.928371
1955 0.097134 302.025621
1956 0.100481 302.12622
1957 0.107365 302.233707
1958 0.101642 302.335476
1959 0.103444 302.439045
1960 0.102971 302.542141
1961 0.101179 302.643432
1962 0.098522 302.742069
1963 0.100249 302.842432
1964 0.09867 302.941217
1965 0.103372 303.044704
1966 0.098354 303.14318
1967 0.101016 303.244311
1968 0.099678 303.344109
1969 0.100473 303.444706
1970 0.100429 303.545258
1971 0.100323 303.645695
1972 0.099171 303.744984
1973 0.100526 303.845629
1974 0.098926 303.944674
1975 0.098973 304.04377
1976 0.097277 304.141158
1977 0.097889 304.239161
1978 0.097255 304.336527
1979 0.098211 304.434847
1980 0.095939 304.530895
1981 0.097833 304.628836
1982 0.096146 304.72509
1983 0.097568 304.822766
1984 0.104964 304.927845
1985 0.10432 305.032288
1986 0.096906 305.129315
1987 0.098245 305.227669
1988 0.095973 305.323753
1989 0.096892 305.420752
1990 0.09617 305.517037
1991 0.097768 305.614925
1992 0.095926 305.710978
1993 0.097434 305.808531
1994 0.096508 305.905159
1995 0.096137 306.001414
1996 0.095086 306.09662
1997 0.096677 306.193415
1998 0.097258 306.29079
1999 0.101268 306.392178
2000 0.102415 306.494722
2001 0.099173 306.594019
2002 0.099892 306.694036
2003 0.104335 306.798499
2004 0.098885 306.897508
2005 0.099697 306.997324
2006 0.097691 307.095135
2007 0.098715 307.193969
2008 0.097946 307.292033
2009 0.098942 307.391093
2010 0.096236 307.487449
2011 0.096382 307.583944
2012 0.095375 307.679431
2013 0.096532 307.776073
2014 0.095454 307.871619
2015 0.095855 307.967584
2016 0.094458 308.062151
2017 0.098701 308.160962
2018 0.096905 308.257977
2019 0.099348 308.357435
2020 0.097013 308.454558
2021 0.098415 308.553087
2022 0.097223 308.650423
2023 0.100293 308.750829
2024 0.104043 308.854996
2025 0.098818 308.953935
2026 0.09757 309.05162
2027 0.097909 309.14964
2028 0.097118 309.246869
2029 0.098732 309.345714
2030 0.097426 309.443255
2031 0.098723 309.542091
2032 0.096763 309.638969
2033 0.098377 309.737461
2034 0.097133 309.834712
2035 0.097713 309.932538
2036 0.096035 310.028675
2037 0.097232 310.126026
2038 0.095328 310.221463
2039 0.098113 310.319685
2040 0.103405 310.423209
2041 0.099055 310.522385
2042 0.094215 310.616729
2043 0.096295 310.713149
2044 0.093874 310.807138
2045 0.09654 310.903791
2046 0.094665 310.998571
2047 0.095588 311.094274
2048 0.094761 311.18915
2049 0.095893 311.285152
2050 0.094655 311.37992
2051 0.094988 311.47502
2052 0.093754 311.568883
2053 0.095152 311.664144
2054 0.093489 311.75774
2055 0.095163 311.853015
2056 0.093135 311.946269
2057 0.094934 312.041315
2058 0.093559 312.134984
2059 0.094141 312.229234
2060 0.093399 312.322742
2061 0.094192 312.417041
2062 0.093091 312.510244
2063 0.093944 312.604302
2064 0.092753 312.697175
2065 0.093914 312.791204
2066 0.091606 312.882923
2067 0.092943 312.975978
2068 0.092083 313.068172
2069 0.093355 313.161637
2070 0.091948 313.253694
2071 0.093096 313.3469
2072 0.092545 313.439555
2073 0.094964 313.534637
2074 0.094601 313.629359
2075 0.097475 313.726954
2076 0.094871 313.821951
2077 0.09569 313.917757
2078 0.096653 314.014524
2079 0.097134 314.11178
2080 0.093766 314.205668
2081 0.094977 314.30077
2082 0.091636 314.392537
2083 0.0967 314.489357
2084 0.096115 314.585594
2085 0.092808 314.678514
2086 0.093017 314.771642
2087 0.093468 314.865232
2088 0.090256 314.955601
2089 0.091476 315.047192
2090 0.089866 315.137174
2091 0.09137 315.228657
2092 0.089587 315.318355
2093 0.092572 315.411035
2094 0.09008 315.501229
2095 0.091238 315.592585
2096 0.090243 315.682951
2097 0.091034 315.774108
2098 0.091785 315.866008
2099 0.090347 315.956467
2100 0.090382 316.046967
2101 0.092276 316.13936
2102 0.089743 316.22922
2103 0.089687 316.319019
2104 0.088139 316.407267
2105 0.088626 316.496007
2106 0.08728 316.583402
2107 0.089096 316.672608
2108 0.087728 316.760447
2109 0.088694 316.84925
2110 0.087245 316.936604
2111 0.087926 317.024642
2112 0.087267 317.112022
2113 0.089253 317.20139
2114 0.087637 317.28914
2115 0.088943 317.378196
2116 0.095494 317.473816
2117 0.091935 317.565877
2118 0.087086 317.653072
2119 0.087345 317.740531
2120 0.086336 317.826977
2121 0.08767 317.914763
2122 0.085936 318.000819
2123 0.087249 318.088187
2124 0.085984 318.174291
2125 0.087229 318.261633
2126 0.084523 318.346269
2127 0.08622 318.432602
2128 0.084356 318.51707
2129 0.086526 318.603713
2130 0.086072 318.689911
2131 0.094089 318.784125
2132 0.091689 318.87594
2133 0.086747 318.962809
2134 0.08613 319.04905
2135 0.090849 319.140019
2136 0.085483 319.225624
2137 0.088314 319.314056
2138 0.084013 319.398184
2139 0.085976 319.484277
2140 0.083863 319.568259
2141 0.085667 319.654041
2142 0.083797 319.737955
2143 0.084777 319.822848
2144 0.082568 319.905525
2145 0.083776 319.989415
2146 0.082711 320.072242
2147 0.083615 320.155966
2148 0.081848 320.237929
2149 0.083024 320.321062
2150 0.08218 320.40335
2151 0.083546 320.48701
2152 0.081357 320.568482
2153 0.082062 320.650651
2154 0.081769 320.732533
2155 0.081999 320.814641
2156 0.080869 320.895627
2157 0.082017 320.977758
2158 0.081295 321.059167
2159 0.081639 321.140914
2160 0.080405 321.221431
2161 0.081795 321.303334
2162 0.080254 321.383703
2163 0.081491 321.465307
2164 0.08278 321.548196
2165 0.087509 321.635826
2166 0.081711 321.717659
2167 0.080735 321.798504
2168 0.080649 321.879269
2169 0.081485 321.960868
2170 0.080145 322.041123
2171 0.081305 322.122545
2172 0.079948 322.202604
2173 0.081418 322.284138
2174 0.079846 322.364096
2175 0.080522 322.444726
2176 0.07996 322.524809
2177 0.080492 322.605408
2178 0.07988 322.685406
2179 0.078896 322.764417
2180 0.079192 322.843715
2181 0.087369 322.931204
2182 0.083451 323.014776
2183 0.079454 323.094352
2184 0.078725 323.173193
2185 0.079323 323.252626
2186 0.078415 323.331155
2187 0.078492 323.409755
2188 0.077126 323.486995
2189 0.078971 323.56608
2190 0.077771 323.643957
2191 0.078515 323.722583
2192 0.077735 323.800424
2193 0.078571 323.879105
2194 0.076859 323.956074
2195 0.077531 324.033715
2196 0.077052 324.110874
2197 0.076997 324.187985
2198 0.07737 324.265465
2199 0.076571 324.342143
2200 0.076664 324.418916
2201 0.0767 324.495722
2202 0.076278 324.572111
2203 0.076126 324.648347
2204 0.075152 324.723609
2205 0.076627 324.800344
2206 0.075484 324.875942
2207 0.076744 324.952823
2208 0.075266 325.0282
2209 0.07631 325.104617
2210 0.074607 325.179334
2211 0.075601 325.255049
2212 0.075989 325.331154
2213 0.075121 325.406382
2214 0.075402 325.4819
2215 0.075303 325.557316
2216 0.074792 325.632215
2217 0.075555 325.707877
2218 0.075598 325.783591
2219 0.075256 325.858969
2220 0.078292 325.937377
2221 0.078498 326.015996
2222 0.078197 326.094316
2223 0.078593 326.173038
2224 0.077258 326.250418
2225 0.077782 326.32832
2226 0.078267 326.406709
2227 0.079355 326.486187
2228 0.07693 326.563242
2229 0.076952 326.640309
2230 0.074517 326.714952
2231 0.074901 326.789974
2232 0.076716 326.866811
2233 0.079265 326.946197
2234 0.074869 327.021186
2235 0.07637 327.097671
2236 0.073929 327.171721
2237 0.076321 327.248168
2238 0.073655 327.321948
2239 0.07322 327.395276
2240 0.072586 327.467978
2241 0.073475 327.541566
2242 0.072674 327.614356
2243 0.073245 327.687719
2244 0.075796 327.763633
2245 0.071856 327.835582
2246 0.072187 327.907882
2247 0.073393 327.981389
2248 0.072282 328.053794
2249 0.07292 328.126834
2250 0.072065 328.199007
2251 0.07532 328.274444
2252 0.07194 328.346503
2253 0.074972 328.421587
2254 0.072623 328.494319
2255 0.073326 328.567761
2256 0.07232 328.640197
2257 0.072163 328.712474
2258 0.071 328.783592
2259 0.071113 328.854819
2260 0.070838 328.925772
2261 0.070903 328.99678
2262 0.070163 329.067064
2263 0.071155 329.138327
2264 0.070101 329.208539
2265 0.070903 329.279554
2266 0.070283 329.34995
2267 0.070845 329.420904
2268 0.0697 329.490711
2269 0.070354 329.561177
2270 0.070443 329.631728
2271 0.069531 329.701368
2272 0.070093 329.771576
2273 0.070501 329.842186
2274 0.075251 329.917548
2275 0.076765 329.99443
2276 0.071974 330.066529
2277 0.069946 330.136584
2278 0.069776 330.206472
2279 0.070068 330.276657
2280 0.069398 330.346167
2281 0.069983 330.41627
2282 0.069249 330.48564
2283 0.070254 330.556012
2284 0.069056 330.625185
2285 0.069742 330.695039
2286 0.068846 330.764004
2287 0.069632 330.833749
2288 0.068321 330.902183
2289 0.069346 330.971645
2290 0.068269 331.040026
2291 0.068754 331.108894
2292 0.068062 331.177074
2293 0.069008 331.246198
2294 0.069683 331.315997
2295 0.073026 331.389143
2296 0.075225 331.46449
2297 0.074871 331.539484
2298 0.068768 331.60837
2299 0.068573 331.67706
2300 0.069247 331.746432
2301 0.072651 331.819201
2302 0.07172 331.891033
2303 0.06875 331.959912
2304 0.071723 332.03175
2305 0.068199 332.100061
2306 0.067836 332.168016
2307 0.068889 332.237024
2308 0.067964 332.305106
2309 0.0689 332.374124
2310 0.067858 332.442099
2311 0.068285 332.510501
2312 0.068235 332.578855
2313 0.06706 332.646037
2314 0.066427 332.712573
2315 0.066792 332.779479
2316 0.066379 332.84597
2317 0.06682 332.912898
2318 0.065529 332.978541
2319 0.06642 333.045075
2320 0.066505 333.111691
2321 0.066825 333.178632
2322 0.066079 333.244823
2323 0.070296 333.315228
2324 0.072873 333.388227
2325 0.068308 333.456657
2326 0.065715 333.522486
2327 0.066397 333.588989
2328 0.06567 333.654776
2329 0.066125 333.721014
2330 0.065814 333.786935
2331 0.066067 333.853116
2332 0.065279 333.918505
2333 0.065673 333.984287
2334 0.065717 334.050117
2335 0.065552 334.115778
2336 0.065389 334.181281
2337 0.065907 334.2473
2338 0.065426 334.312836
2339 0.065862 334.378812
2340 0.064963 334.44389
2341 0.065686 334.509687
2342 0.066191 334.575993
2343 0.065728 334.641835
2344 0.06561 334.707561
2345 0.066047 334.773725
2346 0.065476 334.839318
2347 0.066007 334.905439
2348 0.065403 334.970957
2349 0.065698 335.036773
2350 0.065349 335.102248
2351 0.065922 335.168285
2352 0.06479 335.233189
2353 0.064751 335.298053
2354 0.065125 335.363297
2355 0.065054 335.428459
2356 0.064787 335.493359
2357 0.070007 335.56348
2358 0.070911 335.634517
2359 0.068291 335.702928
2360 0.064864 335.767916
2361 0.064654 335.832682
2362 0.064667 335.897474
2363 0.064536 335.962124
2364 0.064442 336.026672
2365 0.064407 336.091189
2366 0.064207 336.15551
2367 0.064126 336.219746
2368 0.063926 336.283779
2369 0.06383 336.347723
2370 0.06373 336.411565
2371 0.063988 336.475666
2372 0.063168 336.538948
2373 0.06372 336.6028
2374 0.063728 336.666642
2375 0.063881 336.730631
2376 0.063142 336.793883
2377 0.063622 336.857617
2378 0.062985 336.92071
2379 0.063461 336.984287
2380 0.062994 337.047395
2381 0.063192 337.110696
2382 0.06255 337.17336
2383 0.063532 337.237005
2384 0.062863 337.299987
2385 0.063496 337.363599
2386 0.06287 337.426577
2387 0.063081 337.489767
2388 0.06272 337.552601
2389 0.062604 337.615319
2390 0.062401 337.677835
2391 0.062614 337.740563
2392 0.062381 337.803057
2393 0.063262 337.866435
2394 0.062661 337.929206
2395 0.062962 337.992279
2396 0.061608 338.054003
2397 0.061825 338.11594
2398 0.061498 338.177554
2399 0.060145 338.237814
2400 0.059573 338.297499
done 2400 0.049379 338.346989
