[runlim] version:		1.7
[runlim] time limit:		3600 seconds
[runlim] real time limit:	311040000 seconds
[runlim] space limit:		80000 MB
[runlim] argv[0]:		python3.6
[runlim] argv[1]:		./netsolver-gurobi-servermin.py
[runlim] argv[2]:		../../../instances/hadoop/hadoop_extensions/us-mid1.pn
[runlim] argv[3]:		../../../instances/hadoop/hadoop_extensions/hadoop_15_2bw.vn
[runlim] argv[4]:		True
[runlim] argv[5]:		False
[runlim] argv[6]:		timelogs/servermin/results.servermin.us-mid1.pn.hadoop_15_2bw.vn.log
[runlim] start:			Sun Sep 22 03:53:26 2019
[runlim] main pid:		31182
Academic license - for non-commercial use only
[runlim] sample:		10.0 seconds, 100.3 MB
[runlim] sample:		20.0 seconds, 114.3 MB
[runlim] sample:		30.0 seconds, 106.4 MB
[runlim] sample:		40.0 seconds, 113.4 MB
[runlim] sample:		50.0 seconds, 108.6 MB
[runlim] sample:		60.0 seconds, 117.3 MB
[runlim] sample:		70.0 seconds, 151.4 MB
[runlim] sample:		80.0 seconds, 150.7 MB
[runlim] sample:		90.0 seconds, 151.2 MB
[runlim] sample:		100.0 seconds, 154.5 MB
[runlim] sample:		110.0 seconds, 154.8 MB
[runlim] sample:		120.0 seconds, 153.9 MB
[runlim] sample:		130.0 seconds, 156.6 MB
[runlim] sample:		140.0 seconds, 137.1 MB
[runlim] sample:		150.0 seconds, 137.1 MB
[runlim] sample:		160.0 seconds, 139.6 MB
[runlim] sample:		170.0 seconds, 139.6 MB
[runlim] sample:		180.0 seconds, 155.0 MB
[runlim] sample:		190.0 seconds, 155.2 MB
[runlim] sample:		200.0 seconds, 156.9 MB
[runlim] sample:		210.0 seconds, 139.1 MB
[runlim] sample:		220.0 seconds, 139.1 MB
[runlim] sample:		230.0 seconds, 139.1 MB
[runlim] sample:		240.0 seconds, 141.4 MB
[runlim] sample:		250.0 seconds, 141.4 MB
[runlim] sample:		260.0 seconds, 151.7 MB
[runlim] sample:		270.0 seconds, 162.9 MB
[runlim] sample:		280.0 seconds, 96.6 MB
[runlim] sample:		290.0 seconds, 114.3 MB
[runlim] sample:		300.0 seconds, 120.0 MB
[runlim] sample:		310.0 seconds, 120.1 MB
[runlim] sample:		320.0 seconds, 117.3 MB
[runlim] sample:		330.0 seconds, 119.0 MB
[runlim] sample:		340.0 seconds, 117.7 MB
[runlim] sample:		350.0 seconds, 117.2 MB
[runlim] sample:		360.0 seconds, 154.9 MB
[runlim] sample:		370.0 seconds, 148.4 MB
[runlim] sample:		380.0 seconds, 151.1 MB
[runlim] sample:		390.0 seconds, 152.1 MB
[runlim] sample:		400.0 seconds, 153.9 MB
[runlim] sample:		410.0 seconds, 156.2 MB
[runlim] sample:		420.0 seconds, 158.6 MB
[runlim] sample:		430.0 seconds, 149.2 MB
[runlim] sample:		440.0 seconds, 155.4 MB
[runlim] sample:		450.0 seconds, 156.7 MB
[runlim] sample:		460.0 seconds, 140.4 MB
[runlim] sample:		470.0 seconds, 140.4 MB
[runlim] sample:		480.0 seconds, 140.4 MB
[runlim] sample:		490.0 seconds, 140.4 MB
[runlim] sample:		500.0 seconds, 140.4 MB
[runlim] sample:		510.0 seconds, 141.4 MB
[runlim] sample:		520.0 seconds, 151.9 MB
[runlim] sample:		530.0 seconds, 121.3 MB
[runlim] sample:		540.0 seconds, 121.3 MB
[runlim] sample:		550.0 seconds, 123.9 MB
[runlim] sample:		560.0 seconds, 123.9 MB
[runlim] sample:		570.0 seconds, 124.1 MB
[runlim] sample:		580.0 seconds, 124.1 MB
[runlim] sample:		590.0 seconds, 124.4 MB
[runlim] sample:		600.0 seconds, 124.6 MB
[runlim] sample:		610.0 seconds, 128.4 MB
[runlim] sample:		620.0 seconds, 150.7 MB
[runlim] sample:		630.0 seconds, 149.1 MB
[runlim] sample:		640.0 seconds, 149.1 MB
[runlim] sample:		650.0 seconds, 149.1 MB
[runlim] sample:		660.0 seconds, 149.4 MB
[runlim] sample:		670.0 seconds, 150.1 MB
[runlim] sample:		680.0 seconds, 150.4 MB
[runlim] sample:		690.0 seconds, 156.2 MB
[runlim] sample:		700.0 seconds, 147.8 MB
[runlim] sample:		710.0 seconds, 147.8 MB
[runlim] sample:		720.0 seconds, 150.7 MB
[runlim] sample:		730.0 seconds, 114.9 MB
[runlim] sample:		740.0 seconds, 121.6 MB
[runlim] sample:		750.0 seconds, 120.6 MB
[runlim] sample:		760.0 seconds, 139.6 MB
[runlim] sample:		770.0 seconds, 148.7 MB
[runlim] sample:		780.0 seconds, 150.0 MB
[runlim] sample:		790.0 seconds, 154.7 MB
[runlim] sample:		800.0 seconds, 154.5 MB
[runlim] sample:		810.0 seconds, 154.8 MB
[runlim] sample:		820.0 seconds, 162.5 MB
[runlim] sample:		830.0 seconds, 162.7 MB
[runlim] sample:		840.0 seconds, 157.3 MB
[runlim] sample:		850.0 seconds, 163.0 MB
[runlim] sample:		860.0 seconds, 161.7 MB
[runlim] sample:		870.0 seconds, 164.2 MB
[runlim] sample:		880.0 seconds, 167.3 MB
[runlim] sample:		890.0 seconds, 160.7 MB
[runlim] sample:		900.0 seconds, 164.9 MB
[runlim] sample:		910.0 seconds, 163.8 MB
[runlim] sample:		920.0 seconds, 162.3 MB
[runlim] sample:		930.0 seconds, 167.4 MB
[runlim] sample:		940.0 seconds, 169.9 MB
[runlim] sample:		950.0 seconds, 172.4 MB
[runlim] sample:		960.0 seconds, 172.4 MB
[runlim] sample:		970.0 seconds, 169.1 MB
[runlim] sample:		980.0 seconds, 171.1 MB
[runlim] sample:		990.0 seconds, 157.9 MB
[runlim] sample:		1000.0 seconds, 157.9 MB
[runlim] sample:		1010.0 seconds, 157.9 MB
[runlim] sample:		1020.0 seconds, 157.9 MB
[runlim] sample:		1030.0 seconds, 162.5 MB
[runlim] sample:		1040.0 seconds, 158.2 MB
[runlim] sample:		1050.0 seconds, 161.3 MB
[runlim] sample:		1060.0 seconds, 166.9 MB
[runlim] sample:		1070.0 seconds, 160.0 MB
[runlim] sample:		1080.0 seconds, 164.1 MB
[runlim] sample:		1090.0 seconds, 162.0 MB
[runlim] sample:		1100.0 seconds, 164.6 MB
[runlim] sample:		1110.0 seconds, 164.8 MB
[runlim] sample:		1120.0 seconds, 164.8 MB
[runlim] sample:		1130.0 seconds, 158.3 MB
[runlim] sample:		1140.0 seconds, 164.0 MB
[runlim] sample:		1150.0 seconds, 167.1 MB
[runlim] sample:		1160.0 seconds, 166.3 MB
[runlim] sample:		1170.0 seconds, 161.7 MB
[runlim] sample:		1180.0 seconds, 155.0 MB
[runlim] sample:		1190.0 seconds, 155.0 MB
[runlim] sample:		1200.0 seconds, 155.0 MB
[runlim] sample:		1210.0 seconds, 155.0 MB
[runlim] sample:		1220.0 seconds, 155.0 MB
[runlim] sample:		1230.0 seconds, 155.0 MB
[runlim] sample:		1240.0 seconds, 155.0 MB
[runlim] sample:		1250.0 seconds, 155.0 MB
[runlim] sample:		1260.0 seconds, 155.0 MB
[runlim] sample:		1270.0 seconds, 155.0 MB
[runlim] sample:		1280.0 seconds, 155.2 MB
[runlim] sample:		1290.0 seconds, 160.7 MB
[runlim] sample:		1300.0 seconds, 162.7 MB
[runlim] sample:		1310.0 seconds, 148.1 MB
[runlim] sample:		1320.0 seconds, 149.2 MB
[runlim] sample:		1330.0 seconds, 129.3 MB
[runlim] sample:		1340.0 seconds, 129.3 MB
[runlim] sample:		1350.0 seconds, 129.3 MB
[runlim] sample:		1360.0 seconds, 129.3 MB
[runlim] sample:		1370.0 seconds, 129.3 MB
[runlim] sample:		1380.0 seconds, 129.3 MB
[runlim] sample:		1390.0 seconds, 129.3 MB
[runlim] sample:		1400.0 seconds, 129.3 MB
[runlim] sample:		1410.0 seconds, 133.7 MB
[runlim] sample:		1420.0 seconds, 134.0 MB
[runlim] sample:		1430.0 seconds, 154.0 MB
[runlim] sample:		1440.0 seconds, 157.3 MB
[runlim] sample:		1450.0 seconds, 115.9 MB
[runlim] sample:		1460.0 seconds, 120.5 MB
[runlim] sample:		1470.0 seconds, 122.8 MB
[runlim] sample:		1480.0 seconds, 121.9 MB
[runlim] sample:		1490.0 seconds, 123.5 MB
[runlim] sample:		1500.0 seconds, 150.7 MB
[runlim] sample:		1510.0 seconds, 117.2 MB
[runlim] sample:		1520.0 seconds, 148.0 MB
[runlim] sample:		1530.0 seconds, 115.6 MB
[runlim] sample:		1540.0 seconds, 120.5 MB
[runlim] sample:		1550.0 seconds, 108.1 MB
[runlim] sample:		1560.0 seconds, 119.6 MB
[runlim] sample:		1570.0 seconds, 126.5 MB
[runlim] sample:		1580.0 seconds, 138.8 MB
[runlim] sample:		1590.0 seconds, 140.6 MB
[runlim] sample:		1600.0 seconds, 142.1 MB
[runlim] sample:		1610.0 seconds, 156.8 MB
[runlim] sample:		1620.0 seconds, 142.8 MB
[runlim] sample:		1630.0 seconds, 142.8 MB
[runlim] sample:		1640.0 seconds, 142.8 MB
[runlim] sample:		1650.0 seconds, 146.6 MB
[runlim] sample:		1660.0 seconds, 134.2 MB
[runlim] sample:		1670.0 seconds, 134.2 MB
[runlim] sample:		1680.0 seconds, 148.0 MB
[runlim] sample:		1690.0 seconds, 111.9 MB
[runlim] sample:		1700.0 seconds, 119.0 MB
[runlim] sample:		1710.0 seconds, 119.5 MB
[runlim] sample:		1720.0 seconds, 120.0 MB
[runlim] sample:		1730.0 seconds, 118.2 MB
[runlim] sample:		1740.0 seconds, 125.3 MB
[runlim] sample:		1750.0 seconds, 106.6 MB
[runlim] sample:		1760.0 seconds, 113.8 MB
[runlim] sample:		1770.0 seconds, 118.7 MB
[runlim] sample:		1780.0 seconds, 127.1 MB
[runlim] sample:		1790.0 seconds, 127.1 MB
[runlim] sample:		1800.0 seconds, 127.1 MB
[runlim] sample:		1810.0 seconds, 127.1 MB
[runlim] sample:		1820.0 seconds, 114.5 MB
[runlim] sample:		1830.0 seconds, 119.6 MB
[runlim] sample:		1840.0 seconds, 126.2 MB
[runlim] sample:		1850.0 seconds, 130.5 MB
[runlim] sample:		1860.0 seconds, 147.2 MB
[runlim] sample:		1870.0 seconds, 124.1 MB
[runlim] sample:		1880.0 seconds, 124.1 MB
[runlim] sample:		1890.0 seconds, 124.1 MB
[runlim] sample:		1900.0 seconds, 128.5 MB
[runlim] sample:		1910.0 seconds, 128.5 MB
[runlim] sample:		1920.0 seconds, 109.7 MB
[runlim] sample:		1930.0 seconds, 112.8 MB
[runlim] sample:		1940.0 seconds, 115.1 MB
[runlim] sample:		1950.0 seconds, 117.4 MB
[runlim] sample:		1960.0 seconds, 121.8 MB
[runlim] sample:		1970.0 seconds, 125.5 MB
[runlim] sample:		1980.0 seconds, 129.9 MB
[runlim] sample:		1990.0 seconds, 146.1 MB
[runlim] sample:		2000.0 seconds, 129.4 MB
[runlim] sample:		2010.0 seconds, 129.7 MB
[runlim] sample:		2020.0 seconds, 130.2 MB
[runlim] sample:		2030.0 seconds, 132.0 MB
[runlim] sample:		2040.0 seconds, 132.0 MB
[runlim] sample:		2050.0 seconds, 111.2 MB
[runlim] sample:		2060.0 seconds, 112.2 MB
[runlim] sample:		2070.0 seconds, 147.1 MB
[runlim] sample:		2080.0 seconds, 120.2 MB
[runlim] sample:		2090.0 seconds, 117.0 MB
[runlim] sample:		2100.0 seconds, 118.3 MB
[runlim] sample:		2110.0 seconds, 118.3 MB
[runlim] sample:		2120.0 seconds, 116.1 MB
[runlim] sample:		2130.0 seconds, 121.5 MB
[runlim] sample:		2140.0 seconds, 121.4 MB
[runlim] sample:		2150.0 seconds, 116.7 MB
[runlim] sample:		2160.0 seconds, 119.6 MB
[runlim] sample:		2170.0 seconds, 144.2 MB
[runlim] sample:		2180.0 seconds, 144.5 MB
[runlim] sample:		2190.0 seconds, 144.5 MB
[runlim] sample:		2200.0 seconds, 150.1 MB
[runlim] sample:		2210.0 seconds, 154.0 MB
[runlim] sample:		2220.0 seconds, 147.5 MB
[runlim] sample:		2230.0 seconds, 137.9 MB
[runlim] sample:		2240.0 seconds, 137.9 MB
[runlim] sample:		2250.0 seconds, 137.9 MB
[runlim] sample:		2260.0 seconds, 126.0 MB
[runlim] sample:		2270.0 seconds, 128.1 MB
[runlim] sample:		2280.0 seconds, 148.4 MB
[runlim] sample:		2290.0 seconds, 153.3 MB
[runlim] sample:		2300.0 seconds, 136.0 MB
[runlim] sample:		2310.0 seconds, 137.3 MB
[runlim] sample:		2320.0 seconds, 137.3 MB
[runlim] sample:		2330.0 seconds, 137.3 MB
[runlim] sample:		2340.0 seconds, 137.3 MB
[runlim] sample:		2350.0 seconds, 142.2 MB
[runlim] sample:		2360.0 seconds, 142.2 MB
[runlim] sample:		2370.0 seconds, 142.2 MB
[runlim] sample:		2380.0 seconds, 126.9 MB
[runlim] sample:		2390.0 seconds, 126.9 MB
[runlim] sample:		2400.0 seconds, 126.9 MB
[runlim] sample:		2410.0 seconds, 126.9 MB
[runlim] sample:		2420.0 seconds, 127.4 MB
[runlim] sample:		2430.0 seconds, 142.9 MB
[runlim] sample:		2440.0 seconds, 112.3 MB
[runlim] sample:		2450.0 seconds, 115.1 MB
[runlim] sample:		2460.0 seconds, 143.1 MB
[runlim] sample:		2470.0 seconds, 114.1 MB
[runlim] sample:		2480.0 seconds, 122.2 MB
[runlim] sample:		2490.0 seconds, 103.2 MB
[runlim] sample:		2500.0 seconds, 113.8 MB
[runlim] sample:		2510.0 seconds, 124.9 MB
[runlim] sample:		2520.0 seconds, 127.2 MB
[runlim] sample:		2530.0 seconds, 125.1 MB
[runlim] sample:		2540.0 seconds, 126.4 MB
[runlim] sample:		2550.0 seconds, 122.8 MB
[runlim] sample:		2560.0 seconds, 122.8 MB
[runlim] sample:		2570.0 seconds, 122.8 MB
[runlim] sample:		2580.0 seconds, 99.6 MB
[runlim] sample:		2590.0 seconds, 109.8 MB
[runlim] sample:		2600.0 seconds, 113.7 MB
[runlim] sample:		2610.0 seconds, 114.7 MB
[runlim] sample:		2620.0 seconds, 114.9 MB
[runlim] sample:		2630.0 seconds, 140.6 MB
[runlim] sample:		2640.0 seconds, 140.6 MB
[runlim] sample:		2650.0 seconds, 123.8 MB
[runlim] sample:		2660.0 seconds, 125.8 MB
[runlim] sample:		2670.0 seconds, 149.0 MB
[runlim] sample:		2680.0 seconds, 146.3 MB
[runlim] sample:		2690.0 seconds, 150.4 MB
[runlim] sample:		2700.0 seconds, 156.8 MB
[runlim] sample:		2710.0 seconds, 159.4 MB
[runlim] sample:		2720.0 seconds, 128.3 MB
[runlim] sample:		2730.0 seconds, 128.3 MB
[runlim] sample:		2740.0 seconds, 128.3 MB
[runlim] sample:		2750.0 seconds, 138.8 MB
[runlim] sample:		2760.0 seconds, 111.8 MB
[runlim] sample:		2770.0 seconds, 140.9 MB
[runlim] sample:		2780.0 seconds, 151.3 MB
[runlim] sample:		2790.0 seconds, 157.0 MB
[runlim] sample:		2800.0 seconds, 142.6 MB
[runlim] sample:		2810.0 seconds, 146.7 MB
[runlim] sample:		2820.0 seconds, 147.7 MB
[runlim] sample:		2830.0 seconds, 142.8 MB
[runlim] sample:		2840.0 seconds, 131.0 MB
[runlim] sample:		2850.0 seconds, 131.0 MB
[runlim] sample:		2860.0 seconds, 135.9 MB
[runlim] sample:		2870.0 seconds, 135.9 MB
[runlim] sample:		2880.0 seconds, 147.8 MB
[runlim] sample:		2890.0 seconds, 150.0 MB
[runlim] sample:		2900.0 seconds, 154.1 MB
[runlim] sample:		2910.0 seconds, 155.2 MB
[runlim] sample:		2920.0 seconds, 157.0 MB
[runlim] sample:		2930.0 seconds, 162.6 MB
[runlim] sample:		2940.0 seconds, 107.6 MB
[runlim] sample:		2950.0 seconds, 129.9 MB
[runlim] sample:		2960.0 seconds, 117.9 MB
[runlim] sample:		2970.0 seconds, 111.2 MB
[runlim] sample:		2980.0 seconds, 105.3 MB
[runlim] sample:		2990.0 seconds, 126.1 MB
[runlim] sample:		3000.0 seconds, 129.7 MB
[runlim] sample:		3010.0 seconds, 130.2 MB
[runlim] sample:		3020.0 seconds, 134.1 MB
[runlim] sample:		3030.0 seconds, 134.1 MB
[runlim] sample:		3040.0 seconds, 116.2 MB
[runlim] sample:		3050.0 seconds, 116.2 MB
[runlim] sample:		3060.0 seconds, 123.4 MB
[runlim] sample:		3070.0 seconds, 136.1 MB
[runlim] sample:		3080.0 seconds, 136.1 MB
[runlim] sample:		3090.0 seconds, 137.1 MB
[runlim] sample:		3100.0 seconds, 137.1 MB
[runlim] sample:		3110.0 seconds, 120.3 MB
[runlim] sample:		3120.0 seconds, 108.3 MB
[runlim] sample:		3130.0 seconds, 117.6 MB
[runlim] sample:		3140.0 seconds, 111.9 MB
[runlim] sample:		3150.0 seconds, 115.5 MB
[runlim] sample:		3160.0 seconds, 105.7 MB
[runlim] sample:		3170.0 seconds, 112.3 MB
[runlim] sample:		3180.0 seconds, 110.9 MB
[runlim] sample:		3190.0 seconds, 116.6 MB
[runlim] sample:		3200.0 seconds, 132.3 MB
[runlim] sample:		3210.0 seconds, 132.3 MB
[runlim] sample:		3220.0 seconds, 133.1 MB
[runlim] sample:		3230.0 seconds, 133.1 MB
[runlim] sample:		3240.0 seconds, 133.1 MB
[runlim] sample:		3250.0 seconds, 109.1 MB
[runlim] sample:		3260.0 seconds, 115.7 MB
[runlim] sample:		3270.0 seconds, 113.5 MB
[runlim] sample:		3280.0 seconds, 113.5 MB
[runlim] sample:		3290.0 seconds, 115.8 MB
[runlim] sample:		3300.0 seconds, 134.6 MB
[runlim] sample:		3310.0 seconds, 134.9 MB
[runlim] sample:		3320.0 seconds, 134.9 MB
[runlim] sample:		3329.9 seconds, 134.9 MB
[runlim] sample:		3340.0 seconds, 115.1 MB
[runlim] sample:		3349.9 seconds, 119.4 MB
[runlim] sample:		3360.0 seconds, 123.8 MB
[runlim] sample:		3370.0 seconds, 127.7 MB
[runlim] sample:		3379.9 seconds, 114.4 MB
[runlim] sample:		3390.0 seconds, 102.0 MB
[runlim] sample:		3399.9 seconds, 110.5 MB
[runlim] sample:		3410.0 seconds, 101.5 MB
[runlim] sample:		3420.0 seconds, 110.5 MB
[runlim] sample:		3429.9 seconds, 131.9 MB
[runlim] sample:		3439.9 seconds, 113.8 MB
[runlim] sample:		3449.9 seconds, 115.1 MB
[runlim] sample:		3459.9 seconds, 127.8 MB
[runlim] sample:		3470.0 seconds, 128.0 MB
[runlim] sample:		3480.0 seconds, 103.0 MB
[runlim] sample:		3490.0 seconds, 103.3 MB
[runlim] sample:		3499.9 seconds, 122.9 MB
[runlim] sample:		3510.0 seconds, 114.1 MB
[runlim] sample:		3519.9 seconds, 125.2 MB
[runlim] sample:		3529.9 seconds, 126.0 MB
[runlim] sample:		3539.9 seconds, 126.0 MB
[runlim] sample:		3549.9 seconds, 126.2 MB
[runlim] sample:		3559.9 seconds, 126.2 MB
[runlim] sample:		3570.0 seconds, 126.2 MB
[runlim] sample:		3580.0 seconds, 134.2 MB
[runlim] sample:		3589.9 seconds, 137.1 MB
[runlim] sample:		3600.0 seconds, 139.4 MB
[runlim] end:			Sun Sep 22 04:53:26 2019
[runlim] status:		out of time
[runlim] result:		1
[runlim] children:		0
[runlim] real:			3600.26 seconds
[runlim] time:			3600.06 seconds
[runlim] space:			187.1 MB
[runlim] samples:		36001
