# instance ../../../instances/hadoop/hadoop_extensions/us-mid1.pn
# Settings: PN=../../../instances/hadoop/hadoop_extensions/us-mid1.pn, VN=../../../instances/hadoop/hadoop_extensions/hadoop_10_1bw.vn, multi-thread=False
init 0.928648 0.928648
1 3.191384 4.120032
2 0.159589 4.279735
3 0.159218 4.439079
4 0.157423 4.596639
5 2.449183 7.045937
6 0.15676 7.202811
7 0.156532 7.359458
8 0.156603 7.516181
9 3.651827 11.168126
10 0.157621 11.325874
11 0.154585 11.480578
12 0.156175 11.636869
13 2.575234 14.212221
14 0.157781 14.370125
15 0.157252 14.527489
16 0.15661 14.684218
17 2.056076 16.740413
18 0.153827 16.894361
19 0.154696 17.049168
20 0.153771 17.203059
21 2.551256 19.754433
22 0.157933 19.912495
23 0.153924 20.066542
24 0.152304 20.218972
25 2.104401 22.323489
26 0.151909 22.475521
27 0.15172 22.627358
28 0.150886 22.778365
29 2.215122 24.99361
30 0.15153 25.145264
31 0.151469 25.296856
32 0.150952 25.447924
33 2.550543 27.998589
34 0.148514 28.147216
35 0.147687 28.295026
36 0.147999 28.443139
37 1.806858 30.250132
38 0.152049 30.402311
39 0.154973 30.557415
40 0.154264 30.711811
41 1.971218 32.683157
42 0.151293 32.834591
43 0.145787 32.980502
44 0.145536 33.126157
45 1.855756 34.982032
46 0.146027 35.128183
47 0.144584 35.272888
48 0.144079 35.417083
49 1.615276 37.03248
50 0.14304 37.175635
51 0.144026 37.319773
52 0.150411 37.470297
53 1.828357 39.298776
54 0.142068 39.440957
55 0.141707 39.582782
56 0.141903 39.724803
57 1.932595 41.657514
58 0.146348 41.803997
59 0.147082 41.95121
60 0.144452 42.095798
61 1.983184 44.079107
62 0.141941 44.221187
63 0.138639 44.359942
64 0.137952 44.498017
65 1.836125 46.334257
66 0.153148 46.487539
67 0.148584 46.636246
68 0.147007 46.783378
69 1.834723 48.618226
70 0.151783 48.77014
71 0.143189 48.91344
72 0.142677 49.056235
73 1.777505 50.833863
74 0.14149 50.97547
75 0.140683 51.116265
76 0.13991 51.256295
77 1.680483 52.936897
78 0.145711 53.082741
79 0.142017 53.224886
80 0.143681 53.368697
81 1.654729 55.02355
82 0.13785 55.161515
83 0.138942 55.300586
84 0.140529 55.441233
85 1.990606 57.431972
86 0.136728 57.568819
87 0.135975 57.704907
88 0.135749 57.840774
89 1.524431 59.365328
90 0.135607 59.501061
91 0.13639 59.637567
92 0.143558 59.781259
93 1.17903 60.960405
94 0.13411 61.094633
95 0.133724 61.228469
96 0.132512 61.3611
97 1.319547 62.680765
98 0.135718 62.816614
99 0.135175 62.951919
100 0.133518 63.085566
101 1.762373 64.84807
102 0.131151 64.979345
103 0.13011 65.109569
104 0.130236 65.239927
105 1.140505 66.380567
106 0.135215 66.515898
107 0.132388 66.648415
108 0.130727 66.779268
109 1.362159 68.14155
110 0.127368 68.269039
111 0.128257 68.397407
112 0.126578 68.524099
113 1.187409 69.711626
114 0.131936 69.843697
115 0.124964 69.968787
116 0.125105 70.094003
117 1.191541 71.285658
118 0.123092 71.408863
119 0.123928 71.532911
120 0.127768 71.660805
121 1.54403 73.204971
122 0.125312 73.330414
123 0.121788 73.452324
124 0.121327 73.573775
125 0.928469 74.502359
126 0.124394 74.626868
127 0.123377 74.750363
128 0.123423 74.87391
129 1.070076 75.944079
130 0.129219 76.073431
131 0.126179 76.199729
132 0.125631 76.325491
133 1.088836 77.414446
134 0.11987 77.534436
135 0.120266 77.654823
136 0.126806 77.781753
137 1.050139 78.832023
138 0.118074 78.950213
139 0.117669 79.068001
140 0.117215 79.185337
141 1.224151 80.409603
142 0.115737 80.525452
143 0.115753 80.641322
144 0.115422 80.756865
145 1.264401 82.021386
146 0.120048 82.141567
147 0.117674 82.259363
148 0.116365 82.375853
149 0.821313 83.197284
150 0.11273 83.310133
151 0.113962 83.424215
152 0.111534 83.53587
153 0.870843 84.406835
154 0.110665 84.517614
155 0.110331 84.628062
156 0.117216 84.745396
157 0.819373 85.564893
158 0.110683 85.675701
159 0.114145 85.789965
160 0.117917 85.908001
161 0.928813 86.836945
162 0.110168 86.947232
163 0.109502 87.056856
164 0.109534 87.166515
165 0.873755 88.040391
166 0.108528 88.149042
167 0.108053 88.257217
168 0.107669 88.365008
169 0.879919 89.245051
170 0.106684 89.351854
171 0.106649 89.458623
172 0.105412 89.564156
173 0.854447 90.418723
174 0.106606 90.525445
175 0.105907 90.631498
176 0.105398 90.737018
177 0.818878 91.556014
178 0.104683 91.660819
179 0.103127 91.764066
180 0.103984 91.868169
181 0.748914 92.6172
182 0.107343 92.724678
183 0.107586 92.832396
184 0.105824 92.938352
185 0.594767 93.53325
186 0.102946 93.636325
187 0.104173 93.740628
188 0.103671 93.844429
189 0.750104 94.594661
190 0.100483 94.69526
191 0.09982 94.795191
192 0.102474 94.89778
193 0.589436 95.487328
194 0.101987 95.589431
195 0.100517 95.690062
196 0.100672 95.790846
197 0.633356 96.424313
198 0.100503 96.524933
199 0.100373 96.62543
200 0.099883 96.725435
201 0.695614 97.421169
202 0.100997 97.522289
203 0.106266 97.628686
204 0.100704 97.729521
205 0.612931 98.342594
206 0.098238 98.440961
207 0.096321 98.537399
208 0.095723 98.633243
209 0.620594 99.253954
210 0.09531 99.349387
211 0.096311 99.445819
212 0.095632 99.54157
213 0.479403 100.021092
214 0.102144 100.123366
215 0.093874 100.217368
216 0.09417 100.311653
217 0.388255 100.700025
218 0.093228 100.793364
219 0.09232 100.885778
220 0.09208 100.977972
221 0.468284 101.446369
222 0.091152 101.537643
223 0.091246 101.629009
224 0.090642 101.719765
225 0.367703 102.087582
226 0.08917 102.176865
227 0.088862 102.265839
228 0.08862 102.354579
229 0.423537 102.778236
230 0.087052 102.865399
231 0.086069 102.951588
232 0.085626 103.037334
233 0.36099 103.398443
234 0.08975 103.488328
235 0.088237 103.576693
236 0.086209 103.663026
237 0.407695 104.070853
238 0.087326 104.158299
239 0.08705 104.245479
240 0.084579 104.330189
241 0.396398 104.726715
242 0.084939 104.811779
243 0.083758 104.895672
244 0.084528 104.98033
245 0.38595 105.366408
246 0.079167 105.445692
247 0.078968 105.524785
248 0.08109 105.605997
249 0.355891 105.962004
250 0.078406 106.040531
251 0.078312 106.118963
252 0.077264 106.196349
253 0.240373 106.436835
254 0.076056 106.513008
255 0.075054 106.588178
256 0.074371 106.66266
257 0.259741 106.922522
258 0.072934 106.995566
259 0.072497 107.068174
260 0.072378 107.14067
261 0.274361 107.415148
262 0.070982 107.486253
263 0.070033 107.556404
264 0.070475 107.627003
265 0.240843 107.86797
266 0.067698 107.935782
267 0.06885 108.004754
268 0.069257 108.074144
269 0.210166 108.284435
270 0.066394 108.350949
271 0.070921 108.422001
272 0.071704 108.493832
273 0.178749 108.672723
274 0.067952 108.740809
275 0.064246 108.805182
276 0.067457 108.872766
277 0.174431 109.047309
278 0.062805 109.110239
279 0.061993 109.172357
280 0.062422 109.234897
281 0.161883 109.396904
282 0.060998 109.458014
283 0.059224 109.517359
284 0.059087 109.576564
285 0.102356 109.679032
286 0.058948 109.738088
287 0.058717 109.796924
288 0.057388 109.854428
289 0.092754 109.947304
290 0.057133 110.004531
291 0.057043 110.061691
292 0.057109 110.118923
293 0.07688 110.195921
294 0.055031 110.251062
295 0.055788 110.306982
296 0.054552 110.361657
297 0.069831 110.431611
298 0.054522 110.486243
299 0.054383 110.540747
300 0.053845 110.594713
301 0.062361 110.657187
302 0.052444 110.709741
303 0.052692 110.762552
304 0.053916 110.816588
305 0.057034 110.87374
306 0.051062 110.924908
307 0.052273 110.977299
done 307 0.037991 111.015405
