# instance ../../../instances/hadoop/hadoop_extensions/us-mid2.pn
# Settings: PN=../../../instances/hadoop/hadoop_extensions/us-mid2.pn, VN=../../../instances/hadoop/hadoop_extensions/hadoop_15_1bw.vn, multi-thread=False
init 2.871553 2.871553
1 31.43701 34.308563
2 89.995846 124.304533
3 140.105508 264.410168
4 31.976548 296.386848
5 226.861611 523.248585
6 32.657754 555.906474
7 195.871262 751.77787
8 45.034555 796.812553
9 35.642109 832.454793
10 314.180467 1146.63539
11 56.54411 1203.179641
12 454.610648 1657.790421
13 480.176994 2137.967535
14 230.082731 2368.050393
15 612.557967 2980.608485
16 33.421657 3014.030277
17 33.253008 3047.283415
18 189.134562 3236.418108
19 203.781496 3440.199726
