# instance ../../../instances/hadoop/hadoop_extensions/us-mid2.pn
# Settings: PN=../../../instances/hadoop/hadoop_extensions/us-mid2.pn, VN=../../../instances/hadoop/hadoop_extensions/hadoop_10_1bw.vn, multi-thread=False
init 1.949395 1.949395
1 8.959531 10.908926
2 0.3838 11.292851
3 0.384069 11.677036
4 0.378791 12.055929
5 10.591537 22.647609
6 0.381385 23.029114
7 0.383363 23.412606
8 0.378583 23.791307
9 12.034078 35.825505
10 0.375241 36.200864
11 0.386876 36.587857
12 0.37683 36.96481
13 14.290236 51.255161
14 0.373346 51.628622
15 0.377945 52.006687
16 0.372676 52.379481
17 8.263012 60.64261
18 0.373248 61.015962
19 0.377257 61.393332
20 0.371099 61.764553
21 9.920166 71.684843
22 0.375701 72.060674
23 0.376081 72.436872
24 0.372523 72.809514
25 8.569003 81.378634
26 0.366558 81.7453
27 0.365864 82.111284
28 0.366349 82.477756
29 10.77102 93.248892
30 0.370876 93.619882
31 0.3706 93.990594
32 0.369057 94.359768
33 7.836926 102.196809
34 0.371362 102.568291
35 0.363353 102.931753
36 0.363199 103.295069
37 9.315458 112.610651
38 0.364087 112.974857
39 0.366204 113.341177
40 0.360525 113.701822
41 10.446638 124.148577
42 0.363159 124.511858
43 0.360056 124.872031
44 0.3584 125.230544
45 8.122947 133.353615
46 0.356372 133.710103
47 0.355645 134.065868
48 0.357436 134.423423
49 8.693055 143.116589
50 0.355228 143.471926
51 0.354999 143.827042
52 0.357592 144.184757
53 9.275352 153.460224
54 0.356372 153.816714
55 0.352281 154.169113
56 0.350804 154.520043
57 11.642242 166.162392
58 0.354075 166.516585
59 0.351995 166.868692
60 0.355274 167.224081
61 9.02557 176.249771
62 0.347457 176.597357
63 0.34923 176.946712
64 0.35407 177.3009
65 10.022815 187.323832
66 0.352048 187.675987
67 0.344318 188.020419
68 0.349294 188.36982
69 9.23606 197.60599
70 0.346985 197.9531
71 0.346906 198.300138
72 0.346012 198.64627
73 8.958434 207.604822
74 0.34268 207.94763
75 0.342099 208.289847
76 0.342229 208.632196
77 10.206846 218.839163
78 0.346194 219.185481
79 0.343908 219.529509
80 0.340669 219.870296
81 9.350518 229.220926
82 0.34254 229.563582
83 0.341419 229.905125
84 0.338008 230.24327
85 12.91577 243.159157
86 0.33857 243.49785
87 0.34066 243.838629
88 0.335204 244.17395
89 8.992202 253.166261
90 0.335701 253.502082
91 0.334571 253.836772
92 0.336732 254.173627
93 8.156223 262.329958
94 0.337209 262.667299
95 0.338709 263.006125
96 0.332059 263.338301
97 9.747748 273.086168
98 0.336998 273.42328
99 0.330236 273.753632
100 0.327213 274.080964
101 7.762606 281.843687
102 0.332257 282.176062
103 0.331923 282.508098
104 0.327449 282.835667
105 9.194886 292.03067
106 0.330663 292.361455
107 0.325751 292.687326
108 0.325403 293.012853
109 7.463238 300.476207
110 0.323359 300.799685
111 0.330102 301.129912
112 0.326075 301.456105
113 9.112855 310.569079
114 0.321897 310.891095
115 0.324953 311.216166
116 0.324286 311.540563
117 7.013495 318.554178
118 0.323149 318.877453
119 0.323959 319.201526
120 0.318252 319.519897
121 8.77961 328.299618
122 0.321153 328.620893
123 0.320389 328.941394
124 0.31696 329.258472
125 6.306755 335.565342
126 0.318879 335.884344
127 0.317716 336.20218
128 0.317406 336.519704
129 8.936539 345.456359
130 0.315398 345.771875
131 0.316078 346.08806
132 0.320082 346.40826
133 7.734096 354.142476
134 0.315395 354.457989
135 0.31445 354.772554
136 0.312589 355.085255
137 7.058293 362.143674
138 0.314024 362.457818
139 0.315194 362.773129
140 0.309883 363.083131
141 8.150183 371.233433
142 0.313149 371.546704
143 0.308518 371.855343
144 0.309801 372.165266
145 5.283608 377.44899
146 0.315522 377.764631
147 0.306642 378.071389
148 0.310248 378.38175
149 6.232811 384.614675
150 0.30702 384.921816
151 0.304249 385.226177
152 0.307024 385.533265
153 5.922896 391.456279
154 0.304819 391.761211
155 0.308137 392.069468
156 0.304743 392.374321
157 7.492245 399.866677
158 0.299725 400.16652
159 0.311228 400.477862
160 0.304226 400.782202
161 8.551447 409.333765
162 0.304799 409.638687
163 0.297552 409.936357
164 0.303518 410.239992
165 7.371337 417.611451
166 0.297969 417.909538
167 0.298902 418.208554
168 0.305718 418.514391
169 5.714084 424.228614
170 0.296256 424.524937
171 0.29949 424.824544
172 0.295257 425.119916
173 4.371617 429.491648
174 0.297937 429.789702
175 0.297891 430.087713
176 0.29261 430.380441
177 6.697796 437.078351
178 0.292964 437.371424
179 0.299125 437.670658
180 0.291663 437.962431
181 5.700664 443.663211
182 0.296866 443.960196
183 0.292083 444.252397
184 0.294002 444.546526
185 7.936008 452.482654
186 0.291798 452.774575
187 0.293526 453.068224
188 0.287395 453.355732
189 5.236225 458.592073
190 0.289859 458.882052
191 0.293101 459.175272
192 0.287043 459.462429
193 5.116741 464.579284
194 0.283647 464.863047
195 0.289765 465.152931
196 0.286433 465.439491
197 7.530797 472.970407
198 0.284683 473.255202
199 0.282868 473.538188
200 0.285538 473.823849
201 6.495278 480.319248
202 0.283272 480.602637
203 0.282268 480.885028
204 0.282888 481.168032
205 4.950262 486.118415
206 0.285148 486.403678
207 0.287427 486.691225
208 0.279481 486.970826
209 6.445273 493.416207
210 0.280956 493.697275
211 0.281392 493.978783
212 0.276933 494.255831
213 5.07013 499.326083
214 0.275594 499.601799
215 0.282103 499.884023
216 0.277084 500.161224
217 5.041724 505.203064
218 0.279476 505.482659
219 0.273541 505.756315
220 0.277907 506.034338
221 4.585431 510.619887
222 0.276743 510.896742
223 0.271848 511.168708
224 0.276112 511.444937
225 3.690565 515.135622
226 0.273877 515.409626
227 0.272359 515.6821
228 0.271985 515.954201
229 4.711358 520.665678
230 0.269911 520.935707
231 0.271592 521.207417
232 0.274858 521.482392
233 6.428805 527.911306
234 0.268053 528.179481
235 0.268329 528.447932
236 0.270686 528.718734
237 5.435103 534.153953
238 0.265929 534.42
239 0.268538 534.688648
240 0.267 534.955771
241 4.954579 539.910472
242 0.268679 540.179268
243 0.26395 540.443334
244 0.269069 540.712524
245 4.276809 544.989454
246 0.265042 545.254613
247 0.263699 545.518429
248 0.262728 545.781266
249 4.26929 550.050679
250 0.261571 550.312373
251 0.265004 550.577495
252 0.260137 550.837749
253 3.457108 554.294977
254 0.265371 554.560465
255 0.257053 554.817633
256 0.263911 555.081654
257 4.39835 559.48012
258 0.258882 559.739117
259 0.260134 559.999369
260 0.258622 560.258109
261 4.619916 564.878145
262 0.258434 565.136695
263 0.256322 565.393135
264 0.260496 565.653761
265 4.000322 569.654202
266 0.254128 569.908452
267 0.254729 570.163303
268 0.253091 570.416504
269 4.169865 574.586481
270 0.255773 574.842373
271 0.252067 575.094562
272 0.248832 575.343512
273 3.516207 578.859838
274 0.267533 579.127486
275 0.261642 579.389245
276 0.265836 579.655206
277 3.837898 583.493231
278 0.261078 583.754434
279 0.268308 584.022861
280 0.263059 584.286032
281 4.235702 588.521849
282 0.263464 588.785425
283 0.258954 589.044495
284 0.262373 589.306985
285 3.571332 592.878434
286 0.258627 593.137172
287 0.257718 593.395011
288 0.259265 593.654395
289 3.582744 597.237256
290 0.254921 597.492297
291 0.257111 597.749525
292 0.256537 598.00618
293 4.007696 602.013992
294 0.254489 602.268597
295 0.258791 602.527501
296 0.252319 602.779939
297 3.509808 606.289867
298 0.255985 606.545967
299 0.252412 606.798496
300 0.251413 607.050029
301 4.152616 611.202762
302 0.251204 611.454087
303 0.251723 611.70593
304 0.248613 611.954664
305 3.197841 615.152621
306 0.253046 615.405785
307 0.249711 615.655617
308 0.247988 615.903723
309 3.00615 618.909992
310 0.248191 619.158306
311 0.245471 619.403896
312 0.250902 619.654917
313 3.028775 622.683811
314 0.245489 622.929414
315 0.247618 623.177152
316 0.243215 623.420493
317 2.903696 626.324299
318 0.245207 626.569627
319 0.243071 626.812809
320 0.241746 627.054675
321 2.564543 629.619344
322 0.246036 629.865502
323 0.241617 630.107234
324 0.242301 630.349652
325 2.622887 632.972657
326 0.241389 633.214156
327 0.238063 633.45235
328 0.240881 633.69335
329 3.33435 637.027819
330 0.23933 637.267268
331 0.233963 637.501347
332 0.238951 637.740418
333 4.717291 642.457826
334 0.235553 642.693494
335 0.238403 642.932016
336 0.233684 643.16582
337 2.480382 645.646324
338 0.234934 645.881377
339 0.235203 646.116699
340 0.233006 646.349815
341 2.043727 648.393685
342 0.234554 648.628358
343 0.232125 648.860602
344 0.233124 649.093842
345 2.314558 651.408517
346 0.231529 651.640163
347 0.227937 651.868227
348 0.230956 652.099294
349 2.363855 654.463268
350 0.229911 654.693299
351 0.228378 654.921791
352 0.23054 655.152442
353 1.582343 656.734892
354 0.228485 656.963496
355 0.22528 657.188896
356 0.225509 657.414534
357 2.373034 659.787694
358 0.223581 660.011392
359 0.220799 660.232312
360 0.227285 660.459717
361 2.554605 663.014438
362 0.223675 663.238231
363 0.222195 663.460545
364 0.220337 663.680999
365 2.82615 666.507263
366 0.218712 666.726105
367 0.221528 666.947746
368 0.21978 667.16765
369 2.564836 669.732604
370 0.228936 669.961657
371 0.225642 670.187417
372 0.227915 670.415451
373 1.91908 672.334646
374 0.22499 672.559752
375 0.230557 672.790426
376 0.226401 673.016929
377 2.312612 675.329655
378 0.225084 675.554864
379 0.220896 675.77588
380 0.223952 675.999947
381 1.951911 677.951973
382 0.225266 678.177357
383 0.218667 678.396139
384 0.221424 678.61768
385 2.384947 681.002745
386 0.219646 681.222502
387 0.223689 681.446313
388 0.216279 681.662709
389 2.180112 683.842934
390 0.222405 684.065465
391 0.216008 684.281592
392 0.219524 684.501234
393 1.65962 686.16097
394 0.21357 686.374658
395 0.219516 686.594291
396 0.220503 686.814911
397 1.925905 688.740931
398 0.210705 688.951761
399 0.214731 689.166611
400 0.215202 689.381946
401 1.295972 690.678037
402 0.210867 690.889018
403 0.213397 691.102542
404 0.212559 691.315212
405 1.823416 693.138748
406 0.212861 693.351728
407 0.207059 693.558909
408 0.216191 693.775215
409 1.907223 695.682556
410 0.212536 695.895212
411 0.206021 696.10135
412 0.207317 696.308779
413 1.615869 697.924768
414 0.204727 698.129612
415 0.206087 698.335814
416 0.214649 698.550588
417 1.322966 699.873677
418 0.209566 700.083357
419 0.209658 700.293131
420 0.210704 700.503962
421 1.612935 702.117007
422 0.208389 702.325505
423 0.208497 702.534124
424 0.205117 702.739363
425 1.449197 704.188677
426 0.205971 704.394769
427 0.205621 704.600505
428 0.201156 704.801772
429 1.530905 706.332787
430 0.204397 706.537303
431 0.200413 706.737836
432 0.207091 706.945044
433 1.495569 708.440743
434 0.199225 708.640084
435 0.198336 708.838539
436 0.202283 709.040949
437 1.400054 710.44112
438 0.195817 710.637067
439 0.199048 710.836241
440 0.201518 711.037875
441 1.273702 712.311696
442 0.196119 712.50793
443 0.194027 712.70207
444 0.204989 712.907171
445 1.510917 714.418204
446 0.197644 714.615958
447 0.203217 714.819292
448 0.202089 715.021493
449 1.693758 716.715361
450 0.197237 716.912711
451 0.196848 717.109681
452 0.195706 717.305498
453 1.340252 718.645865
454 0.196713 718.842699
455 0.193152 719.035974
456 0.191482 719.227574
457 1.423515 720.651204
458 0.197694 720.84902
459 0.196953 721.046096
460 0.188965 721.23518
461 1.387968 722.623269
462 0.190436 722.81382
463 0.191887 723.005833
464 0.191037 723.196982
465 0.88282 724.07992
466 0.196636 724.27667
467 0.188207 724.465
468 0.190317 724.655436
469 1.167411 725.822975
470 0.188446 726.011532
471 0.190349 726.202003
472 0.185757 726.38787
473 1.186126 727.574112
474 0.183412 727.757638
475 0.18753 727.945283
476 0.184954 728.130355
477 0.816436 728.946908
478 0.184283 729.13131
479 0.189324 729.32075
480 0.187483 729.508347
481 0.979663 730.48813
482 0.190148 730.678396
483 0.190374 730.868876
484 0.186827 731.055816
485 0.894525 731.950456
486 0.192095 732.142666
487 0.184903 732.327686
488 0.183128 732.510928
489 0.915719 733.426766
490 0.185339 733.612215
491 0.18533 733.797661
492 0.188055 733.985832
493 0.884358 734.870309
494 0.183826 735.054257
495 0.183901 735.238282
496 0.185243 735.423649
497 0.891487 736.315247
498 0.179408 736.494769
499 0.186005 736.680891
500 0.183954 736.864962
501 0.954627 737.819704
502 0.183621 738.003437
503 0.18101 738.184559
504 0.179052 738.363732
505 1.061427 739.425276
506 0.179265 739.604654
507 0.179427 739.784193
508 0.181384 739.965697
509 0.770771 740.736582
510 0.176023 740.912729
511 0.176528 741.089373
512 0.177168 741.266666
513 0.797828 742.06464
514 0.175935 742.240697
515 0.175273 742.416087
516 0.176126 742.592328
517 0.820865 743.413308
518 0.172257 743.585676
519 0.172667 743.758462
520 0.172027 743.930603
521 0.686541 744.617269
522 0.17044 744.787823
523 0.169886 744.957825
524 0.173926 745.131874
525 0.608196 745.740186
526 0.172607 745.912924
527 0.169493 746.082544
528 0.16492 746.247585
529 0.706592 746.954296
530 0.1677 747.12211
531 0.166716 747.288942
532 0.162569 747.451625
533 0.720196 748.171939
534 0.161478 748.333539
535 0.163744 748.497399
536 0.162775 748.660283
537 0.653299 749.313695
538 0.158545 749.472352
539 0.157123 749.629593
540 0.161517 749.791223
541 0.671254 750.462598
542 0.156906 750.619627
543 0.15498 750.774715
544 0.154593 750.929427
545 0.562446 751.49199
546 0.154536 751.646636
547 0.153636 751.800396
548 0.154429 751.954936
549 0.573503 752.528557
550 0.157265 752.685933
551 0.149098 752.835151
552 0.150413 752.985681
553 0.578968 753.564761
554 0.151262 753.716133
555 0.150506 753.866754
556 0.148514 754.015384
557 0.479342 754.494838
558 0.148083 754.643041
559 0.145121 754.78828
560 0.144566 754.932964
561 0.443891 755.37697
562 0.143651 755.520732
563 0.146049 755.666892
564 0.143012 755.810021
565 0.439386 756.249524
566 0.144264 756.393901
567 0.142291 756.536313
568 0.140509 756.676941
569 0.399753 757.076808
570 0.142136 757.219058
571 0.137814 757.356981
572 0.137396 757.49449
573 0.421895 757.916504
574 0.137113 758.053725
575 0.134289 758.188135
576 0.14653 758.334784
577 0.435188 758.770096
578 0.13406 758.904274
579 0.135365 759.039755
580 0.133722 759.1736
581 0.356382 759.530099
582 0.137535 759.667748
583 0.130828 759.798691
584 0.12997 759.928768
585 0.312525 760.2414
586 0.131691 760.373199
587 0.131001 760.504316
588 0.128355 760.632786
589 0.323131 760.956032
590 0.130958 761.087102
591 0.124481 761.2117
592 0.125859 761.337672
593 0.255387 761.593181
594 0.128273 761.721584
595 0.127345 761.849036
596 0.12384 761.973016
597 0.23986 762.212991
598 0.122927 762.336028
599 0.123328 762.459472
600 0.120047 762.579638
601 0.279482 762.859227
602 0.121658 762.98099
603 0.12057 763.101688
604 0.119942 763.221745
605 0.234422 763.456287
606 0.116786 763.573177
607 0.115672 763.688973
608 0.120038 763.809131
609 0.229172 764.03843
610 0.112924 764.151461
611 0.116815 764.268393
612 0.118106 764.386621
613 0.230936 764.617676
614 0.111041 764.728822
615 0.113074 764.842009
616 0.114225 764.956355
617 0.160137 765.116607
618 0.111084 765.2278
619 0.109874 765.337789
620 0.110448 765.448354
621 0.196886 765.645359
622 0.111119 765.756598
623 0.11022 765.866939
624 0.107705 765.974766
625 0.127264 766.102147
626 0.108699 766.210951
627 0.110179 766.321255
628 0.106731 766.428097
629 0.123202 766.551421
630 0.105237 766.656764
631 0.10455 766.761433
632 0.104342 766.865898
633 0.117502 766.983517
634 0.105737 767.089366
635 0.107597 767.197084
636 0.103811 767.301018
637 0.109791 767.41092
638 0.10266 767.513683
639 0.107176 767.620981
640 0.107862 767.72895
done 640 0.080895 767.809963
