#fmcad13 secondnet datacenter tree_2000.20, instance vn2_3.1
init 0.000056 0.000056
1 0.004813 0.004813
2 0.005271 0.010084
3 0.008019 0.018103
4 0.008170 0.026273
5 0.009208 0.035481
6 0.009002 0.044483
7 0.008994 0.053477
8 0.008508 0.061985
9 0.008205 0.070190
10 0.008380 0.078570
11 0.008504 0.087074
12 0.008219 0.095293
13 0.008519 0.103812
14 0.008461 0.112273
15 0.008562 0.120835
16 0.009206 0.130041
17 0.009170 0.139211
18 0.008465 0.147676
19 0.008711 0.156387
20 0.008908 0.165295
21 0.008964 0.174259
22 0.008719 0.182978
23 0.008939 0.191917
24 0.008794 0.200711
25 0.008955 0.209666
26 0.008945 0.218611
27 0.008610 0.227221
28 0.008956 0.236177
29 0.008817 0.244994
30 0.008971 0.253965
31 0.009347 0.263312
32 0.009026 0.272338
33 0.008498 0.280836
34 0.008915 0.289751
35 0.009640 0.299391
36 0.008983 0.308374
37 0.009516 0.317890
38 0.009072 0.326962
39 0.009376 0.336338
40 0.009537 0.345875
41 0.009566 0.355441
42 0.009534 0.364975
43 0.008265 0.373240
44 0.008815 0.382055
45 0.010014 0.392069
46 0.009670 0.401739
47 0.006010 0.407749
48 0.005301 0.413050
49 0.009967 0.423017
50 0.009939 0.432956
51 0.009817 0.442773
52 0.009594 0.452367
53 0.009543 0.461910
54 0.010541 0.472451
55 0.009677 0.482128
56 0.009747 0.491875
57 0.010205 0.502080
58 0.009720 0.511800
59 0.009869 0.521669
60 0.009598 0.531267
61 0.010205 0.541472
62 0.009935 0.551407
63 0.009615 0.561022
64 0.009910 0.570932
65 0.010514 0.581446
66 0.009668 0.591114
67 0.010000 0.601114
68 0.008853 0.609967
69 0.006100 0.616067
70 0.005650 0.621717
71 0.005766 0.627483
72 0.005626 0.633109
73 0.006007 0.639116
74 0.006037 0.645153
75 0.005795 0.650948
76 0.005782 0.656730
77 0.006384 0.663114
78 0.011095 0.674209
79 0.011062 0.685271
80 0.010404 0.695675
81 0.010760 0.706435
82 0.010942 0.717377
83 0.010600 0.727977
84 0.010870 0.738847
85 0.010290 0.749137
86 0.009705 0.758842
87 0.010133 0.768975
88 0.010967 0.779942
89 0.011011 0.790953
90 0.010382 0.801335
91 0.010478 0.811813
92 0.010542 0.822355
93 0.010825 0.833180
94 0.011121 0.844301
95 0.010328 0.854629
96 0.010143 0.864772
97 0.010684 0.875456
98 0.010537 0.885993
99 0.010485 0.896478
100 0.010577 0.907055
101 0.010839 0.917894
102 0.011329 0.929223
103 0.011261 0.940484
104 0.011331 0.951815
105 0.010841 0.962656
106 0.010181 0.972837
107 0.010457 0.983294
108 0.009102 0.992396
109 0.007431 0.999827
110 0.006004 1.005831
111 0.006079 1.011910
112 0.006279 1.018189
113 0.009330 1.027519
114 0.011203 1.038722
115 0.011766 1.050488
116 0.011995 1.062483
117 0.010564 1.073047
118 0.011651 1.084698
119 0.011843 1.096541
120 0.012432 1.108973
121 0.012607 1.121580
122 0.012287 1.133867
123 0.011877 1.145744
124 0.012064 1.157808
125 0.011243 1.169051
126 0.011371 1.180422
127 0.011827 1.192249
128 0.011549 1.203798
129 0.011581 1.215379
130 0.011046 1.226425
131 0.009441 1.235866
132 0.005638 1.241504
133 0.007576 1.249080
134 0.007559 1.256639
135 0.007653 1.264292
136 0.009050 1.273342
137 0.008516 1.281858
138 0.007454 1.289312
139 0.008465 1.297777
140 0.008318 1.306095
141 0.008024 1.314119
142 0.007548 1.321667
143 0.008105 1.329772
144 0.007408 1.337180
145 0.007115 1.344295
146 0.008691 1.352986
147 0.010806 1.363792
148 0.012003 1.375795
149 0.013144 1.388939
150 0.009803 1.398742
151 0.008734 1.407476
152 0.009584 1.417060
153 0.011960 1.429020
154 0.012054 1.441074
155 0.012376 1.453450
156 0.012450 1.465900
157 0.012775 1.478675
158 0.012613 1.491288
159 0.012327 1.503615
160 0.012647 1.516262
161 0.012611 1.528873
162 0.012917 1.541790
163 0.012811 1.554601
164 0.012282 1.566883
165 0.012445 1.579328
166 0.012812 1.592140
167 0.013065 1.605205
168 0.013047 1.618252
169 0.012463 1.630715
170 0.011146 1.641861
171 0.012098 1.653959
172 0.011624 1.665583
173 0.010083 1.675666
174 0.010487 1.686153
175 0.010983 1.697136
176 0.011344 1.708480
177 0.010270 1.718750
178 0.012201 1.730951
179 0.012362 1.743313
180 0.012431 1.755744
181 0.012747 1.768491
182 0.013243 1.781734
183 0.012057 1.793791
184 0.012702 1.806493
185 0.013280 1.819773
186 0.013177 1.832950
187 0.012773 1.845723
188 0.013402 1.859125
189 0.012943 1.872068
190 0.012897 1.884965
191 0.013016 1.897981
192 0.012617 1.910598
193 0.012808 1.923406
194 0.013602 1.937008
195 0.013965 1.950973
196 0.013618 1.964591
197 0.013818 1.978409
198 0.013285 1.991694
199 0.012762 2.004456
200 0.013474 2.017930
201 0.013727 2.031657
202 0.014003 2.045660
203 0.012769 2.058429
204 0.013236 2.071665
205 0.013508 2.085173
206 0.014010 2.099183
207 0.013922 2.113105
208 0.010865 2.123970
209 0.007494 2.131464
210 0.007502 2.138966
211 0.008477 2.147443
212 0.008216 2.155659
213 0.008172 2.163831
214 0.007989 2.171820
215 0.010788 2.182608
216 0.011888 2.194496
217 0.009851 2.204347
218 0.011710 2.216057
219 0.014022 2.230079
220 0.013318 2.243397
221 0.013972 2.257369
222 0.013984 2.271353
223 0.014209 2.285562
224 0.014300 2.299862
225 0.014164 2.314026
226 0.013018 2.327044
227 0.011482 2.338526
228 0.012033 2.350559
229 0.012647 2.363206
230 0.014064 2.377270
231 0.014345 2.391615
232 0.014286 2.405901
233 0.014388 2.420289
234 0.014483 2.434772
235 0.014637 2.449409
236 0.014483 2.463892
237 0.014230 2.478122
238 0.014519 2.492641
239 0.014493 2.507134
240 0.014422 2.521556
241 0.013994 2.535550
242 0.014521 2.550071
243 0.014560 2.564631
244 0.014925 2.579556
245 0.014798 2.594354
246 0.014822 2.609176
247 0.014683 2.623859
248 0.014819 2.638678
249 0.014543 2.653221
250 0.015007 2.668228
251 0.013635 2.681863
252 0.014429 2.696292
253 0.013357 2.709649
254 0.014580 2.724229
255 0.014835 2.739064
256 0.015003 2.754067
257 0.014507 2.768574
258 0.014824 2.783398
259 0.014994 2.798392
260 0.014925 2.813317
261 0.014933 2.828250
262 0.013857 2.842107
263 0.014701 2.856808
264 0.015913 2.872721
265 0.015108 2.887829
266 0.015313 2.903142
267 0.015399 2.918541
268 0.015190 2.933731
269 0.015265 2.948996
270 0.014795 2.963791
271 0.015319 2.979110
272 0.015196 2.994306
273 0.015369 3.009675
274 0.014464 3.024139
275 0.014694 3.038833
276 0.015532 3.054365
277 0.015425 3.069790
278 0.015015 3.084805
279 0.015094 3.099899
280 0.015299 3.115198
281 0.015226 3.130424
282 0.015567 3.145991
283 0.014852 3.160843
284 0.015809 3.176652
285 0.014278 3.190930
286 0.014708 3.205638
287 0.015040 3.220678
288 0.015945 3.236623
289 0.014376 3.250999
290 0.013393 3.264392
291 0.015857 3.280249
292 0.016074 3.296323
293 0.014384 3.310707
294 0.012477 3.323184
295 0.011335 3.334519
296 0.009920 3.344439
297 0.008580 3.353019
298 0.008552 3.361571
299 0.008592 3.370163
300 0.014114 3.384277
301 0.015904 3.400181
302 0.014757 3.414938
303 0.012053 3.426991
304 0.010104 3.437095
305 0.010149 3.447244
306 0.010429 3.457673
307 0.010319 3.467992
308 0.010142 3.478134
309 0.011174 3.489308
310 0.011425 3.500733
311 0.010265 3.510998
312 0.009746 3.520744
313 0.010714 3.531458
314 0.010477 3.541935
315 0.009952 3.551887
316 0.009576 3.561463
317 0.010212 3.571675
318 0.010045 3.581720
319 0.012092 3.593812
320 0.010101 3.603913
321 0.010869 3.614782
322 0.010243 3.625025
323 0.010001 3.635026
324 0.016232 3.651258
325 0.015152 3.666410
326 0.016634 3.683044
327 0.017131 3.700175
328 0.015296 3.715471
329 0.017405 3.732876
330 0.015866 3.748742
331 0.015714 3.764456
332 0.014839 3.779295
333 0.016417 3.795712
334 0.011964 3.807676
335 0.011736 3.819412
336 0.016308 3.835720
337 0.017061 3.852781
338 0.017207 3.869988
339 0.017358 3.887346
340 0.016842 3.904188
341 0.016111 3.920299
342 0.016535 3.936834
343 0.015162 3.951996
344 0.015737 3.967733
345 0.017077 3.984810
346 0.017158 4.001968
347 0.015794 4.017762
348 0.016951 4.034713
349 0.017580 4.052293
350 0.015798 4.068091
351 0.016242 4.084333
352 0.017369 4.101702
353 0.016086 4.117788
354 0.013200 4.130988
355 0.016773 4.147761
356 0.016051 4.163812
357 0.013953 4.177765
358 0.016906 4.194671
359 0.017610 4.212281
360 0.017229 4.229510
361 0.017246 4.246756
362 0.017530 4.264286
363 0.014677 4.278963
364 0.015474 4.294437
365 0.016189 4.310626
366 0.017506 4.328132
367 0.017135 4.345267
368 0.017592 4.362859
369 0.016537 4.379396
370 0.017629 4.397025
371 0.017673 4.414698
372 0.017964 4.432662
373 0.017674 4.450336
374 0.017569 4.467905
375 0.017588 4.485493
376 0.016987 4.502480
377 0.017386 4.519866
378 0.016467 4.536333
379 0.015024 4.551357
380 0.016862 4.568219
381 0.016491 4.584710
382 0.015448 4.600158
383 0.015866 4.616024
384 0.017476 4.633500
385 0.017307 4.650807
386 0.018244 4.669051
387 0.016516 4.685567
388 0.013947 4.699514
389 0.013199 4.712713
390 0.010911 4.723624
391 0.010497 4.734121
392 0.009924 4.744045
393 0.010019 4.754064
394 0.009763 4.763827
395 0.013280 4.777107
396 0.011564 4.788671
397 0.010542 4.799213
398 0.012339 4.811552
399 0.018733 4.830285
400 0.018208 4.848493
401 0.015280 4.863773
402 0.013343 4.877116
403 0.016252 4.893368
404 0.019174 4.912542
405 0.018355 4.930897
406 0.017162 4.948059
407 0.014888 4.962947
408 0.017220 4.980167
409 0.017943 4.998110
410 0.018101 5.016211
411 0.019060 5.035271
412 0.018472 5.053743
413 0.017648 5.071391
414 0.018568 5.089959
415 0.017013 5.106972
416 0.017709 5.124681
417 0.018047 5.142728
418 0.019127 5.161855
419 0.016844 5.178699
420 0.017810 5.196509
421 0.019512 5.216021
422 0.018928 5.234949
423 0.018950 5.253899
424 0.019188 5.273087
425 0.019068 5.292155
426 0.019587 5.311742
427 0.019440 5.331182
428 0.019378 5.350560
429 0.019048 5.369608
430 0.019143 5.388751
431 0.019423 5.408174
432 0.019988 5.428162
433 0.019527 5.447689
434 0.017437 5.465126
435 0.019197 5.484323
436 0.019458 5.503781
437 0.019578 5.523359
438 0.019802 5.543161
439 0.019369 5.562530
440 0.020082 5.582612
441 0.019624 5.602236
442 0.019534 5.621770
443 0.019158 5.640928
444 0.020039 5.660967
445 0.019859 5.680826
446 0.019741 5.700567
447 0.019812 5.720379
448 0.019828 5.740207
449 0.019165 5.759372
450 0.016987 5.776359
451 0.019295 5.795654
452 0.019980 5.815634
453 0.019953 5.835587
454 0.020086 5.855673
455 0.017960 5.873633
456 0.019445 5.893078
457 0.021042 5.914120
458 0.020322 5.934442
459 0.017314 5.951756
460 0.019300 5.971056
461 0.019918 5.990974
462 0.020141 6.011115
463 0.020242 6.031357
464 0.019974 6.051331
465 0.020191 6.071522
466 0.020617 6.092139
467 0.020195 6.112334
468 0.020061 6.132395
469 0.020202 6.152597
470 0.020453 6.173050
471 0.020500 6.193550
472 0.018469 6.212019
473 0.015668 6.227687
474 0.014479 6.242166
475 0.021302 6.263468
476 0.020788 6.284256
477 0.018720 6.302976
478 0.019843 6.322819
479 0.020399 6.343218
480 0.018362 6.361580
481 0.021041 6.382621
482 0.020700 6.403321
483 0.020890 6.424211
484 0.020788 6.444999
485 0.020339 6.465338
486 0.020590 6.485928
487 0.020154 6.506082
488 0.021098 6.527180
489 0.018906 6.546086
490 0.019898 6.565984
491 0.020589 6.586573
492 0.020915 6.607488
493 0.021452 6.628940
494 0.018226 6.647166
495 0.020071 6.667237
496 0.020833 6.688070
497 0.020862 6.708932
498 0.020835 6.729767
499 0.020931 6.750698
500 0.021132 6.771830
501 0.021616 6.793446
502 0.021068 6.814514
503 0.019174 6.833688
504 0.020642 6.854330
505 0.022131 6.876461
506 0.021938 6.898399
507 0.021356 6.919755
508 0.021029 6.940784
509 0.022309 6.963093
510 0.021721 6.984814
511 0.021550 7.006364
512 0.021400 7.027764
513 0.021232 7.048996
514 0.021219 7.070215
515 0.021312 7.091527
516 0.021337 7.112864
517 0.021597 7.134461
518 0.021542 7.156003
519 0.022028 7.178031
520 0.021451 7.199482
521 0.021483 7.220965
522 0.019562 7.240527
523 0.021092 7.261619
524 0.021443 7.283062
525 0.022021 7.305083
526 0.021988 7.327071
527 0.022163 7.349234
528 0.021629 7.370863
529 0.018751 7.389614
530 0.021011 7.410625
531 0.020434 7.431059
532 0.021219 7.452278
533 0.022177 7.474455
534 0.021709 7.496164
535 0.021807 7.517971
536 0.022822 7.540793
537 0.021396 7.562189
538 0.018937 7.581126
539 0.020843 7.601969
540 0.021971 7.623940
541 0.021930 7.645870
542 0.022432 7.668302
543 0.022277 7.690579
544 0.023396 7.713975
545 0.022549 7.736524
546 0.020011 7.756535
547 0.022028 7.778563
548 0.022514 7.801077
549 0.022345 7.823422
550 0.022707 7.846129
551 0.021755 7.867884
552 0.022303 7.890187
553 0.019494 7.909681
554 0.016624 7.926305
555 0.022828 7.949133
556 0.022386 7.971519
557 0.022481 7.994000
558 0.019549 8.013549
559 0.017007 8.030556
560 0.021025 8.051581
561 0.022774 8.074355
562 0.022996 8.097351
563 0.020142 8.117493
564 0.022407 8.139900
565 0.020459 8.160359
566 0.019060 8.179419
567 0.021741 8.201160
568 0.019504 8.220664
569 0.022009 8.242673
570 0.023628 8.266301
571 0.022539 8.288840
572 0.018975 8.307815
573 0.021043 8.328858
574 0.022817 8.351675
575 0.020445 8.372120
576 0.022142 8.394262
577 0.021342 8.415604
578 0.022019 8.437623
579 0.022949 8.460572
580 0.023273 8.483845
581 0.023098 8.506943
582 0.022100 8.529043
583 0.019509 8.548552
584 0.021827 8.570379
585 0.022864 8.593243
586 0.023027 8.616270
587 0.020711 8.636981
588 0.023254 8.660235
589 0.024293 8.684528
590 0.023449 8.707977
591 0.023310 8.731287
592 0.023280 8.754567
593 0.023291 8.777858
594 0.023479 8.801337
595 0.023449 8.824786
596 0.023610 8.848396
597 0.023854 8.872250
598 0.021158 8.893408
599 0.020733 8.914141
600 0.019357 8.933498
601 0.022032 8.955530
602 0.021250 8.976780
603 0.022877 8.999657
604 0.023266 9.022923
605 0.023739 9.046662
606 0.024084 9.070746
607 0.023618 9.094364
608 0.020860 9.115224
609 0.022933 9.138157
610 0.021415 9.159572
611 0.023226 9.182798
612 0.023750 9.206548
613 0.022701 9.229249
614 0.022862 9.252111
615 0.022628 9.274739
616 0.019479 9.294218
617 0.022317 9.316535
618 0.020121 9.336656
619 0.023715 9.360371
620 0.023924 9.384295
621 0.023767 9.408062
622 0.024088 9.432150
623 0.022727 9.454877
624 0.023492 9.478369
625 0.023375 9.501744
626 0.022196 9.523940
627 0.023798 9.547738
628 0.023885 9.571623
629 0.022489 9.594112
630 0.023886 9.617998
631 0.024625 9.642623
632 0.024340 9.666963
633 0.022167 9.689130
634 0.023826 9.712956
635 0.022971 9.735927
636 0.022309 9.758236
637 0.022219 9.780455
638 0.022018 9.802473
639 0.024166 9.826639
640 0.021902 9.848541
641 0.024024 9.872565
642 0.024617 9.897182
643 0.024389 9.921571
644 0.024920 9.946491
645 0.024476 9.970967
646 0.025237 9.996204
647 0.023723 10.019927
648 0.024665 10.044592
649 0.024528 10.069120
650 0.024778 10.093898
651 0.023605 10.117503
652 0.021199 10.138702
653 0.023957 10.162659
654 0.024974 10.187633
655 0.023475 10.211108
656 0.024663 10.235771
657 0.025188 10.260959
658 0.025680 10.286639
659 0.024622 10.311261
660 0.022274 10.333535
661 0.019209 10.352744
662 0.023705 10.376449
663 0.024322 10.400771
664 0.025025 10.425796
665 0.025412 10.451208
666 0.025751 10.476959
667 0.025603 10.502562
668 0.022824 10.525386
669 0.018731 10.544117
670 0.023787 10.567904
671 0.025166 10.593070
672 0.025656 10.618726
673 0.021273 10.639999
674 0.018246 10.658245
675 0.016986 10.675231
676 0.020898 10.696129
677 0.024651 10.720780
678 0.025351 10.746131
679 0.025534 10.771665
680 0.021085 10.792750
681 0.024207 10.816957
682 0.023387 10.840344
683 0.025056 10.865400
684 0.025497 10.890897
685 0.026331 10.917228
686 0.026581 10.943809
687 0.025164 10.968973
688 0.025426 10.994399
689 0.022785 11.017184
690 0.025436 11.042620
691 0.025910 11.068530
692 0.025817 11.094347
693 0.025785 11.120132
694 0.025890 11.146022
695 0.025921 11.171943
696 0.021103 11.193046
697 0.015017 11.208063
698 0.014835 11.222898
699 0.014749 11.237647
700 0.014494 11.252141
701 0.014784 11.266925
702 0.017517 11.284442
703 0.026794 11.311236
704 0.027424 11.338660
705 0.027568 11.366228
706 0.027405 11.393633
707 0.023773 11.417406
708 0.027346 11.444752
709 0.027295 11.472047
710 0.027435 11.499482
711 0.027402 11.526884
712 0.022331 11.549215
713 0.026190 11.575405
714 0.026380 11.601785
715 0.024016 11.625801
716 0.026050 11.651851
717 0.021833 11.673684
718 0.026008 11.699692
719 0.689573 12.389265
720 0.654142 13.043407
721 0.679630 13.723037
722 0.660723 14.383760
723 0.662616 15.046376
724 0.667458 15.713834
725 0.653846 16.367680
726 0.656509 17.024189
727 0.648153 17.672342
728 0.653291 18.325633
729 0.664547 18.990180
730 0.652237 19.642417
731 0.654495 20.296912
732 0.645401 20.942313
733 0.637617 21.579930
734 0.650569 22.230499
735 0.625536 22.856035
736 0.636061 23.492096
737 0.672366 24.164462
738 0.644606 24.809068
739 0.652071 25.461139
740 0.646823 26.107962
741 0.623851 26.731813
742 0.623530 27.355343
743 0.619880 27.975223
744 0.631208 28.606431
745 0.627885 29.234316
746 0.619825 29.854141
747 0.631696 30.485837
748 0.621325 31.107162
749 0.619896 31.727058
750 0.642976 32.370034
751 0.690607 33.060641
752 0.934888 33.995529
753 0.681608 34.677137
754 0.664463 35.341600
755 0.624432 35.966032
756 0.637749 36.603781
757 0.618460 37.222241
758 0.626900 37.849141
759 0.613109 38.462250
760 0.611826 39.074076
761 0.618620 39.692696
762 0.646296 40.338992
763 0.626861 40.965853
764 0.620284 41.586137
765 0.616617 42.202754
766 0.616232 42.818986
767 0.607982 43.426968
768 0.625970 44.052938
769 0.580687 44.633625
770 0.569169 45.202794
771 0.565396 45.768190
772 0.546455 46.314645
773 0.557463 46.872108
774 0.551748 47.423856
775 0.563776 47.987632
776 0.541923 48.529555
777 0.539948 49.069503
778 0.552928 49.622431
779 0.530577 50.153008
780 0.518432 50.671440
781 0.516853 51.188293
782 0.531968 51.720261
783 0.518369 52.238630
784 0.507628 52.746258
785 0.519901 53.266159
786 0.485053 53.751212
787 0.479565 54.230777
788 0.482088 54.712865
789 0.492767 55.205632
790 0.461032 55.666664
791 0.467356 56.134020
792 0.452475 56.586495
793 0.457495 57.043990
794 0.448239 57.492229
795 0.440131 57.932360
796 0.432491 58.364851
797 0.447162 58.812013
798 0.441909 59.253922
799 0.433664 59.687586
800 0.422480 60.110066
801 0.421286 60.531352
802 0.405034 60.936386
803 0.402358 61.338744
804 0.400105 61.738849
805 0.375811 62.114660
806 0.419687 62.534347
807 0.386706 62.921053
808 0.383072 63.304125
809 0.375602 63.679727
810 0.367424 64.047151
811 0.353876 64.401027
812 0.353906 64.754933
813 0.351158 65.106091
814 0.352692 65.458783
815 0.350338 65.809121
816 0.346463 66.155584
817 0.353569 66.509153
818 0.332501 66.841654
819 0.321365 67.163019
820 0.336014 67.499033
821 0.339046 67.838079
822 0.314369 68.152448
823 0.307142 68.459590
824 0.307692 68.767282
825 0.302512 69.069794
826 0.293846 69.363640
827 0.286543 69.650183
828 0.282078 69.932261
829 0.279295 70.211556
830 0.279299 70.490855
831 0.287109 70.777964
832 0.280713 71.058677
833 0.283335 71.342012
834 0.266229 71.608241
835 0.255098 71.863339
836 0.257722 72.121061
837 0.251971 72.373032
838 0.227888 72.600920
839 0.240132 72.841052
840 0.240672 73.081724
841 0.242106 73.323830
842 0.256834 73.580664
843 0.241469 73.822133
844 0.224309 74.046442
845 0.226249 74.272691
846 0.224425 74.497116
847 0.216060 74.713176
848 0.218634 74.931810
849 0.210170 75.141980
850 0.208734 75.350714
851 0.208011 75.558725
852 0.204909 75.763634
853 0.203642 75.967276
854 0.227375 76.194651
855 0.221430 76.416081
856 0.202948 76.619029
857 0.202582 76.821611
858 0.194872 77.016483
859 0.187361 77.203844
860 0.186475 77.390319
861 0.168093 77.558412
862 0.179121 77.737533
863 0.171834 77.909367
864 0.169105 78.078472
865 0.154485 78.232957
866 0.152904 78.385861
867 0.157484 78.543345
868 0.155421 78.698766
869 0.158039 78.856805
870 0.162170 79.018975
871 0.150351 79.169326
872 0.148367 79.317693
873 0.168482 79.486175
874 0.177956 79.664131
875 0.155998 79.820129
876 0.157142 79.977271
877 0.136233 80.113504
878 0.128011 80.241515
879 0.123535 80.365050
880 0.121312 80.486362
881 0.113069 80.599431
882 0.112434 80.711865
883 0.103004 80.814869
884 0.099853 80.914722
885 0.085914 81.000636
886 0.072724 81.073360
887 0.094378 81.167738
888 0.079278 81.247016
done 888 0.006924 81.253940
