#fmcad13 secondnet datacenter tree_2000.20, instance vn2_5.2
init 0.000104 0.000104
1 0.073635 0.073635
2 0.063856 0.137491
3 0.056615 0.194106
4 0.088945 0.283051
5 0.073066 0.356117
6 0.083732 0.439849
7 0.057693 0.497542
8 0.057014 0.554556
9 0.059159 0.613715
10 0.058890 0.672605
11 0.060334 0.732939
12 0.076385 0.809324
13 0.075447 0.884771
14 0.086763 0.971534
15 3.479375 4.450909
16 3.471025 7.921934
17 3.490178 11.412112
18 3.516602 14.928714
19 3.508298 18.437012
20 3.496334 21.933346
21 3.501400 25.434746
22 3.536176 28.970922
23 3.514431 32.485353
24 3.521740 36.007093
25 3.537701 39.544794
26 3.546195 43.090989
27 3.549958 46.640947
28 3.509695 50.150642
29 3.515985 53.666627
30 3.520121 57.186748
31 3.528598 60.715346
32 3.542307 64.257653
33 3.505801 67.763454
34 3.513395 71.276849
35 3.520305 74.797154
36 3.514439 78.311593
37 3.523445 81.835038
38 3.506601 85.341639
39 3.520390 88.862029
40 3.508033 92.370062
41 3.510851 95.880913
42 3.502169 99.383082
43 3.497353 102.880435
44 3.521843 106.402278
45 3.522396 109.924674
46 3.523453 113.448127
47 3.515276 116.963403
48 3.509910 120.473313
49 3.525449 123.998762
50 3.522403 127.521165
51 3.548649 131.069814
52 3.518301 134.588115
53 3.507024 138.095139
54 3.516866 141.612005
55 3.542529 145.154534
56 3.516733 148.671267
57 3.521127 152.192394
58 3.503391 155.695785
59 3.541908 159.237693
60 3.554719 162.792412
61 3.515046 166.307458
62 3.520107 169.827565
63 3.515354 173.342919
64 3.517801 176.860720
65 3.539487 180.400207
66 3.534365 183.934572
67 3.522400 187.456972
68 3.517385 190.974357
69 3.521037 194.495394
70 3.530532 198.025926
71 3.508346 201.534272
72 3.520887 205.055159
73 3.518917 208.574076
74 3.551053 212.125129
75 3.524971 215.650100
76 3.503763 219.153863
77 3.518307 222.672170
78 3.519078 226.191248
79 3.527115 229.718363
80 3.519218 233.237581
81 3.504322 236.741903
82 3.547414 240.289317
83 3.519665 243.808982
84 3.531964 247.340946
85 3.512958 250.853904
86 3.507195 254.361099
87 3.527166 257.888265
88 3.531517 261.419782
89 3.515042 264.934824
90 3.519693 268.454517
91 3.513983 271.968500
92 3.513855 275.482355
93 3.540788 279.023143
94 3.516174 282.539317
95 3.517081 286.056398
96 3.510480 289.566878
97 3.511509 293.078387
98 3.529938 296.608325
99 3.519646 300.127971
100 3.515725 303.643696
101 3.503878 307.147574
102 3.515415 310.662989
103 3.530692 314.193681
104 3.506459 317.700140
105 3.522702 321.222842
106 3.534788 324.757630
107 3.551509 328.309139
108 3.524430 331.833569
109 3.504078 335.337647
110 3.513314 338.850961
111 3.520546 342.371507
112 3.527204 345.898711
113 3.526322 349.425033
114 3.503805 352.928838
115 3.523233 356.452071
116 3.503254 359.955325
117 3.510422 363.465747
118 3.514470 366.980217
119 3.507747 370.487964
120 3.518114 374.006078
121 3.515816 377.521894
122 3.526092 381.047986
123 3.512805 384.560791
124 3.501608 388.062399
125 3.519202 391.581601
126 3.526732 395.108333
127 3.521284 398.629617
128 3.514223 402.143840
129 3.503821 405.647661
130 3.511571 409.159232
131 3.538258 412.697490
132 3.518301 416.215791
133 3.543153 419.758944
134 3.513812 423.272756
135 3.512087 426.784843
136 3.531134 430.315977
137 3.509599 433.825576
138 3.520284 437.345860
139 3.511463 440.857323
140 3.520283 444.377606
141 3.529782 447.907388
142 3.505397 451.412785
143 3.536579 454.949364
144 3.513361 458.462725
145 3.513764 461.976489
146 3.528401 465.504890
147 3.507340 469.012230
148 3.512428 472.524658
149 3.511674 476.036332
150 3.534272 479.570604
151 3.518521 483.089125
152 3.503434 486.592559
153 3.513740 490.106299
154 3.515346 493.621645
155 3.526123 497.147768
156 3.508575 500.656343
157 3.501601 504.157944
158 3.512091 507.670035
159 3.525441 511.195476
160 3.525847 514.721323
161 3.509778 518.231101
162 3.501611 521.732712
163 3.522038 525.254750
164 3.529689 528.784439
165 3.519990 532.304429
166 3.510406 535.814835
167 3.503539 539.318374
168 3.523127 542.841501
169 3.534480 546.375981
170 3.514296 549.890277
171 3.519780 553.410057
172 3.509574 556.919631
173 3.509822 560.429453
174 3.536025 563.965478
175 3.509557 567.475035
176 3.512125 570.987160
177 3.532218 574.519378
178 3.507899 578.027277
179 3.519219 581.546496
180 3.485904 585.032400
181 3.533039 588.565439
182 3.524782 592.090221
183 3.513741 595.603962
184 3.534131 599.138093
185 3.511538 602.649631
186 3.538033 606.187664
187 3.518270 609.705934
188 3.521335 613.227269
189 3.521744 616.749013
190 3.513241 620.262254
191 3.516357 623.778611
192 3.522973 627.301584
193 3.520394 630.821978
194 3.544392 634.366370
195 3.512984 637.879354
196 3.518473 641.397827
197 3.518563 644.916390
198 3.523007 648.439397
199 3.514939 651.954336
200 3.509528 655.463864
201 3.516846 658.980710
202 3.529989 662.510699
203 3.526632 666.037331
204 3.521127 669.558458
205 3.504666 673.063124
206 3.518001 676.581125
207 3.541894 680.123019
208 3.517898 683.640917
209 3.519495 687.160412
210 3.515515 690.675927
211 3.521606 694.197533
212 3.535963 697.733496
213 3.516453 701.249949
214 3.521576 704.771525
215 3.512808 708.284333
216 3.519759 711.804092
217 3.538446 715.342538
218 3.510242 718.852780
219 3.522007 722.374787
220 3.504440 725.879227
221 3.522499 729.401726
222 3.531104 732.932830
223 3.509279 736.442109
224 3.515212 739.957321
225 3.520783 743.478104
226 3.523394 747.001498
227 3.557442 750.558940
228 3.500865 754.059805
229 3.513532 757.573337
230 3.520053 761.093390
231 3.522727 764.616117
232 3.520176 768.136293
233 3.501092 771.637385
234 3.513688 775.151073
235 3.530939 778.682012
236 3.524418 782.206430
237 3.511091 785.717521
238 3.508850 789.226371
239 3.505454 792.731825
240 3.500523 796.232348
241 3.479612 799.711960
242 3.468656 803.180616
243 3.461027 806.641643
244 3.469433 810.111076
245 3.491764 813.602840
246 3.475958 817.078798
247 3.477227 820.556025
248 3.463019 824.019044
249 3.484496 827.503540
250 3.497160 831.000700
251 3.479186 834.479886
252 3.484174 837.964060
253 3.490817 841.454877
254 3.473941 844.928818
255 3.505138 848.433956
256 3.471811 851.905767
257 3.492924 855.398691
258 3.468841 858.867532
259 3.478031 862.345563
260 3.489954 865.835517
261 3.461291 869.296808
262 3.472875 872.769683
263 3.476873 876.246556
264 3.482316 879.728872
265 3.492021 883.220893
266 3.471826 886.692719
267 3.487179 890.179898
268 3.476566 893.656464
269 3.493666 897.150130
270 3.477638 900.627768
271 3.471657 904.099425
272 3.483820 907.583245
273 3.382454 910.965699
274 3.525020 914.490719
275 3.442089 917.932808
276 3.439531 921.372339
277 3.445081 924.817420
278 3.516513 928.333933
279 3.517861 931.851794
280 3.489268 935.341062
281 3.348024 938.689086
282 3.380610 942.069696
283 3.385596 945.455292
284 3.351981 948.807273
285 3.441003 952.248276
286 3.475776 955.724052
287 3.476851 959.200903
288 3.496850 962.697753
289 3.379163 966.076916
290 3.448172 969.525088
291 3.405710 972.930798
292 3.469707 976.400505
293 3.505664 979.906169
294 3.489327 983.395496
295 3.493841 986.889337
296 3.463605 990.352942
297 3.355054 993.707996
298 3.399688 997.107684
299 3.355499 1000.463183
300 3.426451 1003.889634
301 3.451685 1007.341319
302 3.477999 1010.819318
303 3.475455 1014.294773
304 3.466913 1017.761686
305 3.399206 1021.160892
306 3.451748 1024.612640
307 3.418671 1028.031311
308 3.437629 1031.468940
309 3.441734 1034.910674
310 3.444762 1038.355436
311 3.375556 1041.730992
312 3.331943 1045.062935
313 3.244295 1048.307230
314 3.350236 1051.657466
315 3.440003 1055.097469
316 3.442739 1058.540208
317 3.328482 1061.868690
318 3.422451 1065.291141
319 3.293855 1068.584996
320 3.333818 1071.918814
321 3.461189 1075.380003
322 3.469483 1078.849486
323 3.332144 1082.181630
324 3.433031 1085.614661
325 3.392572 1089.007233
326 3.403147 1092.410380
327 3.320119 1095.730499
328 3.261279 1098.991778
329 3.295626 1102.287404
330 3.425313 1105.712717
331 3.408162 1109.120879
332 3.306091 1112.426970
333 3.328392 1115.755362
334 3.397752 1119.153114
335 3.258056 1122.411170
336 3.391685 1125.802855
337 3.310888 1129.113743
338 3.410923 1132.524666
339 3.331952 1135.856618
340 3.378543 1139.235161
341 3.395962 1142.631123
342 3.361973 1145.993096
343 3.350378 1149.343474
344 3.397449 1152.740923
345 3.212013 1155.952936
346 3.377777 1159.330713
347 3.341807 1162.672520
348 3.342260 1166.014780
349 3.221773 1169.236553
350 3.371045 1172.607598
351 3.356486 1175.964084
352 3.373816 1179.337900
353 3.635585 1182.973485
354 3.529379 1186.502864
355 3.715738 1190.218602
356 3.586627 1193.805229
357 3.438841 1197.244070
358 3.478654 1200.722724
359 3.300480 1204.023204
360 3.304140 1207.327344
361 3.267266 1210.594610
362 3.212073 1213.806683
363 3.272211 1217.078894
364 3.131168 1220.210062
365 3.168686 1223.378748
366 3.236508 1226.615256
367 3.281431 1229.896687
368 3.153980 1233.050667
369 3.163725 1236.214392
370 3.133232 1239.347624
371 3.189501 1242.537125
372 3.190579 1245.727704
373 3.186152 1248.913856
374 3.142966 1252.056822
375 3.234742 1255.291564
376 3.092006 1258.383570
377 3.081435 1261.465005
378 3.223307 1264.688312
379 3.100373 1267.788685
380 3.066500 1270.855185
381 3.171506 1274.026691
382 3.242125 1277.268816
383 3.180464 1280.449280
384 3.347242 1283.796522
385 3.331733 1287.128255
386 3.351076 1290.479331
387 3.280393 1293.759724
388 3.056704 1296.816428
389 3.128970 1299.945398
390 3.094135 1303.039533
391 2.972248 1306.011781
392 3.032528 1309.044309
393 3.137521 1312.181830
394 3.123190 1315.305020
395 3.009275 1318.314295
396 3.079825 1321.394120
397 3.077277 1324.471397
398 2.968506 1327.439903
399 3.038620 1330.478523
400 3.014778 1333.493301
401 2.971598 1336.464899
402 3.049450 1339.514349
403 3.108193 1342.622542
404 3.072054 1345.694596
405 2.992342 1348.686938
406 2.896990 1351.583928
407 2.872920 1354.456848
408 2.960878 1357.417726
409 2.862202 1360.279928
410 2.999796 1363.279724
411 2.882739 1366.162463
412 2.917814 1369.080277
413 2.841112 1371.921389
414 2.835095 1374.756484
415 2.816574 1377.573058
416 2.779938 1380.352996
417 2.822317 1383.175313
418 2.833901 1386.009214
419 2.833495 1388.842709
420 2.843132 1391.685841
421 2.812300 1394.498141
422 2.775540 1397.273681
423 2.782905 1400.056586
424 2.668047 1402.724633
425 2.701770 1405.426403
426 2.671083 1408.097486
427 2.617355 1410.714841
428 2.605320 1413.320161
429 2.722758 1416.042919
430 2.627981 1418.670900
431 2.656948 1421.327848
432 2.592582 1423.920430
433 2.490489 1426.410919
434 2.543608 1428.954527
435 2.441699 1431.396226
436 2.441469 1433.837695
437 2.427900 1436.265595
438 2.364739 1438.630334
439 2.347109 1440.977443
440 2.357269 1443.334712
441 2.362802 1445.697514
442 2.338530 1448.036044
443 2.263733 1450.299777
444 2.264996 1452.564773
445 2.241977 1454.806750
446 2.229756 1457.036506
447 2.315959 1459.352465
448 2.236829 1461.589294
449 2.126132 1463.715426
450 2.173471 1465.888897
451 2.114610 1468.003507
452 2.090501 1470.094008
453 2.017201 1472.111209
454 2.066642 1474.177851
455 1.992985 1476.170836
456 2.001348 1478.172184
457 2.015808 1480.187992
458 1.980833 1482.168825
459 1.975877 1484.144702
460 1.942658 1486.087360
461 1.942949 1488.030309
462 1.908362 1489.938671
463 1.863610 1491.802281
464 1.829676 1493.631957
465 1.848867 1495.480824
466 1.807052 1497.287876
467 1.800163 1499.088039
468 1.769037 1500.857076
469 1.732114 1502.589190
470 1.694181 1504.283371
471 1.681023 1505.964394
472 1.672011 1507.636405
473 1.645690 1509.282095
474 1.619309 1510.901404
475 1.576851 1512.478255
476 1.578201 1514.056456
477 1.531618 1515.588074
478 1.529103 1517.117177
479 1.480843 1518.598020
480 1.486575 1520.084595
481 1.450567 1521.535162
482 1.421769 1522.956931
483 1.373407 1524.330338
484 1.352564 1525.682902
485 1.315453 1526.998355
486 1.299205 1528.297560
487 1.270954 1529.568514
488 1.246877 1530.815391
489 1.200953 1532.016344
490 1.215856 1533.232200
491 1.153702 1534.385902
492 1.162507 1535.548409
493 1.125330 1536.673739
494 1.103615 1537.777354
495 1.057554 1538.834908
496 1.049366 1539.884274
497 1.016804 1540.901078
498 0.999570 1541.900648
499 0.971901 1542.872549
500 0.937745 1543.810294
501 0.915423 1544.725717
502 0.884208 1545.609925
503 0.844284 1546.454209
504 0.826559 1547.280768
505 0.777896 1548.058664
506 0.766288 1548.824952
507 0.735403 1549.560355
508 0.723601 1550.283956
done 508 0.692483 1550.976439
