#fmcad13 secondnet datacenter tree16_2000.20, instance vn2_3.2
init 0.000065 0.000065
1 0.017986 0.017986
2 0.023010 0.040996
3 0.017189 0.058185
4 0.016008 0.074193
5 0.014741 0.088934
6 0.014385 0.103319
7 0.014359 0.117678
8 0.014501 0.132179
9 0.026978 0.159157
10 0.026346 0.185503
11 0.021082 0.206585
12 0.017680 0.224265
13 0.015729 0.239994
14 0.015505 0.255499
15 0.027236 0.282735
16 0.025149 0.307884
17 0.026178 0.334062
18 0.020249 0.354311
19 0.019027 0.373338
20 0.027154 0.400492
21 0.026299 0.426791
22 0.024518 0.451309
23 0.028914 0.480223
24 0.024150 0.504373
25 0.025977 0.530350
26 0.021306 0.551656
27 0.027303 0.578959
28 0.020507 0.599466
29 0.026176 0.625642
30 0.022801 0.648443
31 0.018885 0.667328
32 0.016213 0.683541
33 0.019411 0.702952
34 0.026946 0.729898
35 0.021015 0.750913
36 0.017406 0.768319
37 0.019480 0.787799
38 0.020260 0.808059
39 0.025719 0.833778
40 0.024577 0.858355
41 0.027387 0.885742
42 0.024053 0.909795
43 0.023368 0.933163
44 0.026372 0.959535
45 0.027878 0.987413
46 0.026301 1.013714
47 0.024076 1.037790
48 0.024838 1.062628
49 0.025920 1.088548
50 0.025872 1.114420
51 0.022684 1.137104
52 0.017770 1.154874
53 0.019886 1.174760
54 0.024700 1.199460
55 0.024925 1.224385
56 0.022694 1.247079
57 0.029471 1.276550
58 0.026836 1.303386
59 0.027003 1.330389
60 0.024634 1.355023
61 0.024996 1.380019
62 0.024989 1.405008
63 0.026310 1.431318
64 0.023604 1.454922
65 0.026024 1.480946
66 0.024327 1.505273
67 0.019069 1.524342
68 0.017220 1.541562
69 0.025823 1.567385
70 0.027387 1.594772
71 0.027876 1.622648
72 0.019365 1.642013
73 0.018061 1.660074
74 0.028562 1.688636
75 0.025054 1.713690
76 0.030685 1.744375
77 0.025421 1.769796
78 0.022799 1.792595
79 0.026301 1.818896
80 0.029570 1.848466
81 0.025262 1.873728
82 0.026757 1.900485
83 0.021642 1.922127
84 0.025500 1.947627
85 0.020414 1.968041
86 0.026100 1.994141
87 0.024580 2.018721
88 0.023198 2.041919
89 0.026237 2.068156
90 0.023067 2.091223
91 0.019585 2.110808
92 0.019899 2.130707
93 0.025187 2.155894
94 0.025318 2.181212
95 0.020531 2.201743
96 0.026709 2.228452
97 0.027015 2.255467
98 0.025934 2.281401
99 0.024277 2.305678
100 0.025525 2.331203
101 0.024918 2.356121
102 0.025575 2.381696
103 0.023127 2.404823
104 0.026022 2.430845
105 0.025625 2.456470
106 0.019587 2.476057
107 0.016809 2.492866
108 0.024763 2.517629
109 0.023248 2.540877
110 0.026150 2.567027
111 0.025218 2.592245
112 0.022367 2.614612
113 0.018324 2.632936
114 0.019741 2.652677
115 0.025888 2.678565
116 0.025873 2.704438
117 0.025338 2.729776
118 0.027471 2.757247
119 0.026681 2.783928
120 0.020939 2.804867
121 0.026109 2.830976
122 0.025908 2.856884
123 0.024348 2.881232
124 0.025823 2.907055
125 0.026875 2.933930
126 0.026743 2.960673
127 0.027390 2.988063
128 0.028746 3.016809
129 0.026012 3.042821
130 0.019318 3.062139
131 0.017248 3.079387
132 0.019768 3.099155
133 0.025672 3.124827
134 0.026734 3.151561
135 0.026227 3.177788
136 0.021959 3.199747
137 0.024102 3.223849
138 0.027446 3.251295
139 0.025201 3.276496
140 0.025763 3.302259
141 0.024816 3.327075
142 0.026103 3.353178
143 0.025873 3.379051
144 0.019396 3.398447
145 0.024537 3.422984
146 0.022986 3.445970
147 0.024930 3.470900
148 0.025087 3.495987
149 0.024467 3.520454
150 0.025507 3.545961
151 0.028427 3.574388
152 0.023541 3.597929
153 0.024057 3.621986
154 0.024878 3.646864
155 0.027639 3.674503
156 0.026268 3.700771
157 0.024956 3.725727
158 0.025119 3.750846
159 0.022584 3.773430
160 0.024440 3.797870
161 0.029380 3.827250
162 0.024422 3.851672
163 0.024497 3.876169
164 0.024589 3.900758
165 0.026870 3.927628
166 0.024655 3.952283
167 0.025351 3.977634
168 0.024857 4.002491
169 0.026705 4.029196
170 0.022178 4.051374
171 0.025474 4.076848
172 0.028143 4.104991
173 0.028003 4.132994
174 0.028391 4.161385
175 0.021520 4.182905
176 0.022648 4.205553
177 0.024060 4.229613
178 0.025301 4.254914
179 0.026211 4.281125
180 0.025567 4.306692
181 0.026570 4.333262
182 0.021199 4.354461
183 0.023843 4.378304
184 0.025042 4.403346
185 0.024307 4.427653
186 0.026426 4.454079
187 0.025156 4.479235
188 0.023791 4.503026
189 0.028471 4.531497
190 0.022973 4.554470
191 0.028233 4.582703
192 0.025511 4.608214
193 0.023975 4.632189
194 0.024124 4.656313
195 0.026489 4.682802
196 0.021444 4.704246
197 0.022985 4.727231
198 0.027392 4.754623
199 0.025393 4.780016
200 0.022289 4.802305
201 0.023142 4.825447
202 0.020995 4.846442
203 0.018439 4.864881
204 0.017126 4.882007
205 0.015705 4.897712
206 0.018654 4.916366
207 0.024463 4.940829
208 0.020057 4.960886
209 0.024959 4.985845
210 0.019442 5.005287
211 0.023996 5.029283
212 0.026199 5.055482
213 0.028812 5.084294
214 0.028344 5.112638
215 0.024023 5.136661
216 0.025862 5.162523
217 0.025885 5.188408
218 0.024760 5.213168
219 0.025778 5.238946
220 0.022467 5.261413
221 0.019253 5.280666
222 0.017383 5.298049
223 0.015860 5.313909
224 0.014903 5.328812
225 0.023504 5.352316
226 0.022921 5.375237
227 0.023071 5.398308
228 0.022117 5.420425
229 0.025222 5.445647
230 0.024194 5.469841
231 0.023397 5.493238
232 0.018155 5.511393
233 0.018690 5.530083
234 0.025329 5.555412
235 0.024754 5.580166
236 0.022487 5.602653
237 0.018380 5.621033
238 0.016755 5.637788
239 0.021144 5.658932
240 0.023296 5.682228
241 0.025124 5.707352
242 0.025677 5.733029
243 0.020982 5.754011
244 0.017732 5.771743
245 0.018565 5.790308
246 0.025604 5.815912
247 0.024547 5.840459
248 0.026907 5.867366
249 0.023439 5.890805
250 0.026385 5.917190
251 0.023710 5.940900
252 0.021667 5.962567
253 0.027264 5.989831
254 0.019377 6.009208
255 0.020541 6.029749
256 0.024514 6.054263
257 0.024053 6.078316
258 0.025834 6.104150
259 0.024709 6.128859
260 0.023573 6.152432
261 0.024779 6.177211
262 0.018853 6.196064
263 0.021354 6.217418
264 0.021053 6.238471
265 0.016874 6.255345
266 0.019581 6.274926
267 0.023875 6.298801
268 0.019069 6.317870
269 0.020428 6.338298
270 0.024879 6.363177
271 0.024929 6.388106
272 0.025181 6.413287
273 0.025722 6.439009
274 0.024791 6.463800
275 0.022221 6.486021
276 0.022132 6.508153
277 0.021175 6.529328
278 0.017507 6.546835
279 0.022568 6.569403
280 0.024953 6.594356
281 0.024163 6.618519
282 0.027709 6.646228
283 0.027426 6.673654
284 0.024913 6.698567
285 0.019396 6.717963
286 0.023489 6.741452
287 0.021565 6.763017
288 0.017465 6.780482
289 0.025580 6.806062
290 0.024414 6.830476
291 0.023034 6.853510
292 0.021637 6.875147
293 0.018328 6.893475
294 0.019294 6.912769
295 0.024880 6.937649
296 0.023160 6.960809
297 0.022976 6.983785
298 0.023226 7.007011
299 0.023747 7.030758
300 0.023192 7.053950
301 0.023840 7.077790
302 0.022569 7.100359
303 0.026493 7.126852
304 0.021483 7.148335
305 0.026908 7.175243
306 0.024831 7.200074
307 0.025341 7.225415
308 0.019005 7.244420
309 0.016524 7.260944
310 0.019561 7.280505
311 0.022743 7.303248
312 0.024148 7.327396
313 0.018508 7.345904
314 0.015776 7.361680
315 0.016244 7.377924
316 0.025173 7.403097
317 0.023931 7.427028
318 0.026268 7.453296
319 0.020053 7.473349
320 0.026320 7.499669
321 0.023672 7.523341
322 0.024354 7.547695
323 0.024920 7.572615
324 0.019899 7.592514
325 0.017213 7.609727
326 0.015638 7.625365
327 0.014664 7.640029
328 0.015710 7.655739
329 0.024347 7.680086
330 0.025056 7.705142
331 0.023538 7.728680
332 0.024729 7.753409
333 0.025217 7.778626
334 0.021695 7.800321
335 0.023138 7.823459
336 0.025314 7.848773
337 0.024214 7.872987
338 0.025537 7.898524
339 0.021583 7.920107
340 0.020159 7.940266
341 0.023721 7.963987
342 0.021597 7.985584
343 0.025118 8.010702
344 0.021867 8.032569
345 0.018059 8.050628
346 0.020511 8.071139
347 0.026018 8.097157
348 0.020044 8.117201
349 0.023137 8.140338
350 0.021569 8.161907
351 0.025199 8.187106
352 0.025955 8.213061
353 0.027498 8.240559
354 0.025759 8.266318
355 0.020665 8.286983
356 0.026137 8.313120
357 0.021589 8.334709
358 0.026497 8.361206
359 0.023618 8.384824
360 0.026184 8.411008
361 0.023179 8.434187
362 0.025573 8.459760
363 0.027156 8.486916
364 0.025939 8.512855
365 0.027802 8.540657
366 0.022025 8.562682
367 0.026741 8.589423
368 0.020306 8.609729
369 0.021499 8.631228
370 0.023773 8.655001
371 0.023477 8.678478
372 0.017887 8.696365
373 0.015780 8.712145
374 0.014424 8.726569
375 0.013350 8.739919
376 0.017860 8.757779
377 0.020323 8.778102
378 0.023052 8.801154
379 0.025148 8.826302
380 0.025052 8.851354
381 0.020586 8.871940
382 0.025214 8.897154
383 0.019441 8.916595
384 0.025427 8.942022
385 0.025934 8.967956
386 0.022846 8.990802
387 0.024986 9.015788
388 0.019749 9.035537
389 0.021074 9.056611
390 0.024925 9.081536
391 0.023281 9.104817
392 0.025058 9.129875
393 0.018958 9.148833
394 0.025513 9.174346
395 0.023393 9.197739
396 0.018827 9.216566
397 0.016595 9.233161
398 0.024101 9.257262
399 0.020878 9.278140
400 0.026429 9.304569
401 0.024720 9.329289
402 0.022211 9.351500
403 0.024255 9.375755
404 0.024866 9.400621
405 0.023295 9.423916
406 0.023466 9.447382
407 0.019986 9.467368
408 0.017248 9.484616
409 0.024236 9.508852
410 0.024933 9.533785
411 0.025015 9.558800
412 0.023249 9.582049
413 0.025262 9.607311
414 0.019963 9.627274
415 0.024627 9.651901
416 0.017498 9.669399
417 0.021077 9.690476
418 0.025338 9.715814
419 0.024738 9.740552
420 0.018609 9.759161
421 0.016202 9.775363
422 0.014989 9.790352
423 0.013903 9.804255
424 0.023276 9.827531
425 0.025026 9.852557
426 0.020979 9.873536
427 0.017639 9.891175
428 0.016007 9.907182
429 0.014773 9.921955
430 0.013821 9.935776
431 0.013283 9.949059
432 0.019143 9.968202
433 0.023731 9.991933
434 0.021886 10.013819
435 0.018819 10.032638
436 0.018255 10.050893
437 0.023983 10.074876
438 0.021823 10.096699
439 0.025053 10.121752
440 0.024088 10.145840
441 0.025203 10.171043
442 0.023099 10.194142
443 0.021391 10.215533
444 0.027394 10.242927
445 0.023267 10.266194
446 0.023378 10.289572
447 0.027787 10.317359
448 0.021772 10.339131
449 0.018403 10.357534
450 0.022566 10.380100
451 0.023490 10.403590
452 0.020449 10.424039
453 0.027320 10.451359
454 0.027101 10.478460
455 0.023399 10.501859
456 0.025031 10.526890
457 0.026268 10.553158
458 0.021904 10.575062
459 0.018633 10.593695
460 0.016324 10.610019
461 0.015009 10.625028
462 0.023662 10.648690
463 0.027531 10.676221
464 0.020587 10.696808
465 0.023848 10.720656
466 0.024626 10.745282
467 0.019666 10.764948
468 0.025212 10.790160
469 0.024577 10.814737
470 0.026319 10.841056
471 0.023940 10.864996
472 0.020142 10.885138
473 0.022772 10.907910
474 0.026505 10.934415
475 0.019589 10.954004
476 0.025144 10.979148
477 0.020295 10.999443
478 0.025228 11.024671
479 0.023196 11.047867
480 0.021093 11.068960
481 0.023085 11.092045
482 0.023078 11.115123
483 0.023000 11.138123
484 0.024622 11.162745
485 0.023200 11.185945
486 0.018500 11.204445
487 0.019861 11.224306
488 0.023965 11.248271
489 0.024983 11.273254
490 0.021814 11.295068
491 0.024638 11.319706
492 0.023078 11.342784
493 0.023589 11.366373
494 0.019802 11.386175
495 0.017456 11.403631
496 0.024478 11.428109
497 0.024993 11.453102
498 0.023269 11.476371
499 0.024124 11.500495
500 0.021024 11.521519
501 0.023457 11.544976
502 0.021271 11.566247
503 0.023057 11.589304
504 0.020493 11.609797
505 0.022608 11.632405
506 0.023430 11.655835
507 0.022010 11.677845
508 0.023020 11.700865
509 0.021674 11.722539
510 0.024376 11.746915
511 0.023631 11.770546
512 0.022791 11.793337
513 0.024245 11.817582
514 0.023623 11.841205
515 0.023168 11.864373
516 0.022989 11.887362
517 0.021924 11.909286
518 0.022944 11.932230
519 0.022798 11.955028
520 0.023222 11.978250
521 0.020084 11.998334
522 0.016759 12.015093
523 0.014880 12.029973
524 0.013803 12.043776
525 0.013464 12.057240
526 0.025193 12.082433
527 0.021208 12.103641
528 0.024442 12.128083
529 0.018998 12.147081
530 0.016820 12.163901
531 0.015646 12.179547
532 0.023989 12.203536
533 0.024561 12.228097
534 0.023662 12.251759
535 0.024785 12.276544
536 0.024734 12.301278
537 0.024758 12.326036
538 0.023792 12.349828
539 0.021026 12.370854
540 0.024908 12.395762
541 0.021000 12.416762
542 0.024934 12.441696
543 0.018629 12.460325
544 0.021700 12.482025
545 0.023957 12.505982
546 0.020550 12.526532
547 0.026803 12.553335
548 0.020566 12.573901
549 0.023580 12.597481
550 0.024906 12.622387
551 0.022386 12.644773
552 0.025648 12.670421
553 0.022380 12.692801
554 0.026645 12.719446
555 0.023860 12.743306
556 0.024330 12.767636
557 0.020286 12.787922
558 0.021709 12.809631
559 0.026275 12.835906
560 0.026094 12.862000
561 0.022340 12.884340
562 0.024538 12.908878
563 0.024077 12.932955
564 0.024122 12.957077
565 0.023783 12.980860
566 0.024785 13.005645
567 0.021161 13.026806
568 0.023621 13.050427
569 0.023204 13.073631
570 0.023619 13.097250
571 0.024375 13.121625
572 0.023013 13.144638
573 0.023344 13.167982
574 0.022017 13.189999
575 0.017554 13.207553
576 0.014661 13.222214
577 0.015372 13.237586
578 0.016661 13.254247
579 0.014319 13.268566
580 0.018956 13.287522
581 0.018030 13.305552
582 0.015011 13.320563
583 0.014135 13.334698
584 0.013463 13.348161
585 0.012985 13.361146
586 0.012993 13.374139
587 0.026066 13.400205
588 0.024650 13.424855
589 0.024517 13.449372
590 0.025791 13.475163
591 0.019434 13.494597
592 0.021943 13.516540
593 0.024355 13.540895
594 0.021089 13.561984
595 0.017252 13.579236
596 0.022571 13.601807
597 0.018947 13.620754
598 0.016224 13.636978
599 0.015002 13.651980
600 0.016281 13.668261
601 0.018781 13.687042
602 0.021010 13.708052
603 0.019070 13.727122
604 0.022482 13.749604
605 0.023194 13.772798
606 0.020612 13.793410
607 0.025081 13.818491
608 0.017858 13.836349
609 0.015196 13.851545
610 0.024192 13.875737
611 0.020001 13.895738
612 0.022015 13.917753
613 0.023945 13.941698
614 0.020512 13.962210
615 0.025357 13.987567
616 0.023562 14.011129
617 0.024523 14.035652
618 0.025471 14.061123
619 0.022961 14.084084
620 0.022420 14.106504
621 0.025088 14.131592
622 0.024910 14.156502
623 0.020324 14.176826
624 0.018655 14.195481
625 0.024129 14.219610
626 0.023260 14.242870
627 0.024971 14.267841
628 0.024326 14.292167
629 0.025569 14.317736
630 0.025188 14.342924
631 0.023689 14.366613
632 0.021013 14.387626
633 0.023217 14.410843
634 0.020883 14.431726
635 0.023870 14.455596
636 0.020196 14.475792
637 0.017481 14.493273
638 0.018466 14.511739
639 0.023071 14.534810
640 0.024588 14.559398
641 0.023202 14.582600
642 0.020067 14.602667
643 0.026384 14.629051
644 0.022145 14.651196
645 0.023759 14.674955
646 0.025413 14.700368
647 0.024622 14.724990
648 0.022910 14.747900
649 0.021696 14.769596
650 0.020725 14.790321
651 0.020816 14.811137
652 0.022593 14.833730
653 0.023331 14.857061
654 0.020923 14.877984
655 0.023423 14.901407
656 0.018075 14.919482
657 0.023377 14.942859
658 0.022427 14.965286
659 0.021733 14.987019
660 0.022769 15.009788
661 0.024457 15.034245
662 0.021885 15.056130
663 0.022160 15.078290
664 0.021172 15.099462
665 0.017406 15.116868
666 0.023158 15.140026
667 0.024276 15.164302
668 0.023473 15.187775
669 0.024262 15.212037
670 0.022291 15.234328
671 0.021866 15.256194
672 0.025095 15.281289
673 0.021765 15.303054
674 0.019826 15.322880
675 0.024430 15.347310
676 0.018744 15.366054
677 0.016394 15.382448
678 0.015014 15.397462
679 0.014108 15.411570
680 0.024340 15.435910
681 0.024124 15.460034
682 0.024481 15.484515
683 0.021313 15.505828
684 0.022117 15.527945
685 0.024551 15.552496
686 0.018720 15.571216
687 0.015811 15.587027
688 0.023740 15.610767
689 0.024859 15.635626
690 0.022314 15.657940
691 0.022760 15.680700
692 0.023730 15.704430
693 0.022553 15.726983
694 0.023783 15.750766
695 0.022433 15.773199
696 0.024412 15.797611
697 0.020202 15.817813
698 0.023064 15.840877
699 0.022044 15.862921
700 0.021651 15.884572
701 0.017765 15.902337
702 0.016185 15.918522
703 0.017496 15.936018
704 0.023319 15.959337
705 0.022889 15.982226
706 0.023655 16.005881
707 0.024799 16.030680
708 0.023064 16.053744
709 0.022808 16.076552
710 0.018620 16.095172
711 0.023867 16.119039
712 0.022516 16.141555
713 0.023706 16.165261
714 0.024052 16.189313
715 0.021966 16.211279
716 0.022914 16.234193
717 0.022161 16.256354
718 0.022955 16.279309
719 0.019732 16.299041
720 0.023993 16.323034
721 0.019674 16.342708
722 0.018493 16.361201
723 0.017866 16.379067
724 0.022976 16.402043
725 0.024457 16.426500
726 0.024053 16.450553
727 0.024454 16.475007
728 0.021198 16.496205
729 0.023682 16.519887
730 0.024923 16.544810
731 0.024535 16.569345
732 0.023369 16.592714
733 0.021687 16.614401
734 0.023526 16.637927
735 0.021212 16.659139
736 0.023451 16.682590
737 0.024138 16.706728
738 0.021196 16.727924
739 0.017955 16.745879
740 0.016211 16.762090
741 0.015396 16.777486
742 0.014430 16.791916
743 0.015959 16.807875
744 0.021061 16.828936
745 0.023482 16.852418
746 0.023386 16.875804
747 0.023923 16.899727
748 0.023871 16.923598
749 0.023863 16.947461
750 0.023690 16.971151
751 0.021032 16.992183
752 0.017510 17.009693
753 0.015706 17.025399
754 0.014297 17.039696
755 0.020200 17.059896
756 0.019596 17.079492
757 0.025156 17.104648
758 0.019723 17.124371
759 0.015974 17.140345
760 0.014388 17.154733
761 0.019923 17.174656
762 0.017360 17.192016
763 0.019531 17.211547
764 0.023557 17.235104
765 0.018125 17.253229
766 0.015639 17.268868
767 0.014751 17.283619
768 0.013197 17.296816
769 0.022685 17.319501
770 0.025123 17.344624
771 0.020446 17.365070
772 0.024399 17.389469
773 0.026081 17.415550
774 0.022548 17.438098
775 0.022037 17.460135
776 0.021872 17.482007
777 0.017482 17.499489
778 0.015027 17.514516
779 0.014140 17.528656
780 0.019414 17.548070
781 0.022702 17.570772
782 0.023590 17.594362
783 0.022863 17.617225
784 0.022779 17.640004
785 0.022269 17.662273
786 0.021883 17.684156
787 0.021428 17.705584
788 0.020482 17.726066
789 0.024093 17.750159
790 0.022662 17.772821
791 0.017797 17.790618
792 0.021317 17.811935
793 0.020479 17.832414
794 0.017332 17.849746
795 0.019514 17.869260
796 0.024265 17.893525
797 0.024217 17.917742
798 0.019865 17.937607
799 0.024050 17.961657
800 0.022392 17.984049
801 0.024429 18.008478
802 0.019899 18.028377
803 0.024255 18.052632
804 0.022640 18.075272
805 0.018921 18.094193
806 0.016636 18.110829
807 0.015407 18.126236
808 0.014457 18.140693
809 0.024335 18.165028
810 0.020968 18.185996
811 0.022278 18.208274
812 0.018732 18.227006
813 0.022241 18.249247
814 0.019779 18.269026
815 0.022591 18.291617
816 0.019161 18.310778
817 0.020065 18.330843
818 0.023010 18.353853
819 0.021496 18.375349
820 0.020744 18.396093
821 0.017495 18.413588
822 0.016551 18.430139
823 0.018871 18.449010
824 0.016261 18.465271
825 0.023703 18.488974
826 0.022360 18.511334
827 0.025008 18.536342
828 0.026139 18.562481
829 0.023209 18.585690
830 0.024408 18.610098
831 0.022763 18.632861
832 0.016758 18.649619
833 0.015487 18.665106
834 0.014337 18.679443
835 0.023436 18.702879
836 0.025424 18.728303
837 0.022734 18.751037
838 0.024819 18.775856
839 0.024052 18.799908
840 0.021563 18.821471
841 0.022025 18.843496
842 0.017122 18.860618
843 0.022911 18.883529
844 0.023667 18.907196
845 0.022274 18.929470
846 0.021973 18.951443
847 0.021768 18.973211
848 0.023443 18.996654
849 0.021316 19.017970
850 0.017109 19.035079
851 0.015562 19.050641
852 0.016134 19.066775
853 0.022459 19.089234
854 0.023860 19.113094
855 0.021616 19.134710
856 0.023417 19.158127
857 0.021651 19.179778
858 0.016844 19.196622
859 0.014972 19.211594
860 0.014042 19.225636
861 0.013118 19.238754
862 0.021659 19.260413
863 0.019890 19.280303
864 0.020868 19.301171
865 0.021965 19.323136
866 0.021120 19.344256
867 0.025170 19.369426
868 0.021715 19.391141
869 0.021455 19.412596
870 0.022105 19.434701
871 0.021287 19.455988
872 0.021592 19.477580
873 0.017520 19.495100
874 0.019064 19.514164
875 0.022675 19.536839
876 0.024331 19.561170
877 0.022654 19.583824
878 0.020769 19.604593
879 0.023174 19.627767
880 0.019163 19.646930
881 0.022119 19.669049
882 0.024735 19.693784
883 0.024473 19.718257
884 0.022503 19.740760
885 0.022868 19.763628
886 0.016895 19.780523
887 0.014647 19.795170
888 0.018061 19.813231
889 0.022208 19.835439
890 0.021499 19.856938
891 0.019899 19.876837
892 0.020006 19.896843
893 0.021365 19.918208
894 0.022215 19.940423
895 0.020621 19.961044
896 0.021857 19.982901
897 0.021647 20.004548
898 0.023597 20.028145
899 0.021196 20.049341
900 0.022461 20.071802
901 0.018959 20.090761
902 0.024431 20.115192
903 0.024493 20.139685
904 0.024351 20.164036
905 0.022658 20.186694
906 0.020212 20.206906
907 0.016225 20.223131
908 0.020768 20.243899
909 0.021946 20.265845
910 0.023578 20.289423
911 0.018719 20.308142
912 0.021339 20.329481
913 0.023208 20.352689
914 0.021725 20.374414
915 0.021641 20.396055
916 0.023258 20.419313
917 0.018658 20.437971
918 0.022763 20.460734
919 0.023245 20.483979
920 0.023349 20.507328
921 0.019575 20.526903
922 0.016318 20.543221
923 0.015401 20.558622
924 0.014580 20.573202
925 0.023765 20.596967
926 0.023399 20.620366
927 0.021703 20.642069
928 0.018018 20.660087
929 0.025425 20.685512
930 0.020782 20.706294
931 0.024005 20.730299
932 0.022180 20.752479
933 0.021579 20.774058
934 0.020543 20.794601
935 0.025118 20.819719
936 0.020504 20.840223
937 0.023533 20.863756
938 0.022682 20.886438
939 0.017650 20.904088
940 0.020899 20.924987
941 0.019804 20.944791
942 0.022550 20.967341
943 0.019150 20.986491
944 0.024450 21.010941
945 0.020382 21.031323
946 0.022548 21.053871
947 0.022038 21.075909
948 0.020920 21.096829
949 0.022752 21.119581
950 0.017814 21.137395
951 0.023008 21.160403
952 0.023511 21.183914
953 0.019574 21.203488
954 0.017382 21.220870
955 0.019721 21.240591
956 0.016222 21.256813
957 0.019617 21.276430
958 0.021074 21.297504
959 0.022956 21.320460
960 0.024035 21.344495
961 0.018399 21.362894
962 0.022798 21.385692
963 0.018459 21.404151
964 0.022616 21.426767
965 0.022647 21.449414
966 0.020016 21.469430
967 0.016193 21.485623
968 0.014775 21.500398
969 0.013884 21.514282
970 0.015063 21.529345
971 0.021458 21.550803
972 0.023311 21.574114
973 0.024694 21.598808
974 0.020665 21.619473
975 0.017050 21.636523
976 0.023251 21.659774
977 0.021851 21.681625
978 0.017928 21.699553
979 0.015006 21.714559
980 0.015386 21.729945
981 0.022688 21.752633
982 0.021822 21.774455
983 0.019117 21.793572
984 0.019057 21.812629
985 0.022922 21.835551
986 0.024436 21.859987
987 0.021000 21.880987
988 0.021145 21.902132
989 0.023369 21.925501
990 0.020071 21.945572
991 0.022521 21.968093
992 0.022257 21.990350
993 0.023471 22.013821
994 0.022556 22.036377
995 0.020364 22.056741
996 0.018924 22.075665
997 0.020584 22.096249
998 0.021420 22.117669
999 0.022343 22.140012
1000 0.021589 22.161601
1001 0.022117 22.183718
1002 0.018222 22.201940
1003 0.022438 22.224378
1004 0.022045 22.246423
1005 0.023097 22.269520
1006 0.018186 22.287706
1007 0.022016 22.309722
1008 0.019783 22.329505
1009 0.018261 22.347766
1010 0.021270 22.369036
1011 0.018821 22.387857
1012 0.021444 22.409301
1013 0.022704 22.432005
1014 0.019643 22.451648
1015 0.016411 22.468059
1016 0.015003 22.483062
1017 0.014047 22.497109
1018 0.020296 22.517405
1019 0.021246 22.538651
1020 0.021132 22.559783
1021 0.017376 22.577159
1022 0.015678 22.592837
1023 0.022188 22.615025
1024 0.018994 22.634019
1025 0.021695 22.655714
1026 0.024332 22.680046
1027 0.021457 22.701503
1028 0.017644 22.719147
1029 0.023720 22.742867
1030 0.024239 22.767106
1031 0.019974 22.787080
1032 0.022559 22.809639
1033 0.019174 22.828813
1034 0.022329 22.851142
1035 0.018895 22.870037
1036 0.015785 22.885822
1037 0.022485 22.908307
1038 0.019618 22.927925
1039 0.019323 22.947248
1040 0.022849 22.970097
1041 0.020955 22.991052
1042 0.020783 23.011835
1043 0.021083 23.032918
1044 0.020109 23.053027
1045 0.020731 23.073758
1046 0.016147 23.089905
1047 0.015278 23.105183
1048 0.022169 23.127352
1049 0.018292 23.145644
1050 0.015826 23.161470
1051 0.021259 23.182729
1052 0.020369 23.203098
1053 0.023604 23.226702
1054 0.020380 23.247082
1055 0.022461 23.269543
1056 0.017877 23.287420
1057 0.021448 23.308868
1058 0.020444 23.329312
1059 0.022128 23.351440
1060 0.020676 23.372116
1061 0.022204 23.394320
1062 0.021825 23.416145
1063 0.021259 23.437404
1064 0.022761 23.460165
1065 0.021295 23.481460
1066 0.022579 23.504039
1067 0.019408 23.523447
1068 0.017422 23.540869
1069 0.023061 23.563930
1070 0.023437 23.587367
1071 0.021696 23.609063
1072 0.017586 23.626649
1073 0.015218 23.641867
1074 0.018609 23.660476
1075 0.019697 23.680173
1076 0.021602 23.701775
1077 0.021899 23.723674
1078 0.021373 23.745047
1079 0.017047 23.762094
1080 0.015377 23.777471
1081 0.024048 23.801519
1082 0.024011 23.825530
1083 0.021329 23.846859
1084 0.017457 23.864316
1085 0.015090 23.879406
1086 0.013735 23.893141
1087 0.012923 23.906064
1088 0.017093 23.923157
1089 0.021660 23.944817
1090 0.024362 23.969179
1091 0.020178 23.989357
1092 0.016183 24.005540
1093 0.014622 24.020162
1094 0.013764 24.033926
1095 0.024089 24.058015
1096 0.022233 24.080248
1097 0.022005 24.102253
1098 0.019749 24.122002
1099 0.021882 24.143884
1100 0.016883 24.160767
1101 0.021534 24.182301
1102 0.022967 24.205268
1103 0.023627 24.228895
1104 0.021391 24.250286
1105 0.017430 24.267716
1106 0.015255 24.282971
1107 0.013981 24.296952
1108 0.012872 24.309824
1109 0.019073 24.328897
1110 0.022777 24.351674
1111 0.021642 24.373316
1112 0.021261 24.394577
1113 0.023316 24.417893
1114 0.021051 24.438944
1115 0.017094 24.456038
1116 0.020435 24.476473
1117 0.022858 24.499331
1118 0.023059 24.522390
1119 0.020441 24.542831
1120 0.023472 24.566303
1121 0.022515 24.588818
1122 0.020871 24.609689
1123 0.022348 24.632037
1124 0.021187 24.653224
1125 0.023328 24.676552
1126 0.020935 24.697487
1127 0.020937 24.718424
1128 0.020309 24.738733
1129 0.018214 24.756947
1130 0.021970 24.778917
1131 0.021535 24.800452
1132 0.020793 24.821245
1133 0.020193 24.841438
1134 0.020777 24.862215
1135 0.023864 24.886079
1136 0.019381 24.905460
1137 0.023488 24.928948
1138 0.021419 24.950367
1139 0.022664 24.973031
1140 0.024137 24.997168
1141 0.020923 25.018091
1142 0.022731 25.040822
1143 0.020974 25.061796
1144 0.020740 25.082536
1145 0.022414 25.104950
1146 0.020931 25.125881
1147 0.020426 25.146307
1148 0.020571 25.166878
1149 0.020214 25.187092
1150 0.024119 25.211211
1151 0.022649 25.233860
1152 0.020643 25.254503
1153 0.021534 25.276037
1154 0.017521 25.293558
1155 0.022302 25.315860
1156 0.022664 25.338524
1157 0.020272 25.358796
1158 0.016638 25.375434
1159 0.021502 25.396936
1160 0.022825 25.419761
1161 0.020361 25.440122
1162 0.021455 25.461577
1163 0.022096 25.483673
1164 0.021781 25.505454
1165 0.016720 25.522174
1166 0.019996 25.542170
1167 0.021981 25.564151
1168 0.019890 25.584041
1169 0.017234 25.601275
1170 0.015027 25.616302
1171 0.013564 25.629866
1172 0.019699 25.649565
1173 0.022582 25.672147
1174 0.022444 25.694591
1175 0.020048 25.714639
1176 0.016485 25.731124
1177 0.020958 25.752082
1178 0.019171 25.771253
1179 0.021393 25.792646
1180 0.019258 25.811904
1181 0.015931 25.827835
1182 0.015791 25.843626
1183 0.012632 25.856258
1184 0.012328 25.868586
1185 0.013239 25.881825
1186 0.017326 25.899151
1187 0.020096 25.919247
1188 0.018591 25.937838
1189 0.017083 25.954921
1190 0.021110 25.976031
1191 0.018647 25.994678
1192 0.015062 26.009740
1193 0.017273 26.027013
1194 0.020297 26.047310
1195 0.023681 26.070991
1196 0.020483 26.091474
1197 0.020563 26.112037
1198 0.019684 26.131721
1199 0.020421 26.152142
1200 0.021269 26.173411
1201 0.020823 26.194234
1202 0.018074 26.212308
1203 0.015408 26.227716
1204 0.014045 26.241761
1205 0.012894 26.254655
1206 0.012007 26.266662
1207 0.016952 26.283614
1208 0.016588 26.300202
1209 0.015946 26.316148
1210 0.012544 26.328692
1211 0.012044 26.340736
1212 0.011809 26.352545
1213 0.011924 26.364469
1214 0.012225 26.376694
1215 0.013375 26.390069
1216 0.013148 26.403217
1217 0.012516 26.415733
1218 0.014204 26.429937
1219 0.020706 26.450643
1220 0.022458 26.473101
1221 0.019347 26.492448
1222 0.016370 26.508818
1223 0.014494 26.523312
1224 0.013820 26.537132
1225 0.013051 26.550183
1226 0.013189 26.563372
1227 0.016900 26.580272
1228 0.014212 26.594484
1229 0.013152 26.607636
1230 0.012155 26.619791
1231 0.011898 26.631689
1232 0.011927 26.643616
1233 0.014988 26.658604
1234 0.022787 26.681391
1235 0.019717 26.701108
1236 0.020353 26.721461
1237 0.020478 26.741939
1238 0.017658 26.759597
1239 0.019940 26.779537
1240 0.022389 26.801926
1241 0.020583 26.822509
1242 0.022363 26.844872
1243 0.020463 26.865335
1244 0.016442 26.881777
1245 0.015095 26.896872
1246 0.013931 26.910803
1247 0.013221 26.924024
1248 0.016444 26.940468
1249 0.019824 26.960292
1250 0.022192 26.982484
1251 0.020270 27.002754
1252 0.016035 27.018789
1253 0.020638 27.039427
1254 0.023104 27.062531
1255 0.021994 27.084525
1256 0.020830 27.105355
1257 0.021621 27.126976
1258 0.020586 27.147562
1259 0.022126 27.169688
1260 0.017507 27.187195
1261 0.022892 27.210087
1262 0.022924 27.233011
1263 0.019738 27.252749
1264 0.016127 27.268876
1265 0.014338 27.283214
1266 0.013672 27.296886
1267 0.020736 27.317622
1268 0.021074 27.338696
1269 0.022528 27.361224
1270 0.019014 27.380238
1271 0.019051 27.399289
1272 0.020308 27.419597
1273 0.016842 27.436439
1274 0.016870 27.453309
1275 0.022048 27.475357
1276 0.022234 27.497591
1277 0.019986 27.517577
1278 0.016737 27.534314
1279 0.017926 27.552240
1280 0.018550 27.570790
1281 0.015672 27.586462
1282 0.020034 27.606496
1283 0.018784 27.625280
1284 0.022433 27.647713
1285 0.020409 27.668122
1286 0.021081 27.689203
1287 0.020885 27.710088
1288 0.023055 27.733143
1289 0.021006 27.754149
1290 0.018828 27.772977
1291 0.021509 27.794486
1292 0.018340 27.812826
1293 0.022350 27.835176
1294 0.022595 27.857771
1295 0.022338 27.880109
1296 0.022811 27.902920
1297 0.023271 27.926191
1298 0.020020 27.946211
1299 0.016851 27.963062
1300 0.019010 27.982072
1301 0.019161 28.001233
1302 0.021603 28.022836
1303 0.022443 28.045279
1304 0.021404 28.066683
1305 0.021777 28.088460
1306 0.018198 28.106658
1307 0.021915 28.128573
1308 0.020467 28.149040
1309 0.017401 28.166441
1310 0.018925 28.185366
1311 0.022715 28.208081
1312 0.019555 28.227636
1313 0.016278 28.243914
1314 0.020290 28.264204
1315 0.020856 28.285060
1316 0.021813 28.306873
1317 0.017262 28.324135
1318 0.015147 28.339282
1319 0.014028 28.353310
1320 0.019668 28.372978
1321 0.020144 28.393122
1322 0.016511 28.409633
1323 0.015051 28.424684
1324 0.014142 28.438826
1325 0.016138 28.454964
1326 0.020077 28.475041
1327 0.015529 28.490570
1328 0.021012 28.511582
1329 0.022184 28.533766
1330 0.021637 28.555403
1331 0.019720 28.575123
1332 0.016857 28.591980
1333 0.014681 28.606661
1334 0.013691 28.620352
1335 0.020399 28.640751
1336 0.019749 28.660500
1337 0.016350 28.676850
1338 0.021348 28.698198
1339 0.019999 28.718197
1340 0.022193 28.740390
1341 0.020496 28.760886
1342 0.020066 28.780952
1343 0.020854 28.801806
1344 0.021965 28.823771
1345 0.021237 28.845008
1346 0.016091 28.861099
1347 0.014197 28.875296
1348 0.018886 28.894182
1349 0.023079 28.917261
1350 0.020225 28.937486
1351 0.021236 28.958722
1352 0.017024 28.975746
1353 0.021471 28.997217
1354 0.018550 29.015767
1355 0.022724 29.038491
1356 0.022185 29.060676
1357 0.021611 29.082287
1358 0.018208 29.100495
1359 0.016278 29.116773
1360 0.022057 29.138830
1361 0.019668 29.158498
1362 0.021038 29.179536
1363 0.020868 29.200404
1364 0.017293 29.217697
1365 0.019952 29.237649
1366 0.017055 29.254704
1367 0.021145 29.275849
1368 0.018344 29.294193
1369 0.018548 29.312741
1370 0.022627 29.335368
1371 0.020780 29.356148
1372 0.020938 29.377086
1373 0.021578 29.398664
1374 0.020881 29.419545
1375 0.020059 29.439604
1376 0.017236 29.456840
1377 0.016687 29.473527
1378 0.020820 29.494347
1379 0.017227 29.511574
1380 0.014866 29.526440
1381 0.018422 29.544862
1382 0.022688 29.567550
1383 0.019242 29.586792
1384 0.016209 29.603001
1385 0.023690 29.626691
1386 0.021527 29.648218
1387 0.018409 29.666627
1388 0.015805 29.682432
1389 0.022012 29.704444
1390 0.019542 29.723986
1391 0.016453 29.740439
1392 0.020107 29.760546
1393 0.019862 29.780408
1394 0.020321 29.800729
1395 0.018498 29.819227
1396 0.021380 29.840607
1397 0.017031 29.857638
1398 0.013866 29.871504
1399 0.013204 29.884708
1400 0.012431 29.897139
1401 0.018654 29.915793
1402 0.019646 29.935439
1403 0.018750 29.954189
1404 0.019378 29.973567
1405 0.019429 29.992996
1406 0.015956 30.008952
1407 0.019360 30.028312
1408 0.018866 30.047178
1409 0.020446 30.067624
1410 0.018355 30.085979
1411 0.020826 30.106805
1412 0.020485 30.127290
1413 0.016639 30.143929
1414 0.018834 30.162763
1415 0.019338 30.182101
1416 0.019956 30.202057
1417 0.018261 30.220318
1418 0.019943 30.240261
1419 0.019081 30.259342
1420 0.019315 30.278657
1421 0.016104 30.294761
1422 0.018261 30.313022
1423 0.021518 30.334540
1424 0.018917 30.353457
1425 0.015775 30.369232
1426 0.021240 30.390472
1427 0.021328 30.411800
1428 0.019551 30.431351
1429 0.019675 30.451026
1430 0.022774 30.473800
1431 0.018463 30.492263
1432 0.015460 30.507723
1433 0.013634 30.521357
1434 0.012927 30.534284
1435 0.015164 30.549448
1436 0.017513 30.566961
1437 0.020800 30.587761
1438 0.022364 30.610125
1439 0.020455 30.630580
1440 0.020689 30.651269
1441 0.017366 30.668635
1442 0.022971 30.691606
1443 0.021041 30.712647
1444 0.021786 30.734433
1445 0.021585 30.756018
1446 0.020736 30.776754
1447 0.021495 30.798249
1448 0.021907 30.820156
1449 0.017585 30.837741
1450 0.016696 30.854437
1451 0.021367 30.875804
1452 0.019576 30.895380
1453 0.017117 30.912497
1454 0.020608 30.933105
1455 0.020804 30.953909
1456 0.017485 30.971394
1457 0.021079 30.992473
1458 0.019769 31.012242
1459 0.016556 31.028798
1460 0.014580 31.043378
1461 0.018125 31.061503
1462 0.016688 31.078191
1463 0.014766 31.092957
1464 0.013532 31.106489
1465 0.020419 31.126908
1466 0.019975 31.146883
1467 0.015920 31.162803
1468 0.014014 31.176817
1469 0.013409 31.190226
1470 0.014098 31.204324
1471 0.017257 31.221581
1472 0.022121 31.243702
1473 0.022335 31.266037
1474 0.020508 31.286545
1475 0.016657 31.303202
1476 0.014508 31.317710
1477 0.013520 31.331230
1478 0.012915 31.344145
1479 0.012153 31.356298
1480 0.018591 31.374889
1481 0.018582 31.393471
1482 0.015676 31.409147
1483 0.019391 31.428538
1484 0.017908 31.446446
1485 0.018818 31.465264
1486 0.019248 31.484512
1487 0.015861 31.500373
1488 0.020588 31.520961
1489 0.020701 31.541662
1490 0.021364 31.563026
1491 0.019647 31.582673
1492 0.021343 31.604016
1493 0.018121 31.622137
1494 0.015323 31.637460
1495 0.014050 31.651510
1496 0.013283 31.664793
1497 0.018161 31.682954
1498 0.020151 31.703105
1499 0.019743 31.722848
1500 0.016477 31.739325
1501 0.019545 31.758870
1502 0.016969 31.775839
1503 0.019827 31.795666
1504 0.022359 31.818025
1505 0.019364 31.837389
1506 0.019528 31.856917
1507 0.018212 31.875129
1508 0.015746 31.890875
1509 0.021561 31.912436
1510 0.022310 31.934746
1511 0.020903 31.955649
1512 0.017875 31.973524
1513 0.015681 31.989205
1514 0.019314 32.008519
1515 0.018431 32.026950
1516 0.015806 32.042756
1517 0.014047 32.056803
1518 0.016439 32.073242
1519 0.022225 32.095467
1520 0.020118 32.115585
1521 0.022327 32.137912
1522 0.018021 32.155933
1523 0.016887 32.172820
1524 0.021909 32.194729
1525 0.021955 32.216684
1526 0.021511 32.238195
1527 0.019358 32.257553
1528 0.016873 32.274426
1529 0.015234 32.289660
1530 0.014296 32.303956
1531 0.013270 32.317226
1532 0.012876 32.330102
1533 0.013503 32.343605
1534 0.019190 32.362795
1535 0.021363 32.384158
1536 0.018125 32.402283
1537 0.015438 32.417721
1538 0.013999 32.431720
1539 0.013430 32.445150
1540 0.012426 32.457576
1541 0.011825 32.469401
1542 0.016609 32.486010
1543 0.020542 32.506552
1544 0.020491 32.527043
1545 0.021425 32.548468
1546 0.020454 32.568922
1547 0.019684 32.588606
1548 0.016278 32.604884
1549 0.021438 32.626322
1550 0.019240 32.645562
1551 0.015593 32.661155
1552 0.016913 32.678068
1553 0.020901 32.698969
1554 0.018921 32.717890
1555 0.021258 32.739148
1556 0.020334 32.759482
1557 0.021385 32.780867
1558 0.017658 32.798525
1559 0.019276 32.817801
1560 0.016265 32.834066
1561 0.019782 32.853848
1562 0.019381 32.873229
1563 0.019229 32.892458
1564 0.018134 32.910592
1565 0.020594 32.931186
1566 0.018354 32.949540
1567 0.018281 32.967821
1568 0.018504 32.986325
1569 0.015125 33.001450
1570 0.013964 33.015414
1571 0.019765 33.035179
1572 0.018103 33.053282
1573 0.019266 33.072548
1574 0.021384 33.093932
1575 0.020774 33.114706
1576 0.021053 33.135759
1577 0.018574 33.154333
1578 0.016071 33.170404
1579 0.018533 33.188937
1580 0.018312 33.207249
1581 0.019320 33.226569
1582 0.018566 33.245135
1583 0.020243 33.265378
1584 0.017473 33.282851
1585 0.015903 33.298754
1586 0.019330 33.318084
1587 0.019809 33.337893
1588 0.018485 33.356378
1589 0.019590 33.375968
1590 0.019575 33.395543
1591 0.019187 33.414730
1592 0.015646 33.430376
1593 0.018249 33.448625
1594 0.017859 33.466484
1595 0.021162 33.487646
1596 0.018064 33.505710
1597 0.019181 33.524891
1598 0.018446 33.543337
1599 0.016085 33.559422
1600 0.021439 33.580861
1601 0.018468 33.599329
1602 0.020503 33.619832
1603 0.020120 33.639952
1604 0.016226 33.656178
1605 0.020953 33.677131
1606 0.020085 33.697216
1607 0.015853 33.713069
1608 0.014188 33.727257
1609 0.018764 33.746021
1610 0.017770 33.763791
1611 0.019004 33.782795
1612 0.019164 33.801959
1613 0.021181 33.823140
1614 0.018657 33.841797
1615 0.015418 33.857215
1616 0.017124 33.874339
1617 0.021577 33.895916
1618 0.018867 33.914783
1619 0.016842 33.931625
1620 0.019594 33.951219
1621 0.015887 33.967106
1622 0.019337 33.986443
1623 0.019508 34.005951
1624 0.020608 34.026559
1625 0.018738 34.045297
1626 0.018411 34.063708
1627 0.019829 34.083537
1628 0.015815 34.099352
1629 0.018745 34.118097
1630 0.018493 34.136590
1631 0.018246 34.154836
1632 0.019062 34.173898
1633 0.020528 34.194426
1634 0.019456 34.213882
1635 0.020376 34.234258
1636 0.017316 34.251574
1637 0.015016 34.266590
1638 0.019980 34.286570
1639 0.019216 34.305786
1640 0.021523 34.327309
1641 0.020303 34.347612
1642 0.020446 34.368058
1643 0.017347 34.385405
1644 0.014607 34.400012
1645 0.014041 34.414053
1646 0.017811 34.431864
1647 0.019012 34.450876
1648 0.020589 34.471465
1649 0.019596 34.491061
1650 0.020023 34.511084
1651 0.017936 34.529020
1652 0.019350 34.548370
1653 0.020479 34.568849
1654 0.017753 34.586602
1655 0.020325 34.606927
1656 0.020262 34.627189
1657 0.020585 34.647774
1658 0.018418 34.666192
1659 0.015037 34.681229
1660 0.016763 34.697992
1661 0.018045 34.716037
1662 0.018635 34.734672
1663 0.017940 34.752612
1664 0.018810 34.771422
1665 0.015174 34.786596
1666 0.014902 34.801498
1667 0.020878 34.822376
1668 0.016818 34.839194
1669 0.022257 34.861451
1670 0.020902 34.882353
1671 0.016278 34.898631
1672 0.018682 34.917313
1673 0.022433 34.939746
1674 0.022438 34.962184
1675 0.019827 34.982011
1676 0.022614 35.004625
1677 0.022382 35.027007
1678 0.020251 35.047258
1679 0.016527 35.063785
1680 0.015051 35.078836
1681 0.013942 35.092778
1682 0.019241 35.112019
1683 0.022902 35.134921
1684 0.020165 35.155086
1685 0.016414 35.171500
1686 0.019824 35.191324
1687 0.019451 35.210775
1688 0.018931 35.229706
1689 0.017509 35.247215
1690 0.015535 35.262750
1691 0.017664 35.280414
1692 0.020977 35.301391
1693 0.019266 35.320657
1694 0.021842 35.342499
1695 0.019339 35.361838
1696 0.020563 35.382401
1697 0.021244 35.403645
1698 0.020426 35.424071
1699 0.017482 35.441553
1700 0.018715 35.460268
1701 0.020592 35.480860
1702 0.016674 35.497534
1703 0.015180 35.512714
1704 0.014595 35.527309
1705 0.013900 35.541209
1706 0.019119 35.560328
1707 0.019094 35.579422
1708 0.021457 35.600879
1709 0.017355 35.618234
1710 0.015807 35.634041
1711 0.014390 35.648431
1712 0.015575 35.664006
done 1712 0.783249 36.447255
