#fmcad13 secondnet datacenter tree16_200.20, instance vn2_3.3
init 0.000056 0.000056
1 0.002685 0.002685
2 0.002533 0.005218
3 0.002399 0.007617
4 0.002538 0.010155
5 0.002229 0.012384
6 0.002210 0.014594
7 0.002256 0.016850
8 0.002381 0.019231
9 0.002428 0.021659
10 0.003046 0.024705
11 0.003415 0.028120
12 0.002402 0.030522
13 0.002429 0.032951
14 0.002401 0.035352
15 0.002263 0.037615
16 0.002206 0.039821
17 0.002212 0.042033
18 0.002280 0.044313
19 0.002963 0.047276
20 0.002629 0.049905
21 0.002467 0.052372
22 0.003119 0.055491
23 0.002619 0.058110
24 0.003438 0.061548
25 0.002362 0.063910
26 0.002767 0.066677
27 0.002549 0.069226
28 0.002515 0.071741
29 0.002441 0.074182
30 0.002548 0.076730
31 0.002653 0.079383
32 0.002993 0.082376
33 0.003199 0.085575
34 0.003722 0.089297
35 0.003462 0.092759
36 0.003708 0.096467
37 0.003929 0.100396
38 0.004404 0.104800
39 0.003924 0.108724
40 0.003991 0.112715
41 0.003701 0.116416
42 0.003573 0.119989
43 0.003570 0.123559
44 0.004119 0.127678
45 0.004017 0.131695
46 0.004148 0.135843
47 0.003829 0.139672
48 0.003882 0.143554
49 0.004093 0.147647
50 0.004381 0.152028
51 0.004445 0.156473
52 0.004190 0.160663
53 0.003731 0.164394
54 0.004043 0.168437
55 0.004320 0.172757
56 0.004688 0.177445
57 0.004345 0.181790
58 0.004290 0.186080
59 0.004040 0.190120
60 0.003734 0.193854
61 0.003776 0.197630
62 0.003686 0.201316
63 0.004143 0.205459
64 0.004456 0.209915
65 0.004644 0.214559
66 0.004152 0.218711
67 0.004015 0.222726
68 0.004549 0.227275
69 0.004642 0.231917
70 0.004611 0.236528
71 0.004055 0.240583
72 0.003958 0.244541
73 0.004111 0.248652
74 0.004354 0.253006
75 0.004262 0.257268
76 0.004522 0.261790
77 0.004186 0.265976
78 0.003970 0.269946
79 0.004114 0.274060
80 0.004869 0.278929
81 0.004649 0.283578
82 0.004741 0.288319
83 0.003970 0.292289
84 0.004125 0.296414
85 0.004331 0.300745
86 0.004815 0.305560
87 0.004645 0.310205
88 0.004686 0.314891
89 0.004639 0.319530
90 0.004084 0.323614
91 0.004743 0.328357
92 0.004993 0.333350
93 0.004785 0.338135
94 0.004120 0.342255
95 0.004158 0.346413
96 0.004170 0.350583
97 0.004074 0.354657
98 0.004817 0.359474
99 0.004672 0.364146
100 0.004553 0.368699
101 0.004272 0.372971
102 0.004349 0.377320
103 0.004309 0.381629
104 0.005365 0.386994
105 0.005143 0.392137
106 0.004489 0.396626
107 0.004656 0.401282
108 0.004369 0.405651
109 0.004005 0.409656
110 0.004263 0.413919
111 0.005272 0.419191
112 0.005188 0.424379
113 0.004808 0.429187
114 0.004607 0.433794
115 0.004885 0.438679
116 0.004166 0.442845
117 0.004665 0.447510
118 0.005619 0.453129
119 0.005408 0.458537
120 0.004912 0.463449
121 0.004894 0.468343
122 0.004720 0.473063
123 0.005089 0.478152
124 0.005684 0.483836
125 0.005458 0.489294
126 0.004881 0.494175
127 0.005081 0.499256
128 0.004987 0.504243
129 0.005203 0.509446
done 129 0.021605 0.531051
