#fmcad13 secondnet datacenter tree_400.20, instance vn2_3.2
init 0.000036 0.000036
1 0.001772 0.001772
2 0.001743 0.003515
3 0.001663 0.005178
4 0.001591 0.006769
5 0.001493 0.008262
6 0.001431 0.009693
7 0.001564 0.011257
8 0.001386 0.012643
9 0.001532 0.014175
10 0.001404 0.015579
11 0.001393 0.016972
12 0.001304 0.018276
13 0.001306 0.019582
14 0.001495 0.021077
15 0.001188 0.022265
16 0.001263 0.023528
17 0.001835 0.025363
18 0.001644 0.027007
19 0.001724 0.028731
20 0.001594 0.030325
21 0.002149 0.032474
22 0.001860 0.034334
23 0.001742 0.036076
24 0.001864 0.037940
25 0.001881 0.039821
26 0.001740 0.041561
27 0.001610 0.043171
28 0.001714 0.044885
29 0.001699 0.046584
30 0.001486 0.048070
31 0.001576 0.049646
32 0.001695 0.051341
33 0.001712 0.053053
34 0.001628 0.054681
35 0.001842 0.056523
36 0.001697 0.058220
37 0.001739 0.059959
38 0.001776 0.061735
39 0.001614 0.063349
40 0.001629 0.064978
41 0.001592 0.066570
42 0.001813 0.068383
43 0.001629 0.070012
44 0.001684 0.071696
45 0.001656 0.073352
46 0.001687 0.075039
47 0.001412 0.076451
48 0.001315 0.077766
49 0.001461 0.079227
50 0.001759 0.080986
51 0.001762 0.082748
52 0.001791 0.084539
53 0.001707 0.086246
54 0.001724 0.087970
55 0.001726 0.089696
56 0.001945 0.091641
57 0.001942 0.093583
58 0.001752 0.095335
59 0.001747 0.097082
60 0.001672 0.098754
61 0.001650 0.100404
62 0.001614 0.102018
63 0.001723 0.103741
64 0.001848 0.105589
65 0.001883 0.107472
66 0.002117 0.109589
67 0.002230 0.111819
68 0.002007 0.113826
69 0.002026 0.115852
70 0.001933 0.117785
71 0.002079 0.119864
72 0.001934 0.121798
73 0.002020 0.123818
74 0.002180 0.125998
75 0.002023 0.128021
76 0.001958 0.129979
77 0.001830 0.131809
78 0.001905 0.133714
79 0.001998 0.135712
80 0.001902 0.137614
81 0.001833 0.139447
82 0.001830 0.141277
83 0.001842 0.143119
84 0.001819 0.144938
85 0.001903 0.146841
86 0.001824 0.148665
87 0.001693 0.150358
88 0.001865 0.152223
89 0.002116 0.154339
90 0.001847 0.156186
91 0.001787 0.157973
92 0.001994 0.159967
93 0.001966 0.161933
94 0.001987 0.163920
95 0.001990 0.165910
96 0.002163 0.168073
97 0.001888 0.169961
98 0.001966 0.171927
99 0.002013 0.173940
100 0.001968 0.175908
101 0.001890 0.177798
102 0.001842 0.179640
103 0.001915 0.181555
104 0.001843 0.183398
105 0.001791 0.185189
106 0.001823 0.187012
107 0.001885 0.188897
108 0.001823 0.190720
109 0.001923 0.192643
110 0.002018 0.194661
111 0.001937 0.196598
112 0.001915 0.198513
113 0.001889 0.200402
114 0.001951 0.202353
115 0.001910 0.204263
116 0.001933 0.206196
117 0.001946 0.208142
118 0.002023 0.210165
119 0.001829 0.211994
120 0.001739 0.213733
121 0.001880 0.215613
122 0.001991 0.217604
123 0.001899 0.219503
124 0.001947 0.221450
125 0.002034 0.223484
126 0.001937 0.225421
127 0.001938 0.227359
128 0.001970 0.229329
129 0.001984 0.231313
130 0.001929 0.233242
131 0.001890 0.235132
132 0.001998 0.237130
133 0.001928 0.239058
134 0.001941 0.240999
135 0.002076 0.243075
136 0.002109 0.245184
137 0.001897 0.247081
138 0.002078 0.249159
139 0.001992 0.251151
140 0.001738 0.252889
141 0.001760 0.254649
142 0.001766 0.256415
143 0.002028 0.258443
144 0.002097 0.260540
145 0.002150 0.262690
146 0.002053 0.264743
147 0.002005 0.266748
148 0.001902 0.268650
149 0.001952 0.270602
150 0.001878 0.272480
151 0.001985 0.274465
152 0.001995 0.276460
153 0.002105 0.278565
154 0.001944 0.280509
155 0.001913 0.282422
156 0.001933 0.284355
157 0.001999 0.286354
158 0.001974 0.288328
159 0.002023 0.290351
160 0.002042 0.292393
161 0.001881 0.294274
162 0.001864 0.296138
163 0.002275 0.298413
164 0.002165 0.300578
165 0.002187 0.302765
166 0.002170 0.304935
167 0.002470 0.307405
168 0.002202 0.309607
169 0.002168 0.311775
170 0.002225 0.314000
171 0.002127 0.316127
172 0.017416 0.333543
173 0.014192 0.347735
174 0.012480 0.360215
175 0.010017 0.370232
176 0.008299 0.378531
177 0.006533 0.385064
done 177 0.001143 0.386207
