#fmcad13 secondnet datacenter tree_2000.20, instance vn2_5.3
init 0.000102 0.000102
1 0.070570 0.070570
2 0.068244 0.138814
3 0.083074 0.221888
4 0.066493 0.288381
5 0.067917 0.356298
6 0.057042 0.413340
7 0.086585 0.499925
8 0.084990 0.584915
9 0.072957 0.657872
10 0.078325 0.736197
11 0.072225 0.808422
12 0.074407 0.882829
13 0.079877 0.962706
14 0.072473 1.035179
15 3.408065 4.443244
16 3.398571 7.841815
17 3.413128 11.254943
18 3.404579 14.659522
19 3.388991 18.048513
20 3.390542 21.439055
21 3.370982 24.810037
22 3.417225 28.227262
23 3.380335 31.607597
24 3.383252 34.990849
25 3.380679 38.371528
26 3.398560 41.770088
27 3.439885 45.209973
28 3.346615 48.556588
29 3.413585 51.970173
30 3.370828 55.341001
31 3.367908 58.708909
32 3.404016 62.112925
33 3.354964 65.467889
34 3.361159 68.829048
35 3.375483 72.204531
36 3.360482 75.565013
37 3.384316 78.949329
38 3.351248 82.300577
39 3.369153 85.669730
40 3.363812 89.033542
41 3.398852 92.432394
42 3.377076 95.809470
43 3.367645 99.177115
44 3.362532 102.539647
45 3.367183 105.906830
46 3.399690 109.306520
47 3.385899 112.692419
48 3.351046 116.043465
49 3.380399 119.423864
50 3.398349 122.822213
51 3.387386 126.209599
52 3.381024 129.590623
53 3.390896 132.981519
54 3.383698 136.365217
55 3.443291 139.808508
56 3.403149 143.211657
57 3.380783 146.592440
58 3.379853 149.972293
59 3.382436 153.354729
60 3.420054 156.774783
61 3.361507 160.136290
62 3.385199 163.521489
63 3.410466 166.931955
64 3.374039 170.305994
65 3.419520 173.725514
66 3.390783 177.116297
67 3.386861 180.503158
68 3.399314 183.902472
69 3.366638 187.269110
70 3.394478 190.663588
71 3.355510 194.019098
72 3.351580 197.370678
73 3.375193 200.745871
74 3.369064 204.114935
75 3.378036 207.492971
76 3.378338 210.871309
77 3.401378 214.272687
78 3.380581 217.653268
79 3.383644 221.036912
80 3.395307 224.432219
81 3.386809 227.819028
82 3.381295 231.200323
83 3.392071 234.592394
84 3.372797 237.965191
85 3.401786 241.366977
86 3.362272 244.729249
87 3.389703 248.118952
88 3.413278 251.532230
89 3.378828 254.911058
90 3.370628 258.281686
91 3.395758 261.677444
92 3.400818 265.078262
93 3.401349 268.479611
94 3.406133 271.885744
95 3.411497 275.297241
96 3.358038 278.655279
97 3.393017 282.048296
98 3.393472 285.441768
99 3.399435 288.841203
100 3.365890 292.207093
101 3.364831 295.571924
102 3.386595 298.958519
103 3.411479 302.369998
104 3.385412 305.755410
105 3.426429 309.181839
106 3.388374 312.570213
107 3.390673 315.960886
108 3.404707 319.365593
109 3.360291 322.725884
110 3.358159 326.084043
111 3.413552 329.497595
112 3.379768 332.877363
113 3.372535 336.249898
114 3.370092 339.619990
115 3.400154 343.020144
116 3.382706 346.402850
117 3.387936 349.790786
118 3.385783 353.176569
119 3.390647 356.567216
120 3.379155 359.946371
121 3.382678 363.329049
122 3.365302 366.694351
123 3.372557 370.066908
124 3.356163 373.423071
125 3.385442 376.808513
126 3.395290 380.203803
127 3.385443 383.589246
128 3.373429 386.962675
129 3.362961 390.325636
130 3.379202 393.704838
131 3.435392 397.140230
132 3.369411 400.509641
133 3.380637 403.890278
134 3.376130 407.266408
135 3.375446 410.641854
136 3.400714 414.042568
137 3.371501 417.414069
138 3.370332 420.784401
139 3.368820 424.153221
140 3.357296 427.510517
141 3.407826 430.918343
142 3.351097 434.269440
143 3.370428 437.639868
144 3.362250 441.002118
145 3.367366 444.369484
146 3.400988 447.770472
147 3.355272 451.125744
148 3.351040 454.476784
149 3.367722 457.844506
150 3.366813 461.211319
151 3.377125 464.588444
152 3.358857 467.947301
153 3.374539 471.321840
154 3.400779 474.722619
155 3.386553 478.109172
156 3.377259 481.486431
157 3.369870 484.856301
158 3.368390 488.224691
159 3.370969 491.595660
160 3.358256 494.953916
161 3.386037 498.339953
162 3.370738 501.710691
163 3.397540 505.108231
164 3.399309 508.507540
165 3.390897 511.898437
166 3.385603 515.284040
167 3.356997 518.641037
168 3.359299 522.000336
169 3.424748 525.425084
170 3.371082 528.796166
171 3.392842 532.189008
172 3.358463 535.547471
173 3.378470 538.925941
174 3.410127 542.336068
175 3.363543 545.699611
176 3.366203 549.065814
177 3.367764 552.433578
178 3.367698 555.801276
179 3.409052 559.210328
180 3.356969 562.567297
181 3.384069 565.951366
182 3.383963 569.335329
183 3.385361 572.720690
184 3.396799 576.117489
185 3.365742 579.483231
186 3.369512 582.852743
187 3.390797 586.243540
188 3.376152 589.619692
189 3.391384 593.011076
190 3.359363 596.370439
191 3.373231 599.743670
192 3.375556 603.119226
193 3.368449 606.487675
194 3.475783 609.963458
195 3.470640 613.434098
196 3.508595 616.942693
197 3.489941 620.432634
198 3.484846 623.917480
199 3.550682 627.468162
200 3.468718 630.936880
201 3.487277 634.424157
202 3.498056 637.922213
203 3.475490 641.397703
204 3.477782 644.875485
205 3.492827 648.368312
206 3.484141 651.852453
207 3.407095 655.259548
208 3.365274 658.624822
209 3.416520 662.041342
210 3.411617 665.452959
211 3.403937 668.856896
212 3.426063 672.282959
213 3.403237 675.686196
214 3.421179 679.107375
215 3.445443 682.552818
216 3.423588 685.976406
217 3.438942 689.415348
218 3.420850 692.836198
219 3.396486 696.232684
220 3.481466 699.714150
221 3.390718 703.104868
222 3.432532 706.537400
223 3.393980 709.931380
224 3.397827 713.329207
225 3.406694 716.735901
226 3.404528 720.140429
227 3.393258 723.533687
228 3.393404 726.927091
229 3.401920 730.329011
230 3.411709 733.740720
231 3.407751 737.148471
232 3.386920 740.535391
233 3.371608 743.906999
234 3.353515 747.260514
235 3.406806 750.667320
236 3.355928 754.023248
237 3.392662 757.415910
238 3.396595 760.812505
239 3.402329 764.214834
240 3.438012 767.652846
241 3.377802 771.030648
242 3.426021 774.456669
243 3.422759 777.879428
244 3.450040 781.329468
245 3.505382 784.834850
246 3.495698 788.330548
247 3.359729 791.690277
248 3.354917 795.045194
249 3.343982 798.389176
250 3.377766 801.766942
251 3.330154 805.097096
252 3.366335 808.463431
253 3.360527 811.823958
254 3.360840 815.184798
255 3.360931 818.545729
256 3.364831 821.910560
257 3.366072 825.276632
258 3.344665 828.621297
259 3.365824 831.987121
260 3.344339 835.331460
261 3.367478 838.698938
262 3.334123 842.033061
263 3.356068 845.389129
264 3.370610 848.759739
265 3.361389 852.121128
266 3.359263 855.480391
267 3.349514 858.829905
268 3.381564 862.211469
269 3.363619 865.575088
270 3.382574 868.957662
271 3.441011 872.398673
272 3.536034 875.934707
273 3.498952 879.433659
274 3.439423 882.873082
275 3.390948 886.264030
276 3.431855 889.695885
277 3.420117 893.116002
278 3.414559 896.530561
279 3.428239 899.958800
280 3.295301 903.254101
281 3.336883 906.590984
282 3.394100 909.985084
283 3.447819 913.432903
284 3.447587 916.880490
285 3.355539 920.236029
286 3.381492 923.617521
287 3.367464 926.984985
288 3.419452 930.404437
289 3.427494 933.831931
290 3.242644 937.074575
291 3.290125 940.364700
292 3.284813 943.649513
293 3.384011 947.033524
294 3.414677 950.448201
295 3.388295 953.836496
296 3.444546 957.281042
297 3.421147 960.702189
298 3.369550 964.071739
299 3.365712 967.437451
300 3.399759 970.837210
301 3.437372 974.274582
302 3.434012 977.708594
303 3.292249 981.000843
304 3.283344 984.284187
305 3.283353 987.567540
306 3.300444 990.867984
307 3.431759 994.299743
308 3.335867 997.635610
309 3.349340 1000.984950
310 3.407914 1004.392864
311 3.387834 1007.780698
312 3.349878 1011.130576
313 3.373552 1014.504128
314 3.399026 1017.903154
315 3.402006 1021.305160
316 3.254943 1024.560103
317 3.285627 1027.845730
318 3.315091 1031.160821
319 3.274170 1034.434991
320 3.391706 1037.826697
321 3.386240 1041.212937
322 3.373277 1044.586214
323 3.236710 1047.822924
324 3.366303 1051.189227
325 3.374848 1054.564075
326 3.342953 1057.907028
327 3.375148 1061.282176
328 3.539341 1064.821517
329 3.545564 1068.367081
330 3.697375 1072.064456
331 3.631130 1075.695586
332 3.602814 1079.298400
333 3.597303 1082.895703
334 3.576541 1086.472244
335 3.439991 1089.912235
336 3.454780 1093.367015
337 3.352153 1096.719168
338 3.192362 1099.911530
339 3.357566 1103.269096
340 3.245960 1106.515056
341 3.274489 1109.789545
342 3.237474 1113.027019
343 3.165322 1116.192341
344 3.273772 1119.466113
345 3.166166 1122.632279
346 3.278854 1125.911133
347 3.197070 1129.108203
348 3.252881 1132.361084
349 3.155117 1135.516201
350 3.133192 1138.649393
351 3.248963 1141.898356
352 3.180127 1145.078483
353 3.258442 1148.336925
354 3.230088 1151.567013
355 3.092149 1154.659162
356 3.143069 1157.802231
357 3.215466 1161.017697
358 3.076153 1164.093850
359 3.126168 1167.220018
360 3.176601 1170.396619
361 3.178521 1173.575140
362 3.231006 1176.806146
363 3.169212 1179.975358
364 3.117524 1183.092882
365 3.142847 1186.235729
366 3.250331 1189.486060
367 3.192074 1192.678134
368 3.288872 1195.967006
369 3.262381 1199.229387
370 3.273888 1202.503275
371 3.248864 1205.752139
372 3.412254 1209.164393
373 3.311832 1212.476225
374 3.408472 1215.884697
375 3.342420 1219.227117
376 3.215326 1222.442443
377 3.321916 1225.764359
378 3.086402 1228.850761
379 3.129530 1231.980291
380 3.197645 1235.177936
381 3.136440 1238.314376
382 3.170850 1241.485226
383 3.171784 1244.657010
384 3.216048 1247.873058
385 3.055750 1250.928808
386 3.071547 1254.000355
387 3.152251 1257.152606
388 3.078779 1260.231385
389 3.173949 1263.405334
390 3.023798 1266.429132
391 3.124371 1269.553503
392 3.039885 1272.593388
393 3.016164 1275.609552
394 3.041750 1278.651302
395 3.088233 1281.739535
396 3.083276 1284.822811
397 3.146486 1287.969297
398 3.070527 1291.039824
399 3.173260 1294.213084
400 3.185721 1297.398805
401 3.128588 1300.527393
402 3.044795 1303.572188
403 3.095519 1306.667707
404 2.986695 1309.654402
405 3.109363 1312.763765
406 2.999636 1315.763401
407 3.009053 1318.772454
408 2.974465 1321.746919
409 2.962912 1324.709831
410 2.964295 1327.674126
411 2.975956 1330.650082
412 2.983921 1333.634003
413 2.932098 1336.566101
414 3.055223 1339.621324
415 2.992810 1342.614134
416 3.032007 1345.646141
417 3.058106 1348.704247
418 3.041103 1351.745350
419 3.019293 1354.764643
420 3.005136 1357.769779
421 2.981080 1360.750859
422 2.951119 1363.701978
423 2.922929 1366.624907
424 2.968076 1369.592983
425 2.882445 1372.475428
426 2.900079 1375.375507
427 2.865357 1378.240864
428 2.827270 1381.068134
429 2.902571 1383.970705
430 2.863018 1386.833723
431 2.787302 1389.621025
432 2.816103 1392.437128
433 2.836497 1395.273625
434 2.860377 1398.134002
435 2.832944 1400.966946
436 2.812715 1403.779661
437 2.829007 1406.608668
438 2.792918 1409.401586
439 2.811045 1412.212631
440 2.793846 1415.006477
441 2.693799 1417.700276
442 2.788699 1420.488975
443 2.728749 1423.217724
444 2.729050 1425.946774
445 2.713936 1428.660710
446 2.610138 1431.270848
447 2.642632 1433.913480
448 2.623093 1436.536573
449 2.606938 1439.143511
450 2.625751 1441.769262
451 2.566935 1444.336197
452 2.624376 1446.960573
453 2.601135 1449.561708
454 2.529906 1452.091614
455 2.515785 1454.607399
456 2.478429 1457.085828
457 2.420587 1459.506415
458 2.414929 1461.921344
459 2.366858 1464.288202
460 2.361382 1466.649584
461 2.476067 1469.125651
462 2.283897 1471.409548
463 2.285943 1473.695491
464 2.223835 1475.919326
465 2.228269 1478.147595
466 2.225733 1480.373328
467 2.152269 1482.525597
468 2.137755 1484.663352
469 2.118008 1486.781360
470 2.123192 1488.904552
471 2.062447 1490.966999
472 2.001937 1492.968936
473 1.932114 1494.901050
474 1.930360 1496.831410
475 1.891137 1498.722547
476 1.859070 1500.581617
477 1.869253 1502.450870
478 1.810870 1504.261740
479 1.802460 1506.064200
480 1.719400 1507.783600
481 1.669257 1509.452857
482 1.625904 1511.078761
483 1.607825 1512.686586
484 1.595287 1514.281873
485 1.519922 1515.801795
486 1.490866 1517.292661
487 1.490540 1518.783201
488 1.398263 1520.181464
489 1.365112 1521.546576
490 1.336843 1522.883419
491 1.318490 1524.201909
492 1.234524 1525.436433
493 1.242684 1526.679117
494 1.220155 1527.899272
495 1.163797 1529.063069
496 1.105851 1530.168920
497 1.080171 1531.249091
498 1.012209 1532.261300
499 0.972783 1533.234083
500 0.967802 1534.201885
501 0.873999 1535.075884
502 0.880957 1535.956841
503 0.826729 1536.783570
504 0.763954 1537.547524
505 0.771008 1538.318532
506 0.693044 1539.011576
507 0.646481 1539.658057
508 0.644347 1540.302404
509 0.579000 1540.881404
done 509 0.474937 1541.356341
