#fmcad13 secondnet datacenter tree16_2000.20, instance vn2_5.1
init 0.000067 0.000067
1 0.089264 0.089264
2 0.071393 0.160657
3 0.070395 0.231052
4 0.070821 0.301873
5 0.109543 0.411416
6 0.114446 0.525862
7 0.112668 0.638530
8 0.111150 0.749680
9 0.089997 0.839677
10 0.083733 0.923410
11 0.111002 1.034412
12 0.108787 1.143199
13 0.108791 1.251990
14 0.109908 1.361898
15 0.101972 1.463870
16 3.561501 5.025371
17 3.503485 8.528856
18 3.497908 12.026764
19 3.508767 15.535531
20 3.494955 19.030486
21 3.521651 22.552137
22 3.505720 26.057857
23 3.495944 29.553801
24 3.562381 33.116182
25 3.523207 36.639389
26 3.503684 40.143073
27 3.500452 43.643525
28 3.526238 47.169763
29 3.515694 50.685457
30 3.512973 54.198430
31 3.490380 57.688810
32 3.510342 61.199152
33 3.503139 64.702291
34 3.509896 68.212187
35 3.502489 71.714676
36 3.498967 75.213643
37 3.521001 78.734644
38 3.515742 82.250386
39 3.501240 85.751626
40 3.502563 89.254189
41 3.516749 92.770938
42 3.510271 96.281209
43 3.507437 99.788646
44 3.504154 103.292800
45 3.527763 106.820563
46 3.498363 110.318926
47 3.485869 113.804795
48 3.538492 117.343287
49 3.510864 120.854151
50 3.543751 124.397902
51 3.547571 127.945473
52 3.581156 131.526629
53 3.550752 135.077381
54 3.530795 138.608176
55 3.494730 142.102906
56 3.503512 145.606418
57 3.490560 149.096978
58 3.501977 152.598955
59 3.509898 156.108853
60 3.515645 159.624498
61 3.491181 163.115679
62 3.497070 166.612749
63 3.544097 170.156846
64 3.508723 173.665569
65 3.486993 177.152562
66 3.495611 180.648173
67 3.515010 184.163183
68 3.490345 187.653528
69 3.490703 191.144231
70 3.547553 194.691784
71 3.506128 198.197912
72 3.490392 201.688304
73 3.502136 205.190440
74 3.547097 208.737537
75 3.501543 212.239080
76 3.478842 215.717922
77 3.485846 219.203768
78 3.508664 222.712432
79 3.483509 226.195941
80 3.515885 229.711826
81 3.510033 233.221859
82 3.503455 236.725314
83 3.494996 240.220310
84 3.512630 243.732940
85 3.499166 247.232106
86 3.503778 250.735884
87 3.522376 254.258260
88 3.495945 257.754205
89 3.480840 261.235045
90 3.547520 264.782565
91 3.505918 268.288483
92 3.470012 271.758495
93 3.552106 275.310601
94 3.503206 278.813807
95 3.491978 282.305785
96 3.529841 285.835626
97 3.496854 289.332480
98 3.488522 292.821002
99 3.530980 296.351982
100 3.510141 299.862123
101 3.493015 303.355138
102 3.498634 306.853772
103 3.510189 310.363961
104 3.478623 313.842584
105 3.497390 317.339974
106 3.528324 320.868298
107 3.520156 324.388454
108 3.499246 327.887700
109 3.531500 331.419200
110 3.486826 334.906026
111 3.497132 338.403158
112 3.519409 341.922567
113 3.481179 345.403746
114 3.534883 348.938629
115 3.493558 352.432187
116 3.473633 355.905820
117 3.520362 359.426182
118 3.542509 362.968691
119 3.511473 366.480164
120 3.547214 370.027378
121 3.539174 373.566552
122 3.531919 377.098471
123 3.561994 380.660465
124 3.539853 384.200318
125 3.538506 387.738824
126 3.568037 391.306861
127 3.532842 394.839703
128 3.530250 398.369953
129 3.543973 401.913926
130 3.521812 405.435738
131 3.536177 408.971915
132 3.545841 412.517756
133 3.520553 416.038309
134 3.551649 419.589958
135 3.538807 423.128765
136 3.530014 426.658779
137 3.563843 430.222622
138 3.529798 433.752420
139 3.534091 437.286511
140 3.550234 440.836745
141 3.525720 444.362465
142 3.544528 447.906993
143 3.537166 451.444159
144 3.528868 454.973027
145 3.582382 458.555409
146 3.527989 462.083398
147 3.530283 465.613681
148 3.540250 469.153931
149 3.562831 472.716762
150 3.565349 476.282111
151 3.516222 479.798333
152 3.525452 483.323785
153 3.536109 486.859894
154 3.555515 490.415409
155 3.556613 493.972022
156 3.551966 497.523988
157 3.539242 501.063230
158 3.565198 504.628428
159 3.533011 508.161439
160 3.546441 511.707880
161 3.544028 515.251908
162 3.545278 518.797186
163 3.530464 522.327650
164 3.529992 525.857642
165 3.575031 529.432673
166 3.530808 532.963481
167 3.496492 536.459973
168 3.525222 539.985195
169 3.536477 543.521672
170 3.531329 547.053001
171 3.526114 550.579115
172 3.535146 554.114261
173 3.539083 557.653344
174 3.534120 561.187464
175 3.517715 564.705179
176 3.572864 568.278043
177 3.522064 571.800107
178 3.543979 575.344086
179 3.550819 578.894905
180 3.577794 582.472699
181 3.533564 586.006263
182 3.574638 589.580901
183 3.549855 593.130756
184 3.526577 596.657333
185 3.520213 600.177546
186 3.542313 603.719859
187 3.522642 607.242501
188 3.551654 610.794155
189 3.594813 614.388968
190 3.527689 617.916657
191 3.539429 621.456086
192 3.629000 625.085086
193 3.639110 628.724196
194 3.621768 632.345964
195 3.600385 635.946349
196 3.598649 639.544998
197 3.581957 643.126955
198 3.521540 646.648495
199 3.533937 650.182432
200 3.535893 653.718325
201 3.606349 657.324674
202 3.568428 660.893102
203 3.529676 664.422778
204 3.564375 667.987153
205 3.584758 671.571911
206 3.567473 675.139384
207 3.588682 678.728066
208 3.619791 682.347857
209 3.641329 685.989186
210 3.570235 689.559421
211 3.593518 693.152939
212 3.659705 696.812644
213 3.624291 700.436935
214 3.620802 704.057737
215 3.584287 707.642024
216 3.636856 711.278880
217 3.621620 714.900500
218 3.598754 718.499254
219 3.626604 722.125858
220 3.529302 725.655160
221 3.593035 729.248195
222 3.564460 732.812655
223 3.599401 736.412056
224 3.572439 739.984495
225 3.559735 743.544230
226 3.587204 747.131434
227 3.554537 750.685971
228 3.621228 754.307199
229 3.524266 757.831465
230 3.565573 761.397038
231 3.608601 765.005639
232 3.564267 768.569906
233 3.580539 772.150445
234 3.539644 775.690089
235 3.622985 779.313074
236 3.572196 782.885270
237 3.598850 786.484120
238 3.518060 790.002180
239 3.559381 793.561561
240 3.519409 797.080970
241 3.520297 800.601267
242 3.490755 804.092022
243 3.590073 807.682095
244 3.547614 811.229709
245 3.507287 814.736996
246 3.553209 818.290205
247 3.532137 821.822342
248 3.510635 825.332977
249 3.600335 828.933312
250 3.640030 832.573342
251 3.563438 836.136780
252 3.593535 839.730315
253 3.466956 843.197271
254 3.462838 846.660109
255 3.520505 850.180614
256 3.452579 853.633193
257 3.612860 857.246053
258 3.726912 860.972965
259 3.659539 864.632504
260 3.624085 868.256589
261 3.596488 871.853077
262 3.621438 875.474515
263 3.576987 879.051502
264 3.539834 882.591336
265 3.653433 886.244769
266 3.682486 889.927255
267 3.669824 893.597079
268 3.642000 897.239079
269 3.507514 900.746593
270 3.492362 904.238955
271 3.513744 907.752699
272 3.525332 911.278031
273 3.654788 914.932819
274 3.681133 918.613952
275 3.667657 922.281609
276 3.645176 925.926785
277 3.589395 929.516180
278 3.625629 933.141809
279 3.582088 936.723897
280 3.596409 940.320306
281 3.650194 943.970500
282 3.729458 947.699958
283 3.632828 951.332786
284 3.664997 954.997783
285 3.500352 958.498135
286 3.542186 962.040321
287 3.501132 965.541453
288 3.415143 968.956596
289 3.626946 972.583542
290 3.679316 976.262858
291 3.665807 979.928665
292 3.648262 983.576927
293 3.547490 987.124417
294 3.523304 990.647721
295 3.573941 994.221662
296 3.468383 997.690045
297 3.596116 1001.286161
298 3.645653 1004.931814
299 3.600949 1008.532763
300 3.579567 1012.112330
301 3.542203 1015.654533
302 3.488847 1019.143380
303 3.505329 1022.648709
304 3.487877 1026.136586
305 3.591953 1029.728539
306 3.655153 1033.383692
307 3.635537 1037.019229
308 3.627026 1040.646255
309 3.614087 1044.260342
310 3.517275 1047.777617
311 3.637647 1051.415264
312 3.525140 1054.940404
313 3.647714 1058.588118
314 3.690043 1062.278161
315 3.644172 1065.922333
316 3.651298 1069.573631
317 3.512835 1073.086466
318 3.464525 1076.550991
319 3.532311 1080.083302
320 3.529612 1083.612914
321 3.629998 1087.242912
322 3.677601 1090.920513
323 3.678585 1094.599098
324 3.626673 1098.225771
325 3.625886 1101.851657
326 3.605176 1105.456833
327 3.609260 1109.066093
328 3.568837 1112.634930
329 3.735733 1116.370663
330 3.677472 1120.048135
331 3.704940 1123.753075
332 3.643316 1127.396391
333 3.550941 1130.947332
334 3.566727 1134.514059
335 3.519655 1138.033714
336 3.555250 1141.588964
337 3.634079 1145.223043
338 3.493112 1148.716155
339 3.632380 1152.348535
340 3.655722 1156.004257
341 3.711868 1159.716125
342 3.573644 1163.289769
343 3.523854 1166.813623
344 3.586876 1170.400499
345 3.569308 1173.969807
346 3.515820 1177.485627
347 3.660797 1181.146424
348 3.731624 1184.878048
349 3.668563 1188.546611
350 3.660456 1192.207067
351 3.587584 1195.794651
352 3.566268 1199.360919
353 3.622412 1202.983331
354 3.468109 1206.451440
355 3.644445 1210.095885
356 3.611658 1213.707543
357 3.667336 1217.374879
358 3.590216 1220.965095
359 3.544276 1224.509371
360 3.595323 1228.104694
361 3.585508 1231.690202
362 3.546714 1235.236916
363 3.672971 1238.909887
364 3.651796 1242.561683
365 3.645522 1246.207205
366 3.630017 1249.837222
367 3.529719 1253.366941
368 3.740488 1257.107429
369 3.668253 1260.775682
370 3.649597 1264.425279
371 3.677962 1268.103241
372 3.582350 1271.685591
373 3.589488 1275.275079
374 3.627393 1278.902472
375 3.642511 1282.544983
376 3.757780 1286.302763
377 3.697398 1290.000161
378 3.598736 1293.598897
379 3.758025 1297.356922
380 3.691612 1301.048534
381 3.702298 1304.750832
382 3.731778 1308.482610
383 3.643986 1312.126596
384 3.796885 1315.923481
385 3.790480 1319.713961
386 3.774102 1323.488063
387 3.766776 1327.254839
388 3.682455 1330.937294
389 3.674501 1334.611795
390 3.723161 1338.334956
391 3.674762 1342.009718
392 3.753030 1345.762748
393 3.739682 1349.502430
394 3.667464 1353.169894
395 3.742721 1356.912615
396 3.727190 1360.639805
397 3.739235 1364.379040
398 3.773806 1368.152846
399 3.694219 1371.847065
400 3.826212 1375.673277
401 3.819522 1379.492799
402 3.752843 1383.245642
403 3.862089 1387.107731
404 3.750799 1390.858530
405 3.775909 1394.634439
406 3.899287 1398.533726
407 3.908651 1402.442377
408 3.875842 1406.318219
409 3.908530 1410.226749
410 3.935941 1414.162690
411 3.903047 1418.065737
412 3.892846 1421.958583
413 3.890292 1425.848875
414 3.896306 1429.745181
415 3.870091 1433.615272
416 3.879708 1437.494980
417 3.882137 1441.377117
418 3.876861 1445.253978
419 3.840285 1449.094263
420 3.845192 1452.939455
421 3.883900 1456.823355
422 3.863939 1460.687294
423 3.828167 1464.515461
424 3.834118 1468.349579
425 3.852940 1472.202519
426 3.842279 1476.044798
427 3.850689 1479.895487
428 3.917301 1483.812788
429 3.862867 1487.675655
430 3.839479 1491.515134
431 3.865828 1495.380962
432 3.816217 1499.197179
433 3.849961 1503.047140
434 3.753404 1506.800544
435 3.719750 1510.520294
436 3.844942 1514.365236
437 3.803391 1518.168627
438 3.829022 1521.997649
439 3.700693 1525.698342
440 3.843350 1529.541692
441 3.743056 1533.284748
442 3.819205 1537.103953
443 3.714157 1540.818110
444 3.828793 1544.646903
445 3.793423 1548.440326
446 3.933347 1552.373673
447 3.784498 1556.158171
448 3.908802 1560.066973
449 3.867599 1563.934572
450 3.940759 1567.875331
451 3.812942 1571.688273
452 3.926137 1575.614410
453 3.875242 1579.489652
454 3.940618 1583.430270
455 3.834455 1587.264725
456 3.924274 1591.188999
457 3.876908 1595.065907
458 3.968745 1599.034652
459 3.818763 1602.853415
460 3.947869 1606.801284
461 3.902892 1610.704176
462 3.956842 1614.661018
463 3.851190 1618.512208
464 3.951845 1622.464053
465 3.918050 1626.382103
466 3.971123 1630.353226
467 3.887326 1634.240552
468 3.958591 1638.199143
469 3.982588 1642.181731
470 4.014195 1646.195926
471 4.056274 1650.252200
472 4.059183 1654.311383
473 4.063322 1658.374705
474 3.960971 1662.335676
475 3.951248 1666.286924
476 3.988931 1670.275855
477 4.058249 1674.334104
478 4.095430 1678.429534
479 4.085702 1682.515236
480 4.142235 1686.657471
481 4.112354 1690.769825
482 4.084040 1694.853865
483 4.107931 1698.961796
484 4.120309 1703.082105
485 4.153619 1707.235724
486 4.214985 1711.450709
487 4.174209 1715.624918
488 4.188198 1719.813116
489 4.188548 1724.001664
490 4.145096 1728.146760
491 4.138105 1732.284865
492 4.054774 1736.339639
493 4.058900 1740.398539
494 4.170135 1744.568674
495 4.153068 1748.721742
496 4.175964 1752.897706
497 4.215445 1757.113151
498 4.131324 1761.244475
499 4.149016 1765.393491
500 4.161996 1769.555487
501 4.215775 1773.771262
502 4.208394 1777.979656
503 4.214513 1782.194169
504 4.197334 1786.391503
505 4.219279 1790.610782
506 4.224136 1794.834918
507 4.207654 1799.042572
508 4.189345 1803.231917
509 4.146600 1807.378517
510 4.201339 1811.579856
511 4.231490 1815.811346
512 4.280548 1820.091894
513 4.254340 1824.346234
514 4.292750 1828.638984
515 4.257321 1832.896305
516 4.248633 1837.144938
517 4.165392 1841.310330
518 4.182004 1845.492334
519 4.103438 1849.595772
520 4.113742 1853.709514
521 4.142859 1857.852373
522 4.197076 1862.049449
523 4.162640 1866.212089
524 4.127194 1870.339283
525 4.079953 1874.419236
526 4.125053 1878.544289
527 4.102759 1882.647048
528 4.079322 1886.726370
529 4.103442 1890.829812
530 4.107012 1894.936824
531 4.098577 1899.035401
532 4.077235 1903.112636
533 4.013381 1907.126017
534 4.000009 1911.126026
535 3.982761 1915.108787
536 3.969970 1919.078757
537 4.016583 1923.095340
538 4.029802 1927.125142
539 3.979684 1931.104826
done 539 3.980448 1935.085274
