#fmcad13 secondnet datacenter tree16_2000.20, instance vn2_5.3
init 0.000089 0.000089
1 0.074398 0.074398
2 0.079465 0.153863
3 0.101457 0.255320
4 0.105156 0.360476
5 0.077023 0.437499
6 0.081757 0.519256
7 0.103371 0.622627
8 0.106673 0.729300
9 0.108796 0.838096
10 0.101655 0.939751
11 0.109161 1.048912
12 0.106340 1.155252
13 0.097118 1.252370
14 0.093866 1.346236
15 0.106645 1.452881
16 0.107225 1.560106
17 3.490239 5.050345
18 3.423559 8.473904
19 3.449299 11.923203
20 3.473255 15.396458
21 3.461409 18.857867
22 3.427047 22.284914
23 3.460210 25.745124
24 3.468960 29.214084
25 3.477150 32.691234
26 3.472113 36.163347
27 3.466102 39.629449
28 3.461517 43.090966
29 3.472772 46.563738
30 3.448377 50.012115
31 3.464477 53.476592
32 3.459822 56.936414
33 3.460338 60.396752
34 3.473706 63.870458
35 3.459050 67.329508
36 3.429631 70.759139
37 3.458825 74.217964
38 3.479907 77.697871
39 3.474855 81.172726
40 3.461010 84.633736
41 3.469072 88.102808
42 3.473515 91.576323
43 3.466754 95.043077
44 3.452022 98.495099
45 3.463432 101.958531
46 3.473613 105.432144
47 3.431011 108.863155
48 3.431158 112.294313
49 3.494727 115.789040
50 3.485003 119.274043
51 3.449940 122.723983
52 3.456598 126.180581
53 3.491804 129.672385
54 3.474166 133.146551
55 3.456935 136.603486
56 3.446964 140.050450
57 3.476427 143.526877
58 3.465596 146.992473
59 3.464624 150.457097
60 3.452121 153.909218
61 3.494707 157.403925
62 3.424396 160.828321
63 3.431527 164.259848
64 3.437741 167.697589
65 3.433423 171.131012
66 3.425748 174.556760
67 3.428648 177.985408
68 3.452642 181.438050
69 3.455237 184.893287
70 3.444091 188.337378
71 3.471785 191.809163
72 3.427829 195.236992
73 3.452518 198.689510
74 3.452798 202.142308
75 3.459310 205.601618
76 3.471526 209.073144
77 3.455092 212.528236
78 3.469712 215.997948
79 3.462084 219.460032
80 3.441541 222.901573
81 3.477303 226.378876
82 3.459448 229.838324
83 3.443407 233.281731
84 3.416548 236.698279
85 3.454045 240.152324
86 3.453411 243.605735
87 3.448284 247.054019
88 3.468684 250.522703
89 3.436771 253.959474
90 3.425909 257.385383
91 3.437053 260.822436
92 3.447347 264.269783
93 3.444987 267.714770
94 3.445589 271.160359
95 3.423469 274.583828
96 3.415949 277.999777
97 3.471426 281.471203
98 3.456456 284.927659
99 3.415762 288.343421
100 3.463900 291.807321
101 3.448487 295.255808
102 3.489087 298.744895
103 3.509252 302.254147
104 3.491924 305.746071
105 3.499042 309.245113
106 3.512567 312.757680
107 3.491699 316.249379
108 3.470203 319.719582
109 3.504040 323.223622
110 3.496731 326.720353
111 3.482010 330.202363
112 3.510378 333.712741
113 3.499332 337.212073
114 3.496246 340.708319
115 3.503072 344.211391
116 3.496219 347.707610
117 3.494914 351.202524
118 3.537263 354.739787
119 3.510487 358.250274
120 3.495655 361.745929
121 3.537653 365.283582
122 3.511037 368.794619
123 3.514087 372.308706
124 3.544248 375.852954
125 3.516022 379.368976
126 3.498147 382.867123
127 3.494312 386.361435
128 3.514046 389.875481
129 3.500860 393.376341
130 3.502617 396.878958
131 3.512431 400.391389
132 3.516295 403.907684
133 3.512613 407.420297
134 3.496989 410.917286
135 3.544006 414.461292
136 3.511383 417.972675
137 3.502729 421.475404
138 3.516450 424.991854
139 3.506134 428.497988
140 3.482931 431.980919
141 3.513168 435.494087
142 3.509290 439.003377
143 3.530449 442.533826
144 3.511850 446.045676
145 3.500909 449.546585
146 3.507542 453.054127
147 3.519130 456.573257
148 3.517161 460.090418
149 3.520106 463.610524
150 3.500049 467.110573
151 3.541160 470.651733
152 3.514678 474.166411
153 3.500467 477.666878
154 3.506499 481.173377
155 3.507394 484.680771
156 3.522118 488.202889
157 3.507870 491.710759
158 3.515543 495.226302
159 3.524060 498.750362
160 3.502663 502.253025
161 3.501743 505.754768
162 3.496871 509.251639
163 3.514291 512.765930
164 3.492252 516.258182
165 3.498322 519.756504
166 3.503035 523.259539
167 3.510073 526.769612
168 3.503800 530.273412
169 3.510320 533.783732
170 3.497151 537.280883
171 3.547239 540.828122
172 3.522831 544.350953
173 3.513363 547.864316
174 3.493124 551.357440
175 3.506995 554.864435
176 3.525232 558.389667
177 3.502529 561.892196
178 3.521778 565.413974
179 3.502181 568.916155
180 3.509897 572.426052
181 3.500489 575.926541
182 3.520178 579.446719
183 3.547550 582.994269
184 3.505633 586.499902
185 3.505875 590.005777
186 3.501250 593.507027
187 3.475917 596.982944
188 3.523370 600.506314
189 3.471438 603.977752
190 3.512676 607.490428
191 3.523502 611.013930
192 3.519409 614.533339
193 3.494806 618.028145
194 3.506827 621.534972
195 3.521924 625.056896
196 3.551187 628.608083
197 3.521914 632.129997
198 3.490856 635.620853
199 3.486026 639.106879
200 3.506365 642.613244
201 3.520702 646.133946
202 3.518117 649.652063
203 3.525428 653.177491
204 3.500966 656.678457
205 3.514910 660.193367
206 3.508248 663.701615
207 3.517951 667.219566
208 3.521921 670.741487
209 3.523963 674.265450
210 3.512420 677.777870
211 3.541605 681.319475
212 3.512535 684.832010
213 3.511453 688.343463
214 3.533565 691.877028
215 3.499772 695.376800
216 3.496515 698.873315
217 3.495757 702.369072
218 3.536137 705.905209
219 3.510485 709.415694
220 3.508835 712.924529
221 3.523532 716.448061
222 3.515713 719.963774
223 3.490978 723.454752
224 3.508044 726.962796
225 3.487852 730.450648
226 3.507933 733.958581
227 3.532665 737.491246
228 3.474751 740.965997
229 3.512092 744.478089
230 3.492017 747.970106
231 3.499198 751.469304
232 3.481491 754.950795
233 3.508453 758.459248
234 3.490555 761.949803
235 3.489062 765.438865
236 3.485377 768.924242
237 3.501544 772.425786
238 3.495662 775.921448
239 3.479968 779.401416
240 3.480606 782.882022
241 3.489118 786.371140
242 3.499898 789.871038
243 3.475461 793.346499
244 3.506861 796.853360
245 3.520441 800.373801
246 3.474299 803.848100
247 3.495650 807.343750
248 3.489538 810.833288
249 3.525130 814.358418
250 3.511948 817.870366
251 3.495606 821.365972
252 3.493233 824.859205
253 3.500046 828.359251
254 3.502932 831.862183
255 3.526254 835.388437
256 3.504127 838.892564
257 3.486936 842.379500
258 3.515851 845.895351
259 3.497343 849.392694
260 3.503903 852.896597
261 3.470358 856.366955
262 3.494310 859.861265
263 3.497630 863.358895
264 3.496077 866.854972
265 3.501207 870.356179
266 3.504886 873.861065
267 3.477861 877.338926
268 3.506502 880.845428
269 3.496015 884.341443
270 3.505916 887.847359
271 3.518779 891.366138
272 3.448564 894.814702
273 3.507454 898.322156
274 3.494927 901.817083
275 3.486245 905.303328
276 3.482934 908.786262
277 3.505127 912.291389
278 3.483524 915.774913
279 3.490148 919.265061
280 3.535528 922.800589
281 3.510993 926.311582
282 3.487080 929.798662
283 3.572244 933.370906
284 3.521587 936.892493
285 3.512024 940.404517
286 3.475854 943.880371
287 3.498621 947.378992
288 3.516093 950.895085
289 3.564382 954.459467
290 3.500706 957.960173
291 3.500013 961.460186
292 3.538552 964.998738
293 3.509668 968.508406
294 3.492354 972.000760
295 3.478014 975.478774
296 3.500951 978.979725
297 3.524572 982.504297
298 3.494593 985.998890
299 3.513872 989.512762
300 3.584411 993.097173
301 3.508375 996.605548
302 3.507049 1000.112597
303 3.492065 1003.604662
304 3.543900 1007.148562
305 3.514016 1010.662578
306 3.486467 1014.149045
307 3.533611 1017.682656
308 3.532657 1021.215313
309 3.506482 1024.721795
310 3.516220 1028.238015
311 3.608993 1031.847008
312 3.501797 1035.348805
313 3.562142 1038.910947
314 3.525424 1042.436371
315 3.503400 1045.939771
316 3.491491 1049.431262
317 3.490418 1052.921680
318 3.512211 1056.433891
319 3.500884 1059.934775
320 3.550442 1063.485217
321 3.551568 1067.036785
322 3.484831 1070.521616
323 3.521709 1074.043325
324 3.517756 1077.561081
325 3.497008 1081.058089
326 3.538122 1084.596211
327 3.511975 1088.108186
328 3.521660 1091.629846
329 3.494335 1095.124181
330 3.494529 1098.618710
331 3.549955 1102.168665
332 3.506128 1105.674793
333 3.505597 1109.180390
334 3.513792 1112.694182
335 3.535533 1116.229715
336 3.549156 1119.778871
337 3.466439 1123.245310
338 3.510803 1126.756113
339 3.512726 1130.268839
340 3.521020 1133.789859
341 3.525035 1137.314894
342 3.511736 1140.826630
343 3.542162 1144.368792
344 3.535131 1147.903923
345 3.548197 1151.452120
346 3.561931 1155.014051
347 3.552021 1158.566072
348 3.553733 1162.119805
349 3.555241 1165.675046
350 3.578811 1169.253857
351 3.582456 1172.836313
352 3.543502 1176.379815
353 3.572517 1179.952332
354 3.557154 1183.509486
355 3.528441 1187.037927
356 3.544137 1190.582064
357 3.498931 1194.080995
358 3.521755 1197.602750
359 3.511511 1201.114261
360 3.524206 1204.638467
361 3.563689 1208.202156
362 3.554339 1211.756495
363 3.564516 1215.321011
364 3.523282 1218.844293
365 3.569545 1222.413838
366 3.566254 1225.980092
367 3.526540 1229.506632
368 3.563165 1233.069797
369 3.541961 1236.611758
370 3.533370 1240.145128
371 3.553267 1243.698395
372 3.453688 1247.152083
373 3.529082 1250.681165
374 3.471060 1254.152225
375 3.519927 1257.672152
376 3.584438 1261.256590
377 3.629078 1264.885668
378 3.585155 1268.470823
379 3.579139 1272.049962
380 3.509517 1275.559479
381 3.503882 1279.063361
382 3.523374 1282.586735
383 3.485189 1286.071924
384 3.582003 1289.653927
385 3.589349 1293.243276
386 3.631336 1296.874612
387 3.604615 1300.479227
388 3.473547 1303.952774
389 3.558009 1307.510783
390 3.477717 1310.988500
391 3.625684 1314.614184
392 3.562737 1318.176921
393 3.656528 1321.833449
394 3.581040 1325.414489
395 3.540818 1328.955307
396 3.588397 1332.543704
397 3.579409 1336.123113
398 3.527719 1339.650832
399 3.670175 1343.321007
400 3.579769 1346.900776
401 3.653404 1350.554180
402 3.666097 1354.220277
403 3.594745 1357.815022
404 3.650417 1361.465439
405 3.545105 1365.010544
406 3.579650 1368.590194
407 3.679354 1372.269548
408 3.640374 1375.909922
409 3.719809 1379.629731
410 3.671826 1383.301557
411 3.600585 1386.902142
412 3.756273 1390.658415
413 3.677243 1394.335658
414 3.634431 1397.970089
415 3.703889 1401.673978
416 3.680835 1405.354813
417 3.703690 1409.058503
418 3.674419 1412.732922
419 3.709861 1416.442783
420 3.719516 1420.162299
421 3.626007 1423.788306
422 3.630936 1427.419242
423 3.737014 1431.156256
424 3.604364 1434.760620
425 3.754763 1438.515383
426 3.691183 1442.206566
427 3.639049 1445.845615
428 3.732184 1449.577799
429 3.746058 1453.323857
430 3.649862 1456.973719
431 3.792865 1460.766584
432 3.747239 1464.513823
433 3.789125 1468.302948
434 3.753395 1472.056343
435 3.732588 1475.788931
436 3.767279 1479.556210
437 3.706127 1483.262337
438 3.709316 1486.971653
439 3.804673 1490.776326
440 3.731322 1494.507648
441 3.846195 1498.353843
442 3.780468 1502.134311
443 3.753742 1505.888053
444 3.864913 1509.752966
445 3.808347 1513.561313
446 3.831865 1517.393178
447 3.789709 1521.182887
448 3.730133 1524.913020
449 3.848855 1528.761875
450 3.791470 1532.553345
451 3.723398 1536.276743
452 3.854108 1540.130851
453 3.789273 1543.920124
454 3.865206 1547.785330
455 3.864171 1551.649501
456 3.911930 1555.561431
457 3.964337 1559.525768
458 3.834709 1563.360477
459 3.780278 1567.140755
460 3.913828 1571.054583
461 3.783160 1574.837743
462 3.760776 1578.598519
463 3.795159 1582.393678
464 3.834887 1586.228565
465 3.854243 1590.082808
466 3.932070 1594.014878
467 3.989558 1598.004436
468 3.983645 1601.988081
469 3.875218 1605.863299
470 3.916413 1609.779712
471 3.961542 1613.741254
472 3.966589 1617.707843
473 4.018143 1621.725986
474 4.041701 1625.767687
475 4.094488 1629.862175
476 4.098599 1633.960774
477 4.018000 1637.978774
478 3.968750 1641.947524
479 3.972740 1645.920264
480 3.978121 1649.898385
481 3.962618 1653.861003
482 4.058078 1657.919081
483 4.078166 1661.997247
484 4.091404 1666.088651
485 3.953133 1670.041784
486 4.085616 1674.127400
487 4.048694 1678.176094
488 4.028315 1682.204409
489 4.030991 1686.235400
490 4.047225 1690.282625
491 4.063684 1694.346309
492 4.112162 1698.458471
493 4.023350 1702.481821
494 4.083410 1706.565231
495 4.044773 1710.610004
496 4.030063 1714.640067
497 4.110986 1718.751053
498 4.093986 1722.845039
499 4.088243 1726.933282
500 4.098085 1731.031367
501 3.965182 1734.996549
502 4.020967 1739.017516
503 4.044097 1743.061613
504 3.953598 1747.015211
505 3.995607 1751.010818
506 3.933744 1754.944562
507 3.997815 1758.942377
508 3.911344 1762.853721
509 3.928934 1766.782655
510 3.827491 1770.610146
511 3.898079 1774.508225
512 3.847340 1778.355565
513 3.819847 1782.175412
514 3.749678 1785.925090
515 3.818551 1789.743641
516 3.734041 1793.477682
517 3.763485 1797.241167
518 3.669784 1800.910951
519 3.696550 1804.607501
520 3.662415 1808.269916
521 3.634289 1811.904205
522 3.532637 1815.436842
523 3.624452 1819.061294
524 3.509979 1822.571273
525 3.572264 1826.143537
526 3.483220 1829.626757
527 3.505986 1833.132743
528 3.449207 1836.581950
529 3.519108 1840.101058
530 3.431765 1843.532823
531 3.449807 1846.982630
532 3.352116 1850.334746
533 3.391486 1853.726232
534 3.323844 1857.050076
535 3.346001 1860.396077
536 3.262644 1863.658721
537 3.288816 1866.947537
538 3.276007 1870.223544
539 3.279537 1873.503081
540 3.190008 1876.693089
541 3.192126 1879.885215
542 3.125328 1883.010543
543 3.145950 1886.156493
544 3.067050 1889.223543
545 3.099414 1892.322957
546 3.017997 1895.340954
547 3.087088 1898.428042
548 2.967152 1901.395194
549 3.009739 1904.404933
550 2.951643 1907.356576
551 2.979703 1910.336279
552 2.913375 1913.249654
553 2.907294 1916.156948
554 2.819079 1918.976027
555 2.837275 1921.813302
556 2.758191 1924.571493
557 2.783211 1927.354704
558 2.725872 1930.080576
559 2.736666 1932.817242
560 2.703579 1935.520821
561 2.679765 1938.200586
562 2.658826 1940.859412
563 2.643891 1943.503303
564 2.568504 1946.071807
565 2.607399 1948.679206
566 2.549418 1951.228624
567 2.525783 1953.754407
done 567 2.353799 1956.108206
