#fmcad13 secondnet datacenter tree_200.20, instance vn2_3.3
init 0.000057 0.000057
1 0.001236 0.001236
2 0.001170 0.002406
3 0.001107 0.003513
4 0.001080 0.004593
5 0.000996 0.005589
6 0.001143 0.006732
7 0.001020 0.007752
8 0.001064 0.008816
9 0.001026 0.009842
10 0.000881 0.010723
11 0.000990 0.011713
12 0.001018 0.012731
13 0.001065 0.013796
14 0.001051 0.014847
15 0.000934 0.015781
16 0.001018 0.016799
17 0.000997 0.017796
18 0.000997 0.018793
19 0.001002 0.019795
20 0.001123 0.020918
21 0.001156 0.022074
22 0.000990 0.023064
23 0.001006 0.024070
24 0.000960 0.025030
25 0.000972 0.026002
26 0.001156 0.027158
27 0.001171 0.028329
28 0.001133 0.029462
29 0.001126 0.030588
30 0.001081 0.031669
31 0.001171 0.032840
32 0.001262 0.034102
33 0.001062 0.035164
34 0.001120 0.036284
35 0.001255 0.037539
36 0.001215 0.038754
37 0.001227 0.039981
38 0.001197 0.041178
39 0.001234 0.042412
40 0.001141 0.043553
41 0.001581 0.045134
42 0.001323 0.046457
43 0.001551 0.048008
44 0.001638 0.049646
45 0.001286 0.050932
46 0.001793 0.052725
47 0.001496 0.054221
48 0.001696 0.055917
49 0.001287 0.057204
50 0.001293 0.058497
51 0.002331 0.060828
52 0.002161 0.062989
53 0.002188 0.065177
54 0.002157 0.067334
55 0.002090 0.069424
56 0.002280 0.071704
57 0.002037 0.073741
58 0.001874 0.075615
59 0.001674 0.077289
60 0.001420 0.078709
61 0.001492 0.080201
62 0.001447 0.081648
63 0.001458 0.083106
64 0.001482 0.084588
65 0.001442 0.086030
66 0.001654 0.087684
67 0.001595 0.089279
68 0.001472 0.090751
69 0.001472 0.092223
70 0.001514 0.093737
71 0.001504 0.095241
72 0.001499 0.096740
73 0.010157 0.106897
74 0.008029 0.114926
75 0.007739 0.122665
76 0.006894 0.129559
77 0.006279 0.135838
78 0.005749 0.141587
79 0.005205 0.146792
80 0.004656 0.151448
81 0.004228 0.155676
82 0.003867 0.159543
83 0.003542 0.163085
84 0.003233 0.166318
85 0.002826 0.169144
86 0.002646 0.171790
87 0.002362 0.174152
done 87 0.001884 0.176036
