#fmcad13 secondnet datacenter tree_200.20, instance vn2_5.1
init 0.000038 0.000038
1 0.005777 0.005777
2 0.005692 0.011469
3 0.005785 0.017254
4 0.005795 0.023049
5 0.035230 0.058279
6 0.035526 0.093805
7 0.040627 0.134432
8 0.052789 0.187221
9 0.042335 0.229556
10 0.036766 0.266322
11 0.036071 0.302393
12 0.036139 0.338532
13 0.035972 0.374504
14 0.036065 0.410569
15 0.036154 0.446723
16 0.036012 0.482735
17 0.035952 0.518687
18 0.036286 0.554973
19 0.036418 0.591391
20 0.036467 0.627858
21 0.036398 0.664256
22 0.036432 0.700688
23 0.036498 0.737186
24 0.036388 0.773574
25 0.036141 0.809715
26 0.035774 0.845489
27 0.035460 0.880949
28 0.035820 0.916769
29 0.035481 0.952250
30 0.034778 0.987028
31 0.034550 1.021578
32 0.034467 1.056045
33 0.034784 1.090829
34 0.034696 1.125525
35 0.034206 1.159731
36 0.033441 1.193172
37 0.032228 1.225400
38 0.030670 1.256070
39 0.029764 1.285834
40 0.027431 1.313265
41 0.026372 1.339637
42 0.023898 1.363535
43 0.023167 1.386702
44 0.021253 1.407955
45 0.018943 1.426898
46 0.017333 1.444231
47 0.015048 1.459279
48 0.012969 1.472248
done 48 0.010715 1.482963
