#fmcad13 secondnet datacenter tree_200.20, instance vn2_3.2
init 0.000046 0.000046
1 0.000704 0.000704
2 0.000617 0.001321
3 0.000699 0.002020
4 0.000660 0.002680
5 0.000608 0.003288
6 0.000598 0.003886
7 0.000614 0.004500
8 0.000621 0.005121
9 0.000624 0.005745
10 0.000623 0.006368
11 0.000549 0.006917
12 0.000557 0.007474
13 0.000576 0.008050
14 0.000564 0.008614
15 0.000599 0.009213
16 0.000628 0.009841
17 0.000662 0.010503
18 0.000601 0.011104
19 0.000613 0.011717
20 0.000612 0.012329
21 0.000602 0.012931
22 0.000602 0.013533
23 0.000681 0.014214
24 0.000779 0.014993
25 0.000799 0.015792
26 0.001187 0.016979
27 0.001105 0.018084
28 0.001093 0.019177
29 0.001067 0.020244
30 0.001079 0.021323
31 0.001181 0.022504
32 0.001097 0.023601
33 0.001108 0.024709
34 0.001117 0.025826
35 0.001028 0.026854
36 0.001076 0.027930
37 0.001164 0.029094
38 0.001171 0.030265
39 0.001132 0.031397
40 0.001089 0.032486
41 0.001043 0.033529
42 0.001015 0.034544
43 0.001069 0.035613
44 0.001159 0.036772
45 0.001155 0.037927
46 0.001113 0.039040
47 0.001061 0.040101
48 0.001008 0.041109
49 0.001129 0.042238
50 0.001116 0.043354
51 0.001137 0.044491
52 0.001071 0.045562
53 0.000990 0.046552
54 0.001020 0.047572
55 0.001064 0.048636
56 0.001019 0.049655
57 0.000965 0.050620
58 0.001072 0.051692
59 0.000962 0.052654
60 0.001075 0.053729
61 0.001110 0.054839
62 0.001106 0.055945
63 0.001091 0.057036
64 0.001095 0.058131
65 0.001135 0.059266
66 0.001116 0.060382
67 0.001178 0.061560
68 0.001191 0.062751
69 0.001113 0.063864
70 0.001078 0.064942
71 0.001036 0.065978
72 0.001151 0.067129
73 0.001218 0.068347
74 0.001170 0.069517
75 0.001210 0.070727
76 0.001225 0.071952
77 0.001080 0.073032
78 0.001110 0.074142
79 0.001335 0.075477
80 0.001285 0.076762
81 0.001249 0.078011
82 0.001258 0.079269
83 0.001238 0.080507
84 0.001212 0.081719
85 0.001199 0.082918
86 0.001164 0.084082
87 0.004934 0.089016
88 0.004050 0.093066
done 88 0.000842 0.093908
