#fmcad13 secondnet datacenter tree16_400.20, instance vn2_5.3
init 0.000038 0.000038
1 0.014121 0.014121
2 0.014146 0.028267
3 0.020279 0.048546
4 0.017618 0.066164
5 0.015881 0.082045
6 0.014783 0.096828
7 0.019317 0.116145
8 0.134427 0.250572
9 0.129295 0.379867
10 0.129124 0.508991
11 0.129696 0.638687
12 0.128752 0.767439
13 0.128851 0.896290
14 0.129129 1.025419
15 0.128331 1.153750
16 0.128329 1.282079
17 0.129124 1.411203
18 0.128358 1.539561
19 0.128737 1.668298
20 0.128787 1.797085
21 0.128515 1.925600
22 0.131346 2.056946
23 0.130074 2.187020
24 0.129249 2.316269
25 0.129809 2.446078
26 0.128549 2.574627
27 0.129405 2.704032
28 0.128900 2.832932
29 0.129018 2.961950
30 0.128591 3.090541
31 0.128664 3.219205
32 0.129014 3.348219
33 0.128686 3.476905
34 0.128002 3.604907
35 0.128342 3.733249
36 0.129644 3.862893
37 0.129589 3.992482
38 0.130403 4.122885
39 0.130140 4.253025
40 0.129838 4.382863
41 0.128220 4.511083
42 0.128400 4.639483
43 0.129520 4.769003
44 0.128129 4.897132
45 0.128101 5.025233
46 0.128597 5.153830
47 0.128838 5.282668
48 0.128670 5.411338
49 0.129995 5.541333
50 0.129894 5.671227
51 0.128296 5.799523
52 0.128043 5.927566
53 0.128494 6.056060
54 0.129098 6.185158
55 0.129089 6.314247
56 0.129458 6.443705
57 0.127907 6.571612
58 0.129396 6.701008
59 0.129408 6.830416
60 0.129161 6.959577
61 0.129181 7.088758
62 0.129167 7.217925
63 0.129136 7.347061
64 0.128810 7.475871
65 0.129791 7.605662
66 0.128644 7.734306
67 0.129209 7.863515
68 0.128950 7.992465
69 0.130502 8.122967
70 0.129415 8.252382
71 0.129769 8.382151
72 0.129551 8.511702
73 0.129196 8.640898
74 0.129960 8.770858
75 0.130049 8.900907
76 0.130214 9.031121
77 0.132158 9.163279
78 0.130395 9.293674
79 0.130279 9.423953
80 0.129811 9.553764
81 0.129945 9.683709
82 0.130018 9.813727
83 0.132636 9.946363
84 0.131366 10.077729
85 0.131933 10.209662
86 0.133116 10.342778
87 0.130712 10.473490
88 0.132890 10.606380
89 0.133231 10.739611
90 0.131162 10.870773
91 0.132396 11.003169
92 0.130783 11.133952
93 0.129899 11.263851
94 0.130752 11.394603
95 0.128157 11.522760
96 0.127184 11.649944
97 0.124839 11.774783
98 0.125531 11.900314
99 0.122773 12.023087
100 0.122414 12.145501
101 0.118950 12.264451
102 0.117896 12.382347
103 0.114910 12.497257
104 0.112815 12.610072
105 0.107457 12.717529
106 0.105884 12.823413
107 0.099676 12.923089
108 0.097721 13.020810
109 0.092241 13.113051
110 0.089664 13.202715
111 0.088821 13.291536
112 0.081223 13.372759
113 0.075756 13.448515
114 0.073665 13.522180
done 114 0.063032 13.585212
