#fmcad13 secondnet datacenter tree16_2000.20, instance vn2_3.1
init 0.000085 0.000085
1 0.019181 0.019181
2 0.014099 0.033280
3 0.014120 0.047400
4 0.014854 0.062254
5 0.015120 0.077374
6 0.015205 0.092579
7 0.015079 0.107658
8 0.015633 0.123291
9 0.016792 0.140083
10 0.015431 0.155514
11 0.015218 0.170732
12 0.015623 0.186355
13 0.015693 0.202048
14 0.015857 0.217905
15 0.015526 0.233431
16 0.015513 0.248944
17 0.017419 0.266363
18 0.016743 0.283106
19 0.016134 0.299240
20 0.016160 0.315400
21 0.014569 0.329969
22 0.014731 0.344700
23 0.015235 0.359935
24 0.015489 0.375424
25 0.014961 0.390385
26 0.014753 0.405138
27 0.014401 0.419539
28 0.014015 0.433554
29 0.014329 0.447883
30 0.014567 0.462450
31 0.015546 0.477996
32 0.014361 0.492357
33 0.014498 0.506855
34 0.015869 0.522724
35 0.016066 0.538790
36 0.014283 0.553073
37 0.014100 0.567173
38 0.014897 0.582070
39 0.014856 0.596926
40 0.014464 0.611390
41 0.014702 0.626092
42 0.015393 0.641485
43 0.017418 0.658903
44 0.014411 0.673314
45 0.014617 0.687931
46 0.014164 0.702095
47 0.014302 0.716397
48 0.014581 0.730978
49 0.014998 0.745976
50 0.017173 0.763149
51 0.017004 0.780153
52 0.020357 0.800510
53 0.016576 0.817086
54 0.014690 0.831776
55 0.023199 0.854975
56 0.022888 0.877863
57 0.027781 0.905644
58 0.023940 0.929584
59 0.025792 0.955376
60 0.023894 0.979270
61 0.026700 1.005970
62 0.027389 1.033359
63 0.029168 1.062527
64 0.026839 1.089366
65 0.024510 1.113876
66 0.024841 1.138717
67 0.023906 1.162623
68 0.018603 1.181226
69 0.016615 1.197841
70 0.014344 1.212185
71 0.014421 1.226606
72 0.014107 1.240713
73 0.014442 1.255155
74 0.016287 1.271442
75 0.014869 1.286311
76 0.014556 1.300867
77 0.014402 1.315269
78 0.024585 1.339854
79 0.021068 1.360922
80 0.022726 1.383648
81 0.025995 1.409643
82 0.026985 1.436628
83 0.022106 1.458734
84 0.022431 1.481165
85 0.030074 1.511239
86 0.027706 1.538945
87 0.026637 1.565582
88 0.026383 1.591965
89 0.026733 1.618698
90 0.024520 1.643218
91 0.025365 1.668583
92 0.029233 1.697816
93 0.027686 1.725502
94 0.026166 1.751668
95 0.025131 1.776799
96 0.028621 1.805420
97 0.027360 1.832780
98 0.028755 1.861535
99 0.026526 1.888061
100 0.028402 1.916463
101 0.028542 1.945005
102 0.026042 1.971047
103 0.024442 1.995489
104 0.020458 2.015947
105 0.018233 2.034180
106 0.026767 2.060947
107 0.026112 2.087059
108 0.021240 2.108299
109 0.018705 2.127004
110 0.016798 2.143802
111 0.015610 2.159412
112 0.014469 2.173881
113 0.026589 2.200470
114 0.021623 2.222093
115 0.023722 2.245815
116 0.024959 2.270774
117 0.021278 2.292052
118 0.018303 2.310355
119 0.016851 2.327206
120 0.015501 2.342707
121 0.014455 2.357162
122 0.014178 2.371340
123 0.022312 2.393652
124 0.026189 2.419841
125 0.024202 2.444043
126 0.026223 2.470266
127 0.022455 2.492721
128 0.025979 2.518700
129 0.023137 2.541837
130 0.018524 2.560361
131 0.022843 2.583204
132 0.022265 2.605469
133 0.030481 2.635950
134 0.027223 2.663173
135 0.020329 2.683502
136 0.021105 2.704607
137 0.025963 2.730570
138 0.023210 2.753780
139 0.019166 2.772946
140 0.021973 2.794919
141 0.023293 2.818212
142 0.024411 2.842623
143 0.020340 2.862963
144 0.017370 2.880333
145 0.016300 2.896633
146 0.014969 2.911602
147 0.014253 2.925855
148 0.014125 2.939980
149 0.015358 2.955338
150 0.021102 2.976440
151 0.024445 3.000885
152 0.026291 3.027176
153 0.020879 3.048055
154 0.018137 3.066192
155 0.019023 3.085215
156 0.026497 3.111712
157 0.026352 3.138064
158 0.026674 3.164738
159 0.025018 3.189756
160 0.025971 3.215727
161 0.022620 3.238347
162 0.018388 3.256735
163 0.016460 3.273195
164 0.021734 3.294929
165 0.025309 3.320238
166 0.025715 3.345953
167 0.026931 3.372884
168 0.025095 3.397979
169 0.024771 3.422750
170 0.026344 3.449094
171 0.020845 3.469939
172 0.017419 3.487358
173 0.020621 3.507979
174 0.024272 3.532251
175 0.026076 3.558327
176 0.021636 3.579963
177 0.027660 3.607623
178 0.027388 3.635011
179 0.021325 3.656336
180 0.018468 3.674804
181 0.016742 3.691546
182 0.025119 3.716665
183 0.024311 3.740976
184 0.024550 3.765526
185 0.025448 3.790974
186 0.025693 3.816667
187 0.025440 3.842107
188 0.022659 3.864766
189 0.024518 3.889284
190 0.027587 3.916871
191 0.028826 3.945697
192 0.025639 3.971336
193 0.028873 4.000209
194 0.025374 4.025583
195 0.027016 4.052599
196 0.027464 4.080063
197 0.023598 4.103661
198 0.025875 4.129536
199 0.026642 4.156178
200 0.020009 4.176187
201 0.026314 4.202501
202 0.026534 4.229035
203 0.022218 4.251253
204 0.024202 4.275455
205 0.026834 4.302289
206 0.024386 4.326675
207 0.019809 4.346484
208 0.021839 4.368323
209 0.017560 4.385883
210 0.017680 4.403563
211 0.024752 4.428315
212 0.024263 4.452578
213 0.019409 4.471987
214 0.023592 4.495579
215 0.020845 4.516424
216 0.027959 4.544383
217 0.023154 4.567537
218 0.025827 4.593364
219 0.022563 4.615927
220 0.018791 4.634718
221 0.020934 4.655652
222 0.019153 4.674805
223 0.027068 4.701873
224 0.021512 4.723385
225 0.023759 4.747144
226 0.018629 4.765773
227 0.026373 4.792146
228 0.027055 4.819201
229 0.023924 4.843125
230 0.019923 4.863048
231 0.017250 4.880298
232 0.023043 4.903341
233 0.027980 4.931321
234 0.023121 4.954442
235 0.024242 4.978684
236 0.020400 4.999084
237 0.026293 5.025377
238 0.026559 5.051936
239 0.020493 5.072429
240 0.024304 5.096733
241 0.023803 5.120536
242 0.020234 5.140770
243 0.017675 5.158445
244 0.016350 5.174795
245 0.016641 5.191436
246 0.024409 5.215845
247 0.026961 5.242806
248 0.022369 5.265175
249 0.018366 5.283541
250 0.015867 5.299408
251 0.014466 5.313874
252 0.024968 5.338842
253 0.022278 5.361120
254 0.021633 5.382753
255 0.025819 5.408572
256 0.024383 5.432955
257 0.022907 5.455862
258 0.026038 5.481900
259 0.026156 5.508056
260 0.026152 5.534208
261 0.021071 5.555279
262 0.026033 5.581312
263 0.020182 5.601494
264 0.023045 5.624539
265 0.027269 5.651808
266 0.020897 5.672705
267 0.018151 5.690856
268 0.023881 5.714737
269 0.026366 5.741103
270 0.025829 5.766932
271 0.019950 5.786882
272 0.017231 5.804113
273 0.023030 5.827143
274 0.025412 5.852555
275 0.026947 5.879502
276 0.025094 5.904596
277 0.020310 5.924906
278 0.022191 5.947097
279 0.026126 5.973223
280 0.023558 5.996781
281 0.024943 6.021724
282 0.023516 6.045240
283 0.029060 6.074300
284 0.028588 6.102888
285 0.026203 6.129091
286 0.024285 6.153376
287 0.023959 6.177335
288 0.022952 6.200287
289 0.027973 6.228260
290 0.021633 6.249893
291 0.026255 6.276148
292 0.024856 6.301004
293 0.021976 6.322980
294 0.024921 6.347901
295 0.019309 6.367210
296 0.017575 6.384785
297 0.020891 6.405676
298 0.026542 6.432218
299 0.029149 6.461367
300 0.021871 6.483238
301 0.027792 6.511030
302 0.021636 6.532666
303 0.018104 6.550770
304 0.025711 6.576481
305 0.026407 6.602888
306 0.023224 6.626112
307 0.024342 6.650454
308 0.024857 6.675311
309 0.019217 6.694528
310 0.025921 6.720449
311 0.021276 6.741725
312 0.018247 6.759972
313 0.026075 6.786047
314 0.026128 6.812175
315 0.025696 6.837871
316 0.019730 6.857601
317 0.017595 6.875196
318 0.024478 6.899674
319 0.023170 6.922844
320 0.025419 6.948263
321 0.021860 6.970123
322 0.017579 6.987702
323 0.024724 7.012426
324 0.022635 7.035061
325 0.025736 7.060797
326 0.025410 7.086207
327 0.023274 7.109481
328 0.026309 7.135790
329 0.025666 7.161456
330 0.021060 7.182516
331 0.026471 7.208987
332 0.021007 7.229994
333 0.026444 7.256438
334 0.020714 7.277152
335 0.025927 7.303079
336 0.022842 7.325921
337 0.029748 7.355669
338 0.022772 7.378441
339 0.024734 7.403175
340 0.024960 7.428135
341 0.023986 7.452121
342 0.024076 7.476197
343 0.025202 7.501399
344 0.025428 7.526827
345 0.024448 7.551275
346 0.024762 7.576037
347 0.025592 7.601629
348 0.020357 7.621986
349 0.024760 7.646746
350 0.025167 7.671913
351 0.024741 7.696654
352 0.024702 7.721356
353 0.025467 7.746823
354 0.022678 7.769501
355 0.025955 7.795456
356 0.024670 7.820126
357 0.025459 7.845585
358 0.028081 7.873666
359 0.025529 7.899195
360 0.023557 7.922752
361 0.025539 7.948291
362 0.020690 7.968981
363 0.027267 7.996248
364 0.024928 8.021176
365 0.020214 8.041390
366 0.017051 8.058441
367 0.015722 8.074163
368 0.022002 8.096165
369 0.024306 8.120471
370 0.024438 8.144909
371 0.024294 8.169203
372 0.023733 8.192936
373 0.023061 8.215997
374 0.026821 8.242818
375 0.026036 8.268854
376 0.022346 8.291200
377 0.024135 8.315335
378 0.027774 8.343109
379 0.025369 8.368478
380 0.027963 8.396441
381 0.020886 8.417327
382 0.026205 8.443532
383 0.025322 8.468854
384 0.027034 8.495888
385 0.023840 8.519728
386 0.019422 8.539150
387 0.023802 8.562952
388 0.020803 8.583755
389 0.025415 8.609170
390 0.026401 8.635571
391 0.024566 8.660137
392 0.026165 8.686302
393 0.020034 8.706336
394 0.024288 8.730624
395 0.024251 8.754875
396 0.026736 8.781611
397 0.024504 8.806115
398 0.026078 8.832193
399 0.024413 8.856606
400 0.021769 8.878375
401 0.025301 8.903676
402 0.019808 8.923484
403 0.017636 8.941120
404 0.022798 8.963918
405 0.024433 8.988351
406 0.024077 9.012428
407 0.024933 9.037361
408 0.026001 9.063362
409 0.023729 9.087091
410 0.026233 9.113324
411 0.026082 9.139406
412 0.020825 9.160231
413 0.026172 9.186403
414 0.019081 9.205484
415 0.022278 9.227762
416 0.023173 9.250935
417 0.024137 9.275072
418 0.025126 9.300198
419 0.026217 9.326415
420 0.026023 9.352438
421 0.026252 9.378690
422 0.026264 9.404954
423 0.023688 9.428642
424 0.024548 9.453190
425 0.025033 9.478223
426 0.023703 9.501926
427 0.028787 9.530713
428 0.029638 9.560351
429 0.028063 9.588414
430 0.024132 9.612546
431 0.025799 9.638345
432 0.020308 9.658653
433 0.018540 9.677193
434 0.019597 9.696790
435 0.027629 9.724419
436 0.025687 9.750106
437 0.025267 9.775373
438 0.020000 9.795373
439 0.023900 9.819273
440 0.020672 9.839945
441 0.018896 9.858841
442 0.024745 9.883586
443 0.025644 9.909230
444 0.020865 9.930095
445 0.023714 9.953809
446 0.026518 9.980327
447 0.028033 10.008360
448 0.020919 10.029279
449 0.025453 10.054732
450 0.021221 10.075953
451 0.023257 10.099210
452 0.022938 10.122148
453 0.018228 10.140376
454 0.015906 10.156282
455 0.021956 10.178238
456 0.023717 10.201955
457 0.019511 10.221466
458 0.018060 10.239526
459 0.024521 10.264047
460 0.024695 10.288742
461 0.018911 10.307653
462 0.016617 10.324270
463 0.015585 10.339855
464 0.021469 10.361324
465 0.021895 10.383219
466 0.023375 10.406594
467 0.023169 10.429763
468 0.025684 10.455447
469 0.023086 10.478533
470 0.025488 10.504021
471 0.027189 10.531210
472 0.022880 10.554090
473 0.028116 10.582206
474 0.023725 10.605931
475 0.024375 10.630306
476 0.024354 10.654660
477 0.030949 10.685609
478 0.025465 10.711074
479 0.024070 10.735144
480 0.025304 10.760448
481 0.020483 10.780931
482 0.025197 10.806128
483 0.024100 10.830228
484 0.025698 10.855926
485 0.024564 10.880490
486 0.027757 10.908247
487 0.028123 10.936370
488 0.024363 10.960733
489 0.024547 10.985280
490 0.026901 11.012181
491 0.025044 11.037225
492 0.019887 11.057112
493 0.027108 11.084220
494 0.021699 11.105919
495 0.025884 11.131803
496 0.024307 11.156110
497 0.025815 11.181925
498 0.022455 11.204380
499 0.025800 11.230180
500 0.020507 11.250687
501 0.025989 11.276676
502 0.020354 11.297030
503 0.022010 11.319040
504 0.026935 11.345975
505 0.026974 11.372949
506 0.022553 11.395502
507 0.025057 11.420559
508 0.023013 11.443572
509 0.023675 11.467247
510 0.022849 11.490096
511 0.025222 11.515318
512 0.021600 11.536918
513 0.025048 11.561966
514 0.019246 11.581212
515 0.017281 11.598493
516 0.024222 11.622715
517 0.025805 11.648520
518 0.023000 11.671520
519 0.020265 11.691785
520 0.016948 11.708733
521 0.018575 11.727308
522 0.019918 11.747226
523 0.023745 11.770971
524 0.022792 11.793763
525 0.027110 11.820873
526 0.026311 11.847184
527 0.023003 11.870187
528 0.025461 11.895648
529 0.024505 11.920153
530 0.026873 11.947026
531 0.024742 11.971768
532 0.024297 11.996065
533 0.027105 12.023170
534 0.025514 12.048684
535 0.025891 12.074575
536 0.026565 12.101140
537 0.024065 12.125205
538 0.025715 12.150920
539 0.026081 12.177001
540 0.024193 12.201194
541 0.026196 12.227390
542 0.025091 12.252481
543 0.023025 12.275506
544 0.026231 12.301737
545 0.024847 12.326584
546 0.026086 12.352670
547 0.019346 12.372016
548 0.020450 12.392466
549 0.022821 12.415287
550 0.024619 12.439906
551 0.022959 12.462865
552 0.021534 12.484399
553 0.024005 12.508404
554 0.025440 12.533844
555 0.027800 12.561644
556 0.025993 12.587637
557 0.024738 12.612375
558 0.019192 12.631567
559 0.017245 12.648812
560 0.025208 12.674020
561 0.024446 12.698466
562 0.022460 12.720926
563 0.023525 12.744451
564 0.024344 12.768795
565 0.025925 12.794720
566 0.023830 12.818550
567 0.026866 12.845416
568 0.022896 12.868312
569 0.024119 12.892431
570 0.019182 12.911613
571 0.023657 12.935270
572 0.027525 12.962795
573 0.026750 12.989545
574 0.024917 13.014462
575 0.025913 13.040375
576 0.025298 13.065673
577 0.019090 13.084763
578 0.016919 13.101682
579 0.015624 13.117306
580 0.021260 13.138566
581 0.022473 13.161039
582 0.025498 13.186537
583 0.023665 13.210202
584 0.026198 13.236400
585 0.021315 13.257715
586 0.024851 13.282566
587 0.027082 13.309648
588 0.024288 13.333936
589 0.024216 13.358152
590 0.019081 13.377233
591 0.017205 13.394438
592 0.016000 13.410438
593 0.014588 13.425026
594 0.013829 13.438855
595 0.025963 13.464818
596 0.025666 13.490484
597 0.022296 13.512780
598 0.025327 13.538107
599 0.019509 13.557616
600 0.024661 13.582277
601 0.024217 13.606494
602 0.024389 13.630883
603 0.025986 13.656869
604 0.021277 13.678146
605 0.027909 13.706055
606 0.025405 13.731460
607 0.025236 13.756696
608 0.024137 13.780833
609 0.025759 13.806592
610 0.019876 13.826468
611 0.017503 13.843971
612 0.025749 13.869720
613 0.026409 13.896129
614 0.027875 13.924004
615 0.021262 13.945266
616 0.024948 13.970214
617 0.022998 13.993212
618 0.024568 14.017780
619 0.026855 14.044635
620 0.020956 14.065591
621 0.025364 14.090955
622 0.021327 14.112282
623 0.022252 14.134534
624 0.025856 14.160390
625 0.026050 14.186440
626 0.027424 14.213864
627 0.024538 14.238402
628 0.018457 14.256859
629 0.024269 14.281128
630 0.023755 14.304883
631 0.018804 14.323687
632 0.025297 14.348984
633 0.026540 14.375524
634 0.024981 14.400505
635 0.023024 14.423529
636 0.021996 14.445525
637 0.020258 14.465783
638 0.017462 14.483245
639 0.016375 14.499620
640 0.015316 14.514936
641 0.020719 14.535655
642 0.025456 14.561111
643 0.021269 14.582380
644 0.019860 14.602240
645 0.026567 14.628807
646 0.025727 14.654534
647 0.022742 14.677276
648 0.023835 14.701111
649 0.020834 14.721945
650 0.025212 14.747157
651 0.019413 14.766570
652 0.024598 14.791168
653 0.025553 14.816721
654 0.025461 14.842182
655 0.024154 14.866336
656 0.026482 14.892818
657 0.027402 14.920220
658 0.024024 14.944244
659 0.021687 14.965931
660 0.018730 14.984661
661 0.017496 15.002157
662 0.016212 15.018369
663 0.014881 15.033250
664 0.013974 15.047224
665 0.013645 15.060869
666 0.020466 15.081335
667 0.025844 15.107179
668 0.025254 15.132433
669 0.022960 15.155393
670 0.028297 15.183690
671 0.024333 15.208023
672 0.024079 15.232102
673 0.019175 15.251277
674 0.021688 15.272965
675 0.022324 15.295289
676 0.023612 15.318901
677 0.024148 15.343049
678 0.026659 15.369708
679 0.026371 15.396079
680 0.025650 15.421729
681 0.023309 15.445038
682 0.023429 15.468467
683 0.022965 15.491432
684 0.024466 15.515898
685 0.022889 15.538787
686 0.027374 15.566161
687 0.023119 15.589280
688 0.027114 15.616394
689 0.024232 15.640626
690 0.026272 15.666898
691 0.024277 15.691175
692 0.024559 15.715734
693 0.023926 15.739660
694 0.024281 15.763941
695 0.023655 15.787596
696 0.019551 15.807147
697 0.018416 15.825563
698 0.023583 15.849146
699 0.027318 15.876464
700 0.023419 15.899883
701 0.023482 15.923365
702 0.022300 15.945665
703 0.023000 15.968665
704 0.025535 15.994200
705 0.024192 16.018392
706 0.024755 16.043147
707 0.028905 16.072052
708 0.023599 16.095651
709 0.026086 16.121737
710 0.021299 16.143036
711 0.018864 16.161900
712 0.025425 16.187325
713 0.023981 16.211306
714 0.019068 16.230374
715 0.024225 16.254599
716 0.023609 16.278208
717 0.023074 16.301282
718 0.025932 16.327214
719 0.024893 16.352107
720 0.027566 16.379673
721 0.024100 16.403773
722 0.023701 16.427474
723 0.023172 16.450646
724 0.024927 16.475573
725 0.025767 16.501340
726 0.021204 16.522544
727 0.017997 16.540541
728 0.023282 16.563823
729 0.021530 16.585353
730 0.024755 16.610108
731 0.025995 16.636103
732 0.024204 16.660307
733 0.026212 16.686519
734 0.021860 16.708379
735 0.021225 16.729604
736 0.022911 16.752515
737 0.023911 16.776426
738 0.024167 16.800593
739 0.025220 16.825813
740 0.020549 16.846362
741 0.023689 16.870051
742 0.024524 16.894575
743 0.019509 16.914084
744 0.025207 16.939291
745 0.023393 16.962684
746 0.019042 16.981726
747 0.017808 16.999534
748 0.023943 17.023477
749 0.018799 17.042276
750 0.016701 17.058977
751 0.022441 17.081418
752 0.023320 17.104738
753 0.018798 17.123536
754 0.017262 17.140798
755 0.016097 17.156895
756 0.015053 17.171948
757 0.014034 17.185982
758 0.020010 17.205992
759 0.019047 17.225039
760 0.021256 17.246295
761 0.017140 17.263435
762 0.015532 17.278967
763 0.019176 17.298143
764 0.027579 17.325722
765 0.021813 17.347535
766 0.023101 17.370636
767 0.021547 17.392183
768 0.018165 17.410348
769 0.017624 17.427972
770 0.015087 17.443059
771 0.025243 17.468302
772 0.025361 17.493663
773 0.025836 17.519499
774 0.023207 17.542706
775 0.027005 17.569711
776 0.023894 17.593605
777 0.025554 17.619159
778 0.024662 17.643821
779 0.022833 17.666654
780 0.026103 17.692757
781 0.025186 17.717943
782 0.023831 17.741774
783 0.019265 17.761039
784 0.017106 17.778145
785 0.023253 17.801398
786 0.023523 17.824921
787 0.024127 17.849048
788 0.025997 17.875045
789 0.025423 17.900468
790 0.026009 17.926477
791 0.022627 17.949104
792 0.017958 17.967062
793 0.016348 17.983410
794 0.015245 17.998655
795 0.025267 18.023922
796 0.024311 18.048233
797 0.024870 18.073103
798 0.023257 18.096360
799 0.026222 18.122582
800 0.026047 18.148629
801 0.025026 18.173655
802 0.027204 18.200859
803 0.021409 18.222268
804 0.026906 18.249174
805 0.025579 18.274753
806 0.021825 18.296578
807 0.025832 18.322410
808 0.026058 18.348468
809 0.024080 18.372548
810 0.023818 18.396366
811 0.023415 18.419781
812 0.026771 18.446552
813 0.023876 18.470428
814 0.018620 18.489048
815 0.024177 18.513225
816 0.019190 18.532415
817 0.021557 18.553972
818 0.029559 18.583531
819 0.021179 18.604710
820 0.018557 18.623267
821 0.019851 18.643118
822 0.019138 18.662256
823 0.024106 18.686362
824 0.025866 18.712228
825 0.024276 18.736504
826 0.026087 18.762591
827 0.020185 18.782776
828 0.017385 18.800161
829 0.022173 18.822334
830 0.021952 18.844286
831 0.023351 18.867637
832 0.021445 18.889082
833 0.025576 18.914658
834 0.025695 18.940353
835 0.026978 18.967331
836 0.023632 18.990963
837 0.019385 19.010348
838 0.025111 19.035459
839 0.023516 19.058975
840 0.024125 19.083100
841 0.019272 19.102372
842 0.017187 19.119559
843 0.015922 19.135481
844 0.022828 19.158309
845 0.023602 19.181911
846 0.022400 19.204311
847 0.022547 19.226858
848 0.018024 19.244882
849 0.022000 19.266882
850 0.018668 19.285550
851 0.025819 19.311369
852 0.025726 19.337095
853 0.022696 19.359791
854 0.024431 19.384222
855 0.024609 19.408831
856 0.020882 19.429713
857 0.027879 19.457592
858 0.025823 19.483415
859 0.024194 19.507609
860 0.022513 19.530122
861 0.022980 19.553102
862 0.024204 19.577306
863 0.020614 19.597920
864 0.025743 19.623663
865 0.025961 19.649624
866 0.025464 19.675088
867 0.025663 19.700751
868 0.024162 19.724913
869 0.026884 19.751797
870 0.022778 19.774575
871 0.025977 19.800552
872 0.025600 19.826152
873 0.025905 19.852057
874 0.022549 19.874606
875 0.026050 19.900656
876 0.025432 19.926088
877 0.021882 19.947970
878 0.024917 19.972887
879 0.027208 20.000095
880 0.025999 20.026094
881 0.026985 20.053079
882 0.026444 20.079523
883 0.024074 20.103597
884 0.027715 20.131312
885 0.022621 20.153933
886 0.027580 20.181513
887 0.024166 20.205679
888 0.022778 20.228457
889 0.021864 20.250321
890 0.023140 20.273461
891 0.025284 20.298745
892 0.025896 20.324641
893 0.023094 20.347735
894 0.023893 20.371628
895 0.024098 20.395726
896 0.027376 20.423102
897 0.027027 20.450129
898 0.024976 20.475105
899 0.026629 20.501734
900 0.026797 20.528531
901 0.025714 20.554245
902 0.024989 20.579234
903 0.024900 20.604134
904 0.022601 20.626735
905 0.024021 20.650756
906 0.022039 20.672795
907 0.023473 20.696268
908 0.025494 20.721762
909 0.020502 20.742264
910 0.024929 20.767193
911 0.022822 20.790015
912 0.023534 20.813549
913 0.025374 20.838923
914 0.026213 20.865136
915 0.025179 20.890315
916 0.022851 20.913166
917 0.023158 20.936324
918 0.026853 20.963177
919 0.023127 20.986304
920 0.027161 21.013465
921 0.024529 21.037994
922 0.024643 21.062637
923 0.023610 21.086247
924 0.025003 21.111250
925 0.023632 21.134882
926 0.023220 21.158102
927 0.026279 21.184381
928 0.024273 21.208654
929 0.022514 21.231168
930 0.026554 21.257722
931 0.023205 21.280927
932 0.025017 21.305944
933 0.026189 21.332133
934 0.020805 21.352938
935 0.019696 21.372634
936 0.023629 21.396263
937 0.020749 21.417012
938 0.017984 21.434996
939 0.016412 21.451408
940 0.020887 21.472295
941 0.025627 21.497922
942 0.025753 21.523675
943 0.025620 21.549295
944 0.023115 21.572410
945 0.022782 21.595192
946 0.023845 21.619037
947 0.023902 21.642939
948 0.023206 21.666145
949 0.027553 21.693698
950 0.027330 21.721028
951 0.026562 21.747590
952 0.022531 21.770121
953 0.019644 21.789765
954 0.017185 21.806950
955 0.024888 21.831838
956 0.022446 21.854284
957 0.020849 21.875133
958 0.018109 21.893242
959 0.025160 21.918402
960 0.025377 21.943779
961 0.024537 21.968316
962 0.024314 21.992630
963 0.025484 22.018114
964 0.025393 22.043507
965 0.020710 22.064217
966 0.018512 22.082729
967 0.017089 22.099818
968 0.022836 22.122654
969 0.024766 22.147420
970 0.026218 22.173638
971 0.023547 22.197185
972 0.024213 22.221398
973 0.023390 22.244788
974 0.025017 22.269805
975 0.021258 22.291063
976 0.025295 22.316358
977 0.020599 22.336957
978 0.018138 22.355095
979 0.025169 22.380264
980 0.027349 22.407613
981 0.026311 22.433924
982 0.026902 22.460826
983 0.021409 22.482235
984 0.019365 22.501600
985 0.018122 22.519722
986 0.022670 22.542392
987 0.026625 22.569017
988 0.025978 22.594995
989 0.023699 22.618694
990 0.026320 22.645014
991 0.021082 22.666096
992 0.024061 22.690157
993 0.021585 22.711742
994 0.024117 22.735859
995 0.022457 22.758316
996 0.023462 22.781778
997 0.021086 22.802864
998 0.027373 22.830237
999 0.027135 22.857372
1000 0.021983 22.879355
1001 0.020949 22.900304
1002 0.025754 22.926058
1003 0.025414 22.951472
1004 0.025484 22.976956
1005 0.026993 23.003949
1006 0.026543 23.030492
1007 0.022343 23.052835
1008 0.023495 23.076330
1009 0.024557 23.100887
1010 0.023595 23.124482
1011 0.023365 23.147847
1012 0.019918 23.167765
1013 0.018505 23.186270
1014 0.017324 23.203594
1015 0.024802 23.228396
1016 0.023154 23.251550
1017 0.025709 23.277259
1018 0.027370 23.304629
1019 0.023880 23.328509
1020 0.024962 23.353471
1021 0.021573 23.375044
1022 0.021509 23.396553
1023 0.025086 23.421639
1024 0.022031 23.443670
1025 0.025935 23.469605
1026 0.021277 23.490882
1027 0.026130 23.517012
1028 0.023601 23.540613
1029 0.025500 23.566113
1030 0.021065 23.587178
1031 0.023083 23.610261
1032 0.020456 23.630717
1033 0.024707 23.655424
1034 0.024245 23.679669
1035 0.019693 23.699362
1036 0.027149 23.726511
1037 0.022667 23.749178
1038 0.020959 23.770137
1039 0.020784 23.790921
1040 0.019569 23.810490
1041 0.023818 23.834308
1042 0.027073 23.861381
1043 0.025701 23.887082
1044 0.021223 23.908305
1045 0.019145 23.927450
1046 0.024905 23.952355
1047 0.023066 23.975421
1048 0.021947 23.997368
1049 0.025521 24.022889
1050 0.022798 24.045687
1051 0.019273 24.064960
1052 0.024682 24.089642
1053 0.024792 24.114434
1054 0.025734 24.140168
1055 0.024766 24.164934
1056 0.027596 24.192530
1057 0.023056 24.215586
1058 0.027745 24.243331
1059 0.024292 24.267623
1060 0.019329 24.286952
1061 0.018025 24.304977
1062 0.019029 24.324006
1063 0.019256 24.343262
1064 0.016403 24.359665
1065 0.021198 24.380863
1066 0.025907 24.406770
1067 0.026304 24.433074
1068 0.026275 24.459349
1069 0.025680 24.485029
1070 0.025492 24.510521
1071 0.022944 24.533465
1072 0.019385 24.552850
1073 0.018131 24.570981
1074 0.023293 24.594274
1075 0.024798 24.619072
1076 0.023290 24.642362
1077 0.025324 24.667686
1078 0.020571 24.688257
1079 0.022596 24.710853
1080 0.026050 24.736903
1081 0.024308 24.761211
1082 0.021335 24.782546
1083 0.018758 24.801304
1084 0.022314 24.823618
1085 0.024294 24.847912
1086 0.025508 24.873420
1087 0.022809 24.896229
1088 0.026738 24.922967
1089 0.027369 24.950336
1090 0.024905 24.975241
1091 0.020815 24.996056
1092 0.018651 25.014707
1093 0.026387 25.041094
1094 0.025703 25.066797
1095 0.027289 25.094086
1096 0.025678 25.119764
1097 0.023296 25.143060
1098 0.023017 25.166077
1099 0.026207 25.192284
1100 0.026372 25.218656
1101 0.026746 25.245402
1102 0.023222 25.268624
1103 0.025415 25.294039
1104 0.027101 25.321140
1105 0.027526 25.348666
1106 0.020423 25.369089
1107 0.023931 25.393020
1108 0.022896 25.415916
1109 0.019998 25.435914
1110 0.017543 25.453457
1111 0.023484 25.476941
1112 0.024878 25.501819
1113 0.025167 25.526986
1114 0.023877 25.550863
1115 0.023312 25.574175
1116 0.025785 25.599960
1117 0.027067 25.627027
1118 0.023746 25.650773
1119 0.025103 25.675876
1120 0.023040 25.698916
1121 0.024680 25.723596
1122 0.024240 25.747836
1123 0.023397 25.771233
1124 0.022395 25.793628
1125 0.026183 25.819811
1126 0.025343 25.845154
1127 0.024826 25.869980
1128 0.025801 25.895781
1129 0.020771 25.916552
1130 0.020365 25.936917
1131 0.018683 25.955600
1132 0.024892 25.980492
1133 0.022506 26.002998
1134 0.021496 26.024494
1135 0.021789 26.046283
1136 0.021035 26.067318
1137 0.018208 26.085526
1138 0.023754 26.109280
1139 0.028244 26.137524
1140 0.022772 26.160296
1141 0.025261 26.185557
1142 0.020628 26.206185
1143 0.025700 26.231885
1144 0.024529 26.256414
1145 0.019573 26.275987
1146 0.018309 26.294296
1147 0.024388 26.318684
1148 0.026017 26.344701
1149 0.021580 26.366281
1150 0.019770 26.386051
1151 0.017762 26.403813
1152 0.023760 26.427573
1153 0.022825 26.450398
1154 0.021931 26.472329
1155 0.024113 26.496442
1156 0.023632 26.520074
1157 0.022108 26.542182
1158 0.019405 26.561587
1159 0.018040 26.579627
1160 0.025079 26.604706
1161 0.021274 26.625980
1162 0.017889 26.643869
1163 0.017269 26.661138
1164 0.016204 26.677342
1165 0.017926 26.695268
1166 0.019177 26.714445
1167 0.023035 26.737480
1168 0.021299 26.758779
1169 0.022376 26.781155
1170 0.024834 26.805989
1171 0.024321 26.830310
1172 0.027338 26.857648
1173 0.023594 26.881242
1174 0.019913 26.901155
1175 0.019151 26.920306
1176 0.018280 26.938586
1177 0.018892 26.957478
1178 0.015875 26.973353
1179 0.013910 26.987263
1180 0.013816 27.001079
1181 0.018963 27.020042
1182 0.021521 27.041563
1183 0.017898 27.059461
1184 0.015022 27.074483
1185 0.014021 27.088504
1186 0.013864 27.102368
1187 0.020495 27.122863
1188 0.020046 27.142909
1189 0.017765 27.160674
1190 0.021424 27.182098
1191 0.025628 27.207726
1192 0.024576 27.232302
1193 0.025511 27.257813
1194 0.023139 27.280952
1195 0.023907 27.304859
1196 0.019525 27.324384
1197 0.016638 27.341022
1198 0.025036 27.366058
1199 0.025162 27.391220
1200 0.022693 27.413913
1201 0.021723 27.435636
1202 0.023767 27.459403
1203 0.025330 27.484733
1204 0.023025 27.507758
1205 0.020900 27.528658
1206 0.018336 27.546994
1207 0.016592 27.563586
1208 0.025493 27.589079
1209 0.023197 27.612276
1210 0.020389 27.632665
1211 0.023934 27.656599
1212 0.021227 27.677826
1213 0.025538 27.703364
1214 0.023405 27.726769
1215 0.024382 27.751151
1216 0.021182 27.772333
1217 0.025977 27.798310
1218 0.023222 27.821532
1219 0.022773 27.844305
1220 0.024571 27.868876
1221 0.026709 27.895585
1222 0.025681 27.921266
1223 0.023000 27.944266
1224 0.025097 27.969363
1225 0.025379 27.994742
1226 0.025460 28.020202
1227 0.022227 28.042429
1228 0.021023 28.063452
1229 0.023755 28.087207
1230 0.021117 28.108324
1231 0.024673 28.132997
1232 0.019805 28.152802
1233 0.024840 28.177642
1234 0.021653 28.199295
1235 0.017892 28.217187
1236 0.021303 28.238490
1237 0.019756 28.258246
1238 0.025143 28.283389
1239 0.023267 28.306656
1240 0.019195 28.325851
1241 0.024611 28.350462
1242 0.024784 28.375246
1243 0.020018 28.395264
1244 0.025321 28.420585
1245 0.026687 28.447272
1246 0.025028 28.472300
1247 0.021000 28.493300
1248 0.018304 28.511604
1249 0.016244 28.527848
1250 0.016216 28.544064
1251 0.014195 28.558259
1252 0.019900 28.578159
1253 0.026731 28.604890
1254 0.026839 28.631729
1255 0.021898 28.653627
1256 0.020773 28.674400
1257 0.022265 28.696665
1258 0.024741 28.721406
1259 0.022375 28.743781
1260 0.020778 28.764559
1261 0.024935 28.789494
1262 0.020528 28.810022
1263 0.017780 28.827802
1264 0.016899 28.844701
1265 0.025465 28.870166
1266 0.024281 28.894447
1267 0.027676 28.922123
1268 0.022520 28.944643
1269 0.024015 28.968658
1270 0.024357 28.993015
1271 0.025888 29.018903
1272 0.026155 29.045058
1273 0.027395 29.072453
1274 0.025939 29.098392
1275 0.021045 29.119437
1276 0.022485 29.141922
1277 0.022213 29.164135
1278 0.022488 29.186623
1279 0.025450 29.212073
1280 0.024663 29.236736
1281 0.022291 29.259027
1282 0.018463 29.277490
1283 0.025847 29.303337
1284 0.023038 29.326375
1285 0.018963 29.345338
1286 0.017310 29.362648
1287 0.024846 29.387494
1288 0.022331 29.409825
1289 0.018864 29.428689
1290 0.017139 29.445828
1291 0.016206 29.462034
1292 0.018669 29.480703
1293 0.019659 29.500362
1294 0.017782 29.518144
1295 0.024933 29.543077
1296 0.025172 29.568249
1297 0.024805 29.593054
1298 0.023074 29.616128
1299 0.024072 29.640200
1300 0.027638 29.667838
1301 0.023539 29.691377
1302 0.018214 29.709591
1303 0.020573 29.730164
1304 0.024968 29.755132
1305 0.021524 29.776656
1306 0.018025 29.794681
1307 0.023246 29.817927
1308 0.019996 29.837923
1309 0.017274 29.855197
1310 0.016202 29.871399
1311 0.014769 29.886168
1312 0.026781 29.912949
1313 0.020281 29.933230
1314 0.017335 29.950565
1315 0.016805 29.967370
1316 0.015898 29.983268
1317 0.022592 30.005860
1318 0.020079 30.025939
1319 0.022096 30.048035
1320 0.027169 30.075204
1321 0.025034 30.100238
1322 0.023570 30.123808
1323 0.022005 30.145813
1324 0.025279 30.171092
1325 0.019670 30.190762
1326 0.017239 30.208001
1327 0.024044 30.232045
1328 0.026603 30.258648
1329 0.024290 30.282938
1330 0.018929 30.301867
1331 0.022793 30.324660
1332 0.024002 30.348662
1333 0.025091 30.373753
1334 0.021504 30.395257
1335 0.018306 30.413563
1336 0.016193 30.429756
1337 0.026197 30.455953
1338 0.026704 30.482657
1339 0.022571 30.505228
1340 0.025131 30.530359
1341 0.023348 30.553707
1342 0.022187 30.575894
1343 0.018522 30.594416
1344 0.021322 30.615738
1345 0.023099 30.638837
1346 0.025956 30.664793
1347 0.024040 30.688833
1348 0.018680 30.707513
1349 0.025765 30.733278
1350 0.022839 30.756117
1351 0.018556 30.774673
1352 0.016729 30.791402
1353 0.026176 30.817578
1354 0.024927 30.842505
1355 0.025596 30.868101
1356 0.021746 30.889847
1357 0.025724 30.915571
1358 0.023503 30.939074
1359 0.021780 30.960854
1360 0.024776 30.985630
1361 0.026471 31.012101
1362 0.020664 31.032765
1363 0.017577 31.050342
1364 0.024343 31.074685
1365 0.027460 31.102145
1366 0.025712 31.127857
1367 0.022468 31.150325
1368 0.024503 31.174828
1369 0.020417 31.195245
1370 0.024166 31.219411
1371 0.024636 31.244047
1372 0.022776 31.266823
1373 0.019455 31.286278
1374 0.017038 31.303316
1375 0.024806 31.328122
1376 0.019929 31.348051
1377 0.024127 31.372178
1378 0.025460 31.397638
1379 0.027580 31.425218
1380 0.025865 31.451083
1381 0.025272 31.476355
1382 0.024887 31.501242
1383 0.025542 31.526784
1384 0.022385 31.549169
1385 0.018935 31.568104
1386 0.024128 31.592232
1387 0.025988 31.618220
1388 0.021606 31.639826
1389 0.025159 31.664985
1390 0.019732 31.684717
1391 0.022309 31.707026
1392 0.021204 31.728230
1393 0.024678 31.752908
1394 0.023135 31.776043
1395 0.022799 31.798842
1396 0.019944 31.818786
1397 0.019563 31.838349
1398 0.025762 31.864111
1399 0.021943 31.886054
1400 0.024166 31.910220
1401 0.018906 31.929126
1402 0.022034 31.951160
1403 0.024743 31.975903
1404 0.026029 32.001932
1405 0.021702 32.023634
1406 0.017536 32.041170
1407 0.023042 32.064212
1408 0.023848 32.088060
1409 0.022584 32.110644
1410 0.018972 32.129616
1411 0.019232 32.148848
1412 0.019928 32.168776
1413 0.019635 32.188411
1414 0.022379 32.210790
1415 0.018021 32.228811
1416 0.021933 32.250744
1417 0.025093 32.275837
1418 0.025255 32.301092
1419 0.019976 32.321068
1420 0.024727 32.345795
1421 0.021199 32.366994
1422 0.025428 32.392422
1423 0.025443 32.417865
1424 0.023766 32.441631
1425 0.021832 32.463463
1426 0.024310 32.487773
1427 0.020859 32.508632
1428 0.017143 32.525775
1429 0.015776 32.541551
1430 0.021468 32.563019
1431 0.025358 32.588377
1432 0.022528 32.610905
1433 0.019299 32.630204
1434 0.016610 32.646814
1435 0.019423 32.666237
1436 0.022993 32.689230
1437 0.019041 32.708271
1438 0.017112 32.725383
1439 0.024300 32.749683
1440 0.019706 32.769389
1441 0.016833 32.786222
1442 0.016006 32.802228
1443 0.027184 32.829412
1444 0.024299 32.853711
1445 0.023483 32.877194
1446 0.024579 32.901773
1447 0.023332 32.925105
1448 0.018414 32.943519
1449 0.022986 32.966505
1450 0.025847 32.992352
1451 0.028081 33.020433
1452 0.025853 33.046286
1453 0.021760 33.068046
1454 0.023738 33.091784
1455 0.026563 33.118347
1456 0.021668 33.140015
1457 0.017900 33.157915
1458 0.021657 33.179572
1459 0.021765 33.201337
1460 0.023476 33.224813
1461 0.022883 33.247696
1462 0.025223 33.272919
1463 0.022087 33.295006
1464 0.018702 33.313708
1465 0.017166 33.330874
1466 0.019987 33.350861
1467 0.025251 33.376112
1468 0.023442 33.399554
1469 0.025342 33.424896
1470 0.022225 33.447121
1471 0.021930 33.469051
1472 0.021670 33.490721
1473 0.018520 33.509241
1474 0.022974 33.532215
1475 0.026156 33.558371
1476 0.025296 33.583667
1477 0.024622 33.608289
1478 0.022368 33.630657
1479 0.017869 33.648526
1480 0.023671 33.672197
1481 0.024615 33.696812
1482 0.022000 33.718812
1483 0.018027 33.736839
1484 0.016375 33.753214
1485 0.019080 33.772294
1486 0.023255 33.795549
1487 0.021636 33.817185
1488 0.024725 33.841910
1489 0.025420 33.867330
1490 0.022776 33.890106
1491 0.018781 33.908887
1492 0.016870 33.925757
1493 0.024620 33.950377
1494 0.019735 33.970112
1495 0.016905 33.987017
1496 0.024015 34.011032
1497 0.025217 34.036249
1498 0.022143 34.058392
1499 0.024796 34.083188
1500 0.021568 34.104756
1501 0.017675 34.122431
1502 0.016483 34.138914
1503 0.023738 34.162652
1504 0.025346 34.187998
1505 0.023606 34.211604
1506 0.018936 34.230540
1507 0.016588 34.247128
1508 0.023920 34.271048
1509 0.026314 34.297362
1510 0.021036 34.318398
1511 0.017873 34.336271
1512 0.015966 34.352237
1513 0.023654 34.375891
1514 0.020765 34.396656
1515 0.017367 34.414023
1516 0.015933 34.429956
1517 0.021643 34.451599
1518 0.023111 34.474710
1519 0.018819 34.493529
1520 0.025000 34.518529
1521 0.026311 34.544840
1522 0.023756 34.568596
1523 0.025044 34.593640
1524 0.022256 34.615896
1525 0.019013 34.634909
1526 0.022293 34.657202
1527 0.023137 34.680339
1528 0.018945 34.699284
1529 0.017152 34.716436
1530 0.023785 34.740221
1531 0.024877 34.765098
1532 0.023752 34.788850
1533 0.027037 34.815887
1534 0.023247 34.839134
1535 0.018658 34.857792
1536 0.016579 34.874371
1537 0.017231 34.891602
1538 0.018733 34.910335
1539 0.023293 34.933628
1540 0.021511 34.955139
1541 0.025000 34.980139
1542 0.024371 35.004510
1543 0.019716 35.024226
1544 0.022545 35.046771
1545 0.023184 35.069955
1546 0.019170 35.089125
1547 0.020311 35.109436
1548 0.021804 35.131240
1549 0.017823 35.149063
1550 0.016302 35.165365
1551 0.015137 35.180502
1552 0.015781 35.196283
1553 0.024817 35.221100
1554 0.021855 35.242955
1555 0.019114 35.262069
1556 0.020680 35.282749
1557 0.022485 35.305234
1558 0.019084 35.324318
1559 0.017232 35.341550
1560 0.023235 35.364785
1561 0.025352 35.390137
1562 0.021023 35.411160
1563 0.017948 35.429108
1564 0.016285 35.445393
1565 0.015335 35.460728
1566 0.021117 35.481845
1567 0.023362 35.505207
1568 0.021984 35.527191
1569 0.019697 35.546888
1570 0.023703 35.570591
1571 0.019540 35.590131
1572 0.021403 35.611534
1573 0.024603 35.636137
1574 0.025396 35.661533
1575 0.026645 35.688178
1576 0.026177 35.714355
1577 0.024892 35.739247
1578 0.022422 35.761669
1579 0.024240 35.785909
1580 0.022474 35.808383
1581 0.018520 35.826903
1582 0.017440 35.844343
1583 0.017683 35.862026
1584 0.023218 35.885244
1585 0.024036 35.909280
1586 0.025309 35.934589
1587 0.021792 35.956381
1588 0.024547 35.980928
1589 0.025109 36.006037
1590 0.024637 36.030674
1591 0.023328 36.054002
1592 0.023241 36.077243
1593 0.024691 36.101934
1594 0.021325 36.123259
1595 0.017777 36.141036
1596 0.021532 36.162568
1597 0.023773 36.186341
1598 0.021279 36.207620
1599 0.023320 36.230940
1600 0.025745 36.256685
1601 0.024819 36.281504
1602 0.019969 36.301473
1603 0.017390 36.318863
1604 0.016301 36.335164
1605 0.015224 36.350388
1606 0.014383 36.364771
1607 0.013967 36.378738
1608 0.013852 36.392590
1609 0.022915 36.415505
1610 0.018537 36.434042
1611 0.022629 36.456671
1612 0.019768 36.476439
1613 0.020863 36.497302
1614 0.023085 36.520387
1615 0.024396 36.544783
1616 0.026038 36.570821
1617 0.026190 36.597011
1618 0.025258 36.622269
1619 0.025848 36.648117
1620 0.025849 36.673966
1621 0.025166 36.699132
1622 0.019941 36.719073
1623 0.017113 36.736186
1624 0.024455 36.760641
1625 0.022419 36.783060
1626 0.021487 36.804547
1627 0.024663 36.829210
1628 0.024139 36.853349
1629 0.026068 36.879417
1630 0.025841 36.905258
1631 0.020694 36.925952
1632 0.017461 36.943413
1633 0.016352 36.959765
1634 0.019798 36.979563
1635 0.023897 37.003460
1636 0.023509 37.026969
1637 0.021015 37.047984
1638 0.018019 37.066003
1639 0.016191 37.082194
1640 0.023121 37.105315
1641 0.024198 37.129513
1642 0.023036 37.152549
1643 0.021045 37.173594
1644 0.017913 37.191507
1645 0.024995 37.216502
1646 0.022925 37.239427
1647 0.024192 37.263619
1648 0.019362 37.282981
1649 0.021296 37.304277
1650 0.025429 37.329706
1651 0.022439 37.352145
1652 0.019977 37.372122
1653 0.018081 37.390203
1654 0.018858 37.409061
1655 0.020436 37.429497
1656 0.017810 37.447307
1657 0.017044 37.464351
1658 0.014293 37.478644
1659 0.021473 37.500117
1660 0.021707 37.521824
1661 0.019044 37.540868
1662 0.013705 37.554573
1663 0.013294 37.567867
1664 0.013304 37.581171
1665 0.013550 37.594721
1666 0.014260 37.608981
1667 0.022648 37.631629
1668 0.019618 37.651247
1669 0.016177 37.667424
1670 0.018121 37.685545
1671 0.020972 37.706517
1672 0.024825 37.731342
1673 0.022558 37.753900
1674 0.019003 37.772903
1675 0.016637 37.789540
1676 0.015207 37.804747
1677 0.021717 37.826464
1678 0.023165 37.849629
1679 0.023815 37.873444
1680 0.021291 37.894735
1681 0.017604 37.912339
1682 0.021941 37.934280
1683 0.023958 37.958238
1684 0.022125 37.980363
1685 0.018568 37.998931
1686 0.023998 38.022929
1687 0.020250 38.043179
1688 0.020180 38.063359
1689 0.025412 38.088771
1690 0.024616 38.113387
1691 0.019972 38.133359
1692 0.017712 38.151071
1693 0.020208 38.171279
1694 0.022578 38.193857
1695 0.020306 38.214163
1696 0.024687 38.238850
1697 0.021260 38.260110
1698 0.017752 38.277862
1699 0.015732 38.293594
1700 0.014927 38.308521
1701 0.024457 38.332978
1702 0.024445 38.357423
1703 0.021765 38.379188
1704 0.019742 38.398930
1705 0.015791 38.414721
1706 0.013624 38.428345
1707 0.013548 38.441893
1708 0.022216 38.464109
1709 0.023343 38.487452
1710 0.022718 38.510170
1711 0.018836 38.529006
1712 0.016293 38.545299
1713 0.014965 38.560264
1714 0.014240 38.574504
1715 0.016995 38.591499
1716 0.016471 38.607970
1717 0.016404 38.624374
1718 0.015015 38.639389
1719 0.013637 38.653026
1720 0.013816 38.666842
1721 0.014048 38.680890
1722 0.024497 38.705387
1723 0.026503 38.731890
1724 0.024002 38.755892
1725 0.019137 38.775029
1726 0.016864 38.791893
1727 0.016715 38.808608
1728 0.020151 38.828759
1729 0.015866 38.844625
1730 0.014191 38.858816
1731 0.013779 38.872595
1732 0.016462 38.889057
1733 0.019466 38.908523
1734 0.016486 38.925009
1735 0.014906 38.939915
1736 0.014388 38.954303
1737 0.022199 38.976502
1738 0.024826 39.001328
1739 0.022235 39.023563
1740 0.021241 39.044804
1741 0.017551 39.062355
1742 0.022173 39.084528
1743 0.025994 39.110522
1744 0.025780 39.136302
1745 0.023475 39.159777
1746 0.020856 39.180633
1747 0.017737 39.198370
1748 0.018421 39.216791
1749 0.020812 39.237603
1750 0.019428 39.257031
1751 0.023313 39.280344
1752 0.023892 39.304236
1753 0.024363 39.328599
1754 0.025296 39.353895
1755 0.022668 39.376563
1756 0.018638 39.395201
1757 0.016715 39.411916
1758 0.015288 39.427204
1759 0.014460 39.441664
1760 0.021992 39.463656
1761 0.021673 39.485329
1762 0.024713 39.510042
1763 0.022385 39.532427
1764 0.024761 39.557188
1765 0.023629 39.580817
1766 0.021411 39.602228
1767 0.025178 39.627406
1768 0.019871 39.647277
1769 0.021568 39.668845
1770 0.021516 39.690361
1771 0.022314 39.712675
1772 0.020969 39.733644
1773 0.017274 39.750918
1774 0.015676 39.766594
1775 0.025079 39.791673
1776 0.024933 39.816606
1777 0.022476 39.839082
1778 0.024467 39.863549
1779 0.022733 39.886282
1780 0.022185 39.908467
1781 0.024956 39.933423
1782 0.024690 39.958113
1783 0.024700 39.982813
1784 0.022855 40.005668
1785 0.018579 40.024247
1786 0.016388 40.040635
1787 0.024056 40.064691
1788 0.023115 40.087806
1789 0.022544 40.110350
1790 0.023766 40.134116
1791 0.019175 40.153291
1792 0.016283 40.169574
1793 0.021632 40.191206
1794 0.025787 40.216993
1795 0.026089 40.243082
1796 0.021409 40.264491
1797 0.024235 40.288726
1798 0.021247 40.309973
1799 0.020731 40.330704
1800 0.024781 40.355485
1801 0.024071 40.379556
1802 0.023075 40.402631
1803 0.023752 40.426383
1804 0.024019 40.450402
1805 0.021409 40.471811
1806 0.017853 40.489664
1807 0.016374 40.506038
1808 0.014895 40.520933
1809 0.024218 40.545151
1810 0.021881 40.567032
1811 0.018763 40.585795
1812 0.016399 40.602194
1813 0.015806 40.618000
1814 0.014928 40.632928
1815 0.023541 40.656469
1816 0.018958 40.675427
1817 0.020485 40.695912
1818 0.022142 40.718054
1819 0.018875 40.736929
1820 0.016480 40.753409
1821 0.022349 40.775758
1822 0.020104 40.795862
1823 0.024131 40.819993
1824 0.024695 40.844688
1825 0.021608 40.866296
1826 0.018165 40.884461
1827 0.016192 40.900653
1828 0.024932 40.925585
1829 0.025264 40.950849
1830 0.021968 40.972817
1831 0.026551 40.999368
1832 0.023332 41.022700
1833 0.022755 41.045455
1834 0.024417 41.069872
1835 0.022409 41.092281
1836 0.017941 41.110222
1837 0.025322 41.135544
1838 0.022346 41.157890
1839 0.021778 41.179668
1840 0.018371 41.198039
1841 0.018896 41.216935
1842 0.024293 41.241228
1843 0.024343 41.265571
1844 0.022311 41.287882
1845 0.021738 41.309620
1846 0.025491 41.335111
1847 0.025048 41.360159
1848 0.021710 41.381869
1849 0.025391 41.407260
1850 0.021937 41.429197
1851 0.024349 41.453546
1852 0.019161 41.472707
1853 0.023614 41.496321
1854 0.024129 41.520450
1855 0.020056 41.540506
1856 0.022594 41.563100
1857 0.021357 41.584457
1858 0.022828 41.607285
1859 0.020379 41.627664
1860 0.017177 41.644841
1861 0.020071 41.664912
1862 0.024800 41.689712
1863 0.020955 41.710667
1864 0.019938 41.730605
1865 0.017548 41.748153
1866 0.016221 41.764374
1867 0.015451 41.779825
1868 0.024848 41.804673
1869 0.024757 41.829430
1870 0.025198 41.854628
1871 0.024763 41.879391
1872 0.021292 41.900683
1873 0.023340 41.924023
1874 0.025475 41.949498
1875 0.026278 41.975776
1876 0.021806 41.997582
1877 0.023923 42.021505
1878 0.020195 42.041700
1879 0.021688 42.063388
1880 0.021552 42.084940
1881 0.018692 42.103632
1882 0.016532 42.120164
1883 0.014714 42.134878
1884 0.021005 42.155883
1885 0.026080 42.181963
1886 0.021901 42.203864
1887 0.024848 42.228712
1888 0.022022 42.250734
1889 0.018777 42.269511
1890 0.016418 42.285929
1891 0.023467 42.309396
1892 0.024866 42.334262
1893 0.019840 42.354102
1894 0.016565 42.370667
1895 0.021189 42.391856
1896 0.021537 42.413393
1897 0.018396 42.431789
1898 0.016746 42.448535
1899 0.022571 42.471106
1900 0.021351 42.492457
1901 0.018737 42.511194
1902 0.016289 42.527483
1903 0.020939 42.548422
1904 0.023458 42.571880
1905 0.023003 42.594883
1906 0.024152 42.619035
1907 0.025082 42.644117
1908 0.021130 42.665247
1909 0.017614 42.682861
1910 0.024921 42.707782
1911 0.024610 42.732392
1912 0.022991 42.755383
1913 0.022088 42.777471
1914 0.024604 42.802075
1915 0.024260 42.826335
1916 0.023207 42.849542
1917 0.022553 42.872095
1918 0.018969 42.891064
1919 0.023012 42.914076
1920 0.024295 42.938371
1921 0.020957 42.959328
1922 0.018130 42.977458
1923 0.016222 42.993680
1924 0.024234 43.017914
1925 0.020352 43.038266
1926 0.021986 43.060252
1927 0.020196 43.080448
1928 0.017319 43.097767
1929 0.023633 43.121400
1930 0.022670 43.144070
1931 0.024753 43.168823
1932 0.024171 43.192994
1933 0.025775 43.218769
1934 0.019687 43.238456
1935 0.017139 43.255595
1936 0.016138 43.271733
1937 0.020363 43.292096
1938 0.025604 43.317700
1939 0.025268 43.342968
1940 0.020641 43.363609
1941 0.024728 43.388337
1942 0.024782 43.413119
1943 0.021874 43.434993
1944 0.017369 43.452362
1945 0.015971 43.468333
1946 0.025346 43.493679
1947 0.022037 43.515716
1948 0.018084 43.533800
1949 0.016813 43.550613
1950 0.015368 43.565981
1951 0.015001 43.580982
1952 0.021133 43.602115
1953 0.021504 43.623619
1954 0.023388 43.647007
1955 0.025682 43.672689
1956 0.020153 43.692842
1957 0.019688 43.712530
1958 0.022173 43.734703
1959 0.024401 43.759104
1960 0.024134 43.783238
1961 0.023506 43.806744
1962 0.023482 43.830226
1963 0.020857 43.851083
1964 0.021202 43.872285
1965 0.024131 43.896416
1966 0.018760 43.915176
1967 0.022685 43.937861
1968 0.025018 43.962879
1969 0.020911 43.983790
1970 0.017196 44.000986
1971 0.015498 44.016484
1972 0.022926 44.039410
1973 0.025801 44.065211
1974 0.024353 44.089564
1975 0.022539 44.112103
1976 0.018089 44.130192
1977 0.016559 44.146751
1978 0.022294 44.169045
1979 0.024655 44.193700
1980 0.021539 44.215239
1981 0.022995 44.238234
1982 0.024908 44.263142
1983 0.022687 44.285829
1984 0.019086 44.304915
1985 0.020472 44.325387
1986 0.024618 44.350005
1987 0.019782 44.369787
1988 0.021040 44.390827
1989 0.024726 44.415553
1990 0.025160 44.440713
1991 0.021378 44.462091
1992 0.023306 44.485397
1993 0.019159 44.504556
1994 0.020265 44.524821
1995 0.021159 44.545980
1996 0.022831 44.568811
1997 0.024809 44.593620
1998 0.021871 44.615491
1999 0.018571 44.634062
2000 0.017112 44.651174
2001 0.016452 44.667626
2002 0.015190 44.682816
2003 0.021141 44.703957
2004 0.024515 44.728472
2005 0.022206 44.750678
2006 0.018986 44.769664
2007 0.016533 44.786197
2008 0.023975 44.810172
2009 0.025137 44.835309
2010 0.024894 44.860203
2011 0.024346 44.884549
2012 0.023065 44.907614
2013 0.021458 44.929072
2014 0.017517 44.946589
2015 0.023726 44.970315
2016 0.020464 44.990779
2017 0.017187 45.007966
2018 0.015893 45.023859
2019 0.021102 45.044961
2020 0.025011 45.069972
2021 0.020991 45.090963
2022 0.023639 45.114602
2023 0.025256 45.139858
2024 0.024843 45.164701
2025 0.021259 45.185960
2026 0.024125 45.210085
2027 0.022780 45.232865
2028 0.020945 45.253810
2029 0.017927 45.271737
2030 0.016064 45.287801
2031 0.022439 45.310240
2032 0.022890 45.333130
2033 0.025191 45.358321
2034 0.023801 45.382122
2035 0.021353 45.403475
2036 0.018400 45.421875
2037 0.016424 45.438299
2038 0.015652 45.453951
2039 0.024519 45.478470
2040 0.020704 45.499174
2041 0.017690 45.516864
2042 0.022406 45.539270
2043 0.021372 45.560642
2044 0.022602 45.583244
2045 0.018868 45.602112
2046 0.021710 45.623822
2047 0.021952 45.645774
2048 0.018337 45.664111
2049 0.024013 45.688124
2050 0.020535 45.708659
2051 0.017342 45.726001
2052 0.015976 45.741977
2053 0.022582 45.764559
2054 0.023705 45.788264
2055 0.018348 45.806612
2056 0.024132 45.830744
2057 0.020951 45.851695
2058 0.025249 45.876944
2059 0.020802 45.897746
2060 0.017772 45.915518
2061 0.022112 45.937630
2062 0.024281 45.961911
2063 0.024088 45.985999
2064 0.021689 46.007688
2065 0.024700 46.032388
2066 0.020497 46.052885
2067 0.025189 46.078074
2068 0.023170 46.101244
2069 0.024343 46.125587
2070 0.021691 46.147278
2071 0.018456 46.165734
2072 0.015718 46.181452
2073 0.019266 46.200718
2074 0.023807 46.224525
2075 0.025843 46.250368
2076 0.022497 46.272865
2077 0.023066 46.295931
2078 0.020010 46.315941
2079 0.016627 46.332568
2080 0.014920 46.347488
2081 0.021185 46.368673
2082 0.020280 46.388953
2083 0.015324 46.404277
2084 0.014549 46.418826
2085 0.014546 46.433372
2086 0.021517 46.454889
2087 0.024212 46.479101
2088 0.020075 46.499176
2089 0.022554 46.521730
2090 0.024445 46.546175
2091 0.022194 46.568369
2092 0.019039 46.587408
2093 0.017619 46.605027
2094 0.023505 46.628532
2095 0.025175 46.653707
2096 0.025036 46.678743
2097 0.025231 46.703974
2098 0.021272 46.725246
2099 0.018468 46.743714
2100 0.016450 46.760164
2101 0.022177 46.782341
2102 0.025251 46.807592
2103 0.022263 46.829855
2104 0.019774 46.849629
2105 0.018239 46.867868
2106 0.016932 46.884800
2107 0.015836 46.900636
2108 0.021433 46.922069
2109 0.022009 46.944078
2110 0.024283 46.968361
2111 0.023825 46.992186
2112 0.024024 47.016210
2113 0.024933 47.041143
2114 0.020950 47.062093
2115 0.022358 47.084451
2116 0.025122 47.109573
2117 0.025162 47.134735
2118 0.025363 47.160098
2119 0.021587 47.181685
2120 0.019837 47.201522
2121 0.017435 47.218957
2122 0.021571 47.240528
2123 0.024047 47.264575
2124 0.023464 47.288039
2125 0.024230 47.312269
2126 0.024807 47.337076
2127 0.023432 47.360508
2128 0.025071 47.385579
2129 0.025359 47.410938
2130 0.023442 47.434380
2131 0.025125 47.459505
2132 0.022207 47.481712
2133 0.019719 47.501431
2134 0.023897 47.525328
2135 0.020332 47.545660
2136 0.018264 47.563924
2137 0.017444 47.581368
2138 0.016505 47.597873
2139 0.022168 47.620041
2140 0.021231 47.641272
2141 0.019307 47.660579
2142 0.017053 47.677632
2143 0.017423 47.695055
2144 0.021073 47.716128
2145 0.025178 47.741306
2146 0.023858 47.765164
2147 0.024921 47.790085
2148 0.024948 47.815033
2149 0.023348 47.838381
2150 0.021636 47.860017
2151 0.023222 47.883239
2152 0.025059 47.908298
2153 0.020769 47.929067
2154 0.022102 47.951169
2155 0.021251 47.972420
2156 0.024253 47.996673
2157 0.021701 48.018374
2158 0.018527 48.036901
2159 0.024082 48.060983
2160 0.023938 48.084921
2161 0.023477 48.108398
2162 0.021944 48.130342
2163 0.019562 48.149904
2164 0.022338 48.172242
2165 0.024611 48.196853
2166 0.023701 48.220554
2167 0.023757 48.244311
2168 0.023070 48.267381
2169 0.024497 48.291878
2170 0.024320 48.316198
2171 0.025329 48.341527
2172 0.025152 48.366679
2173 0.020707 48.387386
2174 0.022977 48.410363
2175 0.024262 48.434625
2176 0.024154 48.458779
2177 0.020908 48.479687
2178 0.017987 48.497674
2179 0.023988 48.521662
2180 0.026320 48.547982
2181 0.024319 48.572301
2182 0.024614 48.596915
2183 0.024801 48.621716
2184 0.021074 48.642790
2185 0.021989 48.664779
2186 0.024607 48.689386
2187 0.023932 48.713318
2188 0.025053 48.738371
2189 0.021261 48.759632
2190 0.018612 48.778244
2191 0.020397 48.798641
2192 0.022317 48.820958
2193 0.019081 48.840039
2194 0.017536 48.857575
2195 0.017002 48.874577
2196 0.015939 48.890516
2197 0.022050 48.912566
2198 0.023615 48.936181
2199 0.025116 48.961297
2200 0.021837 48.983134
2201 0.019354 49.002488
2202 0.016986 49.019474
2203 0.016311 49.035785
2204 0.024995 49.060780
2205 0.023023 49.083803
2206 0.021323 49.105126
2207 0.019580 49.124706
2208 0.018461 49.143167
2209 0.017360 49.160527
2210 0.025420 49.185947
2211 0.021821 49.207768
2212 0.019658 49.227426
2213 0.018642 49.246068
2214 0.017519 49.263587
2215 0.017080 49.280667
2216 0.015748 49.296415
2217 0.024327 49.320742
2218 0.019709 49.340451
2219 0.024591 49.365042
2220 0.023511 49.388553
2221 0.025172 49.413725
2222 0.021153 49.434878
2223 0.017716 49.452594
2224 0.017950 49.470544
2225 0.024920 49.495464
2226 0.023479 49.518943
2227 0.024809 49.543752
2228 0.023609 49.567361
2229 0.021151 49.588512
2230 0.018756 49.607268
2231 0.021123 49.628391
2232 0.023567 49.651958
2233 0.023575 49.675533
2234 0.023861 49.699394
2235 0.020206 49.719600
2236 0.017556 49.737156
2237 0.016436 49.753592
2238 0.016096 49.769688
2239 0.020124 49.789812
2240 0.020120 49.809932
2241 0.018269 49.828201
2242 0.017041 49.845242
2243 0.021385 49.866627
2244 0.019312 49.885939
2245 0.023248 49.909187
2246 0.021256 49.930443
2247 0.018573 49.949016
2248 0.021684 49.970700
2249 0.021689 49.992389
2250 0.020045 50.012434
2251 0.017063 50.029497
2252 0.017205 50.046702
2253 0.016799 50.063501
2254 0.014693 50.078194
2255 0.015320 50.093514
2256 0.014163 50.107677
2257 0.014481 50.122158
2258 0.015256 50.137414
2259 0.024552 50.161966
2260 0.021177 50.183143
2261 0.023345 50.206488
2262 0.022976 50.229464
2263 0.021676 50.251140
2264 0.018672 50.269812
2265 0.024801 50.294613
2266 0.024352 50.318965
2267 0.024498 50.343463
2268 0.022836 50.366299
2269 0.024494 50.390793
2270 0.024544 50.415337
2271 0.024335 50.439672
2272 0.025039 50.464711
2273 0.022077 50.486788
2274 0.019739 50.506527
2275 0.017196 50.523723
2276 0.015380 50.539103
2277 0.014535 50.553638
2278 0.024409 50.578047
2279 0.021465 50.599512
2280 0.018187 50.617699
2281 0.017480 50.635179
2282 0.016067 50.651246
2283 0.022449 50.673695
2284 0.024080 50.697775
2285 0.024333 50.722108
2286 0.021732 50.743840
2287 0.023685 50.767525
2288 0.024638 50.792163
2289 0.024498 50.816661
2290 0.024001 50.840662
2291 0.020584 50.861246
2292 0.022317 50.883563
2293 0.021609 50.905172
2294 0.022766 50.927938
2295 0.021568 50.949506
2296 0.018398 50.967904
2297 0.017516 50.985420
2298 0.016307 51.001727
2299 0.021906 51.023633
2300 0.021507 51.045140
2301 0.024150 51.069290
2302 0.021433 51.090723
2303 0.018146 51.108869
2304 0.022294 51.131163
2305 0.023834 51.154997
2306 0.021307 51.176304
2307 0.022129 51.198433
2308 0.022910 51.221343
2309 0.024115 51.245458
2310 0.023453 51.268911
2311 0.024875 51.293786
2312 0.021082 51.314868
2313 0.016881 51.331749
2314 0.015657 51.347406
2315 0.015073 51.362479
2316 0.021058 51.383537
2317 0.024490 51.408027
2318 0.024975 51.433002
2319 0.024888 51.457890
2320 0.021482 51.479372
2321 0.019727 51.499099
2322 0.023712 51.522811
2323 0.023824 51.546635
2324 0.026715 51.573350
2325 0.021116 51.594466
2326 0.023193 51.617659
2327 0.019891 51.637550
2328 0.017382 51.654932
2329 0.016371 51.671303
2330 0.015080 51.686383
2331 0.022156 51.708539
2332 0.022522 51.731061
2333 0.022769 51.753830
2334 0.021176 51.775006
2335 0.018121 51.793127
2336 0.017487 51.810614
2337 0.022172 51.832786
2338 0.024053 51.856839
2339 0.024020 51.880859
2340 0.021098 51.901957
2341 0.018325 51.920282
2342 0.015976 51.936258
2343 0.021329 51.957587
2344 0.017776 51.975363
2345 0.016105 51.991468
2346 0.021768 52.013236
2347 0.023675 52.036911
2348 0.023772 52.060683
2349 0.023182 52.083865
2350 0.021817 52.105682
2351 0.022527 52.128209
2352 0.021303 52.149512
2353 0.017502 52.167014
2354 0.023341 52.190355
2355 0.023560 52.213915
2356 0.022631 52.236546
2357 0.022381 52.258927
2358 0.023892 52.282819
2359 0.020339 52.303158
2360 0.022810 52.325968
2361 0.021474 52.347442
2362 0.023496 52.370938
2363 0.024546 52.395484
2364 0.023600 52.419084
2365 0.020491 52.439575
2366 0.013957 52.453532
2367 0.019785 52.473317
2368 0.024321 52.497638
2369 0.020933 52.518571
2370 0.022121 52.540692
2371 0.020882 52.561574
2372 0.019202 52.580776
2373 0.017422 52.598198
2374 0.016643 52.614841
2375 0.017064 52.631905
2376 0.022648 52.654553
2377 0.023958 52.678511
2378 0.023072 52.701583
2379 0.019523 52.721106
2380 0.017722 52.738828
2381 0.016298 52.755126
2382 0.023776 52.778902
2383 0.024667 52.803569
2384 0.023229 52.826798
2385 0.024738 52.851536
2386 0.021823 52.873359
2387 0.019076 52.892435
2388 0.016361 52.908796
2389 0.015754 52.924550
2390 0.014539 52.939089
2391 0.014594 52.953683
2392 0.019382 52.973065
2393 0.023804 52.996869
2394 0.025353 53.022222
2395 0.023212 53.045434
2396 0.021042 53.066476
2397 0.018103 53.084579
2398 0.016590 53.101169
2399 0.015547 53.116716
2400 0.020376 53.137092
2401 0.024514 53.161606
2402 0.020975 53.182581
2403 0.022773 53.205354
2404 0.021538 53.226892
2405 0.022521 53.249413
2406 0.024280 53.273693
2407 0.025207 53.298900
2408 0.021420 53.320320
2409 0.018460 53.338780
2410 0.022752 53.361532
2411 0.023942 53.385474
2412 0.023994 53.409468
2413 0.024375 53.433843
2414 0.023927 53.457770
2415 0.024145 53.481915
2416 0.022504 53.504419
2417 0.023061 53.527480
2418 0.019308 53.546788
2419 0.022620 53.569408
2420 0.021293 53.590701
2421 0.023595 53.614296
2422 0.023968 53.638264
2423 0.019709 53.657973
2424 0.022464 53.680437
2425 0.022562 53.702999
2426 0.023416 53.726415
2427 0.023999 53.750414
2428 0.024211 53.774625
2429 0.022237 53.796862
2430 0.018852 53.815714
2431 0.016481 53.832195
2432 0.023366 53.855561
2433 0.021502 53.877063
2434 0.018078 53.895141
2435 0.016944 53.912085
2436 0.019943 53.932028
2437 0.022893 53.954921
2438 0.019761 53.974682
2439 0.017062 53.991744
2440 0.022980 54.014724
2441 0.023036 54.037760
2442 0.023573 54.061333
2443 0.020787 54.082120
2444 0.017454 54.099574
2445 0.021144 54.120718
2446 0.020864 54.141582
2447 0.019301 54.160883
2448 0.024782 54.185665
2449 0.024027 54.209692
2450 0.021426 54.231118
2451 0.018521 54.249639
2452 0.017265 54.266904
2453 0.015840 54.282744
2454 0.021769 54.304513
2455 0.021148 54.325661
2456 0.022482 54.348143
2457 0.023265 54.371408
2458 0.023580 54.394988
2459 0.021186 54.416174
2460 0.023655 54.439829
2461 0.021046 54.460875
2462 0.018395 54.479270
2463 0.021917 54.501187
2464 0.024882 54.526069
2465 0.024078 54.550147
2466 0.021252 54.571399
2467 0.022846 54.594245
2468 0.024234 54.618479
2469 0.023555 54.642034
2470 0.023700 54.665734
2471 0.023459 54.689193
2472 0.024186 54.713379
2473 0.021207 54.734586
2474 0.019180 54.753766
2475 0.022937 54.776703
2476 0.019128 54.795831
2477 0.019237 54.815068
2478 0.021171 54.836239
2479 0.017261 54.853500
2480 0.013103 54.866603
2481 0.012670 54.879273
2482 0.015701 54.894974
2483 0.013066 54.908040
2484 0.012685 54.920725
2485 0.013561 54.934286
2486 0.013454 54.947740
2487 0.018920 54.966660
2488 0.020413 54.987073
2489 0.017691 55.004764
2490 0.015984 55.020748
2491 0.014890 55.035638
2492 0.022099 55.057737
2493 0.020859 55.078596
2494 0.024112 55.102708
2495 0.024073 55.126781
2496 0.023670 55.150451
2497 0.023782 55.174233
2498 0.023907 55.198140
2499 0.020974 55.219114
2500 0.018078 55.237192
2501 0.016091 55.253283
2502 0.021197 55.274480
2503 0.020611 55.295091
2504 0.023516 55.318607
2505 0.024244 55.342851
2506 0.021764 55.364615
2507 0.018339 55.382954
2508 0.016554 55.399508
2509 0.022683 55.422191
2510 0.024322 55.446513
2511 0.020917 55.467430
2512 0.018718 55.486148
2513 0.020283 55.506431
2514 0.020667 55.527098
2515 0.017466 55.544564
2516 0.015792 55.560356
2517 0.023769 55.584125
2518 0.019931 55.604056
2519 0.020712 55.624768
2520 0.024069 55.648837
2521 0.024179 55.673016
2522 0.024130 55.697146
2523 0.023631 55.720777
2524 0.023808 55.744585
2525 0.020512 55.765097
2526 0.022448 55.787545
2527 0.020136 55.807681
2528 0.022956 55.830637
2529 0.023321 55.853958
2530 0.020870 55.874828
2531 0.018558 55.893386
2532 0.016635 55.910021
2533 0.023562 55.933583
2534 0.020029 55.953612
2535 0.017535 55.971147
2536 0.016319 55.987466
2537 0.015466 56.002932
2538 0.023847 56.026779
2539 0.022178 56.048957
2540 0.018402 56.067359
2541 0.016466 56.083825
2542 0.015759 56.099584
2543 0.015200 56.114784
2544 0.022130 56.136914
2545 0.019943 56.156857
2546 0.021489 56.178346
2547 0.021180 56.199526
2548 0.023480 56.223006
2549 0.020198 56.243204
2550 0.016635 56.259839
2551 0.022750 56.282589
2552 0.023784 56.306373
2553 0.023487 56.329860
2554 0.024992 56.354852
2555 0.021001 56.375853
2556 0.018266 56.394119
2557 0.016583 56.410702
2558 0.015773 56.426475
2559 0.022180 56.448655
2560 0.024023 56.472678
2561 0.023241 56.495919
2562 0.021039 56.516958
2563 0.023227 56.540185
2564 0.023544 56.563729
2565 0.023316 56.587045
2566 0.021478 56.608523
2567 0.022564 56.631087
2568 0.024953 56.656040
2569 0.024072 56.680112
2570 0.023259 56.703371
2571 0.024507 56.727878
2572 0.020310 56.748188
2573 0.017162 56.765350
2574 0.021661 56.787011
2575 0.023864 56.810875
2576 0.021138 56.832013
2577 0.022631 56.854644
2578 0.020860 56.875504
2579 0.018179 56.893683
2580 0.016707 56.910390
2581 0.015760 56.926150
2582 0.022798 56.948948
2583 0.025014 56.973962
2584 0.021758 56.995720
2585 0.018392 57.014112
2586 0.016243 57.030355
2587 0.015694 57.046049
2588 0.022475 57.068524
2589 0.020685 57.089209
2590 0.018232 57.107441
2591 0.016528 57.123969
2592 0.015519 57.139488
2593 0.014654 57.154142
2594 0.022834 57.176976
2595 0.019928 57.196904
2596 0.022117 57.219021
2597 0.024385 57.243406
2598 0.023951 57.267357
2599 0.020517 57.287874
2600 0.024538 57.312412
2601 0.020369 57.332781
2602 0.017129 57.349910
2603 0.016027 57.365937
2604 0.018692 57.384629
2605 0.023064 57.407693
2606 0.024014 57.431707
2607 0.021048 57.452755
2608 0.018025 57.470780
2609 0.021931 57.492711
2610 0.022260 57.514971
2611 0.021327 57.536298
2612 0.023075 57.559373
2613 0.022784 57.582157
2614 0.023005 57.605162
2615 0.020407 57.625569
2616 0.017417 57.642986
2617 0.015727 57.658713
2618 0.015106 57.673819
2619 0.022191 57.696010
2620 0.020057 57.716067
2621 0.017477 57.733544
2622 0.021332 57.754876
2623 0.024179 57.779055
2624 0.023583 57.802638
2625 0.024018 57.826656
2626 0.023604 57.850260
2627 0.022727 57.872987
2628 0.022436 57.895423
2629 0.019935 57.915358
2630 0.022770 57.938128
2631 0.019877 57.958005
2632 0.017031 57.975036
2633 0.022777 57.997813
2634 0.022881 58.020694
2635 0.023694 58.044388
2636 0.023826 58.068214
2637 0.023513 58.091727
2638 0.023604 58.115331
2639 0.023748 58.139079
2640 0.020270 58.159349
2641 0.017262 58.176611
2642 0.016427 58.193038
2643 0.021604 58.214642
2644 0.024318 58.238960
2645 0.023278 58.262238
2646 0.020675 58.282913
2647 0.018042 58.300955
2648 0.016504 58.317459
2649 0.023225 58.340684
2650 0.023939 58.364623
2651 0.023888 58.388511
2652 0.023809 58.412320
2653 0.021061 58.433381
2654 0.018411 58.451792
2655 0.016231 58.468023
2656 0.015509 58.483532
2657 0.023317 58.506849
2658 0.019965 58.526814
2659 0.016967 58.543781
2660 0.015759 58.559540
2661 0.020363 58.579903
2662 0.021240 58.601143
2663 0.018064 58.619207
2664 0.016217 58.635424
2665 0.015655 58.651079
2666 0.021843 58.672922
2667 0.023603 58.696525
2668 0.019882 58.716407
2669 0.017069 58.733476
2670 0.023312 58.756788
2671 0.019560 58.776348
2672 0.016598 58.792946
2673 0.020282 58.813228
2674 0.023190 58.836418
2675 0.024654 58.861072
2676 0.021364 58.882436
2677 0.023375 58.905811
2678 0.023708 58.929519
2679 0.023690 58.953209
2680 0.023494 58.976703
2681 0.020932 58.997635
2682 0.021742 59.019377
2683 0.017936 59.037313
2684 0.021907 59.059220
2685 0.023665 59.082885
2686 0.020826 59.103711
2687 0.018419 59.122130
2688 0.016897 59.139027
2689 0.015660 59.154687
2690 0.014929 59.169616
2691 0.020583 59.190199
2692 0.015851 59.206050
2693 0.013380 59.219430
2694 0.012825 59.232255
2695 0.018392 59.250647
2696 0.016899 59.267546
2697 0.015756 59.283302
2698 0.018668 59.301970
2699 0.024093 59.326063
2700 0.021271 59.347334
2701 0.017453 59.364787
2702 0.015866 59.380653
2703 0.015010 59.395663
2704 0.013856 59.409519
2705 0.021545 59.431064
2706 0.019661 59.450725
2707 0.023066 59.473791
2708 0.019607 59.493398
2709 0.017162 59.510560
2710 0.022793 59.533353
2711 0.019873 59.553226
2712 0.017221 59.570447
2713 0.015676 59.586123
2714 0.014942 59.601065
2715 0.021746 59.622811
2716 0.020653 59.643464
2717 0.019082 59.662546
2718 0.021719 59.684265
2719 0.019770 59.704035
2720 0.017178 59.721213
2721 0.015458 59.736671
2722 0.015554 59.752225
2723 0.013836 59.766061
2724 0.019350 59.785411
2725 0.021605 59.807016
2726 0.022423 59.829439
2727 0.021515 59.850954
2728 0.023107 59.874061
2729 0.021241 59.895302
2730 0.018391 59.913693
2731 0.016559 59.930252
2732 0.015156 59.945408
2733 0.022744 59.968152
2734 0.023912 59.992064
2735 0.023686 60.015750
2736 0.021421 60.037171
2737 0.022912 60.060083
2738 0.024398 60.084481
2739 0.023779 60.108260
2740 0.021234 60.129494
2741 0.018533 60.148027
2742 0.016169 60.164196
2743 0.015611 60.179807
2744 0.014790 60.194597
2745 0.014010 60.208607
2746 0.017906 60.226513
2747 0.016058 60.242571
2748 0.015195 60.257766
2749 0.014563 60.272329
2750 0.022605 60.294934
2751 0.023622 60.318556
2752 0.020256 60.338812
2753 0.017263 60.356075
2754 0.015441 60.371516
2755 0.014618 60.386134
2756 0.014380 60.400514
2757 0.022663 60.423177
2758 0.018715 60.441892
2759 0.015690 60.457582
2760 0.015109 60.472691
2761 0.014543 60.487234
2762 0.022849 60.510083
2763 0.023494 60.533577
2764 0.023506 60.557083
2765 0.021346 60.578429
2766 0.018217 60.596646
2767 0.016190 60.612836
2768 0.015601 60.628437
2769 0.014547 60.642984
2770 0.022700 60.665684
2771 0.023201 60.688885
2772 0.020901 60.709786
2773 0.021900 60.731686
2774 0.020887 60.752573
2775 0.023349 60.775922
2776 0.023493 60.799415
2777 0.023739 60.823154
2778 0.023584 60.846738
2779 0.021326 60.868064
2780 0.018202 60.886266
2781 0.016164 60.902430
2782 0.022670 60.925100
2783 0.020620 60.945720
2784 0.018011 60.963731
2785 0.016157 60.979888
2786 0.020701 61.000589
2787 0.021074 61.021663
2788 0.021821 61.043484
2789 0.023344 61.066828
2790 0.020617 61.087445
2791 0.018071 61.105516
2792 0.016733 61.122249
2793 0.016015 61.138264
2794 0.015247 61.153511
2795 0.021360 61.174871
2796 0.022531 61.197402
2797 0.019904 61.217306
2798 0.017134 61.234440
2799 0.019923 61.254363
2800 0.019332 61.273695
2801 0.016475 61.290170
2802 0.015725 61.305895
2803 0.015407 61.321302
2804 0.014229 61.335531
2805 0.013000 61.348531
2806 0.012574 61.361105
2807 0.013073 61.374178
2808 0.018260 61.392438
2809 0.021055 61.413493
2810 0.018011 61.431504
2811 0.014240 61.445744
2812 0.022526 61.468270
2813 0.023160 61.491430
2814 0.020960 61.512390
2815 0.022124 61.534514
2816 0.022983 61.557497
2817 0.021279 61.578776
2818 0.018762 61.597538
2819 0.016468 61.614006
2820 0.015907 61.629913
2821 0.014534 61.644447
2822 0.017778 61.662225
2823 0.021790 61.684015
2824 0.023084 61.707099
2825 0.023547 61.730646
2826 0.023572 61.754218
2827 0.023550 61.777768
2828 0.020777 61.798545
2829 0.018024 61.816569
2830 0.016338 61.832907
2831 0.021527 61.854434
2832 0.021953 61.876387
2833 0.019365 61.895752
2834 0.017022 61.912774
2835 0.015909 61.928683
2836 0.020976 61.949659
2837 0.018420 61.968079
2838 0.016718 61.984797
2839 0.015622 62.000419
2840 0.014348 62.014767
2841 0.019906 62.034673
2842 0.019399 62.054072
2843 0.016540 62.070612
2844 0.014919 62.085531
2845 0.014624 62.100155
2846 0.013900 62.114055
2847 0.020647 62.134702
2848 0.019650 62.154352
2849 0.022386 62.176738
2850 0.021164 62.197902
2851 0.018062 62.215964
2852 0.016530 62.232494
2853 0.015646 62.248140
2854 0.022182 62.270322
2855 0.023425 62.293747
2856 0.020274 62.314021
2857 0.016956 62.330977
2858 0.015319 62.346296
2859 0.014895 62.361191
2860 0.014557 62.375748
2861 0.024188 62.399936
2862 0.023545 62.423481
2863 0.021602 62.445083
2864 0.021717 62.466800
2865 0.019772 62.486572
2866 0.016608 62.503180
2867 0.016064 62.519244
2868 0.014876 62.534120
2869 0.022709 62.556829
2870 0.020986 62.577815
2871 0.019311 62.597126
2872 0.017069 62.614195
2873 0.017523 62.631718
2874 0.022573 62.654291
2875 0.023248 62.677539
2876 0.023336 62.700875
2877 0.023059 62.723934
2878 0.023599 62.747533
2879 0.023147 62.770680
2880 0.020775 62.791455
2881 0.017972 62.809427
2882 0.016143 62.825570
2883 0.015601 62.841171
2884 0.021620 62.862791
2885 0.020865 62.883656
2886 0.022494 62.906150
2887 0.020814 62.926964
2888 0.018334 62.945298
2889 0.016696 62.961994
2890 0.018926 62.980920
2891 0.017118 62.998038
2892 0.014304 63.012342
2893 0.018371 63.030713
2894 0.014556 63.045269
2895 0.016641 63.061910
2896 0.015324 63.077234
2897 0.020693 63.097927
2898 0.022763 63.120690
2899 0.022847 63.143537
2900 0.023914 63.167451
2901 0.023399 63.190850
2902 0.023162 63.214012
2903 0.019809 63.233821
2904 0.016856 63.250677
2905 0.015781 63.266458
2906 0.015116 63.281574
2907 0.022552 63.304126
2908 0.023360 63.327486
2909 0.023364 63.350850
2910 0.023031 63.373881
2911 0.023307 63.397188
2912 0.023085 63.420273
2913 0.023200 63.443473
2914 0.021680 63.465153
2915 0.018093 63.483246
2916 0.022804 63.506050
2917 0.023246 63.529296
2918 0.023139 63.552435
2919 0.022820 63.575255
2920 0.023167 63.598422
2921 0.020636 63.619058
2922 0.022474 63.641532
2923 0.022089 63.663621
2924 0.023877 63.687498
2925 0.020615 63.708113
2926 0.018225 63.726338
2927 0.016270 63.742608
2928 0.021188 63.763796
2929 0.020913 63.784709
2930 0.022653 63.807362
2931 0.020969 63.828331
2932 0.022676 63.851007
2933 0.022952 63.873959
2934 0.023379 63.897338
2935 0.022933 63.920271
2936 0.023336 63.943607
2937 0.023350 63.966957
2938 0.020987 63.987944
2939 0.018314 64.006258
2940 0.016663 64.022921
2941 0.015676 64.038597
2942 0.022497 64.061094
2943 0.023083 64.084177
2944 0.023428 64.107605
2945 0.023563 64.131168
2946 0.020836 64.152004
2947 0.018042 64.170046
2948 0.016187 64.186233
2949 0.015826 64.202059
2950 0.015198 64.217257
2951 0.021977 64.239234
2952 0.023442 64.262676
2953 0.020333 64.283009
2954 0.021695 64.304704
2955 0.019446 64.324150
2956 0.017614 64.341764
2957 0.021978 64.363742
2958 0.021658 64.385400
2959 0.018431 64.403831
2960 0.016310 64.420141
2961 0.015517 64.435658
2962 0.014979 64.450637
2963 0.015099 64.465736
2964 0.021720 64.487456
2965 0.023177 64.510633
2966 0.023172 64.533805
2967 0.019932 64.553737
2968 0.022151 64.575888
2969 0.022877 64.598765
2970 0.023215 64.621980
2971 0.023356 64.645336
2972 0.023891 64.669227
2973 0.023182 64.692409
2974 0.022768 64.715177
2975 0.023029 64.738206
2976 0.023028 64.761234
2977 0.022787 64.784021
2978 0.023756 64.807777
2979 0.023638 64.831415
2980 0.023921 64.855336
2981 0.023592 64.878928
2982 0.023489 64.902417
2983 0.020537 64.922954
2984 0.017788 64.940742
2985 0.016257 64.956999
2986 0.014890 64.971889
2987 0.021876 64.993765
2988 0.021979 65.015744
2989 0.019063 65.034807
2990 0.016937 65.051744
2991 0.014794 65.066538
2992 0.014426 65.080964
2993 0.020546 65.101510
2994 0.017818 65.119328
2995 0.020310 65.139638
2996 0.021165 65.160803
2997 0.018372 65.179175
2998 0.021731 65.200906
2999 0.021050 65.221956
3000 0.022750 65.244706
3001 0.022917 65.267623
3002 0.022370 65.289993
3003 0.021329 65.311322
3004 0.018165 65.329487
3005 0.021926 65.351413
3006 0.023122 65.374535
3007 0.020973 65.395508
3008 0.021915 65.417423
3009 0.022605 65.440028
3010 0.024266 65.464294
3011 0.023113 65.487407
3012 0.022559 65.509966
3013 0.023324 65.533290
3014 0.023835 65.557125
3015 0.023357 65.580482
3016 0.023044 65.603526
3017 0.023042 65.626568
3018 0.020615 65.647183
3019 0.018045 65.665228
3020 0.016135 65.681363
3021 0.022838 65.704201
3022 0.024083 65.728284
3023 0.023603 65.751887
3024 0.020892 65.772779
3025 0.017564 65.790343
3026 0.016323 65.806666
3027 0.018845 65.825511
3028 0.017255 65.842766
3029 0.015919 65.858685
3030 0.016921 65.875606
3031 0.015578 65.891184
3032 0.014923 65.906107
3033 0.021842 65.927949
3034 0.022647 65.950596
3035 0.020156 65.970752
3036 0.016799 65.987551
3037 0.022232 66.009783
3038 0.022820 66.032603
3039 0.020749 66.053352
3040 0.017983 66.071335
3041 0.016324 66.087659
3042 0.015020 66.102679
3043 0.014448 66.117127
3044 0.013436 66.130563
3045 0.018866 66.149429
3046 0.017153 66.166582
3047 0.015113 66.181695
3048 0.023081 66.204776
3049 0.022951 66.227727
3050 0.020815 66.248542
3051 0.017739 66.266281
3052 0.016548 66.282829
3053 0.021199 66.304028
3054 0.020302 66.324330
3055 0.022842 66.347172
3056 0.022997 66.370169
3057 0.020502 66.390671
3058 0.017878 66.408549
3059 0.017253 66.425802
3060 0.016328 66.442130
3061 0.015797 66.457927
3062 0.014864 66.472791
3063 0.023457 66.496248
3064 0.022310 66.518558
3065 0.019369 66.537927
3066 0.017523 66.555450
3067 0.016608 66.572058
3068 0.015223 66.587281
3069 0.014822 66.602103
3070 0.014184 66.616287
3071 0.022313 66.638600
3072 0.023602 66.662202
3073 0.024664 66.686866
3074 0.024580 66.711446
3075 0.024371 66.735817
3076 0.022217 66.758034
3077 0.019447 66.777481
3078 0.023896 66.801377
3079 0.022930 66.824307
3080 0.019734 66.844041
3081 0.017543 66.861584
3082 0.016372 66.877956
3083 0.016124 66.894080
3084 0.023948 66.918028
3085 0.021114 66.939142
3086 0.018245 66.957387
3087 0.017402 66.974789
3088 0.020051 66.994840
3089 0.020628 67.015468
3090 0.024148 67.039616
3091 0.025052 67.064668
3092 0.022208 67.086876
3093 0.023880 67.110756
3094 0.021072 67.131828
3095 0.018259 67.150087
3096 0.023719 67.173806
3097 0.024726 67.198532
3098 0.024419 67.222951
3099 0.021430 67.244381
3100 0.018317 67.262698
3101 0.017116 67.279814
3102 0.016238 67.296052
3103 0.015209 67.311261
3104 0.014347 67.325608
3105 0.024139 67.349747
3106 0.020649 67.370396
3107 0.017765 67.388161
3108 0.016981 67.405142
3109 0.015835 67.420977
3110 0.014412 67.435389
3111 0.022146 67.457535
3112 0.022075 67.479610
3113 0.018173 67.497783
3114 0.017089 67.514872
3115 0.015858 67.530730
3116 0.014799 67.545529
3117 0.018233 67.563762
3118 0.015225 67.578987
3119 0.013713 67.592700
3120 0.013644 67.606344
3121 0.017605 67.623949
3122 0.023086 67.647035
3123 0.024363 67.671398
3124 0.024033 67.695431
3125 0.021809 67.717240
3126 0.019427 67.736667
3127 0.017200 67.753867
3128 0.016263 67.770130
3129 0.015522 67.785652
3130 0.014441 67.800093
3131 0.016899 67.816992
3132 0.021932 67.838924
3133 0.020484 67.859408
3134 0.025454 67.884862
3135 0.023643 67.908505
3136 0.023966 67.932471
3137 0.021090 67.953561
3138 0.022163 67.975724
3139 0.021092 67.996816
3140 0.018095 68.014911
done 3140 0.893343 68.908254
