#fmcad13 secondnet datacenter tree_200.20, instance vn2_5.2
init 0.000035 0.000035
1 0.005739 0.005739
2 0.005608 0.011347
3 0.005669 0.017016
4 0.005645 0.022661
5 0.036274 0.058935
6 0.036630 0.095565
7 0.036743 0.132308
8 0.048660 0.180968
9 0.040277 0.221245
10 0.037275 0.258520
11 0.037117 0.295637
12 0.037165 0.332802
13 0.037051 0.369853
14 0.037336 0.407189
15 0.037203 0.444392
16 0.037139 0.481531
17 0.036889 0.518420
18 0.037312 0.555732
19 0.037578 0.593310
20 0.037418 0.630728
21 0.037203 0.667931
22 0.037465 0.705396
23 0.037594 0.742990
24 0.037640 0.780630
25 0.037153 0.817783
26 0.037527 0.855310
27 0.037811 0.893121
28 0.037743 0.930864
29 0.037455 0.968319
30 0.037776 1.006095
31 0.037985 1.044080
32 0.037106 1.081186
33 0.037226 1.118412
34 0.037291 1.155703
35 0.036645 1.192348
36 0.036213 1.228561
37 0.035211 1.263772
38 0.034159 1.297931
39 0.033309 1.331240
40 0.030867 1.362107
41 0.029538 1.391645
42 0.026951 1.418596
43 0.025127 1.443723
44 0.023427 1.467150
45 0.020957 1.488107
46 0.018128 1.506235
47 0.016318 1.522553
48 0.014161 1.536714
49 0.011713 1.548427
50 0.009790 1.558217
51 0.008337 1.566554
done 51 0.006476 1.573030
