#fmcad13 secondnet datacenter tree_400.20, instance vn2_5.3
init 0.000039 0.000039
1 0.011411 0.011411
2 0.011294 0.022705
3 0.011359 0.034064
4 0.011197 0.045261
5 0.010999 0.056260
6 0.126924 0.183184
7 0.127471 0.310655
8 0.128252 0.438907
9 0.128357 0.567264
10 0.128558 0.695822
11 0.128225 0.824047
12 0.128779 0.952826
13 0.128192 1.081018
14 0.128310 1.209328
15 0.128499 1.337827
16 0.128525 1.466352
17 0.128197 1.594549
18 0.128689 1.723238
19 0.128613 1.851851
20 0.128860 1.980711
21 0.128913 2.109624
22 0.128560 2.238184
23 0.128523 2.366707
24 0.129129 2.495836
25 0.128846 2.624682
26 0.128762 2.753444
27 0.128662 2.882106
28 0.128686 3.010792
29 0.128960 3.139752
30 0.128728 3.268480
31 0.128582 3.397062
32 0.128130 3.525192
33 0.128552 3.653744
34 0.128671 3.782415
35 0.128914 3.911329
36 0.128823 4.040152
37 0.128015 4.168167
38 0.128632 4.296799
39 0.128791 4.425590
40 0.128924 4.554514
41 0.128848 4.683362
42 0.128812 4.812174
43 0.128821 4.940995
44 0.128775 5.069770
45 0.128599 5.198369
46 0.128554 5.326923
47 0.128615 5.455538
48 0.128612 5.584150
49 0.128819 5.712969
50 0.129165 5.842134
51 0.129123 5.971257
52 0.129645 6.100902
53 0.129106 6.230008
54 0.129301 6.359309
55 0.128568 6.487877
56 0.129110 6.616987
57 0.128846 6.745833
58 0.128891 6.874724
59 0.128404 7.003128
60 0.128646 7.131774
61 0.128574 7.260348
62 0.126773 7.387121
63 0.126483 7.513604
64 0.125895 7.639499
65 0.126015 7.765514
66 0.127835 7.893349
67 0.124030 8.017379
68 0.121231 8.138610
69 0.123208 8.261818
70 0.119493 8.381311
71 0.118841 8.500152
72 0.118583 8.618735
73 0.116667 8.735402
74 0.113927 8.849329
75 0.114489 8.963818
76 0.111991 9.075809
77 0.111269 9.187078
78 0.109990 9.297068
79 0.107755 9.404823
80 0.104622 9.509445
81 0.101691 9.611136
82 0.099736 9.710872
83 0.096363 9.807235
84 0.093895 9.901130
85 0.091947 9.993077
86 0.089472 10.082549
87 0.087800 10.170349
88 0.083099 10.253448
89 0.081012 10.334460
90 0.077950 10.412410
91 0.073739 10.486149
92 0.069648 10.555797
93 0.066231 10.622028
94 0.061931 10.683959
95 0.057289 10.741248
96 0.053422 10.794670
97 0.048669 10.843339
98 0.042877 10.886216
99 0.038694 10.924910
100 0.034150 10.959060
101 0.029216 10.988276
102 0.024305 11.012581
done 102 0.016705 11.029286
