#fmcad13 secondnet datacenter tree16_200.20, instance vn2_5.2
init 0.000068 0.000068
1 0.014153 0.014153
2 0.013027 0.027180
3 0.011976 0.039156
4 0.011054 0.050210
5 0.009227 0.059437
6 0.008705 0.068142
7 0.042349 0.110491
8 0.037801 0.148292
9 0.037856 0.186148
10 0.037921 0.224069
11 0.038157 0.262226
12 0.038070 0.300296
13 0.038096 0.338392
14 0.038187 0.376579
15 0.038174 0.414753
16 0.038170 0.452923
17 0.038146 0.491069
18 0.038120 0.529189
19 0.037834 0.567023
20 0.038034 0.605057
21 0.038089 0.643146
22 0.037986 0.681132
23 0.037620 0.718752
24 0.037964 0.756716
25 0.037907 0.794623
26 0.037997 0.832620
27 0.037496 0.870116
28 0.037864 0.907980
29 0.037888 0.945868
30 0.037768 0.983636
31 0.037664 1.021300
32 0.038023 1.059323
33 0.038526 1.097849
34 0.038367 1.136216
35 0.038415 1.174631
36 0.038735 1.213366
37 0.038089 1.251455
38 0.038011 1.289466
39 0.038253 1.327719
40 0.038501 1.366220
41 0.038349 1.404569
42 0.038582 1.443151
43 0.038537 1.481688
44 0.038835 1.520523
45 0.039305 1.559828
46 0.038720 1.598548
47 0.039334 1.637882
48 0.039007 1.676889
49 0.038543 1.715432
50 0.038703 1.754135
51 0.038891 1.793026
52 0.038279 1.831305
53 0.038950 1.870255
54 0.038649 1.908904
55 0.037605 1.946509
56 0.036833 1.983342
57 0.036680 2.020022
58 0.036623 2.056645
59 0.035311 2.091956
done 59 0.034767 2.126723
