#fmcad13 secondnet datacenter tree16_2000.20, instance vn2_5.2
init 0.000100 0.000100
1 0.092520 0.092520
2 0.095266 0.187786
3 0.076054 0.263840
4 0.071460 0.335300
5 0.070612 0.405912
6 0.072228 0.478140
7 0.073466 0.551606
8 0.073946 0.625552
9 0.087416 0.712968
10 0.070624 0.783592
11 0.109701 0.893293
12 0.076951 0.970244
13 0.070663 1.040907
14 0.071392 1.112299
15 0.070785 1.183084
16 0.080103 1.263187
17 3.457435 4.720622
18 3.466686 8.187308
19 3.477383 11.664691
20 3.475276 15.139967
21 3.540843 18.680810
22 3.495131 22.175941
23 3.498415 25.674356
24 3.466486 29.140842
25 3.444604 32.585446
26 3.464247 36.049693
27 3.497904 39.547597
28 3.457084 43.004681
29 3.482949 46.487630
30 3.495632 49.983262
31 3.462934 53.446196
32 3.473047 56.919243
33 3.508723 60.427966
34 3.518208 63.946174
35 3.519571 67.465745
36 3.494670 70.960415
37 3.476341 74.436756
38 3.494449 77.931205
39 3.505647 81.436852
40 3.489626 84.926478
41 3.486547 88.413025
42 3.468860 91.881885
43 3.486543 95.368428
44 3.466848 98.835276
45 3.462779 102.298055
46 3.439581 105.737636
47 3.504972 109.242608
48 3.499504 112.742112
49 3.479091 116.221203
50 3.460158 119.681361
51 3.448673 123.130034
52 3.522415 126.652449
53 3.489029 130.141478
54 3.460035 133.601513
55 3.440051 137.041564
56 3.487854 140.529418
57 3.462117 143.991535
58 3.492475 147.484010
59 3.462825 150.946835
60 3.469549 154.416384
61 3.502157 157.918541
62 3.489808 161.408349
63 3.491958 164.900307
64 3.489723 168.390030
65 3.484277 171.874307
66 3.493340 175.367647
67 3.512906 178.880553
68 3.491144 182.371697
69 3.483442 185.855139
70 3.534673 189.389812
71 3.498254 192.888066
72 3.498897 196.386963
73 3.474201 199.861164
74 3.477392 203.338556
75 3.522859 206.861415
76 3.502623 210.364038
77 3.485582 213.849620
78 3.508878 217.358498
79 3.528586 220.887084
80 3.495104 224.382188
81 3.491462 227.873650
82 3.477098 231.350748
83 3.494006 234.844754
84 3.525008 238.369762
85 3.504919 241.874681
86 3.473419 245.348100
87 3.506565 248.854665
88 3.517192 252.371857
89 3.495657 255.867514
90 3.489272 259.356786
91 3.481398 262.838184
92 3.516228 266.354412
93 3.535135 269.889547
94 3.526683 273.416230
95 3.462028 276.878258
96 3.475626 280.353884
97 3.473506 283.827390
98 3.470094 287.297484
99 3.465874 290.763358
100 3.447047 294.210405
101 3.491417 297.701822
102 3.471417 301.173239
103 3.482612 304.655851
104 3.441394 308.097245
105 3.473642 311.570887
106 3.459146 315.030033
107 3.478552 318.508585
108 3.506925 322.015510
109 3.470254 325.485764
110 3.522334 329.008098
111 3.485056 332.493154
112 3.516590 336.009744
113 3.506636 339.516380
114 3.493272 343.009652
115 3.523979 346.533631
116 3.519167 350.052798
117 3.482735 353.535533
118 3.477128 357.012661
119 3.567852 360.580513
120 3.493810 364.074323
121 3.490451 367.564774
122 3.476070 371.040844
123 3.516679 374.557523
124 3.496578 378.054101
125 3.514302 381.568403
126 3.504093 385.072496
127 3.506552 388.579048
128 3.523125 392.102173
129 3.494103 395.596276
130 3.490995 399.087271
131 3.486853 402.574124
132 3.488202 406.062326
133 3.485360 409.547686
134 3.494971 413.042657
135 3.469251 416.511908
136 3.501968 420.013876
137 3.512311 423.526187
138 3.491100 427.017287
139 3.492699 430.509986
140 3.477344 433.987330
141 3.517866 437.505196
142 3.505666 441.010862
143 3.521128 444.531990
144 3.475169 448.007159
145 3.505853 451.513012
146 3.496144 455.009156
147 3.499849 458.509005
148 3.496038 462.005043
149 3.506314 465.511357
150 3.498380 469.009737
151 3.489550 472.499287
152 3.489595 475.988882
153 3.506084 479.494966
154 3.504527 482.999493
155 3.510631 486.510124
156 3.515569 490.025693
157 3.467373 493.493066
158 3.518485 497.011551
159 3.498251 500.509802
160 3.502645 504.012447
161 3.567867 507.580314
162 3.500639 511.080953
163 3.592428 514.673381
164 3.536919 518.210300
165 3.558164 521.768464
166 3.511245 525.279709
167 3.492380 528.772089
168 3.526373 532.298462
169 3.502964 535.801426
170 3.521080 539.322506
171 3.498412 542.820918
172 3.489394 546.310312
173 3.543326 549.853638
174 3.570059 553.423697
175 3.465071 556.888768
176 3.453910 560.342678
177 3.506986 563.849664
178 3.542358 567.392022
179 3.471623 570.863645
180 3.494440 574.358085
181 3.461691 577.819776
182 3.479088 581.298864
183 3.460156 584.759020
184 3.499853 588.258873
185 3.522031 591.780904
186 3.524595 595.305499
187 3.556573 598.862072
188 3.543529 602.405601
189 3.623363 606.028964
190 3.543053 609.572017
191 3.508120 613.080137
192 3.504840 616.584977
193 3.549782 620.134759
194 3.499733 623.634492
195 3.528829 627.163321
196 3.521671 630.684992
197 3.560340 634.245332
198 3.548801 637.794133
199 3.525377 641.319510
200 3.538348 644.857858
201 3.538855 648.396713
202 3.504473 651.901186
203 3.519649 655.420835
204 3.466999 658.887834
205 3.520560 662.408394
206 3.488753 665.897147
207 3.479207 669.376354
208 3.495895 672.872249
209 3.532969 676.405218
210 3.521399 679.926617
211 3.548812 683.475429
212 3.513003 686.988432
213 3.494122 690.482554
214 3.538607 694.021161
215 3.501124 697.522285
216 3.551907 701.074192
217 3.495122 704.569314
218 3.513482 708.082796
219 3.541861 711.624657
220 3.528931 715.153588
221 3.476982 718.630570
222 3.520193 722.150763
223 3.485173 725.635936
224 3.488456 729.124392
225 3.483862 732.608254
226 3.519145 736.127399
227 3.526857 739.654256
228 3.517950 743.172206
229 3.504721 746.676927
230 3.514878 750.191805
231 3.516092 753.707897
232 3.480848 757.188745
233 3.498875 760.687620
234 3.486649 764.174269
235 3.494187 767.668456
236 3.520348 771.188804
237 3.516865 774.705669
238 3.520775 778.226444
239 3.493792 781.720236
240 3.491825 785.212061
241 3.542365 788.754426
242 3.519455 792.273881
243 3.485255 795.759136
244 3.550246 799.309382
245 3.492429 802.801811
246 3.507856 806.309667
247 3.510975 809.820642
248 3.504635 813.325277
249 3.522663 816.847940
250 3.522225 820.370165
251 3.487092 823.857257
252 3.503426 827.360683
253 3.530475 830.891158
254 3.508414 834.399572
255 3.484573 837.884145
256 3.475336 841.359481
257 3.493864 844.853345
258 3.512878 848.366223
259 3.545460 851.911683
260 3.471692 855.383375
261 3.529331 858.912706
262 3.475717 862.388423
263 3.532320 865.920743
264 3.473050 869.393793
265 3.514397 872.908190
266 3.536110 876.444300
267 3.486083 879.930383
268 3.481244 883.411627
269 3.546190 886.957817
270 3.543761 890.501578
271 3.572310 894.073888
272 3.551033 897.624921
273 3.526821 901.151742
274 3.539422 904.691164
275 3.640734 908.331898
276 3.507464 911.839362
277 3.649073 915.488435
278 3.654871 919.143306
279 3.708605 922.851911
280 3.628014 926.479925
281 3.644016 930.123941
282 3.638803 933.762744
283 3.600308 937.363052
284 3.532807 940.895859
285 3.700786 944.596645
286 3.658058 948.254703
287 3.698382 951.953085
288 3.666684 955.619769
289 3.594050 959.213819
290 3.540982 962.754801
291 3.605295 966.360096
292 3.552340 969.912436
293 3.650980 973.563416
294 3.686730 977.250146
295 3.716949 980.967095
296 3.626699 984.593794
297 3.589180 988.182974
298 3.596075 991.779049
299 3.648756 995.427805
300 3.596877 999.024682
301 3.613595 1002.638277
302 3.640700 1006.278977
303 3.643695 1009.922672
304 3.583286 1013.505958
305 3.541332 1017.047290
306 3.485407 1020.532697
307 3.605024 1024.137721
308 3.551713 1027.689434
309 3.657598 1031.347032
310 3.647135 1034.994167
311 3.678638 1038.672805
312 3.641882 1042.314687
313 3.601498 1045.916185
314 3.611089 1049.527274
315 3.613088 1053.140362
316 3.632439 1056.772801
317 3.633243 1060.406044
318 3.650719 1064.056763
319 3.690997 1067.747760
320 3.590463 1071.338223
321 3.571563 1074.909786
322 3.541563 1078.451349
323 3.573179 1082.024528
324 3.492559 1085.517087
325 3.630860 1089.147947
326 3.617022 1092.764969
327 3.663530 1096.428499
328 3.614344 1100.042843
329 3.558707 1103.601550
330 3.614872 1107.216422
331 3.640675 1110.857097
332 3.545023 1114.402120
333 3.612688 1118.014808
334 3.599750 1121.614558
335 3.661414 1125.275972
336 3.577493 1128.853465
337 3.532249 1132.385714
338 3.496918 1135.882632
339 3.540594 1139.423226
340 3.536389 1142.959615
341 3.643983 1146.603598
342 3.684205 1150.287803
343 3.683792 1153.971595
344 3.623889 1157.595484
345 3.546380 1161.141864
346 3.579909 1164.721773
347 3.542450 1168.264223
348 3.525625 1171.789848
349 3.598375 1175.388223
350 3.607634 1178.995857
351 3.655539 1182.651396
352 3.588455 1186.239851
353 3.548693 1189.788544
354 3.525716 1193.314260
355 3.556555 1196.870815
356 3.480685 1200.351500
357 3.587202 1203.938702
358 3.597803 1207.536505
359 3.635549 1211.172054
360 3.577198 1214.749252
361 3.569111 1218.318363
362 3.597820 1221.916183
363 3.580669 1225.496852
364 3.591706 1229.088558
365 3.669334 1232.757892
366 3.623662 1236.381554
367 3.627347 1240.008901
368 3.568339 1243.577240
369 3.527547 1247.104787
370 3.532321 1250.637108
371 3.592586 1254.229694
372 3.493876 1257.723570
373 3.638454 1261.362024
374 3.628352 1264.990376
375 3.649164 1268.639540
376 3.595190 1272.234730
377 3.582351 1275.817081
378 3.582186 1279.399267
379 3.576507 1282.975774
380 3.530354 1286.506128
381 3.651653 1290.157781
382 3.676707 1293.834488
383 3.696026 1297.530514
384 3.612242 1301.142756
385 3.550850 1304.693606
386 3.504411 1308.198017
387 3.581256 1311.779273
388 3.553582 1315.332855
389 3.607811 1318.940666
390 3.665075 1322.605741
391 3.573931 1326.179672
392 3.664680 1329.844352
393 3.577843 1333.422195
394 3.599384 1337.021579
395 3.612499 1340.634078
396 3.493036 1344.127114
397 3.610523 1347.737637
398 3.639687 1351.377324
399 3.557961 1354.935285
400 3.673304 1358.608589
401 3.536122 1362.144711
402 3.531347 1365.676058
403 3.620425 1369.296483
404 3.576566 1372.873049
405 3.630520 1376.503569
406 3.688055 1380.191624
407 3.547791 1383.739415
408 3.733607 1387.473022
409 3.581730 1391.054752
410 3.625878 1394.680630
411 3.713684 1398.394314
412 3.546472 1401.940786
413 3.699723 1405.640509
414 3.671058 1409.311567
415 3.582314 1412.893881
416 3.658572 1416.552453
417 3.556109 1420.108562
418 3.525407 1423.633969
419 3.647977 1427.281946
420 3.655961 1430.937907
421 3.708099 1434.646006
422 3.722295 1438.368301
423 3.612190 1441.980491
424 3.708134 1445.688625
425 3.612727 1449.301352
426 3.634942 1452.936294
427 3.689294 1456.625588
428 3.554513 1460.180101
429 3.677999 1463.858100
430 3.652225 1467.510325
431 3.653991 1471.164316
432 3.696952 1474.861268
433 3.668379 1478.529647
434 3.596206 1482.125853
435 3.636931 1485.762784
436 3.561378 1489.324162
437 3.667111 1492.991273
438 3.689511 1496.680784
439 3.691181 1500.371965
440 3.775245 1504.147210
441 3.702946 1507.850156
442 3.649163 1511.499319
443 3.575185 1515.074504
444 3.718994 1518.793498
445 3.612939 1522.406437
446 3.704806 1526.111243
447 3.716905 1529.828148
448 3.698544 1533.526692
449 3.757259 1537.283951
450 3.590083 1540.874034
451 3.694430 1544.568464
452 3.639779 1548.208243
453 3.665135 1551.873378
454 3.719697 1555.593075
455 3.795772 1559.388847
456 3.779654 1563.168501
457 3.779192 1566.947693
458 3.635985 1570.583678
459 3.633589 1574.217267
460 3.655515 1577.872782
461 3.638916 1581.511698
462 3.753681 1585.265379
463 3.803135 1589.068514
464 3.808362 1592.876876
465 3.618060 1596.494936
466 3.750254 1600.245190
467 3.794848 1604.040038
468 3.703075 1607.743113
469 3.796584 1611.539697
470 3.712166 1615.251863
471 3.683659 1618.935522
472 3.847023 1622.782545
473 3.730551 1626.513096
474 3.826898 1630.339994
475 3.797829 1634.137823
476 3.690648 1637.828471
477 3.806242 1641.634713
478 3.755661 1645.390374
479 3.837581 1649.227955
480 3.858265 1653.086220
481 3.700736 1656.786956
482 3.902780 1660.689736
483 3.914066 1664.603802
484 3.847365 1668.451167
485 3.884230 1672.335397
486 3.813005 1676.148402
487 3.835160 1679.983562
488 3.931176 1683.914738
489 3.888349 1687.803087
490 3.946877 1691.749964
491 3.957608 1695.707572
492 3.815014 1699.522586
493 3.930542 1703.453128
494 3.880970 1707.334098
495 3.899068 1711.233166
496 3.935518 1715.168684
497 3.880206 1719.048890
498 3.975393 1723.024283
499 3.968509 1726.992792
500 3.892234 1730.885026
501 3.934657 1734.819683
502 3.926233 1738.745916
503 3.871059 1742.616975
504 3.966361 1746.583336
505 3.867057 1750.450393
506 3.845987 1754.296380
507 3.936410 1758.232790
508 3.922363 1762.155153
509 3.920844 1766.075997
510 3.900800 1769.976797
511 3.935320 1773.912117
512 3.938358 1777.850475
513 3.851949 1781.702424
514 3.837125 1785.539549
515 3.947797 1789.487346
516 3.991213 1793.478559
517 3.883742 1797.362301
518 3.893622 1801.255923
519 3.903971 1805.159894
520 3.924452 1809.084346
521 3.797982 1812.882328
522 3.854845 1816.737173
523 3.952491 1820.689664
524 3.897382 1824.587046
525 3.903043 1828.490089
526 3.866946 1832.357035
527 3.908055 1836.265090
528 3.993655 1840.258745
529 3.833974 1844.092719
530 3.846102 1847.938821
531 4.030785 1851.969606
532 3.986610 1855.956216
533 3.962103 1859.918319
534 4.012040 1863.930359
535 4.014117 1867.944476
536 4.042330 1871.986806
537 3.952681 1875.939487
538 3.949828 1879.889315
539 4.051715 1883.941030
540 4.030082 1887.971112
541 3.957054 1891.928166
542 3.958335 1895.886501
543 4.002382 1899.888883
544 4.024958 1903.913841
545 3.943586 1907.857427
546 4.009918 1911.867345
547 3.845893 1915.713238
548 4.009749 1919.722987
549 3.896948 1923.619935
550 3.977315 1927.597250
551 3.861686 1931.458936
552 4.013639 1935.472575
553 3.914242 1939.386817
554 3.986525 1943.373342
555 3.866766 1947.240108
556 4.006524 1951.246632
557 3.907066 1955.153698
558 3.934045 1959.087743
559 3.858115 1962.945858
560 3.927987 1966.873845
561 3.947028 1970.820873
562 3.916613 1974.737486
563 3.836259 1978.573745
564 3.940983 1982.514728
565 3.855830 1986.370558
566 3.937842 1990.308400
567 3.786952 1994.095352
568 3.932337 1998.027689
569 3.872080 2001.899769
570 3.961807 2005.861576
571 3.839668 2009.701244
572 3.956792 2013.658036
573 3.910186 2017.568222
574 3.976722 2021.544944
575 3.856508 2025.401452
576 3.940621 2029.342073
577 3.894099 2033.236172
578 3.943054 2037.179226
579 3.843607 2041.022833
580 3.966907 2044.989740
581 3.859595 2048.849335
582 3.940271 2052.789606
done 582 3.946023 2056.735629
