#fmcad13 secondnet datacenter tree_400.20, instance vn2_5.2
init 0.000070 0.000070
1 0.012286 0.012286
2 0.011227 0.023513
3 0.011200 0.034713
4 0.011094 0.045807
5 0.011094 0.056901
6 0.128899 0.185800
7 0.129339 0.315139
8 0.130337 0.445476
9 0.130104 0.575580
10 0.130517 0.706097
11 0.130395 0.836492
12 0.130662 0.967154
13 0.130470 1.097624
14 0.131141 1.228765
15 0.130692 1.359457
16 0.130523 1.489980
17 0.130935 1.620915
18 0.130978 1.751893
19 0.130967 1.882860
20 0.130828 2.013688
21 0.130955 2.144643
22 0.130829 2.275472
23 0.130688 2.406160
24 0.130898 2.537058
25 0.130615 2.667673
26 0.130788 2.798461
27 0.130824 2.929285
28 0.130974 3.060259
29 0.130779 3.191038
30 0.130666 3.321704
31 0.129924 3.451628
32 0.130951 3.582579
33 0.130944 3.713523
34 0.130819 3.844342
35 0.130890 3.975232
36 0.131198 4.106430
37 0.131212 4.237642
38 0.130859 4.368501
39 0.130735 4.499236
40 0.130408 4.629644
41 0.130911 4.760555
42 0.130387 4.890942
43 0.130609 5.021551
44 0.131139 5.152690
45 0.131445 5.284135
46 0.131066 5.415201
47 0.131171 5.546372
48 0.130607 5.676979
49 0.131191 5.808170
50 0.131042 5.939212
51 0.130957 6.070169
52 0.131299 6.201468
53 0.131307 6.332775
54 0.130894 6.463669
55 0.130859 6.594528
56 0.130624 6.725152
57 0.128965 6.854117
58 0.128857 6.982974
59 0.129063 7.112037
60 0.129310 7.241347
61 0.129497 7.370844
62 0.129114 7.499958
63 0.128304 7.628262
64 0.129098 7.757360
65 0.129618 7.886978
66 0.127735 8.014713
67 0.127621 8.142334
68 0.126002 8.268336
69 0.126052 8.394388
70 0.124690 8.519078
71 0.126706 8.645784
72 0.122740 8.768524
73 0.121857 8.890381
74 0.121717 9.012098
75 0.119121 9.131219
76 0.127759 9.258978
77 0.117162 9.376140
78 0.113228 9.489368
79 0.109965 9.599333
80 0.108997 9.708330
81 0.104848 9.813178
82 0.102090 9.915268
83 0.098972 10.014240
84 0.097062 10.111302
85 0.093654 10.204956
86 0.089128 10.294084
87 0.085712 10.379796
88 0.081083 10.460879
89 0.076013 10.536892
90 0.071525 10.608417
91 0.067050 10.675467
92 0.063757 10.739224
93 0.060385 10.799609
94 0.055885 10.855494
95 0.052588 10.908082
96 0.048354 10.956436
97 0.044984 11.001420
98 0.042371 11.043791
99 0.039053 11.082844
100 0.035209 11.118053
101 0.032503 11.150556
102 0.028392 11.178948
done 102 0.024587 11.203535
