#fmcad13 secondnet datacenter tree16_400.20, instance vn2_3.2
init 0.000076 0.000076
1 0.005467 0.005467
2 0.005245 0.010712
3 0.004383 0.015095
4 0.003898 0.018993
5 0.003282 0.022275
6 0.003268 0.025543
7 0.004313 0.029856
8 0.004506 0.034362
9 0.004069 0.038431
10 0.003708 0.042139
11 0.003732 0.045871
12 0.004962 0.050833
13 0.005926 0.056759
14 0.006318 0.063077
15 0.006201 0.069278
16 0.005358 0.074636
17 0.004854 0.079490
18 0.004592 0.084082
19 0.004528 0.088610
20 0.005674 0.094284
21 0.006511 0.100795
22 0.006164 0.106959
23 0.005626 0.112585
24 0.005919 0.118504
25 0.006034 0.124538
26 0.006013 0.130551
27 0.005736 0.136287
28 0.005928 0.142215
29 0.005917 0.148132
30 0.006077 0.154209
31 0.005779 0.159988
32 0.005692 0.165680
33 0.005691 0.171371
34 0.005537 0.176908
35 0.006023 0.182931
36 0.005762 0.188693
37 0.005213 0.193906
38 0.004656 0.198562
39 0.004725 0.203287
40 0.004519 0.207806
41 0.004683 0.212489
42 0.005286 0.217775
43 0.005049 0.222824
44 0.005131 0.227955
45 0.005156 0.233111
46 0.005208 0.238319
47 0.005284 0.243603
48 0.005080 0.248683
49 0.005277 0.253960
50 0.005379 0.259339
51 0.005606 0.264945
52 0.005758 0.270703
53 0.005498 0.276201
54 0.004654 0.280855
55 0.004578 0.285433
56 0.005560 0.290993
57 0.005812 0.296805
58 0.005806 0.302611
59 0.005687 0.308298
60 0.005552 0.313850
61 0.004968 0.318818
62 0.005519 0.324337
63 0.004959 0.329296
64 0.004578 0.333874
65 0.004593 0.338467
66 0.005015 0.343482
67 0.005175 0.348657
68 0.004540 0.353197
69 0.004524 0.357721
70 0.004330 0.362051
71 0.004391 0.366442
72 0.004427 0.370869
73 0.004396 0.375265
74 0.004215 0.379480
75 0.004398 0.383878
76 0.003961 0.387839
77 0.004572 0.392411
78 0.005186 0.397597
79 0.005313 0.402910
80 0.005336 0.408246
81 0.005209 0.413455
82 0.005406 0.418861
83 0.005622 0.424483
84 0.005477 0.429960
85 0.005400 0.435360
86 0.005658 0.441018
87 0.005865 0.446883
88 0.005702 0.452585
89 0.005575 0.458160
90 0.004744 0.462904
91 0.004593 0.467497
92 0.004625 0.472122
93 0.005256 0.477378
94 0.005517 0.482895
95 0.005748 0.488643
96 0.005605 0.494248
97 0.005241 0.499489
98 0.004444 0.503933
99 0.004465 0.508398
100 0.004606 0.513004
101 0.005284 0.518288
102 0.005321 0.523609
103 0.005909 0.529518
104 0.005486 0.535004
105 0.005201 0.540205
106 0.004435 0.544640
107 0.004896 0.549536
108 0.005115 0.554651
109 0.005249 0.559900
110 0.005094 0.564994
111 0.005218 0.570212
112 0.005369 0.575581
113 0.005508 0.581089
114 0.005172 0.586261
115 0.004580 0.590841
116 0.004510 0.595351
117 0.005059 0.600410
118 0.005118 0.605528
119 0.005196 0.610724
120 0.005393 0.616117
121 0.005378 0.621495
122 0.005294 0.626789
123 0.005246 0.632035
124 0.005440 0.637475
125 0.005424 0.642899
126 0.005384 0.648283
127 0.005458 0.653741
128 0.005483 0.659224
129 0.005516 0.664740
130 0.005600 0.670340
131 0.005502 0.675842
132 0.004723 0.680565
133 0.004268 0.684833
134 0.004109 0.688942
135 0.005229 0.694171
136 0.005441 0.699612
137 0.005304 0.704916
138 0.005511 0.710427
139 0.005488 0.715915
140 0.005074 0.720989
141 0.004948 0.725937
142 0.005175 0.731112
143 0.005085 0.736197
144 0.004902 0.741099
145 0.005541 0.746640
146 0.004821 0.751461
147 0.005041 0.756502
148 0.004398 0.760900
149 0.004298 0.765198
150 0.004592 0.769790
151 0.005047 0.774837
152 0.005125 0.779962
153 0.004829 0.784791
154 0.005023 0.789814
155 0.004703 0.794517
156 0.004302 0.798819
157 0.004380 0.803199
158 0.005524 0.808723
159 0.005356 0.814079
160 0.004952 0.819031
161 0.004966 0.823997
162 0.005144 0.829141
163 0.005232 0.834373
164 0.005321 0.839694
165 0.005259 0.844953
166 0.004949 0.849902
167 0.004943 0.854845
168 0.005044 0.859889
169 0.005202 0.865091
170 0.005138 0.870229
171 0.005424 0.875653
172 0.005368 0.881021
173 0.005002 0.886023
174 0.004851 0.890874
175 0.004313 0.895187
176 0.004449 0.899636
177 0.004998 0.904634
178 0.004822 0.909456
179 0.004457 0.913913
180 0.004302 0.918215
181 0.003829 0.922044
182 0.003639 0.925683
183 0.003466 0.929149
184 0.003543 0.932692
185 0.003531 0.936223
186 0.003581 0.939804
187 0.003534 0.943338
188 0.003396 0.946734
189 0.003607 0.950341
190 0.003960 0.954301
191 0.004075 0.958376
192 0.004085 0.962461
193 0.004403 0.966864
194 0.004722 0.971586
195 0.005417 0.977003
196 0.005213 0.982216
197 0.005360 0.987576
198 0.005345 0.992921
199 0.005344 0.998265
200 0.004818 1.003083
201 0.004224 1.007307
202 0.004130 1.011437
203 0.005192 1.016629
204 0.005203 1.021832
205 0.005144 1.026976
206 0.005166 1.032142
207 0.005137 1.037279
208 0.005227 1.042506
209 0.005147 1.047653
210 0.005197 1.052850
211 0.005187 1.058037
212 0.005237 1.063274
213 0.005077 1.068351
214 0.004930 1.073281
215 0.004997 1.078278
216 0.005097 1.083375
217 0.004673 1.088048
218 0.004752 1.092800
219 0.004590 1.097390
220 0.003965 1.101355
221 0.003889 1.105244
222 0.003964 1.109208
223 0.004347 1.113555
224 0.004309 1.117864
225 0.005159 1.123023
226 0.004923 1.127946
227 0.004990 1.132936
228 0.004955 1.137891
229 0.004918 1.142809
230 0.004815 1.147624
231 0.005026 1.152650
232 0.004778 1.157428
233 0.004817 1.162245
234 0.004459 1.166704
235 0.004127 1.170831
236 0.004717 1.175548
237 0.004701 1.180249
238 0.004672 1.184921
239 0.004801 1.189722
240 0.004926 1.194648
241 0.004831 1.199479
242 0.004708 1.204187
243 0.004813 1.209000
244 0.004938 1.213938
245 0.005004 1.218942
246 0.004929 1.223871
247 0.004926 1.228797
248 0.004200 1.232997
249 0.004662 1.237659
250 0.004726 1.242385
251 0.004429 1.246814
252 0.003880 1.250694
253 0.003837 1.254531
254 0.004267 1.258798
255 0.005047 1.263845
256 0.004886 1.268731
257 0.004681 1.273412
258 0.004865 1.278277
259 0.004898 1.283175
260 0.004744 1.287919
261 0.004148 1.292067
262 0.003759 1.295826
263 0.003796 1.299622
264 0.003756 1.303378
265 0.003392 1.306770
266 0.003484 1.310254
267 0.004207 1.314461
268 0.003680 1.318141
269 0.003602 1.321743
270 0.003539 1.325282
271 0.003450 1.328732
272 0.004177 1.332909
273 0.003599 1.336508
274 0.003632 1.340140
275 0.004947 1.345087
276 0.004964 1.350051
277 0.004835 1.354886
278 0.004814 1.359700
279 0.004937 1.364637
280 0.004833 1.369470
281 0.004787 1.374257
282 0.004727 1.378984
283 0.004729 1.383713
284 0.004893 1.388606
285 0.004752 1.393358
286 0.004663 1.398021
287 0.004706 1.402727
288 0.004674 1.407401
289 0.004611 1.412012
290 0.004386 1.416398
291 0.004749 1.421147
292 0.004667 1.425814
293 0.004752 1.430566
294 0.004714 1.435280
295 0.004600 1.439880
296 0.004060 1.443940
297 0.004502 1.448442
298 0.004487 1.452929
299 0.004724 1.457653
300 0.004834 1.462487
301 0.004827 1.467314
302 0.004305 1.471619
303 0.004646 1.476265
304 0.004599 1.480864
305 0.004596 1.485460
306 0.004669 1.490129
307 0.004663 1.494792
308 0.004591 1.499383
309 0.004635 1.504018
310 0.004722 1.508740
311 0.004677 1.513417
312 0.004685 1.518102
313 0.004680 1.522782
314 0.004645 1.527427
315 0.004446 1.531873
316 0.003978 1.535851
317 0.003847 1.539698
318 0.004179 1.543877
319 0.004365 1.548242
320 0.004301 1.552543
321 0.004051 1.556594
322 0.003195 1.559789
323 0.003103 1.562892
324 0.003108 1.566000
325 0.003546 1.569546
326 0.003528 1.573074
327 0.003529 1.576603
328 0.003536 1.580139
329 0.003386 1.583525
330 0.003500 1.587025
331 0.003648 1.590673
332 0.003688 1.594361
333 0.004087 1.598448
334 0.003595 1.602043
335 0.003412 1.605455
336 0.003277 1.608732
337 0.003623 1.612355
338 0.003862 1.616217
339 0.004325 1.620542
340 0.004947 1.625489
341 0.004939 1.630428
342 0.004599 1.635027
done 342 0.037509 1.672536
