#fmcad13 secondnet datacenter tree16_200.20, instance vn2_3.1
init 0.000033 0.000033
1 0.001649 0.001649
2 0.001562 0.003211
3 0.001583 0.004794
4 0.001716 0.006510
5 0.001715 0.008225
6 0.001632 0.009857
7 0.001642 0.011499
8 0.001864 0.013363
9 0.001612 0.014975
10 0.001791 0.016766
11 0.001596 0.018362
12 0.001727 0.020089
13 0.001588 0.021677
14 0.001646 0.023323
15 0.001877 0.025200
16 0.001696 0.026896
17 0.001577 0.028473
18 0.001557 0.030030
19 0.001542 0.031572
20 0.001656 0.033228
21 0.001674 0.034902
22 0.001524 0.036426
23 0.001648 0.038074
24 0.001763 0.039837
25 0.001814 0.041651
26 0.001741 0.043392
27 0.001715 0.045107
28 0.001794 0.046901
29 0.001928 0.048829
30 0.001712 0.050541
31 0.001911 0.052452
32 0.001602 0.054054
33 0.001710 0.055764
34 0.001664 0.057428
35 0.001588 0.059016
36 0.001566 0.060582
37 0.001674 0.062256
38 0.001706 0.063962
39 0.001889 0.065851
40 0.001584 0.067435
41 0.001616 0.069051
42 0.001935 0.070986
43 0.001606 0.072592
44 0.001730 0.074322
45 0.001918 0.076240
46 0.002072 0.078312
47 0.002021 0.080333
48 0.001981 0.082314
49 0.002010 0.084324
50 0.001839 0.086163
51 0.001885 0.088048
52 0.002000 0.090048
53 0.001680 0.091728
54 0.002019 0.093747
55 0.002946 0.096693
56 0.001834 0.098527
57 0.001774 0.100301
58 0.001869 0.102170
59 0.001935 0.104105
60 0.001744 0.105849
61 0.002152 0.108001
62 0.002045 0.110046
63 0.002129 0.112175
64 0.002119 0.114294
65 0.002017 0.116311
66 0.001738 0.118049
67 0.002106 0.120155
68 0.001638 0.121793
69 0.001687 0.123480
70 0.001718 0.125198
71 0.001554 0.126752
72 0.001612 0.128364
73 0.001572 0.129936
74 0.001707 0.131643
75 0.002070 0.133713
76 0.002684 0.136397
77 0.002420 0.138817
78 0.002403 0.141220
79 0.002510 0.143730
80 0.002378 0.146108
81 0.002835 0.148943
82 0.002889 0.151832
83 0.002830 0.154662
84 0.002759 0.157421
85 0.002756 0.160177
86 0.002815 0.162992
87 0.002740 0.165732
88 0.002561 0.168293
89 0.002629 0.170922
90 0.002729 0.173651
91 0.002689 0.176340
92 0.002661 0.179001
93 0.002782 0.181783
94 0.002740 0.184523
95 0.002480 0.187003
96 0.002345 0.189348
97 0.002933 0.192281
98 0.003012 0.195293
99 0.003146 0.198439
100 0.002750 0.201189
101 0.002518 0.203707
102 0.002484 0.206191
103 0.002459 0.208650
104 0.002482 0.211132
105 0.002438 0.213570
106 0.002350 0.215920
107 0.003085 0.219005
108 0.002981 0.221986
109 0.002976 0.224962
110 0.002992 0.227954
111 0.002845 0.230799
112 0.003193 0.233992
113 0.002921 0.236913
114 0.002959 0.239872
115 0.002965 0.242837
116 0.002880 0.245717
117 0.002864 0.248581
118 0.002916 0.251497
119 0.003154 0.254651
120 0.003172 0.257823
121 0.003153 0.260976
122 0.002999 0.263975
123 0.003049 0.267024
124 0.003010 0.270034
125 0.002948 0.272982
126 0.002993 0.275975
127 0.002876 0.278851
128 0.002742 0.281593
129 0.002509 0.284102
130 0.002361 0.286463
131 0.002216 0.288679
132 0.002425 0.291104
133 0.002531 0.293635
134 0.002608 0.296243
135 0.003178 0.299421
136 0.003060 0.302481
137 0.003142 0.305623
138 0.002993 0.308616
139 0.002750 0.311366
140 0.002890 0.314256
141 0.003129 0.317385
142 0.002948 0.320333
143 0.003008 0.323341
144 0.002980 0.326321
145 0.002762 0.329083
146 0.002691 0.331774
147 0.002892 0.334666
148 0.003065 0.337731
149 0.003022 0.340753
150 0.002937 0.343690
151 0.002951 0.346641
152 0.002727 0.349368
153 0.002739 0.352107
154 0.002806 0.354913
155 0.002994 0.357907
156 0.003069 0.360976
157 0.003031 0.364007
158 0.002944 0.366951
159 0.002788 0.369739
160 0.003001 0.372740
161 0.003119 0.375859
162 0.002983 0.378842
163 0.003099 0.381941
164 0.002916 0.384857
165 0.002785 0.387642
166 0.002877 0.390519
167 0.002927 0.393446
168 0.002941 0.396387
169 0.002877 0.399264
170 0.002925 0.402189
171 0.002765 0.404954
172 0.002682 0.407636
173 0.002801 0.410437
174 0.002885 0.413322
175 0.002823 0.416145
176 0.002816 0.418961
177 0.003001 0.421962
178 0.003002 0.424964
179 0.002861 0.427825
180 0.003147 0.430972
181 0.002941 0.433913
182 0.002882 0.436795
183 0.002898 0.439693
184 0.002826 0.442519
185 0.002632 0.445151
186 0.003068 0.448219
187 0.002971 0.451190
188 0.002796 0.453986
189 0.002888 0.456874
190 0.002946 0.459820
191 0.002737 0.462557
192 0.002643 0.465200
193 0.002888 0.468088
194 0.002879 0.470967
195 0.002813 0.473780
196 0.002719 0.476499
197 0.002733 0.479232
198 0.002445 0.481677
199 0.002692 0.484369
200 0.002891 0.487260
201 0.003015 0.490275
202 0.002975 0.493250
203 0.002917 0.496167
204 0.002897 0.499064
205 0.002691 0.501755
206 0.002763 0.504518
207 0.002801 0.507319
208 0.002940 0.510259
209 0.002832 0.513091
210 0.002794 0.515885
211 0.002805 0.518690
212 0.002609 0.521299
213 0.002560 0.523859
214 0.002636 0.526495
215 0.002623 0.529118
216 0.002692 0.531810
217 0.002813 0.534623
218 0.002728 0.537351
219 0.002770 0.540121
220 0.002687 0.542808
221 0.002476 0.545284
222 0.002456 0.547740
223 0.002408 0.550148
224 0.002461 0.552609
225 0.002414 0.555023
226 0.002251 0.557274
227 0.002547 0.559821
228 0.002792 0.562613
229 0.002373 0.564986
230 0.002501 0.567487
231 0.002504 0.569991
232 0.002331 0.572322
233 0.002100 0.574422
234 0.002371 0.576793
235 0.002380 0.579173
236 0.002395 0.581568
237 0.002327 0.583895
238 0.002794 0.586689
239 0.002671 0.589360
240 0.002126 0.591486
241 0.002121 0.593607
242 0.002117 0.595724
243 0.002331 0.598055
244 0.002152 0.600207
245 0.002000 0.602207
246 0.001915 0.604122
247 0.001936 0.606058
248 0.002021 0.608079
249 0.001981 0.610060
250 0.002040 0.612100
251 0.002366 0.614466
252 0.002339 0.616805
253 0.002609 0.619414
254 0.002496 0.621910
255 0.002517 0.624427
256 0.002087 0.626514
257 0.001919 0.628433
258 0.002113 0.630546
259 0.002745 0.633291
260 0.002650 0.635941
261 0.002688 0.638629
262 0.002332 0.640961
263 0.002624 0.643585
264 0.002715 0.646300
265 0.002845 0.649145
266 0.002762 0.651907
267 0.002783 0.654690
268 0.002701 0.657391
269 0.002579 0.659970
270 0.002737 0.662707
271 0.002781 0.665488
272 0.002797 0.668285
273 0.002873 0.671158
274 0.002886 0.674044
275 0.002617 0.676661
276 0.002594 0.679255
277 0.002684 0.681939
278 0.002825 0.684764
279 0.002619 0.687383
280 0.002539 0.689922
281 0.002493 0.692415
282 0.002603 0.695018
283 0.002615 0.697633
284 0.002582 0.700215
285 0.002505 0.702720
286 0.002431 0.705151
287 0.002498 0.707649
288 0.002396 0.710045
289 0.002260 0.712305
290 0.002296 0.714601
291 0.002224 0.716825
292 0.002195 0.719020
293 0.002214 0.721234
294 0.002208 0.723442
295 0.002099 0.725541
296 0.002068 0.727609
297 0.002063 0.729672
298 0.002053 0.731725
299 0.002078 0.733803
300 0.001980 0.735783
301 0.002441 0.738224
302 0.002607 0.740831
303 0.002434 0.743265
304 0.002582 0.745847
305 0.002318 0.748165
306 0.002027 0.750192
307 0.002024 0.752216
308 0.002007 0.754223
309 0.002109 0.756332
310 0.001911 0.758243
311 0.001920 0.760163
312 0.001807 0.761970
313 0.001772 0.763742
done 313 0.009697 0.773439
