#fmcad13 secondnet datacenter tree_400.20, instance vn2_5.1
init 0.000057 0.000057
1 0.015430 0.015430
2 0.013786 0.029216
3 0.012994 0.042210
4 0.012578 0.054788
5 0.011805 0.066593
6 0.129242 0.195835
7 0.134284 0.330119
8 0.130683 0.460802
9 0.130271 0.591073
10 0.129956 0.721029
11 0.130054 0.851083
12 0.130539 0.981622
13 0.130624 1.112246
14 0.130781 1.243027
15 0.130852 1.373879
16 0.130781 1.504660
17 0.130719 1.635379
18 0.130556 1.765935
19 0.131032 1.896967
20 0.130821 2.027788
21 0.130685 2.158473
22 0.130790 2.289263
23 0.130534 2.419797
24 0.130521 2.550318
25 0.130549 2.680867
26 0.130880 2.811747
27 0.130738 2.942485
28 0.130640 3.073125
29 0.130943 3.204068
30 0.131054 3.335122
31 0.130806 3.465928
32 0.130491 3.596419
33 0.130843 3.727262
34 0.131299 3.858561
35 0.131254 3.989815
36 0.130961 4.120776
37 0.131205 4.251981
38 0.131085 4.383066
39 0.131290 4.514356
40 0.131121 4.645477
41 0.131214 4.776691
42 0.131322 4.908013
43 0.131001 5.039014
44 0.130856 5.169870
45 0.131061 5.300931
46 0.130798 5.431729
47 0.128600 5.560329
48 0.127721 5.688050
49 0.127576 5.815626
50 0.126100 5.941726
51 0.124381 6.066107
52 0.126859 6.192966
53 0.126746 6.319712
54 0.126413 6.446125
55 0.122751 6.568876
56 0.122868 6.691744
57 0.122817 6.814561
58 0.121408 6.935969
59 0.120872 7.056841
60 0.121266 7.178107
61 0.121221 7.299328
62 0.121842 7.421170
63 0.120871 7.542041
64 0.119587 7.661628
65 0.119317 7.780945
66 0.119114 7.900059
67 0.118044 8.018103
68 0.118612 8.136715
69 0.117418 8.254133
70 0.116507 8.370640
71 0.116018 8.486658
72 0.115619 8.602277
73 0.112891 8.715168
74 0.110854 8.826022
75 0.108532 8.934554
76 0.106536 9.041090
77 0.105305 9.146395
78 0.103694 9.250089
79 0.100232 9.350321
80 0.096825 9.447146
81 0.093179 9.540325
82 0.090353 9.630678
83 0.086511 9.717189
84 0.083426 9.800615
85 0.081200 9.881815
86 0.079065 9.960880
87 0.075217 10.036097
88 0.072737 10.108834
89 0.068508 10.177342
90 0.064222 10.241564
91 0.061579 10.303143
92 0.058222 10.361365
93 0.056201 10.417566
94 0.053153 10.470719
95 0.049090 10.519809
96 0.044359 10.564168
done 96 0.039576 10.603744
