#fmcad13 secondnet datacenter tree_2000.20, instance vn2_3.2
init 0.000106 0.000106
1 0.008108 0.008108
2 0.007959 0.016067
3 0.008240 0.024307
4 0.008419 0.032726
5 0.008507 0.041233
6 0.008414 0.049647
7 0.008433 0.058080
8 0.008518 0.066598
9 0.008087 0.074685
10 0.008017 0.082702
11 0.009480 0.092182
12 0.009060 0.101242
13 0.008987 0.110229
14 0.007662 0.117891
15 0.007613 0.125504
16 0.008025 0.133529
17 0.007230 0.140759
18 0.007730 0.148489
19 0.007421 0.155910
20 0.008142 0.164052
21 0.008897 0.172949
22 0.008802 0.181751
23 0.008428 0.190179
24 0.008190 0.198369
25 0.008163 0.206532
26 0.008260 0.214792
27 0.008301 0.223093
28 0.008337 0.231430
29 0.008483 0.239913
30 0.008693 0.248606
31 0.008485 0.257091
32 0.007926 0.265017
33 0.008103 0.273120
34 0.007859 0.280979
35 0.007728 0.288707
36 0.008109 0.296816
37 0.008281 0.305097
38 0.008134 0.313231
39 0.008536 0.321767
40 0.008294 0.330061
41 0.007605 0.337666
42 0.008028 0.345694
43 0.007474 0.353168
44 0.007850 0.361018
45 0.008106 0.369124
46 0.008376 0.377500
47 0.008622 0.386122
48 0.007877 0.393999
49 0.007355 0.401354
50 0.007757 0.409111
51 0.008421 0.417532
52 0.007781 0.425313
53 0.007708 0.433021
54 0.008479 0.441500
55 0.008276 0.449776
56 0.008569 0.458345
57 0.007737 0.466082
58 0.006959 0.473041
59 0.007045 0.480086
60 0.008041 0.488127
61 0.007736 0.495863
62 0.007901 0.503764
63 0.008362 0.512126
64 0.008538 0.520664
65 0.008599 0.529263
66 0.007830 0.537093
67 0.008168 0.545261
68 0.008420 0.553681
69 0.008120 0.561801
70 0.008106 0.569907
71 0.008499 0.578406
72 0.008075 0.586481
73 0.008294 0.594775
74 0.008152 0.602927
75 0.008163 0.611090
76 0.008379 0.619469
77 0.007368 0.626837
78 0.007757 0.634594
79 0.007843 0.642437
80 0.007784 0.650221
81 0.007885 0.658106
82 0.008272 0.666378
83 0.008265 0.674643
84 0.008232 0.682875
85 0.008098 0.690973
86 0.007607 0.698580
87 0.007784 0.706364
88 0.008002 0.714366
89 0.008467 0.722833
90 0.009136 0.731969
91 0.008693 0.740662
92 0.009143 0.749805
93 0.008482 0.758287
94 0.007414 0.765701
95 0.007771 0.773472
96 0.007038 0.780510
97 0.007628 0.788138
98 0.008228 0.796366
99 0.008583 0.804949
100 0.008605 0.813554
101 0.008507 0.822061
102 0.008106 0.830167
103 0.007783 0.837950
104 0.007098 0.845048
105 0.007425 0.852473
106 0.008632 0.861105
107 0.008231 0.869336
108 0.008418 0.877754
109 0.008714 0.886468
110 0.008301 0.894769
111 0.008337 0.903106
112 0.008132 0.911238
113 0.008090 0.919328
114 0.008067 0.927395
115 0.008145 0.935540
116 0.008216 0.943756
117 0.007987 0.951743
118 0.008114 0.959857
119 0.008011 0.967868
120 0.007910 0.975778
121 0.007849 0.983627
122 0.008173 0.991800
123 0.008862 1.000662
124 0.008349 1.009011
125 0.008024 1.017035
126 0.007594 1.024629
127 0.008203 1.032832
128 0.008133 1.040965
129 0.008152 1.049117
130 0.007915 1.057032
131 0.008096 1.065128
132 0.008175 1.073303
133 0.008446 1.081749
134 0.008240 1.089989
135 0.008495 1.098484
136 0.007750 1.106234
137 0.008396 1.114630
138 0.008633 1.123263
139 0.007979 1.131242
140 0.008161 1.139403
141 0.007816 1.147219
142 0.008023 1.155242
143 0.007661 1.162903
144 0.008259 1.171162
145 0.008529 1.179691
146 0.009060 1.188751
147 0.008780 1.197531
148 0.007982 1.205513
149 0.008292 1.213805
150 0.008104 1.221909
151 0.007893 1.229802
152 0.008404 1.238206
153 0.008775 1.246981
154 0.008265 1.255246
155 0.007918 1.263164
156 0.008092 1.271256
157 0.008461 1.279717
158 0.008152 1.287869
159 0.008505 1.296374
160 0.008324 1.304698
161 0.008494 1.313192
162 0.009047 1.322239
163 0.008453 1.330692
164 0.008554 1.339246
165 0.007738 1.346984
166 0.007583 1.354567
167 0.007946 1.362513
168 0.008615 1.371128
169 0.008171 1.379299
170 0.007734 1.387033
171 0.008930 1.395963
172 0.008647 1.404610
173 0.008092 1.412702
174 0.008312 1.421014
175 0.008061 1.429075
176 0.008419 1.437494
177 0.007755 1.445249
178 0.008094 1.453343
179 0.009347 1.462690
180 0.009047 1.471737
181 0.008028 1.479765
182 0.008043 1.487808
183 0.008264 1.496072
184 0.008316 1.504388
185 0.008176 1.512564
186 0.007637 1.520201
187 0.008045 1.528246
188 0.008436 1.536682
189 0.008841 1.545523
190 0.008598 1.554121
191 0.008197 1.562318
192 0.008020 1.570338
193 0.007693 1.578031
194 0.007405 1.585436
195 0.007884 1.593320
196 0.007086 1.600406
197 0.007092 1.607498
198 0.008670 1.616168
199 0.008476 1.624644
200 0.008370 1.633014
201 0.007728 1.640742
202 0.007919 1.648661
203 0.008530 1.657191
204 0.008422 1.665613
205 0.007582 1.673195
206 0.008244 1.681439
207 0.008249 1.689688
208 0.008903 1.698591
209 0.008555 1.707146
210 0.008346 1.715492
211 0.008513 1.724005
212 0.007777 1.731782
213 0.008107 1.739889
214 0.008437 1.748326
215 0.008383 1.756709
216 0.007770 1.764479
217 0.008448 1.772927
218 0.008686 1.781613
219 0.008453 1.790066
220 0.007634 1.797700
221 0.007522 1.805222
222 0.009245 1.814467
223 0.009055 1.823522
224 0.008864 1.832386
225 0.008374 1.840760
226 0.008778 1.849538
227 0.008465 1.858003
228 0.008697 1.866700
229 0.008167 1.874867
230 0.008330 1.883197
231 0.008273 1.891470
232 0.008537 1.900007
233 0.008261 1.908268
234 0.008698 1.916966
235 0.008657 1.925623
236 0.008919 1.934542
237 0.007322 1.941864
238 0.004769 1.946633
239 0.004735 1.951368
240 0.004763 1.956131
241 0.004724 1.960855
242 0.004818 1.965673
243 0.006760 1.972433
244 0.007929 1.980362
245 0.008100 1.988462
246 0.008541 1.997003
247 0.007610 2.004613
248 0.007702 2.012315
249 0.008217 2.020532
250 0.008279 2.028811
251 0.008527 2.037338
252 0.008670 2.046008
253 0.009043 2.055051
254 0.008023 2.063074
255 0.008126 2.071200
256 0.008390 2.079590
257 0.007755 2.087345
258 0.008634 2.095979
259 0.008656 2.104635
260 0.008215 2.112850
261 0.008571 2.121421
262 0.007847 2.129268
263 0.007768 2.137036
264 0.008253 2.145289
265 0.008162 2.153451
266 0.007553 2.161004
267 0.008528 2.169532
268 0.008578 2.178110
269 0.008470 2.186580
270 0.009083 2.195663
271 0.008782 2.204445
272 0.008728 2.213173
273 0.008144 2.221317
274 0.008549 2.229866
275 0.008841 2.238707
276 0.008474 2.247181
277 0.008482 2.255663
278 0.008111 2.263774
279 0.008476 2.272250
280 0.008455 2.280705
281 0.009048 2.289753
282 0.008458 2.298211
283 0.008402 2.306613
284 0.008195 2.314808
285 0.007933 2.322741
286 0.007672 2.330413
287 0.007793 2.338206
288 0.008832 2.347038
289 0.008572 2.355610
290 0.007400 2.363010
291 0.007874 2.370884
292 0.008205 2.379089
293 0.007909 2.386998
294 0.007087 2.394085
295 0.007877 2.401962
296 0.008550 2.410512
297 0.008698 2.419210
298 0.008952 2.428162
299 0.008269 2.436431
300 0.007978 2.444409
301 0.008486 2.452895
302 0.008313 2.461208
303 0.008568 2.469776
304 0.008762 2.478538
305 0.008167 2.486705
306 0.008554 2.495259
307 0.008302 2.503561
308 0.008420 2.511981
309 0.008289 2.520270
310 0.008613 2.528883
311 0.008181 2.537064
312 0.008431 2.545495
313 0.008150 2.553645
314 0.008713 2.562358
315 0.008304 2.570662
316 0.007406 2.578068
317 0.007742 2.585810
318 0.007578 2.593388
319 0.008625 2.602013
320 0.008346 2.610359
321 0.008418 2.618777
322 0.008455 2.627232
323 0.008570 2.635802
324 0.009065 2.644867
325 0.008755 2.653622
326 0.008463 2.662085
327 0.008842 2.670927
328 0.008066 2.678993
329 0.008567 2.687560
330 0.008326 2.695886
331 0.007477 2.703363
332 0.007919 2.711282
333 0.008546 2.719828
334 0.008521 2.728349
335 0.008382 2.736731
336 0.008561 2.745292
337 0.008550 2.753842
338 0.007815 2.761657
339 0.007923 2.769580
340 0.008183 2.777763
341 0.008316 2.786079
342 0.008010 2.794089
343 0.008633 2.802722
344 0.007477 2.810199
345 0.008397 2.818596
346 0.008465 2.827061
347 0.008454 2.835515
348 0.008142 2.843657
349 0.007905 2.851562
350 0.008260 2.859822
351 0.009149 2.868971
352 0.009029 2.878000
353 0.008527 2.886527
354 0.008734 2.895261
355 0.006503 2.901764
356 0.004884 2.906648
357 0.004652 2.911300
358 0.004676 2.915976
359 0.004802 2.920778
360 0.006045 2.926823
361 0.005402 2.932225
362 0.004963 2.937188
363 0.004787 2.941975
364 0.004818 2.946793
365 0.004904 2.951697
366 0.004952 2.956649
367 0.005140 2.961789
368 0.008458 2.970247
369 0.007502 2.977749
370 0.007953 2.985702
371 0.008173 2.993875
372 0.006550 3.000425
373 0.006571 3.006996
374 0.006563 3.013559
375 0.007499 3.021058
376 0.007746 3.028804
377 0.007506 3.036310
378 0.006983 3.043293
379 0.008015 3.051308
380 0.008423 3.059731
381 0.009093 3.068824
382 0.009240 3.078064
383 0.008008 3.086072
384 0.008839 3.094911
385 0.008216 3.103127
386 0.008350 3.111477
387 0.008484 3.119961
388 0.008026 3.127987
389 0.008979 3.136966
390 0.008388 3.145354
391 0.008192 3.153546
392 0.008675 3.162221
393 0.008616 3.170837
394 0.008579 3.179416
395 0.008601 3.188017
396 0.008694 3.196711
397 0.007606 3.204317
398 0.007947 3.212264
399 0.008817 3.221081
400 0.008434 3.229515
401 0.008137 3.237652
402 0.008094 3.245746
403 0.008462 3.254208
404 0.008254 3.262462
405 0.007978 3.270440
406 0.008133 3.278573
407 0.008085 3.286658
408 0.008124 3.294782
409 0.008901 3.303683
410 0.008446 3.312129
411 0.008247 3.320376
412 0.008231 3.328607
413 0.008369 3.336976
414 0.008411 3.345387
415 0.008539 3.353926
416 0.008174 3.362100
417 0.008373 3.370473
418 0.008540 3.379013
419 0.008544 3.387557
420 0.008200 3.395757
421 0.008306 3.404063
422 0.006928 3.410991
423 0.006040 3.417031
424 0.005633 3.422664
425 0.005157 3.427821
426 0.005475 3.433296
427 0.005115 3.438411
428 0.005865 3.444276
429 0.005375 3.449651
430 0.005510 3.455161
431 0.006092 3.461253
432 0.005996 3.467249
433 0.005185 3.472434
434 0.005173 3.477607
435 0.005750 3.483357
436 0.005448 3.488805
437 0.005795 3.494600
438 0.006377 3.500977
439 0.005949 3.506926
440 0.006687 3.513613
441 0.007892 3.521505
442 0.008523 3.530028
443 0.007647 3.537675
444 0.007146 3.544821
445 0.008073 3.552894
446 0.008831 3.561725
447 0.008337 3.570062
448 0.008164 3.578226
449 0.008950 3.587176
450 0.008575 3.595751
451 0.008062 3.603813
452 0.008579 3.612392
453 0.008735 3.621127
454 0.008570 3.629697
455 0.008590 3.638287
456 0.008513 3.646800
457 0.008099 3.654899
458 0.008709 3.663608
459 0.008831 3.672439
460 0.008860 3.681299
461 0.008654 3.689953
462 0.008560 3.698513
463 0.007770 3.706283
464 0.008133 3.714416
465 0.007682 3.722098
466 0.008486 3.730584
467 0.008345 3.738929
468 0.008066 3.746995
469 0.008608 3.755603
470 0.008199 3.763802
471 0.007520 3.771322
472 0.008399 3.779721
473 0.008123 3.787844
474 0.007903 3.795747
475 0.008435 3.804182
476 0.008877 3.813059
477 0.008201 3.821260
478 0.008143 3.829403
479 0.008261 3.837664
480 0.008321 3.845985
481 0.008393 3.854378
482 0.008346 3.862724
483 0.008058 3.870782
484 0.007989 3.878771
485 0.008221 3.886992
486 0.008499 3.895491
487 0.008293 3.903784
488 0.008371 3.912155
489 0.008589 3.920744
490 0.008519 3.929263
491 0.008310 3.937573
492 0.008447 3.946020
493 0.008531 3.954551
494 0.008187 3.962738
495 0.008946 3.971684
496 0.009433 3.981117
497 0.008915 3.990032
498 0.008991 3.999023
499 0.007802 4.006825
500 0.006043 4.012868
501 0.005046 4.017914
502 0.006668 4.024582
503 0.009362 4.033944
504 0.008581 4.042525
505 0.008844 4.051369
506 0.008241 4.059610
507 0.008336 4.067946
508 0.008176 4.076122
509 0.008682 4.084804
510 0.008607 4.093411
511 0.008947 4.102358
512 0.008863 4.111221
513 0.009399 4.120620
514 0.008927 4.129547
515 0.009004 4.138551
516 0.008526 4.147077
517 0.009025 4.156102
518 0.009207 4.165309
519 0.009199 4.174508
520 0.007380 4.181888
521 0.007989 4.189877
522 0.008318 4.198195
523 0.008350 4.206545
524 0.009878 4.216423
525 0.008641 4.225064
526 0.008424 4.233488
527 0.008123 4.241611
528 0.008509 4.250120
529 0.008294 4.258414
530 0.008445 4.266859
531 0.008558 4.275417
532 0.007939 4.283356
533 0.008220 4.291576
534 0.008799 4.300375
535 0.008182 4.308557
536 0.008784 4.317341
537 0.008310 4.325651
538 0.008484 4.334135
539 0.008319 4.342454
540 0.008417 4.350871
541 0.008324 4.359195
542 0.008456 4.367651
543 0.008581 4.376232
544 0.008549 4.384781
545 0.008278 4.393059
546 0.007968 4.401027
547 0.008115 4.409142
548 0.008501 4.417643
549 0.008714 4.426357
550 0.008765 4.435122
551 0.008959 4.444081
552 0.007139 4.451220
553 0.006500 4.457720
554 0.006308 4.464028
555 0.006923 4.470951
556 0.005324 4.476275
557 0.005466 4.481741
558 0.005214 4.486955
559 0.004896 4.491851
560 0.006823 4.498674
561 0.007579 4.506253
562 0.006339 4.512592
563 0.006869 4.519461
564 0.006355 4.525816
565 0.005772 4.531588
566 0.006181 4.537769
567 0.006315 4.544084
568 0.005769 4.549853
569 0.006154 4.556007
570 0.005955 4.561962
571 0.006851 4.568813
572 0.006216 4.575029
573 0.005828 4.580857
574 0.005818 4.586675
575 0.006031 4.592706
576 0.006137 4.598843
577 0.006331 4.605174
578 0.006039 4.611213
579 0.006866 4.618079
580 0.006655 4.624734
581 0.006951 4.631685
582 0.006173 4.637858
583 0.005956 4.643814
584 0.005826 4.649640
585 0.005160 4.654800
586 0.005754 4.660554
587 0.005564 4.666118
588 0.005193 4.671311
589 0.006393 4.677704
590 0.009962 4.687666
591 0.009261 4.696927
592 0.008756 4.705683
593 0.009484 4.715167
594 0.008525 4.723692
595 0.009662 4.733354
596 0.008501 4.741855
597 0.008151 4.750006
598 0.009053 4.759059
599 0.009633 4.768692
600 0.009094 4.777786
601 0.009608 4.787394
602 0.008941 4.796335
603 0.008376 4.804711
604 0.006968 4.811679
605 0.005653 4.817332
606 0.006094 4.823426
607 0.005163 4.828589
608 0.005879 4.834468
609 0.006208 4.840676
610 0.007902 4.848578
611 0.008812 4.857390
612 0.007452 4.864842
613 0.007010 4.871852
614 0.009214 4.881066
615 0.008635 4.889701
616 0.007912 4.897613
617 0.007684 4.905297
618 0.009309 4.914606
619 0.009475 4.924081
620 0.008385 4.932466
621 0.007883 4.940349
622 0.006979 4.947328
623 0.007117 4.954445
624 0.008602 4.963047
625 0.009177 4.972224
626 0.008346 4.980570
627 0.008221 4.988791
628 0.006755 4.995546
629 0.008526 5.004072
630 0.009212 5.013284
631 0.009020 5.022304
632 0.009418 5.031722
633 0.009371 5.041093
634 0.009190 5.050283
635 0.008969 5.059252
636 0.009507 5.068759
637 0.009404 5.078163
638 0.009497 5.087660
639 0.009116 5.096776
640 0.008657 5.105433
641 0.007269 5.112702
642 0.007774 5.120476
643 0.007913 5.128389
644 0.009581 5.137970
645 0.009228 5.147198
646 0.009690 5.156888
647 0.009150 5.166038
648 0.008704 5.174742
649 0.009176 5.183918
650 0.008935 5.192853
651 0.008216 5.201069
652 0.008420 5.209489
653 0.007102 5.216591
654 0.006405 5.222996
655 0.005979 5.228975
656 0.005402 5.234377
657 0.004703 5.239080
658 0.004899 5.243979
659 0.006153 5.250132
660 0.005907 5.256039
661 0.005350 5.261389
662 0.005430 5.266819
663 0.009678 5.276497
664 0.009541 5.286038
665 0.009623 5.295661
666 0.009336 5.304997
667 0.009238 5.314235
668 0.009925 5.324160
669 0.009767 5.333927
670 0.008246 5.342173
671 0.008828 5.351001
672 0.009164 5.360165
673 0.007608 5.367773
674 0.005556 5.373329
675 0.005159 5.378488
676 0.005319 5.383807
677 0.007463 5.391270
678 0.009532 5.400802
679 0.009180 5.409982
680 0.008987 5.418969
681 0.007938 5.426907
682 0.007682 5.434589
683 0.007361 5.441950
684 0.006826 5.448776
685 0.008061 5.456837
686 0.008696 5.465533
687 0.008774 5.474307
688 0.009093 5.483400
689 0.008575 5.491975
690 0.008519 5.500494
691 0.007017 5.507511
692 0.006729 5.514240
693 0.007145 5.521385
694 0.009000 5.530385
695 0.008977 5.539362
696 0.008399 5.547761
697 0.009530 5.557291
698 0.008477 5.565768
699 0.008539 5.574307
700 0.008692 5.582999
701 0.008678 5.591677
702 0.007880 5.599557
703 0.009091 5.608648
704 0.009252 5.617900
705 0.008990 5.626890
706 0.009146 5.636036
707 0.008630 5.644666
708 0.008697 5.653363
709 0.008833 5.662196
710 0.008845 5.671041
711 0.008863 5.679904
712 0.008275 5.688179
713 0.008797 5.696976
714 0.008830 5.705806
715 0.008700 5.714506
716 0.009476 5.723982
717 0.009037 5.733019
718 0.008926 5.741945
719 0.008308 5.750253
720 0.008311 5.758564
721 0.008212 5.766776
722 0.008481 5.775257
723 0.008854 5.784111
724 0.008516 5.792627
725 0.008908 5.801535
726 0.009056 5.810591
727 0.007561 5.818152
728 0.008080 5.826232
729 0.008922 5.835154
730 0.009059 5.844213
731 0.008867 5.853080
732 0.009024 5.862104
733 0.008960 5.871064
734 0.008797 5.879861
735 0.008936 5.888797
736 0.008598 5.897395
737 0.008807 5.906202
738 0.009093 5.915295
739 0.008988 5.924283
740 0.008984 5.933267
741 0.008899 5.942166
742 0.008122 5.950288
743 0.007925 5.958213
744 0.007271 5.965484
745 0.005658 5.971142
746 0.005242 5.976384
747 0.008609 5.984993
748 0.008814 5.993807
749 0.008250 6.002057
750 0.008273 6.010330
751 0.008840 6.019170
752 0.008759 6.027929
753 0.008831 6.036760
754 0.008000 6.044760
755 0.008129 6.052889
756 0.008512 6.061401
757 0.009539 6.070940
758 0.009820 6.080760
759 0.009297 6.090057
760 0.009573 6.099630
761 0.009370 6.109000
762 0.009110 6.118110
763 0.009739 6.127849
764 0.009601 6.137450
765 0.009578 6.147028
766 0.009022 6.156050
767 0.009432 6.165482
768 0.009231 6.174713
769 0.009641 6.184354
770 0.008763 6.193117
771 0.008855 6.201972
772 0.009610 6.211582
773 0.009297 6.220879
774 0.008794 6.229673
775 0.008366 6.238039
776 0.007188 6.245227
777 0.005271 6.250498
778 0.005127 6.255625
779 0.005048 6.260673
780 0.004993 6.265666
781 0.004856 6.270522
782 0.005703 6.276225
783 0.009651 6.285876
784 0.009646 6.295522
785 0.009614 6.305136
786 0.009367 6.314503
787 0.009127 6.323630
788 0.008490 6.332120
789 0.009348 6.341468
790 0.008394 6.349862
791 0.008339 6.358201
792 0.008492 6.366693
793 0.009606 6.376299
794 0.008784 6.385083
795 0.007804 6.392887
796 0.007346 6.400233
797 0.008717 6.408950
798 0.009283 6.418233
799 0.009396 6.427629
800 0.008984 6.436613
801 0.007914 6.444527
802 0.007794 6.452321
803 0.006577 6.458898
804 0.006225 6.465123
805 0.006550 6.471673
806 0.007515 6.479188
807 0.007124 6.486312
808 0.006342 6.492654
809 0.006623 6.499277
810 0.006473 6.505750
811 0.007731 6.513481
812 0.008898 6.522379
813 0.008280 6.530659
814 0.008964 6.539623
815 0.009134 6.548757
816 0.008979 6.557736
817 0.009015 6.566751
818 0.009774 6.576525
819 0.009029 6.585554
820 0.009303 6.594857
821 0.008823 6.603680
822 0.008948 6.612628
823 0.008900 6.621528
824 0.009397 6.630925
825 0.009270 6.640195
826 0.008992 6.649187
827 0.008430 6.657617
828 0.009072 6.666689
829 0.009179 6.675868
830 0.009447 6.685315
831 0.009267 6.694582
832 0.009237 6.703819
833 0.008698 6.712517
834 0.009363 6.721880
835 0.009793 6.731673
836 0.007898 6.739571
837 0.006405 6.745976
838 0.007205 6.753181
839 0.010692 6.763873
840 0.010958 6.774831
841 0.009898 6.784729
842 0.008233 6.792962
843 0.007433 6.800395
844 0.008040 6.808435
845 0.006362 6.814797
846 0.006319 6.821116
847 0.009104 6.830220
848 0.011656 6.841876
849 0.010949 6.852825
850 0.010710 6.863535
851 0.010414 6.873949
852 0.009685 6.883634
853 0.010031 6.893665
854 0.009132 6.902797
855 0.010270 6.913067
856 0.010095 6.923162
857 0.009696 6.932858
858 0.009704 6.942562
859 0.239428 7.181990
860 0.227335 7.409325
861 0.216390 7.625715
862 0.218281 7.843996
863 0.179136 8.023132
864 0.171005 8.194137
865 0.180298 8.374435
866 0.175181 8.549616
867 0.192971 8.742587
868 0.187879 8.930466
869 0.189678 9.120144
870 0.160014 9.280158
871 0.148440 9.428598
872 0.148109 9.576707
873 0.146257 9.722964
874 0.164717 9.887681
875 0.147815 10.035496
876 0.119310 10.154806
877 0.143728 10.298534
878 0.104264 10.402798
879 0.140846 10.543644
880 0.132488 10.676132
881 0.104974 10.781106
882 0.129099 10.910205
883 0.101756 11.011961
884 0.107845 11.119806
885 0.088108 11.207914
886 0.095765 11.303679
887 0.071913 11.375592
888 0.063898 11.439490
done 888 0.007269 11.446759
