#fmcad13 secondnet datacenter tree_400.20, instance vn2_3.1
init 0.000067 0.000067
1 0.002050 0.002050
2 0.001923 0.003973
3 0.001955 0.005928
4 0.001987 0.007915
5 0.001802 0.009717
6 0.001931 0.011648
7 0.001806 0.013454
8 0.001892 0.015346
9 0.001920 0.017266
10 0.002031 0.019297
11 0.002230 0.021527
12 0.002274 0.023801
13 0.002202 0.026003
14 0.002180 0.028183
15 0.002171 0.030354
16 0.002435 0.032789
17 0.002375 0.035164
18 0.002515 0.037679
19 0.002336 0.040015
20 0.002348 0.042363
21 0.002206 0.044569
22 0.002162 0.046731
23 0.002151 0.048882
24 0.002156 0.051038
25 0.002037 0.053075
26 0.002132 0.055207
27 0.002211 0.057418
28 0.002534 0.059952
29 0.002612 0.062564
30 0.002557 0.065121
31 0.002834 0.067955
32 0.002693 0.070648
33 0.002708 0.073356
34 0.002690 0.076046
35 0.002916 0.078962
36 0.002879 0.081841
37 0.002911 0.084752
38 0.002863 0.087615
39 0.002962 0.090577
40 0.002791 0.093368
41 0.002948 0.096316
42 0.002979 0.099295
43 0.003068 0.102363
44 0.003106 0.105469
45 0.003002 0.108471
46 0.003114 0.111585
47 0.003332 0.114917
48 0.003185 0.118102
49 0.003312 0.121414
50 0.003158 0.124572
51 0.003419 0.127991
52 0.003287 0.131278
53 0.003195 0.134473
54 0.003274 0.137747
55 0.003289 0.141036
56 0.003379 0.144415
57 0.003385 0.147800
58 0.003375 0.151175
59 0.003523 0.154698
60 0.003385 0.158083
61 0.003513 0.161596
62 0.003461 0.165057
63 0.003214 0.168271
64 0.003580 0.171851
65 0.003500 0.175351
66 0.003669 0.179020
67 0.003595 0.182615
68 0.003452 0.186067
69 0.003749 0.189816
70 0.003629 0.193445
71 0.003770 0.197215
72 0.003850 0.201065
73 0.003752 0.204817
74 0.003820 0.208637
75 0.003695 0.212332
76 0.003576 0.215908
77 0.003774 0.219682
78 0.003913 0.223595
79 0.003892 0.227487
80 0.003836 0.231323
81 0.004128 0.235451
82 0.004099 0.239550
83 0.003992 0.243542
84 0.003916 0.247458
85 0.003709 0.251167
86 0.003953 0.255120
87 0.004164 0.259284
88 0.004142 0.263426
89 0.004199 0.267625
90 0.004181 0.271806
91 0.004482 0.276288
92 0.004420 0.280708
93 0.004176 0.284884
94 0.004051 0.288935
95 0.004067 0.293002
96 0.004479 0.297481
97 0.004395 0.301876
98 0.004303 0.306179
99 0.004106 0.310285
100 0.004151 0.314436
101 0.004676 0.319112
102 0.004553 0.323665
103 0.004413 0.328078
104 0.004196 0.332274
105 0.004577 0.336851
106 0.004859 0.341710
107 0.004648 0.346358
108 0.004356 0.350714
109 0.004625 0.355339
110 0.004719 0.360058
111 0.004845 0.364903
112 0.004584 0.369487
113 0.004477 0.373964
114 0.004869 0.378833
115 0.004841 0.383674
116 0.004653 0.388327
117 0.004648 0.392975
118 0.004392 0.397367
119 0.004214 0.401581
120 0.003804 0.405385
121 0.003880 0.409265
122 0.003892 0.413157
123 0.004060 0.417217
124 0.005082 0.422299
125 0.005076 0.427375
126 0.004988 0.432363
127 0.004764 0.437127
128 0.005131 0.442258
129 0.005268 0.447526
130 0.005194 0.452720
131 0.004992 0.457712
132 0.004931 0.462643
133 0.005266 0.467909
134 0.005760 0.473669
135 0.005465 0.479134
136 0.005878 0.485012
137 0.005767 0.490779
138 0.005492 0.496271
139 0.005355 0.501626
140 0.005166 0.506792
141 0.004889 0.511681
142 0.004929 0.516610
143 0.004630 0.521240
144 0.005070 0.526310
145 0.049195 0.575505
146 0.038990 0.614495
147 0.033217 0.647712
148 0.029410 0.677122
149 0.028018 0.705140
150 0.027277 0.732417
151 0.027494 0.759911
152 0.027025 0.786936
153 0.026399 0.813335
154 0.025190 0.838525
155 0.023746 0.862271
156 0.023045 0.885316
157 0.022024 0.907340
158 0.021498 0.928838
159 0.020583 0.949421
160 0.019608 0.969029
161 0.018371 0.987400
162 0.017076 1.004476
163 0.015842 1.020318
164 0.014768 1.035086
165 0.013323 1.048409
166 0.012447 1.060856
167 0.011285 1.072141
168 0.010364 1.082505
169 0.009959 1.092464
170 0.009802 1.102266
171 0.009273 1.111539
172 0.008616 1.120155
173 0.008243 1.128398
174 0.007798 1.136196
175 0.006987 1.143183
176 0.006242 1.149425
177 0.005270 1.154695
done 177 0.001205 1.155900
