#fmcad13 secondnet datacenter tree16_400.20, instance vn2_3.3
init 0.000055 0.000055
1 0.004590 0.004590
2 0.004521 0.009111
3 0.005459 0.014570
4 0.005299 0.019869
5 0.005869 0.025738
6 0.006092 0.031830
7 0.005610 0.037440
8 0.005183 0.042623
9 0.004948 0.047571
10 0.004885 0.052456
11 0.005260 0.057716
12 0.005174 0.062890
13 0.004675 0.067565
14 0.003839 0.071404
15 0.003674 0.075078
16 0.003053 0.078131
17 0.003148 0.081279
18 0.003039 0.084318
19 0.003095 0.087413
20 0.003085 0.090498
21 0.003120 0.093618
22 0.003047 0.096665
23 0.003036 0.099701
24 0.003036 0.102737
25 0.003081 0.105818
26 0.003000 0.108818
27 0.003068 0.111886
28 0.004117 0.116003
29 0.003702 0.119705
30 0.003111 0.122816
31 0.003222 0.126038
32 0.003129 0.129167
33 0.003004 0.132171
34 0.003250 0.135421
35 0.003161 0.138582
36 0.003161 0.141743
37 0.006075 0.147818
38 0.007017 0.154835
39 0.007616 0.162451
40 0.006810 0.169261
41 0.007242 0.176503
42 0.006952 0.183455
43 0.006580 0.190035
44 0.006369 0.196404
45 0.006594 0.202998
46 0.007284 0.210282
47 0.006916 0.217198
48 0.007151 0.224349
49 0.007655 0.232004
50 0.006971 0.238975
51 0.007341 0.246316
52 0.007598 0.253914
53 0.006491 0.260405
54 0.006735 0.267140
55 0.006343 0.273483
56 0.006469 0.279952
57 0.006334 0.286286
58 0.006712 0.292998
59 0.005531 0.298529
60 0.005503 0.304032
61 0.005586 0.309618
62 0.005320 0.314938
63 0.005524 0.320462
64 0.008062 0.328524
65 0.007437 0.335961
66 0.007735 0.343696
67 0.007997 0.351693
68 0.006948 0.358641
69 0.007785 0.366426
70 0.007971 0.374397
71 0.007167 0.381564
72 0.007276 0.388840
73 0.007856 0.396696
74 0.007579 0.404275
75 0.007790 0.412065
76 0.008135 0.420200
77 0.007266 0.427466
78 0.007462 0.434928
79 0.008139 0.443067
80 0.007597 0.450664
81 0.007687 0.458351
82 0.008001 0.466352
83 0.007176 0.473528
84 0.007303 0.480831
85 0.007747 0.488578
86 0.007293 0.495871
87 0.008239 0.504110
88 0.007821 0.511931
89 0.006987 0.518918
90 0.008028 0.526946
91 0.008225 0.535171
92 0.007671 0.542842
93 0.008006 0.550848
94 0.007394 0.558242
95 0.007562 0.565804
96 0.008523 0.574327
97 0.007691 0.582018
98 0.007648 0.589666
99 0.007996 0.597662
100 0.008055 0.605717
101 0.007694 0.613411
102 0.008446 0.621857
103 0.007969 0.629826
104 0.007850 0.637676
105 0.008505 0.646181
106 0.007298 0.653479
107 0.007746 0.661225
108 0.007891 0.669116
109 0.007790 0.676906
110 0.008695 0.685601
111 0.007932 0.693533
112 0.007956 0.701489
113 0.008757 0.710246
114 0.007933 0.718179
115 0.007576 0.725755
116 0.008506 0.734261
117 0.007981 0.742242
118 0.007916 0.750158
119 0.008859 0.759017
120 0.008098 0.767115
121 0.007876 0.774991
122 0.007659 0.782650
123 0.008455 0.791105
124 0.008149 0.799254
125 0.008430 0.807684
126 0.008397 0.816081
127 0.007881 0.823962
128 0.008756 0.832718
129 0.008591 0.841309
130 0.007654 0.848963
131 0.008277 0.857240
132 0.008608 0.865848
133 0.007591 0.873439
134 0.008459 0.881898
135 0.008812 0.890710
136 0.007905 0.898615
137 0.007667 0.906282
138 0.006826 0.913108
139 0.006237 0.919345
140 0.005797 0.925142
141 0.005369 0.930511
142 0.005547 0.936058
143 0.008373 0.944431
144 0.008091 0.952522
145 0.008787 0.961309
146 0.008973 0.970282
147 0.007684 0.977966
148 0.007915 0.985881
149 0.009108 0.994989
150 0.008349 1.003338
151 0.008524 1.011862
152 0.009244 1.021106
153 0.008069 1.029175
154 0.008041 1.037216
155 0.009406 1.046622
156 0.008617 1.055239
157 0.008590 1.063829
158 0.009433 1.073262
159 0.008601 1.081863
160 0.008985 1.090848
161 0.009068 1.099916
162 0.008729 1.108645
163 0.009305 1.117950
164 0.008960 1.126910
165 0.008458 1.135368
166 0.008078 1.143446
167 0.006636 1.150082
168 0.006428 1.156510
169 0.006718 1.163228
170 0.009188 1.172416
171 0.008615 1.181031
172 0.009473 1.190504
173 0.008914 1.199418
174 0.008276 1.207694
175 0.007945 1.215639
176 0.009240 1.224879
177 0.008556 1.233435
178 0.008670 1.242105
179 0.009159 1.251264
180 0.008046 1.259310
181 0.008104 1.267414
182 0.009159 1.276573
183 0.007913 1.284486
184 0.007616 1.292102
185 0.009691 1.301793
186 0.008525 1.310318
187 0.007989 1.318307
188 0.008380 1.326687
189 0.008960 1.335647
190 0.008297 1.343944
191 0.009765 1.353709
192 0.009325 1.363034
193 0.008506 1.371540
194 0.008259 1.379799
195 0.009416 1.389215
196 0.008748 1.397963
197 0.007878 1.405841
198 0.006871 1.412712
199 0.006689 1.419401
200 0.007235 1.426636
201 0.009896 1.436532
202 0.008770 1.445302
203 0.008254 1.453556
204 0.009656 1.463212
205 0.009147 1.472359
206 0.009370 1.481729
207 0.009975 1.491704
208 0.009301 1.501005
209 0.007889 1.508894
210 0.009692 1.518586
211 0.009646 1.528232
212 0.008859 1.537091
213 0.008319 1.545410
214 0.009544 1.554954
215 0.009134 1.564088
216 0.009265 1.573353
217 0.008883 1.582236
218 0.008189 1.590425
219 0.007853 1.598278
220 0.007110 1.605388
221 0.006894 1.612282
222 0.006699 1.618981
223 0.006343 1.625324
224 0.006779 1.632103
225 0.009643 1.641746
226 0.008910 1.650656
227 0.010386 1.661042
228 0.009957 1.670999
229 0.009179 1.680178
230 0.008459 1.688637
231 0.009837 1.698474
232 0.008968 1.707442
233 0.009094 1.716536
234 0.009182 1.725718
235 0.009247 1.734965
236 0.009602 1.744567
237 0.009886 1.754453
238 0.009056 1.763509
239 0.008952 1.772461
240 0.009025 1.781486
241 0.008371 1.789857
242 0.009137 1.798994
243 0.009286 1.808280
244 0.009540 1.817820
245 0.010284 1.828104
246 0.009118 1.837222
247 0.009094 1.846316
248 0.010239 1.856555
249 0.009351 1.865906
250 0.009707 1.875613
251 0.010841 1.886454
252 0.009138 1.895592
253 0.008364 1.903956
254 0.009282 1.913238
255 0.010686 1.923924
256 0.009318 1.933242
257 0.008487 1.941729
done 257 0.062882 2.004611
