# instance ../../../instances/hadoop/hadoop_extensions/us-west1.pn
# Settings: PN=../../../instances/hadoop/hadoop_extensions/us-west1.pn, VN=../../../instances/hadoop/hadoop_extensions/hadoop_15_2bw.vn, multi-thread=False
init 4.377215 4.377215
1 193.824523 198.201738
2 1.05894 199.260827
3 7.227657 206.488615
4 1.089003 207.577752
5 2.250673 209.828549
6 7.070843 216.899522
7 1.269697 218.169348
8 1.305456 219.474936
9 1.289826 220.764891
10 1.39187 222.156892
11 4.101363 226.258381
12 1.333246 227.591762
13 1.360846 228.952737
14 18.22304 247.175906
15 1.094471 248.27051
16 1.222002 249.492638
17 4.931724 254.424483
18 2.909584 257.334205
19 1.332635 258.666961
20 16.877382 275.544464
21 1.293451 276.838049
22 2.047487 278.885666
23 1.23425 280.120038
24 8.167099 288.287252
25 1.143384 289.430768
26 1.09098 290.521868
27 1.200244 291.722234
28 3.02185 294.744201
29 0.965925 295.710252
30 0.979522 296.689897
31 1.130496 297.820515
32 1.066478 298.88711
33 1.063156 299.950389
34 3.854896 303.805409
35 3.649702 307.455234
36 1.16235 308.617712
37 0.94579 309.563617
38 2.956476 312.520217
39 8.596835 321.117173
40 1.93376 323.05105
41 2.341063 325.392239
42 0.936541 326.328912
43 6.28547 332.614512
44 1.122819 333.737456
45 1.049701 334.787278
46 2.507718 337.295119
47 4.662757 341.958004
48 2.383434 344.341565
49 5.359752 349.701442
50 2.127491 351.829061
51 2.047444 353.876629
52 1.987971 355.864723
53 2.313339 358.178192
54 1.011078 359.189394
55 0.976361 360.165877
56 1.095213 361.261216
57 2.401672 363.663044
58 5.042134 368.705307
59 4.803448 373.508908
60 3.05514 376.564176
61 1.04366 377.607966
62 1.510653 379.118744
63 0.931471 380.050334
64 7.210042 387.260504
65 0.858805 388.119444
66 2.129532 390.249094
67 4.03032 394.279539
68 5.018198 399.29787
69 2.18109 401.479088
70 3.95422 405.43343
71 2.780006 408.213564
72 6.472138 414.685839
73 4.082759 418.768727
74 2.589826 421.358679
75 13.971601 435.330411
76 1.314814 436.645359
77 1.579983 438.225465
78 7.240893 445.466482
79 0.770019 446.236625
80 0.954135 447.190885
81 2.233232 449.424241
82 2.357729 451.782099
83 0.782422 452.564642
84 0.925042 453.489809
85 7.07711 460.567044
86 0.919533 461.486702
87 0.974572 462.461397
88 5.854942 468.316461
89 1.583974 469.900564
90 4.468496 474.369185
91 6.393344 480.76266
92 6.374112 487.136898
93 0.964184 488.101214
94 8.16954 496.270895
95 3.307672 499.5787
96 2.085122 501.663947
97 1.728341 503.392416
98 0.692396 504.084949
99 10.18761 514.272689
100 4.912752 519.185566
101 3.667545 522.85324
102 5.298196 528.151582
103 10.733788 538.885499
104 7.702945 546.588577
105 11.152743 557.741453
106 15.853342 573.594931
107 4.066176 577.661237
108 14.554837 592.21623
109 11.872333 604.08869
110 13.450697 617.539513
111 14.068054 631.607699
112 25.301175 656.908991
113 23.029875 679.938991
114 1.450942 681.390067
115 2.831031 684.221224
116 7.086544 691.3079
117 0.706406 692.014439
118 2.424411 694.438982
119 4.749017 699.188128
120 4.692512 703.880767
121 2.639107 706.519999
122 5.460661 711.980784
123 3.962691 715.943608
124 0.854814 716.798555
125 0.884854 717.683537
126 4.512756 722.19642
127 6.864602 729.061144
128 4.832214 733.893495
129 3.535347 737.428971
130 4.569477 741.998578
131 4.604187 746.602895
132 5.54789 752.150919
done 132 7.84879 759.999849
