[runlim] version:		1.7
[runlim] time limit:		3600 seconds
[runlim] real time limit:	311040000 seconds
[runlim] space limit:		80000 MB
[runlim] argv[0]:		python3.6
[runlim] argv[1]:		./netsolver-gurobi-hotspot.py
[runlim] argv[2]:		../../../instances/hadoop/hadoop_extensions/us-mid2.pn
[runlim] argv[3]:		../../../instances/hadoop/hadoop_extensions/hadoop_10_2bw.vn
[runlim] argv[4]:		True
[runlim] argv[5]:		False
[runlim] argv[6]:		timelogs/hotspot/results.hotspot.us-mid2.pn.hadoop_10_2bw.vn.log
[runlim] start:			Sun Sep 22 12:50:25 2019
[runlim] main pid:		35872
Academic license - for non-commercial use only
[runlim] sample:		10.0 seconds, 116.8 MB
[runlim] sample:		20.0 seconds, 96.8 MB
[runlim] sample:		30.0 seconds, 111.6 MB
[runlim] sample:		40.0 seconds, 116.8 MB
[runlim] sample:		50.0 seconds, 105.0 MB
[runlim] sample:		60.0 seconds, 116.6 MB
[runlim] sample:		70.0 seconds, 120.1 MB
[runlim] sample:		80.0 seconds, 119.9 MB
[runlim] sample:		90.0 seconds, 116.6 MB
[runlim] sample:		100.0 seconds, 121.6 MB
[runlim] sample:		110.0 seconds, 125.0 MB
[runlim] sample:		120.0 seconds, 119.7 MB
[runlim] sample:		130.0 seconds, 121.4 MB
[runlim] sample:		140.0 seconds, 118.8 MB
[runlim] sample:		150.0 seconds, 115.2 MB
[runlim] sample:		160.0 seconds, 118.3 MB
[runlim] sample:		170.0 seconds, 119.2 MB
[runlim] sample:		180.0 seconds, 110.9 MB
[runlim] sample:		190.0 seconds, 109.2 MB
[runlim] sample:		200.0 seconds, 107.9 MB
[runlim] sample:		210.0 seconds, 103.7 MB
[runlim] sample:		220.0 seconds, 98.0 MB
[runlim] sample:		230.0 seconds, 104.9 MB
[runlim] sample:		240.0 seconds, 105.6 MB
[runlim] sample:		250.0 seconds, 105.6 MB
256.54284
148
Median time: 1.2063 s
[runlim] end:			Sun Sep 22 12:54:41 2019
[runlim] status:		ok
[runlim] result:		0
[runlim] children:		0
[runlim] real:			256.83 seconds
[runlim] time:			256.69 seconds
[runlim] space:			132.7 MB
[runlim] samples:		2567
