# instance ../../../instances/hadoop/hadoop_extensions/us-west1.pn
# Settings: PN=../../../instances/hadoop/hadoop_extensions/us-west1.pn, VN=../../../instances/hadoop/hadoop_extensions/hadoop_10_1bw.vn, multi-thread=False
init 3.070593 3.070593
1 32.008683 35.079276
2 1.044558 36.123966
3 1.090071 37.214165
4 1.179669 38.39395
5 1.090438 39.484504
6 1.035753 40.520381
7 1.081144 41.601649
8 2.393283 43.995055
9 1.014064 45.00923
10 1.083709 46.093065
11 1.132811 47.225996
12 1.074701 48.300817
13 1.238098 49.539032
14 1.067906 50.607054
15 1.213229 51.820391
16 1.287046 53.107565
17 1.316534 54.424216
18 1.485323 55.909661
19 1.292808 57.202601
20 2.562198 59.764923
21 6.149401 65.914446
22 2.465515 68.380081
23 1.22277 69.602977
24 1.437209 71.040307
25 1.177425 72.217853
26 2.635062 74.853044
27 1.098716 75.951886
28 1.057882 77.009888
29 1.416942 78.426952
30 2.56129 80.988366
31 7.380335 88.368823
32 1.11578 89.484725
33 1.185611 90.670469
34 1.257684 91.928273
35 1.295557 93.223952
36 1.330115 94.554188
37 1.332957 95.887274
38 2.197953 98.085353
39 1.411569 99.497045
40 3.884652 103.381818
41 16.863668 120.245607
42 1.16881 121.414549
43 1.316759 122.731424
44 2.05978 124.791331
45 1.945178 126.736627
46 3.092432 129.829181
47 2.006653 131.835957
48 3.505146 135.341228
49 12.502127 147.843479
50 1.070251 148.913862
51 1.179875 150.093852
52 1.545935 151.639906
53 1.305469 152.945499
54 4.360338 157.305963
55 3.835018 161.141102
56 1.02733 162.168553
57 1.22595 163.394625
58 1.220224 164.614964
59 1.127474 165.742557
60 1.680296 167.422984
61 1.984069 169.407173
62 1.327036 170.734328
63 1.654524 172.388975
64 1.559374 173.948464
65 1.551133 175.499718
66 1.460197 176.960056
67 1.538206 178.498382
68 9.247644 187.746144
69 1.805731 189.552005
70 2.801708 192.353832
71 1.491164 193.84512
72 1.527989 195.373231
73 2.418931 197.792284
74 1.458854 199.251259
75 1.478911 200.730291
76 3.30137 204.031786
77 1.402828 205.434754
78 1.637054 207.071928
79 1.07813 208.15018
80 1.581349 209.731657
81 1.703915 211.435697
82 1.694774 213.130603
83 5.015811 218.146534
84 1.482401 219.629059
85 1.538167 221.167345
86 1.356285 222.523758
87 1.200377 223.724269
88 1.310022 225.03441
89 1.250087 226.284614
90 1.594144 227.878891
91 1.751337 229.630349
92 6.620403 236.250871
93 4.747084 240.99808
94 1.200327 242.198517
95 1.803766 244.002403
96 3.591546 247.594076
97 7.807232 255.40143
98 1.577029 256.978586
99 8.723548 265.702261
100 7.09659 272.798968
101 2.404806 275.203906
102 9.465812 284.669839
103 2.761968 287.431931
104 14.233222 301.665282
105 14.981062 316.646472
106 5.12445 321.771055
107 18.81966 340.590857
108 11.044391 351.635385
109 8.205364 359.840871
110 1.277677 361.118664
111 1.452906 362.571694
112 3.291914 365.863743
113 3.265202 369.129084
114 3.58132 372.710528
115 3.818228 376.528882
116 1.414958 377.943961
117 1.391689 379.335771
118 1.774536 381.110444
119 3.483511 384.594081
120 1.905123 386.499328
121 1.919547 388.419006
122 1.957988 390.377118
123 3.251582 393.628824
124 5.100254 398.729207
125 3.913473 402.642808
126 8.549023 411.191951
127 7.607265 418.79935
128 1.822037 420.621519
129 1.929226 422.55087
130 1.890258 424.441263
131 3.771604 428.212992
132 2.417187 430.630312
133 2.024408 432.654845
134 1.947398 434.602366
135 3.682461 438.284958
136 3.547205 441.832289
137 4.776591 446.609008
138 3.236677 449.845815
139 1.752905 451.598842
140 2.632255 454.231222
141 3.791495 458.022846
142 3.392104 461.415081
143 1.788305 463.203509
144 3.543737 466.747381
145 1.86239 468.609905
146 3.752224 472.362251
147 3.651708 476.014097
148 3.38764 479.401863
149 2.551696 481.953686
150 1.646031 483.599854
151 2.098842 485.698825
152 1.889649 487.588602
153 3.582119 491.17085
154 3.25748 494.428456
155 3.177093 497.605683
156 1.749495 499.355307
157 2.890536 502.245967
158 3.504536 505.750634
159 5.895862 511.646626
160 3.189945 514.836696
161 3.327181 518.164006
162 1.903955 520.068094
163 3.196846 523.265067
164 8.040752 531.305954
165 3.306402 534.612484
166 1.235282 535.847891
167 3.261215 539.109239
168 5.606362 544.715725
169 13.003664 557.719547
170 9.875515 567.595195
171 3.317538 570.912869
172 1.722413 572.635407
173 1.463693 574.099232
174 2.043845 576.143208
175 1.915592 578.058931
176 1.466938 579.526
177 8.064318 587.590451
178 1.4029 588.993486
179 3.306569 592.300181
180 6.133534 598.433841
181 4.366926 602.800903
182 1.679016 604.480049
183 2.193785 606.673965
184 1.444197 608.118288
185 5.558752 613.677162
186 1.755993 615.433282
187 2.855411 618.288827
188 10.436486 628.725445
189 5.798043 634.523623
190 14.00604 648.529794
191 7.924746 656.454679
192 9.988534 666.443348
193 5.256066 671.699543
194 6.729954 678.42963
195 3.195072 681.624835
196 5.20026 686.825212
197 4.40431 691.229655
198 3.758994 694.988767
199 7.809401 702.798301
200 7.936476 710.734904
201 12.392287 723.127313
202 7.266739 730.394184
203 9.031629 739.425939
204 2.336258 741.762323
205 2.326953 744.089404
206 2.326014 746.415546
207 2.279758 748.695428
208 4.028732 752.724286
209 2.355628 755.08004
210 2.327068 757.40724
211 2.331235 759.738601
212 2.538552 762.277285
213 3.966103 766.243516
214 5.179215 771.422862
215 9.878482 781.301473
216 3.587984 784.889584
217 3.604092 788.493804
218 4.224461 792.718401
219 2.30847 795.026993
220 4.56339 799.590516
221 2.268604 801.859247
222 2.521339 804.380718
223 3.428949 807.809797
224 3.899162 811.70909
225 2.258573 813.967789
226 2.326178 816.294112
227 2.274436 818.568675
228 3.292521 821.861335
229 3.455391 825.316849
230 2.289087 827.606062
231 2.306281 829.912474
232 3.583528 833.496128
233 3.20136 836.697622
234 2.281915 838.979666
235 3.968319 842.948125
236 3.466089 846.414344
237 4.047294 850.461763
238 6.459297 856.921191
239 7.547477 864.468793
240 3.39977 867.868701
241 3.280432 871.14926
242 3.062486 874.211874
243 4.897083 879.109083
244 5.162166 884.271382
245 4.693322 888.964825
246 3.666292 892.631239
247 5.478449 898.109822
248 5.885246 903.995192
249 2.332069 906.327386
250 2.900675 909.228189
251 2.309786 911.538103
252 2.29817 913.836401
253 2.859079 916.695608
254 2.837188 919.532927
255 3.17529 922.70834
256 3.122273 925.830737
257 2.741627 928.572483
258 2.341159 930.913774
259 2.321085 933.234978
260 2.335016 935.570122
261 2.489681 938.059934
262 2.295742 940.355802
263 2.639303 942.995248
264 2.56669 945.562065
265 2.606637 948.168839
266 2.576477 950.745443
267 2.728455 953.474026
268 2.994659 956.468817
269 2.849129 959.318075
270 3.061315 962.379517
271 3.196644 965.57629
272 4.294482 969.870903
273 6.653074 976.524096
274 3.386854 979.911089
275 2.620299 982.53151
276 3.318914 985.850546
277 2.642215 988.492889
278 3.093616 991.586633
279 4.365835 995.95259
280 4.373196 1000.325903
281 2.71052 1003.036539
282 2.559786 1005.59644
283 2.567085 1008.163662
284 2.53788 1010.701677
285 2.607971 1013.309782
286 2.513084 1015.822989
287 2.305261 1018.128377
288 2.456113 1020.584617
289 2.397598 1022.982332
290 2.330725 1025.313177
done 290 2.418863 1027.73216
