# instance ../../../instances/hadoop/hadoop_extensions/us-west1.pn
# Settings: PN=../../../instances/hadoop/hadoop_extensions/us-west1.pn, VN=../../../instances/hadoop/hadoop_extensions/hadoop_4_1bw.vn, multi-thread=False
init 1.320443 1.320443
1 0.186918 1.507361
2 0.215616 1.723109
3 0.206444 1.929666
4 0.20779 2.137572
5 0.207952 2.34564
6 0.220131 2.565887
7 0.213335 2.779342
8 0.21041 2.98987
9 0.209144 3.199128
10 0.21072 3.409975
11 0.219178 3.629273
12 0.207101 3.83649
13 0.207536 4.044142
14 0.207334 4.251598
15 0.206591 4.458306
16 0.206528 4.664946
17 0.206741 4.871799
18 0.206347 5.078268
19 0.206131 5.28452
20 0.215622 5.500254
21 0.21318 5.713561
22 0.212266 5.92595
23 0.214511 6.140578
24 0.213894 6.354598
25 0.209702 6.564419
26 0.207238 6.771772
27 0.207482 6.979371
28 0.215042 7.194524
29 0.209473 7.404119
30 0.212325 7.616572
31 0.217351 7.834046
32 0.208395 8.042561
33 0.216434 8.259112
34 0.209541 8.468776
35 0.215278 8.684167
36 0.206635 8.890935
37 0.206722 9.097772
38 0.208051 9.305938
39 0.206918 9.512971
40 0.20723 9.720316
41 0.206993 9.927418
42 0.207152 10.134667
43 0.209595 10.344381
44 0.216222 10.560728
45 0.21485 10.775701
46 0.209372 10.985191
47 0.210846 11.196155
48 0.209914 11.406203
49 0.207267 11.613587
50 0.208781 11.822482
51 0.209678 12.032286
52 0.207413 12.239813
53 0.217182 12.457114
54 0.216932 12.674168
55 0.208113 12.882403
56 0.210644 13.093157
57 0.211833 13.305109
58 0.210391 13.515626
59 0.206194 13.721937
60 0.206272 13.92832
61 0.2068 14.135234
62 0.207325 14.342674
63 0.207319 14.550107
64 0.207336 14.757557
65 0.206625 14.964302
66 0.206374 15.170794
67 0.205624 15.376548
68 0.205813 15.58249
69 0.205509 15.788115
70 0.206047 15.994291
71 0.205763 16.200178
72 0.206808 16.407114
73 0.206354 16.613587
74 0.206126 16.819837
75 0.206685 17.026637
76 0.20594 17.232699
77 0.206619 17.439439
78 0.205638 17.645203
79 0.206096 17.85142
80 0.205675 18.057217
81 0.206362 18.263698
82 0.206414 18.470229
83 0.206746 18.677093
84 0.206462 18.883673
85 0.206897 19.090687
86 0.206717 19.297522
87 0.206206 19.503846
88 0.206291 19.710256
89 0.20614 19.916516
90 0.206701 20.123337
91 0.205612 20.329068
92 0.206949 20.536139
93 0.206065 20.742336
94 0.206141 20.948599
95 0.20669 21.155409
96 0.207017 21.362547
97 0.207095 21.56976
98 0.206148 21.776027
99 0.206357 21.982509
100 0.206315 22.18894
101 0.206269 22.395326
102 0.206543 22.601993
103 0.206942 22.809056
104 0.207104 23.016279
105 0.207042 23.223445
106 0.206313 23.429873
107 0.206699 23.636689
108 0.206885 23.843697
109 0.206946 24.050765
110 0.206674 24.257558
111 0.20757 24.465248
112 0.207132 24.672497
113 0.207638 24.880256
114 0.206845 25.087213
115 0.210736 25.29807
116 0.210249 25.50844
117 0.21075 25.719308
118 0.209895 25.929324
119 0.210615 26.14006
120 0.21027 26.350449
121 0.210832 26.561402
122 0.209967 26.771485
123 0.210412 26.982014
124 0.209679 27.191808
125 0.210319 27.402246
126 0.20954 27.611906
127 0.210684 27.822709
128 0.208723 28.031552
129 0.209059 28.240732
130 0.208844 28.4497
131 0.209828 28.659648
132 0.209649 28.869413
133 0.209496 29.079028
134 0.208964 29.288109
135 0.209521 29.497756
136 0.209606 29.707481
137 0.209621 29.917222
138 0.209285 30.126621
139 0.208965 30.335704
140 0.209446 30.54527
141 0.209785 30.755174
142 0.209671 30.964963
143 0.209451 31.174544
144 0.209255 31.383925
145 0.209212 31.593252
146 0.209743 31.803111
147 0.209764 32.012995
148 0.209666 32.222785
149 0.209051 32.431955
150 0.20951 32.641587
151 0.209227 32.850934
152 0.209381 33.060435
153 0.20973 33.270283
154 0.208608 33.479008
155 0.209365 33.688492
156 0.208721 33.897327
157 0.209598 34.107135
158 0.209014 34.316267
159 0.209695 34.526084
160 0.208728 34.734926
161 0.209395 34.944442
162 0.209017 35.153582
163 0.209286 35.362996
164 0.208914 35.572029
165 0.209061 35.781213
166 0.208969 35.990297
167 0.209549 36.199963
168 0.209147 36.409234
169 0.209438 36.618802
170 0.209113 36.828029
171 0.209373 37.037518
172 0.209211 37.246852
173 0.210225 37.457198
174 0.209507 37.666823
175 0.209405 37.876352
176 0.209441 38.085912
177 0.209929 38.295973
178 0.209341 38.505433
179 0.208956 38.714507
180 0.209879 38.924506
181 0.209481 39.134103
182 0.209457 39.343679
183 0.20877 39.552569
184 0.208976 39.761667
185 0.209665 39.971451
186 0.208878 40.180449
187 0.209441 40.390004
188 0.209248 40.599369
189 0.209462 40.808949
190 0.209033 41.018104
191 0.209481 41.227701
192 0.208807 41.436624
193 0.209536 41.646281
194 0.209072 41.855478
195 0.209446 42.065044
196 0.208961 42.274134
197 0.209316 42.483571
198 0.209053 42.69274
199 0.209713 42.902569
200 0.206362 43.109052
201 0.206332 43.315502
202 0.206084 43.521704
203 0.206468 43.728289
204 0.206695 43.9351
205 0.206381 44.141602
206 0.20712 44.348842
207 0.206825 44.555785
208 0.206551 44.762454
209 0.206542 44.969119
210 0.207044 45.176286
211 0.206452 45.38286
212 0.20652 45.589496
213 0.206508 45.796122
214 0.207295 46.003545
215 0.206786 46.210451
216 0.206659 46.417227
217 0.206366 46.623708
218 0.206941 46.830764
219 0.206466 47.037356
220 0.206687 47.244169
221 0.206613 47.450909
222 0.207213 47.658244
223 0.206496 47.864858
224 0.206832 48.071808
225 0.206218 48.278144
226 0.207251 48.485517
227 0.20628 48.691913
228 0.206533 48.898566
229 0.206642 49.105325
230 0.207582 49.313026
231 0.206802 49.519945
232 0.206515 49.726573
233 0.206358 49.93305
234 0.207398 50.140562
235 0.206228 50.346915
236 0.206583 50.553621
237 0.205898 50.759635
238 0.206861 50.966614
239 0.206392 51.173125
240 0.206993 51.380236
241 0.206457 51.586808
242 0.206705 51.793628
243 0.206457 52.000205
244 0.207064 52.207398
245 0.20641 52.413931
246 0.206776 52.620832
247 0.206481 52.827428
248 0.206734 53.034278
249 0.206491 53.240888
250 0.20691 53.447918
251 0.206338 53.654377
252 0.206858 53.861353
253 0.206541 54.068011
254 0.206878 54.275008
255 0.206479 54.481609
256 0.206793 54.688514
257 0.206131 54.894766
258 0.206788 55.101662
259 0.206793 55.308574
260 0.207168 55.515863
261 0.206216 55.722199
262 0.206619 55.928933
263 0.206364 56.135418
264 0.206787 56.342327
265 0.206358 56.548803
266 0.206993 56.755919
267 0.206518 56.962559
268 0.206744 57.169424
269 0.20639 57.375935
270 0.206654 57.582713
271 0.206547 57.789384
272 0.206243 57.995751
273 0.206083 58.201953
274 0.207001 58.409073
275 0.206753 58.615944
276 0.206268 58.82233
277 0.206524 59.028968
278 0.206473 59.23556
279 0.206472 59.442152
280 0.207867 59.65014
281 0.206276 59.85654
282 0.207034 60.063694
283 0.206418 60.270233
284 0.206194 60.476549
285 0.20637 60.68304
286 0.206413 60.889567
287 0.207023 61.096706
288 0.207467 61.304291
289 0.206474 61.510887
290 0.206588 61.717597
291 0.206592 61.924307
292 0.206566 62.13099
293 0.206367 62.337478
294 0.207926 62.545523
295 0.206028 62.751676
296 0.206698 62.958493
297 0.206699 63.165315
298 0.206295 63.371734
299 0.20616 63.578013
300 0.20633 63.784464
301 0.203679 63.988257
302 0.209282 64.197654
303 0.209333 64.407104
304 0.209671 64.616896
305 0.20969 64.826699
306 0.210917 65.037733
307 0.210237 65.24809
308 0.210956 65.45917
309 0.209932 65.66922
310 0.210764 65.880104
311 0.209944 66.090176
312 0.209633 66.299923
313 0.209444 66.509491
314 0.209641 66.719255
315 0.209238 66.92861
316 0.209257 67.137985
317 0.209612 67.347719
318 0.209457 67.5573
319 0.209577 67.766996
320 0.208947 67.976069
321 0.208945 68.185134
322 0.209406 68.39466
323 0.209559 68.604341
324 0.209876 68.814337
325 0.209752 69.024209
326 0.209179 69.23351
327 0.209273 69.442902
328 0.209269 69.652294
329 0.209195 69.861611
330 0.209947 70.071679
331 0.209911 70.281714
332 0.21045 70.49228
333 0.209906 70.702302
334 0.209917 70.912339
335 0.209804 71.122264
336 0.209741 71.332121
337 0.209858 71.54211
338 0.210207 71.75244
339 0.210909 71.96347
340 0.245319 72.208911
341 0.212325 72.421358
342 0.216144 72.637622
343 0.21118 72.848923
344 0.24156 73.090606
345 0.211151 73.301877
346 0.270576 73.572575
347 0.237633 73.81032
348 0.250872 74.06132
349 0.243907 74.305349
350 0.248556 74.554029
351 0.269182 74.82333
352 0.255109 75.078555
353 0.251901 75.33058
354 0.343119 75.673819
355 0.262818 75.93675
356 0.297412 76.234289
357 0.20745 76.441869
358 0.253282 76.695274
359 0.252853 76.948246
360 0.256809 77.205174
361 0.262072 77.467367
362 0.270243 77.737727
363 0.298214 78.036061
364 0.268881 78.305061
365 0.271805 78.576985
366 0.27289 78.849991
367 0.27547 79.125585
368 0.332279 79.457985
369 0.277557 79.735666
370 0.28883 80.024614
371 0.315054 80.339788
372 0.295379 80.635291
373 0.29001 80.925422
374 0.292107 81.21765
375 0.457076 81.674842
376 0.297072 81.972034
377 0.312433 82.284583
378 0.299776 82.584474
379 0.295626 82.880214
380 0.302246 83.182588
381 0.307755 83.490458
382 0.30083 83.791411
383 0.298023 84.08955
384 0.300673 84.390343
385 0.513571 84.904041
386 0.299195 85.203363
387 0.304923 85.508404
388 0.305046 85.81357
389 0.727492 86.541181
390 0.600398 87.141704
391 0.265566 87.407394
392 0.286407 87.693922
393 0.298159 87.992199
394 0.301727 88.294058
395 0.304953 88.59913
396 0.310686 88.909936
397 0.310713 89.22077
398 0.312773 89.533661
399 0.308679 89.842464
400 0.310967 90.15356
401 0.30946 90.463138
402 0.303393 90.766649
403 0.375395 91.142168
404 0.301395 91.443687
405 0.303275 91.747084
406 0.354739 92.101943
407 0.310166 92.412231
408 0.373768 92.786119
409 0.387792 93.174028
410 0.359709 93.533857
411 0.379802 93.913778
412 0.548278 94.462178
413 0.549507 95.011807
414 0.50297 95.514906
415 0.624077 96.139106
416 0.589112 96.728329
417 0.627275 97.355711
418 0.589516 97.945335
419 0.603758 98.549203
420 0.639698 99.189012
421 0.659469 99.848596
422 0.6017 100.450409
423 0.292993 100.74352
424 0.300303 101.043945
425 0.304873 101.34894
426 0.305021 101.654081
427 0.309839 101.964037
428 0.306195 102.27035
429 0.314123 102.584592
430 0.38695 102.971659
431 0.314807 103.286587
432 0.31459 103.601293
433 0.509002 104.110415
434 0.307428 104.417957
435 0.369401 104.787474
436 0.310544 105.098141
437 0.342604 105.44087
438 0.370432 105.811431
439 0.32014 106.131695
440 0.27425 106.406067
441 0.297293 106.70348
442 0.378504 107.082102
443 0.292352 107.374572
444 0.359149 107.733839
445 0.385442 108.119402
446 0.293621 108.413139
447 0.295093 108.708352
448 0.294514 109.002986
449 0.294994 109.298103
450 0.354506 109.652731
451 0.367696 110.020549
452 0.307254 110.32792
453 0.302952 110.630988
454 0.301932 110.933042
455 0.379443 111.312613
456 0.367856 111.680598
457 0.39292 112.073634
458 0.302161 112.375916
459 0.342423 112.71846
460 0.389865 113.108442
461 0.290077 113.39864
462 0.286987 113.685747
463 0.285311 113.971174
464 0.297653 114.268953
465 0.301584 114.57066
466 0.303924 114.874707
467 0.296333 115.171161
468 0.312791 115.484072
469 0.315572 115.799764
470 0.453481 116.253365
471 0.319666 116.57315
472 0.317521 116.890794
473 0.530785 117.421704
474 0.58123 118.003049
475 0.592623 118.595783
476 0.594742 119.190635
477 0.629363 119.820109
478 0.597166 120.417386
479 0.600496 121.017992
480 0.642107 121.66021
481 0.590035 122.25037
482 0.569859 122.820344
483 0.619769 123.440222
484 0.648061 124.088407
485 0.642327 124.730849
486 0.645402 125.376362
487 0.585186 125.961659
488 0.594694 126.556467
489 0.624753 127.181331
490 0.598161 127.7796
491 0.681821 128.461541
492 0.60742 129.069075
493 0.673261 129.742438
494 0.640377 130.382925
495 0.67312 131.056154
496 0.714294 131.770567
497 0.639175 132.409855
498 0.608535 133.0185
499 0.64707 133.665681
500 0.668701 134.334497
501 0.632998 134.967609
502 0.622552 135.590275
503 0.686328 136.276718
504 0.636868 136.913696
505 0.638338 137.552143
506 0.621781 138.174042
507 0.295085 138.469237
508 0.311656 138.781013
509 0.30228 139.083412
510 0.308095 139.391627
511 0.314697 139.706446
512 0.316024 140.022592
513 0.329787 140.352491
514 0.325678 140.678287
515 0.318169 140.996578
516 0.317488 141.314185
517 0.387683 141.701986
518 0.385406 142.087515
519 0.345686 142.433321
520 0.356071 142.789511
521 0.358725 143.148354
522 0.574138 143.722614
523 0.355407 144.078137
524 0.555004 144.633264
525 0.507802 145.141178
526 0.358086 145.499387
527 0.548171 146.047678
528 0.580195 146.628005
529 0.427218 147.055346
530 0.348452 147.403919
531 0.442528 147.846567
532 0.448014 148.294719
533 0.358157 148.652997
534 0.462369 149.115485
535 0.63719 149.752797
536 0.511256 150.264179
537 0.608279 150.87259
538 0.673701 151.546412
539 0.611491 152.158025
540 0.611637 152.769781
541 0.476857 153.246749
542 0.64469 153.891562
543 0.697611 154.589284
544 0.675187 155.264565
545 0.329095 155.593774
546 0.37263 155.966523
547 0.403889 156.370526
548 0.72663 157.097274
549 0.424002 157.521395
550 0.320969 157.84248
551 0.390557 158.233158
552 0.388797 158.622077
553 0.318955 158.941152
554 0.609492 159.550766
555 0.625711 160.176588
556 0.590616 160.76732
557 0.61767 161.385109
558 0.578875 161.964098
559 0.503946 162.468154
560 0.549076 163.017365
561 0.30849 163.32597
562 0.429473 163.755564
563 0.539939 164.295622
564 0.447863 164.743607
565 0.609153 165.352883
566 0.59617 165.949163
567 0.515824 166.465098
568 0.429233 166.894445
569 0.431605 167.326176
570 0.576488 167.902784
571 0.40871 168.311616
572 0.433225 168.744961
573 0.371071 169.116154
574 0.679735 169.79602
575 0.683744 170.479884
576 0.656957 171.136958
577 0.382933 171.520012
578 0.526028 172.046155
579 0.731836 172.778117
580 0.610097 173.388318
581 0.571891 173.960333
582 0.75997 174.720425
583 0.799842 175.520381
584 0.827451 176.347944
585 1.65838 178.006433
586 0.725616 178.732164
587 0.851992 179.584292
588 0.847502 180.431905
589 0.937195 181.369212
590 1.409168 182.778495
591 0.704643 183.483248
592 0.87232 184.355682
593 0.759075 185.114874
594 0.844717 185.959702
595 0.600418 186.560239
596 0.563653 187.124017
597 0.845702 187.969842
598 1.194679 189.164639
599 1.210745 190.375493
600 1.540274 191.915897
601 4.397461 196.313468
602 0.228929 196.542509
603 0.260802 196.803431
604 0.228588 197.032137
605 0.232221 197.264486
606 0.235176 197.499786
607 0.261552 197.761456
608 0.280067 198.041642
609 0.238345 198.28011
610 0.239444 198.519679
611 0.239371 198.759167
612 0.27442 199.033707
613 0.231626 199.265455
614 0.254298 199.519874
615 0.257114 199.777102
616 0.298048 200.075272
617 0.25254 200.327935
618 0.278491 200.606549
619 0.274837 200.881508
620 0.274654 201.156278
621 0.288796 201.445196
622 0.281897 201.727218
623 0.352799 202.080143
624 0.600013 202.680282
625 0.269692 202.950084
626 0.278221 203.228424
627 0.293459 203.522005
628 0.290971 203.813099
629 0.29461 204.107828
630 0.646204 204.754154
631 0.575471 205.329734
632 0.609646 205.939494
633 0.570968 206.510574
634 0.553791 207.064477
635 0.590209 207.6548
636 0.581746 208.236655
637 0.617179 208.853947
638 0.757365 209.611423
639 0.294749 209.906283
640 0.300885 210.207291
641 0.626293 210.833704
642 0.62471 211.458524
643 0.239821 211.698457
644 0.236456 211.935029
645 0.270775 212.205923
646 0.278254 212.484299
647 0.333719 212.818137
648 0.382584 213.200838
649 0.29269 213.493653
650 0.291431 213.785205
651 0.368179 214.153505
652 0.415303 214.56893
653 0.279315 214.848356
654 0.277937 215.12641
655 0.323344 215.449871
656 0.284661 215.734656
657 0.285069 216.019845
658 0.293585 216.31355
659 0.300552 216.614223
660 0.373261 216.987605
661 0.378508 217.366232
662 0.510918 217.877271
663 0.488273 218.365658
664 0.473862 218.839638
665 0.524023 219.363774
666 0.483166 219.847052
667 0.532012 220.379173
668 0.551711 220.931
669 0.496794 221.427906
670 0.491922 221.919938
671 0.454559 222.374607
672 0.591152 222.965883
673 0.522727 223.488723
674 0.533076 224.021915
675 0.518224 224.540251
676 0.307365 224.847727
677 0.306169 225.154015
678 0.306665 225.460801
679 0.306572 225.767493
680 0.303087 226.070699
681 0.304767 226.375588
682 0.660957 227.036662
683 0.575051 227.611824
684 0.578922 228.190859
685 0.573821 228.764794
686 0.530641 229.295552
687 0.548713 229.844382
688 0.529113 230.373604
689 0.586782 230.960502
690 0.55305 231.513663
691 0.542115 232.055892
692 0.553964 232.609966
693 0.54682 233.156897
694 0.273513 233.430526
695 0.285314 233.715963
696 0.569752 234.285836
697 0.57193 234.857876
698 0.520974 235.378966
699 0.536928 235.916011
700 0.566805 236.482929
701 0.543123 237.026163
702 0.538648 237.564922
703 0.599343 238.164376
704 0.546915 238.711428
705 0.542761 239.254298
706 0.563177 239.817585
707 0.5161 240.333794
708 0.554997 240.888902
709 0.614612 241.503624
710 0.586561 242.090293
711 0.561134 242.651536
712 0.571588 243.223235
713 0.553041 243.776387
714 0.564578 244.341078
715 0.55442 244.895605
716 0.57265 245.468365
717 0.620811 246.08929
718 0.593327 246.682727
719 0.518198 247.201035
720 0.591518 247.792662
721 0.547762 248.340536
722 0.515605 248.856252
723 0.552152 249.408515
724 0.551095 249.959719
725 0.548197 250.508026
726 0.580963 251.089103
727 0.304412 251.39363
728 0.293174 251.686924
729 0.294673 251.981715
730 0.553889 252.535718
731 0.606924 253.142751
732 0.562895 253.705759
733 0.563714 254.269581
734 0.615387 254.885078
735 0.631195 255.516384
736 0.611003 256.127498
737 0.425489 256.553102
738 0.518594 257.071824
739 0.567354 257.639287
740 0.554193 258.193591
741 0.589942 258.783648
742 0.548921 259.332678
743 0.546386 259.879171
744 0.547376 260.426658
745 0.310482 260.737247
746 0.573199 261.31057
747 0.569623 261.880305
748 0.454171 262.334588
749 0.391731 262.726445
750 0.427311 263.153873
751 0.449912 263.603906
752 0.420415 264.024442
753 0.480315 264.50487
754 0.452965 264.957954
755 0.379104 265.337179
756 0.386519 265.723818
757 0.67632 266.400255
758 0.476825 266.877189
759 0.440614 267.317922
760 0.46057 267.778607
761 0.51845 268.297187
762 0.413585 268.710897
763 0.319709 269.030729
764 0.322524 269.353375
765 0.322324 269.675822
766 0.319802 269.995747
767 0.398633 270.394495
768 0.367907 270.762526
769 0.389133 271.151781
770 0.401954 271.553857
771 0.316978 271.870954
772 0.4206 272.291672
773 0.40302 272.694818
774 0.419028 273.11397
775 0.420599 273.534699
776 0.547375 274.0822
777 0.56362 274.645936
778 0.283865 274.929908
779 0.316934 275.246962
780 0.335714 275.582798
781 0.357976 275.940888
782 0.315705 276.256714
783 0.532214 276.789048
784 0.513904 277.303071
785 0.444183 277.747372
786 0.476803 278.224301
787 0.344054 278.568484
788 0.292264 278.860872
789 0.2953 279.156292
790 0.29559 279.451998
791 0.308045 279.760159
792 0.3082 280.068489
793 0.314521 280.383132
794 0.321299 280.704546
795 0.384835 281.089504
796 0.326665 281.416288
797 0.334763 281.751172
798 0.32308 282.074373
799 0.515976 282.590467
800 0.329343 282.91993
801 0.426988 283.347038
802 0.525737 283.872908
803 0.503109 284.376144
804 0.481916 284.858193
805 0.597266 285.455583
806 0.577198 286.032892
807 0.63004 286.663041
808 0.545583 287.208733
809 0.617148 287.825991
810 0.601531 288.427635
811 0.617249 289.044994
812 0.319551 289.364658
813 0.32113 289.685913
814 0.660802 290.346834
815 0.644044 290.99099
816 0.64698 291.63808
817 0.649179 292.287369
818 0.629104 292.916583
819 0.628923 293.545618
820 0.424393 293.970124
821 0.664241 294.634489
822 0.49123 295.125832
823 0.349185 295.475139
824 0.38033 295.855591
825 0.430369 296.286079
826 0.379784 296.665972
827 0.323342 296.989432
828 0.432088 297.421636
829 0.440679 297.862432
830 0.293424 298.155978
831 0.394471 298.550569
832 0.523814 299.074507
833 0.301307 299.375932
834 0.30919 299.685244
835 0.301229 299.986589
836 0.393396 300.380094
837 0.392422 300.772633
838 0.339969 301.112728
839 0.413874 301.526722
840 0.34757 301.874414
841 0.341001 302.215534
842 0.354836 302.570486
843 0.354181 302.924789
844 0.345545 303.270452
845 0.51259 303.783164
846 0.354414 304.137688
847 0.35704 304.494846
848 0.373464 304.868432
849 0.301002 305.169539
850 0.331769 305.501429
851 0.329118 305.830663
852 0.356447 306.187231
853 0.589532 306.776883
854 0.476585 307.25359
855 0.557868 307.811581
856 0.469865 308.281569
857 0.593193 308.874884
858 0.66555 309.540554
859 0.616284 310.156946
860 0.696655 310.853718
861 0.668381 311.522215
862 0.620597 312.142922
863 0.371828 312.51486
864 0.520141 313.035123
865 0.460743 313.495988
866 0.483979 313.98009
867 0.48569 314.465904
868 0.429048 314.895071
869 0.443688 315.338882
870 0.455093 315.794082
871 0.576787 316.370991
872 0.600919 316.972034
873 0.453449 317.425594
874 0.595391 318.021104
875 0.525483 318.546696
876 0.438504 318.985333
877 0.847625 319.833068
878 0.70989 320.543081
879 0.527447 321.070657
880 0.442608 321.513387
881 0.41969 321.933197
882 0.545555 322.478867
883 0.521031 323.00002
884 0.471734 323.47187
885 0.858231 324.330223
886 0.469406 324.79974
887 0.697409 325.497264
888 0.524669 326.022051
889 0.845736 326.867907
890 0.513534 327.381553
891 0.841248 328.222919
892 0.92252 329.145547
893 0.843944 329.989601
894 0.875455 330.865172
895 0.77353 331.638823
896 0.964693 332.603628
897 1.266707 333.870451
898 1.704296 335.574867
899 2.828375 338.403356
900 0.221504 338.624974
901 0.218905 338.843995
902 0.218654 339.062771
903 0.219079 339.28197
904 0.219289 339.501377
905 0.222025 339.723501
906 0.221379 339.944996
907 0.220828 340.165938
908 0.222018 340.388076
909 0.221604 340.609802
910 0.221891 340.831811
911 0.221648 341.053577
912 0.222364 341.276045
913 0.22178 341.497943
914 0.222139 341.720197
915 0.221519 341.941838
916 0.222204 342.16416
917 0.221919 342.386215
918 0.222356 342.608694
919 0.221086 342.829895
920 0.220713 343.05071
921 0.221517 343.272348
922 0.222137 343.494603
923 0.221915 343.716638
924 0.222429 343.939184
925 0.219841 344.159144
926 0.22184 344.381103
927 0.221715 344.602938
928 0.22219 344.825242
929 0.227213 345.052573
930 0.230239 345.282932
931 0.220388 345.503433
932 0.221661 345.725207
933 0.221397 345.946716
934 0.221828 346.168667
935 0.221175 346.389949
936 0.220269 346.610339
937 0.22132 346.831774
938 0.221974 347.053865
939 0.221614 347.275598
940 0.222343 347.498064
941 0.221238 347.71942
942 0.222055 347.941588
943 0.221096 348.162803
944 0.222142 348.385061
945 0.222847 348.608028
946 0.221004 348.829145
947 0.220612 349.049874
948 0.221771 349.271764
949 0.220924 349.492808
950 0.230635 349.72356
951 0.222912 349.946586
952 0.224119 350.17082
953 0.223007 350.393948
954 0.223343 350.617411
955 0.222816 350.840341
956 0.223318 351.063779
957 0.22239 351.286286
958 0.223133 351.50954
959 0.222346 351.732001
960 0.223203 351.955322
961 0.222678 352.178116
962 0.223534 352.401764
963 0.222352 352.624233
964 0.223022 352.847374
965 0.222503 353.069998
966 0.222969 353.293088
967 0.222375 353.515585
968 0.222911 353.738611
969 0.260545 353.999279
970 0.267079 354.266471
971 0.230146 354.496737
972 0.22264 354.719498
973 0.222569 354.942177
974 0.222457 355.164754
975 0.22235 355.387224
976 0.228477 355.615822
977 0.22079 355.83673
978 0.222994 356.059842
979 0.221593 356.281553
980 0.307882 356.589554
981 0.218807 356.808468
982 0.221031 357.029615
983 0.219674 357.249405
984 0.220278 357.469802
985 0.21468 357.684604
986 0.217397 357.902126
987 0.214649 358.116892
988 0.213855 358.330862
989 0.215089 358.546072
990 0.217289 358.763482
991 0.220581 358.984185
992 0.221446 359.205764
993 0.264677 359.470557
994 0.219933 359.690611
995 0.220196 359.910926
996 0.220001 360.131044
997 0.2321 360.363262
998 0.278682 360.642066
999 0.293434 360.935623
1000 0.236667 361.172412
1001 0.240338 361.412855
1002 0.296275 361.709251
1003 0.244077 361.953449
1004 0.24467 362.198237
1005 0.243368 362.44172
1006 0.268736 362.710575
1007 0.243323 362.954
1008 0.333073 363.287194
1009 0.356408 363.643724
1010 0.392471 364.036299
1011 0.377555 364.413975
1012 0.330616 364.744709
1013 0.337146 365.081974
1014 0.429328 365.511426
1015 0.398528 365.910073
1016 0.414971 366.325164
1017 0.340624 366.665907
1018 0.420219 367.086244
1019 0.246512 367.332877
1020 0.244066 367.577058
1021 0.246592 367.823776
1022 0.244834 368.068726
1023 0.246619 368.315467
1024 0.299999 368.615589
1025 0.2952 368.910913
1026 0.24102 369.152056
1027 0.242296 369.394473
1028 0.240221 369.634813
1029 0.24019 369.875125
1030 0.241077 370.116327
1031 0.24208 370.358529
1032 0.241089 370.599738
1033 0.240259 370.840118
1034 0.213504 371.053754
1035 0.232009 371.285881
1036 0.227294 371.513298
1037 0.237796 371.751209
1038 0.256318 372.007644
1039 0.225749 372.233511
1040 0.247537 372.481163
1041 0.270628 372.751912
1042 0.260135 373.012169
1043 0.225788 373.238094
1044 0.239625 373.477838
1045 0.296759 373.774718
1046 0.354686 374.129524
1047 0.31193 374.441592
1048 0.300525 374.742227
1049 0.305448 375.047787
1050 0.29182 375.339729
1051 0.385948 375.725797
1052 0.583201 376.309114
1053 0.297159 376.606379
1054 0.355887 376.962387
1055 0.303112 377.26562
1056 0.308681 377.574419
1057 0.310104 377.884643
1058 0.310829 378.195595
1059 0.314356 378.51007
1060 0.32621 378.836403
1061 0.323483 379.160011
1062 0.265815 379.425944
1063 0.280466 379.706528
1064 0.288363 379.99501
1065 0.289142 380.284266
1066 0.388807 380.673192
1067 0.299871 380.973185
1068 0.293156 381.266461
1069 0.27444 381.541022
1070 0.313592 381.854736
1071 0.304767 382.159624
1072 0.345289 382.505032
1073 0.314034 382.819187
1074 0.326212 383.145515
1075 0.353809 383.499445
1076 0.369484 383.869044
1077 0.463061 384.332231
1078 0.31141 384.64375
1079 0.253861 384.89773
1080 0.320858 385.218688
1081 0.302898 385.521703
1082 0.291391 385.81321
1083 0.361707 386.175035
1084 0.508345 386.683493
1085 0.304274 386.987875
1086 0.31967 387.30766
1087 0.318718 387.626495
1088 0.341031 387.967645
1089 0.337787 388.305551
1090 0.344673 388.650338
1091 0.244242 388.894703
1092 0.249974 389.144801
1093 0.330336 389.475259
1094 0.33683 389.812209
1095 0.44582 390.258161
1096 0.308257 390.566537
1097 0.441408 391.008062
1098 0.336775 391.344959
1099 0.348038 391.693118
1100 0.331458 392.024697
1101 0.34519 392.370004
1102 0.343762 392.713878
1103 0.356823 393.070822
1104 0.355029 393.425969
1105 0.478199 393.904286
1106 0.434352 394.338752
1107 0.525957 394.864833
1108 0.316786 395.181728
1109 0.233934 395.415779
1110 0.458143 395.874037
1111 0.475996 396.350143
1112 0.460529 396.810777
1113 0.44239 397.253276
1114 0.31421 397.567596
1115 0.366027 397.93374
1116 0.337045 398.270905
1117 0.317923 398.588949
1118 0.568686 399.157755
1119 0.535057 399.692927
1120 0.524597 400.217639
1121 0.531322 400.749066
1122 0.599613 401.348794
1123 0.5325 401.881406
1124 0.328343 402.209863
1125 0.305352 402.515337
1126 0.378182 402.89364
1127 0.387996 403.28176
1128 0.438048 403.719929
1129 0.232075 403.952113
1130 0.343339 404.29558
1131 0.469148 404.764847
1132 0.338961 405.103931
1133 0.362245 405.466291
1134 0.601427 406.067837
1135 0.663242 406.731195
1136 0.369358 407.100676
1137 0.32537 407.426162
1138 0.374239 407.800524
1139 0.465622 408.26626
1140 0.543188 408.809571
1141 0.638189 409.447879
1142 0.65375 410.101754
1143 0.548582 410.650452
1144 0.31585 410.966424
1145 0.390641 411.357185
1146 0.49553 411.852822
1147 0.52419 412.377122
1148 0.507621 412.884855
1149 0.45993 413.344897
1150 0.271461 413.616469
1151 0.29058 413.907169
1152 0.339226 414.246515
1153 0.345088 414.591723
1154 0.47006 415.061905
1155 0.518234 415.580268
1156 0.464095 416.044489
1157 0.775753 416.820365
1158 0.750239 417.570721
1159 1.320576 418.891417
1160 0.376177 419.267703
1161 0.783808 420.051632
1162 0.50808 420.559825
1163 0.445218 421.005168
1164 0.449489 421.45478
1165 0.580958 422.035857
1166 0.565988 422.601957
1167 0.596335 423.198398
1168 0.465741 423.664251
1169 0.379719 424.044094
1170 0.380634 424.424849
1171 0.318211 424.743184
1172 0.46832 425.21162
1173 0.44071 425.652451
1174 0.412504 426.065082
1175 0.436248 426.501453
1176 0.633759 427.135329
1177 0.464866 427.600317
1178 0.357952 427.958384
1179 0.560574 428.519077
1180 0.688517 429.20771
1181 0.550242 429.758073
1182 0.371261 430.129446
1183 0.664254 430.793809
1184 0.400449 431.194382
1185 0.503511 431.698018
1186 0.565284 432.263418
1187 0.549045 432.812574
1188 0.744905 433.557587
1189 0.616579 434.174286
1190 0.422864 434.59726
1191 1.594257 436.191632
1192 0.580398 436.772147
1193 0.969742 437.742009
1194 1.068267 438.810387
1195 0.800439 439.610935
1196 1.438425 441.049479
1197 1.4583 442.507894
1198 0.200182 442.708186
1199 0.203386 442.911692
1200 0.201243 443.113048
1201 0.201389 443.314549
1202 0.200773 443.515434
1203 0.200973 443.716519
1204 0.200968 443.917601
1205 0.200968 444.118682
1206 0.201706 444.320501
1207 0.200984 444.521598
1208 0.201237 444.722947
1209 0.201855 444.924899
1210 0.20152 445.126533
1211 0.201021 445.327665
1212 0.201373 445.529175
1213 0.201171 445.730451
1214 0.202396 445.932957
1215 0.201794 446.134863
1216 0.201599 446.336574
1217 0.201225 446.537911
1218 0.202129 446.740152
1219 0.20161 446.941881
1220 0.201722 447.14372
1221 0.201151 447.344984
1222 0.201787 447.54688
1223 0.201439 447.748431
1224 0.201699 447.950242
1225 0.201731 448.152087
1226 0.201512 448.35371
1227 0.20178 448.555602
1228 0.201684 448.757398
1229 0.201498 448.959009
1230 0.202227 449.161348
1231 0.203334 449.364777
1232 0.203388 449.568276
1233 0.205296 449.773686
1234 0.204188 449.977989
1235 0.204108 450.182209
1236 0.204242 450.386564
1237 0.204112 450.590792
1238 0.204159 450.795063
1239 0.203906 450.999085
1240 0.206335 451.205532
1241 0.203663 451.409308
1242 0.204188 451.613598
1243 0.203276 451.816987
1244 0.204343 452.021446
1245 0.202856 452.224411
1246 0.206633 452.431157
1247 0.204062 452.635331
1248 0.204941 452.840381
1249 0.204985 453.045474
1250 0.204201 453.249787
1251 0.204856 453.454752
1252 0.204943 453.659804
1253 0.205177 453.865092
1254 0.204193 454.069396
1255 0.204078 454.273584
1256 0.203866 454.477564
1257 0.2038 454.681449
1258 0.203937 454.8855
1259 0.205336 455.090953
1260 0.20394 455.295006
1261 0.204745 455.499866
1262 0.204635 455.704617
1263 0.205921 455.910649
1264 0.204137 456.114902
1265 0.204259 456.319277
1266 0.205432 456.524815
1267 0.204879 456.729803
1268 0.206164 456.936076
1269 0.205348 457.141537
1270 0.20571 457.347354
1271 0.205205 457.552677
1272 0.206264 457.759054
1273 0.204631 457.9638
1274 0.206131 458.170029
1275 0.204648 458.374785
1276 0.206676 458.581579
1277 0.204124 458.785817
1278 0.205864 458.991795
1279 0.207098 459.199009
1280 0.206269 459.405392
1281 0.205328 459.610835
1282 0.3867 459.997652
1283 0.372406 460.370162
1284 0.383298 460.753567
1285 0.382878 461.136551
1286 0.437317 461.57397
1287 0.377571 461.951644
1288 0.428876 462.38062
1289 0.440492 462.821214
1290 0.465423 463.28674
1291 0.408102 463.694946
1292 0.393328 464.088379
1293 0.364508 464.453003
1294 0.397103 464.850211
1295 0.377507 465.227823
1296 0.232493 465.460419
1297 0.396034 465.856566
1298 0.266222 466.122889
1299 0.356854 466.479853
1300 0.226935 466.706892
1301 0.422941 467.129956
1302 0.697868 467.827935
1303 0.423863 468.251904
1304 0.378926 468.630939
1305 0.359959 468.991
1306 0.404259 469.395365
1307 0.38442 469.779887
1308 0.366891 470.146871
1309 0.312266 470.459246
1310 0.28039 470.739741
1311 0.228185 470.96803
1312 0.228281 471.196428
1313 0.295992 471.492535
1314 0.230966 471.723604
1315 0.230818 471.954535
1316 0.235515 472.19017
1317 0.298013 472.488298
1318 0.307889 472.79629
1319 0.312131 473.108528
1320 0.304041 473.412679
1321 0.293715 473.706506
1322 0.316224 474.022836
1323 0.32605 474.348991
1324 0.308917 474.658018
1325 0.300342 474.958464
1326 0.299295 475.257865
1327 0.304827 475.562795
1328 0.602795 476.165693
1329 0.312265 476.478061
1330 0.304699 476.782866
1331 0.302749 477.085723
1332 0.227487 477.313318
1333 0.296416 477.609848
1334 0.330037 477.939991
1335 0.375983 478.31608
1336 0.317079 478.633285
1337 0.302862 478.936257
1338 0.306838 479.243203
1339 0.308391 479.5517
1340 0.303821 479.855628
1341 0.227922 480.083638
1342 0.305267 480.389021
1343 0.322418 480.711545
1344 0.310786 481.022449
1345 0.30726 481.329815
1346 0.311259 481.641187
1347 0.343042 481.984334
1348 0.308933 482.293388
1349 0.328123 482.621618
1350 0.310261 482.931981
1351 0.306456 483.238507
1352 0.332647 483.571261
1353 0.379935 483.951306
1354 0.304763 484.256194
1355 0.303771 484.56007
1356 0.299839 484.860016
1357 0.411444 485.271569
1358 0.341193 485.612881
1359 0.309743 485.922742
1360 0.305604 486.228453
1361 0.234563 486.46312
1362 0.231513 486.694742
1363 0.229833 486.924693
1364 0.225608 487.150415
1365 0.226638 487.37717
1366 0.252077 487.629361
1367 0.254324 487.883802
1368 0.250812 488.134732
1369 0.225866 488.360717
1370 0.264734 488.625568
1371 0.260757 488.88645
1372 0.230138 489.116711
1373 0.263347 489.380175
1374 0.260801 489.641107
1375 0.235623 489.876849
1376 0.229001 490.105969
1377 0.229444 490.335545
1378 0.228979 490.564646
1379 0.22701 490.791768
1380 0.253821 491.045716
1381 0.225199 491.271032
1382 0.260595 491.531746
1383 0.231787 491.76365
1384 0.253827 492.017591
1385 0.268157 492.285857
1386 0.256281 492.542264
1387 0.232525 492.774851
1388 0.345536 493.120496
1389 0.230728 493.351336
1390 0.233322 493.584776
1391 0.228216 493.813105
1392 0.261697 494.074927
1393 0.257855 494.332903
1394 0.259425 494.592448
1395 0.230274 494.82284
1396 0.247932 495.070882
1397 0.231814 495.302814
1398 0.229245 495.532177
1399 0.23166 495.76397
1400 0.226511 495.9906
1401 0.23411 496.224835
1402 0.250499 496.475444
1403 0.287414 496.762973
1404 0.23109 496.994177
1405 0.263361 497.257654
1406 0.232731 497.490499
1407 0.228054 497.718668
1408 0.261336 497.980113
1409 0.230971 498.211211
1410 0.227004 498.438332
1411 0.231668 498.670115
1412 0.226826 498.89706
1413 0.258173 499.15535
1414 0.2854 499.440865
1415 0.28874 499.729738
1416 0.229795 499.959647
1417 0.229425 500.189187
1418 0.230342 500.419647
1419 0.230812 500.650568
1420 0.230233 500.880917
1421 0.230218 501.111252
1422 0.228959 501.34033
1423 0.258805 501.599252
1424 0.255121 501.854493
1425 0.256146 502.110754
1426 0.230996 502.341866
1427 0.251647 502.593633
1428 0.225217 502.818969
1429 0.339122 503.158193
1430 0.229715 503.388029
1431 0.319324 503.707473
1432 0.256547 503.964123
1433 0.229383 504.193629
1434 0.252033 504.445783
1435 0.275737 504.721641
1436 0.356142 505.077894
1437 0.228727 505.306737
1438 0.227586 505.534439
1439 0.270876 505.80543
1440 0.250651 506.056195
1441 0.231698 506.288019
1442 0.250905 506.538991
1443 0.253472 506.79258
1444 0.364505 507.157203
1445 0.449643 507.60697
1446 0.25406 507.861149
1447 0.256032 508.117295
1448 0.251887 508.369292
1449 0.832291 509.2017
1450 0.294322 509.49613
1451 0.455218 509.951464
1452 0.780627 510.732209
1453 0.356257 511.088585
1454 0.781979 511.870688
1455 0.780462 512.651255
1456 0.793932 513.445295
1457 0.785131 514.230533
1458 0.188344 514.418982
1459 0.188745 514.607837
1460 0.236525 514.844481
1461 0.235922 515.080509
1462 0.240389 515.321009
1463 0.236994 515.558107
1464 0.25514 515.81335
1465 0.236154 516.049614
1466 0.20911 516.258838
1467 0.213616 516.47257
1468 0.211486 516.68417
1469 0.214931 516.899225
1470 0.211107 517.110448
1471 0.212367 517.322935
1472 0.2117 517.53474
1473 0.212165 517.747016
1474 0.211844 517.958973
1475 0.212667 518.171749
1476 0.211684 518.38355
1477 0.211842 518.595508
1478 0.212753 518.808377
1479 0.212091 519.020585
1480 0.211114 519.23181
1481 0.2125 519.44442
1482 0.212461 519.656993
1483 0.211725 519.868831
1484 0.212035 520.080982
1485 0.214972 520.296075
1486 0.215557 520.511749
1487 0.21432 520.726187
1488 0.218275 520.944572
1489 0.214613 521.159297
1490 0.215257 521.374664
1491 0.215047 521.589827
1492 0.214423 521.804364
1493 0.195408 521.999886
1494 0.195148 522.195151
1495 0.240084 522.435353
1496 0.244063 522.67952
1497 0.254441 522.934067
1498 0.258682 523.192855
1499 0.244571 523.437534
1500 0.238092 523.675729
1501 0.237021 523.912864
1502 0.214477 524.127439
1503 0.215717 524.343248
1504 0.213171 524.556529
1505 0.214301 524.770946
1506 0.21383 524.984888
1507 0.214361 525.199368
1508 0.213395 525.412877
1509 0.215027 525.628026
1510 0.212963 525.841099
1511 0.215143 526.056353
1512 0.21557 526.272037
1513 0.214288 526.486441
1514 0.212931 526.699486
1515 0.214169 526.913772
1516 0.213577 527.127475
1517 0.213753 527.341338
1518 0.215044 527.556493
1519 0.213895 527.770502
1520 0.214116 527.984733
1521 0.213641 528.19849
1522 0.215719 528.414326
1523 0.213776 528.628219
1524 0.213482 528.841817
1525 0.214363 529.056291
1526 0.21334 529.269742
1527 0.214115 529.483971
1528 0.214627 529.698714
1529 0.21394 529.912772
1530 0.213416 530.126309
1531 0.215894 530.342311
1532 0.214322 530.55675
1533 0.213513 530.770377
1534 0.21414 530.984637
1535 0.213473 531.198228
1536 0.213995 531.41234
1537 0.213744 531.626201
1538 0.215609 531.841919
1539 0.213322 532.055352
1540 0.214066 532.26953
1541 0.213014 532.482659
1542 0.213068 532.695844
1543 0.213044 532.909036
1544 0.214498 533.12365
1545 0.21221 533.335965
1546 0.212764 533.548842
1547 0.214547 533.763501
1548 0.213004 533.976613
1549 0.21199 534.188719
1550 0.213232 534.402064
1551 0.212003 534.614183
1552 0.212569 534.826862
1553 0.21206 535.039029
1554 0.213181 535.252315
1555 0.212173 535.464596
1556 0.211925 535.676615
1557 0.211688 535.888419
1558 0.242383 536.130868
1559 0.240732 536.371702
1560 0.235318 536.607123
1561 0.234536 536.841763
1562 0.234062 537.075931
1563 0.233332 537.309367
1564 0.238658 537.548131
1565 0.238998 537.787241
1566 0.245627 538.032993
1567 0.23671 538.269807
1568 0.232188 538.502101
1569 0.196576 538.698789
1570 0.235626 538.93453
1571 0.24124 539.175885
1572 0.239318 539.415301
1573 0.232985 539.648389
1574 0.234692 539.883184
1575 0.231557 540.114846
1576 0.24339 540.35834
1577 0.23337 540.591816
1578 0.231638 540.82356
1579 0.221687 541.045347
1580 0.232929 541.278398
1581 0.215814 541.494322
1582 0.278311 541.772751
1583 0.284366 542.057236
1584 0.286531 542.343871
1585 0.272442 542.616418
1586 0.276776 542.8933
1587 0.219792 543.113196
1588 0.239836 543.353146
1589 0.237014 543.590278
1590 0.220096 543.810491
1591 0.219161 544.029769
1592 0.217244 544.247125
1593 0.218683 544.465927
1594 0.278257 544.744298
1595 0.214781 544.959189
1596 0.218258 545.177561
1597 0.220929 545.398617
1598 0.542302 545.941032
1599 0.218467 546.159607
1600 0.274549 546.434275
1601 0.248124 546.682523
1602 0.241935 546.924577
1603 0.255974 547.180663
1604 0.24904 547.42982
1605 0.215071 547.645006
1606 0.271285 547.916411
1607 0.248025 548.164542
1608 0.215922 548.380591
1609 0.24221 548.622919
1610 0.243502 548.866534
1611 0.247571 549.114226
1612 0.275661 549.390003
1613 0.274998 549.665106
1614 0.270204 549.935425
1615 0.283393 550.218939
1616 0.235167 550.454211
1617 0.313976 550.7683
1618 0.213339 550.981753
1619 0.236003 551.217826
1620 0.212511 551.430451
1621 0.2373 551.667863
1622 0.213756 551.881737
1623 0.212562 552.09441
1624 0.239444 552.333973
1625 0.237995 552.572089
1626 0.266041 552.838248
1627 0.267428 553.105784
1628 0.242467 553.348358
1629 0.208464 553.556938
1630 0.238988 553.796039
1631 0.231868 554.028026
1632 0.207075 554.235216
1633 0.206712 554.442042
1634 0.302652 554.744821
1635 0.208163 554.953104
1636 0.225374 555.178595
1637 0.231558 555.410267
1638 0.205268 555.615653
1639 0.2091 555.824871
1640 0.230319 556.055299
1641 0.206696 556.262111
1642 0.206704 556.468931
1643 0.202984 556.672035
1644 0.22583 556.897983
1645 0.218676 557.116777
1646 0.230331 557.347221
1647 0.230493 557.577832
1648 0.201873 557.779823
1649 0.200929 557.980869
1650 0.202072 558.183058
1651 0.217588 558.40076
1652 0.217837 558.618715
1653 0.257337 558.876162
1654 0.221055 559.097335
1655 0.198223 559.295675
1656 0.218816 559.514608
1657 0.197589 559.712313
1658 0.21218 559.924608
1659 0.196664 560.121377
1660 0.213694 560.33518
1661 0.197168 560.532466
1662 0.245356 560.777935
1663 0.192527 560.970567
1664 0.216156 561.18684
1665 0.194783 561.381748
1666 0.192825 561.57468
1667 0.193452 561.768247
1668 0.226825 561.995194
1669 0.192208 562.187521
1670 0.194211 562.381849
1671 0.189876 562.571842
1672 0.190661 562.762623
1673 0.186607 562.949338
1674 0.184768 563.134221
1675 0.199066 563.333403
1676 0.209159 563.542674
1677 0.205222 563.748007
1678 0.183446 563.931567
1679 0.210095 564.141777
1680 0.181433 564.32333
1681 0.274962 564.598401
1682 0.269665 564.868185
1683 0.199173 565.067476
1684 0.178122 565.245714
1685 0.178951 565.424791
1686 0.175611 565.600515
1687 0.176174 565.776804
1688 0.174808 565.951728
1689 0.632558 566.584404
1690 0.174778 566.759289
1691 0.263489 567.022894
1692 0.271781 567.294783
1693 0.291013 567.585903
1694 0.228902 567.814926
1695 0.21529 568.030321
1696 0.235052 568.265487
1697 0.303888 568.569488
1698 0.652 569.221601
1699 0.251048 569.472754
1700 0.568928 570.041788
1701 0.562414 570.604309
1702 0.600592 571.20501
1703 0.165914 571.371044
1704 0.169443 571.540603
1705 0.171807 571.712525
1706 0.173156 571.885802
1707 0.176784 572.062703
1708 0.180404 572.24325
1709 0.184391 572.42776
1710 0.184016 572.611885
1711 0.190062 572.80206
1712 0.192265 572.994439
1713 0.196384 573.190943
1714 0.200945 573.392001
1715 0.205531 573.597647
1716 0.210245 573.808011
1717 0.217169 574.025294
1718 0.220493 574.245905
1719 0.227206 574.473225
1720 0.232548 574.705882
1721 0.23905 574.945046
1722 0.242661 575.187817
1723 0.25328 575.44121
1724 0.259846 575.701171
1725 0.266367 575.967649
1726 0.267809 576.235573
1727 0.268354 576.504035
1728 0.271397 576.775548
1729 0.271984 577.047646
1730 0.274205 577.321963
1731 0.275822 577.597896
1732 0.279012 577.877024
1733 0.26773 578.144869
1734 0.269794 578.414777
1735 0.281443 578.696336
1736 0.285093 578.981539
1737 0.289912 579.271565
1738 0.295588 579.567264
1739 0.292692 579.860064
1740 0.297723 580.157899
1741 0.299686 580.457699
1742 0.299578 580.757388
1743 0.298133 581.055634
1744 0.301385 581.357124
1745 0.304519 581.661755
1746 0.31126 581.973126
1747 0.307744 582.280985
1748 0.31377 582.594864
1749 0.317421 582.912406
1750 0.3198 583.232328
1751 0.322976 583.555417
1752 0.331119 583.8866
1753 0.323058 584.209775
1754 0.266262 584.47615
1755 0.269449 584.74572
1756 0.26703 585.012864
1757 0.275984 585.288962
1758 0.272893 585.56197
1759 0.277669 585.839751
1760 0.279615 586.119475
1761 0.282202 586.401783
1762 0.285633 586.687531
1763 0.286756 586.974399
1764 0.293203 587.267716
1765 0.293435 587.561264
1766 0.30411 587.865487
1767 0.300611 588.166219
1768 0.312366 588.4787
1769 0.312823 588.791639
1770 0.315932 589.107685
1771 0.313534 589.421332
1772 0.320976 589.742417
1773 0.327146 590.069678
1774 0.322486 590.392279
1775 0.324304 590.716702
1776 0.331264 591.048068
1777 0.339459 591.387641
1778 0.343415 591.731174
1779 0.33987 592.071154
1780 0.351153 592.422422
1781 0.34265 592.765179
1782 0.458995 593.224283
1783 0.374063 593.59846
1784 0.422424 594.021001
1785 0.405232 594.426337
1786 0.431831 594.858282
1787 0.431849 595.290236
1788 0.443892 595.734236
1789 0.43899 596.173341
1790 0.435541 596.608985
1791 0.455847 597.064939
1792 0.437058 597.502102
1793 0.440873 597.943081
1794 0.463562 598.406751
1795 0.442686 598.849563
1796 0.490386 599.340065
1797 0.439727 599.77991
1798 0.459351 600.239366
1799 0.452643 600.692114
1800 0.48669 601.178911
1801 1.033859 602.212894
1802 1.024396 603.237396
1803 0.4865 603.724004
1804 1.03617 604.760289
1805 1.00972 605.770112
1806 0.455086 606.2253
1807 1.001784 607.227189
1808 0.506554 607.733847
1809 1.033318 608.767282
1810 0.91781 609.685199
1811 0.90511 610.590418
1812 0.899917 611.490444
1813 0.501958 611.992507
1814 0.922765 612.915389
1815 0.91538 613.830877
1816 0.659119 614.490107
1817 0.636659 615.126887
1818 0.6571 615.784098
1819 0.668136 616.452349
1820 0.665001 617.117459
1821 0.64643 617.763996
1822 0.653411 618.417523
1823 0.65828 619.075912
1824 0.65476 619.730791
1825 0.645312 620.376218
1826 0.658236 621.034575
1827 0.641109 621.675796
1828 0.649568 622.325481
1829 0.647661 622.973259
1830 0.648097 623.62142
1831 0.643099 624.264628
1832 0.639779 624.904522
1833 0.622896 625.527538
1834 0.637645 626.165296
1835 0.619998 626.785413
1836 0.632343 627.417876
1837 0.627819 628.04581
1838 0.62568 628.671607
1839 0.613895 629.285619
1840 0.611846 629.897584
1841 0.622824 630.520531
1842 0.615966 631.13661
1843 0.617916 631.754642
1844 0.614666 632.369425
1845 0.604245 632.97379
1846 0.59551 633.569419
1847 0.600967 634.170503
1848 0.607984 634.778607
1849 0.609929 635.388655
1850 0.596717 635.985498
1851 0.605944 636.591562
1852 0.596538 637.188221
1853 0.59757 637.785917
1854 0.601422 638.387459
1855 0.597376 638.984953
1856 0.59464 639.579712
1857 0.592191 640.172023
1858 0.592035 640.764172
1859 0.588382 641.352689
1860 0.588383 641.941188
1861 0.585934 642.527235
1862 0.582275 643.109623
1863 0.582159 643.691905
1864 0.579532 644.271555
1865 0.569493 644.841168
1866 0.573195 645.414483
1867 0.564001 645.978602
1868 0.572531 646.551259
1869 0.572043 647.123419
1870 0.571753 647.695287
1871 0.559854 648.255261
1872 0.563771 648.819135
1873 0.555459 649.374711
1874 0.548944 649.923797
1875 0.558899 650.482794
1876 0.553049 651.035961
1877 0.554626 651.59071
1878 0.552044 652.142873
1879 0.553224 652.696212
1880 0.549141 653.24548
1881 0.547914 653.79351
1882 0.546805 654.340435
1883 0.535776 654.876326
1884 0.534573 655.411021
1885 0.541417 655.952556
1886 0.537788 656.490462
1887 0.531574 657.022159
1888 0.535618 657.557891
1889 0.533857 658.091862
1890 0.53068 658.622664
1891 0.526772 659.149548
1892 0.524555 659.674221
1893 0.527042 660.201383
1894 0.526864 660.728363
1895 0.516174 661.24465
1896 0.517783 661.762554
1897 0.511776 662.274449
1898 0.518573 662.79314
1899 0.512298 663.305559
1900 0.511345 663.817026
1901 0.508346 664.325486
1902 0.504539 664.830139
1903 0.507513 665.337767
1904 0.506911 665.844794
1905 0.504493 666.349402
1906 0.503784 666.853308
1907 0.500025 667.353452
1908 0.498791 667.852359
1909 0.501632 668.354109
1910 0.499063 668.853289
1911 0.499424 669.352826
1912 0.492047 669.844974
1913 0.490872 670.335961
1914 0.488386 670.824462
1915 0.48791 671.312484
1916 0.484374 671.796972
1917 0.482938 672.280033
1918 0.480302 672.760455
1919 0.479919 673.240486
1920 0.478184 673.718787
1921 0.476158 674.195058
1922 0.473727 674.668903
1923 0.47219 675.141212
1924 0.470801 675.612129
1925 0.468487 676.080743
1926 0.466781 676.547643
1927 0.464929 677.012689
1928 0.463154 677.475966
1929 0.462642 677.938728
1930 0.460087 678.398933
1931 0.457605 678.856656
1932 0.455847 679.312622
1933 0.452188 679.764928
1934 0.451062 680.216111
1935 0.447249 680.663484
1936 0.446211 681.109814
1937 0.442175 681.552111
1938 0.443616 681.995855
1939 0.436206 682.432181
1940 0.433899 682.866209
1941 0.424318 683.290649
1942 0.424292 683.715061
1943 0.424435 684.139615
1944 0.417493 684.557226
1945 0.417879 684.975221
1946 0.414951 685.390293
1947 0.411274 685.801686
1948 0.415745 686.217552
1949 0.407405 686.625072
1950 0.405499 687.030685
1951 0.405611 687.436411
1952 0.403195 687.839725
1953 0.402881 688.242729
1954 0.403532 688.646387
1955 0.394408 689.040911
1956 0.403674 689.444702
1957 0.3884 689.833218
1958 0.390191 690.223522
1959 0.386366 690.610001
1960 0.380273 690.990392
1961 0.382905 691.373418
1962 0.37755 691.751087
1963 0.3737 692.124903
1964 0.381636 692.506653
1965 0.368415 692.875187
1966 0.362466 693.237772
1967 0.355075 693.592968
1968 0.408769 694.001862
1969 0.406806 694.408789
1970 0.40517 694.814078
1971 0.415521 695.22972
1972 0.415219 695.64506
1973 0.407728 696.052904
1974 0.407167 696.460189
1975 0.403265 696.863578
1976 0.404318 697.268013
1977 0.402706 697.670839
1978 0.39219 698.063147
1979 0.398156 698.461421
1980 0.383426 698.84497
1981 0.381728 699.226822
1982 0.38303 699.60997
1983 0.372565 699.982655
1984 0.374911 700.357675
1985 0.370476 700.728267
1986 0.367407 701.095789
1987 0.361903 701.45781
1988 0.357336 701.815262
1989 0.352987 702.16837
1990 0.366753 702.535243
1991 0.363773 702.899133
1992 0.366482 703.265736
1993 0.363112 703.62897
1994 0.35779 703.986879
1995 0.349742 704.336748
1996 0.347416 704.684284
1997 0.33121 705.015615
1998 0.328849 705.344583
1999 0.323314 705.668013
2000 0.317493 705.985625
2001 0.311371 706.297116
2002 0.309199 706.606437
2003 0.315323 706.921879
2004 0.310651 707.232647
2005 0.308237 707.541001
2006 0.297603 707.838721
2007 0.2954 708.134238
2008 0.296984 708.431337
2009 0.292413 708.723865
2010 0.285483 709.009464
2011 0.28353 709.293112
2012 0.286809 709.580043
2013 0.277295 709.857461
2014 0.278901 710.13648
2015 0.27655 710.413144
2016 0.274534 710.687795
2017 0.275473 710.963386
2018 0.269564 711.233068
2019 0.263164 711.496346
2020 0.259106 711.755567
2021 0.256966 712.012648
2022 0.255632 712.268398
2023 0.258448 712.526956
2024 0.250144 712.777208
2025 0.255101 713.032415
2026 0.24958 713.282105
2027 0.249721 713.531935
2028 0.25234 713.784382
2029 0.239065 714.023558
2030 0.236491 714.260157
2031 0.221559 714.481833
2032 0.222065 714.704005
2033 0.220945 714.925062
2034 0.221009 715.146184
2035 0.21514 715.361433
2036 0.214734 715.576275
2037 0.213707 715.790092
2038 0.21065 716.000859
2039 0.213574 716.214565
2040 0.203881 716.418558
2041 0.19787 716.616536
2042 0.201835 716.81848
2043 0.197791 717.016381
2044 0.195273 717.211762
2045 0.192588 717.404461
2046 0.186929 717.591498
2047 0.187864 717.779473
2048 0.186737 717.966318
2049 0.183111 718.149534
2050 0.181696 718.331339
2051 0.180039 718.511485
2052 0.18535 718.696929
2053 0.174521 718.871557
2054 0.177096 719.048762
2055 0.171823 719.220694
2056 0.176387 719.397189
2057 0.167721 719.565017
2058 0.173344 719.73847
2059 0.163098 719.901682
2060 0.166451 720.068242
2061 0.159927 720.228275
2062 0.156705 720.385088
2063 0.157581 720.54278
2064 0.153744 720.696638
2065 0.155131 720.851877
2066 0.14812 721.000107
2067 0.144869 721.145085
2068 0.144892 721.290083
2069 0.140282 721.430474
2070 0.138988 721.56957
2071 0.1533 721.722977
2072 0.146559 721.869644
2073 0.142143 722.011897
2074 0.139379 722.151386
2075 0.136221 722.287714
2076 0.132827 722.420651
2077 0.128718 722.549476
2078 0.124133 722.673716
2079 0.120153 722.793975
2080 0.116988 722.911073
2081 0.114626 723.025808
2082 0.109728 723.135649
2083 0.107025 723.242782
2084 0.106331 723.349221
2085 0.103641 723.452968
2086 0.102506 723.555583
2087 0.098562 723.654252
2088 0.095004 723.749365
2089 0.094847 723.844319
2090 0.088404 723.932829
2091 0.085347 724.018284
2092 0.083153 724.101543
2093 0.081314 724.182964
2094 0.077191 724.260261
2095 0.077665 724.338031
2096 0.074421 724.412559
2097 0.07064 724.483309
2098 0.070155 724.553572
2099 0.069301 724.622983
2100 0.068403 724.691493
2101 0.067511 724.759112
done 2101 0.06211 724.821335
