[runlim] version:		1.7
[runlim] time limit:		3600 seconds
[runlim] real time limit:	311040000 seconds
[runlim] space limit:		80000 MB
[runlim] argv[0]:		python3.6
[runlim] argv[1]:		./netsolver-gurobi-hotspot.py
[runlim] argv[2]:		../../../instances/hadoop/hadoop_extensions/us-west1.pn
[runlim] argv[3]:		../../../instances/hadoop/hadoop_extensions/hadoop_10_2bw.vn
[runlim] argv[4]:		True
[runlim] argv[5]:		False
[runlim] argv[6]:		timelogs/hotspot/results.hotspot.us-west1.pn.hadoop_10_2bw.vn.log
[runlim] start:			Sun Sep 22 13:47:00 2019
[runlim] main pid:		35952
Academic license - for non-commercial use only
[runlim] sample:		10.0 seconds, 146.4 MB
[runlim] sample:		20.0 seconds, 168.4 MB
[runlim] sample:		30.0 seconds, 169.3 MB
[runlim] sample:		40.0 seconds, 169.9 MB
[runlim] sample:		50.0 seconds, 138.6 MB
[runlim] sample:		60.0 seconds, 176.4 MB
[runlim] sample:		70.0 seconds, 176.4 MB
[runlim] sample:		80.0 seconds, 160.9 MB
[runlim] sample:		90.0 seconds, 133.6 MB
[runlim] sample:		100.0 seconds, 167.7 MB
[runlim] sample:		110.0 seconds, 150.2 MB
[runlim] sample:		120.0 seconds, 150.3 MB
[runlim] sample:		130.0 seconds, 180.1 MB
[runlim] sample:		140.0 seconds, 177.9 MB
[runlim] sample:		150.0 seconds, 150.3 MB
[runlim] sample:		160.0 seconds, 177.3 MB
[runlim] sample:		170.0 seconds, 176.1 MB
[runlim] sample:		180.0 seconds, 168.4 MB
[runlim] sample:		190.0 seconds, 168.5 MB
[runlim] sample:		200.0 seconds, 181.3 MB
[runlim] sample:		210.0 seconds, 170.6 MB
[runlim] sample:		220.0 seconds, 176.9 MB
[runlim] sample:		230.0 seconds, 139.0 MB
[runlim] sample:		240.0 seconds, 159.0 MB
[runlim] sample:		250.0 seconds, 180.8 MB
[runlim] sample:		260.0 seconds, 180.3 MB
[runlim] sample:		270.0 seconds, 171.5 MB
[runlim] sample:		280.0 seconds, 139.8 MB
[runlim] sample:		290.0 seconds, 170.9 MB
[runlim] sample:		300.0 seconds, 170.9 MB
[runlim] sample:		310.0 seconds, 166.2 MB
[runlim] sample:		320.0 seconds, 179.9 MB
[runlim] sample:		330.0 seconds, 179.2 MB
[runlim] sample:		340.0 seconds, 159.3 MB
[runlim] sample:		350.0 seconds, 174.8 MB
[runlim] sample:		360.0 seconds, 168.1 MB
[runlim] sample:		370.0 seconds, 178.3 MB
[runlim] sample:		380.0 seconds, 179.3 MB
[runlim] sample:		390.0 seconds, 169.3 MB
[runlim] sample:		400.0 seconds, 148.5 MB
[runlim] sample:		410.0 seconds, 149.3 MB
[runlim] sample:		420.0 seconds, 174.8 MB
[runlim] sample:		430.0 seconds, 174.0 MB
[runlim] sample:		440.0 seconds, 174.2 MB
[runlim] sample:		450.0 seconds, 165.0 MB
[runlim] sample:		460.0 seconds, 164.7 MB
[runlim] sample:		470.0 seconds, 168.2 MB
[runlim] sample:		480.0 seconds, 136.6 MB
[runlim] sample:		490.0 seconds, 155.8 MB
[runlim] sample:		500.0 seconds, 166.5 MB
[runlim] sample:		510.0 seconds, 182.4 MB
[runlim] sample:		520.0 seconds, 150.6 MB
[runlim] sample:		530.0 seconds, 162.6 MB
[runlim] sample:		540.0 seconds, 161.6 MB
[runlim] sample:		550.0 seconds, 167.6 MB
[runlim] sample:		560.0 seconds, 167.9 MB
[runlim] sample:		570.0 seconds, 175.0 MB
[runlim] sample:		580.0 seconds, 167.1 MB
[runlim] sample:		590.0 seconds, 169.7 MB
[runlim] sample:		600.0 seconds, 173.8 MB
[runlim] sample:		610.0 seconds, 173.8 MB
[runlim] sample:		620.0 seconds, 173.8 MB
[runlim] sample:		630.0 seconds, 178.7 MB
[runlim] sample:		640.0 seconds, 178.7 MB
[runlim] sample:		650.0 seconds, 178.7 MB
[runlim] sample:		660.0 seconds, 187.2 MB
[runlim] sample:		670.0 seconds, 187.2 MB
[runlim] sample:		680.0 seconds, 187.2 MB
[runlim] sample:		690.0 seconds, 173.6 MB
[runlim] sample:		700.0 seconds, 178.0 MB
[runlim] sample:		710.0 seconds, 180.3 MB
[runlim] sample:		720.0 seconds, 188.3 MB
[runlim] sample:		730.0 seconds, 174.0 MB
[runlim] sample:		740.0 seconds, 183.6 MB
[runlim] sample:		750.0 seconds, 183.6 MB
[runlim] sample:		760.0 seconds, 183.6 MB
[runlim] sample:		770.0 seconds, 183.6 MB
[runlim] sample:		780.0 seconds, 183.6 MB
[runlim] sample:		790.0 seconds, 183.6 MB
[runlim] sample:		800.0 seconds, 183.6 MB
[runlim] sample:		810.0 seconds, 183.6 MB
[runlim] sample:		820.0 seconds, 183.6 MB
[runlim] sample:		830.0 seconds, 183.6 MB
[runlim] sample:		840.0 seconds, 183.6 MB
[runlim] sample:		850.0 seconds, 183.6 MB
[runlim] sample:		860.0 seconds, 183.6 MB
[runlim] sample:		870.0 seconds, 183.6 MB
[runlim] sample:		880.0 seconds, 183.6 MB
887.92487
221
Median time: 3.01809 s
[runlim] end:			Sun Sep 22 14:01:48 2019
[runlim] status:		ok
[runlim] result:		0
[runlim] children:		0
[runlim] real:			888.64 seconds
[runlim] time:			888.08 seconds
[runlim] space:			255.9 MB
[runlim] samples:		8881
