# instance ../../../instances/hadoop/hadoop_extensions/us-west2.pn
# Settings: PN=../../../instances/hadoop/hadoop_extensions/us-west2.pn, VN=../../../instances/hadoop/hadoop_extensions/hadoop_10_1bw.vn, multi-thread=False
init 0.706597 0.706597
1 1.465937 2.172534
2 0.126545 2.299196
3 0.133134 2.432446
4 0.213444 2.646008
5 0.187641 2.833768
6 0.282664 3.116552
7 0.240649 3.357314
8 0.186667 3.544097
9 0.157132 3.701355
10 0.202633 3.90411
11 0.183635 4.087862
12 0.204637 4.292624
13 0.176114 4.468856
14 0.218388 4.687362
15 0.185743 4.873222
16 0.36213 5.235473
17 0.184566 5.420161
18 0.307752 5.728035
19 0.240507 5.968655
20 0.191506 6.160278
21 0.198557 6.358957
22 0.190769 6.549848
23 0.191052 6.741019
24 0.251213 6.992352
25 0.196876 7.189343
26 0.393632 7.583097
27 0.284311 7.867524
28 0.708705 8.576342
29 1.651715 10.228173
30 0.126974 10.355255
31 0.132369 10.487746
32 0.136491 10.62436
33 0.165953 10.790433
34 0.173323 10.963878
35 0.201775 11.165776
36 0.174286 11.340182
37 0.177567 11.517871
38 0.175239 11.693229
39 0.18145 11.874803
40 0.242799 12.117725
41 0.287637 12.405481
42 0.218713 12.624306
43 0.181125 12.805548
44 0.184523 12.990192
45 0.209605 13.199921
46 0.315035 13.515071
47 0.300105 13.815294
48 0.497697 14.313103
49 0.233843 14.547059
50 0.32244 14.869619
51 0.627575 15.497308
52 0.201425 15.698847
53 0.221133 15.920099
54 0.252073 16.172293
55 0.321894 16.494303
56 0.524002 17.018417
57 1.439941 18.458474
58 0.126157 18.58474
59 0.16066 18.745522
60 0.203812 18.949456
61 0.239961 19.189537
62 0.247375 19.43703
63 0.240529 19.67768
64 0.231504 19.909305
65 0.219018 20.128426
66 0.265945 20.394489
67 0.297118 20.691724
68 0.370676 21.062521
69 0.292737 21.355382
70 0.428046 21.783551
71 0.386289 22.169955
72 0.270703 22.440772
73 0.303953 22.744848
74 0.357096 23.102068
75 0.335715 23.437902
76 0.292429 23.730452
77 0.364126 24.0947
78 0.365085 24.459905
79 0.286 24.74602
80 0.393482 25.139623
81 0.37857 25.51831
82 0.353824 25.872252
83 0.484543 26.356912
84 2.305054 28.662085
85 0.249613 28.911814
86 0.127112 29.039044
87 0.1265 29.165668
88 0.582262 29.748052
89 0.178023 29.926187
90 0.166331 30.092627
91 0.444298 30.537044
92 0.619645 31.1568
93 0.633672 31.790588
94 0.639903 32.43062
95 0.20251 32.633253
96 0.63812 33.271498
97 0.600703 33.872311
98 0.62944 34.501866
99 0.693164 35.195154
100 0.675457 35.87073
101 0.416711 36.287562
102 0.44299 36.730673
103 0.470953 37.201748
104 0.403398 37.605265
105 0.183719 37.789103
106 0.426033 38.215264
107 0.998468 39.213853
108 0.901196 40.115165
109 0.964677 41.07995
110 0.232147 41.312208
111 0.183587 41.495909
112 0.234421 41.730447
113 0.227479 41.958051
114 0.295288 42.253463
115 0.607747 42.861327
116 0.274717 43.136156
117 0.389803 43.526084
118 0.412269 43.938471
119 0.847023 44.785609
120 0.294064 45.07979
121 0.579207 45.659118
122 0.329446 45.988679
123 0.695701 46.684496
124 0.82204 47.506651
125 0.232505 47.73927
126 0.269241 48.008626
127 0.227701 48.236438
128 0.300401 48.536954
129 0.45226 48.989323
130 0.396133 49.385567
131 0.193559 49.579236
done 131 0.197117 49.776461
