# instance ../../../instances/hadoop/hadoop_extensions/us-mid2.pn
# Settings: PN=../../../instances/hadoop/hadoop_extensions/us-mid2.pn, VN=../../../instances/hadoop/hadoop_extensions/hadoop_10_2bw.vn, multi-thread=False
init 1.97015 1.97015
1 15.855325 17.825475
2 0.420583 18.246186
3 0.440518 18.686828
4 0.442268 19.129219
5 0.452817 19.582164
6 0.855461 20.437752
7 0.468785 20.90666
8 0.877165 21.783949
9 0.672079 22.456144
10 0.704083 23.160347
11 2.260477 25.420943
12 0.886553 26.307616
13 2.772769 29.080514
14 0.810862 29.891497
15 0.811448 30.70307
16 0.912201 31.615411
17 0.831999 32.447528
18 0.89735 33.345002
19 0.911333 34.256461
20 2.941637 37.198225
21 0.887687 38.086041
22 2.009469 40.095634
23 1.977397 42.073161
24 0.857238 42.930517
25 0.832953 43.76362
26 1.031493 44.795241
27 1.682633 46.477998
28 1.727416 48.205534
29 0.997 49.202659
30 1.901503 51.10429
31 2.279913 53.384324
32 3.506787 56.891232
33 1.972379 58.863735
34 2.344416 61.208275
35 0.939207 62.14761
36 0.908716 63.056447
37 2.794286 65.850853
38 0.712621 66.563604
39 1.998031 68.561756
40 2.436349 70.998229
41 1.178197 72.176562
42 4.451299 76.627989
43 5.364945 81.99306
44 3.835871 85.829055
45 3.174012 89.003188
46 1.099832 90.10314
47 2.21856 92.321828
48 0.911591 93.233535
49 0.954556 94.188215
50 3.349313 97.537653
51 3.194649 100.732437
52 1.918321 102.650887
53 2.566083 105.2171
54 2.396056 107.613275
55 1.386814 109.000208
56 3.708766 112.709102
57 0.987628 113.696852
58 1.273539 114.970514
59 0.919813 115.89048
60 3.197878 119.088484
61 0.994521 120.083117
62 1.061983 121.145225
63 1.613756 122.759104
64 6.378067 129.137294
65 7.745136 136.882559
66 1.683399 138.566104
67 2.152568 140.718796
68 2.348751 143.067673
69 1.437681 144.505463
70 1.146715 145.652301
71 4.820684 150.473108
72 3.129233 153.602463
73 4.703915 158.306506
74 3.333337 161.639984
75 0.40117 162.041262
76 0.427339 162.468719
77 0.347334 162.816171
78 0.953997 163.770281
79 0.543662 164.314065
80 0.543851 164.858033
81 0.376698 165.234848
82 2.929014 168.163992
83 0.386126 168.55024
84 1.906841 170.457204
85 1.789055 172.246393
86 1.364125 173.610642
87 1.320882 174.931643
88 1.909698 176.841463
89 0.819381 177.66098
90 0.651041 178.312146
91 0.679949 178.992217
92 0.440663 179.433008
93 1.496 180.929133
94 0.41125 181.340506
95 0.42758 181.76821
96 2.118764 183.887096
97 0.42864 184.315854
98 1.980288 186.296261
99 2.308648 188.605035
100 0.692756 189.297921
101 0.909554 190.207601
102 0.662936 190.870659
103 3.170621 194.041402
104 2.373117 196.414653
105 0.701985 197.116755
106 2.149254 199.266126
107 3.378442 202.644693
108 1.757858 204.402677
109 0.421739 204.824538
110 0.393293 205.217954
111 4.267133 209.485211
112 1.830683 211.316026
113 1.249822 212.565966
114 1.313263 213.879356
115 1.641262 215.520749
116 0.297085 215.817951
117 0.79492 216.612992
118 2.424096 219.037207
119 0.692584 219.72992
120 3.215982 222.946014
121 1.534856 224.480986
122 1.573271 226.054378
123 3.935759 229.990261
124 1.855696 231.846083
125 3.87351 235.719719
126 0.293517 236.013358
127 0.288118 236.301592
128 0.328382 236.630108
129 0.246414 236.876647
130 0.688013 237.564785
131 0.262021 237.826922
132 0.326348 238.153391
133 0.324204 238.477719
134 1.749083 240.226921
135 0.221709 240.448753
136 1.234401 241.683276
137 0.904794 242.588195
138 3.242638 245.830958
139 3.169613 249.000694
140 0.429466 249.430292
141 1.286258 250.716669
142 0.211912 250.9287
143 0.993345 251.922171
144 0.216998 252.139289
145 1.027472 253.166887
146 1.472304 254.639316
147 0.753233 255.392677
148 0.334523 255.727326
done 148 0.815387 256.54284
