[runlim] version:		1.7
[runlim] time limit:		3600 seconds
[runlim] real time limit:	311040000 seconds
[runlim] space limit:		80000 MB
[runlim] argv[0]:		python3.6
[runlim] argv[1]:		./netsolver-gurobi-hotspot.py
[runlim] argv[2]:		../../../instances/hadoop/hadoop_extensions/us-mid1.pn
[runlim] argv[3]:		../../../instances/hadoop/hadoop_extensions/hadoop_15_1bw.vn
[runlim] argv[4]:		True
[runlim] argv[5]:		False
[runlim] argv[6]:		timelogs/hotspot/results.hotspot.us-mid1.pn.hadoop_15_1bw.vn.log
[runlim] start:			Sun Sep 22 12:31:19 2019
[runlim] main pid:		35844
Academic license - for non-commercial use only
[runlim] sample:		10.0 seconds, 98.4 MB
[runlim] sample:		20.0 seconds, 98.4 MB
[runlim] sample:		30.0 seconds, 93.1 MB
[runlim] sample:		40.0 seconds, 92.9 MB
[runlim] sample:		50.0 seconds, 98.2 MB
[runlim] sample:		60.0 seconds, 98.1 MB
[runlim] sample:		70.0 seconds, 96.0 MB
[runlim] sample:		80.0 seconds, 87.8 MB
[runlim] sample:		90.0 seconds, 93.8 MB
[runlim] sample:		100.0 seconds, 93.1 MB
[runlim] sample:		110.0 seconds, 92.9 MB
[runlim] sample:		120.0 seconds, 92.9 MB
[runlim] sample:		130.0 seconds, 92.9 MB
134.191898
74
Median time: 1.34229 s
[runlim] end:			Sun Sep 22 12:33:34 2019
[runlim] status:		ok
[runlim] result:		0
[runlim] children:		0
[runlim] real:			135.11 seconds
[runlim] time:			134.29 seconds
[runlim] space:			102.5 MB
[runlim] samples:		1343
