# instance ../../../instances/hadoop/hadoop_extensions/us-west2.pn
# Settings: PN=../../../instances/hadoop/hadoop_extensions/us-west2.pn, VN=../../../instances/hadoop/hadoop_extensions/hadoop_15_2bw.vn, multi-thread=False
init 0.973979 0.973979
1 7.967202 8.941181
2 0.187239 9.128555
3 1.768318 10.896993
4 2.277204 13.174323
5 0.577119 13.751563
6 0.865181 14.616861
7 1.048307 15.665287
8 0.231827 15.897227
9 0.220979 16.118333
10 0.265128 16.383581
11 0.266747 16.650456
12 0.255869 16.90645
13 0.295987 17.202565
14 0.229749 17.432443
15 0.99115 18.423719
16 3.177581 21.601413
17 1.264891 22.866434
18 0.612784 23.479342
19 0.33261 23.812064
20 0.863853 24.676058
21 0.401357 25.077537
22 0.249404 25.327067
23 0.192784 25.519975
24 1.986337 27.506445
25 0.258086 27.764657
26 1.097856 28.862641
27 1.802434 30.665202
28 0.166776 30.832104
29 0.756023 31.588254
30 0.963049 32.551418
31 0.286127 32.837671
32 2.031228 34.869023
33 2.180732 37.049883
34 2.63017 39.680171
35 0.837625 40.51791
36 1.13163 41.649662
37 2.20374 43.85353
38 3.652121 47.505764
39 3.115589 50.621471
40 1.075539 51.697129
41 0.727685 52.424927
42 1.008927 53.433974
43 1.129126 54.563222
done 43 1.343201 55.906538
