[runlim] version:		1.7
[runlim] time limit:		3600 seconds
[runlim] real time limit:	311040000 seconds
[runlim] space limit:		80000 MB
[runlim] argv[0]:		python3.6
[runlim] argv[1]:		./netsolver-gurobi-hotspot.py
[runlim] argv[2]:		../../../instances/hadoop/hadoop_extensions/us-west2.pn
[runlim] argv[3]:		../../../instances/hadoop/hadoop_extensions/hadoop_10_1bw.vn
[runlim] argv[4]:		True
[runlim] argv[5]:		False
[runlim] argv[6]:		timelogs/hotspot/results.hotspot.us-west2.pn.hadoop_10_1bw.vn.log
[runlim] start:			Sun Sep 22 14:42:40 2019
[runlim] main pid:		35984
Academic license - for non-commercial use only
[runlim] sample:		10.0 seconds, 58.6 MB
[runlim] sample:		20.0 seconds, 57.5 MB
[runlim] sample:		30.0 seconds, 57.1 MB
[runlim] sample:		40.0 seconds, 55.2 MB
49.776461
131
Median time: 0.274717 s
[runlim] end:			Sun Sep 22 14:43:30 2019
[runlim] status:		ok
[runlim] result:		0
[runlim] children:		0
[runlim] real:			50.67 seconds
[runlim] time:			49.89 seconds
[runlim] space:			61.3 MB
[runlim] samples:		499
