# instance ../../../instances/hadoop/hadoop_extra/us-west1.pn
# Settings: PN=../../../instances/hadoop/hadoop_extra/us-west1.pn, VN=../../../instances/hadoop/instance_list_hadoop_10vm_rnd.txt, multi-thread=False
init 0.021796 0.021796
1 3.399143 3.420939
2 3.596333 7.017399
3 3.59053 10.608049
4 3.565269 14.173454
5 3.47197 17.64555
6 3.496302 21.141974
7 3.481976 24.624076
8 3.465594 28.089797
9 3.504817 31.594746
10 3.496584 35.091456
11 3.514223 38.605811
12 3.523594 42.129531
13 3.508268 45.637927
14 3.516786 49.154841
15 3.516078 52.671046
16 3.512585 56.183761
17 3.52483 59.708717
18 3.539367 63.248209
19 3.520713 66.76905
20 3.55408 70.323262
21 3.533922 73.857314
22 3.532007 77.389448
23 3.535703 80.925277
24 3.539782 84.465187
25 3.53241 87.99773
26 3.529959 91.527809
27 3.511724 95.039678
28 3.503817 98.543627
29 3.517536 102.061282
30 3.503745 105.565161
31 3.487984 109.053275
32 3.520715 112.574131
33 3.522216 116.096474
34 3.46528 119.561874
35 3.379047 122.941043
36 3.409487 126.350637
37 3.394878 129.745629
38 3.356311 133.10205
39 3.372223 136.474394
40 3.373487 139.848002
41 3.406851 143.254967
42 3.442428 146.697517
43 3.408183 150.105826
44 3.458338 153.564286
45 3.420225 156.984634
46 3.461091 160.445853
47 3.455184 163.901154
48 3.434642 167.335922
49 3.424736 170.760777
50 3.39939 174.160292
51 3.465523 177.625928
52 3.441271 181.067334
53 3.444545 184.512006
54 3.470586 187.982716
55 3.398052 191.380892
56 3.454076 194.83509
57 3.47901 198.314219
58 3.517866 201.832196
59 3.522548 205.354868
60 3.524726 208.879718
61 3.554295 212.434131
62 3.56683 216.001085
63 3.571781 219.573001
64 3.547298 223.120418
65 3.534355 226.654897
66 3.560391 230.21541
67 3.566906 233.782437
68 3.541353 237.323923
69 3.544971 240.869023
70 3.56073 244.429876
71 3.54742 247.97742
72 3.547071 251.524617
73 3.554747 255.0795
74 3.558491 258.638124
75 3.57376 262.212014
76 3.568444 265.78058
77 3.539681 269.320391
78 3.564529 272.885054
79 3.537472 276.422655
80 3.570647 279.993429
81 3.529386 283.522939
82 3.537824 287.060888
83 3.539241 290.600252
84 3.527156 294.127544
85 3.542227 297.6699
86 3.550954 301.220982
87 3.539219 304.760322
88 3.508413 308.26885
89 3.569817 311.838794
90 3.561249 315.400177
91 3.565011 318.965318
92 3.538087 322.503541
93 3.54272 326.046391
94 3.547183 329.593694
95 3.541983 333.135806
96 3.507542 336.643494
97 3.53428 340.177889
98 3.536909 343.714919
99 3.53925 347.254286
100 3.527593 350.782009
101 3.507053 354.289196
102 3.514317 357.80364
103 3.477499 361.281263
104 3.514233 364.795619
105 3.513299 368.309041
106 3.495598 371.80476
107 3.502414 375.307291
108 3.506487 378.813908
109 3.502745 382.31677
110 3.512981 385.829872
111 3.518862 389.348866
112 3.562659 392.911653
113 3.497476 396.409267
114 3.442409 399.851793
115 3.516008 403.367954
116 3.553585 406.921666
117 3.521958 410.443755
118 3.530653 413.974559
119 3.511447 417.486132
120 3.519401 421.005667
121 3.488166 424.493968
122 3.494319 427.988419
123 3.508815 431.497365
124 3.537231 435.034732
125 3.462612 438.49748
126 3.524043 442.021656
127 3.47872 445.500506
128 3.48497 448.985613
129 3.492253 452.477993
130 3.522728 456.000853
131 3.515538 459.516524
132 3.495054 463.011705
133 3.472288 466.484118
134 3.499734 469.983988
135 3.499328 473.483446
136 3.47696 476.960536
137 3.465774 480.42644
138 3.513646 483.940217
139 3.498801 487.439154
140 3.503678 490.942966
141 3.502792 494.445889
142 3.489187 497.935205
143 3.49652 501.431857
144 3.501644 504.933656
145 3.48886 508.422648
146 3.505208 511.927992
147 3.486021 515.414144
148 3.49993 518.914197
149 3.490584 522.404901
150 3.481765 525.8868
151 3.470137 529.357074
152 3.501727 532.858931
153 3.504474 536.363535
154 3.509916 539.873584
155 3.467483 543.341196
156 3.500265 546.841594
157 3.497848 550.339574
158 3.497671 553.837378
159 3.44608 557.283588
160 3.449433 560.733153
161 3.467678 564.200968
162 3.443394 567.644484
163 3.470689 571.115304
164 3.428476 574.543909
165 3.408908 577.952941
166 3.377479 581.330545
167 3.413981 584.744656
168 3.407888 588.152676
169 3.416415 591.569221
170 3.421444 594.990814
171 3.410596 598.401541
172 3.413015 601.814689
173 3.413302 605.228116
174 3.453253 608.681503
175 3.438816 612.120453
176 3.471975 615.592552
177 3.4475 619.04018
178 3.474089 622.514402
179 3.43589 625.950421
180 3.49263 629.44318
181 3.430441 632.873758
182 3.409043 636.282931
183 3.45455 639.73762
184 3.468055 643.205801
185 3.486627 646.692558
186 3.481055 650.173742
187 3.47911 653.652985
188 3.476952 657.130074
189 3.439014 660.569225
190 3.429265 663.998621
191 3.42847 667.427222
192 3.442552 670.869907
193 3.467502 674.337543
194 3.435802 677.773472
195 3.44149 681.215092
196 3.427994 684.643214
197 3.441193 688.084537
198 3.466317 691.550988
199 3.421415 694.972526
200 3.454394 698.427049
201 3.448418 701.875599
202 3.449559 705.325294
203 3.435653 708.761081
204 3.452683 712.213891
205 3.430926 715.644938
206 3.453133 719.098204
207 3.437715 722.53605
208 3.364004 725.900179
209 3.330293 729.230602
210 3.380493 732.611212
211 3.330728 735.942058
212 3.298503 739.240696
213 3.317437 742.558264
214 3.349737 745.908131
215 3.350924 749.259188
216 3.359897 752.619211
217 3.355304 755.974642
218 3.374234 759.348997
219 3.42305 762.772179
220 3.408217 766.180518
221 3.39927 769.57992
222 3.399329 772.979374
223 3.392036 776.37154
224 3.400058 779.771716
225 3.405455 783.177302
226 3.396961 786.57439
227 3.400461 789.974966
228 3.393266 793.368355
229 3.371599 796.740074
230 3.385739 800.125944
231 3.390299 803.516373
232 3.395241 806.911737
233 3.358369 810.270233
234 3.39042 813.660783
235 3.332015 816.992931
236 3.357457 820.350515
237 3.373267 823.723889
238 3.35854 827.082561
239 3.347044 830.42973
240 3.354539 833.784394
241 3.341968 837.126483
242 3.37257 840.499185
243 3.385083 843.884394
244 3.376587 847.261115
245 3.367067 850.628308
246 3.365314 853.993747
247 3.378779 857.372655
248 3.356856 860.729632
249 3.381125 864.110887
250 3.351985 867.463
251 3.370932 870.834055
252 3.364394 874.198579
253 3.34796 877.546669
254 3.379658 880.926468
255 3.374211 884.300813
256 3.362008 887.662952
257 3.318978 890.982063
258 3.363207 894.345392
259 3.337755 897.683277
260 3.329037 901.012433
261 3.352522 904.365067
262 3.328942 907.694137
263 3.344562 911.03882
264 3.344207 914.383131
265 3.319145 917.702407
266 3.325228 921.027761
267 3.342124 924.37004
268 3.327734 927.697906
269 3.32748 931.025518
270 3.321783 934.347436
271 3.323026 937.670595
272 3.318377 940.989096
273 3.332308 944.321531
274 3.308973 947.630634
275 3.328868 950.959633
276 3.319018 954.278776
277 3.304915 957.583806
278 3.307966 960.891918
279 3.320253 964.212291
280 3.317511 967.529927
281 3.293751 970.823809
282 3.217745 974.041694
283 3.224683 977.266502
284 3.297251 980.563885
285 3.297847 983.861878
286 3.306125 987.168128
287 3.285793 990.454043
done 287 3.276452 993.730619
