# instance ../../../instances/hadoop/hadoop_extra/us-mid1.pn
# Settings: PN=../../../instances/hadoop/hadoop_extra/us-mid1.pn, VN=../../../instances/hadoop/instance_list_hadoop_10vm_rnd.txt, multi-thread=False
init 0.007349 0.007349
1 1.060274 1.067623
2 1.124324 2.192069
3 1.093393 3.285588
4 1.128261 4.413971
5 1.089082 5.503175
6 1.110494 6.613799
7 1.086605 7.700526
8 1.11759 8.818239
9 1.091183 9.909538
10 1.112125 11.02179
11 1.095611 12.117523
12 1.132956 13.250602
13 1.100284 14.35101
14 1.127339 15.47846
15 1.101848 16.58043
16 1.098643 17.679203
17 1.120294 18.799618
18 1.114385 19.914128
19 1.124843 21.039094
20 1.112014 22.151224
21 1.11584 23.267192
22 1.09508 24.3624
23 1.119956 25.482481
24 1.094082 26.576685
25 1.11507 27.691882
26 1.097939 28.789953
27 1.121555 29.911636
28 1.092976 31.004738
29 1.123363 32.128224
30 1.082934 33.211284
31 1.096559 34.307972
32 1.081816 35.389917
33 1.120811 36.510854
34 1.09507 37.606048
35 1.12614 38.732315
36 1.098134 39.830581
37 1.09996 40.930668
38 1.103319 42.034118
39 1.089502 43.123747
40 1.107613 44.23148
41 1.091911 45.32352
42 1.114028 46.437678
43 1.085009 47.522804
44 1.116284 48.639212
45 1.076092 49.715423
46 1.104719 50.820266
47 1.072035 51.89242
48 1.087435 52.979983
49 1.078574 54.058679
50 1.107151 55.165959
51 1.071328 56.237416
52 1.100058 57.337603
53 1.071525 58.409246
54 1.103889 59.51326
55 1.064352 60.577736
56 1.112341 61.690199
57 1.075206 62.765531
58 1.080755 63.84641
59 1.097415 64.943948
60 1.058128 66.0022
61 1.081345 67.083674
62 1.059036 68.142836
63 1.079288 69.222241
64 1.05005 70.272412
65 1.081233 71.353772
66 1.051024 72.404926
67 1.081158 73.48621
68 1.054979 74.541315
69 1.069378 75.610811
70 1.047743 76.65868
71 1.079803 77.73861
72 1.054049 78.792777
73 1.075236 79.868139
74 1.053803 80.922077
75 1.077291 81.999495
76 1.032786 83.032413
77 1.072324 84.104867
78 1.040055 85.145048
79 1.044432 86.189605
80 1.063705 87.253436
81 1.049569 88.303152
82 1.065675 89.368959
83 1.04275 90.411837
84 1.060216 91.472179
85 1.022024 92.49433
86 1.060997 93.555453
87 1.029607 94.585188
88 1.056132 95.641448
89 1.028462 96.67004
90 1.056637 97.726808
91 1.027273 98.754206
92 1.058607 99.812944
done 92 1.026519 100.839592
