# instance ../../../instances/hadoop/hadoop_extra/us-mid1.pn
# Settings: PN=../../../instances/hadoop/hadoop_extra/us-mid1.pn, VN=../../../instances/hadoop/instance_list_hadoop_4vm_rnd.txt, multi-thread=False
init 0.007282 0.007282
1 0.443785 0.451067
2 0.456555 0.90775
3 0.414127 1.321994
4 0.466235 1.788349
5 0.459967 2.248446
6 0.418138 2.666715
7 0.466156 3.132975
8 0.418549 3.551651
9 0.455237 4.006998
10 0.46182 4.468949
11 0.462946 4.932027
12 0.456316 5.388477
13 0.420563 5.80917
14 0.461954 6.27123
15 0.449574 6.720934
16 0.461298 7.182362
17 0.450431 7.632918
18 0.459148 8.092197
19 0.459216 8.551546
20 0.413359 8.965026
21 0.465255 9.430387
22 0.458143 9.888656
23 0.442209 10.330988
24 0.450193 10.78131
25 0.447395 11.228832
26 0.464286 11.693242
27 0.455297 12.148671
28 0.412735 12.561532
29 0.472652 13.034291
30 0.471332 13.505753
31 0.448703 13.954589
32 0.461012 14.415753
33 0.414756 14.830629
34 0.457387 15.288138
35 0.454906 15.743174
36 0.413949 16.15725
37 0.462499 16.619844
38 0.425522 17.045496
39 0.413467 17.459074
40 0.460522 17.919709
41 0.446764 18.366593
42 0.459167 18.825904
43 0.424077 19.250108
44 0.451752 19.701968
45 0.425705 20.127803
46 0.45862 20.586539
47 0.412407 20.999073
48 0.423154 21.422346
49 0.443381 21.865828
50 0.451604 22.317559
51 0.415367 22.733042
52 0.443995 23.177135
53 0.458248 23.635506
54 0.424522 24.060161
55 0.445447 24.505719
56 0.461652 24.9675
57 0.449716 25.417346
58 0.453705 25.871183
59 0.45481 26.326122
60 0.416143 26.742398
61 0.465574 27.208072
62 0.460806 27.668998
63 0.408149 28.07727
64 0.448559 28.525935
65 0.435304 28.961347
66 0.445332 29.406808
67 0.444504 29.851442
68 0.433307 30.284878
69 0.41951 30.704505
70 0.44778 31.152393
71 0.434046 31.586574
72 0.414249 32.000962
73 0.436465 32.437532
74 0.439672 32.877335
75 0.45083 33.328269
76 0.439016 33.767414
77 0.444875 34.21242
78 0.447939 34.660481
79 0.435107 35.095698
80 0.442571 35.538404
81 0.434316 35.972848
82 0.416018 36.388996
83 0.445423 36.834526
84 0.439759 37.274423
85 0.448173 37.722725
86 0.445584 38.168407
87 0.407628 38.576162
88 0.441773 39.018037
89 0.427416 39.445582
90 0.445306 39.891021
91 0.440479 40.331627
92 0.404116 40.735861
93 0.442287 41.178243
94 0.442455 41.620826
95 0.43085 42.051809
96 0.442406 42.494327
97 0.408936 42.903391
98 0.4415 43.345
99 0.440568 43.785699
100 0.432966 44.218793
101 0.442022 44.660944
102 0.445168 45.10624
103 0.431499 45.537861
104 0.439407 45.977393
105 0.432027 46.409543
106 0.440667 46.850332
107 0.439203 47.289664
108 0.43153 47.721331
109 0.412719 48.134178
110 0.441622 48.575895
111 0.408251 48.984267
112 0.415095 49.399472
113 0.429626 49.829199
114 0.438755 50.26808
115 0.43969 50.707902
116 0.427495 51.135517
117 0.432338 51.567975
118 0.438564 52.006667
119 0.426412 52.433211
120 0.434851 52.868286
121 0.408322 53.276738
122 0.41759 53.694434
123 0.433433 54.127972
124 0.425073 54.553175
125 0.435347 54.988651
126 0.44463 55.433412
127 0.418709 55.852251
128 0.419366 56.271736
129 0.416957 56.6888
130 0.419279 57.108211
131 0.431558 57.539872
132 0.422006 57.96201
133 0.431782 58.393916
134 0.429746 58.823793
135 0.420261 59.244178
136 0.429259 59.67357
137 0.421275 60.094975
138 0.430598 60.525706
139 0.411138 60.93697
140 0.421089 61.358162
141 0.430164 61.788458
142 0.417748 62.206308
143 0.408134 62.614547
144 0.422633 63.037291
145 0.410706 63.448099
146 0.417439 63.865641
147 0.427092 64.292835
148 0.407465 64.700429
149 0.424834 65.125368
150 0.428263 65.553765
151 0.418034 65.971925
152 0.424894 66.396948
153 0.405334 66.802411
154 0.425852 67.228374
155 0.419779 67.648281
156 0.417427 68.06584
157 0.426423 68.492396
158 0.426482 68.919002
done 158 0.41132 69.330446
