[runlim] version:		1.7
[runlim] time limit:		3600 seconds
[runlim] real time limit:	311040000 seconds
[runlim] space limit:		80000 MB
[runlim] argv[0]:		python3.6
[runlim] argv[1]:		./netsolver-gurobi-hadoop-mod.py
[runlim] argv[2]:		../../../instances/hadoop/hadoop_extra/us-west2.pn
[runlim] argv[3]:		../../../instances/hadoop/instance_list_hadoop_8vm_rnd.txt
[runlim] argv[4]:		True
[runlim] argv[5]:		False
[runlim] argv[6]:		timelogs/results.us-west2.pn.instance_list_hadoop_8vm_rnd.txt.log
[runlim] start:			Tue Sep 24 03:46:21 2019
[runlim] main pid:		27954
Academic license - for non-commercial use only
[runlim] sample:		10.0 seconds, 42.1 MB
[runlim] sample:		20.0 seconds, 41.6 MB
[runlim] sample:		30.0 seconds, 39.6 MB
[runlim] sample:		40.0 seconds, 41.3 MB
[runlim] sample:		50.0 seconds, 41.1 MB
50.3485
83
Median time: 0.601149 s
[runlim] end:			Tue Sep 24 03:47:12 2019
[runlim] status:		ok
[runlim] result:		0
[runlim] children:		0
[runlim] real:			51.36 seconds
[runlim] time:			50.39 seconds
[runlim] space:			42.4 MB
[runlim] samples:		504
