[runlim] version:		1.7
[runlim] time limit:		3600 seconds
[runlim] real time limit:	311040000 seconds
[runlim] space limit:		80000 MB
[runlim] argv[0]:		python3.6
[runlim] argv[1]:		./netsolver-gurobi-hadoop-mod.py
[runlim] argv[2]:		../../../instances/hadoop/hadoop_extra/us-mid2.pn
[runlim] argv[3]:		../../../instances/hadoop/instance_list_hadoop_8vm_rnd.txt
[runlim] argv[4]:		True
[runlim] argv[5]:		False
[runlim] argv[6]:		timelogs/results.us-mid2.pn.instance_list_hadoop_8vm_rnd.txt.log
[runlim] start:			Tue Sep 24 02:05:04 2019
[runlim] main pid:		27739
Academic license - for non-commercial use only
[runlim] sample:		10.0 seconds, 80.4 MB
[runlim] sample:		20.0 seconds, 84.1 MB
[runlim] sample:		30.0 seconds, 84.4 MB
[runlim] sample:		40.0 seconds, 84.1 MB
[runlim] sample:		50.0 seconds, 84.3 MB
[runlim] sample:		60.0 seconds, 84.3 MB
[runlim] sample:		70.0 seconds, 82.9 MB
[runlim] sample:		80.0 seconds, 84.2 MB
[runlim] sample:		90.0 seconds, 84.2 MB
[runlim] sample:		100.0 seconds, 84.2 MB
[runlim] sample:		110.0 seconds, 84.2 MB
[runlim] sample:		120.0 seconds, 84.2 MB
[runlim] sample:		130.0 seconds, 84.2 MB
[runlim] sample:		140.0 seconds, 84.2 MB
[runlim] sample:		150.0 seconds, 84.2 MB
[runlim] sample:		160.0 seconds, 84.2 MB
[runlim] sample:		170.0 seconds, 81.9 MB
[runlim] sample:		180.0 seconds, 81.8 MB
[runlim] sample:		190.0 seconds, 82.3 MB
[runlim] sample:		200.0 seconds, 81.4 MB
[runlim] sample:		210.0 seconds, 81.9 MB
[runlim] sample:		220.0 seconds, 81.6 MB
[runlim] sample:		230.0 seconds, 81.6 MB
[runlim] sample:		240.0 seconds, 81.9 MB
[runlim] sample:		250.0 seconds, 81.7 MB
[runlim] sample:		260.0 seconds, 81.7 MB
[runlim] sample:		270.0 seconds, 81.6 MB
[runlim] sample:		280.0 seconds, 82.2 MB
[runlim] sample:		290.0 seconds, 82.4 MB
[runlim] sample:		300.0 seconds, 81.4 MB
[runlim] sample:		310.0 seconds, 81.6 MB
[runlim] sample:		320.0 seconds, 81.6 MB
[runlim] sample:		330.0 seconds, 81.6 MB
[runlim] sample:		340.0 seconds, 81.4 MB
[runlim] sample:		350.0 seconds, 81.4 MB
[runlim] sample:		360.0 seconds, 81.4 MB
[runlim] sample:		370.0 seconds, 81.4 MB
[runlim] sample:		380.0 seconds, 81.4 MB
[runlim] sample:		390.0 seconds, 81.4 MB
[runlim] sample:		400.0 seconds, 81.4 MB
404.751126
230
Median time: 1.75381 s
[runlim] end:			Tue Sep 24 02:11:49 2019
[runlim] status:		ok
[runlim] result:		0
[runlim] children:		0
[runlim] real:			405.13 seconds
[runlim] time:			404.89 seconds
[runlim] space:			84.4 MB
[runlim] samples:		4049
