[runlim] version:		1.7
[runlim] time limit:		3600 seconds
[runlim] real time limit:	311040000 seconds
[runlim] space limit:		80000 MB
[runlim] argv[0]:		python3.6
[runlim] argv[1]:		./netsolver-gurobi-hadoop-mod.py
[runlim] argv[2]:		../../../instances/hadoop/hadoop_extra/us-mid2.pn
[runlim] argv[3]:		../../../instances/hadoop/instance_list_hadoop_14vm_rnd.txt
[runlim] argv[4]:		True
[runlim] argv[5]:		False
[runlim] argv[6]:		timelogs/results.us-mid2.pn.instance_list_hadoop_14vm_rnd.txt.log
[runlim] start:			Tue Sep 24 02:27:04 2019
[runlim] main pid:		27790
Academic license - for non-commercial use only
6.977833
1
Median time: 3.2224 s
[runlim] end:			Tue Sep 24 02:27:11 2019
[runlim] status:		ok
[runlim] result:		0
[runlim] children:		0
[runlim] real:			7.49 seconds
[runlim] time:			7.10 seconds
[runlim] space:			124.4 MB
[runlim] samples:		71
