# instance ../../../instances/hadoop/hadoop_extra/us-mid2.pn
# Settings: PN=../../../instances/hadoop/hadoop_extra/us-mid2.pn, VN=../../../instances/hadoop/instance_list_hadoop_6vm_rnd.txt, multi-thread=False
init 0.014055 0.014055
1 1.188744 1.202799
2 1.374048 2.576975
3 1.373497 3.950598
4 1.341958 5.292681
5 1.22659 6.519396
6 1.374184 7.893706
7 1.359242 9.25308
8 1.369699 10.62291
9 1.364998 11.988034
10 1.240045 13.228206
11 1.399907 14.628238
12 1.351367 15.979736
13 1.363464 17.343328
14 1.354683 18.698134
15 1.361158 20.059421
16 1.366527 21.426075
17 1.36566 22.791865
18 1.368917 24.16091
19 1.37172 25.532758
20 1.329238 26.862128
21 1.353902 28.216158
22 1.362232 29.578512
23 1.393426 30.972066
24 1.241216 32.213412
25 1.366328 33.579859
26 1.370975 34.950961
27 1.374 36.325091
28 1.326485 37.65171
29 1.354819 39.006659
30 1.358872 40.36565
31 1.364984 41.730763
32 1.356295 43.087192
33 1.358222 44.445534
34 1.367004 45.812667
35 1.374408 47.187194
36 1.335941 48.523262
37 1.358673 49.882066
38 1.353605 51.235791
39 1.359107 52.595028
40 1.244308 53.83947
41 1.364846 55.204439
42 1.362849 56.567396
43 1.379909 57.947434
44 1.326642 59.274199
45 1.353374 60.627707
46 1.348913 61.976749
47 1.358765 63.335643
48 1.358457 64.694232
49 1.360885 66.055251
50 1.357966 67.413349
51 1.364566 68.778033
52 1.326612 70.104774
53 1.35168 71.456577
54 1.356347 72.813054
55 1.356376 74.169549
56 1.349529 75.519207
57 1.353793 76.873128
58 1.363849 78.237182
59 1.368369 79.605682
60 1.341974 80.947779
61 1.353699 82.301604
62 1.354738 83.656469
63 1.360477 85.017074
64 1.351064 86.368261
65 1.357987 87.726383
66 1.359613 89.086133
67 1.369688 90.455943
68 1.323622 91.779693
69 1.353166 93.132994
70 1.346353 94.479476
71 1.356385 95.835992
72 1.351497 97.187618
73 1.358891 98.546634
74 1.361591 99.90836
75 1.366373 101.27485
76 1.316607 102.59159
77 1.349821 103.941539
78 1.346647 105.288319
79 1.354827 106.643268
80 1.352712 107.996106
81 1.355109 109.351345
82 1.354931 110.706413
83 1.366386 112.072931
84 1.321423 113.394483
85 1.350862 114.745476
86 1.344541 116.090146
87 1.352819 117.443097
88 1.349158 118.792382
89 1.359628 120.152138
90 1.358258 121.51053
91 1.362418 122.873069
92 1.315233 124.188431
93 1.343471 125.532027
94 1.346582 126.878744
95 1.351067 128.229939
96 1.343887 129.573956
97 1.355683 130.929769
98 1.352277 132.282177
99 1.358263 133.640562
100 1.315348 134.956041
101 1.358496 136.314667
102 1.342072 137.656865
103 1.348277 139.005269
104 1.343567 140.348957
105 1.352435 141.70152
106 1.35093 143.052581
107 1.358571 144.411278
108 1.313593 145.724994
109 1.343398 147.068519
110 1.345113 148.413768
111 1.347522 149.761413
112 1.339969 151.101511
113 1.352802 152.454441
114 1.34713 153.801713
115 1.356488 155.158332
116 1.308669 156.467131
117 1.33725 157.80451
118 1.340905 159.145536
119 1.342393 160.488059
120 1.338441 161.826623
121 1.351224 163.177974
122 1.34635 164.524453
123 1.354293 165.878879
124 1.312126 167.191135
125 1.353671 168.544936
126 1.366254 169.911317
127 1.368453 171.279893
128 1.364848 172.644879
129 1.365507 174.010514
130 1.365117 175.375747
131 1.36934 176.745295
132 1.333181 178.078608
133 1.360796 179.439533
134 1.350356 180.790021
135 1.365242 182.155391
136 1.350457 183.505982
137 1.363137 184.869244
138 1.362875 186.232248
139 1.375974 187.608352
140 1.329716 188.938191
141 1.355063 190.293388
142 1.354777 191.648294
143 1.35372 193.002138
144 1.356494 194.358752
145 1.36226 195.721146
146 1.361261 197.082533
147 1.370134 198.452787
148 1.315174 199.76809
149 1.351684 201.119903
150 1.347472 202.467509
151 1.358036 203.825675
152 1.345579 205.171383
153 1.352046 206.523557
154 1.366144 207.889838
155 1.357556 209.247522
156 1.328486 210.576133
157 1.343739 211.920002
158 1.357294 213.277428
159 1.348325 214.625885
160 1.34596 215.971969
161 1.355614 217.327714
162 1.354417 218.682268
163 1.37328 220.055674
164 1.328424 221.384227
165 1.353733 222.738083
166 1.351287 224.089501
167 1.360485 225.450118
168 1.358798 226.809044
169 1.362756 228.171923
170 1.363608 229.535661
171 1.377614 230.913409
172 1.323125 232.236677
173 1.353414 233.59022
174 1.356256 234.946605
175 1.361673 236.308415
176 1.350985 237.659521
177 1.351379 239.011029
178 1.361256 240.372404
179 1.359657 241.732198
180 1.316394 243.048725
181 1.342922 244.391772
182 1.348861 245.740763
183 1.356441 247.097342
184 1.355629 248.453099
185 1.357802 249.811033
186 1.351988 251.163143
187 1.361645 252.524926
188 1.320328 253.845392
189 1.338296 255.183814
190 1.343711 256.527644
191 1.33725 257.865021
192 1.347608 259.212766
193 1.356827 260.569713
194 1.34598 261.915822
195 1.352813 263.268757
196 1.311337 264.580233
197 1.351239 265.931607
198 1.341875 267.273608
199 1.347445 268.621179
200 1.347942 269.969253
201 1.345557 271.314937
202 1.362243 272.677302
203 1.354987 274.032423
204 1.309774 275.342323
205 1.340111 276.682574
206 1.339022 278.021722
207 1.347847 279.369697
208 1.343036 280.712863
209 1.342227 282.055211
210 1.341728 283.397069
211 1.355423 284.75262
212 1.315455 286.068201
213 1.34116 287.409495
214 1.340225 288.749843
215 1.345841 290.095807
216 1.335846 291.431783
217 1.333794 292.765711
218 1.340104 294.105943
219 1.346227 295.452291
220 1.307041 296.759461
221 1.343952 298.103543
222 1.339943 299.443609
223 1.350066 300.793806
224 1.341148 302.135087
225 1.34108 303.476294
226 1.347093 304.823516
227 1.351744 306.175392
228 1.301625 307.477146
229 1.337324 308.814601
230 1.336382 310.151106
231 1.340488 311.491727
232 1.334077 312.825937
233 1.337586 314.163655
234 1.345459 315.509244
235 1.342247 316.85162
236 1.298466 318.150214
237 1.335331 319.485677
238 1.330295 320.81609
239 1.329546 322.145767
240 1.332654 323.478547
241 1.334806 324.81348
242 1.335888 326.149487
243 1.339605 327.489223
244 1.292435 328.781787
245 1.322517 330.104425
246 1.327454 331.431998
247 1.333927 332.766061
248 1.323287 334.089473
249 1.333491 335.423093
250 1.331619 336.754839
251 1.335964 338.090932
252 1.291464 339.382528
253 1.315068 340.697716
254 1.315514 342.013359
255 1.320831 343.334315
256 1.311599 344.646049
257 1.320073 345.966248
258 1.323095 347.289473
259 1.325863 348.615468
260 1.283431 349.899027
261 1.314484 351.213645
262 1.310381 352.524144
263 1.316917 353.841191
264 1.308562 355.149883
265 1.315416 356.465433
266 1.317801 357.783367
267 1.322091 359.105578
268 1.26898 360.37468
269 1.306919 361.681735
270 1.311713 362.993573
271 1.316676 364.310384
272 1.316172 365.626684
273 1.28675 366.913568
274 1.311587 368.225277
275 1.328527 369.553929
276 1.277497 370.831557
277 1.30417 372.135863
278 1.29903 373.435031
279 1.310998 374.746163
280 1.299564 376.045855
281 1.270593 377.316574
282 1.275936 378.592634
283 1.311791 379.904554
284 1.259652 381.164324
285 1.270048 382.434502
286 1.299525 383.734151
287 1.310269 385.044553
done 287 1.283751 386.328427
