# instance ../../../instances/hadoop/hadoop_extra/us-mid1.pn
# Settings: PN=../../../instances/hadoop/hadoop_extra/us-mid1.pn, VN=../../../instances/hadoop/instance_list_hadoop_12vm_rnd.txt, multi-thread=False
init 0.007163 0.007163
1 1.307841 1.315004
2 1.321528 2.636654
3 1.33587 3.972653
4 1.349819 5.322605
5 1.348884 6.671617
6 1.309096 7.980845
7 1.312204 9.293179
8 1.340219 10.633529
9 1.337552 11.971209
10 1.302195 13.273534
11 1.32935 14.603014
12 1.322408 15.925557
13 1.334157 17.259834
14 1.301004 18.560982
15 1.288918 19.850026
16 1.315923 21.166075
17 1.323205 22.489409
18 1.328172 23.817706
19 1.285801 25.103636
20 1.327198 26.430968
21 1.31822 27.749317
22 1.311754 29.061191
23 1.302755 30.364075
24 1.33703 31.701234
25 1.329965 33.031334
26 1.342506 34.373968
27 1.297062 35.671158
28 1.295226 36.966512
29 1.323971 38.290621
30 1.336231 39.62698
31 1.284122 40.911223
32 1.308612 42.219961
33 1.322906 43.543003
34 1.322046 44.86518
35 1.286775 46.152083
36 1.314721 47.466932
37 1.296365 48.763428
38 1.320166 50.08373
39 1.32935 51.413212
40 1.281582 52.69492
41 1.308152 54.003202
42 1.308531 55.311866
43 1.313378 56.625384
44 1.276136 57.901641
45 1.297919 59.199687
46 1.302992 60.502816
47 1.30513 61.808075
48 1.271475 63.079681
49 1.297555 64.377369
50 1.306735 65.684234
51 1.279877 66.964244
52 1.25731 68.221682
53 1.294255 69.516067
54 1.294245 70.810437
55 1.279975 72.090547
56 1.246607 73.337285
57 1.274139 74.611552
58 1.279484 75.891162
59 1.282451 77.173743
60 1.27589 78.44977
61 1.241912 79.691804
62 1.270215 80.962161
63 1.266245 82.228535
64 1.27564 83.504302
65 1.231886 84.736322
66 1.261193 85.997644
67 1.252219 87.249993
68 1.269776 88.51989
69 1.228024 89.748062
70 1.256549 91.004732
71 1.257586 92.262447
72 1.24832 93.510895
73 1.208721 94.719752
74 1.232943 95.952825
75 1.218801 97.171751
76 1.231727 98.403607
77 1.191681 99.59542
78 1.222742 100.818296
79 1.224011 102.042435
80 1.223005 103.265569
81 1.179285 104.444982
done 81 1.205262 105.650362
