[runlim] version:		1.7
[runlim] time limit:		3600 seconds
[runlim] real time limit:	311040000 seconds
[runlim] space limit:		80000 MB
[runlim] argv[0]:		python3.6
[runlim] argv[1]:		./netsolver-gurobi-hadoop-mod.py
[runlim] argv[2]:		../../../instances/hadoop/hadoop_extra/us-west2.pn
[runlim] argv[3]:		../../../instances/hadoop/instance_list_hadoop_10vm_rnd.txt
[runlim] argv[4]:		True
[runlim] argv[5]:		False
[runlim] argv[6]:		timelogs/results.us-west2.pn.instance_list_hadoop_10vm_rnd.txt.log
[runlim] start:			Tue Sep 24 03:47:12 2019
[runlim] main pid:		27957
Academic license - for non-commercial use only
[runlim] sample:		10.0 seconds, 48.1 MB
[runlim] sample:		20.0 seconds, 47.8 MB
[runlim] sample:		30.0 seconds, 47.4 MB
[runlim] sample:		40.0 seconds, 47.4 MB
[runlim] sample:		50.0 seconds, 45.0 MB
49.946367
66
Median time: 0.748899 s
[runlim] end:			Tue Sep 24 03:48:02 2019
[runlim] status:		ok
[runlim] result:		0
[runlim] children:		0
[runlim] real:			50.44 seconds
[runlim] time:			49.99 seconds
[runlim] space:			48.4 MB
[runlim] samples:		500
