# instance ../../../instances/hadoop/hadoop_extra/us-west2.pn
# Settings: PN=../../../instances/hadoop/hadoop_extra/us-west2.pn, VN=../../../instances/hadoop/instance_list_hadoop_12vm_rnd.txt, multi-thread=False
init 0.005137 0.005137
1 0.920375 0.925512
2 0.948299 1.87393
3 0.958156 2.83221
4 0.942014 3.774351
5 0.938872 4.713353
6 0.939464 5.652935
7 0.938762 6.591824
8 0.937104 7.52905
9 0.931766 8.460937
10 0.935477 9.396549
11 0.952831 10.349506
12 0.935886 11.285518
13 0.93316 12.218805
14 0.921101 13.140044
15 0.950882 14.091046
16 0.933659 15.024838
17 0.931393 15.95636
18 0.935459 16.891944
19 0.950868 17.842941
20 0.931789 18.774849
21 0.922691 19.697679
22 0.91684 20.614649
23 0.945399 21.560168
24 0.924059 22.484352
25 0.918387 23.402869
26 0.920786 24.323794
27 0.940863 25.264786
28 0.898622 26.163538
29 0.911015 27.074688
30 0.914909 27.989722
31 0.932596 28.922443
32 0.913175 29.835746
33 0.911599 30.747466
34 0.911112 31.658707
35 0.925728 32.584568
36 0.905099 33.489798
37 0.890801 34.380731
38 0.931158 35.312018
39 0.923289 36.235428
40 0.899525 37.135078
41 0.894217 38.029421
42 0.900388 38.929926
43 0.915162 39.845207
44 0.890469 40.735797
45 0.888271 41.624185
46 0.89196 42.516279
47 0.904855 43.421254
48 0.883975 44.305357
49 0.878215 45.183699
50 0.885719 46.069548
51 0.890946 46.960623
52 0.871849 47.8326
53 0.867671 48.700399
54 0.871669 49.572197
55 0.88647 50.458794
56 0.862003 51.320944
57 0.859151 52.180218
58 0.844689 53.025037
59 0.877518 53.902672
done 59 0.845442 54.748244
