# instance ../../../instances/hadoop/hadoop_extra/us-west1.pn
# Settings: PN=../../../instances/hadoop/hadoop_extra/us-west1.pn, VN=../../../instances/hadoop/instance_list_hadoop_8vm_rnd.txt, multi-thread=False
init 0.021187 0.021187
1 2.761524 2.782711
2 2.867485 5.650328
3 2.859478 8.509943
4 2.884407 11.394471
5 2.879018 14.273626
6 2.876522 17.15028
7 2.865982 20.01639
8 2.914845 22.93135
9 2.847316 25.778802
10 2.930914 28.709846
11 2.827401 31.537373
12 2.871375 34.408872
13 2.850663 37.259668
14 2.924539 40.18434
15 2.923302 43.107764
16 2.924618 46.032508
17 2.85772 48.890359
18 2.927203 51.817696
19 2.876894 54.694719
20 2.917567 57.612427
21 2.889034 60.501587
22 2.888032 63.389754
23 2.891106 66.280997
24 2.944993 69.226126
25 2.863109 72.089374
26 2.927058 75.016563
27 2.881175 77.897863
28 2.914391 80.812384
29 2.879858 83.692364
30 2.87191 86.564399
31 2.883968 89.448498
32 2.921151 92.369786
33 2.866916 95.236834
34 2.908173 98.145136
35 2.890525 101.03579
36 2.878648 103.914571
37 2.848206 106.7629
38 2.890422 109.653459
39 2.842471 112.496051
40 2.895934 115.392119
41 2.88282 118.275066
42 2.932787 121.207991
43 2.876261 124.084383
44 2.925259 127.009768
45 2.811509 129.821396
46 2.886764 132.708283
47 2.933829 135.64224
48 2.952746 138.595124
49 2.913741 141.509
50 2.954242 144.463375
51 2.872599 147.336105
52 2.632134 149.968377
53 2.983921 152.952429
54 2.925775 155.87834
55 2.86116 158.739635
56 2.909458 161.649232
57 2.84397 164.493331
58 2.884785 167.378245
59 2.843828 170.222203
60 2.633535 172.855869
61 2.877485 175.733484
62 2.88662 178.620237
63 2.858078 181.478442
64 2.924915 184.403491
65 2.8642 187.267826
66 2.965311 190.233268
67 2.852048 193.085452
68 2.885425 195.971
69 2.93253 198.903662
70 2.907399 201.811191
71 2.870496 204.681811
72 2.903087 207.585019
73 2.959739 210.544888
74 2.935171 213.480196
75 2.897814 216.378146
76 2.929132 219.307409
77 2.859386 222.166933
78 2.916191 225.083255
79 2.871706 227.955084
80 2.902061 230.857281
81 2.885795 233.743213
82 2.918632 236.66197
83 2.860424 239.522527
84 2.926804 242.449462
85 2.860189 245.309788
86 2.91717 248.227082
87 2.873782 251.101001
88 2.898103 253.999233
89 2.863294 256.862655
90 2.909329 259.772135
91 2.880437 262.652702
92 2.914373 265.567206
93 2.83036 268.397696
94 2.909011 271.306837
95 2.875777 274.182746
96 2.91454 277.097407
97 2.83447 279.932014
98 2.900142 282.832289
99 2.839354 285.671774
100 2.88496 288.556866
101 2.839076 291.396069
102 2.901897 294.298095
103 2.864615 297.16284
104 2.914819 300.077789
105 2.860122 302.938035
106 2.91544 305.853609
107 2.857344 308.71109
108 2.892836 311.604049
109 2.860834 314.465022
110 2.920092 317.385245
111 2.846668 320.232043
112 2.886999 323.119172
113 2.83685 325.956148
114 2.92317 328.879451
115 2.858574 331.738164
116 2.890534 334.628832
117 2.849989 337.478953
118 2.885759 340.364843
119 2.855198 343.220169
120 2.871964 346.092252
121 2.826572 348.918952
122 2.874358 351.793438
123 2.832072 354.625639
124 2.904983 357.530759
125 2.845693 360.376581
126 2.900352 363.277069
127 2.847033 366.124225
128 2.877576 369.001938
129 2.822278 371.824342
130 2.865033 374.689503
131 2.840412 377.530048
132 2.876388 380.406574
133 2.830727 383.237433
134 2.882828 386.120398
135 2.809931 388.930452
136 2.864057 391.794644
137 2.827707 394.6225
138 2.883536 397.506167
139 2.820144 400.326441
140 2.868737 403.19531
141 2.845886 406.041331
142 2.881082 408.922544
143 2.829668 411.75235
144 2.877042 414.629523
145 2.814381 417.444035
146 2.886612 420.330782
147 2.828218 423.15913
148 2.881668 426.040928
149 2.857122 428.898184
150 2.885261 431.783578
151 2.822729 434.606431
152 2.895089 437.501649
153 2.828472 440.330257
154 2.844373 443.174764
155 2.812026 445.986922
156 2.8473 448.834345
157 2.815978 451.65046
158 2.852312 454.502906
159 2.754399 457.257437
160 2.782579 460.040145
161 2.74326 462.783534
162 2.78998 465.573635
163 2.759337 468.333108
164 2.798818 471.132054
165 2.809183 473.941374
166 2.849391 476.790897
167 2.811876 479.602898
168 2.874882 482.47791
169 2.799042 485.277093
170 2.850627 488.127873
171 2.814138 490.942154
172 2.829014 493.771298
173 2.806202 496.577634
174 2.859873 499.437637
175 2.820323 502.258101
176 2.856017 505.114249
177 2.845292 507.959669
178 2.857587 510.817387
179 2.786649 513.60416
180 2.851141 516.455432
181 2.805719 519.261297
182 2.829543 522.090973
183 2.803072 524.894182
184 2.837202 527.731514
185 2.825911 530.557562
186 2.863391 533.421086
187 2.817567 536.238782
188 2.843115 539.082033
189 2.782692 541.864855
190 2.836671 544.701657
191 2.811272 547.51306
192 2.846818 550.360003
193 2.795136 553.155264
194 2.866449 556.021842
195 2.812483 558.834457
196 2.820056 561.654643
197 2.813825 564.46862
198 2.811221 567.279972
199 2.776454 570.05656
200 2.824948 572.881638
201 2.815067 575.696837
202 2.8638 578.560765
203 2.828817 581.38972
204 2.86067 584.250519
205 2.808972 587.059634
206 2.840369 589.900139
207 2.811672 592.711948
208 2.844079 595.556155
209 2.801862 598.358146
210 2.843201 601.201478
211 2.791776 603.993388
212 2.840155 606.83367
213 2.806253 609.640055
214 2.866705 612.506885
215 2.790232 615.297248
216 2.843412 618.140786
217 2.793728 620.93465
218 2.857406 623.792201
219 2.808504 626.600836
220 2.836429 629.437401
221 2.799645 632.237186
222 2.822594 635.059911
223 2.777784 637.837832
224 2.85286 640.690816
225 2.81103 643.50198
226 2.840844 646.342955
227 2.790294 649.133381
228 2.842795 651.976305
229 2.786023 654.762462
230 2.847533 657.610128
231 2.793892 660.404147
232 2.836544 663.240823
233 2.803021 666.043988
234 2.827022 668.871144
235 2.787752 671.659037
236 2.843326 674.502492
237 2.774566 677.277183
238 2.857501 680.134811
239 2.773564 682.908507
240 2.84541 685.754045
241 2.765303 688.519479
242 2.822713 691.342317
243 2.773369 694.115817
244 2.829878 696.945817
245 2.764326 699.710275
246 2.849138 702.55954
247 2.823924 705.383595
248 2.841169 708.224897
249 2.798727 711.023759
250 2.83348 713.857375
251 2.779908 716.637416
252 2.836633 719.474185
253 2.765635 722.239953
254 2.815646 725.055735
255 2.785891 727.841759
256 2.703704 730.545593
257 2.709915 733.255628
258 2.763982 736.019737
259 2.692898 738.712759
260 2.698917 741.41179
261 2.72188 744.133786
262 2.764085 746.89799
263 2.744407 749.642522
264 2.812299 752.454949
265 2.754497 755.20958
266 2.811884 758.021585
267 2.762782 760.784501
268 2.8055 763.590124
269 2.765277 766.355531
270 2.820122 769.175783
271 2.770576 771.946497
272 2.822331 774.768947
273 2.775902 777.544978
274 2.798154 780.343265
275 2.748644 783.092038
276 2.817388 785.909562
277 2.7552 788.664878
278 2.810281 791.475294
279 2.785641 794.261054
280 2.819719 797.080911
281 2.783943 799.864988
282 2.785451 802.650575
283 2.778253 805.42896
284 2.80846 808.237557
285 2.760215 810.997905
286 2.799196 813.797238
287 2.764417 816.561786
288 2.819339 819.381255
289 2.759582 822.14097
290 2.806473 824.947576
291 2.762406 827.710118
292 2.812121 830.522361
293 2.761044 833.283544
294 2.803319 836.086986
295 2.757831 838.844946
296 2.82108 841.666155
297 2.756778 844.423057
298 2.817568 847.240757
299 2.755975 849.996866
300 2.812029 852.809029
301 2.751124 855.560281
302 2.78385 858.344261
303 2.735829 861.080216
304 2.783991 863.864339
305 2.743292 866.607769
306 2.801476 869.409376
307 2.731431 872.140939
308 2.784439 874.925514
309 2.724748 877.650404
310 2.774749 880.425282
311 2.74602 883.171435
312 2.740916 885.912485
313 2.728751 888.641356
314 2.777902 891.419393
315 2.719121 894.138646
316 2.774281 896.913079
317 2.716816 899.630016
318 2.784026 902.414185
319 2.722598 905.136905
320 2.775713 907.912755
321 2.703915 910.616799
322 2.757028 913.373954
323 2.706604 916.080691
324 2.784606 918.865428
325 2.703627 921.56919
326 2.753337 924.32265
327 2.717198 927.039998
328 2.771004 929.811134
329 2.683833 932.495095
330 2.759172 935.254394
331 2.723684 937.978216
332 2.75214 940.730487
333 2.701264 943.431876
334 2.747795 946.17981
335 2.706948 948.886888
336 2.760224 951.647233
337 2.698988 954.346355
338 2.73569 957.082175
339 2.701574 959.783873
340 2.734507 962.518498
341 2.643702 965.162332
342 2.745839 967.908302
343 2.714552 970.623007
344 2.762099 973.385238
345 2.690288 976.075643
346 2.74969 978.825462
done 346 2.68557 981.511169
