# instance ../../../instances/hadoop/hadoop_extra/us-mid2.pn
# Settings: PN=../../../instances/hadoop/hadoop_extra/us-mid2.pn, VN=../../../instances/hadoop/instance_list_hadoop_4vm_rnd.txt, multi-thread=False
init 0.014473 0.014473
1 0.805425 0.819898
2 0.837791 1.657808
3 0.849614 2.507538
4 0.833835 3.341498
5 0.835686 4.1773
6 0.85347 5.030898
7 0.836767 5.867785
8 0.917386 6.785284
9 0.932146 7.717569
10 0.950735 8.668433
11 0.835218 9.503782
12 0.845268 10.349168
13 0.862279 11.21156
14 0.841249 12.05293
15 0.844009 12.897051
16 0.847839 13.74501
17 0.955087 14.700217
18 0.934681 15.635026
19 0.846014 16.481168
20 0.862373 17.343669
21 0.934944 18.27873
22 0.846053 19.124908
23 0.94103 20.066047
24 0.851879 20.918055
25 0.927807 21.84598
26 0.954339 22.800439
27 0.867114 23.667679
28 0.921913 24.589707
29 0.96738 25.557217
30 0.971148 26.528494
31 0.864042 27.392656
32 0.934381 28.327163
33 0.936994 29.264277
34 0.953295 30.2177
35 0.935716 31.153542
36 0.84779 32.001458
37 0.935661 32.93724
38 0.946527 33.883893
39 0.837259 34.721281
40 0.931659 35.653075
41 0.94438 36.597579
42 0.934514 37.532221
43 0.931525 38.463875
44 0.850195 39.314197
45 0.951418 40.265731
46 0.841672 41.107533
47 0.852334 41.95999
48 0.869484 42.829596
49 0.93167 43.761382
50 0.929366 44.69089
51 0.938019 45.629035
52 0.947912 46.577071
53 0.844044 47.421244
54 0.932645 48.354
55 0.871737 49.225864
56 0.982116 50.208094
57 0.937752 51.145976
58 0.847872 51.993978
59 0.934328 52.928423
60 0.921647 53.850193
61 0.966388 54.816702
62 0.951809 55.768633
63 0.925361 56.694121
64 0.966811 57.661059
65 0.934199 58.595391
66 0.943759 59.539278
67 0.921184 60.46059
68 0.930919 61.391637
69 0.955228 62.346989
70 0.927545 63.274657
71 0.930895 64.20569
72 0.931166 65.136986
73 0.946382 66.083497
74 0.923839 67.007467
75 0.96792 67.975517
76 0.988803 68.964448
77 0.846836 69.811405
78 0.959432 70.770959
79 0.963469 71.734555
80 0.927033 72.661715
81 0.91797 73.579814
82 0.92846 74.508402
83 0.956483 75.465019
84 0.951953 76.417101
85 0.918341 77.335566
86 0.919794 78.255491
87 0.941915 79.197534
88 0.916939 80.1146
89 0.852712 80.967436
90 0.942492 81.910044
91 0.917657 82.827831
92 0.919934 83.747886
93 0.921007 84.669016
94 0.859632 85.528777
95 0.952923 86.481822
96 0.850366 87.332316
97 0.871919 88.20435
98 0.922208 89.126676
99 0.911288 90.038085
100 0.923955 90.962168
101 0.942311 91.904615
102 0.947684 92.852433
103 0.921451 93.77401
104 0.942157 94.716294
105 0.919121 95.635535
106 0.921012 96.556673
107 0.920726 97.477527
108 0.928323 98.405984
109 0.944191 99.350306
110 0.909806 100.260235
111 0.943447 101.203813
112 0.847734 102.051675
113 0.952442 103.004235
114 0.919801 103.924171
115 0.963366 104.887659
116 0.846756 105.734542
117 0.915957 106.650614
118 0.931304 107.582037
119 0.905627 108.487794
120 0.914598 109.402523
121 0.853875 110.256525
122 0.932261 111.188906
123 0.911378 112.10041
124 0.913989 113.014527
125 0.932769 113.947416
126 0.908591 114.856139
127 0.850585 115.706856
128 0.920265 116.627239
129 0.865845 117.493206
130 0.848787 118.342115
131 0.923414 119.265651
132 0.935256 120.201038
133 0.84817 121.049338
134 0.851852 121.901309
135 0.847593 122.749041
136 0.926181 123.675329
137 0.834771 124.510225
138 0.924626 125.434971
139 0.929333 126.364432
140 0.833169 127.197728
141 0.940178 128.138022
142 0.918996 129.057146
143 0.855998 129.913274
144 0.915419 130.828804
145 0.904602 131.733527
146 0.924104 132.65776
147 0.904365 133.562253
148 0.8406 134.402982
149 0.845273 135.248366
150 0.912688 136.161171
151 0.884364 137.045668
152 0.885935 137.931718
153 0.931677 138.863517
154 0.905477 139.769125
155 0.913711 140.682968
156 0.913808 141.596903
157 0.918677 142.51571
158 0.89945 143.415278
159 0.852056 144.267456
160 0.947404 145.21498
161 0.911467 146.126568
162 0.912073 147.038763
163 0.906127 147.945024
164 0.924466 148.869612
165 0.903971 149.773712
166 0.906212 150.680054
167 0.925125 151.605306
168 0.917214 152.522654
169 0.899422 153.422203
170 0.909974 154.332312
171 0.91973 155.252168
172 0.893608 156.145904
173 0.90437 157.050395
174 0.874981 157.925518
175 0.850205 158.775843
176 0.906753 159.682717
177 0.851146 160.533995
178 0.917478 161.45159
179 0.89908 162.350794
180 0.847155 163.198069
181 0.925647 164.123833
182 0.897051 165.021005
183 0.926167 165.947306
184 0.906786 166.854211
185 0.905481 167.759813
186 0.84243 168.60237
187 0.848556 169.451044
188 0.920944 170.372103
189 0.903825 171.276062
190 0.910121 172.186312
191 0.861065 173.047504
192 0.922138 173.969761
193 0.900949 174.870841
194 0.902883 175.773856
195 0.874314 176.6483
196 0.899096 177.54752
197 0.907926 178.455568
198 0.906463 179.362159
199 0.917535 180.279822
200 0.891186 181.171137
201 0.901569 182.072832
202 0.927386 183.000355
203 0.894351 183.894843
204 0.898935 184.793908
205 0.922646 185.716681
206 0.916153 186.632957
207 0.897574 187.53066
208 0.898423 188.429207
209 0.878063 189.307394
210 0.896896 190.204406
211 0.915081 191.119614
212 0.856835 191.976577
213 0.913264 192.889964
214 0.894489 193.784579
215 0.912269 194.69698
216 0.919826 195.616934
217 0.900726 196.517779
218 0.90444 197.422343
219 0.903086 198.325557
220 0.919435 199.245116
221 0.897371 200.142613
222 0.898427 201.041167
223 0.930005 201.9713
224 0.91072 202.882149
225 0.906063 203.788339
226 0.906315 204.694781
227 0.911522 205.606437
228 0.883356 206.489915
229 0.897802 207.387845
230 0.923907 208.311876
231 0.901827 209.213828
232 0.903905 210.117854
233 0.903312 211.021293
234 0.916905 211.938341
235 0.890685 212.829156
236 0.895621 213.724898
237 0.918595 214.643613
238 0.891923 215.535664
239 0.897698 216.433494
240 0.900974 217.334595
241 0.909033 218.243758
242 0.892358 219.136248
243 0.901482 220.03786
244 0.925255 220.963247
245 0.897059 221.860442
246 0.896445 222.757022
247 0.90209 223.659239
248 0.906886 224.566254
249 0.89041 225.456793
250 0.8976 226.354521
251 0.917762 227.27241
252 0.890219 228.162763
253 0.892751 229.055647
254 0.848074 229.903846
255 0.911666 230.815634
256 0.886529 231.702285
257 0.895383 232.597797
258 0.912049 233.509975
259 0.850129 234.360235
260 0.852033 235.212389
261 0.893418 236.105918
262 0.90995 237.015983
263 0.881621 237.897727
264 0.890016 238.787878
265 0.917083 239.705095
266 0.89187 240.5971
267 0.89124 241.488471
268 0.850447 242.339047
269 0.906433 243.245596
270 0.892525 244.138243
271 0.89331 245.031685
272 0.869821 245.901639
273 0.885703 246.787457
274 0.897001 247.684585
275 0.895299 248.580015
276 0.900814 249.480959
277 0.84709 250.328183
278 0.892559 251.220863
279 0.911604 252.132598
280 0.880607 253.013335
281 0.894415 253.907887
282 0.891173 254.79919
283 0.902795 255.702119
284 0.875686 256.577934
285 0.883519 257.461579
286 0.903188 258.364896
287 0.882035 259.247062
288 0.888357 260.135539
289 0.885165 261.020835
290 0.896897 261.917861
291 0.871822 262.789805
292 0.879162 263.66909
293 0.898149 264.567366
294 0.844054 265.411549
295 0.886604 266.29827
296 0.885015 267.183415
297 0.870181 268.053725
298 0.841422 268.895263
299 0.884292 269.779674
300 0.901714 270.681515
301 0.855675 271.537331
302 0.883064 272.420536
303 0.875951 273.296611
304 0.895853 274.192595
305 0.873485 275.066207
306 0.874542 275.940878
307 0.898977 276.839985
308 0.873874 277.713998
309 0.859068 278.573194
310 0.879757 279.45307
311 0.874288 280.327487
312 0.867964 281.195574
313 0.872522 282.068224
314 0.895304 282.963659
315 0.870074 283.83387
316 0.876611 284.710613
317 0.878865 285.589608
318 0.883511 286.473244
319 0.865941 287.339316
320 0.87151 288.210954
321 0.893369 289.104452
322 0.863814 289.968402
323 0.865947 290.834481
324 0.8678 291.70241
325 0.865332 292.567873
326 0.840381 293.408367
327 0.865881 294.274363
328 0.88268 295.15718
329 0.842006 295.999319
330 0.848159 296.847593
331 0.86987 297.717575
done 331 0.876038 298.593737
