# instance ../../../instances/hadoop/hadoop_extra/us-mid2.pn
# Settings: PN=../../../instances/hadoop/hadoop_extra/us-mid2.pn, VN=../../../instances/hadoop/instance_list_hadoop_10vm_rnd.txt, multi-thread=False
init 0.014522 0.014522
1 2.266383 2.280905
2 2.36008 4.641114
3 2.353957 6.995205
4 2.367612 9.362967
5 2.346373 11.709459
6 2.366775 14.076369
7 2.354513 16.431014
8 2.355415 18.786562
9 2.389738 21.176432
10 2.381551 23.558114
11 2.364988 25.923236
12 2.383586 28.306966
13 2.380594 30.687688
14 2.378966 33.066787
15 2.367989 35.434901
16 2.369617 37.804658
17 2.404254 40.209041
18 2.397965 42.607135
19 2.384223 44.99149
20 2.383385 47.375005
21 2.400724 49.775859
22 2.378422 52.154414
23 2.393251 54.547795
24 2.380381 56.928308
25 2.369995 59.298435
26 2.381921 61.680488
27 2.368866 64.049488
28 2.38175 66.431367
29 2.369761 68.801264
30 2.365239 71.166632
31 2.356157 73.522914
32 2.37995 75.902995
33 2.36785 78.270976
34 2.356161 80.627268
35 2.370629 82.998046
36 2.392626 85.390813
37 2.36307 87.754017
38 2.346081 90.100229
39 2.355803 92.456162
40 2.383615 94.839908
41 2.347373 97.187414
42 2.355911 99.543461
43 2.323326 101.866916
44 2.338319 104.205353
45 2.114735 106.320205
46 2.379994 108.700329
47 2.36476 111.065219
48 2.374928 113.440273
49 2.368689 115.809092
50 2.360844 118.170067
51 2.360547 120.53074
52 2.374582 122.905447
53 2.359636 125.265216
54 2.368647 127.633986
55 2.341947 129.976065
56 2.393499 132.369695
57 2.345322 134.715141
58 2.358773 137.074067
59 2.35806 139.432263
60 2.376981 141.809378
61 2.371365 144.180874
62 2.367773 146.548779
63 2.352705 148.901619
64 2.363243 151.264993
65 2.350744 153.61586
66 2.350777 155.966769
67 2.338341 158.305236
68 2.355232 160.660588
69 2.338936 162.999653
70 2.360567 165.36035
71 2.332906 167.693392
72 2.357447 170.050968
73 2.344917 172.396017
74 2.343367 174.739527
75 2.339092 177.07875
76 2.35097 179.429854
77 2.332015 181.762001
78 2.336363 184.098501
79 2.340471 186.439106
80 2.375419 188.814658
81 2.339698 191.154494
82 2.331821 193.48645
83 2.328681 195.815269
84 2.348683 198.164102
85 2.341062 200.505285
86 2.34131 202.846725
87 2.330148 205.177004
88 2.354987 207.532128
89 2.346477 209.87874
90 2.336302 212.215182
91 2.336878 214.552212
92 2.363554 216.915896
93 2.327727 219.243757
94 2.328995 221.572885
95 2.331271 223.904283
96 2.357481 226.261899
97 2.329964 228.591992
98 2.32003 230.912152
99 2.320477 233.232755
100 2.353891 235.586775
101 2.32999 237.916902
102 2.329093 240.246127
103 2.313811 242.56007
104 2.354671 244.914878
105 2.336408 247.251415
106 2.329076 249.580626
107 2.315426 251.896181
108 2.345132 254.241447
109 2.318342 256.559926
110 2.321479 258.881534
111 2.320874 261.202541
112 2.343463 263.546135
113 2.329551 265.87582
114 2.32442 268.200375
115 2.314209 270.514716
116 2.337283 272.85213
117 2.324784 275.17705
118 2.316892 277.494074
119 2.318816 279.813024
120 2.341061 282.154217
121 2.320788 284.475137
122 2.315385 286.79068
123 2.313278 289.104088
124 2.333855 291.438071
125 2.321202 293.759406
126 2.325043 296.08458
127 2.318254 298.402971
128 2.329292 300.7324
129 2.309739 303.042272
130 2.31651 305.358918
131 2.307048 307.666099
132 2.321494 309.987722
133 2.304393 312.292246
134 2.30018 314.59255
135 2.303926 316.896609
136 2.317334 319.214075
137 2.315737 321.529949
138 2.308693 323.83877
139 2.289825 326.128729
140 2.318646 328.447509
141 2.306425 330.754068
142 2.287694 333.041896
143 2.291585 335.333622
144 2.312677 337.646432
145 2.286249 339.932817
146 2.284976 342.217926
147 2.275987 344.494048
148 2.276655 346.770841
149 2.235492 349.006465
150 2.219499 351.226103
151 2.210851 353.43708
152 2.229412 355.666624
153 2.217083 357.883835
154 2.218786 360.102753
155 2.215363 362.318249
156 2.235218 364.553604
157 2.235226 366.78896
158 2.222624 369.011721
159 2.210295 371.22214
160 2.25324 373.475512
161 2.2005 375.67615
162 2.211901 377.888181
163 2.197231 380.085544
164 2.215799 382.301476
165 2.22383 384.525441
166 2.22887 386.754439
167 2.219767 388.974341
168 2.231181 391.205652
169 2.196769 393.402549
170 2.195559 395.598241
171 2.201617 397.800018
172 2.216359 400.016511
173 2.205693 402.222331
174 2.197865 404.420325
175 2.200203 406.620661
176 2.221048 408.841845
177 2.202483 411.044463
178 2.194603 413.239198
179 2.189442 415.428794
180 2.203841 417.63276
181 2.185521 419.818419
182 2.186517 422.005068
183 2.170296 424.175494
184 2.188046 426.363674
185 2.171912 428.535714
186 2.191038 430.726884
187 2.165904 432.892914
188 2.183539 435.076587
189 2.177008 437.253733
190 2.186775 439.440641
191 2.122322 441.563096
192 2.187594 443.750819
193 2.170664 445.921622
done 193 2.157496 448.079256
