[runlim] version:		1.7
[runlim] time limit:		3600 seconds
[runlim] real time limit:	311040000 seconds
[runlim] space limit:		80000 MB
[runlim] argv[0]:		python3.6
[runlim] argv[1]:		./netsolver-gurobi-hadoop-mod.py
[runlim] argv[2]:		../../../instances/hadoop/hadoop_extra/us-mid1.pn
[runlim] argv[3]:		../../../instances/hadoop/instance_list_hadoop_8vm_rnd.txt
[runlim] argv[4]:		True
[runlim] argv[5]:		False
[runlim] argv[6]:		timelogs/results.us-mid1.pn.instance_list_hadoop_8vm_rnd.txt.log
[runlim] start:			Tue Sep 24 01:48:33 2019
[runlim] main pid:		27627
Academic license - for non-commercial use only
[runlim] sample:		10.0 seconds, 53.3 MB
[runlim] sample:		20.0 seconds, 53.3 MB
[runlim] sample:		30.0 seconds, 53.3 MB
[runlim] sample:		40.0 seconds, 53.3 MB
[runlim] sample:		50.0 seconds, 53.3 MB
[runlim] sample:		60.0 seconds, 53.3 MB
[runlim] sample:		70.0 seconds, 53.3 MB
[runlim] sample:		80.0 seconds, 53.3 MB
[runlim] sample:		90.0 seconds, 53.3 MB
95.467322
111
Median time: 0.855046 s
[runlim] end:			Tue Sep 24 01:50:08 2019
[runlim] status:		ok
[runlim] result:		0
[runlim] children:		0
[runlim] real:			95.86 seconds
[runlim] time:			95.59 seconds
[runlim] space:			53.3 MB
[runlim] samples:		956
