[runlim] version:		1.7
[runlim] time limit:		3600 seconds
[runlim] real time limit:	311040000 seconds
[runlim] space limit:		80000 MB
[runlim] argv[0]:		python3.6
[runlim] argv[1]:		./netsolver-gurobi-hadoop-mod.py
[runlim] argv[2]:		../../../instances/hadoop/hadoop_extra/us-west2.pn
[runlim] argv[3]:		../../../instances/hadoop/instance_list_hadoop_4vm_rnd.txt
[runlim] argv[4]:		True
[runlim] argv[5]:		False
[runlim] argv[6]:		timelogs/results.us-west2.pn.instance_list_hadoop_4vm_rnd.txt.log
[runlim] start:			Tue Sep 24 03:45:04 2019
[runlim] main pid:		27948
Academic license - for non-commercial use only
[runlim] sample:		10.0 seconds, 30.6 MB
[runlim] sample:		20.0 seconds, 31.2 MB
[runlim] sample:		30.0 seconds, 31.1 MB
34.095192
112
Median time: 0.303293 s
[runlim] end:			Tue Sep 24 03:45:38 2019
[runlim] status:		ok
[runlim] result:		0
[runlim] children:		0
[runlim] real:			34.40 seconds
[runlim] time:			34.20 seconds
[runlim] space:			32.6 MB
[runlim] samples:		342
