# instance ../../../instances/hadoop/hadoop_extra/us-mid1.pn
# Settings: PN=../../../instances/hadoop/hadoop_extra/us-mid1.pn, VN=../../../instances/hadoop/instance_list_hadoop_6vm_rnd.txt, multi-thread=False
init 0.007435 0.007435
1 0.655563 0.662998
2 0.67244 1.335559
3 0.6715 2.007179
4 0.661308 2.668617
5 0.668294 3.337039
6 0.674422 4.011601
7 0.671811 4.683546
8 0.674664 5.358336
9 0.67093 6.029386
10 0.669171 6.698678
11 0.676605 7.375409
12 0.67318 8.048717
13 0.676401 8.725244
14 0.657954 9.383318
15 0.613681 9.99713
16 0.677554 10.674801
17 0.680891 11.355819
18 0.68807 12.044014
19 0.677571 12.721688
20 0.668733 13.390536
21 0.67503 14.065679
22 0.674919 14.74072
23 0.686826 15.427662
24 0.658809 16.08658
25 0.674582 16.761273
26 0.681095 17.442495
27 0.678056 18.120681
28 0.681826 18.802625
29 0.676893 19.479647
30 0.68274 20.16251
31 0.675114 20.837753
32 0.680275 21.518159
33 0.676828 22.195113
34 0.668021 22.863245
35 0.675958 23.539325
36 0.679934 24.21939
37 0.680974 24.900487
38 0.674449 25.575064
39 0.673187 26.248377
40 0.675327 26.923811
41 0.67563 27.599562
42 0.674744 28.274435
43 0.680273 28.954836
44 0.680985 29.635951
45 0.6604 30.296482
46 0.673895 30.970507
47 0.676228 31.646867
48 0.681591 32.328588
49 0.676861 33.005571
50 0.669118 33.674819
51 0.671772 34.346721
52 0.674077 35.020923
53 0.67703 35.698078
54 0.68328 36.381492
55 0.661585 37.043194
56 0.674586 37.717911
57 0.674171 38.392204
58 0.676415 39.068742
59 0.677168 39.746043
60 0.671244 40.417416
61 0.674724 41.092261
62 0.669888 41.762275
63 0.677654 42.440057
64 0.673275 43.113463
65 0.654905 43.768495
66 0.666366 44.434991
67 0.675151 45.110265
68 0.670013 45.780407
69 0.672999 46.453527
70 0.666016 47.119677
71 0.668389 47.788188
72 0.666298 48.454609
73 0.665988 49.120728
74 0.671438 49.792295
75 0.653904 50.446315
76 0.663536 51.109973
77 0.668256 51.778361
78 0.629335 52.407821
79 0.667929 53.075869
80 0.663048 53.739036
81 0.625445 54.364605
82 0.63137 54.996083
83 0.675062 55.671267
84 0.677231 56.348626
85 0.673954 57.022711
86 0.617039 57.639878
87 0.665842 58.305843
88 0.631024 58.936996
89 0.669593 59.606716
90 0.670524 60.277337
91 0.666562 60.94402
92 0.654284 61.598437
93 0.658377 62.256921
94 0.652544 62.909587
95 0.652773 63.562488
96 0.656076 64.21869
97 0.651724 64.870527
98 0.652278 65.522925
99 0.652777 66.175814
100 0.657022 66.83296
101 0.656116 67.489213
102 0.656575 68.145912
103 0.655995 68.802038
104 0.627875 69.43005
105 0.661612 70.091776
106 0.614274 70.706171
107 0.659454 71.365742
108 0.65596 72.021835
109 0.657831 72.679794
110 0.653815 73.33373
111 0.651833 73.985684
112 0.651122 74.636936
113 0.655488 75.292547
114 0.651539 75.944218
115 0.649886 76.594242
116 0.628747 77.223113
117 0.616703 77.839947
118 0.634195 78.474254
119 0.64108 79.11546
120 0.653373 79.768965
121 0.644085 80.413198
122 0.645475 81.058806
123 0.646093 81.705029
124 0.644746 82.349916
125 0.648595 82.998644
126 0.648031 83.646807
127 0.63096 84.277902
128 0.643662 84.921702
129 0.649196 85.571023
130 0.643634 86.214787
131 0.63406 86.848974
132 0.641544 87.490651
133 0.641263 88.132037
134 0.628892 88.761056
135 0.630423 89.391603
136 0.646476 90.038205
137 0.626001 90.664325
done 137 0.636306 91.300765
