# instance vn2_3.2.vn_to_tree_2000.20.pn
# Settings: Namespace(PN='../../../instances/fmcad/in_json/tree_2000.20.pn', VDC='../../../instances/fmcad/in_json/vn2_3.2.vn', affinity=True, affinity_soft=True, allow_virtual_switches_in_switches=True, anti_affinity=True, assert_all_physical_edges=True, binary_search=True, bitblast_addition=False, bitblast_addition_shadow=False, conflict_limit=0, debug=False, decide_opt_lits=True, directed_links=False, flush_pb_theory=True, force_virtual_switches=False, ignore_ram_constraints=False, ignore_storage_constraints=False, intrinsic_edge_constraints=False, intrinsic_edge_sets=True, logfile=None, min_cores=False, min_servers=False, opt_conflict_limit=0, opt_time_limit=-1, popcount='BV', refine_flow=True, remove_all_flow_cycles=False, remove_common_bandwidth_factor=True, remove_flow_cycles=False, remove_flow_cycles_python=False, rnd_theory_freq=0.99, rnd_theory_order=False, separate_reach_constraints=False, static_flow_caps=True, theory_order_vsids=True, timelog='timelogs/fmcad13_vdcmapper_intrinsic-edge-sets-no-rnd-theory-order-theory-order-vsids-rnd-theory-freq-0-99_datacentertree_2000.20.pn_instance_vn2_3.2.vn.log', tree_addition=True, use_cover_for_refinement=True, use_min_cost_max_flow=False, vsids_balance=1, vsids_both=True)
init 13.467257 13.467257
1 1.432137 14.899394
2 0.823483 15.722877
3 0.806280 16.529157
4 0.916797 17.445954
5 0.812865 18.258819
6 0.846121 19.104940
7 0.853470 19.958410
8 0.853922 20.812332
9 0.832955 21.645287
10 0.856501 22.501788
11 0.827249 23.329037
12 0.845393 24.174430
13 0.830054 25.004484
14 0.850591 25.855075
15 0.853715 26.708790
16 0.879147 27.587937
17 0.822591 28.410528
18 0.850942 29.261470
19 0.831070 30.092540
20 0.936035 31.028575
21 0.831197 31.859772
22 0.966445 32.826217
23 0.833754 33.659971
24 0.968634 34.628605
25 0.818084 35.446689
26 0.841797 36.288486
27 0.829089 37.117575
28 0.864865 37.982440
29 0.856471 38.838911
30 0.903276 39.742187
31 1.039454 40.781641
32 1.507342 42.288983
33 0.857257 43.146240
34 1.034246 44.180486
35 0.849262 45.029748
36 0.860877 45.890625
37 0.887087 46.777712
38 0.936673 47.714385
39 0.952713 48.667098
40 0.888277 49.555375
41 0.872496 50.427871
42 0.885207 51.313078
43 0.875075 52.188153
44 0.900109 53.088262
45 0.851529 53.939791
46 0.848530 54.788321
47 1.418791 56.207112
48 1.181218 57.388330
49 0.998410 58.386740
50 0.847169 59.233909
51 1.002781 60.236690
52 0.993597 61.230287
53 1.254908 62.485195
54 0.908249 63.393444
55 0.920159 64.313603
56 0.869798 65.183401
57 0.865805 66.049206
58 0.884479 66.933685
59 0.884927 67.818612
60 0.995859 68.814471
61 1.100439 69.914910
62 0.844905 70.759815
63 0.864543 71.624358
64 0.892225 72.516583
65 0.955262 73.471845
66 0.881367 74.353212
67 0.895655 75.248867
68 0.869981 76.118848
69 0.862073 76.980921
70 0.865572 77.846493
71 0.930789 78.777282
72 1.138769 79.916051
73 0.904870 80.820921
74 0.867551 81.688472
75 0.870945 82.559417
76 0.863221 83.422638
77 1.239356 84.661994
78 0.904717 85.566711
79 0.910234 86.476945
80 1.008893 87.485838
81 1.127660 88.613498
82 0.951901 89.565399
83 0.883971 90.449370
84 0.862503 91.311873
85 0.898610 92.210483
86 1.110058 93.320541
87 0.857529 94.178070
88 0.869269 95.047339
89 0.905947 95.953286
90 0.895916 96.849202
91 0.933284 97.782486
92 0.905749 98.688235
93 1.012895 99.701130
94 0.869264 100.570394
95 0.873525 101.443919
96 0.874352 102.318271
97 0.902968 103.221239
98 0.869857 104.091096
99 0.912013 105.003109
100 0.880784 105.883893
101 0.856511 106.740404
102 0.848768 107.589172
103 1.582862 109.172034
104 1.171111 110.343145
105 1.407377 111.750522
106 0.919741 112.670263
107 0.910062 113.580325
108 0.879136 114.459461
109 0.890103 115.349564
110 1.191708 116.541272
111 0.938853 117.480125
112 0.926565 118.406690
113 0.910496 119.317186
114 1.001729 120.318915
115 0.846161 121.165076
116 0.866118 122.031194
117 0.873557 122.904751
118 1.531766 124.436517
119 1.764614 126.201131
120 0.895914 127.097045
121 0.969986 128.067031
122 0.904710 128.971741
123 0.876414 129.848155
124 0.888899 130.737054
125 1.144880 131.881934
126 0.874985 132.756919
127 0.897908 133.654827
128 0.950686 134.605513
129 0.987878 135.593391
130 1.046936 136.640327
131 0.931575 137.571902
132 0.907888 138.479790
133 0.915993 139.395783
134 0.951439 140.347222
135 0.885213 141.232435
136 0.912327 142.144762
137 0.900845 143.045607
138 0.921816 143.967423
139 0.895581 144.863004
140 0.849443 145.712447
141 1.227423 146.939870
142 1.148300 148.088170
143 0.946235 149.034405
144 0.886831 149.921236
145 0.910068 150.831304
146 0.908582 151.739886
147 1.257382 152.997268
148 0.907449 153.904717
149 0.847002 154.751719
150 0.870499 155.622218
151 0.866613 156.488831
152 0.885973 157.374804
153 0.905597 158.280401
154 0.895373 159.175774
155 0.990396 160.166170
156 0.886387 161.052557
157 0.903552 161.956109
158 0.913921 162.870030
159 0.875759 163.745789
160 0.926918 164.672707
161 0.948000 165.620707
162 1.182606 166.803313
163 0.890482 167.693795
164 0.888392 168.582187
165 0.896027 169.478214
166 0.935309 170.413523
167 1.407388 171.820911
168 1.092610 172.913521
169 0.912185 173.825706
170 0.988107 174.813813
171 0.865707 175.679520
172 0.942702 176.622222
173 0.887211 177.509433
174 0.993791 178.503224
175 0.888006 179.391230
176 0.918966 180.310196
177 0.920691 181.230887
178 0.906078 182.136965
179 0.925499 183.062464
180 0.855572 183.918036
181 0.923406 184.841442
182 0.955531 185.796973
183 3.453935 189.250908
184 0.884541 190.135449
185 0.894840 191.030289
186 0.893711 191.924000
187 1.680756 193.604756
188 1.510814 195.115570
189 0.975912 196.091482
190 0.949240 197.040722
191 0.900460 197.941182
192 3.105750 201.046932
193 0.998479 202.045411
194 0.892080 202.937491
195 0.889763 203.827254
196 1.465132 205.292386
197 0.916597 206.208983
198 1.024056 207.233039
199 0.890859 208.123898
200 0.940844 209.064742
201 0.898223 209.962965
202 0.912628 210.875593
203 0.904871 211.780464
204 0.897585 212.678049
205 0.857357 213.535406
206 0.901139 214.436545
207 0.872658 215.309203
208 0.893416 216.202619
209 1.144007 217.346626
210 0.910947 218.257573
211 0.978731 219.236304
212 0.898614 220.134918
213 1.095798 221.230716
214 1.492382 222.723098
215 0.910424 223.633522
216 1.088471 224.721993
217 0.916572 225.638565
218 2.401253 228.039818
219 0.900638 228.940456
220 0.854840 229.795296
221 0.888342 230.683638
222 1.016397 231.700035
223 1.483382 233.183417
224 0.902752 234.086169
225 0.885009 234.971178
226 0.937393 235.908571
227 0.890472 236.799043
228 0.911683 237.710726
229 1.378709 239.089435
230 0.894496 239.983931
231 1.130728 241.114659
232 1.190261 242.304920
233 2.545069 244.849989
234 0.991135 245.841124
235 0.890321 246.731445
236 0.867907 247.599352
237 0.877289 248.476641
238 1.250201 249.726842
239 0.891833 250.618675
240 0.896966 251.515641
241 0.876547 252.392188
242 0.899610 253.291798
243 0.888744 254.180542
244 0.978448 255.158990
245 1.094908 256.253898
246 1.046591 257.300489
247 0.933443 258.233932
248 0.972940 259.206872
249 0.910269 260.117141
250 0.954375 261.071516
251 0.908786 261.980302
252 3.285371 265.265673
253 0.850669 266.116342
254 0.868604 266.984946
255 0.899717 267.884663
256 0.930280 268.814943
257 0.885845 269.700788
258 0.897241 270.598029
259 0.888896 271.486925
260 1.088225 272.575150
261 0.905610 273.480760
262 0.915765 274.396525
263 0.907859 275.304384
264 0.890458 276.194842
265 0.903975 277.098817
266 1.176919 278.275736
267 1.003138 279.278874
268 1.088087 280.366961
269 0.886368 281.253329
270 0.975769 282.229098
271 0.890435 283.119533
272 0.896596 284.016129
273 0.851387 284.867516
274 0.866436 285.733952
275 1.229959 286.963911
276 0.885047 287.848958
277 0.906450 288.755408
278 0.909798 289.665206
279 0.902839 290.568045
280 0.971136 291.539181
281 0.916956 292.456137
282 0.949569 293.405706
283 0.894928 294.300634
284 0.899694 295.200328
285 0.891295 296.091623
286 0.970856 297.062479
287 0.886487 297.948966
288 0.905151 298.854117
289 0.897616 299.751733
290 2.010036 301.761769
291 0.904489 302.666258
292 0.936580 303.602838
293 1.368819 304.971657
294 0.855013 305.826670
295 0.887173 306.713843
296 0.875079 307.588922
297 0.897167 308.486089
298 0.897076 309.383165
299 1.039330 310.422495
300 0.883394 311.305889
301 0.902504 312.208393
302 0.887144 313.095537
303 0.902306 313.997843
304 0.885279 314.883122
305 0.904132 315.787254
306 0.968931 316.756185
307 0.905546 317.661731
308 1.002852 318.664583
309 0.892465 319.557048
310 0.920085 320.477133
311 0.911464 321.388597
312 0.975576 322.364173
313 0.944350 323.308523
314 0.922344 324.230867
315 1.020759 325.251626
316 0.860608 326.112234
317 0.853986 326.966220
318 0.922368 327.888588
319 0.894108 328.782696
320 1.111765 329.894461
321 0.876122 330.770583
322 0.899887 331.670470
323 0.877254 332.547724
324 0.900621 333.448345
325 0.886935 334.335280
326 0.920747 335.256027
327 1.030548 336.286575
328 0.886570 337.173145
329 0.902439 338.075584
330 1.041159 339.116743
331 0.885589 340.002332
332 0.926461 340.928793
333 0.919817 341.848610
334 0.892813 342.741423
335 0.905765 343.647188
336 1.054937 344.702125
337 1.072430 345.774555
338 0.904396 346.678951
339 0.921037 347.599988
340 0.930463 348.530451
341 1.119170 349.649621
342 1.015593 350.665214
343 1.055928 351.721142
344 0.889222 352.610364
345 0.927893 353.538257
346 0.968347 354.506604
347 0.932480 355.439084
348 0.950822 356.389906
349 0.920620 357.310526
350 0.977064 358.287590
351 0.885829 359.173419
352 1.055163 360.228582
353 0.994158 361.222740
354 0.911906 362.134646
355 0.935218 363.069864
356 0.965585 364.035449
357 0.895801 364.931250
358 1.197577 366.128827
359 0.882007 367.010834
360 1.039300 368.050134
361 1.007685 369.057819
362 0.932484 369.990303
363 0.903455 370.893758
364 1.064058 371.957816
365 0.900518 372.858334
366 0.870241 373.728575
367 0.885465 374.614040
368 0.880830 375.494870
369 0.890505 376.385375
370 0.901759 377.287134
371 0.919342 378.206476
372 1.101346 379.307822
373 0.883827 380.191649
374 0.890587 381.082236
375 1.167217 382.249453
376 0.886310 383.135763
377 0.935706 384.071469
378 0.882657 384.954126
379 1.408142 386.362268
380 0.892708 387.254976
381 0.908402 388.163378
382 0.940875 389.104253
383 1.268110 390.372363
384 0.901620 391.273983
385 0.886672 392.160655
386 0.886240 393.046895
387 0.896716 393.943611
388 0.903740 394.847351
389 1.027789 395.875140
390 1.113222 396.988362
391 0.847238 397.835600
392 0.851341 398.686941
393 1.058451 399.745392
394 0.869128 400.614520
395 0.869077 401.483597
396 1.154594 402.638191
397 1.032894 403.671085
398 2.474669 406.145754
399 0.893702 407.039456
400 0.915122 407.954578
401 0.892248 408.846826
402 0.884566 409.731392
403 0.891293 410.622685
404 0.888133 411.510818
405 0.889101 412.399919
406 0.894046 413.293965
407 0.893154 414.187119
408 0.900874 415.087993
409 1.002658 416.090651
410 0.879871 416.970522
411 0.892960 417.863482
412 0.877966 418.741448
413 0.899591 419.641039
414 0.913533 420.554572
415 0.915925 421.470497
416 1.415432 422.885929
417 1.012539 423.898468
418 0.853819 424.752287
419 0.992950 425.745237
420 0.859907 426.605144
421 0.869339 427.474483
422 0.953101 428.427584
423 0.877502 429.305086
424 0.889874 430.194960
425 0.880899 431.075859
426 1.071781 432.147640
427 0.877111 433.024751
428 1.003931 434.028682
429 0.881971 434.910653
430 0.895878 435.806531
431 0.881579 436.688110
432 0.878439 437.566549
433 0.899404 438.465953
434 1.002653 439.468606
435 0.879088 440.347694
436 0.880755 441.228449
437 1.042905 442.271354
438 1.145206 443.416560
439 0.914669 444.331229
440 0.954878 445.286107
441 0.879500 446.165607
442 1.132621 447.298228
443 0.885615 448.183843
444 0.882583 449.066426
445 0.939625 450.006051
446 0.900429 450.906480
447 1.532790 452.439270
448 0.878793 453.318063
449 0.849516 454.167579
450 0.867268 455.034847
451 0.857994 455.892841
452 0.856990 456.749831
453 0.950924 457.700755
454 0.872925 458.573680
455 0.883022 459.456702
456 0.910453 460.367155
457 0.983976 461.351131
458 0.907653 462.258784
459 0.871753 463.130537
460 0.958080 464.088617
461 0.892649 464.981266
462 0.974646 465.955912
463 0.945863 466.901775
464 1.282387 468.184162
465 0.878129 469.062291
466 0.884872 469.947163
467 0.878082 470.825245
468 0.873623 471.698868
469 0.888813 472.587681
470 0.882386 473.470067
471 0.888944 474.359011
472 0.927498 475.286509
473 0.995800 476.282309
474 1.300009 477.582318
475 1.127549 478.709867
476 0.884462 479.594329
477 0.880831 480.475160
478 0.995703 481.470863
479 0.909580 482.380443
480 0.932432 483.312875
481 0.892672 484.205547
482 0.845233 485.050780
483 0.835102 485.885882
484 0.914692 486.800574
485 0.857704 487.658278
486 0.870345 488.528623
487 0.964548 489.493171
488 0.884902 490.378073
489 0.869479 491.247552
490 0.893700 492.141252
491 0.866532 493.007784
492 0.866572 493.874356
493 0.867673 494.742029
494 0.887326 495.629355
495 0.917143 496.546498
496 0.868525 497.415023
497 0.869433 498.284456
498 0.878285 499.162741
499 0.873522 500.036263
500 0.873884 500.910147
501 0.907626 501.817773
502 0.880516 502.698289
503 0.863877 503.562166
504 0.924455 504.486621
505 0.869301 505.355922
506 0.889501 506.245423
507 0.902367 507.147790
508 0.879877 508.027667
509 0.897722 508.925389
510 0.868863 509.794252
511 0.862434 510.656686
512 0.888460 511.545146
513 0.861041 512.406187
514 0.876743 513.282930
515 0.882260 514.165190
516 0.878739 515.043929
517 0.865596 515.909525
518 0.846740 516.756265
519 0.835302 517.591567
520 0.930182 518.521749
521 0.855466 519.377215
522 1.036305 520.413520
523 0.861846 521.275366
524 0.907085 522.182451
525 0.863925 523.046376
526 0.948309 523.994685
527 0.873396 524.868081
528 0.879988 525.748069
529 1.056531 526.804600
530 0.982065 527.786665
531 0.898873 528.685538
532 0.887483 529.573021
533 0.970039 530.543060
534 1.064831 531.607891
535 0.917246 532.525137
536 0.957168 533.482305
537 0.871997 534.354302
538 0.871011 535.225313
539 0.876173 536.101486
540 0.938673 537.040159
541 0.878816 537.918975
542 0.954898 538.873873
543 0.866850 539.740723
544 0.890504 540.631227
545 0.869953 541.501180
546 0.866831 542.368011
547 1.010758 543.378769
548 1.320296 544.699065
549 0.865272 545.564337
550 0.887215 546.451552
551 0.860051 547.311603
552 1.145977 548.457580
553 0.866286 549.323866
554 0.836291 550.160157
555 0.847302 551.007459
556 0.850957 551.858416
557 0.956949 552.815365
558 0.853590 553.668955
559 1.018980 554.687935
560 0.861788 555.549723
561 0.945285 556.495008
562 1.000348 557.495356
563 0.883543 558.378899
564 6.167819 564.546718
565 0.893865 565.440583
566 0.867101 566.307684
567 0.987759 567.295443
568 0.995015 568.290458
569 0.947298 569.237756
570 0.992210 570.229966
571 0.869816 571.099782
572 1.190579 572.290361
573 1.508787 573.799148
574 0.962824 574.761972
575 0.896174 575.658146
576 0.867554 576.525700
577 0.873105 577.398805
578 0.983472 578.382277
579 0.867618 579.249895
580 0.890413 580.140308
581 0.943125 581.083433
582 0.919957 582.003390
583 1.114524 583.117914
584 0.865060 583.982974
585 0.869735 584.852709
586 0.902002 585.754711
587 0.959823 586.714534
588 0.877983 587.592517
589 0.965093 588.557610
590 0.865282 589.422892
591 0.844796 590.267688
592 0.840021 591.107709
593 0.866038 591.973747
594 0.853354 592.827101
595 0.869236 593.696337
596 0.942969 594.639306
597 0.854338 595.493644
598 0.875166 596.368810
599 0.877838 597.246648
600 0.899025 598.145673
601 0.885902 599.031575
602 0.950196 599.981771
603 0.863084 600.844855
604 0.941214 601.786069
605 1.709357 603.495426
606 0.976893 604.472319
607 1.180345 605.652664
608 0.882934 606.535598
609 1.396066 607.931664
610 0.865842 608.797506
611 0.872269 609.669775
612 0.862034 610.531809
613 0.897692 611.429501
614 0.856588 612.286089
615 0.869799 613.155888
616 1.256968 614.412856
617 0.862656 615.275512
618 0.860676 616.136188
619 0.981748 617.117936
620 1.702213 618.820149
621 1.027777 619.847926
622 0.940663 620.788589
623 0.881290 621.669879
624 0.882622 622.552501
625 0.874181 623.426682
626 0.937620 624.364302
627 0.875070 625.239372
628 0.982699 626.222071
629 0.877707 627.099778
630 1.310017 628.409795
631 0.875641 629.285436
632 0.912181 630.197617
633 0.873045 631.070662
634 0.844045 631.914707
635 0.850829 632.765536
636 0.853746 633.619282
637 0.856164 634.475446
638 0.889936 635.365382
639 0.871812 636.237194
640 0.870409 637.107603
641 0.859617 637.967220
642 0.856617 638.823837
643 0.872563 639.696400
644 0.856436 640.552836
645 0.869025 641.421861
646 0.965700 642.387561
647 1.091305 643.478866
648 0.866722 644.345588
649 0.866524 645.212112
650 0.960333 646.172445
651 0.871951 647.044396
652 0.857772 647.902168
653 1.285204 649.187372
654 1.025280 650.212652
655 1.511076 651.723728
656 0.866209 652.589937
657 0.893296 653.483233
658 0.939345 654.422578
659 0.882373 655.304951
660 0.867937 656.172888
661 0.883261 657.056149
662 0.865067 657.921216
663 0.857685 658.778901
664 0.863913 659.642814
665 0.862346 660.505160
666 0.859522 661.364682
667 0.884769 662.249451
668 0.901192 663.150643
669 0.990062 664.140705
670 1.041754 665.182459
671 0.868186 666.050645
672 1.033735 667.084380
673 1.175872 668.260252
674 0.928686 669.188938
675 1.008967 670.197905
676 0.903510 671.101415
677 0.897264 671.998679
678 0.863459 672.862138
679 0.860594 673.722732
680 1.116609 674.839341
681 0.868632 675.707973
682 1.436222 677.144195
683 1.057094 678.201289
684 1.051636 679.252925
685 0.848098 680.101023
686 0.972978 681.074001
687 0.850741 681.924742
688 1.058628 682.983370
689 0.860482 683.843852
690 0.854170 684.698022
691 0.886589 685.584611
692 0.852681 686.437292
693 0.860569 687.297861
694 1.553913 688.851774
695 0.865181 689.716955
696 1.148155 690.865110
697 0.863221 691.728331
698 0.865592 692.593923
699 1.075810 693.669733
700 0.959444 694.629177
701 0.854393 695.483570
702 0.857670 696.341240
703 0.857113 697.198353
704 0.853558 698.051911
705 0.852677 698.904588
706 0.952272 699.856860
707 0.938418 700.795278
708 1.249422 702.044700
709 0.855836 702.900536
710 1.182324 704.082860
711 0.889584 704.972444
712 0.867312 705.839756
713 0.885117 706.724873
714 0.875419 707.600292
715 1.030732 708.631024
716 0.854334 709.485358
717 0.848502 710.333860
718 0.857434 711.191294
719 0.857804 712.049098
720 0.905348 712.954446
721 0.861066 713.815512
722 0.857088 714.672600
723 0.855490 715.528090
724 0.862672 716.390762
725 0.940969 717.331731
726 0.863602 718.195333
727 0.959380 719.154713
728 0.857435 720.012148
729 0.854776 720.866924
730 0.871975 721.738899
731 2.784066 724.522965
732 0.859294 725.382259
733 0.852283 726.234542
734 0.860346 727.094888
735 0.844789 727.939677
736 0.935273 728.874950
737 0.977153 729.852103
738 0.855595 730.707698
739 0.875020 731.582718
740 0.858255 732.440973
741 0.862456 733.303429
742 0.844974 734.148403
743 0.845722 734.994125
744 0.836582 735.830707
745 0.849349 736.680056
746 0.880079 737.560135
747 0.845556 738.405691
748 0.871680 739.277371
749 0.921642 740.199013
750 0.861245 741.060258
751 0.837462 741.897720
752 0.969505 742.867225
753 0.920839 743.788064
754 0.852364 744.640428
755 0.853863 745.494291
756 0.851373 746.345664
757 0.966214 747.311878
758 0.854462 748.166340
759 0.999243 749.165583
760 0.852697 750.018280
761 0.918009 750.936289
762 0.870026 751.806315
763 0.928260 752.734575
764 0.858662 753.593237
765 0.842964 754.436201
766 0.854244 755.290445
767 0.847934 756.138379
768 0.868465 757.006844
769 0.852438 757.859282
770 1.311824 759.171106
771 0.848903 760.020009
772 0.849943 760.869952
773 0.850913 761.720865
774 0.850035 762.570900
775 0.883003 763.453903
776 0.854010 764.307913
777 1.165230 765.473143
778 0.872727 766.345870
779 0.853493 767.199363
780 0.853678 768.053041
781 0.877571 768.930612
782 0.864747 769.795359
783 0.853705 770.649064
784 0.848434 771.497498
785 0.892554 772.390052
786 0.884391 773.274443
787 1.093920 774.368363
788 0.879936 775.248299
789 0.853674 776.101973
790 0.850409 776.952382
791 0.842670 777.795052
792 0.848980 778.644032
793 0.853684 779.497716
794 2.541387 782.039103
795 0.860626 782.899729
796 0.846029 783.745758
797 0.850513 784.596271
798 0.847021 785.443292
799 0.841642 786.284934
800 0.847578 787.132512
801 0.850428 787.982940
802 1.107331 789.090271
803 0.869098 789.959369
804 0.845880 790.805249
805 1.204034 792.009283
806 0.847576 792.856859
807 0.851077 793.707936
808 0.852486 794.560422
809 0.847013 795.407435
810 0.851754 796.259189
811 0.839883 797.099072
812 0.833078 797.932150
813 0.954601 798.886751
814 0.991821 799.878572
815 0.983371 800.861943
816 0.841690 801.703633
817 0.870175 802.573808
818 0.858411 803.432219
819 1.167543 804.599762
820 0.845939 805.445701
821 0.849813 806.295514
822 0.837432 807.132946
823 1.313165 808.446111
824 0.846885 809.292996
825 0.846318 810.139314
826 0.848057 810.987371
827 0.896105 811.883476
828 1.074307 812.957783
829 1.010939 813.968722
830 0.863432 814.832154
831 0.909809 815.741963
832 0.842823 816.584786
833 0.847343 817.432129
834 0.847047 818.279176
835 0.846656 819.125832
836 0.971042 820.096874
837 1.124377 821.221251
838 0.847410 822.068661
839 0.869359 822.938020
840 0.845167 823.783187
841 1.348962 825.132149
842 0.959183 826.091332
843 0.849894 826.941226
844 0.842748 827.783974
845 0.886664 828.670638
846 0.845508 829.516146
847 0.848931 830.365077
848 0.847733 831.212810
849 0.855191 832.068001
850 0.907010 832.975011
851 0.848702 833.823713
852 0.846323 834.670036
853 0.843824 835.513860
854 0.848264 836.362124
855 0.835058 837.197182
856 0.846205 838.043387
857 0.843776 838.887163
858 0.850121 839.737284
859 0.946960 840.684244
860 0.845690 841.529934
861 0.849130 842.379064
862 0.847986 843.227050
863 0.860073 844.087123
864 0.846977 844.934100
865 0.846128 845.780228
866 0.844364 846.624592
867 0.844610 847.469202
868 0.889522 848.358724
869 0.842006 849.200730
870 0.841846 850.042576
871 0.844480 850.887056
872 0.838463 851.725519
873 0.844244 852.569763
874 0.840052 853.409815
875 0.856929 854.266744
876 0.843037 855.109781
877 0.848810 855.958591
878 0.847323 856.805914
879 0.843262 857.649176
880 0.844867 858.494043
881 1.086774 859.580817
882 0.842767 860.423584
883 0.842930 861.266514
884 0.846758 862.113272
885 0.840635 862.953907
886 0.839694 863.793601
887 0.844563 864.638164
888 0.840187 865.478351
done 888 0.446601 865.924952
