# instance vn2_3.3.vn_to_tree_400.20.pn
# Settings: Namespace(PN='../../../instances/fmcad/in_json/tree_400.20.pn', VDC='../../../instances/fmcad/in_json/vn2_3.3.vn', affinity=True, affinity_soft=True, allow_virtual_switches_in_switches=True, anti_affinity=True, assert_all_physical_edges=True, binary_search=True, bitblast_addition=False, bitblast_addition_shadow=False, conflict_limit=0, debug=False, decide_opt_lits=True, directed_links=False, flush_pb_theory=True, force_virtual_switches=False, ignore_ram_constraints=False, ignore_storage_constraints=False, intrinsic_edge_constraints=False, intrinsic_edge_sets=True, logfile=None, min_cores=False, min_servers=False, opt_conflict_limit=0, opt_time_limit=-1, popcount='BV', refine_flow=True, remove_all_flow_cycles=False, remove_common_bandwidth_factor=True, remove_flow_cycles=False, remove_flow_cycles_python=False, rnd_theory_freq=0.99, rnd_theory_order=False, separate_reach_constraints=False, static_flow_caps=True, theory_order_vsids=True, timelog='timelogs/fmcad13_vdcmapper_intrinsic-edge-sets-no-rnd-theory-order-theory-order-vsids-rnd-theory-freq-0-99_datacentertree_400.20.pn_instance_vn2_3.3.vn.log', tree_addition=True, use_cover_for_refinement=True, use_min_cost_max_flow=False, vsids_balance=1, vsids_both=True)
init 2.113185 2.113185
1 0.214880 2.328065
2 0.127307 2.455372
3 0.148095 2.603467
4 0.137120 2.740587
5 0.137052 2.877639
6 0.132923 3.010562
7 0.145743 3.156305
8 0.130844 3.287149
9 0.134511 3.421660
10 0.132504 3.554164
11 0.130192 3.684356
12 0.130380 3.814736
13 0.131126 3.945862
14 0.140377 4.086239
15 0.132226 4.218465
16 0.133573 4.352038
17 0.131113 4.483151
18 0.132314 4.615465
19 0.139005 4.754470
20 0.159570 4.914040
21 0.133096 5.047136
22 0.134508 5.181644
23 0.133678 5.315322
24 0.139823 5.455145
25 0.166853 5.621998
26 0.132149 5.754147
27 0.133620 5.887767
28 0.134634 6.022401
29 0.148020 6.170421
30 0.145065 6.315486
31 0.146262 6.461748
32 0.136182 6.597930
33 0.134439 6.732369
34 0.135729 6.868098
35 0.135852 7.003950
36 0.149506 7.153456
37 0.136225 7.289681
38 0.137443 7.427124
39 0.141024 7.568148
40 0.150454 7.718602
41 0.140502 7.859104
42 0.138288 7.997392
43 0.136310 8.133702
44 0.137538 8.271240
45 0.134199 8.405439
46 0.138190 8.543629
47 0.134122 8.677751
48 0.141721 8.819472
49 0.144754 8.964226
50 0.155166 9.119392
51 0.145110 9.264502
52 0.148966 9.413468
53 0.137304 9.550772
54 0.135424 9.686196
55 0.148739 9.834935
56 0.147313 9.982248
57 0.196812 10.179060
58 0.138146 10.317206
59 0.138303 10.455509
60 0.141588 10.597097
61 0.137265 10.734362
62 0.134291 10.868653
63 0.137934 11.006587
64 0.136380 11.142967
65 0.137904 11.280871
66 0.139080 11.419951
67 0.223290 11.643241
68 0.139907 11.783148
69 0.164738 11.947886
70 0.136623 12.084509
71 0.193169 12.277678
72 0.142335 12.420013
73 0.134677 12.554690
74 0.153051 12.707741
75 0.135267 12.843008
76 0.136025 12.979033
77 0.160736 13.139769
78 0.136969 13.276738
79 0.143863 13.420601
80 0.140396 13.560997
81 0.137375 13.698372
82 0.136643 13.835015
83 0.141894 13.976909
84 0.164834 14.141743
85 0.142603 14.284346
86 0.139722 14.424068
87 0.136422 14.560490
88 0.135651 14.696141
89 0.135988 14.832129
90 0.146510 14.978639
91 0.135345 15.113984
92 0.136560 15.250544
93 0.137781 15.388325
94 0.162026 15.550351
95 0.142703 15.693054
96 0.140344 15.833398
97 0.134782 15.968180
98 0.153532 16.121712
99 0.138816 16.260528
100 0.137645 16.398173
101 0.136526 16.534699
102 0.143586 16.678285
103 0.138584 16.816869
104 0.147263 16.964132
105 0.145719 17.109851
106 0.136375 17.246226
107 0.137620 17.383846
108 0.139370 17.523216
109 0.139763 17.662979
110 0.137363 17.800342
111 0.137853 17.938195
112 0.150777 18.088972
113 0.137657 18.226629
114 0.140296 18.366925
115 0.136459 18.503384
116 0.137067 18.640451
117 0.136788 18.777239
118 0.162837 18.940076
119 0.135979 19.076055
120 0.134883 19.210938
121 0.134473 19.345411
122 0.137959 19.483370
123 0.135027 19.618397
124 0.134930 19.753327
125 0.139203 19.892530
126 0.135865 20.028395
127 0.137376 20.165771
128 0.167501 20.333272
129 0.136400 20.469672
130 0.137753 20.607425
131 0.138264 20.745689
132 0.135553 20.881242
133 0.140542 21.021784
134 0.135648 21.157432
135 0.138539 21.295971
136 0.140785 21.436756
137 0.138526 21.575282
138 0.141630 21.716912
139 0.141797 21.858709
140 0.136663 21.995372
141 0.137508 22.132880
142 0.134814 22.267694
143 0.137484 22.405178
144 0.135383 22.540561
145 0.155186 22.695747
146 0.135158 22.830905
147 0.143342 22.974247
148 0.133366 23.107613
149 0.138885 23.246498
150 0.138766 23.385264
151 0.134109 23.519373
152 0.135698 23.655071
153 0.134502 23.789573
154 0.141032 23.930605
155 0.138692 24.069297
156 0.132027 24.201324
157 0.134110 24.335434
158 0.137049 24.472483
159 0.136690 24.609173
160 0.146119 24.755292
161 0.136568 24.891860
162 0.136494 25.028354
163 0.133518 25.161872
164 0.157742 25.319614
165 0.136703 25.456317
166 0.138479 25.594796
167 0.132201 25.726997
168 0.152519 25.879516
169 0.143271 26.022787
170 0.239186 26.261973
171 0.133869 26.395842
172 0.134805 26.530647
173 0.143603 26.674250
174 0.135592 26.809842
175 0.139496 26.949338
176 0.134261 27.083599
177 0.134768 27.218367
done 177 0.060368 27.278735
