# instance vn2_5.3.vn_to_tree_200.20.pn
# Settings: Namespace(PN='../../../instances/fmcad/in_json/tree_200.20.pn', VDC='../../../instances/fmcad/in_json/vn2_5.3.vn', affinity=True, affinity_soft=True, allow_virtual_switches_in_switches=True, anti_affinity=True, assert_all_physical_edges=True, binary_search=True, bitblast_addition=False, bitblast_addition_shadow=False, conflict_limit=0, debug=False, decide_opt_lits=True, directed_links=False, flush_pb_theory=True, force_virtual_switches=False, ignore_ram_constraints=False, ignore_storage_constraints=False, intrinsic_edge_constraints=False, intrinsic_edge_sets=True, logfile=None, min_cores=False, min_servers=False, opt_conflict_limit=0, opt_time_limit=-1, popcount='BV', refine_flow=True, remove_all_flow_cycles=False, remove_common_bandwidth_factor=True, remove_flow_cycles=False, remove_flow_cycles_python=False, rnd_theory_freq=0.99, rnd_theory_order=False, separate_reach_constraints=False, static_flow_caps=True, theory_order_vsids=True, timelog='timelogs/fmcad13_vdcmapper_intrinsic-edge-sets-no-rnd-theory-order-theory-order-vsids-rnd-theory-freq-0-99_datacentertree_200.20.pn_instance_vn2_5.3.vn.log', tree_addition=True, use_cover_for_refinement=True, use_min_cost_max_flow=False, vsids_balance=1, vsids_both=True)
init 2.240444 2.240444
1 0.222396 2.462840
2 0.141939 2.604779
3 0.149847 2.754626
4 0.147785 2.902411
5 0.155831 3.058242
6 0.149334 3.207576
7 0.163231 3.370807
8 0.156908 3.527715
9 0.144889 3.672604
10 0.143562 3.816166
11 0.144626 3.960792
12 0.148898 4.109690
13 0.159254 4.268944
14 0.150181 4.419125
15 0.149122 4.568247
16 0.172561 4.740808
17 0.147939 4.888747
18 0.153420 5.042167
19 0.171635 5.213802
20 0.160725 5.374527
21 0.145817 5.520344
22 0.161662 5.682006
23 0.155885 5.837891
24 0.153701 5.991592
25 0.145857 6.137449
26 0.437934 6.575383
27 0.166594 6.741977
28 0.158295 6.900272
29 0.162847 7.063119
30 0.181895 7.245014
31 0.165863 7.410877
32 0.153835 7.564712
33 0.159652 7.724364
34 0.163231 7.887595
35 0.155052 8.042647
36 0.146680 8.189327
37 0.151049 8.340376
38 0.182557 8.522933
39 0.149394 8.672327
40 0.149157 8.821484
41 0.164578 8.986062
42 0.170415 9.156477
43 0.190623 9.347100
44 0.146536 9.493636
45 0.157391 9.651027
46 0.147242 9.798269
47 0.149373 9.947642
48 0.150438 10.098080
49 0.147463 10.245543
50 0.154624 10.400167
51 0.148249 10.548416
52 0.157462 10.705878
53 0.151141 10.857019
done 53 0.024402 10.881421
