# instance vn2_5.3.vn_to_tree16_200.20.pn
# Settings: Namespace(PN='../../../instances/fmcad/in_json/tree16_200.20.pn', VDC='../../../instances/fmcad/in_json/vn2_5.3.vn', affinity=True, affinity_soft=True, allow_virtual_switches_in_switches=True, anti_affinity=True, assert_all_physical_edges=True, binary_search=True, bitblast_addition=False, bitblast_addition_shadow=False, conflict_limit=0, debug=False, decide_opt_lits=True, directed_links=False, flush_pb_theory=True, force_virtual_switches=False, ignore_ram_constraints=False, ignore_storage_constraints=False, intrinsic_edge_constraints=False, intrinsic_edge_sets=True, logfile=None, min_cores=False, min_servers=False, opt_conflict_limit=0, opt_time_limit=-1, popcount='BV', refine_flow=True, remove_all_flow_cycles=False, remove_common_bandwidth_factor=True, remove_flow_cycles=False, remove_flow_cycles_python=False, rnd_theory_freq=0.99, rnd_theory_order=False, separate_reach_constraints=False, static_flow_caps=True, theory_order_vsids=True, timelog='timelogs/fmcad13_vdcmapper_intrinsic-edge-sets-no-rnd-theory-order-theory-order-vsids-rnd-theory-freq-0-99_datacentertree16_200.20.pn_instance_vn2_5.3.vn.log', tree_addition=True, use_cover_for_refinement=True, use_min_cost_max_flow=False, vsids_balance=1, vsids_both=True)
init 2.293428 2.293428
1 0.169750 2.463178
2 0.134076 2.597254
3 0.133283 2.730537
4 0.134348 2.864885
5 0.136202 3.001087
6 0.135539 3.136626
7 0.138652 3.275278
8 0.220025 3.495303
9 0.169110 3.664413
10 0.154340 3.818753
11 0.169524 3.988277
12 0.150727 4.139004
13 0.188234 4.327238
14 0.220716 4.547954
15 0.159228 4.707182
16 0.157428 4.864610
17 0.405760 5.270370
18 0.151852 5.422222
19 0.162322 5.584544
20 0.156732 5.741276
21 0.302149 6.043425
22 0.181677 6.225102
23 0.153467 6.378569
24 0.393894 6.772463
25 0.195081 6.967544
26 0.160518 7.128062
27 0.351230 7.479292
28 0.152080 7.631372
29 0.176717 7.808089
30 0.158504 7.966593
31 0.206930 8.173523
32 0.196067 8.369590
33 0.187141 8.556731
34 0.411067 8.967798
35 0.413396 9.381194
36 0.261318 9.642512
37 0.166188 9.808700
38 0.706643 10.515343
39 0.159973 10.675316
40 0.163320 10.838636
41 0.167839 11.006475
42 0.198353 11.204828
43 0.204943 11.409771
44 0.239344 11.649115
45 0.192443 11.841558
46 0.212293 12.053851
47 0.191454 12.245305
48 0.161319 12.406624
49 0.547364 12.953988
50 0.172503 13.126491
51 0.238828 13.365319
52 0.643572 14.008891
53 0.214510 14.223401
54 0.202877 14.426278
55 0.200998 14.627276
56 0.251202 14.878478
57 0.165604 15.044082
58 0.193656 15.237738
59 0.555161 15.792899
60 0.216419 16.009318
61 0.654397 16.663715
62 0.193032 16.856747
63 0.464678 17.321425
64 0.200911 17.522336
65 0.189323 17.711659
66 0.651479 18.363138
67 0.597511 18.960649
68 0.205704 19.166353
69 0.171453 19.337806
70 0.215829 19.553635
71 0.176873 19.730508
72 0.402255 20.132763
73 0.224622 20.357385
74 1.190025 21.547410
75 0.195897 21.743307
76 0.795684 22.538991
77 0.178173 22.717164
78 0.401363 23.118527
79 0.444772 23.563299
80 0.301411 23.864710
81 0.495414 24.360124
82 0.202652 24.562776
83 0.211661 24.774437
84 0.403009 25.177446
85 0.217739 25.395185
86 0.195188 25.590373
87 0.524068 26.114441
88 0.188140 26.302581
89 0.182435 26.485016
90 0.486821 26.971837
91 0.429952 27.401789
92 0.878960 28.280749
93 0.235741 28.516490
94 1.914269 30.430759
95 1.194931 31.625690
96 0.386847 32.012537
97 1.004299 33.016836
98 0.221899 33.238735
99 0.621402 33.860137
100 0.487908 34.348045
101 0.258178 34.606223
102 2.415922 37.022145
103 0.384756 37.406901
104 0.450438 37.857339
105 0.517698 38.375037
106 1.984408 40.359445
107 1.439074 41.798519
108 0.336370 42.134889
109 0.399677 42.534566
110 0.213795 42.748361
111 0.235733 42.984094
112 1.419810 44.403904
113 0.563427 44.967331
114 0.232592 45.199923
115 0.427658 45.627581
116 0.845136 46.472717
117 0.981406 47.454123
118 0.695294 48.149417
119 1.023804 49.173221
120 0.484230 49.657451
121 0.199752 49.857203
122 1.135150 50.992353
123 0.209861 51.202214
124 1.593559 52.795773
125 1.976507 54.772280
126 0.753837 55.526117
127 0.265109 55.791226
128 0.414538 56.205764
129 1.647458 57.853222
130 0.278858 58.132080
131 0.809585 58.941665
done 131 4.042620 62.984285
