# instance vn2_5.2.vn_to_tree16_2000.20.pn
# Settings: Namespace(PN='../../../instances/fmcad/in_json/tree16_2000.20.pn', VDC='../../../instances/fmcad/in_json/vn2_5.2.vn', affinity=True, affinity_soft=True, allow_virtual_switches_in_switches=True, anti_affinity=True, assert_all_physical_edges=True, binary_search=True, bitblast_addition=False, bitblast_addition_shadow=False, conflict_limit=0, debug=False, decide_opt_lits=True, directed_links=False, flush_pb_theory=True, force_virtual_switches=False, ignore_ram_constraints=False, ignore_storage_constraints=False, intrinsic_edge_constraints=False, intrinsic_edge_sets=True, logfile=None, min_cores=False, min_servers=False, opt_conflict_limit=0, opt_time_limit=-1, popcount='BV', refine_flow=True, remove_all_flow_cycles=False, remove_common_bandwidth_factor=True, remove_flow_cycles=False, remove_flow_cycles_python=False, rnd_theory_freq=0.99, rnd_theory_order=False, separate_reach_constraints=False, static_flow_caps=True, theory_order_vsids=True, timelog='timelogs/fmcad13_vdcmapper_intrinsic-edge-sets-no-rnd-theory-order-theory-order-vsids-rnd-theory-freq-0-99_datacentertree16_2000.20.pn_instance_vn2_5.2.vn.log', tree_addition=True, use_cover_for_refinement=True, use_min_cost_max_flow=False, vsids_balance=1, vsids_both=True)
init 25.913475 25.913475
1 1.947446 27.860921
2 1.667556 29.528477
3 1.576683 31.105160
4 1.691013 32.796173
5 1.744197 34.540370
6 1.678697 36.219067
7 1.980395 38.199462
8 2.028082 40.227544
9 1.747479 41.975023
10 1.649419 43.624442
11 2.478460 46.102902
12 1.717936 47.820838
13 3.613977 51.434815
14 2.253026 53.687841
15 3.915832 57.603673
16 2.172484 59.776157
17 2.820485 62.596642
18 4.451746 67.048388
19 8.371312 75.419700
20 5.468377 80.888077
21 3.786876 84.674953
22 1.936838 86.611791
23 2.530301 89.142092
24 1.862100 91.004192
25 1.976619 92.980811
26 3.799067 96.779878
27 3.903820 100.683698
28 1.858358 102.542056
29 1.841739 104.383795
30 3.816378 108.200173
31 2.443525 110.643698
32 1.844109 112.487807
33 4.309117 116.796924
34 4.815251 121.612175
35 1.972100 123.584275
36 12.448146 136.032421
37 1.788729 137.821150
38 3.104767 140.925917
39 3.558352 144.484269
40 5.076812 149.561081
41 2.600040 152.161121
42 8.235360 160.396481
43 16.597890 176.994371
44 3.534990 180.529361
45 5.362147 185.891508
46 2.040140 187.931648
47 3.296930 191.228578
48 3.916631 195.145209
49 3.066057 198.211266
50 3.476199 201.687465
51 4.055289 205.742754
52 5.068558 210.811312
53 4.737961 215.549273
54 16.602240 232.151513
55 2.049606 234.201119
56 6.061102 240.262221
57 1.970837 242.233058
58 1.969755 244.202813
59 9.976901 254.179714
60 14.782488 268.962202
61 4.108401 273.070603
62 2.757272 275.827875
63 3.113541 278.941416
64 5.247138 284.188554
65 2.222180 286.410734
66 2.151790 288.562524
67 6.694097 295.256621
68 2.115374 297.371995
69 2.601380 299.973375
70 3.778716 303.752091
71 1.957666 305.709757
72 1.984712 307.694469
73 6.421248 314.115717
74 7.170872 321.286589
75 7.161279 328.447868
76 2.257652 330.705520
77 12.222861 342.928381
78 8.697815 351.626196
79 2.708362 354.334558
80 6.543144 360.877702
81 3.174829 364.052531
82 2.098344 366.150875
83 2.130180 368.281055
84 4.302493 372.583548
85 1.945840 374.529388
86 1.996843 376.526231
87 15.980987 392.507218
88 24.472719 416.979937
89 5.221947 422.201884
90 4.877382 427.079266
91 2.513627 429.592893
92 14.175460 443.768353
93 2.874069 446.642422
94 6.838980 453.481402
95 2.275437 455.756839
96 3.349914 459.106753
97 2.201468 461.308221
98 2.332866 463.641087
99 20.416249 484.057336
100 6.472142 490.529478
101 8.419004 498.948482
102 4.576300 503.524782
103 10.344476 513.869258
104 9.978640 523.847898
105 2.089724 525.937622
106 2.122680 528.060302
107 2.284580 530.344882
108 2.120939 532.465821
109 2.150747 534.616568
110 3.355106 537.971674
111 5.256297 543.227971
112 2.033405 545.261376
113 3.013000 548.274376
114 5.267022 553.541398
115 11.043775 564.585173
116 2.953379 567.538552
117 2.821278 570.359830
118 3.238852 573.598682
119 17.757341 591.356023
120 2.334447 593.690470
121 2.318502 596.008972
122 3.394543 599.403515
123 7.329045 606.732560
124 22.202157 628.934717
125 4.012231 632.946948
126 6.279518 639.226466
127 2.177824 641.404290
128 2.191775 643.596065
129 2.263788 645.859853
130 2.730249 648.590102
131 8.917687 657.507789
132 32.231196 689.738985
133 2.309953 692.048938
134 2.388879 694.437817
135 2.532965 696.970782
136 6.153341 703.124123
137 5.108950 708.233073
138 2.268873 710.501946
139 2.267985 712.769931
140 2.773277 715.543208
141 19.416784 734.959992
142 12.530803 747.490795
143 2.417782 749.908577
144 15.286366 765.194943
145 2.529186 767.724129
146 2.335666 770.059795
147 2.295802 772.355597
148 3.760956 776.116553
149 3.927050 780.043603
150 8.090528 788.134131
151 2.215332 790.349463
152 3.277197 793.626660
153 2.961699 796.588359
154 2.250486 798.838845
155 12.900377 811.739222
156 18.685567 830.424789
157 2.377739 832.802528
158 2.654231 835.456759
159 3.150447 838.607206
160 2.789710 841.396916
161 2.402470 843.799386
162 8.312994 852.112380
163 20.195693 872.308073
164 3.510119 875.818192
165 10.006694 885.824886
166 2.257271 888.082157
167 6.643407 894.725564
168 2.788889 897.514453
169 3.381558 900.896011
170 2.504206 903.400217
171 2.528560 905.928777
172 3.951056 909.879833
173 3.831617 913.711450
174 2.332190 916.043640
175 2.392552 918.436192
176 2.672097 921.108289
177 3.880804 924.989093
178 2.775909 927.765002
179 2.579356 930.344358
180 3.151012 933.495370
181 30.316093 963.811463
182 5.392548 969.204011
183 2.296212 971.500223
184 8.541408 980.041631
185 18.365552 998.407183
186 2.329813 1000.736996
187 4.259087 1004.996083
188 2.551917 1007.548000
189 2.454880 1010.002880
190 2.990904 1012.993784
191 7.177398 1020.171182
192 11.680451 1031.851633
193 5.094417 1036.946050
194 6.063085 1043.009135
195 5.117134 1048.126269
196 2.818344 1050.944613
197 2.559957 1053.504570
198 12.019799 1065.524369
199 2.578431 1068.102800
200 2.768685 1070.871485
201 2.897103 1073.768588
202 2.311723 1076.080311
203 7.014576 1083.094887
204 19.969614 1103.064501
205 8.855407 1111.919908
206 2.874047 1114.793955
207 4.071285 1118.865240
208 5.304380 1124.169620
209 2.984041 1127.153661
210 3.591086 1130.744747
211 2.819485 1133.564232
212 27.390995 1160.955227
213 7.626948 1168.582175
214 11.941201 1180.523376
215 3.287291 1183.810667
216 10.452328 1194.262995
217 7.490500 1201.753495
218 2.930423 1204.683918
219 10.871038 1215.554956
220 3.203744 1218.758700
221 2.693746 1221.452446
222 2.792634 1224.245080
223 2.435261 1226.680341
224 5.728258 1232.408599
225 19.688494 1252.097093
226 5.630785 1257.727878
227 15.938309 1273.666187
228 7.578632 1281.244819
229 2.484480 1283.729299
230 4.307958 1288.037257
231 8.223941 1296.261198
232 15.435384 1311.696582
233 5.328877 1317.025459
234 12.570208 1329.595667
235 9.755874 1339.351541
236 2.750125 1342.101666
237 2.651027 1344.752693
238 2.605259 1347.357952
239 2.692913 1350.050865
240 5.364906 1355.415771
241 3.120237 1358.536008
242 2.509512 1361.045520
243 2.955129 1364.000649
244 5.340950 1369.341599
245 2.510010 1371.851609
246 16.752590 1388.604199
247 22.398016 1411.002215
248 2.584327 1413.586542
249 43.789096 1457.375638
250 2.958009 1460.333647
251 2.587309 1462.920956
252 3.036188 1465.957144
253 2.643083 1468.600227
254 2.969479 1471.569706
255 5.275222 1476.844928
256 42.038310 1518.883238
257 9.909100 1528.792338
258 3.440336 1532.232674
259 7.428636 1539.661310
260 6.923389 1546.584699
261 2.840857 1549.425556
262 3.291661 1552.717217
263 16.641240 1569.358457
264 3.244623 1572.603080
265 2.760653 1575.363733
266 4.802835 1580.166568
267 15.761670 1595.928238
268 2.719974 1598.648212
269 31.471095 1630.119307
270 10.517562 1640.636869
271 4.240206 1644.877075
272 2.872139 1647.749214
273 11.792877 1659.542091
274 21.666996 1681.209087
275 15.919315 1697.128402
276 2.867281 1699.995683
277 8.064762 1708.060445
278 7.305009 1715.365454
279 16.589737 1731.955191
280 11.452972 1743.408163
281 35.515525 1778.923688
282 20.121621 1799.045309
283 21.062933 1820.108242
284 3.916235 1824.024477
285 3.095471 1827.119948
286 3.286398 1830.406346
287 3.194627 1833.600973
288 35.827310 1869.428283
289 3.063745 1872.492028
290 2.999568 1875.491596
291 7.110243 1882.601839
292 11.730892 1894.332731
293 17.232624 1911.565355
294 3.296028 1914.861383
295 3.439961 1918.301344
296 3.683977 1921.985321
297 4.183565 1926.168886
298 6.558896 1932.727782
299 5.495516 1938.223298
300 4.824997 1943.048295
301 75.258690 2018.306985
302 4.265669 2022.572654
303 11.814490 2034.387144
304 13.097127 2047.484271
305 4.281103 2051.765374
306 16.648449 2068.413823
307 3.574067 2071.987890
308 28.491130 2100.479020
309 18.828680 2119.307700
310 4.176429 2123.484129
311 3.677772 2127.161901
312 3.093904 2130.255805
313 3.134766 2133.390571
314 5.489218 2138.879789
315 33.621316 2172.501105
316 4.541839 2177.042944
317 4.322883 2181.365827
318 4.506530 2185.872357
319 22.257789 2208.130146
320 9.586828 2217.716974
321 3.323703 2221.040677
322 3.098675 2224.139352
323 7.403027 2231.542379
324 18.449867 2249.992246
325 4.512294 2254.504540
326 14.370103 2268.874643
327 10.338273 2279.212916
328 3.142031 2282.354947
329 3.201612 2285.556559
330 4.756894 2290.313453
331 3.831117 2294.144570
332 8.943316 2303.087886
333 4.422645 2307.510531
334 14.194734 2321.705265
335 8.433341 2330.138606
336 24.045687 2354.184293
337 3.838770 2358.023063
338 18.110223 2376.133286
339 10.450613 2386.583899
340 81.865433 2468.449332
341 47.227806 2515.677138
342 18.338587 2534.015725
343 4.377254 2538.392979
344 6.966230 2545.359209
345 10.349281 2555.708490
346 3.367094 2559.075584
347 4.857963 2563.933547
348 3.440588 2567.374135
349 6.143748 2573.517883
350 12.609090 2586.126973
351 4.276820 2590.403793
352 18.857171 2609.260964
353 4.300262 2613.561226
354 4.509622 2618.070848
355 3.562809 2621.633657
356 7.151806 2628.785463
357 3.997299 2632.782762
358 3.836462 2636.619224
359 3.901184 2640.520408
360 14.231693 2654.752101
361 3.779110 2658.531211
362 10.121042 2668.652253
363 6.106676 2674.758929
364 3.442639 2678.201568
365 6.295512 2684.497080
366 4.028872 2688.525952
367 22.064351 2710.590303
368 5.511559 2716.101862
369 12.366483 2728.468345
370 5.978980 2734.447325
371 4.231998 2738.679323
372 4.359973 2743.039296
373 3.367668 2746.406964
374 5.676685 2752.083649
375 3.479754 2755.563403
376 15.490999 2771.054402
377 4.928240 2775.982642
378 3.742117 2779.724759
379 5.824745 2785.549504
380 3.732821 2789.282325
381 4.546121 2793.828446
382 18.739783 2812.568229
383 5.823978 2818.392207
384 19.440774 2837.832981
385 25.639140 2863.472121
386 22.389287 2885.861408
387 8.928072 2894.789480
388 14.634405 2909.423885
389 6.453641 2915.877526
390 3.749049 2919.626575
391 14.684140 2934.310715
392 16.541448 2950.852163
393 11.605619 2962.457782
394 3.694162 2966.151944
395 3.497311 2969.649255
396 33.490016 3003.139271
397 4.068104 3007.207375
398 23.317544 3030.524919
399 42.933346 3073.458265
400 7.025385 3080.483650
401 29.719076 3110.202726
402 90.795592 3200.998318
403 43.594551 3244.592869
404 4.642192 3249.235061
405 3.617811 3252.852872
406 4.203985 3257.056857
407 6.633560 3263.690417
408 5.670152 3269.360569
409 3.823944 3273.184513
410 7.518799 3280.703312
411 27.416765 3308.120077
412 40.821037 3348.941114
413 9.517699 3358.458813
414 16.172971 3374.631784
415 3.850248 3378.482032
416 4.196331 3382.678363
417 4.566332 3387.244695
418 36.824517 3424.069212
419 37.418849 3461.488061
420 31.377330 3492.865391
421 6.100846 3498.966237
422 4.515667 3503.481904
423 9.701174 3513.183078
424 20.228419 3533.411497
425 9.356960 3542.768457
426 4.990927 3547.759384
427 31.629203 3579.388587
428 4.787393 3584.175980
429 4.529785 3588.705765
