# instance vn2_5.1.vn_to_tree_200.20.pn
# Settings: Namespace(PN='../../../instances/fmcad/in_json/tree_200.20.pn', VDC='../../../instances/fmcad/in_json/vn2_5.1.vn', affinity=True, affinity_soft=True, allow_virtual_switches_in_switches=True, anti_affinity=True, assert_all_physical_edges=True, binary_search=True, bitblast_addition=False, bitblast_addition_shadow=False, conflict_limit=0, debug=False, decide_opt_lits=True, directed_links=False, flush_pb_theory=True, force_virtual_switches=False, ignore_ram_constraints=False, ignore_storage_constraints=False, intrinsic_edge_constraints=False, intrinsic_edge_sets=True, logfile=None, min_cores=False, min_servers=False, opt_conflict_limit=0, opt_time_limit=-1, popcount='BV', refine_flow=True, remove_all_flow_cycles=False, remove_common_bandwidth_factor=True, remove_flow_cycles=False, remove_flow_cycles_python=False, rnd_theory_freq=0.99, rnd_theory_order=False, separate_reach_constraints=False, static_flow_caps=True, theory_order_vsids=True, timelog='timelogs/fmcad13_vdcmapper_intrinsic-edge-sets-no-rnd-theory-order-theory-order-vsids-rnd-theory-freq-0-99_datacentertree_200.20.pn_instance_vn2_5.1.vn.log', tree_addition=True, use_cover_for_refinement=True, use_min_cost_max_flow=False, vsids_balance=1, vsids_both=True)
init 2.319839 2.319839
1 0.218074 2.537913
2 0.142003 2.679916
3 0.158463 2.838379
4 0.147096 2.985475
5 0.161977 3.147452
6 0.144128 3.291580
7 0.143704 3.435284
8 0.146263 3.581547
9 0.153634 3.735181
10 0.174920 3.910101
11 0.210886 4.120987
12 0.149886 4.270873
13 0.150262 4.421135
14 0.150845 4.571980
15 0.178893 4.750873
16 0.172465 4.923338
17 0.153446 5.076784
18 0.147770 5.224554
19 0.150841 5.375395
20 0.150292 5.525687
21 0.168499 5.694186
22 0.146564 5.840750
23 0.148535 5.989285
24 0.147555 6.136840
25 0.157446 6.294286
26 0.165876 6.460162
27 0.221640 6.681802
28 0.186699 6.868501
29 0.163346 7.031847
30 0.148376 7.180223
31 0.164439 7.344662
32 0.154694 7.499356
33 0.162193 7.661549
34 0.202399 7.863948
35 0.230961 8.094909
36 0.149819 8.244728
37 0.165017 8.409745
38 0.179819 8.589564
39 0.151400 8.740964
40 0.157086 8.898050
41 0.199280 9.097330
42 0.152741 9.250071
43 0.151184 9.401255
44 0.148911 9.550166
45 0.190690 9.740856
46 0.146226 9.887082
47 0.148388 10.035470
48 0.154696 10.190166
49 0.149928 10.340094
50 0.157525 10.497619
51 0.155947 10.653566
52 0.152337 10.805903
53 0.143999 10.949902
done 53 0.022994 10.972896
