# instance vn2_3.2.vn_to_tree16_200.20.pn
# Settings: Namespace(PN='../../../instances/fmcad/in_json/tree16_200.20.pn', VDC='../../../instances/fmcad/in_json/vn2_3.2.vn', affinity=True, affinity_soft=True, allow_virtual_switches_in_switches=True, anti_affinity=True, assert_all_physical_edges=True, binary_search=True, bitblast_addition=False, bitblast_addition_shadow=False, conflict_limit=0, debug=False, decide_opt_lits=True, directed_links=False, flush_pb_theory=True, force_virtual_switches=False, ignore_ram_constraints=False, ignore_storage_constraints=False, intrinsic_edge_constraints=False, intrinsic_edge_sets=True, logfile=None, min_cores=False, min_servers=False, opt_conflict_limit=0, opt_time_limit=-1, popcount='BV', refine_flow=True, remove_all_flow_cycles=False, remove_common_bandwidth_factor=True, remove_flow_cycles=False, remove_flow_cycles_python=False, rnd_theory_freq=0.99, rnd_theory_order=False, separate_reach_constraints=False, static_flow_caps=True, theory_order_vsids=True, timelog='timelogs/fmcad13_vdcmapper_intrinsic-edge-sets-no-rnd-theory-order-theory-order-vsids-rnd-theory-freq-0-99_datacentertree16_200.20.pn_instance_vn2_3.2.vn.log', tree_addition=True, use_cover_for_refinement=True, use_min_cost_max_flow=False, vsids_balance=1, vsids_both=True)
init 1.277339 1.277339
1 0.084092 1.361431
2 0.067391 1.428822
3 0.066307 1.495129
4 0.067592 1.562721
5 0.066567 1.629288
6 0.065568 1.694856
7 0.068137 1.762993
8 0.068829 1.831822
9 0.069189 1.901011
10 0.067400 1.968411
11 0.067369 2.035780
12 0.068167 2.103947
13 0.069065 2.173012
14 0.067543 2.240555
15 0.068491 2.309046
16 0.071949 2.380995
17 0.069771 2.450766
18 0.068495 2.519261
19 0.070085 2.589346
20 0.066463 2.655809
21 0.068751 2.724560
22 0.069579 2.794139
23 0.068266 2.862405
24 0.068571 2.930976
25 0.070275 3.001251
26 0.068491 3.069742
27 0.068230 3.137972
28 0.069034 3.207006
29 0.068532 3.275538
30 0.069087 3.344625
31 0.068397 3.413022
32 0.068186 3.481208
33 0.069143 3.550351
34 0.068064 3.618415
35 0.068334 3.686749
36 0.068720 3.755469
37 0.072117 3.827586
38 0.075311 3.902897
39 0.069957 3.972854
40 0.069977 4.042831
41 0.069775 4.112606
42 0.071494 4.184100
43 0.069340 4.253440
44 0.069138 4.322578
45 0.069117 4.391695
46 0.067684 4.459379
47 0.067781 4.527160
48 0.069982 4.597142
49 0.070535 4.667677
50 0.074616 4.742293
51 0.076115 4.818408
52 0.073018 4.891426
53 0.070044 4.961470
54 0.075789 5.037259
55 0.069527 5.106786
56 0.071475 5.178261
57 0.071553 5.249814
58 0.074600 5.324414
59 0.071313 5.395727
60 0.078538 5.474265
61 0.069992 5.544257
62 0.071586 5.615843
63 0.070689 5.686532
64 0.070486 5.757018
65 0.070807 5.827825
66 0.069036 5.896861
67 0.068185 5.965046
68 0.070743 6.035789
69 0.100596 6.136385
70 0.071388 6.207773
71 0.070211 6.277984
72 0.070708 6.348692
73 0.071476 6.420168
74 0.071568 6.491736
75 0.071541 6.563277
76 0.114378 6.677655
77 0.070774 6.748429
78 0.073302 6.821731
79 0.071044 6.892775
80 0.070748 6.963523
81 0.081017 7.044540
82 0.076238 7.120778
83 0.070762 7.191540
84 0.070766 7.262306
85 0.071221 7.333527
86 0.070606 7.404133
87 0.071644 7.475777
88 0.071570 7.547347
89 0.070022 7.617369
90 0.071444 7.688813
91 0.077753 7.766566
92 0.071884 7.838450
93 0.071513 7.909963
94 0.071446 7.981409
95 0.073374 8.054783
96 0.070255 8.125038
97 0.073107 8.198145
98 0.074500 8.272645
99 0.069552 8.342197
100 0.071310 8.413507
101 0.073682 8.487189
102 0.070994 8.558183
103 0.070693 8.628876
104 0.080043 8.708919
105 0.071596 8.780515
106 0.072188 8.852703
107 0.074338 8.927041
108 0.100349 9.027390
109 0.087513 9.114903
110 0.072109 9.187012
111 0.071074 9.258086
112 0.071965 9.330051
113 0.072476 9.402527
114 0.074269 9.476796
115 0.072179 9.548975
116 0.070195 9.619170
117 0.069682 9.688852
118 0.071735 9.760587
119 0.070800 9.831387
120 0.070419 9.901806
121 0.071791 9.973597
122 0.072430 10.046027
123 0.070179 10.116206
124 0.071064 10.187270
125 0.070575 10.257845
126 0.072938 10.330783
127 0.071250 10.402033
128 0.071163 10.473196
129 0.069800 10.542996
130 0.071454 10.614450
131 0.072017 10.686467
132 0.070835 10.757302
133 0.071798 10.829100
134 0.071994 10.901094
135 0.071418 10.972512
136 0.072678 11.045190
137 0.076707 11.121897
138 0.084787 11.206684
139 0.075259 11.281943
140 0.074808 11.356751
141 0.079480 11.436231
142 0.071922 11.508153
143 0.070389 11.578542
144 0.071270 11.649812
145 0.071521 11.721333
146 0.080871 11.802204
147 0.071641 11.873845
148 0.072745 11.946590
149 0.071502 12.018092
150 0.071851 12.089943
151 0.071612 12.161555
152 0.070809 12.232364
153 0.074590 12.306954
154 0.072231 12.379185
155 0.071711 12.450896
156 0.073554 12.524450
157 0.071742 12.596192
158 0.072554 12.668746
159 0.072365 12.741111
160 0.072405 12.813516
161 0.075203 12.888719
162 0.071517 12.960236
163 0.085286 13.045522
164 0.071673 13.117195
165 0.073613 13.190808
166 0.071522 13.262330
167 0.071452 13.333782
168 0.072872 13.406654
169 0.070277 13.476931
170 0.082794 13.559725
171 0.081919 13.641644
172 0.080382 13.722026
173 0.078141 13.800167
174 0.071905 13.872072
175 0.081374 13.953446
176 0.071184 14.024630
177 0.071152 14.095782
178 0.071898 14.167680
179 0.076051 14.243731
180 0.075880 14.319611
181 0.071954 14.391565
182 0.071271 14.462836
183 0.072309 14.535145
184 0.072406 14.607551
185 0.071867 14.679418
186 0.073202 14.752620
187 0.072369 14.824989
188 0.072293 14.897282
189 0.071271 14.968553
190 0.071847 15.040400
191 0.072578 15.112978
192 0.072023 15.185001
193 0.071340 15.256341
194 0.071283 15.327624
195 0.097811 15.425435
196 0.071950 15.497385
197 0.071780 15.569165
198 0.071563 15.640728
199 0.082472 15.723200
200 0.103500 15.826700
201 0.071159 15.897859
202 0.069026 15.966885
203 0.075279 16.042164
204 0.075636 16.117800
205 0.072145 16.189945
206 0.071728 16.261673
207 0.072199 16.333872
208 0.072846 16.406718
209 0.075074 16.481792
210 0.070301 16.552093
211 0.071161 16.623254
212 0.076990 16.700244
213 0.071515 16.771759
214 0.072341 16.844100
215 0.071861 16.915961
216 0.072964 16.988925
217 0.074553 17.063478
218 0.095666 17.159144
219 0.073671 17.232815
220 0.072114 17.304929
221 0.077709 17.382638
222 0.071991 17.454629
223 0.073819 17.528448
224 0.080867 17.609315
225 0.070426 17.679741
226 0.077829 17.757570
227 0.072389 17.829959
228 0.072683 17.902642
229 0.074075 17.976717
230 0.075524 18.052241
231 0.072699 18.124940
232 0.072356 18.197296
233 0.080569 18.277865
234 0.074766 18.352631
235 0.074158 18.426789
236 0.071508 18.498297
237 0.072018 18.570315
238 0.072594 18.642909
239 0.071586 18.714495
240 0.071805 18.786300
241 0.074626 18.860926
242 0.072251 18.933177
243 0.072798 19.005975
244 0.079600 19.085575
245 0.072203 19.157778
246 0.079525 19.237303
247 0.083887 19.321190
248 0.077715 19.398905
249 0.071137 19.470042
250 0.072469 19.542511
251 0.072603 19.615114
252 0.072418 19.687532
253 0.072413 19.759945
254 0.071787 19.831732
255 0.072119 19.903851
256 0.075434 19.979285
257 0.072049 20.051334
258 0.072167 20.123501
259 0.074640 20.198141
260 0.071431 20.269572
261 0.075131 20.344703
262 0.072032 20.416735
263 0.070324 20.487059
264 0.071945 20.559004
265 0.073859 20.632863
266 0.072935 20.705798
267 0.071426 20.777224
268 0.071864 20.849088
269 0.077409 20.926497
270 0.072120 20.998617
271 0.071728 21.070345
272 0.073904 21.144249
273 0.082879 21.227128
274 0.072259 21.299387
275 0.079771 21.379158
276 0.072120 21.451278
277 0.073007 21.524285
278 0.070530 21.594815
279 0.072139 21.666954
280 0.071852 21.738806
281 0.073373 21.812179
282 0.071112 21.883291
283 0.073835 21.957126
284 0.078972 22.036098
285 0.070881 22.106979
286 0.071115 22.178094
287 0.076202 22.254296
288 0.070320 22.324616
289 0.069451 22.394067
290 0.071623 22.465690
291 0.070519 22.536209
292 0.069250 22.605459
293 0.081191 22.686650
294 0.070357 22.757007
295 0.071200 22.828207
296 0.069750 22.897957
297 0.070023 22.967980
298 0.070486 23.038466
299 0.073171 23.111637
300 0.075520 23.187157
301 0.070585 23.257742
302 0.071169 23.328911
303 0.071201 23.400112
304 0.071346 23.471458
305 0.071215 23.542673
306 0.070786 23.613459
307 0.069456 23.682915
308 0.070021 23.752936
309 0.070467 23.823403
310 0.070689 23.894092
311 0.069825 23.963917
312 0.070300 24.034217
313 0.072133 24.106350
314 0.070404 24.176754
315 0.073932 24.250686
316 0.070449 24.321135
317 0.071554 24.392689
318 0.071544 24.464233
319 0.071289 24.535522
320 0.070717 24.606239
321 0.071858 24.678097
322 0.072139 24.750236
323 0.072061 24.822297
324 0.070748 24.893045
325 0.080167 24.973212
326 0.070725 25.043937
327 0.070960 25.114897
328 0.071381 25.186278
329 0.071641 25.257919
330 0.071784 25.329703
331 0.070494 25.400197
332 0.071298 25.471495
333 0.071268 25.542763
334 0.069637 25.612400
335 0.070165 25.682565
336 0.069759 25.752324
337 0.070103 25.822427
338 0.078561 25.900988
339 0.070455 25.971443
340 0.071916 26.043359
341 0.071906 26.115265
342 0.076678 26.191943
343 0.071340 26.263283
344 0.073674 26.336957
345 0.070721 26.407678
346 0.069508 26.477186
347 0.070932 26.548118
348 0.069913 26.618031
349 0.072303 26.690334
350 0.070729 26.761063
351 0.078028 26.839091
done 351 0.013383 26.852474
