# instance vn2_5.1.vn_to_tree16_200.20.pn
# Settings: Namespace(PN='../../../instances/fmcad/in_json/tree16_200.20.pn', VDC='../../../instances/fmcad/in_json/vn2_5.1.vn', affinity=True, affinity_soft=True, allow_virtual_switches_in_switches=True, anti_affinity=True, assert_all_physical_edges=True, binary_search=True, bitblast_addition=False, bitblast_addition_shadow=False, conflict_limit=0, debug=False, decide_opt_lits=True, directed_links=False, flush_pb_theory=True, force_virtual_switches=False, ignore_ram_constraints=False, ignore_storage_constraints=False, intrinsic_edge_constraints=False, intrinsic_edge_sets=True, logfile=None, min_cores=False, min_servers=False, opt_conflict_limit=0, opt_time_limit=-1, popcount='BV', refine_flow=True, remove_all_flow_cycles=False, remove_common_bandwidth_factor=True, remove_flow_cycles=False, remove_flow_cycles_python=False, rnd_theory_freq=0.99, rnd_theory_order=False, separate_reach_constraints=False, static_flow_caps=True, theory_order_vsids=True, timelog='timelogs/fmcad13_vdcmapper_intrinsic-edge-sets-no-rnd-theory-order-theory-order-vsids-rnd-theory-freq-0-99_datacentertree16_200.20.pn_instance_vn2_5.1.vn.log', tree_addition=True, use_cover_for_refinement=True, use_min_cost_max_flow=False, vsids_balance=1, vsids_both=True)
init 2.313831 2.313831
1 0.161114 2.474945
2 0.134595 2.609540
3 0.132019 2.741559
4 0.144064 2.885623
5 0.132364 3.017987
6 0.132804 3.150791
7 0.132852 3.283643
8 0.155381 3.439024
9 0.159795 3.598819
10 0.153997 3.752816
11 0.144974 3.897790
12 0.153273 4.051063
13 0.196469 4.247532
14 0.176375 4.423907
15 0.213629 4.637536
16 0.167004 4.804540
17 0.168206 4.972746
18 0.183639 5.156385
19 0.156378 5.312763
20 0.173970 5.486733
21 0.165427 5.652160
22 0.168632 5.820792
23 0.187186 6.007978
24 0.215779 6.223757
25 0.306610 6.530367
26 0.231580 6.761947
27 0.168200 6.930147
28 0.151811 7.081958
29 0.259811 7.341769
30 0.155388 7.497157
31 0.151130 7.648287
32 0.169157 7.817444
33 0.147520 7.964964
34 0.211809 8.176773
35 0.214678 8.391451
36 0.315153 8.706604
37 0.197997 8.904601
38 0.301427 9.206028
39 0.224188 9.430216
40 0.156664 9.586880
41 0.399224 9.986104
42 0.153143 10.139247
43 0.175653 10.314900
44 0.259004 10.573904
45 0.150694 10.724598
46 0.212416 10.937014
47 0.180480 11.117494
48 0.173451 11.290945
49 0.277563 11.568508
50 0.153778 11.722286
51 0.190801 11.913087
52 0.195159 12.108246
53 0.161746 12.269992
54 0.197417 12.467409
55 0.334445 12.801854
56 0.338330 13.140184
57 0.215738 13.355922
58 0.218534 13.574456
59 0.281847 13.856303
60 0.324569 14.180872
61 0.239640 14.420512
62 0.181952 14.602464
63 0.214147 14.816611
64 0.198874 15.015485
65 0.382507 15.397992
66 0.208362 15.606354
67 0.165908 15.772262
68 0.177249 15.949511
69 0.234810 16.184321
70 0.328853 16.513174
71 0.335266 16.848440
72 0.226790 17.075230
73 0.166973 17.242203
74 0.172099 17.414302
75 0.326102 17.740404
76 0.167335 17.907739
77 0.175430 18.083169
78 0.174623 18.257792
79 0.266685 18.524477
80 0.279492 18.803969
81 0.386679 19.190648
82 0.212498 19.403146
83 0.363087 19.766233
84 0.280720 20.046953
85 0.171050 20.218003
86 0.163434 20.381437
87 0.297114 20.678551
88 0.334577 21.013128
89 0.187351 21.200479
90 0.183608 21.384087
91 0.231925 21.616012
92 0.269565 21.885577
93 0.203355 22.088932
94 0.241521 22.330453
95 0.178702 22.509155
96 0.182103 22.691258
97 0.207138 22.898396
98 0.180395 23.078791
99 0.271790 23.350581
100 0.176253 23.526834
101 0.375904 23.902738
102 0.369722 24.272460
103 0.167429 24.439889
104 0.183536 24.623425
105 0.198294 24.821719
106 0.254770 25.076489
107 0.182676 25.259165
108 0.225935 25.485100
109 0.404807 25.889907
110 0.273164 26.163071
111 0.234591 26.397662
112 0.179267 26.576929
113 0.254117 26.831046
114 0.344070 27.175116
115 0.301626 27.476742
116 0.475617 27.952359
117 0.561776 28.514135
118 0.197107 28.711242
119 0.191294 28.902536
120 0.210543 29.113079
121 0.247348 29.360427
122 0.206023 29.566450
123 0.184051 29.750501
124 0.169606 29.920107
125 0.300541 30.220648
126 0.208714 30.429362
127 0.360669 30.790031
128 0.193551 30.983582
129 0.181152 31.164734
130 0.180527 31.345261
131 0.230628 31.575889
132 0.168120 31.744009
133 0.293079 32.037088
134 0.372157 32.409245
135 0.847124 33.256369
136 0.216238 33.472607
137 0.313101 33.785708
138 0.196111 33.981819
139 0.308112 34.289931
140 0.752625 35.042556
141 0.291752 35.334308
142 0.318620 35.652928
143 0.727174 36.380102
144 0.386731 36.766833
145 0.438659 37.205492
146 0.348169 37.553661
147 0.335905 37.889566
148 0.237734 38.127300
149 0.233164 38.360464
150 0.389958 38.750422
151 0.305522 39.055944
152 0.281601 39.337545
153 0.361860 39.699405
154 0.286438 39.985843
155 0.282491 40.268334
156 0.249409 40.517743
157 0.179205 40.696948
158 0.197935 40.894883
159 0.310513 41.205396
160 0.297844 41.503240
161 0.851874 42.355114
162 0.434348 42.789462
163 0.603480 43.392942
164 0.282553 43.675495
done 164 0.638030 44.313525
