# instance vn2_5.2.vn_to_tree16_400.20.pn
# Settings: Namespace(PN='../../../instances/fmcad/in_json/tree16_400.20.pn', VDC='../../../instances/fmcad/in_json/vn2_5.2.vn', affinity=True, affinity_soft=True, allow_virtual_switches_in_switches=True, anti_affinity=True, assert_all_physical_edges=True, binary_search=True, bitblast_addition=False, bitblast_addition_shadow=False, conflict_limit=0, debug=False, decide_opt_lits=True, directed_links=False, flush_pb_theory=True, force_virtual_switches=False, ignore_ram_constraints=False, ignore_storage_constraints=False, intrinsic_edge_constraints=False, intrinsic_edge_sets=True, logfile=None, min_cores=False, min_servers=False, opt_conflict_limit=0, opt_time_limit=-1, popcount='BV', refine_flow=True, remove_all_flow_cycles=False, remove_common_bandwidth_factor=True, remove_flow_cycles=False, remove_flow_cycles_python=False, rnd_theory_freq=0.99, rnd_theory_order=False, separate_reach_constraints=False, static_flow_caps=True, theory_order_vsids=True, timelog='timelogs/fmcad13_vdcmapper_intrinsic-edge-sets-no-rnd-theory-order-theory-order-vsids-rnd-theory-freq-0-99_datacentertree16_400.20.pn_instance_vn2_5.2.vn.log', tree_addition=True, use_cover_for_refinement=True, use_min_cost_max_flow=False, vsids_balance=1, vsids_both=True)
init 4.930402 4.930402
1 0.356415 5.286817
2 0.290876 5.577693
3 0.297700 5.875393
4 0.290184 6.165577
5 0.291109 6.456686
6 0.301880 6.758566
7 0.289461 7.048027
8 0.323606 7.371633
9 0.313038 7.684671
10 0.313058 7.997729
11 0.403856 8.401585
12 0.422286 8.823871
13 0.399052 9.222923
14 0.316732 9.539655
15 0.320289 9.859944
16 0.341935 10.201879
17 0.397040 10.598919
18 0.567802 11.166721
19 0.538520 11.705241
20 0.319948 12.025189
21 0.354616 12.379805
22 0.354419 12.734224
23 0.595616 13.329840
24 0.416641 13.746481
25 0.327727 14.074208
26 0.320477 14.394685
27 0.339670 14.734355
28 1.328763 16.063118
29 0.368479 16.431597
30 0.326217 16.757814
31 0.322969 17.080783
32 0.339329 17.420112
33 0.330758 17.750870
34 0.464006 18.214876
35 0.346059 18.560935
36 0.350272 18.911207
37 0.349277 19.260484
38 0.752403 20.012887
39 0.510614 20.523501
40 0.410194 20.933695
41 0.326897 21.260592
42 0.322819 21.583411
43 0.328976 21.912387
44 1.040858 22.953245
45 0.370548 23.323793
46 0.329441 23.653234
47 0.333964 23.987198
48 0.368064 24.355262
49 0.534940 24.890202
50 0.408468 25.298670
51 0.326777 25.625447
52 0.331493 25.956940
53 0.647395 26.604335
54 0.329803 26.934138
55 0.988856 27.922994
56 0.720782 28.643776
57 1.019088 29.662864
58 0.499805 30.162669
59 0.338076 30.500745
60 0.343215 30.843960
61 0.496944 31.340904
62 1.020240 32.361144
63 1.542689 33.903833
64 0.567124 34.470957
65 0.454455 34.925412
66 0.777343 35.702755
67 0.348826 36.051581
68 0.347112 36.398693
69 0.352661 36.751354
70 0.367023 37.118377
71 0.789255 37.907632
72 0.372427 38.280059
73 0.484983 38.765042
74 0.431638 39.196680
75 0.345183 39.541863
76 0.351046 39.892909
77 1.140186 41.033095
78 0.370643 41.403738
79 0.442414 41.846152
80 0.347659 42.193811
81 0.348647 42.542458
82 0.373558 42.916016
83 1.155004 44.071020
84 1.194933 45.265953
85 1.123151 46.389104
86 0.421835 46.810939
87 0.362531 47.173470
88 0.362144 47.535614
89 0.491192 48.026806
90 0.405461 48.432267
91 0.414508 48.846775
92 2.149323 50.996098
93 0.363697 51.359795
94 0.367547 51.727342
95 0.375363 52.102705
96 0.411587 52.514292
97 0.355748 52.870040
98 0.458030 53.328070
99 0.464041 53.792111
100 0.353499 54.145610
101 0.380338 54.525948
102 0.516334 55.042282
103 2.610976 57.653258
104 0.609645 58.262903
105 1.766207 60.029110
106 0.524617 60.553727
107 0.371741 60.925468
108 0.376974 61.302442
109 0.812103 62.114545
110 0.380490 62.495035
111 4.466014 66.961049
112 0.550117 67.511166
113 0.381080 67.892246
114 1.349408 69.241654
115 2.914651 72.156305
116 0.734171 72.890476
117 0.447629 73.338105
118 4.366213 77.704318
119 0.682065 78.386383
120 2.157446 80.543829
121 0.406649 80.950478
122 0.473214 81.423692
123 0.404311 81.828003
124 0.438892 82.266895
125 1.046021 83.312916
126 0.408413 83.721329
127 0.843409 84.564738
128 0.548597 85.113335
129 5.212179 90.325514
130 0.593340 90.918854
131 0.428501 91.347355
132 1.444997 92.792352
133 0.905714 93.698066
134 2.697410 96.395476
135 0.610293 97.005769
136 0.457166 97.462935
137 1.676124 99.139059
138 0.460011 99.599070
139 1.071021 100.670091
140 0.601417 101.271508
141 1.700290 102.971798
142 0.425043 103.396841
143 0.742472 104.139313
144 0.776322 104.915635
145 1.240153 106.155788
146 1.676698 107.832486
147 2.738576 110.571062
148 0.429239 111.000301
149 1.468900 112.469201
150 0.598291 113.067492
151 0.456720 113.524212
152 1.020627 114.544839
153 0.614435 115.159274
154 0.469740 115.629014
155 0.561082 116.190096
156 0.451870 116.641966
157 0.760366 117.402332
158 2.035297 119.437629
159 0.555416 119.993045
160 1.415324 121.408369
161 1.054194 122.462563
162 0.657928 123.120491
163 1.450211 124.570702
164 0.898977 125.469679
165 0.871401 126.341080
166 2.109348 128.450428
167 2.907547 131.357975
168 1.269157 132.627132
169 1.290952 133.918084
170 2.464467 136.382551
171 0.497343 136.879894
172 0.492720 137.372614
173 0.562752 137.935366
174 5.020999 142.956365
175 2.387773 145.344138
176 0.489743 145.833881
177 4.786174 150.620055
178 0.840338 151.460393
179 0.551951 152.012344
180 0.601610 152.613954
181 0.474160 153.088114
182 1.558630 154.646744
183 0.583793 155.230537
184 1.249839 156.480376
185 2.278201 158.758577
186 3.136157 161.894734
187 1.536610 163.431344
188 1.690309 165.121653
189 2.441532 167.563185
190 5.821086 173.384271
191 0.747560 174.131831
192 0.511641 174.643472
193 0.497587 175.141059
194 1.028298 176.169357
195 0.573560 176.742917
196 3.631913 180.374830
197 4.508025 184.882855
198 0.610731 185.493586
199 1.148663 186.642249
200 0.632162 187.274411
201 0.506552 187.780963
202 0.664358 188.445321
203 1.415303 189.860624
204 0.598023 190.458647
205 4.894871 195.353518
206 3.575884 198.929402
207 2.472518 201.401920
208 3.462884 204.864804
209 0.943548 205.808352
210 6.557928 212.366280
211 0.938033 213.304313
212 2.324138 215.628451
213 0.529574 216.158025
214 0.549872 216.707897
215 1.050878 217.758775
216 3.315593 221.074368
217 4.813789 225.888157
218 2.815788 228.703945
219 0.585377 229.289322
220 0.835834 230.125156
221 0.787811 230.912967
222 4.166047 235.079014
223 0.802275 235.881289
224 0.616951 236.498240
225 6.550359 243.048599
226 6.939541 249.988140
227 1.681059 251.669199
228 1.824494 253.493693
229 10.446648 263.940341
230 6.264194 270.204535
231 2.175689 272.380224
232 2.532781 274.913005
233 1.408999 276.322004
234 1.421529 277.743533
235 6.334769 284.078302
236 6.472904 290.551206
237 0.790563 291.341769
238 11.199534 302.541303
239 0.638641 303.179944
240 6.524580 309.704524
241 0.698351 310.402875
242 0.646110 311.048985
243 0.752747 311.801732
244 3.249454 315.051186
245 0.806129 315.857315
246 11.070376 326.927691
247 1.580460 328.508151
248 0.638491 329.146642
249 2.626489 331.773131
250 3.455339 335.228470
251 5.637746 340.866216
252 1.910525 342.776741
253 8.376110 351.152851
254 6.986493 358.139344
255 1.193234 359.332578
256 8.112616 367.445194
257 7.794572 375.239766
258 8.237461 383.477227
259 2.286170 385.763397
260 20.722256 406.485653
261 14.772694 421.258347
262 4.250824 425.509171
263 7.660301 433.169472
264 0.852377 434.021849
265 8.711330 442.733179
266 0.718686 443.451865
267 3.664129 447.115994
268 4.573561 451.689555
269 0.693205 452.382760
270 6.944925 459.327685
271 4.415931 463.743616
272 15.409427 479.153043
273 14.314454 493.467497
274 8.061973 501.529470
275 17.664424 519.193894
276 11.065993 530.259887
277 1.026041 531.285928
278 4.909707 536.195635
279 2.697235 538.892870
280 51.426369 590.319239
281 35.913245 626.232484
282 10.899947 637.132431
done 282 57.005546 694.137977
