# instance vn2_3.3.vn_to_tree16_2000.20.pn
# Settings: Namespace(PN='../../../instances/fmcad/in_json/tree16_2000.20.pn', VDC='../../../instances/fmcad/in_json/vn2_3.3.vn', affinity=True, affinity_soft=True, allow_virtual_switches_in_switches=True, anti_affinity=True, assert_all_physical_edges=True, binary_search=True, bitblast_addition=False, bitblast_addition_shadow=False, conflict_limit=0, debug=False, decide_opt_lits=True, directed_links=False, flush_pb_theory=True, force_virtual_switches=False, ignore_ram_constraints=False, ignore_storage_constraints=False, intrinsic_edge_constraints=False, intrinsic_edge_sets=True, logfile=None, min_cores=False, min_servers=False, opt_conflict_limit=0, opt_time_limit=-1, popcount='BV', refine_flow=True, remove_all_flow_cycles=False, remove_common_bandwidth_factor=True, remove_flow_cycles=False, remove_flow_cycles_python=False, rnd_theory_freq=0.99, rnd_theory_order=False, separate_reach_constraints=False, static_flow_caps=True, theory_order_vsids=True, timelog='timelogs/fmcad13_vdcmapper_intrinsic-edge-sets-no-rnd-theory-order-theory-order-vsids-rnd-theory-freq-0-99_datacentertree16_2000.20.pn_instance_vn2_3.3.vn.log', tree_addition=True, use_cover_for_refinement=True, use_min_cost_max_flow=False, vsids_balance=1, vsids_both=True)
init 11.013881 11.013881
1 0.761319 11.775200
2 0.618435 12.393635
3 0.610382 13.004017
4 0.915373 13.919390
5 0.915459 14.834849
6 0.642535 15.477384
7 0.638039 16.115423
8 0.655915 16.771338
9 0.746094 17.517432
10 0.832386 18.349818
11 0.642065 18.991883
12 1.540033 20.531916
13 0.641364 21.173280
14 0.664958 21.838238
15 0.756897 22.595135
16 0.718060 23.313195
17 0.661936 23.975131
18 1.185142 25.160273
19 1.269711 26.429984
20 0.648487 27.078471
21 0.674551 27.753022
22 0.738788 28.491810
23 0.798536 29.290346
24 0.662703 29.953049
25 0.657220 30.610269
26 0.674577 31.284846
27 0.681979 31.966825
28 2.272306 34.239131
29 0.712129 34.951260
30 0.668924 35.620184
31 1.130120 36.750304
32 0.690488 37.440792
33 1.111108 38.551900
34 0.802103 39.354003
35 0.844673 40.198676
36 0.753143 40.951819
37 0.740899 41.692718
38 0.669027 42.361745
39 1.845895 44.207640
40 0.673105 44.880745
41 0.724218 45.604963
42 0.735210 46.340173
43 1.358592 47.698765
44 0.758236 48.457001
45 0.693650 49.150651
46 0.963240 50.113891
47 0.687345 50.801236
48 0.691826 51.493062
49 0.961115 52.454177
50 1.046206 53.500383
51 0.698834 54.199217
52 0.669810 54.869027
53 0.707801 55.576828
54 1.306588 56.883416
55 1.601330 58.484746
56 0.675603 59.160349
57 0.843330 60.003679
58 1.389910 61.393589
59 0.779175 62.172764
60 0.673313 62.846077
61 0.703728 63.549805
62 0.841542 64.391347
63 0.702467 65.093814
64 0.686845 65.780659
65 0.707371 66.488030
66 0.740381 67.228411
67 0.849494 68.077905
68 0.668162 68.746067
69 0.680717 69.426784
70 0.684035 70.110819
71 0.787617 70.898436
72 0.686426 71.584862
73 0.695561 72.280423
74 1.151332 73.431755
75 1.401920 74.833675
76 0.682198 75.515873
77 0.702618 76.218491
78 0.651170 76.869661
79 2.951402 79.821063
80 0.708326 80.529389
81 0.680751 81.210140
82 0.705027 81.915167
83 0.717016 82.632183
84 1.616036 84.248219
85 1.030975 85.279194
86 0.687208 85.966402
87 0.682598 86.649000
88 0.797241 87.446241
89 0.967040 88.413281
90 0.694972 89.108253
91 0.703075 89.811328
92 0.849034 90.660362
93 1.788248 92.448610
94 0.810045 93.258655
95 2.254108 95.512763
96 1.202440 96.715203
97 0.784091 97.499294
98 0.680235 98.179529
99 0.999133 99.178662
100 0.707381 99.886043
101 0.992200 100.878243
102 0.756865 101.635108
103 0.694084 102.329192
104 1.156643 103.485835
105 0.748157 104.233992
106 0.716057 104.950049
107 0.704151 105.654200
108 0.706065 106.360265
109 0.826234 107.186499
110 1.009201 108.195700
111 0.765881 108.961581
112 0.705407 109.666988
113 0.707622 110.374610
114 0.712444 111.087054
115 1.073165 112.160219
116 0.781233 112.941452
117 0.693196 113.634648
118 0.872520 114.507168
119 0.927188 115.434356
120 1.248227 116.682583
121 0.789532 117.472115
122 0.700354 118.172469
123 0.687505 118.859974
124 0.897516 119.757490
125 0.691408 120.448898
126 1.346933 121.795831
127 0.703016 122.498847
128 0.996246 123.495093
129 0.715363 124.210456
130 1.030023 125.240479
131 0.853186 126.093665
132 0.703829 126.797494
133 0.704383 127.501877
134 1.094494 128.596371
135 1.763032 130.359403
136 0.693110 131.052513
137 1.241983 132.294496
138 0.687807 132.982303
139 0.689666 133.671969
140 2.282377 135.954346
141 1.127991 137.082337
142 0.853471 137.935808
143 1.668814 139.604622
144 1.356194 140.960816
145 1.376898 142.337714
146 0.700931 143.038645
147 0.697207 143.735852
148 1.122123 144.857975
149 1.417493 146.275468
150 0.700502 146.975970
151 0.985377 147.961347
152 1.444662 149.406009
153 0.706340 150.112349
154 1.761603 151.873952
155 1.954347 153.828299
156 0.791294 154.619593
157 0.704127 155.323720
158 0.874102 156.197822
159 0.700567 156.898389
160 0.909339 157.807728
161 0.826065 158.633793
162 1.205456 159.839249
163 1.205569 161.044818
164 1.013529 162.058347
165 3.620640 165.678987
166 1.321848 167.000835
167 0.699861 167.700696
168 0.699032 168.399728
169 0.829765 169.229493
170 1.159453 170.388946
171 3.631964 174.020910
172 0.707742 174.728652
173 1.797204 176.525856
174 0.716628 177.242484
175 2.876818 180.119302
176 0.696858 180.816160
177 0.786544 181.602704
178 0.706213 182.308917
179 0.731325 183.040242
180 1.513625 184.553867
181 0.729421 185.283288
182 0.743890 186.027178
183 1.044195 187.071373
184 0.692227 187.763600
185 0.735384 188.498984
186 1.381694 189.880678
187 0.805004 190.685682
188 0.798231 191.483913
189 0.834751 192.318664
190 1.336889 193.655553
191 0.730821 194.386374
192 0.708364 195.094738
193 0.724495 195.819233
194 0.699464 196.518697
195 2.237057 198.755754
196 0.718711 199.474465
197 0.701452 200.175917
198 1.072532 201.248449
199 0.837752 202.086201
200 0.939257 203.025458
201 1.508089 204.533547
202 0.725945 205.259492
203 1.064284 206.323776
204 1.515000 207.838776
205 0.709935 208.548711
206 1.024499 209.573210
207 1.434853 211.008063
208 0.720574 211.728637
209 0.720526 212.449163
210 0.859357 213.308520
211 0.719507 214.028027
212 1.187645 215.215672
213 1.607671 216.823343
214 0.721264 217.544607
215 0.714001 218.258608
216 0.830268 219.088876
217 1.833091 220.921967
218 1.275274 222.197241
219 0.737061 222.934302
220 0.716098 223.650400
221 0.734489 224.384889
222 1.314033 225.698922
223 0.715305 226.414227
224 0.715385 227.129612
225 1.023093 228.152705
226 1.050319 229.203024
227 0.747291 229.950315
228 0.709715 230.660030
229 0.943466 231.603496
230 0.942545 232.546041
231 0.717298 233.263339
232 0.724520 233.987859
233 0.724435 234.712294
234 0.914001 235.626295
235 1.173066 236.799361
236 1.015145 237.814506
237 1.033050 238.847556
238 1.815300 240.662856
239 0.777599 241.440455
240 0.726835 242.167290
241 0.771663 242.938953
242 2.111543 245.050496
243 0.708882 245.759378
244 0.730121 246.489499
245 0.823068 247.312567
246 0.721657 248.034224
247 0.786848 248.821072
248 1.451172 250.272244
249 0.735598 251.007842
250 0.773417 251.781259
251 1.071474 252.852733
252 1.109393 253.962126
253 0.748494 254.710620
254 0.742912 255.453532
255 0.867233 256.320765
256 1.595149 257.915914
257 0.792619 258.708533
258 0.730810 259.439343
259 0.877788 260.317131
260 1.000419 261.317550
261 0.727294 262.044844
262 0.720340 262.765184
263 0.813581 263.578765
264 0.973236 264.552001
265 0.719342 265.271343
266 1.921838 267.193181
267 1.016261 268.209442
268 0.735315 268.944757
269 0.763344 269.708101
270 1.134825 270.842926
271 1.274456 272.117382
272 6.734847 278.852229
273 0.722942 279.575171
274 0.737645 280.312816
275 0.727829 281.040645
276 0.831427 281.872072
277 0.725177 282.597249
278 1.623316 284.220565
279 1.008631 285.229196
280 0.749195 285.978391
281 0.817435 286.795826
282 1.795104 288.590930
283 0.910606 289.501536
284 0.773831 290.275367
285 0.726814 291.002181
286 1.317731 292.319912
287 1.006769 293.326681
288 0.770596 294.097277
289 3.419866 297.517143
290 0.888731 298.405874
291 1.464973 299.870847
292 1.739456 301.610303
293 1.642958 303.253261
294 0.754011 304.007272
295 0.966654 304.973926
296 1.403014 306.376940
297 0.960809 307.337749
298 0.953183 308.290932
299 1.197937 309.488869
300 1.005491 310.494360
301 0.909862 311.404222
302 0.794457 312.198679
303 1.014609 313.213288
304 1.062931 314.276219
305 0.743442 315.019661
306 0.980797 316.000458
307 1.065103 317.065561
308 1.167144 318.232705
309 0.737212 318.969917
310 2.309314 321.279231
311 0.748379 322.027610
312 0.740428 322.768038
313 0.759882 323.527920
314 0.775715 324.303635
315 1.306814 325.610449
316 1.371416 326.981865
317 0.757416 327.739281
318 0.835845 328.575126
319 0.767866 329.342992
320 2.169101 331.512093
321 0.756352 332.268445
322 0.728422 332.996867
323 1.461908 334.458775
324 1.453657 335.912432
325 0.741865 336.654297
326 0.742691 337.396988
327 1.059839 338.456827
328 0.801386 339.258213
329 0.746499 340.004712
330 2.355139 342.359851
331 5.076769 347.436620
332 1.620735 349.057355
333 0.752158 349.809513
334 1.204521 351.014034
335 0.958869 351.972903
336 1.097175 353.070078
337 0.732706 353.802784
338 0.750909 354.553693
339 0.869456 355.423149
340 0.811050 356.234199
341 0.833080 357.067279
342 1.342862 358.410141
343 0.952855 359.362996
344 0.762723 360.125719
345 0.765810 360.891529
346 0.761913 361.653442
347 0.761753 362.415195
348 1.134905 363.550100
349 0.825221 364.375321
350 1.170830 365.546151
351 1.330997 366.877148
352 1.125545 368.002693
353 1.097072 369.099765
354 0.760949 369.860714
355 0.788140 370.648854
356 1.133559 371.782413
357 0.756128 372.538541
358 1.012044 373.550585
359 0.889393 374.439978
360 0.964786 375.404764
361 1.287388 376.692152
362 1.558417 378.250569
363 0.755573 379.006142
364 1.012898 380.019040
365 1.309531 381.328571
366 0.761448 382.090019
367 1.264942 383.354961
368 1.080885 384.435846
369 0.761855 385.197701
370 0.756730 385.954431
371 2.169269 388.123700
372 0.858828 388.982528
373 2.755102 391.737630
374 1.516486 393.254116
375 0.776881 394.030997
376 1.183613 395.214610
377 1.002355 396.216965
378 1.100397 397.317362
379 0.805545 398.122907
380 0.811391 398.934298
381 0.880396 399.814694
382 0.971982 400.786676
383 1.233744 402.020420
384 1.030025 403.050445
385 0.762790 403.813235
386 1.085393 404.898628
387 0.873301 405.771929
388 1.119814 406.891743
389 1.009476 407.901219
390 2.180203 410.081422
391 0.898959 410.980381
392 0.762682 411.743063
393 0.788930 412.531993
394 1.417036 413.949029
395 0.821233 414.770262
396 2.024383 416.794645
397 1.718345 418.512990
398 0.930608 419.443598
399 1.727495 421.171093
400 0.772128 421.943221
401 1.199398 423.142619
402 0.773659 423.916278
403 0.827252 424.743530
404 1.174881 425.918411
405 2.230105 428.148516
406 0.950915 429.099431
407 0.748838 429.848269
408 0.757295 430.605564
409 1.152365 431.757929
410 0.828198 432.586127
411 0.763813 433.349940
412 0.787634 434.137574
413 0.875806 435.013380
414 1.103544 436.116924
415 1.208747 437.325671
416 1.237211 438.562882
417 0.838503 439.401385
418 1.598408 440.999793
419 0.887208 441.887001
420 0.941344 442.828345
421 2.699292 445.527637
422 0.778543 446.306180
423 2.245333 448.551513
424 0.820175 449.371688
425 0.791476 450.163164
426 1.482650 451.645814
427 1.177461 452.823275
428 0.886691 453.709966
429 1.057953 454.767919
430 1.281401 456.049320
431 0.752200 456.801520
432 0.872757 457.674277
433 1.306504 458.980781
434 0.787974 459.768755
435 0.776826 460.545581
436 1.681297 462.226878
437 0.828921 463.055799
438 0.770638 463.826437
439 1.371510 465.197947
440 0.773863 465.971810
441 0.783031 466.754841
442 0.775531 467.530372
443 0.797011 468.327383
444 1.207560 469.534943
445 0.865355 470.400298
446 1.152719 471.553017
447 0.846991 472.400008
448 0.775714 473.175722
449 1.358636 474.534358
450 0.847837 475.382195
451 0.781940 476.164135
452 0.981767 477.145902
453 0.970502 478.116404
454 1.387919 479.504323
455 0.933996 480.438319
456 1.618001 482.056320
457 1.106181 483.162501
458 0.789466 483.951967
459 0.786416 484.738383
460 1.127068 485.865451
461 0.941854 486.807305
462 0.784463 487.591768
463 0.770861 488.362629
464 1.403505 489.766134
465 0.848184 490.614318
466 0.852952 491.467270
467 0.773668 492.240938
468 1.019906 493.260844
469 1.013980 494.274824
470 1.401941 495.676765
471 0.790491 496.467256
472 0.773308 497.240564
473 0.894947 498.135511
474 1.020719 499.156230
475 1.050784 500.207014
476 0.782566 500.989580
477 0.787600 501.777180
478 1.014060 502.791240
479 0.995187 503.786427
480 1.408504 505.194931
481 2.880719 508.075650
482 0.872365 508.948015
483 0.838644 509.786659
484 2.877483 512.664142
485 0.773914 513.438056
486 0.794072 514.232128
487 0.993313 515.225441
488 2.122833 517.348274
489 1.174657 518.522931
490 1.076177 519.599108
491 1.238854 520.837962
492 0.776282 521.614244
493 0.790630 522.404874
494 0.787323 523.192197
495 1.131637 524.323834
496 1.234149 525.557983
497 0.771756 526.329739
498 0.978293 527.308032
499 0.954596 528.262628
500 0.759428 529.022056
501 0.800556 529.822612
502 0.908787 530.731399
503 0.993252 531.724651
504 0.770870 532.495521
505 0.800859 533.296380
506 1.275957 534.572337
507 0.846611 535.418948
508 0.965715 536.384663
509 3.775122 540.159785
510 1.087471 541.247256
511 0.795265 542.042521
512 0.785334 542.827855
513 0.923690 543.751545
514 0.787451 544.538996
515 1.222486 545.761482
516 2.617065 548.378547
517 0.785669 549.164216
518 0.804716 549.968932
519 0.796304 550.765236
520 0.796135 551.561371
521 1.620146 553.181517
522 1.667454 554.848971
523 0.810705 555.659676
524 0.935993 556.595669
525 0.984337 557.580006
526 0.940233 558.520239
527 0.811312 559.331551
528 2.405088 561.736639
529 0.802492 562.539131
530 0.865191 563.404322
531 1.361591 564.765913
532 0.873805 565.639718
533 1.816714 567.456432
534 2.242339 569.698771
535 0.779175 570.477946
536 1.074994 571.552940
537 0.792999 572.345939
538 1.123280 573.469219
539 4.868872 578.338091
540 1.394513 579.732604
541 1.477760 581.210364
542 0.808632 582.018996
543 1.156881 583.175877
544 0.884678 584.060555
545 1.130635 585.191190
546 0.812464 586.003654
547 0.861538 586.865192
548 2.127068 588.992260
549 0.805427 589.797687
550 2.677289 592.474976
551 1.307933 593.782909
552 4.432564 598.215473
553 1.074731 599.290204
554 1.788434 601.078638
555 2.024009 603.102647
556 0.820301 603.922948
557 0.802032 604.724980
558 0.987482 605.712462
559 0.848855 606.561317
560 0.822337 607.383654
561 0.803854 608.187508
562 1.090752 609.278260
563 1.661197 610.939457
564 0.886339 611.825796
565 0.862243 612.688039
566 0.799275 613.487314
567 0.878810 614.366124
568 1.434003 615.800127
569 0.822140 616.622267
570 0.922433 617.544700
571 1.085167 618.629867
572 1.621034 620.250901
573 1.152793 621.403694
574 2.393427 623.797121
575 1.117668 624.914789
576 2.061582 626.976371
577 2.133466 629.109837
578 0.839358 629.949195
579 0.825316 630.774511
580 0.927325 631.701836
581 0.824418 632.526254
582 1.957215 634.483469
583 1.685728 636.169197
584 2.061849 638.231046
585 0.869157 639.100203
586 0.823013 639.923216
587 0.816769 640.739985
588 1.085106 641.825091
589 1.737648 643.562739
590 1.780775 645.343514
591 1.435930 646.779444
592 1.580657 648.360101
593 0.897000 649.257101
594 0.851681 650.108782
595 0.991819 651.100601
596 3.776760 654.877361
597 1.002084 655.879445
598 0.808168 656.687613
599 0.905263 657.592876
600 0.801413 658.394289
601 0.995902 659.390191
602 0.885031 660.275222
603 0.827645 661.102867
604 0.834719 661.937586
605 2.659098 664.596684
606 1.053717 665.650401
607 1.246093 666.896494
608 1.682617 668.579111
609 0.821988 669.401099
610 1.041184 670.442283
611 2.631933 673.074216
612 0.872406 673.946622
613 0.971782 674.918404
614 0.945436 675.863840
615 0.880833 676.744673
616 0.862579 677.607252
617 1.769294 679.376546
618 2.285437 681.661983
619 3.350700 685.012683
620 0.836649 685.849332
621 0.829072 686.678404
622 0.860096 687.538500
623 0.917342 688.455842
624 0.854893 689.310735
625 0.842320 690.153055
626 2.423438 692.576493
627 0.834078 693.410571
628 0.834434 694.245005
629 0.837151 695.082156
630 1.419967 696.502123
631 4.770911 701.273034
632 0.880346 702.153380
633 0.869187 703.022567
634 1.010529 704.033096
635 0.905140 704.938236
636 1.844339 706.782575
637 0.989793 707.772368
638 0.848788 708.621156
639 1.067055 709.688211
640 1.427764 711.115975
641 3.461422 714.577397
642 1.351641 715.929038
643 0.842673 716.771711
644 0.990926 717.762637
645 1.066626 718.829263
646 1.111825 719.941088
647 0.840038 720.781126
648 1.249780 722.030906
649 0.880684 722.911590
650 0.832925 723.744515
651 1.107417 724.851932
652 2.791150 727.643082
653 0.848576 728.491658
654 0.851567 729.343225
655 0.850767 730.193992
656 0.867479 731.061471
657 1.176714 732.238185
658 1.286095 733.524280
659 0.867023 734.391303
660 0.869908 735.261211
661 1.294789 736.556000
662 2.145025 738.701025
663 0.839033 739.540058
664 0.857843 740.397901
665 1.541450 741.939351
666 0.973674 742.913025
667 1.684640 744.597665
668 0.846990 745.444655
669 0.958343 746.402998
670 3.170636 749.573634
671 1.657836 751.231470
672 2.158596 753.390066
673 0.828509 754.218575
674 0.864176 755.082751
675 0.954074 756.036825
676 1.309695 757.346520
677 1.210809 758.557329
678 2.649912 761.207241
679 1.934754 763.141995
680 1.275378 764.417373
681 1.280515 765.697888
682 1.234908 766.932796
683 1.533344 768.466140
684 0.986170 769.452310
685 0.915352 770.367662
686 1.146002 771.513664
687 1.291908 772.805572
688 0.879210 773.684782
689 1.295197 774.979979
690 3.014235 777.994214
691 4.325859 782.320073
692 1.029801 783.349874
693 1.697800 785.047674
694 0.941599 785.989273
695 0.864361 786.853634
696 0.890662 787.744296
697 1.616566 789.360862
698 1.425019 790.785881
699 2.380463 793.166344
700 0.948531 794.114875
701 0.900976 795.015851
702 1.161737 796.177588
703 0.830334 797.007922
704 1.214019 798.221941
705 2.272894 800.494835
706 0.852897 801.347732
707 0.857521 802.205253
708 0.880548 803.085801
709 1.521371 804.607172
710 3.818069 808.425241
711 1.562733 809.987974
712 0.916747 810.904721
713 0.862235 811.766956
714 0.871781 812.638737
715 1.475703 814.114440
716 0.879164 814.993604
717 0.876271 815.869875
718 0.891755 816.761630
719 2.125630 818.887260
720 0.870759 819.758019
721 1.151053 820.909072
722 2.851763 823.760835
723 1.356143 825.116978
724 1.801948 826.918926
725 2.062382 828.981308
726 0.848771 829.830079
727 1.516310 831.346389
728 0.837124 832.183513
729 1.108338 833.291851
730 2.460278 835.752129
731 0.882417 836.634546
732 0.861783 837.496329
733 0.917693 838.414022
734 0.922703 839.336725
735 0.856481 840.193206
736 1.042393 841.235599
737 1.237489 842.473088
738 1.077020 843.550108
739 1.194070 844.744178
740 1.639159 846.383337
741 0.885365 847.268702
742 0.866122 848.134824
743 1.080743 849.215567
744 1.043492 850.259059
745 0.873640 851.132699
746 0.987945 852.120644
747 0.885386 853.006030
748 0.909868 853.915898
749 0.879224 854.795122
750 0.891779 855.686901
751 0.991881 856.678782
752 1.310419 857.989201
753 0.880151 858.869352
754 0.866182 859.735534
755 0.878493 860.614027
756 1.956854 862.570881
757 0.877054 863.447935
758 0.887978 864.335913
759 0.958235 865.294148
760 1.519309 866.813457
761 0.855270 867.668727
762 1.844752 869.513479
763 3.499825 873.013304
764 0.885363 873.898667
765 0.858609 874.757276
766 0.864273 875.621549
767 2.365094 877.986643
768 2.610911 880.597554
769 0.889681 881.487235
770 1.187389 882.674624
771 0.921625 883.596249
772 1.312089 884.908338
773 1.051047 885.959385
774 1.152210 887.111595
775 1.238543 888.350138
776 1.234153 889.584291
777 0.875936 890.460227
778 0.901085 891.361312
779 0.894160 892.255472
780 2.525702 894.781174
781 0.915285 895.696459
782 1.369957 897.066416
783 1.809983 898.876399
784 0.987412 899.863811
785 0.897014 900.760825
786 2.059972 902.820797
787 2.378013 905.198810
788 0.894550 906.093360
789 0.891674 906.985034
790 0.951238 907.936272
791 0.896533 908.832805
792 1.180445 910.013250
793 1.005646 911.018896
794 0.881707 911.900603
795 1.150496 913.051099
796 1.418067 914.469166
797 1.488802 915.957968
798 0.899037 916.857005
799 1.251534 918.108539
800 0.871610 918.980149
801 0.875874 919.856023
802 0.889521 920.745544
803 1.013231 921.758775
804 0.949731 922.708506
805 1.077862 923.786368
806 3.997786 927.784154
807 0.937894 928.722048
808 0.995261 929.717309
809 1.132034 930.849343
810 2.064338 932.913681
811 1.254102 934.167783
812 2.412600 936.580383
813 0.954124 937.534507
814 1.204530 938.739037
815 0.876850 939.615887
816 0.911945 940.527832
817 0.919055 941.446887
818 0.984717 942.431604
819 1.082597 943.514201
820 1.891636 945.405837
821 1.281388 946.687225
822 1.740295 948.427520
823 0.950415 949.377935
824 0.887905 950.265840
825 0.901773 951.167613
826 0.905403 952.073016
827 1.771982 953.844998
828 0.890653 954.735651
829 1.775657 956.511308
830 1.409016 957.920324
831 0.881975 958.802299
832 0.904249 959.706548
833 2.137511 961.844059
834 0.927694 962.771753
835 1.461208 964.232961
836 0.927138 965.160099
837 0.954934 966.115033
838 1.228360 967.343393
839 1.762589 969.105982
840 2.292495 971.398477
841 1.476465 972.874942
842 0.907532 973.782474
843 0.891060 974.673534
844 0.977811 975.651345
845 1.445390 977.096735
846 0.892815 977.989550
847 1.520798 979.510348
848 0.879967 980.390315
849 1.250349 981.640664
850 0.901530 982.542194
851 1.403760 983.945954
852 0.913855 984.859809
853 0.928146 985.787955
854 3.529470 989.317425
855 1.214630 990.532055
856 1.532849 992.064904
857 0.904674 992.969578
858 0.914844 993.884422
859 0.897745 994.782167
860 1.204818 995.986985
861 0.896874 996.883859
862 1.223377 998.107236
863 0.924451 999.031687
864 0.931464 999.963151
865 2.200082 1002.163233
866 1.097584 1003.260817
867 0.904244 1004.165061
868 1.496409 1005.661470
869 0.983620 1006.645090
870 0.980392 1007.625482
871 1.313357 1008.938839
872 0.906780 1009.845619
873 1.051055 1010.896674
874 0.909818 1011.806492
875 1.066900 1012.873392
876 1.275905 1014.149297
877 1.222538 1015.371835
878 0.898001 1016.269836
879 1.277033 1017.546869
880 0.887006 1018.433875
881 0.874774 1019.308649
882 1.608832 1020.917481
883 1.027166 1021.944647
884 1.884351 1023.828998
885 0.881506 1024.710504
886 1.201258 1025.911762
887 1.011315 1026.923077
888 0.896842 1027.819919
889 1.044561 1028.864480
890 2.563058 1031.427538
891 1.231587 1032.659125
892 1.014086 1033.673211
893 2.352331 1036.025542
894 0.933259 1036.958801
895 1.666236 1038.625037
896 1.219692 1039.844729
897 0.925243 1040.769972
898 0.928596 1041.698568
899 1.705757 1043.404325
900 0.923754 1044.328079
901 1.088058 1045.416137
902 1.191631 1046.607768
903 0.927617 1047.535385
904 0.884933 1048.420318
905 1.696436 1050.116754
906 1.396136 1051.512890
907 1.488255 1053.001145
908 3.181954 1056.183099
909 2.691220 1058.874319
910 1.159852 1060.034171
911 0.896167 1060.930338
912 0.939709 1061.870047
913 0.947682 1062.817729
914 1.193466 1064.011195
915 0.910023 1064.921218
916 1.622882 1066.544100
917 1.790129 1068.334229
918 0.964940 1069.299169
919 1.038802 1070.337971
920 1.753166 1072.091137
921 1.159115 1073.250252
922 1.061762 1074.312014
923 0.920762 1075.232776
924 4.531698 1079.764474
925 1.218363 1080.982837
926 1.041077 1082.023914
927 1.138335 1083.162249
928 1.478743 1084.640992
929 1.332375 1085.973367
930 0.888451 1086.861818
931 1.400978 1088.262796
932 1.020614 1089.283410
933 1.236681 1090.520091
934 0.947376 1091.467467
935 0.952220 1092.419687
936 1.139422 1093.559109
937 0.962071 1094.521180
938 1.240492 1095.761672
939 3.076095 1098.837767
940 3.519625 1102.357392
941 1.605486 1103.962878
942 1.294393 1105.257271
943 0.936845 1106.194116
944 1.037517 1107.231633
945 1.353280 1108.584913
946 2.426183 1111.011096
947 2.166201 1113.177297
948 1.103134 1114.280431
949 0.958875 1115.239306
950 0.952645 1116.191951
951 1.667286 1117.859237
952 1.261075 1119.120312
953 1.150703 1120.271015
954 1.236112 1121.507127
955 1.860414 1123.367541
956 1.394627 1124.762168
957 1.169679 1125.931847
958 1.470400 1127.402247
959 1.695314 1129.097561
960 1.902855 1131.000416
961 1.096527 1132.096943
962 1.137459 1133.234402
963 1.336415 1134.570817
964 1.445041 1136.015858
965 1.463132 1137.478990
966 1.758713 1139.237703
967 3.527594 1142.765297
968 0.950210 1143.715507
969 2.420116 1146.135623
970 0.992459 1147.128082
971 1.267832 1148.395914
972 0.957972 1149.353886
973 1.461517 1150.815403
974 1.444298 1152.259701
975 0.955529 1153.215230
976 1.753266 1154.968496
977 1.063633 1156.032129
978 0.993644 1157.025773
979 1.179313 1158.205086
980 2.467168 1160.672254
981 1.002528 1161.674782
982 1.286196 1162.960978
983 0.962974 1163.923952
984 1.193118 1165.117070
985 0.915939 1166.033009
986 0.961996 1166.995005
987 0.952509 1167.947514
988 1.493036 1169.440550
989 1.491637 1170.932187
990 2.268323 1173.200510
991 3.334504 1176.535014
992 1.965845 1178.500859
993 0.965941 1179.466800
994 1.168389 1180.635189
995 1.076067 1181.711256
996 1.260763 1182.972019
997 1.661280 1184.633299
998 0.972580 1185.605879
999 1.778704 1187.384583
1000 1.784752 1189.169335
1001 0.956734 1190.126069
1002 0.943714 1191.069783
1003 1.125376 1192.195159
1004 2.007024 1194.202183
1005 0.964382 1195.166565
1006 1.334009 1196.500574
1007 0.966849 1197.467423
1008 2.543718 1200.011141
1009 1.525982 1201.537123
1010 1.047429 1202.584552
1011 0.951572 1203.536124
1012 3.620139 1207.156263
1013 4.132170 1211.288433
1014 0.990088 1212.278521
1015 1.546080 1213.824601
1016 2.420851 1216.245452
1017 1.148453 1217.393905
1018 1.821706 1219.215611
1019 1.642120 1220.857731
1020 1.092715 1221.950446
1021 0.977418 1222.927864
1022 1.279809 1224.207673
1023 1.018915 1225.226588
1024 3.069706 1228.296294
1025 0.989642 1229.285936
1026 1.733537 1231.019473
1027 1.315708 1232.335181
1028 0.957014 1233.292195
1029 0.992639 1234.284834
1030 0.933896 1235.218730
1031 0.972843 1236.191573
1032 1.317069 1237.508642
1033 0.964302 1238.472944
1034 0.959192 1239.432136
1035 1.010280 1240.442416
1036 1.003692 1241.446108
1037 1.090008 1242.536116
1038 1.235789 1243.771905
1039 1.395059 1245.166964
1040 1.092019 1246.258983
1041 1.427916 1247.686899
1042 1.016714 1248.703613
1043 2.215820 1250.919433
1044 3.438546 1254.357979
1045 1.012515 1255.370494
1046 0.971195 1256.341689
1047 1.009197 1257.350886
1048 1.891174 1259.242060
1049 1.363728 1260.605788
1050 1.368140 1261.973928
1051 1.056775 1263.030703
1052 1.185004 1264.215707
1053 0.965612 1265.181319
1054 0.973679 1266.154998
1055 1.150456 1267.305454
1056 1.134140 1268.439594
1057 0.964903 1269.404497
1058 0.991725 1270.396222
1059 1.853688 1272.249910
1060 1.052459 1273.302369
1061 0.975325 1274.277694
1062 1.252797 1275.530491
1063 1.141013 1276.671504
1064 0.926756 1277.598260
1065 1.052510 1278.650770
1066 1.265056 1279.915826
1067 0.926205 1280.842031
1068 0.972571 1281.814602
1069 2.813063 1284.627665
1070 1.406462 1286.034127
1071 0.991650 1287.025777
1072 1.155122 1288.180899
1073 1.305045 1289.485944
1074 1.062228 1290.548172
1075 2.233573 1292.781745
1076 1.289247 1294.070992
1077 0.995707 1295.066699
1078 1.357051 1296.423750
1079 1.625510 1298.049260
1080 0.934028 1298.983288
1081 4.161864 1303.145152
1082 1.275627 1304.420779
1083 1.059227 1305.480006
1084 1.662632 1307.142638
1085 1.831535 1308.974173
1086 0.966280 1309.940453
1087 1.044490 1310.984943
1088 1.788397 1312.773340
1089 1.334659 1314.107999
1090 1.375327 1315.483326
1091 1.019241 1316.502567
1092 1.364201 1317.866768
1093 0.990683 1318.857451
1094 1.006080 1319.863531
1095 0.983232 1320.846763
1096 1.106079 1321.952842
1097 1.123483 1323.076325
1098 1.043676 1324.120001
1099 1.125446 1325.245447
1100 1.041229 1326.286676
1101 1.591104 1327.877780
1102 1.014393 1328.892173
1103 1.552693 1330.444866
1104 1.355738 1331.800604
1105 0.997532 1332.798136
1106 0.982607 1333.780743
1107 1.009329 1334.790072
1108 1.716823 1336.506895
1109 1.481305 1337.988200
1110 1.025073 1339.013273
1111 1.790041 1340.803314
1112 1.567275 1342.370589
1113 2.263464 1344.634053
1114 1.526210 1346.160263
1115 2.872890 1349.033153
1116 0.970314 1350.003467
1117 1.873565 1351.877032
1118 2.029928 1353.906960
1119 0.987831 1354.894791
1120 1.160405 1356.055196
1121 0.968889 1357.024085
1122 0.987580 1358.011665
1123 1.305262 1359.316927
1124 1.731645 1361.048572
1125 2.953811 1364.002383
1126 1.212591 1365.214974
1127 1.871994 1367.086968
1128 1.093349 1368.180317
1129 2.470577 1370.650894
1130 1.027074 1371.677968
1131 0.999125 1372.677093
1132 2.238784 1374.915877
1133 1.062009 1375.977886
1134 2.318566 1378.296452
1135 1.771775 1380.068227
1136 1.382870 1381.451097
1137 0.993818 1382.444915
1138 5.737810 1388.182725
1139 1.874766 1390.057491
1140 1.517387 1391.574878
1141 1.432208 1393.007086
1142 0.990379 1393.997465
1143 1.039175 1395.036640
1144 1.647947 1396.684587
1145 1.367080 1398.051667
1146 1.018956 1399.070623
1147 0.962914 1400.033537
1148 1.201010 1401.234547
1149 1.039722 1402.274269
1150 0.997172 1403.271441
1151 1.001052 1404.272493
1152 4.133060 1408.405553
1153 1.169724 1409.575277
1154 0.980625 1410.555902
1155 1.051363 1411.607265
1156 1.552525 1413.159790
1157 1.002215 1414.162005
1158 1.426048 1415.588053
1159 1.014266 1416.602319
1160 0.970023 1417.572342
1161 1.116529 1418.688871
1162 2.218053 1420.906924
1163 1.414050 1422.320974
1164 1.009585 1423.330559
1165 1.588680 1424.919239
1166 2.160490 1427.079729
1167 0.987412 1428.067141
1168 1.146729 1429.213870
1169 1.739967 1430.953837
1170 1.633487 1432.587324
1171 1.045578 1433.632902
1172 1.148628 1434.781530
1173 1.121212 1435.902742
1174 1.387791 1437.290533
1175 3.988664 1441.279197
1176 0.998661 1442.277858
1177 1.063991 1443.341849
1178 0.969284 1444.311133
1179 2.883039 1447.194172
1180 1.262076 1448.456248
1181 1.353759 1449.810007
1182 1.029294 1450.839301
1183 2.196898 1453.036199
1184 1.122348 1454.158547
1185 1.280106 1455.438653
1186 1.705696 1457.144349
1187 1.002249 1458.146598
1188 1.160946 1459.307544
1189 1.080452 1460.387996
1190 1.703853 1462.091849
1191 1.724036 1463.815885
1192 1.177055 1464.992940
1193 1.019779 1466.012719
1194 1.514368 1467.527087
1195 1.509682 1469.036769
1196 1.039163 1470.075932
1197 1.068625 1471.144557
1198 1.063513 1472.208070
1199 1.219900 1473.427970
1200 1.015275 1474.443245
1201 1.073501 1475.516746
1202 1.011492 1476.528238
1203 1.009400 1477.537638
1204 1.151803 1478.689441
1205 1.578337 1480.267778
1206 1.224663 1481.492441
1207 1.572316 1483.064757
1208 2.073897 1485.138654
1209 1.154971 1486.293625
1210 0.964401 1487.258026
1211 1.263514 1488.521540
1212 1.044806 1489.566346
1213 1.475244 1491.041590
1214 1.016667 1492.058257
1215 2.796932 1494.855189
1216 1.060810 1495.915999
1217 1.094542 1497.010541
1218 3.759793 1500.770334
1219 1.920825 1502.691159
1220 1.791823 1504.482982
1221 2.410861 1506.893843
1222 1.051667 1507.945510
1223 1.125563 1509.071073
1224 1.268795 1510.339868
1225 1.068081 1511.407949
1226 1.343610 1512.751559
1227 1.069244 1513.820803
1228 1.220613 1515.041416
1229 1.126627 1516.168043
1230 1.034963 1517.203006
1231 1.026611 1518.229617
1232 2.557854 1520.787471
1233 1.153491 1521.940962
1234 1.294777 1523.235739
1235 0.972178 1524.207917
1236 1.231643 1525.439560
1237 1.033228 1526.472788
1238 1.073899 1527.546687
1239 1.260262 1528.806949
1240 1.056086 1529.863035
1241 1.882509 1531.745544
1242 2.628812 1534.374356
1243 1.902973 1536.277329
1244 1.229935 1537.507264
1245 1.443914 1538.951178
1246 1.230261 1540.181439
1247 2.575210 1542.756649
1248 1.032205 1543.788854
1249 1.129055 1544.917909
1250 1.366527 1546.284436
1251 1.154883 1547.439319
1252 1.304486 1548.743805
1253 1.037596 1549.781401
1254 1.369754 1551.151155
1255 1.118614 1552.269769
1256 1.234287 1553.504056
1257 1.073441 1554.577497
1258 1.259611 1555.837108
1259 1.041512 1556.878620
1260 1.095725 1557.974345
1261 2.601244 1560.575589
1262 1.126726 1561.702315
1263 1.533235 1563.235550
1264 1.388679 1564.624229
1265 1.321601 1565.945830
1266 1.025939 1566.971769
1267 1.081135 1568.052904
1268 1.621438 1569.674342
1269 3.424937 1573.099279
1270 1.032859 1574.132138
1271 1.035222 1575.167360
1272 1.934307 1577.101667
1273 1.016894 1578.118561
1274 0.981705 1579.100266
1275 1.019478 1580.119744
1276 1.029597 1581.149341
1277 1.417130 1582.566471
1278 1.288145 1583.854616
1279 2.290183 1586.144799
1280 1.680847 1587.825646
1281 1.080607 1588.906253
1282 1.336508 1590.242761
1283 1.067500 1591.310261
1284 1.273906 1592.584167
1285 1.051741 1593.635908
1286 1.272400 1594.908308
1287 1.035051 1595.943359
1288 1.032226 1596.975585
1289 1.469690 1598.445275
1290 1.630885 1600.076160
1291 1.042455 1601.118615
1292 1.026398 1602.145013
1293 1.839710 1603.984723
1294 1.051950 1605.036673
1295 1.150763 1606.187436
1296 1.830495 1608.017931
1297 1.052678 1609.070609
1298 1.072160 1610.142769
1299 1.168409 1611.311178
1300 1.079504 1612.390682
1301 1.192920 1613.583602
1302 1.671807 1615.255409
1303 1.099107 1616.354516
1304 2.535756 1618.890272
1305 1.035470 1619.925742
1306 1.199535 1621.125277
1307 2.488888 1623.614165
1308 1.010079 1624.624244
1309 1.036886 1625.661130
1310 1.065057 1626.726187
1311 1.097079 1627.823266
1312 1.526931 1629.350197
1313 1.164214 1630.514411
1314 1.958204 1632.472615
1315 1.222970 1633.695585
1316 1.000739 1634.696324
1317 0.977373 1635.673697
1318 1.549883 1637.223580
1319 1.123199 1638.346779
1320 1.492712 1639.839491
1321 3.293408 1643.132899
1322 1.049838 1644.182737
1323 1.032810 1645.215547
1324 1.062665 1646.278212
1325 1.088485 1647.366697
1326 1.023851 1648.390548
1327 1.031173 1649.421721
1328 1.057449 1650.479170
1329 1.166614 1651.645784
1330 1.986949 1653.632733
1331 1.142328 1654.775061
1332 2.998659 1657.773720
1333 1.068684 1658.842404
1334 1.040017 1659.882421
1335 1.047254 1660.929675
1336 4.177903 1665.107578
1337 1.092126 1666.199704
1338 1.140252 1667.339956
1339 1.047965 1668.387921
1340 1.777901 1670.165822
1341 1.263624 1671.429446
1342 1.629249 1673.058695
1343 1.483206 1674.541901
1344 1.548179 1676.090080
1345 1.068893 1677.158973
1346 1.058300 1678.217273
1347 1.005830 1679.223103
1348 1.228021 1680.451124
1349 1.052754 1681.503878
1350 1.098643 1682.602521
1351 2.025720 1684.628241
1352 1.785233 1686.413474
1353 1.085189 1687.498663
1354 1.248337 1688.747000
1355 1.027367 1689.774367
1356 1.195095 1690.969462
1357 1.253627 1692.223089
1358 1.047691 1693.270780
1359 1.077987 1694.348767
1360 1.204753 1695.553520
1361 1.211730 1696.765250
1362 2.375254 1699.140504
1363 4.161871 1703.302375
1364 1.058119 1704.360494
1365 1.154841 1705.515335
1366 1.167052 1706.682387
1367 1.078291 1707.760678
1368 1.213663 1708.974341
1369 1.055866 1710.030207
1370 1.051453 1711.081660
1371 2.100374 1713.182034
1372 1.055424 1714.237458
1373 1.881414 1716.118872
1374 4.883006 1721.001878
1375 1.011267 1722.013145
1376 1.630073 1723.643218
1377 2.315156 1725.958374
1378 1.228669 1727.187043
1379 1.043685 1728.230728
1380 2.742635 1730.973363
1381 1.231735 1732.205098
1382 1.921507 1734.126605
1383 1.021465 1735.148070
1384 1.001625 1736.149695
1385 1.832793 1737.982488
1386 2.551751 1740.534239
1387 1.792960 1742.327199
1388 1.060426 1743.387625
1389 1.074311 1744.461936
1390 4.953233 1749.415169
1391 1.132725 1750.547894
1392 1.051549 1751.599443
1393 1.645015 1753.244458
1394 1.064674 1754.309132
1395 1.620039 1755.929171
1396 1.129536 1757.058707
1397 1.096934 1758.155641
1398 1.875053 1760.030694
1399 2.008272 1762.038966
1400 1.055323 1763.094289
1401 1.078451 1764.172740
1402 1.227988 1765.400728
1403 3.619283 1769.020011
1404 1.395947 1770.415958
1405 1.073116 1771.489074
1406 1.065264 1772.554338
1407 1.064600 1773.618938
1408 1.641227 1775.260165
1409 1.589923 1776.850088
1410 1.373689 1778.223777
1411 1.072966 1779.296743
1412 1.073612 1780.370355
1413 1.633766 1782.004121
1414 1.114921 1783.119042
1415 1.064695 1784.183737
1416 1.102622 1785.286359
1417 2.166653 1787.453012
1418 1.056646 1788.509658
1419 1.289770 1789.799428
1420 1.092702 1790.892130
1421 1.102557 1791.994687
1422 1.065648 1793.060335
1423 1.821874 1794.882209
1424 2.613630 1797.495839
1425 1.009215 1798.505054
1426 1.498741 1800.003795
1427 1.089037 1801.092832
1428 1.094637 1802.187469
1429 1.261186 1803.448655
1430 2.722312 1806.170967
1431 2.131665 1808.302632
1432 4.332404 1812.635036
1433 1.106587 1813.741623
1434 1.098203 1814.839826
1435 1.128791 1815.968617
1436 1.544336 1817.512953
1437 1.080099 1818.593052
1438 2.090647 1820.683699
1439 2.011366 1822.695065
1440 1.750950 1824.446015
1441 1.172916 1825.618931
1442 1.714063 1827.332994
1443 1.366784 1828.699778
1444 1.295594 1829.995372
1445 1.809905 1831.805277
1446 2.607002 1834.412279
1447 1.913828 1836.326107
1448 1.311297 1837.637404
1449 1.412839 1839.050243
1450 2.294246 1841.344489
1451 1.378597 1842.723086
1452 1.026435 1843.749521
1453 1.065670 1844.815191
1454 2.028156 1846.843347
1455 1.119165 1847.962512
1456 1.118736 1849.081248
1457 1.077812 1850.159060
1458 1.198490 1851.357550
1459 1.212738 1852.570288
1460 2.161885 1854.732173
1461 1.159875 1855.892048
1462 1.170147 1857.062195
1463 1.080100 1858.142295
1464 1.238558 1859.380853
1465 1.079858 1860.460711
1466 1.706336 1862.167047
1467 1.555507 1863.722554
1468 1.274706 1864.997260
1469 3.163575 1868.160835
1470 1.075118 1869.235953
1471 1.091025 1870.326978
1472 1.174189 1871.501167
1473 1.265998 1872.767165
1474 2.268307 1875.035472
1475 1.079500 1876.114972
1476 3.109037 1879.224009
1477 1.269341 1880.493350
1478 1.189121 1881.682471
1479 1.289568 1882.972039
1480 2.554678 1885.526717
1481 2.924086 1888.450803
1482 2.458762 1890.909565
1483 1.494454 1892.404019
1484 1.363846 1893.767865
1485 1.035008 1894.802873
1486 1.095138 1895.898011
1487 1.089596 1896.987607
1488 1.327240 1898.314847
1489 1.143574 1899.458421
1490 1.057777 1900.516198
1491 1.556331 1902.072529
1492 2.591965 1904.664494
1493 2.449046 1907.113540
1494 1.404463 1908.518003
1495 1.103828 1909.621831
1496 1.192606 1910.814437
1497 3.200589 1914.015026
1498 1.287254 1915.302280
1499 1.605217 1916.907497
1500 2.690591 1919.598088
1501 4.963052 1924.561140
1502 1.108978 1925.670118
1503 1.062023 1926.732141
1504 1.287907 1928.020048
1505 1.601876 1929.621924
1506 1.128500 1930.750424
1507 1.285451 1932.035875
1508 1.145988 1933.181863
1509 1.342327 1934.524190
1510 1.102595 1935.626785
1511 1.089391 1936.716176
1512 1.225540 1937.941716
1513 1.139622 1939.081338
1514 1.305868 1940.387206
1515 1.161780 1941.548986
1516 1.169122 1942.718108
1517 2.034991 1944.753099
1518 1.159237 1945.912336
1519 1.135611 1947.047947
1520 1.339307 1948.387254
1521 1.160248 1949.547502
1522 1.207222 1950.754724
1523 1.826567 1952.581291
1524 1.190489 1953.771780
1525 1.952158 1955.723938
1526 1.158774 1956.882712
1527 2.200137 1959.082849
1528 1.089746 1960.172595
1529 1.082859 1961.255454
1530 1.410286 1962.665740
1531 1.442590 1964.108330
1532 1.117512 1965.225842
1533 1.117979 1966.343821
1534 2.950549 1969.294370
1535 1.103027 1970.397397
1536 1.084589 1971.481986
1537 1.094863 1972.576849
1538 1.144819 1973.721668
1539 1.881451 1975.603119
1540 1.158507 1976.761626
1541 1.109979 1977.871605
1542 2.734209 1980.605814
1543 3.621628 1984.227442
1544 1.208112 1985.435554
1545 1.035570 1986.471124
1546 1.111286 1987.582410
1547 1.144980 1988.727390
1548 1.308233 1990.035623
1549 3.821481 1993.857104
1550 1.124287 1994.981391
1551 1.475801 1996.457192
1552 2.354216 1998.811408
1553 1.265403 2000.076811
1554 1.838006 2001.914817
1555 2.774905 2004.689722
1556 1.102423 2005.792145
1557 1.358323 2007.150468
1558 1.839739 2008.990207
1559 1.046307 2010.036514
1560 3.216078 2013.252592
1561 1.125412 2014.378004
1562 1.310916 2015.688920
1563 4.609142 2020.298062
1564 1.142124 2021.440186
1565 1.123462 2022.563648
1566 1.568301 2024.131949
1567 1.992797 2026.124746
1568 1.657589 2027.782335
1569 1.116806 2028.899141
1570 2.690097 2031.589238
1571 1.999850 2033.589088
1572 2.537195 2036.126283
1573 1.396545 2037.522828
1574 3.364974 2040.887802
1575 1.504413 2042.392215
1576 2.620685 2045.012900
1577 1.358078 2046.370978
1578 1.282705 2047.653683
1579 1.116161 2048.769844
1580 1.760560 2050.530404
1581 1.338973 2051.869377
1582 1.104522 2052.973899
1583 1.157337 2054.131236
1584 1.597516 2055.728752
1585 1.726045 2057.454797
1586 1.838246 2059.293043
1587 1.102999 2060.396042
1588 1.306201 2061.702243
1589 1.416892 2063.119135
1590 2.812875 2065.932010
1591 1.137648 2067.069658
1592 1.232503 2068.302161
1593 1.122363 2069.424524
1594 2.241376 2071.665900
1595 2.452315 2074.118215
1596 1.103089 2075.221304
1597 1.633668 2076.854972
1598 1.230205 2078.085177
1599 2.216960 2080.302137
1600 1.414729 2081.716866
1601 1.126466 2082.843332
1602 2.073188 2084.916520
1603 1.144783 2086.061303
1604 1.114867 2087.176170
1605 1.121313 2088.297483
1606 1.200758 2089.498241
1607 1.065875 2090.564116
1608 1.568559 2092.132675
1609 1.401696 2093.534371
1610 1.681750 2095.216121
1611 1.845570 2097.061691
1612 1.056464 2098.118155
1613 1.071723 2099.189878
1614 1.109569 2100.299447
1615 1.598537 2101.897984
1616 1.492109 2103.390093
1617 1.113518 2104.503611
1618 1.266693 2105.770304
1619 1.104574 2106.874878
1620 2.027083 2108.901961
1621 1.622949 2110.524910
1622 1.266927 2111.791837
1623 1.972435 2113.764272
1624 1.120613 2114.884885
1625 1.235954 2116.120839
1626 2.067553 2118.188392
1627 1.404005 2119.592397
1628 1.712337 2121.304734
1629 1.123076 2122.427810
1630 1.105151 2123.532961
1631 1.198950 2124.731911
1632 2.009526 2126.741437
1633 1.574885 2128.316322
1634 1.785992 2130.102314
1635 1.117811 2131.220125
1636 2.916756 2134.136881
1637 1.221491 2135.358372
1638 1.262087 2136.620459
1639 3.756241 2140.376700
1640 1.572614 2141.949314
1641 1.138612 2143.087926
1642 1.126836 2144.214762
1643 1.156406 2145.371168
1644 1.339577 2146.710745
1645 1.473851 2148.184596
1646 1.843376 2150.027972
1647 1.118230 2151.146202
1648 1.443174 2152.589376
1649 2.773037 2155.362413
1650 2.018639 2157.381052
1651 2.229390 2159.610442
1652 2.130109 2161.740551
1653 2.338867 2164.079418
1654 1.391208 2165.470626
1655 1.511616 2166.982242
1656 1.120558 2168.102800
1657 1.610245 2169.713045
1658 2.350506 2172.063551
1659 1.122953 2173.186504
1660 1.118911 2174.305415
1661 1.112955 2175.418370
1662 1.159606 2176.577976
1663 1.060773 2177.638749
1664 2.289939 2179.928688
1665 3.645717 2183.574405
1666 1.067288 2184.641693
1667 1.293627 2185.935320
1668 1.114252 2187.049572
1669 1.146282 2188.195854
1670 1.091227 2189.287081
1671 1.254719 2190.541800
1672 4.642792 2195.184592
1673 1.319497 2196.504089
1674 1.256686 2197.760775
1675 1.938152 2199.698927
1676 1.610139 2201.309066
1677 1.343638 2202.652704
1678 1.125087 2203.777791
1679 1.412590 2205.190381
1680 2.488034 2207.678415
1681 1.075484 2208.753899
1682 1.113855 2209.867754
1683 1.259971 2211.127725
1684 1.070715 2212.198440
1685 1.458586 2213.657026
1686 1.463122 2215.120148
1687 1.220220 2216.340368
1688 1.247202 2217.587570
1689 4.367708 2221.955278
1690 2.347227 2224.302505
1691 1.224752 2225.527257
1692 2.004564 2227.531821
1693 1.816137 2229.347958
1694 1.095604 2230.443562
1695 1.200548 2231.644110
1696 1.167541 2232.811651
1697 1.900043 2234.711694
1698 1.107189 2235.818883
1699 1.216770 2237.035653
1700 1.293459 2238.329112
1701 2.355525 2240.684637
1702 1.907778 2242.592415
1703 1.254243 2243.846658
1704 1.872817 2245.719475
1705 1.809992 2247.529467
1706 1.406437 2248.935904
1707 1.259518 2250.195422
1708 1.269478 2251.464900
1709 1.342250 2252.807150
1710 1.398709 2254.205859
1711 1.330695 2255.536554
1712 1.258067 2256.794621
1713 1.186500 2257.981121
1714 4.506074 2262.487195
1715 1.177490 2263.664685
1716 1.936522 2265.601207
1717 1.307074 2266.908281
1718 2.183812 2269.092093
1719 1.658774 2270.750867
1720 1.859648 2272.610515
1721 1.155870 2273.766385
1722 1.703743 2275.470128
1723 1.173430 2276.643558
1724 2.202569 2278.846127
1725 1.810163 2280.656290
1726 1.156239 2281.812529
1727 1.307378 2283.119907
1728 1.671415 2284.791322
1729 1.519828 2286.311150
1730 1.147975 2287.459125
1731 1.262917 2288.722042
1732 1.584739 2290.306781
1733 1.938906 2292.245687
1734 1.276841 2293.522528
1735 1.692933 2295.215461
1736 1.277507 2296.492968
1737 1.165334 2297.658302
1738 1.128695 2298.786997
1739 1.125697 2299.912694
1740 1.948929 2301.861623
1741 1.352483 2303.214106
1742 1.081595 2304.295701
1743 1.215852 2305.511553
1744 1.131822 2306.643375
1745 1.338830 2307.982205
1746 1.251805 2309.234010
1747 1.235459 2310.469469
1748 1.088269 2311.557738
1749 1.121715 2312.679453
1750 1.228016 2313.907469
1751 2.750687 2316.658156
1752 1.141028 2317.799184
1753 1.324181 2319.123365
1754 1.131469 2320.254834
1755 1.231936 2321.486770
1756 1.596773 2323.083543
1757 1.135844 2324.219387
1758 2.655710 2326.875097
1759 2.366062 2329.241159
1760 1.789003 2331.030162
1761 1.278909 2332.309071
1762 1.222508 2333.531579
1763 1.725326 2335.256905
1764 1.213341 2336.470246
1765 1.241855 2337.712101
1766 1.247077 2338.959178
1767 1.972395 2340.931573
1768 2.591419 2343.522992
1769 1.989811 2345.512803
1770 1.144232 2346.657035
1771 1.144751 2347.801786
1772 1.200700 2349.002486
1773 1.739387 2350.741873
1774 1.189077 2351.930950
1775 1.169618 2353.100568
1776 1.276748 2354.377316
1777 2.623813 2357.001129
1778 1.357251 2358.358380
1779 1.461110 2359.819490
1780 1.592311 2361.411801
1781 1.481784 2362.893585
1782 1.323491 2364.217076
1783 1.385690 2365.602766
1784 2.333529 2367.936295
1785 5.492948 2373.429243
1786 2.201577 2375.630820
1787 1.114688 2376.745508
1788 1.245481 2377.990989
1789 2.408866 2380.399855
1790 1.432002 2381.831857
1791 1.271151 2383.103008
1792 1.211891 2384.314899
1793 1.305209 2385.620108
1794 1.420465 2387.040573
1795 1.300595 2388.341168
1796 1.261571 2389.602739
1797 1.074330 2390.677069
1798 1.215896 2391.892965
1799 1.580929 2393.473894
1800 1.739149 2395.213043
1801 1.089816 2396.302859
1802 1.134404 2397.437263
1803 1.660640 2399.097903
1804 1.144582 2400.242485
1805 1.175557 2401.418042
1806 1.652419 2403.070461
1807 1.610834 2404.681295
1808 1.500761 2406.182056
1809 1.481533 2407.663589
1810 2.204686 2409.868275
1811 1.514360 2411.382635
1812 1.423078 2412.805713
1813 2.073147 2414.878860
1814 1.389432 2416.268292
1815 1.324778 2417.593070
1816 1.028427 2418.621497
1817 1.392101 2420.013598
1818 1.306486 2421.320084
1819 1.325398 2422.645482
1820 1.426717 2424.072199
1821 1.453475 2425.525674
1822 1.194380 2426.720054
1823 2.274261 2428.994315
1824 1.355902 2430.350217
1825 1.084262 2431.434479
1826 1.751160 2433.185639
1827 1.606419 2434.792058
1828 1.145339 2435.937397
1829 1.436328 2437.373725
1830 1.531828 2438.905553
1831 1.618429 2440.523982
1832 1.179886 2441.703868
1833 1.189124 2442.892992
1834 1.381731 2444.274723
1835 1.804137 2446.078860
1836 1.268640 2447.347500
1837 1.548814 2448.896314
1838 1.307398 2450.203712
1839 1.148576 2451.352288
1840 1.149406 2452.501694
1841 1.773532 2454.275226
1842 1.914517 2456.189743
1843 1.166878 2457.356621
1844 1.353948 2458.710569
1845 1.152601 2459.863170
1846 1.150059 2461.013229
1847 1.151218 2462.164447
1848 1.247331 2463.411778
1849 2.178391 2465.590169
1850 1.481008 2467.071177
1851 1.164934 2468.236111
1852 1.561119 2469.797230
1853 2.313218 2472.110448
1854 1.322279 2473.432727
1855 1.169930 2474.602657
1856 1.952825 2476.555482
1857 2.208653 2478.764135
1858 1.560254 2480.324389
1859 1.769434 2482.093823
1860 1.866104 2483.959927
1861 2.820008 2486.779935
1862 1.684565 2488.464500
1863 1.263569 2489.728069
1864 1.221379 2490.949448
1865 1.310908 2492.260356
1866 1.288239 2493.548595
1867 1.150136 2494.698731
1868 1.175480 2495.874211
1869 1.552784 2497.426995
1870 3.896179 2501.323174
1871 1.421567 2502.744741
1872 1.794085 2504.538826
1873 1.154517 2505.693343
1874 1.720902 2507.414245
1875 1.273974 2508.688219
1876 1.083516 2509.771735
1877 2.197411 2511.969146
1878 1.289808 2513.258954
1879 1.298989 2514.557943
1880 1.843672 2516.401615
1881 2.414127 2518.815742
1882 1.550011 2520.365753
1883 3.358489 2523.724242
1884 1.166421 2524.890663
1885 1.206947 2526.097610
1886 1.494058 2527.591668
1887 1.526991 2529.118659
1888 1.893600 2531.012259
1889 1.906790 2532.919049
1890 1.191465 2534.110514
1891 1.490232 2535.600746
1892 1.164113 2536.764859
1893 1.730432 2538.495291
1894 1.214831 2539.710122
1895 1.145607 2540.855729
1896 1.388686 2542.244415
1897 1.152544 2543.396959
1898 3.098388 2546.495347
1899 1.214407 2547.709754
1900 1.229501 2548.939255
1901 1.140380 2550.079635
1902 1.175403 2551.255038
1903 1.457818 2552.712856
1904 1.872729 2554.585585
1905 1.301696 2555.887281
1906 2.023706 2557.910987
1907 1.743497 2559.654484
1908 1.125352 2560.779836
1909 1.977434 2562.757270
1910 2.250370 2565.007640
1911 1.458709 2566.466349
1912 5.720504 2572.186853
1913 1.171535 2573.358388
1914 1.182614 2574.541002
1915 1.184121 2575.725123
1916 1.597226 2577.322349
1917 1.244984 2578.567333
1918 1.663047 2580.230380
1919 1.165804 2581.396184
1920 1.436862 2582.833046
1921 1.584155 2584.417201
1922 1.245296 2585.662497
1923 2.825084 2588.487581
1924 2.428295 2590.915876
1925 1.486623 2592.402499
1926 1.269311 2593.671810
1927 1.258507 2594.930317
1928 2.584145 2597.514462
1929 1.758001 2599.272463
1930 1.381668 2600.654131
1931 1.103251 2601.757382
1932 1.159014 2602.916396
1933 1.681280 2604.597676
1934 1.290673 2605.888349
1935 1.341092 2607.229441
1936 1.967001 2609.196442
1937 1.268649 2610.465091
1938 1.530837 2611.995928
1939 1.414897 2613.410825
1940 1.774717 2615.185542
1941 2.894754 2618.080296
1942 4.116732 2622.197028
1943 1.175573 2623.372601
1944 1.240120 2624.612721
1945 1.169336 2625.782057
1946 2.761802 2628.543859
1947 1.874903 2630.418762
1948 1.578540 2631.997302
1949 1.643362 2633.640664
1950 1.142041 2634.782705
1951 1.307956 2636.090661
1952 1.468229 2637.558890
1953 3.140987 2640.699877
1954 1.210482 2641.910359
1955 1.391551 2643.301910
1956 1.412037 2644.713947
1957 1.975941 2646.689888
1958 1.201544 2647.891432
1959 1.739707 2649.631139
1960 1.149863 2650.781002
1961 1.430461 2652.211463
1962 2.019716 2654.231179
1963 1.208000 2655.439179
1964 1.196308 2656.635487
1965 1.214040 2657.849527
1966 1.741526 2659.591053
1967 1.182385 2660.773438
1968 1.172849 2661.946287
1969 1.288907 2663.235194
1970 1.559232 2664.794426
1971 2.038242 2666.832668
1972 1.415189 2668.247857
1973 1.186958 2669.434815
1974 1.416365 2670.851180
1975 1.285228 2672.136408
1976 2.180603 2674.317011
1977 1.748192 2676.065203
1978 1.288819 2677.354022
1979 1.188181 2678.542203
1980 1.490167 2680.032370
1981 1.231709 2681.264079
1982 2.551479 2683.815558
1983 2.073897 2685.889455
1984 1.553656 2687.443111
1985 1.194623 2688.637734
1986 1.691198 2690.328932
1987 1.826945 2692.155877
1988 1.189714 2693.345591
1989 1.670902 2695.016493
1990 1.184507 2696.201000
1991 1.703196 2697.904196
1992 1.122644 2699.026840
1993 1.195829 2700.222669
1994 1.212609 2701.435278
1995 1.365288 2702.800566
1996 2.339824 2705.140390
1997 2.479641 2707.620031
1998 1.320055 2708.940086
1999 1.406450 2710.346536
2000 1.322852 2711.669388
2001 1.214018 2712.883406
2002 1.237559 2714.120965
2003 2.687885 2716.808850
2004 1.194483 2718.003333
2005 1.257538 2719.260871
2006 1.639123 2720.899994
2007 1.448670 2722.348664
2008 1.199390 2723.548054
2009 1.287360 2724.835414
2010 2.601351 2727.436765
2011 1.208852 2728.645617
2012 2.578720 2731.224337
2013 1.550838 2732.775175
2014 2.935411 2735.710586
2015 1.212680 2736.923266
2016 1.437278 2738.360544
2017 1.231472 2739.592016
2018 1.343120 2740.935136
2019 1.289121 2742.224257
2020 2.147778 2744.372035
2021 1.677562 2746.049597
2022 1.744269 2747.793866
2023 1.189125 2748.982991
2024 2.902697 2751.885688
2025 1.770103 2753.655791
2026 1.185094 2754.840885
2027 1.495872 2756.336757
2028 1.748841 2758.085598
2029 1.511092 2759.596690
2030 1.197474 2760.794164
2031 1.301653 2762.095817
2032 1.254645 2763.350462
2033 1.769297 2765.119759
2034 4.747294 2769.867053
2035 1.463490 2771.330543
2036 1.439005 2772.769548
2037 2.566368 2775.335916
2038 2.940325 2778.276241
2039 1.196301 2779.472542
2040 1.192489 2780.665031
2041 1.721393 2782.386424
2042 2.208024 2784.594448
2043 1.682757 2786.277205
2044 1.373844 2787.651049
2045 1.233718 2788.884767
2046 1.434612 2790.319379
2047 1.774845 2792.094224
2048 3.670305 2795.764529
2049 1.190092 2796.954621
2050 1.300274 2798.254895
2051 2.192238 2800.447133
2052 1.948063 2802.395196
2053 1.401459 2803.796655
2054 2.267288 2806.063943
2055 1.214819 2807.278762
2056 2.726100 2810.004862
2057 1.342247 2811.347109
2058 1.622876 2812.969985
2059 1.212494 2814.182479
2060 1.368281 2815.550760
2061 1.205771 2816.756531
2062 1.329292 2818.085823
2063 2.343245 2820.429068
2064 3.493574 2823.922642
2065 1.304223 2825.226865
2066 1.208819 2826.435684
2067 2.060554 2828.496238
2068 2.978421 2831.474659
2069 1.122793 2832.597452
2070 1.127531 2833.724983
2071 1.188336 2834.913319
2072 1.247017 2836.160336
2073 1.217074 2837.377410
2074 1.337349 2838.714759
2075 1.713915 2840.428674
2076 1.285688 2841.714362
2077 1.186803 2842.901165
2078 1.378953 2844.280118
2079 1.332081 2845.612199
2080 1.139252 2846.751451
2081 1.345407 2848.096858
2082 1.213245 2849.310103
2083 1.185436 2850.495539
2084 1.769820 2852.265359
2085 1.255577 2853.520936
2086 1.992080 2855.513016
2087 2.267071 2857.780087
2088 1.240082 2859.020169
2089 1.882601 2860.902770
2090 1.744249 2862.647019
2091 2.814214 2865.461233
2092 2.335193 2867.796426
2093 1.221599 2869.018025
2094 2.161266 2871.179291
2095 1.298364 2872.477655
2096 2.961605 2875.439260
2097 1.524339 2876.963599
2098 1.659131 2878.622730
2099 1.357506 2879.980236
2100 1.223355 2881.203591
2101 1.823421 2883.027012
2102 1.219838 2884.246850
2103 4.290917 2888.537767
2104 1.203716 2889.741483
2105 1.195389 2890.936872
2106 1.387937 2892.324809
2107 1.277771 2893.602580
2108 1.194500 2894.797080
2109 4.522915 2899.319995
2110 1.329307 2900.649302
2111 1.310778 2901.960080
2112 1.825648 2903.785728
2113 1.160199 2904.945927
2114 3.458781 2908.404708
2115 1.650971 2910.055679
2116 1.205957 2911.261636
2117 1.482582 2912.744218
2118 3.199743 2915.943961
2119 3.129344 2919.073305
2120 6.356902 2925.430207
2121 1.341394 2926.771601
2122 3.025554 2929.797155
2123 1.612040 2931.409195
2124 1.208692 2932.617887
2125 2.260229 2934.878116
2126 1.199684 2936.077800
2127 1.500175 2937.577975
2128 3.528871 2941.106846
2129 2.893098 2943.999944
2130 1.269762 2945.269706
2131 1.370746 2946.640452
2132 1.238310 2947.878762
2133 1.411047 2949.289809
2134 2.188515 2951.478324
2135 2.766633 2954.244957
2136 2.150881 2956.395838
2137 1.924111 2958.319949
2138 1.855508 2960.175457
2139 1.612861 2961.788318
2140 1.633218 2963.421536
2141 2.206165 2965.627701
2142 2.649396 2968.277097
2143 2.265158 2970.542255
2144 1.244989 2971.787244
2145 1.451581 2973.238825
2146 1.256232 2974.495057
2147 1.400433 2975.895490
2148 1.223108 2977.118598
2149 1.466822 2978.585420
2150 1.236634 2979.822054
2151 1.323076 2981.145130
2152 1.325808 2982.470938
2153 2.053798 2984.524736
2154 1.312405 2985.837141
2155 3.252365 2989.089506
2156 1.177046 2990.266552
2157 1.723276 2991.989828
2158 1.375945 2993.365773
2159 1.326844 2994.692617
2160 1.946348 2996.638965
2161 1.220849 2997.859814
2162 1.177578 2999.037392
2163 1.338872 3000.376264
2164 1.468462 3001.844726
2165 1.489137 3003.333863
2166 1.936613 3005.270476
2167 2.027954 3007.298430
2168 1.219699 3008.518129
2169 3.007581 3011.525710
2170 1.479921 3013.005631
2171 1.156560 3014.162191
2172 2.626570 3016.788761
2173 1.896829 3018.685590
2174 2.366292 3021.051882
2175 2.151304 3023.203186
2176 1.255541 3024.458727
2177 1.830615 3026.289342
2178 1.291181 3027.580523
2179 1.502324 3029.082847
2180 2.407046 3031.489893
2181 2.487214 3033.977107
2182 1.238025 3035.215132
2183 3.045255 3038.260387
2184 1.514091 3039.774478
2185 3.859631 3043.634109
2186 1.262396 3044.896505
2187 1.470669 3046.367174
2188 3.351330 3049.718504
2189 1.222435 3050.940939
2190 1.477708 3052.418647
2191 2.299542 3054.718189
2192 1.221529 3055.939718
2193 1.147252 3057.086970
2194 1.220156 3058.307126
2195 1.323348 3059.630474
2196 1.320636 3060.951110
2197 1.229768 3062.180878
2198 1.218158 3063.399036
2199 1.367647 3064.766683
2200 1.266763 3066.033446
2201 2.957770 3068.991216
2202 2.783867 3071.775083
2203 1.602649 3073.377732
2204 1.223845 3074.601577
2205 1.239215 3075.840792
2206 1.333461 3077.174253
2207 2.035021 3079.209274
2208 2.453645 3081.662919
2209 1.246295 3082.909214
2210 2.703927 3085.613141
2211 1.260434 3086.873575
2212 2.317916 3089.191491
2213 1.623519 3090.815010
2214 1.195758 3092.010768
2215 2.050784 3094.061552
2216 1.152696 3095.214248
2217 1.352679 3096.566927
2218 1.284713 3097.851640
2219 1.327527 3099.179167
2220 1.391614 3100.570781
2221 2.342487 3102.913268
2222 1.717521 3104.630789
2223 1.756399 3106.387188
2224 2.869652 3109.256840
2225 2.085773 3111.342613
2226 1.464658 3112.807271
2227 1.890274 3114.697545
2228 2.937881 3117.635426
2229 6.378897 3124.014323
2230 2.233986 3126.248309
2231 1.537024 3127.785333
2232 3.886667 3131.672000
2233 1.250155 3132.922155
2234 1.434638 3134.356793
2235 2.109241 3136.466034
2236 2.146995 3138.613029
2237 1.244543 3139.857572
2238 1.236984 3141.094556
2239 1.528102 3142.622658
2240 2.207369 3144.830027
2241 1.413840 3146.243867
2242 1.232503 3147.476370
2243 1.411367 3148.887737
2244 2.795617 3151.683354
2245 1.297524 3152.980878
2246 2.771305 3155.752183
2247 1.676162 3157.428345
2248 1.821520 3159.249865
2249 2.469368 3161.719233
2250 1.283867 3163.003100
2251 2.985017 3165.988117
2252 1.246158 3167.234275
2253 1.242821 3168.477096
2254 1.431908 3169.909004
2255 1.549402 3171.458406
2256 1.227588 3172.685994
2257 1.283686 3173.969680
2258 2.989568 3176.959248
2259 1.359877 3178.319125
2260 1.173798 3179.492923
2261 1.322386 3180.815309
2262 1.565683 3182.380992
2263 1.931944 3184.312936
2264 1.738889 3186.051825
2265 4.895722 3190.947547
2266 1.673315 3192.620862
2267 1.924120 3194.544982
2268 1.597384 3196.142366
2269 1.251020 3197.393386
2270 1.723674 3199.117060
2271 1.320119 3200.437179
2272 1.354154 3201.791333
2273 1.330341 3203.121674
2274 1.244089 3204.365763
2275 1.511009 3205.876772
2276 1.286265 3207.163037
2277 1.417992 3208.581029
2278 1.230092 3209.811121
2279 1.247440 3211.058561
2280 1.622766 3212.681327
2281 1.395747 3214.077074
2282 1.240267 3215.317341
2283 1.923674 3217.241015
2284 1.845708 3219.086723
2285 1.378641 3220.465364
2286 1.405714 3221.871078
2287 5.164213 3227.035291
2288 3.433049 3230.468340
2289 4.194525 3234.662865
2290 1.255865 3235.918730
2291 1.240761 3237.159491
2292 2.258403 3239.417894
2293 1.183544 3240.601438
2294 1.277868 3241.879306
2295 1.464623 3243.343929
2296 3.760274 3247.104203
2297 5.415530 3252.519733
2298 1.461550 3253.981283
2299 1.264123 3255.245406
2300 1.253587 3256.498993
2301 1.952443 3258.451436
2302 1.170747 3259.622183
2303 2.157855 3261.780038
2304 1.781851 3263.561889
2305 1.262148 3264.824037
2306 1.252209 3266.076246
2307 2.500015 3268.576261
2308 1.522731 3270.098992
2309 1.867938 3271.966930
2310 6.922948 3278.889878
2311 2.362431 3281.252309
2312 1.292622 3282.544931
2313 1.411673 3283.956604
2314 1.336346 3285.292950
2315 1.330311 3286.623261
2316 1.431493 3288.054754
2317 1.429005 3289.483759
2318 2.972060 3292.455819
2319 1.558739 3294.014558
2320 1.191681 3295.206239
2321 1.394915 3296.601154
2322 1.288809 3297.889963
2323 1.481918 3299.371881
2324 2.581441 3301.953322
2325 1.372742 3303.326064
2326 4.552825 3307.878889
2327 2.276019 3310.154908
2328 2.782045 3312.936953
2329 2.865838 3315.802791
2330 1.267149 3317.069940
2331 1.264132 3318.334072
2332 1.958418 3320.292490
2333 1.910348 3322.202838
2334 1.461743 3323.664581
2335 1.290251 3324.954832
2336 1.475488 3326.430320
2337 1.304601 3327.734921
2338 2.672212 3330.407133
2339 1.624580 3332.031713
2340 1.279603 3333.311316
2341 1.399126 3334.710442
2342 1.340026 3336.050468
2343 1.273847 3337.324315
2344 1.378095 3338.702410
2345 1.291537 3339.993947
2346 1.686333 3341.680280
2347 1.653451 3343.333731
2348 1.715039 3345.048770
2349 1.854475 3346.903245
2350 4.713939 3351.617184
2351 1.519915 3353.137099
2352 1.294528 3354.431627
2353 1.433454 3355.865081
2354 1.323556 3357.188637
2355 1.463627 3358.652264
2356 1.392418 3360.044682
2357 1.202513 3361.247195
2358 1.470323 3362.717518
2359 4.577844 3367.295362
2360 1.270724 3368.566086
2361 1.870495 3370.436581
2362 1.426840 3371.863421
2363 1.262983 3373.126404
2364 3.322815 3376.449219
2365 1.647063 3378.096282
2366 4.545435 3382.641717
2367 1.829168 3384.470885
2368 1.283137 3385.754022
2369 1.571900 3387.325922
2370 1.597037 3388.922959
2371 1.274150 3390.197109
2372 1.329131 3391.526240
2373 1.361296 3392.887536
2374 1.654367 3394.541903
2375 1.392208 3395.934111
2376 4.463892 3400.398003
2377 1.320215 3401.718218
2378 1.413166 3403.131384
2379 2.170414 3405.301798
2380 1.199144 3406.500942
2381 1.269426 3407.770368
2382 1.285967 3409.056335
2383 3.124553 3412.180888
2384 1.321409 3413.502297
2385 1.641405 3415.143702
2386 1.981332 3417.125034
2387 2.371197 3419.496231
2388 1.449601 3420.945832
2389 1.901131 3422.846963
2390 1.358176 3424.205139
2391 1.273900 3425.479039
2392 3.011699 3428.490738
2393 1.972603 3430.463341
2394 2.414398 3432.877739
2395 2.001190 3434.878929
2396 2.484831 3437.363760
2397 1.321123 3438.684883
2398 1.859887 3440.544770
2399 1.282125 3441.826895
2400 1.592298 3443.419193
2401 1.344004 3444.763197
2402 1.709438 3446.472635
2403 1.991827 3448.464462
2404 5.709376 3454.173838
2405 1.806318 3455.980156
2406 1.554497 3457.534653
2407 1.283397 3458.818050
2408 1.273446 3460.091496
2409 1.596148 3461.687644
2410 1.370783 3463.058427
2411 1.275617 3464.334044
2412 1.594443 3465.928487
2413 1.274613 3467.203100
2414 1.425395 3468.628495
2415 5.081971 3473.710466
2416 4.133818 3477.844284
2417 1.690692 3479.534976
2418 1.602458 3481.137434
2419 1.558063 3482.695497
2420 2.123867 3484.819364
2421 1.617857 3486.437221
2422 1.802869 3488.240090
2423 2.033676 3490.273766
2424 1.813072 3492.086838
2425 1.763529 3493.850367
2426 2.297888 3496.148255
2427 1.812250 3497.960505
2428 1.534730 3499.495235
2429 1.309783 3500.805018
2430 1.485405 3502.290423
2431 1.521312 3503.811735
2432 2.422377 3506.234112
2433 3.146199 3509.380311
2434 2.071649 3511.451960
2435 3.552489 3515.004449
2436 1.645532 3516.649981
2437 1.398261 3518.048242
2438 2.637131 3520.685373
2439 3.592669 3524.278042
2440 1.298025 3525.576067
2441 1.283062 3526.859129
2442 1.306341 3528.165470
2443 1.445390 3529.610860
2444 1.397282 3531.008142
2445 1.368560 3532.376702
2446 2.428215 3534.804917
2447 2.862880 3537.667797
2448 2.010541 3539.678338
2449 2.453129 3542.131467
2450 1.502591 3543.634058
2451 3.169594 3546.803652
2452 1.496002 3548.299654
2453 1.307632 3549.607286
2454 1.297380 3550.904666
2455 1.284929 3552.189595
2456 1.406710 3553.596305
2457 2.755112 3556.351417
2458 1.419454 3557.770871
2459 1.290607 3559.061478
2460 1.361889 3560.423367
2461 1.202854 3561.626221
2462 1.794303 3563.420524
2463 2.036979 3565.457503
2464 1.529646 3566.987149
2465 1.219567 3568.206716
2466 1.322363 3569.529079
2467 2.047173 3571.576252
2468 1.227321 3572.803573
2469 1.363140 3574.166713
2470 4.561232 3578.727945
2471 2.146355 3580.874300
2472 3.808082 3584.682382
2473 3.989367 3588.671749
2474 1.558301 3590.230050
2475 2.025086 3592.255136
2476 1.340838 3593.595974
2477 1.653829 3595.249803
2478 1.480008 3596.729811
2479 1.751487 3598.481298
