# instance vn2_3.1.vn_to_tree_2000.20.pn
# Settings: Namespace(PN='../../../instances/fmcad/in_json/tree_2000.20.pn', VDC='../../../instances/fmcad/in_json/vn2_3.1.vn', affinity=True, affinity_soft=True, allow_virtual_switches_in_switches=True, anti_affinity=True, assert_all_physical_edges=True, binary_search=True, bitblast_addition=False, bitblast_addition_shadow=False, conflict_limit=0, debug=False, decide_opt_lits=True, directed_links=False, flush_pb_theory=True, force_virtual_switches=False, ignore_ram_constraints=False, ignore_storage_constraints=False, intrinsic_edge_constraints=False, intrinsic_edge_sets=True, logfile=None, min_cores=False, min_servers=False, opt_conflict_limit=0, opt_time_limit=-1, popcount='BV', refine_flow=True, remove_all_flow_cycles=False, remove_common_bandwidth_factor=True, remove_flow_cycles=False, remove_flow_cycles_python=False, rnd_theory_freq=0.99, rnd_theory_order=False, separate_reach_constraints=False, static_flow_caps=True, theory_order_vsids=True, timelog='timelogs/fmcad13_vdcmapper_intrinsic-edge-sets-no-rnd-theory-order-theory-order-vsids-rnd-theory-freq-0-99_datacentertree_2000.20.pn_instance_vn2_3.1.vn.log', tree_addition=True, use_cover_for_refinement=True, use_min_cost_max_flow=False, vsids_balance=1, vsids_both=True)
init 8.788556 8.788556
1 1.143476 9.932032
2 0.638794 10.570826
3 0.622683 11.193509
4 0.662532 11.856041
5 0.633485 12.489526
6 0.656082 13.145608
7 0.636921 13.782529
8 0.649830 14.432359
9 0.630648 15.063007
10 0.679721 15.742728
11 0.588532 16.331260
12 0.596529 16.927789
13 0.647907 17.575696
14 0.857998 18.433694
15 0.603539 19.037233
16 0.690182 19.727415
17 0.588758 20.316173
18 0.616664 20.932837
19 0.611523 21.544360
20 0.618709 22.163069
21 0.679596 22.842665
22 0.637314 23.479979
23 0.612072 24.092051
24 0.642024 24.734075
25 0.583153 25.317228
26 0.608673 25.925901
27 0.591342 26.517243
28 0.736628 27.253871
29 0.590609 27.844480
30 0.650847 28.495327
31 0.612551 29.107878
32 0.885458 29.993336
33 0.607032 30.600368
34 0.614542 31.214910
35 0.597848 31.812758
36 0.657001 32.469759
37 0.619034 33.088793
38 0.620208 33.709001
39 0.600629 34.309630
40 0.609172 34.918802
41 0.586276 35.505078
42 0.618690 36.123768
43 0.599999 36.723767
44 0.625171 37.348938
45 0.584070 37.933008
46 0.609279 38.542287
47 0.592205 39.134492
48 0.614572 39.749064
49 0.600200 40.349264
50 0.611851 40.961115
51 0.587459 41.548574
52 0.614117 42.162691
53 0.945073 43.107764
54 0.651317 43.759081
55 0.584830 44.343911
56 0.611730 44.955641
57 0.667099 45.622740
58 0.603819 46.226559
59 0.655588 46.882147
60 0.713069 47.595216
61 0.595260 48.190476
62 0.625365 48.815841
63 0.847339 49.663180
64 0.615508 50.278688
65 0.593325 50.872013
66 0.602769 51.474782
67 0.614465 52.089247
68 0.616030 52.705277
69 0.617363 53.322640
70 1.329595 54.652235
71 0.601162 55.253397
72 0.608550 55.861947
73 0.608892 56.470839
74 0.661323 57.132162
75 0.625394 57.757556
76 0.596776 58.354332
77 0.593078 58.947410
78 0.602797 59.550207
79 0.649062 60.199269
80 0.611997 60.811266
81 0.711679 61.522945
82 0.629639 62.152584
83 0.592224 62.744808
84 0.595178 63.339986
85 0.604520 63.944506
86 0.606267 64.550773
87 0.612104 65.162877
88 0.621007 65.783884
89 0.640482 66.424366
90 0.594238 67.018604
91 0.593844 67.612448
92 0.599461 68.211909
93 0.602804 68.814713
94 0.607140 69.421853
95 0.614913 70.036766
96 0.619812 70.656578
97 0.596703 71.253281
98 0.586091 71.839372
99 0.597700 72.437072
100 0.604813 73.041885
101 0.609549 73.651434
102 0.657064 74.308498
103 0.612407 74.920905
104 0.592114 75.513019
105 0.596923 76.109942
106 0.616743 76.726685
107 0.597631 77.324316
108 0.606051 77.930367
109 0.609228 78.539595
110 0.612454 79.152049
111 0.593866 79.745915
112 0.589855 80.335770
113 0.605007 80.940777
114 0.605005 81.545782
115 0.608694 82.154476
116 0.733656 82.888132
117 0.603733 83.491865
118 0.582406 84.074271
119 0.606549 84.680820
120 0.592895 85.273715
121 0.616431 85.890146
122 0.679366 86.569512
123 0.613299 87.182811
124 0.770636 87.953447
125 0.595094 88.548541
126 0.599431 89.147972
127 0.647603 89.795575
128 0.605316 90.400891
129 0.608603 91.009494
130 0.613989 91.623483
131 0.589301 92.212784
132 0.593376 92.806160
133 0.598242 93.404402
134 0.599264 94.003666
135 0.687974 94.691640
136 0.597669 95.289309
137 0.623473 95.912782
138 0.577637 96.490419
139 0.602249 97.092668
140 0.587472 97.680140
141 0.613647 98.293787
142 0.597827 98.891614
143 0.622055 99.513669
144 0.600097 100.113766
145 0.723627 100.837393
146 0.604750 101.442143
147 0.589999 102.032142
148 0.639753 102.671895
149 0.613041 103.284936
150 0.689165 103.974101
151 0.716955 104.691056
152 0.672034 105.363090
153 0.602250 105.965340
154 0.584273 106.549613
155 0.610985 107.160598
156 0.595846 107.756444
157 0.595417 108.351861
158 0.590870 108.942731
159 0.599239 109.541970
160 0.586970 110.128940
161 0.614296 110.743236
162 0.592313 111.335549
163 0.614020 111.949569
164 0.576406 112.525975
165 0.594722 113.120697
166 0.584077 113.704774
167 0.607918 114.312692
168 0.589631 114.902323
169 0.618205 115.520528
170 0.598779 116.119307
171 0.593471 116.712778
172 0.575872 117.288650
173 0.603301 117.891951
174 0.583579 118.475530
175 0.732619 119.208149
176 0.597267 119.805416
177 0.583312 120.388728
178 0.585381 120.974109
179 0.589037 121.563146
180 0.599966 122.163112
181 0.599793 122.762905
182 0.606532 123.369437
183 0.602752 123.972189
184 0.588704 124.560893
185 0.585452 125.146345
186 0.590837 125.737182
187 0.595942 126.333124
188 0.598726 126.931850
189 0.599166 127.531016
190 0.605907 128.136923
191 0.594221 128.731144
192 0.587411 129.318555
193 0.587143 129.905698
194 0.593480 130.499178
195 0.597014 131.096192
196 0.601984 131.698176
197 0.598428 132.296604
198 0.584296 132.880900
199 0.583476 133.464376
200 0.585782 134.050158
201 0.591007 134.641165
202 0.598945 135.240110
203 1.810608 137.050718
204 0.581799 137.632517
205 0.763856 138.396373
206 0.615942 139.012315
207 0.671120 139.683435
208 0.605108 140.288543
209 0.675450 140.963993
210 0.619124 141.583117
211 0.572601 142.155718
212 0.597917 142.753635
213 0.584511 143.338146
214 0.609730 143.947876
215 0.594837 144.542713
216 0.783859 145.326572
217 0.599115 145.925687
218 0.619278 146.544965
219 0.572079 147.117044
220 0.593496 147.710540
221 0.578494 148.289034
222 0.603253 148.892287
223 0.585194 149.477481
224 0.610990 150.088471
225 0.586943 150.675414
226 0.614023 151.289437
227 0.713065 152.002502
228 0.641163 152.643665
229 0.594443 153.238108
230 0.586850 153.824958
231 0.674154 154.499112
232 0.603210 155.102322
233 0.689121 155.791443
234 0.582748 156.374191
235 0.607939 156.982130
236 0.747972 157.730102
237 0.596639 158.326741
238 0.604969 158.931710
239 0.669970 159.601680
240 0.576549 160.178229
241 0.583767 160.761996
242 0.588342 161.350338
243 0.595117 161.945455
244 0.648190 162.593645
245 0.622056 163.215701
246 0.600496 163.816197
247 0.608191 164.424388
248 0.579325 165.003713
249 0.585293 165.589006
250 0.586838 166.175844
251 0.594244 166.770088
252 0.596452 167.366540
253 0.599273 167.965813
254 0.601577 168.567390
255 0.599061 169.166451
256 0.694489 169.860940
257 0.572167 170.433107
258 0.668838 171.101945
259 0.578280 171.680225
260 0.603722 172.283947
261 0.590425 172.874372
262 0.755330 173.629702
263 0.612682 174.242384
264 0.570695 174.813079
265 0.574932 175.388011
266 0.601096 175.989107
267 0.938330 176.927437
268 0.606957 177.534394
269 0.590659 178.125053
270 0.609625 178.734678
271 0.570023 179.304701
272 0.584835 179.889536
273 0.573232 180.462768
274 0.634949 181.097717
275 0.584143 181.681860
276 0.606755 182.288615
277 0.585229 182.873844
278 0.610589 183.484433
279 0.568516 184.052949
280 0.617948 184.670897
281 0.632036 185.302933
282 0.586579 185.889512
283 0.608909 186.498421
284 0.594469 187.092890
285 0.641515 187.734405
286 0.599453 188.333858
287 0.781245 189.115103
288 1.252166 190.367269
289 0.583626 190.950895
290 0.590602 191.541497
291 0.617373 192.158870
292 0.652404 192.811274
293 0.678492 193.489766
294 0.569780 194.059546
295 0.610969 194.670515
296 0.581153 195.251668
297 0.600699 195.852367
298 0.585457 196.437824
299 0.605239 197.043063
300 0.592812 197.635875
301 0.582968 198.218843
302 0.570294 198.789137
303 0.590597 199.379734
304 0.575968 199.955702
305 0.595178 200.550880
306 0.589484 201.140364
307 0.606006 201.746370
308 0.601955 202.348325
309 0.581171 202.929496
310 0.677212 203.606708
311 0.578660 204.185368
312 0.586128 204.771496
313 0.602381 205.373877
314 0.592782 205.966659
315 0.595418 206.562077
316 0.596059 207.158136
317 0.573735 207.731871
318 0.564579 208.296450
319 0.578418 208.874868
320 0.587138 209.462006
321 0.586754 210.048760
322 0.590331 210.639091
323 0.593607 211.232698
324 0.596990 211.829688
325 0.570808 212.400496
326 0.573002 212.973498
327 0.579481 213.552979
328 0.586474 214.139453
329 0.587709 214.727162
330 0.590676 215.317838
331 0.589948 215.907786
332 0.594301 216.502087
333 0.597392 217.099479
334 0.574139 217.673618
335 0.574146 218.247764
336 0.582482 218.830246
337 0.582475 219.412721
338 0.587681 220.000402
339 0.590271 220.590673
340 0.584412 221.175085
341 0.591203 221.766288
342 0.596492 222.362780
343 0.564631 222.927411
344 0.570497 223.497908
345 0.576214 224.074122
346 0.587005 224.661127
347 0.579781 225.240908
348 0.586529 225.827437
349 0.614714 226.442151
350 0.642475 227.084626
351 0.576785 227.661411
352 0.645527 228.306938
353 0.574512 228.881450
354 0.583727 229.465177
355 0.584231 230.049408
356 0.585845 230.635253
357 0.587058 231.222311
358 0.590003 231.812314
359 0.568112 232.380426
360 0.569908 232.950334
361 0.604405 233.554739
362 0.577530 234.132269
363 0.583023 234.715292
364 0.587955 235.303247
365 0.590010 235.893257
366 0.599315 236.492572
367 0.568363 237.060935
368 0.567900 237.628835
369 0.572056 238.200891
370 0.580574 238.781465
371 0.584143 239.365608
372 0.584345 239.949953
373 0.583097 240.533050
374 0.588927 241.121977
375 0.669084 241.791061
376 0.564589 242.355650
377 0.568920 242.924570
378 0.572058 243.496628
379 0.579531 244.076159
380 0.773996 244.850155
381 0.582577 245.432732
382 0.586727 246.019459
383 0.582371 246.601830
384 0.591062 247.192892
385 0.564132 247.757024
386 0.567187 248.324211
387 0.643763 248.967974
388 0.571931 249.539905
389 0.584053 250.123958
390 0.575149 250.699107
391 0.598997 251.298104
392 0.591528 251.889632
393 0.571251 252.460883
394 0.746493 253.207376
395 0.576790 253.784166
396 0.568254 254.352420
397 0.583396 254.935816
398 0.575481 255.511297
399 0.593351 256.104648
400 0.633550 256.738198
401 0.573252 257.311450
402 0.560552 257.872002
403 0.578790 258.450792
404 0.570286 259.021078
405 0.589181 259.610259
406 0.576307 260.186566
407 0.606122 260.792688
408 0.579306 261.371994
409 0.593094 261.965088
410 0.634583 262.599671
411 0.568803 263.168474
412 0.560748 263.729222
413 0.623195 264.352417
414 0.572163 264.924580
415 0.584931 265.509511
416 0.603441 266.112952
417 0.581518 266.694470
418 0.620603 267.315073
419 0.555471 267.870544
420 0.570008 268.440552
421 0.573735 269.014287
422 0.578810 269.593097
423 0.578578 270.171675
424 0.581625 270.753300
425 0.582709 271.336009
426 0.599839 271.935848
427 0.593801 272.529649
428 0.651049 273.180698
429 0.576109 273.756807
430 0.659431 274.416238
431 0.591884 275.008122
432 0.581035 275.589157
433 0.579409 276.168566
434 0.822541 276.991107
435 0.569196 277.560303
436 0.666710 278.227013
437 0.568057 278.795070
438 0.565310 279.360380
439 0.581446 279.941826
440 0.576172 280.517998
441 0.691381 281.209379
442 0.775827 281.985206
443 0.587244 282.572450
444 0.827565 283.400015
445 0.686039 284.086054
446 0.563620 284.649674
447 0.575666 285.225340
448 0.571750 285.797090
449 0.576303 286.373393
450 0.578676 286.952069
451 1.093831 288.045900
452 0.588382 288.634282
453 0.607687 289.241969
454 0.575772 289.817741
455 0.787389 290.605130
456 0.568352 291.173482
457 0.567852 291.741334
458 0.631880 292.373214
459 0.568307 292.941521
460 0.615650 293.557171
461 0.658879 294.216050
462 0.787778 295.003828
463 0.692872 295.696700
464 0.563440 296.260140
465 0.593669 296.853809
466 0.568355 297.422164
467 0.567499 297.989663
468 0.581114 298.570777
469 0.569959 299.140736
470 0.581728 299.722464
471 0.569879 300.292343
472 0.587686 300.880029
473 0.576967 301.456996
474 0.740416 302.197412
475 0.554810 302.752222
476 0.704007 303.456229
477 0.561004 304.017233
478 0.572291 304.589524
479 0.650307 305.239831
480 0.598321 305.838152
481 0.566343 306.404495
482 0.580543 306.985038
483 0.571532 307.556570
484 0.586828 308.143398
485 0.576560 308.719958
486 0.564289 309.284247
487 0.768705 310.052952
488 0.569710 310.622662
489 0.563178 311.185840
490 0.578456 311.764296
491 0.563022 312.327318
492 0.582306 312.909624
493 0.565827 313.475451
494 0.629038 314.104489
495 0.577934 314.682423
496 0.559110 315.241533
497 0.558448 315.799981
498 0.563170 316.363151
499 0.566481 316.929632
500 0.567417 317.497049
501 0.567823 318.064872
502 0.570885 318.635757
503 0.577361 319.213118
504 0.575413 319.788531
505 0.747448 320.535979
506 0.581629 321.117608
507 0.578258 321.695866
508 0.566577 322.262443
509 0.696361 322.958804
510 0.558223 323.517027
511 0.702470 324.219497
512 0.562968 324.782465
513 0.567119 325.349584
514 0.578532 325.928116
515 0.579416 326.507532
516 0.572451 327.079983
517 0.586289 327.666272
518 0.573939 328.240211
519 0.576712 328.816923
520 0.562677 329.379600
521 0.672184 330.051784
522 0.558144 330.609928
523 0.570050 331.179978
524 0.563257 331.743235
525 0.567746 332.310981
526 0.607679 332.918660
527 0.599585 333.518245
528 0.577465 334.095710
529 0.579462 334.675172
530 0.575761 335.250933
531 0.634964 335.885897
532 0.552371 336.438268
533 0.597143 337.035411
534 0.557562 337.592973
535 0.571769 338.164742
536 0.564110 338.728852
537 0.567427 339.296279
538 0.568538 339.864817
539 0.570247 340.435064
540 0.649321 341.084385
541 0.574454 341.658839
542 0.577099 342.235938
543 0.576931 342.812869
544 0.731361 343.544230
545 0.547919 344.092149
546 0.622441 344.714590
547 0.566392 345.280982
548 0.597142 345.878124
549 0.591025 346.469149
550 0.563278 347.032427
551 0.612517 347.644944
552 0.567556 348.212500
553 0.585650 348.798150
554 0.700501 349.498651
555 0.752377 350.251028
556 0.553013 350.804041
557 0.563410 351.367451
558 0.562442 351.929893
559 0.567343 352.497236
560 0.607143 353.104379
561 0.561621 353.666000
562 0.589048 354.255048
563 0.730128 354.985176
564 0.572091 355.557267
565 0.782849 356.340116
566 0.577457 356.917573
567 0.598105 357.515678
568 0.553700 358.069378
569 0.595231 358.664609
570 0.596040 359.260649
571 0.648747 359.909396
572 0.688656 360.598052
573 0.663703 361.261755
574 0.575284 361.837039
575 0.567740 362.404779
576 1.215851 363.620630
577 0.589654 364.210284
578 0.577080 364.787364
579 0.554081 365.341445
580 0.634064 365.975509
581 0.731801 366.707310
582 0.634008 367.341318
583 0.567297 367.908615
584 0.559877 368.468492
585 0.569780 369.038272
586 0.579265 369.617537
587 0.602262 370.219799
588 0.566219 370.786018
589 0.569521 371.355539
590 0.571040 371.926579
591 0.573233 372.499812
592 0.571519 373.071331
593 0.559167 373.630498
594 0.633985 374.264483
595 0.555045 374.819528
596 0.688882 375.508410
597 0.561886 376.070296
598 0.564028 376.634324
599 0.875021 377.509345
600 0.567944 378.077289
601 0.577768 378.655057
602 0.567096 379.222153
603 0.567354 379.789507
604 0.610352 380.399859
605 0.626729 381.026588
606 0.630410 381.656998
607 0.547547 382.204545
608 0.553825 382.758370
609 0.558791 383.317161
610 0.560759 383.877920
611 0.564352 384.442272
612 0.614565 385.056837
613 0.564287 385.621124
614 0.563051 386.184175
615 0.565977 386.750152
616 0.586092 387.336244
617 0.568227 387.904471
618 0.630901 388.535372
619 0.563535 389.098907
620 0.551748 389.650655
621 0.542325 390.192980
622 0.555956 390.748936
623 0.716423 391.465359
624 0.572782 392.038141
625 0.697522 392.735663
626 0.792352 393.528015
627 0.594012 394.122027
628 0.664714 394.786741
629 0.617196 395.403937
630 0.567209 395.971146
631 0.561333 396.532479
632 0.577758 397.110237
633 0.575938 397.686175
634 0.607580 398.293755
635 0.572270 398.866025
636 0.611827 399.477852
637 0.546334 400.024186
638 0.569403 400.593589
639 0.549396 401.142985
640 0.600191 401.743176
641 0.557209 402.300385
642 0.566189 402.866574
643 0.558268 403.424842
644 0.573291 403.998133
645 0.560642 404.558775
646 0.570395 405.129170
647 0.560373 405.689543
648 0.572393 406.261936
649 0.558641 406.820577
650 0.567968 407.388545
651 0.546551 407.935096
652 0.630508 408.565604
653 0.542512 409.108116
654 0.563353 409.671469
655 0.610378 410.281847
656 0.579761 410.861608
657 0.661551 411.523159
658 0.846467 412.369626
659 0.560357 412.929983
660 0.586757 413.516740
661 0.710184 414.226924
662 0.563280 414.790204
663 0.603194 415.393398
664 0.605745 415.999143
665 0.574903 416.574046
666 0.547525 417.121571
667 0.753938 417.875509
668 0.547720 418.423229
669 0.556120 418.979349
670 0.557099 419.536448
671 0.661958 420.198406
672 0.560182 420.758588
673 0.559162 421.317750
674 0.565894 421.883644
675 0.677463 422.561107
676 0.561999 423.123106
677 0.564410 423.687516
678 0.750779 424.438295
679 0.592954 425.031249
680 0.561988 425.593237
681 0.561203 426.154440
682 0.547268 426.701708
683 0.542745 427.244453
684 0.545733 427.790186
685 0.552162 428.342348
686 0.598573 428.940921
687 0.553109 429.494030
688 0.553396 430.047426
689 0.555877 430.603303
690 0.592193 431.195496
691 0.705361 431.900857
692 0.558881 432.459738
693 0.559452 433.019190
694 0.559041 433.578231
695 0.558580 434.136811
696 0.565262 434.702073
697 0.773595 435.475668
698 0.557234 436.032902
699 0.614416 436.647318
700 0.542635 437.189953
701 0.545318 437.735271
702 0.550086 438.285357
703 0.575701 438.861058
704 1.172096 440.033154
705 0.550942 440.584096
706 0.654189 441.238285
707 0.757820 441.996105
708 0.565118 442.561223
709 0.559028 443.120251
710 0.621844 443.742095
711 0.572389 444.314484
712 0.557733 444.872217
713 0.640378 445.512595
714 0.560953 446.073548
715 0.962200 447.035748
716 0.538376 447.574124
717 0.540047 448.114171
718 0.541213 448.655384
719 0.548545 449.203929
720 0.643031 449.846960
721 0.614313 450.461273
722 0.552400 451.013673
723 0.553135 451.566808
724 0.556604 452.123412
725 0.647424 452.770836
726 0.556110 453.326946
727 0.558265 453.885211
728 0.560159 454.445370
729 0.559046 455.004416
730 0.559774 455.564190
731 0.566437 456.130627
732 0.555252 456.685879
733 0.943582 457.629461
734 0.543961 458.173422
735 0.539006 458.712428
736 0.884892 459.597320
737 0.541659 460.138979
738 0.793963 460.932942
739 1.244768 462.177710
740 0.556888 462.734598
741 0.548646 463.283244
742 0.554877 463.838121
743 0.550119 464.388240
744 0.620784 465.009024
745 0.552264 465.561288
746 0.548843 466.110131
747 0.553557 466.663688
748 0.556428 467.220116
749 0.556740 467.776856
750 0.577118 468.353974
751 0.739578 469.093552
752 0.552124 469.645676
753 0.557826 470.203502
754 0.767145 470.970647
755 0.624320 471.594967
756 0.536327 472.131294
757 0.562732 472.694026
758 0.635287 473.329313
759 0.605328 473.934641
760 0.553601 474.488242
761 0.544720 475.032962
762 0.630438 475.663400
763 0.812679 476.476079
764 0.578492 477.054571
765 0.645488 477.700059
766 0.553579 478.253638
767 0.562018 478.815656
768 0.589118 479.404774
769 0.550657 479.955431
770 0.585125 480.540556
771 0.551681 481.092237
772 0.593124 481.685361
773 0.552843 482.238204
774 0.558332 482.796536
775 0.535978 483.332514
776 0.527896 483.860410
777 0.535380 484.395790
778 0.870224 485.266014
779 0.583012 485.849026
780 0.557162 486.406188
781 0.547924 486.954112
782 0.547135 487.501247
783 0.578623 488.079870
784 0.550745 488.630615
785 0.577925 489.208540
786 0.626232 489.834772
787 0.550125 490.384897
788 0.558143 490.943040
789 0.550340 491.493380
790 0.574540 492.067920
791 0.551792 492.619712
792 0.585563 493.205275
793 0.582429 493.787704
794 0.553338 494.341042
795 0.659058 495.000100
796 0.550863 495.550963
797 0.543298 496.094261
798 0.538914 496.633175
799 0.533087 497.166262
800 0.541001 497.707263
801 0.624933 498.332196
802 0.543686 498.875882
803 0.572912 499.448794
804 0.552693 500.001487
805 0.553282 500.554769
806 0.545250 501.100019
807 0.541976 501.641995
808 0.547568 502.189563
809 0.543842 502.733405
810 0.571523 503.304928
811 0.546135 503.851063
812 0.552139 504.403202
813 0.545379 504.948581
814 0.546893 505.495474
815 0.547459 506.042933
816 0.547154 506.590087
817 0.543277 507.133364
818 0.550794 507.684158
819 0.546770 508.230928
820 0.545614 508.776542
821 0.551131 509.327673
822 0.606452 509.934125
823 0.591599 510.525724
824 0.529456 511.055180
825 0.535360 511.590540
826 0.548468 512.139008
827 0.536629 512.675637
828 0.536642 513.212279
829 0.539510 513.751789
830 0.543142 514.294931
831 0.574770 514.869701
832 0.542473 515.412174
833 0.655623 516.067797
834 0.542003 516.609800
835 0.599930 517.209730
836 0.890612 518.100342
837 0.605052 518.705394
838 0.549356 519.254750
839 0.542261 519.797011
840 0.559686 520.356697
841 0.775995 521.132692
842 0.557635 521.690327
843 0.545887 522.236214
844 0.763012 522.999226
845 0.548120 523.547346
846 0.563822 524.111168
847 0.608014 524.719182
848 0.546465 525.265647
849 0.831985 526.097632
850 0.605764 526.703396
851 0.800839 527.504235
852 0.551027 528.055262
853 0.531533 528.586795
854 0.657830 529.244625
855 0.644184 529.888809
856 0.536677 530.425486
857 0.572191 530.997677
858 0.544210 531.541887
859 0.538486 532.080373
860 0.546222 532.626595
861 0.565511 533.192106
862 0.552557 533.744663
863 0.582884 534.327547
864 0.541285 534.868832
865 0.540908 535.409740
866 0.619161 536.028901
867 0.540164 536.569065
868 0.549565 537.118630
869 0.540094 537.658724
870 0.876470 538.535194
871 0.764322 539.299516
872 0.666331 539.965847
873 0.540770 540.506617
874 0.568322 541.074939
875 0.562030 541.636969
876 0.545142 542.182111
877 0.531567 542.713678
878 0.518634 543.232312
879 0.526848 543.759160
880 0.526736 544.285896
881 0.561249 544.847145
882 0.527620 545.374765
883 0.579605 545.954370
884 0.533100 546.487470
885 0.597470 547.084940
886 0.532765 547.617705
887 0.532403 548.150108
888 0.533548 548.683656
done 888 7.507287 556.190943
