# instance vn2_5.3.vn_to_tree_2000.20.pn
# Settings: Namespace(PN='../../../instances/fmcad/in_json/tree_2000.20.pn', VDC='../../../instances/fmcad/in_json/vn2_5.3.vn', affinity=True, affinity_soft=True, allow_virtual_switches_in_switches=True, anti_affinity=True, assert_all_physical_edges=True, binary_search=True, bitblast_addition=False, bitblast_addition_shadow=False, conflict_limit=0, debug=False, decide_opt_lits=True, directed_links=False, flush_pb_theory=True, force_virtual_switches=False, ignore_ram_constraints=False, ignore_storage_constraints=False, intrinsic_edge_constraints=False, intrinsic_edge_sets=True, logfile=None, min_cores=False, min_servers=False, opt_conflict_limit=0, opt_time_limit=-1, popcount='BV', refine_flow=True, remove_all_flow_cycles=False, remove_common_bandwidth_factor=True, remove_flow_cycles=False, remove_flow_cycles_python=False, rnd_theory_freq=0.99, rnd_theory_order=False, separate_reach_constraints=False, static_flow_caps=True, theory_order_vsids=True, timelog='timelogs/fmcad13_vdcmapper_intrinsic-edge-sets-no-rnd-theory-order-theory-order-vsids-rnd-theory-freq-0-99_datacentertree_2000.20.pn_instance_vn2_5.3.vn.log', tree_addition=True, use_cover_for_refinement=True, use_min_cost_max_flow=False, vsids_balance=1, vsids_both=True)
init 23.976747 23.976747
1 2.513788 26.490535
2 1.574803 28.065338
3 1.518265 29.583603
4 1.651306 31.234909
5 1.616839 32.851748
6 1.623416 34.475164
7 1.648895 36.124059
8 1.684923 37.808982
9 1.551767 39.360749
10 1.583869 40.944618
11 1.547101 42.491719
12 1.948443 44.440162
13 1.532562 45.972724
14 1.753443 47.726167
15 1.568843 49.295010
16 1.951565 51.246575
17 1.536591 52.783166
18 1.644940 54.428106
19 1.568290 55.996396
20 1.621814 57.618210
21 1.600481 59.218691
22 1.907831 61.126522
23 1.554299 62.680821
24 1.648785 64.329606
25 2.686522 67.016128
26 5.339951 72.356079
27 1.868984 74.225063
28 2.250945 76.476008
29 1.920779 78.396787
30 2.158203 80.554990
31 3.197838 83.752828
32 2.094681 85.847509
33 1.859109 87.706618
34 1.727718 89.434336
35 1.796595 91.230931
36 1.837457 93.068388
37 1.607888 94.676276
38 1.650097 96.326373
39 2.180930 98.507303
40 7.222649 105.729952
41 1.803137 107.533089
42 1.907760 109.440849
43 2.273462 111.714311
44 1.846005 113.560316
45 1.834856 115.395172
46 2.380390 117.775562
47 3.369099 121.144661
48 2.944168 124.088829
49 1.676836 125.765665
50 1.921556 127.687221
51 2.052624 129.739845
52 1.850687 131.590532
53 1.758038 133.348570
54 1.736325 135.084895
55 1.789922 136.874817
56 1.639991 138.514808
57 1.684475 140.199283
58 1.707306 141.906589
59 1.795910 143.702499
60 1.739810 145.442309
61 1.735933 147.178242
62 2.241741 149.419983
63 1.598247 151.018230
64 1.632317 152.650547
65 1.672970 154.323517
66 1.751880 156.075397
67 1.855777 157.931174
68 1.784141 159.715315
69 1.843392 161.558707
70 2.616960 164.175667
71 2.039170 166.214837
72 1.701324 167.916161
73 1.944557 169.860718
74 1.786655 171.647373
75 2.036519 173.683892
76 1.769761 175.453653
77 1.822338 177.275991
78 2.112493 179.388484
79 3.556838 182.945322
80 2.267370 185.212692
81 2.276158 187.488850
82 2.452358 189.941208
83 2.357950 192.299158
84 2.348844 194.648002
85 2.285464 196.933466
86 2.089705 199.023171
87 1.875109 200.898280
88 3.464352 204.362632
89 1.878205 206.240837
90 1.938743 208.179580
91 2.061208 210.240788
92 2.116318 212.357106
93 2.489173 214.846279
94 1.695878 216.542157
95 1.795818 218.337975
96 1.863773 220.201748
97 2.324228 222.525976
98 1.777888 224.303864
99 2.083324 226.387188
100 2.231459 228.618647
101 1.860493 230.479140
102 2.140620 232.619760
103 1.647234 234.266994
104 2.140827 236.407821
105 1.886760 238.294581
106 1.742995 240.037576
107 6.588049 246.625625
108 2.322657 248.948282
109 1.864725 250.813007
110 2.352184 253.165191
111 3.728161 256.893352
112 3.129440 260.022792
113 2.550443 262.573235
114 2.519703 265.092938
115 1.945678 267.038616
116 1.774443 268.813059
117 1.855825 270.668884
118 1.967047 272.635931
119 2.013782 274.649713
120 1.721200 276.370913
121 2.295168 278.666081
122 1.756406 280.422487
123 2.061116 282.483603
124 1.754040 284.237643
125 1.594106 285.831749
126 1.658037 287.489786
127 1.838460 289.328246
128 1.790304 291.118550
129 1.818000 292.936550
130 1.766452 294.703002
131 2.488021 297.191023
132 1.870922 299.061945
133 1.813716 300.875661
134 5.116239 305.991900
135 2.283300 308.275200
136 2.109654 310.384854
137 1.704246 312.089100
138 1.973325 314.062425
139 2.824740 316.887165
140 1.981389 318.868554
141 2.181310 321.049864
142 2.160413 323.210277
143 2.380483 325.590760
144 2.010400 327.601160
145 2.268723 329.869883
146 1.827715 331.697598
147 1.893968 333.591566
148 1.822010 335.413576
149 1.707029 337.120605
150 2.016897 339.137502
151 1.934597 341.072099
152 1.967255 343.039354
153 2.270611 345.309965
154 2.430411 347.740376
155 1.963981 349.704357
156 1.811362 351.515719
157 1.919177 353.434896
158 4.575932 358.010828
159 2.129281 360.140109
160 2.959727 363.099836
161 3.567644 366.667480
162 2.734841 369.402321
163 2.401014 371.803335
164 2.031143 373.834478
165 2.419143 376.253621
166 3.268630 379.522251
167 2.223217 381.745468
168 1.920409 383.665877
169 2.100436 385.766313
170 2.547176 388.313489
171 2.485939 390.799428
172 2.096876 392.896304
173 2.285933 395.182237
174 2.011728 397.193965
175 2.586844 399.780809
176 1.882642 401.663451
177 1.733016 403.396467
178 2.173621 405.570088
179 2.274963 407.845051
180 1.913116 409.758167
181 2.396250 412.154417
182 2.033020 414.187437
183 2.795789 416.983226
184 5.029277 422.012503
185 2.175436 424.187939
186 3.768983 427.956922
187 1.781385 429.738307
188 2.064405 431.802712
189 2.322446 434.125158
190 2.343320 436.468478
191 1.990816 438.459294
192 1.968050 440.427344
193 2.193422 442.620766
194 1.994145 444.614911
195 1.727754 446.342665
196 2.034718 448.377383
197 1.955477 450.332860
198 3.964186 454.297046
199 1.766205 456.063251
200 2.424489 458.487740
201 2.311284 460.799024
202 1.834275 462.633299
203 1.764718 464.398017
204 1.800467 466.198484
205 6.704917 472.903401
206 2.102598 475.005999
207 1.836603 476.842602
208 1.921176 478.763778
209 2.026547 480.790325
210 1.634670 482.424995
211 2.108211 484.533206
212 1.819193 486.352399
213 1.849152 488.201551
214 2.167522 490.369073
215 2.010574 492.379647
216 1.982470 494.362117
217 1.971045 496.333162
218 2.064340 498.397502
219 2.391108 500.788610
220 2.019316 502.807926
221 1.938886 504.746812
222 2.253129 506.999941
223 3.318771 510.318712
224 1.853719 512.172431
225 2.160008 514.332439
226 2.339497 516.671936
227 1.930205 518.602141
228 1.970413 520.572554
229 3.076686 523.649240
230 2.815688 526.464928
231 2.147188 528.612116
232 2.470130 531.082246
233 2.429337 533.511583
234 1.965695 535.477278
235 2.156377 537.633655
236 2.993356 540.627011
237 2.062995 542.690006
238 2.019199 544.709205
239 2.303553 547.012758
240 3.048807 550.061565
241 2.076905 552.138470
242 1.916092 554.054562
243 1.831153 555.885715
244 2.167521 558.053236
245 1.864217 559.917453
246 2.253931 562.171384
247 1.977419 564.148803
248 2.058377 566.207180
249 1.950067 568.157247
250 2.484586 570.641833
251 2.238224 572.880057
252 1.762993 574.643050
253 2.230318 576.873368
254 2.446483 579.319851
255 3.004577 582.324428
256 2.298534 584.622962
257 2.614633 587.237595
258 2.021561 589.259156
259 2.018426 591.277582
260 1.703926 592.981508
261 1.828442 594.809950
262 2.570297 597.380247
263 1.809787 599.190034
264 2.850942 602.040976
265 2.810650 604.851626
266 2.121347 606.972973
267 1.834511 608.807484
268 3.087236 611.894720
269 1.885059 613.779779
270 2.233613 616.013392
271 1.758097 617.771489
272 2.790569 620.562058
273 1.735514 622.297572
274 2.148179 624.445751
275 1.736372 626.182123
276 1.851388 628.033511
277 2.320183 630.353694
278 2.001022 632.354716
279 1.989007 634.343723
280 2.584466 636.928189
281 2.231727 639.159916
282 2.284092 641.444008
283 1.940387 643.384395
284 2.249593 645.633988
285 1.989337 647.623325
286 2.139282 649.762607
287 1.697675 651.460282
288 1.886270 653.346552
289 2.073891 655.420443
290 1.816483 657.236926
291 2.620418 659.857344
292 2.030495 661.887839
293 1.784163 663.672002
294 2.075683 665.747685
295 2.238362 667.986047
296 1.930416 669.916463
297 1.963217 671.879680
298 2.222876 674.102556
299 1.737830 675.840386
300 1.719280 677.559666
301 2.268012 679.827678
302 2.506148 682.333826
303 2.267795 684.601621
304 1.817360 686.418981
305 2.171672 688.590653
306 2.763760 691.354413
307 2.320695 693.675108
308 2.639743 696.314851
309 2.565484 698.880335
310 1.725378 700.605713
311 2.289132 702.894845
312 1.711873 704.606718
313 1.992632 706.599350
314 1.629728 708.229078
315 1.669107 709.898185
316 2.040235 711.938420
317 1.948379 713.886799
318 7.580205 721.467004
319 2.094715 723.561719
320 2.362515 725.924234
321 3.036473 728.960707
322 1.775464 730.736171
323 2.158666 732.894837
324 1.947803 734.842640
325 2.058896 736.901536
326 1.892083 738.793619
327 2.193668 740.987287
328 2.125393 743.112680
329 3.530085 746.642765
330 2.072296 748.715061
331 2.934906 751.649967
332 2.029476 753.679443
333 1.902420 755.581863
334 1.967644 757.549507
335 2.232095 759.781602
336 1.975009 761.756611
337 2.051499 763.808110
338 2.028957 765.837067
339 2.445027 768.282094
340 1.965867 770.247961
341 1.921841 772.169802
342 2.145729 774.315531
343 1.679849 775.995380
344 1.939405 777.934785
345 1.728294 779.663079
346 1.645368 781.308447
347 1.683228 782.991675
348 1.757483 784.749158
349 1.934084 786.683242
350 1.964573 788.647815
351 1.784962 790.432777
352 2.621322 793.054099
353 2.030940 795.085039
354 2.500001 797.585040
355 1.686376 799.271416
356 1.709064 800.980480
357 1.694092 802.674572
358 1.857207 804.531779
359 1.678827 806.210606
360 1.670956 807.881562
361 1.687836 809.569398
362 2.941812 812.511210
363 2.745920 815.257130
364 2.231464 817.488594
365 1.723571 819.212165
366 2.349217 821.561382
367 2.073820 823.635202
368 2.301219 825.936421
369 1.997482 827.933903
370 2.643297 830.577200
371 2.258609 832.835809
372 1.901417 834.737226
373 2.041501 836.778727
374 2.231601 839.010328
375 1.756894 840.767222
376 2.142228 842.909450
377 2.602882 845.512332
378 2.079907 847.592239
379 1.780684 849.372923
380 1.885749 851.258672
381 1.716025 852.974697
382 1.679986 854.654683
383 1.854108 856.508791
384 1.684850 858.193641
385 1.649703 859.843344
386 1.774782 861.618126
387 1.798261 863.416387
388 1.663120 865.079507
389 1.804413 866.883920
390 2.057658 868.941578
391 2.187606 871.129184
392 2.094683 873.223867
393 1.754920 874.978787
394 2.052587 877.031374
395 2.476264 879.507638
396 1.809705 881.317343
397 1.845315 883.162658
398 2.119569 885.282227
399 3.789377 889.071604
400 2.423085 891.494689
401 1.705534 893.200223
402 1.803928 895.004151
403 2.611669 897.615820
404 2.828510 900.444330
405 1.653259 902.097589
406 1.832152 903.929741
407 2.023867 905.953608
408 1.757845 907.711453
409 2.431970 910.143423
410 1.865493 912.008916
411 2.118670 914.127586
412 5.243217 919.370803
413 2.135883 921.506686
414 1.975511 923.482197
415 1.964839 925.447036
416 1.653804 927.100840
417 1.949704 929.050544
418 1.732939 930.783483
419 1.743983 932.527466
420 1.652352 934.179818
421 1.995531 936.175349
422 2.578989 938.754338
423 2.303965 941.058303
424 1.848904 942.907207
425 1.779237 944.686444
426 1.605738 946.292182
427 2.195264 948.487446
428 2.559058 951.046504
429 1.847469 952.893973
430 1.917558 954.811531
431 2.025786 956.837317
432 1.994077 958.831394
433 1.755010 960.586404
434 2.059613 962.646017
435 2.017878 964.663895
436 2.012019 966.675914
437 1.664333 968.340247
438 1.701089 970.041336
439 1.680035 971.721371
440 1.881744 973.603115
441 2.480685 976.083800
442 2.066307 978.150107
443 1.925069 980.075176
444 1.677973 981.753149
445 1.685256 983.438405
446 1.685978 985.124383
447 1.855905 986.980288
448 1.758713 988.739001
449 1.928942 990.667943
450 2.228786 992.896729
451 1.985908 994.882637
452 1.806160 996.688797
453 2.233265 998.922062
454 2.304115 1001.226177
455 2.190948 1003.417125
456 2.094754 1005.511879
457 5.566261 1011.078140
458 1.794482 1012.872622
459 5.934555 1018.807177
460 1.986791 1020.793968
461 1.888604 1022.682572
462 2.250987 1024.933559
463 2.507576 1027.441135
464 1.778143 1029.219278
465 1.800481 1031.019759
466 2.168886 1033.188645
467 2.101819 1035.290464
468 1.642681 1036.933145
469 2.023914 1038.957059
470 1.947617 1040.904676
471 1.650783 1042.555459
472 1.652461 1044.207920
473 2.130082 1046.338002
474 1.648681 1047.986683
475 2.762171 1050.748854
476 1.666737 1052.415591
477 1.610892 1054.026483
478 1.625993 1055.652476
479 1.629264 1057.281740
480 1.646603 1058.928343
481 1.637004 1060.565347
482 1.649279 1062.214626
483 1.627139 1063.841765
484 1.639858 1065.481623
485 1.681602 1067.163225
486 1.699839 1068.863064
487 1.655168 1070.518232
488 1.708810 1072.227042
489 1.635057 1073.862099
490 1.929989 1075.792088
491 1.989043 1077.781131
492 1.678698 1079.459829
493 1.825540 1081.285369
494 1.709917 1082.995286
495 1.656872 1084.652158
496 1.822517 1086.474675
497 2.728444 1089.203119
498 1.831917 1091.035036
499 2.033477 1093.068513
500 1.750682 1094.819195
501 1.986291 1096.805486
502 2.412149 1099.217635
503 2.100502 1101.318137
504 1.630509 1102.948646
505 2.011399 1104.960045
506 1.780136 1106.740181
507 1.623084 1108.363265
508 1.782932 1110.146197
509 1.906115 1112.052312
510 1.951921 1114.004233
511 1.853695 1115.857928
512 2.130088 1117.988016
513 1.645468 1119.633484
514 1.914152 1121.547636
515 1.694754 1123.242390
516 1.999136 1125.241526
517 4.320876 1129.562402
518 1.705689 1131.268091
519 1.792516 1133.060607
520 1.647232 1134.707839
521 1.778391 1136.486230
522 1.710649 1138.196879
523 2.199256 1140.396135
524 2.657430 1143.053565
525 1.765505 1144.819070
526 1.802717 1146.621787
527 2.077402 1148.699189
528 2.157633 1150.856822
529 2.348011 1153.204833
530 1.824587 1155.029420
531 1.698136 1156.727556
532 3.328631 1160.056187
533 2.161692 1162.217879
done 533 0.663622 1162.881501
