# instance vn2_3.1.vn_to_tree16_400.20.pn
# Settings: Namespace(PN='../../../instances/fmcad/in_json/tree16_400.20.pn', VDC='../../../instances/fmcad/in_json/vn2_3.1.vn', affinity=True, affinity_soft=True, allow_virtual_switches_in_switches=True, anti_affinity=True, assert_all_physical_edges=True, binary_search=True, bitblast_addition=False, bitblast_addition_shadow=False, conflict_limit=0, debug=False, decide_opt_lits=True, directed_links=False, flush_pb_theory=True, force_virtual_switches=False, ignore_ram_constraints=False, ignore_storage_constraints=False, intrinsic_edge_constraints=False, intrinsic_edge_sets=True, logfile=None, min_cores=False, min_servers=False, opt_conflict_limit=0, opt_time_limit=-1, popcount='BV', refine_flow=True, remove_all_flow_cycles=False, remove_common_bandwidth_factor=True, remove_flow_cycles=False, remove_flow_cycles_python=False, rnd_theory_freq=0.99, rnd_theory_order=False, separate_reach_constraints=False, static_flow_caps=True, theory_order_vsids=True, timelog='timelogs/fmcad13_vdcmapper_intrinsic-edge-sets-no-rnd-theory-order-theory-order-vsids-rnd-theory-freq-0-99_datacentertree16_400.20.pn_instance_vn2_3.1.vn.log', tree_addition=True, use_cover_for_refinement=True, use_min_cost_max_flow=False, vsids_balance=1, vsids_both=True)
init 1.648689 1.648689
1 0.115762 1.764451
2 0.098896 1.863347
3 0.096296 1.959643
4 0.097168 2.056811
5 0.097613 2.154424
6 0.096208 2.250632
7 0.145175 2.395807
8 0.095816 2.491623
9 0.097390 2.589013
10 0.096368 2.685381
11 0.096162 2.781543
12 0.098018 2.879561
13 0.096181 2.975742
14 0.095815 3.071557
15 0.095470 3.167027
16 0.096622 3.263649
17 0.095954 3.359603
18 0.101398 3.461001
19 0.095848 3.556849
20 0.096174 3.653023
21 0.095885 3.748908
22 0.096659 3.845567
23 0.100011 3.945578
24 0.100227 4.045805
25 0.096053 4.141858
26 0.097383 4.239241
27 0.096667 4.335908
28 0.098201 4.434109
29 0.097091 4.531200
30 0.104003 4.635203
31 0.097062 4.732265
32 0.096106 4.828371
33 0.097252 4.925623
34 0.096548 5.022171
35 0.096757 5.118928
36 0.095740 5.214668
37 0.120839 5.335507
38 0.095636 5.431143
39 0.097165 5.528308
40 0.106977 5.635285
41 0.107480 5.742765
42 0.096389 5.839154
43 0.117442 5.956596
44 0.098620 6.055216
45 0.095402 6.150618
46 0.097001 6.247619
47 0.095677 6.343296
48 0.098878 6.442174
49 0.095646 6.537820
50 0.094879 6.632699
51 0.106787 6.739486
52 0.096691 6.836177
53 0.094649 6.930826
54 0.095344 7.026170
55 0.094970 7.121140
56 0.096288 7.217428
57 0.093823 7.311251
58 0.095540 7.406791
59 0.094655 7.501446
60 0.096045 7.597491
61 0.096345 7.693836
62 0.096210 7.790046
63 0.095195 7.885241
64 0.096151 7.981392
65 0.095448 8.076840
66 0.094582 8.171422
67 0.093089 8.264511
68 0.095554 8.360065
69 0.094839 8.454904
70 0.093594 8.548498
71 0.094799 8.643297
72 0.096099 8.739396
73 0.095010 8.834406
74 0.095638 8.930044
75 0.100194 9.030238
76 0.120447 9.150685
77 0.095407 9.246092
78 0.096053 9.342145
79 0.102493 9.444638
80 0.095353 9.539991
81 0.093727 9.633718
82 0.095865 9.729583
83 0.095980 9.825563
84 0.096093 9.921656
85 0.094970 10.016626
86 0.097277 10.113903
87 0.095386 10.209289
88 0.094691 10.303980
89 0.095666 10.399646
90 0.095359 10.495005
91 0.096687 10.591692
92 0.095764 10.687456
93 0.104919 10.792375
94 0.094868 10.887243
95 0.094526 10.981769
96 0.095074 11.076843
97 0.095117 11.171960
98 0.096394 11.268354
99 0.095761 11.364115
100 0.095546 11.459661
101 0.095519 11.555180
102 0.095078 11.650258
103 0.098714 11.748972
104 0.097537 11.846509
105 0.095834 11.942343
106 0.096031 12.038374
107 0.097077 12.135451
108 0.096750 12.232201
109 0.097443 12.329644
110 0.097693 12.427337
111 0.097218 12.524555
112 0.096296 12.620851
113 0.096390 12.717241
114 0.097343 12.814584
115 0.097088 12.911672
116 0.096001 13.007673
117 0.095853 13.103526
118 0.096355 13.199881
119 0.097152 13.297033
120 0.096928 13.393961
121 0.096918 13.490879
122 0.096109 13.586988
123 0.097138 13.684126
124 0.120306 13.804432
125 0.096954 13.901386
126 0.096993 13.998379
127 0.101811 14.100190
128 0.096300 14.196490
129 0.095373 14.291863
130 0.097039 14.388902
131 0.096513 14.485415
132 0.096435 14.581850
133 0.102407 14.684257
134 0.095512 14.779769
135 0.097321 14.877090
136 0.096421 14.973511
137 0.097673 15.071184
138 0.094938 15.166122
139 0.093946 15.260068
140 0.095442 15.355510
141 0.096477 15.451987
142 0.094707 15.546694
143 0.095737 15.642431
144 0.095180 15.737611
145 0.103227 15.840838
146 0.096033 15.936871
147 0.096216 16.033087
148 0.095781 16.128868
149 0.096230 16.225098
150 0.100010 16.325108
151 0.095274 16.420382
152 0.094289 16.514671
153 0.096109 16.610780
154 0.094200 16.704980
155 0.095094 16.800074
156 0.095024 16.895098
157 0.095823 16.990921
158 0.095239 17.086160
159 0.095992 17.182152
160 0.095008 17.277160
161 0.096262 17.373422
162 0.094556 17.467978
163 0.141864 17.609842
164 0.094910 17.704752
165 0.095721 17.800473
166 0.095385 17.895858
167 0.095627 17.991485
168 0.095530 18.087015
169 0.096420 18.183435
170 0.095762 18.279197
171 0.095840 18.375037
172 0.095324 18.470361
173 0.095800 18.566161
174 0.095188 18.661349
175 0.095647 18.756996
176 0.095271 18.852267
177 0.096040 18.948307
178 0.094658 19.042965
179 0.094364 19.137329
180 0.095342 19.232671
181 0.101531 19.334202
182 0.096204 19.430406
183 0.096067 19.526473
184 0.096040 19.622513
185 0.096567 19.719080
186 0.095357 19.814437
187 0.097434 19.911871
188 0.094291 20.006162
189 0.095974 20.102136
190 0.094422 20.196558
191 0.095535 20.292093
192 0.096001 20.388094
193 0.095711 20.483805
194 0.095006 20.578811
195 0.096422 20.675233
196 0.096457 20.771690
197 0.096959 20.868649
198 0.094714 20.963363
199 0.103314 21.066677
200 0.095144 21.161821
201 0.095696 21.257517
202 0.095820 21.353337
203 0.095142 21.448479
204 0.095940 21.544419
205 0.096132 21.640551
206 0.215380 21.855931
207 0.121325 21.977256
208 0.098787 22.076043
209 0.099418 22.175461
210 0.102926 22.278387
211 0.099561 22.377948
212 0.099537 22.477485
213 0.099846 22.577331
214 0.100483 22.677814
215 0.099087 22.776901
216 0.102140 22.879041
217 0.100045 22.979086
218 0.100175 23.079261
219 0.099864 23.179125
220 0.099344 23.278469
221 0.100104 23.378573
222 0.099483 23.478056
223 0.097579 23.575635
224 0.097946 23.673581
225 0.098882 23.772463
226 0.100492 23.872955
227 0.098499 23.971454
228 0.098740 24.070194
229 0.099089 24.169283
230 0.098663 24.267946
231 0.098770 24.366716
232 0.097447 24.464163
233 0.097857 24.562020
234 0.098896 24.660916
235 0.097414 24.758330
236 0.097536 24.855866
237 0.098185 24.954051
238 0.098116 25.052167
239 0.099048 25.151215
240 0.098920 25.250135
241 0.099098 25.349233
242 0.098374 25.447607
243 0.098659 25.546266
244 0.098439 25.644705
245 0.105994 25.750699
246 0.109206 25.859905
247 0.097459 25.957364
248 0.097318 26.054682
249 0.098126 26.152808
250 0.097091 26.249899
251 0.098493 26.348392
252 0.097816 26.446208
253 0.098299 26.544507
254 0.100074 26.644581
255 0.099959 26.744540
256 0.100028 26.844568
257 0.099536 26.944104
258 0.098373 27.042477
259 0.099816 27.142293
260 0.101232 27.243525
261 0.101423 27.344948
262 0.099873 27.444821
263 0.100021 27.544842
264 0.100206 27.645048
265 0.098725 27.743773
266 0.099404 27.843177
267 0.098513 27.941690
268 0.098667 28.040357
269 0.107616 28.147973
270 0.100509 28.248482
271 0.107785 28.356267
272 0.100361 28.456628
273 0.139251 28.595879
274 0.100284 28.696163
275 0.099328 28.795491
276 0.100005 28.895496
277 0.110028 29.005524
278 0.100479 29.106003
279 0.099751 29.205754
280 0.109066 29.314820
281 0.100809 29.415629
282 0.098804 29.514433
283 0.099372 29.613805
284 0.098066 29.711871
285 0.098933 29.810804
286 0.099548 29.910352
287 0.100711 30.011063
288 0.103964 30.115027
289 0.104884 30.219911
290 0.099204 30.319115
291 0.099690 30.418805
292 0.099456 30.518261
293 0.097059 30.615320
294 0.098241 30.713561
295 0.098730 30.812291
296 0.098244 30.910535
297 0.099575 31.010110
298 0.097503 31.107613
299 0.098321 31.205934
300 0.098542 31.304476
301 0.098849 31.403325
302 0.099509 31.502834
303 0.097607 31.600441
304 0.098037 31.698478
305 0.098510 31.796988
306 0.097998 31.894986
307 0.095969 31.990955
308 0.097560 32.088515
309 0.098154 32.186669
310 0.098203 32.284872
311 0.098891 32.383763
312 0.097646 32.481409
313 0.098222 32.579631
314 0.097799 32.677430
315 0.097886 32.775316
316 0.097753 32.873069
317 0.098692 32.971761
318 0.097640 33.069401
319 0.098175 33.167576
320 0.099434 33.267010
321 0.099023 33.366033
322 0.098337 33.464370
323 0.099395 33.563765
324 0.097923 33.661688
325 0.098256 33.759944
326 0.100275 33.860219
327 0.099597 33.959816
328 0.098721 34.058537
329 0.099372 34.157909
330 0.100004 34.257913
331 0.099070 34.356983
332 0.100711 34.457694
333 0.098241 34.555935
334 0.102391 34.658326
335 0.102980 34.761306
336 0.097288 34.858594
337 0.098379 34.956973
338 0.098948 35.055921
339 0.099587 35.155508
340 0.098991 35.254499
341 0.098338 35.352837
342 0.099767 35.452604
343 0.098491 35.551095
344 0.106968 35.658063
345 0.099810 35.757873
346 0.098433 35.856306
347 0.099002 35.955308
348 0.099515 36.054823
349 0.099428 36.154251
350 0.099723 36.253974
351 0.099470 36.353444
352 0.101068 36.454512
353 0.098363 36.552875
354 0.098327 36.651202
355 0.098845 36.750047
356 0.098767 36.848814
357 0.098121 36.946935
358 0.100597 37.047532
359 0.100583 37.148115
360 0.097625 37.245740
361 0.098468 37.344208
362 0.098118 37.442326
363 0.097520 37.539846
364 0.096030 37.635876
365 0.097208 37.733084
366 0.099302 37.832386
367 0.098930 37.931316
368 0.098432 38.029748
369 0.098916 38.128664
370 0.104894 38.233558
371 0.097568 38.331126
372 0.098895 38.430021
373 0.099071 38.529092
374 0.099214 38.628306
375 0.099127 38.727433
376 0.098430 38.825863
377 0.098311 38.924174
378 0.190360 39.114534
379 0.099017 39.213551
380 0.097885 39.311436
381 0.097362 39.408798
382 0.097836 39.506634
383 0.098739 39.605373
384 0.098701 39.704074
385 0.096159 39.800233
386 0.097786 39.898019
387 0.098649 39.996668
388 0.099603 40.096271
389 0.103486 40.199757
390 0.098984 40.298741
391 0.103207 40.401948
392 0.099421 40.501369
393 0.097870 40.599239
394 0.098221 40.697460
395 0.098133 40.795593
396 0.098144 40.893737
397 0.098594 40.992331
398 0.099837 41.092168
399 0.099019 41.191187
400 0.104666 41.295853
401 0.097731 41.393584
402 0.097587 41.491171
403 0.097189 41.588360
404 0.098026 41.686386
405 0.096882 41.783268
406 0.098505 41.881773
407 0.097206 41.978979
408 0.097151 42.076130
409 0.098002 42.174132
410 0.096852 42.270984
411 0.098842 42.369826
412 0.098204 42.468030
413 0.097675 42.565705
414 0.098789 42.664494
415 0.097804 42.762298
416 0.097213 42.859511
417 0.095923 42.955434
418 0.097086 43.052520
419 0.097926 43.150446
420 0.097188 43.247634
421 0.097556 43.345190
422 0.097511 43.442701
423 0.097965 43.540666
424 0.098196 43.638862
425 0.100779 43.739641
426 0.097596 43.837237
427 0.100041 43.937278
428 0.099443 44.036721
429 0.099285 44.136006
430 0.098533 44.234539
431 0.097914 44.332453
432 0.098894 44.431347
433 0.098987 44.530334
434 0.099358 44.629692
435 0.097652 44.727344
436 0.098767 44.826111
437 0.099922 44.926033
438 0.099099 45.025132
439 0.103669 45.128801
440 0.098827 45.227628
441 0.098676 45.326304
442 0.098352 45.424656
443 0.098063 45.522719
444 0.099751 45.622470
445 0.098946 45.721416
446 0.097341 45.818757
447 0.098516 45.917273
448 0.098461 46.015734
449 0.099147 46.114881
450 0.098751 46.213632
451 0.098635 46.312267
452 0.101324 46.413591
453 0.098596 46.512187
454 0.123194 46.635381
455 0.099013 46.734394
456 0.098638 46.833032
457 0.099217 46.932249
458 0.098526 47.030775
459 0.098933 47.129708
460 0.100256 47.229964
461 0.100152 47.330116
462 0.099291 47.429407
463 0.099391 47.528798
464 0.099272 47.628070
465 0.099439 47.727509
466 0.098694 47.826203
467 0.099442 47.925645
468 0.097081 48.022726
469 0.097602 48.120328
470 0.098180 48.218508
471 0.098544 48.317052
472 0.097912 48.414964
473 0.096532 48.511496
474 0.098301 48.609797
475 0.099519 48.709316
476 0.098709 48.808025
477 0.099267 48.907292
478 0.098879 49.006171
479 0.105788 49.111959
480 0.099886 49.211845
481 0.098878 49.310723
482 0.098204 49.408927
483 0.099273 49.508200
484 0.099479 49.607679
485 0.099185 49.706864
486 0.115332 49.822196
487 0.098224 49.920420
488 0.098267 50.018687
489 0.099241 50.117928
490 0.099149 50.217077
491 0.098802 50.315879
492 0.130512 50.446391
493 0.099205 50.545596
494 0.097450 50.643046
495 0.098344 50.741390
496 0.098490 50.839880
497 0.098439 50.938319
498 0.098234 51.036553
499 0.097355 51.133908
500 0.097598 51.231506
501 0.098854 51.330360
502 0.098723 51.429083
503 0.099275 51.528358
504 0.099115 51.627473
505 0.098983 51.726456
506 0.099103 51.825559
507 0.098673 51.924232
508 0.104240 52.028472
509 0.098992 52.127464
510 0.098702 52.226166
511 0.099426 52.325592
512 0.099481 52.425073
513 0.098794 52.523867
514 0.098548 52.622415
515 0.097995 52.720410
516 0.097401 52.817811
517 0.098433 52.916244
518 0.098391 53.014635
519 0.098451 53.113086
520 0.097515 53.210601
521 0.098753 53.309354
522 0.098077 53.407431
523 0.105975 53.513406
524 0.098976 53.612382
525 0.098773 53.711155
526 0.098983 53.810138
527 0.098656 53.908794
528 0.098985 54.007779
529 0.098902 54.106681
530 0.098400 54.205081
531 0.099214 54.304295
532 0.098627 54.402922
533 0.097658 54.500580
534 0.098030 54.598610
535 0.099728 54.698338
536 0.098187 54.796525
537 0.098824 54.895349
538 0.098603 54.993952
539 0.099085 55.093037
540 0.098287 55.191324
541 0.098204 55.289528
542 0.098020 55.387548
543 0.098515 55.486063
544 0.108289 55.594352
545 0.098907 55.693259
546 0.098316 55.791575
547 0.099812 55.891387
548 0.099320 55.990707
549 0.099726 56.090433
550 0.105272 56.195705
551 0.102172 56.297877
552 0.097132 56.395009
553 0.097825 56.492834
554 0.098423 56.591257
555 0.099361 56.690618
556 0.102988 56.793606
557 0.099747 56.893353
558 0.098680 56.992033
559 0.099613 57.091646
560 0.098210 57.189856
561 0.098713 57.288569
562 0.098438 57.387007
563 0.098025 57.485032
564 0.097503 57.582535
565 0.099105 57.681640
566 0.099323 57.780963
567 0.098971 57.879934
568 0.101801 57.981735
569 0.099278 58.081013
570 0.098044 58.179057
571 0.096991 58.276048
572 0.097111 58.373159
573 0.098190 58.471349
574 0.096515 58.567864
575 0.097762 58.665626
576 0.097481 58.763107
577 0.097982 58.861089
578 0.097796 58.958885
579 0.096493 59.055378
580 0.097758 59.153136
581 0.099175 59.252311
582 0.097342 59.349653
583 0.098489 59.448142
584 0.099074 59.547216
585 0.098133 59.645349
586 0.097239 59.742588
587 0.097763 59.840351
588 0.098921 59.939272
589 0.096906 60.036178
590 0.097555 60.133733
591 0.097573 60.231306
592 0.100122 60.331428
593 0.099248 60.430676
594 0.100193 60.530869
595 0.100108 60.630977
596 0.099650 60.730627
597 0.100173 60.830800
598 0.099641 60.930441
599 0.100865 61.031306
600 0.099981 61.131287
601 0.098935 61.230222
602 0.098540 61.328762
603 0.100202 61.428964
604 0.099446 61.528410
605 0.099373 61.627783
606 0.099779 61.727562
607 0.099797 61.827359
608 0.099996 61.927355
609 0.100651 62.028006
610 0.100085 62.128091
611 0.100119 62.228210
612 0.100022 62.328232
613 0.105268 62.433500
614 0.099325 62.532825
615 0.098432 62.631257
616 0.098941 62.730198
617 0.099367 62.829565
618 0.099017 62.928582
619 0.099169 63.027751
620 0.099473 63.127224
621 0.100459 63.227683
622 0.099601 63.327284
623 0.100194 63.427478
624 0.104315 63.531793
625 0.100051 63.631844
626 0.100991 63.732835
627 0.101055 63.833890
628 0.098687 63.932577
629 0.099701 64.032278
630 0.099332 64.131610
631 0.099624 64.231234
632 0.098098 64.329332
633 0.103269 64.432601
634 0.101189 64.533790
635 0.098593 64.632383
636 0.100682 64.733065
637 0.097770 64.830835
638 0.101764 64.932599
639 0.096610 65.029209
640 0.096433 65.125642
641 0.098527 65.224169
642 0.099374 65.323543
643 0.098474 65.422017
644 0.097209 65.519226
645 0.097229 65.616455
646 0.097028 65.713483
647 0.097451 65.810934
648 0.097709 65.908643
649 0.097132 66.005775
650 0.097973 66.103748
651 0.097281 66.201029
652 0.096820 66.297849
653 0.097573 66.395422
654 0.097336 66.492758
655 0.097208 66.589966
656 0.098524 66.688490
657 0.098683 66.787173
658 0.098169 66.885342
659 0.096714 66.982056
660 0.096758 67.078814
661 0.098308 67.177122
662 0.097240 67.274362
663 0.097115 67.371477
664 0.096553 67.468030
665 0.097533 67.565563
666 0.097408 67.662971
667 0.097007 67.759978
668 0.097162 67.857140
669 0.103467 67.960607
670 0.096801 68.057408
671 0.098663 68.156071
672 0.098344 68.254415
673 0.097583 68.351998
674 0.097635 68.449633
675 0.098588 68.548221
676 0.096846 68.645067
677 0.097317 68.742384
678 0.098219 68.840603
679 0.097928 68.938531
680 0.096719 69.035250
681 0.096542 69.131792
682 0.097590 69.229382
683 0.097569 69.326951
684 0.099075 69.426026
685 0.104035 69.530061
686 0.098275 69.628336
687 0.097631 69.725967
688 0.098702 69.824669
689 0.098226 69.922895
690 0.097799 70.020694
691 0.097621 70.118315
692 0.105230 70.223545
693 0.103926 70.327471
694 0.100431 70.427902
695 0.099326 70.527228
696 0.099312 70.626540
697 0.099367 70.725907
698 0.099080 70.824987
699 0.098621 70.923608
700 0.099550 71.023158
701 0.100312 71.123470
702 0.098024 71.221494
703 0.098744 71.320238
704 0.096838 71.417076
705 0.096320 71.513396
706 0.102347 71.615743
707 0.097804 71.713547
708 0.097306 71.810853
709 0.104074 71.914927
710 0.097680 72.012607
711 0.104179 72.116786
done 711 0.000148 72.116934
