# instance vn2_3.3.vn_to_tree_2000.20.pn
# Settings: Namespace(PN='../../../instances/fmcad/in_json/tree_2000.20.pn', VDC='../../../instances/fmcad/in_json/vn2_3.3.vn', affinity=True, affinity_soft=True, allow_virtual_switches_in_switches=True, anti_affinity=True, assert_all_physical_edges=True, binary_search=True, bitblast_addition=False, bitblast_addition_shadow=False, conflict_limit=0, debug=False, decide_opt_lits=True, directed_links=False, flush_pb_theory=True, force_virtual_switches=False, ignore_ram_constraints=False, ignore_storage_constraints=False, intrinsic_edge_constraints=False, intrinsic_edge_sets=True, logfile=None, min_cores=False, min_servers=False, opt_conflict_limit=0, opt_time_limit=-1, popcount='BV', refine_flow=True, remove_all_flow_cycles=False, remove_common_bandwidth_factor=True, remove_flow_cycles=False, remove_flow_cycles_python=False, rnd_theory_freq=0.99, rnd_theory_order=False, separate_reach_constraints=False, static_flow_caps=True, theory_order_vsids=True, timelog='timelogs/fmcad13_vdcmapper_intrinsic-edge-sets-no-rnd-theory-order-theory-order-vsids-rnd-theory-freq-0-99_datacentertree_2000.20.pn_instance_vn2_3.3.vn.log', tree_addition=True, use_cover_for_refinement=True, use_min_cost_max_flow=False, vsids_balance=1, vsids_both=True)
init 11.042108 11.042108
1 1.224423 12.266531
2 0.649396 12.915927
3 0.644920 13.560847
4 0.779322 14.340169
5 0.789267 15.129436
6 0.670621 15.800057
7 0.670210 16.470267
8 0.673852 17.144119
9 0.671952 17.816071
10 0.728447 18.544518
11 0.799500 19.344018
12 1.370257 20.714275
13 1.133300 21.847575
14 0.814467 22.662042
15 0.891997 23.554039
16 0.780698 24.334737
17 0.890669 25.225406
18 0.696873 25.922279
19 0.721144 26.643423
20 0.691324 27.334747
21 1.000036 28.334783
22 0.714995 29.049778
23 0.721228 29.771006
24 0.788248 30.559254
25 0.773076 31.332330
26 0.704401 32.036731
27 1.137804 33.174535
28 0.776749 33.951284
29 0.773420 34.724704
30 0.724307 35.449011
31 1.102417 36.551428
32 0.689008 37.240436
33 0.708186 37.948622
34 0.717723 38.666345
35 0.721808 39.388153
36 0.674985 40.063138
37 0.756166 40.819304
38 2.574766 43.394070
39 0.723712 44.117782
40 1.762634 45.880416
41 0.753515 46.633931
42 0.754024 47.387955
43 0.838237 48.226192
44 1.165269 49.391461
45 0.702018 50.093479
46 1.789430 51.882909
47 0.721925 52.604834
48 0.746727 53.351561
49 0.779423 54.130984
50 0.836830 54.967814
51 0.778666 55.746480
52 0.693581 56.440061
53 0.716545 57.156606
54 0.729077 57.885683
55 1.085719 58.971402
56 0.892381 59.863783
57 1.028710 60.892493
58 1.684984 62.577477
59 0.757768 63.335245
60 0.862910 64.198155
61 0.800231 64.998386
62 0.865416 65.863802
63 0.963912 66.827714
64 0.722641 67.550355
65 0.769663 68.320018
66 0.807801 69.127819
67 0.827545 69.955364
68 0.802489 70.757853
69 0.923979 71.681832
70 3.553727 75.235559
71 0.896933 76.132492
72 0.832214 76.964706
73 0.817956 77.782662
74 0.917677 78.700339
75 1.296382 79.996721
76 0.755640 80.752361
77 0.845152 81.597513
78 0.765141 82.362654
79 0.920530 83.283184
80 0.906711 84.189895
81 0.898017 85.087912
82 0.981627 86.069539
83 0.771954 86.841493
84 1.109878 87.951371
85 0.837431 88.788802
86 0.748412 89.537214
87 0.726869 90.264083
88 0.760413 91.024496
89 0.804983 91.829479
90 0.803913 92.633392
91 0.748753 93.382145
92 0.875011 94.257156
93 0.770647 95.027803
94 0.753110 95.780913
95 0.791761 96.572674
96 0.973063 97.545737
97 1.147708 98.693445
98 1.512801 100.206246
99 0.750343 100.956589
100 0.769533 101.726122
101 1.266501 102.992623
102 0.774667 103.767290
103 0.726134 104.493424
104 1.007760 105.501184
105 1.038594 106.539778
106 1.057744 107.597522
107 0.741499 108.339021
108 1.157645 109.496666
109 0.743384 110.240050
110 1.041998 111.282048
111 1.073319 112.355367
112 1.098565 113.453932
113 1.284365 114.738297
114 0.751732 115.490029
115 1.665963 117.155992
116 0.788212 117.944204
117 0.886724 118.830928
118 0.899444 119.730372
119 0.854556 120.584928
120 0.761973 121.346901
121 0.754721 122.101622
122 0.857948 122.959570
123 0.825586 123.785156
124 0.834138 124.619294
125 1.116495 125.735789
126 0.851122 126.586911
127 1.173396 127.760307
128 1.171422 128.931729
129 0.903877 129.835606
130 0.766349 130.601955
131 2.406913 133.008868
132 0.949845 133.958713
133 0.755162 134.713875
134 0.784847 135.498722
135 1.023373 136.522095
136 1.196809 137.718904
137 0.747691 138.466595
138 0.865961 139.332556
139 0.792826 140.125382
140 0.852005 140.977387
141 0.871559 141.848946
142 0.757033 142.605979
143 0.728145 143.334124
144 0.724008 144.058132
145 0.740486 144.798618
146 0.768661 145.567279
147 1.054332 146.621611
148 1.027988 147.649599
149 2.041503 149.691102
150 0.747384 150.438486
151 0.831032 151.269518
152 1.130328 152.399846
153 0.781732 153.181578
154 0.917848 154.099426
155 0.748858 154.848284
156 1.081190 155.929474
157 0.750662 156.680136
158 0.755121 157.435257
159 0.789683 158.224940
160 1.771494 159.996434
161 0.829454 160.825888
162 0.758433 161.584321
163 0.831915 162.416236
164 0.794347 163.210583
165 0.730816 163.941399
166 0.841296 164.782695
167 0.730972 165.513667
168 1.141152 166.654819
169 0.790894 167.445713
170 1.768208 169.213921
171 0.746045 169.959966
172 1.053617 171.013583
173 0.766996 171.780579
174 0.761552 172.542131
175 0.992272 173.534403
176 0.847112 174.381515
177 1.300568 175.682083
178 0.751214 176.433297
179 0.803920 177.237217
180 0.771899 178.009116
181 0.793600 178.802716
182 0.823350 179.626066
183 1.525951 181.152017
184 1.255470 182.407487
185 0.819509 183.226996
186 0.768583 183.995579
187 0.889223 184.884802
188 1.076550 185.961352
189 0.928815 186.890167
190 0.781026 187.671193
191 0.812906 188.484099
192 1.006111 189.490210
193 0.755165 190.245375
194 0.756658 191.002033
195 0.806941 191.808974
196 0.765521 192.574495
197 0.771284 193.345779
198 0.954984 194.300763
199 0.862956 195.163719
200 0.769593 195.933312
201 0.813028 196.746340
202 1.065717 197.812057
203 0.887642 198.699699
204 0.977781 199.677480
205 0.808819 200.486299
206 0.838511 201.324810
207 0.750758 202.075568
208 0.837326 202.912894
209 0.882319 203.795213
210 0.763480 204.558693
211 0.761781 205.320474
212 0.810022 206.130496
213 0.984383 207.114879
214 0.777403 207.892282
215 0.767732 208.660014
216 0.937043 209.597057
217 0.758322 210.355379
218 0.957752 211.313131
219 1.126063 212.439194
220 1.044452 213.483646
221 0.746041 214.229687
222 0.805192 215.034879
223 0.770487 215.805366
224 1.529705 217.335071
225 0.756564 218.091635
226 1.170952 219.262587
227 0.754319 220.016906
228 0.749693 220.766599
229 1.610020 222.376619
230 0.893421 223.270040
231 1.085128 224.355168
232 1.025639 225.380807
233 0.908188 226.288995
234 0.884060 227.173055
235 0.879097 228.052152
236 1.515843 229.567995
237 0.760774 230.328769
238 0.861972 231.190741
239 0.760711 231.951452
240 0.768621 232.720073
241 0.758411 233.478484
242 0.762290 234.240774
243 0.770616 235.011390
244 1.411010 236.422400
245 1.027314 237.449714
246 0.796681 238.246395
247 0.827790 239.074185
248 0.764703 239.838888
249 1.153329 240.992217
250 0.776500 241.768717
251 0.945000 242.713717
252 0.788104 243.501821
253 0.833140 244.334961
254 0.750185 245.085146
255 4.349934 249.435080
256 0.756982 250.192062
257 0.791973 250.984035
258 0.847305 251.831340
259 0.931157 252.762497
260 0.797571 253.560068
261 0.783552 254.343620
262 0.868350 255.211970
263 0.758454 255.970424
264 0.841772 256.812196
265 0.858381 257.670577
266 0.765978 258.436555
267 0.786242 259.222797
268 1.419641 260.642438
269 0.949406 261.591844
270 0.773016 262.364860
271 0.886741 263.251601
272 0.753945 264.005546
273 1.201115 265.206661
274 0.757791 265.964452
275 1.413944 267.378396
276 0.752950 268.131346
277 1.092653 269.223999
278 0.755663 269.979662
279 0.889828 270.869490
280 0.766125 271.635615
281 0.818878 272.454493
282 1.005973 273.460466
283 0.829563 274.290029
284 0.781470 275.071499
285 1.118281 276.189780
286 2.212666 278.402446
287 5.921269 284.323715
288 0.729123 285.052838
289 1.367030 286.419868
290 1.264235 287.684103
291 0.763709 288.447812
292 1.333119 289.780931
293 0.787658 290.568589
294 0.763012 291.331601
295 0.758347 292.089948
296 0.837849 292.927797
297 0.760026 293.687823
298 0.772412 294.460235
299 0.837238 295.297473
300 0.799084 296.096557
301 0.925184 297.021741
302 0.817168 297.838909
303 0.760130 298.599039
304 0.811965 299.411004
305 1.488817 300.899821
306 0.794972 301.694793
307 0.861968 302.556761
308 0.758545 303.315306
309 0.860812 304.176118
310 0.758020 304.934138
311 1.354391 306.288529
312 0.962305 307.250834
313 0.868859 308.119693
314 1.542063 309.661756
315 0.756602 310.418358
316 1.355453 311.773811
317 0.753934 312.527745
318 0.795290 313.323035
319 0.764857 314.087892
320 0.769291 314.857183
321 0.755844 315.613027
322 0.768280 316.381307
323 0.751197 317.132504
324 0.774150 317.906654
325 0.752088 318.658742
326 0.805925 319.464667
327 1.045769 320.510436
328 0.912856 321.423292
329 0.761872 322.185164
330 1.135217 323.320381
331 0.805240 324.125621
332 1.251264 325.376885
333 0.764364 326.141249
334 0.796766 326.938015
335 0.747984 327.685999
336 0.771521 328.457520
337 0.925575 329.383095
338 0.753591 330.136686
339 0.856057 330.992743
340 0.762880 331.755623
341 0.767791 332.523414
342 1.077063 333.600477
343 0.792869 334.393346
344 1.425161 335.818507
345 0.798244 336.616751
346 2.650673 339.267424
347 0.759900 340.027324
348 0.795935 340.823259
349 0.857858 341.681117
350 1.071540 342.752657
351 0.762135 343.514792
352 0.921551 344.436343
353 0.788500 345.224843
354 0.757813 345.982656
355 0.897594 346.880250
356 0.943744 347.823994
357 1.062827 348.886821
358 2.542088 351.428909
359 0.828277 352.257186
360 0.761832 353.019018
361 1.234647 354.253665
362 1.368875 355.622540
363 1.041808 356.664348
364 1.132554 357.796902
365 0.761951 358.558853
366 0.765919 359.324772
367 0.877141 360.201913
368 0.766620 360.968533
369 0.777760 361.746293
370 0.756238 362.502531
371 0.771366 363.273897
372 0.775595 364.049492
373 1.048596 365.098088
374 3.529904 368.627992
375 0.863724 369.491716
376 0.759515 370.251231
377 0.967616 371.218847
378 0.886526 372.105373
379 0.767721 372.873094
380 0.761690 373.634784
381 1.351500 374.986284
382 0.757320 375.743604
383 0.768008 376.511612
384 0.757796 377.269408
385 0.905017 378.174425
386 0.925249 379.099674
387 0.962412 380.062086
388 0.768084 380.830170
389 0.868585 381.698755
390 1.019532 382.718287
391 0.748834 383.467121
392 0.819405 384.286526
393 0.777776 385.064302
394 1.552651 386.616953
395 0.867654 387.484607
396 0.761860 388.246467
397 1.373480 389.619947
398 0.809443 390.429390
399 0.785945 391.215335
400 0.962489 392.177824
401 0.930145 393.107969
402 0.816440 393.924409
403 1.020749 394.945158
404 1.036173 395.981331
405 0.783183 396.764514
406 1.181989 397.946503
407 0.779775 398.726278
408 0.752132 399.478410
409 0.835964 400.314374
410 0.753245 401.067619
411 0.837404 401.905023
412 0.852813 402.757836
413 1.266359 404.024195
414 0.762022 404.786217
415 0.788354 405.574571
416 0.784113 406.358684
417 0.814499 407.173183
418 0.760954 407.934137
419 0.770019 408.704156
420 0.761038 409.465194
421 0.789234 410.254428
422 0.751791 411.006219
423 1.570015 412.576234
424 0.763409 413.339643
425 0.767687 414.107330
426 0.752497 414.859827
427 0.783715 415.643542
428 0.775013 416.418555
429 1.783425 418.201980
430 1.101829 419.303809
431 0.758674 420.062483
432 1.312904 421.375387
433 1.197098 422.572485
434 1.018935 423.591420
435 0.762188 424.353608
436 2.688545 427.042153
437 0.783881 427.826034
438 0.754588 428.580622
439 0.765178 429.345800
440 0.772427 430.118227
441 0.756910 430.875137
442 0.970142 431.845279
443 0.753970 432.599249
444 0.817142 433.416391
445 0.770956 434.187347
446 0.764486 434.951833
447 0.895400 435.847233
448 1.135341 436.982574
449 0.759017 437.741591
450 0.757643 438.499234
451 1.202009 439.701243
452 0.769994 440.471237
453 0.874224 441.345461
454 0.752023 442.097484
455 1.124685 443.222169
456 1.020512 444.242681
457 0.828077 445.070758
458 0.908043 445.978801
459 0.811932 446.790733
460 0.846381 447.637114
461 0.760149 448.397263
462 0.944203 449.341466
463 0.754744 450.096210
464 0.771736 450.867946
465 1.900394 452.768340
466 0.754014 453.522354
467 1.177460 454.699814
468 0.786540 455.486354
469 0.807212 456.293566
470 0.769107 457.062673
471 1.076200 458.138873
472 0.760109 458.898982
473 0.817399 459.716381
474 0.758431 460.474812
475 0.756269 461.231081
476 0.801408 462.032489
477 0.778004 462.810493
478 0.818375 463.628868
479 0.770371 464.399239
480 1.092001 465.491240
481 0.784200 466.275440
482 0.823260 467.098700
483 0.874048 467.972748
484 0.998169 468.970917
485 0.756191 469.727108
486 0.758143 470.485251
487 0.756041 471.241292
488 0.932815 472.174107
489 1.382141 473.556248
490 0.757417 474.313665
491 1.028839 475.342504
492 0.759232 476.101736
493 1.038687 477.140423
494 0.775642 477.916065
495 0.818840 478.734905
496 0.757393 479.492298
497 1.137123 480.629421
498 0.915047 481.544468
499 0.973536 482.518004
500 0.807279 483.325283
501 0.753048 484.078331
502 0.903360 484.981691
503 0.775683 485.757374
504 0.830126 486.587500
505 0.777902 487.365402
506 0.841617 488.207019
507 2.230714 490.437733
508 0.767027 491.204760
509 0.793533 491.998293
510 0.759952 492.758245
511 0.790841 493.549086
512 0.782525 494.331611
513 1.178465 495.510076
514 0.754639 496.264715
515 0.878353 497.143068
516 0.938666 498.081734
517 0.869972 498.951706
518 0.769937 499.721643
519 1.330833 501.052476
520 0.997626 502.050102
521 0.750763 502.800865
522 1.074633 503.875498
523 1.090631 504.966129
524 0.836459 505.802588
525 1.079704 506.882292
526 0.747988 507.630280
527 0.801361 508.431641
528 0.752878 509.184519
529 0.760603 509.945122
530 0.877301 510.822423
531 0.760061 511.582484
532 0.782370 512.364854
533 0.839548 513.204402
534 0.758990 513.963392
535 0.825819 514.789211
536 0.773323 515.562534
537 0.936406 516.498940
538 0.753753 517.252693
539 0.801277 518.053970
540 0.767750 518.821720
541 0.755401 519.577121
542 0.789630 520.366751
543 0.766600 521.133351
544 0.777960 521.911311
545 0.768932 522.680243
546 0.888544 523.568787
547 0.835599 524.404386
548 0.767512 525.171898
549 0.991194 526.163092
550 0.811864 526.974956
551 0.896835 527.871791
552 1.986257 529.858048
553 1.082518 530.940566
554 0.802693 531.743259
555 0.754400 532.497659
556 0.756954 533.254613
557 1.207745 534.462358
558 2.152640 536.614998
559 0.938286 537.553284
560 0.985355 538.538639
561 0.754622 539.293261
562 0.863202 540.156463
563 1.129456 541.285919
564 0.752420 542.038339
565 0.768993 542.807332
566 0.808500 543.615832
567 0.799104 544.414936
568 0.760793 545.175729
569 0.759585 545.935314
570 0.819892 546.755206
571 0.751124 547.506330
572 0.773588 548.279918
573 0.757961 549.037879
574 0.997502 550.035381
575 1.091740 551.127121
576 0.791448 551.918569
577 2.200811 554.119380
578 0.845352 554.964732
579 0.753546 555.718278
580 0.755894 556.474172
581 0.763001 557.237173
582 0.760399 557.997572
583 0.829467 558.827039
584 0.809342 559.636381
585 0.785001 560.421382
586 0.766261 561.187643
587 0.755158 561.942801
588 0.748864 562.691665
589 0.812315 563.503980
590 0.796632 564.300612
591 0.766533 565.067145
592 0.748520 565.815665
593 0.770063 566.585728
594 1.712248 568.297976
595 0.765362 569.063338
596 0.827484 569.890822
597 0.756052 570.646874
598 1.262756 571.909630
599 0.754285 572.663915
600 0.774290 573.438205
601 0.749270 574.187475
602 0.768143 574.955618
603 0.746651 575.702269
604 0.740599 576.442868
605 0.742245 577.185113
606 0.748859 577.933972
607 0.795072 578.729044
608 0.873515 579.602559
609 1.104846 580.707405
610 1.165518 581.872923
611 0.769666 582.642589
612 1.905077 584.547666
613 4.371777 588.919443
614 0.830727 589.750170
615 1.419415 591.169585
616 1.191336 592.360921
617 0.933321 593.294242
618 1.321420 594.615662
619 1.482630 596.098292
620 0.809617 596.907909
621 0.942503 597.850412
622 1.063651 598.914063
623 0.997131 599.911194
624 0.763776 600.674970
625 1.008618 601.683588
626 0.756991 602.440579
627 0.784492 603.225071
628 0.850850 604.075921
629 1.151005 605.226926
630 0.788117 606.015043
631 0.779207 606.794250
632 0.864370 607.658620
633 0.886215 608.544835
634 0.781337 609.326172
635 0.864466 610.190638
636 0.769141 610.959779
637 0.761240 611.721019
638 1.353042 613.074061
639 0.893629 613.967690
640 1.029480 614.997170
641 0.756310 615.753480
642 0.790073 616.543553
643 0.825565 617.369118
644 0.779609 618.148727
645 1.808455 619.957182
646 0.837439 620.794621
647 0.845311 621.639932
648 0.781739 622.421671
649 0.763820 623.185491
650 0.950007 624.135498
651 0.911865 625.047363
652 0.751754 625.799117
653 0.773162 626.572279
654 0.768068 627.340347
655 0.789585 628.129932
656 0.778341 628.908273
657 0.844849 629.753122
658 0.756173 630.509295
659 0.814279 631.323574
660 0.751194 632.074768
661 0.758542 632.833310
662 0.870982 633.704292
663 0.752356 634.456648
664 0.793617 635.250265
665 0.751582 636.001847
666 1.101332 637.103179
667 1.206649 638.309828
668 1.383714 639.693542
669 0.792611 640.486153
670 1.110439 641.596592
671 0.877537 642.474129
672 1.038803 643.512932
673 0.901859 644.414791
674 0.773668 645.188459
675 0.794011 645.982470
676 0.769425 646.751895
677 1.761856 648.513751
678 0.789595 649.303346
679 0.764487 650.067833
680 0.781118 650.848951
681 0.778797 651.627748
682 0.995287 652.623035
683 0.788825 653.411860
684 0.776796 654.188656
685 0.789801 654.978457
686 0.774932 655.753389
687 0.790855 656.544244
688 0.779022 657.323266
689 0.809502 658.132768
690 0.778390 658.911158
691 0.761294 659.672452
692 0.770663 660.443115
693 0.983786 661.426901
694 0.769612 662.196513
695 1.000928 663.197441
696 0.770915 663.968356
697 0.761053 664.729409
698 0.807089 665.536498
699 0.775150 666.311648
700 0.768926 667.080574
701 0.765170 667.845744
702 0.837011 668.682755
703 0.921001 669.603756
704 0.757863 670.361619
705 0.898888 671.260507
706 0.756617 672.017124
707 0.756634 672.773758
708 0.756638 673.530396
709 0.807955 674.338351
710 0.782794 675.121145
711 0.766509 675.887654
712 0.738799 676.626453
713 0.805338 677.431791
714 0.752630 678.184421
715 0.750357 678.934778
716 0.753765 679.688543
717 0.750490 680.439033
718 0.749405 681.188438
719 0.841746 682.030184
720 0.892194 682.922378
721 0.831609 683.753987
722 0.745901 684.499888
723 0.743162 685.243050
724 0.745708 685.988758
725 1.640435 687.629193
726 0.868093 688.497286
727 0.911497 689.408783
728 0.810092 690.218875
729 0.856209 691.075084
730 0.761977 691.837061
731 0.746130 692.583191
732 0.800414 693.383605
733 0.902490 694.286095
734 0.746375 695.032470
735 1.107838 696.140308
736 0.810632 696.950940
737 0.761508 697.712448
738 0.754929 698.467377
739 0.744386 699.211763
740 0.783889 699.995652
741 0.742843 700.738495
742 0.787278 701.525773
743 0.911228 702.437001
744 0.761476 703.198477
745 0.738993 703.937470
746 0.781075 704.718545
747 0.755119 705.473664
748 0.753709 706.227373
749 0.752211 706.979584
750 0.817338 707.796922
751 0.804405 708.601327
752 0.750452 709.351779
753 0.927959 710.279738
754 0.804841 711.084579
755 0.743665 711.828244
756 0.868698 712.696942
757 0.759086 713.456028
758 0.912434 714.368462
759 1.089827 715.458289
760 0.740386 716.198675
761 0.828683 717.027358
762 0.923253 717.950611
763 0.875961 718.826572
764 0.749636 719.576208
765 0.742341 720.318549
766 0.747538 721.066087
767 0.752946 721.819033
768 0.744087 722.563120
769 0.809726 723.372846
770 2.207584 725.580430
771 1.087203 726.667633
772 0.806875 727.474508
773 0.806830 728.281338
774 0.746948 729.028286
775 0.742450 729.770736
776 0.742108 730.512844
777 0.955157 731.468001
778 0.743389 732.211390
779 1.432875 733.644265
780 1.361688 735.005953
781 0.749131 735.755084
782 0.744341 736.499425
783 0.743960 737.243385
784 0.801781 738.045166
785 0.750515 738.795681
786 0.745358 739.541039
787 1.075445 740.616484
788 0.736677 741.353161
789 0.741947 742.095108
790 0.868899 742.964007
791 0.742549 743.706556
792 0.757198 744.463754
793 0.749447 745.213201
794 0.836054 746.049255
795 0.747873 746.797128
796 0.776719 747.573847
797 0.741430 748.315277
798 0.741873 749.057150
799 0.751921 749.809071
800 0.746415 750.555486
801 0.824484 751.379970
802 0.762740 752.142710
803 0.737010 752.879720
804 0.762635 753.642355
805 0.742081 754.384436
806 0.744810 755.129246
807 0.743939 755.873185
808 0.740159 756.613344
809 0.739927 757.353271
810 0.744278 758.097549
811 0.741626 758.839175
812 0.741027 759.580202
813 0.741209 760.321411
814 0.752256 761.073667
815 0.844277 761.917944
816 0.742443 762.660387
817 0.739763 763.400150
818 0.744322 764.144472
819 1.201568 765.346040
820 0.740103 766.086143
821 0.824041 766.910184
822 0.818281 767.728465
823 0.751623 768.480088
824 0.872814 769.352902
825 1.443870 770.796772
826 0.735512 771.532284
827 1.024906 772.557190
828 1.081579 773.638769
829 0.744906 774.383675
830 0.742698 775.126373
831 0.984705 776.111078
832 0.738595 776.849673
833 0.846075 777.695748
834 1.100464 778.796212
835 0.781345 779.577557
836 0.779554 780.357111
837 1.001553 781.358664
838 0.767571 782.126235
839 0.735278 782.861513
840 0.808614 783.670127
841 0.775352 784.445479
842 0.816620 785.262099
843 0.957335 786.219434
844 1.535228 787.754662
845 0.741033 788.495695
846 0.859125 789.354820
847 0.743299 790.098119
848 1.018092 791.116211
849 0.802362 791.918573
850 3.822342 795.740915
851 0.738741 796.479656
852 0.731929 797.211585
853 0.863884 798.075469
854 1.122394 799.197863
855 0.800564 799.998427
856 0.902282 800.900709
857 0.753003 801.653712
858 0.733942 802.387654
859 0.795440 803.183094
860 0.802838 803.985932
861 0.720371 804.706303
862 0.726089 805.432392
863 0.733123 806.165515
864 0.726417 806.891932
865 0.725580 807.617512
866 0.838381 808.455893
867 0.730494 809.186387
868 0.739381 809.925768
869 1.302032 811.227800
870 0.808379 812.036179
871 1.122524 813.158703
872 0.741081 813.899784
873 0.728652 814.628436
874 0.746961 815.375397
875 0.732017 816.107414
876 0.732919 816.840333
877 0.734104 817.574437
878 0.738145 818.312582
879 0.803867 819.116449
880 0.735880 819.852329
881 0.734279 820.586608
882 0.756753 821.343361
883 0.729969 822.073330
884 0.798191 822.871521
885 0.742430 823.613951
886 0.769385 824.383336
887 0.798485 825.181821
888 0.838892 826.020713
done 888 0.947716 826.968429
