# instance vn2_3.2.vn_to_tree_400.20.pn
# Settings: Namespace(PN='../../../instances/fmcad/in_json/tree_400.20.pn', VDC='../../../instances/fmcad/in_json/vn2_3.2.vn', affinity=True, affinity_soft=True, allow_virtual_switches_in_switches=True, anti_affinity=True, assert_all_physical_edges=True, binary_search=True, bitblast_addition=False, bitblast_addition_shadow=False, conflict_limit=0, debug=False, decide_opt_lits=True, directed_links=False, flush_pb_theory=True, force_virtual_switches=False, ignore_ram_constraints=False, ignore_storage_constraints=False, intrinsic_edge_constraints=False, intrinsic_edge_sets=True, logfile=None, min_cores=False, min_servers=False, opt_conflict_limit=0, opt_time_limit=-1, popcount='BV', refine_flow=True, remove_all_flow_cycles=False, remove_common_bandwidth_factor=True, remove_flow_cycles=False, remove_flow_cycles_python=False, rnd_theory_freq=0.99, rnd_theory_order=False, separate_reach_constraints=False, static_flow_caps=True, theory_order_vsids=True, timelog='timelogs/fmcad13_vdcmapper_intrinsic-edge-sets-no-rnd-theory-order-theory-order-vsids-rnd-theory-freq-0-99_datacentertree_400.20.pn_instance_vn2_3.2.vn.log', tree_addition=True, use_cover_for_refinement=True, use_min_cost_max_flow=False, vsids_balance=1, vsids_both=True)
init 2.494798 2.494798
1 0.246417 2.741215
2 0.149617 2.890832
3 0.148267 3.039099
4 0.150013 3.189112
5 0.214515 3.403627
6 0.160076 3.563703
7 0.240628 3.804331
8 0.156869 3.961200
9 0.161268 4.122468
10 0.154519 4.276987
11 0.156132 4.433119
12 0.156707 4.589826
13 0.174695 4.764521
14 0.166440 4.930961
15 0.165534 5.096495
16 0.157804 5.254299
17 0.166520 5.420819
18 0.156325 5.577144
19 0.161727 5.738871
20 0.161526 5.900397
21 0.162333 6.062730
22 0.160578 6.223308
23 0.160319 6.383627
24 0.156966 6.540593
25 0.176073 6.716666
26 0.164392 6.881058
27 0.157223 7.038281
28 0.160742 7.199023
29 0.160429 7.359452
30 0.156140 7.515592
31 0.157187 7.672779
32 0.174072 7.846851
33 0.157416 8.004267
34 0.181196 8.185463
35 0.158803 8.344266
36 0.156346 8.500612
37 0.164824 8.665436
38 0.163557 8.828993
39 0.157792 8.986785
40 0.159892 9.146677
41 0.181916 9.328593
42 0.287268 9.615861
43 0.160095 9.775956
44 0.166126 9.942082
45 0.161697 10.103779
46 0.155604 10.259383
47 0.157542 10.416925
48 0.162395 10.579320
49 0.159595 10.738915
50 0.158489 10.897404
51 0.182033 11.079437
52 0.164239 11.243676
53 0.158597 11.402273
54 0.164004 11.566277
55 0.172555 11.738832
56 0.175555 11.914387
57 0.168407 12.082794
58 0.166018 12.248812
59 0.155574 12.404386
60 0.164172 12.568558
61 0.157825 12.726383
62 0.181512 12.907895
63 0.158857 13.066752
64 0.168385 13.235137
65 0.158358 13.393495
66 0.157941 13.551436
67 0.157643 13.709079
68 0.331248 14.040327
69 0.159301 14.199628
70 0.158889 14.358517
71 0.175236 14.533753
72 0.157419 14.691172
73 0.211280 14.902452
74 0.164153 15.066605
75 0.164351 15.230956
76 0.160413 15.391369
77 0.177798 15.569167
78 0.160606 15.729773
79 0.159954 15.889727
80 0.164274 16.054001
81 0.160898 16.214899
82 0.220190 16.435089
83 0.159472 16.594561
84 0.166940 16.761501
85 0.159311 16.920812
86 0.157414 17.078226
87 0.158620 17.236846
88 0.159671 17.396517
89 0.161143 17.557660
90 0.159105 17.716765
91 0.158484 17.875249
92 0.158162 18.033411
93 0.158807 18.192218
94 0.156415 18.348633
95 0.162528 18.511161
96 0.164762 18.675923
97 0.170701 18.846624
98 0.159810 19.006434
99 0.194480 19.200914
100 0.162074 19.362988
101 0.160757 19.523745
102 0.178291 19.702036
103 0.165844 19.867880
104 0.162114 20.029994
105 0.159644 20.189638
106 0.158210 20.347848
107 0.158830 20.506678
108 0.156671 20.663349
109 0.182283 20.845632
110 0.164153 21.009785
111 0.157654 21.167439
112 0.158577 21.326016
113 0.160586 21.486602
114 0.163447 21.650049
115 0.158091 21.808140
116 0.177246 21.985386
117 0.157517 22.142903
118 0.156922 22.299825
119 0.168579 22.468404
120 0.159643 22.628047
121 0.159409 22.787456
122 0.160192 22.947648
123 0.160275 23.107923
124 0.238296 23.346219
125 0.161252 23.507471
126 0.157497 23.664968
127 0.158094 23.823062
128 0.166869 23.989931
129 0.160828 24.150759
130 0.159730 24.310489
131 0.157568 24.468057
132 0.159539 24.627596
133 0.157682 24.785278
134 0.157678 24.942956
135 0.180788 25.123744
136 0.158743 25.282487
137 0.158748 25.441235
138 0.188387 25.629622
139 0.157618 25.787240
140 0.166150 25.953390
141 0.158420 26.111810
142 0.156861 26.268671
143 0.168880 26.437551
144 0.162753 26.600304
145 0.157538 26.757842
146 0.159799 26.917641
147 0.158122 27.075763
148 0.157851 27.233614
149 0.156931 27.390545
150 0.155808 27.546353
151 0.156239 27.702592
152 0.167050 27.869642
153 0.156368 28.026010
154 0.156357 28.182367
155 0.157119 28.339486
156 0.165718 28.505204
157 0.157025 28.662229
158 0.184083 28.846312
159 0.157144 29.003456
160 0.156773 29.160229
161 0.156251 29.316480
162 0.157592 29.474072
163 0.156257 29.630329
164 0.156724 29.787053
165 0.156751 29.943804
166 0.158913 30.102717
167 0.154735 30.257452
168 0.157361 30.414813
169 0.155324 30.570137
170 0.155985 30.726122
171 0.154710 30.880832
172 0.155947 31.036779
173 0.168079 31.204858
174 0.153075 31.357933
175 0.155374 31.513307
176 0.154571 31.667878
177 0.152602 31.820480
done 177 0.026624 31.847104
