# instance vn2_3.2.vn_to_tree16_2000.20.pn
# Settings: Namespace(PN='../../../instances/fmcad/in_json/tree16_2000.20.pn', VDC='../../../instances/fmcad/in_json/vn2_3.2.vn', affinity=True, affinity_soft=True, allow_virtual_switches_in_switches=True, anti_affinity=True, assert_all_physical_edges=True, binary_search=True, bitblast_addition=False, bitblast_addition_shadow=False, conflict_limit=0, debug=False, decide_opt_lits=True, directed_links=False, flush_pb_theory=True, force_virtual_switches=False, ignore_ram_constraints=False, ignore_storage_constraints=False, intrinsic_edge_constraints=False, intrinsic_edge_sets=True, logfile=None, min_cores=False, min_servers=False, opt_conflict_limit=0, opt_time_limit=-1, popcount='BV', refine_flow=True, remove_all_flow_cycles=False, remove_common_bandwidth_factor=True, remove_flow_cycles=False, remove_flow_cycles_python=False, rnd_theory_freq=0.99, rnd_theory_order=False, separate_reach_constraints=False, static_flow_caps=True, theory_order_vsids=True, timelog='timelogs/fmcad13_vdcmapper_intrinsic-edge-sets-no-rnd-theory-order-theory-order-vsids-rnd-theory-freq-0-99_datacentertree16_2000.20.pn_instance_vn2_3.2.vn.log', tree_addition=True, use_cover_for_refinement=True, use_min_cost_max_flow=False, vsids_balance=1, vsids_both=True)
init 13.597195 13.597195
1 0.966816 14.564011
2 0.787932 15.351943
3 0.771705 16.123648
4 0.811902 16.935550
5 0.769571 17.705121
6 0.800339 18.505460
7 0.788914 19.294374
8 0.828578 20.122952
9 0.771871 20.894823
10 0.805362 21.700185
11 0.772347 22.472532
12 0.806610 23.279142
13 0.774419 24.053561
14 0.805433 24.858994
15 0.795535 25.654529
16 0.827276 26.481805
17 0.842494 27.324299
18 0.856958 28.181257
19 0.795625 28.976882
20 0.841572 29.818454
21 0.790720 30.609174
22 0.869248 31.478422
23 0.849858 32.328280
24 0.873712 33.201992
25 0.855991 34.057983
26 0.874084 34.932067
27 0.855939 35.788006
28 0.866855 36.654861
29 1.046897 37.701758
30 0.862577 38.564335
31 1.014809 39.579144
32 0.905473 40.484617
33 0.872670 41.357287
34 0.920026 42.277313
35 0.820122 43.097435
36 0.878044 43.975479
37 0.903711 44.879190
38 1.024827 45.904017
39 1.075854 46.979871
40 0.890502 47.870373
41 0.887078 48.757451
42 0.895308 49.652759
43 0.894913 50.547672
44 0.885768 51.433440
45 0.895276 52.328716
46 1.227759 53.556475
47 0.846733 54.403208
48 0.834482 55.237690
49 0.983547 56.221237
50 0.939266 57.160503
51 0.913195 58.073698
52 0.856609 58.930307
53 1.399281 60.329588
54 0.843984 61.173572
55 0.853580 62.027152
56 0.839594 62.866746
57 0.856163 63.722909
58 0.844773 64.567682
59 0.939235 65.506917
60 0.833462 66.340379
61 0.893076 67.233455
62 0.860968 68.094423
63 0.838287 68.932710
64 0.861500 69.794210
65 1.116756 70.910966
66 0.871683 71.782649
67 0.832604 72.615253
68 0.969874 73.585127
69 0.831978 74.417105
70 1.064702 75.481807
71 1.248503 76.730310
72 1.215926 77.946236
73 0.841014 78.787250
74 0.998783 79.786033
75 0.860426 80.646459
76 0.844378 81.490837
77 0.865495 82.356332
78 0.948801 83.305133
79 0.859563 84.164696
80 0.875426 85.040122
81 0.865373 85.905495
82 1.065459 86.970954
83 0.909604 87.880558
84 0.862390 88.742948
85 0.876583 89.619531
86 0.845497 90.465028
87 0.957247 91.422275
88 1.139213 92.561488
89 0.844547 93.406035
90 0.868238 94.274273
91 1.005787 95.280060
92 0.891640 96.171700
93 0.913404 97.085104
94 0.850408 97.935512
95 0.842105 98.777617
96 1.124843 99.902460
97 0.853256 100.755716
98 0.861064 101.616780
99 0.914324 102.531104
100 1.391333 103.922437
101 0.842314 104.764751
102 1.069971 105.834722
103 0.850161 106.684883
104 0.933558 107.618441
105 0.847012 108.465453
106 0.978511 109.443964
107 0.869749 110.313713
108 0.888158 111.201871
109 0.956692 112.158563
110 1.030987 113.189550
111 1.116052 114.305602
112 0.938406 115.244008
113 0.894903 116.138911
114 0.912856 117.051767
115 1.140468 118.192235
116 0.874492 119.066727
117 1.896576 120.963303
118 1.108117 122.071420
119 0.860479 122.931899
120 0.867741 123.799640
121 1.452821 125.252461
122 0.878778 126.131239
123 0.849855 126.981094
124 1.040153 128.021247
125 0.850675 128.871922
126 0.924948 129.796870
127 1.679858 131.476728
128 0.852394 132.329122
129 0.857930 133.187052
130 0.836464 134.023516
131 1.214982 135.238498
132 1.034238 136.272736
133 1.165910 137.438646
134 0.988047 138.426693
135 0.902824 139.329517
136 1.063292 140.392809
137 0.842704 141.235513
138 0.864149 142.099662
139 1.985976 144.085638
140 1.083752 145.169390
141 0.868371 146.037761
142 0.875094 146.912855
143 1.440079 148.352934
144 1.291719 149.644653
145 0.859027 150.503680
146 0.979682 151.483362
147 1.449116 152.932478
148 0.857766 153.790244
149 0.853841 154.644085
150 2.679732 157.323817
151 0.888630 158.212447
152 0.861455 159.073902
153 0.871400 159.945302
154 0.891897 160.837199
155 0.963285 161.800484
156 1.401775 163.202259
157 0.863445 164.065704
158 0.872121 164.937825
159 1.074089 166.011914
160 0.877536 166.889450
161 0.867398 167.756848
162 0.955510 168.712358
163 0.881895 169.594253
164 0.841136 170.435389
165 0.944448 171.379837
166 0.863201 172.243038
167 0.886933 173.129971
168 0.865544 173.995515
169 0.883011 174.878526
170 0.867367 175.745893
171 0.883243 176.629136
172 0.862082 177.491218
173 0.867698 178.358916
174 0.849650 179.208566
175 3.787844 182.996410
176 1.588523 184.584933
177 0.889946 185.474879
178 1.000258 186.475137
179 0.868336 187.343473
180 0.839862 188.183335
181 1.190587 189.373922
182 0.864982 190.238904
183 0.936485 191.175389
184 0.866126 192.041515
185 0.881646 192.923161
186 0.865748 193.788909
187 0.893085 194.681994
188 0.973222 195.655216
189 1.058779 196.713995
190 0.863441 197.577436
191 0.873069 198.450505
192 0.893730 199.344235
193 0.875170 200.219405
194 0.882522 201.101927
195 0.890431 201.992358
196 1.102561 203.094919
197 0.894904 203.989823
198 0.883761 204.873584
199 0.888441 205.762025
200 0.866902 206.628927
201 1.087370 207.716297
202 0.874875 208.591172
203 0.876993 209.468165
204 0.894605 210.362770
205 1.448915 211.811685
206 0.899206 212.710891
207 1.065896 213.776787
208 1.317135 215.093922
209 0.989699 216.083621
210 0.862329 216.945950
211 0.875608 217.821558
212 0.865062 218.686620
213 0.886357 219.572977
214 0.871785 220.444762
215 0.898650 221.343412
216 1.104519 222.447931
217 0.925339 223.373270
218 0.937925 224.311195
219 0.891279 225.202474
220 0.894738 226.097212
221 0.966027 227.063239
222 0.890247 227.953486
223 0.895814 228.849300
224 0.882841 229.732141
225 0.906797 230.638938
226 0.898074 231.537012
227 0.894319 232.431331
228 0.866659 233.297990
229 0.935401 234.233391
230 0.858887 235.092278
231 0.893615 235.985893
232 0.905517 236.891410
233 0.883110 237.774520
234 0.923192 238.697712
235 0.941659 239.639371
236 0.861338 240.500709
237 0.906176 241.406885
238 0.855287 242.262172
239 0.872742 243.134914
240 1.227147 244.362061
241 1.495332 245.857393
242 0.914000 246.771393
243 0.952443 247.723836
244 3.983138 251.706974
245 0.866722 252.573696
246 0.909284 253.482980
247 0.892798 254.375778
248 0.888318 255.264096
249 0.898045 256.162141
250 1.717077 257.879218
251 1.114218 258.993436
252 0.885431 259.878867
253 0.892742 260.771609
254 0.999677 261.771286
255 0.878690 262.649976
256 0.912300 263.562276
257 1.333679 264.895955
258 0.916615 265.812570
259 1.192340 267.004910
260 1.041300 268.046210
261 1.446059 269.492269
262 1.958926 271.451195
263 0.915760 272.366955
264 0.891004 273.257959
265 0.935854 274.193813
266 1.995272 276.189085
267 1.109722 277.298807
268 1.017225 278.316032
269 0.888751 279.204783
270 0.901372 280.106155
271 0.905093 281.011248
272 0.895975 281.907223
273 0.903611 282.810834
274 0.957501 283.768335
275 0.963463 284.731798
276 0.869033 285.600831
277 0.903242 286.504073
278 0.975237 287.479310
279 2.260390 289.739700
280 1.097957 290.837657
281 1.185816 292.023473
282 0.880113 292.903586
283 1.283491 294.187077
284 0.936400 295.123477
285 0.934582 296.058059
286 1.565488 297.623547
287 0.935296 298.558843
288 1.087107 299.645950
289 0.939590 300.585540
290 0.906361 301.491901
291 0.997825 302.489726
292 1.332405 303.822131
293 0.972569 304.794700
294 1.047506 305.842206
295 0.962896 306.805102
296 0.916888 307.721990
297 0.937045 308.659035
298 0.977047 309.636082
299 2.377737 312.013819
300 1.781321 313.795140
301 0.897075 314.692215
302 1.161359 315.853574
303 1.112885 316.966459
304 0.924423 317.890882
305 0.930448 318.821330
306 0.986396 319.807726
307 1.330777 321.138503
308 2.050394 323.188897
309 1.175047 324.363944
310 0.908159 325.272103
311 1.231866 326.503969
312 1.351962 327.855931
313 0.907158 328.763089
314 0.904872 329.667961
315 0.924835 330.592796
316 1.061498 331.654294
317 1.172232 332.826526
318 2.306964 335.133490
319 1.045450 336.178940
320 0.970954 337.149894
321 1.104456 338.254350
322 1.112795 339.367145
323 0.988660 340.355805
324 1.162897 341.518702
325 1.482710 343.001412
326 0.931316 343.932728
327 0.914214 344.846942
328 1.101536 345.948478
329 0.909071 346.857549
330 1.547476 348.405025
331 0.948669 349.353694
332 0.935799 350.289493
333 2.600288 352.889781
334 0.969299 353.859080
335 0.932539 354.791619
336 1.030583 355.822202
337 0.933249 356.755451
338 1.104932 357.860383
339 1.112519 358.972902
340 1.024325 359.997227
341 1.254694 361.251921
342 0.926720 362.178641
343 0.918513 363.097154
344 1.381131 364.478285
345 1.232539 365.710824
346 0.947022 366.657846
347 0.928821 367.586667
348 1.020955 368.607622
349 1.452387 370.060009
350 2.104273 372.164282
351 1.536415 373.700697
352 0.946334 374.647031
353 1.052083 375.699114
354 0.997570 376.696684
355 1.549666 378.246350
356 1.665898 379.912248
357 2.687856 382.600104
358 1.027134 383.627238
359 0.921536 384.548774
360 0.949060 385.497834
361 2.405679 387.903513
362 1.963386 389.866899
363 1.034401 390.901300
364 0.956838 391.858138
365 0.954707 392.812845
366 0.945457 393.758302
367 1.024762 394.783064
368 1.087731 395.870795
369 1.268578 397.139373
370 0.925251 398.064624
371 1.040885 399.105509
372 1.022380 400.127889
373 1.993102 402.120991
374 0.939581 403.060572
375 1.279506 404.340078
376 0.972716 405.312794
377 0.943128 406.255922
378 1.482000 407.737922
379 1.012509 408.750431
380 1.673120 410.423551
381 1.220438 411.643989
382 1.703647 413.347636
383 0.963381 414.311017
384 0.948044 415.259061
385 1.690120 416.949181
386 2.009631 418.958812
387 0.929045 419.887857
388 0.928438 420.816295
389 0.941899 421.758194
390 0.962543 422.720737
391 0.955373 423.676110
392 1.626319 425.302429
393 2.274542 427.576971
394 1.005404 428.582375
395 1.235908 429.818283
396 1.488043 431.306326
397 1.292200 432.598526
398 0.955140 433.553666
399 1.267145 434.820811
400 0.951267 435.772078
401 1.014967 436.787045
402 0.941179 437.728224
403 0.974301 438.702525
404 0.935313 439.637838
405 0.962343 440.600181
406 0.936748 441.536929
407 1.043299 442.580228
408 0.932439 443.512667
409 1.058202 444.570869
410 0.950447 445.521316
411 0.968474 446.489790
412 0.933641 447.423431
413 1.164767 448.588198
414 0.962792 449.550990
415 1.108091 450.659081
416 0.946099 451.605180
417 0.969137 452.574317
418 1.119085 453.693402
419 1.120160 454.813562
420 1.003245 455.816807
421 0.948494 456.765301
422 0.947987 457.713288
423 0.961546 458.674834
424 0.944793 459.619627
425 1.292313 460.911940
426 1.646037 462.557977
427 0.985131 463.543108
428 1.453140 464.996248
429 1.044528 466.040776
430 0.965492 467.006268
431 0.937958 467.944226
432 0.962176 468.906402
433 0.943098 469.849500
434 0.953137 470.802637
435 0.990103 471.792740
436 0.933665 472.726405
437 0.945431 473.671836
438 0.955333 474.627169
439 1.092032 475.719201
440 0.939207 476.658408
441 0.948368 477.606776
442 0.963600 478.570376
443 0.950905 479.521281
444 0.935395 480.456676
445 0.929002 481.385678
446 0.948846 482.334524
447 0.947643 483.282167
448 0.950692 484.232859
449 0.948797 485.181656
450 0.943467 486.125123
451 1.525978 487.651101
452 0.934272 488.585373
453 0.963505 489.548878
454 0.956305 490.505183
455 0.955510 491.460693
456 2.336009 493.796702
457 1.007748 494.804450
458 0.924251 495.728701
459 0.972099 496.700800
460 1.088212 497.789012
461 1.411613 499.200625
462 1.296819 500.497444
463 0.944195 501.441639
464 0.965175 502.406814
465 1.129793 503.536607
466 0.946024 504.482631
467 0.933412 505.416043
468 1.020801 506.436844
469 0.941696 507.378540
470 1.029578 508.408118
471 0.973255 509.381373
472 0.919980 510.301353
473 0.970175 511.271528
474 1.075304 512.346832
475 0.955171 513.302003
476 1.085810 514.387813
477 0.947385 515.335198
478 1.288976 516.624174
479 2.791357 519.415531
480 1.064968 520.480499
481 1.136818 521.617317
482 1.239718 522.857035
483 2.452162 525.309197
484 0.984018 526.293215
485 1.195126 527.488341
486 1.190009 528.678350
487 0.934075 529.612425
488 0.958921 530.571346
489 0.983464 531.554810
490 0.965916 532.520726
491 1.314626 533.835352
492 0.995970 534.831322
493 0.970596 535.801918
494 0.999329 536.801247
495 1.696332 538.497579
496 0.973635 539.471214
497 1.767851 541.239065
498 1.861001 543.100066
499 0.966242 544.066308
500 1.138097 545.204405
501 0.971543 546.175948
502 0.942986 547.118934
503 0.958261 548.077195
504 0.958091 549.035286
505 0.974477 550.009763
506 1.472434 551.482197
507 0.973542 552.455739
508 1.187461 553.643200
509 1.181379 554.824579
510 1.313936 556.138515
511 1.726091 557.864606
512 1.031745 558.896351
513 1.012357 559.908708
514 0.987151 560.895859
515 1.568897 562.464756
516 1.317774 563.782530
517 1.751721 565.534251
518 0.976203 566.510454
519 1.057883 567.568337
520 0.952630 568.520967
521 0.914851 569.435818
522 1.876118 571.311936
523 0.912039 572.223975
524 1.055147 573.279122
525 0.948620 574.227742
526 0.992603 575.220345
527 1.395980 576.616325
528 1.381237 577.997562
529 1.139681 579.137243
530 0.961804 580.099047
531 0.967180 581.066227
532 1.030718 582.096945
533 1.293277 583.390222
534 1.254325 584.644547
535 2.357818 587.002365
536 1.096774 588.099139
537 0.886478 588.985617
538 0.921208 589.906825
539 1.831287 591.738112
540 1.038101 592.776213
541 1.017818 593.794031
542 1.010031 594.804062
543 1.601124 596.405186
544 0.971008 597.376194
545 1.681682 599.057876
546 0.961954 600.019830
547 0.954273 600.974103
548 0.983380 601.957483
549 0.953446 602.910929
550 0.998762 603.909691
551 1.061608 604.971299
552 1.665873 606.637172
553 1.035006 607.672178
554 1.695725 609.367903
555 1.466513 610.834416
556 0.945348 611.779764
557 1.177957 612.957721
558 0.949124 613.906845
559 0.983959 614.890804
560 1.056460 615.947264
561 0.968768 616.916032
562 0.923741 617.839773
563 1.215897 619.055670
564 0.912481 619.968151
565 1.056065 621.024216
566 0.919292 621.943508
567 0.959769 622.903277
568 1.005329 623.908606
569 0.934724 624.843330
570 0.918125 625.761455
571 0.935366 626.696821
572 0.978241 627.675062
573 2.082549 629.757611
574 0.939181 630.696792
575 1.680053 632.376845
576 1.244864 633.621709
577 0.923259 634.544968
578 0.950044 635.495012
579 1.033910 636.528922
580 0.956734 637.485656
581 1.220574 638.706230
582 1.061125 639.767355
583 1.495733 641.263088
584 2.088649 643.351737
585 0.970863 644.322600
586 1.026601 645.349201
587 1.030639 646.379840
588 0.954444 647.334284
589 0.973816 648.308100
590 0.992146 649.300246
591 0.925600 650.225846
592 0.931205 651.157051
593 0.939534 652.096585
594 0.952407 653.048992
595 4.757456 657.806448
596 0.984817 658.791265
597 0.964569 659.755834
598 0.987696 660.743530
599 1.054259 661.797789
600 1.087660 662.885449
601 1.388022 664.273471
602 0.932588 665.206059
603 0.968674 666.174733
604 0.970729 667.145462
605 1.012231 668.157693
606 1.262543 669.420236
607 1.031726 670.451962
608 1.138380 671.590342
609 0.962551 672.552893
610 2.821396 675.374289
611 0.962850 676.337139
612 1.360227 677.697366
613 1.016408 678.713774
614 1.827747 680.541521
615 1.192136 681.733657
616 0.957148 682.690805
617 2.954191 685.644996
618 1.578632 687.223628
619 1.521083 688.744711
620 1.658648 690.403359
621 1.296396 691.699755
622 1.775156 693.474911
623 1.004993 694.479904
624 0.964835 695.444739
625 1.004937 696.449676
626 1.339231 697.788907
627 0.998788 698.787695
628 1.002715 699.790410
629 2.308698 702.099108
630 1.671527 703.770635
631 1.109419 704.880054
632 1.232464 706.112518
633 1.609397 707.721915
634 1.061541 708.783456
635 0.959311 709.742767
636 1.052014 710.794781
637 1.000250 711.795031
638 1.081110 712.876141
639 0.998210 713.874351
640 1.295120 715.169471
641 0.932463 716.101934
642 1.029331 717.131265
643 1.101137 718.232402
644 0.988181 719.220583
645 1.024874 720.245457
646 1.041153 721.286610
647 0.974504 722.261114
648 1.047201 723.308315
649 0.974330 724.282645
650 1.208067 725.490712
651 1.810418 727.301130
652 1.389004 728.690134
653 1.107077 729.797211
654 0.957111 730.754322
655 5.997704 736.752026
656 1.533040 738.285066
657 1.208974 739.494040
658 0.940070 740.434110
659 1.232004 741.666114
660 0.939940 742.606054
661 0.930773 743.536827
662 0.948465 744.485292
663 1.487501 745.972793
664 1.552380 747.525173
665 1.020008 748.545181
666 0.987955 749.533136
667 0.956045 750.489181
668 1.244003 751.733184
669 1.560158 753.293342
670 0.979884 754.273226
671 1.030042 755.303268
672 1.135402 756.438670
673 1.101240 757.539910
674 1.007999 758.547909
675 0.943083 759.490992
676 0.939548 760.430540
677 0.994898 761.425438
678 0.948582 762.374020
679 0.945524 763.319544
680 0.942854 764.262398
681 1.070589 765.332987
682 1.211795 766.544782
683 0.956592 767.501374
684 0.960119 768.461493
685 1.132567 769.594060
686 0.955981 770.550041
687 0.957943 771.507984
688 0.961218 772.469202
689 1.356495 773.825697
690 0.943499 774.769196
691 0.937754 775.706950
692 0.956436 776.663386
693 0.963646 777.627032
694 0.959323 778.586355
695 0.955359 779.541714
696 1.090487 780.632201
697 0.940986 781.573187
698 0.953922 782.527109
699 0.972695 783.499804
700 1.036745 784.536549
701 1.468572 786.005121
702 0.959425 786.964546
703 0.944299 787.908845
704 1.223374 789.132219
705 1.026796 790.159015
706 0.921703 791.080718
707 2.418706 793.499424
708 1.056915 794.556339
709 1.177660 795.733999
710 1.084636 796.818635
711 1.103884 797.922519
712 1.072849 798.995368
713 1.125231 800.120599
714 1.296712 801.417311
715 1.526931 802.944242
716 2.166524 805.110766
717 1.285292 806.396058
718 0.936308 807.332366
719 0.935713 808.268079
720 1.215496 809.483575
721 0.996917 810.480492
722 0.933627 811.414119
723 1.146600 812.560719
724 1.047771 813.608490
725 0.962349 814.570839
726 0.950095 815.520934
727 1.043460 816.564394
728 0.933948 817.498342
729 0.944543 818.442885
730 1.097993 819.540878
731 0.913206 820.454084
732 0.936726 821.390810
733 0.921817 822.312627
734 0.930568 823.243195
735 0.972519 824.215714
736 0.940523 825.156237
737 0.908220 826.064457
738 1.035049 827.099506
739 1.215630 828.315136
740 1.565812 829.880948
741 0.906086 830.787034
742 0.910642 831.697676
743 1.126829 832.824505
744 0.900755 833.725260
745 1.255884 834.981144
746 0.928533 835.909677
747 0.997278 836.906955
748 2.682962 839.589917
749 1.088520 840.678437
750 1.514145 842.192582
751 1.471225 843.663807
752 1.001827 844.665634
753 1.816031 846.481665
754 0.925309 847.406974
755 0.957025 848.363999
756 0.947641 849.311640
757 0.955282 850.266922
758 0.955683 851.222605
759 1.965113 853.187718
760 0.959373 854.147091
761 0.941005 855.088096
762 2.414061 857.502157
763 0.952883 858.455040
764 0.948649 859.403689
765 0.956894 860.360583
766 0.956544 861.317127
767 1.725354 863.042481
768 0.984016 864.026497
769 0.924560 864.951057
770 0.968601 865.919658
771 1.497612 867.417270
772 0.957602 868.374872
773 0.953472 869.328344
774 0.954190 870.282534
775 0.955090 871.237624
776 0.961808 872.199432
777 1.264177 873.463609
778 1.110498 874.574107
779 1.507272 876.081379
780 1.338164 877.419543
781 0.970419 878.389962
782 0.929989 879.319951
783 0.962958 880.282909
784 1.508856 881.791765
785 1.333772 883.125537
786 0.964854 884.090391
787 0.946925 885.037316
788 0.965286 886.002602
789 1.011743 887.014345
790 1.841327 888.855672
791 1.499950 890.355622
792 0.961732 891.317354
793 0.915101 892.232455
794 0.959559 893.192014
795 1.076332 894.268346
796 0.953771 895.222117
797 0.946300 896.168417
798 1.072524 897.240941
799 1.011884 898.252825
800 0.995691 899.248516
801 0.948619 900.197135
802 0.964875 901.162010
803 0.950787 902.112797
804 0.976694 903.089491
805 1.157213 904.246704
806 1.257578 905.504282
807 0.960809 906.465091
808 0.993335 907.458426
809 0.929087 908.387513
810 0.956854 909.344367
811 0.956562 910.300929
812 1.022800 911.323729
813 0.951451 912.275180
814 1.508210 913.783390
815 0.948032 914.731422
816 1.516830 916.248252
817 0.942563 917.190815
818 1.540892 918.731707
819 0.964264 919.695971
820 1.510950 921.206921
821 1.075941 922.282862
822 1.268580 923.551442
823 1.622260 925.173702
824 1.000621 926.174323
825 1.068615 927.242938
826 0.967419 928.210357
827 1.166507 929.376864
828 0.957295 930.334159
829 1.106226 931.440385
830 1.079626 932.520011
831 1.095887 933.615898
832 1.172721 934.788619
833 1.045383 935.834002
834 1.048716 936.882718
835 0.973598 937.856316
836 1.049199 938.905515
837 1.964064 940.869579
838 0.948485 941.818064
839 0.963024 942.781088
840 0.937740 943.718828
841 1.004874 944.723702
842 1.388930 946.112632
843 0.962911 947.075543
844 0.954866 948.030409
845 0.952266 948.982675
846 0.953915 949.936590
847 0.945652 950.882242
848 0.953662 951.835904
849 0.946111 952.782015
850 0.953250 953.735265
851 0.942851 954.678116
852 0.957738 955.635854
853 1.169771 956.805625
854 0.943605 957.749230
855 0.969701 958.718931
856 0.936269 959.655200
857 0.958244 960.613444
858 0.945923 961.559367
859 0.959298 962.518665
860 1.013618 963.532283
861 0.945616 964.477899
862 0.941607 965.419506
863 0.963760 966.383266
864 0.932979 967.316245
865 0.970203 968.286448
866 0.930528 969.216976
867 0.971182 970.188158
868 0.928687 971.116845
869 0.976221 972.093066
870 0.925286 973.018352
871 0.981915 974.000267
872 0.926284 974.926551
873 0.970677 975.897228
874 1.051933 976.949161
875 1.005939 977.955100
876 0.952454 978.907554
877 1.265521 980.173075
878 0.938601 981.111676
879 0.931862 982.043538
880 0.959350 983.002888
881 0.948555 983.951443
882 1.128578 985.080021
883 1.339246 986.419267
884 0.965596 987.384863
885 1.495902 988.880765
886 3.104645 991.985410
887 1.033305 993.018715
888 1.175389 994.194104
889 0.999141 995.193245
890 1.074905 996.268150
891 1.004528 997.272678
892 1.196669 998.469347
893 1.008809 999.478156
894 0.983380 1000.461536
895 0.966265 1001.427801
896 1.593327 1003.021128
897 1.037166 1004.058294
898 1.157578 1005.215872
899 1.105795 1006.321667
900 1.141463 1007.463130
901 1.637664 1009.100794
902 0.987027 1010.087821
903 0.952196 1011.040017
904 0.987634 1012.027651
905 0.982699 1013.010350
906 1.033169 1014.043519
907 0.995684 1015.039203
908 0.978274 1016.017477
909 0.952749 1016.970226
910 0.993006 1017.963232
911 1.387887 1019.351119
912 1.192473 1020.543592
913 0.997272 1021.540864
914 1.061341 1022.602205
915 1.117565 1023.719770
916 1.105626 1024.825396
917 1.338460 1026.163856
918 1.031821 1027.195677
919 0.992495 1028.188172
920 1.129272 1029.317444
921 0.962941 1030.280385
922 1.023858 1031.304243
923 1.100403 1032.404646
924 1.106179 1033.510825
925 0.977527 1034.488352
926 0.972243 1035.460595
927 1.332278 1036.792873
928 1.125468 1037.918341
929 1.013974 1038.932315
930 1.040493 1039.972808
931 1.015177 1040.987985
932 1.014299 1042.002284
933 1.031752 1043.034036
934 1.051749 1044.085785
935 1.002300 1045.088085
936 0.991439 1046.079524
937 1.065994 1047.145518
938 0.929225 1048.074743
939 0.958846 1049.033589
940 0.930655 1049.964244
941 1.197073 1051.161317
942 1.224883 1052.386200
943 0.938866 1053.325066
944 0.953806 1054.278872
945 0.989895 1055.268767
946 1.032206 1056.300973
947 1.510220 1057.811193
948 0.984530 1058.795723
949 0.971239 1059.766962
950 1.017071 1060.784033
951 0.939067 1061.723100
952 0.971016 1062.694116
953 1.005004 1063.699120
954 0.990618 1064.689738
955 0.973401 1065.663139
956 1.021119 1066.684258
957 0.965290 1067.649548
958 1.031356 1068.680904
959 0.959414 1069.640318
960 0.939538 1070.579856
961 0.991462 1071.571318
962 0.933496 1072.504814
963 0.969367 1073.474181
964 0.944703 1074.418884
965 0.964842 1075.383726
966 0.955757 1076.339483
967 1.903644 1078.243127
968 0.917176 1079.160303
969 0.981024 1080.141327
970 1.168303 1081.309630
971 1.042608 1082.352238
972 0.994840 1083.347078
973 0.993617 1084.340695
974 0.984822 1085.325517
975 0.939899 1086.265416
976 1.273474 1087.538890
977 1.770517 1089.309407
978 1.694602 1091.004009
979 0.945816 1091.949825
980 0.980649 1092.930474
981 1.007934 1093.938408
982 0.992776 1094.931184
983 0.953581 1095.884765
984 1.106297 1096.991062
985 1.149607 1098.140669
986 1.558553 1099.699222
987 1.021220 1100.720442
988 1.230304 1101.950746
989 0.991583 1102.942329
990 1.004970 1103.947299
991 1.020183 1104.967482
992 1.032409 1105.999891
993 1.083131 1107.083022
994 1.513335 1108.596357
995 1.430671 1110.027028
996 0.983207 1111.010235
997 0.972965 1111.983200
998 1.006538 1112.989738
999 1.112375 1114.102113
1000 2.974272 1117.076385
1001 0.972506 1118.048891
1002 0.944414 1118.993305
1003 0.971573 1119.964878
1004 0.943268 1120.908146
1005 1.237425 1122.145571
1006 1.037476 1123.183047
1007 1.010601 1124.193648
1008 0.960011 1125.153659
1009 0.973343 1126.127002
1010 0.935331 1127.062333
1011 1.300855 1128.363188
1012 1.591246 1129.954434
1013 0.968504 1130.922938
1014 1.290252 1132.213190
1015 1.910945 1134.124135
1016 0.958321 1135.082456
1017 0.961180 1136.043636
1018 1.130351 1137.173987
1019 0.974353 1138.148340
1020 0.968435 1139.116775
1021 0.954566 1140.071341
1022 0.965101 1141.036442
1023 0.974613 1142.011055
1024 0.978006 1142.989061
1025 0.971316 1143.960377
1026 0.966680 1144.927057
1027 0.952258 1145.879315
1028 0.966605 1146.845920
1029 0.975121 1147.821041
1030 0.953033 1148.774074
1031 0.969012 1149.743086
1032 0.952233 1150.695319
1033 0.970113 1151.665432
1034 0.948649 1152.614081
1035 0.975627 1153.589708
1036 0.941735 1154.531443
1037 0.977633 1155.509076
1038 0.962527 1156.471603
1039 1.031336 1157.502939
1040 0.949816 1158.452755
1041 0.965763 1159.418518
1042 0.969102 1160.387620
1043 1.049231 1161.436851
1044 1.221976 1162.658827
1045 0.960800 1163.619627
1046 0.977039 1164.596666
1047 0.942222 1165.538888
1048 0.981547 1166.520435
1049 0.939503 1167.459938
1050 1.018105 1168.478043
1051 0.973158 1169.451201
1052 1.128413 1170.579614
1053 0.968318 1171.547932
1054 0.960181 1172.508113
1055 0.965168 1173.473281
1056 0.951303 1174.424584
1057 0.968642 1175.393226
1058 0.948864 1176.342090
1059 1.671498 1178.013588
1060 0.954369 1178.967957
1061 1.338742 1180.306699
1062 0.955137 1181.261836
1063 0.967133 1182.228969
1064 0.945121 1183.174090
1065 4.123292 1187.297382
1066 1.046470 1188.343852
1067 0.940380 1189.284232
1068 1.099221 1190.383453
1069 1.136117 1191.519570
1070 1.080282 1192.599852
1071 2.360410 1194.960262
1072 0.945083 1195.905345
1073 1.061366 1196.966711
1074 1.075772 1198.042483
1075 2.443486 1200.485969
1076 1.448265 1201.934234
1077 1.003147 1202.937381
1078 0.953544 1203.890925
1079 1.058008 1204.948933
1080 1.009926 1205.958859
1081 1.077829 1207.036688
1082 1.161076 1208.197764
1083 2.994978 1211.192742
1084 0.948040 1212.140782
1085 0.936039 1213.076821
1086 0.966945 1214.043766
1087 0.956101 1214.999867
1088 0.972719 1215.972586
1089 0.968542 1216.941128
1090 0.974810 1217.915938
1091 0.947874 1218.863812
1092 1.642389 1220.506201
1093 0.958044 1221.464245
1094 0.955903 1222.420148
1095 0.997730 1223.417878
1096 0.970955 1224.388833
1097 0.973053 1225.361886
1098 0.960167 1226.322053
1099 0.959287 1227.281340
1100 0.956232 1228.237572
1101 0.974351 1229.211923
1102 0.961770 1230.173693
1103 0.971555 1231.145248
1104 0.972523 1232.117771
1105 0.964271 1233.082042
1106 0.984157 1234.066199
1107 0.970837 1235.037036
1108 0.959838 1235.996874
1109 1.800389 1237.797263
1110 0.979321 1238.776584
1111 0.963743 1239.740327
1112 0.984522 1240.724849
1113 0.939549 1241.664398
1114 0.994104 1242.658502
1115 0.958751 1243.617253
1116 0.957824 1244.575077
1117 0.942905 1245.517982
1118 1.126815 1246.644797
1119 0.978321 1247.623118
1120 0.951277 1248.574395
1121 0.964327 1249.538722
1122 1.004881 1250.543603
1123 0.953537 1251.497140
1124 0.967600 1252.464740
1125 0.948425 1253.413165
1126 0.978373 1254.391538
1127 1.333223 1255.724761
1128 0.967711 1256.692472
1129 1.048904 1257.741376
1130 0.986202 1258.727578
1131 0.949431 1259.677009
1132 0.973021 1260.650030
1133 0.936153 1261.586183
1134 0.979221 1262.565404
1135 0.944046 1263.509450
1136 0.974392 1264.483842
1137 1.073564 1265.557406
1138 0.972274 1266.529680
1139 1.315478 1267.845158
1140 1.592752 1269.437910
1141 0.957940 1270.395850
1142 0.970358 1271.366208
1143 1.033485 1272.399693
1144 1.038202 1273.437895
1145 0.966524 1274.404419
1146 1.032564 1275.436983
1147 1.157383 1276.594366
1148 0.969896 1277.564262
1149 0.961522 1278.525784
1150 0.968293 1279.494077
1151 0.960806 1280.454883
1152 0.984174 1281.439057
1153 1.400398 1282.839455
1154 1.009120 1283.848575
1155 0.961443 1284.810018
1156 1.001810 1285.811828
1157 0.983992 1286.795820
1158 1.067109 1287.862929
1159 0.951202 1288.814131
1160 0.990664 1289.804795
1161 1.029998 1290.834793
1162 0.970477 1291.805270
1163 0.952998 1292.758268
1164 0.980989 1293.739257
1165 0.962656 1294.701913
1166 0.983163 1295.685076
1167 0.961232 1296.646308
1168 1.280410 1297.926718
1169 0.940306 1298.867024
1170 0.979400 1299.846424
1171 1.059789 1300.906213
1172 1.192678 1302.098891
1173 0.976264 1303.075155
1174 1.029559 1304.104714
1175 0.953231 1305.057945
1176 0.969113 1306.027058
1177 0.980161 1307.007219
1178 0.972967 1307.980186
1179 0.964269 1308.944455
1180 0.972065 1309.916520
1181 0.957790 1310.874310
1182 0.971247 1311.845557
1183 0.957250 1312.802807
1184 0.977433 1313.780240
1185 0.949896 1314.730136
1186 0.981104 1315.711240
1187 0.950177 1316.661417
1188 0.966300 1317.627717
1189 1.064283 1318.692000
1190 0.981105 1319.673105
1191 0.976581 1320.649686
1192 0.974697 1321.624383
1193 1.000595 1322.624978
1194 1.217929 1323.842907
1195 0.999976 1324.842883
1196 0.961768 1325.804651
1197 0.948380 1326.753031
1198 0.982534 1327.735565
1199 1.014589 1328.750154
1200 1.001407 1329.751561
1201 1.018398 1330.769959
1202 0.954810 1331.724769
1203 0.960441 1332.685210
1204 0.978205 1333.663415
1205 1.025111 1334.688526
1206 1.029785 1335.718311
1207 1.005728 1336.724039
1208 0.988205 1337.712244
1209 3.429319 1341.141563
1210 0.971637 1342.113200
1211 0.950870 1343.064070
1212 1.214156 1344.278226
1213 0.959241 1345.237467
1214 0.938882 1346.176349
1215 1.084006 1347.260355
1216 1.323026 1348.583381
1217 0.940717 1349.524098
1218 0.985541 1350.509639
1219 0.939317 1351.448956
1220 0.979914 1352.428870
1221 0.947157 1353.376027
1222 0.981487 1354.357514
1223 0.949218 1355.306732
1224 0.980868 1356.287600
1225 0.967962 1357.255562
1226 0.981856 1358.237418
1227 1.182818 1359.420236
1228 0.985413 1360.405649
1229 0.940684 1361.346333
1230 0.995483 1362.341816
1231 0.960143 1363.301959
1232 0.989808 1364.291767
1233 0.969385 1365.261152
1234 0.996896 1366.258048
1235 0.938979 1367.197027
1236 1.012523 1368.209550
1237 0.942916 1369.152466
1238 1.340313 1370.492779
1239 0.963356 1371.456135
1240 1.069578 1372.525713
1241 0.980468 1373.506181
1242 1.004291 1374.510472
1243 0.966162 1375.476634
1244 1.032952 1376.509586
1245 0.995697 1377.505283
1246 0.984981 1378.490264
1247 0.982073 1379.472337
1248 0.987600 1380.459937
1249 1.086735 1381.546672
1250 1.002173 1382.548845
1251 1.156883 1383.705728
1252 1.020685 1384.726413
1253 0.999136 1385.725549
1254 0.998813 1386.724362
1255 0.961017 1387.685379
1256 0.991312 1388.676691
1257 1.321514 1389.998205
1258 1.085684 1391.083889
1259 1.029019 1392.112908
1260 0.994987 1393.107895
1261 1.024657 1394.132552
1262 1.002721 1395.135273
1263 1.147202 1396.282475
1264 1.285094 1397.567569
1265 1.514762 1399.082331
1266 1.132599 1400.214930
1267 1.082169 1401.297099
1268 1.209226 1402.506325
1269 0.974101 1403.480426
1270 1.191930 1404.672356
1271 0.965478 1405.637834
1272 0.976395 1406.614229
1273 0.960104 1407.574333
1274 0.966175 1408.540508
1275 1.523938 1410.064446
1276 0.992923 1411.057369
1277 1.040993 1412.098362
1278 0.960192 1413.058554
1279 1.658940 1414.717494
1280 1.066923 1415.784417
1281 0.990997 1416.775414
1282 0.996072 1417.771486
1283 0.986525 1418.758011
1284 0.989747 1419.747758
1285 1.206024 1420.953782
1286 1.002978 1421.956760
1287 1.056130 1423.012890
1288 0.974646 1423.987536
1289 1.515707 1425.503243
1290 2.262158 1427.765401
1291 0.943435 1428.708836
1292 0.940342 1429.649178
1293 0.996834 1430.646012
1294 0.993362 1431.639374
1295 1.003319 1432.642693
1296 1.150782 1433.793475
1297 1.002102 1434.795577
1298 1.008175 1435.803752
1299 1.009541 1436.813293
1300 1.027039 1437.840332
1301 0.973042 1438.813374
1302 1.001006 1439.814380
1303 1.159560 1440.973940
1304 1.466460 1442.440400
1305 0.974026 1443.414426
1306 1.002325 1444.416751
1307 1.007024 1445.423775
1308 1.254399 1446.678174
1309 1.056937 1447.735111
1310 1.023128 1448.758239
1311 1.167845 1449.926084
1312 1.147223 1451.073307
1313 0.974619 1452.047926
1314 1.023140 1453.071066
1315 1.239664 1454.310730
1316 1.015082 1455.325812
1317 1.018322 1456.344134
1318 1.377495 1457.721629
1319 1.007873 1458.729502
1320 0.977880 1459.707382
1321 1.175241 1460.882623
1322 1.005882 1461.888505
1323 1.005675 1462.894180
1324 1.194084 1464.088264
1325 1.003291 1465.091555
1326 1.304830 1466.396385
1327 1.555994 1467.952379
1328 1.067584 1469.019963
1329 1.136720 1470.156683
1330 1.007570 1471.164253
1331 1.539637 1472.703890
1332 2.016986 1474.720876
1333 0.973642 1475.694518
1334 1.012518 1476.707036
1335 1.054382 1477.761418
1336 1.024424 1478.785842
1337 1.098819 1479.884661
1338 1.125147 1481.009808
1339 1.011982 1482.021790
1340 1.269713 1483.291503
1341 1.011689 1484.303192
1342 1.044781 1485.347973
1343 1.020798 1486.368771
1344 1.136736 1487.505507
1345 1.488477 1488.993984
1346 1.009924 1490.003908
1347 0.997699 1491.001607
1348 1.007833 1492.009440
1349 0.998102 1493.007542
1350 1.106438 1494.113980
1351 1.290179 1495.404159
1352 1.007565 1496.411724
1353 1.946704 1498.358428
1354 1.159114 1499.517542
1355 0.991075 1500.508617
1356 1.031688 1501.540305
1357 1.427209 1502.967514
1358 1.004260 1503.971774
1359 0.987333 1504.959107
1360 1.073597 1506.032704
1361 1.469502 1507.502206
1362 1.001391 1508.503597
1363 1.009852 1509.513449
1364 1.023161 1510.536610
1365 1.075075 1511.611685
1366 1.550970 1513.162655
1367 1.013456 1514.176111
1368 1.001041 1515.177152
1369 1.650462 1516.827614
1370 1.030119 1517.857733
1371 1.543735 1519.401468
1372 1.676600 1521.078068
1373 1.063249 1522.141317
1374 1.650198 1523.791515
1375 1.017125 1524.808640
1376 0.992984 1525.801624
1377 1.006636 1526.808260
1378 1.554064 1528.362324
1379 0.971211 1529.333535
1380 1.010393 1530.343928
1381 1.034337 1531.378265
1382 1.063563 1532.441828
1383 0.991179 1533.433007
1384 1.013893 1534.446900
1385 1.010383 1535.457283
1386 1.023055 1536.480338
1387 0.983388 1537.463726
1388 0.980268 1538.443994
1389 1.037367 1539.481361
1390 3.086330 1542.567691
1391 2.098247 1544.665938
1392 1.222308 1545.888246
1393 1.264227 1547.152473
1394 1.010655 1548.163128
1395 0.997739 1549.160867
1396 1.177939 1550.338806
1397 1.275994 1551.614800
1398 1.338868 1552.953668
1399 1.676740 1554.630408
1400 1.058658 1555.689066
1401 1.498841 1557.187907
1402 1.148901 1558.336808
1403 1.812207 1560.149015
1404 0.967686 1561.116701
1405 1.266693 1562.383394
1406 1.014588 1563.397982
1407 1.521260 1564.919242
1408 1.376022 1566.295264
1409 0.971331 1567.266595
1410 0.971876 1568.238471
1411 1.722278 1569.960749
1412 1.008009 1570.968758
1413 0.986364 1571.955122
1414 1.028336 1572.983458
1415 1.030446 1574.013904
1416 1.477421 1575.491325
1417 1.140700 1576.632025
1418 0.982795 1577.614820
1419 1.005033 1578.619853
1420 0.981560 1579.601413
1421 0.939369 1580.540782
1422 0.974280 1581.515062
1423 0.993055 1582.508117
1424 1.754540 1584.262657
1425 0.966190 1585.228847
1426 0.964994 1586.193841
1427 1.070536 1587.264377
1428 0.974854 1588.239231
1429 1.171656 1589.410887
1430 1.123791 1590.534678
1431 1.166668 1591.701346
1432 1.455291 1593.156637
1433 1.324721 1594.481358
1434 1.340206 1595.821564
1435 0.957472 1596.779036
1436 0.951515 1597.730551
1437 0.991096 1598.721647
1438 0.991241 1599.712888
1439 0.958581 1600.671469
1440 0.987541 1601.659010
1441 1.160815 1602.819825
1442 1.308798 1604.128623
1443 1.321501 1605.450124
1444 0.964582 1606.414706
1445 0.974405 1607.389111
1446 1.087930 1608.477041
1447 1.007285 1609.484326
1448 0.996418 1610.480744
1449 1.910974 1612.391718
1450 1.418654 1613.810372
1451 0.964508 1614.774880
1452 0.965967 1615.740847
1453 1.091217 1616.832064
1454 0.974597 1617.806661
1455 0.985400 1618.792061
1456 0.985887 1619.777948
1457 1.040730 1620.818678
1458 0.955027 1621.773705
1459 0.978072 1622.751777
1460 1.115860 1623.867637
1461 0.977814 1624.845451
1462 1.086269 1625.931720
1463 0.978474 1626.910194
1464 0.989740 1627.899934
1465 2.059307 1629.959241
1466 1.638537 1631.597778
1467 1.310859 1632.908637
1468 1.050186 1633.958823
1469 1.161000 1635.119823
1470 1.119581 1636.239404
1471 1.587373 1637.826777
1472 1.244795 1639.071572
1473 0.966738 1640.038310
1474 1.048493 1641.086803
1475 1.045443 1642.132246
1476 1.628872 1643.761118
1477 0.954458 1644.715576
1478 0.983533 1645.699109
1479 0.953536 1646.652645
1480 0.972837 1647.625482
1481 1.026101 1648.651583
1482 1.068125 1649.719708
1483 0.967727 1650.687435
1484 0.974079 1651.661514
1485 0.961794 1652.623308
1486 1.141684 1653.764992
1487 1.037048 1654.802040
1488 0.977397 1655.779437
1489 0.994651 1656.774088
1490 0.970428 1657.744516
1491 0.954744 1658.699260
1492 0.981050 1659.680310
1493 0.977192 1660.657502
1494 0.968932 1661.626434
1495 1.049536 1662.675970
1496 1.043381 1663.719351
1497 1.061031 1664.780382
1498 0.954378 1665.734760
1499 0.998681 1666.733441
1500 0.971193 1667.704634
1501 0.998823 1668.703457
1502 0.969390 1669.672847
1503 0.986591 1670.659438
1504 0.962389 1671.621827
1505 1.054096 1672.675923
1506 1.026500 1673.702423
1507 0.984147 1674.686570
1508 1.033043 1675.719613
1509 1.536953 1677.256566
1510 0.937165 1678.193731
1511 0.947647 1679.141378
1512 0.965366 1680.106744
1513 0.982040 1681.088784
1514 1.126598 1682.215382
1515 1.817050 1684.032432
1516 0.982945 1685.015377
1517 1.301802 1686.317179
1518 0.975297 1687.292476
1519 0.980524 1688.273000
1520 0.993914 1689.266914
1521 1.008048 1690.274962
1522 1.124641 1691.399603
1523 0.977310 1692.376913
1524 2.915227 1695.292140
1525 1.140154 1696.432294
1526 1.090048 1697.522342
1527 0.947717 1698.470059
1528 0.995570 1699.465629
1529 0.976532 1700.442161
1530 1.048941 1701.491102
1531 1.168699 1702.659801
1532 1.011507 1703.671308
1533 0.958398 1704.629706
1534 0.998659 1705.628365
1535 2.165314 1707.793679
1536 1.022703 1708.816382
1537 1.676380 1710.492762
1538 0.968772 1711.461534
1539 1.185202 1712.646736
1540 0.968430 1713.615166
1541 0.979521 1714.594687
1542 2.041214 1716.635901
1543 0.981837 1717.617738
1544 1.215850 1718.833588
1545 1.065880 1719.899468
1546 1.012898 1720.912366
1547 1.168971 1722.081337
1548 1.004296 1723.085633
1549 0.991646 1724.077279
1550 1.004407 1725.081686
1551 1.061217 1726.142903
1552 1.911436 1728.054339
1553 1.330630 1729.384969
1554 0.985763 1730.370732
1555 0.958144 1731.328876
1556 0.979108 1732.307984
1557 0.960456 1733.268440
1558 1.192214 1734.460654
1559 1.392373 1735.853027
1560 1.011118 1736.864145
1561 0.969742 1737.833887
1562 0.980573 1738.814460
1563 2.444746 1741.259206
1564 1.629136 1742.888342
1565 1.015152 1743.903494
1566 1.210202 1745.113696
1567 0.994387 1746.108083
1568 1.345466 1747.453549
1569 1.011802 1748.465351
1570 0.978571 1749.443922
1571 1.006169 1750.450091
1572 1.203674 1751.653765
1573 0.962897 1752.616662
1574 0.985860 1753.602522
1575 1.620842 1755.223364
1576 2.007650 1757.231014
1577 1.210853 1758.441867
1578 0.986845 1759.428712
1579 1.212136 1760.640848
1580 0.970864 1761.611712
1581 1.112120 1762.723832
1582 1.221418 1763.945250
1583 2.431624 1766.376874
1584 1.307906 1767.684780
1585 0.935134 1768.619914
1586 1.020739 1769.640653
1587 1.003084 1770.643737
1588 1.625310 1772.269047
1589 1.016368 1773.285415
1590 0.976090 1774.261505
1591 1.052066 1775.313571
1592 0.974676 1776.288247
1593 1.022659 1777.310906
1594 1.111990 1778.422896
1595 2.057940 1780.480836
1596 1.510713 1781.991549
1597 1.105076 1783.096625
1598 1.328847 1784.425472
1599 0.987912 1785.413384
1600 1.355681 1786.769065
1601 0.963684 1787.732749
1602 1.162427 1788.895176
1603 1.233768 1790.128944
1604 1.097009 1791.225953
1605 1.001757 1792.227710
1606 1.455837 1793.683547
1607 1.008327 1794.691874
1608 0.982925 1795.674799
1609 1.470337 1797.145136
1610 0.992791 1798.137927
1611 1.029652 1799.167579
1612 0.982311 1800.149890
1613 1.179071 1801.328961
1614 1.026183 1802.355144
1615 1.034311 1803.389455
1616 0.967114 1804.356569
1617 0.977407 1805.333976
1618 0.992376 1806.326352
1619 1.007934 1807.334286
1620 1.886792 1809.221078
1621 1.148542 1810.369620
1622 1.028856 1811.398476
1623 1.011738 1812.410214
1624 1.489487 1813.899701
1625 1.247017 1815.146718
1626 1.228934 1816.375652
1627 1.028841 1817.404493
1628 0.990435 1818.394928
1629 1.156107 1819.551035
1630 1.066419 1820.617454
1631 1.044963 1821.662417
1632 1.302837 1822.965254
1633 0.971513 1823.936767
1634 1.000756 1824.937523
1635 1.251795 1826.189318
1636 1.000417 1827.189735
1637 1.138456 1828.328191
1638 0.982899 1829.311090
1639 1.023299 1830.334389
1640 1.170669 1831.505058
1641 1.420194 1832.925252
1642 1.456214 1834.381466
1643 1.507831 1835.889297
1644 0.972809 1836.862106
1645 1.012988 1837.875094
1646 1.035510 1838.910604
1647 0.949089 1839.859693
1648 1.339699 1841.199392
1649 1.004977 1842.204369
1650 1.089340 1843.293709
1651 1.069156 1844.362865
1652 1.001997 1845.364862
1653 1.014767 1846.379629
1654 1.200722 1847.580351
1655 0.975438 1848.555789
1656 1.119217 1849.675006
1657 0.918217 1850.593223
1658 1.126795 1851.720018
1659 1.085942 1852.805960
1660 1.716411 1854.522371
1661 0.993724 1855.516095
1662 0.946014 1856.462109
1663 1.038921 1857.501030
1664 0.969170 1858.470200
1665 0.984020 1859.454220
1666 0.960154 1860.414374
1667 0.983444 1861.397818
1668 1.048217 1862.446035
1669 2.715236 1865.161271
1670 0.958800 1866.120071
1671 0.947823 1867.067894
1672 0.984032 1868.051926
1673 0.983119 1869.035045
1674 0.998304 1870.033349
1675 0.984778 1871.018127
1676 1.000925 1872.019052
1677 1.289161 1873.308213
1678 1.179905 1874.488118
1679 0.975731 1875.463849
1680 0.986973 1876.450822
1681 1.001800 1877.452622
1682 0.977272 1878.429894
1683 1.007031 1879.436925
1684 0.976319 1880.413244
1685 1.024159 1881.437403
1686 0.983763 1882.421166
1687 0.988105 1883.409271
1688 0.980343 1884.389614
1689 1.149537 1885.539151
1690 0.984913 1886.524064
1691 1.133348 1887.657412
1692 0.944865 1888.602277
1693 0.991234 1889.593511
1694 0.958855 1890.552366
1695 0.976675 1891.529041
1696 0.975815 1892.504856
1697 0.991284 1893.496140
1698 0.987529 1894.483669
1699 1.025941 1895.509610
1700 0.960028 1896.469638
1701 0.953085 1897.422723
1702 0.969351 1898.392074
1703 0.993777 1899.385851
1704 0.980890 1900.366741
1705 0.985851 1901.352592
1706 0.987421 1902.340013
1707 0.995517 1903.335530
1708 0.950573 1904.286103
1709 0.996458 1905.282561
1710 0.959769 1906.242330
1711 0.954543 1907.196873
1712 0.977568 1908.174441
1713 1.144998 1909.319439
1714 0.979726 1910.299165
1715 0.981433 1911.280598
1716 0.964437 1912.245035
1717 1.002439 1913.247474
1718 1.054079 1914.301553
1719 0.970871 1915.272424
1720 0.961784 1916.234208
1721 0.992361 1917.226569
1722 0.986840 1918.213409
1723 0.954520 1919.167929
1724 0.982090 1920.150019
1725 1.007785 1921.157804
1726 0.961243 1922.119047
1727 0.974690 1923.093737
1728 0.981431 1924.075168
1729 0.985988 1925.061156
1730 0.982485 1926.043641
1731 0.985546 1927.029187
1732 0.970648 1927.999835
1733 1.060221 1929.060056
1734 0.968650 1930.028706
1735 1.158298 1931.187004
1736 3.257082 1934.444086
1737 1.011876 1935.455962
1738 0.971476 1936.427438
1739 1.001035 1937.428473
1740 0.978132 1938.406605
1741 1.124214 1939.530819
1742 1.003902 1940.534721
1743 0.977017 1941.511738
1744 1.006049 1942.517787
1745 0.977595 1943.495382
1746 0.981465 1944.476847
1747 0.979647 1945.456494
1748 1.246993 1946.703487
1749 1.011935 1947.715422
1750 0.947448 1948.662870
1751 0.983808 1949.646678
1752 1.800234 1951.446912
1753 0.962837 1952.409749
1754 0.973706 1953.383455
1755 0.964246 1954.347701
1756 0.982794 1955.330495
1757 1.060678 1956.391173
1758 1.013379 1957.404552
1759 0.957444 1958.361996
1760 0.995342 1959.357338
1761 1.006211 1960.363549
1762 1.123076 1961.486625
1763 0.986421 1962.473046
1764 0.981793 1963.454839
1765 0.960879 1964.415718
1766 0.975397 1965.391115
1767 1.003656 1966.394771
1768 0.982765 1967.377536
1769 1.024299 1968.401835
1770 0.953495 1969.355330
1771 0.999312 1970.354642
1772 0.959585 1971.314227
1773 1.004311 1972.318538
1774 1.155636 1973.474174
1775 1.006009 1974.480183
1776 1.082411 1975.562594
1777 0.937696 1976.500290
1778 0.988692 1977.488982
1779 2.452522 1979.941504
1780 1.569767 1981.511271
1781 0.969936 1982.481207
1782 1.227666 1983.708873
1783 0.986940 1984.695813
1784 1.243007 1985.938820
1785 1.228882 1987.167702
1786 1.253590 1988.421292
1787 1.003779 1989.425071
1788 1.263713 1990.688784
1789 0.989071 1991.677855
1790 1.003819 1992.681674
1791 1.783028 1994.464702
1792 1.540961 1996.005663
1793 1.414702 1997.420365
1794 1.171355 1998.591720
1795 0.984905 1999.576625
1796 1.036136 2000.612761
1797 1.037342 2001.650103
1798 1.347061 2002.997164
1799 0.992821 2003.989985
1800 0.987659 2004.977644
1801 0.997330 2005.974974
1802 1.093545 2007.068519
1803 0.981037 2008.049556
1804 0.967685 2009.017241
1805 1.194073 2010.211314
1806 0.981716 2011.193030
1807 0.976828 2012.169858
1808 1.121079 2013.290937
1809 1.560838 2014.851775
1810 1.187597 2016.039372
1811 1.243105 2017.282477
1812 1.460883 2018.743360
1813 1.046157 2019.789517
1814 1.121879 2020.911396
1815 1.395807 2022.307203
1816 1.040132 2023.347335
1817 1.072998 2024.420333
1818 1.519271 2025.939604
1819 0.989679 2026.929283
1820 0.985960 2027.915243
1821 1.003152 2028.918395
1822 1.526197 2030.444592
1823 1.036914 2031.481506
1824 1.031055 2032.512561
1825 0.998019 2033.510580
1826 1.096525 2034.607105
1827 1.043050 2035.650155
1828 0.987617 2036.637772
1829 1.022740 2037.660512
1830 1.373597 2039.034109
1831 1.853700 2040.887809
1832 1.220368 2042.108177
1833 1.352840 2043.461017
1834 0.991441 2044.452458
1835 1.114400 2045.566858
1836 1.102520 2046.669378
1837 0.976392 2047.645770
1838 0.985940 2048.631710
1839 0.997272 2049.628982
1840 1.100227 2050.729209
1841 0.963000 2051.692209
1842 1.012818 2052.705027
1843 0.993405 2053.698432
1844 1.045468 2054.743900
1845 1.029743 2055.773643
1846 0.989381 2056.763024
1847 0.955327 2057.718351
1848 0.982895 2058.701246
1849 0.987116 2059.688362
1850 1.181404 2060.869766
1851 1.049321 2061.919087
1852 1.054254 2062.973341
1853 1.078398 2064.051739
1854 0.978767 2065.030506
1855 0.967917 2065.998423
1856 1.017651 2067.016074
1857 1.063867 2068.079941
1858 0.994927 2069.074868
1859 0.976637 2070.051505
1860 1.562272 2071.613777
1861 1.428889 2073.042666
1862 0.989726 2074.032392
1863 1.004851 2075.037243
1864 0.974563 2076.011806
1865 1.691562 2077.703368
1866 0.980853 2078.684221
1867 1.013021 2079.697242
1868 1.224421 2080.921663
1869 1.421043 2082.342706
1870 0.978152 2083.320858
1871 1.011750 2084.332608
1872 0.986909 2085.319517
1873 1.047713 2086.367230
1874 1.045608 2087.412838
1875 0.990637 2088.403475
1876 1.028759 2089.432234
1877 1.144167 2090.576401
1878 0.992310 2091.568711
1879 0.996631 2092.565342
1880 2.722065 2095.287407
1881 1.352134 2096.639541
1882 0.992733 2097.632274
1883 0.980347 2098.612621
1884 1.066888 2099.679509
1885 0.979701 2100.659210
1886 1.950065 2102.609275
1887 0.941460 2103.550735
1888 0.959261 2104.509996
1889 0.992639 2105.502635
1890 1.000062 2106.502697
1891 1.526221 2108.028918
1892 1.262099 2109.291017
1893 1.074614 2110.365631
1894 0.975883 2111.341514
1895 1.009007 2112.350521
1896 1.036135 2113.386656
1897 1.001880 2114.388536
1898 0.995102 2115.383638
1899 1.013257 2116.396895
1900 1.010240 2117.407135
1901 1.009159 2118.416294
1902 1.007676 2119.423970
1903 1.340095 2120.764065
1904 1.014280 2121.778345
1905 0.986209 2122.764554
1906 2.398163 2125.162717
1907 1.142839 2126.305556
1908 1.098501 2127.404057
1909 0.982986 2128.387043
1910 2.599451 2130.986494
1911 1.018353 2132.004847
1912 0.980319 2132.985166
1913 1.014752 2133.999918
1914 1.166280 2135.166198
1915 1.004463 2136.170661
1916 2.090816 2138.261477
1917 1.099350 2139.360827
1918 1.774366 2141.135193
1919 1.009176 2142.144369
1920 0.967013 2143.111382
1921 1.000964 2144.112346
1922 1.038903 2145.151249
1923 1.178787 2146.330036
1924 2.384098 2148.714134
1925 1.677574 2150.391708
1926 1.004637 2151.396345
1927 0.984103 2152.380448
1928 2.598679 2154.979127
1929 0.998935 2155.978062
1930 1.167424 2157.145486
1931 1.008389 2158.153875
1932 0.998800 2159.152675
1933 0.995793 2160.148468
1934 2.033029 2162.181497
1935 1.000088 2163.181585
1936 1.015695 2164.197280
1937 0.995800 2165.193080
1938 1.032672 2166.225752
1939 1.496987 2167.722739
1940 1.084443 2168.807182
1941 1.297214 2170.104396
1942 0.987650 2171.092046
1943 0.990643 2172.082689
1944 1.794025 2173.876714
1945 0.994983 2174.871697
1946 1.014094 2175.885791
1947 1.127401 2177.013192
1948 1.128429 2178.141621
1949 0.998477 2179.140098
1950 1.271220 2180.411318
1951 1.529667 2181.940985
1952 1.004530 2182.945515
1953 1.103853 2184.049368
1954 2.884637 2186.934005
1955 1.037364 2187.971369
1956 1.014787 2188.986156
1957 1.003023 2189.989179
1958 1.026550 2191.015729
1959 1.270570 2192.286299
1960 1.226242 2193.512541
1961 1.122862 2194.635403
1962 0.973203 2195.608606
1963 1.301122 2196.909728
1964 1.228313 2198.138041
1965 1.183742 2199.321783
1966 0.990973 2200.312756
1967 0.970397 2201.283153
1968 1.006833 2202.289986
1969 0.995283 2203.285269
1970 1.495457 2204.780726
1971 1.258931 2206.039657
1972 1.006927 2207.046584
1973 1.001604 2208.048188
1974 1.045413 2209.093601
1975 0.999031 2210.092632
1976 2.842981 2212.935613
1977 1.561356 2214.496969
1978 0.998310 2215.495279
1979 1.018890 2216.514169
1980 0.996919 2217.511088
1981 1.133357 2218.644445
1982 1.193569 2219.838014
1983 1.017202 2220.855216
1984 1.073337 2221.928553
1985 1.227304 2223.155857
1986 1.081532 2224.237389
1987 1.039100 2225.276489
1988 1.690583 2226.967072
1989 1.681547 2228.648619
1990 1.556481 2230.205100
1991 2.613775 2232.818875
1992 2.026953 2234.845828
1993 1.126683 2235.972511
1994 2.046423 2238.018934
1995 1.009042 2239.027976
1996 1.044415 2240.072391
1997 1.190126 2241.262517
1998 1.036206 2242.298723
1999 1.124577 2243.423300
2000 1.071169 2244.494469
2001 1.272811 2245.767280
2002 1.210981 2246.978261
2003 0.960311 2247.938572
2004 1.019585 2248.958157
2005 1.014130 2249.972287
2006 2.668675 2252.640962
2007 1.006665 2253.647627
2008 1.005987 2254.653614
2009 1.153763 2255.807377
2010 1.010004 2256.817381
2011 1.134085 2257.951466
2012 0.999645 2258.951111
2013 1.084154 2260.035265
2014 1.019595 2261.054860
2015 1.011181 2262.066041
2016 1.024002 2263.090043
2017 1.023538 2264.113581
2018 1.010872 2265.124453
2019 1.041586 2266.166039
2020 1.215396 2267.381435
2021 0.978156 2268.359591
2022 1.035490 2269.395081
2023 1.008962 2270.404043
2024 1.118304 2271.522347
2025 1.190303 2272.712650
2026 0.956041 2273.668691
2027 0.985912 2274.654603
2028 0.989570 2275.644173
2029 0.988050 2276.632223
2030 1.496646 2278.128869
2031 1.001327 2279.130196
2032 2.194921 2281.325117
2033 1.434345 2282.759462
2034 1.034165 2283.793627
2035 0.990819 2284.784446
2036 1.003842 2285.788288
2037 1.015546 2286.803834
2038 1.123174 2287.927008
2039 1.206098 2289.133106
2040 1.009779 2290.142885
2041 1.085646 2291.228531
2042 1.807079 2293.035610
2043 1.114068 2294.149678
2044 1.173473 2295.323151
2045 1.115688 2296.438839
2046 0.995867 2297.434706
2047 1.049674 2298.484380
2048 1.038378 2299.522758
2049 1.016124 2300.538882
2050 0.959397 2301.498279
2051 1.033635 2302.531914
2052 1.023967 2303.555881
2053 1.826222 2305.382103
2054 0.980485 2306.362588
2055 1.110296 2307.472884
2056 1.641583 2309.114467
2057 1.044874 2310.159341
2058 1.066589 2311.225930
2059 1.011290 2312.237220
2060 1.105482 2313.342702
2061 0.996305 2314.339007
2062 1.004962 2315.343969
2063 1.573927 2316.917896
2064 3.105795 2320.023691
2065 1.103185 2321.126876
2066 0.973458 2322.100334
2067 1.127945 2323.228279
2068 1.523894 2324.752173
2069 1.002971 2325.755144
2070 1.023901 2326.779045
2071 1.006177 2327.785222
2072 1.059661 2328.844883
2073 1.448518 2330.293401
2074 1.076953 2331.370354
2075 1.030733 2332.401087
2076 1.027496 2333.428583
2077 1.018782 2334.447365
2078 0.987404 2335.434769
2079 1.016970 2336.451739
2080 1.016619 2337.468358
2081 1.299609 2338.767967
2082 1.002776 2339.770743
2083 0.985769 2340.756512
2084 1.007086 2341.763598
2085 3.541057 2345.304655
2086 1.804842 2347.109497
2087 1.116959 2348.226456
2088 0.985205 2349.211661
2089 1.042852 2350.254513
2090 1.071461 2351.325974
2091 1.095365 2352.421339
2092 1.024856 2353.446195
2093 1.413155 2354.859350
2094 1.312593 2356.171943
2095 1.002363 2357.174306
2096 1.029035 2358.203341
2097 0.974018 2359.177359
2098 1.198531 2360.375890
2099 0.984881 2361.360771
2100 1.001668 2362.362439
2101 1.165595 2363.528034
2102 1.019138 2364.547172
2103 1.282474 2365.829646
2104 1.238664 2367.068310
2105 1.032331 2368.100641
2106 1.004441 2369.105082
2107 0.996603 2370.101685
2108 1.001688 2371.103373
2109 1.020090 2372.123463
2110 1.247610 2373.371073
2111 1.007654 2374.378727
2112 1.011784 2375.390511
2113 0.992653 2376.383164
2114 1.030147 2377.413311
2115 1.018768 2378.432079
2116 1.025443 2379.457522
2117 0.994793 2380.452315
2118 1.025090 2381.477405
2119 1.002359 2382.479764
2120 2.921384 2385.401148
2121 1.067144 2386.468292
2122 0.964493 2387.432785
2123 0.965437 2388.398222
2124 0.965251 2389.363473
2125 1.014145 2390.377618
2126 0.984185 2391.361803
2127 1.102471 2392.464274
2128 1.017947 2393.482221
2129 1.146718 2394.628939
2130 1.493687 2396.122626
2131 0.977570 2397.100196
2132 1.025988 2398.126184
2133 1.143291 2399.269475
2134 1.085011 2400.354486
2135 1.145894 2401.500380
2136 1.280005 2402.780385
2137 0.982893 2403.763278
2138 0.999308 2404.762586
2139 1.029783 2405.792369
2140 1.471010 2407.263379
2141 0.985882 2408.249261
2142 0.965417 2409.214678
2143 0.991804 2410.206482
2144 1.019702 2411.226184
2145 1.124760 2412.350944
2146 1.034759 2413.385703
2147 1.019381 2414.405084
2148 1.002860 2415.407944
2149 1.123519 2416.531463
2150 1.012720 2417.544183
2151 1.015985 2418.560168
2152 1.651780 2420.211948
2153 0.987723 2421.199671
2154 1.063125 2422.262796
2155 0.985739 2423.248535
2156 1.003846 2424.252381
2157 1.001831 2425.254212
2158 0.989997 2426.244209
2159 1.807514 2428.051723
2160 3.448262 2431.499985
2161 1.058008 2432.557993
2162 0.984742 2433.542735
2163 1.038795 2434.581530
2164 1.087012 2435.668542
2165 1.429445 2437.097987
2166 0.989081 2438.087068
2167 1.002297 2439.089365
2168 0.991607 2440.080972
2169 1.229904 2441.310876
2170 1.341569 2442.652445
2171 1.720477 2444.372922
2172 1.881947 2446.254869
2173 1.003700 2447.258569
2174 0.996410 2448.254979
2175 1.014874 2449.269853
2176 1.017083 2450.286936
2177 1.084849 2451.371785
2178 0.999802 2452.371587
2179 1.132424 2453.504011
2180 1.000441 2454.504452
2181 1.040155 2455.544607
2182 1.003973 2456.548580
2183 0.995290 2457.543870
2184 1.028872 2458.572742
2185 1.120177 2459.692919
2186 0.982985 2460.675904
2187 1.011118 2461.687022
2188 1.143567 2462.830589
2189 0.975961 2463.806550
2190 1.000108 2464.806658
2191 1.017705 2465.824363
2192 1.266148 2467.090511
2193 1.008007 2468.098518
2194 1.268673 2469.367191
2195 1.418281 2470.785472
2196 1.014278 2471.799750
2197 1.293624 2473.093374
2198 1.013635 2474.107009
2199 0.989616 2475.096625
2200 0.995776 2476.092401
2201 1.009441 2477.101842
2202 1.132182 2478.234024
2203 1.003725 2479.237749
2204 1.011551 2480.249300
2205 1.020231 2481.269531
2206 1.017743 2482.287274
2207 0.964387 2483.251661
2208 1.017929 2484.269590
2209 0.967906 2485.237496
2210 1.013985 2486.251481
2211 1.445096 2487.696577
2212 0.996794 2488.693371
2213 1.044134 2489.737505
2214 1.001309 2490.738814
2215 1.244672 2491.983486
2216 2.470169 2494.453655
2217 0.972896 2495.426551
2218 0.993892 2496.420443
2219 1.605694 2498.026137
2220 1.558729 2499.584866
2221 1.010909 2500.595775
2222 1.008931 2501.604706
2223 1.076426 2502.681132
2224 1.024040 2503.705172
2225 1.135908 2504.841080
2226 1.095509 2505.936589
2227 0.987562 2506.924151
2228 0.997756 2507.921907
2229 1.051510 2508.973417
2230 1.688168 2510.661585
2231 1.015856 2511.677441
2232 0.989774 2512.667215
2233 1.032062 2513.699277
2234 1.182037 2514.881314
2235 1.555665 2516.436979
2236 1.011805 2517.448784
2237 1.103729 2518.552513
2238 1.458595 2520.011108
2239 1.000592 2521.011700
2240 0.996857 2522.008557
2241 1.000399 2523.008956
2242 0.965669 2523.974625
2243 0.987327 2524.961952
2244 1.075970 2526.037922
2245 3.741949 2529.779871
2246 1.080250 2530.860121
2247 1.105493 2531.965614
2248 1.013722 2532.979336
2249 0.979735 2533.959071
2250 0.978284 2534.937355
2251 1.037711 2535.975066
2252 1.098374 2537.073440
2253 1.141798 2538.215238
2254 1.057855 2539.273093
2255 1.264180 2540.537273
2256 1.420885 2541.958158
2257 2.379571 2544.337729
2258 1.027207 2545.364936
2259 1.028918 2546.393854
2260 1.025749 2547.419603
2261 1.152900 2548.572503
2262 1.088141 2549.660644
2263 1.132775 2550.793419
2264 1.300034 2552.093453
2265 1.009851 2553.103304
2266 1.005906 2554.109210
2267 1.007417 2555.116627
2268 1.031257 2556.147884
2269 1.022511 2557.170395
2270 1.016662 2558.187057
2271 1.023725 2559.210782
2272 1.271684 2560.482466
2273 1.531856 2562.014322
2274 1.015323 2563.029645
2275 1.016939 2564.046584
2276 1.142708 2565.189292
2277 1.550192 2566.739484
2278 1.010229 2567.749713
2279 0.995991 2568.745704
2280 1.090149 2569.835853
2281 1.050882 2570.886735
2282 0.990336 2571.877071
2283 1.007979 2572.885050
2284 1.605496 2574.490546
2285 1.072687 2575.563233
2286 1.592791 2577.156024
2287 0.959850 2578.115874
2288 0.978446 2579.094320
2289 1.000476 2580.094796
2290 1.039644 2581.134440
2291 0.996749 2582.131189
2292 1.083504 2583.214693
2293 1.051506 2584.266199
2294 1.037915 2585.304114
2295 0.984660 2586.288774
2296 1.330423 2587.619197
2297 1.015218 2588.634415
2298 0.984822 2589.619237
2299 1.000141 2590.619378
2300 1.000806 2591.620184
2301 1.354991 2592.975175
2302 1.237888 2594.213063
2303 1.026992 2595.240055
2304 1.003549 2596.243604
2305 1.075901 2597.319505
2306 0.983542 2598.303047
2307 1.046526 2599.349573
2308 1.556893 2600.906466
2309 1.353230 2602.259696
2310 0.999140 2603.258836
2311 1.259906 2604.518742
2312 0.998460 2605.517202
2313 1.056277 2606.573479
2314 1.006685 2607.580164
2315 1.094373 2608.674537
2316 0.994142 2609.668679
2317 0.976950 2610.645629
2318 1.006541 2611.652170
2319 1.071333 2612.723503
2320 1.094665 2613.818168
2321 1.032788 2614.850956
2322 1.505695 2616.356651
2323 1.008459 2617.365110
2324 1.075242 2618.440352
2325 1.009126 2619.449478
2326 1.006759 2620.456237
2327 2.038534 2622.494771
2328 1.412685 2623.907456
2329 1.643560 2625.551016
2330 1.009498 2626.560514
2331 0.989271 2627.549785
2332 1.142943 2628.692728
2333 1.207711 2629.900439
2334 1.018679 2630.919118
2335 1.033500 2631.952618
2336 1.175692 2633.128310
2337 1.038393 2634.166703
2338 0.989637 2635.156340
2339 1.315409 2636.471749
2340 1.712045 2638.183794
2341 1.147838 2639.331632
2342 1.001174 2640.332806
2343 1.437398 2641.770204
2344 1.004417 2642.774621
2345 1.170982 2643.945603
2346 1.072049 2645.017652
2347 1.005736 2646.023388
2348 1.056580 2647.079968
2349 1.021936 2648.101904
2350 1.089871 2649.191775
2351 1.028577 2650.220352
2352 1.101787 2651.322139
2353 0.943757 2652.265896
2354 1.037252 2653.303148
2355 1.063124 2654.366272
2356 1.012010 2655.378282
2357 1.067530 2656.445812
2358 0.993744 2657.439556
2359 1.033145 2658.472701
2360 1.055313 2659.528014
2361 1.029720 2660.557734
2362 1.083619 2661.641353
2363 1.115931 2662.757284
2364 1.055365 2663.812649
2365 0.967946 2664.780595
2366 1.339766 2666.120361
2367 0.992194 2667.112555
2368 1.118831 2668.231386
2369 1.558829 2669.790215
2370 0.981782 2670.771997
2371 1.056894 2671.828891
2372 1.362387 2673.191278
2373 1.845170 2675.036448
2374 1.115579 2676.152027
2375 0.976000 2677.128027
2376 1.014003 2678.142030
2377 1.011543 2679.153573
2378 1.032838 2680.186411
2379 1.035092 2681.221503
2380 1.064831 2682.286334
2381 0.989275 2683.275609
2382 1.002118 2684.277727
2383 1.102581 2685.380308
2384 1.029017 2686.409325
2385 1.028305 2687.437630
2386 1.000937 2688.438567
2387 1.016998 2689.455565
2388 1.202640 2690.658205
2389 1.011897 2691.670102
2390 1.012817 2692.682919
2391 1.065181 2693.748100
2392 1.596411 2695.344511
2393 1.024912 2696.369423
2394 1.038330 2697.407753
2395 0.994762 2698.402515
2396 0.972261 2699.374776
2397 1.025145 2700.399921
2398 1.342131 2701.742052
2399 1.489190 2703.231242
2400 1.091182 2704.322424
2401 1.197933 2705.520357
2402 0.981039 2706.501396
2403 0.978327 2707.479723
2404 0.997863 2708.477586
2405 1.031905 2709.509491
2406 1.028273 2710.537764
2407 1.009922 2711.547686
2408 1.050152 2712.597838
2409 1.027062 2713.624900
2410 1.000852 2714.625752
2411 1.007051 2715.632803
2412 1.022882 2716.655685
2413 1.029430 2717.685115
2414 1.306580 2718.991695
2415 1.012987 2720.004682
2416 1.519434 2721.524116
2417 2.718911 2724.243027
2418 1.057891 2725.300918
2419 1.011318 2726.312236
2420 1.004580 2727.316816
2421 1.021009 2728.337825
2422 1.384521 2729.722346
2423 1.168439 2730.890785
2424 1.183325 2732.074110
2425 1.992396 2734.066506
2426 1.010263 2735.076769
2427 1.025607 2736.102376
2428 1.014993 2737.117369
2429 1.302561 2738.419930
2430 1.012433 2739.432363
2431 1.943182 2741.375545
2432 1.131417 2742.506962
2433 1.286593 2743.793555
2434 1.821119 2745.614674
2435 1.016574 2746.631248
2436 0.988525 2747.619773
2437 1.012233 2748.632006
2438 1.018449 2749.650455
2439 1.021396 2750.671851
2440 1.055316 2751.727167
2441 1.340012 2753.067179
2442 1.202881 2754.270060
2443 1.069068 2755.339128
2444 1.033795 2756.372923
2445 1.015371 2757.388294
2446 1.228876 2758.617170
2447 1.668970 2760.286140
2448 1.404138 2761.690278
2449 0.962947 2762.653225
2450 1.003411 2763.656636
2451 2.263089 2765.919725
2452 1.263722 2767.183447
2453 1.374026 2768.557473
2454 1.007289 2769.564762
2455 1.349650 2770.914412
2456 2.458678 2773.373090
2457 1.020375 2774.393465
2458 1.032856 2775.426321
2459 0.997804 2776.424125
2460 1.085322 2777.509447
2461 1.005586 2778.515033
2462 1.230894 2779.745927
2463 1.361013 2781.106940
2464 0.988172 2782.095112
2465 1.565837 2783.660949
2466 0.995883 2784.656832
2467 0.995200 2785.652032
2468 1.728957 2787.380989
2469 1.113667 2788.494656
2470 1.008598 2789.503254
2471 0.987083 2790.490337
2472 1.976576 2792.466913
2473 1.359293 2793.826206
2474 1.002427 2794.828633
2475 1.100501 2795.929134
2476 1.973063 2797.902197
2477 1.092167 2798.994364
2478 1.039686 2800.034050
2479 1.729230 2801.763280
2480 1.281458 2803.044738
2481 1.603488 2804.648226
2482 2.981991 2807.630217
2483 1.207860 2808.838077
2484 1.021652 2809.859729
2485 0.986919 2810.846648
2486 1.024786 2811.871434
2487 1.049851 2812.921285
2488 1.038992 2813.960277
2489 1.940781 2815.901058
2490 1.404130 2817.305188
2491 1.520579 2818.825767
2492 1.795102 2820.620869
2493 1.456114 2822.076983
2494 1.456139 2823.533122
2495 1.042226 2824.575348
2496 1.050973 2825.626321
2497 1.234083 2826.860404
2498 1.636265 2828.496669
2499 1.852600 2830.349269
2500 1.064437 2831.413706
2501 1.030634 2832.444340
2502 1.322040 2833.766380
2503 1.003312 2834.769692
2504 1.026779 2835.796471
2505 1.074843 2836.871314
2506 1.234275 2838.105589
2507 1.022727 2839.128316
2508 0.981891 2840.110207
2509 1.044333 2841.154540
2510 1.012302 2842.166842
2511 2.085128 2844.251970
2512 1.027378 2845.279348
2513 1.035440 2846.314788
2514 1.553694 2847.868482
2515 1.135865 2849.004347
2516 1.483200 2850.487547
2517 1.008636 2851.496183
2518 1.120101 2852.616284
2519 1.004395 2853.620679
2520 1.054623 2854.675302
2521 1.062545 2855.737847
2522 1.069801 2856.807648
2523 1.942106 2858.749754
2524 1.042256 2859.792010
2525 1.076508 2860.868518
2526 1.068674 2861.937192
2527 1.011932 2862.949124
2528 1.129956 2864.079080
2529 1.030801 2865.109881
2530 0.984304 2866.094185
2531 1.549240 2867.643425
2532 1.031029 2868.674454
2533 1.167082 2869.841536
2534 1.039579 2870.881115
2535 1.304860 2872.185975
2536 1.469007 2873.654982
2537 1.008248 2874.663230
2538 1.532200 2876.195430
2539 1.024240 2877.219670
2540 1.026650 2878.246320
2541 1.025652 2879.271972
2542 1.144798 2880.416770
2543 2.270805 2882.687575
2544 1.040205 2883.727780
2545 1.718439 2885.446219
2546 0.991194 2886.437413
2547 0.987407 2887.424820
2548 1.144341 2888.569161
2549 1.288896 2889.858057
2550 1.010673 2890.868730
2551 1.028272 2891.897002
2552 1.033524 2892.930526
2553 1.617316 2894.547842
2554 1.864292 2896.412134
2555 2.188484 2898.600618
2556 1.167382 2899.768000
2557 1.014796 2900.782796
2558 1.022723 2901.805519
2559 1.056996 2902.862515
2560 1.195136 2904.057651
2561 1.036040 2905.093691
2562 1.071248 2906.164939
2563 1.023477 2907.188416
2564 1.024763 2908.213179
2565 1.048987 2909.262166
2566 1.066710 2910.328876
2567 1.055932 2911.384808
2568 0.994728 2912.379536
2569 1.053055 2913.432591
2570 1.353685 2914.786276
2571 2.706657 2917.492933
2572 1.050775 2918.543708
2573 1.045910 2919.589618
2574 1.840926 2921.430544
2575 1.009864 2922.440408
2576 0.983675 2923.424083
2577 1.022293 2924.446376
2578 1.026916 2925.473292
2579 1.040270 2926.513562
2580 1.054322 2927.567884
2581 0.998732 2928.566616
2582 0.982112 2929.548728
2583 1.005411 2930.554139
2584 1.190583 2931.744722
2585 1.129778 2932.874500
2586 1.025313 2933.899813
2587 1.066131 2934.965944
2588 1.283620 2936.249564
2589 1.005396 2937.254960
2590 1.049510 2938.304470
2591 1.007265 2939.311735
2592 1.295963 2940.607698
2593 1.012127 2941.619825
2594 1.324652 2942.944477
2595 1.299006 2944.243483
2596 1.204233 2945.447716
2597 1.005919 2946.453635
2598 0.981597 2947.435232
2599 1.001199 2948.436431
2600 1.090925 2949.527356
2601 1.138938 2950.666294
2602 1.473181 2952.139475
2603 1.107590 2953.247065
2604 0.980040 2954.227105
2605 1.077432 2955.304537
2606 1.059244 2956.363781
2607 1.492738 2957.856519
2608 1.031002 2958.887521
2609 1.075245 2959.962766
2610 2.402705 2962.365471
2611 1.775231 2964.140702
2612 1.292471 2965.433173
2613 1.719005 2967.152178
2614 1.053738 2968.205916
2615 1.083221 2969.289137
2616 0.996864 2970.286001
2617 0.989157 2971.275158
2618 1.184110 2972.459268
2619 1.100570 2973.559838
2620 1.041461 2974.601299
2621 1.131358 2975.732657
2622 1.032328 2976.764985
2623 1.330644 2978.095629
2624 1.048001 2979.143630
2625 1.251877 2980.395507
2626 1.059567 2981.455074
2627 1.179957 2982.635031
2628 1.240351 2983.875382
2629 1.060564 2984.935946
2630 1.279668 2986.215614
2631 1.003041 2987.218655
2632 1.012779 2988.231434
2633 1.046672 2989.278106
2634 1.112319 2990.390425
2635 1.014574 2991.404999
2636 1.067602 2992.472601
2637 1.311995 2993.784596
2638 1.049092 2994.833688
2639 1.042354 2995.876042
2640 1.132960 2997.009002
2641 0.981282 2997.990284
2642 1.043468 2999.033752
2643 1.131793 3000.165545
2644 1.020312 3001.185857
2645 1.012084 3002.197941
2646 1.255004 3003.452945
2647 1.027599 3004.480544
2648 1.068790 3005.549334
2649 1.121980 3006.671314
2650 1.088737 3007.760051
2651 1.203270 3008.963321
2652 1.025826 3009.989147
2653 1.022260 3011.011407
2654 1.028110 3012.039517
2655 1.081453 3013.120970
2656 1.042605 3014.163575
2657 1.020171 3015.183746
2658 1.036010 3016.219756
2659 1.403880 3017.623636
2660 1.473720 3019.097356
2661 1.024047 3020.121403
2662 1.566486 3021.687889
2663 1.127088 3022.814977
2664 1.422020 3024.236997
2665 1.021807 3025.258804
2666 1.027225 3026.286029
2667 1.154902 3027.440931
2668 1.038745 3028.479676
2669 1.089112 3029.568788
2670 1.077779 3030.646567
2671 0.988976 3031.635543
2672 1.338824 3032.974367
2673 1.178611 3034.152978
2674 1.575640 3035.728618
2675 1.599220 3037.327838
2676 1.060280 3038.388118
2677 1.057859 3039.445977
2678 1.081285 3040.527262
2679 1.051986 3041.579248
2680 1.233201 3042.812449
2681 1.474760 3044.287209
2682 1.082080 3045.369289
2683 1.354876 3046.724165
2684 1.114366 3047.838531
2685 1.013255 3048.851786
2686 1.054169 3049.905955
2687 1.133171 3051.039126
2688 1.084469 3052.123595
2689 1.021866 3053.145461
2690 1.026169 3054.171630
2691 1.221463 3055.393093
2692 1.033557 3056.426650
2693 1.259337 3057.685987
2694 1.148087 3058.834074
2695 1.016152 3059.850226
2696 1.046152 3060.896378
2697 1.044370 3061.940748
2698 1.010896 3062.951644
2699 1.069637 3064.021281
2700 1.222120 3065.243401
2701 1.601841 3066.845242
2702 1.022185 3067.867427
2703 1.024946 3068.892373
2704 1.113259 3070.005632
2705 1.025452 3071.031084
2706 1.017486 3072.048570
2707 1.069023 3073.117593
2708 1.571587 3074.689180
2709 1.062674 3075.751854
2710 0.982013 3076.733867
2711 1.031285 3077.765152
2712 1.227390 3078.992542
2713 1.024208 3080.016750
2714 1.021062 3081.037812
2715 1.052727 3082.090539
2716 1.106428 3083.196967
2717 1.059910 3084.256877
2718 1.014975 3085.271852
2719 1.289848 3086.561700
2720 1.133266 3087.694966
2721 1.010823 3088.705789
2722 1.035485 3089.741274
2723 1.010017 3090.751291
2724 1.212126 3091.963417
2725 1.060147 3093.023564
2726 1.205160 3094.228724
2727 1.485885 3095.714609
2728 1.028465 3096.743074
2729 1.091288 3097.834362
2730 1.025504 3098.859866
2731 1.019656 3099.879522
2732 1.014179 3100.893701
2733 1.047561 3101.941262
2734 1.061581 3103.002843
2735 1.011672 3104.014515
2736 1.152245 3105.166760
2737 1.099459 3106.266219
2738 1.298407 3107.564626
2739 0.977007 3108.541633
2740 1.026606 3109.568239
2741 1.249817 3110.818056
2742 1.091550 3111.909606
2743 1.031763 3112.941369
2744 2.295851 3115.237220
2745 1.077744 3116.314964
2746 1.042039 3117.357003
2747 1.031983 3118.388986
2748 1.060371 3119.449357
2749 3.115891 3122.565248
2750 1.039794 3123.605042
2751 1.032332 3124.637374
2752 1.038322 3125.675696
2753 1.031442 3126.707138
2754 1.224574 3127.931712
2755 1.058366 3128.990078
2756 0.994215 3129.984293
2757 1.000941 3130.985234
2758 1.052249 3132.037483
2759 1.177024 3133.214507
2760 1.038237 3134.252744
2761 1.120635 3135.373379
2762 1.035964 3136.409343
2763 1.280071 3137.689414
2764 1.092702 3138.782116
2765 1.132402 3139.914518
2766 1.080489 3140.995007
2767 2.258969 3143.253976
2768 1.538897 3144.792873
2769 1.182176 3145.975049
2770 1.026806 3147.001855
2771 1.035708 3148.037563
2772 1.120272 3149.157835
2773 1.294064 3150.451899
2774 1.212985 3151.664884
2775 1.063471 3152.728355
2776 1.077185 3153.805540
2777 1.028846 3154.834386
2778 1.019761 3155.854147
2779 1.037910 3156.892057
2780 1.187894 3158.079951
2781 1.146205 3159.226156
2782 2.268327 3161.494483
2783 1.083274 3162.577757
2784 1.024127 3163.601884
2785 1.027428 3164.629312
2786 1.023740 3165.653052
2787 1.053560 3166.706612
2788 0.997671 3167.704283
2789 1.026245 3168.730528
2790 1.034356 3169.764884
2791 1.103091 3170.867975
2792 1.310787 3172.178762
2793 1.051821 3173.230583
2794 1.040010 3174.270593
2795 1.050482 3175.321075
2796 1.066603 3176.387678
2797 1.263875 3177.651553
2798 1.161077 3178.812630
2799 1.136271 3179.948901
2800 1.496134 3181.445035
2801 1.033212 3182.478247
2802 1.037135 3183.515382
2803 1.100478 3184.615860
2804 1.026641 3185.642501
2805 1.054155 3186.696656
2806 1.035007 3187.731663
2807 1.039305 3188.770968
2808 1.054170 3189.825138
2809 1.057272 3190.882410
2810 1.057376 3191.939786
2811 0.981594 3192.921380
2812 1.098153 3194.019533
2813 1.028072 3195.047605
2814 1.115313 3196.162918
2815 1.238801 3197.401719
2816 1.025255 3198.426974
2817 1.480091 3199.907065
2818 1.089848 3200.996913
2819 1.050833 3202.047746
2820 1.281054 3203.328800
2821 1.090941 3204.419741
2822 1.916074 3206.335815
2823 1.272772 3207.608587
2824 1.388002 3208.996589
2825 1.385832 3210.382421
2826 0.997638 3211.380059
2827 1.004118 3212.384177
2828 1.343285 3213.727462
2829 1.959890 3215.687352
2830 0.990817 3216.678169
2831 1.033316 3217.711485
2832 1.028733 3218.740218
2833 1.056739 3219.796957
2834 1.261922 3221.058879
2835 1.290941 3222.349820
2836 1.073690 3223.423510
2837 1.212211 3224.635721
2838 1.245238 3225.880959
2839 1.052465 3226.933424
2840 1.032310 3227.965734
2841 1.371502 3229.337236
2842 0.996980 3230.334216
2843 1.025264 3231.359480
2844 1.029210 3232.388690
2845 1.064923 3233.453613
2846 1.120502 3234.574115
2847 1.094965 3235.669080
2848 1.058043 3236.727123
2849 1.101568 3237.828691
2850 1.026707 3238.855398
2851 1.555786 3240.411184
2852 1.447560 3241.858744
2853 1.033940 3242.892684
2854 0.996083 3243.888767
2855 1.026285 3244.915052
2856 1.088790 3246.003842
2857 1.156458 3247.160300
2858 1.449576 3248.609876
2859 1.050754 3249.660630
2860 1.286329 3250.946959
2861 1.164232 3252.111191
2862 1.079171 3253.190362
2863 1.782434 3254.972796
2864 1.077815 3256.050611
2865 1.036087 3257.086698
2866 1.093002 3258.179700
2867 1.345268 3259.524968
2868 1.357698 3260.882666
2869 1.016664 3261.899330
2870 1.898633 3263.797963
2871 0.989322 3264.787285
2872 0.994414 3265.781699
2873 1.043393 3266.825092
2874 1.171681 3267.996773
2875 1.123226 3269.119999
2876 1.703651 3270.823650
2877 1.459214 3272.282864
2878 1.289062 3273.571926
2879 2.017444 3275.589370
2880 1.122221 3276.711591
2881 0.990615 3277.702206
2882 1.072463 3278.774669
2883 1.115168 3279.889837
2884 1.026885 3280.916722
2885 1.037058 3281.953780
2886 1.177423 3283.131203
2887 1.018393 3284.149596
2888 1.025872 3285.175468
2889 1.041328 3286.216796
2890 1.081801 3287.298597
2891 1.190836 3288.489433
2892 1.748239 3290.237672
2893 1.032124 3291.269796
2894 1.078885 3292.348681
2895 0.986766 3293.335447
2896 1.038069 3294.373516
2897 1.034860 3295.408376
2898 1.059487 3296.467863
2899 1.043457 3297.511320
2900 1.127513 3298.638833
2901 1.811690 3300.450523
2902 1.034843 3301.485366
2903 1.125084 3302.610450
2904 1.126007 3303.736457
2905 0.990579 3304.727036
2906 1.023096 3305.750132
2907 1.020163 3306.770295
2908 1.041228 3307.811523
2909 1.142714 3308.954237
2910 1.145447 3310.099684
2911 0.993554 3311.093238
2912 1.026333 3312.119571
2913 1.323579 3313.443150
2914 1.037633 3314.480783
2915 1.114481 3315.595264
2916 1.141913 3316.737177
2917 1.476939 3318.214116
2918 2.046013 3320.260129
2919 1.022350 3321.282479
2920 1.090121 3322.372600
2921 1.287156 3323.659756
2922 1.083419 3324.743175
2923 1.559033 3326.302208
2924 1.039807 3327.342015
2925 1.634640 3328.976655
2926 1.164565 3330.141220
2927 1.434349 3331.575569
2928 1.071742 3332.647311
2929 1.036229 3333.683540
2930 1.026777 3334.710317
2931 1.067774 3335.778091
2932 1.343153 3337.121244
2933 2.354326 3339.475570
2934 1.322718 3340.798288
2935 1.559157 3342.357445
2936 1.041424 3343.398869
2937 1.122343 3344.521212
2938 1.034368 3345.555580
2939 1.206699 3346.762279
2940 1.045328 3347.807607
2941 0.998209 3348.805816
2942 1.027561 3349.833377
2943 1.392672 3351.226049
2944 1.019310 3352.245359
2945 1.058723 3353.304082
2946 1.048980 3354.353062
2947 1.040537 3355.393599
2948 1.128929 3356.522528
2949 1.030408 3357.552936
2950 1.062763 3358.615699
2951 1.051504 3359.667203
2952 1.244050 3360.911253
2953 1.036443 3361.947696
2954 1.019898 3362.967594
2955 1.096744 3364.064338
2956 1.079424 3365.143762
2957 1.281329 3366.425091
2958 1.081636 3367.506727
2959 1.049589 3368.556316
2960 1.029241 3369.585557
2961 1.150824 3370.736381
2962 0.996815 3371.733196
2963 1.105168 3372.838364
2964 1.239158 3374.077522
2965 1.029447 3375.106969
2966 1.027990 3376.134959
2967 1.596565 3377.731524
2968 1.418006 3379.149530
2969 1.035774 3380.185304
2970 1.671970 3381.857274
2971 1.222404 3383.079678
2972 1.088061 3384.167739
2973 2.040053 3386.207792
2974 1.024093 3387.231885
2975 1.415028 3388.646913
2976 1.112449 3389.759362
2977 1.103296 3390.862658
2978 1.023637 3391.886295
2979 1.417836 3393.304131
2980 1.908547 3395.212678
2981 1.278141 3396.490819
2982 1.493647 3397.984466
2983 1.103708 3399.088174
2984 0.982180 3400.070354
2985 1.130419 3401.200773
2986 1.158859 3402.359632
2987 1.013376 3403.373008
2988 1.016332 3404.389340
2989 1.064891 3405.454231
2990 1.059960 3406.514191
2991 1.180530 3407.694721
2992 1.095933 3408.790654
2993 1.372883 3410.163537
2994 1.178371 3411.341908
2995 1.607822 3412.949730
2996 1.057648 3414.007378
2997 1.421292 3415.428670
2998 1.884457 3417.313127
2999 1.146364 3418.459491
3000 1.105603 3419.565094
3001 1.043210 3420.608304
3002 1.028114 3421.636418
3003 1.085463 3422.721881
3004 1.102339 3423.824220
3005 1.000074 3424.824294
3006 1.053387 3425.877681
3007 1.269918 3427.147599
3008 2.285120 3429.432719
3009 1.081242 3430.513961
3010 1.054988 3431.568949
3011 1.019166 3432.588115
3012 1.036257 3433.624372
3013 1.070417 3434.694789
3014 1.403373 3436.098162
3015 1.056817 3437.154979
3016 0.997174 3438.152153
3017 1.074999 3439.227152
3018 1.439232 3440.666384
3019 1.110775 3441.777159
3020 1.016267 3442.793426
3021 3.448341 3446.241767
3022 1.046137 3447.287904
3023 1.033571 3448.321475
3024 1.042923 3449.364398
3025 1.085762 3450.450160
3026 1.247556 3451.697716
3027 1.162255 3452.859971
3028 1.215103 3454.075074
3029 1.113016 3455.188090
3030 1.142862 3456.330952
3031 1.018217 3457.349169
3032 1.029604 3458.378773
3033 1.027390 3459.406163
3034 1.112573 3460.518736
3035 1.122943 3461.641679
3036 1.045074 3462.686753
3037 1.092473 3463.779226
3038 1.503129 3465.282355
3039 1.038112 3466.320467
3040 1.040748 3467.361215
3041 1.164238 3468.525453
3042 1.496074 3470.021527
3043 1.030623 3471.052150
3044 1.149417 3472.201567
3045 0.988483 3473.190050
3046 1.020595 3474.210645
3047 1.110611 3475.321256
3048 1.166143 3476.487399
3049 0.991544 3477.478943
3050 1.022969 3478.501912
3051 1.115515 3479.617427
3052 1.021651 3480.639078
3053 1.055815 3481.694893
3054 1.095779 3482.790672
3055 1.021693 3483.812365
3056 1.028301 3484.840666
3057 1.061091 3485.901757
3058 1.020571 3486.922328
3059 1.034967 3487.957295
3060 0.977157 3488.934452
3061 0.981031 3489.915483
3062 1.022355 3490.937838
3063 1.105056 3492.042894
3064 1.416716 3493.459610
3065 1.014046 3494.473656
3066 1.016522 3495.490178
3067 1.015786 3496.505964
3068 1.017830 3497.523794
3069 1.031355 3498.555149
3070 1.055272 3499.610421
3071 1.457559 3501.067980
3072 1.052966 3502.120946
3073 1.064235 3503.185181
3074 1.336979 3504.522160
3075 1.017040 3505.539200
3076 1.000623 3506.539823
3077 1.025803 3507.565626
3078 1.115882 3508.681508
3079 1.032168 3509.713676
3080 1.819194 3511.532870
3081 1.192291 3512.725161
3082 1.363640 3514.088801
3083 1.283039 3515.371840
3084 1.750675 3517.122515
3085 1.024321 3518.146836
3086 1.032333 3519.179169
3087 1.102878 3520.282047
3088 1.026248 3521.308295
3089 1.057996 3522.366291
3090 1.084529 3523.450820
3091 1.028666 3524.479486
3092 1.213525 3525.693011
3093 1.021608 3526.714619
3094 1.033132 3527.747751
3095 1.084294 3528.832045
3096 1.101517 3529.933562
3097 1.052383 3530.985945
3098 1.021699 3532.007644
3099 1.043999 3533.051643
3100 1.092153 3534.143796
3101 1.011860 3535.155656
3102 1.041034 3536.196690
3103 1.126444 3537.323134
3104 1.105490 3538.428624
3105 1.152565 3539.581189
3106 1.008831 3540.590020
3107 1.027109 3541.617129
3108 1.128512 3542.745641
3109 1.148847 3543.894488
3110 1.099433 3544.993921
3111 1.018440 3546.012361
3112 1.442566 3547.454927
3113 1.014421 3548.469348
3114 1.058032 3549.527380
3115 5.242403 3554.769783
3116 2.317496 3557.087279
3117 1.024771 3558.112050
3118 1.266892 3559.378942
3119 1.053073 3560.432015
3120 1.037206 3561.469221
3121 0.998421 3562.467642
3122 1.668361 3564.136003
3123 1.055948 3565.191951
3124 1.569919 3566.761870
3125 1.394719 3568.156589
3126 1.040452 3569.197041
3127 1.358960 3570.556001
3128 1.055701 3571.611702
3129 1.096467 3572.708169
3130 1.104197 3573.812366
3131 1.029248 3574.841614
3132 1.086070 3575.927684
3133 1.066698 3576.994382
3134 1.047153 3578.041535
3135 1.214647 3579.256182
3136 1.266703 3580.522885
3137 0.991179 3581.514064
3138 1.033398 3582.547462
3139 3.813663 3586.361125
3140 1.038976 3587.400101
3141 1.322407 3588.722508
3142 1.096279 3589.818787
3143 1.025084 3590.843871
3144 1.026739 3591.870610
3145 1.433798 3593.304408
3146 1.237552 3594.541960
3147 1.024603 3595.566563
3148 1.024967 3596.591530
3149 1.434649 3598.026179
