# instance vn2_3.2.vn_to_tree16_400.20.pn
# Settings: Namespace(PN='../../../instances/fmcad/in_json/tree16_400.20.pn', VDC='../../../instances/fmcad/in_json/vn2_3.2.vn', affinity=True, affinity_soft=True, allow_virtual_switches_in_switches=True, anti_affinity=True, assert_all_physical_edges=True, binary_search=True, bitblast_addition=False, bitblast_addition_shadow=False, conflict_limit=0, debug=False, decide_opt_lits=True, directed_links=False, flush_pb_theory=True, force_virtual_switches=False, ignore_ram_constraints=False, ignore_storage_constraints=False, intrinsic_edge_constraints=False, intrinsic_edge_sets=True, logfile=None, min_cores=False, min_servers=False, opt_conflict_limit=0, opt_time_limit=-1, popcount='BV', refine_flow=True, remove_all_flow_cycles=False, remove_common_bandwidth_factor=True, remove_flow_cycles=False, remove_flow_cycles_python=False, rnd_theory_freq=0.99, rnd_theory_order=False, separate_reach_constraints=False, static_flow_caps=True, theory_order_vsids=True, timelog='timelogs/fmcad13_vdcmapper_intrinsic-edge-sets-no-rnd-theory-order-theory-order-vsids-rnd-theory-freq-0-99_datacentertree16_400.20.pn_instance_vn2_3.2.vn.log', tree_addition=True, use_cover_for_refinement=True, use_min_cost_max_flow=False, vsids_balance=1, vsids_both=True)
init 2.527581 2.527581
1 0.179086 2.706667
2 0.144817 2.851484
3 0.140957 2.992441
4 0.143604 3.136045
5 0.206852 3.342897
6 0.141185 3.484082
7 0.144970 3.629052
8 0.146695 3.775747
9 0.145687 3.921434
10 0.143603 4.065037
11 0.142753 4.207790
12 0.145248 4.353038
13 0.145425 4.498463
14 0.144119 4.642582
15 0.144124 4.786706
16 0.146276 4.932982
17 0.147599 5.080581
18 0.151233 5.231814
19 0.145418 5.377232
20 0.142088 5.519320
21 0.145487 5.664807
22 0.149179 5.813986
23 0.145098 5.959084
24 0.145534 6.104618
25 0.147585 6.252203
26 0.146003 6.398206
27 0.145283 6.543489
28 0.146956 6.690445
29 0.151279 6.841724
30 0.148191 6.989915
31 0.145382 7.135297
32 0.146620 7.281917
33 0.145884 7.427801
34 0.145477 7.573278
35 0.144552 7.717830
36 0.146368 7.864198
37 0.163993 8.028191
38 0.147879 8.176070
39 0.146631 8.322701
40 0.147870 8.470571
41 0.146444 8.617015
42 0.151232 8.768247
43 0.147012 8.915259
44 0.146121 9.061380
45 0.145952 9.207332
46 0.144887 9.352219
47 0.145068 9.497287
48 0.146916 9.644203
49 0.156649 9.800852
50 0.165713 9.966565
51 0.155151 10.121716
52 0.149412 10.271128
53 0.149196 10.420324
54 0.148342 10.568666
55 0.147785 10.716451
56 0.152380 10.868831
57 0.151051 11.019882
58 0.151984 11.171866
59 0.149823 11.321689
60 0.152491 11.474180
61 0.151248 11.625428
62 0.151426 11.776854
63 0.152129 11.928983
64 0.152099 12.081082
65 0.148866 12.229948
66 0.152654 12.382602
67 0.151077 12.533679
68 0.151932 12.685611
69 0.151632 12.837243
70 0.152018 12.989261
71 0.149250 13.138511
72 0.150091 13.288602
73 0.163784 13.452386
74 0.150254 13.602640
75 0.148233 13.750873
76 0.159290 13.910163
77 0.174874 14.085037
78 0.181806 14.266843
79 0.152522 14.419365
80 0.153259 14.572624
81 0.154384 14.727008
82 0.153514 14.880522
83 0.153508 15.034030
84 0.154424 15.188454
85 0.153889 15.342343
86 0.153366 15.495709
87 0.152644 15.648353
88 0.152232 15.800585
89 0.155537 15.956122
90 0.157409 16.113531
91 0.155924 16.269455
92 0.152128 16.421583
93 0.153382 16.574965
94 0.153260 16.728225
95 0.155287 16.883512
96 0.160331 17.043843
97 0.151373 17.195216
98 0.149260 17.344476
99 0.151080 17.495556
100 0.150901 17.646457
101 0.152301 17.798758
102 0.150217 17.948975
103 0.148876 18.097851
104 0.150811 18.248662
105 0.164757 18.413419
106 0.152043 18.565462
107 0.163159 18.728621
108 0.151000 18.879621
109 0.149317 19.028938
110 0.162244 19.191182
111 0.158876 19.350058
112 0.152330 19.502388
113 0.151966 19.654354
114 0.161032 19.815386
115 0.156498 19.971884
116 0.153244 20.125128
117 0.157148 20.282276
118 0.151999 20.434275
119 0.160550 20.594825
120 0.150767 20.745592
121 0.151910 20.897502
122 0.178117 21.075619
123 0.153521 21.229140
124 0.157981 21.387121
125 0.164697 21.551818
126 0.151602 21.703420
127 0.153386 21.856806
128 0.152549 22.009355
129 0.152389 22.161744
130 0.153245 22.314989
131 0.153556 22.468545
132 0.150362 22.618907
133 0.150974 22.769881
134 0.152226 22.922107
135 0.161244 23.083351
136 0.152307 23.235658
137 0.151492 23.387150
138 0.152980 23.540130
139 0.153989 23.694119
140 0.152057 23.846176
141 0.152837 23.999013
142 0.153165 24.152178
143 0.170347 24.322525
144 0.151148 24.473673
145 0.151216 24.624889
146 0.151788 24.776677
147 0.152773 24.929450
148 0.157170 25.086620
149 0.161324 25.247944
150 0.159655 25.407599
151 0.160784 25.568383
152 0.158139 25.726522
153 0.153418 25.879940
154 0.166538 26.046478
155 0.153741 26.200219
156 0.154014 26.354233
157 0.152917 26.507150
158 0.152954 26.660104
159 0.174103 26.834207
160 0.156012 26.990219
161 0.157963 27.148182
162 0.152533 27.300715
163 0.198804 27.499519
164 0.153395 27.652914
165 0.151678 27.804592
166 0.168316 27.972908
167 0.151187 28.124095
168 0.157311 28.281406
169 0.154155 28.435561
170 0.153304 28.588865
171 0.154976 28.743841
172 0.188546 28.932387
173 0.154766 29.087153
174 0.155819 29.242972
175 0.153880 29.396852
176 0.153929 29.550781
177 0.159838 29.710619
178 0.162587 29.873206
179 0.248509 30.121715
180 0.156501 30.278216
181 0.153420 30.431636
182 0.168875 30.600511
183 0.156756 30.757267
184 0.154486 30.911753
185 0.191613 31.103366
186 0.154547 31.257913
187 0.165544 31.423457
188 0.181136 31.604593
189 0.153371 31.757964
190 0.174700 31.932664
191 0.153855 32.086519
192 0.152278 32.238797
193 0.153613 32.392410
194 0.154010 32.546420
195 0.155640 32.702060
196 0.197390 32.899450
197 0.154741 33.054191
198 0.156003 33.210194
199 0.158953 33.369147
200 0.154331 33.523478
201 0.155841 33.679319
202 0.160672 33.839991
203 0.159714 33.999705
204 0.158241 34.157946
205 0.166247 34.324193
206 0.153805 34.477998
207 0.151252 34.629250
208 0.155212 34.784462
209 0.153174 34.937636
210 0.155449 35.093085
211 0.152435 35.245520
212 0.154354 35.399874
213 0.156923 35.556797
214 0.154383 35.711180
215 0.158820 35.870000
216 0.154661 36.024661
217 0.161365 36.186026
218 0.157489 36.343515
219 0.170910 36.514425
220 0.153030 36.667455
221 0.154403 36.821858
222 0.151588 36.973446
223 0.154463 37.127909
224 0.156622 37.284531
225 0.153152 37.437683
226 0.158000 37.595683
227 0.152169 37.747852
228 0.152689 37.900541
229 0.155060 38.055601
230 0.162290 38.217891
231 0.163691 38.381582
232 0.157567 38.539149
233 0.162579 38.701728
234 0.155609 38.857337
235 0.154882 39.012219
236 0.155887 39.168106
237 0.154416 39.322522
238 0.154856 39.477378
239 0.155047 39.632425
240 0.154986 39.787411
241 0.155452 39.942863
242 0.158993 40.101856
243 0.171893 40.273749
244 0.156435 40.430184
245 0.155323 40.585507
246 0.153919 40.739426
247 0.158936 40.898362
248 0.164356 41.062718
249 0.159109 41.221827
250 0.157004 41.378831
251 0.159456 41.538287
252 0.153584 41.691871
253 0.155055 41.846926
254 0.154244 42.001170
255 0.154271 42.155441
256 0.154075 42.309516
257 0.159932 42.469448
258 0.155093 42.624541
259 0.154587 42.779128
260 0.155351 42.934479
261 0.153960 43.088439
262 0.166101 43.254540
263 0.153491 43.408031
264 0.183704 43.591735
265 0.153817 43.745552
266 0.160007 43.905559
267 0.157234 44.062793
268 0.155044 44.217837
269 0.154803 44.372640
270 0.155857 44.528497
271 0.185588 44.714085
272 0.157540 44.871625
273 0.157719 45.029344
274 0.155805 45.185149
275 0.153632 45.338781
276 0.158245 45.497026
277 0.161245 45.658271
278 0.197144 45.855415
279 0.154917 46.010332
280 0.154925 46.165257
281 0.158312 46.323569
282 0.169026 46.492595
283 0.165667 46.658262
284 0.156089 46.814351
285 0.175672 46.990023
286 0.155008 47.145031
287 0.154917 47.299948
288 0.155617 47.455565
289 0.154503 47.610068
290 0.166272 47.776340
291 0.220283 47.996623
292 0.163330 48.159953
293 0.152677 48.312630
294 0.154371 48.467001
295 0.154177 48.621178
296 0.154128 48.775306
297 0.152692 48.927998
298 0.162417 49.090415
299 0.156051 49.246466
300 0.159978 49.406444
301 0.155360 49.561804
302 0.163041 49.724845
303 0.155090 49.879935
304 0.153537 50.033472
305 0.156179 50.189651
306 0.177929 50.367580
307 0.152714 50.520294
308 0.154810 50.675104
309 0.154624 50.829728
310 0.157868 50.987596
311 0.157893 51.145489
312 0.158729 51.304218
313 0.154204 51.458422
314 0.153682 51.612104
315 0.157183 51.769287
316 0.154560 51.923847
317 0.182440 52.106287
318 0.157465 52.263752
319 0.179006 52.442758
320 0.153537 52.596295
321 0.160673 52.756968
322 0.153720 52.910688
323 0.154333 53.065021
324 0.153377 53.218398
325 0.161401 53.379799
326 0.153197 53.532996
327 0.152744 53.685740
328 0.153793 53.839533
329 0.177630 54.017163
330 0.158257 54.175420
331 0.153010 54.328430
332 0.155185 54.483615
333 0.163061 54.646676
334 0.153996 54.800672
335 0.161055 54.961727
336 0.154173 55.115900
337 0.156331 55.272231
338 0.156651 55.428882
339 0.170452 55.599334
340 0.156423 55.755757
341 0.153895 55.909652
342 0.152764 56.062416
343 0.202135 56.264551
344 0.156943 56.421494
345 0.155640 56.577134
346 0.161036 56.738170
347 0.155749 56.893919
348 0.165050 57.058969
349 0.167980 57.226949
350 0.154406 57.381355
351 0.152657 57.534012
352 0.155429 57.689441
353 0.155227 57.844668
354 0.155014 57.999682
355 0.167542 58.167224
356 0.161373 58.328597
357 0.156227 58.484824
358 0.156628 58.641452
359 0.155330 58.796782
360 0.159825 58.956607
361 0.158340 59.114947
362 0.153271 59.268218
363 0.159680 59.427898
364 0.168006 59.595904
365 0.154830 59.750734
366 0.160110 59.910844
367 0.157032 60.067876
368 0.157316 60.225192
369 0.155577 60.380769
370 0.153227 60.533996
371 0.155192 60.689188
372 0.158803 60.847991
373 0.155398 61.003389
374 0.162090 61.165479
375 0.160230 61.325709
376 0.174227 61.499936
377 0.172338 61.672274
378 0.155665 61.827939
379 0.154542 61.982481
380 0.157517 62.139998
381 0.152855 62.292853
382 0.155608 62.448461
383 0.158939 62.607400
384 0.160308 62.767708
385 0.155353 62.923061
386 0.155784 63.078845
387 0.156275 63.235120
388 0.155202 63.390322
389 0.156777 63.547099
390 0.167196 63.714295
391 0.240593 63.954888
392 0.152734 64.107622
393 0.155541 64.263163
394 0.163558 64.426721
395 0.154496 64.581217
396 0.158471 64.739688
397 0.187823 64.927511
398 0.154592 65.082103
399 0.154775 65.236878
400 0.156009 65.392887
401 0.160384 65.553271
402 0.160214 65.713485
403 0.155504 65.868989
404 0.164447 66.033436
405 0.182503 66.215939
406 0.155267 66.371206
407 0.155740 66.526946
408 0.156694 66.683640
409 0.155413 66.839053
410 0.160570 66.999623
411 0.182531 67.182154
412 0.153604 67.335758
413 0.155647 67.491405
414 0.155026 67.646431
415 0.152905 67.799336
416 0.156705 67.956041
417 0.155166 68.111207
418 0.152627 68.263834
419 0.154012 68.417846
420 0.154425 68.572271
421 0.152283 68.724554
422 0.156661 68.881215
423 0.152829 69.034044
424 0.152105 69.186149
425 0.155192 69.341341
426 0.156243 69.497584
427 0.153807 69.651391
428 0.154863 69.806254
429 0.154291 69.960545
430 0.152804 70.113349
431 0.156584 70.269933
432 0.151413 70.421346
433 0.154539 70.575885
434 0.151826 70.727711
435 0.154862 70.882573
436 0.151812 71.034385
437 0.154809 71.189194
438 0.188323 71.377517
439 0.163088 71.540605
440 0.153676 71.694281
441 0.154822 71.849103
442 0.152032 72.001135
443 0.152173 72.153308
444 0.153740 72.307048
445 0.152484 72.459532
446 0.153607 72.613139
447 0.152947 72.766086
448 0.154050 72.920136
449 0.173458 73.093594
450 0.156112 73.249706
451 0.153299 73.403005
452 0.156083 73.559088
453 0.152567 73.711655
454 0.155482 73.867137
455 0.153128 74.020265
456 0.154811 74.175076
457 0.154324 74.329400
458 0.172378 74.501778
459 0.156537 74.658315
460 0.154574 74.812889
461 0.154116 74.967005
462 0.157189 75.124194
463 0.153613 75.277807
464 0.154910 75.432717
465 0.153083 75.585800
466 0.155100 75.740900
467 0.152719 75.893619
468 0.155291 76.048910
469 0.153370 76.202280
470 0.155018 76.357298
471 0.155850 76.513148
472 0.153063 76.666211
473 0.155278 76.821489
474 0.152820 76.974309
475 0.156907 77.131216
476 0.159330 77.290546
477 0.155046 77.445592
478 0.152818 77.598410
479 0.155025 77.753435
480 0.155479 77.908914
481 0.155076 78.063990
482 0.154446 78.218436
483 0.155805 78.374241
484 0.152676 78.526917
485 0.154598 78.681515
486 0.152061 78.833576
487 0.155080 78.988656
488 0.156501 79.145157
489 0.176752 79.321909
490 0.156895 79.478804
491 0.157535 79.636339
492 0.217105 79.853444
493 0.157181 80.010625
494 0.157994 80.168619
495 0.158742 80.327361
496 0.218892 80.546253
497 0.157237 80.703490
498 0.155281 80.858771
499 0.164654 81.023425
500 0.155388 81.178813
501 0.207875 81.386688
502 0.155606 81.542294
503 0.155306 81.697600
504 0.156286 81.853886
505 0.161438 82.015324
506 0.175128 82.190452
507 0.155861 82.346313
508 0.155261 82.501574
509 0.158401 82.659975
510 0.155403 82.815378
511 0.160777 82.976155
512 0.188232 83.164387
513 0.154904 83.319291
514 0.164965 83.484256
515 0.168806 83.653062
516 0.155914 83.808976
517 0.164342 83.973318
518 0.154667 84.127985
519 0.155159 84.283144
520 0.155490 84.438634
521 0.157583 84.596217
522 0.177661 84.773878
523 0.155104 84.928982
524 0.170966 85.099948
525 0.183910 85.283858
526 0.168831 85.452689
527 0.159912 85.612601
528 0.161538 85.774139
529 0.153834 85.927973
530 0.155957 86.083930
531 0.179487 86.263417
532 0.155366 86.418783
533 0.155046 86.573829
534 0.155122 86.728951
535 0.170621 86.899572
536 0.156020 87.055592
537 0.154452 87.210044
538 0.158331 87.368375
539 0.155425 87.523800
540 0.156017 87.679817
541 0.157582 87.837399
542 0.158356 87.995755
543 0.162363 88.158118
544 0.158783 88.316901
545 0.154661 88.471562
546 0.156941 88.628503
547 0.156326 88.784829
548 0.166430 88.951259
549 0.154807 89.106066
550 0.159068 89.265134
551 0.155593 89.420727
552 0.160383 89.581110
553 0.156528 89.737638
554 0.155902 89.893540
555 0.154392 90.047932
556 0.153222 90.201154
557 0.151785 90.352939
558 0.156006 90.508945
559 0.165091 90.674036
560 0.157327 90.831363
561 0.153347 90.984710
562 0.152776 91.137486
563 0.155688 91.293174
564 0.155466 91.448640
565 0.176004 91.624644
566 0.155879 91.780523
567 0.152190 91.932713
568 0.154083 92.086796
569 0.157814 92.244610
570 0.162909 92.407519
571 0.153622 92.561141
572 0.155689 92.716830
573 0.157233 92.874063
574 0.157422 93.031485
575 0.154977 93.186462
576 0.154914 93.341376
577 0.155189 93.496565
578 0.155914 93.652479
579 0.166159 93.818638
580 0.155039 93.973677
581 0.156133 94.129810
582 0.155139 94.284949
583 0.155365 94.440314
584 0.160325 94.600639
585 0.156130 94.756769
586 0.154377 94.911146
587 0.155978 95.067124
588 0.152979 95.220103
589 0.152617 95.372720
590 0.155600 95.528320
591 0.153552 95.681872
592 0.174437 95.856309
593 0.154286 96.010595
594 0.153734 96.164329
595 0.154215 96.318544
596 0.154935 96.473479
597 0.169359 96.642838
598 0.154891 96.797729
599 0.167019 96.964748
600 0.154470 97.119218
601 0.159253 97.278471
602 0.173115 97.451586
603 0.165463 97.617049
604 0.154414 97.771463
605 0.153987 97.925450
606 0.159861 98.085311
607 0.161995 98.247306
608 0.169134 98.416440
609 0.155979 98.572419
610 0.170768 98.743187
611 0.152106 98.895293
612 0.152216 99.047509
613 0.155267 99.202776
614 0.182149 99.384925
615 0.154008 99.538933
616 0.154213 99.693146
617 0.153608 99.846754
618 0.151993 99.998747
619 0.153952 100.152699
620 0.155949 100.308648
621 0.167485 100.476133
622 0.153736 100.629869
623 0.153510 100.783379
624 0.153908 100.937287
625 0.152767 101.090054
626 0.153609 101.243663
627 0.153987 101.397650
628 0.154060 101.551710
629 0.154526 101.706236
630 0.152950 101.859186
631 0.151847 102.011033
632 0.151133 102.162166
633 0.159746 102.321912
634 0.152329 102.474241
635 0.150591 102.624832
636 0.158741 102.783573
637 0.169642 102.953215
638 0.153234 103.106449
639 0.153634 103.260083
640 0.151221 103.411304
641 0.153026 103.564330
642 0.151018 103.715348
643 0.152625 103.867973
644 0.153800 104.021773
645 0.156043 104.177816
646 0.153161 104.330977
647 0.155715 104.486692
648 0.151983 104.638675
649 0.153827 104.792502
650 0.153696 104.946198
651 0.153845 105.100043
652 0.151500 105.251543
653 0.153442 105.404985
654 0.151474 105.556459
655 0.152110 105.708569
656 0.153896 105.862465
657 0.153123 106.015588
658 0.152799 106.168387
659 0.153387 106.321774
660 0.154156 106.475930
661 0.152410 106.628340
662 0.155465 106.783805
663 0.161381 106.945186
664 0.154877 107.100063
665 0.154434 107.254497
666 0.151828 107.406325
667 0.150569 107.556894
668 0.158383 107.715277
669 0.153341 107.868618
670 0.153513 108.022131
671 0.150798 108.172929
672 0.153899 108.326828
673 0.156034 108.482862
674 0.153423 108.636285
675 0.153200 108.789485
676 0.157579 108.947064
677 0.152031 109.099095
678 0.150356 109.249451
679 0.154172 109.403623
680 0.153094 109.556717
681 0.152775 109.709492
682 0.153339 109.862831
683 0.153840 110.016671
684 0.153589 110.170260
685 0.155882 110.326142
686 0.151493 110.477635
687 0.160621 110.638256
688 0.153020 110.791276
689 0.153239 110.944515
690 0.154009 111.098524
691 0.157947 111.256471
692 0.153897 111.410368
693 0.150749 111.561117
694 0.152938 111.714055
695 0.167384 111.881439
696 0.154000 112.035439
697 0.154810 112.190249
698 0.153016 112.343265
699 0.154484 112.497749
700 0.152450 112.650199
701 0.151688 112.801887
702 0.152948 112.954835
703 0.153951 113.108786
704 0.153912 113.262698
done 704 0.030585 113.293283
