# instance vn2_3.3.vn_to_tree16_200.20.pn
# Settings: Namespace(PN='../../../instances/fmcad/in_json/tree16_200.20.pn', VDC='../../../instances/fmcad/in_json/vn2_3.3.vn', affinity=True, affinity_soft=True, allow_virtual_switches_in_switches=True, anti_affinity=True, assert_all_physical_edges=True, binary_search=True, bitblast_addition=False, bitblast_addition_shadow=False, conflict_limit=0, debug=False, decide_opt_lits=True, directed_links=False, flush_pb_theory=True, force_virtual_switches=False, ignore_ram_constraints=False, ignore_storage_constraints=False, intrinsic_edge_constraints=False, intrinsic_edge_sets=True, logfile=None, min_cores=False, min_servers=False, opt_conflict_limit=0, opt_time_limit=-1, popcount='BV', refine_flow=True, remove_all_flow_cycles=False, remove_common_bandwidth_factor=True, remove_flow_cycles=False, remove_flow_cycles_python=False, rnd_theory_freq=0.99, rnd_theory_order=False, separate_reach_constraints=False, static_flow_caps=True, theory_order_vsids=True, timelog='timelogs/fmcad13_vdcmapper_intrinsic-edge-sets-no-rnd-theory-order-theory-order-vsids-rnd-theory-freq-0-99_datacentertree16_200.20.pn_instance_vn2_3.3.vn.log', tree_addition=True, use_cover_for_refinement=True, use_min_cost_max_flow=False, vsids_balance=1, vsids_both=True)
init 1.070608 1.070608
1 0.067176 1.137784
2 0.052868 1.190652
3 0.054075 1.244727
4 0.055032 1.299759
5 0.064022 1.363781
6 0.054848 1.418629
7 0.055135 1.473764
8 0.056160 1.529924
9 0.056665 1.586589
10 0.058839 1.645428
11 0.055795 1.701223
12 0.056800 1.758023
13 0.055015 1.813038
14 0.058056 1.871094
15 0.072693 1.943787
16 0.057410 2.001197
17 0.058891 2.060088
18 0.061649 2.121737
19 0.063481 2.185218
20 0.055905 2.241123
21 0.065029 2.306152
22 0.057020 2.363172
23 0.058081 2.421253
24 0.055358 2.476611
25 0.056479 2.533090
26 0.055964 2.589054
27 0.056071 2.645125
28 0.061753 2.706878
29 0.057547 2.764425
30 0.060262 2.824687
31 0.058622 2.883309
32 0.057320 2.940629
33 0.056778 2.997407
34 0.063106 3.060513
35 0.057087 3.117600
36 0.056752 3.174352
37 0.057781 3.232133
38 0.063628 3.295761
39 0.066889 3.362650
40 0.058258 3.420908
41 0.058799 3.479707
42 0.057965 3.537672
43 0.060464 3.598136
44 0.060787 3.658923
45 0.060165 3.719088
46 0.062385 3.781473
47 0.058115 3.839588
48 0.063371 3.902959
49 0.057594 3.960553
50 0.063061 4.023614
51 0.061437 4.085051
52 0.056878 4.141929
53 0.057239 4.199168
54 0.065627 4.264795
55 0.058909 4.323704
56 0.089541 4.413245
57 0.059137 4.472382
58 0.064690 4.537072
59 0.076373 4.613445
60 0.059888 4.673333
61 0.060129 4.733462
62 0.059390 4.792852
63 0.063681 4.856533
64 0.071548 4.928081
65 0.061421 4.989502
66 0.058045 5.047547
67 0.060853 5.108400
68 0.060118 5.168518
69 0.059209 5.227727
70 0.057374 5.285101
71 0.058439 5.343540
72 0.072154 5.415694
73 0.060122 5.475816
74 0.063467 5.539283
75 0.057728 5.597011
76 0.063636 5.660647
77 0.058352 5.718999
78 0.057933 5.776932
79 0.069876 5.846808
80 0.065487 5.912295
81 0.058625 5.970920
82 0.058480 6.029400
83 0.058625 6.088025
84 0.059027 6.147052
85 0.072251 6.219303
86 0.057601 6.276904
87 0.057554 6.334458
88 0.058595 6.393053
89 0.057504 6.450557
90 0.056964 6.507521
91 0.057700 6.565221
92 0.060213 6.625434
93 0.057590 6.683024
94 0.057923 6.740947
95 0.057512 6.798459
96 0.058274 6.856733
97 0.058292 6.915025
98 0.057533 6.972558
99 0.057329 7.029887
100 0.058096 7.087983
101 0.058555 7.146538
102 0.057664 7.204202
103 0.060879 7.265081
104 0.058442 7.323523
105 0.058648 7.382171
106 0.086989 7.469160
107 0.059852 7.529012
108 0.061802 7.590814
109 0.063480 7.654294
110 0.065281 7.719575
111 0.057270 7.776845
112 0.058016 7.834861
113 0.058908 7.893769
114 0.067822 7.961591
115 0.059907 8.021498
116 0.059039 8.080537
117 0.066889 8.147426
118 0.059381 8.206807
119 0.064730 8.271537
120 0.064301 8.335838
121 0.058688 8.394526
122 0.074917 8.469443
123 0.063637 8.533080
124 0.059872 8.592952
125 0.060144 8.653096
126 0.059309 8.712405
127 0.066110 8.778515
128 0.059270 8.837785
129 0.058818 8.896603
130 0.059618 8.956221
131 0.070233 9.026454
132 0.061538 9.087992
133 0.059334 9.147326
134 0.066374 9.213700
135 0.059408 9.273108
136 0.058613 9.331721
137 0.057989 9.389710
138 0.057967 9.447677
139 0.072848 9.520525
140 0.071823 9.592348
141 0.059582 9.651930
142 0.059885 9.711815
143 0.062495 9.774310
144 0.059166 9.833476
145 0.062860 9.896336
146 0.063369 9.959705
147 0.058491 10.018196
148 0.059912 10.078108
149 0.060195 10.138303
150 0.056718 10.195021
151 0.073909 10.268930
152 0.060951 10.329881
153 0.059773 10.389654
154 0.060774 10.450428
155 0.070833 10.521261
156 0.062019 10.583280
157 0.063448 10.646728
158 0.061713 10.708441
159 0.071136 10.779577
160 0.064236 10.843813
161 0.065157 10.908970
162 0.064805 10.973775
163 0.062273 11.036048
164 0.060096 11.096144
165 0.061013 11.157157
166 0.060142 11.217299
167 0.064964 11.282263
168 0.060184 11.342447
169 0.061629 11.404076
170 0.068994 11.473070
171 0.061502 11.534572
172 0.060101 11.594673
173 0.060629 11.655302
174 0.062481 11.717783
175 0.062329 11.780112
176 0.063267 11.843379
177 0.087741 11.931120
178 0.059808 11.990928
179 0.060302 12.051230
180 0.060819 12.112049
181 0.068294 12.180343
182 0.067619 12.247962
183 0.065848 12.313810
184 0.059074 12.372884
185 0.059853 12.432737
186 0.059941 12.492678
187 0.072828 12.565506
188 0.061998 12.627504
189 0.058991 12.686495
190 0.064980 12.751475
191 0.058733 12.810208
192 0.069433 12.879641
193 0.096926 12.976567
194 0.069980 13.046547
195 0.060228 13.106775
196 0.061561 13.168336
197 0.059044 13.227380
198 0.062610 13.289990
199 0.061037 13.351027
200 0.060092 13.411119
201 0.062163 13.473282
202 0.059482 13.532764
203 0.061443 13.594207
204 0.077980 13.672187
205 0.062175 13.734362
206 0.065422 13.799784
207 0.061047 13.860831
208 0.066252 13.927083
209 0.060812 13.987895
210 0.061110 14.049005
211 0.059282 14.108287
212 0.064485 14.172772
213 0.060813 14.233585
214 0.064624 14.298209
215 0.061926 14.360135
216 0.061028 14.421163
217 0.065996 14.487159
218 0.063405 14.550564
219 0.062090 14.612654
220 0.079790 14.692444
221 0.068572 14.761016
222 0.069112 14.830128
223 0.060912 14.891040
224 0.060715 14.951755
225 0.061653 15.013408
226 0.063849 15.077257
227 0.064905 15.142162
228 0.063874 15.206036
229 0.066006 15.272042
230 0.061519 15.333561
231 0.060762 15.394323
232 0.060825 15.455148
233 0.065269 15.520417
234 0.060236 15.580653
235 0.061217 15.641870
236 0.059209 15.701079
237 0.058887 15.759966
238 0.087455 15.847421
239 0.063502 15.910923
240 0.061228 15.972151
241 0.061868 16.034019
242 0.068572 16.102591
243 0.060605 16.163196
244 0.061389 16.224585
245 0.073578 16.298163
246 0.083413 16.381576
247 0.062259 16.443835
248 0.075521 16.519356
249 0.061097 16.580453
250 0.060516 16.640969
251 0.065275 16.706244
252 0.060200 16.766444
253 0.060433 16.826877
254 0.063724 16.890601
255 0.061418 16.952019
256 0.061563 17.013582
257 0.060246 17.073828
258 0.060186 17.134014
259 0.060172 17.194186
260 0.060689 17.254875
261 0.059478 17.314353
262 0.059426 17.373779
263 0.060079 17.433858
264 0.060038 17.493896
265 0.060384 17.554280
266 0.060532 17.614812
267 0.059211 17.674023
268 0.060688 17.734711
269 0.064104 17.798815
270 0.062021 17.860836
271 0.075366 17.936202
272 0.066379 18.002581
273 0.063428 18.066009
274 0.062117 18.128126
275 0.061227 18.189353
276 0.060682 18.250035
277 0.076519 18.326554
278 0.069065 18.395619
279 0.061816 18.457435
280 0.060524 18.517959
281 0.060351 18.578310
282 0.060239 18.638549
283 0.061439 18.699988
284 0.074314 18.774302
285 0.064431 18.838733
286 0.068626 18.907359
287 0.070726 18.978085
288 0.067842 19.045927
289 0.060837 19.106764
290 0.066894 19.173658
291 0.069217 19.242875
292 0.071925 19.314800
293 0.064134 19.378934
294 0.060108 19.439042
295 0.059330 19.498372
296 0.061322 19.559694
297 0.058789 19.618483
298 0.068450 19.686933
299 0.062613 19.749546
300 0.061211 19.810757
301 0.060738 19.871495
302 0.061192 19.932687
303 0.069388 20.002075
304 0.073104 20.075179
305 0.065893 20.141072
306 0.062676 20.203748
307 0.059525 20.263273
308 0.064560 20.327833
309 0.065599 20.393432
310 0.064942 20.458374
311 0.060605 20.518979
312 0.060329 20.579308
313 0.072008 20.651316
314 0.064754 20.716070
315 0.059742 20.775812
316 0.059520 20.835332
317 0.061720 20.897052
318 0.068509 20.965561
319 0.064493 21.030054
320 0.065398 21.095452
321 0.061895 21.157347
322 0.060267 21.217614
323 0.061301 21.278915
324 0.060364 21.339279
325 0.059458 21.398737
326 0.081892 21.480629
327 0.064183 21.544812
328 0.061962 21.606774
329 0.065727 21.672501
330 0.061513 21.734014
331 0.064113 21.798127
332 0.062188 21.860315
333 0.061747 21.922062
334 0.064196 21.986258
335 0.062052 22.048310
336 0.071363 22.119673
337 0.065974 22.185647
338 0.060867 22.246514
339 0.058924 22.305438
340 0.060776 22.366214
341 0.059757 22.425971
342 0.062051 22.488022
343 0.060432 22.548454
344 0.061771 22.610225
345 0.062970 22.673195
346 0.060840 22.734035
347 0.065918 22.799953
348 0.059894 22.859847
349 0.060689 22.920536
done 349 0.010720 22.931256
