# instance vn2_5.1.vn_to_tree16_2000.20.pn
# Settings: Namespace(PN='../../../instances/fmcad/in_json/tree16_2000.20.pn', VDC='../../../instances/fmcad/in_json/vn2_5.1.vn', affinity=True, affinity_soft=True, allow_virtual_switches_in_switches=True, anti_affinity=True, assert_all_physical_edges=True, binary_search=True, bitblast_addition=False, bitblast_addition_shadow=False, conflict_limit=0, debug=False, decide_opt_lits=True, directed_links=False, flush_pb_theory=True, force_virtual_switches=False, ignore_ram_constraints=False, ignore_storage_constraints=False, intrinsic_edge_constraints=False, intrinsic_edge_sets=True, logfile=None, min_cores=False, min_servers=False, opt_conflict_limit=0, opt_time_limit=-1, popcount='BV', refine_flow=True, remove_all_flow_cycles=False, remove_common_bandwidth_factor=True, remove_flow_cycles=False, remove_flow_cycles_python=False, rnd_theory_freq=0.99, rnd_theory_order=False, separate_reach_constraints=False, static_flow_caps=True, theory_order_vsids=True, timelog='timelogs/fmcad13_vdcmapper_intrinsic-edge-sets-no-rnd-theory-order-theory-order-vsids-rnd-theory-freq-0-99_datacentertree16_2000.20.pn_instance_vn2_5.1.vn.log', tree_addition=True, use_cover_for_refinement=True, use_min_cost_max_flow=False, vsids_balance=1, vsids_both=True)
init 24.417782 24.417782
1 1.660679 26.078461
2 1.429991 27.508452
3 1.550241 29.058693
4 1.493014 30.551707
5 1.394697 31.946404
6 1.413357 33.359761
7 1.393639 34.753400
8 1.873452 36.626852
9 1.497572 38.124424
10 1.699109 39.823533
11 1.436748 41.260281
12 4.681761 45.942042
13 2.882121 48.824163
14 1.599371 50.423534
15 2.221751 52.645285
16 1.817006 54.462291
17 1.475718 55.938009
18 2.018455 57.956464
19 1.520772 59.477236
20 2.963422 62.440658
21 2.286698 64.727356
22 1.561786 66.289142
23 3.279322 69.568464
24 2.684031 72.252495
25 2.080645 74.333140
26 1.546548 75.879688
27 2.370700 78.250388
28 3.338353 81.588741
29 4.213227 85.801968
30 4.027437 89.829405
31 1.653597 91.483002
32 2.355609 93.838611
33 1.596797 95.435408
34 1.616434 97.051842
35 5.333319 102.385161
36 2.428507 104.813668
37 1.983149 106.796817
38 1.608380 108.405197
39 2.737484 111.142681
40 2.582141 113.724822
41 1.558647 115.283469
42 1.858407 117.141876
43 5.750597 122.892473
44 12.494629 135.387102
45 2.552787 137.939889
46 3.861358 141.801247
47 1.781953 143.583200
48 6.051485 149.634685
49 1.750042 151.384727
50 6.468853 157.853580
51 2.161175 160.014755
52 3.181485 163.196240
53 2.297959 165.494199
54 10.700316 176.194515
55 8.578180 184.772695
56 4.153194 188.925889
57 2.864399 191.790288
58 1.705154 193.495442
59 4.249298 197.744740
60 2.055752 199.800492
61 1.817764 201.618256
62 2.069143 203.687399
63 3.494331 207.181730
64 2.222729 209.404459
65 4.678316 214.082775
66 1.688405 215.771180
67 1.999834 217.771014
68 2.381163 220.152177
69 2.054626 222.206803
70 4.919097 227.125900
71 4.699013 231.824913
72 1.905067 233.729980
73 1.670183 235.400163
74 4.274508 239.674671
75 6.777591 246.452262
76 3.256363 249.708625
77 5.286732 254.995357
78 6.663283 261.658640
79 2.283752 263.942392
80 3.738611 267.681003
81 10.507023 278.188026
82 3.426065 281.614091
83 2.886790 284.500881
84 2.358537 286.859418
85 1.920915 288.780333
86 4.576036 293.356369
87 5.030936 298.387305
88 7.579591 305.966896
89 1.795135 307.762031
90 1.840529 309.602560
91 3.491481 313.094041
92 2.735781 315.829822
93 7.082795 322.912617
94 2.188855 325.101472
95 4.513102 329.614574
96 1.817833 331.432407
97 4.329263 335.761670
98 1.754185 337.515855
99 1.894736 339.410591
100 2.156664 341.567255
101 2.018381 343.585636
102 8.560617 352.146253
103 8.839546 360.985799
104 3.659033 364.644832
105 2.966580 367.611412
106 4.026054 371.637466
107 6.421747 378.059213
108 1.967109 380.026322
109 3.967621 383.993943
110 9.514952 393.508895
111 2.023640 395.532535
112 5.832194 401.364729
113 1.832514 403.197243
114 15.220389 418.417632
115 1.893414 420.311046
116 10.096169 430.407215
117 2.236764 432.643979
118 1.991162 434.635141
119 1.939435 436.574576
120 9.737471 446.312047
121 1.802625 448.114672
122 5.610292 453.724964
123 5.742584 459.467548
124 11.251465 470.719013
125 3.709443 474.428456
126 2.663721 477.092177
127 2.272698 479.364875
128 2.000474 481.365349
129 4.683142 486.048491
130 2.455959 488.504450
131 2.017963 490.522413
132 1.786914 492.309327
133 2.546566 494.855893
134 7.833592 502.689485
135 4.024493 506.713978
136 4.367909 511.081887
137 2.444127 513.526014
138 3.129298 516.655312
139 1.876439 518.531751
140 12.303678 530.835429
141 2.799079 533.634508
142 2.895361 536.529869
143 4.094377 540.624246
144 5.221071 545.845317
145 2.301100 548.146417
146 12.807134 560.953551
147 2.039793 562.993344
148 12.172992 575.166336
149 4.921770 580.088106
150 7.577572 587.665678
151 4.997856 592.663534
152 3.253994 595.917528
153 7.203485 603.121013
154 4.844501 607.965514
155 2.307137 610.272651
156 3.845780 614.118431
157 2.374840 616.493271
158 1.932687 618.425958
159 5.984996 624.410954
160 2.297122 626.708076
161 2.044545 628.752621
162 1.993007 630.745628
163 3.656865 634.402493
164 9.075627 643.478120
165 6.501309 649.979429
166 2.393199 652.372628
167 10.533185 662.905813
168 5.979267 668.885080
169 4.756182 673.641262
170 7.732596 681.373858
171 4.953383 686.327241
172 1.920917 688.248158
173 12.035759 700.283917
174 2.253157 702.537074
175 5.397054 707.934128
176 13.958378 721.892506
177 3.270700 725.163206
178 4.283759 729.446965
179 5.930989 735.377954
180 2.991094 738.369048
181 2.454309 740.823357
182 2.590886 743.414243
183 6.871354 750.285597
184 9.921737 760.207334
185 4.177321 764.384655
186 4.444791 768.829446
187 3.106791 771.936237
188 2.132226 774.068463
189 9.529474 783.597937
190 9.985014 793.582951
191 3.407875 796.990826
192 3.273606 800.264432
193 4.186017 804.450449
194 3.476217 807.926666
195 10.177732 818.104398
196 3.640023 821.744421
197 2.016383 823.760804
198 3.521277 827.282081
199 4.886647 832.168728
200 5.057884 837.226612
201 2.017834 839.244446
202 4.270359 843.514805
203 15.426435 858.941240
204 5.758009 864.699249
205 4.055314 868.754563
206 3.566253 872.320816
207 10.200250 882.521066
208 3.026983 885.548049
209 8.419899 893.967948
210 5.201309 899.169257
211 3.018624 902.187881
212 2.451546 904.639427
213 9.285052 913.924479
214 5.684969 919.609448
215 3.443046 923.052494
216 5.864399 928.916893
217 9.265523 938.182416
218 2.264813 940.447229
219 3.250107 943.697336
220 2.834789 946.532125
221 2.565990 949.098115
222 2.851047 951.949162
223 2.081816 954.030978
224 7.519572 961.550550
225 4.794282 966.344832
226 2.900972 969.245804
227 2.587662 971.833466
228 4.556161 976.389627
229 2.697230 979.086857
230 4.942656 984.029513
231 8.462457 992.491970
232 3.461113 995.953083
233 3.457553 999.410636
234 9.136144 1008.546780
235 5.296255 1013.843035
236 4.399541 1018.242576
237 2.127311 1020.369887
238 3.322625 1023.692512
239 20.590063 1044.282575
240 2.267678 1046.550253
241 2.632517 1049.182770
242 4.208169 1053.390939
243 2.166772 1055.557711
244 6.535321 1062.093032
245 5.832366 1067.925398
246 13.310488 1081.235886
247 11.556203 1092.792089
248 2.594639 1095.386728
249 16.318744 1111.705472
250 4.299762 1116.005234
251 3.705348 1119.710582
252 26.225273 1145.935855
253 2.611345 1148.547200
254 16.774775 1165.321975
255 13.537827 1178.859802
256 12.308864 1191.168666
257 4.950657 1196.119323
258 13.634379 1209.753702
259 2.948405 1212.702107
260 13.451100 1226.153207
261 4.566359 1230.719566
262 7.262490 1237.982056
263 4.875549 1242.857605
264 8.590861 1251.448466
265 9.934288 1261.382754
266 3.238552 1264.621306
267 10.127817 1274.749123
268 8.285184 1283.034307
269 19.528395 1302.562702
270 2.353858 1304.916560
271 3.168554 1308.085114
272 5.273664 1313.358778
273 2.656000 1316.014778
274 12.693375 1328.708153
275 3.224785 1331.932938
276 8.655447 1340.588385
277 6.206044 1346.794429
278 2.395074 1349.189503
279 7.043141 1356.232644
280 3.231092 1359.463736
281 3.136980 1362.600716
282 7.290005 1369.890721
283 3.842698 1373.733419
284 3.212613 1376.946032
285 24.879306 1401.825338
286 5.703832 1407.529170
287 11.490879 1419.020049
288 9.099926 1428.119975
289 2.663860 1430.783835
290 3.333213 1434.117048
291 5.652320 1439.769368
292 5.848162 1445.617530
293 2.803105 1448.420635
294 24.144716 1472.565351
295 5.699640 1478.264991
296 3.706932 1481.971923
297 6.120800 1488.092723
298 2.428693 1490.521416
299 2.973101 1493.494517
300 2.559903 1496.054420
301 4.981829 1501.036249
302 3.606222 1504.642471
303 4.921535 1509.564006
304 22.400422 1531.964428
305 3.463003 1535.427431
306 3.838928 1539.266359
307 8.777471 1548.043830
308 2.518350 1550.562180
309 6.589153 1557.151333
310 13.543491 1570.694824
311 3.208414 1573.903238
312 2.712898 1576.616136
313 9.230059 1585.846195
314 3.078644 1588.924839
315 19.957491 1608.882330
316 3.063091 1611.945421
317 7.492932 1619.438353
318 3.617497 1623.055850
319 5.772092 1628.827942
320 4.644502 1633.472444
321 3.802317 1637.274761
322 4.029533 1641.304294
323 4.282294 1645.586588
324 6.830387 1652.416975
325 6.960183 1659.377158
326 6.016631 1665.393789
327 4.692614 1670.086403
328 8.127525 1678.213928
329 7.750242 1685.964170
330 6.631914 1692.596084
331 9.106646 1701.702730
332 6.453426 1708.156156
333 4.101472 1712.257628
334 3.160007 1715.417635
335 8.016530 1723.434165
336 9.113402 1732.547567
337 5.382572 1737.930139
338 12.144887 1750.075026
339 6.499727 1756.574753
340 2.682524 1759.257277
341 6.191966 1765.449243
342 7.735881 1773.185124
343 7.686201 1780.871325
344 3.813540 1784.684865
345 4.320532 1789.005397
346 4.243669 1793.249066
347 7.475047 1800.724113
348 2.986099 1803.710212
349 5.581450 1809.291662
350 5.694565 1814.986227
351 4.162001 1819.148228
352 4.024049 1823.172277
353 3.832014 1827.004291
354 2.725395 1829.729686
355 8.000407 1837.730093
356 27.683884 1865.413977
357 6.704164 1872.118141
358 3.385710 1875.503851
359 2.759463 1878.263314
360 2.947173 1881.210487
361 4.614004 1885.824491
362 17.207954 1903.032445
363 2.765699 1905.798144
364 3.940452 1909.738596
365 24.536543 1934.275139
366 15.104091 1949.379230
367 3.122459 1952.501689
368 8.091696 1960.593385
369 3.646247 1964.239632
370 9.951026 1974.190658
371 3.543404 1977.734062
372 2.792097 1980.526159
373 2.817738 1983.343897
374 8.401143 1991.745040
375 2.855513 1994.600553
376 19.272308 2013.872861
377 13.004566 2026.877427
378 3.783441 2030.660868
379 5.077229 2035.738097
380 3.719187 2039.457284
381 8.679402 2048.136686
382 3.797009 2051.933695
383 6.424942 2058.358637
384 9.582237 2067.940874
385 3.617849 2071.558723
386 5.518532 2077.077255
387 14.467626 2091.544881
388 10.853544 2102.398425
389 3.523797 2105.922222
390 3.318789 2109.241011
391 5.485102 2114.726113
392 5.881983 2120.608096
393 6.214329 2126.822425
394 10.588617 2137.411042
395 9.208735 2146.619777
396 23.093476 2169.713253
397 19.423967 2189.137220
398 3.640979 2192.778199
399 9.675884 2202.454083
400 8.275046 2210.729129
401 3.201428 2213.930557
402 3.278583 2217.209140
403 3.321724 2220.530864
404 6.278499 2226.809363
405 5.230425 2232.039788
406 2.819135 2234.858923
407 3.447922 2238.306845
408 7.979211 2246.286056
409 12.986640 2259.272696
410 3.792596 2263.065292
411 7.008677 2270.073969
412 3.214012 2273.287981
413 3.970693 2277.258674
414 3.555054 2280.813728
415 5.322937 2286.136665
416 3.104149 2289.240814
417 3.532554 2292.773368
418 28.012728 2320.786096
419 5.591575 2326.377671
420 2.892331 2329.270002
421 7.778783 2337.048785
422 6.014009 2343.062794
423 14.415023 2357.477817
424 8.402093 2365.879910
425 3.013276 2368.893186
426 3.230814 2372.124000
427 6.536320 2378.660320
428 6.650196 2385.310516
429 4.382654 2389.693170
430 15.437357 2405.130527
431 5.783506 2410.914033
432 10.358361 2421.272394
433 7.828233 2429.100627
434 3.570664 2432.671291
435 5.598059 2438.269350
436 3.203330 2441.472680
437 25.775079 2467.247759
438 4.160136 2471.407895
439 6.191014 2477.598909
440 14.891419 2492.490328
441 3.948988 2496.439316
442 6.850454 2503.289770
443 7.230501 2510.520271
444 4.219204 2514.739475
445 6.404577 2521.144052
446 2.875971 2524.020023
447 4.051232 2528.071255
448 3.145604 2531.216859
449 22.730688 2553.947547
450 3.837818 2557.785365
451 8.111463 2565.896828
452 7.536365 2573.433193
453 3.954735 2577.387928
454 5.687285 2583.075213
455 4.862583 2587.937796
456 12.525099 2600.462895
457 2.961501 2603.424396
458 6.156886 2609.581282
459 4.460587 2614.041869
460 4.928662 2618.970531
461 9.490718 2628.461249
462 4.015966 2632.477215
463 3.515272 2635.992487
464 4.238234 2640.230721
465 8.934330 2649.165051
466 3.545974 2652.711025
467 4.470809 2657.181834
468 6.984504 2664.166338
469 20.723714 2684.890052
470 14.609839 2699.499891
471 4.043783 2703.543674
472 3.920727 2707.464401
473 17.644312 2725.108713
474 3.114367 2728.223080
475 10.915857 2739.138937
476 10.866056 2750.004993
477 18.028688 2768.033681
478 3.158622 2771.192303
479 6.180893 2777.373196
480 11.962986 2789.336182
481 17.109350 2806.445532
482 4.081454 2810.526986
483 7.138187 2817.665173
484 10.300496 2827.965669
485 6.302876 2834.268545
486 16.461126 2850.729671
487 8.527072 2859.256743
488 8.015213 2867.271956
489 3.927417 2871.199373
490 8.680170 2879.879543
491 20.426787 2900.306330
492 10.969350 2911.275680
493 3.750728 2915.026408
494 3.612872 2918.639280
495 6.015080 2924.654360
496 5.001558 2929.655918
497 3.021249 2932.677167
498 3.405402 2936.082569
499 17.635472 2953.718041
500 9.490104 2963.208145
501 31.601269 2994.809414
502 3.339495 2998.148909
503 11.451024 3009.599933
504 4.396500 3013.996433
505 5.155717 3019.152150
506 4.652763 3023.804913
507 3.899730 3027.704643
508 4.356786 3032.061429
509 3.795457 3035.856886
510 10.855197 3046.712083
511 12.040503 3058.752586
512 3.494555 3062.247141
513 6.278794 3068.525935
514 4.281238 3072.807173
515 10.369010 3083.176183
516 5.446773 3088.622956
517 27.121037 3115.743993
518 8.687523 3124.431516
519 4.934624 3129.366140
520 19.177092 3148.543232
521 20.050624 3168.593856
522 3.948835 3172.542691
523 4.175464 3176.718155
524 4.331701 3181.049856
525 5.886805 3186.936661
526 13.892476 3200.829137
527 3.179170 3204.008307
528 4.525434 3208.533741
529 8.374443 3216.908184
530 5.891570 3222.799754
531 3.183249 3225.983003
532 14.256214 3240.239217
533 7.757607 3247.996824
534 4.144927 3252.141751
535 49.901874 3302.043625
536 3.470639 3305.514264
537 6.510028 3312.024292
538 9.168345 3321.192637
539 4.515038 3325.707675
540 6.814947 3332.522622
541 4.567372 3337.089994
542 5.635167 3342.725161
543 3.253956 3345.979117
544 3.780769 3349.759886
545 3.299787 3353.059673
546 5.050363 3358.110036
547 33.808735 3391.918771
548 4.411427 3396.330198
549 7.626710 3403.956908
550 4.487130 3408.444038
551 3.244647 3411.688685
552 3.611692 3415.300377
553 6.187163 3421.487540
554 6.683814 3428.171354
555 23.831793 3452.003147
556 4.109742 3456.112889
557 4.358448 3460.471337
558 24.174897 3484.646234
559 5.991650 3490.637884
560 4.508551 3495.146435
561 10.710769 3505.857204
562 12.344913 3518.202117
563 4.385157 3522.587274
564 6.550274 3529.137548
565 14.298688 3543.436236
566 7.369590 3550.805826
567 12.867921 3563.673747
568 12.840976 3576.514723
569 5.545392 3582.060115
570 14.294382 3596.354497
