# instance vn2_3.2.vn_to_tree_200.20.pn
# Settings: Namespace(PN='../../../instances/fmcad/in_json/tree_200.20.pn', VDC='../../../instances/fmcad/in_json/vn2_3.2.vn', affinity=True, affinity_soft=True, allow_virtual_switches_in_switches=True, anti_affinity=True, assert_all_physical_edges=True, binary_search=True, bitblast_addition=False, bitblast_addition_shadow=False, conflict_limit=0, debug=False, decide_opt_lits=True, directed_links=False, flush_pb_theory=True, force_virtual_switches=False, ignore_ram_constraints=False, ignore_storage_constraints=False, intrinsic_edge_constraints=False, intrinsic_edge_sets=True, logfile=None, min_cores=False, min_servers=False, opt_conflict_limit=0, opt_time_limit=-1, popcount='BV', refine_flow=True, remove_all_flow_cycles=False, remove_common_bandwidth_factor=True, remove_flow_cycles=False, remove_flow_cycles_python=False, rnd_theory_freq=0.99, rnd_theory_order=False, separate_reach_constraints=False, static_flow_caps=True, theory_order_vsids=True, timelog='timelogs/fmcad13_vdcmapper_intrinsic-edge-sets-no-rnd-theory-order-theory-order-vsids-rnd-theory-freq-0-99_datacentertree_200.20.pn_instance_vn2_3.2.vn.log', tree_addition=True, use_cover_for_refinement=True, use_min_cost_max_flow=False, vsids_balance=1, vsids_both=True)
init 1.292109 1.292109
1 0.116917 1.409026
2 0.071597 1.480623
3 0.070251 1.550874
4 0.071091 1.621965
5 0.071968 1.693933
6 0.076742 1.770675
7 0.077399 1.848074
8 0.073940 1.922014
9 0.076401 1.998415
10 0.073387 2.071802
11 0.072438 2.144240
12 0.073443 2.217683
13 0.073621 2.291304
14 0.080274 2.371578
15 0.074535 2.446113
16 0.077355 2.523468
17 0.072608 2.596076
18 0.072890 2.668966
19 0.073495 2.742461
20 0.077992 2.820453
21 0.072961 2.893414
22 0.075118 2.968532
23 0.073677 3.042209
24 0.075893 3.118102
25 0.072975 3.191077
26 0.074935 3.266012
27 0.080060 3.346072
28 0.077153 3.423225
29 0.078921 3.502146
30 0.073303 3.575449
31 0.072624 3.648073
32 0.073921 3.721994
33 0.073905 3.795899
34 0.074485 3.870384
35 0.073234 3.943618
36 0.073587 4.017205
37 0.072988 4.090193
38 0.074502 4.164695
39 0.073784 4.238479
40 0.073747 4.312226
41 0.073453 4.385679
42 0.073231 4.458910
43 0.071815 4.530725
44 0.072781 4.603506
45 0.071948 4.675454
46 0.074355 4.749809
47 0.075388 4.825197
48 0.072895 4.898092
49 0.084373 4.982465
50 0.072726 5.055191
51 0.072780 5.127971
52 0.072571 5.200542
53 0.073030 5.273572
54 0.104660 5.378232
55 0.073384 5.451616
56 0.072643 5.524259
57 0.073919 5.598178
58 0.075329 5.673507
59 0.072611 5.746118
60 0.074163 5.820281
61 0.071686 5.891967
62 0.078270 5.970237
63 0.070563 6.040800
64 0.071657 6.112457
65 0.071620 6.184077
66 0.072299 6.256376
67 0.070868 6.327244
68 0.071048 6.398292
69 0.071427 6.469719
70 0.078300 6.548019
71 0.071547 6.619566
72 0.072764 6.692330
73 0.071309 6.763639
74 0.070960 6.834599
75 0.070626 6.905225
76 0.073515 6.978740
77 0.071486 7.050226
78 0.078947 7.129173
79 0.072220 7.201393
80 0.072397 7.273790
81 0.076294 7.350084
82 0.070600 7.420684
83 0.070155 7.490839
84 0.071149 7.561988
85 0.071776 7.633764
86 0.070470 7.704234
87 0.069924 7.774158
88 0.073953 7.848111
done 88 0.025131 7.873242
