# instance vn2_5.1.vn_to_tree16_400.20.pn
# Settings: Namespace(PN='../../../instances/fmcad/in_json/tree16_400.20.pn', VDC='../../../instances/fmcad/in_json/vn2_5.1.vn', affinity=True, affinity_soft=True, allow_virtual_switches_in_switches=True, anti_affinity=True, assert_all_physical_edges=True, binary_search=True, bitblast_addition=False, bitblast_addition_shadow=False, conflict_limit=0, debug=False, decide_opt_lits=True, directed_links=False, flush_pb_theory=True, force_virtual_switches=False, ignore_ram_constraints=False, ignore_storage_constraints=False, intrinsic_edge_constraints=False, intrinsic_edge_sets=True, logfile=None, min_cores=False, min_servers=False, opt_conflict_limit=0, opt_time_limit=-1, popcount='BV', refine_flow=True, remove_all_flow_cycles=False, remove_common_bandwidth_factor=True, remove_flow_cycles=False, remove_flow_cycles_python=False, rnd_theory_freq=0.99, rnd_theory_order=False, separate_reach_constraints=False, static_flow_caps=True, theory_order_vsids=True, timelog='timelogs/fmcad13_vdcmapper_intrinsic-edge-sets-no-rnd-theory-order-theory-order-vsids-rnd-theory-freq-0-99_datacentertree16_400.20.pn_instance_vn2_5.1.vn.log', tree_addition=True, use_cover_for_refinement=True, use_min_cost_max_flow=False, vsids_balance=1, vsids_both=True)
init 4.680675 4.680675
1 0.430824 5.111499
2 0.275840 5.387339
3 0.271014 5.658353
4 0.282320 5.940673
5 0.271903 6.212576
6 0.271559 6.484135
7 0.808432 7.292567
8 0.425618 7.718185
9 0.582042 8.300227
10 0.280810 8.581037
11 0.288077 8.869114
12 0.352060 9.221174
13 0.332018 9.553192
14 0.328810 9.882002
15 0.355606 10.237608
16 0.456795 10.694403
17 0.332362 11.026765
18 0.686400 11.713165
19 0.321085 12.034250
20 0.325892 12.360142
21 0.299016 12.659158
22 0.371477 13.030635
23 0.408088 13.438723
24 0.290190 13.728913
25 0.285379 14.014292
26 0.429261 14.443553
27 0.347336 14.790889
28 0.320673 15.111562
29 0.364151 15.475713
30 0.299683 15.775396
31 0.667031 16.442427
32 0.511918 16.954345
33 0.359099 17.313444
34 0.342854 17.656298
35 0.412555 18.068853
36 0.370938 18.439791
37 0.305881 18.745672
38 0.608769 19.354441
39 0.361790 19.716231
40 0.317686 20.033917
41 0.318459 20.352376
42 0.672879 21.025255
43 0.447684 21.472939
44 0.486081 21.959020
45 0.346856 22.305876
46 0.364114 22.669990
47 0.328768 22.998758
48 0.447161 23.445919
49 0.327673 23.773592
50 0.374833 24.148425
51 0.336139 24.484564
52 0.922092 25.406656
53 0.310953 25.717609
54 0.316289 26.033898
55 0.358853 26.392751
56 0.314345 26.707096
57 0.524799 27.231895
58 0.330102 27.561997
59 0.531817 28.093814
60 0.330570 28.424384
61 1.176586 29.600970
62 0.713373 30.314343
63 0.337864 30.652207
64 0.883541 31.535748
65 1.846645 33.382393
66 0.349119 33.731512
67 0.340514 34.072026
68 0.352864 34.424890
69 0.324746 34.749636
70 0.361794 35.111430
71 0.807283 35.918713
72 0.382578 36.301291
73 0.735678 37.036969
74 0.400841 37.437810
75 0.435742 37.873552
76 0.365403 38.238955
77 0.694938 38.933893
78 0.368451 39.302344
79 1.003539 40.305883
80 0.379363 40.685246
81 0.442811 41.128057
82 0.335978 41.464035
83 1.037344 42.501379
84 0.738693 43.240072
85 0.501353 43.741425
86 0.552375 44.293800
87 0.565194 44.858994
88 0.337905 45.196899
89 0.356040 45.552939
90 0.620915 46.173854
91 0.557911 46.731765
92 0.389555 47.121320
93 0.439489 47.560809
94 0.709041 48.269850
95 0.503755 48.773605
96 0.397235 49.170840
97 0.809364 49.980204
98 1.574662 51.554866
99 0.434506 51.989372
100 0.342985 52.332357
101 0.621504 52.953861
102 1.071676 54.025537
103 0.373051 54.398588
104 0.409158 54.807746
105 0.358740 55.166486
106 0.460489 55.626975
107 0.839565 56.466540
108 0.445531 56.912071
109 0.922443 57.834514
110 1.042082 58.876596
111 0.376547 59.253143
112 1.226802 60.479945
113 0.405739 60.885684
114 0.709818 61.595502
115 0.489712 62.085214
116 0.369165 62.454379
117 0.379249 62.833628
118 0.579254 63.412882
119 0.373205 63.786087
120 0.364075 64.150162
121 0.627003 64.777165
122 1.080140 65.857305
123 0.601459 66.458764
124 0.569790 67.028554
125 0.484750 67.513304
126 0.373192 67.886496
127 0.360435 68.246931
128 1.476816 69.723747
129 0.554907 70.278654
130 0.656944 70.935598
131 0.481239 71.416837
132 0.716739 72.133576
133 0.469213 72.602789
134 0.617750 73.220539
135 0.405337 73.625876
136 1.158620 74.784496
137 0.759797 75.544293
138 1.256610 76.800903
139 1.355659 78.156562
140 0.416104 78.572666
141 1.187546 79.760212
142 0.438758 80.198970
143 0.620043 80.819013
144 0.425978 81.244991
145 1.063506 82.308497
146 0.416814 82.725311
147 0.545445 83.270756
148 0.473281 83.744037
149 0.634535 84.378572
150 0.816239 85.194811
151 0.524372 85.719183
152 0.450121 86.169304
153 1.993155 88.162459
154 1.460270 89.622729
155 1.482859 91.105588
156 0.654709 91.760297
157 0.391525 92.151822
158 0.443495 92.595317
159 0.593652 93.188969
160 0.407947 93.596916
161 0.390875 93.987791
162 0.514854 94.502645
163 0.480818 94.983463
164 1.864812 96.848275
165 0.693502 97.541777
166 0.408105 97.949882
167 0.933620 98.883502
168 0.485874 99.369376
169 0.638308 100.007684
170 0.590931 100.598615
171 0.497606 101.096221
172 0.598840 101.695061
173 0.430366 102.125427
174 0.382446 102.507873
175 1.144534 103.652407
176 0.589932 104.242339
177 0.583422 104.825761
178 0.479020 105.304781
179 1.306758 106.611539
180 0.897304 107.508843
181 0.443919 107.952762
182 1.739416 109.692178
183 0.428560 110.120738
184 0.565035 110.685773
185 1.462397 112.148170
186 0.737444 112.885614
187 0.531466 113.417080
188 0.766075 114.183155
189 0.498899 114.682054
190 0.530705 115.212759
191 0.646327 115.859086
192 0.409670 116.268756
193 0.731260 117.000016
194 0.475141 117.475157
195 2.188503 119.663660
196 0.773897 120.437557
197 2.111116 122.548673
198 0.599571 123.148244
199 0.473510 123.621754
200 0.955632 124.577386
201 0.540525 125.117911
202 0.500497 125.618408
203 0.808362 126.426770
204 0.476531 126.903301
205 1.251945 128.155246
206 0.868312 129.023558
207 1.212462 130.236020
208 0.757755 130.993775
209 0.987492 131.981267
210 0.509137 132.490404
211 0.687911 133.178315
212 0.612869 133.791184
213 0.460684 134.251868
214 0.569733 134.821601
215 1.825802 136.647403
216 1.301630 137.949033
217 2.352614 140.301647
218 0.597346 140.898993
219 0.441740 141.340733
220 1.425417 142.766150
221 1.128213 143.894363
222 0.400516 144.294879
223 0.660162 144.955041
224 0.617076 145.572117
225 0.408757 145.980874
226 0.445216 146.426090
227 0.468327 146.894417
228 2.253971 149.148388
229 0.537833 149.686221
230 0.766204 150.452425
231 0.480442 150.932867
232 1.295509 152.228376
233 0.989432 153.217808
234 1.420551 154.638359
235 0.459336 155.097695
236 0.414113 155.511808
237 0.452768 155.964576
238 0.490375 156.454951
239 0.641873 157.096824
240 0.405827 157.502651
241 2.619269 160.121920
242 2.851713 162.973633
243 0.464562 163.438195
244 2.945620 166.383815
245 0.519158 166.902973
246 0.444663 167.347636
247 1.264671 168.612307
248 0.470312 169.082619
249 0.410751 169.493370
250 0.620059 170.113429
251 1.645356 171.758785
252 0.801078 172.559863
253 1.216811 173.776674
254 0.460460 174.237134
255 0.517875 174.755009
256 1.064558 175.819567
257 0.760706 176.580273
258 2.199150 178.779423
259 0.501761 179.281184
260 0.831664 180.112848
261 2.627791 182.740639
262 0.758910 183.499549
263 1.983906 185.483455
264 0.588700 186.072155
265 0.487019 186.559174
266 0.580898 187.140072
267 1.525776 188.665848
268 1.101669 189.767517
269 0.793862 190.561379
270 2.579614 193.140993
271 0.572695 193.713688
272 0.822123 194.535811
273 3.656707 198.192518
274 0.807206 198.999724
275 0.566964 199.566688
276 2.175895 201.742583
277 0.865885 202.608468
278 0.741005 203.349473
279 0.707223 204.056696
280 0.539074 204.595770
281 0.826476 205.422246
282 0.918920 206.341166
283 1.704027 208.045193
284 3.480929 211.526122
285 0.573650 212.099772
286 2.214246 214.314018
287 3.548053 217.862071
288 2.425132 220.287203
289 0.468961 220.756164
290 0.648770 221.404934
291 0.511239 221.916173
292 0.485625 222.401798
293 0.589414 222.991212
294 3.430534 226.421746
295 0.614474 227.036220
296 1.217669 228.253889
297 2.576528 230.830417
298 0.929449 231.759866
299 1.478038 233.237904
300 0.558807 233.796711
301 1.384898 235.181609
302 0.451339 235.632948
303 0.449051 236.081999
304 0.851925 236.933924
305 1.004000 237.937924
306 2.938387 240.876311
307 1.634040 242.510351
308 5.750459 248.260810
309 1.989332 250.250142
310 2.433241 252.683383
311 1.250517 253.933900
done 311 1.932488 255.866388
