# instance vn2_5.2.vn_to_tree_200.20.pn
# Settings: Namespace(PN='../../../instances/fmcad/in_json/tree_200.20.pn', VDC='../../../instances/fmcad/in_json/vn2_5.2.vn', affinity=True, affinity_soft=True, allow_virtual_switches_in_switches=True, anti_affinity=True, assert_all_physical_edges=True, binary_search=True, bitblast_addition=False, bitblast_addition_shadow=False, conflict_limit=0, debug=False, decide_opt_lits=True, directed_links=False, flush_pb_theory=True, force_virtual_switches=False, ignore_ram_constraints=False, ignore_storage_constraints=False, intrinsic_edge_constraints=False, intrinsic_edge_sets=True, logfile=None, min_cores=False, min_servers=False, opt_conflict_limit=0, opt_time_limit=-1, popcount='BV', refine_flow=True, remove_all_flow_cycles=False, remove_common_bandwidth_factor=True, remove_flow_cycles=False, remove_flow_cycles_python=False, rnd_theory_freq=0.99, rnd_theory_order=False, separate_reach_constraints=False, static_flow_caps=True, theory_order_vsids=True, timelog='timelogs/fmcad13_vdcmapper_intrinsic-edge-sets-no-rnd-theory-order-theory-order-vsids-rnd-theory-freq-0-99_datacentertree_200.20.pn_instance_vn2_5.2.vn.log', tree_addition=True, use_cover_for_refinement=True, use_min_cost_max_flow=False, vsids_balance=1, vsids_both=True)
init 2.373761 2.373761
1 0.233309 2.607070
2 0.152999 2.760069
3 0.161386 2.921455
4 0.191167 3.112622
5 0.157839 3.270461
6 0.155765 3.426226
7 0.158851 3.585077
8 0.155429 3.740506
9 0.163739 3.904245
10 0.157343 4.061588
11 0.155733 4.217321
12 0.158110 4.375431
13 0.152412 4.527843
14 0.161096 4.688939
15 0.158772 4.847711
16 0.158645 5.006356
17 0.162151 5.168507
18 0.162814 5.331321
19 0.157060 5.488381
20 0.179325 5.667706
21 0.158137 5.825843
22 0.168947 5.994790
23 0.239525 6.234315
24 0.159143 6.393458
25 0.154906 6.548364
26 0.160950 6.709314
27 0.157805 6.867119
28 0.163687 7.030806
29 0.161317 7.192123
30 0.159671 7.351794
31 0.153407 7.505201
32 0.154848 7.660049
33 0.154726 7.814775
34 0.159402 7.974177
35 0.152884 8.127061
36 0.153603 8.280664
37 0.155924 8.436588
38 0.152178 8.588766
39 0.151241 8.740007
40 0.158009 8.898016
41 0.153340 9.051356
42 0.152040 9.203396
43 0.153223 9.356619
44 0.149698 9.506317
45 0.151594 9.657911
46 0.151476 9.809387
47 0.154638 9.964025
48 0.155784 10.119809
49 0.151943 10.271752
50 0.151564 10.423316
51 0.151517 10.574833
52 0.151583 10.726416
53 0.146645 10.873061
done 53 0.022180 10.895241
