# instance vn2_3.1.vn_to_tree_400.20.pn
# Settings: Namespace(PN='../../../instances/fmcad/in_json/tree_400.20.pn', VDC='../../../instances/fmcad/in_json/vn2_3.1.vn', affinity=True, affinity_soft=True, allow_virtual_switches_in_switches=True, anti_affinity=True, assert_all_physical_edges=True, binary_search=True, bitblast_addition=False, bitblast_addition_shadow=False, conflict_limit=0, debug=False, decide_opt_lits=True, directed_links=False, flush_pb_theory=True, force_virtual_switches=False, ignore_ram_constraints=False, ignore_storage_constraints=False, intrinsic_edge_constraints=False, intrinsic_edge_sets=True, logfile=None, min_cores=False, min_servers=False, opt_conflict_limit=0, opt_time_limit=-1, popcount='BV', refine_flow=True, remove_all_flow_cycles=False, remove_common_bandwidth_factor=True, remove_flow_cycles=False, remove_flow_cycles_python=False, rnd_theory_freq=0.99, rnd_theory_order=False, separate_reach_constraints=False, static_flow_caps=True, theory_order_vsids=True, timelog='timelogs/fmcad13_vdcmapper_intrinsic-edge-sets-no-rnd-theory-order-theory-order-vsids-rnd-theory-freq-0-99_datacentertree_400.20.pn_instance_vn2_3.1.vn.log', tree_addition=True, use_cover_for_refinement=True, use_min_cost_max_flow=False, vsids_balance=1, vsids_both=True)
init 1.633824 1.633824
1 0.180126 1.813950
2 0.105004 1.918954
3 0.102323 2.021277
4 0.115781 2.137058
5 0.103959 2.241017
6 0.104247 2.345264
7 0.151560 2.496824
8 0.112204 2.609028
9 0.103470 2.712498
10 0.103007 2.815505
11 0.102782 2.918287
12 0.101320 3.019607
13 0.102804 3.122411
14 0.102757 3.225168
15 0.108088 3.333256
16 0.102674 3.435930
17 0.102076 3.538006
18 0.103136 3.641142
19 0.126598 3.767740
20 0.102841 3.870581
21 0.102496 3.973077
22 0.106786 4.079863
23 0.109649 4.189512
24 0.102989 4.292501
25 0.105852 4.398353
26 0.103019 4.501372
27 0.104374 4.605746
28 0.112607 4.718353
29 0.105021 4.823374
30 0.103722 4.927096
31 0.102969 5.030065
32 0.103601 5.133666
33 0.105057 5.238723
34 0.104777 5.343500
35 0.104540 5.448040
36 0.102582 5.550622
37 0.104567 5.655189
38 0.104354 5.759543
39 0.105006 5.864549
40 0.115216 5.979765
41 0.102804 6.082569
42 0.109656 6.192225
43 0.104387 6.296612
44 0.105521 6.402133
45 0.112468 6.514601
46 0.108467 6.623068
47 0.115037 6.738105
48 0.109203 6.847308
49 0.112201 6.959509
50 0.103271 7.062780
51 0.104187 7.166967
52 0.108573 7.275540
53 0.111997 7.387537
54 0.101928 7.489465
55 0.101563 7.591028
56 0.101494 7.692522
57 0.102966 7.795488
58 0.103354 7.898842
59 0.102406 8.001248
60 0.102289 8.103537
61 0.106397 8.209934
62 0.101032 8.310966
63 0.102146 8.413112
64 0.102270 8.515382
65 0.102180 8.617562
66 0.100619 8.718181
67 0.101991 8.820172
68 0.102569 8.922741
69 0.103284 9.026025
70 0.102909 9.128934
71 0.100787 9.229721
72 0.100490 9.330211
73 0.101237 9.431448
74 0.101891 9.533339
75 0.106385 9.639724
76 0.101019 9.740743
77 0.100102 9.840845
78 0.100560 9.941405
79 0.101023 10.042428
80 0.101370 10.143798
81 0.101370 10.245168
82 0.106956 10.352124
83 0.099876 10.452000
84 0.101376 10.553376
85 0.102192 10.655568
86 0.101131 10.756699
87 0.101463 10.858162
88 0.101943 10.960105
89 0.099757 11.059862
90 0.101391 11.161253
91 0.101756 11.263009
92 0.102566 11.365575
93 0.109412 11.474987
94 0.100088 11.575075
95 0.120997 11.696072
96 0.117385 11.813457
97 0.099652 11.913109
98 0.100191 12.013300
99 0.100327 12.113627
100 0.098456 12.212083
101 0.098777 12.310860
102 0.099852 12.410712
103 0.099678 12.510390
104 0.100321 12.610711
105 0.099336 12.710047
106 0.098136 12.808183
107 0.102543 12.910726
108 0.100241 13.010967
109 0.100016 13.110983
110 0.099474 13.210457
111 0.099337 13.309794
112 0.098387 13.408181
113 0.097841 13.506022
114 0.102521 13.608543
115 0.107381 13.715924
116 0.099703 13.815627
117 0.099224 13.914851
118 0.098100 14.012951
119 0.098328 14.111279
120 0.098025 14.209304
121 0.098400 14.307704
122 0.098572 14.406276
123 0.097824 14.504100
124 0.098740 14.602840
125 0.098630 14.701470
126 0.099251 14.800721
127 0.099037 14.899758
128 0.098307 14.998065
129 0.097704 15.095769
130 0.097804 15.193573
131 0.100225 15.293798
132 0.098191 15.391989
133 0.097893 15.489882
134 0.098011 15.587893
135 0.097006 15.684899
136 0.097909 15.782808
137 0.098610 15.881418
138 0.099578 15.980996
139 0.109202 16.090198
140 0.108053 16.198251
141 0.101508 16.299759
142 0.099161 16.398920
143 0.103681 16.502601
144 0.098872 16.601473
145 0.101372 16.702845
146 0.097420 16.800265
147 0.097614 16.897879
148 0.098468 16.996347
149 0.098483 17.094830
150 0.097889 17.192719
151 0.097665 17.290384
152 0.097282 17.387666
153 0.101388 17.489054
154 0.106745 17.595799
155 0.097623 17.693422
156 0.097560 17.790982
157 0.097450 17.888432
158 0.097309 17.985741
159 0.097588 18.083329
160 0.098905 18.182234
161 0.103155 18.285389
162 0.097092 18.382481
163 0.103665 18.486146
164 0.096570 18.582716
165 0.102109 18.684825
166 0.096816 18.781641
167 0.097481 18.879122
168 0.096332 18.975454
169 0.095932 19.071386
170 0.098003 19.169389
171 0.096654 19.266043
172 0.102234 19.368277
173 0.098517 19.466794
174 0.110157 19.576951
175 0.116458 19.693409
176 0.095628 19.789037
177 0.096715 19.885752
done 177 0.030667 19.916419
