# instance vn2_5.3.vn_to_tree_400.20.pn
# Settings: Namespace(PN='../../../instances/fmcad/in_json/tree_400.20.pn', VDC='../../../instances/fmcad/in_json/vn2_5.3.vn', affinity=True, affinity_soft=True, allow_virtual_switches_in_switches=True, anti_affinity=True, assert_all_physical_edges=True, binary_search=True, bitblast_addition=False, bitblast_addition_shadow=False, conflict_limit=0, debug=False, decide_opt_lits=True, directed_links=False, flush_pb_theory=True, force_virtual_switches=False, ignore_ram_constraints=False, ignore_storage_constraints=False, intrinsic_edge_constraints=False, intrinsic_edge_sets=True, logfile=None, min_cores=False, min_servers=False, opt_conflict_limit=0, opt_time_limit=-1, popcount='BV', refine_flow=True, remove_all_flow_cycles=False, remove_common_bandwidth_factor=True, remove_flow_cycles=False, remove_flow_cycles_python=False, rnd_theory_freq=0.99, rnd_theory_order=False, separate_reach_constraints=False, static_flow_caps=True, theory_order_vsids=True, timelog='timelogs/fmcad13_vdcmapper_intrinsic-edge-sets-no-rnd-theory-order-theory-order-vsids-rnd-theory-freq-0-99_datacentertree_400.20.pn_instance_vn2_5.3.vn.log', tree_addition=True, use_cover_for_refinement=True, use_min_cost_max_flow=False, vsids_balance=1, vsids_both=True)
init 4.609311 4.609311
1 0.458400 5.067711
2 0.289263 5.356974
3 0.288712 5.645686
4 0.317095 5.962781
5 0.325351 6.288132
6 0.299727 6.587859
7 0.302234 6.890093
8 0.311997 7.202090
9 0.291937 7.494027
10 0.294566 7.788593
11 0.856990 8.645583
12 0.349104 8.994687
13 0.300822 9.295509
14 0.342708 9.638217
15 0.354416 9.992633
16 0.296384 10.289017
17 0.449611 10.738628
18 0.362041 11.100669
19 0.467515 11.568184
20 0.392998 11.961182
21 0.304748 12.265930
22 0.309269 12.575199
23 0.339783 12.914982
24 0.323941 13.238923
25 0.297456 13.536379
26 0.300983 13.837362
27 0.310741 14.148103
28 0.318556 14.466659
29 0.329421 14.796080
30 0.317507 15.113587
31 0.299428 15.413015
32 0.349770 15.762785
33 0.312365 16.075150
34 0.309529 16.384679
35 0.313989 16.698668
36 0.317611 17.016279
37 0.310007 17.326286
38 0.323079 17.649365
39 0.306113 17.955478
40 0.316893 18.272371
41 0.310840 18.583211
42 0.477297 19.060508
43 0.311580 19.372088
44 0.337670 19.709758
45 0.320031 20.029789
46 0.343211 20.373000
47 0.327371 20.700371
48 0.417458 21.117829
49 0.309050 21.426879
50 0.307582 21.734461
51 0.329140 22.063601
52 0.308849 22.372450
53 0.356805 22.729255
54 0.323401 23.052656
55 0.308374 23.361030
56 0.308106 23.669136
57 0.327117 23.996253
58 0.369365 24.365618
59 0.305610 24.671228
60 0.324989 24.996217
61 0.407858 25.404075
62 0.331080 25.735155
63 0.304516 26.039671
64 0.316564 26.356235
65 0.387485 26.743720
66 0.305967 27.049687
67 0.344183 27.393870
68 1.037231 28.431101
69 0.322224 28.753325
70 0.307154 29.060479
71 0.328575 29.389054
72 0.319034 29.708088
73 0.770394 30.478482
74 0.306595 30.785077
75 0.325711 31.110788
76 0.386840 31.497628
77 0.334158 31.831786
78 0.306231 32.138017
79 0.389767 32.527784
80 0.308829 32.836613
81 0.337377 33.173990
82 0.307308 33.481298
83 0.526700 34.007998
84 0.314231 34.322229
85 0.327878 34.650107
86 0.347817 34.997924
87 0.511735 35.509659
88 0.307015 35.816674
89 0.313362 36.130036
90 0.335303 36.465339
91 0.298972 36.764311
92 0.301125 37.065436
93 0.297203 37.362639
94 0.323534 37.686173
95 0.298260 37.984433
96 0.345117 38.329550
97 0.300887 38.630437
98 0.304495 38.934932
99 0.319948 39.254880
100 0.314814 39.569694
101 0.382946 39.952640
102 0.353903 40.306543
103 0.315976 40.622519
104 0.326344 40.948863
105 0.316649 41.265512
106 1.297396 42.562908
done 106 4.834708 47.397616
