# instance vn2_3.1.vn_to_tree_200.20.pn
# Settings: Namespace(PN='../../../instances/fmcad/in_json/tree_200.20.pn', VDC='../../../instances/fmcad/in_json/vn2_3.1.vn', affinity=True, affinity_soft=True, allow_virtual_switches_in_switches=True, anti_affinity=True, assert_all_physical_edges=True, binary_search=True, bitblast_addition=False, bitblast_addition_shadow=False, conflict_limit=0, debug=False, decide_opt_lits=True, directed_links=False, flush_pb_theory=True, force_virtual_switches=False, ignore_ram_constraints=False, ignore_storage_constraints=False, intrinsic_edge_constraints=False, intrinsic_edge_sets=True, logfile=None, min_cores=False, min_servers=False, opt_conflict_limit=0, opt_time_limit=-1, popcount='BV', refine_flow=True, remove_all_flow_cycles=False, remove_common_bandwidth_factor=True, remove_flow_cycles=False, remove_flow_cycles_python=False, rnd_theory_freq=0.99, rnd_theory_order=False, separate_reach_constraints=False, static_flow_caps=True, theory_order_vsids=True, timelog='timelogs/fmcad13_vdcmapper_intrinsic-edge-sets-no-rnd-theory-order-theory-order-vsids-rnd-theory-freq-0-99_datacentertree_200.20.pn_instance_vn2_3.1.vn.log', tree_addition=True, use_cover_for_refinement=True, use_min_cost_max_flow=False, vsids_balance=1, vsids_both=True)
init 0.809593 0.809593
1 0.082085 0.891678
2 0.049210 0.940888
3 0.047159 0.988047
4 0.052848 1.040895
5 0.047437 1.088332
6 0.051599 1.139931
7 0.047001 1.186932
8 0.047785 1.234717
9 0.048423 1.283140
10 0.047757 1.330897
11 0.047090 1.377987
12 0.046050 1.424037
13 0.047949 1.471986
14 0.077808 1.549794
15 0.047722 1.597516
16 0.046713 1.644229
17 0.045847 1.690076
18 0.049585 1.739661
19 0.046249 1.785910
20 0.049079 1.834989
21 0.046401 1.881390
22 0.045447 1.926837
23 0.049475 1.976312
24 0.046159 2.022471
25 0.045604 2.068075
26 0.045473 2.113548
27 0.047331 2.160879
28 0.046889 2.207768
29 0.046825 2.254593
30 0.045288 2.299881
31 0.045709 2.345590
32 0.044711 2.390301
33 0.045022 2.435323
34 0.044929 2.480252
35 0.045849 2.526101
36 0.046034 2.572135
37 0.044715 2.616850
38 0.044745 2.661595
39 0.046091 2.707686
40 0.045244 2.752930
41 0.049474 2.802404
42 0.044457 2.846861
43 0.047721 2.894582
44 0.048009 2.942591
45 0.045010 2.987601
46 0.044256 3.031857
47 0.054215 3.086072
48 0.046668 3.132740
49 0.044624 3.177364
50 0.045080 3.222444
51 0.045011 3.267455
52 0.045371 3.312826
53 0.045298 3.358124
54 0.046090 3.404214
55 0.044502 3.448716
56 0.044624 3.493340
57 0.045133 3.538473
58 0.047512 3.585985
59 0.045059 3.631044
60 0.048397 3.679441
61 0.043628 3.723069
62 0.043430 3.766499
63 0.045803 3.812302
64 0.045645 3.857947
65 0.046871 3.904818
66 0.048965 3.953783
67 0.044927 3.998710
68 0.044877 4.043587
69 0.046604 4.090191
70 0.043865 4.134056
71 0.043983 4.178039
72 0.043906 4.221945
73 0.043702 4.265647
74 0.043418 4.309065
75 0.043152 4.352217
76 0.042548 4.394765
77 0.043032 4.437797
78 0.043450 4.481247
79 0.049053 4.530300
80 0.046214 4.576514
81 0.043276 4.619790
82 0.042965 4.662755
83 0.042923 4.705678
84 0.045966 4.751644
85 0.043099 4.794743
86 0.042604 4.837347
87 0.041615 4.878962
88 0.042132 4.921094
done 88 0.014070 4.935164
