[runlim] version:		1.7
[runlim] time limit:		3600 seconds
[runlim] real time limit:	311040000 seconds
[runlim] space limit:		80000 MB
[runlim] argv[0]:		python3.6
[runlim] argv[1]:		./netsolver-gurobi-mod.py
[runlim] argv[2]:		../../../instances/fattree-bcube/Fattree_n16_k2_bw10_cpu16.pn
[runlim] argv[3]:		../../../instances/fattree-bcube/instance_list_12vm_rnd.txt
[runlim] argv[4]:		False
[runlim] argv[5]:		False
[runlim] argv[6]:		timelogs/results.Fattree_n16_k2_bw10_cpu16.pn.instance_list_12vm_rnd.txt.log
[runlim] start:			Mon Sep 23 10:33:07 2019
[runlim] main pid:		7393
Academic license - for non-commercial use only
[runlim] sample:		10.0 seconds, 191.3 MB
[runlim] sample:		20.0 seconds, 258.6 MB
[runlim] sample:		30.0 seconds, 256.7 MB
[runlim] sample:		40.0 seconds, 269.4 MB
[runlim] sample:		50.0 seconds, 275.1 MB
[runlim] sample:		60.0 seconds, 262.7 MB
[runlim] sample:		70.0 seconds, 274.9 MB
[runlim] sample:		80.0 seconds, 278.1 MB
[runlim] sample:		90.0 seconds, 290.1 MB
[runlim] sample:		100.0 seconds, 291.4 MB
[runlim] sample:		110.0 seconds, 275.0 MB
[runlim] sample:		120.0 seconds, 287.8 MB
[runlim] sample:		130.0 seconds, 267.7 MB
[runlim] sample:		140.0 seconds, 279.3 MB
[runlim] sample:		150.0 seconds, 271.5 MB
[runlim] sample:		160.0 seconds, 272.2 MB
[runlim] sample:		170.0 seconds, 275.5 MB
[runlim] sample:		180.0 seconds, 244.5 MB
[runlim] sample:		190.0 seconds, 246.7 MB
[runlim] sample:		200.0 seconds, 256.5 MB
[runlim] sample:		210.0 seconds, 258.0 MB
[runlim] sample:		220.0 seconds, 287.1 MB
[runlim] sample:		230.0 seconds, 315.7 MB
[runlim] sample:		240.0 seconds, 273.6 MB
[runlim] sample:		250.0 seconds, 278.2 MB
[runlim] sample:		260.0 seconds, 247.5 MB
[runlim] sample:		270.0 seconds, 269.9 MB
[runlim] sample:		280.0 seconds, 295.1 MB
[runlim] sample:		290.0 seconds, 296.0 MB
[runlim] sample:		300.0 seconds, 283.7 MB
[runlim] sample:		310.0 seconds, 289.0 MB
[runlim] sample:		320.0 seconds, 291.1 MB
[runlim] sample:		330.0 seconds, 283.5 MB
[runlim] sample:		340.0 seconds, 282.2 MB
[runlim] sample:		350.0 seconds, 291.6 MB
[runlim] sample:		360.0 seconds, 260.4 MB
[runlim] sample:		370.0 seconds, 295.8 MB
[runlim] sample:		380.0 seconds, 285.2 MB
[runlim] sample:		390.0 seconds, 281.5 MB
[runlim] sample:		400.0 seconds, 282.0 MB
[runlim] sample:		410.0 seconds, 253.9 MB
[runlim] sample:		420.0 seconds, 279.6 MB
[runlim] sample:		430.0 seconds, 277.3 MB
[runlim] sample:		440.0 seconds, 276.0 MB
[runlim] sample:		450.0 seconds, 275.5 MB
[runlim] sample:		460.0 seconds, 278.7 MB
[runlim] sample:		470.0 seconds, 309.3 MB
[runlim] sample:		480.0 seconds, 298.3 MB
[runlim] sample:		490.0 seconds, 280.2 MB
[runlim] sample:		500.0 seconds, 286.5 MB
[runlim] sample:		510.0 seconds, 301.5 MB
[runlim] sample:		520.0 seconds, 289.7 MB
[runlim] sample:		530.0 seconds, 281.5 MB
[runlim] sample:		540.0 seconds, 268.1 MB
[runlim] sample:		550.0 seconds, 264.0 MB
[runlim] sample:		560.0 seconds, 263.6 MB
[runlim] sample:		570.0 seconds, 258.4 MB
[runlim] sample:		580.0 seconds, 291.9 MB
[runlim] sample:		590.0 seconds, 309.1 MB
[runlim] sample:		600.0 seconds, 293.8 MB
[runlim] sample:		610.0 seconds, 294.0 MB
[runlim] sample:		620.0 seconds, 292.9 MB
[runlim] sample:		630.0 seconds, 297.7 MB
[runlim] sample:		640.0 seconds, 291.5 MB
[runlim] sample:		650.0 seconds, 294.4 MB
[runlim] sample:		660.0 seconds, 293.9 MB
[runlim] sample:		670.0 seconds, 310.0 MB
[runlim] sample:		680.0 seconds, 295.5 MB
[runlim] sample:		690.0 seconds, 303.4 MB
[runlim] sample:		700.0 seconds, 300.3 MB
[runlim] sample:		710.0 seconds, 303.0 MB
[runlim] sample:		720.0 seconds, 302.7 MB
[runlim] sample:		730.0 seconds, 310.4 MB
[runlim] sample:		740.0 seconds, 293.3 MB
[runlim] sample:		750.0 seconds, 295.6 MB
[runlim] sample:		760.0 seconds, 278.5 MB
[runlim] sample:		770.0 seconds, 282.9 MB
[runlim] sample:		780.0 seconds, 295.0 MB
[runlim] sample:		790.0 seconds, 308.3 MB
[runlim] sample:		800.0 seconds, 307.9 MB
[runlim] sample:		810.0 seconds, 307.7 MB
[runlim] sample:		820.0 seconds, 307.7 MB
[runlim] sample:		830.0 seconds, 307.7 MB
[runlim] sample:		840.0 seconds, 308.7 MB
[runlim] sample:		850.0 seconds, 310.7 MB
[runlim] sample:		860.0 seconds, 327.3 MB
[runlim] sample:		870.0 seconds, 327.0 MB
[runlim] sample:		880.0 seconds, 325.5 MB
[runlim] sample:		890.0 seconds, 324.8 MB
[runlim] sample:		900.0 seconds, 330.5 MB
[runlim] sample:		910.0 seconds, 325.0 MB
[runlim] sample:		920.0 seconds, 324.8 MB
[runlim] sample:		930.0 seconds, 327.1 MB
[runlim] sample:		940.0 seconds, 324.5 MB
[runlim] sample:		950.0 seconds, 295.0 MB
[runlim] sample:		960.0 seconds, 311.5 MB
[runlim] sample:		970.0 seconds, 324.8 MB
[runlim] sample:		980.0 seconds, 322.1 MB
[runlim] sample:		990.0 seconds, 298.3 MB
[runlim] sample:		1000.0 seconds, 296.8 MB
[runlim] sample:		1010.0 seconds, 290.0 MB
[runlim] sample:		1020.0 seconds, 315.1 MB
[runlim] sample:		1030.0 seconds, 313.6 MB
[runlim] sample:		1040.0 seconds, 314.1 MB
[runlim] sample:		1050.0 seconds, 322.7 MB
[runlim] sample:		1060.0 seconds, 281.1 MB
[runlim] sample:		1070.0 seconds, 276.7 MB
[runlim] sample:		1080.0 seconds, 288.6 MB
[runlim] sample:		1090.0 seconds, 297.8 MB
[runlim] sample:		1100.0 seconds, 303.5 MB
[runlim] sample:		1110.0 seconds, 303.4 MB
[runlim] sample:		1120.0 seconds, 302.9 MB
[runlim] sample:		1130.0 seconds, 323.0 MB
[runlim] sample:		1140.0 seconds, 322.8 MB
[runlim] sample:		1150.0 seconds, 323.7 MB
[runlim] sample:		1160.0 seconds, 309.7 MB
[runlim] sample:		1170.0 seconds, 304.6 MB
[runlim] sample:		1180.0 seconds, 311.5 MB
[runlim] sample:		1190.0 seconds, 292.5 MB
[runlim] sample:		1200.0 seconds, 263.5 MB
[runlim] sample:		1210.0 seconds, 281.8 MB
[runlim] sample:		1220.0 seconds, 283.0 MB
[runlim] sample:		1230.0 seconds, 279.5 MB
[runlim] sample:		1240.0 seconds, 293.8 MB
[runlim] sample:		1250.0 seconds, 283.8 MB
[runlim] sample:		1260.0 seconds, 290.2 MB
[runlim] sample:		1270.0 seconds, 276.2 MB
[runlim] sample:		1280.0 seconds, 267.3 MB
[runlim] sample:		1290.0 seconds, 264.6 MB
[runlim] sample:		1300.0 seconds, 267.2 MB
[runlim] sample:		1310.0 seconds, 281.9 MB
[runlim] sample:		1320.0 seconds, 279.4 MB
[runlim] sample:		1330.0 seconds, 283.1 MB
[runlim] sample:		1340.0 seconds, 257.9 MB
[runlim] sample:		1350.0 seconds, 262.7 MB
[runlim] sample:		1360.0 seconds, 306.8 MB
[runlim] sample:		1370.0 seconds, 295.9 MB
[runlim] sample:		1380.0 seconds, 286.6 MB
[runlim] sample:		1390.0 seconds, 298.0 MB
[runlim] sample:		1400.0 seconds, 261.5 MB
[runlim] sample:		1410.0 seconds, 265.1 MB
[runlim] sample:		1420.0 seconds, 300.2 MB
[runlim] sample:		1430.0 seconds, 294.2 MB
[runlim] sample:		1440.0 seconds, 269.3 MB
[runlim] sample:		1450.0 seconds, 298.3 MB
[runlim] sample:		1460.0 seconds, 290.3 MB
[runlim] sample:		1470.0 seconds, 283.8 MB
[runlim] sample:		1480.0 seconds, 294.9 MB
[runlim] sample:		1490.0 seconds, 300.0 MB
[runlim] sample:		1500.0 seconds, 277.2 MB
[runlim] sample:		1510.0 seconds, 287.5 MB
[runlim] sample:		1520.0 seconds, 272.4 MB
[runlim] sample:		1530.0 seconds, 300.2 MB
[runlim] sample:		1540.0 seconds, 290.9 MB
[runlim] sample:		1550.0 seconds, 299.7 MB
[runlim] sample:		1560.0 seconds, 278.2 MB
[runlim] sample:		1570.0 seconds, 271.6 MB
[runlim] sample:		1580.0 seconds, 261.1 MB
[runlim] sample:		1590.0 seconds, 258.6 MB
[runlim] sample:		1600.0 seconds, 267.0 MB
[runlim] sample:		1610.0 seconds, 283.9 MB
[runlim] sample:		1620.0 seconds, 283.7 MB
[runlim] sample:		1630.0 seconds, 260.2 MB
[runlim] sample:		1640.0 seconds, 286.9 MB
[runlim] sample:		1650.0 seconds, 286.6 MB
[runlim] sample:		1660.0 seconds, 288.2 MB
[runlim] sample:		1670.0 seconds, 286.6 MB
[runlim] sample:		1680.0 seconds, 270.1 MB
[runlim] sample:		1690.0 seconds, 290.0 MB
[runlim] sample:		1700.0 seconds, 271.2 MB
[runlim] sample:		1710.0 seconds, 298.7 MB
[runlim] sample:		1720.0 seconds, 296.0 MB
[runlim] sample:		1730.0 seconds, 300.3 MB
[runlim] sample:		1740.0 seconds, 264.0 MB
[runlim] sample:		1750.0 seconds, 285.2 MB
[runlim] sample:		1760.0 seconds, 285.0 MB
[runlim] sample:		1770.0 seconds, 285.0 MB
[runlim] sample:		1780.0 seconds, 284.5 MB
[runlim] sample:		1790.0 seconds, 285.2 MB
[runlim] sample:		1800.0 seconds, 285.2 MB
[runlim] sample:		1810.0 seconds, 285.0 MB
[runlim] sample:		1820.0 seconds, 285.0 MB
[runlim] sample:		1830.0 seconds, 291.9 MB
[runlim] sample:		1840.0 seconds, 295.8 MB
[runlim] sample:		1850.0 seconds, 291.8 MB
[runlim] sample:		1860.0 seconds, 292.9 MB
[runlim] sample:		1870.0 seconds, 297.2 MB
[runlim] sample:		1880.0 seconds, 286.8 MB
[runlim] sample:		1890.0 seconds, 280.5 MB
[runlim] sample:		1900.0 seconds, 291.2 MB
[runlim] sample:		1910.0 seconds, 284.0 MB
[runlim] sample:		1920.0 seconds, 297.4 MB
[runlim] sample:		1930.0 seconds, 271.3 MB
[runlim] sample:		1940.0 seconds, 268.7 MB
[runlim] sample:		1950.0 seconds, 303.3 MB
[runlim] sample:		1960.0 seconds, 312.0 MB
[runlim] sample:		1970.0 seconds, 275.2 MB
[runlim] sample:		1980.0 seconds, 280.7 MB
[runlim] sample:		1990.0 seconds, 305.5 MB
[runlim] sample:		2000.0 seconds, 310.4 MB
[runlim] sample:		2010.0 seconds, 279.1 MB
[runlim] sample:		2020.0 seconds, 309.8 MB
[runlim] sample:		2030.0 seconds, 272.0 MB
[runlim] sample:		2040.0 seconds, 309.4 MB
[runlim] sample:		2050.0 seconds, 281.6 MB
[runlim] sample:		2060.0 seconds, 307.2 MB
[runlim] sample:		2070.0 seconds, 307.6 MB
[runlim] sample:		2080.0 seconds, 304.9 MB
[runlim] sample:		2090.0 seconds, 274.4 MB
[runlim] sample:		2100.0 seconds, 301.5 MB
[runlim] sample:		2110.0 seconds, 280.8 MB
[runlim] sample:		2120.0 seconds, 306.5 MB
[runlim] sample:		2130.0 seconds, 307.1 MB
[runlim] sample:		2140.0 seconds, 318.2 MB
[runlim] sample:		2150.0 seconds, 315.6 MB
[runlim] sample:		2160.0 seconds, 286.8 MB
[runlim] sample:		2170.0 seconds, 281.7 MB
[runlim] sample:		2180.0 seconds, 274.6 MB
[runlim] sample:		2190.0 seconds, 277.8 MB
[runlim] sample:		2200.0 seconds, 277.8 MB
[runlim] sample:		2210.0 seconds, 298.6 MB
[runlim] sample:		2220.0 seconds, 307.3 MB
[runlim] sample:		2230.0 seconds, 289.7 MB
[runlim] sample:		2240.0 seconds, 302.9 MB
[runlim] sample:		2250.0 seconds, 314.6 MB
[runlim] sample:		2260.0 seconds, 287.3 MB
[runlim] sample:		2270.0 seconds, 286.5 MB
[runlim] sample:		2280.0 seconds, 309.4 MB
[runlim] sample:		2290.0 seconds, 308.5 MB
[runlim] sample:		2300.0 seconds, 301.7 MB
[runlim] sample:		2310.0 seconds, 261.5 MB
[runlim] sample:		2320.0 seconds, 306.4 MB
[runlim] sample:		2330.0 seconds, 312.2 MB
[runlim] sample:		2340.0 seconds, 300.8 MB
[runlim] sample:		2350.0 seconds, 262.4 MB
[runlim] sample:		2360.0 seconds, 301.8 MB
[runlim] sample:		2370.0 seconds, 271.4 MB
[runlim] sample:		2380.0 seconds, 264.4 MB
[runlim] sample:		2390.0 seconds, 284.8 MB
[runlim] sample:		2400.0 seconds, 287.2 MB
[runlim] sample:		2410.0 seconds, 281.4 MB
[runlim] sample:		2420.0 seconds, 271.3 MB
[runlim] sample:		2430.0 seconds, 266.9 MB
[runlim] sample:		2440.0 seconds, 271.3 MB
[runlim] sample:		2450.0 seconds, 283.9 MB
[runlim] sample:		2460.0 seconds, 286.9 MB
[runlim] sample:		2470.0 seconds, 281.9 MB
[runlim] sample:		2480.0 seconds, 289.3 MB
[runlim] sample:		2490.0 seconds, 301.8 MB
[runlim] sample:		2500.0 seconds, 305.9 MB
[runlim] sample:		2510.0 seconds, 270.2 MB
[runlim] sample:		2520.0 seconds, 267.4 MB
[runlim] sample:		2530.0 seconds, 261.1 MB
[runlim] sample:		2540.0 seconds, 315.0 MB
[runlim] sample:		2550.0 seconds, 292.2 MB
[runlim] sample:		2560.0 seconds, 290.8 MB
[runlim] sample:		2570.0 seconds, 300.4 MB
[runlim] sample:		2580.0 seconds, 274.0 MB
[runlim] sample:		2590.0 seconds, 302.8 MB
[runlim] sample:		2600.0 seconds, 302.7 MB
[runlim] sample:		2610.0 seconds, 313.0 MB
[runlim] sample:		2620.0 seconds, 288.0 MB
[runlim] sample:		2630.0 seconds, 289.2 MB
[runlim] sample:		2640.0 seconds, 293.4 MB
[runlim] sample:		2650.0 seconds, 324.5 MB
[runlim] sample:		2660.0 seconds, 280.9 MB
[runlim] sample:		2670.0 seconds, 288.4 MB
[runlim] sample:		2680.0 seconds, 278.5 MB
[runlim] sample:		2690.0 seconds, 267.3 MB
[runlim] sample:		2700.0 seconds, 301.9 MB
[runlim] sample:		2710.0 seconds, 263.2 MB
[runlim] sample:		2720.0 seconds, 272.4 MB
[runlim] sample:		2730.0 seconds, 279.0 MB
[runlim] sample:		2740.0 seconds, 294.7 MB
[runlim] sample:		2750.0 seconds, 313.8 MB
[runlim] sample:		2760.0 seconds, 280.7 MB
[runlim] sample:		2770.0 seconds, 307.7 MB
[runlim] sample:		2780.0 seconds, 307.4 MB
[runlim] sample:		2790.0 seconds, 298.6 MB
[runlim] sample:		2800.0 seconds, 296.1 MB
[runlim] sample:		2810.0 seconds, 292.4 MB
[runlim] sample:		2820.0 seconds, 315.4 MB
[runlim] sample:		2830.0 seconds, 293.4 MB
[runlim] sample:		2840.0 seconds, 301.2 MB
[runlim] sample:		2850.0 seconds, 288.8 MB
[runlim] sample:		2860.0 seconds, 294.1 MB
[runlim] sample:		2870.0 seconds, 289.9 MB
[runlim] sample:		2880.0 seconds, 340.9 MB
[runlim] sample:		2890.0 seconds, 281.5 MB
[runlim] sample:		2900.0 seconds, 312.4 MB
[runlim] sample:		2910.0 seconds, 288.7 MB
[runlim] sample:		2920.0 seconds, 300.5 MB
[runlim] sample:		2930.0 seconds, 289.8 MB
[runlim] sample:		2940.0 seconds, 294.0 MB
[runlim] sample:		2950.0 seconds, 310.3 MB
[runlim] sample:		2960.0 seconds, 315.5 MB
[runlim] sample:		2969.9 seconds, 312.0 MB
[runlim] sample:		2980.0 seconds, 316.4 MB
[runlim] sample:		2989.9 seconds, 312.0 MB
[runlim] sample:		2999.9 seconds, 310.9 MB
[runlim] sample:		3010.0 seconds, 324.6 MB
[runlim] sample:		3019.9 seconds, 309.7 MB
[runlim] sample:		3030.0 seconds, 340.2 MB
[runlim] sample:		3039.9 seconds, 315.9 MB
[runlim] sample:		3050.0 seconds, 308.6 MB
[runlim] sample:		3060.0 seconds, 320.4 MB
[runlim] sample:		3069.9 seconds, 302.8 MB
[runlim] sample:		3079.9 seconds, 300.2 MB
[runlim] sample:		3089.9 seconds, 302.8 MB
[runlim] sample:		3099.9 seconds, 315.9 MB
[runlim] sample:		3109.9 seconds, 309.3 MB
[runlim] sample:		3119.9 seconds, 309.5 MB
[runlim] sample:		3130.0 seconds, 317.0 MB
[runlim] sample:		3140.0 seconds, 316.5 MB
[runlim] sample:		3149.9 seconds, 345.0 MB
[runlim] sample:		3159.9 seconds, 310.6 MB
[runlim] sample:		3169.9 seconds, 313.2 MB
[runlim] sample:		3179.9 seconds, 313.2 MB
[runlim] sample:		3189.9 seconds, 311.3 MB
[runlim] sample:		3200.0 seconds, 342.5 MB
[runlim] sample:		3209.9 seconds, 311.0 MB
[runlim] sample:		3219.9 seconds, 311.4 MB
[runlim] sample:		3229.9 seconds, 339.0 MB
[runlim] sample:		3240.0 seconds, 317.3 MB
[runlim] sample:		3250.0 seconds, 317.2 MB
[runlim] sample:		3260.0 seconds, 317.4 MB
[runlim] sample:		3269.9 seconds, 318.6 MB
[runlim] sample:		3279.9 seconds, 318.3 MB
[runlim] sample:		3289.9 seconds, 320.6 MB
[runlim] sample:		3299.9 seconds, 320.1 MB
[runlim] sample:		3309.9 seconds, 347.6 MB
[runlim] sample:		3319.9 seconds, 311.4 MB
[runlim] sample:		3329.9 seconds, 326.7 MB
[runlim] sample:		3339.9 seconds, 326.7 MB
[runlim] sample:		3349.9 seconds, 326.6 MB
[runlim] sample:		3359.9 seconds, 326.8 MB
[runlim] sample:		3369.9 seconds, 308.0 MB
[runlim] sample:		3380.0 seconds, 319.0 MB
[runlim] sample:		3389.9 seconds, 307.7 MB
[runlim] sample:		3399.9 seconds, 339.2 MB
[runlim] sample:		3409.9 seconds, 310.8 MB
[runlim] sample:		3419.9 seconds, 310.3 MB
[runlim] sample:		3429.9 seconds, 302.8 MB
[runlim] sample:		3440.0 seconds, 311.3 MB
[runlim] sample:		3449.9 seconds, 319.3 MB
[runlim] sample:		3459.9 seconds, 344.6 MB
[runlim] sample:		3469.9 seconds, 322.3 MB
[runlim] sample:		3479.9 seconds, 321.6 MB
[runlim] sample:		3489.9 seconds, 321.6 MB
[runlim] sample:		3499.9 seconds, 267.6 MB
[runlim] sample:		3509.9 seconds, 290.3 MB
[runlim] sample:		3519.9 seconds, 271.6 MB
[runlim] sample:		3529.9 seconds, 310.4 MB
[runlim] sample:		3539.9 seconds, 280.5 MB
[runlim] sample:		3549.9 seconds, 323.1 MB
[runlim] sample:		3559.9 seconds, 290.9 MB
[runlim] sample:		3570.0 seconds, 285.9 MB
[runlim] sample:		3579.9 seconds, 272.9 MB
[runlim] sample:		3590.0 seconds, 290.7 MB
[runlim] sample:		3599.9 seconds, 312.8 MB
[runlim] end:			Mon Sep 23 11:33:08 2019
[runlim] status:		out of time
[runlim] result:		1
[runlim] children:		0
[runlim] real:			3601.06 seconds
[runlim] time:			3600.05 seconds
[runlim] space:			352.9 MB
[runlim] samples:		36001
