[runlim] version:		1.7
[runlim] time limit:		3600 seconds
[runlim] real time limit:	311040000 seconds
[runlim] space limit:		80000 MB
[runlim] argv[0]:		python3.6
[runlim] argv[1]:		./netsolver-gurobi-mod.py
[runlim] argv[2]:		../../../instances/fattree-bcube/Fattree_n12_k2_bw10_cpu16.pn
[runlim] argv[3]:		../../../instances/fattree-bcube/instance_list_15vm_rnd.txt
[runlim] argv[4]:		False
[runlim] argv[5]:		False
[runlim] argv[6]:		timelogs/results.Fattree_n12_k2_bw10_cpu16.pn.instance_list_15vm_rnd.txt.log
[runlim] start:			Mon Sep 23 07:56:03 2019
[runlim] main pid:		7342
Academic license - for non-commercial use only
[runlim] sample:		10.0 seconds, 160.9 MB
[runlim] sample:		20.0 seconds, 165.7 MB
[runlim] sample:		30.0 seconds, 188.7 MB
[runlim] sample:		40.0 seconds, 174.8 MB
[runlim] sample:		50.0 seconds, 183.7 MB
[runlim] sample:		60.0 seconds, 176.5 MB
[runlim] sample:		70.0 seconds, 168.8 MB
[runlim] sample:		80.0 seconds, 178.5 MB
[runlim] sample:		90.0 seconds, 177.8 MB
[runlim] sample:		100.0 seconds, 187.5 MB
[runlim] sample:		110.0 seconds, 187.1 MB
[runlim] sample:		120.0 seconds, 187.8 MB
[runlim] sample:		130.0 seconds, 195.1 MB
[runlim] sample:		140.0 seconds, 194.1 MB
[runlim] sample:		150.0 seconds, 172.9 MB
[runlim] sample:		160.0 seconds, 187.2 MB
[runlim] sample:		170.0 seconds, 192.1 MB
[runlim] sample:		180.0 seconds, 186.6 MB
[runlim] sample:		190.0 seconds, 176.6 MB
[runlim] sample:		200.0 seconds, 171.1 MB
[runlim] sample:		210.0 seconds, 173.5 MB
[runlim] sample:		220.0 seconds, 168.1 MB
[runlim] sample:		230.0 seconds, 180.2 MB
[runlim] sample:		240.0 seconds, 206.8 MB
[runlim] sample:		250.0 seconds, 179.4 MB
[runlim] sample:		260.0 seconds, 181.1 MB
[runlim] sample:		270.0 seconds, 172.9 MB
[runlim] sample:		280.0 seconds, 176.8 MB
[runlim] sample:		290.0 seconds, 170.1 MB
[runlim] sample:		300.0 seconds, 181.3 MB
[runlim] sample:		310.0 seconds, 174.7 MB
[runlim] sample:		320.0 seconds, 189.2 MB
[runlim] sample:		330.0 seconds, 180.6 MB
[runlim] sample:		340.0 seconds, 180.5 MB
[runlim] sample:		350.0 seconds, 191.1 MB
[runlim] sample:		360.0 seconds, 203.0 MB
[runlim] sample:		370.0 seconds, 201.4 MB
[runlim] sample:		380.0 seconds, 198.4 MB
[runlim] sample:		390.0 seconds, 195.2 MB
[runlim] sample:		400.0 seconds, 191.6 MB
[runlim] sample:		410.0 seconds, 190.5 MB
[runlim] sample:		420.0 seconds, 210.2 MB
[runlim] sample:		430.0 seconds, 204.6 MB
[runlim] sample:		440.0 seconds, 204.3 MB
[runlim] sample:		450.0 seconds, 210.8 MB
[runlim] sample:		460.0 seconds, 203.9 MB
[runlim] sample:		470.0 seconds, 188.1 MB
[runlim] sample:		480.0 seconds, 180.9 MB
[runlim] sample:		490.0 seconds, 184.8 MB
[runlim] sample:		500.0 seconds, 194.9 MB
[runlim] sample:		510.0 seconds, 176.5 MB
[runlim] sample:		520.0 seconds, 176.9 MB
[runlim] sample:		530.0 seconds, 178.3 MB
[runlim] sample:		540.0 seconds, 183.6 MB
[runlim] sample:		550.0 seconds, 191.8 MB
[runlim] sample:		560.0 seconds, 202.7 MB
[runlim] sample:		570.0 seconds, 213.0 MB
[runlim] sample:		580.0 seconds, 204.6 MB
[runlim] sample:		590.0 seconds, 178.5 MB
[runlim] sample:		600.0 seconds, 195.4 MB
[runlim] sample:		610.0 seconds, 205.9 MB
[runlim] sample:		620.0 seconds, 205.3 MB
[runlim] sample:		630.0 seconds, 206.0 MB
[runlim] sample:		640.0 seconds, 211.2 MB
[runlim] sample:		650.0 seconds, 223.8 MB
[runlim] sample:		660.0 seconds, 205.3 MB
[runlim] sample:		670.0 seconds, 180.9 MB
[runlim] sample:		680.0 seconds, 192.8 MB
[runlim] sample:		690.0 seconds, 191.6 MB
[runlim] sample:		700.0 seconds, 192.4 MB
[runlim] sample:		710.0 seconds, 192.8 MB
[runlim] sample:		720.0 seconds, 185.3 MB
[runlim] sample:		730.0 seconds, 192.9 MB
[runlim] sample:		740.0 seconds, 192.0 MB
[runlim] sample:		750.0 seconds, 192.5 MB
[runlim] sample:		760.0 seconds, 192.5 MB
[runlim] sample:		770.0 seconds, 180.8 MB
[runlim] sample:		780.0 seconds, 186.2 MB
[runlim] sample:		790.0 seconds, 178.9 MB
[runlim] sample:		800.0 seconds, 178.2 MB
[runlim] sample:		810.0 seconds, 181.9 MB
[runlim] sample:		820.0 seconds, 193.4 MB
[runlim] sample:		830.0 seconds, 210.6 MB
[runlim] sample:		840.0 seconds, 185.1 MB
[runlim] sample:		850.0 seconds, 189.7 MB
[runlim] sample:		860.0 seconds, 195.6 MB
[runlim] sample:		870.0 seconds, 183.4 MB
[runlim] sample:		880.0 seconds, 190.9 MB
[runlim] sample:		890.0 seconds, 192.0 MB
[runlim] sample:		900.0 seconds, 190.6 MB
[runlim] sample:		910.0 seconds, 197.7 MB
[runlim] sample:		920.0 seconds, 210.5 MB
[runlim] sample:		930.0 seconds, 178.8 MB
[runlim] sample:		940.0 seconds, 183.5 MB
[runlim] sample:		950.0 seconds, 205.3 MB
[runlim] sample:		960.0 seconds, 183.3 MB
[runlim] sample:		970.0 seconds, 196.4 MB
[runlim] sample:		980.0 seconds, 197.8 MB
[runlim] sample:		990.0 seconds, 188.6 MB
[runlim] sample:		1000.0 seconds, 185.4 MB
[runlim] sample:		1010.0 seconds, 191.0 MB
[runlim] sample:		1020.0 seconds, 196.2 MB
[runlim] sample:		1030.0 seconds, 187.9 MB
[runlim] sample:		1040.0 seconds, 205.1 MB
[runlim] sample:		1050.0 seconds, 205.1 MB
[runlim] sample:		1060.0 seconds, 205.2 MB
[runlim] sample:		1070.0 seconds, 211.8 MB
[runlim] sample:		1080.0 seconds, 185.5 MB
[runlim] sample:		1090.0 seconds, 180.5 MB
[runlim] sample:		1100.0 seconds, 186.8 MB
[runlim] sample:		1110.0 seconds, 186.6 MB
[runlim] sample:		1120.0 seconds, 184.6 MB
[runlim] sample:		1130.0 seconds, 184.4 MB
[runlim] sample:		1140.0 seconds, 188.6 MB
[runlim] sample:		1150.0 seconds, 190.8 MB
[runlim] sample:		1160.0 seconds, 206.0 MB
[runlim] sample:		1170.0 seconds, 204.2 MB
[runlim] sample:		1180.0 seconds, 195.4 MB
[runlim] sample:		1190.0 seconds, 198.7 MB
[runlim] sample:		1200.0 seconds, 205.4 MB
[runlim] sample:		1210.0 seconds, 211.6 MB
[runlim] sample:		1220.0 seconds, 200.4 MB
[runlim] sample:		1230.0 seconds, 192.2 MB
[runlim] sample:		1240.0 seconds, 180.4 MB
[runlim] sample:		1250.0 seconds, 193.2 MB
[runlim] sample:		1260.0 seconds, 197.0 MB
[runlim] sample:		1270.0 seconds, 195.1 MB
[runlim] sample:		1280.0 seconds, 191.6 MB
[runlim] sample:		1290.0 seconds, 199.3 MB
[runlim] sample:		1300.0 seconds, 205.4 MB
[runlim] sample:		1310.0 seconds, 205.4 MB
[runlim] sample:		1320.0 seconds, 211.5 MB
[runlim] sample:		1330.0 seconds, 217.8 MB
[runlim] sample:		1340.0 seconds, 222.2 MB
[runlim] sample:		1350.0 seconds, 202.7 MB
[runlim] sample:		1360.0 seconds, 210.9 MB
[runlim] sample:		1370.0 seconds, 183.0 MB
[runlim] sample:		1380.0 seconds, 180.3 MB
[runlim] sample:		1390.0 seconds, 184.6 MB
[runlim] sample:		1400.0 seconds, 184.6 MB
[runlim] sample:		1410.0 seconds, 183.7 MB
[runlim] sample:		1420.0 seconds, 193.4 MB
[runlim] sample:		1430.0 seconds, 203.2 MB
[runlim] sample:		1440.0 seconds, 187.9 MB
[runlim] sample:		1450.0 seconds, 178.3 MB
[runlim] sample:		1460.0 seconds, 189.2 MB
[runlim] sample:		1470.0 seconds, 208.0 MB
[runlim] sample:		1480.0 seconds, 209.3 MB
[runlim] sample:		1490.0 seconds, 210.9 MB
[runlim] sample:		1500.0 seconds, 178.7 MB
[runlim] sample:		1510.0 seconds, 198.9 MB
[runlim] sample:		1520.0 seconds, 191.3 MB
[runlim] sample:		1530.0 seconds, 203.9 MB
[runlim] sample:		1540.0 seconds, 193.6 MB
[runlim] sample:		1550.0 seconds, 214.7 MB
[runlim] sample:		1560.0 seconds, 177.6 MB
[runlim] sample:		1570.0 seconds, 190.7 MB
[runlim] sample:		1580.0 seconds, 182.1 MB
[runlim] sample:		1590.0 seconds, 186.8 MB
[runlim] sample:		1600.0 seconds, 200.1 MB
[runlim] sample:		1610.0 seconds, 192.6 MB
[runlim] sample:		1620.0 seconds, 210.7 MB
[runlim] sample:		1630.0 seconds, 204.8 MB
[runlim] sample:		1640.0 seconds, 197.7 MB
[runlim] sample:		1650.0 seconds, 193.3 MB
[runlim] sample:		1660.0 seconds, 188.5 MB
[runlim] sample:		1670.0 seconds, 187.9 MB
[runlim] sample:		1680.0 seconds, 185.5 MB
[runlim] sample:		1690.0 seconds, 210.8 MB
[runlim] sample:		1700.0 seconds, 210.4 MB
[runlim] sample:		1710.0 seconds, 206.3 MB
[runlim] sample:		1720.0 seconds, 187.5 MB
[runlim] sample:		1730.0 seconds, 210.0 MB
[runlim] sample:		1740.0 seconds, 183.9 MB
[runlim] sample:		1750.0 seconds, 196.5 MB
[runlim] sample:		1760.0 seconds, 191.2 MB
[runlim] sample:		1770.0 seconds, 189.8 MB
[runlim] sample:		1780.0 seconds, 201.2 MB
[runlim] sample:		1790.0 seconds, 180.5 MB
[runlim] sample:		1800.0 seconds, 195.4 MB
[runlim] sample:		1810.0 seconds, 195.7 MB
[runlim] sample:		1820.0 seconds, 186.3 MB
[runlim] sample:		1830.0 seconds, 192.2 MB
[runlim] sample:		1840.0 seconds, 187.8 MB
[runlim] sample:		1850.0 seconds, 187.8 MB
[runlim] sample:		1860.0 seconds, 181.7 MB
[runlim] sample:		1870.0 seconds, 182.9 MB
[runlim] sample:		1880.0 seconds, 183.0 MB
[runlim] sample:		1890.0 seconds, 190.9 MB
[runlim] sample:		1900.0 seconds, 191.9 MB
[runlim] sample:		1910.0 seconds, 192.0 MB
[runlim] sample:		1920.0 seconds, 193.8 MB
[runlim] sample:		1930.0 seconds, 186.5 MB
[runlim] sample:		1940.0 seconds, 186.2 MB
[runlim] sample:		1950.0 seconds, 191.4 MB
[runlim] sample:		1960.0 seconds, 203.5 MB
[runlim] sample:		1970.0 seconds, 186.1 MB
[runlim] sample:		1980.0 seconds, 182.3 MB
[runlim] sample:		1990.0 seconds, 184.4 MB
[runlim] sample:		2000.0 seconds, 185.7 MB
[runlim] sample:		2010.0 seconds, 185.7 MB
[runlim] sample:		2020.0 seconds, 219.2 MB
[runlim] sample:		2030.0 seconds, 215.1 MB
[runlim] sample:		2040.0 seconds, 211.8 MB
[runlim] sample:		2050.0 seconds, 182.4 MB
[runlim] sample:		2060.0 seconds, 206.4 MB
[runlim] sample:		2070.0 seconds, 205.8 MB
[runlim] sample:		2080.0 seconds, 201.0 MB
[runlim] sample:		2090.0 seconds, 208.5 MB
[runlim] sample:		2100.0 seconds, 212.4 MB
[runlim] sample:		2110.0 seconds, 218.8 MB
[runlim] sample:		2120.0 seconds, 204.4 MB
[runlim] sample:		2130.0 seconds, 210.6 MB
[runlim] sample:		2140.0 seconds, 197.2 MB
[runlim] sample:		2150.0 seconds, 207.7 MB
[runlim] sample:		2160.0 seconds, 210.4 MB
[runlim] sample:		2170.0 seconds, 213.8 MB
[runlim] sample:		2180.0 seconds, 181.8 MB
[runlim] sample:		2190.0 seconds, 188.6 MB
[runlim] sample:		2200.0 seconds, 188.6 MB
[runlim] sample:		2210.0 seconds, 188.7 MB
[runlim] sample:		2220.0 seconds, 188.7 MB
done 453 15.731503 2224.200094
2224.200094
453
Median time: 4.64442 s
[runlim] end:			Mon Sep 23 08:33:07 2019
[runlim] status:		ok
[runlim] result:		0
[runlim] children:		0
[runlim] real:			2224.70 seconds
[runlim] time:			2224.37 seconds
[runlim] space:			231.3 MB
[runlim] samples:		22244
