# instance ../../../instances/fattree-bcube/BCube_n8_k2_bw10_cpu16.pn
# Settings: PN=../../../instances/fattree-bcube/BCube_n8_k2_bw10_cpu16.pn, VN=../../../instances/fattree-bcube/instance_list_6vm_rnd.txt, multi-thread=False
init 0.025938 0.025938
1 1.50471 1.530648
2 1.430058 2.96082
3 1.5842 4.545148
4 1.429423 5.974693
5 1.071064 7.045885
6 1.575333 8.621349
7 1.434638 10.056107
8 1.208582 11.264815
9 1.216966 12.481918
10 1.037637 13.519681
11 1.584047 15.103848
12 1.435153 16.539129
13 1.415897 17.955163
14 1.426026 19.381311
15 1.219536 20.600979
16 1.4066 22.007711
17 1.427195 23.435042
18 1.427628 24.862801
19 1.430374 26.293317
20 1.428959 27.722398
21 1.437653 29.160187
22 1.429487 30.589805
23 1.219019 31.808951
24 1.61103 33.420111
25 1.436939 34.857176
26 1.086029 35.943337
27 1.188185 37.131654
28 1.061303 38.193087
29 1.390167 39.583383
30 1.427388 41.010906
31 1.415039 42.426069
32 1.201366 43.62756
33 1.411913 45.039596
34 1.594506 46.634233
35 1.634726 48.269091
36 1.236298 49.505522
37 1.403251 50.908908
38 1.431823 52.340864
39 1.427964 53.768961
40 1.417017 55.18611
41 1.413905 56.600149
42 1.255255 57.85554
43 1.59041 59.446082
44 1.452938 60.899153
45 1.054105 61.953392
46 1.390737 63.344266
47 1.589202 64.9336
48 1.097301 66.03103
49 1.017063 67.048226
50 1.364489 68.41285
51 1.404491 69.81747
52 1.422779 71.240376
53 1.440772 72.681277
54 1.435169 74.116578
55 1.220561 75.337265
56 1.401916 76.739312
57 1.26095 78.000391
58 1.409365 79.409889
59 1.411457 80.821481
60 1.229914 82.051519
61 1.228547 83.280198
62 1.238503 84.518834
63 1.414436 85.933402
64 1.43859 87.372119
65 1.42139 88.793642
66 1.421695 90.21547
67 1.231424 91.447019
68 1.230151 92.677305
69 1.400862 94.078299
70 1.42963 95.508062
71 1.43687 96.945064
72 1.418788 98.363992
73 1.611511 99.975635
74 1.459064 101.434834
75 1.440888 102.875865
76 1.427604 104.303606
77 1.232334 105.536075
78 1.653511 107.189707
79 1.468619 108.658452
80 1.437007 110.095596
81 1.091305 111.187035
82 1.181958 112.369123
83 1.059516 113.42877
84 1.421695 114.850584
85 1.056665 115.907381
86 1.401757 117.30927
87 1.247654 118.557056
88 1.034452 119.591639
89 1.214464 120.806236
90 1.413127 122.219505
91 1.21 123.429627
92 1.596532 125.026281
93 1.435549 126.461961
94 1.61564 128.077742
95 1.238638 129.316513
96 1.396914 130.713556
97 1.256569 131.970257
98 1.232624 133.203021
99 1.391887 134.595041
100 1.053053 135.648224
101 1.37158 137.019937
102 1.045038 138.065101
103 1.371843 139.437076
104 1.422611 140.859812
105 1.246472 142.106414
106 1.409036 143.515581
107 1.04645 144.562165
108 1.56617 146.128469
109 1.104386 147.232978
110 1.023008 148.256114
111 1.223705 149.479944
112 1.027631 150.507715
113 1.411171 151.919014
114 1.45075 153.369886
115 1.480193 154.850212
116 1.482467 156.332809
117 1.477061 157.81
118 1.275048 159.085183
119 1.43348 160.518791
120 1.467375 161.986298
121 1.479894 163.466321
122 1.483213 164.949664
123 1.247961 166.197755
124 1.032612 167.230502
125 1.211705 168.442338
126 1.408233 169.850702
127 1.432059 171.282891
128 1.430682 172.713714
129 1.4403 174.154148
130 1.604339 175.75862
131 1.456626 177.215378
132 1.436739 178.652247
133 1.222354 179.874731
134 1.40482 181.279681
135 1.62578 182.905591
136 1.636479 184.542206
137 1.441304 185.98364
138 1.420374 187.404141
139 1.424113 188.828387
140 1.22451 190.053032
141 1.393855 191.447017
142 1.431499 192.878648
143 1.427445 194.306221
144 1.594933 195.901293
145 1.105794 197.00722
146 1.450836 198.458187
147 1.487401 199.945718
148 1.45922 201.405069
149 1.291845 202.697045
150 1.469437 204.166615
151 1.649464 205.816215
152 1.712271 207.528617
153 1.466435 208.995182
154 1.28889 210.284202
155 1.621553 211.905882
156 1.518962 213.424981
157 1.307848 214.732962
158 1.640863 216.373955
159 1.666158 218.040244
160 1.701133 219.741512
161 1.498279 221.239915
162 1.490065 222.730109
163 1.058308 223.788548
164 1.035232 224.823909
165 1.454013 226.278044
166 1.262154 227.540329
167 1.24853 228.788983
168 1.252847 230.041964
169 1.48461 231.526707
170 1.331432 232.858267
171 1.261918 234.120298
172 1.412433 235.532875
173 1.436124 236.96911
174 1.422291 238.391532
175 1.424358 239.81602
176 1.219605 241.035753
177 1.402098 242.437981
178 1.424774 243.86289
179 1.251201 245.114236
180 1.41639 246.530755
181 1.616556 248.147436
182 1.453653 249.601224
183 1.432595 251.033954
184 1.421133 252.455224
185 1.420296 253.875654
186 1.42044 255.296224
187 1.395753 256.692107
188 1.414415 258.10665
189 1.42467 259.531454
190 1.254125 260.785708
191 1.402606 262.188442
192 1.432761 263.621329
193 1.433865 265.055321
194 1.051367 266.106821
195 1.264718 267.371683
196 1.475839 268.847653
197 1.481797 270.32958
198 1.668534 271.998237
199 1.507024 273.505389
200 1.677338 275.182852
201 1.700515 276.883512
202 1.498599 278.38224
203 1.074564 279.456936
204 1.436817 280.893887
205 1.485058 282.379076
206 1.269046 283.648254
207 1.059551 284.707936
208 1.440952 286.149015
209 1.487402 287.636547
210 1.487636 289.124319
211 1.476292 290.600735
212 1.677282 292.278149
213 1.511823 293.790101
214 1.094862 294.885093
215 1.6255 296.510722
216 1.666827 298.177678
217 1.693184 299.870993
218 1.692731 301.563861
219 1.504868 303.06886
220 1.296142 304.365131
221 1.464758 305.830021
222 1.30148 307.131635
223 1.045211 308.176974
224 1.262209 309.439313
225 1.46278 310.902224
226 1.469117 312.371481
227 1.475175 313.846794
228 1.456002 315.302932
229 1.095572 316.398639
230 1.629163 318.027922
231 1.504381 319.532438
232 1.483536 321.016108
233 1.66252 322.67876
234 1.489367 324.168257
235 1.485805 325.654198
236 1.496348 327.150677
237 1.491134 328.64194
238 1.659249 330.301319
239 1.291541 331.592988
240 1.249173 332.84228
241 1.635284 334.477698
242 1.491263 335.969093
243 1.262462 337.231687
244 1.634508 338.866317
245 1.506901 340.373355
246 1.47561 341.849093
247 1.09589 342.945112
248 1.450628 344.395872
249 1.681763 346.077761
250 1.512011 347.589905
251 1.065869 348.6559
252 1.444264 350.100293
253 1.495157 351.595582
254 1.493916 353.089632
255 1.65905 354.748809
256 1.497935 356.246873
257 1.494562 357.741576
258 1.676239 359.417949
259 1.289948 360.708014
260 1.462983 362.171127
261 1.667481 363.838741
262 1.674673 365.513547
263 1.507761 367.021434
264 1.659821 368.681377
265 1.513479 370.194986
266 1.271588 371.466704
267 1.46703 372.933866
268 1.676926 374.610922
269 1.076842 375.687895
270 1.448935 377.136961
271 1.256468 378.393562
272 1.480409 379.874099
273 1.234943 381.109174
274 1.066511 382.175822
275 1.634275 383.810231
276 1.497199 385.307558
277 1.272661 386.58035
278 1.439262 388.019739
279 1.476471 389.496335
280 1.473682 390.970148
281 1.481997 392.452277
282 1.491489 393.943898
283 1.299167 395.243198
284 1.654324 396.897651
285 1.665549 398.563327
286 1.116417 399.679875
287 1.42596 401.10597
288 1.679843 402.785939
289 1.265217 404.051283
290 1.67266 405.724076
291 1.507901 407.232103
292 1.066024 408.298257
293 1.445547 409.743934
294 1.483298 411.227364
295 1.271061 412.498561
296 1.641128 414.139814
297 1.505341 415.645287
298 1.061035 416.706451
299 1.032149 417.738736
300 1.246325 418.985183
301 1.649256 420.634564
302 1.318838 421.953533
303 1.052461 423.006131
304 1.225162 424.23143
305 1.643729 425.875289
306 1.488018 427.363435
307 1.483957 428.847522
308 1.478915 430.326573
309 1.485764 431.812463
310 1.486838 433.299427
311 1.064065 434.363623
312 1.428947 435.792704
313 1.475322 437.268154
314 1.66686 438.935145
315 1.314263 440.249538
316 1.46445 441.714109
317 1.67624 443.390478
318 1.49447 444.885076
319 1.480049 446.365258
320 1.480848 447.846238
321 1.077174 448.923537
322 1.647883 450.571541
323 1.695291 452.266964
324 1.506483 453.773581
325 1.48965 455.263364
326 1.2304 456.493896
327 1.650608 458.144624
328 1.10338 459.24813
329 1.615517 460.863776
330 1.501172 462.36507
331 1.490917 463.856119
332 1.654131 465.51038
333 1.48591 466.996422
334 1.672319 468.668861
335 1.495926 470.164917
336 1.483253 471.6483
337 1.096897 472.745329
338 1.627258 474.372718
339 1.50149 475.874318
340 1.231666 477.106119
341 1.456811 478.56306
342 1.485504 480.048691
343 1.260861 481.309677
344 1.641526 482.951357
345 1.507823 484.459311
346 1.307888 485.767328
347 1.463762 487.231219
348 1.459278 488.690626
349 1.698415 490.38917
350 1.552891 491.942187
351 1.523922 493.466238
352 1.296394 494.76276
353 1.706217 496.469099
354 1.544719 498.013949
355 1.120379 499.134457
356 1.501311 500.635898
357 1.712797 502.348807
358 1.733365 504.082296
359 1.546256 505.628683
360 1.728487 507.357297
361 1.742478 509.099884
362 1.752536 510.852548
363 1.290272 512.142946
364 1.506194 513.649255
365 1.526621 515.176004
366 1.310461 516.486591
367 1.511736 517.998456
368 1.25561 519.254177
369 1.310019 520.564324
370 1.505099 522.069551
371 1.702607 523.772284
372 1.753674 525.526086
373 1.515174 527.041385
374 1.722591 528.7641
375 1.552878 530.317091
376 1.089658 531.406874
377 1.068609 532.475622
378 1.480209 533.955956
379 1.521768 535.477853
380 1.501341 536.979304
381 1.524948 538.504376
382 1.71767 540.222157
383 1.549542 541.771821
384 1.533183 543.305131
385 1.529609 544.834868
386 1.131884 545.966886
387 1.482854 547.44988
388 1.479096 548.929102
389 1.331999 550.261227
390 1.099272 551.360626
391 1.483881 552.844633
392 1.705593 554.550352
393 1.552458 556.102936
394 1.735568 557.83863
395 1.73435 559.573104
396 1.747034 561.320253
397 1.543495 562.863868
398 1.534714 564.398707
399 1.539132 565.937959
400 1.104079 567.042161
401 1.289476 568.331753
402 1.520785 569.852648
403 1.281636 571.134404
404 1.513345 572.647864
405 1.522511 574.170501
406 1.51651 575.687137
407 1.273774 576.961034
408 1.509538 578.470703
409 1.530778 580.001607
410 1.550924 581.552639
411 1.725085 583.27785
412 1.537834 584.815808
413 1.32294 586.138868
414 1.25079 587.389797
415 1.283653 588.673577
416 1.518959 590.19266
417 1.504007 591.696783
418 1.512596 593.209509
419 1.699729 594.909357
420 1.716417 596.625906
421 1.531861 598.1579
422 1.491804 599.649833
423 1.495845 601.145805
424 1.497367 602.64329
425 1.696934 604.34034
426 1.51508 605.85554
427 1.696529 607.552203
428 1.332104 608.884373
429 1.653619 610.538094
430 1.515893 612.054116
431 1.110647 613.164865
432 1.040574 614.205561
433 1.463222 615.668909
434 1.284482 616.953532
435 1.448506 618.402108
436 1.495326 619.897564
437 1.69642 621.594107
438 1.268274 622.862497
439 1.48615 624.348758
440 1.499394 625.848219
441 1.505734 627.354081
442 1.501788 628.856
443 1.681317 630.537445
444 1.306525 631.844095
445 1.483448 633.327648
446 1.505901 634.833675
447 1.712566 636.54636
448 1.338794 637.885266
449 1.480996 639.366329
450 1.06587 640.43232
451 1.274793 641.707233
452 1.470281 643.177643
453 1.481789 644.65956
454 1.246772 645.906456
455 1.290022 647.196602
456 1.052911 648.249641
457 1.2648 649.51457
458 1.487682 651.002383
459 1.493971 652.496482
460 1.516478 654.013088
461 1.243175 655.256393
462 1.472079 656.728607
463 1.101543 657.830275
464 1.461872 659.292262
465 1.238538 660.530928
466 1.288673 661.819701
467 1.064847 662.884667
468 1.449568 664.334355
469 1.489732 665.824217
470 1.50438 667.328724
471 1.491737 668.820578
472 1.502956 670.323656
473 1.499797 671.82357
474 1.285396 673.109088
475 1.44136 674.550574
476 1.486664 676.037365
477 1.102116 677.139617
478 1.650056 678.789785
479 1.104432 679.894335
480 1.061393 680.955851
481 1.211463 682.167445
482 1.481132 683.648709
483 1.310323 684.95916
484 1.665388 686.624677
485 1.513155 688.137958
486 1.281589 689.419677
487 1.482719 690.902516
488 1.500373 692.403022
489 1.489594 693.892743
490 1.24406 695.136932
491 1.472813 696.609871
492 1.497627 698.107628
493 1.673669 699.781426
494 1.330293 701.111838
495 1.062802 702.174772
496 1.264247 703.439159
497 1.257954 704.697228
498 1.48264 706.17999
499 1.278729 707.45885
500 1.662925 709.121909
501 1.71146 710.833488
502 1.088395 711.922017
503 1.628222 713.55033
504 1.507278 715.057737
505 1.311266 716.369125
506 1.301745 717.671006
507 1.678634 719.349771
508 1.706557 721.056449
509 1.532627 722.5892
510 1.499087 724.088413
511 1.51522 725.603748
512 1.280754 726.884629
513 1.675201 728.559944
514 1.299818 729.859891
515 1.26075 731.120769
516 1.493627 732.614518
517 1.293383 733.908042
518 1.075747 734.98391
519 1.246658 736.230646
520 1.05673 737.287499
521 1.454575 738.742198
522 1.067443 739.809762
523 1.447591 741.257466
524 1.501897 742.75949
525 1.283328 744.042949
526 1.661395 745.704472
527 1.692738 747.397335
528 1.532244 748.929717
529 1.509614 750.439456
530 1.494363 751.933947
531 1.087413 753.021487
532 1.450445 754.472054
533 1.50175 755.973925
534 1.486716 757.460771
535 1.494185 758.955081
536 1.313754 760.268902
537 1.479406 761.748418
538 1.510438 763.258983
539 1.251932 764.511041
540 1.470071 765.98121
541 1.509268 767.490608
542 1.107571 768.598298
543 1.658463 770.256878
544 1.718117 771.975119
545 1.517793 773.493032
546 1.70011 775.19327
547 1.522428 776.715825
548 1.697755 778.413708
549 1.526183 779.940008
550 1.697593 781.637722
551 1.535202 783.173055
552 1.679604 784.852764
553 1.727598 786.580491
554 1.532235 788.112849
555 1.499185 789.612149
556 1.236989 790.849262
557 1.444785 792.294168
558 1.455152 793.749443
559 1.643069 795.392645
560 1.265047 796.657819
561 1.431738 798.089685
562 1.044105 799.133911
563 1.411894 800.54593
564 1.073658 801.619714
565 1.421673 803.041506
566 1.246615 804.288249
567 1.430898 805.719268
568 1.620648 807.340046
569 1.686338 809.026512
570 1.461703 810.488342
571 1.445662 811.934127
572 1.455743 813.389997
573 1.423218 814.81334
574 1.451874 816.265339
575 1.451209 817.716682
576 1.452148 819.168955
577 1.65171 820.820795
578 1.44192 822.262846
579 1.449307 823.712298
580 1.273409 824.985832
581 1.037021 826.022973
582 1.620289 827.643383
583 1.26093 828.904448
584 1.649764 830.554339
585 1.47888 832.033346
586 1.641481 833.674954
587 1.476639 835.151725
588 1.445977 836.59783
589 1.452392 838.05035
590 1.247157 839.297634
591 1.223988 840.521752
592 1.443322 841.965197
593 1.044137 843.009461
594 1.412374 844.421959
595 1.241508 845.663594
596 1.240583 846.904304
597 1.622796 848.527222
598 1.493012 850.020363
599 1.445914 851.466405
600 1.247283 852.713833
601 1.625744 854.339702
602 1.695108 856.034938
603 1.233012 857.268082
604 1.253723 858.521934
605 1.228421 859.750479
606 1.199175 860.94978
607 1.642023 862.591931
608 1.06353 863.655594
609 1.432337 865.088057
610 1.634082 866.72226
611 1.468789 868.191177
612 1.057913 869.249219
613 1.412472 870.661815
614 1.245065 871.907008
615 1.037577 872.944711
616 1.630673 874.575515
617 1.459774 876.035422
618 1.458309 877.493858
619 1.045948 878.539931
620 1.017581 879.557643
621 1.627215 881.184988
622 1.230317 882.415425
623 1.430765 883.846313
624 1.44841 885.294854
625 1.451787 886.74678
626 1.458605 888.205521
627 1.656695 889.862344
628 1.671856 891.534339
629 1.298023 892.832492
630 1.038655 893.87127
631 1.611025 895.482418
632 1.654222 897.136766
633 1.055668 898.192561
634 1.414624 899.607301
635 1.62997 901.237395
636 1.093799 902.331328
637 1.422877 903.754329
638 1.044273 904.79873
639 1.41515 906.214
640 1.463503 907.677629
641 1.059718 908.737485
642 1.203346 909.940962
643 1.431167 911.372239
644 1.451115 912.823483
645 1.254767 914.078376
646 1.201345 915.279833
647 1.436644 916.716607
648 1.243349 917.960081
649 1.264088 919.224292
650 1.405838 920.63026
651 1.67273 922.303116
652 1.263254 923.566498
653 1.054726 924.621356
654 1.211794 925.833274
655 1.657105 927.490508
656 1.477104 928.967733
657 1.448879 930.41674
658 1.048148 931.465014
659 1.211059 932.676202
660 1.645514 934.321842
661 1.675955 935.997921
662 1.674888 937.672932
663 1.29751 938.970576
664 1.232889 940.203593
665 1.202349 941.406063
666 1.059793 942.465975
667 1.414963 943.881063
668 1.642619 945.523816
669 1.478013 947.001956
670 1.217653 948.219736
671 1.428731 949.648589
672 1.454525 951.103246
673 1.452761 952.556136
674 1.453923 954.01019
675 1.453671 955.463992
676 1.057715 956.521837
677 1.413967 957.935924
678 1.242555 959.178605
679 1.437209 960.615942
680 1.250023 961.86609
681 1.03168 962.897904
682 1.414849 964.312871
683 1.280894 965.59389
684 1.19943 966.79345
685 1.431669 968.225237
686 1.275824 969.501189
687 1.453558 970.954872
688 1.461267 972.41628
689 1.048429 973.464855
690 1.611378 975.076352
691 1.467783 976.544269
692 1.451862 977.996257
693 1.450207 979.446596
694 1.64601 981.092736
695 1.669611 982.762476
696 1.469831 984.232439
697 1.452889 985.685458
698 1.456902 987.142485
699 1.452532 988.595146
700 1.455383 990.05066
701 1.280171 991.330962
702 1.640207 992.971297
703 1.654721 994.626145
704 1.300386 995.926661
705 1.43601 997.3628
706 1.457727 998.820667
707 1.467794 1000.288584
708 1.65726 1001.945966
709 1.494147 1003.440241
710 1.464464 1004.904841
711 1.44996 1006.354928
712 1.052546 1007.407608
713 1.018232 1008.425963
714 1.620062 1010.046144
715 1.465718 1011.511992
716 1.447101 1012.959224
717 1.217958 1014.177313
718 1.430981 1015.608426
719 1.637309 1017.245863
720 1.474329 1018.720319
721 1.452494 1020.172944
722 1.652387 1021.825464
723 1.468778 1023.294365
724 1.45043 1024.744923
725 1.27572 1026.020775
726 1.453431 1027.474337
727 1.282239 1028.756706
728 1.63881 1030.395645
729 1.47778 1031.873552
730 1.648234 1033.521917
731 1.659812 1035.181855
732 1.4746 1036.656591
733 1.060921 1037.717638
734 1.034864 1038.752621
735 1.422058 1040.174804
736 1.444193 1041.619136
737 1.661907 1043.281173
738 1.679729 1044.961037
739 1.655141 1046.616308
740 1.671637 1048.288069
741 1.700645 1049.988843
742 1.463413 1051.452381
743 1.212501 1052.665011
744 1.63319 1054.298326
745 1.466961 1055.76541
746 1.450248 1057.215792
747 1.454839 1058.670758
748 1.464793 1060.135679
749 1.281085 1061.416894
750 1.637379 1063.054404
751 1.484311 1064.538838
752 1.47351 1066.012485
753 1.658377 1067.670988
754 1.484 1069.15512
755 1.058348 1070.213596
756 1.205245 1071.418971
757 1.25875 1072.677842
758 1.45155 1074.129525
759 1.466627 1075.596282
760 1.211336 1076.807745
761 1.644435 1078.452308
762 1.440047 1079.892488
763 1.675228 1081.567845
764 1.659494 1083.22747
765 1.476411 1084.704007
766 1.642069 1086.346206
767 1.676406 1088.022744
768 1.475601 1089.498467
769 1.454193 1090.952793
770 1.454131 1092.407053
771 1.457785 1093.864972
772 1.286425 1095.151525
773 1.630537 1096.782202
774 1.486949 1098.269285
775 1.482094 1099.751514
776 1.458673 1101.210296
777 1.652114 1102.862543
778 1.480778 1104.34345
779 1.221173 1105.564757
780 1.257829 1106.822708
781 1.449711 1108.272545
782 1.253016 1109.525694
783 1.235181 1110.761002
784 1.613678 1112.374807
785 1.475207 1113.850164
786 1.450846 1115.301139
787 1.459356 1116.760625
788 1.655469 1118.416221
789 1.700934 1120.117286
790 1.493105 1121.610517
791 1.467006 1123.077649
792 1.451689 1124.529471
793 1.650388 1126.179987
794 1.682892 1127.863008
795 1.48169 1129.344826
796 1.04459 1130.389551
797 1.409809 1131.79948
798 1.452927 1133.252536
799 1.684677 1134.937336
800 1.534714 1136.472184
801 1.328995 1137.801308
802 1.492426 1139.293868
803 1.332243 1140.626241
804 1.667831 1142.294199
805 1.683379 1143.977707
806 1.736168 1145.714004
807 1.536367 1147.250504
808 1.515313 1148.765946
809 1.516244 1150.28232
810 1.511393 1151.793839
811 1.671375 1153.465346
812 1.303493 1154.76897
813 1.498838 1156.267938
814 1.08616 1157.354229
815 1.065739 1158.420105
816 1.457763 1159.877991
817 1.296572 1161.174687
818 1.468126 1162.642944
819 1.289473 1163.93255
820 1.689505 1165.622187
821 1.111455 1166.733763
822 1.458018 1168.191914
823 1.517686 1169.709725
824 1.537901 1171.247764
825 1.311986 1172.559879
826 1.467217 1174.027225
827 1.519259 1175.54661
828 1.72144 1177.268184
829 1.273844 1178.542163
830 1.486847 1180.029133
831 1.494395 1181.52366
832 1.468646 1182.992428
833 1.635298 1184.627852
834 1.679695 1186.307675
835 1.66346 1187.971273
836 1.480664 1189.452068
837 1.048802 1190.500996
838 1.413408 1191.914524
839 1.274275 1193.188931
840 1.623873 1194.812929
841 1.078968 1195.892024
842 1.414913 1197.307056
843 1.448452 1198.755638
844 1.45227 1200.208038
845 1.637688 1201.845855
846 1.479795 1203.325779
847 1.666782 1204.992687
848 1.649699 1206.642511
849 1.261392 1207.904031
850 1.441387 1209.345544
851 1.462225 1210.8079
852 1.462476 1212.270505
853 1.464737 1213.73537
854 1.469152 1215.204651
855 1.466361 1216.671162
856 1.252633 1217.923923
857 1.45992 1219.383963
858 1.647652 1221.031738
859 1.49088 1222.522744
860 1.246213 1223.769077
861 1.658233 1225.427438
862 1.475184 1226.902751
863 1.459712 1228.362592
864 1.431107 1229.793826
865 1.672685 1231.466638
866 1.495335 1232.962101
867 1.476355 1234.438585
868 1.049684 1235.488398
869 1.615413 1237.103935
870 1.290317 1238.394381
871 1.453213 1239.847719
872 1.474733 1241.322582
873 1.470594 1242.7933
874 1.472024 1244.26545
875 1.645832 1245.911411
876 1.495268 1247.406812
877 1.480777 1248.887736
878 1.465247 1250.353106
879 1.467734 1251.820968
880 1.213865 1253.034953
881 1.457978 1254.49307
882 1.469257 1255.962453
883 1.477472 1257.440055
884 1.060674 1258.500859
885 1.201984 1259.702969
886 1.634955 1261.338046
887 1.294928 1262.633104
888 1.235319 1263.868553
889 1.204081 1265.072765
890 1.445439 1266.518336
891 1.47166 1267.990117
892 1.061329 1269.051569
893 1.423483 1270.475179
894 1.476371 1271.951681
895 1.686742 1273.638552
896 1.26717 1274.905852
897 1.445103 1276.351084
898 1.467334 1277.818549
899 1.467177 1279.285847
900 1.469282 1280.755247
901 1.471979 1282.22735
902 1.486329 1283.713807
903 1.6446 1285.358538
904 1.305498 1286.664164
905 1.443446 1288.10774
906 1.432335 1289.540203
907 1.459653 1290.99999
908 1.658393 1292.658509
909 1.066767 1293.725405
910 1.424516 1295.150039
911 1.465988 1296.616161
912 1.657775 1298.274062
913 1.484012 1299.758203
914 1.253447 1301.011786
915 1.200701 1302.212613
916 1.447942 1303.660683
917 1.464087 1305.124899
918 1.46387 1306.588897
919 1.655472 1308.24449
920 1.472468 1309.717089
921 1.082528 1310.799747
922 1.441375 1312.241245
923 1.646651 1313.888024
924 1.508689 1315.396834
925 1.644726 1317.041694
926 1.682604 1318.724433
927 1.486839 1320.211392
928 1.469582 1321.681103
929 1.2567 1322.93793
930 1.203686 1324.141743
931 1.454913 1325.596779
932 1.246846 1326.843753
933 1.44957 1328.293446
934 1.471764 1329.765341
935 1.48477 1331.250244
936 1.460474 1332.710847
937 1.666353 1334.37734
938 1.490405 1335.867872
939 1.218975 1337.086981
940 1.441224 1338.528326
941 1.679055 1340.207507
942 1.266023 1341.473666
943 1.254051 1342.727854
944 1.027037 1343.755028
945 1.606975 1345.362125
946 1.471512 1346.833766
947 1.457051 1348.29095
948 1.461505 1349.752582
949 1.685632 1351.438342
950 1.449401 1352.887871
951 1.075172 1353.963164
952 1.615689 1355.578981
953 1.486665 1357.065776
954 1.060002 1358.125906
955 1.428046 1359.554072
956 1.462816 1361.01702
957 1.458679 1362.475827
958 1.472726 1363.948682
959 1.477738 1365.426549
960 1.252617 1366.679296
961 1.452637 1368.132062
962 1.459435 1369.591625
963 1.460228 1371.051975
964 1.662432 1372.71454
965 1.50482 1374.219491
966 1.479565 1375.699175
967 1.646001 1377.345307
968 1.254346 1378.599785
969 1.437159 1380.03707
970 1.465569 1381.502769
971 1.466189 1382.969093
972 1.248579 1384.217802
973 1.449088 1385.667015
974 1.470477 1387.137624
975 1.644386 1388.782138
976 1.30361 1390.085876
977 1.455214 1391.541216
978 1.43657 1392.977913
979 1.45927 1394.437311
980 1.466558 1395.903997
981 1.247055 1397.151181
982 1.231561 1398.382868
983 1.201345 1399.584342
984 1.658512 1401.242977
985 1.477773 1402.720893
986 1.221733 1403.942746
987 1.441306 1405.384168
988 1.651378 1407.035664
989 1.096971 1408.132772
990 1.013871 1409.146763
991 1.426585 1410.573472
992 1.46791 1412.041516
993 1.655662 1413.697314
994 1.482861 1415.180307
995 1.471552 1416.651987
996 1.061307 1417.713423
997 1.615883 1419.32943
998 1.498379 1420.827942
999 1.461846 1422.289914
1000 1.463121 1423.753158
1001 1.051966 1424.805252
1002 1.01053 1425.815909
1003 1.037671 1426.853702
1004 1.012781 1427.866606
1005 1.61016 1429.476891
1006 1.688073 1431.1651
1007 1.675988 1432.841215
1008 1.233089 1434.074434
1009 1.438535 1435.513097
1010 1.465616 1436.978846
1011 1.674026 1438.653012
1012 1.67425 1440.327391
1013 1.50671 1441.834223
1014 1.458653 1443.29301
1015 1.050027 1444.343164
1016 1.425931 1445.769219
1017 1.653541 1447.422892
1018 1.494773 1448.917801
1019 1.645284 1450.563206
1020 1.490439 1452.053793
1021 1.462374 1453.516297
1022 1.465646 1454.982074
1023 1.479941 1456.462141
1024 1.284384 1457.746655
1025 1.203542 1458.950321
1026 1.443019 1460.393469
1027 1.468177 1461.861773
1028 1.654896 1463.516798
1029 1.267777 1464.784705
1030 1.457393 1466.242219
1031 1.655571 1467.89792
1032 1.654846 1469.552891
1033 1.293648 1470.846668
1034 1.25922 1472.106017
1035 1.467539 1473.573683
1036 1.475378 1475.049188
1037 1.222483 1476.271797
1038 1.653702 1477.925631
1039 1.477085 1479.402839
1040 1.249801 1480.652783
1041 1.221766 1481.874678
1042 1.624017 1483.498828
1043 1.500629 1484.999593
1044 1.061139 1486.06086
1045 1.038281 1487.099266
1046 1.437288 1488.536679
1047 1.647538 1490.184351
1048 1.659998 1491.844477
1049 1.493862 1493.338467
1050 1.061623 1494.400221
1051 1.040158 1495.440484
1052 1.210834 1496.651446
1053 1.446161 1498.097736
1054 1.466618 1499.564482
1055 1.470329 1501.034944
1056 1.466606 1502.501685
1057 1.278124 1503.779937
1058 1.030774 1504.810844
1059 1.429172 1506.240148
1060 1.649981 1507.890268
1061 1.298568 1509.188962
1062 1.449302 1510.638387
1063 1.475184 1512.113698
1064 1.469749 1513.58358
1065 1.480509 1515.064211
1066 1.460753 1516.525093
1067 1.050418 1517.575642
1068 1.433311 1519.009081
1069 1.466056 1520.475269
1070 1.468722 1521.94412
1071 1.646196 1523.590453
1072 1.273876 1524.864453
1073 1.639957 1526.504539
1074 1.488779 1527.993453
1075 1.481287 1529.474866
1076 1.46636 1530.941364
1077 1.459399 1532.400893
1078 1.449324 1533.850354
1079 1.66946 1535.519943
1080 1.255651 1536.775717
1081 1.437506 1538.213359
1082 1.276882 1539.490367
1083 1.617327 1541.107815
1084 1.26823 1542.376175
1085 1.466657 1543.842962
1086 1.478526 1545.321616
1087 1.481391 1546.803129
1088 1.665351 1548.468615
1089 1.493908 1549.962652
1090 1.65053 1551.613309
1091 1.505947 1553.119389
1092 1.266084 1554.385596
1093 1.45293 1555.838647
1094 1.460205 1557.29898
1095 1.473282 1558.772395
1096 1.250669 1560.023193
1097 1.459919 1561.483234
1098 1.234519 1562.71788
1099 1.440833 1564.158836
1100 1.662557 1565.821532
1101 1.485598 1567.307252
1102 1.248409 1568.555796
1103 1.443134 1569.999058
1104 1.478059 1571.477244
1105 1.281438 1572.758818
1106 1.453962 1574.212921
1107 1.474253 1575.687303
1108 1.649447 1577.33687
1109 1.495918 1578.83292
1110 1.048957 1579.882005
1111 1.240539 1581.122668
1112 1.241608 1582.364397
1113 1.442811 1583.807345
1114 1.242494 1585.049966
1115 1.038888 1586.088983
1116 1.418245 1587.507348
1117 1.461413 1588.968892
1118 1.464064 1590.433092
1119 1.471327 1591.904549
1120 1.463521 1593.368201
1121 1.471012 1594.839342
1122 1.426704 1596.266185
1123 1.251663 1597.51798
1124 1.199729 1598.717832
1125 1.44154 1600.159493
1126 1.463519 1601.623145
1127 1.249123 1602.87239
1128 1.241428 1604.113945
1129 1.43891 1605.552981
1130 1.075817 1606.628932
1131 1.012605 1607.641658
1132 1.036404 1608.678183
1133 1.42605 1610.104357
1134 1.254732 1611.359218
1135 1.447429 1612.806776
1136 1.476497 1614.283412
1137 1.471192 1615.754725
1138 1.28894 1617.043795
1139 1.464466 1618.508392
1140 1.470855 1619.97938
1141 1.214138 1621.193644
1142 1.441565 1622.635331
1143 1.078941 1623.714402
1144 1.22303 1624.937556
1145 1.054549 1625.992232
1146 1.171239 1627.163592
1147 1.444639 1628.608357
1148 1.248045 1629.856535
1149 1.462081 1631.318745
1150 1.046816 1632.365681
1151 1.036978 1633.402785
1152 1.437306 1634.840219
1153 1.047048 1635.887399
1154 1.612507 1637.500026
1155 1.440896 1638.941047
1156 1.284637 1640.225809
1157 1.409978 1641.635914
1158 1.431258 1643.067294
1159 1.464029 1644.531453
1160 1.2221 1645.753681
1161 1.059631 1646.813447
1162 1.448181 1648.261752
1163 1.459932 1649.721814
1164 1.261109 1650.983043
1165 1.445427 1652.428597
1166 1.425229 1653.853958
1167 1.289817 1655.143903
1168 1.408676 1656.552704
1169 1.260913 1657.813745
1170 1.403551 1659.217425
1171 1.28623 1660.503778
1172 1.409662 1661.913569
1173 1.48729 1663.400987
1174 1.469066 1664.870186
1175 1.659853 1666.530168
1176 1.258461 1667.788759
1177 1.451654 1669.240533
1178 1.465161 1670.705847
1179 1.422202 1672.128177
1180 1.426679 1673.554979
1181 1.078787 1674.633896
1182 1.628342 1676.262355
1183 1.496025 1677.758513
1184 1.049422 1678.808063
1185 1.218829 1680.027013
1186 1.408667 1681.4358
1187 1.479959 1682.915882
1188 1.601482 1684.517494
1189 1.502302 1686.019921
1190 1.225753 1687.245794
1191 1.657203 1688.903125
1192 1.478611 1690.381871
1193 1.468474 1691.850475
1194 1.224054 1693.074658
1195 1.268736 1694.343524
1196 1.618556 1695.962209
1197 1.307457 1697.269795
1198 1.575847 1698.845768
1199 1.493126 1700.339025
1200 1.461161 1701.800315
1201 1.465396 1703.265833
1202 1.607039 1704.873001
1203 1.490756 1706.36389
1204 1.918578 1708.282601
1205 1.61362 1709.896343
1206 1.110484 1711.006951
1207 1.622352 1712.629425
1208 1.065782 1713.695337
1209 1.593423 1715.288879
1210 1.634276 1716.923277
1211 1.459623 1718.383024
1212 1.402269 1719.785422
1213 1.212798 1720.998344
1214 1.384108 1722.382575
1215 1.75488 1724.137578
1216 1.480766 1725.618477
1217 1.608019 1727.226622
1218 1.595988 1728.822734
1219 1.223633 1730.046488
1220 1.213242 1731.259861
1221 1.390676 1732.650665
1222 1.049715 1733.700511
1223 1.640976 1735.341611
1224 1.557448 1736.899194
1225 1.456155 1738.355479
1226 1.588222 1739.943828
1227 1.435996 1741.379954
1228 1.482733 1742.862825
1229 1.405698 1744.26866
1230 1.040285 1745.309071
1231 1.382033 1746.691228
1232 1.255467 1747.94682
1233 1.206686 1749.153645
1234 1.384172 1750.537942
1235 1.409482 1751.947554
1236 1.408789 1753.356474
1237 1.572963 1754.929573
1238 1.103546 1756.033238
1239 1.365904 1757.399262
1240 1.586562 1758.985951
1241 1.220449 1760.206527
1242 1.580977 1761.787631
1243 1.418522 1763.206275
1244 1.406083 1764.61249
1245 1.205047 1765.817669
1246 1.212884 1767.030674
1247 1.450804 1768.481601
1248 1.414374 1769.896104
1249 1.453223 1771.349454
1250 1.404044 1772.75362
1251 1.403231 1774.156984
1252 1.038708 1775.195823
1253 1.368784 1776.564734
1254 1.5782 1778.143069
1255 1.42447 1779.567669
1256 1.576062 1781.143862
1257 1.736314 1782.880309
1258 1.463014 1784.343457
1259 1.576582 1785.920171
1260 1.431205 1787.351496
1261 1.421226 1788.77285
1262 1.582292 1790.355278
1263 1.881207 1792.236615
1264 1.483789 1793.720532
1265 1.516563 1795.237222
1266 1.091917 1796.329269
1267 1.254419 1797.583807
1268 1.021232 1798.605159
1269 1.211874 1799.817159
1270 1.399575 1801.216861
1271 1.411159 1802.628143
1272 1.059769 1803.688034
1273 1.370596 1805.058752
1274 1.576116 1806.635009
1275 1.484724 1808.119863
1276 1.467058 1809.587043
1277 1.413197 1811.000362
1278 1.207818 1812.208307
1279 1.212859 1813.421297
1280 1.396143 1814.817567
1281 1.404802 1816.222492
1282 1.03278 1817.255395
1283 1.366855 1818.622375
1284 1.440209 1820.06271
1285 1.648821 1821.711654
1286 1.17625 1822.888034
1287 1.435461 1824.323606
1288 1.577551 1825.901282
1289 1.421168 1827.322578
1290 1.573821 1828.896521
1291 1.266502 1830.163146
1292 1.38392 1831.547196
1293 1.416002 1832.963327
1294 1.596536 1834.559992
1295 1.077371 1835.637492
1296 1.416361 1837.053978
1297 1.66652 1838.720627
1298 1.227792 1839.948544
1299 1.377535 1841.326199
1300 1.397927 1842.724247
1301 1.409914 1844.134284
1302 1.045574 1845.179979
1303 1.198435 1846.378542
1304 1.212149 1847.590827
1305 1.012323 1848.603283
1306 1.188685 1849.792092
1307 1.236386 1851.028597
1308 1.370885 1852.399606
1309 1.394352 1853.794086
1310 1.394128 1855.188341
1311 1.40549 1856.593954
1312 1.468164 1858.062241
1313 1.256659 1859.319016
1314 1.049717 1860.368854
1315 1.173207 1861.542184
1316 1.28941 1862.831717
1317 1.785745 1864.617571
1318 1.67022 1866.287915
1319 1.451764 1867.739803
1320 1.388824 1869.128752
1321 1.407655 1870.536529
1322 1.692481 1872.229131
1323 1.251248 1873.480502
1324 1.044747 1874.525375
1325 1.353825 1875.879318
1326 1.397021 1877.276472
1327 1.024505 1878.301104
1328 1.364846 1879.666072
1329 1.401995 1881.068196
1330 1.027359 1882.095689
1331 1.512299 1883.608113
1332 1.398648 1885.006887
1333 1.58947 1886.596494
1334 1.146648 1887.743263
1335 1.364807 1889.108185
1336 1.384662 1890.492976
1337 1.634303 1892.127421
1338 1.447856 1893.575403
1339 1.406638 1894.982171
1340 1.428129 1896.410424
1341 1.434583 1897.845128
1342 1.451701 1899.296957
1343 1.236761 1900.53385
1344 1.015171 1901.549144
1345 1.341815 1902.891083
1346 1.434001 1904.325206
1347 1.222956 1905.548286
1348 1.184481 1906.732892
1349 1.571426 1908.304439
1350 1.044501 1909.349063
1351 1.221746 1910.57093
1352 1.183231 1911.754295
1353 1.363068 1913.117495
1354 1.225781 1914.343397
1355 1.550824 1915.894345
1356 1.454589 1917.349057
1357 1.269072 1918.61826
1358 1.172299 1919.79068
1359 1.362652 1921.153455
1360 1.439373 1922.592956
1361 1.38459 1923.977679
1362 1.385474 1925.363286
1363 1.439461 1926.802876
1364 1.029475 1927.83248
1365 1.406171 1929.23877
