[runlim] version:		1.7
[runlim] time limit:		3600 seconds
[runlim] real time limit:	311040000 seconds
[runlim] space limit:		80000 MB
[runlim] argv[0]:		python3.6
[runlim] argv[1]:		./netsolver-gurobi-mod.py
[runlim] argv[2]:		../../../instances/fattree-bcube/Fattree_n12_k2_bw10_cpu16.pn
[runlim] argv[3]:		../../../instances/fattree-bcube/instance_list_9vm_rnd.txt
[runlim] argv[4]:		False
[runlim] argv[5]:		False
[runlim] argv[6]:		timelogs/results.Fattree_n12_k2_bw10_cpu16.pn.instance_list_9vm_rnd.txt.log
[runlim] start:			Mon Sep 23 07:03:23 2019
[runlim] main pid:		7317
Academic license - for non-commercial use only
[runlim] sample:		10.0 seconds, 84.7 MB
[runlim] sample:		20.0 seconds, 89.1 MB
[runlim] sample:		30.0 seconds, 99.4 MB
[runlim] sample:		40.0 seconds, 97.9 MB
[runlim] sample:		50.0 seconds, 95.6 MB
[runlim] sample:		60.0 seconds, 85.1 MB
[runlim] sample:		70.0 seconds, 95.2 MB
[runlim] sample:		80.0 seconds, 94.7 MB
[runlim] sample:		90.0 seconds, 100.5 MB
[runlim] sample:		100.0 seconds, 96.3 MB
[runlim] sample:		110.0 seconds, 95.4 MB
[runlim] sample:		120.0 seconds, 96.2 MB
[runlim] sample:		130.0 seconds, 96.2 MB
[runlim] sample:		140.0 seconds, 97.0 MB
[runlim] sample:		150.0 seconds, 99.4 MB
[runlim] sample:		160.0 seconds, 97.6 MB
[runlim] sample:		170.0 seconds, 96.9 MB
[runlim] sample:		180.0 seconds, 97.1 MB
[runlim] sample:		190.0 seconds, 96.7 MB
[runlim] sample:		200.0 seconds, 101.4 MB
[runlim] sample:		210.0 seconds, 101.7 MB
[runlim] sample:		220.0 seconds, 102.9 MB
[runlim] sample:		230.0 seconds, 101.9 MB
[runlim] sample:		240.0 seconds, 90.2 MB
[runlim] sample:		250.0 seconds, 102.0 MB
[runlim] sample:		260.0 seconds, 100.1 MB
[runlim] sample:		270.0 seconds, 98.8 MB
[runlim] sample:		280.0 seconds, 99.4 MB
[runlim] sample:		290.0 seconds, 106.2 MB
[runlim] sample:		300.0 seconds, 109.0 MB
[runlim] sample:		310.0 seconds, 109.9 MB
[runlim] sample:		320.0 seconds, 110.6 MB
[runlim] sample:		330.0 seconds, 110.6 MB
[runlim] sample:		340.0 seconds, 116.2 MB
[runlim] sample:		350.0 seconds, 90.3 MB
[runlim] sample:		360.0 seconds, 97.1 MB
[runlim] sample:		370.0 seconds, 100.5 MB
[runlim] sample:		380.0 seconds, 107.2 MB
[runlim] sample:		390.0 seconds, 99.5 MB
[runlim] sample:		400.0 seconds, 95.2 MB
[runlim] sample:		410.0 seconds, 103.3 MB
[runlim] sample:		420.0 seconds, 95.0 MB
[runlim] sample:		430.0 seconds, 106.8 MB
[runlim] sample:		440.0 seconds, 104.4 MB
[runlim] sample:		450.0 seconds, 100.6 MB
[runlim] sample:		460.0 seconds, 100.7 MB
[runlim] sample:		470.0 seconds, 96.6 MB
[runlim] sample:		480.0 seconds, 99.4 MB
[runlim] sample:		490.0 seconds, 101.9 MB
[runlim] sample:		500.0 seconds, 98.9 MB
[runlim] sample:		510.0 seconds, 98.8 MB
[runlim] sample:		520.0 seconds, 101.1 MB
[runlim] sample:		530.0 seconds, 99.1 MB
[runlim] sample:		540.0 seconds, 103.2 MB
[runlim] sample:		550.0 seconds, 107.7 MB
[runlim] sample:		560.0 seconds, 99.8 MB
[runlim] sample:		570.0 seconds, 102.0 MB
[runlim] sample:		580.0 seconds, 99.2 MB
[runlim] sample:		590.0 seconds, 99.0 MB
[runlim] sample:		600.0 seconds, 99.9 MB
[runlim] sample:		610.0 seconds, 93.1 MB
[runlim] sample:		620.0 seconds, 110.2 MB
[runlim] sample:		630.0 seconds, 97.1 MB
[runlim] sample:		640.0 seconds, 96.7 MB
[runlim] sample:		650.0 seconds, 108.8 MB
[runlim] sample:		660.0 seconds, 94.4 MB
[runlim] sample:		670.0 seconds, 103.0 MB
[runlim] sample:		680.0 seconds, 102.8 MB
[runlim] sample:		690.0 seconds, 98.6 MB
[runlim] sample:		700.0 seconds, 98.6 MB
[runlim] sample:		710.0 seconds, 102.4 MB
[runlim] sample:		720.0 seconds, 99.5 MB
[runlim] sample:		730.0 seconds, 98.1 MB
[runlim] sample:		740.0 seconds, 97.7 MB
[runlim] sample:		750.0 seconds, 102.8 MB
[runlim] sample:		760.0 seconds, 102.4 MB
[runlim] sample:		770.0 seconds, 103.2 MB
[runlim] sample:		780.0 seconds, 95.1 MB
[runlim] sample:		790.0 seconds, 103.6 MB
[runlim] sample:		800.0 seconds, 103.8 MB
[runlim] sample:		810.0 seconds, 97.8 MB
[runlim] sample:		820.0 seconds, 108.5 MB
[runlim] sample:		830.0 seconds, 99.5 MB
[runlim] sample:		840.0 seconds, 101.0 MB
[runlim] sample:		850.0 seconds, 99.0 MB
[runlim] sample:		860.0 seconds, 101.8 MB
[runlim] sample:		870.0 seconds, 100.0 MB
[runlim] sample:		880.0 seconds, 100.6 MB
[runlim] sample:		890.0 seconds, 103.0 MB
[runlim] sample:		900.0 seconds, 102.2 MB
[runlim] sample:		910.0 seconds, 98.4 MB
[runlim] sample:		920.0 seconds, 100.4 MB
[runlim] sample:		930.0 seconds, 98.5 MB
[runlim] sample:		940.0 seconds, 100.9 MB
[runlim] sample:		950.0 seconds, 100.8 MB
[runlim] sample:		960.0 seconds, 97.0 MB
[runlim] sample:		970.0 seconds, 96.9 MB
[runlim] sample:		980.0 seconds, 92.7 MB
[runlim] sample:		990.0 seconds, 102.9 MB
[runlim] sample:		1000.0 seconds, 103.2 MB
[runlim] sample:		1010.0 seconds, 98.6 MB
[runlim] sample:		1020.0 seconds, 107.6 MB
[runlim] sample:		1030.0 seconds, 98.5 MB
[runlim] sample:		1040.0 seconds, 103.3 MB
[runlim] sample:		1050.0 seconds, 100.0 MB
[runlim] sample:		1060.0 seconds, 95.6 MB
[runlim] sample:		1070.0 seconds, 103.5 MB
[runlim] sample:		1080.0 seconds, 102.2 MB
[runlim] sample:		1090.0 seconds, 98.5 MB
[runlim] sample:		1100.0 seconds, 100.8 MB
[runlim] sample:		1110.0 seconds, 102.9 MB
[runlim] sample:		1120.0 seconds, 105.2 MB
[runlim] sample:		1130.0 seconds, 99.8 MB
[runlim] sample:		1140.0 seconds, 103.7 MB
[runlim] sample:		1150.0 seconds, 103.5 MB
[runlim] sample:		1160.0 seconds, 98.6 MB
[runlim] sample:		1170.0 seconds, 103.5 MB
[runlim] sample:		1180.0 seconds, 103.0 MB
[runlim] sample:		1190.0 seconds, 101.6 MB
[runlim] sample:		1200.0 seconds, 98.7 MB
[runlim] sample:		1210.0 seconds, 103.1 MB
[runlim] sample:		1220.0 seconds, 97.7 MB
[runlim] sample:		1230.0 seconds, 105.3 MB
[runlim] sample:		1240.0 seconds, 100.2 MB
[runlim] sample:		1250.0 seconds, 100.2 MB
[runlim] sample:		1260.0 seconds, 88.8 MB
[runlim] sample:		1270.0 seconds, 103.8 MB
[runlim] sample:		1280.0 seconds, 88.0 MB
[runlim] sample:		1290.0 seconds, 91.5 MB
[runlim] sample:		1300.0 seconds, 99.8 MB
[runlim] sample:		1310.0 seconds, 102.0 MB
[runlim] sample:		1320.0 seconds, 102.0 MB
[runlim] sample:		1330.0 seconds, 102.0 MB
[runlim] sample:		1340.0 seconds, 104.4 MB
[runlim] sample:		1350.0 seconds, 103.4 MB
[runlim] sample:		1360.0 seconds, 85.6 MB
[runlim] sample:		1370.0 seconds, 100.2 MB
[runlim] sample:		1380.0 seconds, 94.1 MB
[runlim] sample:		1390.0 seconds, 88.5 MB
done 768 1.643122 1395.395349
1395.395349
768
Median time: 1.84746 s
[runlim] end:			Mon Sep 23 07:26:38 2019
[runlim] status:		ok
[runlim] result:		0
[runlim] children:		0
[runlim] real:			1395.82 seconds
[runlim] time:			1395.46 seconds
[runlim] space:			117.5 MB
[runlim] samples:		13955
