# instance ../../../instances/fattree-bcube/BCube_n16_k2_bw10_cpu16.pn
# Settings: PN=../../../instances/fattree-bcube/BCube_n16_k2_bw10_cpu16.pn, VN=../../../instances/fattree-bcube/instance_list_15vm_rnd.txt, multi-thread=False
init 0.204293 0.204293
1 44.903281 45.107574
2 40.606796 85.714504
3 40.78561 126.500252
4 40.924777 167.425168
5 36.627781 204.053079
6 42.403163 246.456382
7 46.519863 292.976387
8 43.786154 336.762681
9 39.13789 375.900713
10 36.658099 412.558954
11 43.613463 456.172556
12 46.725579 502.898275
13 43.869313 546.76772
14 43.852024 590.619886
15 43.451927 634.071939
16 43.121602 677.193673
17 42.907563 720.101373
18 38.591842 758.693354
19 36.577868 795.271361
20 43.436535 838.708033
21 44.256584 882.964754
22 38.721939 921.686834
23 48.526412 970.213382
24 41.2182 1011.431717
25 43.55826 1054.990108
26 50.933642 1105.923887
27 46.937768 1152.861789
28 52.795289 1205.657212
29 42.770348 1248.4277
30 42.895795 1291.323631
31 52.232606 1343.556367
32 44.171771 1387.728273
33 41.983469 1429.711881
34 42.694995 1472.407016
35 42.034982 1514.442131
36 50.716155 1565.158423
37 42.454291 1607.612855
38 41.351368 1648.964363
39 39.71369 1688.67819
40 46.044001 1734.722329
41 51.629934 1786.352388
42 47.885021 1834.237544
43 41.673101 1875.910781
44 43.931039 1919.841962
45 40.070499 1959.912598
46 41.120675 2001.033416
47 43.972258 2045.005809
48 42.894932 2087.900888
49 43.127745 2131.028773
50 40.009717 2171.038624
51 43.887916 2214.926676
52 39.361909 2254.288729
53 43.654563 2297.943436
54 52.337243 2350.280817
55 47.035434 2397.316388
56 41.727819 2439.044346
57 43.977056 2483.021539
58 50.454705 2533.47637
59 44.378434 2577.854945
60 46.482464 2624.337549
61 42.259305 2666.596994
62 46.281479 2712.878613
63 44.308644 2757.187397
64 46.695643 2803.883181
65 47.578943 2851.462287
66 40.071153 2891.533573
67 41.747761 2933.281469
68 46.686214 2979.967817
69 44.621413 3024.589366
70 41.308492 3065.898001
71 41.593215 3107.491359
72 50.725664 3158.217162
73 41.812847 3200.030147
74 46.912073 3246.942365
75 43.543631 3290.486138
76 41.661213 3332.147487
77 43.919911 3376.067536
78 52.250838 3428.318517
79 48.023877 3476.342524
80 51.06443 3527.407096
81 44.467764 3571.875001
