# instance ../../../instances/fattree-bcube/BCube_n10_k2_bw10_cpu16.pn
# Settings: PN=../../../instances/fattree-bcube/BCube_n10_k2_bw10_cpu16.pn, VN=../../../instances/fattree-bcube/instance_list_9vm_rnd.txt, multi-thread=False
init 0.047952 0.047952
1 4.165251 4.213203
2 3.451296 7.664626
3 4.38993 12.05468
4 2.904089 14.958891
5 4.382651 19.341664
6 2.922366 22.264149
7 3.387146 25.651404
8 4.520219 30.17174
9 4.194904 34.366768
10 3.568967 37.935861
11 4.648451 42.584439
12 2.881361 45.465929
13 4.457926 49.923972
14 5.306313 55.230387
15 3.575997 58.806516
16 5.27891 64.085557
17 4.586449 68.672136
18 4.240548 72.912812
19 4.759667 77.672614
20 4.700633 82.373373
21 4.581645 86.955149
22 4.633126 91.588401
23 4.540006 96.128536
24 5.334209 101.462874
25 3.769302 105.232307
26 4.744039 109.976482
27 4.4335 114.410111
28 4.825316 119.235562
29 4.593584 123.829276
30 4.530192 128.359604
31 3.87138 132.231112
32 2.825503 135.056742
33 3.333933 138.390789
34 3.40275 141.79367
35 3.360108 145.153914
36 4.10938 149.263418
37 3.488933 152.752484
38 4.507915 157.260528
39 4.541369 161.802025
40 4.579143 166.381299
41 4.2593 170.640728
42 4.156768 174.797623
43 3.106903 177.904651
44 4.534319 182.439104
45 4.236777 186.676011
46 3.786019 190.46216
47 4.505706 194.968014
48 3.497831 198.465978
49 5.255264 203.72137
50 4.956055 208.677551
51 3.679734 212.357407
52 4.714805 217.072338
53 3.147005 220.219472
54 4.77537 224.994964
55 3.168108 228.163197
56 4.695057 232.858384
57 4.488043 237.346551
58 4.820853 242.167532
59 3.250118 245.417779
60 4.338762 249.756667
61 4.88246 254.639257
62 3.241509 257.880891
63 3.505875 261.386894
64 3.189568 264.576595
65 4.725383 269.302103
66 4.41714 273.719379
67 4.840804 278.5603
68 4.864713 283.425141
69 3.67728 287.102551
70 4.761329 291.864005
71 4.854621 296.718747
72 4.836104 301.554971
73 4.882186 306.437288
74 4.861095 311.298515
75 4.465441 315.764079
76 4.473721 320.23793
77 3.623166 323.861229
78 4.391219 328.252575
79 3.633901 331.886602
80 4.824979 336.711703
81 4.908723 341.620556
82 4.830965 346.451644
83 3.673907 350.125675
84 5.586447 355.712245
85 4.963725 360.676103
86 4.912986 365.589221
87 3.303913 368.893264
88 3.538853 372.432241
89 4.364261 376.796634
90 4.898581 381.695344
91 4.837747 386.533218
92 3.69613 390.229477
93 4.748968 394.978577
94 4.851007 399.829713
95 3.744259 403.574102
96 3.971653 407.545886
97 4.427555 411.973566
98 3.274076 415.247769
99 4.320097 419.567995
100 4.810429 424.378554
101 3.312038 427.690717
102 3.499194 431.190045
103 4.821746 436.011926
104 4.444957 440.457009
105 3.258115 443.715249
106 4.75614 448.471517
107 3.216008 451.687652
108 4.765776 456.453562
109 4.865139 461.318831
110 4.897712 466.216666
111 4.954164 471.170957
112 4.857635 476.02872
113 5.612497 481.641339
114 3.418878 485.060343
115 4.347606 489.40808
116 5.632265 495.04047
117 3.711424 498.752023
118 4.041436 502.79359
119 4.786011 507.57973
120 3.299883 510.87974
121 4.378737 515.258602
122 4.438803 519.697532
123 3.614086 523.311747
124 4.720304 528.032182
125 4.159606 532.191916
126 3.59174 535.783782
127 4.39762 540.181533
128 4.464987 544.646656
129 4.471064 549.117845
130 3.647734 552.765706
131 3.604919 556.370751
132 4.74157 561.112448
133 5.703122 566.815699
134 4.199908 571.015739
135 4.815181 575.831044
136 5.702011 581.533174
137 4.892621 586.425917
138 5.779432 592.205471
139 3.699478 595.90507
140 4.821507 600.726705
141 4.873465 605.60029
142 4.887032 610.487449
143 4.944499 615.432072
144 4.546848 619.979046
145 4.034035 624.013208
146 3.66587 627.6792
147 3.580603 631.259931
148 4.74637 636.00641
149 5.698304 641.704842
150 4.895305 646.600277
151 5.006569 651.606969
152 4.873988 656.481081
153 3.677817 660.159025
154 4.359664 664.518798
155 4.103717 668.622617
156 4.819352 673.442089
157 4.897432 678.339661
158 4.88295 683.222728
159 4.890934 688.113782
160 4.99602 693.109925
161 4.932849 698.042898
162 3.677092 701.720113
163 4.378136 706.098367
164 4.502247 710.600739
165 4.85113 715.451973
166 5.655515 721.107608
167 4.657265 725.764997
168 4.542453 730.307574
169 4.842571 735.150272
170 4.53339 739.683788
171 4.516684 744.200595
172 4.452315 748.65304
173 5.651123 754.304275
174 4.927238 759.231638
175 3.698854 762.930616
176 4.89026 767.820998
177 4.07137 771.892487
178 4.475686 776.368285
179 4.883896 781.252307
180 3.697727 784.950146
181 4.714939 789.665202
182 4.158558 793.823879
183 4.789467 798.613452
184 4.940811 803.554373
185 3.244672 806.79917
186 4.759516 811.558813
187 4.867113 816.426036
188 4.873974 821.300134
189 5.012922 826.313178
190 5.727789 832.041089
191 4.864651 836.905846
192 4.895816 841.801785
193 5.70839 847.510298
194 4.984904 852.495329
195 4.575051 857.070504
196 4.840923 861.911549
197 4.950231 866.8619
198 4.112837 870.974848
199 4.502733 875.477704
200 4.817369 880.295197
201 4.171493 884.4668
202 4.467179 888.934106
203 5.703341 894.637585
204 5.715213 900.352908
205 5.786576 906.139613
206 4.974966 911.114699
207 4.887526 916.002344
208 4.561069 920.563527
209 4.462597 925.026235
210 4.836749 929.863104
211 4.949711 934.812922
212 3.684754 938.497787
213 4.418866 942.916776
214 4.867197 947.784098
215 4.843295 952.627516
216 4.922434 957.550075
217 4.478243 962.02844
218 4.46699 966.495554
219 4.84925 971.344929
220 4.554896 975.899946
221 4.142073 980.042144
222 4.042704 984.08498
223 5.598181 989.683283
224 4.204016 993.88743
225 3.233473 997.121015
226 5.530812 1002.651931
227 4.966874 1007.61893
228 4.830974 1012.450023
229 3.703627 1016.153773
230 5.596386 1021.750285
231 4.201282 1025.9517
232 4.422067 1030.373892
233 4.130715 1034.504732
234 4.474701 1038.979558
235 3.222166 1042.201855
236 4.405055 1046.607037
237 3.198546 1049.80571
238 4.405186 1054.211023
239 3.630671 1057.841801
240 5.615906 1063.457833
241 5.760557 1069.218512
242 5.050831 1074.269463
243 3.689036 1077.958619
244 4.778406 1082.737136
245 3.287479 1086.024738
246 4.000634 1090.025491
247 5.563553 1095.589167
248 4.665463 1100.254761
249 4.771032 1105.025917
250 4.160894 1109.18693
251 4.841428 1114.02849
252 4.880146 1118.908759
253 4.541583 1123.450466
254 4.866373 1128.316962
255 4.867515 1133.184609
256 3.658168 1136.842906
257 4.825486 1141.668516
258 4.828734 1146.497374
259 4.931995 1151.429495
260 4.888528 1156.318149
261 3.721715 1160.039976
262 4.389887 1164.429986
263 4.513291 1168.943405
264 4.087846 1173.031366
265 4.45649 1177.487964
266 4.900621 1182.388711
267 4.937222 1187.326063
268 4.893953 1192.220138
269 4.524874 1196.74513
270 4.860353 1201.605599
271 4.938972 1206.544684
272 5.702057 1212.246866
273 4.272101 1216.519088
274 4.792815 1221.312022
275 5.680918 1226.993065
276 4.211998 1231.205194
277 4.018331 1235.223651
278 4.808172 1240.031942
279 3.26276 1243.294827
280 4.750773 1248.045723
281 4.059773 1252.105611
282 4.805256 1256.910994
283 4.878055 1261.789158
284 4.867364 1266.656647
285 3.272003 1269.928769
286 4.749418 1274.678311
287 4.812754 1279.491199
288 4.180763 1283.672088
289 4.780545 1288.452763
290 4.56962 1293.02251
291 4.47791 1297.500546
292 4.869041 1302.369713
293 4.139721 1306.509565
294 3.228145 1309.737841
295 4.828206 1314.566174
296 3.650318 1318.216632
297 3.612966 1321.829725
298 4.043504 1325.873355
299 4.462004 1330.335493
300 4.076469 1334.412089
301 4.089623 1338.501845
302 4.829334 1343.33131
303 3.316275 1346.647708
304 4.711399 1351.359244
305 5.718246 1357.077618
306 4.598881 1361.676631
307 4.890806 1366.56756
308 4.458439 1371.026129
309 4.115248 1375.14152
310 4.821163 1379.962816
311 4.892651 1384.855601
312 4.8759 1389.731629
313 4.976988 1394.708741
314 4.500656 1399.209527
315 4.909131 1404.118784
316 4.895908 1409.014816
317 4.534913 1413.549857
318 4.907021 1418.457006
319 4.893137 1423.350272
320 4.967612 1428.318018
321 4.896658 1433.2148
322 4.943917 1438.158845
323 4.135214 1442.294194
324 4.837729 1447.132063
325 4.826387 1451.958578
326 4.869744 1456.828451
327 4.960296 1461.788878
328 4.592813 1466.381816
329 4.798965 1471.180909
330 4.887421 1476.068455
331 3.760868 1479.829459
332 4.852059 1484.681645
333 4.841258 1489.523031
334 4.570631 1494.093784
335 4.846719 1498.940634
336 4.902798 1503.843576
337 3.257766 1507.101473
338 4.440636 1511.542238
339 4.80646 1516.348826
340 3.33548 1519.68444
341 4.401562 1524.086128
342 4.843667 1528.929936
343 4.82528 1533.755345
344 4.926208 1538.68168
345 4.506287 1543.188097
346 4.878513 1548.066739
347 4.567713 1552.634584
348 4.843369 1557.478081
349 4.8978 1562.376023
350 4.173925 1566.55008
351 4.78785 1571.338072
352 5.709655 1577.047854
353 4.990639 1582.03862
354 3.681587 1585.720336
355 3.141592 1588.862057
356 5.54206 1594.404254
357 4.590371 1598.994755
358 3.653625 1602.6485
359 4.812657 1607.461286
360 4.839125 1612.300542
361 3.245778 1615.546447
362 3.973065 1619.519651
363 5.652576 1625.172348
364 3.315926 1628.488404
365 4.426707 1632.915239
366 5.626733 1638.542106
367 4.918058 1643.460306
368 4.937706 1648.398141
369 4.531191 1652.929479
370 5.734765 1658.664381
371 4.933171 1663.597681
372 4.871912 1668.469725
373 4.840881 1673.31074
374 4.603785 1677.914654
375 3.6434 1681.558184
376 4.030691 1685.589009
377 4.863909 1690.453053
378 4.173757 1694.626938
379 4.799731 1699.426801
380 4.570162 1703.997087
381 4.837957 1708.83517
382 4.877966 1713.713262
383 4.915099 1718.628487
384 4.513071 1723.141688
385 4.139779 1727.281617
386 4.780549 1732.062294
387 4.892066 1736.95449
388 3.759539 1740.714162
389 4.772391 1745.486688
390 4.848617 1750.335431
391 5.710541 1756.046098
392 3.738704 1759.784949
393 4.444277 1764.229352
394 4.87013 1769.099614
395 3.263689 1772.363432
396 4.819942 1777.183502
397 4.82764 1782.01127
398 4.882849 1786.894251
399 3.761484 1790.655862
400 4.818079 1795.474071
401 3.347903 1798.822117
402 3.530814 1802.35306
403 4.787166 1807.14036
404 4.086136 1811.226623
405 5.692439 1816.919187
406 4.877887 1821.797198
407 4.938779 1826.736112
408 3.248885 1829.98513
409 4.748665 1834.733921
410 4.902753 1839.636804
411 3.243445 1842.880378
412 4.754317 1847.63482
413 3.289139 1850.924093
414 5.510403 1856.434618
415 5.037539 1861.472284
416 4.870691 1866.34311
417 3.730717 1870.073961
418 5.570986 1875.645079
419 4.98851 1880.633717
420 3.706967 1884.340811
421 5.603715 1889.944659
422 4.973271 1894.918062
423 5.010684 1899.928872
424 5.720047 1905.649048
425 4.924699 1910.573882
426 4.517063 1915.091075
427 4.827359 1919.918562
428 4.126359 1924.045043
429 4.771712 1928.816887
430 5.001389 1933.818407
431 4.846795 1938.665327
432 4.564808 1943.23026
433 5.656989 1948.887375
434 4.213764 1953.101267
435 3.631661 1956.733054
436 5.522173 1962.255362
437 4.598927 1966.854423
438 3.668606 1970.523159
439 3.622287 1974.145568
440 4.412909 1978.558611
441 3.673691 1982.232429
442 4.413001 1986.645558
443 4.87736 1991.523052
444 4.954798 1996.477969
445 4.580946 2001.059042
446 4.546074 2005.605244
447 4.798988 2010.404363
448 5.730877 2016.135367
449 5.001364 2021.136865
450 4.860607 2025.997603
451 4.883695 2030.881427
452 5.810202 2036.691755
453 4.965022 2041.656911
454 4.904244 2046.561287
455 4.179515 2050.740933
456 4.786546 2055.527606
457 4.527057 2060.054794
458 4.879708 2064.934627
459 3.261569 2068.196329
460 3.16872 2071.365187
461 4.791385 2076.156702
462 4.901181 2081.058016
463 4.891231 2085.949373
464 4.133532 2090.08304
465 3.608802 2093.691965
466 3.589118 2097.281208
467 3.602361 2100.883702
468 4.800164 2105.68399
469 4.442304 2110.126423
470 4.878188 2115.004735
471 4.943918 2119.948782
472 3.332993 2123.281901
473 3.575196 2126.857228
474 5.640909 2132.498272
475 4.955993 2137.454399
476 4.194535 2141.649065
477 4.492206 2146.141403
478 4.859286 2151.000818
479 4.899736 2155.900683
480 4.884087 2160.784905
481 4.167663 2164.952694
482 3.191305 2168.144128
483 3.987064 2172.131321
484 4.061171 2176.192619
485 4.87206 2181.064816
486 4.478821 2185.543766
487 4.58057 2190.124468
488 5.689026 2195.813616
489 4.163289 2199.977037
490 4.465836 2204.443002
491 3.269468 2207.712599
492 4.777537 2212.490269
493 3.678044 2216.168442
494 4.872078 2221.04065
495 4.470315 2225.511093
496 4.562184 2230.073409
497 4.058903 2234.132439
498 3.671018 2237.803591
499 4.784006 2242.587724
500 3.266989 2245.854838
501 4.736899 2250.591877
502 5.685057 2256.277078
503 4.95683 2261.23404
504 4.125787 2265.359954
505 4.092085 2269.452168
506 3.569383 2273.021686
507 4.418101 2277.439909
508 3.276178 2280.716218
509 3.186254 2283.902602
510 4.723192 2288.625924
511 4.838082 2293.464135
512 4.88101 2298.345273
513 5.023584 2303.368992
514 4.881672 2308.250795
515 4.105472 2312.356401
516 4.855661 2317.212188
517 3.692009 2320.904334
518 4.363725 2325.268189
519 4.130577 2329.398895
520 4.835 2334.23403
521 5.009805 2339.243958
522 4.876418 2344.120501
523 4.556361 2348.676987
524 4.45775 2353.134868
525 4.092719 2357.227716
526 4.87248 2362.100328
527 4.173971 2366.274424
528 4.844596 2371.119158
529 4.941989 2376.061269
530 3.686767 2379.748171
531 4.756733 2384.505035
532 4.880631 2389.385797
533 4.496342 2393.882274
534 4.84206 2398.724459
535 3.275407 2401.999987
536 4.770724 2406.770846
537 4.078849 2410.849826
538 4.498238 2415.348192
539 4.516786 2419.865108
540 5.706413 2425.571651
541 4.277851 2429.849631
542 4.34988 2434.199636
543 5.311839 2439.5116
544 3.958451 2443.470185
545 4.196549 2447.666879
546 4.573057 2452.240071
547 4.267587 2456.50779
548 5.44099 2461.948914
549 4.287886 2466.23693
550 3.487792 2469.724852
551 5.30363 2475.028609
552 3.53306 2478.5618
553 4.57119 2483.133121
554 4.201107 2487.334361
555 4.61236 2491.946849
556 4.288463 2496.235446
557 3.880191 2500.115769
558 4.695691 2504.811586
559 5.372894 2510.18461
560 4.684513 2514.86925
561 4.629652 2519.499033
562 2.946683 2522.445842
563 4.494932 2526.94089
564 4.589573 2531.530598
565 4.61996 2536.150683
566 3.531812 2539.682626
567 3.794219 2543.476971
568 3.788944 2547.266047
569 5.294024 2552.560206
570 4.396659 2556.957
571 4.193499 2561.150629
572 4.561581 2565.712344
573 5.387126 2571.099606
574 4.516614 2575.616351
575 4.605958 2580.222438
576 3.879131 2584.101692
577 4.163012 2588.264838
578 3.858129 2592.123097
579 4.550185 2596.673408
580 3.86547 2600.539015
581 2.886318 2603.42546
582 4.51088 2607.936457
583 4.571011 2612.5076
584 4.281941 2616.789668
585 3.890318 2620.680112
586 4.563663 2625.243911
587 4.588247 2629.832292
588 3.178797 2633.011228
589 5.224766 2638.236123
590 4.730536 2642.966791
591 4.186836 2647.153759
592 4.298565 2651.452461
593 5.348186 2656.800772
594 4.329037 2661.129945
595 4.544535 2665.674609
596 3.953793 2669.62854
597 4.147879 2673.776543
598 5.417527 2679.1942
599 4.63222 2683.826555
600 4.301798 2688.12849
601 4.276723 2692.405345
602 4.787195 2697.192667
603 4.909197 2702.101994
604 3.947785 2706.049913
605 3.063279 2709.113324
606 2.99092 2712.10437
607 4.498885 2716.603385
608 4.569483 2721.172998
609 5.389894 2726.563021
610 4.750305 2731.313458
611 4.638208 2735.951799
612 4.585787 2740.537726
613 5.393164 2745.931017
614 5.525131 2751.456279
615 4.634237 2756.090647
616 4.698209 2760.788988
617 4.612461 2765.401576
618 3.869405 2769.271114
619 4.561172 2773.832426
620 4.275646 2778.1082
621 4.600159 2782.708489
622 5.39523 2788.103848
623 3.983352 2792.087327
624 4.860626 2796.94808
625 4.911954 2801.860166
626 4.888763 2806.749061
627 5.792656 2812.541849
628 3.360162 2815.902139
629 3.553805 2819.456085
630 3.205395 2822.661611
631 4.773089 2827.434832
632 4.92575 2832.360715
633 4.918567 2837.279413
634 3.727682 2841.007228
635 4.8076 2845.814955
636 4.090592 2849.905675
637 4.811311 2854.717123
638 4.53231 2859.24956
639 4.912823 2864.162509
640 4.852788 2869.01543
641 3.275752 2872.291313
642 5.603815 2877.895262
643 5.008077 2882.903473
644 3.684612 2886.588216
645 4.857554 2891.445902
646 4.925164 2896.371192
647 3.699512 2900.070837
648 4.792994 2904.863963
649 4.543295 2909.407391
650 4.490669 2913.898187
651 3.245481 2917.143821
652 4.760419 2921.904369
653 4.146334 2926.05083
654 4.855496 2930.906458
655 4.89307 2935.799653
656 4.886825 2940.686609
657 4.95682 2945.643554
658 3.700358 2949.34404
659 4.753229 2954.097398
660 4.525909 2958.623439
661 4.879865 2963.50343
662 4.554738 2968.058293
663 4.908402 2972.966825
664 4.897424 2977.864374
665 4.907944 2982.772451
666 3.276688 2986.049268
667 4.808505 2990.857908
668 4.945869 2995.803925
669 4.50878 3000.312832
670 4.904437 3005.217393
671 5.727427 3010.94495
672 4.656315 3015.601405
673 5.71184 3021.313375
674 4.177444 3025.490952
675 4.464874 3029.955952
676 4.514359 3034.470439
677 4.485418 3038.955986
678 3.257325 3042.213437
679 3.109352 3045.322919
680 4.761092 3050.084139
681 4.880123 3054.964396
682 3.326269 3058.2908
683 4.34805 3062.638981
684 3.674806 3066.31392
685 3.234315 3069.548362
686 4.763396 3074.31189
687 4.514802 3078.826825
688 4.093759 3082.920708
689 4.060688 3086.98152
690 4.851758 3091.83341
691 4.897063 3096.730599
692 4.502827 3101.233554
693 3.238399 3104.472077
694 4.793553 3109.265767
695 5.737291 3115.003186
696 5.010309 3120.013636
697 4.52503 3124.538796
698 4.859121 3129.39805
699 3.726667 3133.124845
700 4.398758 3137.523729
701 4.511577 3142.035434
702 3.671696 3145.707257
703 4.815925 3150.523315
704 4.910306 3155.433746
705 4.472618 3159.906497
706 4.552461 3164.459085
707 4.85616 3169.315376
708 4.153198 3173.468701
709 4.768889 3178.237722
710 4.547931 3182.785786
711 4.90056 3187.686469
712 4.528091 3192.214692
713 4.52478 3196.739604
714 4.506415 3201.246149
715 3.24684 3204.493129
716 3.138617 3207.631875
717 5.594648 3213.226651
718 5.050747 3218.277526
719 4.899354 3223.177015
720 3.740229 3226.917377
721 5.631006 3232.548512
722 5.051248 3237.599895
723 3.277534 3240.877563
724 5.600358 3246.478051
725 5.017208 3251.495393
726 4.506388 3256.00191
727 4.066932 3260.068975
728 4.858763 3264.927869
729 4.308679 3269.236675
730 4.92634 3274.163146
731 4.338673 3278.501952
732 4.466374 3282.968456
733 5.71409 3288.682678
734 5.89559 3294.578401
735 3.350214 3297.92875
736 5.648476 3303.577353
737 3.723646 3307.301129
738 3.624221 3310.925482
739 4.023888 3314.949496
740 4.866126 3319.815755
741 3.774765 3323.590647
742 3.546024 3327.136797
743 5.672824 3332.809758
744 4.188674 3336.998563
745 4.408697 3341.407391
746 4.860421 3346.267936
747 3.336571 3349.60464
748 3.588039 3353.192807
749 5.713357 3358.906297
750 3.716003 3362.622435
751 4.456791 3367.079349
752 4.012782 3371.092261
753 4.890134 3375.982519
754 5.007354 3380.990002
755 4.067789 3385.057922
756 4.829545 3389.887599
757 4.532203 3394.41993
758 5.802564 3400.222619
759 3.72326 3403.946004
760 3.616518 3407.562652
761 4.768037 3412.330825
762 4.895743 3417.226697
763 4.574279 3421.801107
764 4.87959 3426.680827
765 3.36026 3430.041219
766 4.713161 3434.75451
767 4.375913 3439.130558
768 4.855126 3443.985809
769 4.481611 3448.467545
770 4.470862 3452.93854
771 4.880242 3457.818909
772 4.93436 3462.753391
773 4.507231 3467.260758
774 4.328529 3471.58942
775 4.848414 3476.437961
776 4.147787 3480.585883
777 3.224863 3483.810871
778 5.649663 3489.460668
779 3.346719 3492.807524
780 4.337921 3497.145573
781 4.90364 3502.049346
782 4.899644 3506.949123
783 4.937285 3511.886538
784 4.604383 3516.491048
785 5.704406 3522.195585
786 4.919631 3527.115348
787 4.14713 3531.262606
788 3.638698 3534.90143
789 4.37711 3539.278672
790 4.564878 3543.843681
791 4.899035 3548.742845
792 4.563603 3553.306579
793 4.806147 3558.112857
794 4.923055 3563.036039
795 4.526597 3567.56276
796 4.928673 3572.491565
797 4.608389 3577.100083
798 5.742012 3582.842224
799 4.14065 3586.983008
800 4.820442 3591.803577
801 4.90085 3596.704558
