[runlim] version:		1.7
[runlim] time limit:		3600 seconds
[runlim] real time limit:	311040000 seconds
[runlim] space limit:		80000 MB
[runlim] argv[0]:		python3.6
[runlim] argv[1]:		./netsolver-gurobi-mod.py
[runlim] argv[2]:		../../../instances/fattree-bcube/BCube_n16_k2_bw10_cpu16.pn
[runlim] argv[3]:		../../../instances/fattree-bcube/instance_list_12vm_rnd.txt
[runlim] argv[4]:		False
[runlim] argv[5]:		False
[runlim] argv[6]:		timelogs/results.BCube_n16_k2_bw10_cpu16.pn.instance_list_12vm_rnd.txt.log
[runlim] start:			Mon Sep 23 04:30:38 2019
[runlim] main pid:		6225
Academic license - for non-commercial use only
[runlim] sample:		10.0 seconds, 385.1 MB
[runlim] sample:		20.0 seconds, 656.5 MB
[runlim] sample:		30.0 seconds, 966.8 MB
[runlim] sample:		40.0 seconds, 673.8 MB
[runlim] sample:		50.0 seconds, 853.9 MB
[runlim] sample:		60.0 seconds, 887.2 MB
[runlim] sample:		70.0 seconds, 800.0 MB
[runlim] sample:		80.0 seconds, 941.1 MB
[runlim] sample:		90.0 seconds, 952.8 MB
[runlim] sample:		100.0 seconds, 876.7 MB
[runlim] sample:		110.0 seconds, 913.8 MB
[runlim] sample:		120.0 seconds, 811.0 MB
[runlim] sample:		130.0 seconds, 844.3 MB
[runlim] sample:		140.0 seconds, 887.8 MB
[runlim] sample:		150.0 seconds, 968.4 MB
[runlim] sample:		160.0 seconds, 953.9 MB
[runlim] sample:		170.0 seconds, 801.6 MB
[runlim] sample:		180.0 seconds, 832.5 MB
[runlim] sample:		190.0 seconds, 832.5 MB
[runlim] sample:		200.0 seconds, 941.9 MB
[runlim] sample:		210.0 seconds, 969.2 MB
[runlim] sample:		220.0 seconds, 969.2 MB
[runlim] sample:		230.0 seconds, 850.3 MB
[runlim] sample:		240.0 seconds, 906.7 MB
[runlim] sample:		250.0 seconds, 920.0 MB
[runlim] sample:		260.0 seconds, 942.2 MB
[runlim] sample:		270.0 seconds, 942.2 MB
[runlim] sample:		280.0 seconds, 940.0 MB
[runlim] sample:		290.0 seconds, 969.3 MB
[runlim] sample:		300.0 seconds, 969.3 MB
[runlim] sample:		310.0 seconds, 900.8 MB
[runlim] sample:		320.0 seconds, 978.5 MB
[runlim] sample:		330.0 seconds, 978.5 MB
[runlim] sample:		340.0 seconds, 1044.3 MB
[runlim] sample:		350.0 seconds, 1100.2 MB
[runlim] sample:		360.0 seconds, 1100.2 MB
[runlim] sample:		370.0 seconds, 1045.0 MB
[runlim] sample:		380.0 seconds, 1036.3 MB
[runlim] sample:		390.0 seconds, 1036.3 MB
[runlim] sample:		400.0 seconds, 1068.7 MB
[runlim] sample:		410.0 seconds, 1078.0 MB
[runlim] sample:		420.0 seconds, 1078.0 MB
[runlim] sample:		430.0 seconds, 1062.0 MB
[runlim] sample:		440.0 seconds, 1077.2 MB
[runlim] sample:		450.0 seconds, 1077.2 MB
[runlim] sample:		460.0 seconds, 1000.5 MB
[runlim] sample:		470.0 seconds, 1067.4 MB
[runlim] sample:		480.0 seconds, 1067.4 MB
[runlim] sample:		490.0 seconds, 1041.0 MB
[runlim] sample:		500.0 seconds, 1069.2 MB
[runlim] sample:		510.0 seconds, 1069.2 MB
[runlim] sample:		520.0 seconds, 956.5 MB
[runlim] sample:		530.0 seconds, 982.5 MB
[runlim] sample:		540.0 seconds, 974.0 MB
[runlim] sample:		550.0 seconds, 985.1 MB
[runlim] sample:		560.0 seconds, 985.1 MB
[runlim] sample:		570.0 seconds, 994.9 MB
[runlim] sample:		580.0 seconds, 994.9 MB
[runlim] sample:		590.0 seconds, 994.9 MB
[runlim] sample:		600.0 seconds, 917.7 MB
[runlim] sample:		610.0 seconds, 980.8 MB
[runlim] sample:		620.0 seconds, 980.8 MB
[runlim] sample:		630.0 seconds, 934.6 MB
[runlim] sample:		640.0 seconds, 941.8 MB
[runlim] sample:		650.0 seconds, 941.8 MB
[runlim] sample:		660.0 seconds, 937.6 MB
[runlim] sample:		670.0 seconds, 937.4 MB
[runlim] sample:		680.0 seconds, 1030.6 MB
[runlim] sample:		690.0 seconds, 892.4 MB
[runlim] sample:		700.0 seconds, 892.4 MB
[runlim] sample:		710.0 seconds, 875.1 MB
[runlim] sample:		720.0 seconds, 874.4 MB
[runlim] sample:		730.0 seconds, 874.4 MB
[runlim] sample:		740.0 seconds, 892.5 MB
[runlim] sample:		750.0 seconds, 902.1 MB
[runlim] sample:		760.0 seconds, 902.1 MB
[runlim] sample:		770.0 seconds, 841.0 MB
[runlim] sample:		780.0 seconds, 866.7 MB
[runlim] sample:		790.0 seconds, 947.2 MB
[runlim] sample:		800.0 seconds, 866.3 MB
[runlim] sample:		810.0 seconds, 866.3 MB
[runlim] sample:		820.0 seconds, 865.9 MB
[runlim] sample:		830.0 seconds, 890.9 MB
[runlim] sample:		840.0 seconds, 890.9 MB
[runlim] sample:		850.0 seconds, 927.0 MB
[runlim] sample:		860.0 seconds, 969.5 MB
[runlim] sample:		870.0 seconds, 969.5 MB
[runlim] sample:		880.0 seconds, 1071.4 MB
[runlim] sample:		890.0 seconds, 964.8 MB
[runlim] sample:		900.0 seconds, 964.8 MB
[runlim] sample:		910.0 seconds, 1121.2 MB
[runlim] sample:		920.0 seconds, 1012.4 MB
[runlim] sample:		930.0 seconds, 1057.4 MB
[runlim] sample:		940.0 seconds, 1057.4 MB
[runlim] sample:		950.0 seconds, 1026.4 MB
[runlim] sample:		960.0 seconds, 1075.2 MB
[runlim] sample:		970.0 seconds, 1075.2 MB
[runlim] sample:		980.0 seconds, 1035.5 MB
[runlim] sample:		990.0 seconds, 999.7 MB
[runlim] sample:		1000.0 seconds, 999.7 MB
[runlim] sample:		1010.0 seconds, 898.2 MB
[runlim] sample:		1020.0 seconds, 920.5 MB
[runlim] sample:		1030.0 seconds, 920.5 MB
[runlim] sample:		1040.0 seconds, 876.7 MB
[runlim] sample:		1050.0 seconds, 929.6 MB
[runlim] sample:		1060.0 seconds, 929.6 MB
[runlim] sample:		1070.0 seconds, 928.1 MB
[runlim] sample:		1080.0 seconds, 943.1 MB
[runlim] sample:		1090.0 seconds, 981.5 MB
[runlim] sample:		1100.0 seconds, 900.9 MB
[runlim] sample:		1110.0 seconds, 918.4 MB
[runlim] sample:		1120.0 seconds, 939.3 MB
[runlim] sample:		1130.0 seconds, 932.0 MB
[runlim] sample:		1140.0 seconds, 975.8 MB
[runlim] sample:		1150.0 seconds, 975.8 MB
[runlim] sample:		1160.0 seconds, 926.8 MB
[runlim] sample:		1170.0 seconds, 988.2 MB
[runlim] sample:		1180.0 seconds, 988.2 MB
[runlim] sample:		1190.0 seconds, 1172.0 MB
[runlim] sample:		1200.0 seconds, 1110.4 MB
[runlim] sample:		1210.0 seconds, 1110.4 MB
[runlim] sample:		1220.0 seconds, 1120.2 MB
[runlim] sample:		1230.0 seconds, 1074.1 MB
[runlim] sample:		1240.0 seconds, 1083.9 MB
[runlim] sample:		1250.0 seconds, 1098.1 MB
[runlim] sample:		1260.0 seconds, 1041.0 MB
[runlim] sample:		1270.0 seconds, 1041.0 MB
[runlim] sample:		1280.0 seconds, 1070.4 MB
[runlim] sample:		1290.0 seconds, 1084.7 MB
[runlim] sample:		1300.0 seconds, 1104.7 MB
[runlim] sample:		1310.0 seconds, 1104.7 MB
[runlim] sample:		1320.0 seconds, 1117.2 MB
[runlim] sample:		1330.0 seconds, 1151.9 MB
[runlim] sample:		1340.0 seconds, 1151.9 MB
[runlim] sample:		1350.0 seconds, 1134.0 MB
[runlim] sample:		1360.0 seconds, 1167.0 MB
[runlim] sample:		1370.0 seconds, 1167.0 MB
[runlim] sample:		1380.0 seconds, 1148.8 MB
[runlim] sample:		1390.0 seconds, 1151.6 MB
[runlim] sample:		1400.0 seconds, 1151.6 MB
[runlim] sample:		1410.0 seconds, 1078.6 MB
[runlim] sample:		1420.0 seconds, 1056.6 MB
[runlim] sample:		1430.0 seconds, 1056.6 MB
[runlim] sample:		1440.0 seconds, 1017.4 MB
[runlim] sample:		1450.0 seconds, 1046.4 MB
[runlim] sample:		1460.0 seconds, 1046.4 MB
[runlim] sample:		1470.0 seconds, 1061.9 MB
[runlim] sample:		1480.0 seconds, 1116.5 MB
[runlim] sample:		1490.0 seconds, 1116.5 MB
[runlim] sample:		1500.0 seconds, 1062.8 MB
[runlim] sample:		1510.0 seconds, 1077.0 MB
[runlim] sample:		1520.0 seconds, 1077.0 MB
[runlim] sample:		1530.0 seconds, 1090.8 MB
[runlim] sample:		1540.0 seconds, 1029.1 MB
[runlim] sample:		1550.0 seconds, 1029.1 MB
[runlim] sample:		1560.0 seconds, 1064.6 MB
[runlim] sample:		1570.0 seconds, 1068.8 MB
[runlim] sample:		1580.0 seconds, 1103.8 MB
[runlim] sample:		1590.0 seconds, 1103.8 MB
[runlim] sample:		1600.0 seconds, 1063.8 MB
[runlim] sample:		1610.0 seconds, 1047.3 MB
[runlim] sample:		1620.0 seconds, 1047.3 MB
[runlim] sample:		1630.0 seconds, 1017.2 MB
[runlim] sample:		1640.0 seconds, 1026.6 MB
[runlim] sample:		1650.0 seconds, 1026.6 MB
[runlim] sample:		1660.0 seconds, 1009.6 MB
[runlim] sample:		1670.0 seconds, 994.3 MB
[runlim] sample:		1680.0 seconds, 994.3 MB
[runlim] sample:		1690.0 seconds, 925.7 MB
[runlim] sample:		1700.0 seconds, 952.0 MB
[runlim] sample:		1710.0 seconds, 952.0 MB
[runlim] sample:		1720.0 seconds, 925.9 MB
[runlim] sample:		1730.0 seconds, 951.9 MB
[runlim] sample:		1740.0 seconds, 951.9 MB
[runlim] sample:		1750.0 seconds, 906.2 MB
[runlim] sample:		1760.0 seconds, 914.2 MB
[runlim] sample:		1770.0 seconds, 914.2 MB
[runlim] sample:		1780.0 seconds, 852.5 MB
[runlim] sample:		1790.0 seconds, 900.4 MB
[runlim] sample:		1800.0 seconds, 930.5 MB
[runlim] sample:		1810.0 seconds, 996.3 MB
[runlim] sample:		1820.0 seconds, 1026.2 MB
[runlim] sample:		1830.0 seconds, 1026.2 MB
[runlim] sample:		1840.0 seconds, 1035.3 MB
[runlim] sample:		1850.0 seconds, 1043.9 MB
[runlim] sample:		1860.0 seconds, 1043.9 MB
[runlim] sample:		1870.0 seconds, 1034.9 MB
[runlim] sample:		1880.0 seconds, 1082.9 MB
[runlim] sample:		1890.0 seconds, 1082.9 MB
[runlim] sample:		1900.0 seconds, 1035.2 MB
[runlim] sample:		1910.0 seconds, 1028.8 MB
[runlim] sample:		1920.0 seconds, 1032.2 MB
[runlim] sample:		1930.0 seconds, 1017.4 MB
[runlim] sample:		1940.0 seconds, 1017.4 MB
[runlim] sample:		1950.0 seconds, 1017.8 MB
[runlim] sample:		1960.0 seconds, 1050.9 MB
[runlim] sample:		1970.0 seconds, 1050.9 MB
[runlim] sample:		1980.0 seconds, 1097.7 MB
[runlim] sample:		1990.0 seconds, 1056.2 MB
[runlim] sample:		2000.0 seconds, 1056.2 MB
[runlim] sample:		2010.0 seconds, 1061.5 MB
[runlim] sample:		2020.0 seconds, 1052.6 MB
[runlim] sample:		2030.0 seconds, 1052.6 MB
[runlim] sample:		2040.0 seconds, 1118.3 MB
[runlim] sample:		2050.0 seconds, 1192.4 MB
[runlim] sample:		2060.0 seconds, 1191.2 MB
[runlim] sample:		2070.0 seconds, 1191.2 MB
[runlim] sample:		2080.0 seconds, 1088.5 MB
[runlim] sample:		2090.0 seconds, 1115.9 MB
[runlim] sample:		2100.0 seconds, 1115.9 MB
[runlim] sample:		2110.0 seconds, 1126.0 MB
[runlim] sample:		2120.0 seconds, 1126.1 MB
[runlim] sample:		2130.0 seconds, 1126.1 MB
[runlim] sample:		2140.0 seconds, 1160.8 MB
[runlim] sample:		2150.0 seconds, 1183.4 MB
[runlim] sample:		2160.0 seconds, 1183.4 MB
[runlim] sample:		2170.0 seconds, 1205.6 MB
[runlim] sample:		2180.0 seconds, 1161.0 MB
[runlim] sample:		2190.0 seconds, 1169.4 MB
[runlim] sample:		2200.0 seconds, 1169.4 MB
[runlim] sample:		2210.0 seconds, 1046.4 MB
[runlim] sample:		2220.0 seconds, 1070.8 MB
[runlim] sample:		2230.0 seconds, 1070.8 MB
[runlim] sample:		2240.0 seconds, 1043.9 MB
[runlim] sample:		2250.0 seconds, 1071.8 MB
[runlim] sample:		2260.0 seconds, 1071.8 MB
[runlim] sample:		2270.0 seconds, 976.9 MB
[runlim] sample:		2280.0 seconds, 984.1 MB
[runlim] sample:		2290.0 seconds, 984.1 MB
[runlim] sample:		2300.0 seconds, 937.5 MB
[runlim] sample:		2310.0 seconds, 964.8 MB
[runlim] sample:		2320.0 seconds, 964.8 MB
[runlim] sample:		2330.0 seconds, 955.1 MB
[runlim] sample:		2340.0 seconds, 996.7 MB
[runlim] sample:		2350.0 seconds, 996.7 MB
[runlim] sample:		2360.0 seconds, 960.5 MB
[runlim] sample:		2370.0 seconds, 958.8 MB
[runlim] sample:		2380.0 seconds, 1029.2 MB
[runlim] sample:		2390.0 seconds, 870.1 MB
[runlim] sample:		2400.0 seconds, 893.7 MB
[runlim] sample:		2410.0 seconds, 938.1 MB
[runlim] sample:		2420.0 seconds, 926.8 MB
[runlim] sample:		2430.0 seconds, 937.3 MB
[runlim] sample:		2440.0 seconds, 990.4 MB
[runlim] sample:		2450.0 seconds, 941.0 MB
[runlim] sample:		2460.0 seconds, 941.0 MB
[runlim] sample:		2470.0 seconds, 999.0 MB
[runlim] sample:		2480.0 seconds, 1035.8 MB
[runlim] sample:		2490.0 seconds, 1056.8 MB
[runlim] sample:		2500.0 seconds, 1057.6 MB
[runlim] sample:		2510.0 seconds, 1039.8 MB
[runlim] sample:		2520.0 seconds, 978.0 MB
[runlim] sample:		2530.0 seconds, 978.0 MB
[runlim] sample:		2540.0 seconds, 994.4 MB
[runlim] sample:		2550.0 seconds, 1062.2 MB
[runlim] sample:		2560.0 seconds, 1062.2 MB
[runlim] sample:		2570.0 seconds, 1070.5 MB
[runlim] sample:		2580.0 seconds, 1073.2 MB
[runlim] sample:		2590.0 seconds, 1073.2 MB
[runlim] sample:		2600.0 seconds, 1158.8 MB
[runlim] sample:		2610.0 seconds, 1063.7 MB
[runlim] sample:		2620.0 seconds, 1063.9 MB
[runlim] sample:		2630.0 seconds, 1067.0 MB
[runlim] sample:		2640.0 seconds, 1034.0 MB
[runlim] sample:		2650.0 seconds, 1080.5 MB
[runlim] sample:		2660.0 seconds, 1080.5 MB
[runlim] sample:		2670.0 seconds, 1047.5 MB
[runlim] sample:		2680.0 seconds, 1072.8 MB
[runlim] sample:		2690.0 seconds, 1072.8 MB
[runlim] sample:		2700.0 seconds, 1114.4 MB
[runlim] sample:		2710.0 seconds, 1068.5 MB
[runlim] sample:		2720.0 seconds, 1113.6 MB
[runlim] sample:		2730.0 seconds, 1113.6 MB
[runlim] sample:		2740.0 seconds, 1031.5 MB
[runlim] sample:		2750.0 seconds, 1071.5 MB
[runlim] sample:		2760.0 seconds, 1071.5 MB
[runlim] sample:		2770.0 seconds, 1056.3 MB
[runlim] sample:		2780.0 seconds, 1082.9 MB
[runlim] sample:		2790.0 seconds, 1082.9 MB
[runlim] sample:		2800.0 seconds, 1166.1 MB
[runlim] sample:		2810.0 seconds, 1076.3 MB
[runlim] sample:		2820.0 seconds, 1083.1 MB
[runlim] sample:		2830.0 seconds, 1110.2 MB
[runlim] sample:		2840.0 seconds, 1000.8 MB
[runlim] sample:		2850.0 seconds, 1021.0 MB
[runlim] sample:		2860.0 seconds, 1021.0 MB
[runlim] sample:		2870.0 seconds, 1055.6 MB
[runlim] sample:		2880.0 seconds, 1109.5 MB
[runlim] sample:		2890.0 seconds, 1109.5 MB
[runlim] sample:		2900.0 seconds, 1043.5 MB
[runlim] sample:		2910.0 seconds, 1086.1 MB
[runlim] sample:		2920.0 seconds, 1086.1 MB
[runlim] sample:		2930.0 seconds, 1204.6 MB
[runlim] sample:		2940.0 seconds, 1110.8 MB
[runlim] sample:		2950.0 seconds, 1123.8 MB
[runlim] sample:		2960.0 seconds, 1123.8 MB
[runlim] sample:		2970.0 seconds, 1124.5 MB
[runlim] sample:		2980.0 seconds, 1097.8 MB
[runlim] sample:		2990.0 seconds, 1097.8 MB
[runlim] sample:		3000.0 seconds, 977.1 MB
[runlim] sample:		3010.0 seconds, 967.5 MB
[runlim] sample:		3020.0 seconds, 967.5 MB
[runlim] sample:		3030.0 seconds, 1021.7 MB
[runlim] sample:		3040.0 seconds, 1028.6 MB
[runlim] sample:		3050.0 seconds, 1040.4 MB
[runlim] sample:		3060.0 seconds, 1038.5 MB
[runlim] sample:		3070.0 seconds, 1038.5 MB
[runlim] sample:		3080.0 seconds, 1049.8 MB
[runlim] sample:		3090.0 seconds, 1081.0 MB
[runlim] sample:		3099.9 seconds, 1081.0 MB
[runlim] sample:		3110.0 seconds, 1057.4 MB
[runlim] sample:		3120.0 seconds, 1066.3 MB
[runlim] sample:		3130.0 seconds, 1066.3 MB
[runlim] sample:		3140.0 seconds, 1066.3 MB
[runlim] sample:		3149.9 seconds, 979.8 MB
[runlim] sample:		3160.0 seconds, 981.4 MB
[runlim] sample:		3170.0 seconds, 1027.8 MB
[runlim] sample:		3180.0 seconds, 943.2 MB
[runlim] sample:		3190.0 seconds, 943.2 MB
[runlim] sample:		3199.9 seconds, 1030.5 MB
[runlim] sample:		3210.0 seconds, 974.3 MB
[runlim] sample:		3220.0 seconds, 974.3 MB
[runlim] sample:		3230.0 seconds, 988.8 MB
[runlim] sample:		3240.0 seconds, 970.0 MB
[runlim] sample:		3249.9 seconds, 982.4 MB
[runlim] sample:		3260.0 seconds, 1006.0 MB
[runlim] sample:		3270.0 seconds, 1019.9 MB
[runlim] sample:		3280.0 seconds, 1016.3 MB
[runlim] sample:		3289.9 seconds, 1024.5 MB
[runlim] sample:		3300.0 seconds, 976.6 MB
[runlim] sample:		3310.0 seconds, 967.2 MB
[runlim] sample:		3320.0 seconds, 967.2 MB
[runlim] sample:		3330.0 seconds, 954.1 MB
[runlim] sample:		3340.0 seconds, 985.3 MB
[runlim] sample:		3350.0 seconds, 1003.2 MB
[runlim] sample:		3359.9 seconds, 927.5 MB
[runlim] sample:		3369.9 seconds, 927.5 MB
[runlim] sample:		3379.9 seconds, 1029.5 MB
[runlim] sample:		3389.9 seconds, 972.8 MB
[runlim] sample:		3399.9 seconds, 972.8 MB
[runlim] sample:		3409.9 seconds, 1042.9 MB
[runlim] sample:		3420.0 seconds, 941.6 MB
[runlim] sample:		3430.0 seconds, 941.6 MB
[runlim] sample:		3440.0 seconds, 974.5 MB
[runlim] sample:		3450.0 seconds, 948.6 MB
[runlim] sample:		3459.9 seconds, 948.6 MB
[runlim] sample:		3469.9 seconds, 934.0 MB
[runlim] sample:		3479.9 seconds, 921.5 MB
[runlim] sample:		3489.9 seconds, 921.5 MB
[runlim] sample:		3499.9 seconds, 885.2 MB
[runlim] sample:		3510.0 seconds, 901.3 MB
[runlim] sample:		3520.0 seconds, 901.3 MB
[runlim] sample:		3530.0 seconds, 909.4 MB
[runlim] sample:		3540.0 seconds, 933.6 MB
[runlim] sample:		3550.0 seconds, 933.6 MB
[runlim] sample:		3560.0 seconds, 948.9 MB
[runlim] sample:		3569.9 seconds, 974.5 MB
[runlim] sample:		3579.9 seconds, 974.5 MB
[runlim] sample:		3590.0 seconds, 958.7 MB
[runlim] sample:		3600.0 seconds, 975.4 MB
[runlim] end:			Mon Sep 23 05:30:38 2019
[runlim] status:		out of time
[runlim] result:		1
[runlim] children:		0
[runlim] real:			3600.60 seconds
[runlim] time:			3600.06 seconds
[runlim] space:			1267.9 MB
[runlim] samples:		36001
