# instance ../../../instances/fattree-bcube/BCube_n12_k2_bw10_cpu16.pn
# Settings: PN=../../../instances/fattree-bcube/BCube_n12_k2_bw10_cpu16.pn, VN=../../../instances/fattree-bcube/instance_list_12vm_rnd.txt, multi-thread=False
init 0.082238 0.082238
1 12.365431 12.447669
2 12.287229 24.735028
3 12.949079 37.684246
4 10.93043 48.614825
5 12.1389 60.753868
6 11.447589 72.201593
7 12.16813 84.369859
8 11.427001 95.796999
9 11.538389 107.335535
10 12.210759 119.546449
11 11.595239 131.141836
12 13.826101 144.96808
13 12.996753 157.96501
14 13.15486 171.120016
15 13.168524 184.288691
16 12.611836 196.900675
17 13.094704 209.995526
18 12.31212 222.307795
19 10.973895 233.281832
20 12.920754 246.202728
21 11.117591 257.320469
22 12.504441 269.825053
23 10.979817 280.805016
24 12.365451 293.17061
25 11.027586 304.198341
26 11.609267 315.807752
27 10.898544 326.706445
28 10.981945 337.688531
29 11.070683 348.759357
30 12.280015 361.03952
31 12.356582 373.396248
32 13.168619 386.565009
33 13.519284 400.084436
34 13.361197 413.445774
35 11.95094 425.396856
36 12.437586 437.834588
37 13.225596 451.060334
38 11.903363 462.963837
39 13.021177 475.985161
40 13.184583 489.169895
41 14.971287 504.141309
42 14.691783 518.833235
43 12.040953 530.874337
44 13.04263 543.917107
45 13.299871 557.217127
46 14.097637 571.3149
47 13.170219 584.485251
48 13.353683 597.839065
49 11.769668 609.608883
50 13.110612 622.71964
51 14.10161 636.821394
52 13.256144 650.077682
53 14.968605 665.046425
54 14.189778 679.236348
55 13.196262 692.432757
56 13.371715 705.804612
57 11.823739 717.628489
58 13.014921 730.643557
59 12.724098 743.367794
60 11.552641 754.920581
61 13.848588 768.769318
62 11.997866 780.767333
63 13.131341 793.89882
64 12.606269 806.505235
65 11.547842 818.053221
66 11.677922 829.731293
67 13.815409 843.546857
68 12.000569 855.547565
69 14.024271 869.571981
70 14.656703 884.228829
71 13.599622 897.828593
72 13.943605 911.772343
73 14.194235 925.966724
74 12.716926 938.683791
75 13.901743 952.58568
76 13.538495 966.124322
77 11.754943 977.879408
78 13.049509 990.929062
79 13.30763 1004.236836
80 11.805787 1016.04276
81 13.044942 1029.087847
82 11.914574 1041.002566
83 14.780294 1055.783002
84 11.920994 1067.704142
85 13.914189 1081.618515
86 14.098076 1095.716734
87 14.062938 1109.779816
88 14.118409 1123.898374
89 14.047298 1137.94582
90 14.964628 1152.910598
91 14.24731 1167.158046
92 13.675879 1180.834062
93 14.58479 1195.418985
94 12.452604 1207.871714
95 12.933539 1220.805391
96 13.74636 1234.551881
97 14.574926 1249.126943
98 14.649741 1263.776819
99 11.722457 1275.499408
100 12.066399 1287.565951
101 11.544221 1299.110309
102 12.896511 1312.006955
103 12.182105 1324.189195
104 13.811848 1338.001178
105 11.697463 1349.698778
106 12.766654 1362.465573
107 13.066064 1375.531771
108 13.805383 1389.337299
109 11.660656 1400.998082
110 12.814295 1413.812511
111 11.681434 1425.494079
112 12.877889 1438.372105
113 12.390691 1450.762954
114 12.87829 1463.641361
115 11.658936 1475.300427
116 11.461089 1486.761651
117 12.126213 1498.887999
118 12.961957 1511.850095
119 13.110992 1524.961227
120 13.715056 1538.676417
121 13.826808 1552.503355
122 13.690906 1566.1944
123 13.178927 1579.373463
124 11.588453 1590.962052
125 13.503335 1604.465523
126 13.183599 1617.649254
127 12.987413 1630.636801
128 11.688242 1642.325172
129 12.793746 1655.11905
130 12.945871 1668.065048
131 13.824645 1681.88983
132 12.321314 1694.21128
133 11.435666 1705.647086
134 12.864546 1718.511779
135 13.805763 1732.31768
136 13.029736 1745.347547
137 13.035367 1758.383055
138 13.75441 1772.137603
139 13.83483 1785.972554
140 13.708276 1799.68097
141 13.842781 1813.523885
142 13.163922 1826.68794
143 13.089336 1839.777421
144 12.913748 1852.691302
145 13.925546 1866.616988
146 13.627862 1880.244991
147 13.207788 1893.452912
148 13.084503 1906.53755
149 13.72063 1920.258308
150 13.489664 1933.748109
151 11.711644 1945.459907
152 12.177344 1957.637394
153 11.563171 1969.20069
154 11.464806 1980.665631
155 12.077472 1992.743239
156 13.820766 2006.564138
157 11.520129 2018.08442
158 12.901124 2030.985712
159 13.716619 2044.702465
160 11.73217 2056.434771
161 13.592496 2070.027408
162 12.328605 2082.356145
163 12.906194 2095.262499
164 13.726775 2108.989416
165 11.630717 2120.620267
166 12.162925 2132.783314
167 13.56691 2146.350368
168 11.614506 2157.965014
169 13.482372 2171.447524
170 13.011654 2184.459316
171 11.568109 2196.027564
172 12.864542 2208.892245
173 13.88814 2222.780525
174 13.598061 2236.378724
175 13.202162 2249.581031
176 11.52603 2261.107203
177 12.90373 2274.011064
178 13.018521 2287.029718
179 12.872885 2299.902742
180 11.763004 2311.665882
181 13.571176 2325.237192
182 12.926106 2338.163431
183 13.909557 2352.073127
184 11.565591 2363.638849
185 11.202751 2374.841734
186 12.125018 2386.96688
187 11.456479 2398.423492
188 14.404064 2412.82769
189 13.925483 2426.753314
190 12.980631 2439.734084
191 14.465655 2454.199881
192 13.928633 2468.128653
193 11.485296 2479.614086
194 12.05497 2491.669201
195 14.487012 2506.156346
196 13.794463 2519.950944
197 13.014068 2532.965148
198 13.056929 2546.022212
199 14.451679 2560.474017
200 13.746667 2574.220824
201 13.158891 2587.379841
202 13.733663 2601.113637
203 13.774141 2614.887923
204 14.585622 2629.473684
205 13.101981 2642.575799
206 13.768443 2656.344379
207 13.143259 2669.487772
208 12.86832 2682.35623
209 14.565719 2696.922088
210 13.870956 2710.79317
211 13.836625 2724.629926
212 11.66146 2736.291527
213 12.82281 2749.114475
214 13.096376 2762.210988
215 12.979393 2775.190516
216 11.696951 2786.887605
217 11.573053 2798.460793
218 11.202812 2809.663743
219 12.20018 2821.864062
220 13.677969 2835.542183
221 12.301855 2847.844173
222 13.776366 2861.62069
223 13.830742 2875.451553
224 13.790287 2889.241982
225 12.28208 2901.524194
226 12.343499 2913.867822
227 13.653274 2927.521232
228 13.084671 2940.606028
229 12.418663 2953.024825
230 12.920194 2965.945156
231 12.903452 2978.848745
232 12.464088 2991.312967
233 13.043423 3004.356526
234 14.504006 3018.86067
235 13.899431 3032.760238
236 14.571728 3047.332101
237 13.933759 3061.266015
238 12.97455 3074.240698
239 13.781906 3088.02273
240 13.163471 3101.186327
241 12.201356 3113.387817
242 12.997839 3126.38579
243 13.81587 3140.201798
244 11.670028 3151.871957
245 13.657402 3165.529497
246 11.618463 3177.148098
247 12.919722 3190.067978
248 13.731055 3203.799165
249 12.398119 3216.197423
250 12.930536 3229.128098
251 13.769627 3242.897891
252 14.617544 3257.515576
253 11.844178 3269.359886
254 11.451951 3280.811977
255 13.670739 3294.482847
256 13.126426 3307.609414
257 11.480459 3319.090016
258 13.48253 3332.57268
259 13.148925 3345.721744
260 13.772384 3359.494259
261 13.741957 3373.236351
262 13.094628 3386.331107
263 11.50767 3397.838919
264 11.580319 3409.419368
265 12.793476 3422.21297
266 11.709083 3433.922191
267 13.683796 3447.60611
268 13.601181 3461.20743
269 14.603262 3475.810833
270 13.300814 3489.111787
271 12.970255 3502.082183
272 11.540174 3513.622503
273 14.502474 3528.125106
274 13.812801 3541.938041
275 13.262122 3555.200292
276 13.703867 3568.9043
277 13.156817 3582.06125
278 12.19877 3594.26016
