# instance ../../../instances/fattree-bcube/Fattree_n8_k2_bw10_cpu16.pn
# Settings: PN=../../../instances/fattree-bcube/Fattree_n8_k2_bw10_cpu16.pn, VN=../../../instances/fattree-bcube/instance_list_9vm_rnd.txt, multi-thread=False
init 0.006612 0.006612
1 0.574962 0.581574
2 0.399967 0.981646
3 0.565566 1.547304
4 0.388454 1.93587
5 0.551957 2.48793
6 0.392146 2.880185
7 0.380702 3.260984
8 0.560763 3.82184
9 0.525256 4.347207
10 0.401802 4.749115
11 0.553135 5.302345
12 0.392695 5.695152
13 0.514906 6.210161
14 0.61702 6.827277
15 0.451033 7.278414
16 0.603292 7.881811
17 0.595625 8.477533
18 0.550298 9.027939
19 0.580312 9.608361
20 0.617115 10.225591
21 0.614158 10.839868
22 0.594184 11.434164
23 0.532044 11.96632
24 0.701046 12.667461
25 0.408012 13.075595
26 0.608648 13.684338
27 0.48874 14.1732
28 0.620362 14.793655
29 0.588643 15.382411
30 0.608659 15.991178
31 0.446997 16.438285
32 0.351741 16.790121
33 0.436535 17.226748
34 0.439224 17.66608
35 0.446056 18.112239
36 0.558516 18.670864
37 0.453178 19.124166
38 0.586409 19.710688
39 0.62755 20.338349
40 0.627685 20.966153
41 0.572789 21.53906
42 0.564002 22.103187
43 0.35937 22.462673
44 0.602666 23.065429
45 0.54603 23.611572
46 0.448397 24.060076
47 0.645247 24.70542
48 0.466152 25.171694
49 0.71658 25.888384
50 0.66896 26.557457
51 0.471609 27.029185
52 0.645351 27.67465
53 0.410203 28.084967
54 0.517234 28.602299
55 0.357969 28.960364
56 0.602478 29.562934
57 0.551735 30.114782
58 0.598845 30.71374
59 0.35828 31.072131
60 0.54615 31.618374
61 0.65588 32.27437
62 0.418831 32.693316
63 0.453327 33.146752
64 0.409496 33.556357
65 0.612609 34.169071
66 0.488966 34.658155
67 0.630933 35.289184
68 0.638612 35.927913
69 0.40074 36.328776
70 0.517975 36.846844
71 0.527598 37.374535
72 0.6519 38.026534
73 0.645285 38.671932
74 0.53328 39.205327
75 0.584158 39.789582
76 0.58073 40.370421
77 0.464578 40.835108
78 0.543207 41.378435
79 0.396234 41.774777
80 0.615928 42.390797
81 0.636586 43.027495
82 0.63499 43.662599
83 0.464078 44.126789
84 0.746276 44.873175
85 0.652521 45.525811
86 0.530221 46.056143
87 0.439275 46.495517
88 0.474799 46.970422
89 0.476677 47.447211
90 0.629187 48.076496
91 0.630423 48.70703
92 0.497107 49.204255
93 0.621662 49.826027
94 0.638369 50.464506
95 0.473197 50.937814
96 0.512695 51.450617
97 0.57136 52.022085
98 0.356872 52.379071
99 0.551594 52.93077
100 0.525474 53.456352
101 0.359029 53.815478
102 0.390575 54.206145
103 0.625159 54.831399
104 0.567237 55.39875
105 0.439396 55.838254
106 0.625327 56.463684
107 0.433859 56.897653
108 0.625837 57.523595
109 0.637236 58.160948
110 0.53623 58.697293
111 0.622757 59.320146
112 0.638733 59.958989
113 0.745716 60.7048
114 0.441113 61.146026
115 0.544584 61.690712
116 0.735718 62.426543
117 0.49344 62.920097
118 0.51688 63.437082
119 0.620311 64.057503
120 0.434165 64.491783
121 0.5535 65.045387
122 0.560486 65.605984
123 0.48318 66.089275
124 0.623183 66.712563
125 0.530513 67.24319
126 0.491274 67.734573
127 0.477598 68.212277
128 0.569586 68.781961
129 0.577849 69.359923
130 0.480874 69.840912
131 0.46158 70.302599
132 0.632118 70.934824
133 0.726475 71.661412
134 0.458198 72.119725
135 0.63451 72.754333
136 0.722639 73.47708
137 0.633918 74.111111
138 0.731148 74.842377
139 0.413254 75.255747
140 0.61865 75.874493
141 0.627474 76.502077
142 0.53388 77.036068
143 0.624511 77.660676
144 0.572896 78.233684
145 0.43787 78.671662
146 0.471185 79.142941
147 0.476008 79.619054
148 0.591276 80.21044
149 0.711273 80.921821
150 0.62392 81.545859
151 0.617344 82.163314
152 0.610021 82.773443
153 0.462944 83.236495
154 0.547213 83.783814
155 0.500534 84.284455
156 0.6001 84.88466
157 0.590839 85.475607
158 0.597512 86.073226
159 0.603236 86.676575
160 0.602384 87.27907
161 0.606574 87.885764
162 0.457 88.342874
163 0.543731 88.886711
164 0.553617 89.440432
165 0.580736 90.021278
166 0.698608 90.719996
167 0.567426 91.287534
168 0.550528 91.838168
169 0.604187 92.442464
170 0.556256 92.998835
171 0.55813 93.557074
172 0.556557 94.113739
173 0.688959 94.802808
174 0.610685 95.413606
175 0.451568 95.865286
176 0.598714 96.464102
177 0.495287 96.959519
178 0.539018 97.498641
179 0.593902 98.092653
180 0.456309 98.549078
181 0.582382 99.131559
182 0.48706 99.618728
183 0.594366 100.213199
184 0.590741 100.804049
185 0.358551 101.16271
186 0.583642 101.746443
187 0.605096 102.351653
188 0.598644 102.950409
189 0.594571 103.545094
190 0.694808 104.240017
191 0.591881 104.832012
192 0.601407 105.433531
193 0.700452 106.134094
194 0.6032 106.737409
195 0.549794 107.287313
196 0.585304 107.872724
197 0.593337 108.46617
198 0.500614 108.966893
199 0.540589 109.507593
200 0.588915 110.09662
201 0.501447 110.598181
202 0.482986 111.081276
203 0.690376 111.771751
204 0.702399 112.474259
205 0.69782 113.17219
206 0.584186 113.756483
207 0.579304 114.335896
208 0.544397 114.880402
209 0.486237 115.366753
210 0.575585 115.942438
211 0.577294 116.519839
212 0.440896 116.960843
213 0.511404 117.47235
214 0.555555 118.028012
215 0.565893 118.594012
