# instance ../../../instances/fattree-bcube/BCube_n8_k2_bw10_cpu16.pn
# Settings: PN=../../../instances/fattree-bcube/BCube_n8_k2_bw10_cpu16.pn, VN=../../../instances/fattree-bcube/instance_list_15vm_rnd.txt, multi-thread=False
init 0.02449 0.02449
1 5.443843 5.468333
2 4.845934 10.314397
3 4.843743 15.158273
4 4.856383 20.014778
5 4.365745 24.380652
6 5.138271 29.519051
7 5.136698 34.65587
8 5.26921 39.925208
9 4.723436 44.648754
10 4.395267 49.044152
11 4.890098 53.934384
12 5.096222 59.03074
13 5.763323 64.794192
14 4.991314 69.785641
15 5.051704 74.83748
16 5.148693 79.986309
17 5.050455 85.036894
18 4.630355 89.667382
19 4.561238 94.22875
20 5.155512 99.384397
21 5.467333 104.851866
22 4.695108 109.547109
23 5.790622 115.337863
24 4.916048 120.254041
25 5.277051 125.53122
26 5.846501 131.377855
27 5.600252 136.978243
28 6.228787 143.207168
29 4.95344 148.160735
30 5.203761 153.364624
31 6.221746 159.586498
32 5.14142 164.728066
33 4.991321 169.719521
34 5.207462 174.927101
35 4.906539 179.833774
36 5.995063 185.828966
37 4.92944 190.758533
38 4.881372 195.640046
39 4.719688 200.359863
40 5.505159 205.865148
41 5.998253 211.863536
42 5.62161 217.48528
43 4.923807 222.409223
44 5.196268 227.605619
45 4.707593 232.313333
46 4.914663 237.228129
47 5.125477 242.353738
48 5.268923 247.622795
49 5.175487 252.798408
50 4.715914 257.514452
51 5.159071 262.67366
52 4.734819 267.408613
53 5.117731 272.526469
54 6.270472 278.797065
55 5.612186 284.409383
56 4.940521 289.350044
57 5.214463 294.564636
58 5.932108 300.496873
59 5.271801 305.76881
60 5.574577 311.343518
61 4.984349 316.327996
62 5.548963 321.877088
63 5.246043 327.123264
64 5.617661 332.741048
65 5.569887 338.311074
66 4.720157 343.031369
67 4.945479 347.976976
68 5.552767 353.529875
69 5.262304 358.792312
70 4.886172 363.678623
71 4.972377 368.651144
72 5.971761 374.623033
73 4.991612 379.614775
74 5.594235 385.209144
75 5.218833 390.428107
76 4.940729 395.36897
77 5.144986 400.514089
78 6.282544 406.796763
79 5.64794 412.444835
80 6.053863 418.498832
81 5.244191 423.743158
82 5.5845 429.327792
83 5.213187 434.541111
84 5.506742 440.047984
85 6.260025 446.308138
86 6.145202 452.453467
87 6.083178 458.536777
88 6.259733 464.796644
89 6.150839 470.947622
90 5.035762 475.98352
91 5.941736 481.925391
92 5.306344 487.231864
93 4.731034 491.963027
94 6.155328 498.118481
95 5.083054 503.201659
96 5.208143 508.409925
97 4.713119 513.123179
98 4.639412 517.762713
99 4.65396 522.416803
100 5.52698 527.943914
101 5.251476 533.195524
102 6.008653 539.204312
103 6.34413 545.548569
104 5.205029 550.753728
105 5.591088 556.344949
106 5.67855 562.023634
107 5.267566 567.29133
108 4.690859 571.982323
109 5.623157 577.60561
110 5.261212 582.866937
111 5.849017 588.716088
112 5.463364 594.179584
113 5.43124 599.610953
114 5.525894 605.136983
115 4.875031 610.012153
116 5.179022 615.19131
117 5.407574 620.599014
118 4.966499 625.565644
119 5.472018 631.037796
120 4.958884 635.996816
121 5.731848 641.728799
122 5.921109 647.650044
123 6.590753 654.240931
124 5.113111 659.354179
125 5.307171 664.661489
126 5.036104 669.69773
127 5.546543 675.244402
128 6.218286 681.462828
129 6.399329 687.862287
130 5.015396 692.877812
131 5.169717 698.047659
132 4.718674 702.766464
133 5.193883 707.960478
134 6.221028 714.181637
135 5.289032 719.470797
136 5.182186 724.653113
137 5.263422 729.916667
138 4.953788 734.870584
139 4.907495 739.778215
140 6.056158 745.834507
141 5.286052 751.120705
142 4.925722 756.046556
143 5.552903 761.599598
144 5.682682 767.282404
145 6.287065 773.569593
146 5.208687 778.778412
147 5.243941 784.022483
148 5.186592 789.2092
149 5.198768 794.408095
150 5.18058 799.588814
151 5.219327 804.808275
152 6.231445 811.039847
153 4.80199 815.841964
154 4.960636 820.80273
155 5.967019 826.769883
156 5.062116 831.832134
157 6.183159 838.015427
158 5.08924 843.104804
159 5.130027 848.23496
160 4.945758 853.180851
161 4.985593 858.166571
162 5.572849 863.739558
163 6.265795 870.005481
164 5.034364 875.039975
165 4.943613 879.983717
166 5.179709 885.163549
167 5.996798 891.160487
168 5.307601 896.468221
169 4.746878 901.215253
170 5.222793 906.438171
171 5.579592 912.017889
172 5.205675 917.22369
173 5.207276 922.431096
174 5.607726 928.038956
175 6.08569 934.12478
176 5.309428 939.434338
177 5.157926 944.592396
178 5.203294 949.795823
179 5.021981 954.817932
180 5.571429 960.389492
181 5.63959 966.029208
182 5.576829 971.606169
183 5.039612 976.645911
184 6.207607 982.85365
185 5.093784 987.947565
186 5.495352 993.443053
187 5.679543 999.122725
188 5.630323 1004.753183
189 4.746922 1009.500232
190 4.678241 1014.178602
191 5.575695 1019.754436
192 6.284179 1026.038747
193 5.676587 1031.715467
194 5.029838 1036.745436
195 5.169147 1041.914712
196 5.016836 1046.931683
197 5.132814 1052.064623
198 4.750411 1056.815168
199 5.975379 1062.790674
200 5.655747 1068.446551
201 4.797346 1073.244037
202 6.258843 1079.503007
203 4.767767 1084.270915
204 5.579179 1089.850221
205 5.236716 1095.087066
206 6.233094 1101.320292
207 4.874556 1106.194975
208 5.548968 1111.744072
209 5.185243 1116.929448
210 6.327006 1123.256583
211 5.224438 1128.481152
212 6.329658 1134.810941
213 5.302423 1140.113497
214 6.030848 1146.14448
215 6.351182 1152.495796
216 5.256744 1157.75267
217 5.639959 1163.392761
218 6.081085 1169.473973
219 5.057112 1174.531211
220 5.594076 1180.12542
221 5.244785 1185.370337
222 5.594613 1190.965081
223 5.248388 1196.213597
224 5.634991 1201.848714
225 5.582569 1207.431414
226 5.238431 1212.669975
227 5.668785 1218.338898
228 6.29901 1224.638033
229 5.228381 1229.866544
230 5.268099 1235.134782
231 4.99436 1240.129273
232 6.037482 1246.166881
233 5.268415 1251.435429
234 4.968865 1256.404427
235 5.554183 1261.958739
236 6.031747 1267.990617
237 5.073646 1273.064405
238 5.172345 1278.236889
239 5.179331 1283.416353
240 5.035402 1288.451881
241 5.170749 1293.62276
242 5.590495 1299.213382
243 4.807084 1304.0206
244 5.499692 1309.520418
245 4.786384 1314.306929
246 5.172339 1319.4794
247 5.622537 1325.102067
248 5.239618 1330.341822
249 6.073623 1336.415574
250 5.634096 1342.049806
251 5.010726 1347.060671
252 6.080925 1353.141727
253 4.765818 1357.907671
254 4.926403 1362.834205
255 5.581695 1368.416032
256 5.275905 1373.692063
257 5.218988 1378.911186
258 6.024829 1384.936153
259 6.154797 1391.091083
260 4.812419 1395.903637
261 5.257217 1401.16098
262 5.177803 1406.338914
263 5.639328 1411.978371
264 5.627096 1417.605601
265 6.29262 1423.898357
266 6.43613 1430.334619
267 5.243546 1435.57833
268 5.599405 1441.177865
269 5.273345 1446.451342
270 4.976846 1451.428323
271 5.59681 1457.025261
272 5.264932 1462.290322
273 5.222487 1467.512945
274 5.039605 1472.552678
275 5.554896 1478.107707
276 5.21453 1483.322363
277 6.359796 1489.682287
278 5.25124 1494.933658
279 6.349745 1501.283534
280 5.329652 1506.613323
281 4.762189 1511.375649
282 4.899749 1516.275524
283 5.247258 1521.522909
284 5.173587 1526.696622
285 5.3019 1531.998654
286 5.591308 1537.590096
287 5.271976 1542.862201
288 5.95278 1548.815107
289 4.860992 1553.676237
290 5.17714 1558.853508
291 6.344397 1565.198048
292 5.249892 1570.448072
293 4.778623 1575.226831
294 5.589584 1580.816541
295 5.224966 1586.041638
296 5.234631 1591.276409
297 4.957265 1596.233803
298 5.239828 1601.473763
299 5.010293 1606.484183
300 4.906472 1611.390785
301 5.261049 1616.651961
302 5.244325 1621.896415
303 5.588094 1627.484644
304 5.273933 1632.758708
305 5.638246 1638.397088
306 5.243728 1643.640947
307 5.241385 1648.882455
308 6.376891 1655.259476
309 5.251856 1660.511464
310 4.989098 1665.500694
311 6.080059 1671.580893
312 5.614738 1677.195761
313 5.050263 1682.246155
314 4.748736 1686.995018
315 5.553742 1692.548891
316 5.679134 1698.22816
317 4.733315 1702.961608
318 5.220991 1708.182727
319 5.240696 1713.423556
320 5.608836 1719.032524
321 5.606202 1724.638857
322 5.708368 1730.347358
323 5.249501 1735.596986
324 5.020221 1740.617333
325 4.985703 1745.60317
326 6.039146 1751.642445
327 5.122606 1756.765182
328 6.066781 1762.832094
329 6.067567 1768.899799
330 5.346558 1774.24649
331 5.623401 1779.870023
332 6.362869 1786.233021
333 5.252861 1791.486009
334 5.609971 1797.096128
335 5.292628 1802.388886
336 5.074168 1807.463183
337 5.183805 1812.647124
338 6.078066 1818.725321
339 5.3569 1824.082345
340 5.015708 1829.098185
341 4.747346 1833.845664
342 5.564966 1839.410761
343 6.346684 1845.757574
344 6.299459 1852.057162
345 4.95412 1857.011424
346 6.076589 1863.088141
347 5.328066 1868.416334
348 5.532256 1873.948721
349 5.291573 1879.240423
350 5.297936 1884.538488
351 6.324215 1890.862837
352 6.267978 1897.130951
353 5.404708 1902.535785
354 5.610146 1908.146065
355 5.296234 1913.442435
356 5.612965 1919.055529
357 5.056567 1924.112223
358 5.600957 1929.713313
359 5.228701 1934.942146
360 5.643689 1940.58597
361 5.285448 1945.871552
362 6.251068 1952.12275
363 5.128693 1957.251568
364 5.579262 1962.830959
365 5.587473 1968.418562
366 5.105825 1973.52453
367 4.784896 1978.309562
368 5.539891 1983.84958
369 6.109995 1989.95971
370 5.66625 1995.626087
371 5.279985 2000.906201
372 5.327241 2006.233573
373 5.547035 2011.780742
374 6.317893 2018.098762
375 5.684708 2023.783598
376 5.272852 2029.056582
377 5.3169 2034.373615
378 5.582079 2039.95582
379 5.045338 2045.001287
380 4.96975 2049.97117
381 5.24831 2055.219604
382 5.238826 2060.458554
383 6.368953 2066.82765
384 5.642036 2072.469813
385 6.288929 2078.758876
386 5.699723 2084.458737
387 5.363243 2089.822114
388 5.629472 2095.451716
389 6.037882 2101.489726
390 5.692864 2107.182726
391 5.710977 2112.893832
392 5.609972 2118.503937
393 5.645244 2124.14931
394 5.646877 2129.796321
395 5.08445 2134.880905
396 4.952879 2139.833913
397 5.223336 2145.057379
398 4.986245 2150.043754
399 5.272741 2155.316619
400 5.261104 2160.577849
401 5.279107 2165.857088
402 5.592456 2171.449678
403 5.283561 2176.733369
404 5.009455 2181.742951
405 5.249673 2186.992755
406 5.581958 2192.57484
407 4.823089 2197.398061
408 5.264181 2202.662369
409 4.755558 2207.418061
410 5.601735 2213.019922
411 4.942999 2217.963047
412 5.595836 2223.559016
413 4.859656 2228.418809
414 5.990241 2234.409177
415 5.345688 2239.754994
416 5.246025 2245.001148
417 5.006353 2250.007633
418 5.596972 2255.604733
419 5.294381 2260.899244
420 5.337773 2266.237146
421 5.584145 2271.821423
422 5.266157 2277.08771
423 5.260229 2282.348067
424 5.661393 2288.009591
425 5.271369 2293.2811
426 5.664901 2298.94613
427 5.047744 2303.994002
428 5.564402 2309.558536
429 4.847282 2314.405962
430 5.537783 2319.943872
431 5.289158 2325.233154
432 4.787488 2330.02077
433 5.251124 2335.27202
434 5.656396 2340.928552
435 5.276963 2346.205645
436 5.657592 2351.863377
437 5.606916 2357.470422
438 6.379038 2363.849592
439 5.279216 2369.128948
440 4.994298 2374.123375
441 5.597841 2379.721343
442 5.30836 2385.029833
443 5.229015 2390.25898
444 5.08738 2395.346493
445 4.723384 2400.070005
446 6.013008 2406.08314
447 5.361133 2411.444398
448 5.012527 2416.457056
449 6.352023 2422.809214
450 4.842335 2427.651678
451 5.215939 2432.86775
452 5.593173 2438.461057
453 4.84741 2443.308598
454 5.548625 2448.857355
455 5.291884 2454.149369
456 5.611478 2459.760979
457 6.131045 2465.892158
458 5.375081 2471.267376
459 5.255485 2476.522991
460 5.622574 2482.145693
461 6.312645 2488.458469
462 6.363964 2494.822569
463 5.394486 2500.217201
464 5.019911 2505.237251
465 4.720908 2509.958286
466 5.019584 2514.977998
467 5.589097 2520.567227
468 5.024826 2525.592181
469 5.250494 2530.842799
470 5.272194 2536.115129
471 5.629572 2541.744838
472 5.602873 2547.347849
473 5.297974 2552.645954
474 6.065638 2558.711722
475 6.42569 2565.137541
476 5.132428 2570.270099
477 6.250453 2576.520687
478 6.390944 2582.911759
479 5.170557 2588.082439
480 5.622982 2593.705553
481 4.760204 2598.46589
482 5.011866 2603.477882
483 5.646495 2609.124506
484 4.768651 2613.893287
485 6.105097 2619.998518
486 5.636394 2625.635056
487 5.305842 2630.941026
488 5.267575 2636.20873
489 5.294437 2641.503307
490 6.310687 2647.814122
491 5.153848 2652.968104
492 5.195261 2658.163504
493 4.803335 2662.966966
494 5.265802 2668.232901
495 4.769734 2673.002766
496 4.759079 2677.76198
497 4.699684 2682.461792
498 5.581691 2688.043622
499 5.38764 2693.431393
500 6.285233 2699.716775
501 6.168396 2705.885305
502 6.37337 2712.258807
503 5.411571 2717.670513
504 5.630431 2723.301091
505 4.580051 2727.881279
506 4.955548 2732.836954
507 4.761395 2737.598483
508 6.109105 2743.707722
509 4.870977 2748.578832
510 13.977474 2762.556432
511 5.225739 2767.782299
512 27.20148 2794.983909
513 7.229652 2802.213696
514 4.860856 2807.074685
515 8.37328 2815.448091
516 17.416499 2832.86472
517 9.562071 2842.426929
518 14.047188 2856.474245
519 8.597339 2865.071712
520 5.535845 2870.607687
521 10.552751 2881.160572
522 7.056698 2888.217403
523 183.868784 3072.086319
524 178.934163 3251.020619
525 6.342209 3257.362966
526 5.988504 3263.351603
527 6.217953 3269.569691
528 7.029565 3276.599391
529 5.433938 3282.033453
530 232.299552 3514.333139
