# instance ../../../instances/fattree-bcube/Fattree_n16_k2_bw10_cpu16.pn
# Settings: PN=../../../instances/fattree-bcube/Fattree_n16_k2_bw10_cpu16.pn, VN=../../../instances/fattree-bcube/instance_list_15vm_rnd.txt, multi-thread=False
init 0.049698 0.049698
1 10.896125 10.945823
2 8.854474 19.800425
3 9.70745 29.508002
4 9.673624 39.181756
5 7.867279 47.04917
6 10.490235 57.539534
7 10.052156 67.591825
8 10.669363 78.261319
9 8.458577 86.720028
10 7.951972 94.67212
11 9.677897 104.350143
12 10.221242 114.571513
13 10.631666 125.20331
14 9.859201 135.062643
15 9.855479 144.918251
16 9.889912 154.808287
17 9.846992 164.65544
18 9.487942 174.143509
19 7.953944 182.097583
20 10.715672 192.813383
21 10.750459 203.563977
22 9.460145 213.024252
23 11.822362 224.84676
24 10.088816 234.935709
25 10.935816 245.871661
26 10.192863 256.064662
27 11.690469 267.755264
28 12.898597 280.653995
29 9.920923 290.575043
30 9.983897 300.559068
31 12.96209 313.521285
32 10.323397 323.844808
33 10.370083 334.215026
34 10.474241 344.689399
35 10.39568 355.085212
36 12.448136 367.533483
37 10.22049 377.754108
38 10.046677 387.800912
39 9.748042 397.549092
40 11.408174 408.957399
41 12.442239 421.399769
42 11.736996 433.136902
43 10.264874 443.401909
44 10.692207 454.094251
45 9.682257 463.776639
46 10.127218 473.903988
47 10.66693 484.571056
48 10.52965 495.10084
49 10.655375 505.756348
50 9.794758 515.551238
51 10.691568 526.242938
52 9.708094 535.951166
53 10.591872 546.543168
54 12.78593 559.329232
55 11.70004 571.029407
56 10.404077 581.433618
57 10.476194 591.909941
58 12.520125 604.430197
59 10.733082 615.163414
60 11.660676 626.824223
61 10.208702 637.033072
62 11.597827 648.631027
63 10.722082 659.353247
64 11.589894 670.943276
65 11.69216 682.635565
66 9.829905 692.465608
67 10.363051 702.828789
68 11.514404 714.343327
69 10.748086 725.091545
70 10.161589 735.253272
71 10.184695 745.438095
72 12.524619 757.962849
73 10.14259 768.105575
74 11.619731 779.725442
75 10.736932 790.46251
76 10.051559 800.514196
77 10.665616 811.179945
78 12.772083 823.952164
79 11.797788 835.750078
80 12.519964 848.270177
81 10.798981 859.069289
82 11.456462 870.525883
83 10.864896 881.390918
84 11.458644 892.849692
85 13.090047 905.939869
86 12.418369 918.358378
87 12.625977 930.984485
88 13.090883 944.075503
89 12.51494 956.590582
90 10.543759 967.134483
91 12.456278 979.590895
92 10.828384 990.419423
93 9.663931 1000.083475
94 12.865241 1012.948846
95 10.404262 1023.353244
96 10.583064 1033.936433
97 9.688303 1043.624866
98 9.826167 1053.451166
99 9.54676 1062.998058
100 11.566517 1074.564705
101 10.631391 1085.196229
102 12.537944 1097.734333
103 12.950004 1110.684474
104 10.856979 1121.541589
105 11.57706 1133.118783
106 11.67678 1144.795693
107 10.750599 1155.546425
108 9.716222 1165.26279
109 11.526292 1176.789216
110 10.283808 1187.073161
111 11.418169 1198.491465
112 10.908135 1209.39974
113 10.517769 1219.917659
114 10.717904 1230.635699
115 9.656341 1240.292171
116 10.269333 1250.561636
117 10.565772 1261.127547
118 9.753161 1270.880841
119 10.604682 1281.485655
120 9.77385 1291.259638
121 11.56894 1302.828719
122 11.620884 1314.449732
123 12.865454 1327.315314
124 9.94649 1337.26194
125 10.612896 1347.874967
126 10.4673 1358.342399
127 11.478981 1369.821517
128 12.829308 1382.65096
129 13.026751 1395.677837
130 10.597464 1406.275434
131 10.581048 1416.856621
132 9.74237 1426.599122
133 10.620385 1437.219639
134 12.949309 1450.169077
135 10.868212 1461.037424
136 10.658587 1471.696141
137 10.700855 1482.397131
138 10.259861 1492.657126
139 10.327755 1502.985013
140 12.451976 1515.43712
141 10.641024 1526.078276
142 10.170055 1536.248469
143 11.689484 1547.938089
144 11.484544 1559.422767
145 12.876417 1572.299315
146 11.113893 1583.413343
147 10.50961 1593.923084
148 10.819843 1604.743057
149 10.623725 1615.366916
150 10.770676 1626.137726
151 10.586511 1636.724371
152 12.886863 1649.611369
153 9.845127 1659.456641
154 10.319978 1669.776751
155 12.481054 1682.257941
156 10.202751 1692.46082
157 12.832589 1705.293541
158 10.438604 1715.732289
159 10.507693 1726.240135
160 10.327468 1736.567759
161 10.353243 1746.921139
162 11.453057 1758.374326
163 13.021358 1771.395816
164 10.510575 1781.906525
165 10.384514 1792.291173
166 10.576984 1802.868289
167 12.325047 1815.193491
168 10.750149 1825.94379
169 9.801712 1835.745636
170 10.545894 1846.291666
171 11.524225 1857.816027
172 10.727439 1868.543607
173 10.659087 1879.202829
174 11.508883 1890.711845
175 12.428114 1903.140103
176 11.058158 1914.198397
177 10.488057 1924.686587
178 10.687809 1935.374536
179 10.145527 1945.520202
180 11.446136 1956.966464
181 11.617968 1968.584567
182 11.694814 1980.279518
183 10.52428 1990.803928
184 12.760304 2003.564368
185 10.381788 2013.946291
186 11.512074 2025.458497
187 11.610849 2037.069478
188 11.722876 2048.792491
189 9.785288 2058.577915
190 9.672367 2068.250416
191 11.573623 2079.824173
192 12.920552 2092.74487
193 11.709922 2104.454924
194 10.453164 2114.90822
195 10.75127 2125.659645
196 10.277083 2135.936862
197 10.623804 2146.560799
198 9.922887 2156.483824
199 12.204767 2168.688729
200 11.871529 2180.560393
201 9.748424 2190.308953
202 12.865646 2203.174732
203 10.12223 2213.297098
204 11.395851 2224.693081
205 10.945642 2235.638854
206 12.959199 2248.598193
207 9.88672 2258.485047
208 11.717817 2270.202996
209 10.793314 2280.996448
210 12.909333 2293.905913
211 10.933331 2304.839376
212 12.992481 2317.83199
213 10.929816 2328.761947
214 12.347534 2341.109614
215 13.059444 2354.16919
216 10.867346 2365.03667
217 11.566407 2376.603215
218 12.479939 2389.083292
219 10.559315 2399.642746
220 11.65273 2411.295612
221 10.780684 2422.076428
222 11.590623 2433.667187
223 10.762608 2444.429926
224 11.566518 2455.996576
225 11.72862 2467.725337
226 10.805236 2478.530704
227 11.544663 2490.075503
228 12.963742 2503.03938
229 10.95634 2513.995856
230 10.692275 2524.688264
231 10.131654 2534.820075
232 12.381902 2547.202101
233 10.867854 2558.070094
234 10.452987 2568.523217
235 11.543814 2580.067163
236 12.563611 2592.630906
237 10.387837 2603.018878
238 10.711416 2613.730425
239 10.820249 2624.550806
240 10.077816 2634.628751
241 10.645564 2645.274451
242 11.774718 2657.049305
243 9.843307 2666.892744
244 11.423233 2678.316114
245 9.864745 2688.180996
246 10.597397 2698.778524
247 11.604063 2710.382724
248 10.578799 2720.961661
249 12.528544 2733.49034
250 11.660532 2745.151007
251 10.144727 2755.295873
252 12.470733 2767.766747
253 9.904596 2777.671475
254 10.286313 2787.957925
255 11.48292 2799.440982
256 10.854166 2810.295283
257 10.58531 2820.880731
258 12.541359 2833.422237
259 12.482727 2845.905089
260 10.024403 2855.929626
261 10.570188 2866.499953
262 10.751421 2877.251511
263 11.561832 2888.813477
264 11.806315 2900.619927
265 12.968733 2913.588785
266 13.025174 2926.614095
267 10.952061 2937.566291
268 11.585585 2949.152013
269 10.714835 2959.866979
270 10.170759 2970.037874
271 11.526221 2981.564236
272 10.909682 2992.474071
273 10.756611 3003.230818
274 10.13777 3013.368722
275 11.605694 3024.974548
276 10.741669 3035.716354
277 12.999679 3048.716171
278 10.787195 3059.503504
279 12.81493 3072.318579
280 10.945264 3083.263965
281 9.771951 3093.036054
282 10.035702 3103.071894
283 10.723433 3113.795461
284 10.818772 3124.614366
285 10.801856 3135.416357
286 11.521722 3146.938223
287 10.823915 3157.762274
288 12.561597 3170.324006
289 9.887285 3180.211428
290 10.592437 3190.803998
291 12.872651 3203.676783
292 10.973013 3214.649933
293 9.739961 3224.390023
294 11.590598 3235.980754
295 10.850131 3246.831023
296 10.763958 3257.59513
297 10.185267 3267.780534
298 10.496283 3278.276951
299 10.483164 3288.760248
300 10.068147 3298.828585
301 10.573655 3309.402375
302 10.77724 3320.179764
303 11.662061 3331.841958
304 10.70203 3342.544126
305 11.56142 3354.105679
306 10.773992 3364.879804
307 10.861642 3375.74158
308 12.811634 3388.553353
309 10.890468 3399.443953
310 10.539563 3409.98365
311 12.283446 3422.267239
312 11.832089 3434.09946
313 10.546464 3444.646057
314 9.649338 3454.295532
315 11.634661 3465.930329
316 11.679826 3477.610288
317 9.806124 3487.416553
318 10.631851 3498.048539
319 10.66234 3508.711037
320 11.629619 3520.340793
321 11.571313 3531.912242
322 11.694165 3543.606567
323 10.817709 3554.424416
324 10.501975 3564.926525
325 10.31624 3575.242902
326 12.529754 3587.772796
327 10.62996 3598.402893
