# instance ../../../instances/fattree-bcube/Fattree_n16_k2_bw10_cpu16.pn
# Settings: PN=../../../instances/fattree-bcube/Fattree_n16_k2_bw10_cpu16.pn, VN=../../../instances/fattree-bcube/instance_list_6vm_rnd.txt, multi-thread=False
init 0.051406 0.051406
1 2.957366 3.008772
2 2.641851 5.650751
3 3.159284 8.810151
4 2.687188 11.49747
5 2.06751 13.565089
6 3.097376 16.662594
7 2.684219 19.346947
8 2.471003 21.818063
9 2.40473 24.222924
10 2.066393 26.289449
11 3.111065 29.400635
12 2.865059 32.265822
13 2.858975 35.124922
14 2.795299 37.920358
15 2.513004 40.433497
16 2.761367 43.194995
17 2.844376 46.039497
18 2.829981 48.869611
19 2.854721 51.724462
20 2.841875 54.566469
21 2.80299 57.369588
22 2.873515 60.243237
23 2.468521 62.711889
24 3.137193 65.849209
25 2.912575 68.761919
26 2.096387 70.858437
27 2.383512 73.242087
28 2.09184 75.334061
29 2.729729 78.063922
30 2.852532 80.916583
31 2.865683 83.782396
32 2.472418 86.254943
33 2.786741 89.041817
34 3.215105 92.257051
35 3.273232 95.530417
36 2.518303 98.048849
37 2.76891 100.817892
38 2.85132 103.669339
39 2.870178 106.539652
40 2.812936 109.352722
41 2.871719 112.224576
42 2.47282 114.697524
43 3.137129 117.834774
44 2.906874 120.741784
45 2.130299 122.872215
46 2.723783 125.596129
47 3.248366 128.844616
48 2.145151 130.989891
49 2.05016 133.040172
50 2.725929 135.766226
51 2.857181 138.623534
52 2.883256 141.506911
53 2.821357 144.328398
54 2.88375 147.212276
55 2.473258 149.68566
56 2.800769 152.486555
57 2.497548 154.984225
58 2.789513 157.77387
59 2.87359 160.647589
60 2.467225 163.114938
61 2.41871 165.533776
62 2.479021 168.012926
63 2.770041 170.783092
64 2.874622 173.65784
65 2.840066 176.498029
66 2.87782 179.375977
67 2.460134 181.836233
68 2.439104 184.275459
69 2.815989 187.091576
70 2.869419 189.961115
71 2.807656 192.768893
72 2.872715 195.641735
73 3.244808 198.88667
74 2.861185 201.747981
75 2.897528 204.645637
76 2.830064 207.475827
77 2.497107 209.973065
78 3.173065 213.146255
79 2.894766 216.041145
80 2.821204 218.86248
81 2.124277 220.986879
82 2.385935 223.372929
83 2.08324 225.456298
84 2.741507 228.197929
85 2.147377 230.345427
86 2.722878 233.068428
87 2.515684 235.584239
88 2.061886 237.646254
89 2.431056 240.077439
90 2.771033 242.8486
91 2.533123 245.381852
92 3.143295 248.525278
93 2.925198 251.450598
94 3.209274 254.659996
95 2.497697 257.157821
96 2.819125 259.977074
97 2.454228 262.431427
98 2.4411 264.872656
99 2.812528 267.685314
100 2.1295 269.814939
101 2.745206 272.560267
102 2.114635 274.675027
103 2.783308 277.458459
104 2.852084 280.310672
105 2.474961 282.785766
106 2.771236 285.557134
107 2.148695 287.705952
108 3.124354 290.830434
109 2.163049 292.993604
110 2.043933 295.037656
111 2.377942 297.415727
112 2.083463 299.49932
113 2.745133 302.244568
114 2.874306 305.118996
115 2.838174 307.957299
116 2.874241 310.831667
117 2.838934 313.670733
118 2.534854 316.205723
119 2.58423 318.790083
120 2.683782 321.473972
121 2.653501 324.127582
122 2.888716 327.016413
123 2.320782 329.33732
124 2.09967 331.437098
125 2.39227 333.829492
126 2.789978 336.619594
127 2.684037 339.303758
128 2.844027 342.147894
129 2.879943 345.027967
130 3.199454 348.22755
131 2.882593 351.11027
132 2.70125 353.811651
133 2.487022 356.298784
134 2.856464 359.155371
135 3.196401 362.351894
136 3.286787 365.638804
137 2.901845 368.540773
138 2.847096 371.38799
139 2.8832 374.271311
140 2.315506 376.586948
141 2.842405 379.429462
142 2.805735 382.235321
143 2.872023 385.107465
144 3.232682 388.340273
145 2.182272 390.522664
146 2.730463 393.253261
147 2.862262 396.115655
148 2.89087 399.006651
149 2.326779 401.333562
150 2.807425 404.141099
151 3.22405 407.365276
152 3.297095 410.662501
153 2.859669 413.522292
154 2.335149 415.857565
155 3.207802 419.065479
156 2.861886 421.927488
157 2.346505 424.274123
158 3.190377 427.464615
159 3.233598 430.698343
160 3.281478 433.979942
161 2.929636 436.909706
162 2.844439 439.754268
163 2.130431 441.884822
164 2.054091 443.939037
165 2.730368 446.669531
166 2.525125 449.194783
167 2.442235 451.637138
168 2.27076 453.908026
169 2.824346 456.732508
170 2.654411 459.387045
171 2.533431 461.920585
172 2.775369 464.696081
173 2.869326 467.565529
174 2.843668 470.409327
175 2.696217 473.105666
176 2.472299 475.578075
177 2.835696 478.413895
178 2.811406 481.225423
179 2.372354 483.597901
180 2.77417 486.372183
181 3.221354 489.593664
182 2.93431 492.528096
183 2.863696 495.391919
184 2.833214 498.225255
185 2.841173 501.066554
186 2.877001 503.943676
187 2.837343 506.781143
188 2.871605 509.652873
189 2.894129 512.547128
190 2.326519 514.873772
191 2.79927 517.673158
192 2.941475 520.614763
193 2.874291 523.489191
194 2.142603 525.631916
195 2.231794 527.863836
196 2.641144 530.505091
197 2.811855 533.317053
198 3.452292 536.769466
199 2.933223 539.702818
200 3.443254 543.14619
201 3.497155 546.643472
202 2.914677 549.558272
203 2.146102 551.704505
204 2.738307 554.442933
205 2.87057 557.313629
206 2.467669 559.781426
207 2.089367 561.870916
208 2.80233 564.673372
209 2.623831 567.297333
210 2.882131 570.179577
211 2.819646 572.999352
212 3.222916 576.222391
213 2.884097 579.106617
214 2.129467 581.236203
215 3.12153 584.357866
216 3.269205 587.627204
217 3.229569 590.856898
218 3.270579 594.127601
219 2.734165 596.861889
220 2.316216 599.178226
221 2.651941 601.83028
222 2.471282 604.301673
223 2.09399 606.395789
224 2.383931 608.779843
225 2.827019 611.606983
226 2.811198 614.418299
227 2.872157 617.290581
228 2.844519 620.135224
229 2.129991 622.265338
230 3.13135 625.396813
231 2.881974 628.278915
232 2.839585 631.118624
233 3.219162 634.337914
234 2.890082 637.228119
235 2.921125 640.149376
236 2.857616 643.007118
237 2.913902 645.921147
238 3.436041 649.357314
239 2.539567 651.89701
240 2.431125 654.328257
241 3.174082 657.50247
242 2.880073 660.382673
243 2.457559 662.840369
244 3.155968 665.996469
245 2.873273 668.869869
246 2.865904 671.735908
247 2.132049 673.868086
248 2.726468 676.594689
249 3.19723 679.792057
250 2.873711 682.665887
251 2.150876 684.816896
252 2.741506 687.55853
253 2.859712 690.418372
254 2.823309 693.241809
255 3.197642 696.439581
256 2.913264 699.352977
257 2.84961 702.202714
258 3.205921 705.408779
259 2.515058 707.923965
260 2.770084 710.694184
261 3.19771 713.892016
262 3.274853 717.166996
263 2.883505 720.050632
264 3.217683 723.268446
265 2.92625 726.194827
266 2.480255 728.675211
267 2.811773 731.487113
268 3.186292 734.673528
269 2.161775 736.835438
270 2.772027 739.6076
271 2.466418 742.074146
272 2.807755 744.882035
273 2.481396 747.36356
274 2.109821 749.473512
275 2.87321 752.346849
276 2.918567 755.265532
277 2.473899 757.739561
278 2.844542 760.58423
279 2.80781 763.392159
280 2.867513 766.259792
281 2.891286 769.151213
282 2.81345 771.96479
283 2.528734 774.493659
284 2.910109 777.403896
285 3.276647 780.680661
286 2.145485 782.826271
287 2.778941 785.605342
288 2.981798 788.587268
289 2.53512 791.122505
290 2.963538 794.086172
291 2.844827 796.931118
292 2.162911 799.094156
293 2.775774 801.870057
294 2.853843 804.72403
295 2.311494 807.03565
296 3.164625 810.200396
297 2.916348 813.11687
298 2.134644 815.251645
299 2.027237 817.279013
300 2.441154 819.720301
301 3.141325 822.861755
302 2.539075 825.400966
303 2.093644 827.494731
304 2.23885 829.733711
305 3.17415 832.907977
306 2.886582 835.794685
307 2.830491 838.625316
308 2.874621 841.500067
309 2.804696 844.304894
310 2.864692 847.16971
311 2.122936 849.292786
312 2.739293 852.0322
313 2.860602 854.892931
314 3.179647 858.072704
315 2.534139 860.606973
316 2.821348 863.428451
317 3.220002 866.648582
318 2.847331 869.496046
319 2.859891 872.35606
320 2.830901 875.187096
321 2.126206 877.313427
322 3.136722 880.450281
323 3.230035 883.680448
324 2.891756 886.572334
325 2.880094 889.452554
326 2.318793 891.771475
327 3.178787 894.950372
328 2.171336 897.121836
329 3.133589 900.255553
330 2.880326 903.136
331 2.880865 906.016999
332 3.186156 909.203286
333 2.878371 912.081789
334 3.211122 915.293044
335 2.93258 918.225748
336 2.816803 921.042679
337 2.15489 923.197713
338 3.143647 926.341483
339 2.851123 929.192739
340 2.456606 931.649472
341 2.813435 934.463037
342 2.8253 937.288491
343 2.523483 939.812094
344 3.144469 942.956695
345 2.963088 945.919912
346 2.484444 948.40449
347 2.821235 951.225851
348 2.816116 954.042099
349 3.219164 957.261392
350 2.894688 960.156212
351 2.836888 962.993226
352 2.489923 965.483275
353 3.169363 968.652767
354 2.876146 971.52905
355 2.124833 973.654012
356 2.771723 976.425872
357 3.181492 979.607497
358 3.272296 982.879919
359 2.851823 985.731879
360 3.221732 988.953742
361 3.267491 992.221368
362 3.231357 995.452855
363 2.504665 997.957655
364 2.828713 1000.786496
365 2.796629 1003.583254
366 2.521801 1006.105184
367 2.763538 1008.868849
368 2.533352 1011.402322
369 2.435974 1013.838419
370 2.853299 1016.691849
371 3.189157 1019.881127
372 3.286664 1023.16792
373 2.901596 1026.069639
374 3.190357 1029.260133
375 2.927123 1032.187385
376 2.13531 1034.322818
377 2.060554 1036.383498
378 2.731436 1039.115062
379 2.867227 1041.982417
380 2.835229 1044.817774
381 2.870673 1047.688576
382 3.232632 1050.92133
383 2.887431 1053.80889
384 2.833866 1056.642884
385 2.879781 1059.522799
386 2.143037 1061.665961
387 2.729424 1064.395523
388 2.868174 1067.263822
389 2.45994 1069.723891
390 2.090013 1071.814035
391 2.828875 1074.643034
392 3.406401 1078.049562
393 2.888067 1080.937762
394 3.428403 1084.36629
395 3.422984 1087.789406
396 3.460999 1091.25053
397 2.962487 1094.213143
398 2.85123 1097.064498
399 2.953659 1100.018291
400 2.148475 1102.166889
401 2.379877 1104.546901
402 2.830924 1107.377956
403 2.471633 1109.849717
404 2.849258 1112.699106
405 2.820991 1115.520223
406 2.894353 1118.414705
407 2.4855 1120.900357
408 2.806782 1123.707262
409 2.834519 1126.541914
410 2.87062 1129.412664
411 3.22696 1132.639757
412 2.897676 1135.53756
413 2.498486 1138.036178
414 2.42549 1140.461802
415 2.445061 1142.906991
416 2.81418 1145.721296
417 2.871199 1148.592625
418 2.803881 1151.396626
419 3.213044 1154.609798
420 3.267287 1157.877213
421 2.876276 1160.753624
422 2.872823 1163.626577
423 2.880495 1166.507203
424 2.825415 1169.332745
425 3.22095 1172.553826
426 2.889292 1175.443247
427 3.213591 1178.656975
428 2.540592 1181.197695
429 3.17622 1184.374044
430 2.879977 1187.25415
431 2.138415 1189.392696
432 2.018497 1191.411314
433 2.760837 1194.172283
434 2.483487 1196.655906
435 2.837236 1199.493272
436 2.805241 1202.298638
437 3.202939 1205.501703
438 2.543533 1208.045368
439 2.834046 1210.879549
440 2.801595 1213.681274
441 2.86779 1216.549198
442 2.83958 1219.388906
443 3.225022 1222.614054
444 2.546048 1225.160229
445 2.76488 1227.925247
446 2.863578 1230.788959
447 3.216136 1234.005216
448 2.577009 1236.582356
449 2.858642 1239.44113
450 2.142956 1241.584211
451 2.429924 1244.014266
452 3.006025 1247.020419
453 2.987339 1250.007885
454 2.520979 1252.528992
455 2.526486 1255.055605
456 2.100596 1257.156334
457 2.459566 1259.616035
458 2.983172 1262.599332
459 2.941723 1265.541188
460 3.024598 1268.565913
461 2.523421 1271.089469
462 3.001344 1274.090935
463 2.11755 1276.20861
464 2.935079 1279.143815
465 2.486927 1281.630871
466 2.501451 1284.132449
467 2.117796 1286.25037
468 2.903615 1289.154119
469 3.031682 1292.185928
470 2.990956 1295.177015
471 3.058281 1298.235423
472 2.990151 1301.225708
473 3.03232 1304.258157
474 2.511921 1306.770211
475 3.008709 1309.779051
476 2.958549 1312.737734
477 2.17011 1314.90797
478 3.328415 1318.236512
479 2.162494 1320.399136
480 2.074993 1322.474252
481 2.404177 1324.878564
482 2.998277 1327.876976
483 2.559008 1330.436113
484 3.335533 1333.771778
485 3.091801 1336.863711
486 2.484403 1339.348246
487 2.994116 1342.342491
488 3.016774 1345.3594
489 3.059873 1348.419401
490 2.491647 1350.911176
491 3.014239 1353.925538
492 2.968539 1356.89421
493 3.391023 1360.285355
494 2.634237 1362.919721
495 2.109508 1365.029355
496 2.466538 1367.496022
497 2.441357 1369.937509
498 2.981018 1372.918654
499 2.541848 1375.46065
500 3.353367 1378.814147
501 3.437904 1382.252182
502 2.189954 1384.442264
503 3.255988 1387.698386
504 3.05854 1390.757055
505 2.545659 1393.302849
506 2.528123 1395.8311
507 3.327573 1399.158806
508 3.426476 1402.585431
509 3.06957 1405.65514
510 3.030447 1408.685723
511 2.966015 1411.651867
512 2.574478 1414.226477
513 3.354249 1417.580852
514 2.579045 1420.16003
515 2.468466 1422.628624
516 2.927771 1425.556521
517 2.573829 1428.130481
518 2.107261 1430.237868
519 2.396386 1432.634384
520 2.103568 1434.738078
521 2.848686 1437.586897
522 2.169566 1439.756588
523 2.880475 1442.637192
524 2.916975 1445.554298
525 2.516044 1448.070472
526 3.353221 1451.423828
527 3.448019 1454.871972
528 2.9754 1457.84751
529 2.943325 1460.790964
530 3.006382 1463.79747
531 2.122819 1465.920416
532 2.884521 1468.805065
533 2.900166 1471.705362
534 2.983746 1474.689242
535 2.926528 1477.615895
536 2.573906 1480.189927
537 2.933822 1483.123868
538 2.906437 1486.030433
539 2.545821 1488.576384
540 2.882938 1491.459456
541 2.968677 1494.428272
542 2.159255 1496.587657
543 2.860639 1499.448417
544 3.032473 1502.48101
545 3.021279 1505.502411
546 2.976906 1508.47945
547 2.962405 1511.441971
548 3.397975 1514.840078
549 3.030772 1517.870977
550 3.374712 1521.245824
551 2.978856 1524.224808
552 3.378441 1527.603379
553 3.430217 1531.033723
554 2.994058 1534.027909
555 2.9867 1537.014738
556 2.489379 1539.504271
557 2.947476 1542.451873
558 2.917917 1545.369923
559 3.403062 1548.773114
560 2.565426 1551.338671
561 2.905971 1554.24478
562 2.141774 1556.386686
563 2.901393 1559.288214
564 2.117306 1561.405643
565 2.883477 1564.289244
566 2.320179 1566.609545
567 2.971573 1569.581236
568 3.353953 1572.935319
569 3.457561 1576.393012
570 3.025079 1579.418211
571 2.94892 1582.367259
572 2.982656 1585.350044
573 2.905034 1588.255211
574 2.969462 1591.224804
575 2.930471 1594.155407
576 2.980697 1597.136234
577 3.349368 1600.485734
578 3.02549 1603.511352
579 2.946164 1606.457649
580 2.326576 1608.784353
581 2.115464 1610.89994
582 3.270836 1614.170899
583 2.385908 1616.556943
584 3.352379 1619.90944
585 2.983372 1622.89294
586 3.39467 1626.287734
587 3.030902 1629.318755
588 2.924213 1632.243112
589 2.975442 1635.218683
590 2.318938 1637.537765
591 2.469553 1640.007431
592 2.930445 1642.938001
593 2.150982 1645.089117
594 2.820525 1647.909764
595 2.547365 1650.457262
596 2.511582 1652.968974
597 3.364772 1656.33388
598 3.003239 1659.33725
599 2.927744 1662.265121
600 2.580439 1664.845698
601 3.395027 1668.240854
602 3.455732 1671.696718
603 2.574673 1674.271518
604 2.521513 1676.793167
605 2.441585 1679.234874
606 2.514662 1681.749667
607 3.343798 1685.093593
608 2.188051 1687.281769
609 2.847578 1690.129483
610 3.441192 1693.570802
611 2.953928 1696.524864
612 2.150135 1698.675124
613 2.841017 1701.516277
614 2.512849 1704.029251
615 2.126305 1706.155687
616 3.352014 1709.507836
617 2.970114 1712.478077
618 2.994846 1715.473058
619 2.120688 1717.593874
620 2.064856 1719.658857
621 3.347793 1723.006779
622 2.530143 1725.537054
623 2.942075 1728.479261
624 2.962645 1731.442034
625 2.924871 1734.367037
626 3.009526 1737.376691
627 3.442828 1740.819655
628 3.455239 1744.275021
629 2.592668 1746.867823
630 2.105854 1748.973806
631 3.319807 1752.293746
632 3.414483 1755.708349
633 2.185308 1757.893791
634 2.873394 1760.767308
635 3.370656 1764.138102
636 2.184301 1766.322533
637 2.876348 1769.199004
638 2.118907 1771.318041
639 2.893933 1774.212097
640 2.914272 1777.126499
641 2.173751 1779.300382
642 2.416374 1781.716879
643 2.948609 1784.665609
644 2.904619 1787.570365
645 2.548799 1790.119293
646 2.463077 1792.582498
647 2.896031 1795.47866
648 2.513915 1797.992717
649 2.566778 1800.559621
650 2.858845 1803.418595
651 3.42818 1806.846908
652 2.61887 1809.465907
653 2.102941 1811.568978
654 2.461674 1814.030783
655 3.37441 1817.405326
656 2.983693 1820.389153
657 2.964097 1823.353371
658 2.150667 1825.504171
659 2.409787 1827.914082
660 3.385029 1831.299236
661 3.494294 1834.793658
662 3.425349 1838.219127
663 2.620394 1840.839642
664 2.446802 1843.286574
665 2.506926 1845.793632
666 2.080357 1847.874114
667 2.878736 1850.752983
668 3.414818 1854.167931
669 2.992417 1857.160483
670 2.524857 1859.685468
671 2.894052 1862.579654
672 2.981286 1865.561068
673 2.930683 1868.491904
674 2.991357 1871.483382
675 2.92248 1874.405995
676 2.168713 1876.574835
677 2.879093 1879.45406
678 2.483929 1881.93812
679 2.943753 1884.882003
680 2.49367 1887.375809
681 2.104717 1889.480664
682 2.883394 1892.364188
683 2.546758 1894.911079
684 2.439797 1897.351005
685 2.923837 1900.274976
686 2.57709 1902.852195
687 2.901187 1905.753511
688 2.973075 1908.726719
689 2.155071 1910.881932
690 3.332271 1914.214342
691 3.030376 1917.244847
692 2.90749 1920.152464
693 2.971848 1923.124447
694 3.393022 1926.517596
695 3.491918 1930.009646
696 3.045756 1933.055531
697 2.911566 1935.96723
698 2.970394 1938.937752
699 2.930002 1941.867885
700 2.968425 1944.836438
701 2.580105 1947.416678
702 3.392796 1950.8096
703 3.46747 1954.277204
704 2.594919 1956.872256
705 2.929078 1959.80147
706 2.9212 1962.722798
707 2.980993 1965.703922
708 3.40925 1969.113302
709 3.032596 1972.146031
710 2.929752 1975.075909
711 2.969474 1978.045516
712 2.154614 1980.200261
713 2.034991 1982.235377
714 3.293092 1985.528604
715 3.023294 1988.552026
716 2.947733 1991.499892
717 2.556338 1994.05636
718 2.885196 1996.941688
719 3.383199 2000.325016
720 3.027854 2003.352997
721 2.936065 2006.289191
722 3.452379 2009.741697
723 3.045883 2012.787707
724 2.93041 2015.718242
725 2.548614 2018.266983
726 2.937497 2021.204616
727 2.576709 2023.781452
728 3.398887 2027.180478
729 2.988025 2030.168634
730 3.416228 2033.58499
731 3.467648 2037.052765
732 2.954755 2040.007655
733 2.151803 2042.159588
734 2.072041 2044.231764
735 2.81236 2047.044259
736 2.977052 2050.021439
737 3.435977 2053.457543
738 3.494579 2056.952249
739 3.428172 2060.380554
740 3.480152 2063.860839
741 3.499003 2067.359977
742 3.011594 2070.3717
743 2.56348 2072.935309
744 3.354588 2076.290023
745 3.004536 2079.294683
746 2.952228 2082.247047
747 2.979313 2085.226494
748 2.948586 2088.175209
749 2.577362 2090.752705
750 3.387167 2094.140002
751 2.99661 2097.136749
752 2.946694 2100.08357
753 3.435494 2103.519192
754 2.999013 2106.518331
755 2.148566 2108.667028
756 2.408395 2111.075554
757 2.518516 2113.594198
758 2.915276 2116.509599
759 2.949411 2119.459137
760 2.516511 2121.975782
761 3.356472 2125.332383
762 2.977437 2128.309953
763 3.436381 2131.746465
764 3.460848 2135.207444
765 3.000958 2138.208531
766 3.377032 2141.585698
767 3.484997 2145.070824
768 2.992591 2148.06355
769 2.975714 2151.039394
770 2.945959 2153.985485
771 2.97775 2156.963365
772 2.544627 2159.508125
773 3.354619 2162.862879
774 3.033785 2165.896799
775 2.9141 2168.811027
776 2.975161 2171.786321
777 3.414597 2175.201043
778 2.997507 2178.198681
779 2.528911 2180.727731
780 2.503043 2183.230902
781 2.936272 2186.167302
782 2.483979 2188.651414
783 2.289435 2190.940982
784 3.281318 2194.222413
785 2.959493 2197.182036
786 2.968985 2200.151147
787 2.975511 2203.12679
788 3.433689 2206.560607
789 3.48148 2210.042221
790 3.003904 2213.046253
791 2.893297 2215.939681
792 2.935006 2218.874816
793 3.370919 2222.245869
794 3.436701 2225.682697
795 2.986228 2228.669064
796 2.173139 2230.842334
797 2.829162 2233.671626
798 2.956026 2236.627787
799 3.385082 2240.012998
800 3.001476 2243.014602
801 2.580286 2245.595017
802 2.876378 2248.471526
803 2.55821 2251.029865
804 3.335161 2254.36516
805 3.413968 2257.779258
806 3.454422 2261.233811
807 2.98986 2264.2238
808 2.932963 2267.15689
809 2.989246 2270.146269
810 2.922573 2273.068978
811 3.394018 2276.463126
812 2.574685 2279.037938
813 2.874082 2281.912152
814 2.162872 2284.075153
815 2.070748 2286.146039
816 2.812502 2288.958675
817 2.550101 2291.508916
818 2.877213 2294.386258
819 2.503417 2296.889804
820 3.316603 2300.20653
821 2.209441 2302.416097
822 2.816272 2305.232493
823 2.96597 2308.198595
824 2.941625 2311.14035
825 2.606087 2313.746565
826 2.872113 2316.618809
827 2.967577 2319.58651
828 3.403278 2322.989919
829 2.522377 2325.512418
830 2.937222 2328.449768
831 2.910038 2331.359932
832 2.980963 2334.341028
833 3.388822 2337.72998
834 3.450492 2341.180606
835 3.409236 2344.589974
836 2.975949 2347.566048
837 2.141169 2349.707346
838 2.867568 2352.575062
839 2.538347 2355.113538
840 3.347434 2358.461103
841 2.190939 2360.652169
842 2.876776 2363.52908
843 2.900473 2366.42968
844 2.978641 2369.408453
845 3.380844 2372.789428
846 2.958915 2375.748465
847 3.386002 2379.134602
848 3.44893 2382.583661
849 2.590416 2385.174207
850 2.943262 2388.117596
851 2.916374 2391.034101
852 2.934481 2393.968709
853 2.971432 2396.940272
854 2.927709 2399.868111
855 2.987633 2402.855879
856 2.494157 2405.350164
857 2.942905 2408.293202
858 3.355083 2411.648414
859 2.992366 2414.640908
860 2.569613 2417.210654
861 3.329734 2420.540527
862 3.01661 2423.55727
863 2.950041 2426.50744
864 2.988387 2429.495957
865 3.371247 2432.867333
866 2.985718 2435.853184
867 2.981767 2438.835078
868 2.153002 2440.988211
869 3.319969 2444.308301
870 2.554912 2446.863348
871 2.921985 2449.785463
872 2.980044 2452.765643
873 2.918955 2455.684726
874 2.982111 2458.666967
875 3.355775 2462.022871
876 3.024558 2465.047567
877 2.941097 2467.988794
878 2.983285 2470.972205
879 2.91607 2473.888405
880 2.551934 2476.440463
881 2.880798 2479.321389
882 2.975512 2482.297034
883 2.944762 2485.241925
884 2.179387 2487.421444
885 2.406448 2489.828018
886 3.347997 2493.176141
887 2.574729 2495.751003
888 2.507735 2498.258869
889 2.453823 2500.712827
890 2.902607 2503.615561
891 2.977359 2506.593053
892 2.158861 2508.752034
893 2.821267 2511.573437
894 2.97288 2514.546446
895 3.407136 2517.953714
896 2.593222 2520.547071
897 2.893039 2523.440238
898 2.952158 2526.392529
899 2.923981 2529.316634
900 2.98761 2532.304371
901 2.923207 2535.227711
902 2.986666 2538.214505
903 3.345341 2541.55998
904 2.577163 2544.137271
905 2.91882 2547.056223
906 2.929422 2549.985775
907 2.965344 2552.951252
908 3.391442 2556.342823
909 2.157621 2558.500579
910 2.87539 2561.376093
911 2.96838 2564.34461
912 3.366957 2567.711701
913 3.020538 2570.732366
914 2.492364 2573.224859
915 2.468629 2575.693611
916 2.942164 2578.635904
917 2.915297 2581.55133
918 2.942926 2584.494387
919 3.442118 2587.936637
920 2.952144 2590.888911
921 2.152178 2593.04121
922 2.84954 2595.890879
923 3.367456 2599.258459
924 2.983286 2602.241873
925 3.376393 2605.618399
926 3.442853 2609.061378
927 2.980895 2612.042407
928 2.956132 2614.998667
929 2.516551 2617.515362
930 2.443533 2619.959019
931 2.922104 2622.881255
932 2.478328 2625.359717
933 2.929708 2628.289553
934 2.942372 2631.232051
935 2.9905 2634.22268
936 2.900017 2637.122838
937 3.393588 2640.516553
938 2.985982 2643.50266
939 2.511448 2646.014248
940 2.931669 2648.946046
941 3.397027 2652.343201
942 2.58184 2654.925174
943 2.514089 2657.439393
944 2.121567 2659.561096
945 3.293586 2662.854817
946 2.982931 2665.837875
947 2.938546 2668.776553
948 2.977662 2671.754352
949 3.361339 2675.11582
950 3.026248 2678.142194
951 2.153604 2680.295929
952 3.267902 2683.563954
953 3.013655 2686.57774
954 2.119471 2688.697344
955 2.870338 2691.567809
956 2.984573 2694.55251
957 2.908501 2697.461146
958 2.973967 2700.435242
959 2.991211 2703.426582
960 2.496817 2705.923526
961 2.90899 2708.832645
962 2.963716 2711.796489
963 2.928979 2714.7256
964 3.397527 2718.123255
965 2.985399 2721.108784
966 2.989077 2724.09799
967 3.3546 2727.452723
968 2.520541 2729.973393
969 2.927879 2732.901403
970 2.924411 2735.825941
971 2.979468 2738.805541
972 2.524979 2741.33065
973 2.927693 2744.258483
974 2.911019 2747.169635
975 3.384389 2750.554155
976 2.632044 2753.186327
977 2.901495 2756.087951
978 2.965931 2759.054008
979 2.903848 2761.957987
980 2.922999 2764.88112
981 2.555375 2767.436623
982 2.455995 2769.892749
983 2.446445 2772.3393
984 3.354061 2775.69349
985 3.002192 2778.695808
986 2.505048 2781.200983
987 2.905468 2784.106578
988 3.408557 2787.515267
989 2.194008 2789.709402
990 2.077 2791.786529
991 2.830824 2794.617481
992 2.961416 2797.579034
993 3.409993 2800.989161
994 2.958516 2803.947796
995 2.973666 2806.921598
996 2.155205 2809.07693
997 3.260114 2812.337179
998 3.021598 2815.358904
999 2.891926 2818.250965
1000 2.968756 2821.219853
1001 2.158323 2823.378303
1002 2.041319 2825.419757
1003 2.081722 2827.501629
1004 2.077079 2829.578829
1005 3.324761 2832.903719
1006 3.40781 2836.311662
1007 3.428462 2839.740251
1008 2.570273 2842.310657
1009 2.948995 2845.259785
1010 2.971751 2848.231669
1011 3.400944 2851.632736
1012 3.42661 2855.059473
1013 2.998268 2858.057874
1014 2.931152 2860.989152
1015 2.150444 2863.139723
1016 2.849613 2865.989466
1017 3.385551 2869.375144
1018 3.022935 2872.398211
1019 3.365275 2875.763612
1020 2.983917 2878.747663
1021 2.960933 2881.708724
1022 2.954071 2884.662922
1023 2.984227 2887.64728
1024 2.557392 2890.204804
1025 2.446703 2892.651636
1026 2.916946 2895.568717
1027 2.98795 2898.556802
1028 3.400279 2901.95721
1029 2.549106 2904.506453
1030 2.879426 2907.386004
1031 3.391866 2910.778007
1032 3.444377 2914.222512
1033 2.587884 2916.810524
1034 2.525586 2919.33624
1035 2.910038 2922.246409
1036 2.959514 2925.206051
1037 2.491404 2927.697589
1038 3.350137 2931.047858
1039 2.983844 2934.031831
1040 2.574578 2936.606543
1041 2.461914 2939.068585
1042 3.313721 2942.382438
1043 3.008833 2945.3914
1044 2.154381 2947.545905
1045 2.070772 2949.616813
1046 2.831375 2952.448308
1047 3.368131 2955.816569
1048 3.425473 2959.242171
1049 2.988369 2962.230673
1050 2.17977 2964.410583
1051 2.074491 2966.4852
1052 2.468703 2968.954038
1053 2.894445 2971.848612
1054 2.982692 2974.831438
1055 2.918848 2977.750413
1056 2.980318 2980.730864
1057 2.559254 2983.290247
1058 2.119748 2985.410124
1059 2.828199 2988.238449
1060 3.399823 2991.6384
1061 2.618777 2994.257308
1062 2.884639 2997.142077
1063 2.957365 3000.099575
1064 2.984758 3003.084464
1065 2.910668 3005.995259
1066 2.98415 3008.979539
1067 2.157174 3011.136842
1068 2.834005 3013.97098
1069 2.959548 3016.930663
1070 2.94468 3019.875484
1071 3.384426 3023.260043
1072 2.522697 3025.782868
1073 3.338451 3029.121455
1074 3.022654 3032.144236
1075 2.908599 3035.052967
1076 2.973752 3038.02685
1077 2.949836 3040.976819
1078 2.987235 3043.964183
1079 3.367226 3047.331544
1080 2.621385 3049.953057
1081 2.925809 3052.878996
1082 2.545878 3055.425003
1083 3.336801 3058.761935
1084 2.566789 3061.328856
1085 2.874445 3064.203426
1086 2.969211 3067.172771
1087 2.942311 3070.115211
1088 3.407756 3073.523096
1089 2.973876 3076.497098
1090 3.378805 3079.876035
1091 3.038929 3082.915092
1092 2.563426 3085.478647
1093 2.916943 3088.39573
1094 2.930358 3091.326219
1095 2.992962 3094.319307
1096 2.502711 3096.822148
1097 2.905857 3099.728129
1098 2.525079 3102.253341
1099 2.898871 3105.152341
1100 3.382569 3108.53505
1101 3.04555 3111.580732
1102 2.559758 3114.140618
1103 2.913752 3117.054502
1104 2.925183 3119.979812
1105 2.575027 3122.554967
1106 2.893276 3125.448372
1107 2.970482 3128.418989
1108 3.401997 3131.821115
1109 2.951334 3134.772576
1110 2.176746 3136.949454
1111 2.463761 3139.413347
1112 2.530952 3141.94443
1113 2.873072 3144.817632
1114 2.545137 3147.362898
1115 2.12308 3149.486113
1116 2.835447 3152.321693
1117 2.96357 3155.285388
1118 2.939859 3158.225378
1119 2.975733 3161.201235
1120 2.947695 3164.149061
1121 2.98575 3167.13494
1122 2.956685 3170.091762
1123 2.507157 3172.599038
1124 2.453901 3175.053066
1125 2.93719 3177.99039
1126 2.914018 3180.904538
1127 2.560533 3183.465199
1128 2.520377 3185.985712
1129 2.882678 3188.868524
1130 2.144464 3191.013116
1131 2.067803 3193.081047
1132 2.07039 3195.151572
1133 2.814787 3197.966487
1134 2.607086 3200.573704
1135 2.875958 3203.449792
1136 2.984038 3206.433958
1137 2.947693 3209.381785
1138 2.578417 3211.960333
1139 2.892638 3214.853109
1140 2.976198 3217.829438
1141 2.490776 3220.320346
1142 2.944044 3223.264513
1143 2.153246 3225.417899
1144 2.475072 3227.8931
1145 2.109746 3230.002968
1146 2.409717 3232.412808
1147 2.939157 3235.352094
1148 2.491315 3237.843539
1149 2.95234 3240.796014
1150 2.126241 3242.922382
1151 2.066307 3244.988818
1152 2.842953 3247.8319
1153 2.175413 3250.00744
1154 3.31953 3253.327096
1155 2.957991 3256.285215
1156 2.540447 3258.825798
1157 2.911432 3261.737359
1158 2.925062 3264.662555
1159 2.974794 3267.637477
1160 2.52697 3270.164579
1161 2.121915 3272.286626
1162 2.830135 3275.116917
1163 2.961735 3278.07878
1164 2.492278 3280.571187
1165 2.93881 3283.51013
1166 2.947396 3286.457655
1167 2.567457 3289.025244
1168 2.927062 3291.952433
1169 2.573388 3294.525953
1170 2.947623 3297.473705
1171 2.550622 3300.024465
1172 2.893044 3302.917635
1173 2.994906 3305.912666
1174 2.920029 3308.832825
1175 3.402923 3312.235876
1176 2.537305 3314.773313
1177 2.933001 3317.70645
1178 2.935015 3320.641601
1179 2.961208 3323.602938
1180 2.935883 3326.538953
1181 2.148112 3328.687194
1182 3.317325 3332.004644
1183 2.984149 3334.98892
1184 2.153754 3337.142797
1185 2.411026 3339.553958
1186 2.89819 3342.452279
1187 2.965167 3345.41758
1188 3.409489 3348.827199
1189 2.945701 3351.773027
1190 2.555822 3354.328985
1191 3.323738 3357.652847
1192 2.986646 3360.639628
1193 2.979664 3363.619421
1194 2.491778 3366.11133
1195 2.524057 3368.635509
1196 3.334401 3371.970042
1197 2.622254 3374.592425
1198 3.335788 3377.928334
1199 2.978742 3380.907211
1200 2.976899 3383.884238
1201 2.928724 3386.813096
1202 3.387823 3390.201051
1203 3.034987 3393.236167
1204 3.378958 3396.615255
1205 3.44696 3400.062346
1206 2.1754 3402.237873
1207 3.302718 3405.540728
1208 2.16278 3407.703638
1209 3.299767 3411.00353
1210 3.438859 3414.442517
1211 3.040754 3417.4834
1212 2.927846 3420.41138
1213 2.574767 3422.986277
1214 2.89667 3425.883079
1215 3.372332 3429.255539
1216 3.024679 3432.280352
1217 3.370703 3435.651186
1218 3.453286 3439.104604
1219 2.597815 3441.702547
1220 2.441636 3444.144312
1221 2.912544 3447.056986
1222 2.156693 3449.213814
1223 3.268907 3452.482845
1224 3.021812 3455.504795
1225 2.910705 3458.415632
1226 3.380513 3461.796267
1227 3.032482 3464.828881
1228 2.911465 3467.740474
1229 2.98594 3470.726548
1230 2.161949 3472.888625
1231 2.831609 3475.720362
1232 2.563456 3478.283947
1233 2.566199 3480.850276
1234 2.862336 3483.712744
1235 2.970354 3486.683228
1236 2.954695 3489.638056
1237 3.401892 3493.040078
1238 2.202536 3495.242748
1239 2.895066 3498.137953
1240 2.989281 3501.127367
1241 2.544234 3503.671716
1242 3.310553 3506.9824
1243 3.015663 3509.998191
1244 2.919588 3512.917908
1245 2.617402 3515.535435
1246 2.457994 3517.993558
1247 2.902756 3520.896444
1248 2.987969 3523.88454
1249 2.920368 3526.805043
1250 2.985582 3529.790756
1251 2.939955 3532.730846
1252 2.154866 3534.88584
1253 2.84406 3537.730036
1254 2.979024 3540.709193
1255 3.033332 3543.742642
1256 2.974947 3546.717736
1257 3.046085 3549.763936
1258 2.919968 3552.68404
1259 3.397789 3556.081957
1260 3.046032 3559.128121
1261 2.923676 3562.051924
1262 3.38237 3565.434431
1263 3.431681 3568.866241
1264 3.015311 3571.881683
1265 2.931607 3574.813418
1266 2.155462 3576.969013
1267 2.23186 3579.201004
1268 2.104259 3581.305375
1269 2.225444 3583.530952
1270 2.91857 3586.449634
1271 2.932182 3589.381954
1272 2.177543 3591.559628
1273 2.811816 3594.371575
1274 2.973915 3597.345622
