# instance ../../../instances/fattree-bcube/BCube_n12_k2_bw10_cpu16.pn
# Settings: PN=../../../instances/fattree-bcube/BCube_n12_k2_bw10_cpu16.pn, VN=../../../instances/fattree-bcube/instance_list_6vm_rnd.txt, multi-thread=False
init 0.079682 0.079682
1 5.145671 5.225353
2 4.899766 10.125243
3 5.400712 15.526073
4 4.9097 20.4359
5 3.566154 24.002177
6 5.40165 29.403959
7 4.880925 34.285016
8 4.194796 38.479945
9 4.191913 42.67199
10 3.53283 46.204944
11 5.424515 51.629588
12 4.908396 56.538116
13 4.947542 61.485791
14 4.885245 66.371161
15 4.202835 70.574125
16 4.841564 75.41582
17 4.926106 80.342054
18 4.945138 85.287321
19 4.892406 90.17986
20 4.876493 95.05648
21 4.887781 99.944388
22 4.886886 104.831398
23 4.204982 109.036515
24 5.538783 114.575426
25 4.896454 119.47201
26 3.67377 123.145903
27 4.139991 127.286019
28 3.541779 130.827929
29 4.756182 135.58423
30 4.900331 140.484692
31 4.923639 145.408457
32 4.248522 149.657107
33 4.832177 154.489406
34 5.508527 159.998064
35 5.632144 165.630336
36 4.321409 169.951879
37 4.84021 174.792213
38 4.922304 179.714654
39 4.938888 184.653667
40 4.872379 189.526173
41 4.901825 194.428124
42 4.305435 198.733688
43 5.447812 204.181627
44 5.008041 209.189794
45 3.61693 212.806852
46 4.837383 217.644365
47 5.523741 223.168231
48 3.693782 226.862139
49 3.570776 230.433045
50 4.747641 235.180809
51 4.900805 240.081747
52 4.890993 244.972864
53 4.970648 249.943644
54 4.885941 254.829709
55 4.220213 259.050053
56 4.862707 263.912885
57 4.254712 268.167725
58 4.857222 273.025076
59 4.917294 277.942492
60 4.271343 282.21398
61 4.24977 286.463881
62 4.202404 290.666409
63 4.779348 295.445895
64 4.970354 300.41638
65 4.885639 305.302146
66 4.904634 310.206911
67 4.212668 314.419708
68 4.219524 318.639359
69 4.855412 323.494896
70 4.905811 328.400837
71 4.928948 333.329917
72 4.95592 338.285963
73 5.478014 343.764104
74 4.993912 348.758153
75 5.031837 353.790116
76 5.057395 358.847638
77 4.259264 363.107024
78 5.86458 368.97173
79 4.998035 373.969892
80 5.062138 379.032157
81 3.715087 382.747373
82 4.190707 386.938205
83 3.641957 390.580292
84 5.092568 395.672982
85 3.713507 399.386618
86 5.253351 404.640092
87 4.284995 408.925215
88 3.687417 412.612753
89 4.123908 416.736789
90 5.25773 421.994655
91 4.302194 426.296983
92 5.85664 432.153754
93 5.358644 437.512521
94 5.899486 443.412139
95 4.583937 447.996209
96 5.115095 453.111435
97 4.524713 457.636278
98 4.475283 462.111694
99 5.236085 467.347908
100 3.656611 471.004647
101 5.193776 476.198549
102 3.706816 479.905495
103 5.144531 485.050151
104 5.358538 490.408812
105 4.230829 494.639772
106 5.249578 499.889482
107 3.725215 503.614827
108 5.750174 509.36513
109 3.79837 513.163622
110 3.550258 516.714002
111 4.161199 520.875333
112 3.631962 524.507422
113 5.126201 529.633756
114 5.330668 534.964551
115 5.29998 540.26466
116 5.305737 545.570525
117 5.288806 550.859459
118 4.277815 555.137398
119 5.172006 560.309535
120 5.254972 565.564642
121 5.283087 570.847856
122 5.288092 576.13607
123 4.555431 580.69163
124 3.605018 584.296771
125 4.183345 588.480241
126 5.146961 593.627336
127 5.28872 598.916186
128 5.241031 604.157349
129 5.294191 609.451668
130 5.906941 615.358737
131 5.427927 620.78679
132 5.227988 626.014905
133 4.24253 630.257567
134 5.215411 635.473107
135 5.942361 641.415595
136 5.935571 647.351294
137 5.417059 652.768482
138 5.254224 658.022833
139 5.31782 663.340776
140 4.453786 667.794691
141 5.266634 673.061458
142 5.275336 678.336925
143 5.357161 683.694217
144 5.922252 689.616599
145 3.752787 693.369521
146 5.173525 698.543172
147 5.32015 703.863454
148 5.236218 709.099802
149 4.458972 713.558907
150 5.272391 718.831426
151 5.941254 724.772805
152 5.894203 730.667134
153 5.428608 736.09587
154 4.47947 740.575478
155 5.821348 746.39695
156 5.363768 751.76085
157 4.572136 756.33311
158 5.811007 762.144246
159 5.982447 768.126825
160 5.910193 774.037148
161 5.411903 779.449184
162 5.357329 784.806644
163 3.682453 788.489226
164 3.625465 792.114821
165 5.132286 797.247232
166 4.326656 801.574015
167 4.28154 805.855682
168 4.466619 810.322433
169 5.180646 815.503227
170 5.300484 820.803843
171 4.236998 825.04097
172 5.271916 830.313011
173 5.332874 835.646008
174 5.357787 841.003922
175 5.178892 846.182954
176 4.33986 850.522946
177 5.182855 855.705922
178 5.323751 861.029804
179 4.474733 865.504663
180 5.170073 870.674867
181 5.854905 876.529898
182 5.385209 881.915244
183 5.252306 887.167686
184 5.334712 892.502527
185 5.283024 897.785676
186 5.27966 903.065468
187 5.296403 908.362
188 5.261337 913.62347
189 5.222714 918.846308
190 4.514071 923.3605
191 5.258315 928.618944
192 5.327201 933.94627
193 5.279293 939.225693
194 3.698621 942.924436
195 4.422995 947.34755
196 5.191583 952.539264
197 5.35854 957.897934
198 5.887808 963.785868
199 5.298808 969.084809
200 5.952507 975.037448
201 6.012734 981.050313
202 5.30169 986.352132
203 3.736706 990.088969
204 5.169123 995.258219
205 5.312149 1000.570496
206 4.339358 1004.909997
207 3.664606 1008.574732
208 5.108774 1013.683629
209 5.232939 1018.916699
210 5.322456 1024.239279
211 5.31644 1029.555849
212 5.863744 1035.419723
213 5.377491 1040.797336
214 3.685751 1044.483213
215 5.793406 1050.276751
216 5.96901 1056.245892
217 6.014911 1062.260934
218 6.035062 1068.296127
219 5.306956 1073.603214
220 4.472031 1078.075376
221 5.186163 1083.261666
222 4.559711 1087.821501
223 3.656564 1091.478189
224 4.420569 1095.898891
225 5.195664 1101.094682
226 5.303551 1106.39836
227 5.248303 1111.646795
228 5.293768 1116.94069
229 3.633474 1120.574296
230 5.825984 1126.400409
231 5.357268 1131.757811
232 5.322404 1137.080347
233 5.85782 1142.938297
234 5.34303 1148.281455
235 5.286019 1153.567607
236 5.304969 1158.872709
237 5.216055 1164.088892
238 5.928239 1170.017262
239 4.450491 1174.467884
240 4.47001 1178.938021
241 5.837995 1184.776143
242 5.328184 1190.10446
243 4.372176 1194.476766
244 5.795214 1200.272107
245 5.326659 1205.598894
246 5.298632 1210.897658
247 3.725325 1214.623117
248 5.1065 1219.729736
249 5.933012 1225.662879
250 5.36761 1231.030621
251 3.700356 1234.731107
252 5.190849 1239.922059
253 5.28148 1245.203663
254 5.229861 1250.433654
255 5.861294 1256.295078
256 5.442175 1261.737389
257 5.246084 1266.983605
258 5.967538 1272.951273
259 4.357889 1277.309286
260 5.202989 1282.512405
261 5.890369 1288.402899
262 6.015758 1294.41879
263 5.318938 1299.737854
264 5.82742 1305.565407
265 5.336299 1310.901841
266 4.296992 1315.198961
267 5.211251 1320.410343
268 5.997057 1326.407538
269 3.724357 1330.13203
270 5.204863 1335.33702
271 4.260715 1339.59787
272 5.216285 1344.814281
273 4.306087 1349.120494
274 3.718245 1352.838863
275 5.748448 1358.587439
276 5.395062 1363.982632
277 4.314483 1368.297247
278 5.180034 1373.477403
279 5.39472 1378.872246
280 5.311421 1384.183797
281 5.30599 1389.489916
282 5.299111 1394.789156
283 4.491783 1399.281065
284 5.92261 1405.203801
285 5.906271 1411.110203
286 3.775231 1414.885565
287 5.258508 1420.144196
288 5.862349 1426.006677
289 4.362998 1430.369808
290 5.951735 1436.321669
291 5.234264 1441.556061
292 3.73195 1445.28814
293 5.190115 1450.478384
294 5.329445 1455.807971
295 4.288499 1460.096605
296 5.927325 1466.024053
297 5.310866 1471.335045
298 3.732009 1475.067185
299 3.626469 1478.693791
300 4.433288 1483.127209
301 5.848843 1488.976175
302 4.616188 1493.592488
303 3.660683 1497.253295
304 4.217485 1501.470911
305 5.851337 1507.322374
306 5.402694 1512.725196
307 5.327099 1518.052416
308 5.295113 1523.347659
309 5.35447 1528.70226
310 5.358692 1534.061087
311 3.701248 1537.762477
312 5.178351 1542.940971
313 5.331674 1548.272783
314 5.943989 1554.216899
315 4.592076 1558.809105
316 5.198085 1564.007318
317 5.99801 1570.005463
318 5.312914 1575.318505
319 5.26286 1580.581502
320 5.346382 1585.928013
321 3.648177 1589.576321
322 5.798353 1595.374803
323 6.000822 1601.375752
324 5.372966 1606.748847
325 5.338926 1612.087904
326 4.256528 1616.344567
327 5.949343 1622.294043
328 3.712703 1626.006877
329 5.816022 1631.823023
330 5.361007 1637.184152
331 5.269571 1642.453854
332 5.877157 1648.331142
333 5.438976 1653.77025
334 5.919557 1659.689934
335 5.45786 1665.147922
336 5.324981 1670.473056
337 3.714917 1674.188106
338 5.778517 1679.96675
339 5.392651 1685.359535
340 4.266106 1689.625774
341 5.262154 1694.888053
342 5.259374 1700.147558
343 4.356225 1704.503911
344 5.826689 1710.330726
345 5.366922 1715.697772
346 4.527778 1720.225682
347 5.253759 1725.479565
348 5.271386 1730.751079
349 5.910405 1736.661611
350 5.298038 1741.959784
351 5.284473 1747.244388
352 4.59825 1751.842771
353 5.844593 1757.687495
354 5.358977 1763.046599
355 3.724317 1766.771046
356 5.21876 1771.989939
357 5.903431 1777.893496
358 5.906285 1783.799912
359 5.420488 1789.220531
360 5.943723 1795.164379
361 6.002106 1801.166616
362 5.904424 1807.071169
363 4.441648 1811.512952
364 5.157062 1816.670142
365 5.331361 1822.001635
366 4.270063 1826.271833
367 5.275822 1831.547786
368 4.377887 1835.925799
369 4.480376 1840.406303
370 5.139518 1845.545951
371 5.906049 1851.452134
372 5.951416 1857.403683
373 5.444924 1862.848741
374 5.911384 1868.760258
375 5.379986 1874.140379
376 3.741834 1877.882344
377 3.585655 1881.468127
378 5.123293 1886.591546
379 5.322445 1891.914121
380 5.248952 1897.163209
381 5.263132 1902.426473
382 5.978761 1908.405369
383 5.323449 1913.728948
384 5.415062 1919.14414
385 5.332657 1924.476924
386 3.661199 1928.138254
387 5.205932 1933.344317
388 5.237811 1938.582259
389 4.602211 1943.184601
390 3.635202 1946.819929
391 5.095865 1951.915917
392 5.89724 1957.813288
393 5.343963 1963.157384
394 5.952538 1969.110062
395 6.001952 1975.112142
396 5.955993 1981.068267
397 5.373502 1986.441902
398 5.233934 1991.675966
399 5.346124 1997.022216
400 3.72405 2000.746393
401 4.383712 2005.130244
402 5.260424 2010.3908
403 4.269854 2014.660784
404 5.193798 2019.854717
405 5.346643 2025.201489
406 5.353992 2030.555613
407 4.334396 2034.89015
408 5.221566 2040.111843
409 5.398182 2045.51015
410 5.252765 2050.763048
411 5.96929 2056.732473
412 5.323867 2062.056476
413 4.572983 2066.6296
414 4.284798 2070.914531
415 4.190766 2075.105432
416 5.222913 2080.32847
417 5.269965 2085.598561
418 5.306072 2090.904764
419 5.95449 2096.859386
420 6.039679 2102.8992
421 5.33819 2108.237523
422 5.266718 2113.504374
423 5.328098 2118.832601
424 5.325473 2124.158202
425 5.983026 2130.141358
426 5.33342 2135.474909
427 5.951306 2141.426348
428 4.595695 2146.022169
429 5.897583 2151.919877
430 5.333611 2157.253614
431 3.729524 2160.983269
432 3.636004 2164.6194
433 5.176923 2169.796446
434 4.364879 2174.16145
435 5.244199 2179.405785
436 5.300501 2184.706411
437 5.865503 2190.57206
438 4.451696 2195.023891
439 5.146274 2200.170293
440 5.388736 2205.559159
441 5.323368 2210.882665
442 5.263084 2216.14588
443 5.882381 2222.028395
444 4.388057 2226.416578
445 5.198456 2231.615164
446 5.347588 2236.962882
447 5.949906 2242.912922
448 4.595845 2247.508903
449 5.226966 2252.735992
450 3.754758 2256.490878
451 4.438561 2260.929569
452 5.297102 2266.226798
453 5.228668 2271.455593
454 4.374049 2275.829774
455 4.494242 2280.324147
456 3.634184 2283.958454
457 4.4206 2288.379201
458 5.198815 2293.578143
459 5.262545 2298.840814
460 5.279023 2304.119966
461 4.383775 2308.503866
462 5.216263 2313.720261
463 3.730539 2317.450927
464 5.150778 2322.601838
465 4.356107 2326.95807
466 4.485887 2331.444092
467 3.625494 2335.069712
468 5.176413 2340.246258
469 5.243163 2345.489553
470 5.243742 2350.733427
471 5.270728 2356.004286
472 5.301968 2361.306388
473 5.35132 2366.657851
474 4.339378 2370.997363
475 5.223854 2376.221346
476 5.342409 2381.563881
477 3.728958 2385.292976
478 5.768479 2391.061584
479 3.822398 2394.884118
480 3.573096 2398.457338
481 4.170692 2402.628163
482 5.207252 2407.83554
483 4.525901 2412.361572
484 5.948693 2418.310392
485 5.237155 2423.547695
486 4.360368 2427.908193
487 5.203082 2433.111405
488 5.356 2438.467535
489 5.313798 2443.781467
490 4.340197 2448.121798
491 5.228457 2453.350377
492 5.352913 2458.703421
493 5.839383 2464.542934
494 4.674374 2469.217438
495 3.633078 2472.850645
496 4.423534 2477.274309
497 4.304872 2481.579307
498 5.155739 2486.73517
499 4.564925 2491.300229
500 5.891599 2497.191958
501 5.944091 2503.136203
502 3.830955 2506.96729
503 5.745435 2512.712854
504 5.345686 2518.058668
505 4.528724 2522.587524
506 4.510519 2527.098175
507 5.859667 2532.957975
508 5.972309 2538.930417
509 5.311092 2544.241649
510 5.294506 2549.536286
511 5.218184 2554.754597
512 4.569839 2559.324571
513 5.837861 2565.162555
514 4.589843 2569.752536
515 4.253477 2574.00614
516 5.253734 2579.260011
517 4.479055 2583.739193
518 3.661022 2587.400342
519 4.212954 2591.613426
520 3.664479 2595.278035
521 5.131313 2600.409479
522 3.729176 2604.138785
523 5.222207 2609.36112
524 5.220034 2614.581287
525 4.298127 2618.879539
526 5.907996 2624.78766
527 5.918532 2630.706324
528 5.311197 2636.017657
529 5.269119 2641.286902
530 5.35611 2646.64314
531 3.656625 2650.299893
532 5.151057 2655.451077
533 5.414539 2660.86575
534 5.251631 2666.117511
535 5.365779 2671.483426
536 4.495347 2675.978904
537 5.211462 2681.190491
538 5.345113 2686.535752
539 4.324517 2690.860402
540 5.200356 2696.060885
541 5.34346 2701.404478
542 3.658333 2705.062947
543 5.844023 2710.907101
544 6.015557 2716.922793
545 5.375036 2722.297954
546 5.973288 2728.271372
547 5.461514 2733.733025
548 5.975508 2739.708661
549 5.400923 2745.109715
550 5.87912 2750.988969
551 5.358582 2756.347684
552 5.888071 2762.235886
553 6.037152 2768.273162
554 5.345654 2773.618949
555 5.272274 2778.891348
556 4.2579 2783.149371
557 5.229354 2788.378849
558 5.372458 2793.751437
559 5.955773 2799.707342
560 4.406623 2804.114096
561 5.227622 2809.341851
562 3.705632 2813.047612
563 5.126234 2818.173976
564 3.727056 2821.901161
565 5.125445 2827.02673
566 4.576143 2831.603002
567 5.202677 2836.805802
568 5.872977 2842.678911
569 6.080286 2848.759329
570 5.351125 2854.110584
571 5.269841 2859.380554
572 5.251107 2864.631788
573 5.239247 2869.871167
574 5.285008 2875.156309
575 5.388407 2880.544852
576 5.241966 2885.786949
577 5.936548 2891.723625
578 5.305523 2897.02927
579 5.350076 2902.379474
580 4.582704 2906.962309
581 3.670773 2910.633216
582 5.87305 2916.506393
583 4.572991 2921.079531
584 5.849063 2926.928717
585 5.364154 2932.293002
586 5.92417 2938.217303
587 5.360917 2943.578351
588 5.292622 2948.871104
589 5.356295 2954.227526
590 4.544844 2958.7725
591 4.290926 2963.06356
592 5.186815 2968.2505
593 3.6828 2971.933447
594 5.266578 2977.200151
595 4.310843 2981.511124
596 4.522028 2986.033278
597 5.818714 2991.852122
598 5.292083 2997.144337
599 5.315513 3002.459984
600 4.567423 3007.027539
601 5.878064 3012.905731
602 6.012984 3018.918846
603 4.3569 3023.275867
604 4.521365 3027.797355
605 4.297687 3032.095171
606 4.273329 3036.368634
607 5.839924 3042.208688
608 3.774322 3045.98314
609 5.18391 3051.167181
610 5.83383 3057.001145
611 5.36097 3062.362243
612 3.754363 3066.116738
613 5.25462 3071.371489
614 4.280334 3075.651954
615 3.683539 3079.335625
616 5.885795 3085.221543
617 5.324084 3090.545749
618 5.354606 3095.900487
619 3.670024 3099.570644
620 3.623266 3103.194039
621 5.864328 3109.058498
622 4.335448 3113.394091
623 5.276167 3118.670385
624 5.343958 3124.014496
625 5.260133 3129.274771
626 5.314291 3134.589183
627 5.951768 3140.541084
628 6.033575 3146.574789
629 4.637817 3151.212734
630 3.614832 3154.827695
631 5.805758 3160.633581
632 5.987652 3166.621361
633 3.769621 3170.391106
634 5.125587 3175.516823
635 5.937512 3181.454469
636 3.835048 3185.289662
637 5.110559 3190.400346
638 3.734676 3194.135148
639 5.126576 3199.261855
640 5.340572 3204.602562
641 3.654099 3208.256792
642 4.24943 3212.506354
643 5.163678 3217.670163
644 5.418323 3223.088617
645 4.287098 3227.375847
646 4.318551 3231.694528
647 5.155369 3236.850026
648 4.351843 3241.202
649 4.514057 3245.716186
650 5.279986 3250.996304
651 5.942653 3256.93909
652 4.603346 3261.54257
653 3.723308 3265.266008
654 4.384176 3269.650315
655 5.968682 3275.619126
656 5.335824 3280.955078
657 5.260501 3286.215708
658 3.725912 3289.94175
659 4.237725 3294.179595
660 5.878381 3300.058106
661 6.040485 3306.098719
662 5.960049 3312.058897
663 4.687581 3316.746614
664 4.267535 3321.014277
665 4.270513 3325.284916
666 3.650512 3328.935578
667 5.119638 3334.055344
668 5.922476 3339.977952
669 5.306018 3345.284095
670 4.355158 3349.639381
671 5.18563 3354.82514
672 5.400002 3360.225271
673 5.335704 3365.561098
674 5.249431 3370.810666
675 5.375644 3376.186436
676 3.715962 3379.902542
677 5.197241 3385.099914
678 4.386362 3389.486409
679 5.233129 3394.719678
680 4.353601 3399.0734
681 3.672117 3402.74565
682 5.131183 3407.87696
683 4.568854 3412.445944
684 4.292593 3416.738663
685 5.225312 3421.964101
686 4.533257 3426.497498
687 5.183164 3431.680792
688 5.405451 3437.086369
689 3.655481 3440.741981
690 5.857386 3446.599492
691 5.376974 3451.976595
692 5.384776 3457.361502
693 5.306659 3462.668296
694 5.930325 3468.598749
695 6.039378 3474.638254
696 5.378849 3480.017237
697 5.27042 3485.287786
698 5.337614 3490.625529
699 5.388164 3496.013819
700 5.377922 3501.391876
701 4.566654 3505.958658
702 5.870025 3511.828815
703 5.971558 3517.800502
704 4.615402 3522.416034
705 5.171681 3527.587838
706 5.313961 3532.901926
707 5.343295 3538.245347
708 5.88994 3544.13542
709 5.351643 3549.487198
710 5.372639 3554.859965
711 5.391811 3560.251907
712 3.667844 3563.919882
713 3.632851 3567.552857
714 5.829101 3573.382089
715 5.326946 3578.709165
716 5.424113 3584.133408
717 4.293587 3588.427132
718 5.296676 3593.723931
719 5.874938 3599.598992
