# instance ../../../instances/fattree-bcube/Fattree_n12_k2_bw10_cpu16.pn
# Settings: PN=../../../instances/fattree-bcube/Fattree_n12_k2_bw10_cpu16.pn, VN=../../../instances/fattree-bcube/instance_list_15vm_rnd.txt, multi-thread=False
init 0.021058 0.021058
1 4.556944 4.578002
2 4.169515 8.747654
3 4.040264 12.788048
4 4.072269 16.860438
5 3.68636 20.546928
6 4.383843 24.930897
7 4.854938 29.785959
8 4.454654 34.240753
9 3.940236 38.181113
10 3.737088 41.918337
11 4.014702 45.933157
12 4.769402 50.702685
13 4.510178 55.212988
14 4.090651 59.303769
15 4.34523 63.64913
16 4.19391 67.843167
17 4.137668 71.980966
18 4.111519 76.092618
19 3.89873 79.991468
20 4.665745 84.657335
21 4.641521 89.298982
22 4.166642 93.465752
23 5.171514 98.637392
24 4.259809 102.897329
25 4.646332 107.54379
26 5.051171 112.595093
27 4.73953 117.334752
28 5.27131 122.606188
29 4.155914 126.762226
30 4.331209 131.093562
31 5.19678 136.290465
32 4.42401 140.714603
33 4.145875 144.860602
34 4.239002 149.09973
35 4.178259 153.278115
36 5.008017 158.286256
37 4.216635 162.50302
38 4.093412 166.596561
39 3.926078 170.522761
40 4.635998 175.158877
41 5.097382 180.256391
42 4.659949 184.916471
43 4.186066 189.102662
44 4.329787 193.432578
45 3.977888 197.410591
46 4.051241 201.46196
47 4.399356 205.861456
48 3.74215 209.603735
49 3.741175 213.345036
50 3.965937 217.311094
51 4.291516 221.602736
52 3.991465 225.594328
53 4.335096 229.929546
54 5.234695 235.164365
55 4.750582 239.915078
56 4.155052 244.070253
57 4.357508 248.427891
58 5.058188 253.486208
59 4.443887 257.930228
60 4.732229 262.662585
61 4.150404 266.813119
62 4.696034 271.509278
63 4.336106 275.845506
64 4.709132 280.554768
65 4.713227 285.268121
66 4.02593 289.29418
67 4.144371 293.438675
68 4.707243 298.146044
69 4.392343 302.538516
70 4.152582 306.691224
71 4.129983 310.821334
72 5.04993 315.871384
73 4.186676 320.058188
74 4.695439 324.753755
75 4.284108 329.03799
76 4.130083 333.168214
77 4.40405 337.572393
78 5.241557 342.814075
79 4.746358 347.560555
80 5.074065 352.634753
81 4.469924 357.104806
82 4.680461 361.785391
83 4.444931 366.230451
84 4.638587 370.869165
85 5.270494 376.139786
86 5.141276 381.28119
87 5.195892 386.477209
88 5.2491 391.726441
89 5.125876 396.852442
90 4.293327 401.145899
91 5.01244 406.158461
92 4.39152 410.550112
93 4.003739 414.553976
94 5.181124 419.735242
95 4.219021 423.954398
96 4.305443 428.259965
97 3.936612 432.19671
98 3.938979 436.135811
99 3.93589 440.071829
100 4.675947 444.747902
101 4.396134 449.144163
102 5.060335 454.204626
103 5.322543 459.5273
104 4.416307 463.943735
105 4.667049 468.61091
106 4.770671 473.381709
107 4.352497 477.734333
108 3.999719 481.734183
109 4.683565 486.417877
110 4.226496 490.644497
111 4.621102 495.265724
112 4.435325 499.701178
113 4.384393 504.085696
114 4.377553 508.463377
115 3.978004 512.44151
116 4.14094 516.582576
117 4.309638 520.892342
118 3.945637 524.838101
119 4.41804 529.25627
120 3.995103 533.251506
121 4.59867 537.850301
122 4.73649 542.58692
123 5.257738 547.844785
124 4.055006 551.899921
125 4.375851 556.275895
126 4.194175 560.470203
127 4.64917 565.1195
128 5.300539 570.420165
129 5.325769 575.746052
130 4.254744 580.000928
131 4.307653 584.308704
132 4.019608 588.328441
133 4.318747 592.647313
134 5.310048 597.957492
135 4.407263 602.364886
136 4.325412 606.690425
137 4.373538 611.064093
138 4.196929 615.261148
139 4.172415 619.433691
140 5.100835 624.534656
141 4.372209 628.906994
142 4.169245 633.07637
143 4.614551 637.691049
144 4.768023 642.459194
145 5.277946 647.737266
146 4.420372 652.157769
147 4.297875 656.45577
148 4.429946 660.885845
149 3.745671 664.631642
150 4.103398 668.735167
151 4.115976 672.851271
152 4.96878 677.820176
153 3.824238 681.644536
154 3.957325 685.601993
155 4.787833 690.389966
156 3.955743 694.345844
157 5.018327 699.364298
158 4.038154 703.402586
159 4.073502 707.476217
160 3.95913 711.435475
161 4.005432 715.441031
162 4.414525 719.855685
163 5.030237 724.88605
164 4.039578 728.925758
165 3.938041 732.863927
166 4.099622 736.963679
167 4.807149 741.770961
168 4.185455 745.956546
169 3.77502 749.731718
170 4.076066 753.807914
171 4.496203 758.304241
172 4.138555 762.442926
173 4.107231 766.550286
174 4.512794 771.063211
175 4.391718 775.455064
176 4.134573 779.589766
177 4.473057 784.062948
178 4.382437 788.445515
179 4.140978 792.586623
180 4.076684 796.663432
181 5.011634 801.675194
182 5.038202 806.71353
183 4.358589 811.072247
184 5.515378 816.587751
185 4.32941 820.91729
186 4.911475 825.828891
187 5.087078 830.916094
188 4.940579 835.8568
189 4.184813 840.041742
190 4.159017 844.200888
191 5.209076 849.410092
192 5.54722 854.957441
193 5.292498 860.250071
194 4.320982 864.57118
195 4.561189 869.132495
196 4.330142 873.462766
197 4.510121 877.973014
198 4.128414 882.101554
199 5.238702 887.340385
200 5.105643 892.446158
201 4.161638 896.60792
202 5.487392 902.095441
203 4.489619 906.585195
204 5.254526 911.839848
205 4.793089 916.633066
206 5.521633 922.154829
207 4.513835 926.668796
208 5.194415 931.863336
209 4.823112 936.686572
210 5.549732 942.236434
211 4.618788 946.855353
212 5.501837 952.357317
213 4.880982 957.238424
214 5.353673 962.592226
215 5.511879 968.104232
216 4.676358 972.780719
217 5.174027 977.95487
218 5.404237 983.359236
219 4.355266 987.714634
220 5.166072 992.880835
221 4.537417 997.418382
222 5.288837 1002.707335
223 4.85339 1007.560851
224 5.288483 1012.849463
225 5.23211 1018.081701
226 4.556913 1022.638749
227 5.33073 1027.969603
228 5.58488 1033.554613
229 4.658224 1038.212967
230 4.641157 1042.854252
231 4.318089 1047.172468
232 5.309669 1052.482267
233 4.54967 1057.032072
234 4.319976 1061.352173
235 4.89131 1066.243612
236 5.330075 1071.573816
237 4.427936 1076.001884
238 4.62989 1080.631901
239 4.585775 1085.217802
240 4.342818 1089.560742
241 4.616682 1094.177556
242 5.238053 1099.41574
243 4.456977 1103.872846
244 4.953198 1108.826172
245 4.458545 1113.284844
246 4.536037 1117.821005
247 4.965235 1122.786362
248 4.628298 1127.414793
249 5.33201 1132.746932
250 5.369951 1138.117014
251 4.372223 1142.489369
252 5.290505 1147.779997
253 4.436626 1152.216754
254 4.311643 1156.528524
255 4.950184 1161.47884
256 4.65679 1166.135761
257 4.547667 1170.683557
258 5.328251 1176.011935
259 5.448562 1181.460631
260 4.462174 1185.922937
261 4.539785 1190.462841
262 4.562798 1195.025767
263 5.377204 1200.403104
264 5.307287 1205.71052
265 5.567706 1211.278355
266 5.678685 1216.957168
267 4.640154 1221.597455
268 5.347571 1226.945154
269 4.626604 1231.57189
270 4.342641 1235.91466
271 5.346166 1241.26096
272 4.539216 1245.800308
273 4.500567 1250.301
274 4.357609 1254.658735
275 5.286251 1259.945113
276 4.650808 1264.596046
277 5.541503 1270.13768
278 4.694081 1274.83189
279 5.575392 1280.407408
280 4.513159 1284.920693
281 4.227356 1289.148173
282 4.282565 1293.430864
283 4.5921 1298.023093
284 4.613373 1302.636591
285 4.511724 1307.148445
286 5.005545 1312.154118
287 4.536 1316.690248
288 5.313666 1322.004041
289 4.526576 1326.53075
290 4.5575 1331.088379
291 5.530101 1336.618605
292 4.980147 1341.59888
293 4.470299 1346.069307
294 5.29743 1351.366869
295 4.904916 1356.271915
296 4.503597 1360.775645
297 3.592247 1364.368017
298 4.619873 1368.988012
299 4.377007 1373.365152
300 3.637299 1377.002581
301 4.546805 1381.549513
302 4.847429 1386.397075
303 5.371206 1391.768405
304 4.608198 1396.376731
305 5.263626 1401.64049
306 4.918353 1406.558974
307 4.868118 1411.427228
308 5.963084 1417.390438
309 4.962168 1422.352735
310 4.333237 1426.686098
311 5.602345 1432.288579
312 5.387717 1437.676429
313 4.471758 1442.148322
314 4.4751 1446.62355
315 4.874059 1451.497734
316 4.874348 1456.372208
317 4.522282 1460.894619
318 4.888372 1465.783119
319 4.567703 1470.350955
320 5.426391 1475.777471
321 4.889398 1480.667005
322 4.931258 1485.59839
323 4.951051 1490.549571
324 4.424018 1494.973718
325 4.392052 1499.3659
326 5.602703 1504.968744
327 4.514756 1509.483632
328 5.594307 1515.078073
329 5.690068 1520.768269
330 4.793339 1525.561737
331 5.428623 1530.990491
332 6.047969 1537.03859
333 4.981917 1542.020635
334 5.292917 1547.313672
335 4.872465 1552.186276
336 4.351704 1556.538108
337 4.610525 1561.148782
338 5.595139 1566.744048
339 4.634241 1571.37842
340 4.353101 1575.731646
341 4.516283 1580.248057
342 5.329628 1585.577815
343 5.980363 1591.558312
344 6.153883 1597.712327
345 4.636755 1602.349217
346 5.512064 1607.861408
347 4.683078 1612.54462
348 5.41513 1617.95988
349 4.550131 1622.510146
350 4.833006 1627.343281
351 6.007656 1633.35107
352 6.044799 1639.395998
353 4.689813 1644.08594
354 5.400424 1649.486498
355 5.016184 1654.502814
356 4.855569 1659.358521
357 4.424976 1663.783631
358 5.408114 1669.19187
359 4.945917 1674.137915
360 4.910112 1679.048165
361 4.749992 1683.798287
362 6.013616 1689.812029
363 4.3701 1694.182263
364 5.451478 1699.633872
365 4.871527 1704.505529
366 4.363758 1708.869414
367 4.50064 1713.370188
368 5.416572 1718.786887
369 5.656734 1724.443751
370 5.480194 1729.924079
371 4.983508 1734.907693
372 4.587938 1739.495755
373 4.935484 1744.431367
374 6.076548 1750.508038
375 5.477852 1755.986018
376 4.942928 1760.929088
377 4.867269 1765.796487
378 5.453789 1771.250404
379 4.377481 1775.628014
380 4.277241 1779.905388
381 4.919761 1784.825279
382 4.537257 1789.362661
383 6.035216 1795.39801
384 5.537815 1800.935973
385 6.069401 1807.005503
386 4.964998 1811.970634
387 4.92764 1816.898404
388 4.920666 1821.8192
389 5.614286 1827.433605
390 5.485512 1832.919248
391 4.950491 1837.869866
392 5.471896 1843.34189
393 5.482299 1848.824317
394 5.377065 1854.201506
395 4.456588 1858.658226
396 4.283414 1862.941768
397 4.630763 1867.57266
398 4.394395 1871.967185
399 4.556134 1876.523449
400 4.563594 1881.087163
401 4.583696 1885.670985
402 4.927298 1890.598414
403 4.890564 1895.489105
404 4.425517 1899.91475
405 4.985152 1904.900036
406 5.362882 1910.263045
407 4.632506 1914.895684
408 4.98456 1919.880373
409 4.640377 1924.520878
410 4.888915 1929.409914
411 4.316646 1933.726703
412 4.918188 1938.645016
413 4.746136 1943.391281
414 5.629802 1949.021211
415 4.644416 1953.665747
416 5.006453 1958.672331
417 4.342839 1963.015303
418 4.918224 1967.933653
419 4.536216 1972.470002
420 4.858523 1977.328666
421 4.956544 1982.285341
422 4.55521 1986.840678
423 4.841842 1991.682652
424 4.720302 1996.403081
425 4.545814 2000.949029
426 4.725356 2005.674513
427 5.54969 2011.224336
428 5.71215 2016.936608
429 5.784046 2022.720788
430 7.690112 2030.411024
431 4.856636 2035.267788
432 5.472921 2040.740841
433 4.815669 2045.556645
434 6.826784 2052.383561
435 5.282088 2057.665779
436 5.723646 2063.389558
437 5.88253 2069.272217
438 6.074808 2075.347159
439 4.891389 2080.238687
440 10.303142 2090.541957
441 27.885441 2118.42754
442 6.345357 2124.773028
443 10.268637 2135.041791
444 4.627128 2139.669055
445 4.168959 2143.838148
446 21.258767 2165.097042
447 4.711571 2169.808749
448 5.912225 2175.7211
449 7.878332 2183.599555
450 5.607968 2189.207652
451 5.132867 2194.340647
452 7.629167 2201.969948
453 6.498371 2208.468458
