[runlim] version:		1.7
[runlim] time limit:		3600 seconds
[runlim] real time limit:	311040000 seconds
[runlim] space limit:		80000 MB
[runlim] argv[0]:		python3.6
[runlim] argv[1]:		./netsolver-gurobi-mod.py
[runlim] argv[2]:		../../../instances/fattree-bcube/Fattree_n16_k2_bw10_cpu16.pn
[runlim] argv[3]:		../../../instances/fattree-bcube/instance_list_15vm_rnd.txt
[runlim] argv[4]:		False
[runlim] argv[5]:		False
[runlim] argv[6]:		timelogs/results.Fattree_n16_k2_bw10_cpu16.pn.instance_list_15vm_rnd.txt.log
[runlim] start:			Mon Sep 23 11:33:08 2019
[runlim] main pid:		7414
Academic license - for non-commercial use only
[runlim] sample:		10.0 seconds, 342.3 MB
[runlim] sample:		20.0 seconds, 329.9 MB
[runlim] sample:		30.0 seconds, 331.8 MB
[runlim] sample:		40.0 seconds, 337.8 MB
[runlim] sample:		50.0 seconds, 332.9 MB
[runlim] sample:		60.0 seconds, 363.5 MB
[runlim] sample:		70.0 seconds, 381.7 MB
[runlim] sample:		80.0 seconds, 373.6 MB
[runlim] sample:		90.0 seconds, 362.2 MB
[runlim] sample:		100.0 seconds, 361.9 MB
[runlim] sample:		110.0 seconds, 384.5 MB
[runlim] sample:		120.0 seconds, 400.9 MB
[runlim] sample:		130.0 seconds, 381.0 MB
[runlim] sample:		140.0 seconds, 372.2 MB
[runlim] sample:		150.0 seconds, 371.5 MB
[runlim] sample:		160.0 seconds, 368.0 MB
[runlim] sample:		170.0 seconds, 369.4 MB
[runlim] sample:		180.0 seconds, 358.8 MB
[runlim] sample:		190.0 seconds, 367.7 MB
[runlim] sample:		200.0 seconds, 386.4 MB
[runlim] sample:		210.0 seconds, 380.1 MB
[runlim] sample:		220.0 seconds, 383.1 MB
[runlim] sample:		230.0 seconds, 409.5 MB
[runlim] sample:		240.0 seconds, 393.9 MB
[runlim] sample:		250.0 seconds, 411.2 MB
[runlim] sample:		260.0 seconds, 341.2 MB
[runlim] sample:		270.0 seconds, 401.2 MB
[runlim] sample:		280.0 seconds, 423.2 MB
[runlim] sample:		290.0 seconds, 431.9 MB
[runlim] sample:		300.0 seconds, 334.3 MB
[runlim] sample:		310.0 seconds, 378.9 MB
[runlim] sample:		320.0 seconds, 434.7 MB
[runlim] sample:		330.0 seconds, 344.1 MB
[runlim] sample:		340.0 seconds, 353.7 MB
[runlim] sample:		350.0 seconds, 357.6 MB
[runlim] sample:		360.0 seconds, 357.6 MB
[runlim] sample:		370.0 seconds, 415.6 MB
[runlim] sample:		380.0 seconds, 419.8 MB
[runlim] sample:		390.0 seconds, 402.0 MB
[runlim] sample:		400.0 seconds, 412.3 MB
[runlim] sample:		410.0 seconds, 391.7 MB
[runlim] sample:		420.0 seconds, 420.0 MB
[runlim] sample:		430.0 seconds, 436.0 MB
[runlim] sample:		440.0 seconds, 405.4 MB
[runlim] sample:		450.0 seconds, 370.7 MB
[runlim] sample:		460.0 seconds, 369.1 MB
[runlim] sample:		470.0 seconds, 399.5 MB
[runlim] sample:		480.0 seconds, 418.9 MB
[runlim] sample:		490.0 seconds, 430.7 MB
[runlim] sample:		500.0 seconds, 368.1 MB
[runlim] sample:		510.0 seconds, 361.8 MB
[runlim] sample:		520.0 seconds, 338.0 MB
[runlim] sample:		530.0 seconds, 355.3 MB
[runlim] sample:		540.0 seconds, 347.3 MB
[runlim] sample:		550.0 seconds, 360.2 MB
[runlim] sample:		560.0 seconds, 429.7 MB
[runlim] sample:		570.0 seconds, 447.4 MB
[runlim] sample:		580.0 seconds, 396.7 MB
[runlim] sample:		590.0 seconds, 419.9 MB
[runlim] sample:		600.0 seconds, 441.9 MB
[runlim] sample:		610.0 seconds, 432.4 MB
[runlim] sample:		620.0 seconds, 435.7 MB
[runlim] sample:		630.0 seconds, 401.0 MB
[runlim] sample:		640.0 seconds, 378.6 MB
[runlim] sample:		650.0 seconds, 400.0 MB
[runlim] sample:		660.0 seconds, 442.4 MB
[runlim] sample:		670.0 seconds, 382.0 MB
[runlim] sample:		680.0 seconds, 416.0 MB
[runlim] sample:		690.0 seconds, 408.9 MB
[runlim] sample:		700.0 seconds, 361.2 MB
[runlim] sample:		710.0 seconds, 364.1 MB
[runlim] sample:		720.0 seconds, 409.5 MB
[runlim] sample:		730.0 seconds, 371.1 MB
[runlim] sample:		740.0 seconds, 354.0 MB
[runlim] sample:		750.0 seconds, 368.5 MB
[runlim] sample:		760.0 seconds, 418.8 MB
[runlim] sample:		770.0 seconds, 434.1 MB
[runlim] sample:		780.0 seconds, 454.3 MB
[runlim] sample:		790.0 seconds, 405.3 MB
[runlim] sample:		800.0 seconds, 435.8 MB
[runlim] sample:		810.0 seconds, 428.3 MB
[runlim] sample:		820.0 seconds, 448.6 MB
[runlim] sample:		830.0 seconds, 447.4 MB
[runlim] sample:		840.0 seconds, 420.7 MB
[runlim] sample:		850.0 seconds, 422.5 MB
[runlim] sample:		860.0 seconds, 451.1 MB
[runlim] sample:		870.0 seconds, 444.6 MB
[runlim] sample:		880.0 seconds, 400.1 MB
[runlim] sample:		890.0 seconds, 389.9 MB
[runlim] sample:		900.0 seconds, 427.5 MB
[runlim] sample:		910.0 seconds, 455.0 MB
[runlim] sample:		920.0 seconds, 437.3 MB
[runlim] sample:		930.0 seconds, 443.9 MB
[runlim] sample:		940.0 seconds, 446.7 MB
[runlim] sample:		950.0 seconds, 455.4 MB
[runlim] sample:		960.0 seconds, 441.8 MB
[runlim] sample:		970.0 seconds, 392.5 MB
[runlim] sample:		980.0 seconds, 422.4 MB
[runlim] sample:		990.0 seconds, 426.7 MB
[runlim] sample:		1000.0 seconds, 442.1 MB
[runlim] sample:		1010.0 seconds, 394.5 MB
[runlim] sample:		1020.0 seconds, 440.6 MB
[runlim] sample:		1030.0 seconds, 443.1 MB
[runlim] sample:		1040.0 seconds, 437.7 MB
[runlim] sample:		1050.0 seconds, 389.9 MB
[runlim] sample:		1060.0 seconds, 416.4 MB
[runlim] sample:		1070.0 seconds, 415.8 MB
[runlim] sample:		1080.0 seconds, 413.5 MB
[runlim] sample:		1090.0 seconds, 376.8 MB
[runlim] sample:		1100.0 seconds, 418.0 MB
[runlim] sample:		1110.0 seconds, 451.0 MB
[runlim] sample:		1120.0 seconds, 448.4 MB
[runlim] sample:		1130.0 seconds, 444.8 MB
[runlim] sample:		1140.0 seconds, 421.1 MB
[runlim] sample:		1150.0 seconds, 459.0 MB
[runlim] sample:		1160.0 seconds, 454.3 MB
[runlim] sample:		1170.0 seconds, 453.6 MB
[runlim] sample:		1180.0 seconds, 453.6 MB
[runlim] sample:		1190.0 seconds, 455.6 MB
[runlim] sample:		1200.0 seconds, 452.2 MB
[runlim] sample:		1210.0 seconds, 462.4 MB
[runlim] sample:		1220.0 seconds, 458.4 MB
[runlim] sample:		1230.0 seconds, 450.7 MB
[runlim] sample:		1240.0 seconds, 448.4 MB
[runlim] sample:		1250.0 seconds, 447.7 MB
[runlim] sample:		1260.0 seconds, 447.4 MB
[runlim] sample:		1270.0 seconds, 447.2 MB
[runlim] sample:		1280.0 seconds, 446.4 MB
[runlim] sample:		1290.0 seconds, 445.2 MB
[runlim] sample:		1300.0 seconds, 444.9 MB
[runlim] sample:		1310.0 seconds, 468.6 MB
[runlim] sample:		1320.0 seconds, 474.4 MB
[runlim] sample:		1330.0 seconds, 433.8 MB
[runlim] sample:		1340.0 seconds, 435.5 MB
[runlim] sample:		1350.0 seconds, 443.7 MB
[runlim] sample:		1360.0 seconds, 437.5 MB
[runlim] sample:		1370.0 seconds, 453.0 MB
[runlim] sample:		1380.0 seconds, 476.2 MB
[runlim] sample:		1390.0 seconds, 455.3 MB
[runlim] sample:		1400.0 seconds, 448.9 MB
[runlim] sample:		1410.0 seconds, 437.6 MB
[runlim] sample:		1420.0 seconds, 442.3 MB
[runlim] sample:		1430.0 seconds, 437.8 MB
[runlim] sample:		1440.0 seconds, 438.0 MB
[runlim] sample:		1450.0 seconds, 473.9 MB
[runlim] sample:		1460.0 seconds, 448.6 MB
[runlim] sample:		1470.0 seconds, 445.1 MB
[runlim] sample:		1480.0 seconds, 433.8 MB
[runlim] sample:		1490.0 seconds, 434.0 MB
[runlim] sample:		1500.0 seconds, 433.3 MB
[runlim] sample:		1510.0 seconds, 439.7 MB
[runlim] sample:		1520.0 seconds, 430.1 MB
[runlim] sample:		1530.0 seconds, 444.1 MB
[runlim] sample:		1540.0 seconds, 433.4 MB
[runlim] sample:		1550.0 seconds, 451.0 MB
[runlim] sample:		1560.0 seconds, 465.2 MB
[runlim] sample:		1570.0 seconds, 473.0 MB
[runlim] sample:		1580.0 seconds, 454.6 MB
[runlim] sample:		1590.0 seconds, 449.6 MB
[runlim] sample:		1600.0 seconds, 439.6 MB
[runlim] sample:		1610.0 seconds, 439.2 MB
[runlim] sample:		1620.0 seconds, 438.9 MB
[runlim] sample:		1630.0 seconds, 438.7 MB
[runlim] sample:		1640.0 seconds, 438.5 MB
[runlim] sample:		1650.0 seconds, 443.7 MB
[runlim] sample:		1660.0 seconds, 446.5 MB
[runlim] sample:		1670.0 seconds, 440.2 MB
[runlim] sample:		1680.0 seconds, 435.2 MB
[runlim] sample:		1690.0 seconds, 432.7 MB
[runlim] sample:		1700.0 seconds, 440.2 MB
[runlim] sample:		1710.0 seconds, 455.9 MB
[runlim] sample:		1720.0 seconds, 449.2 MB
[runlim] sample:		1730.0 seconds, 446.8 MB
[runlim] sample:		1740.0 seconds, 443.8 MB
[runlim] sample:		1750.0 seconds, 443.6 MB
[runlim] sample:		1760.0 seconds, 459.0 MB
[runlim] sample:		1770.0 seconds, 476.3 MB
[runlim] sample:		1780.0 seconds, 433.1 MB
[runlim] sample:		1790.0 seconds, 433.9 MB
[runlim] sample:		1800.0 seconds, 433.1 MB
[runlim] sample:		1810.0 seconds, 445.2 MB
[runlim] sample:		1820.0 seconds, 429.7 MB
[runlim] sample:		1830.0 seconds, 445.0 MB
[runlim] sample:		1840.0 seconds, 436.0 MB
[runlim] sample:		1850.0 seconds, 439.4 MB
[runlim] sample:		1860.0 seconds, 456.4 MB
[runlim] sample:		1870.0 seconds, 458.9 MB
[runlim] sample:		1880.0 seconds, 453.6 MB
[runlim] sample:		1890.0 seconds, 456.4 MB
[runlim] sample:		1900.0 seconds, 472.1 MB
[runlim] sample:		1910.0 seconds, 407.6 MB
[runlim] sample:		1920.0 seconds, 441.4 MB
[runlim] sample:		1930.0 seconds, 440.4 MB
[runlim] sample:		1940.0 seconds, 439.4 MB
[runlim] sample:		1950.0 seconds, 439.2 MB
[runlim] sample:		1960.0 seconds, 391.5 MB
[runlim] sample:		1970.0 seconds, 393.8 MB
[runlim] sample:		1980.0 seconds, 441.1 MB
[runlim] sample:		1990.0 seconds, 379.8 MB
[runlim] sample:		2000.0 seconds, 367.3 MB
[runlim] sample:		2010.0 seconds, 445.9 MB
[runlim] sample:		2020.0 seconds, 449.2 MB
[runlim] sample:		2030.0 seconds, 423.1 MB
[runlim] sample:		2040.0 seconds, 402.4 MB
[runlim] sample:		2049.9 seconds, 400.6 MB
[runlim] sample:		2059.9 seconds, 426.1 MB
[runlim] sample:		2070.0 seconds, 424.7 MB
[runlim] sample:		2079.9 seconds, 457.9 MB
[runlim] sample:		2089.9 seconds, 400.0 MB
[runlim] sample:		2099.9 seconds, 450.0 MB
[runlim] sample:		2109.9 seconds, 400.1 MB
[runlim] sample:		2119.9 seconds, 381.8 MB
[runlim] sample:		2129.9 seconds, 376.8 MB
[runlim] sample:		2139.9 seconds, 371.8 MB
[runlim] sample:		2150.0 seconds, 375.8 MB
[runlim] sample:		2159.9 seconds, 370.3 MB
[runlim] sample:		2169.9 seconds, 395.1 MB
[runlim] sample:		2179.9 seconds, 415.4 MB
[runlim] sample:		2189.9 seconds, 413.3 MB
[runlim] sample:		2200.0 seconds, 367.2 MB
[runlim] sample:		2209.9 seconds, 439.0 MB
[runlim] sample:		2219.9 seconds, 435.7 MB
[runlim] sample:		2229.9 seconds, 397.3 MB
[runlim] sample:		2239.9 seconds, 385.5 MB
[runlim] sample:		2249.9 seconds, 433.5 MB
[runlim] sample:		2259.9 seconds, 382.0 MB
[runlim] sample:		2269.9 seconds, 440.8 MB
[runlim] sample:		2279.9 seconds, 391.7 MB
[runlim] sample:		2289.9 seconds, 380.4 MB
[runlim] sample:		2299.9 seconds, 446.7 MB
[runlim] sample:		2309.9 seconds, 457.9 MB
[runlim] sample:		2319.9 seconds, 443.5 MB
[runlim] sample:		2329.9 seconds, 419.9 MB
[runlim] sample:		2339.9 seconds, 413.4 MB
[runlim] sample:		2349.9 seconds, 451.5 MB
[runlim] sample:		2359.9 seconds, 449.0 MB
[runlim] sample:		2369.9 seconds, 456.1 MB
[runlim] sample:		2379.9 seconds, 423.1 MB
[runlim] sample:		2389.9 seconds, 437.8 MB
[runlim] sample:		2399.9 seconds, 442.2 MB
[runlim] sample:		2409.9 seconds, 442.2 MB
[runlim] sample:		2419.9 seconds, 403.3 MB
[runlim] sample:		2429.9 seconds, 406.3 MB
[runlim] sample:		2439.9 seconds, 401.1 MB
[runlim] sample:		2449.9 seconds, 448.3 MB
[runlim] sample:		2459.9 seconds, 416.3 MB
[runlim] sample:		2469.9 seconds, 424.2 MB
[runlim] sample:		2479.9 seconds, 392.6 MB
[runlim] sample:		2489.9 seconds, 446.8 MB
[runlim] sample:		2499.9 seconds, 400.5 MB
[runlim] sample:		2509.9 seconds, 444.0 MB
[runlim] sample:		2519.9 seconds, 448.2 MB
[runlim] sample:		2529.9 seconds, 397.5 MB
[runlim] sample:		2539.9 seconds, 386.3 MB
[runlim] sample:		2549.9 seconds, 427.6 MB
[runlim] sample:		2559.9 seconds, 456.0 MB
[runlim] sample:		2569.9 seconds, 398.0 MB
[runlim] sample:		2579.9 seconds, 452.9 MB
[runlim] sample:		2589.9 seconds, 426.3 MB
[runlim] sample:		2599.9 seconds, 385.4 MB
[runlim] sample:		2609.9 seconds, 380.1 MB
[runlim] sample:		2619.9 seconds, 378.9 MB
[runlim] sample:		2629.9 seconds, 377.5 MB
[runlim] sample:		2639.9 seconds, 377.4 MB
[runlim] sample:		2649.9 seconds, 378.9 MB
[runlim] sample:		2659.9 seconds, 413.2 MB
[runlim] sample:		2669.9 seconds, 382.2 MB
[runlim] sample:		2679.9 seconds, 387.6 MB
[runlim] sample:		2689.9 seconds, 428.6 MB
[runlim] sample:		2699.9 seconds, 387.3 MB
[runlim] sample:		2709.9 seconds, 416.0 MB
[runlim] sample:		2719.9 seconds, 413.1 MB
[runlim] sample:		2729.9 seconds, 382.3 MB
[runlim] sample:		2739.9 seconds, 442.8 MB
[runlim] sample:		2749.9 seconds, 431.3 MB
[runlim] sample:		2759.9 seconds, 432.2 MB
[runlim] sample:		2769.9 seconds, 430.2 MB
[runlim] sample:		2779.9 seconds, 435.8 MB
[runlim] sample:		2789.9 seconds, 439.3 MB
[runlim] sample:		2799.9 seconds, 464.6 MB
[runlim] sample:		2809.9 seconds, 425.0 MB
[runlim] sample:		2819.9 seconds, 445.7 MB
[runlim] sample:		2829.9 seconds, 401.1 MB
[runlim] sample:		2839.9 seconds, 448.6 MB
[runlim] sample:		2849.9 seconds, 445.9 MB
[runlim] sample:		2859.9 seconds, 439.4 MB
[runlim] sample:		2869.9 seconds, 400.4 MB
[runlim] sample:		2879.9 seconds, 399.6 MB
[runlim] sample:		2889.9 seconds, 396.3 MB
[runlim] sample:		2899.9 seconds, 397.3 MB
[runlim] sample:		2909.9 seconds, 397.8 MB
[runlim] sample:		2919.9 seconds, 457.2 MB
[runlim] sample:		2929.9 seconds, 455.8 MB
[runlim] sample:		2939.9 seconds, 455.7 MB
[runlim] sample:		2949.9 seconds, 473.3 MB
[runlim] sample:		2959.9 seconds, 455.7 MB
[runlim] sample:		2969.9 seconds, 452.2 MB
[runlim] sample:		2979.9 seconds, 403.8 MB
[runlim] sample:		2989.9 seconds, 402.4 MB
[runlim] sample:		2999.9 seconds, 405.7 MB
[runlim] sample:		3009.9 seconds, 400.7 MB
[runlim] sample:		3019.9 seconds, 431.1 MB
[runlim] sample:		3029.9 seconds, 417.0 MB
[runlim] sample:		3039.9 seconds, 390.8 MB
[runlim] sample:		3049.9 seconds, 435.9 MB
[runlim] sample:		3059.9 seconds, 463.4 MB
[runlim] sample:		3069.9 seconds, 459.5 MB
[runlim] sample:		3079.9 seconds, 402.6 MB
[runlim] sample:		3089.9 seconds, 394.1 MB
[runlim] sample:		3099.9 seconds, 437.6 MB
[runlim] sample:		3109.9 seconds, 392.5 MB
[runlim] sample:		3119.9 seconds, 391.0 MB
[runlim] sample:		3129.9 seconds, 381.6 MB
[runlim] sample:		3139.9 seconds, 386.0 MB
[runlim] sample:		3149.9 seconds, 393.5 MB
[runlim] sample:		3159.9 seconds, 387.3 MB
[runlim] sample:		3169.9 seconds, 452.5 MB
[runlim] sample:		3179.9 seconds, 430.4 MB
[runlim] sample:		3189.9 seconds, 374.0 MB
[runlim] sample:		3199.9 seconds, 380.4 MB
[runlim] sample:		3209.9 seconds, 448.5 MB
[runlim] sample:		3219.9 seconds, 410.8 MB
[runlim] sample:		3229.9 seconds, 433.9 MB
[runlim] sample:		3239.9 seconds, 389.4 MB
[runlim] sample:		3249.9 seconds, 384.7 MB
[runlim] sample:		3259.9 seconds, 378.2 MB
[runlim] sample:		3269.9 seconds, 379.0 MB
[runlim] sample:		3279.9 seconds, 383.3 MB
[runlim] sample:		3289.9 seconds, 378.1 MB
[runlim] sample:		3299.9 seconds, 375.2 MB
[runlim] sample:		3309.9 seconds, 414.4 MB
[runlim] sample:		3319.9 seconds, 425.6 MB
[runlim] sample:		3329.9 seconds, 388.8 MB
[runlim] sample:		3339.9 seconds, 414.0 MB
[runlim] sample:		3349.9 seconds, 379.1 MB
[runlim] sample:		3359.9 seconds, 389.1 MB
[runlim] sample:		3369.9 seconds, 383.6 MB
[runlim] sample:		3379.9 seconds, 379.0 MB
[runlim] sample:		3389.9 seconds, 434.0 MB
[runlim] sample:		3399.9 seconds, 461.2 MB
[runlim] sample:		3409.9 seconds, 450.8 MB
[runlim] sample:		3419.9 seconds, 384.1 MB
[runlim] sample:		3429.9 seconds, 442.8 MB
[runlim] sample:		3439.9 seconds, 406.4 MB
[runlim] sample:		3449.9 seconds, 392.0 MB
[runlim] sample:		3459.9 seconds, 433.6 MB
[runlim] sample:		3469.9 seconds, 390.4 MB
[runlim] sample:		3479.9 seconds, 394.7 MB
[runlim] sample:		3489.9 seconds, 432.9 MB
[runlim] sample:		3499.9 seconds, 401.7 MB
[runlim] sample:		3509.9 seconds, 437.3 MB
[runlim] sample:		3519.9 seconds, 443.9 MB
[runlim] sample:		3529.9 seconds, 399.7 MB
[runlim] sample:		3539.9 seconds, 396.4 MB
[runlim] sample:		3549.9 seconds, 392.5 MB
[runlim] sample:		3559.9 seconds, 387.5 MB
[runlim] sample:		3569.9 seconds, 387.5 MB
[runlim] sample:		3579.9 seconds, 383.4 MB
[runlim] sample:		3589.9 seconds, 427.7 MB
[runlim] sample:		3599.9 seconds, 401.8 MB
[runlim] end:			Mon Sep 23 12:33:08 2019
[runlim] status:		out of time
[runlim] result:		1
[runlim] children:		0
[runlim] real:			3600.20 seconds
[runlim] time:			3600.03 seconds
[runlim] space:			513.5 MB
[runlim] samples:		36001
