# instance ../../../instances/fattree-bcube/BCube_n10_k2_bw10_cpu16.pn
# Settings: PN=../../../instances/fattree-bcube/BCube_n10_k2_bw10_cpu16.pn, VN=../../../instances/fattree-bcube/instance_list_6vm_rnd.txt, multi-thread=False
init 0.046765 0.046765
1 2.916056 2.962821
2 2.794783 5.757737
3 3.12757 8.885432
4 2.799 11.684563
5 2.063334 13.748026
6 3.064068 16.812219
7 2.819307 19.631653
8 2.40328 22.035057
9 2.395683 24.430864
10 2.042868 26.473853
11 3.088487 29.562466
12 2.831187 32.393781
13 2.781664 35.175575
14 2.820232 37.995931
15 2.420084 40.416136
16 2.788205 43.204465
17 2.741048 45.945645
18 2.818653 48.764427
19 2.785633 51.55019
20 2.821075 54.3714
21 2.760333 57.131866
22 2.813003 59.944994
23 2.418496 62.36362
24 3.109447 65.473193
25 2.87526 68.348585
26 2.065319 70.414033
27 2.361803 72.775966
28 2.04596 74.822054
29 2.698949 77.521122
30 2.826761 80.348005
31 2.76526 83.113388
32 2.411952 85.525473
33 2.780059 88.305654
34 3.137952 91.443737
35 3.209083 94.652949
36 2.49856 97.151637
37 2.723206 99.87497
38 2.813189 102.68829
39 2.788846 105.477269
40 2.825384 108.302784
41 2.760196 111.063108
42 2.444856 113.508097
43 3.101706 116.609931
44 2.859611 119.469673
45 2.091958 121.561764
46 2.680771 124.242659
47 3.156251 127.399036
48 2.12601 129.52518
49 2.012963 131.538264
50 2.680599 134.218992
51 2.821617 137.040734
52 2.793332 139.834193
53 2.836983 142.671319
54 2.774753 145.446201
55 2.420623 147.866965
56 2.781378 150.648472
57 2.429739 153.078337
58 2.800423 155.878893
59 2.76381 158.642829
60 2.451221 161.094182
61 2.443223 163.537539
62 2.413384 165.951051
63 2.799183 168.750355
64 2.905436 171.655917
65 2.811225 174.46727
66 2.889477 177.356871
67 2.441666 179.798664
68 2.402806 182.201589
69 2.772587 184.974304
70 2.786764 187.761201
71 2.834247 190.595574
72 2.771865 193.367572
73 3.170825 196.538526
74 2.845284 199.383942
75 2.831679 202.215746
76 2.793295 205.009175
77 2.448852 207.458154
78 3.116169 210.574467
79 2.867827 213.442422
80 2.794219 216.236766
81 2.091061 218.327957
82 2.351081 220.679158
83 2.055141 222.734427
84 2.706233 225.440789
85 2.086106 227.52702
86 2.705756 230.232897
87 2.437861 232.670885
88 2.078779 234.749791
89 2.359527 237.10944
90 2.785108 239.894685
91 2.430585 242.325396
92 3.133593 245.459116
93 2.830814 248.290054
94 3.166852 251.457039
95 2.509502 253.966671
96 2.727367 256.694169
97 2.446544 259.140854
98 2.487453 261.628435
99 2.782784 264.411345
100 2.144621 266.556091
101 2.737331 269.293544
102 2.140174 271.433846
103 2.768684 274.202651
104 3.02687 277.22965
105 2.454964 279.684731
106 2.967878 282.65273
107 2.091301 284.744151
108 3.26728 288.011554
109 2.181062 290.192743
110 2.01394 292.206812
111 2.427518 294.634454
112 2.054504 296.68908
113 2.91459 299.603801
114 2.957487 302.561415
115 3.025058 305.586599
116 2.980991 308.567715
117 3.00642 311.574269
118 2.451362 314.025756
119 2.956735 316.982616
120 2.967081 319.949823
121 2.969706 322.919654
122 3.003497 325.923269
123 2.51654 328.439933
124 2.073162 330.513223
125 2.364993 332.878346
126 2.941441 335.819915
127 2.96833 338.788366
128 2.953017 341.741519
129 3.032177 344.77382
130 3.326729 348.100687
131 3.052491 351.153304
132 3.013246 354.16668
133 2.456194 356.622998
134 2.956036 359.579159
135 3.306747 362.886031
136 3.406374 366.292538
137 2.990518 369.283182
138 2.98726 372.270578
139 2.994337 375.265041
140 2.545871 377.811042
141 2.965698 380.77687
142 2.956457 383.733459
143 3.032563 386.766147
144 3.359109 390.125404
145 2.13941 392.264936
146 2.895699 395.160764
147 2.979268 398.140158
148 2.958227 401.098515
149 2.577623 403.676266
150 2.92437 406.600768
151 3.332795 409.933689
152 3.405593 413.339406
153 3.011786 416.35132
154 2.583863 418.935312
155 3.299191 422.234628
156 2.982033 425.216789
157 2.518984 427.735899
158 3.289439 431.025469
159 3.382589 434.408182
160 3.348219 437.75653
161 3.06347 440.820122
162 3.014657 443.834903
163 2.12365 445.95868
164 2.016009 447.974814
165 2.90406 450.879
166 2.448818 453.327948
167 2.437332 455.7654
168 2.539624 458.305149
169 2.905009 461.210289
170 3.012618 464.22305
171 2.45966 466.682833
172 2.957162 469.64012
173 3.005569 472.645823
174 2.985954 475.631906
175 3.008142 478.64018
176 2.462574 481.10288
177 2.922282 484.025294
178 2.998942 487.024366
179 2.515407 489.539892
180 2.934465 492.474491
181 3.347678 495.822294
182 3.015366 498.837785
183 3.004602 501.842513
184 3.008345 504.850987
185 2.995998 507.84711
186 2.97959 510.826827
187 3.001329 513.828285
188 2.977392 516.805808
189 3.006686 519.812621
190 2.523308 522.336059
191 2.97639 525.31258
192 3.009157 528.321864
193 3.026169 531.348154
194 2.100099 533.448384
195 2.459739 535.908244
196 2.96744 538.87581
197 2.951097 541.827037
198 3.336097 545.163258
199 2.989319 548.152695
200 3.35261 551.505429
201 3.416843 554.922403
202 2.965653 557.88818
203 2.150399 560.03871
204 2.882575 562.921406
205 3.028202 565.949733
206 2.46461 568.414471
207 2.082027 570.496627
208 2.91309 573.40985
209 2.942126 576.352104
210 2.966574 579.318799
211 3.006231 582.325149
212 3.358171 585.683451
213 3.014429 588.698004
214 2.122605 590.820742
215 3.206037 594.026899
216 3.360664 597.387692
217 3.416967 600.804784
218 3.375127 604.180043
219 3.069812 607.249979
220 2.53668 609.786787
221 2.881987 612.668898
222 2.594273 615.2633
223 2.0575 617.320923
224 2.497679 619.818722
225 2.912152 622.731
226 2.983243 625.714366
227 2.978172 628.692666
228 3.018442 631.71123
229 2.09987 633.811227
230 3.276051 637.087402
231 3.04751 640.135041
232 2.96109 643.096261
233 3.357544 646.453933
234 3.013181 649.467241
235 2.996515 652.463881
236 2.941624 655.405636
237 3.004906 658.410665
238 3.3598 661.770599
239 2.503964 664.27469
240 2.514543 666.789363
241 3.321614 670.111101
242 3.017205 673.128433
243 2.45776 675.586318
244 3.288307 678.874754
245 2.987655 681.862533
246 2.984155 684.846817
247 2.118176 686.965117
248 2.860642 689.825891
249 3.34274 693.168756
250 3.028745 696.197636
251 2.092468 698.290229
252 2.900695 701.191054
253 3.015945 704.207121
254 2.951792 707.159041
255 3.341726 710.500895
256 3.053379 713.554401
257 3.000723 716.555251
258 3.339952 719.89533
259 2.505346 722.400803
260 3.001581 725.402514
261 3.354875 728.757521
262 3.366471 732.124126
263 2.985324 735.10957
264 3.333908 738.44361
265 2.987479 741.431218
266 2.534604 743.965955
267 2.892067 746.85815
268 3.358484 750.216779
269 2.16321 752.380116
270 2.858163 755.238404
271 2.471228 757.70977
272 2.929599 760.639495
273 2.487973 763.127602
274 2.087178 765.214911
275 3.232163 768.447201
276 3.078776 771.526108
277 2.465223 773.991467
278 2.935725 776.927321
279 3.021788 779.949236
280 3.022233 782.971599
281 3.049666 786.021391
282 2.953587 788.975098
283 2.597978 791.573201
284 3.295994 794.869325
285 3.387705 798.257159
286 2.1671 800.424392
287 2.866453 803.290965
288 3.338478 806.629575
289 2.56205 809.191752
290 3.291476 812.483357
291 2.993865 815.477344
292 2.127358 817.604821
293 2.914393 820.519338
294 2.982196 823.501658
295 2.467062 825.96885
296 3.330433 829.299409
297 3.011534 832.311072
298 2.147931 834.459131
299 2.008277 836.46754
300 2.494028 838.961696
301 3.295566 842.257391
302 2.60028 844.857802
303 2.089597 846.947527
304 2.385395 849.333043
305 3.322196 852.655363
306 3.004072 855.659563
307 3.010998 858.670689
308 3.024969 861.695787
309 2.95725 864.653167
310 2.981392 867.634686
311 2.126721 869.761541
312 2.876842 872.638512
313 3.02778 875.666424
314 3.368268 879.034823
315 2.570243 881.605196
316 2.909289 884.514616
317 3.357626 887.872371
318 3.020497 890.892994
319 2.99473 893.887856
320 2.923219 896.811208
321 2.146708 898.958045
322 3.274463 902.232638
323 3.339652 905.572418
324 3.097225 908.669772
325 2.933485 911.603387
326 2.489246 914.092763
327 3.310275 917.403166
328 2.157387 919.56068
329 3.249385 922.810191
330 3.046365 925.856698
331 2.965965 928.822791
332 3.348373 932.171283
333 3.03014 935.201553
334 3.362487 938.56417
335 3.030974 941.59528
336 3.035543 944.630949
337 2.133271 946.764354
338 3.218873 949.983356
339 3.03328 953.016761
340 2.500891 955.517778
341 2.946326 958.464224
342 2.975053 961.439405
343 2.465761 963.905314
344 3.299388 967.204833
345 3.041683 970.246643
346 2.539721 972.78649
347 2.934865 975.721486
348 2.97804 978.69965
349 3.356619 982.056399
350 3.008692 985.065224
351 2.966082 988.03144
352 2.545982 990.57755
353 3.303925 993.881602
354 3.086362 996.968091
355 2.097095 999.065316
356 2.914664 1001.980116
357 3.341687 1005.321928
358 3.407944 1008.72999
359 2.967876 1011.697996
360 3.363566 1015.061692
361 3.41572 1018.477542
362 3.351134 1021.828804
363 2.539013 1024.367942
364 2.945725 1027.3138
365 2.949397 1030.263323
366 2.461493 1032.724946
367 2.993024 1035.718091
368 2.465322 1038.183534
369 2.484553 1040.668213
370 2.944596 1043.612946
371 3.351339 1046.964419
372 3.375223 1050.339769
373 3.023796 1053.363695
374 3.336501 1056.700326
375 3.038923 1059.739373
376 2.154694 1061.894196
377 2.044898 1063.939233
378 2.841261 1066.780615
379 3.008601 1069.789343
380 2.954122 1072.743593
381 3.000182 1075.743902
382 3.339838 1079.083869
383 3.051179 1082.135179
384 3.057063 1085.192377
385 2.9863 1088.178806
386 2.161024 1090.339961
387 2.866115 1093.206199
388 2.976708 1096.183055
389 2.51881 1098.701994
390 2.084433 1100.786553
391 2.854517 1103.641201
392 3.331444 1106.972776
393 2.99717 1109.970071
394 3.359756 1113.329962
395 3.378699 1116.708787
396 3.400781 1120.109703
397 3.003717 1123.113548
398 3.000904 1126.114582
399 2.928584 1129.043294
400 2.148728 1131.192155
401 2.446058 1133.63834
402 2.92743 1136.5659
403 2.529574 1139.095603
404 2.917989 1142.013721
405 3.040708 1145.054561
406 2.990596 1148.045286
407 2.483788 1150.529212
408 3.000073 1153.52941
409 3.065393 1156.594935
410 2.970367 1159.56543
411 3.379978 1162.945539
412 3.001018 1165.946685
413 2.555972 1168.502786
414 2.487843 1170.990753
415 2.43607 1173.426958
416 2.937902 1176.364987
417 2.985078 1179.350193
418 2.987187 1182.337525
419 3.380473 1185.718125
420 3.446439 1189.164696
421 3.003781 1192.168607
422 2.949405 1195.118145
423 3.019433 1198.137713
424 2.997003 1201.134846
425 3.358291 1204.493266
426 3.033819 1207.527213
427 3.360168 1210.887509
428 2.641656 1213.529294
429 3.269114 1216.798535
430 3.033523 1219.832186
431 2.126665 1221.958982
432 2.051501 1224.010615
433 2.903381 1226.914126
434 2.489365 1229.40363
435 2.94876 1232.352521
436 3.011132 1235.363782
437 3.348396 1238.712309
438 2.503206 1241.215643
439 2.946709 1244.162485
440 3.008788 1247.1714
441 3.062072 1250.233605
442 2.941304 1253.175041
443 3.355957 1256.531125
444 2.505077 1259.036334
445 2.899265 1261.935724
446 3.015232 1264.951088
447 3.375343 1268.326558
448 2.570688 1270.897377
449 2.897531 1273.79504
450 2.149192 1275.944365
451 2.445411 1278.3899
452 2.995954 1281.385979
453 2.961005 1284.347113
454 2.461469 1286.808709
455 2.509712 1289.318552
456 2.104444 1291.423118
457 2.446334 1293.869579
458 2.988315 1296.858022
459 2.924286 1299.782443
460 3.018903 1302.801472
461 2.46767 1305.269267
462 3.016888 1308.286289
463 2.134331 1310.420748
464 2.88267 1313.30355
465 2.486916 1315.790598
466 2.515626 1318.30635
467 2.087987 1320.394476
468 2.838379 1323.232991
469 2.974241 1326.20736
470 2.978537 1329.186025
471 2.985133 1332.171285
472 3.013884 1335.185301
473 3.015633 1338.20106
474 2.457182 1340.658374
475 2.99171 1343.650208
476 2.963908 1346.614254
477 2.13175 1348.74613
478 3.251957 1351.998216
479 2.199006 1354.197362
480 2.023513 1356.221005
481 2.442998 1358.664123
482 2.920161 1361.584412
483 2.556701 1364.141245
484 3.32846 1367.469832
485 2.956318 1370.426283
486 2.535908 1372.962319
487 2.894628 1375.857079
488 3.022288 1378.879496
489 2.957954 1381.837578
490 2.505855 1384.343567
491 2.984307 1387.327999
492 2.95843 1390.28656
493 3.352979 1393.639664
494 2.572614 1396.212409
495 2.08575 1398.29829
496 2.433949 1400.732362
497 2.440109 1403.172601
498 2.94416 1406.116886
499 2.52621 1408.643223
500 3.332479 1411.975829
501 3.400786 1415.376744
502 2.141594 1417.518463
503 3.247101 1420.76569
504 3.028395 1423.794214
505 2.528156 1426.322515
506 2.51214 1428.834777
507 3.321941 1432.156852
508 3.396717 1435.553704
509 2.989529 1438.543378
510 2.994391 1441.537896
511 2.97605 1444.514079
512 2.556413 1447.070619
513 3.306109 1450.37686
514 2.606098 1452.983083
515 2.428965 1455.412173
516 2.970091 1458.382392
517 2.530392 1460.91291
518 2.092097 1463.005144
519 2.386852 1465.39213
520 2.090422 1467.482684
521 2.840863 1470.323675
522 2.151892 1472.475692
523 2.847419 1475.323238
524 3.00388 1478.327235
525 2.462365 1480.789727
526 3.309326 1484.099184
527 3.403026 1487.502344
528 2.995561 1490.498037
529 3.010553 1493.508718
530 2.956993 1496.465841
531 2.158433 1498.624403
532 2.842646 1501.467172
533 3.032621 1504.499926
534 2.955446 1507.455502
535 3.038235 1510.493867
536 2.533731 1513.027729
537 2.962096 1515.989958
538 2.987801 1518.977885
539 2.499316 1521.477333
540 2.941478 1524.418938
541 2.977422 1527.396485
542 2.156523 1529.553135
543 3.303976 1532.857238
544 3.390852 1536.248222
545 3.005517 1539.25387
546 3.365289 1542.619287
547 3.071408 1545.69082
548 3.389349 1549.080296
549 3.026247 1552.106672
550 3.365985 1555.472788
551 3.063207 1558.536122
552 3.335319 1561.871568
553 3.403711 1565.275409
554 3.012751 1568.288278
555 3.001267 1571.289671
556 2.473604 1573.76341
557 2.980544 1576.744081
558 2.982784 1579.726994
559 3.374278 1583.101405
560 2.556353 1585.657885
561 2.963562 1588.621571
562 2.10699 1590.728682
563 2.910405 1593.63921
564 2.098822 1595.738163
565 2.919775 1598.658071
566 2.567742 1601.225949
567 2.906242 1604.132316
568 3.34397 1607.476414
569 3.436653 1610.913196
570 2.972774 1613.88611
571 2.987732 1616.873982
572 2.980493 1619.8546
573 2.990286 1622.845019
574 2.954134 1625.799284
575 3.024856 1628.824264
576 2.958807 1631.783195
577 3.359588 1635.142913
578 3.006299 1638.149341
579 3.036872 1641.186346
580 2.540494 1643.726971
581 2.098284 1645.825385
582 3.249846 1649.075354
583 2.60525 1651.680733
584 3.327344 1655.008203
585 3.028123 1658.036456
586 3.377363 1661.413947
587 3.009645 1664.423725
588 3.013186 1667.437034
589 2.989417 1670.426583
590 2.555222 1672.981933
591 2.487399 1675.469464
592 2.889175 1678.358772
593 2.159152 1680.518053
594 2.879612 1683.397791
595 2.485024 1685.88294
596 2.557362 1688.440429
597 3.274198 1691.714754
598 3.067453 1694.78234
599 2.970539 1697.753003
600 2.540981 1700.294125
601 3.341962 1703.636224
602 3.427671 1707.064024
603 2.522965 1709.587116
604 2.499673 1712.086922
605 2.454124 1714.541172
606 2.433246 1716.974544
607 3.294831 1720.269501
608 2.176613 1722.446243
609 2.900197 1725.346567
610 3.341963 1728.688657
611 2.998747 1731.687535
612 2.131498 1733.819163
613 2.905604 1736.724891
614 2.491552 1739.216565
615 2.093471 1741.310165
616 3.295009 1744.605315
617 3.0061 1747.611539
618 3.017464 1750.629131
619 2.148889 1752.778151
620 2.029687 1754.807978
621 3.282802 1758.090908
622 2.546745 1760.637787
623 2.950762 1763.588676
624 2.989234 1766.578037
625 2.963456 1769.541622
626 3.072687 1772.614437
627 3.381095 1775.995662
628 3.36773 1779.363524
629 2.615623 1781.97928
630 2.100154 1784.07956
631 3.288816 1787.368503
632 3.330475 1790.699108
633 2.164077 1792.863317
634 2.858694 1795.722145
635 3.328605 1799.050881
636 2.200475 1801.251487
637 2.849125 1804.100734
638 2.126467 1806.227328
639 2.906713 1809.134162
640 2.962654 1812.096955
641 2.130907 1814.227995
642 2.404575 1816.632691
643 2.914305 1819.547119
644 3.02897 1822.576218
645 2.468202 1825.044548
646 2.465328 1827.510002
647 2.967722 1830.477853
648 2.488504 1832.966484
649 2.506376 1835.472987
650 2.951906 1838.425013
651 3.367412 1841.792549
652 2.607015 1844.399691
653 2.098853 1846.498671
654 2.451438 1848.950242
655 3.33122 1852.281592
656 3.039061 1855.320783
657 3.012044 1858.332941
658 2.110187 1860.443254
659 2.449127 1862.892504
660 3.331299 1866.223933
661 3.368459 1869.592515
662 3.438019 1873.030662
663 2.578979 1875.609776
664 2.432078 1878.041983
665 2.44845 1880.490559
666 2.115732 1882.606424
667 2.867277 1885.473832
668 3.352598 1888.826555
669 3.00651 1891.833196
670 2.503997 1894.337321
671 2.912575 1897.250026
672 3.048735 1900.298889
673 2.997383 1903.296401
674 2.999456 1906.296002
675 2.993933 1909.290064
676 2.158879 1911.449072
677 2.889474 1914.338671
678 2.487993 1916.826794
679 2.999473 1919.826396
680 2.506091 1922.332619
681 2.103516 1924.436262
682 2.858134 1927.294516
683 2.559862 1929.854505
684 2.460019 1932.314654
685 2.96953 1935.284314
686 2.547319 1937.831752
687 2.922804 1940.754687
688 3.030167 1943.784986
689 2.14052 1945.925634
690 3.252316 1949.178071
691 3.097737 1952.275934
692 2.974495 1955.250563
693 3.035103 1958.285795
694 3.366533 1961.652457
695 3.388757 1965.041343
696 3.100486 1968.14196
697 2.977119 1971.119205
698 3.007496 1974.126826
699 3.029679 1977.156634
700 2.996022 1980.152786
701 2.564761 1982.717677
702 3.336322 1986.054124
703 3.414194 1989.468458
704 2.581646 1992.050237
705 2.915517 1994.965884
706 3.05761 1998.023628
707 2.9612 2000.984948
708 3.375892 2004.360972
709 3.029565 2007.39067
710 3.035062 2010.425857
711 3.003313 2013.429295
712 2.164132 2015.593555
713 2.06396 2017.657639
714 3.270353 2020.928119
715 3.041194 2023.96945
716 3.020746 2026.99033
717 2.499439 2029.489896
718 3.023228 2032.513255
719 3.316348 2035.829732
720 3.01292 2038.84278
721 3.0516 2041.894508
722 3.363181 2045.257819
723 3.009997 2048.267948
724 3.016572 2051.284653
725 2.548989 2053.833769
726 2.93889 2056.77279
727 2.558083 2059.331002
728 3.320299 2062.651426
729 3.052054 2065.70361
730 3.325613 2069.029352
731 3.411913 2072.441398
732 3.043271 2075.484798
733 2.135829 2077.620755
734 2.025524 2079.6464
735 2.927943 2082.574467
736 3.018917 2085.593515
737 3.362641 2088.956283
738 3.414416 2092.37083
739 3.411047 2095.782007
740 3.392163 2099.174294
741 3.430307 2102.604728
742 3.015396 2105.620256
743 2.533276 2108.153654
744 3.328052 2111.48184
745 3.037992 2114.51996
746 3.002516 2117.522593
747 2.927474 2120.450188
748 3.048429 2123.498767
749 2.527698 2126.026597
750 3.322808 2129.349536
751 3.052799 2132.402467
752 3.01307 2135.415665
753 3.381913 2138.797703
754 3.027442 2141.825269
755 2.155759 2143.981159
756 2.396326 2146.377613
757 2.521101 2148.898841
758 2.948784 2151.847757
759 3.060102 2154.907989
760 2.482852 2157.390974
761 3.315094 2160.706194
762 2.962195 2163.668532
763 3.369725 2167.038384
764 3.41304 2170.451551
765 3.010791 2173.462475
766 3.364772 2176.827374
767 3.390708 2180.218214
768 3.065594 2183.283937
769 2.942944 2186.227013
770 2.998117 2189.225259
771 2.969542 2192.194931
772 2.578175 2194.77323
773 3.334129 2198.107498
774 3.047043 2201.154673
775 3.018406 2204.17321
776 3.006163 2207.179499
777 3.334946 2210.514575
778 3.011657 2213.526359
779 2.501336 2216.027825
780 2.559652 2218.587601
781 2.928192 2221.515921
782 2.499508 2224.015561
783 2.523381 2226.539071
784 3.317362 2229.856561
785 3.044521 2232.901211
786 2.954235 2235.855578
787 3.05548 2238.911193
788 3.39703 2242.308356
789 3.403808 2245.712295
790 3.049681 2248.762105
791 2.998501 2251.760744
792 2.971542 2254.73242
793 3.354395 2258.086945
794 3.4507 2261.537773
795 2.979821 2264.517722
796 2.167703 2266.68555
797 2.849418 2269.535096
798 3.033355 2272.56858
799 3.374488 2275.9432
800 2.980743 2278.92407
801 2.56538 2281.489574
802 2.993429 2284.483136
803 2.53444 2287.017702
804 3.3381 2290.355926
805 3.40075 2293.756808
806 3.390649 2297.147585
807 3.055033 2300.202746
808 3.002474 2303.205349
809 3.059181 2306.264663
810 2.964905 2309.229702
811 3.367713 2312.597543
812 2.523058 2315.120735
813 2.99383 2318.114688
814 2.144889 2320.259706
815 2.032658 2322.292492
816 2.948814 2325.241434
817 2.47624 2327.717808
818 3.029091 2330.747021
819 2.479656 2333.226813
820 3.331215 2336.558156
821 2.145369 2338.703665
822 2.907326 2341.61113
823 3.068709 2344.67997
824 2.972837 2347.652932
825 2.53548 2350.188537
826 2.952044 2353.140706
827 2.989206 2356.130041
828 3.387254 2359.517421
829 2.518366 2362.035913
830 3.012006 2365.048042
831 2.964357 2368.012529
832 3.042975 2371.055634
833 3.351121 2374.406891
834 3.345283 2377.752303
835 3.407158 2381.159593
836 3.05641 2384.216128
837 2.133513 2386.349775
838 2.904669 2389.254567
839 2.558308 2391.81301
840 3.308571 2395.121736
841 2.172408 2397.294268
842 2.900501 2400.194895
843 3.019667 2403.214689
844 2.952898 2406.16772
845 3.349043 2409.516893
846 3.060789 2412.577811
847 3.346856 2415.924794
848 3.445246 2419.370162
849 2.552584 2421.922886
850 2.996899 2424.91991
851 2.94814 2427.868172
852 3.0003 2430.868603
853 2.96522 2433.833946
854 3.047876 2436.881953
855 2.947697 2439.829778
856 2.477542 2442.307451
857 3.006519 2445.314103
858 3.368276 2448.682498
859 2.975055 2451.657679
860 2.561212 2454.21902
861 3.324337 2457.543477
862 3.002806 2460.546416
863 2.999667 2463.546212
864 2.962105 2466.508462
865 3.379651 2469.888241
866 3.013768 2472.90214
867 3.046763 2475.949042
868 2.113542 2478.062714
869 3.285877 2481.348719
870 2.571114 2483.919966
871 2.954184 2486.87427
872 2.96187 2489.836269
873 3.041793 2492.878192
874 2.96933 2495.847659
875 3.36308 2499.21087
876 2.965137 2502.17614
877 2.997314 2505.173584
878 3.017418 2508.191126
879 3.0068 2511.198055
880 2.483762 2513.681949
881 2.994395 2516.676478
882 2.990663 2519.667266
883 3.032268 2522.699663
884 2.147609 2524.847402
885 2.401363 2527.248886
886 3.34633 2530.595338
887 2.576374 2533.17184
888 2.432836 2535.604804
889 2.456019 2538.060951
890 2.920999 2540.982077
891 3.055141 2544.037348
892 2.129791 2546.167266
893 2.881491 2549.048892
894 3.011661 2552.060683
895 3.393504 2555.454315
896 2.578638 2558.033083
897 2.912155 2560.945369
898 3.027175 2563.972673
899 2.995481 2566.968283
900 3.000938 2569.969349
901 2.956052 2572.925533
902 3.025026 2575.950684
903 3.382291 2579.333101
904 2.588512 2581.92174
905 2.920286 2584.842152
906 3.005136 2587.847425
907 2.937619 2590.785172
908 3.355753 2594.141051
909 2.170422 2596.311605
910 2.868934 2599.180666
911 3.018134 2602.198927
912 3.379319 2605.578371
913 2.968642 2608.547141
914 2.495253 2611.042521
915 2.494687 2613.537336
916 2.947753 2616.485218
917 3.027032 2619.512378
918 2.959758 2622.472267
919 3.376672 2625.849064
920 3.038853 2628.888046
921 2.16289 2631.051067
922 2.925821 2633.977016
923 3.332232 2637.309373
924 3.065362 2640.37487
925 3.328259 2643.703254
926 3.430559 2647.133941
927 3.010367 2650.144434
928 3.018951 2653.163514
929 2.481169 2655.644814
930 2.440203 2658.085144
931 2.986152 2661.071421
932 2.478117 2663.549663
933 2.97613 2666.525916
934 2.947682 2669.473729
935 3.070466 2672.544319
936 3.013991 2675.558442
937 3.397731 2678.956299
938 3.0171 2681.973532
939 2.473899 2684.447555
940 2.960749 2687.408435
941 3.397629 2690.806193
942 2.583008 2693.389345
943 2.495327 2695.884802
944 2.09218 2697.977111
945 3.300253 2701.27749
946 2.971685 2704.249305
947 3.00324 2707.252674
948 2.96897 2710.221777
949 3.396831 2713.61873
950 3.014477 2716.633332
951 2.137397 2718.770857
952 3.312415 2722.083402
953 2.986059 2725.069592
954 2.13776 2727.207484
955 2.909583 2730.117194
956 2.990985 2733.108306
957 2.96728 2736.075719
958 3.061966 2739.137811
959 2.967285 2742.105226
960 2.546967 2744.652319
961 2.90088 2747.553327
962 3.032401 2750.585854
963 2.966659 2753.552643
964 3.385917 2756.938689
965 3.046053 2759.984869
966 3.023053 2763.008048
967 3.347294 2766.355475
968 2.509466 2768.86506
969 2.961939 2771.827131
970 2.967966 2774.795226
971 3.01969 2777.81505
972 2.501413 2780.31659
973 2.902064 2783.218788
974 3.000216 2786.219124
975 3.363435 2789.582678
976 2.588169 2792.170972
977 2.947947 2795.11905
978 2.989746 2798.108917
979 3.023759 2801.132809
980 2.959484 2804.092423
981 2.493691 2806.586245
982 2.493335 2809.079712
983 2.443592 2811.523431
984 3.336619 2814.860174
985 3.00558 2817.865882
986 2.496673 2820.362683
987 2.951652 2823.314466
988 3.376609 2826.691206
989 2.175063 2828.8664
990 2.028913 2830.89544
991 2.946473 2833.842041
992 2.956566 2836.798746
993 3.363857 2840.162731
994 3.092473 2843.255334
995 3.015328 2846.270793
996 2.136534 2848.407454
997 3.293499 2851.701081
998 3.028243 2854.729456
999 2.997376 2857.72696
1000 3.001206 2860.728301
1001 2.107233 2862.835663
1002 2.071287 2864.907077
1003 2.04854 2866.955751
1004 2.059108 2869.014982
1005 3.257438 2872.27257
1006 3.397731 2875.670429
1007 3.367425 2879.03798
1008 2.54224 2881.580348
1009 2.968815 2884.549294
1010 3.0118 2887.561315
1011 3.37048 2890.931927
1012 3.377558 2894.309612
1013 3.035738 2897.345479
1014 2.996157 2900.341766
1015 2.134026 2902.475925
1016 2.877768 2905.353814
1017 3.339512 2908.693456
1018 3.082808 2911.77639
1019 3.33055 2915.107066
1020 3.014543 2918.121737
1021 2.998225 2921.120086
1022 2.991559 2924.111767
1023 2.990632 2927.102533
1024 2.561936 2929.664595
1025 2.504545 2932.169275
1026 2.901015 2935.070419
1027 2.99531 2938.065866
1028 3.391582 2941.457577
1029 2.523409 2943.98112
1030 2.954937 2946.936182
1031 3.378909 2950.31522
1032 3.419626 2953.734972
1033 2.587908 2956.323011
1034 2.498186 2958.821319
1035 2.980953 2961.802398
1036 2.97563 2964.778153
1037 2.502051 2967.280343
1038 3.304919 2970.585394
1039 3.037399 2973.622927
1040 2.536612 2976.159661
1041 2.46597 2978.625768
1042 3.311085 2981.936971
1043 3.029467 2984.966566
1044 2.171309 2987.138003
1045 2.028403 2989.16653
1046 2.945101 2992.111764
1047 3.367877 2995.479773
1048 3.378248 2998.85815
1049 3.101606 3001.959892
1050 2.114763 3004.07479
1051 2.050192 3006.125109
1052 2.463651 3008.588881
1053 2.956171 3011.545181
1054 2.971011 3014.516322
1055 3.015774 3017.532226
1056 2.987432 3020.519781
1057 2.534691 3023.054595
1058 2.090512 3025.14524
1059 2.90787 3028.053233
1060 3.359278 3031.412645
1061 2.602428 3034.0152
1062 3.01052 3037.025851
1063 2.950694 3039.976648
1064 3.009069 3042.985844
1065 3.015421 3046.00139
1066 3.025656 3049.027169
1067 2.112789 3051.140085
1068 2.911978 3054.05219
1069 2.967306 3057.019631
1070 2.999012 3060.018769
1071 3.373044 3063.391924
1072 2.517519 3065.909576
1073 3.34025 3069.249954
1074 3.01208 3072.262167
1075 3.016472 3075.278785
1076 2.996902 3078.275806
1077 3.00722 3081.283153
1078 2.998913 3084.282191
1079 3.381924 3087.664261
1080 2.613916 3090.278311
1081 3.004689 3093.283126
1082 2.55295 3095.836207
1083 3.283671 3099.120008
1084 2.547892 3101.668024
1085 3.001617 3104.669775
1086 2.977237 3107.647142
1087 3.044816 3110.692086
1088 3.39319 3114.085408
1089 3.023087 3117.108622
1090 3.367828 3120.476582
1091 3.043187 3123.519897
1092 2.572286 3126.092308
1093 2.943928 3129.036363
1094 2.991941 3132.028436
1095 3.004692 3135.033255
1096 2.501144 3137.534531
1097 3.005901 3140.540556
1098 2.478432 3143.019117
1099 2.980722 3145.99996
1100 3.33927 3149.33936
1101 3.038282 3152.377768
1102 2.575952 3154.953845
1103 2.92137 3157.875345
1104 3.036291 3160.911761
1105 2.552372 3163.464258
1106 2.967428 3166.431812
1107 2.976112 3169.408042
1108 3.381929 3172.790089
1109 2.983731 3175.773948
1110 2.128602 3177.902676
1111 2.456837 3180.359644
1112 2.523767 3182.883541
1113 2.992501 3185.876171
1114 2.480289 3188.356585
1115 2.100273 3190.456984
1116 2.852338 3193.309459
1117 3.023187 3196.332778
1118 2.957435 3199.290343
1119 3.046288 3202.336765
1120 2.967504 3205.304399
1121 3.059266 3208.363785
1122 2.983114 3211.347036
1123 2.478395 3213.825571
1124 2.45657 3216.282267
1125 2.979792 3219.262187
1126 2.955731 3222.218059
1127 2.492144 3224.710323
1128 2.555994 3227.266454
1129 2.93186 3230.198443
1130 2.15952 3232.358096
1131 2.068529 3234.426758
1132 2.030772 3236.457651
1133 2.943503 3239.401284
1134 2.54045 3241.941865
1135 2.97045 3244.912447
1136 2.965301 3247.877874
1137 3.044929 3250.922931
1138 2.541549 3253.4646
1139 2.957526 3256.422258
1140 2.968537 3259.390915
1141 2.483232 3261.874282
1142 2.975649 3264.850058
1143 2.10807 3266.958262
1144 2.472724 3269.431113
1145 2.114995 3271.546232
1146 2.414849 3273.96121
1147 2.997949 3276.959284
1148 2.47512 3279.434535
1149 2.995414 3282.430078
1150 2.146447 3284.576653
1151 2.034339 3286.611122
1152 2.911804 3289.523051
1153 2.143575 3291.66675
1154 3.298846 3294.965727
1155 3.01949 3297.985347
1156 2.545694 3300.53117
1157 2.951566 3303.482866
1158 3.033905 3306.516901
1159 2.968043 3309.485071
1160 2.499038 3311.984237
1161 2.097921 3314.082283
1162 2.900475 3316.982885
1163 3.047896 3320.030906
1164 2.497902 3322.52896
1165 2.895159 3325.424247
1166 3.022604 3328.446975
1167 2.53502 3330.982123
1168 2.984957 3333.967223
1169 2.542845 3336.5102
1170 2.950609 3339.46095
1171 2.564642 3342.025722
1172 2.993904 3345.019748
1173 2.988822 3348.008697
1174 3.030466 3351.039288
1175 3.375463 3354.414886
1176 2.526122 3356.941139
1177 2.991075 3359.932338
1178 2.982474 3362.914948
1179 3.036607 3365.951682
1180 3.009571 3368.961379
1181 2.141575 3371.103078
1182 3.290517 3374.393729
1183 3.047042 3377.4409
1184 2.133657 3379.574684
1185 2.4024 3381.977215
1186 2.942777 3384.920121
1187 3.044429 3387.964671
1188 3.381639 3391.346428
1189 2.985807 3394.33236
1190 2.510275 3396.842754
1191 3.329713 3400.17259
1192 3.000576 3403.173295
1193 3.046155 3406.219573
1194 2.48064 3408.700334
1195 2.52355 3411.224011
1196 3.317418 3414.541554
1197 2.582267 3417.123949
1198 3.310583 3420.43466
1199 3.046299 3423.481087
1200 3.001527 3426.482741
1201 2.997612 3429.48048
1202 3.356254 3432.836863
1203 3.011272 3435.848271
1204 3.374391 3439.22279
1205 3.411973 3442.634888
1206 2.179371 3444.814387
1207 3.272823 3448.087345
1208 2.148042 3450.235513
1209 3.284781 3453.520417
1210 3.421782 3456.94232
1211 3.012172 3459.954619
1212 3.036312 3462.991059
1213 2.539882 3465.53107
1214 3.007131 3468.538327
1215 3.379161 3471.917614
1216 3.021445 3474.939185
1217 3.381129 3478.32044
1218 3.418706 3481.739268
1219 2.5866 3484.325996
1220 2.463768 3486.789892
1221 3.001893 3489.791914
1222 2.148337 3491.940378
1223 3.292747 3495.233248
1224 3.017559 3498.250936
1225 3.01598 3501.267043
1226 3.36568 3504.632859
1227 3.022437 3507.655418
1228 3.065962 3510.721502
1229 2.941983 3513.663602
1230 2.171538 3515.835267
1231 2.883879 3518.719259
1232 2.558565 3521.277943
1233 2.55258 3523.830652
1234 2.937068 3526.767848
1235 3.037851 3529.805827
1236 2.969102 3532.775058
1237 3.370059 3536.145248
1238 2.184683 3538.330063
1239 2.85467 3541.18486
1240 3.359564 3544.544549
1241 2.542734 3547.087416
1242 3.305908 3550.393452
1243 3.08015 3553.473729
1244 3.019833 3556.493689
1245 2.534903 3559.028722
1246 2.461679 3561.490531
1247 3.010305 3564.500965
1248 2.934588 3567.435682
1249 3.00351 3570.439319
1250 2.99886 3573.43831
1251 3.052185 3576.490628
1252 2.1143 3578.605057
1253 2.914422 3581.519609
1254 3.349724 3584.869457
1255 3.058271 3587.927858
1256 3.37122 3591.299207
1257 3.05053 3594.34987
1258 3.027717 3597.377714
