# instance ../../../instances/fattree-bcube/BCube_n12_k2_bw10_cpu16.pn
# Settings: PN=../../../instances/fattree-bcube/BCube_n12_k2_bw10_cpu16.pn, VN=../../../instances/fattree-bcube/instance_list_15vm_rnd.txt, multi-thread=False
init 0.081392 0.081392
1 18.888247 18.969639
2 17.25013 36.219902
3 17.330665 53.550696
4 17.198704 70.749539
5 15.420204 86.169878
6 18.173084 104.343099
7 19.71457 124.057807
8 18.546712 142.604657
9 14.597405 157.202187
10 15.594469 172.796786
11 17.226904 190.023826
12 19.585895 209.609852
13 18.752182 228.362172
14 18.294301 246.656607
15 18.260212 264.916958
16 18.268876 283.185967
17 18.198907 301.385016
18 16.272881 317.658028
19 15.523708 333.181874
20 18.422947 351.604958
21 20.225691 371.830775
22 17.631186 389.462091
23 22.26573 411.727959
24 18.684452 430.41254
25 19.881379 450.294052
26 21.336037 471.630221
27 20.363695 491.994051
28 22.345804 514.339985
29 17.988008 532.328132
30 18.3382 550.666489
31 22.320488 572.987111
32 17.234375 590.221623
33 16.500946 606.722693
34 17.021716 623.744537
35 17.00268 640.747356
36 20.000738 660.748226
37 16.546173 677.294542
38 17.574709 694.869386
39 16.26919 711.138717
40 18.201708 729.340554
41 20.33226 749.672949
42 18.551386 768.224468
43 16.785208 785.00981
44 18.302401 803.312348
45 15.908309 819.220795
46 16.964349 836.185267
47 17.094254 853.279649
48 17.157421 870.43721
49 17.789793 888.227132
50 15.736843 903.964112
51 17.981073 921.945341
52 15.836049 937.781526
53 16.991909 954.773568
54 20.554387 975.328091
55 18.762373 994.090619
56 16.800729 1010.891481
57 17.842754 1028.734371
58 21.460703 1050.19521
59 17.391035 1067.586379
60 20.124458 1087.710975
61 18.167616 1105.878727
62 19.112034 1124.9909
63 17.493238 1142.484282
64 19.867837 1162.352259
65 19.936495 1182.288886
66 16.984077 1199.273095
67 17.54963 1216.822857
68 19.549168 1236.372153
69 18.76249 1255.134797
70 17.458105 1272.593037
71 17.333973 1289.927148
72 21.337097 1311.264377
73 17.817384 1329.081898
74 19.527746 1348.609781
75 18.478502 1367.088424
76 17.601202 1384.689752
77 18.431107 1403.120996
78 21.886252 1425.007376
79 20.279173 1445.286689
80 21.339032 1466.625857
81 18.801854 1485.42785
82 19.661836 1505.089824
83 18.64471 1523.734673
84 19.695047 1543.429857
85 22.201715 1565.63171
86 21.325381 1586.957229
87 21.817025 1608.774392
88 22.25917 1631.033693
89 21.594974 1652.6288
90 17.896963 1670.525904
91 21.185001 1691.711044
92 18.307441 1710.018616
93 16.663176 1726.681917
94 22.0284 1748.71045
95 17.915394 1766.625987
96 18.091041 1784.717166
97 16.758813 1801.476112
98 16.711173 1818.187429
99 16.540037 1834.727606
100 19.80547 1854.533215
101 18.508063 1873.041415
102 21.48516 1894.526711
103 22.339806 1916.866659
104 18.91132 1935.778113
105 19.651528 1955.42978
106 19.949914 1975.37983
107 18.473737 1993.853708
108 16.861196 2010.715043
109 19.580618 2030.295797
110 18.004922 2048.300848
111 19.62999 2067.930976
112 18.605847 2086.536957
113 18.344527 2104.881622
114 18.622646 2123.504399
115 16.789055 2140.293592
116 17.650257 2157.943981
117 18.227416 2176.17153
118 16.984631 2193.156301
119 18.419837 2211.576271
120 16.791456 2228.367857
121 19.887818 2248.255809
122 19.943485 2268.199433
123 22.064916 2290.264484
124 17.174814 2307.439435
125 18.417447 2325.857018
126 17.781832 2343.638989
127 19.680325 2363.319452
128 22.118715 2385.438304
129 22.469877 2407.908316
130 18.156304 2426.064759
131 18.340146 2444.405038
132 16.649484 2461.054661
133 18.401665 2479.456458
134 22.149897 2501.606494
135 18.89637 2520.502995
136 18.122299 2538.625429
137 18.640294 2557.265858
138 17.876753 2575.142751
139 17.479073 2592.62196
140 21.372704 2613.994789
141 18.570821 2632.565744
142 17.468143 2650.034025
143 19.651111 2669.685269
144 20.253725 2689.939134
145 22.168924 2712.10819
146 18.751741 2730.860085
147 18.366145 2749.22638
148 18.650947 2767.877464
149 18.552229 2786.429823
150 18.521251 2804.951218
151 18.382401 2823.333761
152 21.922774 2845.256669
153 17.151868 2862.408671
154 17.64974 2880.058549
155 21.424317 2901.482997
156 17.677698 2919.160831
157 22.107728 2941.268718
158 17.868439 2959.137296
159 18.199354 2977.336786
160 17.882959 2995.219884
161 17.747451 3012.96746
162 19.656068 3032.623673
163 22.125905 3054.749715
164 18.113666 3072.863521
165 17.583288 3090.446949
166 18.22639 3108.673478
167 21.477922 3130.15153
168 18.369896 3148.521568
169 16.984321 3165.506014
170 18.421843 3183.927998
171 19.619411 3203.547548
172 18.852231 3222.399923
173 18.384212 3240.784273
174 20.071829 3260.856235
175 21.407512 3282.263886
176 18.728736 3300.992767
177 18.591105 3319.584003
178 18.626814 3338.210955
179 17.71143 3355.92252
180 19.669243 3375.591896
181 19.823604 3395.415634
182 19.97718 3415.392957
183 17.861541 3433.254633
184 22.093026 3455.347798
185 17.855867 3473.203802
186 19.96291 3493.16685
187 20.044022 3513.211013
188 19.97536 3533.186512
189 16.804434 3549.991082
190 16.857212 3566.848427
191 19.772471 3586.621037
