# instance ../../../instances/fattree-bcube/Fattree_n16_k2_bw10_cpu16.pn
# Settings: PN=../../../instances/fattree-bcube/Fattree_n16_k2_bw10_cpu16.pn, VN=../../../instances/fattree-bcube/instance_list_12vm_rnd.txt, multi-thread=False
init 0.048147 0.048147
1 7.039759 7.087906
2 6.986331 14.074389
3 7.268314 21.34284
4 6.033518 27.376486
5 6.271798 33.648416
6 5.889835 39.538383
7 6.887004 46.425517
8 5.910802 52.336449
9 6.452957 58.789533
10 6.919018 65.708685
11 6.558614 72.267431
12 7.790317 80.057883
13 6.686327 86.744337
14 7.334127 94.078596
15 6.783441 100.862171
16 6.951365 107.813663
17 7.392456 115.206255
18 6.931007 122.137397
19 6.117376 128.254901
20 7.335921 135.59095
21 6.148701 141.739785
22 6.980106 148.720026
23 6.146158 154.866306
24 6.831352 161.697791
25 6.198244 167.896167
26 6.460214 174.356514
27 6.232408 180.589053
28 6.13582 186.725009
29 6.191743 192.916884
30 7.425019 200.342026
31 7.339044 207.681198
32 7.865977 215.547306
33 6.680075 222.227521
34 7.879573 230.107226
35 6.163564 236.27092
36 6.553645 242.824699
37 6.821748 249.64658
38 6.179484 255.826202
39 6.87776 262.704094
40 6.95879 269.66302
41 7.69433 277.357481
42 7.870823 285.228436
43 6.231811 291.460385
44 6.90936 298.369875
45 6.902964 305.272972
46 7.385656 312.658762
47 6.988921 319.647813
48 7.051556 326.699521
49 6.12789 332.827545
50 6.83053 339.658207
51 7.380547 347.038884
52 7.080857 354.119873
53 7.712017 361.832031
54 7.473234 369.305394
55 6.997255 376.302781
56 6.968577 383.271491
57 6.220514 389.492136
58 6.858163 396.350432
59 6.581686 402.932249
60 6.107831 409.040216
61 7.355375 416.395724
62 6.16069 422.556548
63 6.97652 429.533201
64 6.538286 436.07162
65 6.145119 442.216875
66 6.109605 448.326602
67 7.276747 455.60348
68 6.664269 462.267887
69 7.840832 470.108867
70 8.460345 478.56934
71 7.598854 486.168327
72 8.015069 494.183531
73 7.91025 502.093914
74 7.140713 509.234764
75 7.858949 517.093845
76 7.541005 524.634989
77 6.643963 531.279084
78 7.453964 538.733182
79 7.593006 546.326323
80 6.615705 552.942162
81 7.385275 560.327566
82 6.628943 566.956637
83 8.268309 575.225076
84 6.721885 581.947095
85 7.807905 589.755132
86 8.062834 597.818094
87 7.886936 605.705154
88 8.072996 613.778284
89 7.9636 621.742023
90 8.475653 630.217808
91 8.008596 638.226523
92 8.05391 646.280562
93 8.320671 654.601366
94 7.227244 661.828748
95 7.511104 669.339979
96 7.922517 677.262626
97 8.454599 685.717357
98 8.538684 694.256165
99 6.587211 700.84351
100 7.059825 707.903465
101 6.605229 714.508827
102 7.372027 721.880989
103 7.151009 729.032127
104 7.960981 736.993242
105 6.629372 743.62275
106 7.451124 751.074004
107 7.399584 758.473719
108 7.970183 766.444039
109 6.678304 773.122478
110 7.47273 780.595339
111 6.614139 787.209609
112 7.479841 794.689585
113 7.028303 801.718022
114 7.490991 809.209142
115 6.594977 815.804252
116 6.511821 822.316208
117 7.069075 829.385411
118 7.499001 836.884545
119 7.454858 844.339541
120 8.006995 852.346669
121 7.963763 860.310561
122 8.063562 868.374255
123 7.482909 875.857301
124 6.636109 882.493542
125 7.815021 890.308693
126 7.541789 897.850611
127 7.583156 905.433894
128 6.694146 912.12818
129 7.387584 919.515894
130 7.557656 927.073701
131 7.961954 935.035789
132 7.119311 942.155231
133 6.56995 948.725312
134 7.489974 956.215414
135 7.954731 964.170279
136 7.602837 971.773249
137 7.430366 979.203745
138 7.964931 987.168815
139 7.965541 995.134489
140 8.058097 1003.192717
141 8.115353 1011.308205
142 7.562553 1018.870883
143 7.541603 1026.412617
144 7.565953 1033.978704
145 8.012463 1041.991295
146 8.100995 1050.092417
147 7.620876 1057.71342
148 7.539453 1065.253013
149 8.049206 1073.302351
150 8.099895 1081.402387
151 6.706186 1088.108708
152 7.023026 1095.131863
153 6.583758 1101.715766
154 6.677738 1108.393633
155 6.982568 1115.37633
156 8.065279 1123.441738
157 6.623112 1130.064978
158 7.502235 1137.567343
159 8.017764 1145.585237
160 6.70459 1152.289958
161 7.854641 1160.144732
162 7.290884 1167.435745
163 7.435351 1174.871231
164 8.022402 1182.893763
165 6.757879 1189.65177
166 7.080489 1196.732387
167 7.977237 1204.709775
168 6.758161 1211.468074
169 7.874926 1219.343129
170 7.627031 1226.970294
171 6.716303 1233.686731
172 7.549837 1241.236699
173 8.039535 1249.276364
174 7.965851 1257.242355
175 7.738693 1264.981181
176 6.700794 1271.682108
177 7.523894 1279.206131
178 7.502673 1286.708942
179 7.637794 1294.34687
180 6.594266 1300.941263
181 8.007182 1308.948575
182 7.651014 1316.599721
183 8.01525 1324.615108
184 6.716493 1331.331732
185 6.618888 1337.950746
186 7.144362 1345.095238
187 6.603735 1351.699106
188 8.46919 1360.168433
189 8.098643 1368.267204
190 7.57679 1375.844126
191 8.491819 1384.336076
192 8.016805 1392.353013
193 6.780813 1399.133956
194 7.070421 1406.204507
195 8.544108 1414.74875
196 8.02872 1422.777602
197 7.623065 1430.400801
198 7.53794 1437.938872
199 8.58428 1446.523286
200 8.014356 1454.537774
201 7.605664 1462.143572
202 8.046144 1470.189846
203 8.000757 1478.190736
204 8.517729 1486.7086
205 7.628471 1494.337208
206 8.098872 1502.436214
207 7.535325 1509.971666
208 7.575906 1517.547699
209 8.588681 1526.136513
210 8.033108 1534.169752
211 8.018573 1542.188462
212 6.699476 1548.888068
213 7.504065 1556.392267
214 7.657257 1564.049656
215 7.522379 1571.572166
216 6.683937 1578.256238
217 6.567608 1584.823978
218 5.741755 1590.565857
219 6.477506 1597.043494
220 7.534855 1604.57848
221 6.648303 1611.226918
222 7.379219 1618.606264
223 7.462637 1626.069034
224 7.482845 1633.552014
225 6.663277 1640.215422
226 6.543936 1646.75949
227 7.36914 1654.128768
228 7.106259 1661.235156
229 6.611792 1667.847076
230 7.458446 1675.305656
231 7.395822 1682.701616
232 7.07963 1689.781377
233 7.382253 1697.163761
234 8.42775 1705.591646
235 7.429297 1713.021081
236 7.906798 1720.928006
237 7.499619 1728.427752
238 7.053217 1735.481102
239 7.482461 1742.963696
240 7.056508 1750.020338
241 6.65435 1756.674814
242 7.037318 1763.712265
243 7.38294 1771.095335
244 6.314176 1777.409641
245 7.903142 1785.31292
246 6.323833 1791.636891
247 6.931179 1798.5682
248 7.394235 1805.962568
249 6.691679 1812.654384
250 7.055898 1819.710419
251 7.450139 1827.160696
252 7.905952 1835.066783
253 6.221461 1841.288378
254 6.17936 1847.467869
255 7.341079 1854.809099
256 7.15049 1861.959727
257 6.701304 1868.661161
258 7.854381 1876.515676
259 7.547309 1884.063123
260 8.02291 1892.086166
261 7.914938 1900.001244
262 7.6517 1907.653072
263 6.621124 1914.274328
264 6.100629 1920.375087
265 7.38139 1927.756608
266 6.67342 1934.430165
267 7.986789 1942.417082
268 7.909475 1950.326677
269 8.446856 1958.773662
270 7.533129 1966.306928
271 7.4275 1973.734571
272 6.642276 1980.376978
273 8.355627 1988.732738
274 8.070256 1996.803125
275 7.639099 2004.442362
276 8.060692 2012.503185
277 7.654223 2020.157538
278 7.066979 2027.22465
279 8.349952 2035.57473
280 7.166655 2042.741522
281 7.872088 2050.613738
282 8.062112 2058.675983
283 7.972686 2066.648802
284 8.058049 2074.706985
285 6.626417 2081.333538
286 7.572907 2088.906572
287 7.990516 2096.897221
288 7.109162 2104.006521
289 6.615685 2110.622343
290 6.930298 2117.55277
291 7.904197 2125.457097
292 8.427521 2133.884752
293 8.421791 2142.30668
294 8.106219 2150.413029
295 7.63874 2158.051904
296 7.449249 2165.501307
297 7.738995 2173.24044
298 8.062732 2181.303306
299 6.572988 2187.876425
300 7.031716 2194.908277
301 7.556438 2202.464845
302 7.415408 2209.880384
303 8.426619 2218.307138
304 7.76763 2226.074903
305 7.924471 2233.999517
306 7.821026 2241.820677
307 7.411984 2249.232784
308 7.444475 2256.67739
309 7.593775 2264.2713
310 8.027021 2272.29846
311 7.937217 2280.235813
312 6.742888 2286.978831
313 7.863077 2294.842044
314 7.098371 2301.940553
315 6.638117 2308.578799
316 7.983545 2316.562479
317 8.400025 2324.962639
318 7.175761 2332.138537
319 7.380148 2339.518817
320 6.609388 2346.128334
321 7.977114 2354.105576
322 7.560568 2361.666279
323 7.617067 2369.283477
324 6.70723 2375.990846
325 7.343959 2383.33494
326 7.550377 2390.88545
327 8.023128 2398.908706
328 7.505669 2406.414511
329 7.452072 2413.866725
330 7.100622 2420.967483
331 6.635096 2427.60271
332 7.639582 2435.242446
333 7.567544 2442.810121
334 6.688251 2449.498507
335 7.88616 2457.384802
336 7.513471 2464.898408
337 8.016691 2472.915232
338 7.937244 2480.852615
339 6.706598 2487.55935
340 6.968143 2494.527631
341 6.521044 2501.048809
342 7.528324 2508.577268
343 6.609898 2515.1873
344 6.893093 2522.080529
345 6.765542 2528.846203
346 8.254071 2537.100407
347 8.015894 2545.116434
348 8.09535 2553.211917
349 7.599235 2560.811317
350 6.630524 2567.441973
351 7.61468 2575.056789
352 8.04981 2583.106735
353 6.562481 2589.669355
354 6.639467 2596.308961
355 8.243073 2604.552168
356 7.458505 2612.010807
357 6.066678 2618.077616
358 7.922842 2626.000592
359 8.03544 2634.03617
360 8.007354 2642.043656
361 8.027842 2650.071633
362 6.724064 2656.795828
363 7.835313 2664.631294
364 6.738317 2671.369748
365 7.537686 2678.907566
366 6.665774 2685.573472
367 7.876132 2693.44974
368 7.792301 2701.242177
369 6.623682 2707.865994
370 7.719303 2715.585428
371 7.055554 2722.641119
372 7.965018 2730.606272
373 8.070134 2738.676537
374 8.357016 2747.03369
375 7.571588 2754.60541
376 8.54995 2763.155496
377 6.615158 2769.770787
378 8.433519 2778.204438
379 7.681649 2785.886225
380 7.992822 2793.879183
381 7.570024 2801.449339
382 7.927059 2809.376531
383 8.512391 2817.889058
384 8.019292 2825.908487
385 7.191023 2833.099649
386 6.646657 2839.746439
387 7.948782 2847.695356
388 7.939195 2855.634688
389 7.974431 2863.609258
390 8.08592 2871.695309
391 7.992847 2879.688288
392 7.159111 2886.847532
393 8.376977 2895.224641
394 7.744325 2902.9691
395 7.451451 2910.420687
396 6.684422 2917.105229
397 8.006308 2925.111673
398 7.943397 2933.055207
399 7.183069 2940.238416
400 8.401967 2948.640512
401 7.961939 2956.602582
402 6.732642 2963.335364
403 7.074345 2970.409847
404 7.448853 2977.858835
405 8.442011 2986.300981
406 7.148813 2993.449931
407 7.619647 3001.06972
408 7.580534 3008.650388
409 7.989224 3016.639744
410 7.942699 3024.582579
411 7.17781 3031.760529
412 7.396941 3039.157605
413 8.416402 3047.574144
414 7.622356 3055.196636
415 6.682119 3061.87889
416 7.882164 3069.761185
417 7.974584 3077.735902
418 6.731597 3084.467656
419 7.06359 3091.531382
420 7.510814 3099.042326
421 8.488046 3107.530504
422 7.992766 3115.523404
423 6.657183 3122.180726
424 7.390993 3129.571855
425 8.413124 3137.985132
426 8.027948 3146.013212
427 7.123487 3153.136838
428 7.974741 3161.111711
429 8.053797 3169.165642
430 7.956495 3177.122271
431 8.048282 3185.170684
432 7.98177 3193.152595
433 8.040395 3201.193122
434 8.024946 3209.218202
435 6.709773 3215.928101
436 7.893468 3223.821712
437 7.438947 3231.26079
438 7.49822 3238.759139
439 7.578005 3246.337276
440 7.426739 3253.76415
441 8.418625 3262.182916
442 6.808962 3268.992011
443 8.379649 3277.371793
444 7.583366 3284.955296
445 7.423874 3292.379304
446 8.535485 3300.914932
447 7.977956 3308.893021
448 6.772955 3315.666112
449 7.607367 3323.273612
450 7.663346 3330.937092
451 7.507418 3338.444649
452 6.679805 3345.12459
453 7.557692 3352.682408
454 7.504737 3360.187282
455 8.017871 3368.205284
456 7.60084 3375.806258
457 8.047468 3383.853863
458 7.700712 3391.554709
459 7.942815 3399.497656
460 7.743498 3407.241287
461 7.218432 3414.459853
462 6.595385 3421.055386
463 7.888051 3428.943573
464 7.181666 3436.125375
465 8.414493 3444.54
466 8.166866 3452.707002
467 8.365977 3461.073112
468 7.68582 3468.75906
469 6.649982 3475.409172
470 7.39912 3482.808424
471 7.533392 3490.341955
472 6.617831 3496.959913
473 8.016228 3504.976284
474 6.680413 3511.656832
475 6.607362 3518.264328
476 8.462095 3526.72656
477 6.650711 3533.377404
478 8.361586 3541.739127
479 7.718519 3549.457772
480 7.953899 3557.411803
481 7.656156 3565.068101
482 7.6497 3572.717937
483 6.693502 3579.411567
484 7.957549 3587.36925
485 8.518344 3595.887731
