[runlim] version:		1.7
[runlim] time limit:		3600 seconds
[runlim] real time limit:	311040000 seconds
[runlim] space limit:		80000 MB
[runlim] argv[0]:		python3.6
[runlim] argv[1]:		./netsolver-gurobi-mod.py
[runlim] argv[2]:		../../../instances/fattree-bcube/BCube_n12_k2_bw10_cpu16.pn
[runlim] argv[3]:		../../../instances/fattree-bcube/instance_list_9vm_rnd.txt
[runlim] argv[4]:		False
[runlim] argv[5]:		False
[runlim] argv[6]:		timelogs/results.BCube_n12_k2_bw10_cpu16.pn.instance_list_9vm_rnd.txt.log
[runlim] start:			Sun Sep 22 23:30:37 2019
[runlim] main pid:		45638
Academic license - for non-commercial use only
[runlim] sample:		10.0 seconds, 191.3 MB
[runlim] sample:		20.0 seconds, 258.1 MB
[runlim] sample:		30.0 seconds, 260.3 MB
[runlim] sample:		40.0 seconds, 250.0 MB
[runlim] sample:		50.0 seconds, 280.3 MB
[runlim] sample:		60.0 seconds, 288.2 MB
[runlim] sample:		70.0 seconds, 277.0 MB
[runlim] sample:		80.0 seconds, 263.5 MB
[runlim] sample:		90.0 seconds, 292.2 MB
[runlim] sample:		100.0 seconds, 315.3 MB
[runlim] sample:		110.0 seconds, 288.8 MB
[runlim] sample:		120.0 seconds, 314.7 MB
[runlim] sample:		130.0 seconds, 283.9 MB
[runlim] sample:		140.0 seconds, 303.0 MB
[runlim] sample:		150.0 seconds, 303.9 MB
[runlim] sample:		160.0 seconds, 305.8 MB
[runlim] sample:		170.0 seconds, 317.4 MB
[runlim] sample:		180.0 seconds, 326.6 MB
[runlim] sample:		190.0 seconds, 307.6 MB
[runlim] sample:		200.0 seconds, 316.6 MB
[runlim] sample:		210.0 seconds, 326.3 MB
[runlim] sample:		220.0 seconds, 320.0 MB
[runlim] sample:		230.0 seconds, 311.2 MB
[runlim] sample:		240.0 seconds, 303.1 MB
[runlim] sample:		250.0 seconds, 301.9 MB
[runlim] sample:		260.0 seconds, 301.6 MB
[runlim] sample:		270.0 seconds, 305.4 MB
[runlim] sample:		280.0 seconds, 324.8 MB
[runlim] sample:		290.0 seconds, 320.4 MB
[runlim] sample:		300.0 seconds, 314.6 MB
[runlim] sample:		310.0 seconds, 309.1 MB
[runlim] sample:		320.0 seconds, 323.9 MB
[runlim] sample:		330.0 seconds, 313.4 MB
[runlim] sample:		340.0 seconds, 310.5 MB
[runlim] sample:		350.0 seconds, 324.9 MB
[runlim] sample:		360.0 seconds, 332.4 MB
[runlim] sample:		370.0 seconds, 312.4 MB
[runlim] sample:		380.0 seconds, 289.0 MB
[runlim] sample:		390.0 seconds, 314.3 MB
[runlim] sample:		400.0 seconds, 286.3 MB
[runlim] sample:		410.0 seconds, 302.5 MB
[runlim] sample:		420.0 seconds, 296.0 MB
[runlim] sample:		430.0 seconds, 293.0 MB
[runlim] sample:		440.0 seconds, 298.4 MB
[runlim] sample:		450.0 seconds, 286.5 MB
[runlim] sample:		460.0 seconds, 285.7 MB
[runlim] sample:		470.0 seconds, 302.2 MB
[runlim] sample:		480.0 seconds, 293.0 MB
[runlim] sample:		490.0 seconds, 303.9 MB
[runlim] sample:		500.0 seconds, 293.6 MB
[runlim] sample:		510.0 seconds, 310.4 MB
[runlim] sample:		520.0 seconds, 312.8 MB
[runlim] sample:		530.0 seconds, 308.9 MB
[runlim] sample:		540.0 seconds, 305.0 MB
[runlim] sample:		550.0 seconds, 301.3 MB
[runlim] sample:		560.0 seconds, 299.0 MB
[runlim] sample:		570.0 seconds, 298.0 MB
[runlim] sample:		580.0 seconds, 313.0 MB
[runlim] sample:		590.0 seconds, 305.8 MB
[runlim] sample:		600.0 seconds, 302.8 MB
[runlim] sample:		610.0 seconds, 342.9 MB
[runlim] sample:		620.0 seconds, 330.6 MB
[runlim] sample:		630.0 seconds, 321.1 MB
[runlim] sample:		640.0 seconds, 320.8 MB
[runlim] sample:		650.0 seconds, 320.1 MB
[runlim] sample:		660.0 seconds, 324.8 MB
[runlim] sample:		670.0 seconds, 319.1 MB
[runlim] sample:		680.0 seconds, 327.6 MB
[runlim] sample:		690.0 seconds, 318.1 MB
[runlim] sample:		700.0 seconds, 317.8 MB
[runlim] sample:		710.0 seconds, 317.6 MB
[runlim] sample:		720.0 seconds, 317.6 MB
[runlim] sample:		730.0 seconds, 316.8 MB
[runlim] sample:		740.0 seconds, 316.8 MB
[runlim] sample:		750.0 seconds, 300.8 MB
[runlim] sample:		760.0 seconds, 297.5 MB
[runlim] sample:		770.0 seconds, 297.0 MB
[runlim] sample:		780.0 seconds, 310.2 MB
[runlim] sample:		790.0 seconds, 307.2 MB
[runlim] sample:		800.0 seconds, 307.5 MB
[runlim] sample:		810.0 seconds, 317.5 MB
[runlim] sample:		820.0 seconds, 322.8 MB
[runlim] sample:		830.0 seconds, 329.8 MB
[runlim] sample:		840.0 seconds, 332.4 MB
[runlim] sample:		850.0 seconds, 326.1 MB
[runlim] sample:		860.0 seconds, 325.8 MB
[runlim] sample:		870.0 seconds, 323.6 MB
[runlim] sample:		880.0 seconds, 323.3 MB
[runlim] sample:		890.0 seconds, 323.1 MB
[runlim] sample:		900.0 seconds, 322.6 MB
[runlim] sample:		910.0 seconds, 322.6 MB
[runlim] sample:		920.0 seconds, 299.5 MB
[runlim] sample:		930.0 seconds, 299.0 MB
[runlim] sample:		940.0 seconds, 300.3 MB
[runlim] sample:		950.0 seconds, 322.1 MB
[runlim] sample:		960.0 seconds, 334.7 MB
[runlim] sample:		970.0 seconds, 321.4 MB
[runlim] sample:		980.0 seconds, 329.1 MB
[runlim] sample:		990.0 seconds, 342.3 MB
[runlim] sample:		1000.0 seconds, 335.0 MB
[runlim] sample:		1010.0 seconds, 329.5 MB
[runlim] sample:		1020.0 seconds, 331.1 MB
[runlim] sample:		1030.0 seconds, 329.2 MB
[runlim] sample:		1040.0 seconds, 330.8 MB
[runlim] sample:		1050.0 seconds, 327.8 MB
[runlim] sample:		1060.0 seconds, 327.5 MB
[runlim] sample:		1070.0 seconds, 327.5 MB
[runlim] sample:		1080.0 seconds, 340.4 MB
[runlim] sample:		1090.0 seconds, 346.1 MB
[runlim] sample:		1100.0 seconds, 336.8 MB
[runlim] sample:		1110.0 seconds, 333.3 MB
[runlim] sample:		1120.0 seconds, 331.8 MB
[runlim] sample:		1130.0 seconds, 330.5 MB
[runlim] sample:		1140.0 seconds, 331.1 MB
[runlim] sample:		1150.0 seconds, 330.8 MB
[runlim] sample:		1160.0 seconds, 331.0 MB
[runlim] sample:		1170.0 seconds, 313.4 MB
[runlim] sample:		1180.0 seconds, 308.7 MB
[runlim] sample:		1190.0 seconds, 333.6 MB
[runlim] sample:		1200.0 seconds, 333.5 MB
[runlim] sample:		1210.0 seconds, 317.1 MB
[runlim] sample:		1220.0 seconds, 341.1 MB
[runlim] sample:		1230.0 seconds, 340.1 MB
[runlim] sample:		1240.0 seconds, 353.0 MB
[runlim] sample:		1250.0 seconds, 353.0 MB
[runlim] sample:		1260.0 seconds, 353.0 MB
[runlim] sample:		1270.0 seconds, 353.5 MB
[runlim] sample:		1280.0 seconds, 352.1 MB
[runlim] sample:		1290.0 seconds, 322.2 MB
[runlim] sample:		1300.0 seconds, 308.3 MB
[runlim] sample:		1310.0 seconds, 322.7 MB
[runlim] sample:		1320.0 seconds, 307.8 MB
[runlim] sample:		1330.0 seconds, 311.6 MB
[runlim] sample:		1340.0 seconds, 307.3 MB
[runlim] sample:		1350.0 seconds, 335.2 MB
[runlim] sample:		1360.0 seconds, 313.6 MB
[runlim] sample:		1370.0 seconds, 312.1 MB
[runlim] sample:		1380.0 seconds, 313.4 MB
[runlim] sample:		1390.0 seconds, 312.1 MB
[runlim] sample:		1400.0 seconds, 321.5 MB
[runlim] sample:		1410.0 seconds, 345.1 MB
[runlim] sample:		1420.0 seconds, 334.3 MB
[runlim] sample:		1430.0 seconds, 339.1 MB
[runlim] sample:		1440.0 seconds, 339.8 MB
[runlim] sample:		1450.0 seconds, 329.8 MB
[runlim] sample:		1460.0 seconds, 330.3 MB
[runlim] sample:		1470.0 seconds, 329.6 MB
[runlim] sample:		1480.0 seconds, 329.1 MB
[runlim] sample:		1490.0 seconds, 328.6 MB
[runlim] sample:		1500.0 seconds, 328.6 MB
[runlim] sample:		1510.0 seconds, 333.6 MB
[runlim] sample:		1520.0 seconds, 355.1 MB
[runlim] sample:		1530.0 seconds, 340.6 MB
[runlim] sample:		1540.0 seconds, 339.1 MB
[runlim] sample:		1550.0 seconds, 334.4 MB
[runlim] sample:		1560.0 seconds, 333.6 MB
[runlim] sample:		1570.0 seconds, 333.1 MB
[runlim] sample:		1580.0 seconds, 332.6 MB
[runlim] sample:		1590.0 seconds, 332.4 MB
[runlim] sample:		1600.0 seconds, 332.4 MB
[runlim] sample:		1610.0 seconds, 332.4 MB
[runlim] sample:		1620.0 seconds, 332.4 MB
[runlim] sample:		1630.0 seconds, 331.9 MB
[runlim] sample:		1640.0 seconds, 331.4 MB
[runlim] sample:		1650.0 seconds, 331.1 MB
[runlim] sample:		1660.0 seconds, 330.9 MB
[runlim] sample:		1670.0 seconds, 341.4 MB
[runlim] sample:		1680.0 seconds, 331.6 MB
[runlim] sample:		1690.0 seconds, 350.2 MB
[runlim] sample:		1700.0 seconds, 342.6 MB
[runlim] sample:		1710.0 seconds, 331.4 MB
[runlim] sample:		1720.0 seconds, 331.4 MB
[runlim] sample:		1730.0 seconds, 333.6 MB
[runlim] sample:		1740.0 seconds, 337.9 MB
[runlim] sample:		1750.0 seconds, 336.6 MB
[runlim] sample:		1760.0 seconds, 336.1 MB
[runlim] sample:		1770.0 seconds, 335.2 MB
[runlim] sample:		1780.0 seconds, 335.2 MB
[runlim] sample:		1790.0 seconds, 335.2 MB
[runlim] sample:		1800.0 seconds, 354.1 MB
[runlim] sample:		1810.0 seconds, 359.0 MB
[runlim] sample:		1820.0 seconds, 358.2 MB
[runlim] sample:		1830.0 seconds, 324.3 MB
[runlim] sample:		1840.0 seconds, 322.0 MB
[runlim] sample:		1850.0 seconds, 342.6 MB
[runlim] sample:		1860.0 seconds, 346.6 MB
[runlim] sample:		1870.0 seconds, 359.7 MB
[runlim] sample:		1880.0 seconds, 325.9 MB
[runlim] sample:		1890.0 seconds, 324.9 MB
[runlim] sample:		1900.0 seconds, 341.9 MB
[runlim] sample:		1910.0 seconds, 322.6 MB
[runlim] sample:		1920.0 seconds, 322.0 MB
[runlim] sample:		1930.0 seconds, 318.9 MB
[runlim] sample:		1940.0 seconds, 319.0 MB
[runlim] sample:		1950.0 seconds, 313.5 MB
[runlim] sample:		1960.0 seconds, 317.3 MB
[runlim] sample:		1970.0 seconds, 337.1 MB
[runlim] sample:		1980.0 seconds, 337.9 MB
[runlim] sample:		1990.0 seconds, 338.2 MB
[runlim] sample:		2000.0 seconds, 314.5 MB
[runlim] sample:		2010.0 seconds, 317.0 MB
[runlim] sample:		2020.0 seconds, 311.8 MB
[runlim] sample:		2030.0 seconds, 339.6 MB
[runlim] sample:		2040.0 seconds, 316.8 MB
[runlim] sample:		2050.0 seconds, 373.1 MB
[runlim] sample:		2060.0 seconds, 333.4 MB
[runlim] sample:		2070.0 seconds, 318.2 MB
[runlim] sample:		2080.0 seconds, 336.6 MB
[runlim] sample:		2090.0 seconds, 332.9 MB
[runlim] sample:		2100.0 seconds, 311.5 MB
[runlim] sample:		2110.0 seconds, 310.8 MB
[runlim] sample:		2120.0 seconds, 324.7 MB
[runlim] sample:		2130.0 seconds, 310.8 MB
[runlim] sample:		2140.0 seconds, 315.8 MB
[runlim] sample:		2150.0 seconds, 310.8 MB
[runlim] sample:		2160.0 seconds, 310.5 MB
[runlim] sample:		2170.0 seconds, 315.5 MB
[runlim] sample:		2180.0 seconds, 324.5 MB
[runlim] sample:		2190.0 seconds, 318.0 MB
[runlim] sample:		2200.0 seconds, 338.4 MB
[runlim] sample:		2210.0 seconds, 316.5 MB
[runlim] sample:		2220.0 seconds, 324.8 MB
[runlim] sample:		2230.0 seconds, 310.0 MB
[runlim] sample:		2240.0 seconds, 312.1 MB
[runlim] sample:		2250.0 seconds, 321.6 MB
[runlim] sample:		2260.0 seconds, 334.9 MB
[runlim] sample:		2270.0 seconds, 334.9 MB
[runlim] sample:		2280.0 seconds, 319.0 MB
[runlim] sample:		2290.0 seconds, 318.3 MB
[runlim] sample:		2300.0 seconds, 318.1 MB
[runlim] sample:		2310.0 seconds, 341.4 MB
[runlim] sample:		2320.0 seconds, 354.7 MB
[runlim] sample:		2330.0 seconds, 321.5 MB
[runlim] sample:		2340.0 seconds, 321.8 MB
[runlim] sample:		2350.0 seconds, 319.1 MB
[runlim] sample:		2360.0 seconds, 334.6 MB
[runlim] sample:		2370.0 seconds, 314.1 MB
[runlim] sample:		2380.0 seconds, 337.6 MB
[runlim] sample:		2390.0 seconds, 313.8 MB
[runlim] sample:		2400.0 seconds, 313.8 MB
[runlim] sample:		2410.0 seconds, 310.9 MB
[runlim] sample:		2420.0 seconds, 313.5 MB
[runlim] sample:		2430.0 seconds, 308.5 MB
[runlim] sample:		2440.0 seconds, 313.5 MB
[runlim] sample:		2450.0 seconds, 308.3 MB
[runlim] sample:		2460.0 seconds, 331.1 MB
[runlim] sample:		2470.0 seconds, 313.3 MB
[runlim] sample:		2480.0 seconds, 308.3 MB
[runlim] sample:		2490.0 seconds, 313.3 MB
[runlim] sample:		2500.0 seconds, 336.7 MB
[runlim] sample:		2510.0 seconds, 308.3 MB
[runlim] sample:		2520.0 seconds, 313.3 MB
[runlim] sample:		2530.0 seconds, 313.3 MB
[runlim] sample:		2540.0 seconds, 308.3 MB
[runlim] sample:		2550.0 seconds, 336.9 MB
[runlim] sample:		2560.0 seconds, 313.0 MB
[runlim] sample:		2570.0 seconds, 312.8 MB
[runlim] sample:		2580.0 seconds, 333.9 MB
[runlim] sample:		2590.0 seconds, 312.5 MB
[runlim] sample:		2600.0 seconds, 333.7 MB
[runlim] sample:		2610.0 seconds, 308.0 MB
[runlim] sample:		2620.0 seconds, 312.8 MB
[runlim] sample:		2630.0 seconds, 336.4 MB
[runlim] sample:		2640.0 seconds, 312.8 MB
[runlim] sample:		2650.0 seconds, 336.4 MB
[runlim] sample:		2660.0 seconds, 313.0 MB
[runlim] sample:		2670.0 seconds, 314.9 MB
[runlim] sample:		2680.0 seconds, 317.1 MB
[runlim] sample:		2690.0 seconds, 339.8 MB
[runlim] sample:		2700.0 seconds, 326.1 MB
[runlim] sample:		2710.0 seconds, 321.9 MB
[runlim] sample:		2720.0 seconds, 328.1 MB
[runlim] sample:		2730.0 seconds, 345.1 MB
[runlim] sample:		2740.0 seconds, 338.4 MB
[runlim] sample:		2750.0 seconds, 318.2 MB
[runlim] sample:		2760.0 seconds, 314.0 MB
[runlim] sample:		2770.0 seconds, 321.7 MB
[runlim] sample:		2780.0 seconds, 328.5 MB
[runlim] sample:		2790.0 seconds, 336.3 MB
[runlim] sample:		2800.0 seconds, 346.7 MB
[runlim] sample:		2810.0 seconds, 331.4 MB
[runlim] sample:		2820.0 seconds, 320.3 MB
[runlim] sample:		2830.0 seconds, 339.4 MB
[runlim] sample:		2840.0 seconds, 372.9 MB
[runlim] sample:		2850.0 seconds, 359.2 MB
[runlim] sample:		2860.0 seconds, 359.3 MB
[runlim] sample:		2870.0 seconds, 359.3 MB
[runlim] sample:		2880.0 seconds, 359.0 MB
[runlim] sample:		2890.0 seconds, 358.5 MB
[runlim] sample:		2900.0 seconds, 325.3 MB
[runlim] sample:		2910.0 seconds, 324.1 MB
[runlim] sample:		2920.0 seconds, 310.5 MB
[runlim] sample:		2930.0 seconds, 315.5 MB
[runlim] sample:		2940.0 seconds, 310.5 MB
[runlim] sample:		2950.0 seconds, 338.9 MB
[runlim] sample:		2960.0 seconds, 336.6 MB
[runlim] sample:		2970.0 seconds, 315.0 MB
[runlim] sample:		2980.0 seconds, 315.0 MB
[runlim] sample:		2990.0 seconds, 310.0 MB
[runlim] sample:		3000.0 seconds, 322.5 MB
[runlim] sample:		3010.0 seconds, 333.2 MB
[runlim] sample:		3020.0 seconds, 338.9 MB
[runlim] sample:		3030.0 seconds, 316.0 MB
[runlim] sample:		3040.0 seconds, 310.8 MB
[runlim] sample:		3050.0 seconds, 315.5 MB
[runlim] sample:		3060.0 seconds, 310.5 MB
[runlim] sample:		3070.0 seconds, 336.8 MB
[runlim] sample:		3080.0 seconds, 310.3 MB
[runlim] sample:		3090.0 seconds, 311.0 MB
[runlim] sample:		3100.0 seconds, 325.0 MB
[runlim] sample:		3110.0 seconds, 329.7 MB
[runlim] sample:		3120.0 seconds, 331.6 MB
[runlim] sample:		3130.0 seconds, 320.3 MB
[runlim] sample:		3140.0 seconds, 311.0 MB
[runlim] sample:		3150.0 seconds, 315.8 MB
[runlim] sample:		3160.0 seconds, 315.5 MB
[runlim] sample:		3170.0 seconds, 310.5 MB
[runlim] sample:		3180.0 seconds, 346.4 MB
[runlim] sample:		3190.0 seconds, 334.7 MB
[runlim] sample:		3200.0 seconds, 328.6 MB
[runlim] sample:		3210.0 seconds, 333.7 MB
[runlim] sample:		3220.0 seconds, 342.0 MB
[runlim] sample:		3230.0 seconds, 331.7 MB
[runlim] sample:		3240.0 seconds, 344.6 MB
[runlim] sample:		3250.0 seconds, 336.3 MB
[runlim] sample:		3260.0 seconds, 327.8 MB
[runlim] sample:		3270.0 seconds, 349.0 MB
[runlim] sample:		3280.0 seconds, 332.9 MB
[runlim] sample:		3290.0 seconds, 331.8 MB
[runlim] sample:		3300.0 seconds, 335.4 MB
[runlim] sample:		3310.0 seconds, 333.1 MB
[runlim] sample:		3320.0 seconds, 354.4 MB
[runlim] sample:		3330.0 seconds, 348.4 MB
[runlim] sample:		3340.0 seconds, 339.6 MB
[runlim] sample:		3350.0 seconds, 339.6 MB
[runlim] sample:		3360.0 seconds, 339.6 MB
[runlim] sample:		3370.0 seconds, 352.4 MB
[runlim] sample:		3380.0 seconds, 349.5 MB
[runlim] sample:		3390.0 seconds, 349.5 MB
[runlim] sample:		3400.0 seconds, 349.5 MB
[runlim] sample:		3410.0 seconds, 349.5 MB
[runlim] sample:		3420.0 seconds, 331.1 MB
[runlim] sample:		3430.0 seconds, 348.2 MB
[runlim] sample:		3440.0 seconds, 349.3 MB
[runlim] sample:		3450.0 seconds, 328.0 MB
[runlim] sample:		3460.0 seconds, 349.1 MB
[runlim] sample:		3470.0 seconds, 332.2 MB
[runlim] sample:		3480.0 seconds, 331.4 MB
[runlim] sample:		3490.0 seconds, 341.0 MB
[runlim] sample:		3500.0 seconds, 374.9 MB
[runlim] sample:		3510.0 seconds, 367.2 MB
[runlim] sample:		3520.0 seconds, 334.0 MB
[runlim] sample:		3530.0 seconds, 326.3 MB
[runlim] sample:		3540.0 seconds, 347.0 MB
[runlim] sample:		3550.0 seconds, 325.7 MB
[runlim] sample:		3560.0 seconds, 346.1 MB
[runlim] sample:		3570.0 seconds, 318.5 MB
[runlim] sample:		3580.0 seconds, 323.3 MB
[runlim] sample:		3590.0 seconds, 333.5 MB
[runlim] sample:		3600.0 seconds, 333.2 MB
[runlim] end:			Mon Sep 23 00:30:37 2019
[runlim] status:		out of time
[runlim] result:		1
[runlim] children:		0
[runlim] real:			3600.85 seconds
[runlim] time:			3600.06 seconds
[runlim] space:			395.8 MB
[runlim] samples:		36001
