[runlim] version:		1.7
[runlim] time limit:		3600 seconds
[runlim] real time limit:	311040000 seconds
[runlim] space limit:		80000 MB
[runlim] argv[0]:		python3.6
[runlim] argv[1]:		./netsolver-gurobi-mod.py
[runlim] argv[2]:		../../../instances/fattree-bcube/BCube_n10_k2_bw10_cpu16.pn
[runlim] argv[3]:		../../../instances/fattree-bcube/instance_list_15vm_rnd.txt
[runlim] argv[4]:		False
[runlim] argv[5]:		False
[runlim] argv[6]:		timelogs/results.BCube_n10_k2_bw10_cpu16.pn.instance_list_15vm_rnd.txt.log
[runlim] start:			Sun Sep 22 21:30:37 2019
[runlim] main pid:		44759
Academic license - for non-commercial use only
[runlim] sample:		10.0 seconds, 334.6 MB
[runlim] sample:		20.0 seconds, 334.8 MB
[runlim] sample:		30.0 seconds, 324.1 MB
[runlim] sample:		40.0 seconds, 330.3 MB
[runlim] sample:		50.0 seconds, 348.5 MB
[runlim] sample:		60.0 seconds, 369.3 MB
[runlim] sample:		70.0 seconds, 386.3 MB
[runlim] sample:		80.0 seconds, 373.0 MB
[runlim] sample:		90.0 seconds, 364.4 MB
[runlim] sample:		100.0 seconds, 304.6 MB
[runlim] sample:		110.0 seconds, 364.7 MB
[runlim] sample:		120.0 seconds, 401.2 MB
[runlim] sample:		130.0 seconds, 384.7 MB
[runlim] sample:		140.0 seconds, 354.8 MB
[runlim] sample:		150.0 seconds, 350.9 MB
[runlim] sample:		160.0 seconds, 352.0 MB
[runlim] sample:		170.0 seconds, 345.5 MB
[runlim] sample:		180.0 seconds, 337.8 MB
[runlim] sample:		190.0 seconds, 343.2 MB
[runlim] sample:		200.0 seconds, 378.1 MB
[runlim] sample:		210.0 seconds, 366.0 MB
[runlim] sample:		220.0 seconds, 365.0 MB
[runlim] sample:		230.0 seconds, 399.6 MB
[runlim] sample:		240.0 seconds, 413.2 MB
[runlim] sample:		250.0 seconds, 375.4 MB
[runlim] sample:		260.0 seconds, 392.7 MB
[runlim] sample:		270.0 seconds, 428.6 MB
[runlim] sample:		280.0 seconds, 413.7 MB
[runlim] sample:		290.0 seconds, 398.3 MB
[runlim] sample:		300.0 seconds, 375.3 MB
[runlim] sample:		310.0 seconds, 397.3 MB
[runlim] sample:		320.0 seconds, 404.0 MB
[runlim] sample:		330.0 seconds, 382.1 MB
[runlim] sample:		340.0 seconds, 379.3 MB
[runlim] sample:		350.0 seconds, 373.3 MB
[runlim] sample:		360.0 seconds, 387.1 MB
[runlim] sample:		370.0 seconds, 382.3 MB
[runlim] sample:		380.0 seconds, 366.1 MB
[runlim] sample:		390.0 seconds, 342.8 MB
[runlim] sample:		400.0 seconds, 360.3 MB
[runlim] sample:		410.0 seconds, 439.5 MB
[runlim] sample:		420.0 seconds, 428.4 MB
[runlim] sample:		430.0 seconds, 374.8 MB
[runlim] sample:		440.0 seconds, 382.5 MB
[runlim] sample:		450.0 seconds, 345.7 MB
[runlim] sample:		460.0 seconds, 345.3 MB
[runlim] sample:		470.0 seconds, 347.3 MB
[runlim] sample:		480.0 seconds, 351.8 MB
[runlim] sample:		490.0 seconds, 349.2 MB
[runlim] sample:		500.0 seconds, 335.7 MB
[runlim] sample:		510.0 seconds, 347.8 MB
[runlim] sample:		520.0 seconds, 339.9 MB
[runlim] sample:		530.0 seconds, 348.2 MB
[runlim] sample:		540.0 seconds, 394.4 MB
[runlim] sample:		550.0 seconds, 445.2 MB
[runlim] sample:		560.0 seconds, 410.8 MB
[runlim] sample:		570.0 seconds, 385.6 MB
[runlim] sample:		580.0 seconds, 366.5 MB
[runlim] sample:		590.0 seconds, 392.2 MB
[runlim] sample:		600.0 seconds, 370.1 MB
[runlim] sample:		610.0 seconds, 371.2 MB
[runlim] sample:		620.0 seconds, 405.0 MB
[runlim] sample:		630.0 seconds, 382.6 MB
[runlim] sample:		640.0 seconds, 370.7 MB
[runlim] sample:		650.0 seconds, 386.1 MB
[runlim] sample:		660.0 seconds, 374.3 MB
[runlim] sample:		670.0 seconds, 389.8 MB
[runlim] sample:		680.0 seconds, 398.3 MB
[runlim] sample:		690.0 seconds, 405.9 MB
[runlim] sample:		700.0 seconds, 398.5 MB
[runlim] sample:		710.0 seconds, 344.4 MB
[runlim] sample:		720.0 seconds, 360.1 MB
[runlim] sample:		730.0 seconds, 392.8 MB
[runlim] sample:		740.0 seconds, 382.8 MB
[runlim] sample:		750.0 seconds, 388.3 MB
[runlim] sample:		760.0 seconds, 380.8 MB
[runlim] sample:		770.0 seconds, 387.8 MB
[runlim] sample:		780.0 seconds, 371.6 MB
[runlim] sample:		790.0 seconds, 409.8 MB
[runlim] sample:		800.0 seconds, 396.7 MB
[runlim] sample:		810.0 seconds, 393.9 MB
[runlim] sample:		820.0 seconds, 380.5 MB
[runlim] sample:		830.0 seconds, 376.9 MB
[runlim] sample:		840.0 seconds, 361.5 MB
[runlim] sample:		850.0 seconds, 366.5 MB
[runlim] sample:		860.0 seconds, 407.2 MB
[runlim] sample:		870.0 seconds, 415.9 MB
[runlim] sample:		880.0 seconds, 407.2 MB
[runlim] sample:		890.0 seconds, 408.9 MB
[runlim] sample:		900.0 seconds, 415.7 MB
[runlim] sample:		910.0 seconds, 402.7 MB
[runlim] sample:		920.0 seconds, 411.6 MB
[runlim] sample:		930.0 seconds, 382.4 MB
[runlim] sample:		940.0 seconds, 425.9 MB
[runlim] sample:		950.0 seconds, 343.8 MB
[runlim] sample:		960.0 seconds, 435.3 MB
[runlim] sample:		970.0 seconds, 423.8 MB
[runlim] sample:		980.0 seconds, 422.3 MB
[runlim] sample:		990.0 seconds, 414.5 MB
[runlim] sample:		1000.0 seconds, 412.3 MB
[runlim] sample:		1010.0 seconds, 411.5 MB
[runlim] sample:		1020.0 seconds, 376.3 MB
[runlim] sample:		1030.0 seconds, 373.1 MB
[runlim] sample:		1040.0 seconds, 427.2 MB
[runlim] sample:		1050.0 seconds, 415.2 MB
[runlim] sample:		1060.0 seconds, 409.0 MB
[runlim] sample:		1070.0 seconds, 420.6 MB
[runlim] sample:		1080.0 seconds, 395.1 MB
[runlim] sample:		1090.0 seconds, 376.7 MB
[runlim] sample:		1100.0 seconds, 361.0 MB
[runlim] sample:		1110.0 seconds, 397.6 MB
[runlim] sample:		1120.0 seconds, 375.8 MB
[runlim] sample:		1130.0 seconds, 365.5 MB
[runlim] sample:		1140.0 seconds, 380.8 MB
[runlim] sample:		1150.0 seconds, 364.0 MB
[runlim] sample:		1160.0 seconds, 361.5 MB
[runlim] sample:		1170.0 seconds, 354.7 MB
[runlim] sample:		1180.0 seconds, 351.9 MB
[runlim] sample:		1190.0 seconds, 351.8 MB
[runlim] sample:		1200.0 seconds, 356.3 MB
[runlim] sample:		1210.0 seconds, 351.2 MB
[runlim] sample:		1220.0 seconds, 355.1 MB
[runlim] sample:		1230.0 seconds, 349.6 MB
[runlim] sample:		1240.0 seconds, 384.9 MB
[runlim] sample:		1250.0 seconds, 384.2 MB
[runlim] sample:		1260.0 seconds, 401.3 MB
[runlim] sample:		1270.0 seconds, 409.0 MB
[runlim] sample:		1280.0 seconds, 417.4 MB
[runlim] sample:		1290.0 seconds, 417.6 MB
[runlim] sample:		1300.0 seconds, 454.3 MB
[runlim] sample:		1310.0 seconds, 426.2 MB
[runlim] sample:		1320.0 seconds, 448.4 MB
[runlim] sample:		1330.0 seconds, 425.0 MB
[runlim] sample:		1340.0 seconds, 423.2 MB
[runlim] sample:		1350.0 seconds, 358.9 MB
[runlim] sample:		1360.0 seconds, 365.6 MB
[runlim] sample:		1370.0 seconds, 395.0 MB
[runlim] sample:		1380.0 seconds, 398.2 MB
[runlim] sample:		1390.0 seconds, 378.4 MB
[runlim] sample:		1400.0 seconds, 358.9 MB
[runlim] sample:		1410.0 seconds, 353.6 MB
[runlim] sample:		1420.0 seconds, 360.8 MB
[runlim] sample:		1430.0 seconds, 360.0 MB
[runlim] sample:		1440.0 seconds, 393.4 MB
[runlim] sample:		1450.0 seconds, 383.4 MB
[runlim] sample:		1460.0 seconds, 408.4 MB
[runlim] sample:		1470.0 seconds, 387.6 MB
[runlim] sample:		1480.0 seconds, 374.4 MB
[runlim] sample:		1490.0 seconds, 406.4 MB
[runlim] sample:		1500.0 seconds, 385.6 MB
[runlim] sample:		1510.0 seconds, 365.1 MB
[runlim] sample:		1520.0 seconds, 359.7 MB
[runlim] sample:		1530.0 seconds, 364.3 MB
[runlim] sample:		1540.0 seconds, 359.5 MB
[runlim] sample:		1550.0 seconds, 363.5 MB
[runlim] sample:		1560.0 seconds, 441.6 MB
[runlim] sample:		1570.0 seconds, 411.2 MB
[runlim] sample:		1580.0 seconds, 409.6 MB
[runlim] sample:		1590.0 seconds, 426.7 MB
[runlim] sample:		1600.0 seconds, 403.4 MB
[runlim] sample:		1610.0 seconds, 373.8 MB
[runlim] sample:		1620.0 seconds, 409.1 MB
[runlim] sample:		1630.0 seconds, 425.2 MB
[runlim] sample:		1640.0 seconds, 426.4 MB
[runlim] sample:		1650.0 seconds, 425.6 MB
[runlim] sample:		1660.0 seconds, 424.6 MB
[runlim] sample:		1670.0 seconds, 454.0 MB
[runlim] sample:		1680.0 seconds, 420.5 MB
[runlim] sample:		1690.0 seconds, 414.3 MB
[runlim] sample:		1700.0 seconds, 414.0 MB
[runlim] sample:		1710.0 seconds, 424.2 MB
[runlim] sample:		1720.0 seconds, 415.7 MB
[runlim] sample:		1730.0 seconds, 421.3 MB
[runlim] sample:		1740.0 seconds, 415.1 MB
[runlim] sample:		1750.0 seconds, 376.7 MB
[runlim] sample:		1760.0 seconds, 378.1 MB
[runlim] sample:		1770.0 seconds, 365.5 MB
[runlim] sample:		1780.0 seconds, 364.7 MB
[runlim] sample:		1790.0 seconds, 385.6 MB
[runlim] sample:		1800.0 seconds, 397.4 MB
[runlim] sample:		1810.0 seconds, 378.2 MB
[runlim] sample:		1820.0 seconds, 363.9 MB
[runlim] sample:		1830.0 seconds, 368.9 MB
[runlim] sample:		1840.0 seconds, 363.6 MB
[runlim] sample:		1850.0 seconds, 375.3 MB
[runlim] sample:		1860.0 seconds, 421.8 MB
[runlim] sample:		1870.0 seconds, 383.2 MB
[runlim] sample:		1880.0 seconds, 404.0 MB
[runlim] sample:		1890.0 seconds, 371.2 MB
[runlim] sample:		1900.0 seconds, 408.5 MB
[runlim] sample:		1910.0 seconds, 428.9 MB
[runlim] sample:		1920.0 seconds, 404.2 MB
[runlim] sample:		1930.0 seconds, 391.1 MB
[runlim] sample:		1940.0 seconds, 378.9 MB
[runlim] sample:		1950.0 seconds, 406.4 MB
[runlim] sample:		1960.0 seconds, 359.2 MB
[runlim] sample:		1970.0 seconds, 393.6 MB
[runlim] sample:		1980.0 seconds, 415.6 MB
[runlim] sample:		1990.0 seconds, 397.9 MB
[runlim] sample:		2000.0 seconds, 364.0 MB
[runlim] sample:		2010.0 seconds, 370.3 MB
[runlim] sample:		2020.0 seconds, 363.7 MB
[runlim] sample:		2030.0 seconds, 367.4 MB
[runlim] sample:		2040.0 seconds, 362.5 MB
[runlim] sample:		2050.0 seconds, 386.4 MB
[runlim] sample:		2060.0 seconds, 401.7 MB
[runlim] sample:		2070.0 seconds, 410.8 MB
[runlim] sample:		2079.9 seconds, 412.6 MB
[runlim] sample:		2089.9 seconds, 418.5 MB
[runlim] sample:		2099.9 seconds, 435.0 MB
[runlim] sample:		2109.9 seconds, 396.5 MB
[runlim] sample:		2119.9 seconds, 425.9 MB
[runlim] sample:		2130.0 seconds, 404.2 MB
[runlim] sample:		2139.9 seconds, 415.1 MB
[runlim] sample:		2149.9 seconds, 395.8 MB
[runlim] sample:		2159.9 seconds, 374.8 MB
[runlim] sample:		2169.9 seconds, 409.2 MB
[runlim] sample:		2179.9 seconds, 436.5 MB
[runlim] sample:		2189.9 seconds, 407.3 MB
[runlim] sample:		2199.9 seconds, 441.4 MB
[runlim] sample:		2209.9 seconds, 439.4 MB
[runlim] sample:		2219.9 seconds, 414.3 MB
[runlim] sample:		2229.9 seconds, 411.6 MB
[runlim] sample:		2240.0 seconds, 435.1 MB
[runlim] sample:		2249.9 seconds, 407.8 MB
[runlim] sample:		2259.9 seconds, 400.7 MB
[runlim] sample:		2269.9 seconds, 418.6 MB
[runlim] sample:		2279.9 seconds, 382.6 MB
[runlim] sample:		2289.9 seconds, 370.4 MB
[runlim] sample:		2299.9 seconds, 380.1 MB
[runlim] sample:		2309.9 seconds, 372.2 MB
[runlim] sample:		2319.9 seconds, 379.7 MB
[runlim] sample:		2329.9 seconds, 378.0 MB
[runlim] sample:		2339.9 seconds, 369.7 MB
[runlim] sample:		2349.9 seconds, 418.9 MB
[runlim] sample:		2359.9 seconds, 394.0 MB
[runlim] sample:		2369.9 seconds, 406.5 MB
[runlim] sample:		2379.9 seconds, 426.6 MB
[runlim] sample:		2389.9 seconds, 423.1 MB
[runlim] sample:		2399.9 seconds, 422.8 MB
[runlim] sample:		2409.9 seconds, 394.0 MB
[runlim] sample:		2419.9 seconds, 385.1 MB
[runlim] sample:		2429.9 seconds, 376.1 MB
[runlim] sample:		2439.9 seconds, 390.3 MB
[runlim] sample:		2449.9 seconds, 395.5 MB
[runlim] sample:		2459.9 seconds, 419.5 MB
[runlim] sample:		2469.9 seconds, 425.0 MB
[runlim] sample:		2479.9 seconds, 425.0 MB
[runlim] sample:		2489.9 seconds, 424.7 MB
[runlim] sample:		2499.9 seconds, 424.5 MB
[runlim] sample:		2509.9 seconds, 438.9 MB
[runlim] sample:		2519.9 seconds, 438.9 MB
[runlim] sample:		2529.9 seconds, 438.8 MB
[runlim] sample:		2539.9 seconds, 363.8 MB
[runlim] sample:		2549.9 seconds, 368.6 MB
[runlim] sample:		2559.9 seconds, 376.0 MB
[runlim] sample:		2569.9 seconds, 364.3 MB
[runlim] sample:		2579.9 seconds, 386.9 MB
[runlim] sample:		2589.9 seconds, 406.9 MB
[runlim] sample:		2599.9 seconds, 430.9 MB
[runlim] sample:		2609.9 seconds, 425.8 MB
[runlim] sample:		2619.9 seconds, 393.2 MB
[runlim] sample:		2629.9 seconds, 412.6 MB
[runlim] sample:		2639.9 seconds, 420.7 MB
[runlim] sample:		2649.9 seconds, 398.4 MB
[runlim] sample:		2659.9 seconds, 379.8 MB
[runlim] sample:		2669.9 seconds, 370.8 MB
[runlim] sample:		2679.9 seconds, 410.2 MB
[runlim] sample:		2689.9 seconds, 401.0 MB
[runlim] sample:		2699.9 seconds, 373.3 MB
[runlim] sample:		2709.9 seconds, 377.7 MB
[runlim] sample:		2719.9 seconds, 372.6 MB
[runlim] sample:		2729.9 seconds, 385.7 MB
[runlim] sample:		2739.9 seconds, 380.0 MB
[runlim] sample:		2749.9 seconds, 453.3 MB
[runlim] sample:		2759.9 seconds, 417.7 MB
[runlim] sample:		2769.9 seconds, 406.2 MB
[runlim] sample:		2779.9 seconds, 386.0 MB
[runlim] sample:		2789.9 seconds, 387.6 MB
[runlim] sample:		2799.9 seconds, 381.8 MB
[runlim] sample:		2809.9 seconds, 381.5 MB
[runlim] sample:		2819.9 seconds, 385.2 MB
[runlim] sample:		2829.9 seconds, 380.0 MB
[runlim] sample:		2839.9 seconds, 375.0 MB
[runlim] sample:		2849.9 seconds, 369.9 MB
[runlim] sample:		2859.9 seconds, 384.1 MB
[runlim] sample:		2869.9 seconds, 379.1 MB
[runlim] sample:		2879.9 seconds, 398.0 MB
[runlim] sample:		2889.9 seconds, 442.1 MB
[runlim] sample:		2899.9 seconds, 452.7 MB
[runlim] sample:		2909.9 seconds, 442.7 MB
[runlim] sample:		2919.9 seconds, 371.5 MB
[runlim] sample:		2929.9 seconds, 375.0 MB
[runlim] sample:		2939.9 seconds, 379.2 MB
[runlim] sample:		2949.9 seconds, 374.0 MB
[runlim] sample:		2959.9 seconds, 377.3 MB
[runlim] sample:		2969.9 seconds, 420.4 MB
[runlim] sample:		2979.9 seconds, 425.7 MB
[runlim] sample:		2989.9 seconds, 380.5 MB
[runlim] sample:		2999.9 seconds, 395.7 MB
[runlim] sample:		3009.9 seconds, 412.9 MB
[runlim] sample:		3019.9 seconds, 381.0 MB
[runlim] sample:		3029.9 seconds, 411.3 MB
[runlim] sample:		3039.9 seconds, 394.4 MB
[runlim] sample:		3049.9 seconds, 416.8 MB
[runlim] sample:		3059.9 seconds, 383.8 MB
[runlim] sample:		3069.9 seconds, 378.3 MB
[runlim] sample:		3079.9 seconds, 375.4 MB
[runlim] sample:		3089.9 seconds, 374.7 MB
[runlim] sample:		3099.9 seconds, 374.6 MB
[runlim] sample:		3109.9 seconds, 369.3 MB
[runlim] sample:		3119.9 seconds, 370.9 MB
[runlim] sample:		3129.9 seconds, 375.7 MB
[runlim] sample:		3139.9 seconds, 370.5 MB
[runlim] sample:		3149.9 seconds, 383.5 MB
[runlim] sample:		3159.9 seconds, 378.1 MB
[runlim] sample:		3169.9 seconds, 382.3 MB
[runlim] sample:		3179.9 seconds, 377.3 MB
[runlim] sample:		3189.9 seconds, 376.7 MB
[runlim] sample:		3199.9 seconds, 394.8 MB
[runlim] sample:		3209.9 seconds, 385.5 MB
[runlim] sample:		3219.9 seconds, 372.5 MB
[runlim] sample:		3229.9 seconds, 436.0 MB
[runlim] sample:		3239.9 seconds, 406.6 MB
[runlim] sample:		3249.9 seconds, 395.5 MB
[runlim] sample:		3259.9 seconds, 394.8 MB
[runlim] sample:		3269.9 seconds, 377.7 MB
[runlim] sample:		3279.9 seconds, 386.9 MB
[runlim] sample:		3289.9 seconds, 380.2 MB
[runlim] sample:		3299.9 seconds, 413.1 MB
[runlim] sample:		3309.9 seconds, 377.3 MB
[runlim] sample:		3319.9 seconds, 372.3 MB
[runlim] sample:		3329.9 seconds, 384.8 MB
[runlim] sample:		3339.9 seconds, 378.9 MB
[runlim] sample:		3349.9 seconds, 383.1 MB
[runlim] sample:		3359.9 seconds, 377.6 MB
[runlim] sample:		3369.9 seconds, 377.3 MB
[runlim] sample:		3379.9 seconds, 371.7 MB
[runlim] sample:		3389.9 seconds, 399.2 MB
[runlim] sample:		3399.9 seconds, 423.7 MB
[runlim] sample:		3409.9 seconds, 393.3 MB
[runlim] sample:		3419.9 seconds, 410.2 MB
[runlim] sample:		3429.9 seconds, 396.9 MB
[runlim] sample:		3439.9 seconds, 396.9 MB
[runlim] sample:		3449.9 seconds, 396.9 MB
[runlim] sample:		3459.9 seconds, 408.4 MB
[runlim] sample:		3469.9 seconds, 432.9 MB
[runlim] sample:		3479.9 seconds, 402.5 MB
[runlim] sample:		3489.9 seconds, 433.3 MB
[runlim] sample:		3499.9 seconds, 433.0 MB
[runlim] sample:		3509.9 seconds, 432.8 MB
[runlim] sample:		3519.9 seconds, 420.2 MB
[runlim] sample:		3529.9 seconds, 432.5 MB
[runlim] sample:		3539.9 seconds, 432.0 MB
[runlim] sample:		3549.9 seconds, 432.0 MB
[runlim] sample:		3559.9 seconds, 454.7 MB
[runlim] sample:		3569.9 seconds, 421.8 MB
[runlim] sample:		3579.9 seconds, 459.5 MB
[runlim] sample:		3589.9 seconds, 429.9 MB
[runlim] sample:		3599.9 seconds, 424.1 MB
[runlim] end:			Sun Sep 22 22:30:37 2019
[runlim] status:		out of time
[runlim] result:		1
[runlim] children:		0
[runlim] real:			3600.60 seconds
[runlim] time:			3600.02 seconds
[runlim] space:			478.9 MB
[runlim] samples:		36001
