# instance ../../../instances/fattree-bcube/Fattree_n12_k2_bw10_cpu16.pn
# Settings: PN=../../../instances/fattree-bcube/Fattree_n12_k2_bw10_cpu16.pn, VN=../../../instances/fattree-bcube/instance_list_9vm_rnd.txt, multi-thread=False
init 0.020225 0.020225
1 1.765888 1.786113
2 1.386313 3.172559
3 1.841156 5.013839
4 1.191868 6.205838
5 1.807502 8.013444
6 1.195483 9.209052
7 1.357398 10.566556
8 1.821044 12.387731
9 1.731732 14.119587
10 1.408209 15.527914
11 1.825819 17.353853
12 1.202594 18.556577
13 1.82832 20.385004
14 2.200115 22.585246
15 1.437243 24.022619
16 2.169744 26.192482
17 1.761936 27.954541
18 1.749235 29.703885
19 1.711153 31.415166
20 1.749585 33.164866
21 1.870724 35.035701
22 1.743238 36.779064
23 1.899501 38.678681
24 2.198504 40.877311
25 1.443102 42.320546
26 1.823333 44.143996
27 1.746868 45.89099
28 1.862421 47.75354
29 1.896705 49.650375
30 1.875239 51.525741
31 1.575099 53.100959
32 1.172368 54.273458
33 1.358277 55.631841
34 1.375279 57.007238
35 1.378906 58.386268
36 1.676182 60.062582
37 1.407419 61.470129
38 1.849566 63.319822
39 1.8705 65.190443
40 1.893748 67.084319
41 1.723952 68.808402
42 1.729977 70.538503
43 1.152409 71.691041
44 1.827269 73.518416
45 1.717486 75.236026
46 1.586438 76.822588
47 1.843913 78.666623
48 1.427137 80.09389
49 2.140177 82.234189
50 1.925475 84.15979
51 1.431252 85.59117
52 1.823221 87.414514
53 1.285376 88.70002
54 1.801305 90.501456
55 1.284748 91.786331
56 1.829284 93.615741
57 1.7818 95.397668
58 1.946454 97.344252
59 1.26708 98.611454
60 1.688469 100.300048
61 1.916028 102.216203
62 1.286201 103.502535
63 1.363167 104.865826
64 1.240978 106.10693
65 1.812253 107.919308
66 1.747141 109.66657
67 1.9173 111.584002
68 1.956527 113.540658
69 1.432698 114.973482
70 1.817637 116.791252
71 1.906865 118.698245
72 1.872949 120.571318
73 1.907182 122.478632
74 1.899605 124.378374
75 1.731867 126.110368
76 1.704037 127.814531
77 1.418781 129.233442
78 1.697587 130.931155
79 1.429139 132.360414
80 1.690352 134.050894
81 1.900521 135.951525
82 1.967118 137.918776
83 1.440649 139.359542
84 2.172673 141.53234
85 2.063755 143.596221
86 1.992676 145.589018
87 1.208561 146.797704
88 1.407069 148.20488
89 1.730772 149.935782
90 1.970068 151.905957
91 1.97764 153.883723
92 1.330016 155.213864
93 1.865292 157.079267
94 1.999643 159.079035
95 1.345183 160.424343
96 1.544565 161.969017
97 1.775015 163.744165
98 1.189724 164.934013
99 1.742464 166.676589
100 1.972995 168.649708
101 1.271811 169.921649
102 1.39977 171.321538
103 1.941659 173.263316
104 1.793278 175.056718
105 1.309408 176.366254
106 1.927655 178.294028
107 1.309376 179.603538
108 1.919767 181.523436
109 1.966765 183.49032
110 1.94021 185.430654
111 1.987477 187.418255
112 1.949687 189.368071
113 2.28614 191.654339
114 1.376462 193.030926
115 1.72484 194.755895
116 2.299383 197.055403
117 1.447211 198.502741
118 1.600306 200.103177
119 1.988706 202.092007
120 1.352683 203.444813
121 1.763883 205.208822
122 1.835751 207.044705
123 1.494705 208.539537
124 1.961042 210.500704
125 1.667174 212.168008
126 1.473013 213.641149
127 1.81458 215.455857
128 1.82045 217.276437
129 1.807822 219.084392
130 1.488348 220.572872
131 1.453207 222.026207
132 1.978259 224.004589
133 2.356564 226.361277
134 1.708179 228.069586
135 2.003292 230.073006
136 2.363461 232.436594
137 1.772331 234.209055
138 2.036357 236.245521
139 1.488191 237.733824
140 1.71271 239.446656
141 1.948641 241.395411
142 1.759441 243.154981
143 2.042208 245.197303
144 1.868048 247.065477
145 1.453535 248.519137
146 1.457699 249.976942
147 1.444715 251.421778
148 1.680143 253.102043
149 2.26347 255.365629
150 2.095776 257.461535
151 2.033701 259.495365
152 1.999975 261.495462
153 1.49763 262.993216
154 1.799741 264.793077
155 1.472763 266.265962
156 1.900664 268.166736
157 2.01756 270.184429
158 1.928803 272.113353
159 2.057924 274.171405
160 2.046093 276.217627
161 2.026534 278.244288
162 1.342803 279.587217
163 1.801493 281.388822
164 1.836847 283.225793
165 2.028631 285.254545
166 2.376163 287.630838
167 1.890394 289.521355
168 1.832174 291.353646
169 2.027428 293.381203
170 1.85459 295.235935
171 1.864806 297.100868
172 1.845032 298.946028
173 2.336992 301.283156
174 2.071252 303.354532
175 1.548984 304.903648
176 1.957904 306.861678
177 1.693208 308.555012
178 1.840229 310.39537
179 1.983914 312.379408
180 1.521342 313.900882
181 1.942569 315.843578
182 1.689924 317.533633
183 1.953579 319.487338
184 1.979681 321.467146
185 1.209127 322.676405
186 1.944165 324.620678
187 2.013619 326.634415
188 2.039054 328.673597
189 2.000089 330.673817
190 2.325578 332.999523
191 2.020235 335.019882
192 1.958294 336.978299
193 2.336058 339.314484
194 2.034289 341.348898
195 1.842033 343.191061
196 1.964399 345.155586
197 1.997168 347.152882
198 1.49758 348.650595
199 1.780168 350.430871
200 1.949873 352.380865
201 1.700146 354.081142
202 1.827616 355.908881
203 2.000501 357.909512
204 2.391299 360.300927
205 2.410716 362.711769
206 2.072599 364.784496
207 1.992913 366.777537
208 1.861754 368.639418
209 1.82504 370.464578
210 2.025645 372.490344
211 2.00424 374.49471
212 1.545162 376.039995
213 1.738979 377.779101
214 2.016987 379.796223
215 2.022672 381.819022
216 1.998245 383.817388
217 1.810647 385.62816
218 1.811679 387.439962
219 1.999408 389.439496
220 1.794528 391.23415
221 1.651707 392.885983
222 1.654126 394.540234
223 1.993375 396.533735
224 1.718488 398.252336
225 1.334583 399.587048
226 2.264542 401.851713
227 2.013567 403.865404
228 1.966441 405.831976
229 1.513995 407.3461
230 2.298056 409.644293
231 1.742388 411.386806
232 1.762235 413.149176
233 1.67105 414.820346
234 1.754502 416.574967
235 1.354391 417.929496
236 1.717512 419.647138
237 1.35177 420.999027
238 1.75035 422.749504
239 1.489837 424.239459
240 2.301305 426.540894
241 2.389884 428.930901
242 2.01809 430.949117
243 1.514191 432.463433
244 1.936086 434.399645
245 1.351009 435.750778
246 1.638045 437.388952
247 2.310627 439.699702
248 1.820924 441.52075
249 1.972091 443.492962
250 1.692151 445.185238
251 1.947361 447.132728
252 1.773638 448.906497
253 1.776456 450.683062
254 1.94193 452.625119
255 1.970301 454.595545
256 1.526958 456.122628
257 1.988528 458.111274
258 2.031768 460.143171
259 1.987478 462.130774
260 1.9968 464.127698
261 1.533783 465.661601
262 1.798038 467.459767
263 1.805829 469.265724
264 1.701149 470.966999
265 1.802209 472.769338
266 2.001984 474.771449
267 1.9882 476.759776
268 2.021936 478.781843
269 1.798576 480.580544
270 2.006049 482.586721
271 1.992884 484.579737
272 2.040286 486.62015
273 1.75893 488.379195
274 1.955304 490.33463
275 2.36278 492.697534
276 1.734666 494.432324
277 1.66547 496.097924
278 2.004759 498.102809
279 1.348797 499.451732
280 1.955765 501.40762
281 1.660129 503.067873
282 2.023216 505.091213
283 2.039365 507.130705
284 2.005948 509.136778
285 1.353704 510.490608
286 1.962499 512.453232
287 2.000769 514.45413
288 1.682991 516.137246
289 1.986173 518.123549
290 1.818548 519.942217
291 1.821642 521.763982
292 1.964741 523.728862
293 1.678426 525.407413
294 1.344544 526.752084
295 1.933732 528.68594
296 1.346609 530.032685
297 1.454889 531.487681
298 1.637187 533.124991
299 1.786416 534.911528
300 1.662894 536.574547
301 1.647768 538.222445
302 1.967977 540.190541
303 1.383941 541.574607
304 1.921023 543.495764
305 2.266815 545.762704
306 1.847146 547.609977
307 2.002427 549.612529
308 1.815238 551.427897
309 1.687105 553.115126
310 1.965611 555.080866
311 2.010882 557.091885
312 2.00411 559.096123
313 1.773918 560.870167
314 1.824587 562.694866
315 1.986868 564.68186
316 1.991312 566.673298
317 1.838658 568.512089
318 1.963425 570.475644
319 2.025325 572.501096
320 2.019171 574.520393
321 1.993758 576.514272
322 2.002821 578.517219
323 1.684039 580.201384
324 1.996205 582.197714
325 2.002829 584.200668
326 2.022856 586.223649
327 1.986754 588.210524
328 1.838258 590.048905
329 1.97735 592.026379
330 2.022419 594.048927
331 1.517549 595.566605
332 1.935084 597.501813
333 2.026375 599.528314
334 1.827795 601.356238
335 2.009509 603.365874
336 1.999774 605.365775
337 1.214416 606.580322
338 1.756882 608.337309
339 2.005994 610.343428
340 1.328435 611.671989
341 1.728123 613.400241
342 1.982587 615.382976
343 2.017077 617.400181
344 2.189168 619.58948
345 1.771872 621.361468
346 2.005254 623.366844
347 1.81579 625.182764
348 2.173681 627.356572
349 1.974643 629.331336
350 1.695637 631.027108
351 2.159298 633.186529
352 2.261284 635.447929
353 2.216405 637.664465
354 1.517548 639.18213
355 1.297856 640.480114
356 2.195854 642.676101
357 1.861711 644.537944
358 1.331767 645.869837
359 2.05313 647.923077
360 2.020633 649.943832
361 1.353342 651.297303
362 1.636678 652.934107
363 2.307018 655.241262
364 1.298101 656.539491
365 1.771282 658.310894
366 2.351036 660.662056
367 2.047412 662.709617
368 1.976928 664.686678
369 1.837094 666.5239
370 2.369567 668.893589
371 2.028608 670.922321
372 2.003962 672.926401
373 1.980559 674.907086
374 1.833903 676.741114
375 1.488766 678.230007
376 1.647041 679.87719
377 1.932395 681.809713
378 1.718047 683.527888
379 1.937539 685.465555
380 1.80649 687.272177
381 2.010922 689.283225
382 2.005483 691.288835
383 1.970647 693.259609
384 1.837544 695.09728
385 1.675761 696.773167
386 1.949093 698.722393
387 2.007916 700.730426
388 1.511959 702.24251
389 1.94116 704.1838
390 2.010851 706.194779
391 2.391426 708.586329
392 1.544542 710.131003
393 1.721986 711.853115
394 1.988296 713.841534
395 1.31073 715.152395
396 1.936597 717.089114
397 2.004899 719.094138
398 1.903299 720.997563
399 1.503376 722.50107
400 1.953038 724.454235
401 1.267648 725.722011
402 1.43382 727.155957
403 1.881319 729.037407
404 1.683506 730.721036
405 1.983646 732.704798
406 1.995088 734.700008
407 1.941949 736.642091
408 1.324726 737.966951
409 1.938018 739.905095
410 2.004947 741.910173
411 1.366381 743.27668
412 1.936658 745.21346
413 1.323779 746.53737
414 2.277599 748.815097
415 2.026104 750.841327
416 1.9949 752.836359
417 1.467405 754.303893
418 2.333898 756.637917
419 1.773944 758.411991
420 1.512494 759.924598
421 2.226567 762.151272
422 1.787544 763.938942
423 1.734258 765.673312
424 2.269038 767.942462
425 1.816602 769.759196
426 1.803881 771.563193
427 1.739662 773.302976
428 1.681757 774.984846
429 1.970593 776.955567
430 1.767852 778.723551
431 1.939504 780.663166
432 1.885601 782.548896
433 2.320935 784.869963
434 1.661484 786.531568
435 1.486297 788.017986
436 2.341415 790.359539
437 1.861144 792.22081
438 1.49818 793.719108
439 1.463316 795.182543
440 1.773953 796.956625
441 1.492799 798.449553
442 1.80532 800.255001
443 1.977862 802.232999
444 2.053744 804.286874
445 1.834334 806.121333
446 1.839979 807.961431
447 1.984918 809.946483
448 2.416365 812.362971
449 2.090535 814.453632
450 2.003833 816.457596
451 2.0376 818.495324
452 2.390507 820.885955
453 2.079257 822.96534
454 2.005705 824.971174
455 1.645198 826.616511
456 1.930123 828.546766
457 1.837364 830.38425
458 1.946114 832.330489
459 1.380265 833.71088
460 1.276866 834.987875
461 1.948186 836.936186
462 2.044628 838.980942
463 1.939082 840.920153
464 1.695569 842.615843
465 1.478694 844.094664
466 1.464111 845.558903
467 1.46307 847.022099
468 2.010676 849.032908
469 1.803956 850.836992
470 2.002996 852.840112
471 2.022249 854.862486
472 1.383226 856.245839
473 1.462935 857.708904
474 2.343979 860.05301
475 2.047577 862.100713
476 1.718913 863.819755
477 1.820017 865.639891
478 2.029072 867.669087
479 1.99501 869.664234
480 2.006538 871.670902
481 1.70762 873.378652
482 1.334905 874.713681
483 1.638546 876.352357
484 1.665942 878.01843
485 1.956494 879.97505
486 1.877333 881.852506
487 1.834448 883.687085
488 2.367283 886.054499
489 1.726318 887.780943
490 1.828529 889.6096
491 1.313835 890.923565
492 1.948322 892.872007
493 1.524704 894.396841
494 1.997056 896.394022
495 1.847864 898.242024
496 1.771194 900.013352
497 1.68243 901.695909
498 1.493493 903.18953
499 1.96777 905.157424
500 1.373286 906.530837
501 1.979407 908.510368
502 2.405143 910.915643
503 2.038792 912.954558
504 1.70843 914.663116
505 1.668146 916.331388
506 1.49744 917.828954
507 1.783963 919.613043
508 1.349144 920.962311
509 1.304077 922.266513
510 1.926062 924.1927
511 2.01074 926.203564
512 1.999232 928.202928
513 2.042074 930.245126
514 2.030534 932.275802
515 1.706323 933.982256
516 1.953583 935.935964
517 1.518467 937.454558
518 1.806553 939.261245
519 1.686678 940.948054
520 1.99051 942.938691
521 2.039465 944.978283
522 2.026193 947.004613
523 1.844754 948.8495
524 1.811004 950.66063
525 1.675738 952.336496
526 2.010284 954.34691
527 1.697042 956.044078
528 2.010076 958.054285
529 2.037589 960.092006
530 1.484894 961.577022
531 1.970787 963.547935
532 2.066738 965.614798
533 1.849745 967.464674
534 2.023674 969.488472
535 1.321729 970.810325
536 1.958873 972.769325
537 1.690639 974.460094
538 1.786391 976.246612
539 1.829151 978.075887
540 2.339014 980.415038
541 2.040672 982.455836
542 2.053429 984.509392
543 2.359126 986.868643
544 1.732784 988.601559
545 1.808018 990.409703
546 2.014641 992.42447
547 1.844407 994.268999
548 2.385963 996.655087
549 1.891192 998.546406
550 1.509774 1000.056311
551 2.306459 1002.362896
552 1.562055 1003.925078
553 1.919194 1005.844399
554 1.829182 1007.673705
555 1.985976 1009.659808
556 1.874088 1011.534021
557 1.679864 1013.214021
558 1.931536 1015.145698
559 2.366614 1017.512437
560 2.074262 1019.58683
561 2.0044 1021.591356
562 1.368116 1022.959595
563 1.977973 1024.937698
564 2.004081 1026.941906
565 2.034389 1028.97642
566 1.525833 1030.502389
567 1.644091 1032.146607
568 1.662546 1033.80928
569 2.316449 1036.125856
570 1.852374 1037.978355
571 1.843834 1039.822315
572 1.976364 1041.798798
573 2.369368 1044.168296
574 1.938867 1046.107292
575 1.986023 1048.09344
576 1.692695 1049.786265
577 1.816328 1051.602725
578 1.681749 1053.284597
579 1.994183 1055.27891
580 1.699823 1056.978863
581 1.300909 1058.2799
582 1.966967 1060.246993
583 2.020729 1062.26785
584 1.856515 1064.124493
585 1.671695 1065.796308
586 1.989443 1067.785877
587 1.99692 1069.782926
588 1.36219 1071.145242
589 2.280043 1073.425412
590 1.797448 1075.222985
591 1.882322 1077.10542
592 1.813891 1078.919436
593 2.338482 1081.258042
594 1.875583 1083.133759
595 1.992117 1085.126004
596 1.706598 1086.832738
597 1.81472 1088.647577
598 2.311941 1090.959644
599 2.035702 1092.995482
600 1.835997 1094.831608
601 1.788913 1096.620648
602 1.909541 1098.530309
603 1.982265 1100.512697
604 1.48448 1101.997304
605 1.273303 1103.270719
606 1.232631 1104.503472
607 1.936837 1106.440435
608 1.977201 1108.417769
609 2.226833 1110.64473
610 2.000985 1112.645841
611 1.970757 1114.616722
612 1.971402 1116.58825
613 2.311043 1118.899416
614 2.343657 1121.243206
615 2.023882 1123.267216
616 1.970705 1125.238048
617 1.943216 1127.181407
618 1.64434 1128.825875
619 1.961539 1130.787536
620 1.810186 1132.597851
621 1.982946 1134.580927
622 2.335475 1136.916529
623 1.676941 1138.593597
624 1.928791 1140.522518
625 2.007223 1142.52986
626 1.98506 1144.515044
627 2.339755 1146.854932
628 1.288746 1148.143803
629 1.374283 1149.51821
630 1.241036 1150.759387
631 1.928062 1152.687574
632 1.920041 1154.607744
633 1.999148 1156.607026
634 1.451814 1158.058973
635 1.687943 1159.74704
636 1.623429 1161.370583
637 1.940347 1163.311138
638 1.60544 1164.916709
639 2.016752 1166.933572
640 2.025383 1168.959083
641 1.272992 1170.232212
642 2.273278 1172.505607
643 2.067522 1174.573253
644 1.349584 1175.922966
645 1.885719 1177.808797
646 2.018634 1179.827558
647 1.512658 1181.340341
648 1.897787 1183.238259
649 1.879172 1185.117553
650 1.845883 1186.963564
651 1.346472 1188.310172
652 1.925248 1190.235552
653 1.641511 1191.877191
654 1.966462 1193.84378
655 2.015015 1195.858923
656 2.067087 1197.926137
657 2.085292 1200.011556
658 1.503018 1201.5147
659 1.966409 1203.481235
660 1.847962 1205.329324
661 1.999403 1207.328857
662 1.860531 1209.189513
663 1.991566 1211.181204
664 2.102258 1213.283595
665 2.045081 1215.328805
666 1.325852 1216.654783
667 1.898344 1218.553253
668 1.942946 1220.496327
669 1.853408 1222.349863
670 1.896773 1224.246765
671 2.329585 1226.576483
672 2.262185 1228.838795
673 2.417435 1231.256347
674 1.659939 1232.916414
675 1.787584 1234.704126
676 1.789134 1236.493387
677 1.82137 1238.314886
678 1.273162 1239.588171
679 1.245507 1240.833804
680 1.820372 1242.654296
681 1.753992 1244.408444
682 1.253209 1245.661766
683 1.726948 1247.388837
684 1.41984 1248.808797
685 1.210155 1250.01908
686 1.90829 1251.927486
687 1.786002 1253.713612
688 1.5868 1255.300539
689 1.589573 1256.890242
690 1.705431 1258.595799
691 2.049397 1260.64531
692 1.861007 1262.506448
693 1.194038 1263.700607
694 1.91684 1265.617552
695 2.181847 1267.799526
696 1.901558 1269.701218
697 1.807295 1271.508647
698 1.916232 1273.425007
699 1.425029 1274.850158
700 1.697425 1276.547715
701 1.705659 1278.253506
702 1.429419 1279.683054
703 1.818372 1281.501551
704 1.904735 1283.406412
705 1.855204 1285.261747
706 1.692724 1286.954601
707 1.875346 1288.830075
708 1.571028 1290.401252
709 1.893815 1292.295193
710 1.807203 1294.102523
711 1.929535 1296.032187
712 2.032815 1298.06513
713 1.769836 1299.83509
714 1.596885 1301.432105
715 1.270207 1302.702424
716 1.1909 1303.893446
717 2.089423 1305.982992
718 1.902926 1307.886046
719 1.877353 1309.763535
720 1.411666 1311.175333
721 2.118661 1313.294126
722 1.768888 1315.06314
723 1.278755 1316.342006
724 2.102947 1318.445085
725 1.917475 1320.36269
726 1.758465 1322.121282
727 1.578569 1323.699971
728 1.839958 1325.540058
729 1.727456 1327.26764
730 1.852893 1329.12066
731 1.610457 1330.731243
732 1.746432 1332.477785
733 2.192132 1334.670043
734 2.254927 1336.925104
735 1.279395 1338.204625
736 2.090954 1340.295705
737 1.477624 1341.773456
738 1.370004 1343.143585
739 1.508137 1344.651847
740 1.829298 1346.481271
741 1.418306 1347.899705
742 1.374502 1349.274336
743 2.165691 1351.440155
744 1.594736 1353.035019
745 1.672829 1354.707971
746 1.84875 1356.556851
747 1.256553 1357.813539
748 1.378648 1359.192311
749 2.104254 1361.296689
750 1.482769 1362.779585
751 1.667346 1364.447062
752 1.581801 1366.028991
753 1.801226 1367.830344
754 1.923189 1369.753659
755 1.546806 1371.300597
756 1.870552 1373.171276
757 1.605826 1374.77723
758 2.132103 1376.909448
759 1.503128 1378.412708
760 1.295586 1379.708412
761 1.847765 1381.556288
762 1.886791 1383.443205
763 1.749508 1385.192841
764 1.853555 1387.04652
765 1.212496 1388.259143
766 1.806713 1390.065968
767 1.787924 1391.854018
768 1.897945 1393.752097
