# instance ../../../instances/fattree-bcube/Fattree_n8_k2_bw10_cpu16.pn
# Settings: PN=../../../instances/fattree-bcube/Fattree_n8_k2_bw10_cpu16.pn, VN=../../../instances/fattree-bcube/instance_list_15vm_rnd.txt, multi-thread=False
init 0.006666 0.006666
1 1.36901 1.375676
2 1.18944 2.56524
3 1.172732 3.738101
4 1.085002 4.823223
5 1.063689 5.887019
6 1.260736 7.147873
7 1.263473 8.41147
8 1.300022 9.711595
9 1.118551 10.830264
10 1.081354 11.911742
11 1.171909 13.083767
12 1.245689 14.32958
13 1.316082 15.645767
14 1.09961 16.7455
15 1.204729 17.95033
16 1.267124 19.217573
17 1.275456 20.493145
18 1.022288 21.515551
19 1.226515 22.74217
20 1.391859 24.134147
21 1.402678 25.536948
22 1.268989 26.806061
23 1.608528 28.414712
24 1.314509 29.729341
25 1.409721 31.139183
26 1.566272 32.705583
27 1.469596 34.175308
28 1.640088 35.815522
29 1.078892 36.894537
30 1.062362 37.957001
31 1.587173 39.544279
32 1.351115 40.895523
33 1.289022 42.18466
34 1.334691 43.519471
35 1.296476 44.816065
36 1.562106 46.37829
37 1.330622 47.709037
38 1.337742 49.0469
39 1.263726 50.310747
40 1.458185 51.769051
41 1.599693 53.368868
42 1.537801 54.906795
43 1.316166 56.223082
44 1.348195 57.571398
45 1.267323 58.838845
46 1.319719 60.158683
47 1.358369 61.517174
48 1.348644 62.865935
49 1.368134 64.2342
50 1.249908 65.484236
51 1.359663 66.844021
52 1.258187 68.102333
53 1.076935 69.17939
54 1.608444 70.787937
55 1.472164 72.260221
56 1.308241 73.568586
57 1.319866 74.888571
58 1.541773 76.43046
59 1.351644 77.782233
60 1.447496 79.229852
61 1.322581 80.552556
62 1.449977 82.002654
63 1.072614 83.075389
64 1.477438 84.552931
65 1.487236 86.040289
66 1.251466 87.291878
67 1.283336 88.575334
68 1.456506 90.031963
69 1.359244 91.391327
70 1.314195 92.705639
71 1.318162 94.023924
72 1.530581 95.554626
73 1.355288 96.91004
74 1.499271 98.409428
75 1.342781 99.75234
76 1.343552 101.096015
77 1.379224 102.475363
78 1.609438 104.084922
79 1.456171 105.541221
80 1.548242 107.089589
81 1.36739 108.457095
82 1.443976 109.901193
83 1.326195 111.227489
84 1.438832 112.666439
85 1.57846 114.245021
86 1.554642 115.799787
87 1.545484 117.345393
88 1.584168 118.929683
89 1.5607 120.490505
90 1.303422 121.794045
91 1.532934 123.327102
92 1.310168 124.637393
93 1.198087 125.835603
94 1.572226 127.407945
95 1.287037 128.695107
96 1.323503 130.018729
97 1.205905 131.224752
98 1.208182 132.43305
99 1.196415 133.629588
100 1.409392 135.039104
101 1.342241 136.381466
102 1.538483 137.920096
103 1.59666 139.516874
104 1.340232 140.857231
105 1.420338 142.277697
106 1.436677 143.714498
107 1.345048 145.059664
108 1.206422 146.266213
109 1.426065 147.692401
110 1.271647 148.964163
111 1.404223 150.368508
112 1.333763 151.702397
113 1.305374 153.007895
114 1.321422 154.329435
115 1.21998 155.549538
116 1.23811 156.787768
117 1.31318 158.101071
118 1.189218 159.290414
119 1.314844 160.605375
120 1.202127 161.807631
121 1.410406 163.218155
122 1.428738 164.647017
123 1.579634 166.226774
124 1.203702 167.430594
125 1.407906 168.838618
126 1.444785 170.283524
127 3.572273 173.855908
