# instance ../../../instances/hadoop/hadoop_extensions/us-west2.pn
# Settings: PN=../../../instances/hadoop/hadoop_extensions/us-west2.pn, VN=../../../instances/hadoop/hadoop_extensions/hadoop_10_1bw.vn, multi-thread=False
init 0.678449 0.678449
1 1.452537 2.130986
2 0.118201 2.249304
3 0.116729 2.366151
4 0.116572 2.482842
5 1.548465 4.031423
6 0.116111 4.147645
7 0.115785 4.26355
8 0.114702 4.378373
9 1.573872 5.952353
10 0.113188 6.065654
11 0.113684 6.179451
12 0.113208 6.292769
13 1.244696 7.537576
14 0.11275 7.650435
15 0.112079 7.762633
16 0.111571 7.874319
17 1.306033 9.18046
18 0.110706 9.291275
19 0.110481 9.401873
20 0.109875 9.511866
21 1.184558 10.696537
22 0.109014 10.805658
23 0.108613 10.914382
24 0.108457 11.022956
25 1.233222 12.25629
26 0.112206 12.368606
27 0.11155 12.480275
28 0.110779 12.591162
29 1.140389 13.731675
30 0.110508 13.842293
31 0.110191 13.952599
32 0.108686 14.061398
33 0.912606 14.974116
34 0.108377 15.082605
35 0.107913 15.190628
36 0.108165 15.298905
37 1.299974 16.598994
38 0.109247 16.70835
39 0.107383 16.815851
40 0.106934 16.922905
41 1.38041 18.30343
42 0.109296 18.412851
43 0.107577 18.520554
44 0.106151 18.626826
45 1.136198 19.763148
46 0.107165 19.870451
47 0.106799 19.97738
48 0.105322 20.082824
49 1.012959 21.095913
50 0.103837 21.19987
51 0.103925 21.303918
52 0.104998 21.409039
53 1.085004 22.494165
54 0.104508 22.5988
55 0.103046 22.701973
56 0.100914 22.803013
57 1.001305 23.804442
58 0.102181 23.906744
59 0.102278 24.009143
60 0.100557 24.109829
61 1.401321 25.511271
62 0.098058 25.609458
63 0.097573 25.707154
64 0.098067 25.805349
65 0.752073 26.557542
66 0.094763 26.65242
67 0.094605 26.747145
68 0.093951 26.841222
69 0.749261 27.5906
70 0.092854 27.683567
71 0.093507 27.777186
72 0.092372 27.869669
73 0.709769 28.579554
74 0.091828 28.671499
75 0.094353 28.765973
76 0.094969 28.861056
77 0.901626 29.762805
78 0.097817 29.860754
79 0.098537 29.959417
80 0.096601 30.056145
81 0.839691 30.895961
82 0.092624 30.988713
83 0.091045 31.079876
84 0.091478 31.171462
85 0.673384 31.844966
86 0.088841 31.933918
87 0.088161 32.022191
88 0.087894 32.110194
89 0.790691 32.900997
90 0.087353 32.988464
91 0.08645 33.075028
92 0.086347 33.161482
93 0.807471 33.96907
94 0.08545 34.054636
95 0.084775 34.13953
96 0.084785 34.22443
97 0.69045 34.914988
98 0.085334 35.000446
99 0.085123 35.085694
100 0.085109 35.170923
101 0.572205 35.743251
102 0.083765 35.827133
103 0.082793 35.910051
104 0.082997 35.993169
105 0.581053 36.574349
106 0.081436 36.655901
107 0.080461 36.736476
108 0.080138 36.816732
109 0.653795 37.470642
110 0.083298 37.554063
111 0.083598 37.637786
112 0.084585 37.722494
113 0.628389 38.350997
114 0.079824 38.43094
115 0.079579 38.510633
116 0.079341 38.590094
117 0.539866 39.130086
118 0.079911 39.210126
119 0.078445 39.288696
120 0.077403 39.366221
121 0.516032 39.882373
122 0.080919 39.963412
123 0.078651 40.042185
124 0.079573 40.121883
125 0.594965 40.716963
126 0.078282 40.79537
127 0.077057 40.872543
128 0.07716 40.949826
129 0.461886 41.411832
130 0.076016 41.487969
131 0.074869 41.562967
132 0.075746 41.638835
133 0.5403 42.179254
134 0.074933 42.254298
135 0.074436 42.328855
136 0.073729 42.402698
137 0.416556 42.819375
138 0.073005 42.892489
139 0.072283 42.964887
140 0.072072 43.037074
141 0.363787 43.400974
142 0.070709 43.471794
143 0.070122 43.542032
144 0.070553 43.612697
145 0.352354 43.965163
146 0.069631 44.034904
147 0.0688 44.103813
148 0.069424 44.173348
149 0.36035 44.533807
150 0.068573 44.602486
151 0.067792 44.670396
152 0.067554 44.738066
153 0.29136 45.029537
154 0.067275 45.096925
155 0.066576 45.16362
156 0.06647 45.23021
157 0.285855 45.516179
158 0.065155 45.581451
159 0.065037 45.646601
160 0.0642 45.710919
161 0.288351 45.999383
162 0.063243 46.06274
163 0.06272 46.125577
164 0.062341 46.188027
165 0.280761 46.468901
166 0.06123 46.530252
167 0.06075 46.591118
168 0.060502 46.651746
169 0.287345 46.939209
170 0.059193 46.998515
171 0.058817 47.057451
172 0.058134 47.1157
173 0.223157 47.338969
174 0.057123 47.396204
175 0.056415 47.452735
176 0.058041 47.510915
177 0.231148 47.742194
178 0.058537 47.800855
179 0.056466 47.857444
180 0.056517 47.914085
181 0.193427 48.107638
182 0.052468 48.160214
183 0.051804 48.212132
184 0.05182 48.264067
185 0.176183 48.440364
186 0.050327 48.490801
187 0.050111 48.541024
188 0.049138 48.590273
189 0.159911 48.750294
190 0.048494 48.798897
191 0.047884 48.846894
192 0.047606 48.894613
193 0.118409 49.013134
194 0.046289 49.059532
195 0.045788 49.105431
196 0.045177 49.150718
197 0.102114 49.252945
198 0.044303 49.297353
199 0.04429 49.341757
200 0.043961 49.385831
201 0.112408 49.498347
202 0.042876 49.541324
203 0.042242 49.583672
204 0.041636 49.625413
205 0.104719 49.730235
206 0.041074 49.77141
207 0.040735 49.812248
208 0.040291 49.852651
209 0.063018 49.915774
210 0.039146 49.955022
211 0.038989 49.994109
212 0.038744 50.032955
213 0.047489 50.080548
214 0.037887 50.118533
215 0.037676 50.156311
216 0.037978 50.194393
217 0.044572 50.23908
218 0.036709 50.275888
219 0.03599 50.311981
220 0.035788 50.347868
221 0.039135 50.387106
222 0.03552 50.422722
223 0.035151 50.457977
224 0.036611 50.494689
done 224 0.025787 50.520575
