# instance ../../../instances/hadoop/hadoop_extensions/us-west2.pn
# Settings: PN=../../../instances/hadoop/hadoop_extensions/us-west2.pn, VN=../../../instances/hadoop/hadoop_extensions/hadoop_10_2bw.vn, multi-thread=False
init 0.679319 0.679319
1 1.614446 2.293765
2 0.116414 2.410304
3 1.617816 4.028235
4 0.123515 4.151859
5 1.673446 5.825419
6 0.122758 5.948287
7 2.045614 7.994015
8 0.121328 8.115461
9 1.999359 10.114936
10 0.121277 10.236337
11 1.628904 11.865358
12 0.123348 11.988825
13 1.691498 13.680443
14 0.121913 13.80248
15 1.570023 15.372632
16 0.118112 15.490872
17 1.465184 16.956173
18 0.122541 17.078839
19 1.588992 18.66795
20 0.115649 18.783717
21 1.633203 20.417041
22 0.121217 20.538379
23 1.323776 21.862268
24 0.12439 21.98678
25 1.690337 23.677241
26 0.117505 23.794864
27 1.655376 25.450362
28 0.116013 25.566488
29 1.322222 26.888823
30 0.115876 27.00482
31 1.361941 28.366885
32 0.11513 28.482143
33 1.301091 29.783351
34 0.11551 29.898977
35 0.94143 30.840528
36 0.112577 30.953226
37 1.364777 32.318126
38 0.114615 32.432857
39 1.040516 33.473491
40 0.111842 33.585455
41 0.962843 34.548416
42 0.110496 34.659033
43 1.213477 35.872632
44 0.107806 35.980563
45 0.851356 36.832051
46 0.107065 36.939231
47 0.960645 37.899996
48 0.106334 38.006452
49 1.207252 39.213825
50 0.10525 39.319194
51 0.952776 40.272082
52 0.111844 40.384057
53 0.888598 41.272779
54 0.102816 41.375712
55 1.042483 42.41831
56 0.101742 42.520163
57 1.064814 43.585085
58 0.100799 43.685995
59 1.035097 44.721206
60 0.099712 44.821031
61 0.706991 45.52813
62 0.098258 45.626499
63 0.859231 46.485841
64 0.09979 46.585746
65 0.790932 47.376793
66 0.099344 47.476254
67 0.898284 48.374662
68 0.097868 48.472645
69 0.835978 49.308749
70 0.096754 49.405621
71 0.839554 50.245292
72 0.095868 50.341271
73 0.865059 51.206441
74 0.094988 51.301549
75 0.797816 52.099481
76 0.093969 52.193567
77 0.660984 52.854667
78 0.092774 52.947538
79 0.76669 53.714342
80 0.092186 53.806659
81 0.688783 54.49557
82 0.093847 54.589545
83 0.735984 55.32565
84 0.092587 55.418367
85 0.904857 56.323339
86 0.094731 56.418187
87 0.707217 57.125521
88 0.091927 57.21757
89 0.774393 57.992084
90 0.090003 58.082215
91 0.542764 58.625101
92 0.091947 58.71717
93 0.760245 59.477536
94 0.086793 59.564465
95 0.554392 60.118961
96 0.087441 60.20652
97 0.766093 60.972737
98 0.086008 61.058872
99 0.581521 61.64052
100 0.087243 61.727889
101 0.606002 62.334018
102 0.086326 62.420459
103 0.573845 62.994419
104 0.087978 63.082521
105 0.480164 63.562805
106 0.083179 63.646112
107 0.554017 64.200256
108 0.080314 64.28069
109 0.49967 64.780475
110 0.080741 64.861337
111 0.492993 65.354451
112 0.079053 65.433621
113 0.475856 65.909587
114 0.082368 65.992084
115 0.467471 66.459675
116 0.077714 66.537503
117 0.407673 66.945288
118 0.076811 67.022231
119 0.340672 67.363016
120 0.079291 67.442432
121 0.345831 67.788388
122 0.079768 67.868284
123 0.38613 68.254544
124 0.07453 68.329183
125 0.433279 68.762576
126 0.073968 68.836665
127 0.349247 69.186026
128 0.072307 69.258452
129 0.339678 69.598241
130 0.071132 69.669478
131 0.319438 69.989028
132 0.068937 70.058076
133 0.328623 70.386812
134 0.069603 70.456522
135 0.291165 70.747811
136 0.066812 70.814736
137 0.301809 71.11666
138 0.066213 71.182984
139 0.270409 71.453505
140 0.06466 71.518278
141 0.259906 71.77829
142 0.064007 71.842412
143 0.261488 72.104011
144 0.06295 72.16707
145 0.272464 72.439648
146 0.065514 72.505285
147 0.229477 72.73489
148 0.06332 72.798326
149 0.196023 72.994478
150 0.059766 73.054373
151 0.221605 73.27609
152 0.057315 73.33351
153 0.212956 73.546574
154 0.056155 73.60285
155 0.184272 73.787251
156 0.055096 73.842472
157 0.201382 74.043973
158 0.058065 74.102154
159 0.171461 74.273738
160 0.056413 74.330261
161 0.136901 74.467278
162 0.054782 74.522173
163 0.109128 74.631413
164 0.053647 74.685173
165 0.14413 74.829418
166 0.052535 74.88206
167 0.100886 74.983063
168 0.0512 75.03437
169 0.1164 75.150885
170 0.049958 75.200957
171 0.111756 75.312831
172 0.049359 75.362317
173 0.079062 75.441498
174 0.047321 75.488931
175 0.063988 75.553025
176 0.046177 75.599336
177 0.058199 75.657642
178 0.045146 75.702896
179 0.05361 75.75661
180 0.043951 75.800676
181 0.051763 75.852543
182 0.042856 75.895505
183 0.047776 75.943384
184 0.04286 75.98635
185 0.042855 76.029307
186 0.045315 76.074729
187 0.041753 76.116584
done 187 0.03385 76.150541
