[runlim] version:		1.7
[runlim] time limit:		3600 seconds
[runlim] real time limit:	311040000 seconds
[runlim] space limit:		80000 MB
[runlim] argv[0]:		python3.6
[runlim] argv[1]:		./netsolver-gurobi-servermin.py
[runlim] argv[2]:		../../../instances/hadoop/hadoop_extensions/us-mid1.pn
[runlim] argv[3]:		../../../instances/hadoop/hadoop_extensions/hadoop_10_1bw.vn
[runlim] argv[4]:		True
[runlim] argv[5]:		False
[runlim] argv[6]:		timelogs/servermin/results.servermin.us-mid1.pn.hadoop_10_1bw.vn.log
[runlim] start:			Sun Sep 22 02:48:39 2019
[runlim] main pid:		27091
Academic license - for non-commercial use only
[runlim] sample:		10.0 seconds, 77.4 MB
[runlim] sample:		20.0 seconds, 78.4 MB
[runlim] sample:		30.0 seconds, 78.3 MB
[runlim] sample:		40.0 seconds, 77.9 MB
[runlim] sample:		50.0 seconds, 79.5 MB
[runlim] sample:		60.0 seconds, 74.9 MB
[runlim] sample:		70.0 seconds, 73.6 MB
[runlim] sample:		80.0 seconds, 79.3 MB
[runlim] sample:		90.0 seconds, 80.5 MB
[runlim] sample:		100.0 seconds, 80.5 MB
[runlim] sample:		110.0 seconds, 80.5 MB
111.015405
307
Median time: 0.129219 s
[runlim] end:			Sun Sep 22 02:50:30 2019
[runlim] status:		ok
[runlim] result:		0
[runlim] children:		0
[runlim] real:			111.43 seconds
[runlim] time:			111.09 seconds
[runlim] space:			88.3 MB
[runlim] samples:		1111
