# instance ../../../instances/hadoop/hadoop_extensions/us-west1.pn
# Settings: PN=../../../instances/hadoop/hadoop_extensions/us-west1.pn, VN=../../../instances/hadoop/hadoop_extensions/hadoop_10_2bw.vn, multi-thread=False
init 3.032619 3.032619
1 43.464206 46.496825
2 0.649506 47.146463
3 33.23258 80.379163
4 0.670482 81.049767
5 61.89455 142.944431
6 0.698502 143.643057
7 39.709818 183.352999
8 0.661723 184.014845
9 25.811357 209.82632
10 0.687669 210.514107
11 46.198042 256.712267
12 0.660645 257.373038
13 41.41659 298.789747
14 0.657105 299.446972
15 38.698421 338.145507
16 0.65564 338.801271
17 29.319551 368.120947
18 0.656859 368.777917
19 47.797319 416.575359
20 0.652421 417.227903
21 25.1807 442.408719
22 0.686176 443.095024
23 33.892335 476.987476
24 0.652399 477.639999
25 39.717072 517.357187
26 0.647261 518.004577
27 36.388588 554.393284
28 0.647028 555.040434
29 34.480861 589.521413
30 0.703612 590.225142
31 40.355539 630.5808
32 0.700827 631.281753
33 44.95193 676.233818
34 0.645506 676.879447
35 40.530084 717.40965
36 0.648658 718.058433
37 37.05346 755.112014
38 0.650237 755.762377
39 45.699562 801.462049
40 0.666669 802.128841
41 19.224383 821.353344
42 0.641729 821.995191
43 39.167055 861.162362
44 0.69728 861.859759
45 34.903521 896.763404
46 0.696741 897.460274
47 38.721738 936.182138
48 0.634654 936.816931
49 31.826219 968.643258
50 0.714821 969.358207
51 35.417917 1004.776268
52 0.696719 1005.473113
53 63.161089 1068.634327
54 0.702748 1069.337204
55 44.666923 1114.004253
56 0.662771 1114.66715
57 27.133067 1141.800334
58 0.647134 1142.447594
59 40.020591 1182.4683
60 0.637048 1183.105467
61 41.268925 1224.374515
62 0.638413 1225.01305
63 26.7907 1251.803877
64 0.693442 1252.497447
65 44.79659 1297.294162
66 0.664231 1297.958532
67 23.998499 1321.95715
68 0.621279 1322.578549
69 30.413209 1352.991872
70 0.668469 1353.660473
71 35.004552 1388.66515
72 0.674601 1389.339864
73 25.210825 1414.550807
74 0.624743 1415.175676
75 34.887488 1450.063277
76 0.629907 1450.693302
77 32.386137 1483.079559
78 0.621283 1483.700956
79 33.117391 1516.81847
80 0.627878 1517.446467
81 29.178593 1546.625178
82 0.685286 1547.310592
83 44.21071 1591.521427
84 0.609311 1592.13086
85 28.912664 1621.043641
86 0.61112 1621.654885
87 35.007391 1656.662394
88 0.612342 1657.274855
89 31.963962 1689.238934
90 0.609444 1689.848498
91 31.048198 1720.896817
92 0.672792 1721.569737
93 19.57126 1741.141122
94 0.683133 1741.824387
95 31.956739 1773.781249
96 0.610072 1774.391443
97 34.30046 1808.692017
98 0.67918 1809.371323
99 28.755924 1838.127374
100 0.639195 1838.766695
101 38.687601 1877.454422
102 0.646444 1878.101002
103 29.788891 1907.89
104 0.609534 1908.499659
105 36.200251 1944.700028
106 0.605406 1945.305561
107 30.896499 1976.202191
108 0.597519 1976.799849
109 39.152375 2015.952343
110 0.606229 2016.558693
111 26.671915 2043.230725
112 0.630185 2043.861038
113 27.396484 2071.257645
114 0.659916 2071.91769
115 33.009307 2104.927118
116 0.623189 2105.550431
117 33.364394 2138.914943
118 0.638685 2139.553746
119 28.58374 2168.137607
120 0.598566 2168.736301
121 32.024795 2200.761209
122 0.600822 2201.362153
123 26.624034 2227.986315
124 0.666668 2228.65311
125 19.883649 2248.536883
126 0.62613 2249.163142
127 36.382375 2285.545639
128 0.593691 2286.139456
129 25.224655 2311.36423
130 0.589625 2311.95397
131 28.523091 2340.477179
132 0.592818 2341.070118
133 29.019361 2370.089612
134 0.590517 2370.68025
135 28.878056 2399.558426
136 0.604914 2400.163458
137 26.545795 2426.709367
138 0.592247 2427.301743
139 21.931336 2449.233201
140 0.583719 2449.817041
141 35.237031 2485.054185
142 0.580219 2485.634552
143 15.653601 2501.28827
144 0.633132 2501.921524
145 25.879824 2527.801466
146 0.636879 2528.43848
147 25.775089 2554.213696
148 0.628541 2554.842366
149 25.716515 2580.559003
150 0.571042 2581.130178
151 28.989929 2610.120244
152 0.567806 2610.688171
153 28.367886 2639.056188
154 0.637805 2639.694126
155 24.041411 2663.735682
156 0.62409 2664.359901
157 35.656113 2700.016135
158 0.637415 2700.653677
159 28.795346 2729.449147
160 0.643131 2730.092398
161 24.987345 2755.079894
162 0.565854 2755.64587
163 27.633087 2783.279074
164 0.574362 2783.85356
165 26.323164 2810.176845
166 0.566524 2810.743489
167 21.041937 2831.785543
168 0.565497 2832.351162
169 24.870066 2857.221345
170 0.640298 2857.861769
171 26.487193 2884.349076
172 0.602681 2884.951886
173 19.877163 2904.829176
174 0.561678 2905.390981
175 19.434841 2924.825944
176 0.567319 2925.393388
177 30.998133 2956.391649
178 0.552781 2956.944556
179 26.258356 2983.203029
180 0.557492 2983.76064
181 17.632938 3001.393705
182 0.599013 3001.992848
183 13.432513 3015.425486
184 0.61363 3016.039242
185 18.423081 3034.462448
186 0.553039 3035.015604
187 13.491805 3048.507525
188 0.576418 3049.084055
189 15.593797 3064.677975
190 0.552661 3065.230753
191 18.677578 3083.908456
192 0.615542 3084.524129
193 22.570798 3107.095058
194 0.61494 3107.710126
195 29.721243 3137.431503
196 0.548139 3137.979768
197 25.162491 3163.142374
198 0.547695 3163.690198
199 27.525422 3191.215756
200 0.619828 3191.835714
201 23.22884 3215.064685
202 0.548445 3215.613248
203 26.60528 3242.218649
204 0.538434 3242.757196
205 18.975721 3261.733046
206 0.576958 3262.310129
207 22.250248 3284.56051
208 0.539797 3285.100437
209 19.062315 3304.162873
210 0.547009 3304.709998
211 12.154682 3316.864796
212 0.59564 3317.460557
213 12.41302 3329.873702
214 0.582623 3330.456452
215 14.078008 3344.534582
216 0.536533 3345.07124
217 14.878332 3359.94969
218 0.538786 3360.488603
219 19.802951 3380.291671
220 0.591729 3380.883532
221 30.058438 3410.942091
222 0.522758 3411.464982
223 17.722303 3429.187401
224 0.540098 3429.727624
225 23.144605 3452.872349
226 0.529668 3453.402144
227 17.224433 3470.626705
228 0.536711 3471.163535
229 21.121508 3492.28516
230 0.534124 3492.819405
231 20.693236 3513.51275
232 0.527367 3514.040237
233 18.006677 3532.047033
234 0.525646 3532.572803
235 17.927056 3550.49998
236 0.52379 3551.023887
237 23.155406 3574.17941
238 0.524521 3574.704065
239 22.352534 3597.056722
240 0.525731 3597.582581
