# instance ../../../instances/hadoop/hadoop_extensions/us-west1.pn
# Settings: PN=../../../instances/hadoop/hadoop_extensions/us-west1.pn, VN=../../../instances/hadoop/hadoop_extensions/hadoop_10_1bw.vn, multi-thread=False
init 3.066239 3.066239
1 23.101735 26.167974
2 0.642735 26.810843
3 0.636286 27.447256
4 0.608465 28.055846
5 41.247788 69.303762
6 0.607524 69.911412
7 0.580473 70.492006
8 0.58098 71.073108
9 19.811656 90.884885
10 0.618212 91.50323
11 0.575379 92.078728
12 0.583562 92.662414
13 24.993099 117.655631
14 0.634463 118.290228
15 0.59375 118.884107
16 0.608271 119.492518
17 15.641178 135.133823
18 0.585189 135.719136
19 0.586233 136.305482
20 0.607687 136.913291
21 33.093241 170.006653
22 0.587116 170.593892
23 0.60931 171.203327
24 0.657223 171.860683
25 23.025592 194.886392
26 0.606035 195.492556
27 0.649648 196.14233
28 0.582168 196.724618
29 24.691391 221.416126
30 0.588957 222.005219
31 0.648225 222.653567
32 0.584829 223.238518
33 23.820632 247.059269
34 0.601236 247.660628
35 0.576472 248.237212
36 0.613374 248.850706
37 19.153792 268.004624
38 0.642052 268.646815
39 0.604067 269.251001
40 0.592735 269.843858
41 27.402851 297.246837
42 0.601796 297.848762
43 0.579746 298.428622
44 0.577796 299.006537
45 26.945412 325.952068
46 0.574396 326.526598
47 0.580326 327.107045
48 0.607815 327.714988
49 19.345336 347.060452
50 0.60759 347.668167
51 0.570148 348.238449
52 0.578003 348.816571
53 25.571508 374.388201
54 0.573435 374.961762
55 0.571099 375.532972
56 0.569579 376.102672
57 30.418824 406.521617
58 0.573892 407.095626
59 0.611527 407.707285
60 0.59051 408.29792
61 27.465745 435.763785
62 0.614886 436.378789
63 0.588919 436.967829
64 0.565278 437.533226
65 20.239044 457.772386
66 0.583809 458.356329
67 0.567502 458.923952
68 0.565317 459.489386
69 22.096148 481.585653
70 0.624784 482.210574
71 0.608978 482.819684
72 0.610242 483.430045
73 25.928237 509.358405
74 0.62516 509.983692
75 0.562368 510.546185
76 0.58434 511.130648
77 14.459887 525.590662
78 0.557699 526.148495
79 0.568155 526.71677
80 0.556508 527.273404
81 30.006602 557.280127
82 0.557093 557.837351
83 0.565736 558.403196
84 0.618368 559.021692
85 28.298393 587.320206
86 0.55422 587.874553
87 0.597375 588.472082
88 0.552223 589.024446
89 16.525768 605.55033
90 0.547261 606.097715
91 0.549492 606.647329
92 0.585026 607.232474
93 23.610667 630.843268
94 0.574279 631.41767
95 0.547945 631.965727
96 0.544518 632.510367
97 21.125782 653.636275
98 0.554877 654.191279
99 0.559413 654.750815
100 0.562326 655.313266
101 21.453081 676.766468
102 0.544695 677.311284
103 0.54469 677.856095
104 0.54619 678.402422
105 18.258094 696.660636
106 0.583699 697.244453
107 0.542161 697.786736
108 0.539089 698.325958
109 18.162851 716.48893
110 0.555337 717.044394
111 0.552686 717.597197
112 0.535501 718.13282
113 21.648594 739.781531
114 0.537718 740.31937
115 0.53685 740.856333
116 0.539474 741.395924
117 21.899922 763.295966
118 0.540557 763.836656
119 0.562805 764.39958
120 0.538479 764.938184
121 28.876137 793.81444
122 0.533204 794.347769
123 0.533003 794.880892
124 0.554392 795.435408
125 18.071808 813.507338
126 0.537326 814.044796
127 0.533474 814.578385
128 0.530122 815.10863
129 18.255778 833.364527
130 0.527053 833.891698
131 0.575345 834.467171
132 0.563191 835.030491
133 22.607402 857.638013
134 0.560214 858.198353
135 0.524846 858.723321
136 0.523254 859.246689
137 15.550823 874.797629
138 0.52545 875.323207
139 0.528021 875.851347
140 0.522608 876.374072
141 14.732485 891.106657
142 0.535254 891.642036
143 0.566863 892.209018
144 0.517582 892.726722
145 20.485903 913.212746
146 0.554951 913.767828
147 0.524742 914.292692
148 0.534697 914.827518
149 34.395417 949.223062
150 0.522799 949.745991
151 0.521441 950.267548
152 0.517228 950.784893
153 20.591398 971.376412
154 0.513022 971.889559
155 0.546663 972.436343
156 0.522073 972.958533
157 14.354829 987.31348
158 0.513122 987.82673
159 0.515168 988.342016
160 0.51472 988.856855
161 13.61431 1002.471285
162 0.520184 1002.991597
163 0.526158 1003.517881
164 0.533103 1004.051101
165 13.213599 1017.264826
166 0.571445 1017.836406
167 0.516666 1018.353183
168 0.50637 1018.859675
169 20.051221 1038.911017
170 0.51158 1039.422724
171 0.507291 1039.930128
172 0.506927 1040.437174
173 19.394138 1059.831429
174 0.507609 1060.339167
175 0.508932 1060.848225
176 0.540569 1061.388918
177 18.514595 1079.903637
178 0.510975 1080.414738
179 0.49891 1080.913769
180 0.515362 1081.429253
181 17.151784 1098.581165
182 0.55133 1099.132629
183 0.548726 1099.681488
184 0.515041 1100.196657
185 13.219405 1113.416185
186 0.501715 1113.918027
187 0.51225 1114.430396
188 0.541047 1114.971574
189 15.51245 1130.484149
190 0.496603 1130.980887
191 0.545855 1131.52687
192 0.531935 1132.058933
193 19.650569 1151.709629
194 0.50161 1152.211368
195 0.50296 1152.714449
196 0.502268 1153.216845
197 12.668695 1165.88566
198 0.491174 1166.376961
199 0.492443 1166.869522
200 0.48986 1167.359502
201 13.139338 1180.498965
202 0.538067 1181.037163
203 0.545975 1181.583266
204 0.504937 1182.08833
205 14.546493 1196.634945
206 0.484917 1197.119989
207 0.483563 1197.603667
208 0.513766 1198.117555
209 16.180368 1214.298036
210 0.48318 1214.781338
211 0.489582 1215.271043
212 0.534606 1215.805772
213 14.812724 1230.618621
214 0.483936 1231.102673
215 0.522438 1231.625238
216 0.523894 1232.149259
217 14.52358 1246.672966
218 0.497716 1247.170813
219 0.478236 1247.649177
220 0.482125 1248.131425
221 16.090346 1264.221891
222 0.476983 1264.698995
223 0.479147 1265.178265
224 0.486287 1265.664673
225 13.539664 1279.204451
226 0.474996 1279.679576
227 0.47793 1280.157628
228 0.47925 1280.636998
229 18.003135 1298.640255
230 0.480327 1299.120712
231 0.531297 1299.652127
232 0.48058 1300.132859
233 13.73292 1313.865899
234 0.477558 1314.343579
235 0.522813 1314.866513
236 0.466962 1315.333594
237 15.226575 1330.560294
238 0.468186 1331.028604
239 0.468478 1331.497203
240 0.476606 1331.97393
241 16.61798 1348.592033
242 0.475782 1349.067945
243 0.526464 1349.594538
244 0.507836 1350.102503
245 14.455103 1364.557735
246 0.49863 1365.056497
247 0.477539 1365.534162
248 0.470939 1366.005226
249 15.316232 1381.321584
250 0.480493 1381.802202
251 0.4931 1382.295431
252 0.489783 1382.785351
253 13.892936 1396.678412
254 0.459458 1397.137999
255 0.460522 1397.59864
256 0.464674 1398.063435
257 16.041461 1414.105011
258 0.499001 1414.604146
259 0.498357 1415.102648
260 0.484648 1415.587425
261 16.44602 1432.033568
262 0.457674 1432.491373
263 0.487491 1432.978992
264 0.490265 1433.469388
265 11.768656 1445.23817
266 0.459337 1445.697641
267 0.490563 1446.188334
268 0.501951 1446.690407
269 12.974574 1459.665105
270 0.452497 1460.117718
271 0.481206 1460.59904
272 0.455921 1461.055085
273 14.818621 1475.87383
274 0.464348 1476.33831
275 0.457543 1476.79598
276 0.451376 1477.247479
277 16.995104 1494.242704
278 0.447451 1494.690283
279 0.460206 1495.15061
280 0.460121 1495.610856
281 16.733177 1512.344157
282 0.448177 1512.792474
283 0.448802 1513.241398
284 0.447632 1513.689151
285 13.643865 1527.333138
286 0.447701 1527.780962
287 0.454589 1528.235673
288 0.489562 1528.725362
289 9.624561 1538.350056
290 0.48996 1538.840139
291 0.461811 1539.302086
292 0.458332 1539.760543
293 11.86562 1551.62628
294 0.454557 1552.080961
295 0.451702 1552.532785
296 0.454738 1552.987642
297 16.28651 1569.274276
298 0.455647 1569.730051
299 0.485624 1570.215805
300 0.451237 1570.667164
301 18.655434 1589.322713
302 0.44838 1589.771212
303 0.44839 1590.219725
304 0.465513 1590.685352
305 10.080123 1600.765605
306 0.484307 1601.250033
307 0.481491 1601.731648
308 0.453504 1602.185284
309 9.005276 1611.190686
310 0.485797 1611.676606
311 0.443875 1612.120603
312 0.442321 1612.56304
313 8.928953 1621.492107
314 0.455219 1621.947465
315 0.460482 1622.408068
316 0.441798 1622.850001
317 13.466904 1636.317024
318 0.443434 1636.760584
319 0.450287 1637.210987
320 0.467434 1637.678547
321 19.033622 1656.712293
322 0.443292 1657.155717
323 0.453022 1657.608862
324 0.481947 1658.090932
325 12.615926 1670.706987
326 0.46375 1671.170866
327 0.490727 1671.661715
328 0.436631 1672.09846
329 16.001336 1688.099919
330 0.44793 1688.548005
331 0.439731 1688.987856
332 0.433043 1689.421021
333 9.611071 1699.032204
334 0.451056 1699.483386
335 0.4594 1699.942916
336 0.434777 1700.377817
337 17.043563 1717.421504
338 0.443458 1717.865079
339 0.472944 1718.338136
340 0.450732 1718.788987
341 11.847597 1730.636704
342 0.443581 1731.080404
343 0.441411 1731.521937
344 0.442038 1731.964093
345 11.501259 1743.465479
346 0.443059 1743.908654
347 0.454001 1744.362775
348 0.45745 1744.820356
349 16.806852 1761.627321
350 0.438588 1762.066032
351 0.440584 1762.506737
352 0.442542 1762.949403
353 9.633595 1772.583116
354 0.456647 1773.039889
355 0.43548 1773.475502
356 0.436526 1773.91216
357 11.351378 1785.263669
358 0.440284 1785.704072
359 0.436818 1786.141031
360 0.448885 1786.590042
361 14.506917 1801.09709
362 0.43154 1801.528762
363 0.43244 1801.961323
364 0.438708 1802.400144
365 12.15532 1814.555603
366 0.434517 1814.990249
367 0.431516 1815.421884
368 0.432789 1815.854786
369 12.62764 1828.482544
370 0.430027 1828.912693
371 0.428554 1829.341368
372 0.43133 1829.772819
373 9.226504 1838.999452
374 0.432866 1839.432449
375 0.43734 1839.869911
376 0.466531 1840.336571
377 11.823753 1852.160453
378 0.431464 1852.592039
379 0.444396 1853.036561
380 0.430973 1853.46766
381 9.707404 1863.175182
382 0.469675 1863.644988
383 0.473295 1864.118407
384 0.448291 1864.566817
385 8.500627 1873.067571
386 0.426582 1873.494285
387 0.420254 1873.914665
388 0.421347 1874.336134
389 8.217662 1882.553929
390 0.459663 1883.013726
391 0.428459 1883.442309
392 0.41764 1883.860071
393 12.20628 1896.066489
394 0.431607 1896.498219
395 0.421046 1896.91939
396 0.414509 1897.334013
397 8.174919 1905.509054
398 0.425874 1905.935057
399 0.43085 1906.366036
400 0.468031 1906.834185
401 12.582205 1919.416517
402 0.411577 1919.828217
403 0.408018 1920.236357
404 0.406491 1920.642969
405 9.945037 1930.588128
406 0.420637 1931.008901
407 0.405878 1931.414905
408 0.402019 1931.817049
409 9.640158 1941.457327
410 0.443521 1941.900985
411 0.434729 1942.33585
412 0.432388 1942.768364
413 7.615658 1950.384142
414 0.4063 1950.790572
415 0.404492 1951.195187
416 0.404704 1951.600011
417 9.117872 1960.718005
418 0.435532 1961.153658
419 0.410181 1961.563958
420 0.401173 1961.965245
421 8.570121 1970.535479
422 0.436337 1970.971948
423 0.425095 1971.397174
424 0.400379 1971.79768
425 9.225124 1981.022929
426 0.398254 1981.421302
427 0.394948 1981.816362
428 0.435808 1982.252292
429 7.202531 1989.454943
430 0.410698 1989.865764
431 0.394461 1990.260341
432 0.392872 1990.653331
433 7.355225 1998.008676
434 0.397272 1998.406079
435 0.406217 1998.812421
436 0.400629 1999.213176
437 9.250005 2008.463304
438 0.393749 2008.857173
439 0.400549 2009.257845
440 0.428956 2009.686929
441 7.639051 2017.326111
442 0.387181 2017.713416
443 0.386827 2018.100365
444 0.38729 2018.487778
445 6.825826 2025.313726
446 0.398944 2025.712794
447 0.415289 2026.128219
448 0.399028 2026.527381
449 7.743572 2034.271078
450 0.388018 2034.65922
451 0.427832 2035.087175
452 0.386973 2035.474269
453 6.66236 2042.136751
454 0.380472 2042.517345
455 0.382733 2042.900195
456 0.390492 2043.290812
457 7.71845 2051.009395
458 0.399129 2051.408657
459 0.385864 2051.794646
460 0.393892 2052.188663
461 8.996328 2061.185125
462 0.414697 2061.599947
463 0.419191 2062.019271
464 0.406508 2062.425905
465 9.869105 2072.295139
466 0.37741 2072.672672
467 0.375436 2073.048228
468 0.378551 2073.426897
469 5.935795 2079.362812
470 0.375221 2079.738147
471 0.371735 2080.110006
472 0.377475 2080.487605
473 7.644708 2088.132427
474 0.377619 2088.510174
475 0.37714 2088.887441
476 0.409143 2089.296712
477 10.323286 2099.620126
478 0.373479 2099.993734
479 0.373524 2100.36738
480 0.372838 2100.740333
481 7.038297 2107.778758
482 0.368281 2108.147163
483 0.368538 2108.515821
484 0.36947 2108.885413
485 6.906154 2115.791689
486 0.382113 2116.173937
487 0.401806 2116.57587
488 0.406854 2116.982855
489 5.787512 2122.770492
490 0.364455 2123.135065
491 0.36423 2123.499417
492 0.365835 2123.865373
493 8.28315 2132.148637
494 0.363002 2132.511762
495 0.360571 2132.872479
496 0.36254 2133.235141
497 6.666403 2139.901675
498 0.386781 2140.288576
499 0.386591 2140.675286
500 0.38505 2141.060458
501 5.153893 2146.214469
502 0.383552 2146.598143
503 0.38779 2146.986053
504 0.392552 2147.378728
505 10.150922 2157.529777
506 0.410206 2157.940114
507 0.386923 2158.327178
508 0.379084 2158.706383
509 4.791334 2163.49784
510 0.381187 2163.879181
511 0.394445 2164.273745
512 0.408243 2164.682119
513 5.244293 2169.92654
514 0.374336 2170.300986
515 0.385807 2170.686925
516 0.412287 2171.099348
517 7.171819 2178.271294
518 0.381431 2178.65285
519 0.413251 2179.066227
520 0.410278 2179.476626
521 6.104726 2185.581479
522 0.394407 2185.976018
523 0.404774 2186.380915
524 0.380064 2186.761099
525 4.994564 2191.755777
526 0.37117 2192.127074
527 0.374107 2192.501305
528 0.407758 2192.909209
529 5.238258 2198.147596
530 0.401355 2198.549077
531 0.400738 2198.94994
532 0.371438 2199.321497
533 5.747384 2205.068994
534 0.375475 2205.444592
535 0.366208 2205.81092
536 0.363412 2206.174454
537 4.676012 2210.850586
538 0.368923 2211.219629
539 0.382569 2211.602314
540 0.366917 2211.969356
541 6.242356 2218.211833
542 0.371434 2218.583395
543 0.394413 2218.977931
544 0.35839 2219.336451
545 4.426796 2223.763369
546 0.356425 2224.119911
547 0.365548 2224.485573
548 0.394413 2224.880106
549 5.826652 2230.706892
550 0.364941 2231.071965
551 0.3628 2231.434889
552 0.369065 2231.804075
553 5.13526 2236.939486
554 0.353368 2237.292978
555 0.352354 2237.645453
556 0.360071 2238.005643
557 5.440691 2243.446457
558 0.387262 2243.833838
559 0.36783 2244.201799
560 0.359061 2244.560984
561 5.103503 2249.664601
562 0.348762 2250.013478
563 0.349768 2250.363371
564 0.346539 2250.710028
565 3.586077 2254.296228
566 0.346984 2254.643338
567 0.347829 2254.991288
568 0.346787 2255.338197
569 4.56173 2259.90005
570 0.352847 2260.253032
571 0.353186 2260.606347
572 0.392295 2260.998767
573 4.925734 2265.924626
574 0.345336 2266.270084
575 0.347945 2266.618154
576 0.347737 2266.966006
577 4.599117 2271.56524
578 0.357113 2271.922484
579 0.374978 2272.297585
580 0.367091 2272.664803
581 4.667512 2277.332431
582 0.347694 2277.680255
583 0.340399 2278.020773
584 0.33696 2278.357848
585 3.826564 2282.184531
586 0.337614 2282.522266
587 0.340061 2282.862445
588 0.337777 2283.20034
589 4.762099 2287.962562
590 0.331713 2288.294396
591 0.335294 2288.629816
592 0.369317 2288.999253
593 4.603726 2293.603098
594 0.338396 2293.941624
595 0.332788 2294.274542
596 0.373211 2294.647875
597 4.059613 2298.707607
598 0.365435 2299.073176
599 0.356189 2299.429498
600 0.375949 2299.805578
601 4.920264 2304.725973
602 0.349052 2305.07515
603 0.355431 2305.430719
604 0.338135 2305.768982
605 4.239638 2310.008743
606 0.33008 2310.338946
607 0.327741 2310.666811
608 0.330189 2310.997119
609 4.195091 2315.192336
610 0.326223 2315.51869
611 0.325661 2315.844474
612 0.361181 2316.205784
613 3.455837 2319.661754
614 0.335764 2319.99764
615 0.325198 2320.322958
616 0.323912 2320.646986
617 3.934475 2324.581581
618 0.347135 2324.928847
619 0.356839 2325.285814
620 0.324896 2325.610832
621 3.887498 2329.498455
622 0.3426 2329.841186
623 0.36247 2330.203789
624 0.342862 2330.546776
625 3.623854 2334.170755
626 0.338379 2334.509258
627 0.339448 2334.848842
628 0.328963 2335.177932
629 3.451191 2338.629246
630 0.344019 2338.973393
631 0.359837 2339.333363
632 0.341227 2339.674718
633 2.745932 2342.420779
634 0.323873 2342.744767
635 0.324552 2343.069439
636 0.331682 2343.401243
637 4.358644 2347.760012
638 0.328329 2348.088466
639 0.358491 2348.447076
640 0.326731 2348.773927
641 2.707886 2351.481936
642 0.333704 2351.81577
643 0.321423 2352.13732
644 0.318949 2352.456395
645 3.746678 2356.203195
646 0.322928 2356.526247
647 0.324097 2356.850463
648 0.334493 2357.185083
649 2.63032 2359.815528
650 0.330512 2360.146171
651 0.352982 2360.499281
652 0.328024 2360.827427
653 3.30873 2364.136284
654 0.352143 2364.488551
655 0.31536 2364.804031
656 0.314655 2365.118809
657 3.474833 2368.593755
658 0.326016 2368.919908
659 0.343161 2369.263197
660 0.3306 2369.593947
661 3.321001 2372.91507
662 0.309745 2373.22494
663 0.310161 2373.535221
664 0.353024 2373.888374
665 2.312119 2376.200623
666 0.310482 2376.511226
667 0.31083 2376.822177
668 0.314049 2377.136339
669 2.543628 2379.680089
670 0.305479 2379.985755
671 0.307357 2380.293229
672 0.307627 2380.600976
673 2.448012 2383.049107
674 0.327914 2383.377146
675 0.315266 2383.692534
676 0.324681 2384.017339
677 2.563142 2386.580602
678 0.301173 2386.881896
679 0.320948 2387.202966
680 0.30668 2387.509777
681 2.748092 2390.257996
682 0.309855 2390.567973
683 0.308567 2390.876657
684 0.344704 2391.221487
685 2.70704 2393.928642
686 0.308442 2394.237206
687 0.306222 2394.543547
688 0.306853 2394.850518
689 1.96871 2396.819347
690 0.322609 2397.142082
691 0.315903 2397.458113
692 0.332344 2397.790582
693 2.788562 2400.579272
694 0.334472 2400.913863
695 0.303165 2401.217148
696 0.302231 2401.5195
697 2.28276 2403.802376
698 0.300059 2404.102561
699 0.302021 2404.404707
700 0.306391 2404.711221
701 2.341673 2407.053018
702 0.299687 2407.352827
703 0.299446 2407.652393
704 0.310498 2407.963015
705 1.976936 2409.940081
706 0.311833 2410.252039
707 0.306968 2410.559135
708 0.293784 2410.853043
709 2.254646 2413.107809
710 0.316298 2413.424243
711 0.302543 2413.726916
712 0.299992 2414.02703
713 1.954495 2415.981644
714 0.295809 2416.277576
715 0.311757 2416.589457
716 0.301258 2416.890845
717 1.956613 2418.847583
718 0.295796 2419.143501
719 0.293845 2419.437463
720 0.295426 2419.733013
721 1.796812 2421.529945
722 0.30789 2421.837962
723 0.321164 2422.159256
724 0.307339 2422.466726
725 1.817655 2424.284499
726 0.289671 2424.57429
727 0.289288 2424.863699
728 0.289472 2425.153285
729 2.130792 2427.284196
730 0.296993 2427.581312
731 0.296582 2427.878015
732 0.285952 2428.164086
733 2.239836 2430.404047
734 0.288758 2430.692939
735 0.288244 2430.981302
736 0.287239 2431.268658
737 1.933423 2433.202198
738 0.283665 2433.485983
739 0.284313 2433.770415
740 0.281564 2434.052097
741 1.900727 2435.952954
742 0.318369 2436.271457
743 0.298605 2436.570193
744 0.296649 2436.866968
745 1.900979 2438.768068
746 0.296424 2439.064639
747 0.285541 2439.350296
748 0.281693 2439.63211
749 1.654611 2441.286853
750 0.290166 2441.577153
751 0.283564 2441.860847
752 0.288254 2442.149215
753 1.369126 2443.518467
754 0.281633 2443.800217
755 0.27991 2444.080255
756 0.298359 2444.378743
757 1.597161 2445.976021
758 0.292626 2446.268749
759 0.304426 2446.573302
760 0.309019 2446.882447
761 1.585328 2448.4679
762 0.276786 2448.744807
763 0.273646 2449.018571
764 0.311864 2449.33055
765 1.527746 2450.858417
766 0.298047 2451.156592
767 0.281801 2451.438522
768 0.280176 2451.718822
769 1.628153 2453.347088
770 0.301661 2453.648869
771 0.273584 2453.922574
772 0.275899 2454.19859
773 1.457973 2455.656693
774 0.273881 2455.930694
775 0.272705 2456.203517
776 0.273716 2456.477355
777 1.573173 2458.050648
778 0.291434 2458.342213
779 0.292192 2458.634537
780 0.300032 2458.9347
781 1.38016 2460.314989
782 0.270593 2460.585707
783 0.27331 2460.859141
784 0.272127 2461.131394
785 1.316932 2462.448453
786 0.270859 2462.719428
787 0.300369 2463.01991
788 0.270633 2463.290657
789 1.291919 2464.582705
790 0.265001 2464.847836
791 0.26419 2465.112144
792 0.263575 2465.37585
793 1.378529 2466.754501
794 0.266369 2467.020993
795 0.278835 2467.29995
796 0.266369 2467.566441
797 1.179789 2468.746344
798 0.263452 2469.009913
799 0.262993 2469.273026
800 0.261506 2469.534642
801 0.980412 2470.515174
802 0.286609 2470.801912
803 0.274924 2471.076966
804 0.269898 2471.34699
805 1.174011 2472.521119
806 0.263275 2472.784509
807 0.288622 2473.073252
808 0.264071 2473.337457
809 1.160468 2474.49805
810 0.285677 2474.78385
811 0.271925 2475.055901
812 0.276125 2475.33216
813 1.562077 2476.894381
814 0.258552 2477.153052
815 0.256422 2477.409591
816 0.258956 2477.668667
817 0.871553 2478.540339
818 0.258901 2478.799362
819 0.2542 2479.053683
820 0.254974 2479.308777
821 0.883662 2480.192559
822 0.252428 2480.445112
823 0.252621 2480.697855
824 0.251254 2480.949232
825 1.056599 2482.005971
826 0.269083 2482.275183
827 0.272508 2482.547819
828 0.258487 2482.806432
829 0.872947 2483.679508
830 0.267274 2483.946908
831 0.260923 2484.20796
832 0.245432 2484.453518
833 0.852338 2485.305982
834 0.278799 2485.584908
835 0.252438 2485.837473
836 0.239238 2486.076838
837 0.735562 2486.81252
838 0.240645 2487.053285
839 0.241845 2487.295249
840 0.236325 2487.531702
841 0.910276 2488.442102
842 0.245369 2488.687595
843 0.236118 2488.923842
844 0.234875 2489.158833
845 0.865437 2490.024399
846 0.231247 2490.25576
847 0.233185 2490.489065
848 0.237451 2490.726632
849 0.85472 2491.581472
850 0.232179 2491.813773
851 0.231757 2492.04565
852 0.229373 2492.275139
853 0.751345 2493.026602
854 0.229735 2493.256452
855 0.228075 2493.484646
856 0.226786 2493.711547
857 0.730974 2494.442641
858 0.235988 2494.678758
859 0.242976 2494.921859
860 0.238228 2495.160204
861 0.718738 2495.879062
862 0.234842 2496.114023
863 0.232416 2496.346563
864 0.222199 2496.568885
865 0.554941 2497.12394
866 0.220071 2497.344131
867 0.249191 2497.593449
868 0.21968 2497.813256
869 0.692397 2498.50578
870 0.246753 2498.752661
871 0.222679 2498.975462
872 0.217709 2499.193298
873 0.60108 2499.794499
874 0.214628 2500.009249
875 0.214091 2500.223461
876 0.213889 2500.437467
877 0.546188 2500.983774
878 0.245273 2501.229168
879 0.214403 2501.443699
880 0.212128 2501.655945
881 0.664066 2502.320129
882 0.208876 2502.529133
883 0.209245 2502.738502
884 0.210787 2502.949408
885 0.489705 2503.439229
886 0.229946 2503.669305
887 0.217063 2503.886494
888 0.225363 2504.111989
889 0.523485 2504.635599
890 0.208361 2504.84408
891 0.214631 2505.058853
892 0.21217 2505.271144
893 0.542789 2505.814053
894 0.202302 2506.016474
895 0.200845 2506.217441
896 0.200978 2506.418537
897 0.463513 2506.882163
898 0.207768 2507.090047
899 0.208814 2507.29899
900 0.200631 2507.499746
901 0.511945 2508.011815
902 0.209842 2508.221788
903 0.226954 2508.44886
904 0.213325 2508.66231
905 0.480519 2509.142951
906 0.201234 2509.344307
907 0.194041 2509.53847
908 0.19221 2509.7308
909 0.389221 2510.12014
910 0.202355 2510.322619
911 0.199 2510.521742
912 0.190148 2510.712002
913 0.378897 2511.09102
914 0.189189 2511.280329
915 0.189886 2511.470332
916 0.191131 2511.661585
917 0.362252 2512.023952
918 0.188736 2512.212806
919 0.189345 2512.402272
920 0.208991 2512.611396
921 0.332618 2512.944136
922 0.184939 2513.129203
923 0.183378 2513.312699
924 0.182576 2513.495475
925 0.313823 2513.809419
926 0.182848 2513.992389
927 0.181258 2514.173767
928 0.181144 2514.35503
929 0.260182 2514.615332
930 0.18206 2514.797505
931 0.178773 2514.976399
932 0.179111 2515.15563
933 0.232182 2515.387929
934 0.179522 2515.567562
935 0.176672 2515.744345
936 0.176593 2515.921056
937 0.300534 2516.221702
938 0.179664 2516.401476
939 0.191836 2516.593444
940 0.195569 2516.789143
941 0.296738 2517.08601
942 0.192017 2517.278153
943 0.187703 2517.465982
944 0.188496 2517.654598
945 0.220145 2517.87487
946 0.1817 2518.056701
947 0.182249 2518.239076
948 0.177222 2518.416425
949 0.198563 2518.615117
950 0.185967 2518.801211
951 0.18454 2518.985879
952 0.186653 2519.172659
953 0.193316 2519.366101
954 0.168726 2519.534941
955 0.168911 2519.703977
956 0.169017 2519.873118
957 0.180064 2520.053306
958 0.17244 2520.225857
959 0.168281 2520.394261
960 0.181303 2520.575689
done 960 0.1301 2520.705916
