# instance ../../../instances/hadoop/hadoop_extensions/us-west2.pn
# Settings: PN=../../../instances/hadoop/hadoop_extensions/us-west2.pn, VN=../../../instances/hadoop/hadoop_extensions/hadoop_15_1bw.vn, multi-thread=False
init 1.015552 1.015552
1 2.608882 3.624434
2 11.083091 14.707649
3 24.854071 39.561838
4 6.442093 46.004052
5 19.204769 65.208946
6 5.508282 70.717342
7 11.464834 82.182291
8 54.70097 136.883379
9 54.826862 191.710367
10 88.693603 280.404092
11 50.408794 330.813006
12 5.492354 336.305457
13 5.165353 341.470932
14 5.195793 346.666853
15 82.499452 429.166425
16 94.423821 523.590374
17 21.561542 545.152045
18 5.234535 550.386715
19 4.4016 554.788439
20 63.461033 618.24959
21 5.164432 623.414152
22 4.893913 628.308185
23 71.012678 699.320988
24 68.055199 767.376312
25 78.552719 845.929157
26 4.698434 850.627716
27 3.6742 854.302036
28 4.875519 859.177681
29 58.173216 917.351017
30 58.810637 976.161779
31 3.92117 980.083071
32 52.059087 1032.142282
33 5.348819 1037.491235
34 32.299525 1069.790879
35 3.822384 1073.613395
36 4.557857 1078.17138
37 3.795349 1081.966854
38 35.800846 1117.767816
39 27.158026 1144.925973
40 59.906954 1204.83305
41 3.417665 1208.250838
42 48.532217 1256.783178
43 27.761154 1284.544463
44 3.87328 1288.417867
45 57.422527 1345.840514
46 34.021209 1379.861848
47 31.011271 1410.873247
48 44.524647 1455.398017
49 3.124134 1458.522276
50 44.074796 1502.59719
51 3.652005 1506.249324
52 3.803793 1510.053235
53 40.868705 1550.92206
54 3.599475 1554.521658
55 21.757096 1576.278878
56 3.640957 1579.919967
57 41.080803 1621.000889
58 41.530103 1662.531115
59 2.629956 1665.161195
60 25.525502 1690.686818
61 37.415982 1728.102924
62 3.479237 1731.582292
63 33.3473 1764.929713
64 2.894778 1767.824611
65 3.172433 1770.997165
66 40.643773 1811.641061
67 2.956447 1814.597631
68 2.629521 1817.227277
69 2.885401 1820.112795
70 35.860105 1855.973037
71 2.382634 1858.355797
72 2.241737 1860.597651
73 2.676318 1863.274096
74 1.902789 1865.177005
75 2.020488 1867.197622
76 2.36545 1869.563194
77 2.8623 1872.425616
78 24.565097 1896.990837
79 1.959532 1898.950497
80 22.567718 1921.518331
81 1.516852 1923.035299
82 2.180844 1925.216258
83 2.068091 1927.284467
84 25.886973 1953.171562
85 19.762244 1972.933928
86 2.343465 1975.277516
87 12.003356 1987.280988
88 20.98115 2008.262263
89 18.362662 2026.62505
90 14.26274 2040.887919
91 11.258505 2052.146542
92 15.766864 2067.913528
93 18.458966 2086.372619
94 1.44496 2087.8177
95 14.72852 2102.546334
96 11.789452 2114.335906
97 14.802936 2129.138963
98 1.512544 2130.651629
99 1.176506 2131.828256
100 1.0837 2132.912075
101 13.237762 2146.149951
102 1.039586 2147.189663
103 0.995937 2148.185715
104 1.088515 2149.274348
105 0.779859 2150.054321
106 0.785828 2150.840262
107 9.63508 2160.47546
108 8.130444 2168.606026
109 7.098816 2175.704964
110 5.451914 2181.156995
111 5.086926 2186.244039
112 6.574976 2192.819129
113 7.192912 2200.012156
114 5.089882 2205.102137
115 6.733296 2211.835549
116 7.779068 2219.614733
117 4.37804 2223.9929
118 4.722328 2228.715344
119 2.391353 2231.106809
120 4.179901 2235.286826
121 3.604921 2238.891863
122 2.537929 2241.429905
123 2.538777 2243.968798
124 2.888285 2246.857204
125 4.050292 2250.907614
126 2.440752 2253.348478
127 1.814096 2255.162687
128 1.693944 2256.856745
129 1.971748 2258.828615
130 1.631922 2260.460655
131 2.203975 2262.664741
132 1.037594 2263.702456
133 1.742904 2265.44547
134 1.353437 2266.799019
135 0.833195 2267.632325
136 1.03994 2268.672374
137 0.661162 2269.333645
138 0.633172 2269.966926
139 0.617878 2270.584901
140 0.123049 2270.708063
done 140 0.05327 2270.761446
