[runlim] version:		1.7
[runlim] time limit:		3600 seconds
[runlim] real time limit:	311040000 seconds
[runlim] space limit:		80000 MB
[runlim] argv[0]:		python3.6
[runlim] argv[1]:		./netsolver-gurobi-servermin.py
[runlim] argv[2]:		../../../instances/hadoop/hadoop_extensions/us-mid2.pn
[runlim] argv[3]:		../../../instances/hadoop/hadoop_extensions/hadoop_15_1bw.vn
[runlim] argv[4]:		True
[runlim] argv[5]:		False
[runlim] argv[6]:		timelogs/servermin/results.servermin.us-mid2.pn.hadoop_15_1bw.vn.log
[runlim] start:			Sun Sep 22 05:35:39 2019
[runlim] main pid:		35368
Academic license - for non-commercial use only
[runlim] sample:		10.0 seconds, 181.4 MB
[runlim] sample:		20.0 seconds, 194.8 MB
[runlim] sample:		30.0 seconds, 192.3 MB
[runlim] sample:		40.0 seconds, 185.7 MB
[runlim] sample:		50.0 seconds, 198.6 MB
[runlim] sample:		60.0 seconds, 190.6 MB
[runlim] sample:		70.0 seconds, 211.1 MB
[runlim] sample:		80.0 seconds, 195.2 MB
[runlim] sample:		90.0 seconds, 203.7 MB
[runlim] sample:		100.0 seconds, 256.5 MB
[runlim] sample:		110.0 seconds, 226.6 MB
[runlim] sample:		120.0 seconds, 240.5 MB
[runlim] sample:		130.0 seconds, 195.0 MB
[runlim] sample:		140.0 seconds, 195.0 MB
[runlim] sample:		150.0 seconds, 211.2 MB
[runlim] sample:		160.0 seconds, 216.0 MB
[runlim] sample:		170.0 seconds, 217.2 MB
[runlim] sample:		180.0 seconds, 206.7 MB
[runlim] sample:		190.0 seconds, 219.3 MB
[runlim] sample:		200.0 seconds, 219.3 MB
[runlim] sample:		210.0 seconds, 223.9 MB
[runlim] sample:		220.0 seconds, 221.8 MB
[runlim] sample:		230.0 seconds, 217.2 MB
[runlim] sample:		240.0 seconds, 208.6 MB
[runlim] sample:		250.0 seconds, 245.8 MB
[runlim] sample:		260.0 seconds, 273.5 MB
[runlim] sample:		270.0 seconds, 201.1 MB
[runlim] sample:		280.0 seconds, 201.1 MB
[runlim] sample:		290.0 seconds, 212.7 MB
[runlim] sample:		300.0 seconds, 188.1 MB
[runlim] sample:		310.0 seconds, 188.1 MB
[runlim] sample:		320.0 seconds, 213.5 MB
[runlim] sample:		330.0 seconds, 216.2 MB
[runlim] sample:		340.0 seconds, 207.5 MB
[runlim] sample:		350.0 seconds, 213.5 MB
[runlim] sample:		360.0 seconds, 213.7 MB
[runlim] sample:		370.0 seconds, 214.0 MB
[runlim] sample:		380.0 seconds, 208.7 MB
[runlim] sample:		390.0 seconds, 208.7 MB
[runlim] sample:		400.0 seconds, 213.6 MB
[runlim] sample:		410.0 seconds, 208.7 MB
[runlim] sample:		420.0 seconds, 214.3 MB
[runlim] sample:		430.0 seconds, 214.3 MB
[runlim] sample:		440.0 seconds, 219.2 MB
[runlim] sample:		450.0 seconds, 208.9 MB
[runlim] sample:		460.0 seconds, 203.0 MB
[runlim] sample:		470.0 seconds, 211.9 MB
[runlim] sample:		480.0 seconds, 212.2 MB
[runlim] sample:		490.0 seconds, 212.4 MB
[runlim] sample:		500.0 seconds, 215.6 MB
[runlim] sample:		510.0 seconds, 240.8 MB
[runlim] sample:		520.0 seconds, 272.4 MB
[runlim] sample:		530.0 seconds, 186.9 MB
[runlim] sample:		540.0 seconds, 186.9 MB
[runlim] sample:		550.0 seconds, 192.1 MB
[runlim] sample:		560.0 seconds, 188.6 MB
[runlim] sample:		570.0 seconds, 188.6 MB
[runlim] sample:		580.0 seconds, 198.5 MB
[runlim] sample:		590.0 seconds, 204.4 MB
[runlim] sample:		600.0 seconds, 209.8 MB
[runlim] sample:		610.0 seconds, 214.5 MB
[runlim] sample:		620.0 seconds, 215.8 MB
[runlim] sample:		630.0 seconds, 216.5 MB
[runlim] sample:		640.0 seconds, 199.3 MB
[runlim] sample:		650.0 seconds, 212.2 MB
[runlim] sample:		660.0 seconds, 217.5 MB
[runlim] sample:		670.0 seconds, 217.5 MB
[runlim] sample:		680.0 seconds, 208.7 MB
[runlim] sample:		690.0 seconds, 209.2 MB
[runlim] sample:		700.0 seconds, 216.0 MB
[runlim] sample:		710.0 seconds, 241.2 MB
[runlim] sample:		720.0 seconds, 241.5 MB
[runlim] sample:		730.0 seconds, 282.6 MB
[runlim] sample:		740.0 seconds, 287.5 MB
[runlim] sample:		750.0 seconds, 270.6 MB
[runlim] sample:		760.0 seconds, 177.3 MB
[runlim] sample:		770.0 seconds, 177.3 MB
[runlim] sample:		780.0 seconds, 190.4 MB
[runlim] sample:		790.0 seconds, 213.3 MB
[runlim] sample:		800.0 seconds, 188.1 MB
[runlim] sample:		810.0 seconds, 188.1 MB
[runlim] sample:		820.0 seconds, 194.8 MB
[runlim] sample:		830.0 seconds, 206.9 MB
[runlim] sample:		840.0 seconds, 186.2 MB
[runlim] sample:		850.0 seconds, 186.2 MB
[runlim] sample:		860.0 seconds, 213.1 MB
[runlim] sample:		870.0 seconds, 217.5 MB
[runlim] sample:		880.0 seconds, 217.5 MB
[runlim] sample:		890.0 seconds, 217.5 MB
[runlim] sample:		900.0 seconds, 222.1 MB
[runlim] sample:		910.0 seconds, 222.3 MB
[runlim] sample:		920.0 seconds, 222.3 MB
[runlim] sample:		930.0 seconds, 213.0 MB
[runlim] sample:		940.0 seconds, 212.8 MB
[runlim] sample:		950.0 seconds, 219.2 MB
[runlim] sample:		960.0 seconds, 207.6 MB
[runlim] sample:		970.0 seconds, 215.1 MB
[runlim] sample:		980.0 seconds, 239.9 MB
[runlim] sample:		990.0 seconds, 264.7 MB
[runlim] sample:		1000.0 seconds, 277.2 MB
[runlim] sample:		1010.0 seconds, 291.7 MB
[runlim] sample:		1020.0 seconds, 291.9 MB
[runlim] sample:		1030.0 seconds, 316.9 MB
[runlim] sample:		1040.0 seconds, 317.7 MB
[runlim] sample:		1050.0 seconds, 317.9 MB
[runlim] sample:		1060.0 seconds, 320.0 MB
[runlim] sample:		1070.0 seconds, 318.2 MB
[runlim] sample:		1080.0 seconds, 319.3 MB
[runlim] sample:		1090.0 seconds, 321.1 MB
[runlim] sample:		1100.0 seconds, 321.8 MB
[runlim] sample:		1110.0 seconds, 322.6 MB
[runlim] sample:		1120.0 seconds, 322.6 MB
[runlim] sample:		1130.0 seconds, 302.7 MB
[runlim] sample:		1140.0 seconds, 310.8 MB
[runlim] sample:		1150.0 seconds, 243.5 MB
[runlim] sample:		1160.0 seconds, 243.5 MB
[runlim] sample:		1170.0 seconds, 244.5 MB
[runlim] sample:		1180.0 seconds, 244.5 MB
[runlim] sample:		1190.0 seconds, 258.9 MB
[runlim] sample:		1200.0 seconds, 258.9 MB
[runlim] sample:		1210.0 seconds, 213.5 MB
[runlim] sample:		1220.0 seconds, 213.5 MB
[runlim] sample:		1230.0 seconds, 214.6 MB
[runlim] sample:		1240.0 seconds, 215.1 MB
[runlim] sample:		1250.0 seconds, 219.9 MB
[runlim] sample:		1260.0 seconds, 209.1 MB
[runlim] sample:		1270.0 seconds, 215.0 MB
[runlim] sample:		1280.0 seconds, 218.8 MB
[runlim] sample:		1290.0 seconds, 216.0 MB
[runlim] sample:		1300.0 seconds, 223.4 MB
[runlim] sample:		1310.0 seconds, 241.4 MB
[runlim] sample:		1320.0 seconds, 276.0 MB
[runlim] sample:		1330.0 seconds, 284.3 MB
[runlim] sample:		1340.0 seconds, 292.3 MB
[runlim] sample:		1350.0 seconds, 298.2 MB
[runlim] sample:		1360.0 seconds, 308.8 MB
[runlim] sample:		1370.0 seconds, 291.1 MB
[runlim] sample:		1380.0 seconds, 280.6 MB
[runlim] sample:		1390.0 seconds, 291.6 MB
[runlim] sample:		1400.0 seconds, 298.3 MB
[runlim] sample:		1410.0 seconds, 280.6 MB
[runlim] sample:		1420.0 seconds, 301.7 MB
[runlim] sample:		1430.0 seconds, 283.0 MB
[runlim] sample:		1440.0 seconds, 305.3 MB
[runlim] sample:		1450.0 seconds, 307.0 MB
[runlim] sample:		1460.0 seconds, 307.2 MB
[runlim] sample:		1470.0 seconds, 287.4 MB
[runlim] sample:		1480.0 seconds, 309.7 MB
[runlim] sample:		1490.0 seconds, 309.7 MB
[runlim] sample:		1500.0 seconds, 311.8 MB
[runlim] sample:		1510.0 seconds, 290.2 MB
[runlim] sample:		1520.0 seconds, 303.3 MB
[runlim] sample:		1530.0 seconds, 303.5 MB
[runlim] sample:		1540.0 seconds, 307.9 MB
[runlim] sample:		1550.0 seconds, 307.9 MB
[runlim] sample:		1560.0 seconds, 308.7 MB
[runlim] sample:		1570.0 seconds, 314.9 MB
[runlim] sample:		1580.0 seconds, 317.7 MB
[runlim] sample:		1590.0 seconds, 318.5 MB
[runlim] sample:		1600.0 seconds, 321.8 MB
[runlim] sample:		1610.0 seconds, 322.1 MB
[runlim] sample:		1620.0 seconds, 306.9 MB
[runlim] sample:		1630.0 seconds, 316.4 MB
[runlim] sample:		1640.0 seconds, 316.9 MB
[runlim] sample:		1650.0 seconds, 316.9 MB
[runlim] sample:		1660.0 seconds, 274.5 MB
[runlim] sample:		1670.0 seconds, 274.5 MB
[runlim] sample:		1680.0 seconds, 274.5 MB
[runlim] sample:		1690.0 seconds, 274.5 MB
[runlim] sample:		1700.0 seconds, 274.5 MB
[runlim] sample:		1710.0 seconds, 274.5 MB
[runlim] sample:		1720.0 seconds, 274.5 MB
[runlim] sample:		1730.0 seconds, 274.5 MB
[runlim] sample:		1740.0 seconds, 274.5 MB
[runlim] sample:		1750.0 seconds, 278.6 MB
[runlim] sample:		1760.0 seconds, 296.7 MB
[runlim] sample:		1770.0 seconds, 301.7 MB
[runlim] sample:		1780.0 seconds, 302.5 MB
[runlim] sample:		1790.0 seconds, 306.6 MB
[runlim] sample:		1800.0 seconds, 306.6 MB
[runlim] sample:		1810.0 seconds, 306.9 MB
[runlim] sample:		1820.0 seconds, 280.8 MB
[runlim] sample:		1830.0 seconds, 301.4 MB
[runlim] sample:		1840.0 seconds, 303.0 MB
[runlim] sample:		1850.0 seconds, 285.2 MB
[runlim] sample:		1860.0 seconds, 295.4 MB
[runlim] sample:		1870.0 seconds, 296.1 MB
[runlim] sample:		1880.0 seconds, 296.4 MB
[runlim] sample:		1890.0 seconds, 302.6 MB
[runlim] sample:		1900.0 seconds, 281.3 MB
[runlim] sample:		1910.0 seconds, 291.8 MB
[runlim] sample:		1920.0 seconds, 296.7 MB
[runlim] sample:		1930.0 seconds, 297.5 MB
[runlim] sample:		1940.0 seconds, 293.3 MB
[runlim] sample:		1950.0 seconds, 299.3 MB
[runlim] sample:		1960.0 seconds, 299.3 MB
[runlim] sample:		1970.0 seconds, 284.7 MB
[runlim] sample:		1980.0 seconds, 295.6 MB
[runlim] sample:		1990.0 seconds, 284.7 MB
[runlim] sample:		2000.0 seconds, 300.8 MB
[runlim] sample:		2010.0 seconds, 300.8 MB
[runlim] sample:		2020.0 seconds, 301.2 MB
[runlim] sample:		2030.0 seconds, 301.4 MB
[runlim] sample:		2040.0 seconds, 279.3 MB
[runlim] sample:		2050.0 seconds, 295.3 MB
[runlim] sample:		2060.0 seconds, 296.1 MB
[runlim] sample:		2070.0 seconds, 295.3 MB
[runlim] sample:		2080.0 seconds, 296.1 MB
[runlim] sample:		2090.0 seconds, 298.4 MB
[runlim] sample:		2100.0 seconds, 301.8 MB
[runlim] sample:		2110.0 seconds, 281.3 MB
[runlim] sample:		2120.0 seconds, 282.3 MB
[runlim] sample:		2130.0 seconds, 288.8 MB
[runlim] sample:		2140.0 seconds, 232.1 MB
[runlim] sample:		2150.0 seconds, 232.1 MB
[runlim] sample:		2160.0 seconds, 232.1 MB
[runlim] sample:		2170.0 seconds, 232.1 MB
[runlim] sample:		2180.0 seconds, 232.1 MB
[runlim] sample:		2190.0 seconds, 232.1 MB
[runlim] sample:		2200.0 seconds, 232.1 MB
[runlim] sample:		2210.0 seconds, 236.8 MB
[runlim] sample:		2220.0 seconds, 236.8 MB
[runlim] sample:		2230.0 seconds, 236.8 MB
[runlim] sample:		2240.0 seconds, 236.8 MB
[runlim] sample:		2250.0 seconds, 237.1 MB
[runlim] sample:		2260.0 seconds, 237.1 MB
[runlim] sample:		2270.0 seconds, 237.9 MB
[runlim] sample:		2280.0 seconds, 237.9 MB
[runlim] sample:		2290.0 seconds, 238.1 MB
[runlim] sample:		2300.0 seconds, 234.2 MB
[runlim] sample:		2310.0 seconds, 238.6 MB
[runlim] sample:		2320.0 seconds, 238.6 MB
[runlim] sample:		2330.0 seconds, 238.6 MB
[runlim] sample:		2340.0 seconds, 247.5 MB
[runlim] sample:		2350.0 seconds, 247.5 MB
[runlim] sample:		2360.0 seconds, 293.6 MB
[runlim] sample:		2370.0 seconds, 221.3 MB
[runlim] sample:		2380.0 seconds, 221.3 MB
[runlim] sample:		2390.0 seconds, 221.3 MB
[runlim] sample:		2400.0 seconds, 225.7 MB
[runlim] sample:		2410.0 seconds, 226.4 MB
[runlim] sample:		2420.0 seconds, 228.7 MB
[runlim] sample:		2430.0 seconds, 229.0 MB
[runlim] sample:		2440.0 seconds, 229.0 MB
[runlim] sample:		2450.0 seconds, 229.0 MB
[runlim] sample:		2460.0 seconds, 231.1 MB
[runlim] sample:		2470.0 seconds, 232.1 MB
[runlim] sample:		2480.0 seconds, 232.1 MB
[runlim] sample:		2490.0 seconds, 232.6 MB
[runlim] sample:		2500.0 seconds, 249.8 MB
[runlim] sample:		2510.0 seconds, 249.8 MB
[runlim] sample:		2520.0 seconds, 293.9 MB
[runlim] sample:		2530.0 seconds, 305.5 MB
[runlim] sample:		2540.0 seconds, 313.3 MB
[runlim] sample:		2550.0 seconds, 313.6 MB
[runlim] sample:		2560.0 seconds, 319.3 MB
[runlim] sample:		2570.0 seconds, 319.3 MB
[runlim] sample:		2580.0 seconds, 319.3 MB
[runlim] sample:		2590.0 seconds, 319.5 MB
[runlim] sample:		2600.0 seconds, 322.4 MB
[runlim] sample:		2610.0 seconds, 328.0 MB
[runlim] sample:		2620.0 seconds, 328.3 MB
[runlim] sample:		2630.0 seconds, 328.3 MB
[runlim] sample:		2640.0 seconds, 330.9 MB
[runlim] sample:		2650.0 seconds, 330.9 MB
[runlim] sample:		2660.0 seconds, 334.7 MB
[runlim] sample:		2670.0 seconds, 334.7 MB
[runlim] sample:		2680.0 seconds, 334.7 MB
[runlim] sample:		2690.0 seconds, 334.7 MB
[runlim] sample:		2700.0 seconds, 335.0 MB
[runlim] sample:		2710.0 seconds, 335.0 MB
[runlim] sample:		2720.0 seconds, 335.0 MB
[runlim] sample:		2730.0 seconds, 339.1 MB
[runlim] sample:		2740.0 seconds, 339.1 MB
[runlim] sample:		2750.0 seconds, 339.1 MB
[runlim] sample:		2760.0 seconds, 342.7 MB
[runlim] sample:		2770.0 seconds, 343.2 MB
[runlim] sample:		2780.0 seconds, 343.5 MB
[runlim] sample:		2790.0 seconds, 344.5 MB
[runlim] sample:		2800.0 seconds, 307.6 MB
[runlim] sample:		2810.0 seconds, 308.4 MB
[runlim] sample:		2820.0 seconds, 317.2 MB
[runlim] sample:		2830.0 seconds, 317.8 MB
[runlim] sample:		2840.0 seconds, 321.9 MB
[runlim] sample:		2850.0 seconds, 306.9 MB
[runlim] sample:		2860.0 seconds, 307.6 MB
[runlim] sample:		2870.0 seconds, 314.3 MB
[runlim] sample:		2880.0 seconds, 319.6 MB
[runlim] sample:		2890.0 seconds, 319.6 MB
[runlim] sample:		2900.0 seconds, 319.9 MB
[runlim] sample:		2910.0 seconds, 306.6 MB
[runlim] sample:		2920.0 seconds, 306.6 MB
[runlim] sample:		2930.0 seconds, 318.7 MB
[runlim] sample:		2940.0 seconds, 329.8 MB
[runlim] sample:		2950.0 seconds, 304.8 MB
[runlim] sample:		2960.0 seconds, 304.8 MB
[runlim] sample:		2970.0 seconds, 304.8 MB
[runlim] sample:		2980.0 seconds, 304.8 MB
[runlim] sample:		2990.0 seconds, 304.8 MB
[runlim] sample:		3000.0 seconds, 304.8 MB
[runlim] sample:		3010.0 seconds, 304.8 MB
[runlim] sample:		3020.0 seconds, 177.3 MB
[runlim] sample:		3030.0 seconds, 177.3 MB
[runlim] sample:		3040.0 seconds, 211.3 MB
[runlim] sample:		3050.0 seconds, 177.3 MB
[runlim] sample:		3059.9 seconds, 177.3 MB
[runlim] sample:		3069.9 seconds, 210.9 MB
[runlim] sample:		3080.0 seconds, 220.1 MB
[runlim] sample:		3089.9 seconds, 213.9 MB
[runlim] sample:		3099.9 seconds, 223.8 MB
[runlim] sample:		3110.0 seconds, 242.1 MB
[runlim] sample:		3119.9 seconds, 256.8 MB
[runlim] sample:		3129.9 seconds, 294.1 MB
[runlim] sample:		3139.9 seconds, 305.2 MB
[runlim] sample:		3150.0 seconds, 299.2 MB
[runlim] sample:		3160.0 seconds, 286.9 MB
[runlim] sample:		3170.0 seconds, 304.9 MB
[runlim] sample:		3179.9 seconds, 288.2 MB
[runlim] sample:		3190.0 seconds, 308.1 MB
[runlim] sample:		3200.0 seconds, 311.2 MB
[runlim] sample:		3210.0 seconds, 315.5 MB
[runlim] sample:		3220.0 seconds, 296.1 MB
[runlim] sample:		3230.0 seconds, 321.3 MB
[runlim] sample:		3240.0 seconds, 291.2 MB
[runlim] sample:		3250.0 seconds, 291.2 MB
[runlim] sample:		3260.0 seconds, 291.2 MB
[runlim] sample:		3270.0 seconds, 291.2 MB
[runlim] sample:		3280.0 seconds, 291.2 MB
[runlim] sample:		3290.0 seconds, 291.2 MB
[runlim] sample:		3300.0 seconds, 291.2 MB
[runlim] sample:		3310.0 seconds, 291.2 MB
[runlim] sample:		3320.0 seconds, 291.4 MB
[runlim] sample:		3330.0 seconds, 291.4 MB
[runlim] sample:		3340.0 seconds, 291.4 MB
[runlim] sample:		3350.0 seconds, 292.2 MB
[runlim] sample:		3360.0 seconds, 300.7 MB
[runlim] sample:		3369.9 seconds, 315.4 MB
[runlim] sample:		3379.9 seconds, 283.9 MB
[runlim] sample:		3390.0 seconds, 293.0 MB
[runlim] sample:		3399.9 seconds, 310.1 MB
[runlim] sample:		3410.0 seconds, 328.2 MB
[runlim] sample:		3419.9 seconds, 315.8 MB
[runlim] sample:		3430.0 seconds, 311.4 MB
[runlim] sample:		3439.9 seconds, 324.0 MB
[runlim] sample:		3449.9 seconds, 302.9 MB
[runlim] sample:		3459.9 seconds, 302.9 MB
[runlim] sample:		3469.9 seconds, 302.9 MB
[runlim] sample:		3479.9 seconds, 302.9 MB
[runlim] sample:		3489.9 seconds, 302.9 MB
[runlim] sample:		3499.9 seconds, 302.9 MB
[runlim] sample:		3509.9 seconds, 302.9 MB
[runlim] sample:		3519.9 seconds, 302.9 MB
[runlim] sample:		3529.9 seconds, 302.9 MB
[runlim] sample:		3539.9 seconds, 302.9 MB
[runlim] sample:		3549.9 seconds, 303.1 MB
[runlim] sample:		3559.9 seconds, 310.1 MB
[runlim] sample:		3569.9 seconds, 311.1 MB
[runlim] sample:		3580.0 seconds, 287.2 MB
[runlim] sample:		3590.0 seconds, 294.9 MB
[runlim] sample:		3599.9 seconds, 286.8 MB
[runlim] end:			Sun Sep 22 06:35:39 2019
[runlim] status:		out of time
[runlim] result:		1
[runlim] children:		0
[runlim] real:			3600.99 seconds
[runlim] time:			3600.05 seconds
[runlim] space:			348.7 MB
[runlim] samples:		36001
