[runlim] version:		1.7
[runlim] time limit:		3600 seconds
[runlim] real time limit:	311040000 seconds
[runlim] space limit:		80000 MB
[runlim] argv[0]:		python3.6
[runlim] argv[1]:		./netsolver-gurobi-servermin.py
[runlim] argv[2]:		../../../instances/hadoop/hadoop_extensions/us-mid2.pn
[runlim] argv[3]:		../../../instances/hadoop/hadoop_extensions/hadoop_4_2bw.vn
[runlim] argv[4]:		True
[runlim] argv[5]:		False
[runlim] argv[6]:		timelogs/servermin/results.servermin.us-mid2.pn.hadoop_4_2bw.vn.log
[runlim] start:			Sun Sep 22 04:55:51 2019
[runlim] main pid:		35268
Academic license - for non-commercial use only
[runlim] sample:		10.0 seconds, 57.6 MB
[runlim] sample:		20.0 seconds, 57.2 MB
[runlim] sample:		30.0 seconds, 55.7 MB
[runlim] sample:		40.0 seconds, 55.4 MB
[runlim] sample:		50.0 seconds, 55.1 MB
[runlim] sample:		60.0 seconds, 57.7 MB
[runlim] sample:		70.0 seconds, 59.0 MB
[runlim] sample:		80.0 seconds, 59.7 MB
[runlim] sample:		90.0 seconds, 59.7 MB
[runlim] sample:		100.0 seconds, 59.7 MB
[runlim] sample:		110.0 seconds, 59.7 MB
[runlim] sample:		120.0 seconds, 59.7 MB
[runlim] sample:		130.0 seconds, 59.7 MB
[runlim] sample:		140.0 seconds, 59.7 MB
146.254843
1600
Median time: 0.0870015 s
[runlim] end:			Sun Sep 22 04:58:17 2019
[runlim] status:		ok
[runlim] result:		0
[runlim] children:		0
[runlim] real:			146.75 seconds
[runlim] time:			146.29 seconds
[runlim] space:			59.7 MB
[runlim] samples:		1463
