# instance ../../../instances/hadoop/hadoop_extensions/us-west1.pn
# Settings: PN=../../../instances/hadoop/hadoop_extensions/us-west1.pn, VN=../../../instances/hadoop/hadoop_extensions/hadoop_4_1bw.vn, multi-thread=False
init 1.268889 1.268889
1 0.19796 1.466849
2 0.211983 1.678951
3 0.223832 1.902904
4 0.211932 2.114951
5 0.223379 2.338442
6 0.223719 2.562282
7 0.230994 2.793394
8 0.220695 3.014215
9 0.227589 3.241927
10 0.214699 3.456745
11 0.221351 3.678215
12 0.209512 3.887842
13 0.220541 4.108498
14 0.210727 4.319338
15 0.220975 4.540419
16 0.211225 4.75176
17 0.221842 4.973718
18 0.211382 5.185218
19 0.223796 5.409131
20 0.218844 5.628094
21 0.227397 5.855629
22 0.212127 6.067876
23 0.223472 6.291466
24 0.212051 6.50363
25 0.221185 6.724929
26 0.211336 6.936375
27 0.222106 7.158596
28 0.210988 7.369699
29 0.222355 7.592171
30 0.211395 7.803678
31 0.221148 8.024931
32 0.211586 8.236628
33 0.22164 8.45838
34 0.210417 8.668909
35 0.222192 8.891216
36 0.210392 9.101722
37 0.221846 9.323684
38 0.219718 9.543517
39 0.231219 9.77486
40 0.221741 9.996724
41 0.228372 10.225218
42 0.222488 10.447822
43 0.229515 10.677463
44 0.214889 10.892473
45 0.223722 11.116318
46 0.21856 11.334992
47 0.227202 11.562312
48 0.221389 11.783821
49 0.229775 12.01372
50 0.216361 12.230204
51 0.223898 12.45422
52 0.21171 12.666046
53 0.222221 12.888387
54 0.211518 13.100018
55 0.223666 13.323797
56 0.211732 13.535637
57 0.233629 13.769379
58 0.215097 13.984598
59 0.223634 14.208352
60 0.2106 14.419069
61 0.223327 14.642507
62 0.220474 14.863099
63 0.232053 15.095278
64 0.219407 15.314806
65 0.225781 15.5407
66 0.214202 15.755018
67 0.223021 15.978157
68 0.209948 16.188222
69 0.221182 16.409527
70 0.211573 16.621222
71 0.221926 16.843255
72 0.21021 17.053586
73 0.221297 17.275001
74 0.211177 17.4863
75 0.223966 17.710381
76 0.212639 17.923137
77 0.22553 18.148775
78 0.220552 18.369464
79 0.221981 18.591564
80 0.21066 18.802338
81 0.219757 19.022209
82 0.209908 19.232227
83 0.221206 19.453541
84 0.211468 19.665123
85 0.219876 19.885114
86 0.209746 20.094973
87 0.220578 20.315665
88 0.209655 20.525426
89 0.222086 20.747621
90 0.21001 20.95775
91 0.220064 21.177931
92 0.208625 21.38667
93 0.221387 21.608175
94 0.218217 21.82652
95 0.228292 22.054941
96 0.220993 22.276057
97 0.222218 22.498399
98 0.220059 22.718579
99 0.224676 22.94337
100 0.212533 23.156024
101 0.220798 23.37694
102 0.214852 23.591909
103 0.221709 23.813736
104 0.210649 24.024508
105 0.222529 24.247147
106 0.222938 24.470204
107 0.220133 24.690461
108 0.207527 24.898104
109 0.216697 25.114918
110 0.207241 25.322268
111 0.218771 25.541149
112 0.208927 25.750191
113 0.219354 25.96966
114 0.21018 26.179963
115 0.218566 26.398652
116 0.207233 26.606004
117 0.22722 26.833341
118 0.214668 27.048139
119 0.224581 27.272848
120 0.215973 27.488954
121 0.225261 27.714335
122 0.211645 27.926094
123 0.218128 28.144337
124 0.206612 28.351064
125 0.217752 28.568932
126 0.206575 28.775624
127 0.216026 28.991768
128 0.204914 29.196798
129 0.216265 29.413179
130 0.205878 29.619173
131 0.218858 29.838138
132 0.20716 30.045416
133 0.219452 30.264986
134 0.217888 30.482989
135 0.218052 30.701159
136 0.206943 30.908215
137 0.217062 31.12539
138 0.206346 31.331846
139 0.21635 31.548305
140 0.20623 31.754649
141 0.217636 31.972401
142 0.205837 32.178352
143 0.215572 32.394045
144 0.204681 32.59884
145 0.216205 32.81516
146 0.2058 33.021067
147 0.215479 33.236652
148 0.206011 33.442778
149 0.216244 33.659141
150 0.208415 33.867674
151 0.225345 34.093144
152 0.212657 34.305927
153 0.22434 34.530391
154 0.207911 34.738424
155 0.226264 34.964811
156 0.211154 35.176094
157 0.215993 35.39221
158 0.203741 35.596068
159 0.218926 35.815111
160 0.205566 36.020787
161 0.219312 36.240219
162 0.208207 36.448541
163 0.22653 36.675197
164 0.205518 36.880836
165 0.213155 37.094116
166 0.203857 37.298086
167 0.213033 37.511245
168 0.20534 37.716706
169 0.212704 37.929516
170 0.204087 38.133715
171 0.215264 38.349093
172 0.204499 38.553711
173 0.212133 38.765966
174 0.207887 38.973971
175 0.225035 39.199137
176 0.210382 39.409643
177 0.219231 39.62902
178 0.21323 39.842376
179 0.216512 40.059007
180 0.205026 40.264151
181 0.211199 40.475467
182 0.203024 40.678606
183 0.211527 40.890252
184 0.202147 41.092513
185 0.212308 41.304936
186 0.202531 41.507578
187 0.212374 41.720069
188 0.204261 41.924438
189 0.213844 42.138393
190 0.210819 42.349327
191 0.214168 42.563621
192 0.203234 42.766981
193 0.211486 42.978592
194 0.202437 43.181145
195 0.211815 43.393076
196 0.200939 43.594127
197 0.211953 43.806195
198 0.20218 44.008488
199 0.210867 44.219471
200 0.201601 44.421179
201 0.212476 44.633763
202 0.201137 44.835014
203 0.210258 45.045388
204 0.201643 45.247146
205 0.211892 45.459154
206 0.200718 45.659986
207 0.211175 45.871277
208 0.205749 46.07714
209 0.217125 46.294389
210 0.209743 46.504257
211 0.218863 46.723238
212 0.203026 46.926385
213 0.221196 47.147709
214 0.207466 47.355297
215 0.212808 47.568228
216 0.201325 47.769673
217 0.216173 47.985975
218 0.20191 48.188008
219 0.219434 48.407562
220 0.208676 48.616359
221 0.214873 48.831341
222 0.200857 49.032316
223 0.208817 49.241244
224 0.198545 49.439903
225 0.209309 49.649328
226 0.199863 49.849308
227 0.209061 50.058497
228 0.198888 50.257501
229 0.223092 50.48071
230 0.200889 50.681713
231 0.210606 50.892439
232 0.197201 51.089757
233 0.209773 51.29965
234 0.208875 51.508642
235 0.218287 51.727055
236 0.20407 51.931252
237 0.211614 52.14298
238 0.201417 52.344515
239 0.209718 52.554351
240 0.197757 52.752225
241 0.207819 52.96016
242 0.197376 53.157651
243 0.20783 53.365596
244 0.197778 53.563491
245 0.208253 53.771863
246 0.198216 53.970193
247 0.208598 54.17891
248 0.199532 54.37856
249 0.209328 54.588008
250 0.199521 54.787645
251 0.219827 55.007593
252 0.198326 55.206033
253 0.20748 55.413626
254 0.197444 55.611184
255 0.208502 55.819804
256 0.19726 56.017169
257 0.206546 56.223823
258 0.197192 56.421123
259 0.206836 56.628066
260 0.197254 56.825431
261 0.206813 57.03235
262 0.197342 57.229806
263 0.206667 57.436582
264 0.195917 57.632614
265 0.207231 57.839958
266 0.197205 58.037279
267 0.208462 58.245852
268 0.205991 58.451971
269 0.21523 58.667331
270 0.204306 58.871759
271 0.214298 59.086186
272 0.2031 59.289406
273 0.214168 59.503695
274 0.199325 59.703138
275 0.207493 59.91075
276 0.19699 60.107859
277 0.207902 60.315884
278 0.198794 60.514788
279 0.210069 60.724972
280 0.199889 60.924972
281 0.217802 61.142886
282 0.195471 61.338479
283 0.206167 61.544759
284 0.194348 61.739229
285 0.204652 61.943998
286 0.196537 62.14065
287 0.205781 62.346554
288 0.194975 62.541648
289 0.206863 62.748626
290 0.195495 62.94424
291 0.205393 63.149749
292 0.194011 63.34388
293 0.215208 63.559209
294 0.197949 63.757286
295 0.215145 63.972557
296 0.202369 64.175048
297 0.212753 64.387928
298 0.197215 64.585258
299 0.20453 64.78991
300 0.193423 64.983447
301 0.204278 65.187842
302 0.193332 65.381288
303 0.204145 65.58555
304 0.19219 65.777854
305 0.202694 65.980664
306 0.193494 66.174274
307 0.205176 66.379567
308 0.195058 66.57474
309 0.205739 66.780596
310 0.197399 66.978092
311 0.213447 67.191666
312 0.19474 67.386518
313 0.204737 67.591373
314 0.192324 67.783809
315 0.204003 67.987929
316 0.193209 68.181251
317 0.203589 68.384956
318 0.191802 68.576874
319 0.203725 68.780716
320 0.19153 68.972369
321 0.202117 69.174607
322 0.192653 69.36738
323 0.202433 69.569932
324 0.192784 69.762832
325 0.201539 69.964488
326 0.191698 70.156302
327 0.201773 70.358194
328 0.197135 70.555448
329 0.209315 70.764888
330 0.197594 70.962605
331 0.211333 71.174066
332 0.196126 71.370314
333 0.208769 71.579208
334 0.196867 71.776201
335 0.205199 71.981523
336 0.191877 72.173517
337 0.204219 72.377857
338 0.191284 72.569259
339 0.203592 72.772971
340 0.194654 72.967747
341 0.207051 73.174917
342 0.201303 73.376344
343 0.202182 73.578647
344 0.190234 73.769
345 0.198893 73.96801
346 0.190082 74.158207
347 0.20021 74.358541
348 0.190377 74.549038
349 0.199546 74.7487
350 0.192162 74.940978
351 0.200612 75.141715
352 0.190156 75.331991
353 0.198827 75.530935
354 0.199106 75.730162
355 0.205059 75.935346
356 0.199051 76.134519
357 0.20593 76.340597
358 0.196767 76.537478
359 0.202542 76.74014
360 0.191291 76.931549
361 0.199585 77.131247
362 0.189407 77.320767
363 0.199253 77.520136
364 0.188875 77.709119
365 0.198378 77.907614
366 0.188209 78.095937
367 0.198382 78.294434
368 0.188852 78.483403
369 0.200792 78.684313
370 0.190415 78.874845
371 0.209696 79.08466
372 0.190395 79.275171
373 0.199443 79.474735
374 0.18972 79.66457
375 0.199694 79.864382
376 0.189105 80.053603
377 0.199257 80.252975
378 0.187461 80.440552
379 0.198861 80.63953
380 0.188142 80.827785
381 0.198145 81.026038
382 0.187738 81.213888
383 0.19738 81.411383
384 0.187215 81.598716
385 0.197625 81.79646
386 0.186829 81.983403
387 0.19803 82.18155
388 0.18674 82.368405
389 0.197352 82.565874
390 0.192809 82.758799
391 0.204099 82.963023
392 0.193366 83.156514
393 0.205673 83.362311
394 0.190065 83.552499
395 0.206922 83.759542
396 0.193359 83.953024
397 0.201351 84.154498
398 0.18741 84.342028
399 0.200251 84.542401
400 0.187777 84.730295
401 0.199274 84.929683
402 0.196432 85.126235
403 0.202087 85.328445
404 0.190855 85.519416
405 0.198231 85.717758
406 0.186004 85.90387
407 0.194417 86.098405
408 0.186283 86.284805
409 0.194811 86.47974
410 0.187692 86.667549
411 0.1955 86.863164
412 0.188394 87.051675
413 0.195903 87.2477
414 0.185362 87.433182
415 0.204576 87.637874
416 0.19184 87.829841
417 0.20345 88.033407
418 0.1933 88.226828
419 0.199647 88.426601
420 0.187387 88.614104
421 0.194271 88.808492
422 0.184826 88.993431
423 0.194344 89.187889
424 0.186082 89.374086
425 0.194506 89.568716
426 0.185165 89.754003
427 0.193577 89.947696
428 0.185636 90.133447
429 0.195588 90.329149
430 0.185902 90.515165
431 0.20186 90.717134
432 0.187341 90.904592
433 0.194803 91.099509
434 0.184885 91.284493
435 0.193474 91.478085
436 0.184996 91.663195
437 0.193275 91.856586
438 0.184796 92.041495
439 0.193765 92.235375
440 0.184235 92.419724
441 0.194049 92.613881
442 0.184233 92.798232
443 0.193436 92.991785
444 0.183342 93.17524
445 0.192063 93.367419
446 0.184979 93.552515
447 0.201571 93.75421
448 0.191777 93.946113
449 0.199706 94.145943
450 0.186268 94.332334
451 0.199899 94.532354
452 0.188943 94.72142
453 0.19305 94.914583
454 0.186535 95.101239
455 0.191128 95.292483
456 0.186197 95.478799
457 0.195198 95.674118
458 0.192986 95.867222
459 0.194994 96.062337
460 0.183998 96.246456
461 0.190006 96.436577
462 0.182365 96.61906
463 0.190223 96.809393
464 0.181872 96.991384
465 0.19123 97.18273
466 0.18252 97.365366
467 0.194389 97.559872
468 0.192574 97.752574
469 0.192871 97.94556
470 0.182172 98.127851
471 0.19119 98.319155
472 0.179959 98.499228
473 0.190592 98.689944
474 0.188007 98.878072
475 0.200437 99.078635
476 0.18926 99.268018
477 0.195779 99.463921
478 0.184505 99.648543
479 0.192443 99.841106
480 0.182122 100.023348
481 0.188991 100.21245
482 0.18114 100.393704
483 0.188751 100.582572
484 0.180271 100.762959
485 0.188335 100.95141
486 0.179217 101.130745
487 0.188036 101.318894
488 0.180783 101.499786
489 0.187784 101.687684
490 0.190093 101.877893
491 0.190673 102.068694
492 0.182404 102.251217
493 0.189612 102.440945
494 0.182686 102.62375
495 0.188983 102.812841
496 0.182262 102.99523
497 0.200517 103.195863
498 0.181836 103.377822
499 0.188156 103.566094
500 0.181122 103.747334
501 0.186983 103.934432
502 0.179473 104.11402
503 0.188418 104.302552
504 0.179726 104.482394
505 0.188008 104.670519
506 0.179905 104.85054
507 0.18717 105.037827
508 0.179611 105.217562
509 0.18671 105.404387
510 0.179886 105.584386
511 0.186979 105.771482
512 0.180121 105.95172
513 0.186626 106.138462
514 0.179019 106.317597
515 0.186869 106.504574
516 0.180022 106.684711
517 0.186908 106.871737
518 0.184953 107.056813
519 0.19519 107.252135
520 0.18534 107.437599
521 0.19513 107.632856
522 0.183583 107.816574
523 0.190898 108.007588
524 0.187643 108.195356
525 0.194565 108.390042
526 0.183248 108.573411
527 0.18853 108.762064
528 0.178833 108.941026
529 0.186721 109.127866
530 0.180816 109.308797
531 0.187563 109.496488
532 0.180613 109.677222
533 0.187762 109.865107
534 0.181755 110.046984
535 0.186252 110.233382
536 0.176314 110.409814
537 0.184509 110.594444
538 0.175704 110.770265
539 0.184416 110.9548
540 0.177647 111.132565
541 0.195051 111.327728
542 0.179191 111.507046
543 0.184492 111.691656
544 0.178132 111.86991
545 0.185693 112.055723
546 0.175585 112.23143
547 0.18329 112.414837
548 0.181819 112.596776
549 0.196506 112.793422
550 0.184914 112.978454
551 0.191841 113.170419
552 0.177627 113.348167
553 0.187515 113.535801
554 0.176281 113.7122
555 0.183455 113.895775
556 0.176181 114.072075
557 0.183656 114.25585
558 0.174985 114.430955
559 0.182414 114.613479
560 0.174492 114.788089
561 0.181776 114.96998
562 0.175094 115.145196
563 0.183531 115.328842
564 0.176312 115.505278
565 0.192879 115.69828
566 0.176287 115.874691
567 0.184507 116.059316
568 0.175893 116.235327
569 0.182852 116.418294
570 0.175282 116.593685
571 0.182242 116.77604
572 0.175869 116.952025
573 0.18222 117.134361
574 0.174459 117.308934
575 0.181448 117.490497
576 0.175368 117.665978
577 0.182113 117.848208
578 0.17472 118.023044
579 0.181527 118.204677
580 0.174945 118.379736
581 0.1823 118.562153
582 0.17462 118.736888
583 0.181455 118.918457
584 0.174503 119.093069
585 0.182145 119.275328
586 0.176555 119.451999
587 0.187897 119.640021
588 0.182022 119.822171
589 0.187807 120.010093
590 0.181223 120.191431
591 0.183454 120.375007
592 0.184573 120.559705
593 0.184205 120.744035
594 0.177398 120.921556
595 0.182356 121.104022
596 0.173112 121.277252
597 0.183188 121.460561
598 0.174604 121.635285
599 0.183003 121.818411
600 0.183672 122.002202
601 0.183598 122.185922
602 0.176525 122.362568
603 0.180839 122.543525
604 0.17154 122.715182
605 0.179961 122.895252
606 0.172287 123.067652
607 0.179949 123.247718
608 0.173227 123.421063
609 0.180685 123.601856
610 0.173006 123.774982
611 0.179754 123.954856
612 0.178458 124.133436
613 0.1888 124.322364
614 0.180609 124.503085
615 0.182924 124.686133
616 0.174584 124.860836
617 0.188358 125.04932
618 0.170385 125.219823
619 0.178742 125.398672
620 0.170408 125.569197
621 0.178717 125.748031
622 0.17022 125.918371
623 0.17801 126.096496
624 0.171615 126.268226
625 0.179188 126.447532
626 0.171802 126.619449
627 0.178933 126.798489
628 0.172608 126.971215
629 0.180628 127.15196
630 0.180987 127.333073
631 0.178862 127.512048
632 0.170176 127.682342
633 0.178695 127.861154
634 0.171154 128.032423
635 0.178303 128.210836
636 0.170114 128.381065
637 0.178743 128.559924
638 0.170165 128.730207
639 0.178376 128.908692
640 0.170527 129.079335
641 0.182361 129.261816
642 0.176553 129.438493
643 0.184241 129.622858
644 0.175343 129.798318
645 0.182994 129.981433
646 0.170828 130.152385
647 0.179339 130.331842
648 0.170173 130.502129
649 0.179227 130.681474
650 0.173056 130.854652
651 0.179833 131.034602
652 0.172977 131.207702
653 0.174687 131.382509
654 0.169206 131.551829
655 0.175599 131.727544
656 0.168954 131.89661
657 0.176411 132.073136
658 0.180342 132.253601
659 0.17655 132.430269
660 0.169749 132.600133
661 0.177647 132.777978
662 0.169432 132.947531
663 0.174473 133.122125
664 0.174778 133.297017
665 0.182264 133.479405
666 0.177629 133.657158
667 0.182123 133.839406
668 0.17237 134.011902
669 0.178222 134.190244
670 0.167099 134.357455
671 0.173748 134.531316
672 0.167135 134.698564
673 0.174839 134.873523
674 0.168057 135.041698
675 0.17407 135.215884
676 0.167633 135.383625
677 0.174549 135.558292
678 0.168194 135.726603
679 0.175 135.901714
680 0.168885 136.070714
681 0.176952 136.247789
682 0.176878 136.424797
683 0.175507 136.600409
684 0.167096 136.767621
685 0.174309 136.942046
686 0.166419 137.108581
687 0.174604 137.283299
688 0.16694 137.450355
689 0.174388 137.624857
690 0.166989 137.791969
691 0.174498 137.96658
692 0.166083 138.132778
693 0.173076 138.305974
694 0.165746 138.471834
695 0.173894 138.645845
696 0.165589 138.81155
697 0.173375 138.985041
698 0.166402 139.151561
699 0.179031 139.330714
700 0.172558 139.503399
701 0.181026 139.684546
702 0.171162 139.855831
703 0.178802 140.034755
704 0.172477 140.207361
705 0.17626 140.383739
706 0.165995 140.549854
707 0.175946 140.725942
708 0.164731 140.890786
709 0.175361 141.066265
710 0.167271 141.233656
711 0.179742 141.41351
712 0.170266 141.583897
713 0.176134 141.760157
714 0.163921 141.924199
715 0.171451 142.095758
716 0.164442 142.260314
717 0.171025 142.431457
718 0.1641 142.595673
719 0.172166 142.767955
720 0.165625 142.933695
721 0.172268 143.106075
722 0.165153 143.271346
723 0.171916 143.443381
724 0.175152 143.61866
725 0.176712 143.795484
726 0.168322 143.963926
727 0.173544 144.137585
728 0.165019 144.302725
729 0.16971 144.47255
730 0.169834 144.642503
731 0.17174 144.814369
732 0.163638 144.978124
733 0.169459 145.147701
734 0.163832 145.311651
735 0.169649 145.481416
736 0.163194 145.644727
737 0.169278 145.814119
738 0.164722 145.978958
739 0.170935 146.150015
740 0.16444 146.314574
741 0.170092 146.484782
742 0.174162 146.659073
743 0.169438 146.828634
744 0.16268 146.991426
745 0.170184 147.161724
746 0.16372 147.32556
747 0.169305 147.494974
748 0.163964 147.659054
749 0.17053 147.829699
750 0.162365 147.992177
751 0.170634 148.162924
752 0.162757 148.325796
753 0.172616 148.49852
754 0.16924 148.667884
755 0.176687 148.844698
756 0.166386 149.01121
757 0.177166 149.188498
758 0.16907 149.357632
759 0.169529 149.527281
760 0.166749 149.694146
761 0.170442 149.864703
762 0.164791 150.029618
763 0.172556 150.202295
764 0.165943 150.368357
765 0.171631 150.540109
766 0.161615 150.701843
767 0.168779 150.870736
768 0.160874 151.03173
769 0.167666 151.199508
770 0.161236 151.360859
771 0.174747 151.53573
772 0.16344 151.699303
773 0.167955 151.867386
774 0.162054 152.02956
775 0.168398 152.198076
776 0.162045 152.360238
777 0.167562 152.527924
778 0.159919 152.687962
779 0.174585 152.862666
780 0.16525 153.02804
781 0.173337 153.201493
782 0.168556 153.370168
783 0.171991 153.542285
784 0.162719 153.705123
785 0.171113 153.876353
786 0.160791 154.037263
787 0.166422 154.203803
788 0.158958 154.362876
789 0.166142 154.529134
790 0.159396 154.688642
791 0.166859 154.855615
792 0.158689 155.014423
793 0.165771 155.18031
794 0.159355 155.339781
795 0.165289 155.505187
796 0.159934 155.665235
797 0.176712 155.842066
798 0.159272 156.001456
799 0.167577 156.169149
800 0.160289 156.329557
801 0.166866 156.496535
802 0.161059 156.65771
803 0.166025 156.82385
804 0.159591 156.983554
805 0.165651 157.149323
806 0.158874 157.308313
807 0.177313 157.48574
808 0.161104 157.646972
809 0.165579 157.812666
810 0.159642 157.972421
811 0.164998 158.137533
812 0.1591 158.296747
813 0.166086 158.462949
814 0.159224 158.62229
815 0.164055 158.786452
816 0.157837 158.944408
817 0.165317 159.109841
818 0.158838 159.268792
819 0.164477 159.433389
820 0.159208 159.592714
821 0.16537 159.758197
822 0.158545 159.916862
823 0.168877 160.085863
824 0.165598 160.251585
825 0.170508 160.422221
826 0.166788 160.589125
827 0.16921 160.758456
828 0.160414 160.918994
829 0.172851 161.091958
830 0.16114 161.25322
831 0.168363 161.421705
832 0.157298 161.579115
833 0.164375 161.74361
834 0.158496 161.902225
835 0.16444 162.06678
836 0.160449 162.227359
837 0.165825 162.393301
838 0.158505 162.551923
839 0.165328 162.717372
840 0.15706 162.874545
841 0.164518 163.039182
842 0.158526 163.197825
843 0.164843 163.362786
844 0.15826 163.521166
845 0.165556 163.686832
846 0.15903 163.845978
847 0.171607 164.017701
848 0.165026 164.182844
849 0.165124 164.348085
850 0.159804 164.508011
851 0.166031 164.674161
852 0.158233 164.832515
853 0.164207 164.996837
854 0.160498 165.157465
855 0.176148 165.333732
856 0.160976 165.494835
857 0.172784 165.667741
858 0.161484 165.829349
859 0.165894 165.995355
860 0.159403 166.154876
861 0.16557 166.320567
862 0.156219 166.476894
863 0.164013 166.641024
864 0.157331 166.798474
865 0.162909 166.961503
866 0.15754 167.119161
867 0.163383 167.282654
868 0.156227 167.439006
869 0.163828 167.602957
870 0.157111 167.760182
871 0.16291 167.923209
872 0.15853 168.081848
873 0.167404 168.24937
874 0.161384 168.410878
875 0.165398 168.576392
876 0.156819 168.733332
877 0.163284 168.896729
878 0.157299 169.054144
879 0.162762 169.217045
880 0.156711 169.373865
881 0.162325 169.536307
882 0.155351 169.691773
883 0.162644 169.854532
884 0.155724 170.010374
885 0.161666 170.172152
886 0.155301 170.32757
887 0.162509 170.490186
888 0.156234 170.646533
889 0.161201 170.807846
890 0.155123 170.963085
891 0.161184 171.124386
892 0.155 171.279497
893 0.160269 171.439883
894 0.154685 171.594686
895 0.161973 171.756772
896 0.156765 171.913665
897 0.17232 172.086113
898 0.15589 172.242125
899 0.16682 172.409069
900 0.163915 172.573108
901 0.167144 172.740379
902 0.163227 172.903736
903 0.167163 173.071022
904 0.155431 173.226581
905 0.169145 173.395851
906 0.158281 173.554259
907 0.165434 173.71982
908 0.155196 173.875125
909 0.159658 174.034904
910 0.157548 174.19257
911 0.16055 174.353233
912 0.156713 174.510069
913 0.163742 174.673936
914 0.156193 174.830252
915 0.161819 174.992185
916 0.155804 175.148107
917 0.159005 175.307226
918 0.151918 175.459259
919 0.158166 175.617541
920 0.152553 175.770205
921 0.15835 175.928673
922 0.153911 176.082696
923 0.159127 176.241941
924 0.152093 176.394153
925 0.168654 176.562921
926 0.157616 176.720662
927 0.159734 176.88051
928 0.153656 177.034285
929 0.157651 177.192041
930 0.152608 177.34477
931 0.161793 177.506689
932 0.161784 177.66859
933 0.166442 177.835158
934 0.159966 177.995256
935 0.165584 178.160968
936 0.15497 178.316056
937 0.160003 178.476172
938 0.153323 178.629616
939 0.157129 178.786853
940 0.152134 178.939106
941 0.156939 179.096161
942 0.150967 179.247244
943 0.156537 179.403896
944 0.151523 179.555536
945 0.156717 179.712368
946 0.150855 179.863338
947 0.156609 180.020065
948 0.151044 180.171219
949 0.158161 180.329499
950 0.151584 180.481198
951 0.159109 180.640425
952 0.152461 180.793006
953 0.158741 180.951862
954 0.162399 181.114388
955 0.157634 181.272141
956 0.151446 181.423706
957 0.15664 181.580454
958 0.150912 181.731484
959 0.156755 181.888349
960 0.151133 182.039597
961 0.156246 182.195958
962 0.151441 182.347514
963 0.155554 182.503186
964 0.150766 182.654068
965 0.156122 182.810306
966 0.151262 182.961686
967 0.156375 183.118178
968 0.149712 183.268002
969 0.154929 183.423055
970 0.149071 183.572238
971 0.155085 183.727441
972 0.148199 183.87575
973 0.154937 184.030806
974 0.148371 184.17929
975 0.154499 184.333906
976 0.151942 184.485964
977 0.160244 184.646333
978 0.156525 184.802982
979 0.159194 184.9623
980 0.156401 185.118824
981 0.157024 185.275963
982 0.153795 185.429879
983 0.159688 185.58969
984 0.153339 185.743152
985 0.156477 185.899752
986 0.148813 186.048682
987 0.153414 186.202218
988 0.151752 186.354089
989 0.153208 186.507415
990 0.150899 186.658435
991 0.156759 186.815313
992 0.148928 186.96436
993 0.155591 187.120073
994 0.158769 187.278954
995 0.157349 187.436427
996 0.146839 187.583383
997 0.15199 187.735489
998 0.147344 187.88295
999 0.151638 188.034705
1000 0.146774 188.181593
1001 0.152908 188.334619
1002 0.146846 188.481582
1003 0.152511 188.634217
1004 0.148204 188.782538
1005 0.153476 188.936141
1006 0.14693 189.083193
1007 0.151344 189.234661
1008 0.151043 189.385822
1009 0.162628 189.548578
1010 0.151686 189.700388
1011 0.158306 189.858816
1012 0.148485 190.007422
1013 0.154646 190.162177
1014 0.146871 190.309171
1015 0.151555 190.460842
1016 0.14485 190.60582
1017 0.15141 190.757345
1018 0.145614 190.903077
1019 0.15177 191.054963
1020 0.145202 191.200283
1021 0.151486 191.351885
1022 0.145047 191.497049
1023 0.151176 191.648341
1024 0.14575 191.794206
1025 0.160658 191.954979
1026 0.146635 192.101738
1027 0.151836 192.253691
1028 0.145887 192.3997
1029 0.15197 192.551787
1030 0.144867 192.696771
1031 0.15185 192.848743
1032 0.145484 192.994345
1033 0.15098 193.145439
1034 0.144771 193.290324
1035 0.149865 193.440303
1036 0.1439 193.584322
1037 0.15082 193.735265
1038 0.14481 193.880197
1039 0.158049 194.038362
1040 0.147202 194.185691
1041 0.149579 194.335386
1042 0.145163 194.480665
1043 0.149258 194.630042
1044 0.14483 194.774988
1045 0.149221 194.924325
1046 0.143339 195.067776
1047 0.149717 195.217611
1048 0.143441 195.361162
1049 0.152113 195.513391
1050 0.151458 195.664994
1051 0.154622 195.819738
1052 0.149625 195.96948
1053 0.152672 196.122276
1054 0.150216 196.272608
1055 0.153125 196.425861
1056 0.148543 196.574526
1057 0.148746 196.723393
1058 0.143575 196.86708
1059 0.151237 197.018437
1060 0.144539 197.163088
1061 0.149494 197.312707
1062 0.146323 197.459153
1063 0.151128 197.610399
1064 0.146722 197.757243
1065 0.14893 197.90629
1066 0.142855 198.04926
1067 0.14707 198.196445
1068 0.141801 198.338362
1069 0.14593 198.484406
1070 0.142229 198.626755
1071 0.147159 198.774022
1072 0.141991 198.916138
1073 0.15618 199.07243
1074 0.144985 199.217539
1075 0.147556 199.365204
1076 0.143708 199.509035
1077 0.148482 199.657635
1078 0.142912 199.800671
1079 0.14667 199.94746
1080 0.141099 200.088682
1081 0.151581 200.240387
1082 0.152061 200.392576
1083 0.151244 200.543939
1084 0.14678 200.690844
1085 0.149678 200.840641
1086 0.14372 200.984481
1087 0.149573 201.134175
1088 0.142933 201.27723
1089 0.146416 201.423763
1090 0.140805 201.56468
1091 0.146332 201.711127
1092 0.140852 201.852096
1093 0.145998 201.998208
1094 0.140633 202.13896
1095 0.145312 202.284386
1096 0.139803 202.424308
1097 0.148397 202.572814
1098 0.148363 202.721323
1099 0.145499 202.866929
1100 0.139311 203.006358
1101 0.147471 203.153943
1102 0.142135 203.296197
1103 0.147418 203.443731
1104 0.141524 203.585374
1105 0.146616 203.732108
1106 0.140421 203.872647
1107 0.145908 204.018673
1108 0.148402 204.167186
1109 0.150177 204.317493
1110 0.139987 204.457588
1111 0.144919 204.602623
1112 0.139867 204.742604
1113 0.144582 204.887304
1114 0.139304 205.026729
1115 0.144798 205.171636
1116 0.139224 205.310976
1117 0.144555 205.455646
1118 0.139413 205.595177
1119 0.14457 205.739863
1120 0.138684 205.878666
1121 0.143948 206.022732
1122 0.139306 206.162152
1123 0.143779 206.306047
1124 0.139544 206.445706
1125 0.142346 206.588168
1126 0.138795 206.727077
1127 0.142588 206.869772
1128 0.138844 207.008737
1129 0.144027 207.152876
1130 0.142144 207.295138
1131 0.149471 207.444733
1132 0.145055 207.589912
1133 0.148862 207.738893
1134 0.145504 207.884532
1135 0.14828 208.032938
1136 0.139367 208.172429
1137 0.150854 208.323406
1138 0.142806 208.466335
1139 0.145498 208.611954
1140 0.139987 208.752065
1141 0.14256 208.894745
1142 0.138189 209.033051
1143 0.144741 209.177909
1144 0.137399 209.315413
1145 0.143716 209.459231
1146 0.139866 209.599223
1147 0.144157 209.743508
1148 0.14067 209.884298
1149 0.144638 210.029056
1150 0.136613 210.165789
1151 0.140945 210.306853
1152 0.136572 210.443542
1153 0.140707 210.584362
1154 0.136466 210.72095
1155 0.14107 210.862129
1156 0.137058 210.999309
1157 0.141915 211.14134
1158 0.14929 211.290757
1159 0.142872 211.433749
1160 0.135869 211.569734
1161 0.141714 211.711568
1162 0.13781 211.8495
1163 0.141471 211.991097
1164 0.136134 212.127348
1165 0.140578 212.268039
1166 0.135287 212.40345
1167 0.14056 212.544129
1168 0.137914 212.682164
1169 0.152638 212.834922
1170 0.139396 212.974447
1171 0.144284 213.118851
1172 0.143078 213.262042
1173 0.146683 213.408848
1174 0.139298 213.548271
1175 0.14625 213.694649
1176 0.137876 213.832643
1177 0.142389 213.975155
1178 0.136183 214.111461
1179 0.140147 214.251724
1180 0.134335 214.386184
1181 0.140224 214.526531
1182 0.134615 214.66126
1183 0.13929 214.800663
1184 0.134334 214.935115
1185 0.139132 215.07436
1186 0.133934 215.208412
1187 0.139337 215.347866
1188 0.133839 215.481821
1189 0.138995 215.620934
1190 0.134118 215.755161
1191 0.140082 215.89536
1192 0.134598 216.030073
1193 0.140033 216.170222
1194 0.135397 216.30574
1195 0.139098 216.444955
1196 0.13494 216.580016
1197 0.147859 216.727992
1198 0.13931 216.867428
1199 0.139531 217.007079
1200 0.134204 217.141398
1201 0.137586 217.279105
1202 0.133658 217.412882
1203 0.138358 217.551356
1204 0.133701 217.685174
1205 0.137937 217.823227
1206 0.133744 217.957081
1207 0.137609 218.094808
1208 0.133343 218.228267
1209 0.136522 218.364898
1210 0.134014 218.499028
1211 0.137785 218.636925
1212 0.132963 218.770004
1213 0.136384 218.906506
1214 0.133321 219.039942
1215 0.136982 219.177063
1216 0.133087 219.310268
1217 0.137339 219.447721
1218 0.132521 219.580362
1219 0.136644 219.717121
1220 0.133417 219.850646
1221 0.137393 219.988157
1222 0.132656 220.120926
1223 0.136889 220.257924
1224 0.132366 220.390408
1225 0.13755 220.528071
1226 0.132302 220.660484
1227 0.138482 220.799082
1228 0.136397 220.9356
1229 0.141573 221.077296
1230 0.139297 221.216719
1231 0.141904 221.358726
1232 0.138271 221.497123
1233 0.142229 221.639473
1234 0.137185 221.776781
1235 0.138267 221.915191
1236 0.13623 222.051536
1237 0.143356 222.195021
1238 0.136228 222.331371
1239 0.139988 222.471481
1240 0.134329 222.605936
1241 0.136427 222.742481
1242 0.130526 222.873126
1243 0.135999 223.009247
1244 0.134892 223.144257
1245 0.135001 223.279378
1246 0.132308 223.411807
1247 0.137539 223.54947
1248 0.133505 223.683096
1249 0.13822 223.821437
1250 0.137083 223.958631
1251 0.144887 224.103643
1252 0.133346 224.237106
1253 0.135355 224.372582
1254 0.12952 224.502219
1255 0.135129 224.637468
1256 0.129678 224.767266
1257 0.133659 224.90104
1258 0.129143 225.030297
1259 0.135769 225.166179
1260 0.128605 225.294904
1261 0.134693 225.429711
1262 0.12967 225.559496
1263 0.134663 225.694276
1264 0.130461 225.824851
1265 0.135907 225.96088
1266 0.129696 226.090697
1267 0.135092 226.225904
1268 0.128683 226.354702
1269 0.133481 226.488306
1270 0.129548 226.617977
1271 0.14108 226.759176
1272 0.138762 226.898062
1273 0.134723 227.03291
1274 0.134053 227.167083
1275 0.140301 227.307512
1276 0.134289 227.441925
1277 0.142014 227.58406
1278 0.130645 227.714829
1279 0.136228 227.851172
1280 0.130186 227.98148
1281 0.134752 228.116351
1282 0.12838 228.244842
1283 0.132065 228.37703
1284 0.128093 228.50524
1285 0.132841 228.638197
1286 0.12859 228.766904
1287 0.13198 228.899
1288 0.127942 229.027063
1289 0.131862 229.159035
1290 0.127706 229.286859
1291 0.132483 229.419459
1292 0.127643 229.547208
1293 0.131162 229.678484
1294 0.12758 229.806193
1295 0.133279 229.939591
1296 0.128972 230.068682
1297 0.131756 230.200558
1298 0.128523 230.329198
1299 0.141023 230.470337
1300 0.130562 230.601025
1301 0.132745 230.733888
1302 0.127343 230.861347
1303 0.132148 230.993612
1304 0.127891 231.121619
1305 0.131761 231.253489
1306 0.127074 231.380683
1307 0.13075 231.51155
1308 0.126903 231.638571
1309 0.130913 231.7696
1310 0.127086 231.896802
1311 0.129595 232.026523
1312 0.12677 232.153404
1313 0.13013 232.28365
1314 0.126782 232.410549
1315 0.130622 232.541286
1316 0.126492 232.667894
1317 0.129849 232.797861
1318 0.126598 232.924574
1319 0.130182 233.054863
1320 0.12671 233.18169
1321 0.130189 233.311999
1322 0.125879 233.437997
1323 0.12999 233.568101
1324 0.125945 233.694165
1325 0.130138 233.824416
1326 0.126502 233.951028
1327 0.130039 234.081182
1328 0.124528 234.205829
1329 0.130373 234.336317
1330 0.125885 234.462317
1331 0.130062 234.592494
1332 0.125435 234.718044
1333 0.131961 234.850113
1334 0.129711 234.979959
1335 0.135697 235.115788
1336 0.131207 235.24711
1337 0.134746 235.381977
1338 0.131361 235.513464
1339 0.134995 235.648581
1340 0.129076 235.777781
1341 0.13178 235.909684
1342 0.129166 236.038973
1343 0.136758 236.175858
1344 0.128234 236.304223
1345 0.131978 236.436267
1346 0.128188 236.56458
1347 0.128879 236.693581
1348 0.124346 236.818043
1349 0.129061 236.947215
1350 0.124645 237.071981
1351 0.131039 237.203142
1352 0.124025 237.327285
1353 0.129997 237.457393
1354 0.124699 237.582215
1355 0.137846 237.720186
1356 0.130196 237.850498
1357 0.129245 237.979862
1358 0.126021 238.106001
1359 0.13029 238.236408
1360 0.123391 238.359921
1361 0.127283 238.487323
1362 0.12338 238.61082
1363 0.127874 238.738811
1364 0.12287 238.861797
1365 0.127 238.988915
1366 0.122555 239.111587
1367 0.128106 239.239811
1368 0.123215 239.363142
1369 0.126878 239.490129
1370 0.12378 239.614023
1371 0.127651 239.741798
1372 0.123462 239.865384
1373 0.126072 239.991581
1374 0.122186 240.113892
1375 0.134284 240.248314
1376 0.131363 240.379805
1377 0.127642 240.507571
1378 0.130554 240.638249
1379 0.129664 240.768035
1380 0.123955 240.892108
1381 0.127846 241.020093
1382 0.124457 241.14466
1383 0.128477 241.273253
1384 0.128781 241.402156
1385 0.125529 241.527799
1386 0.12186 241.649769
1387 0.126069 241.775951
1388 0.120945 241.897012
1389 0.126033 242.023158
1390 0.121833 242.145101
1391 0.125554 242.270769
1392 0.12095 242.391837
1393 0.125075 242.517026
1394 0.121548 242.638683
1395 0.12491 242.763703
1396 0.120743 242.884563
1397 0.126616 243.011297
1398 0.122138 243.133552
1399 0.125974 243.259641
1400 0.122315 243.382075
1401 0.125256 243.50745
1402 0.123756 243.631322
1403 0.133267 243.764715
1404 0.121183 243.886017
1405 0.124863 244.010998
1406 0.120999 244.132112
1407 0.12455 244.256774
1408 0.120671 244.377569
1409 0.124267 244.501949
1410 0.120634 244.622699
1411 0.123846 244.746651
1412 0.120463 244.867229
1413 0.12392 244.991264
1414 0.119605 245.110984
1415 0.123979 245.235087
1416 0.120124 245.355333
1417 0.123963 245.479413
1418 0.120677 245.600209
1419 0.123801 245.724125
1420 0.119078 245.843311
1421 0.122855 245.96628
1422 0.118936 246.085332
1423 0.123571 246.209021
1424 0.122221 246.331357
1425 0.128437 246.459919
1426 0.125605 246.585649
1427 0.128117 246.713893
1428 0.125518 246.839537
1429 0.126931 246.966593
1430 0.1219 247.088618
1431 0.129555 247.218297
1432 0.123771 247.342183
1433 0.126908 247.469216
1434 0.119236 247.588577
1435 0.123462 247.712156
1436 0.121958 247.834234
1437 0.122928 247.957278
1438 0.120005 248.077403
1439 0.124301 248.20183
1440 0.12189 248.323841
1441 0.123859 248.44781
1442 0.120989 248.568915
1443 0.124562 248.693598
1444 0.118833 248.812549
1445 0.121767 248.934433
1446 0.118098 249.052645
1447 0.121382 249.174144
1448 0.117433 249.291699
1449 0.121399 249.413212
1450 0.124757 249.538087
1451 0.127727 249.665938
1452 0.118041 249.784098
1453 0.122192 249.906409
1454 0.118062 250.024584
1455 0.121818 250.146509
1456 0.118383 250.265009
1457 0.122531 250.387672
1458 0.118005 250.505805
1459 0.122332 250.628255
1460 0.117857 250.746211
1461 0.120485 250.866813
1462 0.11702 250.983957
1463 0.125555 251.109636
1464 0.126118 251.235879
1465 0.122651 251.358648
1466 0.123517 251.482284
1467 0.125367 251.607777
1468 0.119211 251.727114
1469 0.128068 251.855295
1470 0.118723 251.974143
1471 0.122464 252.096727
1472 0.118378 252.215225
1473 0.120938 252.336276
1474 0.117018 252.453411
1475 0.119633 252.573162
1476 0.115782 252.689062
1477 0.119722 252.808898
1478 0.116302 252.925315
1479 0.119986 253.045409
1480 0.115005 253.160531
1481 0.118943 253.279591
1482 0.115722 253.395431
1483 0.118852 253.514397
1484 0.116331 253.630844
1485 0.11882 253.749778
1486 0.115616 253.86551
1487 0.119486 253.985111
1488 0.115782 254.101008
1489 0.120339 254.221463
1490 0.116538 254.338112
1491 0.120132 254.458362
1492 0.116694 254.575174
1493 0.128747 254.70405
1494 0.117163 254.821336
1495 0.119225 254.940668
1496 0.115531 255.056316
1497 0.119678 255.176116
1498 0.115166 255.2914
1499 0.11874 255.410253
1500 0.115343 255.525715
1501 0.11809 255.643917
1502 0.115238 255.759268
1503 0.118303 255.877689
1504 0.114225 255.992032
1505 0.118327 256.110474
1506 0.115055 256.225646
1507 0.118022 256.343776
1508 0.11476 256.458649
1509 0.118487 256.577252
1510 0.114345 256.691714
1511 0.117259 256.809086
1512 0.115046 256.92425
1513 0.117444 257.041801
1514 0.114474 257.156389
1515 0.117291 257.273794
1516 0.114373 257.388285
1517 0.117817 257.506217
1518 0.114476 257.620807
1519 0.116942 257.737865
1520 0.113349 257.851332
1521 0.116429 257.967876
1522 0.114617 258.08261
1523 0.119783 258.202519
1524 0.117853 258.320497
1525 0.122262 258.442874
1526 0.118755 258.561757
1527 0.122423 258.684305
1528 0.119702 258.804133
1529 0.120921 258.925176
1530 0.114263 259.039559
1531 0.120669 259.16035
1532 0.11891 259.279388
1533 0.121133 259.400644
1534 0.115371 259.516137
1535 0.117961 259.634218
1536 0.113692 259.74803
1537 0.115751 259.8639
1538 0.113699 259.97772
1539 0.117909 260.09575
1540 0.113725 260.20959
1541 0.117319 260.327028
1542 0.113939 260.441086
1543 0.118578 260.559784
1544 0.113289 260.673201
1545 0.118239 260.791558
1546 0.122019 260.913727
1547 0.119031 261.032884
1548 0.115068 261.148073
1549 0.114759 261.262951
1550 0.112364 261.375432
1551 0.115098 261.490646
1552 0.111334 261.602097
1553 0.115169 261.71738
1554 0.111683 261.829173
1555 0.115068 261.944352
1556 0.112478 262.056946
1557 0.115098 262.172161
1558 0.111847 262.284126
1559 0.113862 262.398106
1560 0.112634 262.510857
1561 0.115824 262.626807
1562 0.112757 262.739682
1563 0.114885 262.854685
1564 0.111769 262.966572
1565 0.114113 263.080806
1566 0.110882 263.19182
1567 0.117345 263.309283
1568 0.119738 263.429144
1569 0.118776 263.548045
1570 0.112226 263.660391
1571 0.120915 263.781431
1572 0.113973 263.89553
1573 0.118403 264.014051
1574 0.116756 264.130933
1575 0.114328 264.245379
1576 0.112448 264.357947
1577 0.115777 264.473845
1578 0.11157 264.585536
1579 0.113397 264.69905
1580 0.110127 264.809292
1581 0.113372 264.92278
1582 0.110502 265.033392
1583 0.113663 265.147169
1584 0.109342 265.256626
1585 0.112112 265.368854
1586 0.108949 265.477925
1587 0.112841 265.590883
1588 0.108947 265.699945
1589 0.113092 265.813158
1590 0.108747 265.922027
1591 0.111902 266.034037
1592 0.110109 266.14426
1593 0.113254 266.257627
1594 0.110678 266.368419
1595 0.113037 266.481574
1596 0.110818 266.592512
1597 0.121872 266.714508
1598 0.111026 266.825655
1599 0.113472 266.939238
1600 0.110122 267.049479
1601 0.111978 267.161575
1602 0.109323 267.271018
1603 0.112729 267.383864
1604 0.109189 267.493171
1605 0.112278 267.605562
1606 0.109502 267.715181
1607 0.112037 267.827326
1608 0.108846 267.936283
1609 0.111751 268.048148
1610 0.108836 268.157099
1611 0.11197 268.269185
1612 0.108772 268.378075
1613 0.111496 268.489687
1614 0.108466 268.59827
1615 0.110545 268.708934
1616 0.10934 268.818392
1617 0.110264 268.928763
1618 0.108675 269.037558
1619 0.1103 269.147969
1620 0.10815 269.25624
1621 0.110114 269.36647
1622 0.107985 269.474571
1623 0.110623 269.585316
1624 0.107922 269.693358
1625 0.110807 269.80428
1626 0.108668 269.913064
1627 0.110842 270.024023
1628 0.107124 270.131258
1629 0.110855 270.242226
1630 0.108826 270.351167
1631 0.112934 270.464223
1632 0.110551 270.574898
1633 0.116055 270.691066
1634 0.111564 270.802757
1635 0.115554 270.918434
1636 0.113018 271.031578
1637 0.113799 271.145509
1638 0.108507 271.25415
1639 0.124188 271.378462
1640 0.124308 271.502897
1641 0.124024 271.627043
1642 0.120231 271.747398
1643 0.121672 271.869195
1644 0.117222 271.986539
1645 0.120141 272.106803
1646 0.116975 272.223901
1647 0.122234 272.346243
1648 0.116271 272.462634
1649 0.12172 272.584477
1650 0.117269 272.70187
1651 0.128536 272.830524
1652 0.122403 272.953051
1653 0.119462 273.072636
1654 0.118573 273.191333
1655 0.120244 273.311693
1656 0.11686 273.428674
1657 0.11786 273.546647
1658 0.115289 273.662051
1659 0.118563 273.780731
1660 0.114229 273.89508
1661 0.118557 274.013755
1662 0.114359 274.128233
1663 0.118586 274.246932
1664 0.115947 274.363002
1665 0.118228 274.481348
1666 0.114884 274.596352
1667 0.120508 274.716977
1668 0.124709 274.841807
1669 0.119874 274.961808
1670 0.116269 275.078201
1671 0.117468 275.195792
1672 0.115751 275.311664
1673 0.116227 275.42801
1674 0.113496 275.541616
1675 0.117723 275.659455
1676 0.116286 275.775864
1677 0.123752 275.899735
1678 0.122405 276.022262
1679 0.120938 276.14331
1680 0.120224 276.263665
1681 0.121091 276.384884
1682 0.114724 276.499724
1683 0.118426 276.618264
1684 0.115663 276.734038
1685 0.118394 276.852546
1686 0.113947 276.966611
1687 0.116244 277.082973
1688 0.112811 277.195902
1689 0.115291 277.311308
1690 0.11321 277.424631
1691 0.115159 277.539898
1692 0.112514 277.652528
1693 0.11548 277.768122
1694 0.111925 277.880163
1695 0.115041 277.995324
1696 0.11321 278.10865
1697 0.115215 278.223978
1698 0.112474 278.336563
1699 0.114628 278.451305
1700 0.112503 278.563923
1701 0.116801 278.680841
1702 0.113071 278.794038
1703 0.115576 278.909728
1704 0.113199 279.023045
1705 0.115406 279.138563
1706 0.114364 279.253041
1707 0.122775 279.375942
1708 0.112962 279.489031
1709 0.114626 279.603774
1710 0.112118 279.716008
1711 0.114678 279.830817
1712 0.11103 279.941961
1713 0.113628 280.055691
1714 0.111384 280.167191
1715 0.113921 280.281226
1716 0.11125 280.392593
1717 0.112754 280.50546
1718 0.111654 280.617231
1719 0.113301 280.730639
1720 0.111066 280.841818
1721 0.112914 280.954847
1722 0.11051 281.065474
1723 0.113561 281.179149
1724 0.110878 281.29014
1725 0.112741 281.402996
1726 0.110107 281.513218
1727 0.112976 281.626309
1728 0.110151 281.736568
1729 0.112038 281.84872
1730 0.109726 281.958561
1731 0.112319 282.070994
1732 0.110102 282.181213
1733 0.111881 282.293212
1734 0.110591 282.403917
1735 0.112144 282.516174
1736 0.109237 282.62552
1737 0.113517 282.739136
1738 0.114262 282.85352
1739 0.116949 282.970593
1740 0.113843 283.084562
1741 0.116154 283.200839
1742 0.11549 283.316468
1743 0.115209 283.431792
1744 0.112921 283.544838
1745 0.111919 283.656889
1746 0.114214 283.771228
1747 0.117114 283.888471
1748 0.112435 284.00103
1749 0.114196 284.115346
1750 0.108582 284.224045
1751 0.111321 284.335477
1752 0.10881 284.444405
1753 0.110381 284.554899
1754 0.11253 284.667551
1755 0.110793 284.778461
1756 0.109607 284.888189
1757 0.111691 285.000002
1758 0.109435 285.109557
1759 0.111679 285.221357
1760 0.110124 285.33159
1761 0.114305 285.446016
1762 0.116186 285.562329
1763 0.112632 285.675085
1764 0.108518 285.783724
1765 0.109233 285.893075
1766 0.106985 286.000176
1767 0.108747 286.109037
1768 0.10668 286.215832
1769 0.10892 286.32486
1770 0.106469 286.431462
1771 0.108632 286.540204
1772 0.107119 286.647435
1773 0.109235 286.756788
1774 0.105951 286.862861
1775 0.109064 286.97204
1776 0.106192 287.078349
1777 0.109557 287.188024
1778 0.107323 287.295467
1779 0.109081 287.404671
1780 0.106939 287.511727
1781 0.107778 287.619628
1782 0.105991 287.725731
1783 0.108246 287.834091
1784 0.109164 287.943372
1785 0.116571 288.060068
1786 0.107909 288.168084
1787 0.109736 288.277941
1788 0.111777 288.389845
1789 0.111098 288.501066
1790 0.10783 288.609014
1791 0.114712 288.723844
1792 0.106969 288.830937
1793 0.109168 288.940222
1794 0.106372 289.046712
1795 0.108703 289.155534
1796 0.104768 289.260419
1797 0.1065 289.367037
1798 0.104421 289.471575
1799 0.106701 289.578392
1800 0.10437 289.682878
1801 0.10628 289.789278
1802 0.104121 289.893513
1803 0.106691 290.000319
1804 0.103612 290.104049
1805 0.106359 290.210524
1806 0.104072 290.314714
1807 0.105455 290.420282
1808 0.103631 290.524022
1809 0.105938 290.630069
1810 0.103655 290.733822
1811 0.105995 290.839929
1812 0.1046 290.944643
1813 0.106112 291.050876
1814 0.103978 291.154973
1815 0.105706 291.260798
1816 0.104531 291.365455
1817 0.107261 291.472842
1818 0.112565 291.585567
1819 0.107708 291.693401
1820 0.103241 291.796757
1821 0.105441 291.902324
1822 0.103386 292.005824
1823 0.105628 292.111566
1824 0.102186 292.213869
1825 0.104109 292.318096
1826 0.102347 292.42055
1827 0.105223 292.52588
1828 0.102481 292.628471
1829 0.104822 292.733407
1830 0.101832 292.835351
1831 0.104512 292.939973
1832 0.102242 293.042329
1833 0.104201 293.146644
1834 0.10148 293.248239
1835 0.103889 293.352242
1836 0.101398 293.453754
1837 0.103881 293.55775
1838 0.101825 293.659692
1839 0.103123 293.762931
1840 0.101791 293.864841
1841 0.103502 293.968467
1842 0.101627 294.070213
1843 0.103389 294.173719
1844 0.101325 294.275161
1845 0.103198 294.378476
1846 0.100964 294.479556
1847 0.103709 294.583382
1848 0.1016 294.685101
1849 0.103085 294.788304
1850 0.10088 294.889299
1851 0.1039 294.993314
1852 0.102695 295.096132
1853 0.107067 295.203324
1854 0.105857 295.309301
1855 0.106376 295.415802
1856 0.1033 295.51922
1857 0.107699 295.627033
1858 0.103399 295.730556
1859 0.112199 295.842879
1860 0.105959 295.948963
1861 0.112379 296.061463
1862 0.111168 296.172756
1863 0.11148 296.284371
1864 0.108244 296.392741
1865 0.109604 296.502465
1866 0.10564 296.608231
1867 0.107447 296.715801
1868 0.10425 296.820163
1869 0.107827 296.928101
1870 0.104823 297.033044
1871 0.107733 297.140893
1872 0.105981 297.246997
1873 0.107936 297.355058
1874 0.107509 297.462689
1875 0.107647 297.570456
1876 0.106069 297.676668
1877 0.114922 297.791719
1878 0.108522 297.900365
1879 0.108331 298.008813
1880 0.104677 298.113619
1881 0.105379 298.219114
1882 0.10343 298.322653
1883 0.105207 298.427967
1884 0.1031 298.531179
1885 0.105068 298.636357
1886 0.10286 298.739331
1887 0.10465 298.844092
1888 0.103546 298.947753
1889 0.104277 299.052148
1890 0.102766 299.155031
1891 0.104991 299.260138
1892 0.103377 299.36363
1893 0.104774 299.468523
1894 0.103332 299.571973
1895 0.104904 299.677001
1896 0.103171 299.780294
1897 0.104135 299.884551
1898 0.102144 299.986817
1899 0.104174 300.09113
1900 0.104859 300.196107
1901 0.112479 300.30871
1902 0.107164 300.416002
1903 0.104419 300.520535
1904 0.105373 300.626022
1905 0.109723 300.735869
1906 0.106695 300.842685
1907 0.110222 300.953026
1908 0.102237 301.055388
1909 0.104975 301.160483
1910 0.103199 301.263802
1911 0.105006 301.368929
1912 0.101993 301.471041
1913 0.102888 301.574046
1914 0.100527 301.67469
1915 0.102832 301.777646
1916 0.099946 301.877715
1917 0.101881 301.979715
1918 0.099665 302.079497
1919 0.102323 302.181937
1920 0.099757 302.281813
1921 0.101896 302.383826
1922 0.099404 302.483349
1923 0.101344 302.58481
1924 0.100256 302.685192
1925 0.101564 302.786873
1926 0.099541 302.886532
1927 0.101415 302.988064
1928 0.099184 303.087363
1929 0.102622 303.190103
1930 0.100244 303.290463
1931 0.10167 303.392246
1932 0.099519 303.491882
1933 0.10959 303.601592
1934 0.101481 303.703197
1935 0.100911 303.804224
1936 0.099902 303.904241
1937 0.10043 304.004786
1938 0.099425 304.104333
1939 0.100651 304.205099
1940 0.099857 304.305072
1941 0.100335 304.405524
1942 0.09843 304.504069
1943 0.099086 304.603272
1944 0.098271 304.701658
1945 0.099915 304.801688
1946 0.09806 304.899864
1947 0.100019 304.999997
1948 0.097429 305.097541
1949 0.099883 305.197541
1950 0.097884 305.295543
1951 0.099719 305.395378
1952 0.097449 305.492944
1953 0.099448 305.592507
1954 0.097149 305.689772
1955 0.099253 305.78914
1956 0.097614 305.886871
1957 0.102506 305.989495
1958 0.100714 306.090324
1959 0.102254 306.192694
1960 0.100656 306.293466
1961 0.101847 306.395428
1962 0.100019 306.495561
1963 0.102079 306.597757
1964 0.099741 306.697616
1965 0.102686 306.800417
1966 0.100029 306.900565
1967 0.101174 307.00186
1968 0.099466 307.101441
1969 0.101683 307.203239
1970 0.101108 307.304462
1971 0.104948 307.409531
1972 0.104222 307.513882
1973 0.10555 307.619555
1974 0.102992 307.722664
1975 0.10605 307.828832
1976 0.104191 307.933175
1977 0.104119 308.037419
1978 0.100878 308.138424
1979 0.101424 308.239969
1980 0.103894 308.343989
1981 0.103789 308.447905
1982 0.101796 308.549827
1983 0.102595 308.652546
1984 0.09965 308.752331
1985 0.098966 308.851417
1986 0.097643 308.949181
1987 0.09959 309.048892
1988 0.09846 309.147472
1989 0.100368 309.247963
1990 0.097523 309.345601
1991 0.099549 309.445264
1992 0.0985 309.543889
1993 0.100364 309.644372
1994 0.104569 309.749065
1995 0.102727 309.85192
1996 0.097717 309.94976
1997 0.100379 310.050254
1998 0.097499 310.147875
1999 0.099898 310.247894
2000 0.095913 310.343931
2001 0.099349 310.443396
2002 0.097833 310.541343
2003 0.099458 310.640915
2004 0.097731 310.738747
2005 0.099118 310.837979
2006 0.097617 310.935709
2007 0.098108 311.033928
2008 0.097163 311.131203
2009 0.099495 311.23081
2010 0.09761 311.328532
2011 0.098706 311.427349
2012 0.097046 311.524506
2013 0.099626 311.624243
2014 0.096667 311.721025
2015 0.097722 311.818858
2016 0.096718 311.915687
2017 0.100484 312.016289
2018 0.099317 312.115724
2019 0.107501 312.22334
2020 0.107663 312.331127
2021 0.101187 312.432439
2022 0.101496 312.534053
2023 0.106748 312.64092
2024 0.103006 312.744046
2025 0.104838 312.849004
2026 0.100845 312.94997
2027 0.100204 313.050292
2028 0.099841 313.150254
2029 0.100573 313.250949
2030 0.097941 313.349006
2031 0.098441 313.447561
2032 0.097747 313.545421
2033 0.098659 313.644193
2034 0.097209 313.741516
2035 0.098409 313.840038
2036 0.096207 313.936358
2037 0.098164 314.034634
2038 0.096783 314.131527
2039 0.096978 314.228616
2040 0.096256 314.324981
2041 0.096942 314.422055
2042 0.096214 314.518377
2043 0.097206 314.61569
2044 0.096071 314.711869
2045 0.096641 314.808629
2046 0.095921 314.904665
2047 0.097907 315.002694
2048 0.096019 315.09883
2049 0.101422 315.200369
2050 0.10166 315.302152
2051 0.097296 315.399563
2052 0.095813 315.495493
2053 0.096315 315.591926
2054 0.09545 315.687491
2055 0.096705 315.784316
2056 0.095484 315.879919
2057 0.095664 315.975701
2058 0.094628 316.070448
2059 0.095486 316.16605
2060 0.094173 316.260338
2061 0.096396 316.356853
2062 0.093709 316.450686
2063 0.095113 316.545914
2064 0.094099 316.64013
2065 0.09473 316.734972
2066 0.093481 316.828564
2067 0.09446 316.923133
2068 0.093716 317.016958
2069 0.094437 317.111525
2070 0.092834 317.204476
2071 0.094621 317.299212
2072 0.093236 317.392563
2073 0.094383 317.487061
2074 0.093148 317.580325
2075 0.094177 317.674618
2076 0.092422 317.767158
2077 0.093931 317.861206
2078 0.092525 317.953849
2079 0.094018 318.047983
2080 0.09155 318.139647
2081 0.09417 318.233928
2082 0.095282 318.329332
2083 0.09841 318.427866
2084 0.096002 318.523992
2085 0.096237 318.62035
2086 0.097071 318.717537
2087 0.095955 318.813613
2088 0.09405 318.907787
2089 0.093619 319.00153
2090 0.096441 319.098093
2091 0.0951 319.193316
2092 0.094483 319.287914
2093 0.096741 319.384778
2094 0.091183 319.476091
2095 0.091891 319.568103
2096 0.09149 319.659715
2097 0.093488 319.753324
2098 0.090344 319.843788
2099 0.090627 319.934533
2100 0.090682 320.025318
2101 0.093106 320.118545
2102 0.091634 320.210288
2103 0.099613 320.310024
2104 0.094637 320.404787
2105 0.090908 320.495826
2106 0.091047 320.586988
2107 0.092055 320.679163
2108 0.090215 320.769501
2109 0.09026 320.85988
2110 0.088998 320.948995
2111 0.089768 321.038878
2112 0.088355 321.127347
2113 0.089306 321.216764
2114 0.088125 321.305008
2115 0.089435 321.394556
2116 0.088226 321.482896
2117 0.088974 321.571989
2118 0.086825 321.658931
2119 0.088736 321.74778
2120 0.087217 321.835111
2121 0.088009 321.923234
2122 0.087405 322.010747
2123 0.089933 322.100795
2124 0.095355 322.196302
2125 0.09033 322.286761
2126 0.087242 322.37412
2127 0.088565 322.462801
2128 0.086529 322.549454
2129 0.088857 322.638434
2130 0.086672 322.725224
2131 0.087428 322.812762
2132 0.086429 322.899321
2133 0.086877 322.986319
2134 0.08551 323.07195
2135 0.086007 323.158075
2136 0.084987 323.243183
2137 0.086186 323.329487
2138 0.086969 323.416587
2139 0.09262 323.509321
2140 0.092886 323.602332
2141 0.08828 323.690731
2142 0.086245 323.777093
2143 0.089812 323.867033
2144 0.090295 323.957454
2145 0.086996 324.044571
2146 0.086642 324.131342
2147 0.085811 324.21727
2148 0.084945 324.302325
2149 0.086113 324.388557
2150 0.084783 324.473459
2151 0.085375 324.558954
2152 0.084685 324.643759
2153 0.08442 324.728299
2154 0.083127 324.811538
2155 0.0841 324.895755
2156 0.083023 324.978893
2157 0.083757 325.062767
2158 0.082064 325.144946
2159 0.083748 325.228809
2160 0.090852 325.319803
2161 0.085205 325.405122
2162 0.082094 325.48733
2163 0.083026 325.570474
2164 0.081208 325.651801
2165 0.081969 325.733885
2166 0.081073 325.815072
2167 0.08225 325.897432
2168 0.081045 325.978593
2169 0.082112 326.060822
2170 0.080448 326.141397
2171 0.081787 326.223299
2172 0.080833 326.304241
2173 0.081688 326.386045
2174 0.08099 326.467155
2175 0.081557 326.54883
2176 0.080982 326.629936
2177 0.08176 326.711811
2178 0.080594 326.792524
2179 0.081779 326.874421
2180 0.080023 326.954564
2181 0.081327 327.03601
2182 0.080756 327.116881
2183 0.081295 327.198286
2184 0.080062 327.278475
2185 0.07998 327.358579
2186 0.079946 327.438642
2187 0.079483 327.518239
2188 0.085497 327.603846
2189 0.086752 327.69072
2190 0.081246 327.772088
2191 0.079479 327.851685
2192 0.079202 327.931002
2193 0.079754 328.010867
2194 0.078704 328.089684
2195 0.079438 328.169233
2196 0.077556 328.246903
2197 0.079043 328.326061
2198 0.077554 328.403723
2199 0.078332 328.482169
2200 0.076963 328.559248
2201 0.078949 328.638312
2202 0.077298 328.715723
2203 0.078364 328.794195
2204 0.077536 328.871844
2205 0.077686 328.949647
2206 0.077095 329.026876
2207 0.076984 329.103968
2208 0.077123 329.181205
2209 0.077108 329.258431
2210 0.076442 329.334988
2211 0.076748 329.411847
2212 0.076539 329.488504
2213 0.076657 329.56526
2214 0.076401 329.641776
2215 0.076101 329.717991
2216 0.07608 329.794179
2217 0.077132 329.871424
2218 0.076003 329.947542
2219 0.07697 330.024625
2220 0.075243 330.099976
2221 0.075913 330.176003
2222 0.075574 330.251695
2223 0.07607 330.32788
2224 0.075255 330.403245
2225 0.076012 330.479369
2226 0.075072 330.554557
2227 0.076424 330.631097
2228 0.075134 330.706331
2229 0.075633 330.782077
2230 0.074246 330.856441
2231 0.075244 330.9318
2232 0.073904 331.005815
2233 0.075358 331.081286
2234 0.074556 331.155958
2235 0.074955 331.231028
2236 0.074366 331.305507
2237 0.0742 331.379821
2238 0.073982 331.453919
2239 0.074849 331.528884
2240 0.074785 331.60379
2241 0.078316 331.682227
2242 0.075747 331.7581
2243 0.078973 331.837196
2244 0.078883 331.916203
2245 0.077014 331.993333
2246 0.077352 332.070807
2247 0.076787 332.147719
2248 0.077984 332.225827
2249 0.076531 332.30248
2250 0.077381 332.379991
2251 0.076975 332.457098
2252 0.075784 332.533009
2253 0.074985 332.608119
2254 0.073377 332.681619
2255 0.075035 332.75678
2256 0.07772 332.834644
2257 0.077467 332.912237
2258 0.075271 332.987635
2259 0.076502 333.064259
2260 0.074282 333.138607
2261 0.074464 333.213198
2262 0.076119 333.28944
2263 0.072371 333.361927
2264 0.072049 333.434093
2265 0.071745 333.505954
2266 0.071665 333.577736
2267 0.071739 333.649595
2268 0.071504 333.721217
2269 0.072222 333.79355
2270 0.075361 333.869028
2271 0.070988 333.940136
2272 0.071311 334.011566
2273 0.071409 334.083097
2274 0.07161 334.15483
2275 0.072667 334.227619
2276 0.071669 334.299408
2277 0.073717 334.373244
2278 0.071084 334.444451
2279 0.070739 334.515306
2280 0.071831 334.587243
2281 0.071912 334.659277
2282 0.072078 334.731475
2283 0.071641 334.80324
2284 0.069479 334.872837
2285 0.070439 334.943402
2286 0.069196 335.012716
2287 0.070146 335.082979
2288 0.069855 335.152952
2289 0.069862 335.22293
2290 0.069352 335.292393
2291 0.069224 335.361731
2292 0.069255 335.431103
2293 0.069566 335.500779
2294 0.068954 335.569857
2295 0.069592 335.639564
2296 0.075313 335.714994
2297 0.075508 335.790619
2298 0.073542 335.864284
2299 0.069885 335.934295
2300 0.069408 336.003827
2301 0.06934 336.073281
2302 0.068908 336.142306
2303 0.068265 336.210689
2304 0.068724 336.279529
2305 0.068623 336.348271
2306 0.068942 336.417329
2307 0.069015 336.486459
2308 0.068716 336.555299
2309 0.069171 336.624595
2310 0.068151 336.692859
2311 0.068676 336.761662
2312 0.068572 336.830352
2313 0.067459 336.897929
2314 0.067808 336.965855
2315 0.06808 337.034053
2316 0.067769 337.101943
2317 0.069993 337.172054
2318 0.068038 337.240215
2319 0.074074 337.31441
2320 0.074585 337.389118
2321 0.073152 337.462402
2322 0.068586 337.531118
2323 0.070228 337.601466
2324 0.07282 337.674408
2325 0.073108 337.747641
2326 0.067888 337.815653
2327 0.070369 337.886136
2328 0.06745 337.953707
2329 0.068223 338.022049
2330 0.067455 338.089617
2331 0.067558 338.157293
2332 0.068176 338.225593
2333 0.067851 338.293563
2334 0.066812 338.360495
2335 0.066819 338.427431
2336 0.065507 338.493049
2337 0.066292 338.559454
2338 0.066542 338.626112
2339 0.065947 338.69217
2340 0.066242 338.758528
2341 0.066621 338.825263
2342 0.065957 338.891332
2343 0.066415 338.957862
2344 0.065907 339.023887
2345 0.066295 339.090292
2346 0.066058 339.156466
2347 0.065653 339.222234
2348 0.065297 339.287645
2349 0.066006 339.353768
2350 0.065722 339.419603
2351 0.065574 339.485286
2352 0.065615 339.551016
2353 0.065849 339.61698
2354 0.065468 339.682557
2355 0.065597 339.748271
2356 0.065641 339.81403
2357 0.065555 339.879703
2358 0.065252 339.945073
2359 0.06545 340.010634
2360 0.06598 340.076728
2361 0.065962 340.142804
2362 0.065397 340.208321
2363 0.065885 340.274325
2364 0.069668 340.344113
2365 0.071883 340.416122
2366 0.066755 340.482994
2367 0.065456 340.54857
2368 0.065492 340.61418
2369 0.065697 340.679995
2370 0.065403 340.74552
2371 0.064913 340.810552
2372 0.064789 340.875481
2373 0.065019 340.940619
2374 0.064357 341.005095
2375 0.065241 341.070448
2376 0.064711 341.135275
2377 0.064132 341.199526
2378 0.064084 341.263723
2379 0.06415 341.327991
2380 0.063552 341.391655
2381 0.064491 341.456259
2382 0.063714 341.520089
2383 0.064096 341.584294
2384 0.063126 341.647535
2385 0.064012 341.711663
2386 0.063916 341.775694
2387 0.063984 341.839795
2388 0.063726 341.903635
2389 0.063893 341.967641
2390 0.06279 342.030547
2391 0.064311 342.094974
2392 0.063759 342.158848
2393 0.06409 342.223052
2394 0.063135 342.286292
2395 0.064014 342.350421
2396 0.06232 342.412858
2397 0.062692 342.475685
2398 0.061517 342.537325
2399 0.060897 342.598337
2400 0.060634 342.659084
done 2400 0.050869 342.710066
