# instance ../../../instances/hadoop/hadoop_extensions/us-mid2.pn
# Settings: PN=../../../instances/hadoop/hadoop_extensions/us-mid2.pn, VN=../../../instances/hadoop/hadoop_extensions/hadoop_10_2bw.vn, multi-thread=False
init 1.9095 1.9095
1 17.818243 19.727743
2 0.375142 20.103003
3 15.274087 35.377213
4 0.409751 35.787084
5 18.68368 54.470882
6 0.407688 54.878701
7 11.976649 66.855476
8 0.404161 67.259758
9 20.610806 87.870685
10 0.410519 88.281318
11 17.166161 105.447599
12 0.397724 105.845451
13 18.996309 124.841879
14 0.411189 125.253197
15 13.205057 138.45838
16 0.39716 138.855659
17 15.257915 154.113693
18 0.40482 154.518629
19 16.334638 170.853378
20 0.39942 171.252933
21 16.91134 188.164393
22 0.395174 188.559693
23 15.40593 203.965746
24 0.396306 204.362173
25 15.66986 220.032151
26 0.399552 220.431824
27 12.767237 233.199181
28 0.389477 233.588782
29 16.28519 249.874092
30 0.390486 250.264699
31 12.41054 262.675359
32 0.393141 263.068625
33 8.469759 271.538504
34 0.392395 271.93102
35 17.25805 289.189193
36 0.38701 289.576322
37 15.417927 304.994368
38 0.388301 305.382788
39 10.954879 316.337784
40 0.381824 316.719736
41 15.059439 331.77929
42 0.38461 332.164015
43 14.217205 346.381348
44 0.388264 346.76973
45 8.562875 355.332721
46 0.377708 355.710553
47 15.173065 370.883738
48 0.3786 371.26246
49 13.003634 384.266213
50 0.375272 384.641616
51 11.541794 396.183527
52 0.376917 396.560568
53 13.459073 410.019766
54 0.379555 410.399433
55 15.407098 425.806647
56 0.378653 426.185423
57 10.453265 436.638808
58 0.378755 437.01769
59 20.339401 457.357203
60 0.376308 457.733631
61 9.410789 467.144537
62 0.372719 467.517377
63 12.372677 479.890174
64 0.371439 480.261732
65 9.372491 489.634343
66 0.378365 490.012836
67 16.338845 506.351795
68 0.362843 506.714758
69 9.652706 516.367574
70 0.373491 516.741182
71 12.795611 529.53691
72 0.37336 529.910386
73 12.787597 542.69811
74 0.3734 543.071637
75 8.285599 551.357353
76 0.369966 551.727454
77 10.438413 562.165987
78 0.365608 562.531718
79 11.637971 574.169806
80 0.3689 574.538824
81 13.560881 588.099834
82 0.361924 588.461888
83 10.720406 599.182412
84 0.363876 599.546405
85 14.804662 614.351187
86 0.357115 614.708425
87 16.750926 631.459474
88 0.36226 631.821857
89 6.271794 638.093761
90 0.358651 638.452532
91 10.465949 648.9186
92 0.353073 649.271785
93 10.495669 659.76757
94 0.355999 660.1237
95 13.940168 674.063981
96 0.357662 674.421774
97 11.149005 685.570889
98 0.350568 685.921595
99 8.989876 694.911581
100 0.357728 695.26943
101 10.180648 705.450196
102 0.350901 705.801223
103 8.120682 713.922024
104 0.34702 714.269162
105 9.861188 724.130472
106 0.352413 724.483006
107 7.364277 731.847402
108 0.349949 732.197467
109 9.781502 741.979085
110 0.344458 742.323663
111 6.748051 749.071827
112 0.342649 749.414584
113 6.859888 756.274583
114 0.3422 756.616901
115 13.321869 769.93888
116 0.339465 770.278482
117 11.33701 781.61561
118 0.341593 781.957317
119 8.89886 790.856297
120 0.336991 791.19341
121 6.468005 797.661531
122 0.341362 798.003014
123 9.004733 807.007873
124 0.340819 807.348815
125 7.165517 814.51445
126 0.337428 814.852002
127 7.883087 822.735152
128 0.335067 823.07035
129 7.120218 830.190686
130 0.333834 830.524638
131 10.755403 841.280158
132 0.338256 841.618532
133 7.706959 849.3256
134 0.337175 849.662889
135 7.829285 857.492304
136 0.333711 857.826133
137 10.020235 867.846495
138 0.333264 868.179883
139 7.391404 875.571409
140 0.327509 875.899036
141 7.286043 883.185198
142 0.328417 883.513739
143 9.956987 893.470842
144 0.326006 893.796977
145 7.325716 901.122808
146 0.331998 901.454938
147 4.846699 906.301758
148 0.32458 906.626456
149 9.780684 916.407263
150 0.328589 916.735974
151 8.74678 925.482873
152 0.330606 925.813608
153 9.654197 935.467916
154 0.321499 935.789543
155 8.724963 944.514621
156 0.320548 944.83528
157 8.796508 953.631909
158 0.320104 953.952136
159 6.6963 960.648555
160 0.320625 960.9693
161 7.488483 968.457898
162 0.317567 968.775599
163 7.514354 976.290074
164 0.317582 976.607772
165 8.026144 984.634034
166 0.315454 984.949608
167 5.455448 990.405198
168 0.314647 990.719962
169 6.042304 996.762374
170 0.313063 997.075564
171 6.096723 1003.172403
172 0.315937 1003.488471
173 7.763277 1011.251865
174 0.30752 1011.559505
175 8.995335 1020.554961
176 0.313852 1020.868931
177 7.780791 1028.649851
178 0.307774 1028.957746
179 7.631185 1036.58905
180 0.316306 1036.905476
181 6.167979 1043.07357
182 0.30821 1043.381896
183 5.001866 1048.383881
184 0.305676 1048.689689
185 4.918765 1053.608571
186 0.30453 1053.913225
187 5.689477 1059.602812
188 0.306189 1059.909131
189 5.609241 1065.518491
190 0.308914 1065.827518
191 6.866141 1072.693776
192 0.302255 1072.996155
193 4.701725 1077.697998
194 0.305929 1078.004057
195 8.60023 1086.604408
196 0.303659 1086.908198
197 8.139556 1095.047875
198 0.30037 1095.348373
199 5.343233 1100.691727
200 0.299273 1100.991128
201 4.492996 1105.484243
202 0.296963 1105.781329
203 5.837668 1111.619124
204 0.299934 1111.919185
205 5.010337 1116.929633
206 0.291488 1117.221246
207 4.376362 1121.597723
208 0.294386 1121.892227
209 4.44775 1126.340105
210 0.29313 1126.633353
211 4.201754 1130.835223
212 0.294764 1131.1301
213 5.953907 1137.084123
214 0.292312 1137.376549
215 4.687311 1142.06399
216 0.285828 1142.349937
217 6.503316 1148.853368
218 0.290936 1149.144439
219 4.658963 1153.80352
220 0.288282 1154.091919
221 5.488219 1159.580254
222 0.29024 1159.870613
223 4.948842 1164.819574
224 0.285751 1165.105438
225 3.398014 1168.50357
226 0.285671 1168.789358
227 4.329266 1173.11874
228 0.303841 1173.422695
229 4.733501 1178.15631
230 0.301121 1178.457555
231 6.066074 1184.523753
232 0.29873 1184.822601
233 4.087157 1188.909874
234 0.300738 1189.210733
235 4.452294 1193.663158
236 0.297715 1193.961
237 4.712943 1198.674063
238 0.294913 1198.969091
239 3.19961 1202.168818
240 0.290264 1202.459203
241 7.219714 1209.679038
242 0.286823 1209.965987
243 3.974633 1213.940741
244 0.299451 1214.24032
245 3.853331 1218.093767
246 0.29392 1218.387826
247 5.092023 1223.479973
248 0.281369 1223.76147
249 4.150735 1227.912328
250 0.287351 1228.199793
251 4.62244 1232.822351
252 0.284934 1233.107405
253 3.520796 1236.62832
254 0.278627 1236.907062
255 3.767884 1240.675066
256 0.283522 1240.958716
257 3.352006 1244.310844
258 0.282649 1244.593621
259 4.272238 1248.865969
260 0.281973 1249.148062
261 4.212275 1253.360454
262 0.279217 1253.639802
263 4.730442 1258.370364
264 0.281204 1258.651693
265 3.706374 1262.358186
266 0.273674 1262.631988
267 3.773977 1266.406083
268 0.275256 1266.681458
269 3.412225 1270.093806
270 0.269657 1270.36358
271 3.141994 1273.5057
272 0.274181 1273.779998
273 4.26064 1278.040759
274 0.272429 1278.313305
275 3.244944 1281.558358
276 0.273526 1281.832005
277 3.149299 1284.981419
278 0.271441 1285.252981
279 3.320843 1288.573943
280 0.264684 1288.838753
281 3.316668 1292.155548
282 0.262318 1292.417986
283 2.775496 1295.193596
284 0.262007 1295.455727
285 2.870223 1298.326068
286 0.260036 1298.586225
287 3.028016 1301.614361
288 0.261743 1301.876221
289 2.799741 1304.676094
290 0.258436 1304.934649
291 2.862698 1307.797463
292 0.258519 1308.056112
293 2.98766 1311.04389
294 0.254541 1311.298548
295 2.799678 1314.098345
296 0.254841 1314.353307
297 2.5765 1316.929928
298 0.257394 1317.187442
299 3.003288 1320.190851
300 0.255184 1320.446168
301 2.504291 1322.950576
302 0.253068 1323.203762
303 2.799932 1326.003826
304 0.250057 1326.254004
305 2.77015 1329.024271
306 0.249554 1329.27394
307 2.67369 1331.947756
308 0.257443 1332.205329
309 2.786636 1334.992086
310 0.256096 1335.248308
311 3.247279 1338.495712
312 0.251929 1338.747762
313 2.194305 1340.942184
314 0.249981 1341.192288
315 2.605261 1343.79767
316 0.252536 1344.050324
317 2.310176 1346.36062
318 0.255881 1346.616622
319 2.028357 1348.645097
320 0.246939 1348.892152
321 2.453006 1351.345278
322 0.252126 1351.597524
323 2.146086 1353.743735
324 0.246071 1353.989935
325 1.884376 1355.874437
326 0.242455 1356.117011
327 2.200967 1358.318089
328 0.24831 1358.566516
329 1.991622 1360.55826
330 0.24883 1360.80721
331 2.182025 1362.989352
332 0.243762 1363.233238
333 2.459143 1365.692523
334 0.242457 1365.935098
335 2.080388 1368.015605
336 0.238217 1368.253935
337 2.06217 1370.316223
338 0.231533 1370.54787
339 1.740804 1372.28879
340 0.233027 1372.521934
341 1.878269 1374.400313
342 0.231688 1374.63213
343 1.968852 1376.601101
344 0.230987 1376.832205
345 1.675108 1378.507433
346 0.229039 1378.736592
347 2.046463 1380.783173
348 0.235124 1381.018414
349 1.994597 1383.013122
350 0.240777 1383.254018
351 2.006966 1385.2611
352 0.229359 1385.490578
353 1.524957 1387.015655
354 0.23126 1387.247026
355 1.448435 1388.695573
356 0.228773 1388.924468
357 1.737936 1390.662523
358 0.233567 1390.896209
359 1.476948 1392.373277
360 0.229718 1392.603116
361 1.78129 1394.384525
362 0.223817 1394.608464
363 1.606493 1396.215076
364 0.230132 1396.445326
365 1.868276 1398.313722
366 0.22084 1398.534672
367 1.946253 1400.48104
368 0.226048 1400.707209
369 1.503083 1402.210412
370 0.227267 1402.437795
371 1.515841 1403.953757
372 0.222855 1404.176727
373 1.529575 1405.706423
374 0.218958 1405.9255
375 1.316341 1407.241957
376 0.223341 1407.465418
377 1.518743 1408.984281
378 0.223762 1409.208167
379 2.035374 1411.24366
380 0.214798 1411.458571
381 1.64028 1413.098978
382 0.213206 1413.312307
383 1.087906 1414.400338
384 0.213298 1414.613766
385 1.530282 1416.144168
386 0.21856 1416.36285
387 1.125648 1417.488631
388 0.211837 1417.700584
389 1.336572 1419.037287
390 0.209288 1419.246692
391 1.243395 1420.490205
392 0.212642 1420.702963
393 1.181864 1421.884946
394 0.207057 1422.09212
395 1.37676 1423.469004
396 0.204642 1423.673767
397 0.923334 1424.59722
398 0.203861 1424.801201
399 0.983637 1425.784959
400 0.205531 1425.99061
401 0.926949 1426.917681
402 0.207249 1427.12505
403 1.37116 1428.496325
404 0.203904 1428.70037
405 1.037959 1429.738453
406 0.201088 1429.939657
407 1.198006 1431.137784
408 0.207104 1431.345
409 1.080869 1432.425987
410 0.201058 1432.627157
411 1.00356 1433.630829
412 0.202155 1433.833107
413 1.132289 1434.96552
414 0.196639 1435.162274
415 1.201508 1436.363902
416 0.200038 1436.564058
417 1.073582 1437.637761
418 0.195824 1437.833698
419 0.782652 1438.616467
420 0.193623 1438.81021
421 0.895192 1439.705531
422 0.197868 1439.903518
423 1.057041 1440.96068
424 0.196338 1441.157136
425 0.875087 1442.032342
426 0.191161 1442.223618
427 0.757621 1442.981352
428 0.190359 1443.171834
429 0.770857 1443.942811
430 0.189147 1444.132087
431 0.777879 1444.91009
432 0.186971 1445.097181
433 0.780907 1445.878211
434 0.185838 1446.064164
435 0.729004 1446.793284
436 0.187597 1446.981
437 0.749403 1447.730524
438 0.183905 1447.914544
439 1.115458 1449.030125
440 0.182706 1449.212956
441 0.640012 1449.853097
442 0.183185 1450.036405
443 0.669292 1450.705813
444 0.181571 1450.887504
445 0.723609 1451.611236
446 0.182254 1451.793611
447 0.727486 1452.521216
448 0.183401 1452.70473
449 0.591907 1453.296758
450 0.176491 1453.473378
451 0.607233 1454.080733
452 0.172519 1454.253371
453 0.549039 1454.802525
454 0.170005 1454.97265
455 0.659119 1455.631902
456 0.167156 1455.799174
457 0.663099 1456.462399
458 0.165988 1456.628503
459 0.52892 1457.157539
460 0.162908 1457.320565
461 0.598887 1457.919563
462 0.161091 1458.080766
463 0.522793 1458.603675
464 0.167702 1458.771508
465 0.479264 1459.250895
466 0.159812 1459.410827
467 0.500657 1459.911619
468 0.158878 1460.070619
469 0.530896 1460.601634
470 0.160484 1460.762244
471 0.488422 1461.250786
472 0.1572 1461.408102
473 0.439592 1461.847819
474 0.153552 1462.00148
475 0.452092 1462.453693
476 0.157386 1462.611196
477 0.416608 1463.027924
478 0.153812 1463.181847
479 0.397969 1463.579934
480 0.153029 1463.733082
481 0.368209 1464.101408
482 0.150114 1464.251647
483 0.425313 1464.677077
484 0.15443 1464.831626
485 0.347219 1465.178968
486 0.141619 1465.320706
487 0.332943 1465.653758
488 0.148522 1465.802402
489 0.341492 1466.144022
490 0.13856 1466.282695
491 0.378326 1466.661139
492 0.1408 1466.802043
493 0.309872 1467.112036
494 0.136554 1467.248708
495 0.338811 1467.587635
496 0.139565 1467.727279
497 0.301935 1468.029327
498 0.132834 1468.162271
499 0.289534 1468.451952
500 0.133768 1468.585834
501 0.285516 1468.871468
502 0.12929 1469.000868
503 0.287811 1469.288799
504 0.135482 1469.424408
505 0.240229 1469.664751
506 0.126742 1469.791612
507 0.203962 1469.995691
508 0.129481 1470.125284
509 0.253732 1470.379132
510 0.123447 1470.502697
511 0.241029 1470.743843
512 0.121543 1470.865493
513 0.219081 1471.084703
514 0.127335 1471.212166
515 0.169928 1471.382214
516 0.119907 1471.502229
517 0.205777 1471.708125
518 0.120214 1471.828444
519 0.18975 1472.018313
520 0.120851 1472.139269
521 0.138961 1472.27835
522 0.115271 1472.393727
523 0.133276 1472.527122
524 0.114893 1472.642122
525 0.128334 1472.770575
526 0.11889 1472.889572
527 0.12754 1473.017237
528 0.117448 1473.134791
529 0.123352 1473.25826
530 0.115036 1473.373403
531 0.113062 1473.486583
532 0.121443 1473.608143
533 0.119326 1473.72758
534 0.115359 1473.843041
done 534 0.102913 1473.946068
