[runlim] version:		1.7
[runlim] time limit:		3600 seconds
[runlim] real time limit:	311040000 seconds
[runlim] space limit:		80000 MB
[runlim] argv[0]:		python3.6
[runlim] argv[1]:		./netsolver-gurobi-servermin.py
[runlim] argv[2]:		../../../instances/hadoop/hadoop_extensions/us-mid1.pn
[runlim] argv[3]:		../../../instances/hadoop/hadoop_extensions/hadoop_4_1bw.vn
[runlim] argv[4]:		True
[runlim] argv[5]:		False
[runlim] argv[6]:		timelogs/servermin/results.servermin.us-mid1.pn.hadoop_4_1bw.vn.log
[runlim] start:			Sun Sep 22 02:47:32 2019
[runlim] main pid:		26952
Academic license - for non-commercial use only
[runlim] sample:		10.0 seconds, 37.5 MB
[runlim] sample:		20.0 seconds, 40.1 MB
[runlim] sample:		30.0 seconds, 40.1 MB
33.152087
768
Median time: 0.043669 s
[runlim] end:			Sun Sep 22 02:48:05 2019
[runlim] status:		ok
[runlim] result:		0
[runlim] children:		0
[runlim] real:			33.96 seconds
[runlim] time:			33.19 seconds
[runlim] space:			40.1 MB
[runlim] samples:		332
