# instance ../../../instances/hadoop/hadoop_extensions/us-mid2.pn
# Settings: PN=../../../instances/hadoop/hadoop_extensions/us-mid2.pn, VN=../../../instances/hadoop/hadoop_extensions/hadoop_4_2bw.vn, multi-thread=False
init 0.85302 0.85302
1 0.129628 0.982648
2 0.138577 1.121345
3 0.14337 1.264824
4 0.135884 1.400816
5 0.143496 1.544432
6 0.136581 1.681125
7 0.14271 1.823948
8 0.136382 1.960435
9 0.142642 2.103182
10 0.136025 2.239321
11 0.143087 2.382519
12 0.135692 2.518322
13 0.142723 2.661154
14 0.136754 2.798014
15 0.141836 2.939964
16 0.136874 3.07695
17 0.142972 3.220042
18 0.135591 3.355739
19 0.141603 3.497454
20 0.135147 3.632729
21 0.143111 3.775952
22 0.134307 3.910369
23 0.143027 4.053511
24 0.136023 4.189646
25 0.141632 4.331394
26 0.1349 4.466405
27 0.142107 4.60862
28 0.1342 4.742935
29 0.142401 4.885449
30 0.136864 5.022436
31 0.141192 5.163736
32 0.134145 5.297989
33 0.142054 5.440153
34 0.133523 5.573791
35 0.142679 5.71658
36 0.134499 5.851195
37 0.141031 5.99234
38 0.1336 6.126056
39 0.142221 6.268385
40 0.135026 6.403519
41 0.140757 6.544391
42 0.134543 6.67905
43 0.140526 6.819686
44 0.13323 6.953024
45 0.143144 7.096281
46 0.133468 7.229865
47 0.139508 7.369482
48 0.133625 7.503231
49 0.14087 7.644214
50 0.133011 7.777337
51 0.139265 7.916715
52 0.134157 8.050998
53 0.139641 8.19075
54 0.13297 8.323836
55 0.140073 8.464013
56 0.132536 8.596656
57 0.139437 8.736207
58 0.133601 8.869918
59 0.138544 9.008568
60 0.134147 9.14283
61 0.139927 9.28288
62 0.132394 9.415387
63 0.138707 9.554211
64 0.132347 9.686673
65 0.140481 9.827267
66 0.131383 9.958758
67 0.139243 10.098109
68 0.13359 10.231813
69 0.138381 10.370319
70 0.131516 10.501946
71 0.139804 10.641871
72 0.130928 10.772916
73 0.138802 10.91183
74 0.13354 11.045488
75 0.13851 11.184142
76 0.131235 11.315492
77 0.139383 11.45499
78 0.130303 11.585406
79 0.13771 11.723236
80 0.132298 11.855646
81 0.138494 11.994252
82 0.130699 12.125066
83 0.138462 12.263635
84 0.13123 12.394976
85 0.137928 12.533018
86 0.131377 12.664511
87 0.137248 12.801865
88 0.130135 12.932118
89 0.137099 13.069327
90 0.132181 13.201622
91 0.136924 13.338662
92 0.130268 13.469044
93 0.137775 13.606931
94 0.131357 13.738401
95 0.136098 13.874613
96 0.129749 14.004473
97 0.137263 14.141852
98 0.129596 14.271564
99 0.138054 14.409728
100 0.130726 14.54057
101 0.135918 14.676599
102 0.130444 14.807154
103 0.136688 14.943952
104 0.12925 15.073315
105 0.138746 15.212171
106 0.129739 15.342025
107 0.135767 15.477906
108 0.129182 15.607204
109 0.137472 15.74479
110 0.129835 15.874735
111 0.135462 16.010307
112 0.12988 16.140306
113 0.136842 16.277261
114 0.128652 16.406025
115 0.136326 16.542466
116 0.128678 16.67126
117 0.134582 16.805951
118 0.129325 16.935391
119 0.136007 17.071517
120 0.12841 17.200038
121 0.133813 17.333965
122 0.128981 17.463056
123 0.134578 17.597741
124 0.127976 17.725837
125 0.135774 17.861725
126 0.127472 17.989305
127 0.134426 18.123843
128 0.128366 18.252318
129 0.134819 18.387248
130 0.128744 18.516107
131 0.134713 18.650936
132 0.126872 18.77792
133 0.133426 18.911461
134 0.127002 19.038577
135 0.136055 19.174745
136 0.126965 19.301824
137 0.133411 19.435348
138 0.127714 19.563174
139 0.134701 19.697983
140 0.126701 19.824799
141 0.13328 19.958184
142 0.127992 20.086284
143 0.133415 20.219811
144 0.127293 20.347211
145 0.134553 20.481874
146 0.126609 20.608595
147 0.131985 20.740697
148 0.127241 20.868052
149 0.133801 21.001962
150 0.125455 21.127537
151 0.13384 21.261487
152 0.126367 21.387985
153 0.131842 21.519937
154 0.126087 21.646129
155 0.132498 21.778738
156 0.127315 21.906167
157 0.131758 22.038038
158 0.126474 22.164625
159 0.133042 22.297776
160 0.125853 22.423753
161 0.131763 22.555624
162 0.125936 22.681675
163 0.131928 22.813714
164 0.124278 22.938113
165 0.132664 23.070894
166 0.126074 23.197076
167 0.131388 23.328578
168 0.12444 23.453128
169 0.132935 23.586174
170 0.125053 23.711342
171 0.13141 23.842871
172 0.126255 23.96924
173 0.13126 24.100611
174 0.12381 24.224535
175 0.13107 24.355715
176 0.125557 24.481383
177 0.132055 24.613553
178 0.125114 24.7388
179 0.131439 24.870352
180 0.124435 24.994901
181 0.131323 25.126336
182 0.123599 25.250045
183 0.13102 25.381175
184 0.125004 25.506277
185 0.130748 25.637139
186 0.123565 25.760818
187 0.131168 25.892095
188 0.124009 26.01622
189 0.13048 26.146817
190 0.123005 26.269933
191 0.131441 26.40149
192 0.122973 26.524589
193 0.13014 26.654839
194 0.124384 26.779337
195 0.129881 26.909331
196 0.122763 27.032208
197 0.130069 27.162388
198 0.124258 27.286751
199 0.129075 27.415943
200 0.12393 27.539987
201 0.129394 27.669494
202 0.122462 27.792077
203 0.128139 27.920333
204 0.122881 28.043322
205 0.130572 28.174019
206 0.123008 28.297145
207 0.128677 28.425934
208 0.122805 28.548853
209 0.130533 28.679497
210 0.12213 28.801742
211 0.128285 28.930145
212 0.122421 29.052629
213 0.128627 29.181367
214 0.122025 29.303509
215 0.128361 29.431988
216 0.122469 29.554569
217 0.128358 29.683041
218 0.1226 29.805754
219 0.1289 29.934769
220 0.121093 30.055963
221 0.129033 30.185107
222 0.122257 30.307487
223 0.12772 30.43532
224 0.121175 30.556605
225 0.128321 30.685031
226 0.121951 30.807102
227 0.127711 30.934927
228 0.12149 31.056539
229 0.128159 31.184806
230 0.120829 31.305748
231 0.127264 31.433129
232 0.11981 31.553049
233 0.129065 31.682223
234 0.119623 31.801961
235 0.127037 31.929117
236 0.120233 32.049464
237 0.128705 32.178292
238 0.119991 32.298397
239 0.126 32.424511
240 0.121632 32.546224
241 0.125735 32.672076
242 0.121101 32.793288
243 0.127621 32.921025
244 0.119202 33.040336
245 0.125992 33.166442
246 0.120097 33.286653
247 0.126871 33.413644
248 0.119291 33.53305
249 0.126793 33.659952
250 0.119439 33.779501
251 0.125781 33.905391
252 0.119208 34.024722
253 0.126319 34.151147
254 0.120753 34.272014
255 0.125459 34.39758
256 0.118523 34.516216
257 0.12609 34.642424
258 0.120163 34.762704
259 0.124793 34.887606
260 0.118648 35.006369
261 0.126732 35.133217
262 0.118668 35.251999
263 0.124333 35.376441
264 0.119165 35.495717
265 0.125713 35.621547
266 0.117976 35.739632
267 0.12455 35.864295
268 0.118875 35.98328
269 0.125733 36.10913
270 0.117854 36.227101
271 0.12432 36.351532
272 0.118704 36.470353
273 0.124658 36.595121
274 0.117284 36.71252
275 0.124296 36.836931
276 0.117889 36.954938
277 0.124384 37.079434
278 0.118939 37.198487
279 0.124996 37.323599
280 0.117642 37.441351
281 0.123516 37.564982
282 0.117084 37.682174
283 0.124317 37.806603
284 0.118273 37.924991
285 0.123382 38.048481
286 0.118247 38.166841
287 0.123066 38.290016
288 0.117325 38.407459
289 0.123172 38.530753
290 0.117517 38.648382
291 0.124161 38.77266
292 0.115932 38.888701
293 0.12355 39.01236
294 0.118313 39.130784
295 0.122589 39.253477
296 0.116133 39.369731
297 0.123532 39.493369
298 0.116733 39.610213
299 0.121598 39.731923
300 0.116501 39.848534
301 0.122408 39.971058
302 0.115788 40.086954
303 0.122 40.209067
304 0.116512 40.325693
305 0.124219 40.450017
306 0.115647 40.565779
307 0.12146 40.68735
308 0.116278 40.803747
309 0.123338 40.927201
310 0.11523 41.042539
311 0.120836 41.163489
312 0.116757 41.280353
313 0.121458 41.401925
314 0.114815 41.516855
315 0.122254 41.63922
316 0.115674 41.755018
317 0.121983 41.877115
318 0.115128 41.992359
319 0.121547 42.114018
320 0.115669 42.22981
321 0.121159 42.351085
322 0.114377 42.465574
323 0.122179 42.587861
324 0.114106 42.702082
325 0.120925 42.823124
326 0.11446 42.937692
327 0.121134 43.058938
328 0.115442 43.174494
329 0.120387 43.294996
330 0.114479 43.409589
331 0.121103 43.530812
332 0.114184 43.645111
333 0.120058 43.765282
334 0.113557 43.878946
335 0.12004 43.9991
336 0.115662 44.114872
337 0.119277 44.234265
338 0.113121 44.347496
339 0.119988 44.467596
340 0.115032 44.582737
341 0.119381 44.70223
342 0.113334 44.815677
343 0.119969 44.935759
344 0.114332 45.050207
345 0.119063 45.169384
346 0.113037 45.282531
347 0.120526 45.403174
348 0.113258 45.516548
349 0.118733 45.635398
350 0.112571 45.74808
351 0.119775 45.867968
352 0.11264 45.980718
353 0.118438 46.099267
354 0.114802 46.214188
355 0.119394 46.3337
356 0.112269 46.446086
357 0.117473 46.563672
358 0.113336 46.677115
359 0.119895 46.797142
360 0.111562 46.908829
361 0.117794 47.026735
362 0.11325 47.140093
363 0.118548 47.258755
364 0.112345 47.371217
365 0.117705 47.48903
366 0.112964 47.602107
367 0.11816 47.720381
368 0.111586 47.832075
369 0.118014 47.9502
370 0.111739 48.062051
371 0.118514 48.180657
372 0.11126 48.292029
373 0.117598 48.409739
374 0.112403 48.522265
375 0.117665 48.640037
376 0.110354 48.750508
377 0.11859 48.869215
378 0.111295 48.980618
379 0.117456 49.098179
380 0.110405 49.208699
381 0.116964 49.325778
382 0.11161 49.437493
383 0.116656 49.554274
384 0.110526 49.664919
385 0.117379 49.782406
386 0.111138 49.893658
387 0.116262 50.010036
388 0.110018 50.12017
389 0.116759 50.237036
390 0.111897 50.349049
391 0.115381 50.464541
392 0.109679 50.574329
393 0.117096 50.691538
394 0.11093 50.802584
395 0.11589 50.918592
396 0.109664 51.028363
397 0.116523 51.144994
398 0.110519 51.255606
399 0.115712 51.37143
400 0.109928 51.481466
401 0.117329 51.598916
402 0.109862 51.708892
403 0.115549 51.824557
404 0.109054 51.933718
405 0.116125 52.049956
406 0.110295 52.16037
407 0.114904 52.275386
408 0.109924 52.38542
409 0.115389 52.500932
410 0.109023 52.610067
411 0.115102 52.725283
412 0.108285 52.833674
413 0.116056 52.94984
414 0.110131 53.060084
415 0.114449 53.174639
416 0.108915 53.283663
417 0.114465 53.398244
418 0.110282 53.508639
419 0.114513 53.623269
420 0.10841 53.731778
421 0.115141 53.847029
422 0.109503 53.956646
423 0.113476 54.070229
424 0.108122 54.178461
425 0.115142 54.293716
426 0.109567 54.403398
427 0.114144 54.517658
428 0.108071 54.625838
429 0.114731 54.740678
430 0.108596 54.84939
431 0.113462 54.962971
432 0.107924 55.071006
433 0.115093 55.186219
434 0.108206 55.294542
435 0.112909 55.407564
436 0.106901 55.514578
437 0.114292 55.628982
438 0.10853 55.737622
439 0.113743 55.851479
440 0.107339 55.958933
441 0.112931 56.071971
442 0.107513 56.179595
443 0.111809 56.29152
444 0.106889 56.398521
445 0.112181 56.510816
446 0.10855 56.619486
447 0.111352 56.730946
448 0.106506 56.837564
449 0.112298 56.949975
450 0.106742 57.056832
451 0.112139 57.16908
452 0.106808 57.275995
453 0.111003 57.387106
454 0.106831 57.494051
455 0.111081 57.605244
456 0.105525 57.710885
457 0.110782 57.821779
458 0.107868 57.929758
459 0.111042 58.040908
460 0.106178 58.147201
461 0.109498 58.256807
462 0.106926 58.36384
463 0.111343 58.47529
464 0.105621 58.581027
465 0.109487 58.690626
466 0.106357 58.797096
467 0.110127 58.907338
468 0.105227 59.012684
469 0.109585 59.122383
470 0.105948 59.228436
471 0.110562 59.339112
472 0.106728 59.445953
473 0.108747 59.554809
474 0.105615 59.660539
475 0.110069 59.770719
476 0.10676 59.87759
477 0.109705 59.987406
478 0.10424 60.09176
479 0.109695 60.20157
480 0.104809 60.306496
481 0.109042 60.415652
482 0.105076 60.520846
483 0.109573 60.630534
484 0.105524 60.73617
485 0.108773 60.845053
486 0.104153 60.949317
487 0.1097 61.059129
488 0.103985 61.163227
489 0.108227 61.271561
490 0.105029 61.3767
491 0.109486 61.486309
492 0.104283 61.590709
493 0.10771 61.698535
494 0.10385 61.802499
495 0.109344 61.911957
496 0.104602 62.016675
497 0.109171 62.125962
498 0.104188 62.230258
499 0.107195 62.337562
500 0.103172 62.440846
501 0.107216 62.548173
502 0.102472 62.650756
503 0.107187 62.758053
504 0.103595 62.861756
505 0.106215 62.968077
506 0.102563 63.070751
507 0.107511 63.178374
508 0.102959 63.281446
509 0.10686 63.388433
510 0.101343 63.489891
511 0.106982 63.596986
512 0.10362 63.700731
513 0.106308 63.807157
514 0.101468 63.908739
515 0.106135 64.014986
516 0.102778 64.117882
517 0.106656 64.22465
518 0.101838 64.326596
519 0.10534 64.432041
520 0.102368 64.534518
521 0.106688 64.641318
522 0.101739 64.743174
523 0.105606 64.848889
524 0.102594 64.951597
525 0.105615 65.057324
526 0.101453 65.158884
527 0.105407 65.264397
528 0.100983 65.36549
529 0.106431 65.472036
530 0.1025 65.574648
531 0.104733 65.679488
532 0.101274 65.780874
533 0.105797 65.886783
534 0.101547 65.988443
535 0.104984 66.093542
536 0.100675 66.194332
537 0.105132 66.299574
538 0.101521 66.401213
539 0.105005 66.506355
540 0.099811 66.60628
541 0.105507 66.711901
542 0.100216 66.812229
543 0.105714 66.918059
544 0.099976 67.018144
545 0.104197 67.122448
546 0.100728 67.223283
547 0.104895 67.328284
548 0.099124 67.427517
549 0.104324 67.531948
550 0.101376 67.633436
551 0.104026 67.737581
552 0.099737 67.837434
553 0.103742 67.941297
554 0.100308 68.041718
555 0.105059 68.146896
556 0.100046 68.247055
557 0.103713 68.35088
558 0.099808 68.450803
559 0.104155 68.555072
560 0.099379 68.65457
561 0.103147 68.757836
562 0.098258 68.856205
563 0.103403 68.959721
564 0.099959 69.059799
565 0.104227 69.164136
566 0.099113 69.263364
567 0.10217 69.36565
568 0.099118 69.464877
569 0.104107 69.569092
570 0.098921 69.668129
571 0.102553 69.770792
572 0.098807 69.869711
573 0.103277 69.973106
574 0.098891 70.072113
575 0.102395 70.174618
576 0.098361 70.273091
577 0.103544 70.376749
578 0.098155 70.475021
579 0.102089 70.577223
580 0.098421 70.675757
581 0.101946 70.777818
582 0.098832 70.876757
583 0.101347 70.978218
584 0.098047 71.076377
585 0.103889 71.18038
586 0.098003 71.278497
587 0.102227 71.380836
588 0.098073 71.479024
589 0.101233 71.580368
590 0.098114 71.678598
591 0.102137 71.780813
592 0.098285 71.879215
593 0.100609 71.979937
594 0.097904 72.077955
595 0.101498 72.179569
596 0.098811 72.27849
597 0.101088 72.379697
598 0.097228 72.477042
599 0.101182 72.578335
600 0.097604 72.676057
601 0.100278 72.776452
602 0.096741 72.873306
603 0.101633 72.97505
604 0.097184 73.072351
605 0.10157 73.174033
606 0.096497 73.270644
607 0.10046 73.371214
608 0.097339 73.468664
609 0.101316 73.57009
610 0.095864 73.666064
611 0.100089 73.766261
612 0.098466 73.864838
613 0.100202 73.965148
614 0.096293 74.061551
615 0.099731 74.161388
616 0.096279 74.257777
617 0.100493 74.358386
618 0.096824 74.455323
619 0.099182 74.554619
620 0.096723 74.651473
621 0.100705 74.752292
622 0.095189 74.847601
623 0.099633 74.947341
624 0.094948 75.042399
625 0.099321 75.141831
626 0.096665 75.238608
627 0.100821 75.339548
628 0.095485 75.435146
629 0.098851 75.534108
630 0.096359 75.630581
631 0.099419 75.730107
632 0.095892 75.826111
633 0.098722 75.924942
634 0.094658 76.019708
635 0.099671 76.119489
636 0.095658 76.215253
637 0.098909 76.314276
638 0.094739 76.40913
639 0.099603 76.508847
640 0.096341 76.605306
641 0.098584 76.704002
642 0.09457 76.798688
643 0.098075 76.896878
644 0.095252 76.992246
645 0.098775 77.091139
646 0.093416 77.184674
647 0.097995 77.282778
648 0.096154 77.379046
649 0.098057 77.477218
650 0.094184 77.571511
651 0.097224 77.668845
652 0.093297 77.762251
653 0.097086 77.859446
654 0.093712 77.953275
655 0.098322 78.051715
656 0.093159 78.144987
657 0.097375 78.242469
658 0.093215 78.335803
659 0.097103 78.433019
660 0.093961 78.527095
661 0.095733 78.622935
662 0.092584 78.71563
663 0.09785 78.813595
664 0.093528 78.907242
665 0.096225 79.003581
666 0.092965 79.096664
667 0.097176 79.193958
668 0.093167 79.28724
669 0.095629 79.382985
670 0.092673 79.475773
671 0.095696 79.571583
672 0.093381 79.665074
673 0.096499 79.761687
674 0.092433 79.85423
675 0.095996 79.950335
676 0.094455 80.044901
677 0.096476 80.14149
678 0.091677 80.233295
679 0.094671 80.328079
680 0.091748 80.419935
681 0.096026 80.516071
682 0.092544 80.608733
683 0.096143 80.704991
684 0.091242 80.796349
685 0.096283 80.892744
686 0.092347 80.985204
687 0.095455 81.080769
688 0.091246 81.172128
689 0.09452 81.266757
690 0.091643 81.358508
691 0.096281 81.4549
692 0.091354 81.54637
693 0.094199 81.64068
694 0.092349 81.733144
695 0.094553 81.827814
696 0.091987 81.919907
697 0.093864 82.013879
698 0.091279 82.105274
699 0.094351 82.199737
700 0.090919 82.290773
701 0.093625 82.384514
702 0.090659 82.475287
703 0.093964 82.569364
704 0.091821 82.661296
705 0.09355 82.754953
706 0.09031 82.845378
707 0.093377 82.938866
708 0.090849 83.02983
709 0.093932 83.123871
710 0.090015 83.213995
711 0.093153 83.307262
712 0.091458 83.398832
713 0.093369 83.492322
714 0.090466 83.582902
715 0.093079 83.676096
716 0.090077 83.766284
717 0.092964 83.859359
718 0.09008 83.94957
719 0.094502 84.044188
720 0.089194 84.133494
721 0.09272 84.226335
722 0.089816 84.316259
723 0.093162 84.409536
724 0.090736 84.500389
725 0.092218 84.592725
726 0.088683 84.681525
727 0.093049 84.774682
728 0.090188 84.864987
729 0.092601 84.957699
730 0.088665 85.046471
731 0.091795 85.138375
732 0.089369 85.227855
733 0.092275 85.320241
734 0.089686 85.410032
735 0.09182 85.501967
736 0.088269 85.590351
737 0.092217 85.682679
738 0.088801 85.771593
739 0.091503 85.863206
740 0.08785 85.951163
741 0.091956 86.043229
742 0.089582 86.132927
743 0.091385 86.224418
744 0.088738 86.313266
745 0.09138 86.404763
746 0.087745 86.492623
747 0.091743 86.584476
748 0.08826 86.672852
749 0.091945 86.764905
750 0.088697 86.853729
751 0.091517 86.945359
752 0.087547 87.033021
753 0.091642 87.124771
754 0.087839 87.212718
755 0.090252 87.303085
756 0.088062 87.391261
757 0.091553 87.482935
758 0.088625 87.571673
759 0.090395 87.662181
760 0.087417 87.749706
761 0.091098 87.840914
762 0.087251 87.928292
763 0.091557 88.019958
764 0.087257 88.107323
765 0.089829 88.197262
766 0.086982 88.284356
767 0.091648 88.376113
768 0.087091 88.463316
769 0.090626 88.554051
770 0.086492 88.640655
771 0.089874 88.730639
772 0.087622 88.818373
773 0.090375 88.908859
774 0.087029 88.996004
775 0.089127 89.085244
776 0.086809 89.172165
777 0.090542 89.262817
778 0.086996 89.349923
779 0.089197 89.439231
780 0.086405 89.525746
781 0.091157 89.617009
782 0.086772 89.703907
783 0.08968 89.793706
784 0.085934 89.879753
785 0.08922 89.969081
786 0.086582 90.05577
787 0.090212 90.146099
788 0.086175 90.232385
789 0.0899 90.322398
790 0.085715 90.408222
791 0.089091 90.497424
792 0.085751 90.583302
793 0.089107 90.672519
794 0.087134 90.759767
795 0.088326 90.848202
796 0.085525 90.933837
797 0.089259 91.023202
798 0.085961 91.109273
799 0.088624 91.198013
800 0.084983 91.283107
801 0.08832 91.371538
802 0.085831 91.457481
803 0.089069 91.546665
804 0.085573 91.632351
805 0.088232 91.720694
806 0.084379 91.805182
807 0.088663 91.893957
808 0.085715 91.979791
809 0.088396 92.068303
810 0.084757 92.153169
811 0.087297 92.240581
812 0.086441 92.32713
813 0.087885 92.415125
814 0.085358 92.500596
815 0.087439 92.588149
816 0.084377 92.672637
817 0.087543 92.760287
818 0.085178 92.845535
819 0.087757 92.933405
820 0.08506 93.018585
821 0.086492 93.105186
822 0.085211 93.190513
823 0.087419 93.278051
824 0.084494 93.362654
825 0.086398 93.449159
826 0.083794 93.533064
827 0.086688 93.619858
828 0.085478 93.705429
829 0.087155 93.792729
830 0.083489 93.876334
831 0.086533 93.962975
832 0.083908 94.046992
833 0.087007 94.134113
834 0.084893 94.219117
835 0.085756 94.304979
836 0.083193 94.388285
837 0.08633 94.474725
838 0.084187 94.559023
839 0.086029 94.645161
840 0.082557 94.727827
841 0.085943 94.813882
842 0.083915 94.897917
843 0.087256 94.98529
844 0.083077 95.068476
845 0.085944 95.154527
846 0.082462 95.237103
847 0.085608 95.32282
848 0.083063 95.40599
849 0.086274 95.492379
850 0.082342 95.574837
851 0.085354 95.6603
852 0.084176 95.744583
853 0.085777 95.830482
854 0.082001 95.912593
855 0.085407 95.99812
856 0.082091 96.080326
857 0.085096 96.165534
858 0.082521 96.248162
859 0.085989 96.33427
860 0.083622 96.418006
861 0.084738 96.502851
862 0.082169 96.585131
863 0.085618 96.670861
864 0.081824 96.752797
865 0.08498 96.837888
866 0.082875 96.92089
867 0.08431 97.005308
868 0.081838 97.08726
869 0.084638 97.172007
870 0.082383 97.254503
871 0.084541 97.339158
872 0.081174 97.420445
873 0.084594 97.505147
874 0.08227 97.587536
875 0.084841 97.67249
876 0.081387 97.753997
877 0.083807 97.837913
878 0.080913 97.918938
879 0.084745 98.003792
880 0.08145 98.08536
881 0.083363 98.168831
882 0.081094 98.250035
883 0.083732 98.333876
884 0.082866 98.416855
885 0.083715 98.500683
886 0.081084 98.581882
887 0.083137 98.66513
888 0.080843 98.746081
889 0.082672 98.828863
890 0.081259 98.910232
891 0.083799 98.994149
892 0.080834 99.0751
893 0.084173 99.159402
894 0.080489 99.239999
895 0.083668 99.323781
896 0.079777 99.403666
897 0.083183 99.486985
898 0.080388 99.567488
899 0.082733 99.650329
900 0.080196 99.730636
901 0.083457 99.81421
902 0.080562 99.894892
903 0.082717 99.977729
904 0.079627 100.057467
905 0.083006 100.140588
906 0.080582 100.221281
907 0.08228 100.303667
908 0.080583 100.384362
909 0.08204 100.46651
910 0.079218 100.545833
911 0.081899 100.62784
912 0.080146 100.708064
913 0.082469 100.790646
914 0.079547 100.870301
915 0.081699 100.952106
916 0.079933 101.03215
917 0.083303 101.115565
918 0.078832 101.194514
919 0.081472 101.276102
920 0.078748 101.354959
921 0.081195 101.436263
922 0.079553 101.515926
923 0.082479 101.598522
924 0.078991 101.67763
925 0.080673 101.75841
926 0.07898 101.837495
927 0.082603 101.920238
928 0.078228 101.998575
929 0.081531 102.080218
930 0.078024 102.158354
931 0.081063 102.239524
932 0.078459 102.318094
933 0.08161 102.399808
934 0.079555 102.479479
935 0.080763 102.560358
936 0.077967 102.638431
937 0.080607 102.719145
938 0.079013 102.798266
939 0.080675 102.879057
940 0.079466 102.958637
941 0.08013 103.038874
942 0.077793 103.116778
943 0.080453 103.197345
944 0.078499 103.275957
945 0.08121 103.357278
946 0.077256 103.434642
947 0.079956 103.514704
948 0.077447 103.592267
949 0.080185 103.672569
950 0.077965 103.750643
951 0.079698 103.830457
952 0.07734 103.907906
953 0.079324 103.987346
954 0.077839 104.065296
955 0.079726 104.145109
956 0.077381 104.222604
957 0.079346 104.302056
958 0.076649 104.378818
959 0.080444 104.459371
960 0.077354 104.53684
961 0.079441 104.616391
962 0.077006 104.693514
963 0.079476 104.773101
964 0.076602 104.849813
965 0.07956 104.929482
966 0.077269 105.006886
967 0.07962 105.086621
968 0.076888 105.163627
969 0.079535 105.243268
970 0.076561 105.319948
971 0.079333 105.399389
972 0.076789 105.476291
973 0.078601 105.555
974 0.076363 105.631481
975 0.078533 105.710121
976 0.076191 105.786426
977 0.078821 105.865359
978 0.077329 105.942795
979 0.078125 106.021034
980 0.075825 106.096967
981 0.0849 106.181976
982 0.083449 106.265534
983 0.084662 106.350304
984 0.083447 106.433859
985 0.084 106.517969
986 0.08255 106.600627
987 0.084181 106.684918
988 0.08351 106.768537
989 0.084726 106.853371
990 0.082035 106.935521
991 0.083986 107.019614
992 0.082684 107.10241
993 0.084621 107.187141
994 0.082179 107.269434
995 0.084016 107.353566
996 0.081662 107.435342
997 0.083518 107.518966
998 0.081653 107.600727
999 0.084198 107.68504
1000 0.081502 107.766656
1001 0.083125 107.849887
1002 0.081809 107.931806
1003 0.083968 108.015886
1004 0.081185 108.097188
1005 0.083221 108.18052
1006 0.081139 108.261765
1007 0.082823 108.344696
1008 0.081113 108.42592
1009 0.083427 108.509456
1010 0.08223 108.591811
1011 0.082553 108.674474
1012 0.080672 108.755255
1013 0.083366 108.838731
1014 0.080627 108.919475
1015 0.083796 109.003379
1016 0.080756 109.08426
1017 0.082253 109.166621
1018 0.080103 109.246833
1019 0.083022 109.329961
1020 0.080942 109.411018
1021 0.082713 109.493845
1022 0.079842 109.573801
1023 0.082197 109.656104
1024 0.079682 109.735898
1025 0.082356 109.818367
1026 0.080629 109.899104
1027 0.081918 109.981138
1028 0.0792 110.060451
1029 0.081544 110.142107
1030 0.079089 110.221305
1031 0.082128 110.303546
1032 0.079853 110.383511
1033 0.080924 110.464547
1034 0.078735 110.543388
1035 0.081122 110.624616
1036 0.080956 110.70568
1037 0.081039 110.786834
1038 0.079136 110.866079
1039 0.080773 110.946959
1040 0.078771 111.025839
1041 0.080599 111.106545
1042 0.079007 111.185664
1043 0.081147 111.266911
1044 0.077754 111.344769
1045 0.081097 111.425974
1046 0.077501 111.503584
1047 0.080705 111.584401
1048 0.078561 111.663075
1049 0.079546 111.742728
1050 0.078085 111.820928
1051 0.079723 111.900759
1052 0.077686 111.978557
1053 0.080017 112.058682
1054 0.078515 112.137311
1055 0.080733 112.218161
1056 0.07718 112.295449
1057 0.079364 112.374922
1058 0.077175 112.4522
1059 0.079969 112.532279
1060 0.077411 112.609799
1061 0.080717 112.690626
1062 0.076927 112.767665
1063 0.078711 112.846484
1064 0.076684 112.923278
1065 0.079139 113.002523
1066 0.077614 113.080209
1067 0.079629 113.159971
1068 0.076579 113.236655
1069 0.078623 113.315385
1070 0.077023 113.392521
1071 0.079865 113.472508
1072 0.076653 113.549272
1073 0.078345 113.627732
1074 0.076051 113.703891
1075 0.07801 113.782014
1076 0.076364 113.858487
1077 0.078584 113.937169
1078 0.076251 114.013535
1079 0.077296 114.090948
1080 0.075693 114.166751
1081 0.078931 114.24579
1082 0.076392 114.322292
1083 0.077802 114.400199
1084 0.075869 114.476186
1085 0.076549 114.552842
1086 0.075322 114.628276
1087 0.076468 114.70485
1088 0.075164 114.780125
1089 0.077754 114.85798
1090 0.076124 114.934211
1091 0.076355 115.010674
1092 0.074745 115.085527
1093 0.076878 115.162522
1094 0.07543 115.238069
1095 0.076766 115.314941
1096 0.076403 115.39146
1097 0.076306 115.467878
1098 0.074553 115.542539
1099 0.0761 115.618746
1100 0.075522 115.694374
1101 0.076986 115.771475
1102 0.073784 115.845369
1103 0.07591 115.921384
1104 0.073669 115.995161
1105 0.076825 116.0721
1106 0.073783 116.145992
1107 0.077314 116.223414
1108 0.073696 116.297218
1109 0.076036 116.373364
1110 0.073511 116.446985
1111 0.076055 116.523147
1112 0.073779 116.597032
1113 0.074981 116.672126
1114 0.073356 116.745592
1115 0.07536 116.821059
1116 0.074075 116.895242
1117 0.076107 116.971475
1118 0.073148 117.04473
1119 0.075153 117.119994
1120 0.073234 117.193336
1121 0.074803 117.26825
1122 0.072765 117.341128
1123 0.07506 117.416298
1124 0.07334 117.489752
1125 0.074479 117.564343
1126 0.073701 117.638152
1127 0.07385 117.712112
1128 0.073001 117.785223
1129 0.074419 117.859759
1130 0.072588 117.932452
1131 0.074257 118.006818
1132 0.07215 118.079081
1133 0.073514 118.152691
1134 0.072404 118.225204
1135 0.074286 118.299591
1136 0.072276 118.37199
1137 0.073638 118.445733
1138 0.071449 118.517293
1139 0.073927 118.591324
1140 0.072491 118.663929
1141 0.073491 118.737526
1142 0.073115 118.810748
1143 0.072754 118.883616
1144 0.071083 118.954806
1145 0.073004 119.027918
1146 0.071023 119.099048
1147 0.074099 119.173264
1148 0.07113 119.244503
1149 0.0731 119.317712
1150 0.071028 119.388846
1151 0.07206 119.461011
1152 0.071385 119.532504
1153 0.073209 119.605824
1154 0.070574 119.676515
1155 0.072688 119.749314
1156 0.07074 119.820164
1157 0.071876 119.892146
1158 0.070624 119.96288
1159 0.075788 120.03877
1160 0.07432 120.113209
1161 0.076262 120.189586
1162 0.073093 120.262794
1163 0.075146 120.33805
1164 0.074287 120.41245
1165 0.07632 120.488892
1166 0.073344 120.562352
1167 0.075442 120.6379
1168 0.072672 120.710682
1169 0.074962 120.785754
1170 0.072625 120.858489
1171 0.075379 120.933975
1172 0.073368 121.007452
1173 0.075598 121.083163
1174 0.072815 121.156088
1175 0.073722 121.229913
1176 0.072749 121.302769
1177 0.075082 121.377968
1178 0.072534 121.45061
1179 0.075677 121.526398
1180 0.072629 121.599133
1181 0.073988 121.673231
1182 0.071885 121.745224
1183 0.074398 121.819728
1184 0.072516 121.892354
1185 0.073383 121.965851
1186 0.071369 122.037325
1187 0.073156 122.110588
1188 0.072442 122.183141
1189 0.072723 122.25598
1190 0.072865 122.328956
1191 0.072858 122.401922
1192 0.071051 122.473083
1193 0.072598 122.545787
1194 0.070703 122.6166
1195 0.073215 122.689933
1196 0.07164 122.761689
1197 0.072073 122.833867
1198 0.070631 122.904603
1199 0.072319 122.977026
1200 0.072561 123.049699
1201 0.072558 123.122367
1202 0.070682 123.193155
1203 0.073276 123.266546
1204 0.07167 123.338325
1205 0.073631 123.412062
1206 0.07249 123.484665
1207 0.074429 123.55918
1208 0.072374 123.631667
1209 0.072996 123.70477
1210 0.07238 123.777262
1211 0.072987 123.850354
1212 0.072491 123.922957
1213 0.072889 123.995955
1214 0.071727 124.0678
1215 0.072225 124.140133
1216 0.07126 124.211502
1217 0.072569 124.284181
1218 0.071099 124.355386
1219 0.072861 124.42835
1220 0.071723 124.500195
1221 0.072379 124.572688
1222 0.07054 124.643335
1223 0.071964 124.715405
1224 0.071199 124.78672
1225 0.071511 124.858346
1226 0.071487 124.92994
1227 0.071333 125.001379
1228 0.069986 125.07148
1229 0.071309 125.142895
1230 0.070071 125.213074
1231 0.071703 125.28486
1232 0.070276 125.355258
1233 0.071169 125.426573
1234 0.069592 125.496274
1235 0.071088 125.567474
1236 0.069951 125.637537
1237 0.071711 125.709359
1238 0.069841 125.779312
1239 0.072842 125.852266
1240 0.071161 125.923535
1241 0.072818 125.996461
1242 0.071903 126.068476
1243 0.073864 126.142441
1244 0.071841 126.214396
1245 0.072178 126.286688
1246 0.071036 126.357831
1247 0.072803 126.43074
1248 0.071542 126.502401
1249 0.072326 126.574843
1250 0.071013 126.645965
1251 0.071485 126.71756
1252 0.07039 126.788055
1253 0.071504 126.859666
1254 0.070926 126.9307
1255 0.07236 127.003162
1256 0.07185 127.075128
1257 0.07102 127.146258
1258 0.0699 127.216267
1259 0.071396 127.28777
1260 0.071039 127.358923
1261 0.071003 127.430031
1262 0.069873 127.500008
1263 0.072082 127.572212
1264 0.06942 127.641738
1265 0.070783 127.712633
1266 0.069423 127.782165
1267 0.070642 127.852921
1268 0.069672 127.922709
1269 0.070534 127.993351
1270 0.069029 128.06249
1271 0.070574 128.133154
1272 0.069684 128.202946
1273 0.06988 128.272941
1274 0.069385 128.342434
1275 0.070065 128.412615
1276 0.068829 128.481555
1277 0.069546 128.551209
1278 0.068135 128.619454
1279 0.07029 128.689848
1280 0.067978 128.757942
1281 0.068914 128.826961
1282 0.067403 128.894471
1283 0.069086 128.963666
1284 0.067374 129.031145
1285 0.070242 129.101509
1286 0.067568 129.169195
1287 0.070916 129.240218
1288 0.068744 129.30907
1289 0.069865 129.379046
1290 0.068363 129.447516
1291 0.069626 129.517248
1292 0.069129 129.586482
1293 0.069682 129.656278
1294 0.068515 129.724902
1295 0.070014 129.795022
1296 0.068381 129.86351
1297 0.069162 129.932778
1298 0.067918 130.000799
1299 0.069288 130.070197
1300 0.067775 130.138082
1301 0.068404 130.206595
1302 0.067518 130.274225
1303 0.068387 130.342719
1304 0.06747 130.410297
1305 0.069113 130.479535
1306 0.067914 130.547568
1307 0.068459 130.616132
1308 0.066665 130.682906
1309 0.067588 130.750601
1310 0.066746 130.817457
1311 0.068011 130.885597
1312 0.066706 130.952415
1313 0.068444 131.020972
1314 0.066736 131.087817
1315 0.067132 131.155059
1316 0.066318 131.221487
1317 0.067194 131.288797
1318 0.066746 131.355644
1319 0.066927 131.422687
1320 0.066269 131.489062
1321 0.066181 131.555351
1322 0.065965 131.621422
1323 0.066896 131.688435
1324 0.06642 131.754972
1325 0.066244 131.821331
1326 0.065107 131.886545
1327 0.065815 131.952473
1328 0.064751 132.017334
1329 0.065535 132.082976
1330 0.064801 132.147887
1331 0.066041 132.214044
1332 0.064563 132.278722
1333 0.065501 132.344337
1334 0.06461 132.409057
1335 0.065562 132.474725
1336 0.064454 132.539285
1337 0.066407 132.605815
1338 0.063901 132.669831
1339 0.064444 132.734382
1340 0.063809 132.798304
1341 0.064069 132.862484
1342 0.063032 132.925623
1343 0.063727 132.989456
1344 0.06347 133.053045
1345 0.063928 133.117083
1346 0.062959 133.180154
1347 0.064679 133.244946
1348 0.062479 133.307538
1349 0.06306 133.370703
1350 0.062462 133.43327
1351 0.062633 133.496012
1352 0.062956 133.559084
1353 0.062749 133.621938
1354 0.061977 133.684018
1355 0.0637 133.747846
1356 0.061222 133.809178
1357 0.062352 133.87164
1358 0.060827 133.932572
1359 0.062881 133.995557
1360 0.060994 134.056667
1361 0.062351 134.119125
1362 0.060425 134.179658
1363 0.061688 134.241454
1364 0.060293 134.301866
1365 0.061772 134.363744
1366 0.060609 134.42447
1367 0.061345 134.48592
1368 0.06076 134.546789
1369 0.060727 134.607627
1370 0.059424 134.667159
1371 0.060154 134.727418
1372 0.059187 134.786711
1373 0.060672 134.84749
1374 0.059267 134.906867
1375 0.060733 134.967715
1376 0.059242 135.027065
1377 0.060045 135.087216
1378 0.059266 135.146588
1379 0.059506 135.206203
1380 0.060533 135.26685
1381 0.059152 135.32611
1382 0.058361 135.384577
1383 0.058997 135.443687
1384 0.057883 135.501681
1385 0.05905 135.560844
1386 0.057637 135.618587
1387 0.058261 135.676949
1388 0.058041 135.735102
1389 0.05872 135.793931
1390 0.057492 135.851536
1391 0.05835 135.909991
1392 0.058157 135.968255
1393 0.057755 136.026114
1394 0.057125 136.083346
1395 0.05877 136.142227
1396 0.057266 136.199605
1397 0.058201 136.257914
1398 0.056747 136.314796
1399 0.057043 136.37195
1400 0.056325 136.42838
1401 0.057132 136.485615
1402 0.056084 136.541804
1403 0.057594 136.599505
1404 0.05709 136.656713
1405 0.057593 136.71441
1406 0.055953 136.770477
1407 0.056262 136.826844
1408 0.055858 136.882807
1409 0.056185 136.939095
1410 0.055235 136.99444
1411 0.057135 137.051683
1412 0.055662 137.107455
1413 0.056487 137.164051
1414 0.05629 137.220445
1415 0.055487 137.276036
1416 0.055111 137.331255
1417 0.055646 137.387006
1418 0.054452 137.441566
1419 0.056074 137.497747
1420 0.05494 137.552801
1421 0.055174 137.608089
1422 0.054958 137.663158
1423 0.054923 137.718185
1424 0.053882 137.772168
1425 0.054847 137.827122
1426 0.054939 137.882167
1427 0.055431 137.937712
1428 0.054073 137.991902
1429 0.054557 138.046563
1430 0.053912 138.100586
1431 0.054191 138.154876
1432 0.053446 138.208427
1433 0.054168 138.262703
1434 0.053317 138.316128
1435 0.053727 138.369966
1436 0.053311 138.423389
1437 0.054495 138.477991
1438 0.05351 138.531614
1439 0.053604 138.585325
1440 0.052811 138.63824
1441 0.053286 138.691629
1442 0.05264 138.744382
1443 0.054038 138.798547
1444 0.052483 138.851143
1445 0.052853 138.9041
1446 0.052697 138.956904
1447 0.052908 139.009917
1448 0.0521 139.062122
1449 0.052099 139.114325
1450 0.052088 139.166519
1451 0.051798 139.218418
1452 0.052376 139.270897
1453 0.052585 139.323593
1454 0.052418 139.376119
1455 0.052192 139.42843
1456 0.050756 139.479292
1457 0.051639 139.531031
1458 0.051368 139.582502
1459 0.051824 139.634431
1460 0.051593 139.686133
1461 0.051605 139.737851
1462 0.050394 139.788352
1463 0.05244 139.840907
1464 0.050482 139.891516
1465 0.051149 139.94277
1466 0.050679 139.993543
1467 0.0508 140.044451
1468 0.050409 140.094962
1469 0.05093 140.145998
1470 0.050488 140.196596
1471 0.051041 140.247755
1472 0.050289 140.298152
1473 0.050185 140.348442
1474 0.049854 140.398397
1475 0.050312 140.448816
1476 0.049467 140.49839
1477 0.050812 140.549308
1478 0.049562 140.598985
1479 0.050356 140.649452
1480 0.050419 140.700015
1481 0.049367 140.749496
1482 0.049286 140.798895
1483 0.049636 140.848638
1484 0.049062 140.897805
1485 0.049335 140.947246
1486 0.049517 140.996863
1487 0.049614 141.046591
1488 0.048795 141.095497
1489 0.049544 141.145154
1490 0.048018 141.193277
1491 0.04877 141.242148
1492 0.048113 141.290365
1493 0.04904 141.339515
1494 0.049957 141.389583
1495 0.049188 141.438892
1496 0.04829 141.48729
1497 0.048196 141.535592
1498 0.048245 141.583952
1499 0.048077 141.632135
1500 0.047965 141.680205
1501 0.048209 141.728518
1502 0.04779 141.776414
1503 0.047621 141.824137
1504 0.04817 141.872412
1505 0.048526 141.921053
1506 0.047324 141.968487
1507 0.04831 142.016905
1508 0.047167 142.064187
1509 0.04741 142.111703
1510 0.048556 142.160365
1511 0.047042 142.207517
1512 0.047188 142.254807
1513 0.04756 142.302472
1514 0.047436 142.350021
1515 0.047278 142.397409
1516 0.046974 142.444499
1517 0.047614 142.49222
1518 0.046856 142.539186
1519 0.046971 142.586262
1520 0.046525 142.632892
1521 0.046918 142.679914
1522 0.046459 142.726479
1523 0.047077 142.77366
1524 0.046791 142.82057
1525 0.046727 142.867404
1526 0.047014 142.914525
1527 0.04696 142.961603
1528 0.046117 143.007824
1529 0.046428 143.054353
1530 0.045715 143.100171
1531 0.045967 143.146237
1532 0.045902 143.19224
1533 0.046814 143.239162
1534 0.04554 143.284819
1535 0.045972 143.330897
1536 0.046075 143.377078
1537 0.046692 143.42389
1538 0.045374 143.469366
1539 0.04576 143.51523
1540 0.045469 143.5608
1541 0.045621 143.606523
1542 0.045366 143.651991
1543 0.046062 143.698155
1544 0.045829 143.744095
1545 0.046083 143.790292
1546 0.045468 143.835873
1547 0.045385 143.881364
1548 0.044991 143.926463
1549 0.045004 143.971568
1550 0.044941 144.016609
1551 0.045497 144.062211
1552 0.045598 144.107916
1553 0.046105 144.154137
1554 0.044725 144.198976
1555 0.045164 144.244244
1556 0.044746 144.289101
1557 0.044923 144.334128
1558 0.04457 144.378803
1559 0.044544 144.423448
1560 0.044251 144.467805
1561 0.04429 144.512197
1562 0.045021 144.557321
1563 0.04566 144.60309
1564 0.044714 144.647935
1565 0.045191 144.693234
1566 0.044622 144.737965
1567 0.044779 144.782856
1568 0.043827 144.826784
1569 0.044493 144.87138
1570 0.044212 144.915695
1571 0.045977 144.961777
1572 0.044251 145.00614
1573 0.044447 145.050708
1574 0.04371 145.094526
1575 0.044175 145.138805
1576 0.043912 145.182828
1577 0.043852 145.226789
1578 0.043401 145.270294
1579 0.043675 145.31407
1580 0.043266 145.357441
1581 0.04347 145.401023
1582 0.043088 145.444215
1583 0.043876 145.488197
1584 0.043574 145.531887
1585 0.04372 145.575721
1586 0.04344 145.619274
1587 0.044678 145.664061
1588 0.043021 145.707196
1589 0.043134 145.750432
1590 0.042779 145.793311
1591 0.04306 145.836472
1592 0.042676 145.879256
1593 0.043269 145.922635
1594 0.043123 145.965875
1595 0.042922 146.008904
1596 0.042226 146.051234
1597 0.04287 146.094215
1598 0.042983 146.137311
1599 0.041518 146.178937
1600 0.041275 146.220311
done 1600 0.03443 146.254843
