[runlim] version:		1.7
[runlim] time limit:		3600 seconds
[runlim] real time limit:	311040000 seconds
[runlim] space limit:		80000 MB
[runlim] argv[0]:		python3.6
[runlim] argv[1]:		./netsolver-gurobi-softaffinity.py
[runlim] argv[2]:		../../../instances/hadoop/hadoop_extensions/us-west1.pn
[runlim] argv[3]:		../../../instances/hadoop/hadoop_extensions/hadoop_15_2bw.vn
[runlim] argv[4]:		True
[runlim] argv[5]:		False
[runlim] argv[6]:		timelogs/softaffinity/results.softaffinity.us-west1.pn.hadoop_15_2bw.vn.log
[runlim] start:			Sun Sep 22 22:51:46 2019
[runlim] main pid:		44777
Academic license - for non-commercial use only
[runlim] sample:		10.0 seconds, 222.5 MB
[runlim] sample:		20.0 seconds, 265.6 MB
[runlim] sample:		30.0 seconds, 231.3 MB
[runlim] sample:		40.0 seconds, 255.6 MB
[runlim] sample:		50.0 seconds, 259.2 MB
[runlim] sample:		60.0 seconds, 260.3 MB
[runlim] sample:		70.0 seconds, 290.2 MB
[runlim] sample:		80.0 seconds, 277.8 MB
[runlim] sample:		90.0 seconds, 277.8 MB
[runlim] sample:		100.0 seconds, 301.0 MB
[runlim] sample:		110.0 seconds, 286.1 MB
[runlim] sample:		120.0 seconds, 286.1 MB
[runlim] sample:		130.0 seconds, 235.1 MB
[runlim] sample:		140.0 seconds, 276.0 MB
[runlim] sample:		150.0 seconds, 277.7 MB
[runlim] sample:		160.0 seconds, 277.7 MB
[runlim] sample:		170.0 seconds, 277.7 MB
[runlim] sample:		180.0 seconds, 277.7 MB
[runlim] sample:		190.0 seconds, 269.4 MB
[runlim] sample:		200.0 seconds, 276.2 MB
[runlim] sample:		210.0 seconds, 276.2 MB
[runlim] sample:		220.0 seconds, 276.2 MB
[runlim] sample:		230.0 seconds, 302.6 MB
[runlim] sample:		240.0 seconds, 303.4 MB
[runlim] sample:		250.0 seconds, 303.4 MB
[runlim] sample:		260.0 seconds, 303.7 MB
[runlim] sample:		270.0 seconds, 311.0 MB
[runlim] sample:		280.0 seconds, 311.0 MB
[runlim] sample:		290.0 seconds, 290.4 MB
[runlim] sample:		300.0 seconds, 290.4 MB
[runlim] sample:		310.0 seconds, 306.6 MB
[runlim] sample:		320.0 seconds, 297.9 MB
[runlim] sample:		330.0 seconds, 304.3 MB
[runlim] sample:		340.0 seconds, 290.6 MB
[runlim] sample:		350.0 seconds, 237.6 MB
[runlim] sample:		360.0 seconds, 276.7 MB
[runlim] sample:		370.0 seconds, 278.1 MB
[runlim] sample:		380.0 seconds, 278.1 MB
[runlim] sample:		390.0 seconds, 278.1 MB
[runlim] sample:		400.0 seconds, 269.0 MB
[runlim] sample:		410.0 seconds, 274.6 MB
[runlim] sample:		420.0 seconds, 306.3 MB
[runlim] sample:		430.0 seconds, 294.2 MB
[runlim] sample:		440.0 seconds, 317.4 MB
[runlim] sample:		450.0 seconds, 287.0 MB
[runlim] sample:		460.0 seconds, 293.9 MB
[runlim] sample:		470.0 seconds, 294.9 MB
[runlim] sample:		480.0 seconds, 295.2 MB
[runlim] sample:		490.0 seconds, 295.2 MB
[runlim] sample:		500.0 seconds, 295.2 MB
[runlim] sample:		510.0 seconds, 295.2 MB
[runlim] sample:		520.0 seconds, 295.2 MB
[runlim] sample:		530.0 seconds, 269.2 MB
[runlim] sample:		540.0 seconds, 269.2 MB
[runlim] sample:		550.0 seconds, 274.4 MB
[runlim] sample:		560.0 seconds, 275.7 MB
[runlim] sample:		570.0 seconds, 235.8 MB
[runlim] sample:		580.0 seconds, 270.4 MB
[runlim] sample:		590.0 seconds, 277.3 MB
[runlim] sample:		600.0 seconds, 270.1 MB
[runlim] sample:		610.0 seconds, 301.9 MB
[runlim] sample:		620.0 seconds, 286.7 MB
[runlim] sample:		630.0 seconds, 334.3 MB
[runlim] sample:		640.0 seconds, 249.3 MB
[runlim] sample:		650.0 seconds, 288.4 MB
[runlim] sample:		660.0 seconds, 288.7 MB
[runlim] sample:		670.0 seconds, 289.7 MB
[runlim] sample:		680.0 seconds, 278.9 MB
[runlim] sample:		690.0 seconds, 280.2 MB
[runlim] sample:		700.0 seconds, 280.2 MB
[runlim] sample:		710.0 seconds, 280.2 MB
[runlim] sample:		720.0 seconds, 305.8 MB
[runlim] sample:		730.0 seconds, 306.0 MB
[runlim] sample:		740.0 seconds, 301.1 MB
[runlim] sample:		750.0 seconds, 305.1 MB
[runlim] sample:		760.0 seconds, 306.2 MB
[runlim] sample:		770.0 seconds, 291.7 MB
[runlim] sample:		780.0 seconds, 265.3 MB
[runlim] sample:		790.0 seconds, 289.2 MB
[runlim] sample:		800.0 seconds, 280.2 MB
[runlim] sample:		810.0 seconds, 280.2 MB
[runlim] sample:		820.0 seconds, 280.2 MB
[runlim] sample:		830.0 seconds, 280.2 MB
[runlim] sample:		840.0 seconds, 306.3 MB
[runlim] sample:		850.0 seconds, 291.3 MB
[runlim] sample:		860.0 seconds, 304.8 MB
[runlim] sample:		870.0 seconds, 305.1 MB
[runlim] sample:		880.0 seconds, 295.9 MB
[runlim] sample:		890.0 seconds, 295.9 MB
[runlim] sample:		900.0 seconds, 303.7 MB
[runlim] sample:		910.0 seconds, 296.8 MB
[runlim] sample:		920.0 seconds, 278.6 MB
[runlim] sample:		930.0 seconds, 274.1 MB
[runlim] sample:		940.0 seconds, 278.9 MB
[runlim] sample:		950.0 seconds, 278.9 MB
[runlim] sample:		960.0 seconds, 280.5 MB
[runlim] sample:		970.0 seconds, 303.0 MB
[runlim] sample:		980.0 seconds, 298.3 MB
[runlim] sample:		990.0 seconds, 301.6 MB
[runlim] sample:		1000.0 seconds, 303.1 MB
[runlim] sample:		1010.0 seconds, 288.1 MB
[runlim] sample:		1020.0 seconds, 299.0 MB
[runlim] sample:		1030.0 seconds, 278.5 MB
[runlim] sample:		1040.0 seconds, 278.3 MB
[runlim] sample:		1050.0 seconds, 278.8 MB
[runlim] sample:		1060.0 seconds, 278.8 MB
[runlim] sample:		1070.0 seconds, 278.8 MB
[runlim] sample:		1080.0 seconds, 278.8 MB
[runlim] sample:		1090.0 seconds, 278.8 MB
[runlim] sample:		1100.0 seconds, 280.9 MB
[runlim] sample:		1110.0 seconds, 302.9 MB
[runlim] sample:		1120.0 seconds, 302.9 MB
[runlim] sample:		1130.0 seconds, 280.3 MB
[runlim] sample:		1140.0 seconds, 280.3 MB
[runlim] sample:		1150.0 seconds, 280.3 MB
[runlim] sample:		1160.0 seconds, 305.2 MB
[runlim] sample:		1170.0 seconds, 312.9 MB
[runlim] sample:		1180.0 seconds, 297.4 MB
[runlim] sample:		1190.0 seconds, 286.9 MB
[runlim] sample:		1200.0 seconds, 238.6 MB
[runlim] sample:		1210.0 seconds, 238.8 MB
[runlim] sample:		1220.0 seconds, 278.5 MB
[runlim] sample:		1230.0 seconds, 280.5 MB
[runlim] sample:		1240.0 seconds, 274.3 MB
[runlim] sample:		1250.0 seconds, 273.2 MB
[runlim] sample:		1260.0 seconds, 273.2 MB
[runlim] sample:		1270.0 seconds, 273.7 MB
[runlim] sample:		1280.0 seconds, 298.0 MB
[runlim] sample:		1290.0 seconds, 304.9 MB
[runlim] sample:		1300.0 seconds, 282.6 MB
[runlim] sample:		1310.0 seconds, 282.6 MB
[runlim] sample:		1320.0 seconds, 309.0 MB
[runlim] sample:		1330.0 seconds, 309.2 MB
[runlim] sample:		1340.0 seconds, 318.5 MB
[runlim] sample:		1350.0 seconds, 294.1 MB
[runlim] sample:		1360.0 seconds, 294.1 MB
[runlim] sample:		1370.0 seconds, 309.7 MB
[runlim] sample:		1380.0 seconds, 238.4 MB
[runlim] sample:		1390.0 seconds, 278.3 MB
[runlim] sample:		1400.0 seconds, 272.6 MB
[runlim] sample:		1410.0 seconds, 272.6 MB
[runlim] sample:		1420.0 seconds, 275.9 MB
[runlim] sample:		1430.0 seconds, 296.4 MB
[runlim] sample:		1440.0 seconds, 294.5 MB
[runlim] sample:		1450.0 seconds, 295.3 MB
[runlim] sample:		1460.0 seconds, 304.0 MB
[runlim] sample:		1470.0 seconds, 289.8 MB
[runlim] sample:		1480.0 seconds, 261.1 MB
[runlim] sample:		1490.0 seconds, 292.5 MB
[runlim] sample:		1500.0 seconds, 292.7 MB
[runlim] sample:		1510.0 seconds, 274.2 MB
[runlim] sample:		1520.0 seconds, 274.2 MB
[runlim] sample:		1530.0 seconds, 274.2 MB
[runlim] sample:		1540.0 seconds, 304.2 MB
[runlim] sample:		1550.0 seconds, 304.5 MB
[runlim] sample:		1560.0 seconds, 302.7 MB
[runlim] sample:		1570.0 seconds, 303.0 MB
[runlim] sample:		1580.0 seconds, 288.8 MB
[runlim] sample:		1590.0 seconds, 261.4 MB
[runlim] sample:		1600.0 seconds, 261.4 MB
[runlim] sample:		1610.0 seconds, 291.5 MB
[runlim] sample:		1620.0 seconds, 292.0 MB
[runlim] sample:		1630.0 seconds, 293.4 MB
[runlim] sample:		1640.0 seconds, 287.9 MB
[runlim] sample:		1650.0 seconds, 295.8 MB
[runlim] sample:		1660.0 seconds, 296.1 MB
[runlim] sample:		1670.0 seconds, 297.1 MB
[runlim] sample:		1680.0 seconds, 297.1 MB
[runlim] sample:		1690.0 seconds, 297.1 MB
[runlim] sample:		1700.0 seconds, 275.7 MB
[runlim] sample:		1710.0 seconds, 296.1 MB
[runlim] sample:		1720.0 seconds, 297.2 MB
[runlim] sample:		1730.0 seconds, 297.4 MB
[runlim] sample:		1740.0 seconds, 297.4 MB
[runlim] sample:		1750.0 seconds, 291.4 MB
[runlim] sample:		1760.0 seconds, 278.1 MB
[runlim] sample:		1770.0 seconds, 302.3 MB
[runlim] sample:		1780.0 seconds, 303.1 MB
[runlim] sample:		1790.0 seconds, 303.1 MB
[runlim] sample:		1800.0 seconds, 303.1 MB
[runlim] sample:		1810.0 seconds, 296.6 MB
[runlim] sample:		1820.0 seconds, 292.4 MB
[runlim] sample:		1830.0 seconds, 292.7 MB
[runlim] sample:		1840.0 seconds, 293.0 MB
[runlim] sample:		1850.0 seconds, 293.0 MB
[runlim] sample:		1860.0 seconds, 293.0 MB
[runlim] sample:		1870.0 seconds, 293.0 MB
[runlim] sample:		1880.0 seconds, 298.4 MB
[runlim] sample:		1890.0 seconds, 305.6 MB
[runlim] sample:		1900.0 seconds, 310.2 MB
[runlim] sample:		1910.0 seconds, 283.6 MB
[runlim] sample:		1920.0 seconds, 238.3 MB
[runlim] sample:		1930.0 seconds, 238.5 MB
[runlim] sample:		1940.0 seconds, 238.5 MB
[runlim] sample:		1950.0 seconds, 280.5 MB
[runlim] sample:		1960.0 seconds, 281.9 MB
[runlim] sample:		1970.0 seconds, 265.9 MB
[runlim] sample:		1980.0 seconds, 273.1 MB
[runlim] sample:		1990.0 seconds, 273.6 MB
[runlim] sample:		2000.0 seconds, 274.1 MB
[runlim] sample:		2010.0 seconds, 301.0 MB
[runlim] sample:		2020.0 seconds, 299.6 MB
[runlim] sample:		2029.9 seconds, 285.6 MB
[runlim] sample:		2040.0 seconds, 299.8 MB
[runlim] sample:		2049.9 seconds, 269.4 MB
[runlim] sample:		2059.9 seconds, 292.8 MB
[runlim] sample:		2069.9 seconds, 273.9 MB
[runlim] sample:		2079.9 seconds, 273.9 MB
[runlim] sample:		2089.9 seconds, 273.9 MB
[runlim] sample:		2099.9 seconds, 278.6 MB
[runlim] sample:		2109.9 seconds, 302.7 MB
[runlim] sample:		2119.9 seconds, 309.6 MB
[runlim] sample:		2129.9 seconds, 287.8 MB
[runlim] sample:		2139.9 seconds, 303.1 MB
[runlim] sample:		2149.9 seconds, 309.3 MB
[runlim] sample:		2159.9 seconds, 287.2 MB
[runlim] sample:		2169.9 seconds, 287.2 MB
[runlim] sample:		2179.9 seconds, 289.7 MB
[runlim] sample:		2189.9 seconds, 297.6 MB
[runlim] sample:		2199.9 seconds, 284.0 MB
[runlim] sample:		2209.9 seconds, 284.0 MB
[runlim] sample:		2219.9 seconds, 284.0 MB
[runlim] sample:		2229.9 seconds, 294.8 MB
[runlim] sample:		2239.9 seconds, 295.0 MB
[runlim] sample:		2249.9 seconds, 295.8 MB
[runlim] sample:		2259.9 seconds, 296.1 MB
[runlim] sample:		2269.9 seconds, 296.1 MB
[runlim] sample:		2279.9 seconds, 302.3 MB
[runlim] sample:		2289.9 seconds, 294.4 MB
[runlim] sample:		2299.9 seconds, 274.2 MB
[runlim] sample:		2309.9 seconds, 297.0 MB
[runlim] sample:		2319.9 seconds, 304.2 MB
[runlim] sample:		2329.9 seconds, 305.7 MB
[runlim] sample:		2339.9 seconds, 313.7 MB
[runlim] sample:		2349.9 seconds, 313.7 MB
[runlim] sample:		2359.9 seconds, 289.9 MB
[runlim] sample:		2369.9 seconds, 290.4 MB
[runlim] sample:		2379.9 seconds, 305.3 MB
[runlim] sample:		2389.9 seconds, 276.3 MB
[runlim] sample:		2399.9 seconds, 290.8 MB
[runlim] sample:		2409.9 seconds, 290.8 MB
[runlim] sample:		2419.9 seconds, 295.8 MB
[runlim] sample:		2429.9 seconds, 304.1 MB
[runlim] sample:		2439.9 seconds, 284.1 MB
[runlim] sample:		2449.9 seconds, 284.1 MB
[runlim] sample:		2459.9 seconds, 295.2 MB
[runlim] sample:		2469.9 seconds, 295.2 MB
[runlim] sample:		2479.9 seconds, 296.2 MB
[runlim] sample:		2489.9 seconds, 296.5 MB
[runlim] sample:		2499.9 seconds, 288.6 MB
[runlim] sample:		2509.9 seconds, 279.7 MB
[runlim] sample:		2519.9 seconds, 302.0 MB
[runlim] sample:		2529.9 seconds, 302.2 MB
[runlim] sample:		2539.9 seconds, 303.3 MB
[runlim] sample:		2549.9 seconds, 303.3 MB
[runlim] sample:		2559.9 seconds, 303.5 MB
[runlim] sample:		2569.9 seconds, 303.5 MB
[runlim] sample:		2579.9 seconds, 311.1 MB
[runlim] sample:		2589.9 seconds, 312.1 MB
[runlim] sample:		2599.9 seconds, 312.1 MB
[runlim] sample:		2609.9 seconds, 281.1 MB
[runlim] sample:		2619.9 seconds, 281.1 MB
[runlim] sample:		2629.9 seconds, 281.1 MB
[runlim] sample:		2639.9 seconds, 298.5 MB
[runlim] sample:		2649.9 seconds, 298.8 MB
[runlim] sample:		2659.9 seconds, 283.4 MB
[runlim] sample:		2669.9 seconds, 291.1 MB
[runlim] sample:		2679.9 seconds, 298.1 MB
[runlim] sample:		2689.9 seconds, 281.4 MB
[runlim] sample:		2699.9 seconds, 293.0 MB
[runlim] sample:		2709.9 seconds, 293.2 MB
[runlim] sample:		2719.9 seconds, 294.3 MB
[runlim] sample:		2729.9 seconds, 288.1 MB
[runlim] sample:		2739.9 seconds, 274.9 MB
[runlim] sample:		2749.9 seconds, 274.9 MB
[runlim] sample:		2759.9 seconds, 274.9 MB
[runlim] sample:		2769.9 seconds, 280.3 MB
[runlim] sample:		2779.9 seconds, 307.2 MB
[runlim] sample:		2789.9 seconds, 314.9 MB
[runlim] sample:		2799.9 seconds, 285.9 MB
[runlim] sample:		2809.9 seconds, 285.9 MB
[runlim] sample:		2819.9 seconds, 288.4 MB
[runlim] sample:		2829.9 seconds, 312.3 MB
[runlim] sample:		2839.9 seconds, 304.5 MB
[runlim] sample:		2849.9 seconds, 290.0 MB
[runlim] sample:		2859.9 seconds, 303.4 MB
[runlim] sample:		2869.9 seconds, 196.8 MB
[runlim] sample:		2879.9 seconds, 237.9 MB
[runlim] sample:		2889.9 seconds, 277.6 MB
[runlim] sample:		2899.9 seconds, 279.0 MB
[runlim] sample:		2909.9 seconds, 279.3 MB
[runlim] sample:		2919.9 seconds, 265.3 MB
[runlim] sample:		2929.9 seconds, 271.0 MB
[runlim] sample:		2939.9 seconds, 271.5 MB
[runlim] sample:		2949.9 seconds, 271.5 MB
[runlim] sample:		2959.9 seconds, 272.0 MB
[runlim] sample:		2969.9 seconds, 272.0 MB
[runlim] sample:		2979.9 seconds, 299.7 MB
[runlim] sample:		2989.9 seconds, 298.9 MB
[runlim] sample:		2999.9 seconds, 299.2 MB
[runlim] sample:		3009.9 seconds, 279.1 MB
[runlim] sample:		3019.9 seconds, 299.2 MB
[runlim] sample:		3029.9 seconds, 240.4 MB
[runlim] sample:		3039.9 seconds, 279.9 MB
[runlim] sample:		3049.9 seconds, 271.7 MB
[runlim] sample:		3059.9 seconds, 272.0 MB
[runlim] sample:		3069.9 seconds, 272.2 MB
[runlim] sample:		3079.9 seconds, 272.2 MB
[runlim] sample:		3089.9 seconds, 276.1 MB
[runlim] sample:		3099.9 seconds, 294.5 MB
[runlim] sample:		3109.9 seconds, 295.5 MB
[runlim] sample:		3119.9 seconds, 279.0 MB
[runlim] sample:		3129.9 seconds, 279.0 MB
[runlim] sample:		3139.9 seconds, 303.6 MB
[runlim] sample:		3149.9 seconds, 303.9 MB
[runlim] sample:		3159.9 seconds, 282.5 MB
[runlim] sample:		3169.9 seconds, 282.5 MB
[runlim] sample:		3179.9 seconds, 284.3 MB
[runlim] sample:		3189.9 seconds, 306.5 MB
[runlim] sample:		3199.9 seconds, 291.0 MB
[runlim] sample:		3209.9 seconds, 292.6 MB
[runlim] sample:		3219.9 seconds, 306.0 MB
[runlim] sample:		3229.9 seconds, 276.2 MB
[runlim] sample:		3239.9 seconds, 276.9 MB
[runlim] sample:		3249.9 seconds, 271.4 MB
[runlim] sample:		3259.9 seconds, 271.6 MB
[runlim] sample:		3269.9 seconds, 296.5 MB
[runlim] sample:		3279.9 seconds, 296.8 MB
[runlim] sample:		3289.9 seconds, 288.1 MB
[runlim] sample:		3299.9 seconds, 288.1 MB
[runlim] sample:		3309.9 seconds, 304.0 MB
[runlim] sample:		3319.9 seconds, 294.8 MB
[runlim] sample:		3329.9 seconds, 294.8 MB
[runlim] sample:		3339.9 seconds, 308.5 MB
[runlim] sample:		3349.9 seconds, 291.1 MB
[runlim] sample:		3359.9 seconds, 315.0 MB
[runlim] sample:		3369.9 seconds, 295.6 MB
[runlim] sample:		3379.9 seconds, 269.0 MB
[runlim] sample:		3389.9 seconds, 276.6 MB
[runlim] sample:		3399.9 seconds, 265.8 MB
[runlim] sample:		3409.9 seconds, 271.0 MB
[runlim] sample:		3419.9 seconds, 271.2 MB
[runlim] sample:		3429.9 seconds, 271.2 MB
[runlim] sample:		3439.9 seconds, 273.8 MB
[runlim] sample:		3449.9 seconds, 300.7 MB
[runlim] sample:		3459.9 seconds, 301.2 MB
[runlim] sample:		3469.9 seconds, 285.6 MB
[runlim] sample:		3479.9 seconds, 285.6 MB
[runlim] sample:		3489.9 seconds, 285.6 MB
[runlim] sample:		3499.9 seconds, 286.6 MB
[runlim] sample:		3509.9 seconds, 304.8 MB
[runlim] sample:		3519.9 seconds, 305.5 MB
[runlim] sample:		3529.9 seconds, 313.3 MB
[runlim] sample:		3539.9 seconds, 289.2 MB
[runlim] sample:		3549.9 seconds, 289.7 MB
[runlim] sample:		3559.9 seconds, 290.3 MB
[runlim] sample:		3569.9 seconds, 202.2 MB
[runlim] sample:		3579.9 seconds, 275.3 MB
[runlim] sample:		3589.9 seconds, 271.7 MB
[runlim] sample:		3599.9 seconds, 272.5 MB
[runlim] end:			Sun Sep 22 23:51:46 2019
[runlim] status:		out of time
[runlim] result:		1
[runlim] children:		0
[runlim] real:			3600.58 seconds
[runlim] time:			3600.02 seconds
[runlim] space:			346.6 MB
[runlim] samples:		36001
