# instance ../../../instances/hadoop/hadoop_extensions/us-west2.pn
# Settings: PN=../../../instances/hadoop/hadoop_extensions/us-west2.pn, VN=../../../instances/hadoop/hadoop_extensions/hadoop_4_1bw.vn, multi-thread=False
init 0.285788 0.285788
1 0.04163 0.327418
2 0.046312 0.373833
3 0.04576 0.419659
4 0.045702 0.465442
5 0.045596 0.511106
6 0.045488 0.556674
7 0.045388 0.60213
8 0.045416 0.647623
9 0.045248 0.692939
10 0.045379 0.738393
11 0.045175 0.783639
12 0.045439 0.829144
13 0.044946 0.874169
14 0.04416 0.918395
15 0.045188 0.963664
16 0.045116 1.008853
17 0.043852 1.052784
18 0.04377 1.09662
19 0.043702 1.140396
20 0.044771 1.185229
21 0.044976 1.230271
22 0.044622 1.274969
23 0.044843 1.319876
24 0.044776 1.36473
25 0.043376 1.408177
26 0.044653 1.452911
27 0.043199 1.49618
28 0.043315 1.539576
29 0.044294 1.583932
30 0.043229 1.627228
31 0.044573 1.671876
32 0.044741 1.71669
33 0.043237 1.760006
34 0.04503 1.805105
35 0.043171 1.84836
36 0.045009 1.893436
37 0.043087 1.936604
38 0.042961 1.979631
39 0.04289 2.022591
40 0.042722 2.065393
41 0.042441 2.107898
42 0.044634 2.152611
43 0.043913 2.196596
44 0.043914 2.240595
45 0.043442 2.284104
46 0.044343 2.328512
47 0.044154 2.372746
48 0.044083 2.416907
49 0.042065 2.459053
50 0.042159 2.501276
51 0.042121 2.54348
52 0.041824 2.585378
53 0.042043 2.627483
54 0.041919 2.66949
55 0.041698 2.711249
56 0.041934 2.75326
57 0.043356 2.79668
58 0.043608 2.840369
59 0.041481 2.881916
60 0.041842 2.923833
61 0.04168 2.965589
62 0.041618 3.007273
63 0.043284 3.050634
64 0.041321 3.092021
65 0.041392 3.133483
66 0.041277 3.174826
67 0.041301 3.216186
68 0.041195 3.257454
69 0.041342 3.298858
70 0.041317 3.34025
71 0.041245 3.381556
72 0.041221 3.422841
73 0.042141 3.465057
74 0.042338 3.507461
75 0.042625 3.550173
76 0.040717 3.590958
77 0.040875 3.631902
78 0.040577 3.672549
79 0.040639 3.713254
80 0.040516 3.753847
81 0.040543 3.794451
82 0.040783 3.835307
83 0.040492 3.875859
84 0.040676 3.916594
85 0.040466 3.957131
86 0.041788 3.998984
87 0.040267 4.039328
88 0.040307 4.079698
89 0.040164 4.119921
90 0.040151 4.160145
91 0.04145 4.201654
92 0.039984 4.241712
93 0.03979 4.281561
94 0.0401 4.321716
95 0.039911 4.361696
96 0.039899 4.401654
97 0.039841 4.441566
98 0.039912 4.481536
99 0.040971 4.522563
100 0.0396 4.562237
101 0.040908 4.603203
102 0.040991 4.64427
103 0.039326 4.683657
104 0.041372 4.725087
105 0.03926 4.764417
106 0.039388 4.803863
107 0.039257 4.843192
108 0.039326 4.882579
109 0.039353 4.921988
110 0.039099 4.961156
111 0.040673 5.001885
112 0.039202 5.041158
113 0.038894 5.080113
114 0.038889 5.11906
115 0.0389 5.15803
116 0.038895 5.196986
117 0.038926 5.235983
118 0.038636 5.274678
119 0.038591 5.313324
120 0.038733 5.35213
121 0.038192 5.39038
122 0.039897 5.430337
123 0.03814 5.468545
124 0.038494 5.507096
125 0.038402 5.545575
126 0.038081 5.583714
127 0.038062 5.621833
128 0.038055 5.65996
129 0.037937 5.697957
130 0.038193 5.736222
131 0.037787 5.774066
132 0.037866 5.811992
133 0.037977 5.85004
134 0.037819 5.887919
135 0.038114 5.926089
136 0.037792 5.963951
137 0.037934 6.001945
138 0.037732 6.039753
139 0.037494 6.077305
140 0.037552 6.114916
141 0.037468 6.152454
142 0.037306 6.189815
143 0.038773 6.228645
144 0.037686 6.266403
145 0.03768 6.304139
146 0.037325 6.341535
147 0.037442 6.379035
148 0.037678 6.416773
149 0.037315 6.454159
150 0.037213 6.491429
151 0.036901 6.528391
152 0.037389 6.56584
153 0.037812 6.603722
154 0.038001 6.641798
155 0.036554 6.678411
156 0.036734 6.7152
157 0.036667 6.751934
158 0.036445 6.788434
159 0.036535 6.825023
160 0.036677 6.861769
161 0.036653 6.898481
162 0.036517 6.935067
163 0.03662 6.971746
164 0.036777 7.008579
165 0.036617 7.045265
166 0.036001 7.081322
167 0.036571 7.117948
168 0.036525 7.154542
169 0.035821 7.190419
170 0.036108 7.226586
171 0.036292 7.26294
172 0.035832 7.29883
173 0.036204 7.335103
174 0.036519 7.371687
175 0.035968 7.407728
176 0.035799 7.443594
177 0.03559 7.47924
178 0.036141 7.515434
179 0.036626 7.552146
180 0.035508 7.587713
181 0.036054 7.623822
182 0.035699 7.659586
183 0.035155 7.694808
184 0.035483 7.730359
185 0.035358 7.765773
186 0.035209 7.801036
187 0.035235 7.836337
188 0.034871 7.871265
189 0.034912 7.906231
190 0.035651 7.941948
191 0.034829 7.976832
192 0.035087 8.011973
193 0.03467 8.046709
194 0.034837 8.081598
195 0.035027 8.116677
196 0.034977 8.151718
197 0.03704 8.188814
198 0.037277 8.226145
199 0.036794 8.263004
200 0.036952 8.300009
201 0.036757 8.336831
202 0.036557 8.373442
203 0.036729 8.410227
204 0.036912 8.447204
205 0.036484 8.483745
206 0.036567 8.520365
207 0.036261 8.556691
208 0.036191 8.592936
209 0.036357 8.629355
210 0.036007 8.665417
211 0.035939 8.70141
212 0.036304 8.73778
213 0.03566 8.773493
214 0.035822 8.809368
215 0.035791 8.845223
216 0.036659 8.881934
217 0.036052 8.918038
218 0.035642 8.953744
219 0.035555 8.989352
220 0.035588 9.024993
221 0.03472 9.059775
222 0.03527 9.095095
223 0.03627 9.131429
224 0.035114 9.166598
225 0.035185 9.201834
226 0.035146 9.237043
227 0.034883 9.271979
228 0.034975 9.307004
229 0.034863 9.34193
230 0.034555 9.376535
231 0.034566 9.411152
232 0.034625 9.445839
233 0.034496 9.480387
234 0.034532 9.514971
235 0.0344 9.549434
236 0.034641 9.584127
237 0.036352 9.620533
238 0.034109 9.654704
239 0.033437 9.688192
240 0.034292 9.722534
241 0.033399 9.755994
242 0.033535 9.78958
243 0.034203 9.823832
244 0.034154 9.85805
245 0.033651 9.891751
246 0.034251 9.926059
247 0.03309 9.959207
248 0.034102 9.99336
249 0.034008 10.02743
250 0.033456 10.060941
251 0.033428 10.09442
252 0.03295 10.127431
253 0.03263 10.160113
254 0.033857 10.19402
255 0.033508 10.22759
256 0.033437 10.261079
257 0.032537 10.293667
258 0.033311 10.327035
259 0.033017 10.360104
260 0.032505 10.392659
261 0.033186 10.425901
262 0.032905 10.458858
263 0.03209 10.490997
264 0.033377 10.524427
265 0.0329 10.557385
266 0.03278 10.590218
267 0.032117 10.622387
268 0.033064 10.655508
269 0.032559 10.68812
270 0.032888 10.721059
271 0.032452 10.753573
272 0.032512 10.786135
273 0.032603 10.818788
274 0.032183 10.851032
275 0.032529 10.883613
276 0.032981 10.916646
277 0.031338 10.948045
278 0.031184 10.979279
279 0.031985 11.011314
280 0.032265 11.043645
281 0.031037 11.074737
282 0.032034 11.10682
283 0.031069 11.137951
284 0.030802 11.168803
285 0.03154 11.200392
286 0.031881 11.232337
287 0.03153 11.26392
288 0.030574 11.294543
289 0.030678 11.32528
290 0.031436 11.356766
291 0.031333 11.38815
292 0.03072 11.418921
293 0.030339 11.449321
294 0.030275 11.479646
295 0.030145 11.509841
296 0.030189 11.54009
297 0.030895 11.571034
298 0.030898 11.601983
299 0.031953 11.633997
300 0.031549 11.665598
301 0.033377 11.699027
302 0.032068 11.731158
303 0.03175 11.762958
304 0.03176 11.794769
305 0.032688 11.827513
306 0.032515 11.86008
307 0.032102 11.892232
308 0.033375 11.925664
309 0.032247 11.957968
310 0.032416 11.990435
311 0.03235 12.022842
312 0.03205 12.05495
313 0.031915 12.086915
314 0.032154 12.119119
315 0.031949 12.151127
316 0.030903 12.182081
317 0.030798 12.212928
318 0.03075 12.243737
319 0.030549 12.274335
320 0.030737 12.305121
321 0.030425 12.335603
322 0.030399 12.366051
323 0.03017 12.39627
324 0.0304 12.426726
325 0.030114 12.456887
326 0.030061 12.486994
327 0.030134 12.517175
328 0.029906 12.547138
329 0.029776 12.576961
330 0.029939 12.606947
331 0.030072 12.637077
332 0.030808 12.667933
333 0.029688 12.697671
334 0.029721 12.72745
335 0.029199 12.756708
336 0.029206 12.785961
337 0.029275 12.815284
338 0.02919 12.844531
339 0.028956 12.873536
340 0.030537 12.904121
341 0.029029 12.933211
342 0.028703 12.961963
343 0.029889 12.991899
344 0.029744 13.0217
345 0.028331 13.050083
346 0.029584 13.079715
347 0.029942 13.109707
348 0.029173 13.13894
349 0.029263 13.168251
350 0.029954 13.198308
351 0.029218 13.227627
352 0.029915 13.257591
353 0.028527 13.286167
354 0.028583 13.314799
355 0.02823 13.343087
356 0.028189 13.371325
357 0.029733 13.401106
358 0.028295 13.429461
359 0.027806 13.457317
360 0.027849 13.485214
361 0.027642 13.512903
362 0.028684 13.541644
363 0.027345 13.569039
364 0.028882 13.597968
365 0.028294 13.626321
366 0.02726 13.65363
367 0.028272 13.681965
368 0.028426 13.710441
369 0.026892 13.737392
370 0.026791 13.76423
371 0.028119 13.792396
372 0.026869 13.819321
373 0.026459 13.84583
374 0.026339 13.872215
375 0.028507 13.900768
376 0.02726 13.928093
377 0.026641 13.954784
378 0.026621 13.981453
379 0.026502 14.008003
380 0.02655 14.034609
381 0.027247 14.061902
382 0.026239 14.088189
383 0.026274 14.11451
384 0.02624 14.140804
385 0.027055 14.167909
386 0.025858 14.193816
387 0.025771 14.219642
388 0.025664 14.245355
389 0.025458 14.270861
390 0.025555 14.296462
391 0.025467 14.321982
392 0.025281 14.347309
393 0.025095 14.372451
394 0.025133 14.39763
395 0.025104 14.422788
396 0.02486 14.447693
397 0.02466 14.472401
398 0.024722 14.497171
399 0.024667 14.521892
400 0.024433 14.546373
401 0.024302 14.570722
402 0.024255 14.595023
403 0.02425 14.619327
404 0.024167 14.64354
405 0.023864 14.667454
406 0.023892 14.691403
407 0.023991 14.715445
408 0.023764 14.739267
409 0.02369 14.763003
410 0.023521 14.786569
411 0.023678 14.810293
412 0.023405 14.833751
413 0.023187 14.856984
414 0.024267 14.881298
415 0.024158 14.905503
416 0.023234 14.928795
417 0.022864 14.951707
418 0.022938 14.974692
419 0.022826 14.997567
420 0.022872 15.020496
421 0.022459 15.043001
422 0.02248 15.065527
423 0.022367 15.087941
424 0.022509 15.110496
425 0.022214 15.132764
426 0.023572 15.156381
427 0.022223 15.17865
428 0.022337 15.20104
429 0.022012 15.22311
430 0.02185 15.245007
431 0.021672 15.266725
432 0.021685 15.288456
433 0.021871 15.310377
434 0.022576 15.333008
435 0.021299 15.354355
436 0.021352 15.375753
437 0.022731 15.398529
438 0.022831 15.42142
439 0.022321 15.443789
440 0.022946 15.466784
441 0.022344 15.489195
442 0.02319 15.512449
443 0.021566 15.534113
444 0.020839 15.555015
445 0.020657 15.575717
446 0.020674 15.596436
447 0.02062 15.617113
448 0.020472 15.63763
449 0.020233 15.657907
450 0.020322 15.678273
451 0.020185 15.698505
452 0.020261 15.71882
453 0.019941 15.738806
454 0.020032 15.758884
455 0.019796 15.778725
456 0.019924 15.798695
457 0.019813 15.818561
458 0.019673 15.838279
459 0.019518 15.857841
460 0.019539 15.877424
461 0.019458 15.896926
462 0.01965 15.916628
463 0.020855 15.937527
464 0.020351 15.95798
465 0.019552 15.97762
466 0.01921 15.996881
467 0.020547 16.017486
468 0.019107 16.036641
469 0.019094 16.055788
470 0.019905 16.07578
471 0.019497 16.095371
472 0.019038 16.114485
473 0.018597 16.133129
474 0.019492 16.152667
475 0.018527 16.17124
476 0.018476 16.189762
477 0.018522 16.20833
478 0.018356 16.226742
479 0.019574 16.246362
480 0.019106 16.265515
481 0.018028 16.283589
482 0.019473 16.303108
483 0.018085 16.321249
484 0.017952 16.339247
485 0.017866 16.357159
486 0.017845 16.375054
487 0.01862 16.393719
488 0.017905 16.41168
489 0.017692 16.429418
490 0.017569 16.447033
491 0.017448 16.464529
492 0.017368 16.481942
493 0.017428 16.499415
494 0.017473 16.516949
495 0.017132 16.534127
496 0.017124 16.551297
497 0.017099 16.568442
498 0.017017 16.585504
499 0.01718 16.602729
500 0.016988 16.61977
501 0.016876 16.636691
502 0.016826 16.653562
503 0.016739 16.670345
504 0.016841 16.687234
505 0.016883 16.704163
506 0.016696 16.720911
507 0.016502 16.737459
508 0.016511 16.754016
509 0.016419 16.770481
510 0.016414 16.786939
511 0.016402 16.803386
512 0.016413 16.819851
513 0.016192 16.836091
514 0.016234 16.85237
515 0.016113 16.868532
516 0.01608 16.884655
517 0.017547 16.902246
518 0.016165 16.918465
519 0.015895 16.934407
520 0.015895 16.950348
521 0.016628 16.96702
522 0.015807 16.982875
523 0.0168 16.99972
524 0.015774 17.015554
525 0.016507 17.032108
526 0.015596 17.047751
527 0.015456 17.063253
528 0.015469 17.078767
529 0.01539 17.094202
530 0.01548 17.109734
531 0.015271 17.125051
532 0.015218 17.140314
533 0.015108 17.155467
534 0.015137 17.170659
535 0.015088 17.185791
536 0.015295 17.20113
537 0.014999 17.216182
538 0.014992 17.231219
539 0.015928 17.247194
540 0.014927 17.262167
541 0.014812 17.277025
542 0.014839 17.291909
543 0.014943 17.306901
544 0.014724 17.321673
545 0.014644 17.336362
546 0.014637 17.351044
547 0.015446 17.36655
548 0.015424 17.382019
549 0.014602 17.396667
550 0.014551 17.411272
551 0.014534 17.425849
552 0.014383 17.440277
553 0.014312 17.454634
554 0.014292 17.46897
555 0.014195 17.48321
556 0.014381 17.497635
557 0.01404 17.511728
558 0.014017 17.525791
559 0.013462 17.539299
560 0.013418 17.552762
done 560 0.010768 17.563572
