# instance ../../../instances/hadoop/hadoop_extensions/us-west2.pn
# Settings: PN=../../../instances/hadoop/hadoop_extensions/us-west2.pn, VN=../../../instances/hadoop/hadoop_extensions/hadoop_10_2bw.vn, multi-thread=False
init 0.690359 0.690359
1 1.757457 2.447816
2 2.461196 4.909135
3 2.423202 7.332465
4 2.527343 9.859925
5 2.185816 12.045865
6 2.318556 14.364533
7 1.844403 16.209053
8 2.406106 18.615289
9 2.470114 21.085523
10 2.720031 23.805675
11 2.219624 26.025439
12 1.907358 27.932914
13 1.703626 29.63666
14 2.017172 31.653949
15 1.769316 33.423382
16 2.247626 35.671126
17 1.602841 37.274092
18 2.30733 39.581543
19 2.171536 41.753205
20 2.114573 43.867898
21 2.978882 46.846899
22 3.896596 50.743608
23 1.459756 52.203474
24 1.841254 54.044853
25 3.274571 57.319542
26 1.826863 59.146523
27 1.394609 60.541261
28 1.388992 61.930373
29 1.771644 63.702135
30 1.794997 65.497251
31 1.996288 67.493655
32 2.000649 69.49444
33 1.97285 71.467416
34 1.61449 73.082031
35 3.473088 76.55524
36 1.412702 77.968068
37 2.513666 80.481824
38 1.967418 82.449363
39 2.081702 84.531182
40 2.16312 86.694415
41 2.443606 89.138141
42 1.734743 90.873008
43 2.113772 92.986899
44 1.996165 94.983181
45 2.103519 97.086828
46 1.688029 98.774981
47 1.643684 100.418787
48 2.11912 102.538024
49 1.500412 104.038555
50 5.390879 109.42955
51 2.151857 111.581528
52 3.138673 114.720323
53 1.497385 116.217829
54 1.378935 117.596883
55 1.922314 119.519318
56 1.414728 120.934161
57 1.734501 122.668782
58 1.736505 124.405404
59 3.297159 127.70268
60 1.511383 129.214192
61 1.82274 131.037051
62 1.725083 132.762256
63 4.058497 136.820885
64 1.520622 138.341626
65 1.896771 140.238518
66 1.433069 141.671703
67 1.328899 143.000722
68 2.859381 145.860226
69 1.498639 147.358987
70 1.890117 149.249223
71 3.597707 152.847052
72 3.12739 155.974554
73 4.196718 160.171388
74 1.621173 161.792669
75 3.733947 165.526731
76 3.766363 169.293216
77 3.665301 172.958632
78 2.107396 175.066148
79 1.380865 176.447128
80 3.423962 179.871205
81 1.18229 181.053612
82 1.440373 182.494102
83 3.384314 185.878538
84 2.882762 188.761416
85 1.552276 190.313814
86 1.452963 191.76689
87 3.485623 195.252624
88 2.537011 197.789753
89 1.211649 199.001528
90 1.573464 200.575117
91 0.987497 201.562735
92 3.141441 204.704292
93 3.620613 208.32502
94 1.055199 209.380346
95 2.938242 212.318702
96 3.665543 215.984356
97 1.115631 217.100103
98 1.038284 218.138502
99 2.74069 220.879313
100 2.360549 223.239972
101 1.505749 224.745843
102 3.092079 227.838043
103 1.347709 229.185867
104 2.589277 231.775263
105 1.404649 233.180028
106 0.892412 234.07256
107 2.651059 236.723734
108 1.083392 237.807252
109 2.731511 240.538881
110 1.904302 242.443289
111 1.162277 243.60569
112 2.635673 246.241489
113 1.304277 247.545879
114 2.385825 249.931824
115 2.196325 252.12825
116 1.082783 253.211151
117 2.476349 255.687626
118 2.363212 258.050955
119 2.228192 260.279264
120 2.496251 262.775625
121 1.247472 264.023212
122 1.819478 265.842804
123 0.924634 266.767553
124 0.882181 267.649849
125 1.652313 269.302275
126 1.925214 271.227605
127 0.879689 272.107417
128 0.664994 272.772533
129 1.353595 274.126244
130 0.886754 275.013113
131 1.737601 276.750831
132 0.67648 277.427426
133 1.862294 279.289841
134 0.901791 280.191743
135 1.596058 281.787914
136 0.594817 282.382841
137 0.553646 282.936602
138 0.681623 283.618344
139 0.590231 284.208694
140 0.586299 284.795111
141 1.064274 285.859498
142 0.694414 286.554025
143 0.365529 286.919662
144 0.462248 287.382019
145 0.582228 287.964358
146 0.545619 288.510086
147 0.531899 289.042096
148 0.318583 289.360795
149 0.46104 289.821949
150 0.644602 290.466666
151 0.500122 290.9669
152 0.446769 291.413782
153 0.546842 291.960738
154 0.438772 292.399621
155 0.471776 292.871507
156 0.231558 293.103177
157 0.52909 293.63238
158 0.205824 293.838314
159 0.274004 294.112424
160 0.214221 294.326752
161 0.199236 294.526098
162 0.197487 294.723694
163 0.199042 294.922845
164 0.122559 295.045511
165 0.158894 295.204514
166 0.134426 295.339049
167 0.14737 295.48653
done 167 0.136924 295.62356
