[runlim] version:		1.7
[runlim] time limit:		3600 seconds
[runlim] real time limit:	311040000 seconds
[runlim] space limit:		80000 MB
[runlim] argv[0]:		python3.6
[runlim] argv[1]:		./netsolver-gurobi-softaffinity.py
[runlim] argv[2]:		../../../instances/hadoop/hadoop_extensions/us-west2.pn
[runlim] argv[3]:		../../../instances/hadoop/hadoop_extensions/hadoop_4_2bw.vn
[runlim] argv[4]:		True
[runlim] argv[5]:		False
[runlim] argv[6]:		timelogs/softaffinity/results.softaffinity.us-west2.pn.hadoop_4_2bw.vn.log
[runlim] start:			Sun Sep 22 23:52:04 2019
[runlim] main pid:		47620
Academic license - for non-commercial use only
[runlim] sample:		10.0 seconds, 31.9 MB
17.579259
560
Median time: 0.0323555 s
[runlim] end:			Sun Sep 22 23:52:21 2019
[runlim] status:		ok
[runlim] result:		0
[runlim] children:		0
[runlim] real:			17.96 seconds
[runlim] time:			17.59 seconds
[runlim] space:			34.3 MB
[runlim] samples:		176
