# instance ../../../instances/hadoop/hadoop_extensions/us-west2.pn
# Settings: PN=../../../instances/hadoop/hadoop_extensions/us-west2.pn, VN=../../../instances/hadoop/hadoop_extensions/hadoop_4_2bw.vn, multi-thread=False
init 0.283496 0.283496
1 0.040958 0.324454
2 0.045907 0.370454
3 0.045912 0.416431
4 0.045632 0.462133
5 0.044992 0.5072
6 0.04535 0.552614
7 0.044191 0.596884
8 0.045266 0.642218
9 0.045243 0.68754
10 0.045196 0.732804
11 0.045041 0.777926
12 0.044885 0.822875
13 0.044923 0.867877
14 0.044953 0.912899
15 0.044919 0.957885
16 0.044892 1.002853
17 0.04366 1.046579
18 0.043667 1.09033
19 0.043425 1.133819
20 0.044675 1.178571
21 0.043875 1.22251
22 0.043844 1.266461
23 0.044368 1.310892
24 0.043584 1.354539
25 0.044635 1.39925
26 0.0445 1.443815
27 0.04529 1.489185
28 0.044044 1.533332
29 0.045244 1.578682
30 0.045458 1.624249
31 0.04538 1.669737
32 0.045287 1.715132
33 0.043633 1.758869
34 0.044491 1.803433
35 0.045534 1.849062
36 0.043723 1.892895
37 0.043226 1.936212
38 0.043086 1.979377
39 0.043163 2.022613
40 0.042943 2.065643
41 0.042567 2.108271
42 0.042785 2.151123
43 0.042288 2.193489
44 0.0425 2.236048
45 0.042356 2.278481
46 0.04229 2.320832
47 0.042339 2.363241
48 0.042034 2.405347
49 0.042145 2.447552
50 0.041983 2.489608
51 0.041817 2.531484
52 0.04183 2.573396
53 0.041666 2.615123
54 0.041895 2.657073
55 0.041529 2.698675
56 0.041776 2.740509
57 0.041789 2.782371
58 0.041525 2.823956
59 0.041483 2.865511
60 0.041513 2.907094
61 0.042727 2.949879
62 0.041664 2.991617
63 0.04139 3.033068
64 0.041351 3.074492
65 0.04245 3.117001
66 0.041284 3.158346
67 0.041024 3.199442
68 0.042942 3.242453
69 0.04279 3.285317
70 0.043026 3.328404
71 0.041101 3.369581
72 0.040953 3.410602
73 0.041088 3.451755
74 0.040751 3.492586
75 0.040645 3.53329
76 0.041874 3.575236
77 0.040477 3.615773
78 0.040894 3.656723
79 0.040408 3.697202
80 0.04066 3.737919
81 0.040593 3.778582
82 0.040463 3.819101
83 0.040553 3.859716
84 0.04038 3.90016
85 0.040422 3.940636
86 0.040339 3.981046
87 0.041509 4.022609
88 0.040307 4.062985
89 0.041118 4.10416
90 0.041717 4.145934
91 0.040083 4.18609
92 0.039974 4.226121
93 0.040238 4.266429
94 0.039801 4.306288
95 0.039819 4.346162
96 0.039856 4.38609
97 0.04095 4.427096
98 0.039813 4.46698
99 0.039376 4.506412
100 0.039521 4.545987
101 0.039369 4.585424
102 0.040726 4.626206
103 0.040856 4.66713
104 0.040599 4.707787
105 0.041204 4.749047
106 0.040803 4.789918
107 0.040704 4.83068
108 0.039175 4.869928
109 0.038983 4.908968
110 0.039119 4.948143
111 0.039088 4.987299
112 0.038938 5.026293
113 0.040308 5.066671
114 0.038756 5.105486
115 0.038846 5.144388
116 0.038656 5.183113
117 0.038582 5.221751
118 0.03888 5.260696
119 0.03847 5.299221
120 0.03852 5.337796
121 0.038274 5.376135
122 0.038231 5.414423
123 0.03831 5.452787
124 0.039553 5.492403
125 0.038185 5.530645
126 0.038099 5.568811
127 0.039519 5.608385
128 0.038233 5.646675
129 0.037883 5.684626
130 0.037978 5.722659
131 0.038164 5.760888
132 0.037937 5.798879
133 0.037966 5.836899
134 0.037825 5.874789
135 0.037634 5.912479
136 0.038 5.950531
137 0.037703 5.9883
138 0.037637 6.02599
139 0.037709 6.063767
140 0.037638 6.101459
141 0.037509 6.139022
142 0.037826 6.176916
143 0.037595 6.214567
144 0.037912 6.252531
145 0.037536 6.290133
146 0.037953 6.32814
147 0.037169 6.365376
148 0.036835 6.402265
149 0.037427 6.439744
150 0.037235 6.477046
151 0.037368 6.514468
152 0.036944 6.551464
153 0.037407 6.588945
154 0.036702 6.625702
155 0.036716 6.662482
156 0.03659 6.699124
157 0.036529 6.735705
158 0.036574 6.772345
159 0.03619 6.808589
160 0.036971 6.845613
161 0.036388 6.882066
162 0.036464 6.918583
163 0.036564 6.955206
164 0.036188 6.991454
165 0.036761 7.028279
166 0.03628 7.064623
167 0.036524 7.101201
168 0.037069 7.138323
169 0.03621 7.174607
170 0.036373 7.211034
171 0.036186 7.247271
172 0.036037 7.283373
173 0.035847 7.319271
174 0.036006 7.355334
175 0.035762 7.391154
176 0.035847 7.427052
177 0.035841 7.462958
178 0.035865 7.498876
179 0.035886 7.534812
180 0.035749 7.570624
181 0.035869 7.606545
182 0.035729 7.642325
183 0.035398 7.677787
184 0.035296 7.713148
185 0.03592 7.749121
186 0.035859 7.785045
187 0.035024 7.820123
188 0.03539 7.855572
189 0.035039 7.890666
190 0.035235 7.925952
191 0.035076 7.961095
192 0.034872 7.996018
193 0.03524 8.031309
194 0.035011 8.066384
195 0.035117 8.101553
196 0.035028 8.136632
197 0.037101 8.173797
198 0.03697 8.210819
199 0.037287 8.248157
200 0.037005 8.285226
201 0.036524 8.321803
202 0.036234 8.358104
203 0.036869 8.395028
204 0.03656 8.431638
205 0.03662 8.468323
206 0.035681 8.504061
207 0.0362 8.540315
208 0.035684 8.576063
209 0.036253 8.612366
210 0.03642 8.648838
211 0.0371 8.686002
212 0.035947 8.721998
213 0.036087 8.758147
214 0.036179 8.794377
215 0.035949 8.830377
216 0.03593 8.866372
217 0.035765 8.902188
218 0.035886 8.938123
219 0.0366 8.974784
220 0.035591 9.010431
221 0.035721 9.046206
222 0.035438 9.081707
223 0.035142 9.116901
224 0.035605 9.152556
225 0.035045 9.187664
226 0.035216 9.22293
227 0.035235 9.258228
228 0.034867 9.293146
229 0.035021 9.328216
230 0.034836 9.363113
231 0.034511 9.397674
232 0.034808 9.43253
233 0.034655 9.467243
234 0.034336 9.501629
235 0.034387 9.536065
236 0.034629 9.570754
237 0.034208 9.605019
238 0.034263 9.639333
239 0.034552 9.673945
240 0.034013 9.708007
241 0.034339 9.742393
242 0.034381 9.776839
243 0.033373 9.810262
244 0.034415 9.844726
245 0.034257 9.879041
246 0.034526 9.913616
247 0.03412 9.947785
248 0.034072 9.981913
249 0.034015 10.015978
250 0.033892 10.049924
251 0.033203 10.083187
252 0.032851 10.116086
253 0.032984 10.149118
254 0.033657 10.182833
255 0.03266 10.215542
256 0.032931 10.24852
257 0.033316 10.281893
258 0.033187 10.315129
259 0.033689 10.348868
260 0.032416 10.381343
261 0.032218 10.413609
262 0.032486 10.446142
263 0.032206 10.478404
264 0.033293 10.511745
265 0.032287 10.544082
266 0.033155 10.577293
267 0.032518 10.609861
268 0.033106 10.643016
269 0.031987 10.675062
270 0.032483 10.707594
271 0.03267 10.740312
272 0.032067 10.772438
273 0.031518 10.804005
274 0.032692 10.836745
275 0.032805 10.869616
276 0.032251 10.901916
277 0.032256 10.934222
278 0.03154 10.965821
279 0.032544 10.998412
280 0.032295 11.030755
281 0.031363 11.062177
282 0.030959 11.093184
283 0.030992 11.124224
284 0.031095 11.155375
285 0.030862 11.186285
286 0.031855 11.218188
287 0.031165 11.249403
288 0.030795 11.280254
289 0.030716 11.311024
290 0.030793 11.341865
291 0.030559 11.37248
292 0.030405 11.402932
293 0.030491 11.433471
294 0.030526 11.464053
295 0.031264 11.495369
296 0.030348 11.525767
297 0.031221 11.557046
298 0.030841 11.587936
299 0.030758 11.618742
300 0.031167 11.649961
301 0.033346 11.683363
302 0.032772 11.71619
303 0.033381 11.749622
304 0.033109 11.782791
305 0.033215 11.816057
306 0.033277 11.849384
307 0.033076 11.882525
308 0.032433 11.915011
309 0.03168 11.946741
310 0.032546 11.979344
311 0.032193 12.011589
312 0.032488 12.044126
313 0.032061 12.076246
314 0.032234 12.108529
315 0.03215 12.140726
316 0.032114 12.172898
317 0.031728 12.204675
318 0.032005 12.236729
319 0.032055 12.268842
320 0.030714 12.299605
321 0.031489 12.331141
322 0.031863 12.363061
323 0.031502 12.394612
324 0.031493 12.426153
325 0.03044 12.456651
326 0.030299 12.486998
327 0.030079 12.517124
328 0.03024 12.54741
329 0.029942 12.577408
330 0.030006 12.60746
331 0.031066 12.638584
332 0.031062 12.669703
333 0.029665 12.699417
334 0.030746 12.73021
335 0.029651 12.759918
336 0.029387 12.789353
337 0.02928 12.818678
338 0.029414 12.84814
339 0.030232 12.878425
340 0.030218 12.908691
341 0.029051 12.937789
342 0.030131 12.967979
343 0.02871 12.996739
344 0.029791 13.026575
345 0.02872 13.055353
346 0.028485 13.083885
347 0.029179 13.113109
348 0.03051 13.143664
349 0.030026 13.173746
350 0.029932 13.203726
351 0.02899 13.232761
352 0.029033 13.261853
353 0.029566 13.291466
354 0.029578 13.321103
355 0.028532 13.349692
356 0.028354 13.378094
357 0.028183 13.406325
358 0.02928 13.435652
359 0.028138 13.463846
360 0.027919 13.491812
361 0.027718 13.519576
362 0.027929 13.547559
363 0.02757 13.575182
364 0.027526 13.602755
365 0.027422 13.630222
366 0.027431 13.657723
367 0.027118 13.684888
368 0.028174 13.713109
369 0.027287 13.740442
370 0.028051 13.768547
371 0.026878 13.795471
372 0.02681 13.822335
373 0.026716 13.849105
374 0.026551 13.875701
375 0.02704 13.902786
376 0.027107 13.929938
377 0.028132 13.958125
378 0.026897 13.985071
379 0.026578 14.011696
380 0.026772 14.038515
381 0.02651 14.06508
382 0.026511 14.091637
383 0.026206 14.117889
384 0.026442 14.144378
385 0.026233 14.170665
386 0.027153 14.197864
387 0.025931 14.223844
388 0.026124 14.250023
389 0.026617 14.276686
390 0.025709 14.302441
391 0.025567 14.328054
392 0.025682 14.35379
393 0.025267 14.379103
394 0.025283 14.404431
395 0.025191 14.429667
396 0.026278 14.455997
397 0.025887 14.481931
398 0.025847 14.507825
399 0.025778 14.533649
400 0.024909 14.558614
401 0.02447 14.583131
402 0.024474 14.60765
403 0.025351 14.633046
404 0.025328 14.658431
405 0.02506 14.683537
406 0.025317 14.708907
407 0.024088 14.733045
408 0.025087 14.758185
409 0.023785 14.782017
410 0.023815 14.805876
411 0.023685 14.829605
412 0.023693 14.853352
413 0.02335 14.876748
414 0.024264 14.901056
415 0.023352 14.924454
416 0.023337 14.947845
417 0.023053 14.970943
418 0.023033 14.994021
419 0.022873 15.016939
420 0.023085 15.04007
421 0.022766 15.062891
422 0.02271 15.085646
423 0.02252 15.108211
424 0.023538 15.131794
425 0.022458 15.154307
426 0.022392 15.176745
427 0.022212 15.199001
428 0.022186 15.221231
429 0.022231 15.243512
430 0.02212 15.265679
431 0.021846 15.28757
432 0.021854 15.309469
433 0.021719 15.331232
434 0.021794 15.353078
435 0.021491 15.374614
436 0.021524 15.396182
437 0.021385 15.417611
438 0.021647 15.439302
439 0.021319 15.460674
440 0.021231 15.481949
441 0.021936 15.503929
442 0.02124 15.525214
443 0.021127 15.546394
444 0.020941 15.56738
445 0.020831 15.588256
446 0.020769 15.60907
447 0.02073 15.629845
448 0.020781 15.650678
449 0.020476 15.671199
450 0.020443 15.691686
451 0.020297 15.712027
452 0.020472 15.732543
453 0.02033 15.752924
454 0.020131 15.773101
455 0.019992 15.793138
456 0.019994 15.813176
457 0.019998 15.833218
458 0.019894 15.853164
459 0.01968 15.872889
460 0.019686 15.89262
461 0.019589 15.912254
462 0.019736 15.932034
463 0.019529 15.951616
464 0.019456 15.971119
465 0.019267 15.990431
466 0.019286 16.009761
467 0.019254 16.029058
468 0.019311 16.048421
469 0.01905 16.067516
470 0.01901 16.08657
471 0.018906 16.10552
472 0.018932 16.124495
473 0.018905 16.143451
474 0.018754 16.162258
475 0.018585 16.180887
476 0.018652 16.199583
477 0.018489 16.218116
478 0.018703 16.236863
479 0.018502 16.255418
480 0.018347 16.27381
481 0.018218 16.292071
482 0.018176 16.31029
483 0.018304 16.328638
484 0.018238 16.346929
485 0.017985 16.364959
486 0.017943 16.382947
487 0.01781 16.400801
488 0.017913 16.418759
489 0.017988 16.436798
490 0.017732 16.454581
491 0.01758 16.472207
492 0.017584 16.489835
493 0.017429 16.507309
494 0.017514 16.524867
495 0.017552 16.542471
496 0.017377 16.559892
497 0.017262 16.577198
498 0.017328 16.59457
499 0.017128 16.611742
500 0.017293 16.629079
501 0.017073 16.646204
502 0.016984 16.663234
503 0.016915 16.680193
504 0.016907 16.697145
505 0.016766 16.713955
506 0.016956 16.730954
507 0.016867 16.747872
508 0.016713 16.764631
509 0.016628 16.781306
510 0.016601 16.797951
511 0.016614 16.814614
512 0.016748 16.831408
513 0.016481 16.84794
514 0.016354 16.864339
515 0.016283 16.880666
516 0.016284 16.896993
517 0.016216 16.913252
518 0.016325 16.929621
519 0.016237 16.945909
520 0.016131 16.962089
521 0.015977 16.978111
522 0.015913 16.994068
523 0.015823 17.009934
524 0.015966 17.025945
525 0.015917 17.041913
526 0.015737 17.057694
527 0.015629 17.073368
528 0.015829 17.089244
529 0.015595 17.104884
530 0.015576 17.120503
531 0.015662 17.136214
532 0.015514 17.151774
533 0.015414 17.167232
534 0.015352 17.182628
535 0.015308 17.19798
536 0.015242 17.213265
537 0.015411 17.228722
538 0.015363 17.244141
539 0.015195 17.259381
540 0.015108 17.274533
541 0.015111 17.289687
542 0.015036 17.304766
543 0.014982 17.319791
544 0.015183 17.335023
545 0.014868 17.34994
546 0.014834 17.364837
547 0.014765 17.379646
548 0.014745 17.394435
549 0.014719 17.409199
550 0.014799 17.424042
551 0.014751 17.438846
552 0.014627 17.453517
553 0.014592 17.468152
554 0.014554 17.48275
555 0.014522 17.497315
556 0.014452 17.511811
557 0.014378 17.526232
558 0.014369 17.540651
559 0.013734 17.554429
560 0.013666 17.568138
done 560 0.011079 17.579259
