# instance ../../../instances/hadoop/hadoop_extensions/us-west2.pn
# Settings: PN=../../../instances/hadoop/hadoop_extensions/us-west2.pn, VN=../../../instances/hadoop/hadoop_extensions/hadoop_15_1bw.vn, multi-thread=False
init 0.963662 0.963662
1 2.65238 3.616042
2 4.407722 8.023885
3 4.012682 12.036688
4 2.682504 14.719316
5 3.413858 18.13329
6 3.11725 21.250663
7 3.944934 25.195716
8 3.126915 28.32275
9 4.870273 33.19314
10 3.50128 36.69454
11 2.317497 39.012161
12 3.15133 42.163616
13 3.624311 45.78805
14 3.497985 49.286155
15 2.574246 51.860525
16 3.396899 55.257539
17 2.872404 58.130067
18 2.888409 61.018598
19 3.547894 64.56661
20 3.051199 67.617928
21 3.541348 71.159397
22 3.510373 74.669887
23 2.935125 77.605137
24 3.865639 81.4709
25 2.181297 83.652314
26 3.509708 87.162142
27 3.728643 90.890912
28 3.487968 94.379003
29 2.597781 96.976904
30 3.774296 100.751323
31 3.977186 104.72863
32 3.343323 108.072075
33 2.580341 110.65254
34 2.718439 113.371097
35 3.488785 116.86
36 2.564728 119.424848
37 2.766002 122.190967
38 2.734629 124.925718
39 2.826751 127.752597
40 2.832472 130.585194
41 4.567365 135.152679
42 3.424109 138.576908
43 2.473233 141.050267
44 2.378076 143.428471
45 3.107019 146.535604
46 2.406549 148.942273
47 4.244976 153.187369
48 2.961452 156.148939
49 1.71951 157.868567
50 1.846323 159.71502
51 2.36768 162.082819
52 3.001809 165.084745
53 2.71174 167.796603
54 2.625318 170.422044
55 2.782818 173.204978
56 2.91514 176.120238
57 2.872827 178.993179
58 1.926685 180.919985
59 2.064031 182.984133
60 2.142997 185.127247
61 2.441654 187.569016
62 2.684836 190.25395
63 2.159548 192.413618
64 2.185593 194.599329
65 1.317616 195.917061
66 1.482232 197.399412
67 1.920101 199.319633
68 1.709794 201.029541
69 2.203476 203.233137
70 1.837498 205.070756
71 1.969618 207.04049
72 2.117665 209.158274
73 1.80284 210.961234
74 1.892938 212.854292
75 1.607873 214.462284
76 2.390194 216.852598
77 1.89035 218.743071
78 2.57054 221.313732
79 1.748329 223.062202
80 1.585647 224.647967
81 1.546538 226.19462
82 1.719158 227.913895
83 2.639417 230.553433
84 2.381436 232.934987
85 1.497522 234.432631
86 1.549188 235.981938
87 2.171636 238.153697
88 1.721536 239.875367
89 1.169161 241.044648
90 1.745044 242.78981
91 1.156909 243.946838
92 1.385694 245.332651
93 2.593498 247.92626
94 0.974682 248.901062
95 1.51905 250.420228
96 1.544521 251.96486
97 2.64113 254.606121
98 1.480125 256.08637
99 1.599377 257.685862
100 0.988804 258.674781
101 2.187872 260.86277
102 2.261316 263.124208
103 0.913171 264.0375
104 1.363151 265.40077
105 1.22989 266.630775
106 0.895148 267.526035
107 1.558235 269.084385
108 1.161869 270.246383
109 2.061363 272.307858
110 1.354722 273.662698
111 1.190312 274.853123
112 1.4448 276.298045
113 1.002122 277.300289
114 1.199069 278.499477
115 1.107638 279.607226
116 0.881265 280.488606
117 0.636589 281.125311
118 0.940465 282.065891
119 1.043661 283.109664
120 1.129473 284.239249
121 0.562035 284.801401
122 0.630909 285.432426
123 0.631089 286.063633
124 0.729748 286.793493
125 0.891179 287.684783
126 0.703513 288.388411
127 1.029852 289.418378
128 0.498738 289.917228
129 0.692753 290.610092
130 0.509802 291.120017
131 2.56984 293.689972
132 0.261545 293.95163
133 0.230657 294.18241
134 0.213011 294.395544
135 0.203445 294.59911
136 0.170105 294.769333
done 136 0.141845 294.911296
