# instance ../../../instances/hadoop/hadoop_extensions/us-west1.pn
# Settings: PN=../../../instances/hadoop/hadoop_extensions/us-west1.pn, VN=../../../instances/hadoop/hadoop_extensions/hadoop_4_1bw.vn, multi-thread=False
init 1.246051 1.246051
1 0.202098 1.448149
2 0.225205 1.67348
3 0.226614 1.900212
4 0.225284 2.125617
5 0.22441 2.350146
6 0.225957 2.576223
7 0.226352 2.802695
8 0.224638 3.02745
9 0.226427 3.253991
10 0.227639 3.48175
11 0.224601 3.706471
12 0.224951 3.931543
13 0.224467 4.156127
14 0.224683 4.380926
15 0.226429 4.607472
16 0.225987 4.833571
17 0.224606 5.058297
18 0.22888 5.2873
19 0.226706 5.514123
20 0.225031 5.739278
21 0.225554 5.964954
22 0.224479 6.189556
23 0.224162 6.413841
24 0.224103 6.638065
25 0.226856 6.865039
26 0.225007 7.090162
27 0.224265 7.31455
28 0.224402 7.539072
29 0.225341 7.764533
30 0.226946 7.991613
31 0.225301 8.217038
32 0.224524 8.441675
33 0.220089 8.661882
34 0.21989 8.881889
35 0.224957 9.106964
36 0.224997 9.332079
37 0.220353 9.552552
38 0.225667 9.778356
39 0.22459 10.003066
40 0.220226 10.223411
41 0.227506 10.451034
42 0.228627 10.679788
43 0.227354 10.907266
44 0.227813 11.135205
45 0.227337 11.362663
46 0.227301 11.590092
47 0.228906 11.819119
48 0.228845 12.048077
49 0.227186 12.275382
50 0.230615 12.506119
51 0.222936 12.729174
52 0.22228 12.951575
53 0.226242 13.177939
54 0.222096 13.400156
55 0.226559 13.626833
56 0.222177 13.849126
57 0.225843 14.075093
58 0.226216 14.301428
59 0.224526 14.526074
60 0.227864 14.75406
61 0.227547 14.981725
62 0.225924 15.207767
63 0.226399 15.434286
64 0.226171 15.660575
65 0.22561 15.886324
66 0.225722 16.112171
67 0.225351 16.337647
68 0.225011 16.562781
69 0.224349 16.787252
70 0.22064 17.008017
71 0.225526 17.233662
72 0.226808 17.460591
73 0.225006 17.685727
74 0.224546 17.910394
75 0.224905 18.135418
76 0.226221 18.361765
77 0.226152 18.588036
78 0.225118 18.813271
79 0.226833 19.04022
80 0.225522 19.26586
81 0.224301 19.490278
82 0.219749 19.710145
83 0.218923 19.929186
84 0.223412 20.152707
85 0.219537 20.372368
86 0.219426 20.591914
87 0.219712 20.811749
88 0.218237 21.030105
89 0.219238 21.249464
90 0.218921 21.46851
91 0.227701 21.69633
92 0.222337 21.918786
93 0.222012 22.140913
94 0.222775 22.363815
95 0.222102 22.586034
96 0.218351 22.804504
97 0.222806 23.02743
98 0.223717 23.251267
99 0.224105 23.475491
100 0.223511 23.69912
101 0.222271 23.921508
102 0.217906 24.139526
103 0.224552 24.364195
104 0.224119 24.58843
105 0.223722 24.812276
106 0.222188 25.034586
107 0.217593 25.252303
108 0.216583 25.46901
109 0.223182 25.692312
110 0.22304 25.915471
111 0.222099 26.137689
112 0.217559 26.355365
113 0.216979 26.572465
114 0.222606 26.795198
115 0.222652 27.017971
116 0.223823 27.241911
117 0.223302 27.465334
118 0.220208 27.68566
119 0.216274 27.90205
120 0.215725 28.117895
121 0.216163 28.334172
122 0.220575 28.554865
123 0.221075 28.776057
124 0.217438 28.993613
125 0.220483 29.21421
126 0.216307 29.430637
127 0.220991 29.651746
128 0.222022 29.873894
129 0.22307 30.09709
130 0.222895 30.320111
131 0.216851 30.537077
132 0.22318 30.760378
133 0.223182 30.983675
134 0.222543 31.206332
135 0.22296 31.429407
136 0.222629 31.652153
137 0.216617 31.868896
138 0.220809 32.089835
139 0.214622 32.304579
140 0.215171 32.519884
141 0.2153 32.735298
142 0.214812 32.950229
143 0.214451 33.1648
144 0.214848 33.379765
145 0.215166 33.595047
146 0.22155 33.816713
147 0.2197 34.036527
148 0.220849 34.257493
149 0.220623 34.478235
150 0.218308 34.696668
151 0.213439 34.910234
152 0.21395 35.124307
153 0.219469 35.343874
154 0.219049 35.563041
155 0.214955 35.778119
156 0.219331 35.997569
157 0.220234 36.217927
158 0.21995 36.437992
159 0.2131 36.651212
160 0.218165 36.869502
161 0.218569 37.088196
162 0.219474 37.307796
163 0.217638 37.525553
164 0.21891 37.744578
165 0.218172 37.962887
166 0.219176 38.18218
167 0.211916 38.394213
168 0.216731 38.611061
169 0.213041 38.824221
170 0.21721 39.041545
171 0.217399 39.259059
172 0.212583 39.471759
173 0.21196 39.683841
174 0.216836 39.900804
175 0.217185 40.118114
176 0.211262 40.329494
177 0.217604 40.547233
178 0.218156 40.765508
179 0.217574 40.9832
180 0.211965 41.195291
181 0.210829 41.406241
182 0.210514 41.616874
183 0.211537 41.828535
184 0.210797 42.039459
185 0.211927 42.251504
186 0.216139 42.467763
187 0.210623 42.678512
188 0.211719 42.890348
189 0.210894 43.101358
190 0.216714 43.318187
191 0.21638 43.53468
192 0.216706 43.751504
193 0.215692 43.967313
194 0.216108 44.18354
195 0.214877 44.398542
196 0.216817 44.615483
197 0.215996 44.831584
198 0.215012 45.046714
199 0.210001 45.256835
200 0.217135 45.474089
201 0.216814 45.691021
202 0.215421 45.90656
203 0.214334 46.121017
204 0.215671 46.336802
205 0.21019 46.547111
206 0.210229 46.757457
207 0.215986 46.973562
208 0.216411 47.190091
209 0.215704 47.405914
210 0.214592 47.620625
211 0.214182 47.834938
212 0.2108 48.04586
213 0.209351 48.255329
214 0.215501 48.470953
215 0.214789 48.685866
216 0.215681 48.901672
217 0.213394 49.115184
218 0.2155 49.330809
219 0.215035 49.545961
220 0.215892 49.761974
221 0.21514 49.977232
222 0.214393 50.191751
223 0.215074 50.406945
224 0.213998 50.621063
225 0.213724 50.834899
226 0.212448 51.047468
227 0.214122 51.261708
228 0.207769 51.469596
229 0.21326 51.682978
230 0.21191 51.895008
231 0.214367 52.109497
232 0.213961 52.323582
233 0.213811 52.537506
234 0.212638 52.750265
235 0.208232 52.958618
236 0.21496 53.173698
237 0.207802 53.381622
238 0.208666 53.590407
239 0.207681 53.798215
240 0.207999 54.006331
241 0.207725 54.214177
242 0.207833 54.422128
243 0.206818 54.629063
244 0.212771 54.841943
245 0.207137 55.049197
246 0.206584 55.255897
247 0.212343 55.468358
248 0.208203 55.676679
249 0.206623 55.883428
250 0.211888 56.095442
251 0.211702 56.307267
252 0.211542 56.518925
253 0.206851 56.725892
254 0.206194 56.932202
255 0.207052 57.139377
256 0.205586 57.345083
257 0.210613 57.555821
258 0.206405 57.762346
259 0.20636 57.968824
260 0.211051 58.179992
261 0.21046 58.390573
262 0.210321 58.60102
263 0.211698 58.812837
264 0.211992 59.024948
265 0.211643 59.236707
266 0.21103 59.447857
267 0.205753 59.653734
268 0.206123 59.859973
269 0.205858 60.065952
270 0.205251 60.271329
271 0.205281 60.476733
272 0.205367 60.682224
273 0.209232 60.891581
274 0.205044 61.096742
275 0.204243 61.301106
276 0.203856 61.50508
277 0.203945 61.709146
278 0.204148 61.913419
279 0.204562 62.118102
280 0.204174 62.322392
281 0.204365 62.526874
282 0.204189 62.731181
283 0.205013 62.936312
284 0.203825 63.140255
285 0.203743 63.344119
286 0.204822 63.54906
287 0.203987 63.753173
288 0.20389 63.957187
289 0.205214 64.162519
290 0.209317 64.371955
291 0.2043 64.576374
292 0.209514 64.786001
293 0.207891 64.994017
294 0.204382 65.198518
295 0.20287 65.401509
296 0.202632 65.604261
297 0.208498 65.812884
298 0.202487 66.015495
299 0.202664 66.218286
300 0.203932 66.422337
301 0.208591 66.631045
302 0.203898 66.835063
303 0.209251 67.044435
304 0.202142 67.246695
305 0.202832 67.449647
306 0.202322 67.65209
307 0.203025 67.855237
308 0.202857 68.058216
309 0.202082 68.260421
310 0.202303 68.462845
311 0.202725 68.665691
312 0.202962 68.868772
313 0.202367 69.071261
314 0.207561 69.278947
315 0.202519 69.481584
316 0.206521 69.688225
317 0.206653 69.894998
318 0.200837 70.095953
319 0.202271 70.298343
320 0.202372 70.500834
321 0.200762 70.701717
322 0.200054 70.901898
323 0.201083 71.103108
324 0.206343 71.309575
325 0.20535 71.515046
326 0.200853 71.716026
327 0.200414 71.916563
328 0.201143 72.117838
329 0.200643 72.318595
330 0.200826 72.519533
331 0.20566 72.725311
332 0.206955 72.932387
333 0.204656 73.137165
334 0.199965 73.337253
335 0.199215 73.536587
336 0.204044 73.740761
337 0.206169 73.947051
338 0.200689 74.147859
339 0.199382 74.347366
340 0.200235 74.547726
341 0.200424 74.748268
342 0.20014 74.948526
343 0.20537 75.154014
344 0.206369 75.360505
345 0.203917 75.564547
346 0.204193 75.768871
347 0.203853 75.97285
348 0.199838 76.172813
349 0.19919 76.372128
350 0.198411 76.570658
351 0.204009 76.774786
352 0.199703 76.974607
353 0.199535 77.17426
354 0.203104 77.377481
355 0.204124 77.581723
356 0.203416 77.785263
357 0.203877 77.989282
358 0.202544 78.191949
359 0.198742 78.390809
360 0.198298 78.589226
361 0.198564 78.787909
362 0.202929 78.990958
363 0.203204 79.194281
364 0.198512 79.39291
365 0.198315 79.591346
366 0.198768 79.790237
367 0.198756 79.98911
368 0.198073 80.187307
369 0.198234 80.385661
370 0.198258 80.584037
371 0.198077 80.782238
372 0.197162 80.979526
373 0.204971 81.184619
374 0.202537 81.387298
375 0.202632 81.590051
376 0.197503 81.787672
377 0.20203 81.989821
378 0.20251 82.192449
379 0.19774 82.390308
380 0.197758 82.588193
381 0.203509 82.791822
382 0.197418 82.989359
383 0.196852 83.186328
384 0.196571 83.383021
385 0.197484 83.580626
386 0.197257 83.778012
387 0.201547 83.979675
388 0.197559 84.177362
389 0.19656 84.37404
390 0.196711 84.570871
391 0.196581 84.767576
392 0.197287 84.964993
393 0.200678 85.165792
394 0.201222 85.367132
395 0.200447 85.567695
396 0.20198 85.769795
397 0.195754 85.96567
398 0.19558 86.16137
399 0.195129 86.356622
400 0.201582 86.558339
401 0.195543 86.754
402 0.200451 86.95457
403 0.202164 87.156851
404 0.201739 87.358707
405 0.201268 87.560095
406 0.201541 87.761753
407 0.201064 87.962939
408 0.200184 88.163238
409 0.194562 88.357918
410 0.199589 88.557625
411 0.199613 88.75736
412 0.19455 88.952033
413 0.19447 89.146629
414 0.193885 89.340639
415 0.194267 89.535035
416 0.199291 89.734445
417 0.193992 89.928554
418 0.199362 90.128038
419 0.197878 90.326033
420 0.199184 90.525336
421 0.193648 90.719101
422 0.193167 90.912383
423 0.192897 91.105399
424 0.197507 91.303024
425 0.197347 91.50049
426 0.193972 91.694584
427 0.192396 91.887096
428 0.19207 92.079284
429 0.197491 92.276893
430 0.19789 92.474903
431 0.193758 92.66878
432 0.197578 92.866474
433 0.197877 93.064476
434 0.199307 93.263905
435 0.192816 93.456826
436 0.19256 93.649509
437 0.192555 93.842184
438 0.192508 94.03481
439 0.19822 94.233147
440 0.192509 94.425774
441 0.193289 94.61918
442 0.192926 94.812224
443 0.191957 95.004306
444 0.192842 95.197281
445 0.196577 95.393983
446 0.197002 95.591103
447 0.197111 95.788331
448 0.196513 95.984963
449 0.196134 96.181217
450 0.198233 96.379568
451 0.1915 96.571188
452 0.191976 96.763284
453 0.192588 96.955989
454 0.197458 97.153565
455 0.192182 97.345865
456 0.190846 97.536832
457 0.190919 97.727876
458 0.1916 97.9196
459 0.191862 98.111579
460 0.195995 98.307696
461 0.19633 98.504147
462 0.195552 98.699826
463 0.19599 98.895943
464 0.196187 99.092249
465 0.190245 99.28261
466 0.190134 99.472861
467 0.195764 99.668745
468 0.195435 99.864299
469 0.195215 100.059635
470 0.195631 100.255384
471 0.190036 100.445544
472 0.189919 100.635595
473 0.190045 100.825764
474 0.190246 101.016128
475 0.190847 101.207096
476 0.190174 101.397386
477 0.19068 101.588186
478 0.195424 101.783729
479 0.195262 101.979109
480 0.195372 102.1746
481 0.18853 102.363247
482 0.189872 102.553243
483 0.190448 102.743814
484 0.188681 102.93262
485 0.18819 103.120946
486 0.189237 103.310298
487 0.188457 103.498875
488 0.189281 103.688276
489 0.188995 103.877389
490 0.188735 104.06625
491 0.188972 104.25534
492 0.189569 104.445029
493 0.188319 104.633475
494 0.18777 104.821368
495 0.193447 105.014932
496 0.19354 105.208592
497 0.188822 105.397554
498 0.187775 105.58545
499 0.188341 105.773915
500 0.188508 105.962547
501 0.18877 106.151434
502 0.187208 106.338762
503 0.188476 106.527356
504 0.187835 106.715308
505 0.187525 106.902953
506 0.192194 107.095266
507 0.191874 107.287259
508 0.192916 107.480298
509 0.192261 107.672682
510 0.191987 107.864793
511 0.187627 108.052527
512 0.187224 108.239871
513 0.193186 108.43318
514 0.190913 108.62421
515 0.191221 108.815545
516 0.191281 109.006943
517 0.191748 109.198809
518 0.186906 109.385834
519 0.19262 109.578578
520 0.191657 109.770355
521 0.19272 109.963194
522 0.192939 110.15625
523 0.192616 110.348983
524 0.190355 110.539458
525 0.191702 110.731282
526 0.186855 110.918255
527 0.190802 111.109175
528 0.190746 111.300046
529 0.18592 111.486085
530 0.18678 111.672984
531 0.186274 111.859377
532 0.186193 112.045691
533 0.189888 112.235706
534 0.185739 112.421587
535 0.186775 112.608483
536 0.185827 112.794434
537 0.185013 112.979571
538 0.191101 113.170791
539 0.185128 113.356036
540 0.18637 113.542523
541 0.184977 113.727617
542 0.190849 113.918583
543 0.190213 114.10891
544 0.189043 114.298075
545 0.188807 114.487004
546 0.185648 114.672775
547 0.18525 114.858147
548 0.189854 115.04812
549 0.189299 115.23754
550 0.184893 115.422551
551 0.185573 115.608237
552 0.185618 115.793976
553 0.184193 115.978288
554 0.18426 116.162668
555 0.18877 116.351563
556 0.188469 116.540157
557 0.190082 116.730357
558 0.189546 116.920022
559 0.189782 117.10992
560 0.183179 117.293225
561 0.18362 117.47697
562 0.182804 117.659899
563 0.18405 117.844072
564 0.188841 118.033032
565 0.186795 118.219947
566 0.187548 118.407609
567 0.183293 118.591018
568 0.187569 118.778704
569 0.182299 118.961122
570 0.183442 119.144682
571 0.181693 119.326501
572 0.181647 119.508266
573 0.187894 119.696281
574 0.181714 119.878112
575 0.18637 120.064598
576 0.186611 120.251337
577 0.182097 120.433556
578 0.1819 120.615575
579 0.182481 120.798173
580 0.181576 120.979865
581 0.181237 121.16122
582 0.182953 121.344288
583 0.181975 121.526378
584 0.182253 121.708751
585 0.181834 121.890709
586 0.181852 122.07268
587 0.182288 122.255092
588 0.181172 122.436387
589 0.181548 122.618059
590 0.181919 122.800099
591 0.185974 122.986193
592 0.181853 123.168164
593 0.180476 123.348759
594 0.180454 123.529331
595 0.181057 123.710504
596 0.181151 123.891776
597 0.185318 124.077217
598 0.181217 124.258556
599 0.181502 124.440178
600 0.181645 124.621943
601 0.184246 124.806298
602 0.185068 124.991487
603 0.180051 125.171655
604 0.185898 125.35767
605 0.18083 125.538616
606 0.180884 125.719618
607 0.180116 125.899851
608 0.180225 126.080196
609 0.179915 126.260236
610 0.18009 126.440449
611 0.180574 126.621146
612 0.180254 126.801517
613 0.180694 126.982334
614 0.180373 127.16283
615 0.184695 127.347643
616 0.184507 127.53227
617 0.184547 127.716937
618 0.183885 127.900944
619 0.179297 128.080364
620 0.179224 128.259706
621 0.178932 128.438757
622 0.179029 128.617906
623 0.178773 128.796797
624 0.179856 128.976771
625 0.178762 129.155651
626 0.17974 129.335513
627 0.178457 129.514091
628 0.179415 129.693624
629 0.178254 129.871996
630 0.179583 130.051697
631 0.183021 130.234837
632 0.178807 130.413766
633 0.177894 130.591785
634 0.179594 130.7715
635 0.177474 130.949095
636 0.178764 131.127977
637 0.177868 131.305962
638 0.182762 131.488843
639 0.182415 131.671377
640 0.177893 131.849388
641 0.177837 132.027345
642 0.178213 132.20568
643 0.177217 132.383025
644 0.177083 132.560228
645 0.177607 132.737955
646 0.177363 132.915437
647 0.177877 133.093433
648 0.178039 133.271591
649 0.182151 133.453861
650 0.182389 133.636367
651 0.180559 133.817042
652 0.17762 133.994777
653 0.177542 134.172435
654 0.177542 134.350094
655 0.177084 134.527296
656 0.176946 134.704359
657 0.176685 134.881169
658 0.177037 135.05833
659 0.176174 135.234629
660 0.175927 135.41068
661 0.175661 135.58646
662 0.178748 135.76533
663 0.180423 135.945871
664 0.180608 136.126596
665 0.175202 136.301916
666 0.177984 136.480018
667 0.176862 136.656999
668 0.176645 136.833766
669 0.180468 137.014358
670 0.179607 137.194089
671 0.178543 137.372751
672 0.175454 137.548331
673 0.175007 137.723466
674 0.174631 137.898213
675 0.179809 138.078142
676 0.179386 138.257648
677 0.175833 138.433599
678 0.176382 138.610098
679 0.176182 138.786398
680 0.18049 138.967008
681 0.176439 139.143567
682 0.17627 139.319955
683 0.180921 139.50099
684 0.180778 139.681895
685 0.180231 139.862252
686 0.18049 140.042865
687 0.180352 140.223341
688 0.180297 140.403754
689 0.180054 140.583926
690 0.175234 140.759277
691 0.176014 140.935407
692 0.176053 141.111578
693 0.175976 141.287672
694 0.1751 141.462895
695 0.174183 141.6372
696 0.174722 141.812046
697 0.174102 141.986276
698 0.174309 142.160709
699 0.175599 142.336428
700 0.176092 142.512638
701 0.176154 142.688928
702 0.175397 142.864449
703 0.175974 143.040546
704 0.175986 143.216665
705 0.174279 143.391066
706 0.174731 143.565914
707 0.175439 143.741487
708 0.173903 143.915508
709 0.174212 144.089841
710 0.173697 144.263655
711 0.175642 144.439415
712 0.174537 144.614069
713 0.175064 144.78925
714 0.174439 144.963811
715 0.173458 145.13739
716 0.174071 145.311585
717 0.172732 145.484443
718 0.173142 145.657708
719 0.172967 145.830796
720 0.1738 146.004715
721 0.173677 146.178512
722 0.172952 146.351588
723 0.173178 146.524886
724 0.173034 146.698036
725 0.173449 146.871603
726 0.173216 147.044937
727 0.173074 147.218133
728 0.17261 147.39086
729 0.171961 147.562949
730 0.173778 147.736844
731 0.171961 147.908925
732 0.17236 148.081407
733 0.172772 148.254299
734 0.171608 148.426026
735 0.172184 148.598324
736 0.173901 148.772347
737 0.172246 148.944714
738 0.172123 149.116955
739 0.171921 149.288991
740 0.172723 149.461832
741 0.172295 149.634246
742 0.171371 149.805736
743 0.171055 149.976915
744 0.17135 150.14839
745 0.171345 150.319857
746 0.170586 150.490561
747 0.171817 150.662499
748 0.171352 150.83397
749 0.171416 151.005505
750 0.171288 151.176909
751 0.17213 151.349156
752 0.170164 151.519443
753 0.170663 151.69022
754 0.171291 151.861631
755 0.169552 152.031303
756 0.170737 152.202158
757 0.170802 152.37308
758 0.171636 152.544836
759 0.169798 152.714753
760 0.169123 152.883997
761 0.171366 153.055481
762 0.172724 153.228331
763 0.172143 153.400595
764 0.171872 153.572604
765 0.170396 153.743129
766 0.170301 153.913547
767 0.170775 154.084439
768 0.171982 154.256538
769 0.170396 154.427062
770 0.170187 154.59737
771 0.169818 154.767313
772 0.168863 154.936297
773 0.172997 155.10942
774 0.173706 155.283247
775 0.169273 155.452642
776 0.17368 155.626454
777 0.168491 155.795061
778 0.170337 155.965517
779 0.171855 156.137499
780 0.170308 156.307923
781 0.170094 156.478135
782 0.168601 156.646859
783 0.16984 156.816818
784 0.170391 156.98733
785 0.17172 157.159169
786 0.170257 157.329545
787 0.168256 157.497917
788 0.16858 157.666616
789 0.169714 157.83645
790 0.169206 158.005773
791 0.169449 158.17534
792 0.169229 158.344687
793 0.169226 158.514037
794 0.16797 158.68213
795 0.170014 158.852263
796 0.169273 159.021654
797 0.167216 159.188981
798 0.170629 159.359737
799 0.169014 159.528874
800 0.167818 159.696815
801 0.16772 159.864661
802 0.1675 160.032282
803 0.16757 160.19997
804 0.169869 160.36996
805 0.168318 160.538398
806 0.171285 160.709799
807 0.167246 160.877167
808 0.168336 161.045622
809 0.167667 161.213411
810 0.168438 161.381975
811 0.167052 161.549147
812 0.168487 161.717757
813 0.168169 161.88604
814 0.16796 162.05412
815 0.167433 162.22167
816 0.169673 162.391457
817 0.16846 162.560036
818 0.167831 162.727985
819 0.167024 162.895128
820 0.167773 163.063021
821 0.166759 163.229898
822 0.166834 163.396846
823 0.169783 163.566748
824 0.167567 163.734438
825 0.167164 163.901727
826 0.167402 164.069254
827 0.166946 164.236324
828 0.16632 164.402767
829 0.167495 164.570385
830 0.167301 164.737798
831 0.166617 164.904534
832 0.166111 165.07078
833 0.166227 165.237127
834 0.166617 165.403865
835 0.166872 165.570856
836 0.16666 165.737638
837 0.165564 165.90333
838 0.166763 166.070216
839 0.166567 166.236902
840 0.164916 166.401937
841 0.168156 166.570211
842 0.168911 166.73924
843 0.168368 166.907729
844 0.168171 167.076021
845 0.167546 167.243683
846 0.168178 167.41198
847 0.167654 167.579752
848 0.168073 167.747942
849 0.167616 167.915675
850 0.168116 168.083912
851 0.167453 168.251483
852 0.167938 168.419547
853 0.16724 168.586907
854 0.168523 168.755556
855 0.16774 168.923423
856 0.167183 169.090725
857 0.166697 169.257543
858 0.167614 169.425276
859 0.166527 169.591918
860 0.166788 169.758826
861 0.167558 169.926503
862 0.167094 170.093707
863 0.167485 170.261312
864 0.166826 170.428262
865 0.166451 170.594835
866 0.167536 170.762492
867 0.166461 170.929072
868 0.167109 171.096298
869 0.16614 171.262556
870 0.165646 171.428321
871 0.165841 171.594285
872 0.166567 171.76097
873 0.166094 171.927182
874 0.166613 172.093908
875 0.165445 172.25947
876 0.165844 172.425438
877 0.165173 172.590725
878 0.166126 172.756969
879 0.166108 172.923216
880 0.165234 173.08857
881 0.16489 173.253601
882 0.16535 173.419069
883 0.16532 173.584503
884 0.164152 173.748773
885 0.165128 173.914019
886 0.164163 174.078307
887 0.163953 174.242386
888 0.163801 174.406308
889 0.164968 174.571396
890 0.165 174.73651
891 0.164085 174.900714
892 0.164589 175.065426
893 0.164338 175.229889
894 0.163398 175.393407
895 0.163492 175.557022
896 0.163836 175.720975
897 0.164034 175.885123
898 0.163883 176.049124
899 0.16487 176.214114
900 0.163816 176.37805
901 0.163515 176.541688
902 0.163086 176.704894
903 0.162748 176.86776
904 0.163333 177.031211
905 0.162842 177.194169
906 0.163359 177.357647
907 0.16268 177.520445
908 0.163028 177.683587
909 0.16245 177.846154
910 0.161878 178.00815
911 0.162569 178.170838
912 0.162255 178.333216
913 0.162787 178.496128
914 0.162751 178.659006
915 0.162963 178.82209
916 0.161159 178.983369
917 0.16267 179.146166
918 0.162032 179.308323
919 0.162505 179.470951
920 0.162342 179.63341
921 0.16239 179.795914
922 0.162873 179.958906
923 0.162197 180.121226
924 0.161252 180.28259
925 0.161869 180.444578
926 0.160932 180.605644
927 0.160055 180.765822
928 0.16103 180.92697
929 0.160182 181.087272
930 0.161672 181.24906
931 0.161789 181.410969
932 0.1614 181.572483
933 0.161291 181.733891
934 0.162049 181.896057
935 0.16068 182.056856
936 0.16092 182.217894
937 0.161288 182.379294
938 0.161119 182.54053
939 0.16106 182.701718
940 0.16014 182.861977
941 0.159347 183.021442
942 0.159495 183.18105
943 0.159831 183.340999
944 0.160096 183.501216
945 0.1598 183.66114
946 0.159408 183.820671
947 0.159622 183.980412
948 0.159098 184.139633
949 0.159534 184.29929
950 0.160518 184.459931
951 0.160784 184.620841
952 0.160411 184.781359
953 0.159706 184.941186
954 0.159702 185.101006
955 0.158751 185.259875
956 0.158339 185.418331
957 0.158451 185.576898
958 0.158459 185.735473
959 0.158889 185.894478
960 0.158661 186.053257
961 0.158058 186.211436
962 0.15881 186.370367
963 0.159207 186.529691
964 0.157987 186.687795
965 0.157565 186.84548
966 0.157102 187.002702
967 0.158309 187.161128
968 0.158306 187.319557
969 0.158344 187.478019
970 0.158038 187.636179
971 0.157482 187.793782
972 0.157444 187.951352
973 0.156602 188.108075
974 0.157662 188.265856
975 0.157818 188.423794
976 0.15608 188.579989
977 0.156975 188.737088
978 0.156266 188.893476
979 0.156684 189.050281
980 0.153524 189.203927
981 0.156833 189.360882
982 0.155358 189.51636
983 0.156675 189.67315
984 0.156524 189.829795
985 0.15611 189.986027
986 0.155299 190.141447
987 0.155238 190.296805
988 0.156793 190.453714
989 0.155428 190.609259
990 0.15589 190.76527
991 0.155778 190.921167
992 0.155936 191.077219
993 0.155432 191.232772
994 0.155598 191.388494
995 0.155802 191.544415
996 0.155084 191.699617
997 0.155494 191.855228
998 0.155391 192.010737
999 0.155962 192.166824
1000 0.155696 192.32264
1001 0.155116 192.477876
1002 0.154385 192.632386
1003 0.155121 192.787625
1004 0.154457 192.942204
1005 0.154436 193.09676
1006 0.155675 193.252551
1007 0.154537 193.407221
1008 0.154895 193.562234
1009 0.154823 193.717179
1010 0.154862 193.87216
1011 0.153879 194.026163
1012 0.155042 194.181322
1013 0.154826 194.336266
1014 0.154487 194.490871
1015 0.154623 194.645615
1016 0.153748 194.799483
1017 0.154615 194.954224
1018 0.154576 195.108923
1019 0.15418 195.263226
1020 0.154055 195.417399
1021 0.153567 195.571081
1022 0.153091 195.724291
1023 0.153542 195.877948
1024 0.154361 196.032427
1025 0.152547 196.185099
1026 0.153121 196.338345
1027 0.152443 196.490913
1028 0.154015 196.645056
1029 0.152977 196.798156
1030 0.150763 196.94904
1031 0.153818 197.102978
1032 0.15206 197.255162
1033 0.155707 197.410986
1034 0.153436 197.56454
1035 0.153436 197.718107
1036 0.153064 197.871287
1037 0.151964 198.023376
1038 0.151439 198.174928
1039 0.15257 198.327619
1040 0.15242 198.480157
1041 0.151558 198.631834
1042 0.151969 198.783919
1043 0.151487 198.935524
1044 0.151793 199.087436
1045 0.151851 199.239406
1046 0.150728 199.390252
1047 0.15177 199.54214
1048 0.151408 199.693665
1049 0.153765 199.847548
1050 0.150966 199.99865
1051 0.152271 200.151039
1052 0.15219 200.303356
1053 0.151625 200.455105
1054 0.152949 200.608175
1055 0.151013 200.759311
1056 0.151633 200.911068
1057 0.147965 201.05916
1058 0.150731 201.210019
1059 0.1517 201.361841
1060 0.150464 201.512426
1061 0.150299 201.66285
1062 0.150115 201.813084
1063 0.150464 201.963668
1064 0.15095 202.114735
1065 0.14983 202.264687
1066 0.147418 202.412227
1067 0.150464 202.562819
1068 0.150292 202.713235
1069 0.150764 202.864125
1070 0.150213 203.014457
1071 0.149588 203.164164
1072 0.151248 203.315531
1073 0.151319 203.46697
1074 0.150058 203.617144
1075 0.149874 203.767133
1076 0.146916 203.914176
1077 0.152059 204.066356
1078 0.150076 204.216551
1079 0.150639 204.367319
1080 0.149053 204.516492
1081 0.147335 204.663947
1082 0.151234 204.815298
1083 0.150376 204.965793
1084 0.152175 205.118085
1085 0.150718 205.26892
1086 0.149272 205.418318
1087 0.148823 205.567262
1088 0.149703 205.717097
1089 0.148234 205.86545
1090 0.14615 206.011724
1091 0.14843 206.160276
1092 0.150958 206.311354
1093 0.145551 206.457028
1094 0.149144 206.606289
1095 0.149699 206.756107
1096 0.150209 206.906434
1097 0.150216 207.056768
1098 0.150898 207.207785
1099 0.149226 207.357138
1100 0.14882 207.506076
1101 0.145767 207.651965
1102 0.144614 207.796701
1103 0.149529 207.946348
1104 0.148835 208.095302
1105 0.148724 208.244145
1106 0.143854 208.388125
1107 0.149629 208.537874
1108 0.149005 208.686997
1109 0.151614 208.83873
1110 0.148716 208.987564
1111 0.148407 209.136089
1112 0.147959 209.284169
1113 0.148412 209.432706
1114 0.148075 209.580908
1115 0.148923 209.729961
1116 0.148647 209.878729
1117 0.148435 210.027287
1118 0.148955 210.17636
1119 0.147987 210.324465
1120 0.14634 210.470923
1121 0.146581 210.617621
1122 0.148143 210.765885
1123 0.14808 210.914092
1124 0.147169 211.061386
1125 0.146978 211.20849
1126 0.14705 211.355663
1127 0.146749 211.502534
1128 0.147555 211.650209
1129 0.146311 211.796641
1130 0.147437 211.944214
1131 0.146321 212.090656
1132 0.1462 212.236981
1133 0.145927 212.38303
1134 0.142067 212.525215
1135 0.146122 212.671456
1136 0.145431 212.817004
1137 0.145923 212.96304
1138 0.14721 213.110368
1139 0.142517 213.253005
1140 0.145628 213.398751
1141 0.146443 213.545314
1142 0.145383 213.690816
1143 0.142251 213.833191
1144 0.142131 213.975445
1145 0.142206 214.117777
1146 0.14116 214.259057
1147 0.141588 214.400767
1148 0.146002 214.546892
1149 0.14549 214.692501
1150 0.142192 214.834817
1151 0.144575 214.979511
1152 0.145417 215.125047
1153 0.14473 215.269894
1154 0.144997 215.415009
1155 0.145837 215.560967
1156 0.145802 215.706891
1157 0.145266 215.852284
1158 0.144642 215.997054
1159 0.145743 216.142925
1160 0.140679 216.283722
1161 0.14118 216.425022
1162 0.141202 216.566345
1163 0.145016 216.711482
1164 0.145498 216.857101
1165 0.144453 217.001672
1166 0.141045 217.142838
1167 0.144122 217.287079
1168 0.144675 217.431875
1169 0.143839 217.575833
1170 0.141036 217.716989
1171 0.140283 217.857389
1172 0.139749 217.99726
1173 0.144691 218.142075
1174 0.144418 218.286619
1175 0.140123 218.426866
1176 0.139563 218.566551
1177 0.140009 218.706681
1178 0.143577 218.850382
1179 0.139408 218.989913
1180 0.139229 219.12926
1181 0.139128 219.268504
1182 0.14302 219.411642
1183 0.139322 219.551082
1184 0.142714 219.693915
1185 0.143724 219.837759
1186 0.142571 219.980454
1187 0.142924 220.123503
1188 0.142274 220.265893
1189 0.138951 220.404965
1190 0.143145 220.548232
1191 0.13832 220.686674
1192 0.144184 220.830977
1193 0.143867 220.974963
1194 0.143267 221.118359
1195 0.142591 221.26107
1196 0.142455 221.403647
1197 0.142259 221.546025
1198 0.139049 221.685192
1199 0.142306 221.827615
1200 0.137879 221.96561
1201 0.138211 222.103941
1202 0.142027 222.246089
1203 0.142249 222.388457
1204 0.137154 222.525733
1205 0.137114 222.662965
1206 0.143336 222.806427
1207 0.141608 222.948162
1208 0.142143 223.090429
1209 0.140477 223.231031
1210 0.141253 223.372407
1211 0.137164 223.509691
1212 0.141071 223.650888
1213 0.141181 223.792191
1214 0.14198 223.934292
1215 0.140861 224.075288
1216 0.139424 224.214827
1217 0.141686 224.356632
1218 0.140635 224.497398
1219 0.137111 224.634627
1220 0.135636 224.770375
1221 0.141122 224.91162
1222 0.141183 225.052923
1223 0.140457 225.193498
1224 0.136595 225.330212
1225 0.140846 225.471172
1226 0.14009 225.61138
1227 0.139454 225.750954
1228 0.135326 225.886401
1229 0.141026 226.027548
1230 0.139247 226.166912
1231 0.135252 226.302282
1232 0.136343 226.43875
1233 0.13621 226.575082
1234 0.135706 226.710907
1235 0.135927 226.846953
1236 0.135221 226.982295
1237 0.134837 227.11725
1238 0.135176 227.252538
1239 0.135052 227.387728
1240 0.135247 227.523096
1241 0.135725 227.658934
1242 0.135314 227.794371
1243 0.135393 227.929893
1244 0.135299 228.065313
1245 0.134346 228.199787
1246 0.135142 228.335052
1247 0.13488 228.47005
1248 0.139183 228.60935
1249 0.13945 228.748917
1250 0.138229 228.887266
1251 0.139296 229.02668
1252 0.135488 229.162283
1253 0.134997 229.297399
1254 0.139249 229.436768
1255 0.138442 229.575333
1256 0.137732 229.713187
1257 0.140202 229.853508
1258 0.134747 229.988374
1259 0.134303 230.122794
1260 0.133628 230.256536
1261 0.13407 230.390734
1262 0.133897 230.524749
1263 0.134079 230.658948
1264 0.138534 230.797599
1265 0.137781 230.935498
1266 0.13751 231.073127
1267 0.137353 231.210603
1268 0.138376 231.349107
1269 0.137309 231.486548
1270 0.138246 231.624922
1271 0.133932 231.758974
1272 0.13382 231.892913
1273 0.13279 232.025827
1274 0.133066 232.159009
1275 0.133271 232.292399
1276 0.13308 232.425599
1277 0.133634 232.559352
1278 0.133108 232.692578
1279 0.132891 232.825608
1280 0.132922 232.958652
1281 0.132292 233.091063
1282 0.132221 233.223406
1283 0.137119 233.360641
1284 0.135683 233.496454
1285 0.135491 233.632065
1286 0.136367 233.768547
1287 0.131448 233.90013
1288 0.131933 234.032183
1289 0.132661 234.164962
1290 0.135463 234.300542
1291 0.13589 234.436568
1292 0.136275 234.572974
1293 0.134243 234.70733
1294 0.134737 234.842183
1295 0.136322 234.978625
1296 0.13523 235.113974
1297 0.131094 235.245186
1298 0.131809 235.377111
1299 0.131009 235.508236
1300 0.131617 235.63997
1301 0.13619 235.776283
1302 0.135633 235.912044
1303 0.134804 236.046973
1304 0.134453 236.181551
1305 0.130073 236.311749
1306 0.135556 236.447425
1307 0.130057 236.577604
1308 0.133999 236.711724
1309 0.130348 236.842196
1310 0.130013 236.972326
1311 0.134986 237.107428
1312 0.133896 237.241438
1313 0.133668 237.375227
1314 0.133398 237.508745
1315 0.1346 237.643466
1316 0.135032 237.778624
1317 0.130093 237.908838
1318 0.130451 238.039414
1319 0.133674 238.17321
1320 0.133309 238.306637
1321 0.133414 238.440169
1322 0.134472 238.57476
1323 0.132098 238.706974
1324 0.133292 238.840385
1325 0.133124 238.973629
1326 0.130053 239.103801
1327 0.129193 239.233113
1328 0.135335 239.368568
1329 0.134668 239.503366
1330 0.134993 239.638479
1331 0.129668 239.768267
1332 0.129646 239.898033
1333 0.129464 240.027617
1334 0.12948 240.157213
1335 0.129426 240.286758
1336 0.129335 240.416213
1337 0.12906 240.545399
1338 0.134862 240.680385
1339 0.128539 240.809047
1340 0.129182 240.938354
1341 0.13332 241.071797
1342 0.128402 241.200322
1343 0.128192 241.328634
1344 0.128445 241.457209
1345 0.128008 241.585338
1346 0.132654 241.718113
1347 0.128492 241.846726
1348 0.128968 241.975815
1349 0.128827 242.104764
1350 0.128178 242.233061
1351 0.127833 242.361014
1352 0.132093 242.493227
1353 0.131955 242.625308
1354 0.128126 242.753551
1355 0.127414 242.88108
1356 0.126899 243.008099
1357 0.127277 243.135495
1358 0.1278 243.263412
1359 0.126771 243.390301
1360 0.132798 243.523219
1361 0.126996 243.650332
1362 0.127265 243.777723
1363 0.13088 243.908725
1364 0.12751 244.036357
1365 0.127515 244.163992
1366 0.12732 244.291431
1367 0.131236 244.422785
1368 0.127325 244.550225
1369 0.126952 244.677295
1370 0.126954 244.804368
1371 0.130942 244.935427
1372 0.127109 245.062653
1373 0.125959 245.188731
1374 0.126518 245.315366
1375 0.129233 245.444725
1376 0.126439 245.57129
1377 0.131171 245.702586
1378 0.131147 245.833857
1379 0.130075 245.964052
1380 0.12591 246.090087
1381 0.126057 246.216282
1382 0.125987 246.342394
1383 0.126212 246.468728
1384 0.125155 246.594003
1385 0.13155 246.725672
1386 0.125612 246.851398
1387 0.126066 246.97759
1388 0.125122 247.102836
1389 0.125448 247.228407
1390 0.129622 247.358148
1391 0.128836 247.487105
1392 0.125682 247.612908
1393 0.12575 247.73878
1394 0.125466 247.864368
1395 0.128114 247.992603
1396 0.125228 248.117965
1397 0.125336 248.243417
1398 0.124526 248.368061
1399 0.124743 248.492921
1400 0.124358 248.617402
1401 0.124736 248.742251
1402 0.128039 248.870409
1403 0.125139 248.995666
1404 0.127924 249.123711
1405 0.127717 249.251545
1406 0.124063 249.375728
1407 0.123918 249.499765
1408 0.127726 249.627612
1409 0.127049 249.754775
1410 0.124322 249.879213
1411 0.123475 250.002805
1412 0.124087 250.12701
1413 0.127995 250.255118
1414 0.123615 250.378854
1415 0.123766 250.502744
1416 0.123008 250.625877
1417 0.12364 250.749637
1418 0.123764 250.873526
1419 0.126683 251.000334
1420 0.126704 251.12716
1421 0.126782 251.254057
1422 0.123632 251.377805
1423 0.122624 251.500547
1424 0.123594 251.624276
1425 0.123196 251.747587
1426 0.123219 251.870924
1427 0.123326 251.994368
1428 0.123215 252.117706
1429 0.123158 252.240983
1430 0.125975 252.367076
1431 0.123063 252.49026
1432 0.123211 252.613594
1433 0.127448 252.741166
1434 0.127524 252.868817
1435 0.122364 252.991303
1436 0.122814 253.114241
1437 0.123037 253.237398
1438 0.122293 253.35981
1439 0.122298 253.482228
1440 0.121639 253.603988
1441 0.12525 253.729359
1442 0.125394 253.854869
1443 0.125173 253.980161
1444 0.121834 254.102113
1445 0.121437 254.223667
1446 0.121311 254.345091
1447 0.127027 254.472237
1448 0.12629 254.598644
1449 0.121796 254.720554
1450 0.125079 254.845759
1451 0.125439 254.971314
1452 0.121854 255.093288
1453 0.121101 255.214508
1454 0.120872 255.335498
1455 0.120983 255.456598
1456 0.1204 255.577136
1457 0.126636 255.703891
1458 0.121469 255.82548
1459 0.121368 255.946963
1460 0.121083 256.068167
1461 0.121013 256.189304
1462 0.120268 256.309698
1463 0.119978 256.429801
1464 0.12048 256.550403
1465 0.120833 256.671358
1466 0.119992 256.791474
1467 0.120272 256.911864
1468 0.120998 257.032983
1469 0.125009 257.15811
1470 0.120055 257.278289
1471 0.120579 257.398991
1472 0.120265 257.519374
1473 0.12016 257.63965
1474 0.124173 257.763942
1475 0.120307 257.884369
1476 0.123206 258.007694
1477 0.120256 258.12807
1478 0.123156 258.251346
1479 0.11982 258.371286
1480 0.119977 258.491385
1481 0.123174 258.61468
1482 0.123444 258.738246
1483 0.119209 258.857572
1484 0.119173 258.976864
1485 0.119037 259.09602
1486 0.123557 259.219694
1487 0.119299 259.339107
1488 0.118779 259.458002
1489 0.118722 259.576843
1490 0.119171 259.696133
1491 0.119183 259.815436
1492 0.119122 259.934677
1493 0.119098 260.053885
1494 0.11863 260.172633
1495 0.118608 260.291373
1496 0.118918 260.410412
1497 0.118933 260.529463
1498 0.119294 260.648875
1499 0.118991 260.767983
1500 0.118325 260.886427
1501 0.117374 261.003921
1502 0.117677 261.121724
1503 0.118772 261.240613
1504 0.117835 261.358585
1505 0.12291 261.481617
1506 0.122936 261.604675
1507 0.123036 261.727836
1508 0.118446 261.846398
1509 0.118084 261.9646
1510 0.117813 262.082543
1511 0.1174 262.200068
1512 0.118289 262.318477
1513 0.121873 262.440469
1514 0.121113 262.561703
1515 0.117113 262.678935
1516 0.117473 262.796527
1517 0.118085 262.914731
1518 0.117717 263.032568
1519 0.117576 263.150278
1520 0.116377 263.266778
1521 0.120266 263.387168
1522 0.116613 263.503903
1523 0.121287 263.625313
1524 0.120144 263.745574
1525 0.116865 263.862558
1526 0.120478 263.983155
1527 0.116718 264.099989
1528 0.116604 264.216712
1529 0.115676 264.33251
1530 0.116128 264.448754
1531 0.116194 264.565069
1532 0.121688 264.686872
1533 0.121288 264.808276
1534 0.121854 264.930248
1535 0.121428 265.051794
1536 0.116541 265.168453
1537 0.120417 265.288988
1538 0.116356 265.405463
1539 0.116579 265.522161
1540 0.116213 265.638488
1541 0.11628 265.754885
1542 0.116055 265.871061
1543 0.115318 265.986504
1544 0.11583 266.102458
1545 0.115561 266.218143
1546 0.120942 266.339229
1547 0.119325 266.458674
1548 0.119271 266.578064
1549 0.11472 266.692904
1550 0.114456 266.80748
1551 0.114939 266.922539
1552 0.115174 267.037831
1553 0.114899 267.152846
1554 0.114392 267.267356
1555 0.119061 267.386535
1556 0.115596 267.502249
1557 0.118474 267.620846
1558 0.11825 267.739218
1559 0.114318 267.853658
1560 0.114643 267.968418
1561 0.115034 268.08357
1562 0.114109 268.197801
1563 0.119153 268.31708
1564 0.115038 268.43223
1565 0.118045 268.550395
1566 0.115017 268.665532
1567 0.114507 268.780156
1568 0.114554 268.894828
1569 0.114179 269.009128
1570 0.114487 269.123735
1571 0.113389 269.237237
1572 0.113737 269.351093
1573 0.113405 269.46462
1574 0.113711 269.578461
1575 0.113558 269.692138
1576 0.11386 269.806118
1577 0.113609 269.919846
1578 0.113692 270.033656
1579 0.113148 270.146921
1580 0.113897 270.260938
1581 0.113448 270.374504
1582 0.113863 270.488487
1583 0.112466 270.601072
1584 0.11341 270.7146
1585 0.112422 270.827142
1586 0.113117 270.940376
1587 0.1129 271.053393
1588 0.113449 271.166961
1589 0.116675 271.283751
1590 0.112822 271.396694
1591 0.112967 271.509784
1592 0.112478 271.622386
1593 0.112572 271.735076
1594 0.112545 271.847744
1595 0.113076 271.960945
1596 0.112663 272.073729
1597 0.112489 272.186345
1598 0.112121 272.29859
1599 0.112117 272.410824
1600 0.117382 272.528329
1601 0.115589 272.644035
1602 0.115914 272.760074
1603 0.112052 272.872251
1604 0.117256 272.989625
1605 0.116844 273.106588
1606 0.117032 273.223737
1607 0.111958 273.335809
1608 0.111773 273.4477
1609 0.111733 273.559552
1610 0.111567 273.671237
1611 0.111574 273.782933
1612 0.111931 273.894985
1613 0.110718 274.005823
1614 0.11145 274.117397
1615 0.110299 274.227813
1616 0.11134 274.339269
1617 0.111217 274.450604
1618 0.111433 274.562156
1619 0.111447 274.673718
1620 0.110495 274.784329
1621 0.110474 274.894921
1622 0.110455 275.005493
1623 0.110341 275.115957
1624 0.110052 275.22613
1625 0.109666 275.335912
1626 0.110639 275.446667
1627 0.110432 275.557216
1628 0.110576 275.667911
1629 0.109771 275.777801
1630 0.110798 275.888718
1631 0.114442 276.003279
1632 0.110395 276.113793
1633 0.11026 276.224173
1634 0.110415 276.334706
1635 0.110206 276.44503
1636 0.109824 276.554976
1637 0.109727 276.664825
1638 0.109733 276.774681
1639 0.120038 276.894845
1640 0.119502 277.014474
1641 0.120302 277.134903
1642 0.119801 277.254808
1643 0.120277 277.375203
1644 0.120273 277.495596
1645 0.123625 277.619345
1646 0.123416 277.742877
1647 0.119944 277.862939
1648 0.11961 277.98267
1649 0.119601 278.102395
1650 0.119501 278.222012
1651 0.119366 278.341493
1652 0.118974 278.460588
1653 0.118538 278.579258
1654 0.118826 278.698208
1655 0.119245 278.817578
1656 0.118699 278.936394
1657 0.118589 279.055104
1658 0.119008 279.174229
1659 0.118775 279.29312
1660 0.118621 279.41186
1661 0.118524 279.530502
1662 0.118487 279.649105
1663 0.11832 279.767544
1664 0.117639 279.885306
1665 0.117326 280.002749
1666 0.117909 280.120776
1667 0.117362 280.238251
1668 0.118298 280.356667
1669 0.11767 280.474456
1670 0.117652 280.592228
1671 0.117029 280.709376
1672 0.117762 280.827258
1673 0.117172 280.944546
1674 0.117886 281.06256
1675 0.117234 281.179914
1676 0.116422 281.29646
1677 0.11694 281.413524
1678 0.116976 281.530625
1679 0.121345 281.652093
1680 0.117156 281.76937
1681 0.116032 281.885521
1682 0.117153 282.002793
1683 0.116393 282.119301
1684 0.116478 282.235896
1685 0.116338 282.352351
1686 0.116463 282.468932
1687 0.120938 282.589986
1688 0.115671 282.705779
1689 0.116416 282.822313
1690 0.116435 282.938865
1691 0.115637 283.054622
1692 0.116277 283.171023
1693 0.115194 283.286343
1694 0.1153 283.40177
1695 0.115612 283.517504
1696 0.115794 283.633414
1697 0.114899 283.748424
1698 0.11569 283.864232
1699 0.115642 283.979994
1700 0.114771 284.094882
1701 0.114788 284.209788
1702 0.115248 284.325154
1703 0.114626 284.439894
1704 0.114808 284.554823
1705 0.115108 284.67005
1706 0.114464 284.784627
1707 0.114553 284.899315
1708 0.11373 285.013165
1709 0.114668 285.127952
1710 0.114617 285.242686
1711 0.11425 285.357075
1712 0.114853 285.472046
1713 0.114216 285.586381
1714 0.117846 285.704346
1715 0.113816 285.818281
1716 0.11398 285.932376
1717 0.113956 286.046451
1718 0.11371 286.160284
1719 0.113457 286.273863
1720 0.113231 286.387216
1721 0.113072 286.500412
1722 0.117431 286.617968
1723 0.113054 286.731139
1724 0.117775 286.849033
1725 0.112817 286.96197
1726 0.112679 287.074766
1727 0.112934 287.187816
1728 0.112637 287.300571
1729 0.113333 287.414037
1730 0.112483 287.526646
1731 0.11282 287.639581
1732 0.112696 287.752395
1733 0.112674 287.86519
1734 0.11191 287.97722
1735 0.111739 288.089081
1736 0.112185 288.20139
1737 0.116564 288.318079
1738 0.116417 288.434617
1739 0.116148 288.550884
1740 0.111861 288.662863
1741 0.111691 288.77467
1742 0.111525 288.886313
1743 0.110992 288.997423
1744 0.111814 289.109359
1745 0.111308 289.220786
1746 0.111244 289.332142
1747 0.111456 289.443721
1748 0.111275 289.555115
1749 0.110615 289.665847
1750 0.110372 289.776337
1751 0.110481 289.886939
1752 0.115488 290.002544
1753 0.115249 290.117909
1754 0.115558 290.233581
1755 0.110913 290.344611
1756 0.110556 290.455293
1757 0.115414 290.570825
1758 0.114163 290.685104
1759 0.11484 290.800062
1760 0.115024 290.915208
1761 0.110057 291.025388
1762 0.110395 291.135904
1763 0.109602 291.245628
1764 0.1099 291.355651
1765 0.109656 291.465427
1766 0.109418 291.574967
1767 0.110079 291.685169
1768 0.109281 291.794569
1769 0.109869 291.904556
1770 0.114277 292.018973
1771 0.113858 292.132943
1772 0.114368 292.247425
1773 0.113975 292.361517
1774 0.113527 292.475162
1775 0.113722 292.589003
1776 0.113372 292.702494
1777 0.113572 292.816184
1778 0.108509 292.924815
1779 0.108625 293.033559
1780 0.108747 293.142425
1781 0.108003 293.250547
1782 0.108408 293.359076
1783 0.109301 293.4685
1784 0.108595 293.577218
1785 0.107524 293.684862
1786 0.108124 293.793105
1787 0.107989 293.901217
1788 0.108142 294.009476
1789 0.107987 294.117582
1790 0.107871 294.225566
1791 0.111785 294.337467
1792 0.108179 294.445764
1793 0.107629 294.553508
1794 0.106843 294.660469
1795 0.107953 294.768538
1796 0.106893 294.875558
1797 0.110691 294.986368
1798 0.107025 295.093513
1799 0.110368 295.204007
1800 0.111559 295.315692
1801 0.111595 295.427412
1802 0.106632 295.534166
1803 0.106917 295.641206
1804 0.106682 295.74801
1805 0.106013 295.854142
1806 0.106224 295.960484
1807 0.105785 296.066385
1808 0.1059 296.172401
1809 0.105831 296.278349
1810 0.106301 296.384767
1811 0.106004 296.490891
1812 0.105486 296.596497
1813 0.105842 296.702458
1814 0.105523 296.808104
1815 0.106026 296.91425
1816 0.105555 297.019923
1817 0.105511 297.125552
1818 0.105678 297.231347
1819 0.109593 297.341058
1820 0.105672 297.446848
1821 0.105335 297.552301
1822 0.104717 297.657138
1823 0.10564 297.762898
1824 0.109957 297.872976
1825 0.104996 297.97809
1826 0.104843 298.083052
1827 0.104885 298.188059
1828 0.104887 298.293063
1829 0.104201 298.397384
1830 0.104108 298.501608
1831 0.104877 298.606606
1832 0.104925 298.711654
1833 0.103658 298.815429
1834 0.104226 298.919774
1835 0.103993 299.023885
1836 0.104383 299.128383
1837 0.103279 299.231777
1838 0.104024 299.335919
1839 0.104179 299.440215
1840 0.103367 299.543702
1841 0.103525 299.64735
1842 0.103853 299.751325
1843 0.103492 299.854944
1844 0.103518 299.958586
1845 0.103495 300.062197
1846 0.103893 300.166216
1847 0.102794 300.269132
1848 0.10252 300.371771
1849 0.103374 300.475265
1850 0.102584 300.57797
1851 0.102281 300.680365
1852 0.10293 300.78342
1853 0.102809 300.886345
1854 0.102812 300.989274
1855 0.102607 301.092001
1856 0.10264 301.194761
1857 0.102519 301.297399
1858 0.101783 301.399304
1859 0.106948 301.506373
1860 0.107751 301.614247
1861 0.10792 301.722294
1862 0.106802 301.829212
1863 0.107544 301.936873
1864 0.10727 302.044265
1865 0.107268 302.151653
1866 0.107429 302.2592
1867 0.10712 302.366437
1868 0.10709 302.473647
1869 0.106491 302.580257
1870 0.106821 302.687198
1871 0.106506 302.793831
1872 0.106791 302.900742
1873 0.106761 303.007624
1874 0.106711 303.114456
1875 0.106519 303.221095
1876 0.106159 303.327391
1877 0.106283 303.433792
1878 0.1057 303.53961
1879 0.106203 303.645931
1880 0.105812 303.751869
1881 0.105672 303.857664
1882 0.105211 303.962993
1883 0.105655 304.068767
1884 0.105686 304.174573
1885 0.105336 304.280027
1886 0.105369 304.385521
1887 0.104769 304.490415
1888 0.10482 304.595361
1889 0.104689 304.700174
1890 0.105091 304.805392
1891 0.104722 304.910239
1892 0.104229 305.014594
1893 0.10495 305.119668
1894 0.10459 305.224376
1895 0.104606 305.329101
1896 0.10414 305.43336
1897 0.104339 305.537818
1898 0.104495 305.64243
1899 0.104588 305.747132
1900 0.108636 305.855882
1901 0.10444 305.960435
1902 0.104116 306.064668
1903 0.103996 306.168785
1904 0.104245 306.27315
1905 0.103285 306.376559
1906 0.10274 306.479431
1907 0.106851 306.586402
1908 0.103062 306.689586
1909 0.103331 306.793035
1910 0.103339 306.896491
1911 0.102552 306.999162
1912 0.103737 307.103019
1913 0.10299 307.206135
1914 0.103183 307.309439
1915 0.102568 307.412125
1916 0.102505 307.514751
1917 0.102833 307.617705
1918 0.102693 307.720511
1919 0.101992 307.822616
1920 0.102252 307.92498
1921 0.101997 308.027094
1922 0.102198 308.12941
1923 0.102037 308.231564
1924 0.101971 308.333651
1925 0.101244 308.435013
1926 0.101746 308.536874
1927 0.10103 308.638023
1928 0.101679 308.739823
1929 0.100909 308.840855
1930 0.101381 308.942358
1931 0.101247 309.043729
1932 0.101156 309.145008
1933 0.101002 309.246132
1934 0.101097 309.347348
1935 0.101269 309.448736
1936 0.100496 309.549351
1937 0.100721 309.650191
1938 0.1003 309.750609
1939 0.10048 309.851209
1940 0.100453 309.951782
1941 0.100403 310.0523
1942 0.099521 310.15194
1943 0.099516 310.251574
1944 0.099946 310.351641
1945 0.099364 310.451127
1946 0.099747 310.550997
1947 0.099599 310.65072
1948 0.099012 310.749853
1949 0.098929 310.848905
1950 0.099727 310.948751
1951 0.098804 311.047674
1952 0.099526 311.147318
1953 0.099633 311.247067
1954 0.09928 311.346465
1955 0.099143 311.445725
1956 0.098517 311.544362
1957 0.102335 311.646817
1958 0.101781 311.748718
1959 0.101564 311.850401
1960 0.101876 311.952395
1961 0.102557 312.055069
1962 0.101848 312.157034
1963 0.102102 312.259253
1964 0.101737 312.361107
1965 0.101125 312.462349
1966 0.101409 312.563876
1967 0.101752 312.665747
1968 0.101517 312.767382
1969 0.100748 312.868249
1970 0.101269 312.969637
1971 0.101637 313.071397
1972 0.100562 313.172084
1973 0.100455 313.272659
1974 0.101027 313.37381
1975 0.100359 313.47429
1976 0.100825 313.575237
1977 0.10454 313.679882
1978 0.100687 313.780686
1979 0.100197 313.881005
1980 0.099343 313.980466
1981 0.10036 314.080953
1982 0.100018 314.181095
1983 0.099508 314.28072
1984 0.09987 314.380704
1985 0.099585 314.480406
1986 0.099659 314.580188
1987 0.099243 314.679545
1988 0.099325 314.778985
1989 0.099417 314.878522
1990 0.099016 314.977657
1991 0.099553 315.077329
1992 0.098831 315.176283
1993 0.098654 315.275061
1994 0.098658 315.373842
1995 0.098399 315.472364
1996 0.09845 315.570933
1997 0.098699 315.66975
1998 0.098509 315.768374
1999 0.098833 315.867323
2000 0.098408 315.965848
2001 0.099956 316.06592
2002 0.099736 316.165771
2003 0.099628 316.265513
2004 0.098994 316.364624
2005 0.098847 316.463605
2006 0.099211 316.562933
2007 0.099413 316.662462
2008 0.098585 316.761164
2009 0.098955 316.860237
2010 0.098897 316.95925
2011 0.098405 317.057772
2012 0.098235 317.156124
2013 0.099272 317.255512
2014 0.098449 317.354076
2015 0.097783 317.451978
2016 0.098361 317.550457
2017 0.100416 317.650992
2018 0.101043 317.752153
2019 0.100232 317.852506
2020 0.100112 317.952731
2021 0.099969 318.052816
2022 0.100588 318.15352
2023 0.100152 318.253788
2024 0.099546 318.353449
2025 0.100005 318.45357
2026 0.099908 318.553598
2027 0.099764 318.653483
2028 0.103295 318.756901
2029 0.099098 318.856119
2030 0.099479 318.955723
2031 0.099196 319.055042
2032 0.098463 319.153626
2033 0.098251 319.252001
2034 0.098127 319.350254
2035 0.099004 319.449376
2036 0.098826 319.548318
2037 0.098757 319.647191
2038 0.098279 319.745588
2039 0.098178 319.843885
2040 0.098231 319.942233
2041 0.09837 320.040711
2042 0.097507 320.138355
2043 0.097144 320.235615
2044 0.097784 320.333515
2045 0.097375 320.431008
2046 0.09753 320.528659
2047 0.096701 320.625482
2048 0.097327 320.722927
2049 0.097139 320.820183
2050 0.096485 320.916785
2051 0.097009 321.013914
2052 0.096807 321.110844
2053 0.096316 321.207288
2054 0.096598 321.304012
2055 0.095758 321.399893
2056 0.096313 321.496327
2057 0.096045 321.59249
2058 0.096174 321.688782
2059 0.095788 321.78469
2060 0.095884 321.880691
2061 0.095261 321.97607
2062 0.095295 322.071483
2063 0.095704 322.167306
2064 0.094848 322.262274
2065 0.095617 322.358012
2066 0.09447 322.452605
2067 0.094602 322.547342
2068 0.095551 322.643012
2069 0.09503 322.73816
2070 0.09431 322.832586
2071 0.094554 322.927267
2072 0.093838 323.02122
2073 0.094363 323.115696
2074 0.093765 323.209579
2075 0.094165 323.303861
2076 0.093594 323.397571
2077 0.093695 323.491384
2078 0.093835 323.585336
2079 0.094159 323.679612
2080 0.093698 323.773426
2081 0.094039 323.867582
2082 0.093698 323.961396
2083 0.093632 324.055143
2084 0.093612 324.148872
2085 0.093336 324.242329
2086 0.093351 324.335801
2087 0.092789 324.428713
2088 0.097382 324.526222
2089 0.093146 324.619486
2090 0.092286 324.711891
2091 0.092341 324.804358
2092 0.09202 324.896504
2093 0.091702 324.988331
2094 0.092031 325.080464
2095 0.092109 325.172694
2096 0.092247 325.265059
2097 0.091217 325.356394
2098 0.091193 325.447705
2099 0.090989 325.538816
2100 0.092078 325.631014
2101 0.091339 325.722473
2102 0.091519 325.814106
2103 0.090442 325.904669
2104 0.091317 325.996105
2105 0.090212 326.086435
2106 0.090858 326.177412
2107 0.090402 326.267931
2108 0.094743 326.362791
2109 0.090737 326.453647
2110 0.09048 326.544244
2111 0.090222 326.634586
2112 0.09032 326.725025
2113 0.089027 326.814168
2114 0.089362 326.903651
2115 0.089361 326.993133
2116 0.089436 327.082693
2117 0.08893 327.171743
2118 0.088574 327.260436
2119 0.089001 327.349554
2120 0.08838 327.438051
2121 0.08847 327.526637
2122 0.088353 327.615105
2123 0.08825 327.703472
2124 0.088671 327.792262
2125 0.087974 327.880352
2126 0.087375 327.967846
2127 0.092553 328.060516
2128 0.087401 328.14804
2129 0.087561 328.235719
2130 0.086991 328.322825
2131 0.087379 328.410318
2132 0.08719 328.497627
2133 0.086208 328.583954
2134 0.087117 328.671189
2135 0.086832 328.75814
2136 0.086719 328.84497
2137 0.086596 328.93168
2138 0.085755 329.017551
2139 0.086183 329.103848
2140 0.085934 329.1899
2141 0.085748 329.275765
2142 0.089961 329.365846
2143 0.085959 329.451922
2144 0.085448 329.537493
2145 0.085315 329.622928
2146 0.089737 329.71278
2147 0.085568 329.798464
2148 0.085083 329.883665
2149 0.0841 329.967883
2150 0.084849 330.052854
2151 0.0841 330.137075
2152 0.083831 330.221028
2153 0.084351 330.305496
2154 0.088552 330.394173
2155 0.084404 330.478703
2156 0.084097 330.562924
2157 0.08344 330.646486
2158 0.083812 330.73042
2159 0.083383 330.813926
2160 0.083314 330.897365
2161 0.083293 330.980773
2162 0.083515 331.064408
2163 0.083322 331.147848
2164 0.083158 331.231125
2165 0.083005 331.314251
2166 0.082473 331.396849
2167 0.082687 331.479658
2168 0.082545 331.56232
2169 0.082529 331.644967
2170 0.082431 331.727516
2171 0.082079 331.809713
2172 0.082129 331.891963
2173 0.081833 331.973915
2174 0.08128 332.055316
2175 0.08203 332.137468
2176 0.08129 332.218878
2177 0.081514 332.30051
2178 0.080602 332.381237
2179 0.08086 332.462222
2180 0.081034 332.543377
2181 0.081 332.624499
2182 0.080837 332.705456
2183 0.080131 332.78571
2184 0.080739 332.866567
2185 0.080535 332.947221
2186 0.08087 333.028209
2187 0.08013 333.108456
2188 0.080106 333.188679
2189 0.083945 333.272743
2190 0.07952 333.352384
2191 0.079672 333.43217
2192 0.079311 333.511598
2193 0.07962 333.591337
2194 0.079087 333.670542
2195 0.07941 333.750077
2196 0.079568 333.829765
2197 0.078926 333.908809
2198 0.078494 333.987419
2199 0.079071 334.066607
2200 0.078267 334.144993
2201 0.078488 334.223599
2202 0.078514 334.302226
2203 0.0784 334.380742
2204 0.077688 334.458547
2205 0.078316 334.536981
2206 0.078222 334.615325
2207 0.078048 334.693511
2208 0.078064 334.77169
2209 0.07769 334.849497
2210 0.07788 334.927496
2211 0.077622 335.005235
2212 0.077557 335.082913
2213 0.080718 335.16375
2214 0.076975 335.240843
2215 0.076941 335.317908
2216 0.077051 335.395076
2217 0.076757 335.471954
2218 0.076455 335.548528
2219 0.07669 335.625354
2220 0.076638 335.702112
2221 0.07574 335.777976
2222 0.076157 335.854254
2223 0.075881 335.930253
2224 0.076564 336.006935
2225 0.076269 336.083325
2226 0.075195 336.158639
2227 0.075274 336.234029
2228 0.075975 336.310119
2229 0.075221 336.385458
2230 0.0759 336.461476
2231 0.075165 336.536758
2232 0.075536 336.61241
2233 0.075075 336.687602
2234 0.075231 336.762957
2235 0.074444 336.837519
2236 0.074948 336.912584
2237 0.074201 336.986923
2238 0.074207 337.061249
2239 0.074797 337.136166
2240 0.074821 337.211106
2241 0.0737 337.28493
2242 0.074311 337.359364
2243 0.073623 337.433107
2244 0.073984 337.507213
2245 0.07344 337.580773
2246 0.073893 337.654785
2247 0.074027 337.728928
2248 0.073077 337.802121
2249 0.073881 337.87612
2250 0.073782 337.950018
2251 0.073664 338.0238
2252 0.073036 338.09695
2253 0.073217 338.170284
2254 0.07336 338.243762
2255 0.073123 338.317004
2256 0.073295 338.390414
2257 0.073012 338.463543
2258 0.072532 338.536191
2259 0.072772 338.609083
2260 0.072919 338.682124
2261 0.072496 338.754739
2262 0.072855 338.827712
2263 0.072605 338.900431
2264 0.072417 338.972968
2265 0.071686 339.044773
2266 0.072269 339.117161
2267 0.071956 339.189232
2268 0.071439 339.260791
2269 0.071999 339.332909
2270 0.071902 339.40493
2271 0.072059 339.477103
2272 0.071167 339.548387
2273 0.070965 339.619469
2274 0.071573 339.691161
2275 0.071277 339.762561
2276 0.070949 339.833627
2277 0.071155 339.904901
2278 0.07061 339.97563
2279 0.071087 340.046839
2280 0.071008 340.117971
2281 0.071 340.189089
2282 0.070315 340.259529
2283 0.070695 340.330347
2284 0.070739 340.401206
2285 0.070606 340.471936
2286 0.070025 340.542088
2287 0.069911 340.612126
2288 0.070306 340.682556
2289 0.07022 340.7529
2290 0.070363 340.823383
2291 0.069492 340.892991
2292 0.070172 340.963285
2293 0.069908 341.033313
2294 0.070051 341.103482
2295 0.069952 341.173553
2296 0.069242 341.242912
2297 0.069497 341.312528
2298 0.069711 341.382356
2299 0.069118 341.451593
2300 0.069517 341.521226
2301 0.069063 341.590407
2302 0.069466 341.659995
2303 0.069483 341.729595
2304 0.068529 341.798242
2305 0.068499 341.86686
2306 0.069098 341.936077
2307 0.068522 342.00472
2308 0.068803 342.073646
2309 0.068694 342.142468
2310 0.068539 342.211131
2311 0.06818 342.279429
2312 0.067906 342.347455
2313 0.06822 342.415798
2314 0.068747 342.484665
2315 0.0678 342.552584
2316 0.06841 342.621125
2317 0.068261 342.689499
2318 0.068259 342.757874
2319 0.067492 342.825482
2320 0.067489 342.893084
2321 0.06803 342.961228
2322 0.06789 343.029235
2323 0.067724 343.097077
2324 0.068094 343.165292
2325 0.067407 343.232817
2326 0.067145 343.300079
2327 0.067366 343.367564
2328 0.067172 343.434854
2329 0.066748 343.50172
2330 0.066899 343.568736
2331 0.067347 343.636201
2332 0.067358 343.703676
2333 0.066806 343.770602
2334 0.066834 343.837553
2335 0.067176 343.904847
2336 0.066627 343.97159
2337 0.06688 344.038584
2338 0.066331 344.105038
2339 0.066877 344.172033
2340 0.066905 344.239055
2341 0.066648 344.305821
2342 0.066742 344.37268
2343 0.066735 344.439532
2344 0.06612 344.505769
2345 0.066689 344.572576
2346 0.065985 344.638698
2347 0.066374 344.705196
2348 0.065823 344.77115
2349 0.066356 344.837633
2350 0.065935 344.90369
2351 0.066106 344.969922
2352 0.065747 345.035789
2353 0.065922 345.101833
2354 0.066044 345.167999
2355 0.065883 345.234002
2356 0.0656 345.299723
2357 0.065256 345.3651
2358 0.065891 345.431107
2359 0.065035 345.496262
2360 0.065597 345.56198
2361 0.065816 345.627912
2362 0.06552 345.693548
2363 0.065441 345.759106
2364 0.065705 345.82493
2365 0.064672 345.889718
2366 0.065731 345.955566
2367 0.064537 346.020221
2368 0.06534 346.085677
2369 0.065185 346.150981
2370 0.064449 346.215549
2371 0.064315 346.279988
2372 0.0649 346.345008
2373 0.064861 346.410014
2374 0.064505 346.47464
2375 0.064965 346.539723
2376 0.064862 346.604705
2377 0.064107 346.668936
2378 0.064175 346.733232
2379 0.0646 346.79795
2380 0.064787 346.862856
2381 0.064057 346.927033
2382 0.063806 346.990957
2383 0.064593 347.055667
2384 0.068586 347.124371
2385 0.064561 347.189047
2386 0.06451 347.253674
2387 0.064413 347.318204
2388 0.064307 347.382625
2389 0.06441 347.447153
2390 0.064149 347.511423
2391 0.064212 347.575754
2392 0.063712 347.639585
2393 0.064006 347.703709
2394 0.063851 347.767678
2395 0.064106 347.831909
2396 0.063341 347.895369
2397 0.062635 347.958121
2398 0.063151 348.021389
2399 0.06101 348.082511
2400 0.061101 348.143724
done 2400 0.049675 348.193515
