# instance ../secondnet/final_pns_json/final.BCube_n10_k2_bw10_cpu16.pn.instance_list_15vm_rnd.txt.pn.json
# Settings: PN=../secondnet/final_pns_json/final.BCube_n10_k2_bw10_cpu16.pn.instance_list_15vm_rnd.txt.pn.json, VN=../../../instances/fattree-bcube/instance_list_15vm_rnd.txt, multi-thread=False
init 0.051288 0.051288
1 12.222769 12.274057
2 10.576841 22.851029
3 10.612786 33.463942
4 10.750166 44.214233
5 9.749298 53.963664
6 11.313962 65.277754
7 12.938174 78.216061
8 11.954686 90.170881
9 9.999181 100.170197
10 9.613183 109.783511
11 10.315715 120.099363
12 12.114901 132.214413
13 11.511337 143.725876
14 10.558992 154.285005
15 10.492198 164.777336
16 10.408383 175.185857
17 10.506316 185.692315
18 9.94053 195.633007
19 9.668786 205.301931
20 11.237144 216.539217
21 11.383146 227.922498
22 10.091046 238.01368
23 12.731948 250.745757
24 10.454635 261.200527
25 11.304179 272.504843
26 12.333535 284.838517
27 11.577805 296.416459
28 12.744108 309.1607
29 10.308424 319.469267
30 10.140855 329.610263
31 12.788779 342.399169
32 10.696635 353.095946
33 10.275009 363.371093
34 10.419949 373.791187
35 10.093405 383.884733
36 12.468436 396.353304
37 10.211988 406.565429
38 10.124196 416.689754
39 9.623193 426.313088
40 11.542681 437.855897
41 12.502296 450.358336
42 10.798183 461.156659
43 28.913966 490.07077
44 22.227967 512.298878
45 10.367447 522.666467
46 10.55343 533.220029
47 11.189663 544.409838
48 11.265602 555.675571
49 10.566275 566.241986
50 21.233472 587.475583
51 27.735875 615.2116
52 10.297761 625.509495
53 11.471373 636.981002
54 13.014395 649.995536
55 15.314028 665.309702
56 11.038172 676.348005
57 30.58924 706.937388
58 32.749503 739.687029
59 14.660949 754.348121
60 31.088517 785.436781
61 12.620061 798.056985
62 32.237287 830.294413
63 31.571057 861.865611
64 36.018238 897.883976
65 33.555769 931.43989
66 11.673619 943.11365
67 8.236685 951.350462
68 30.064699 981.415295
69 32.564331 1013.979757
70 11.264306 1025.2442
71 10.528609 1035.77295
72 12.649264 1048.422348
73 10.642447 1059.064931
74 11.645436 1070.710501
75 25.898492 1096.609124
76 9.982911 1106.59217
77 29.165377 1135.757688
78 52.504691 1188.262521
79 31.793802 1220.056454
80 31.73629 1251.792884
81 105.730755 1357.523774
82 11.06705 1368.590972
83 10.800299 1379.39141
84 11.787529 1391.179078
85 31.184255 1422.363475
86 211.569618 1633.933221
87 101.354117 1735.287479
88 32.838483 1768.126104
89 16.079137 1784.20538
90 16.43776 1800.643288
91 37.197369 1837.8408
92 26.692134 1864.533077
93 11.295689 1875.8289
94 38.620789 1914.44983
95 11.38537 1925.83534
96 12.013272 1937.848753
97 28.960969 1966.809859
98 10.673778 1977.48377
99 30.151005 2007.634913
100 40.155025 2047.790086
101 11.986189 2059.77642
102 50.116916 2109.893474
103 13.357946 2123.251562
104 10.786469 2134.038172
105 29.113841 2163.152154
106 55.41566 2218.567959
107 31.205954 2249.774053
108 9.981589 2259.755787
109 15.100925 2274.856857
110 10.874289 2285.731282
111 34.380381 2320.111804
112 30.942804 2351.05474
113 10.849073 2361.903953
114 13.662659 2375.566753
115 33.913969 2409.480856
116 11.909272 2421.390271
117 27.522076 2448.912483
118 31.94673 2480.859347
119 10.707146 2491.566633
120 39.289181 2530.855946
121 36.464053 2567.320144
122 42.855876 2610.176159
123 13.319121 2623.495421
124 34.221965 2657.717529
125 28.616878 2686.334539
126 10.844784 2697.179452
127 48.644769 2745.824355
128 32.014303 2777.83881
129 86.632927 2864.471883
130 11.108512 2875.580539
131 13.246432 2888.827105
132 31.271914 2920.099159
133 27.659504 2947.758788
134 13.787381 2961.546309
135 11.518368 2973.06481
136 11.842648 2984.907595
137 89.642893 3074.550629
138 10.933744 3085.484508
139 10.962866 3096.447512
140 30.662429 3127.110084
141 11.385459 3138.49569
142 10.433827 3148.929647
143 33.020254 3181.950032
144 36.431122 3218.381295
145 13.988728 3232.370168
146 11.946404 3244.316708
147 11.501248 3255.818092
148 11.749475 3267.567704
149 16.715618 3284.283461
150 11.765146 3296.048748
151 11.917502 3307.96639
152 44.854581 3352.821111
153 45.879098 3398.700347
154 10.789193 3409.4897
155 16.846903 3426.336767
156 14.978944 3441.315854
157 18.695143 3460.011142
158 36.219451 3496.230734
159 13.068741 3509.299621
160 31.140708 3540.440482
161 52.226092 3592.666711
