[runlim] version:		1.7
[runlim] time limit:		3600 seconds
[runlim] real time limit:	311040000 seconds
[runlim] space limit:		80000 MB
[runlim] argv[0]:		python3.6
[runlim] argv[1]:		./netsolver-gurobi-mod.py
[runlim] argv[2]:		../secondnet/final_pns_json/final.BCube_n8_k2_bw10_cpu16.pn.instance_list_12vm_rnd.txt.pn.json
[runlim] argv[3]:		../../../instances/fattree-bcube/instance_list_12vm_rnd.txt
[runlim] argv[4]:		False
[runlim] argv[5]:		False
[runlim] argv[6]:		timelogs/results.BCube_n8_k2_bw10_cpu16.pn.instance_list_12vm_rnd.txt.log
[runlim] start:			Mon Sep 30 01:53:29 2019
[runlim] main pid:		7772
Academic license - for non-commercial use only
[runlim] sample:		10.0 seconds, 137.6 MB
[runlim] sample:		20.0 seconds, 147.8 MB
[runlim] sample:		30.0 seconds, 138.1 MB
[runlim] sample:		40.0 seconds, 135.9 MB
[runlim] sample:		50.0 seconds, 155.8 MB
[runlim] sample:		60.0 seconds, 146.9 MB
[runlim] sample:		70.0 seconds, 146.9 MB
[runlim] sample:		80.0 seconds, 156.6 MB
[runlim] sample:		90.0 seconds, 162.8 MB
[runlim] sample:		100.0 seconds, 160.9 MB
[runlim] sample:		110.0 seconds, 165.6 MB
[runlim] sample:		120.0 seconds, 155.4 MB
[runlim] sample:		130.0 seconds, 152.9 MB
[runlim] sample:		140.0 seconds, 153.7 MB
[runlim] sample:		150.0 seconds, 162.8 MB
[runlim] sample:		160.0 seconds, 150.9 MB
[runlim] sample:		170.0 seconds, 154.8 MB
[runlim] sample:		180.0 seconds, 157.0 MB
[runlim] sample:		190.0 seconds, 152.4 MB
[runlim] sample:		200.0 seconds, 158.4 MB
[runlim] sample:		210.0 seconds, 158.2 MB
[runlim] sample:		220.0 seconds, 163.3 MB
[runlim] sample:		230.0 seconds, 164.9 MB
[runlim] sample:		240.0 seconds, 164.9 MB
[runlim] sample:		250.0 seconds, 163.8 MB
[runlim] sample:		260.0 seconds, 169.2 MB
[runlim] sample:		270.0 seconds, 165.8 MB
[runlim] sample:		280.0 seconds, 159.8 MB
[runlim] sample:		290.0 seconds, 152.4 MB
[runlim] sample:		300.0 seconds, 158.3 MB
[runlim] sample:		310.0 seconds, 158.7 MB
[runlim] sample:		320.0 seconds, 155.6 MB
[runlim] sample:		330.0 seconds, 162.4 MB
[runlim] sample:		340.0 seconds, 159.3 MB
[runlim] sample:		350.0 seconds, 170.0 MB
[runlim] sample:		360.0 seconds, 164.6 MB
[runlim] sample:		370.0 seconds, 165.6 MB
[runlim] sample:		380.0 seconds, 164.7 MB
[runlim] sample:		390.0 seconds, 168.3 MB
[runlim] sample:		400.0 seconds, 161.4 MB
[runlim] sample:		410.0 seconds, 168.7 MB
[runlim] sample:		420.0 seconds, 168.9 MB
[runlim] sample:		430.0 seconds, 153.1 MB
[runlim] sample:		440.0 seconds, 152.9 MB
[runlim] sample:		450.0 seconds, 195.6 MB
[runlim] sample:		460.0 seconds, 186.4 MB
[runlim] sample:		470.0 seconds, 178.7 MB
[runlim] sample:		480.0 seconds, 173.1 MB
[runlim] sample:		490.0 seconds, 189.1 MB
[runlim] sample:		500.0 seconds, 177.7 MB
[runlim] sample:		510.0 seconds, 179.7 MB
[runlim] sample:		520.0 seconds, 176.4 MB
[runlim] sample:		530.0 seconds, 179.2 MB
[runlim] sample:		540.0 seconds, 186.7 MB
[runlim] sample:		550.0 seconds, 187.0 MB
[runlim] sample:		560.0 seconds, 179.3 MB
[runlim] sample:		570.0 seconds, 178.5 MB
[runlim] sample:		580.0 seconds, 182.1 MB
[runlim] sample:		590.0 seconds, 171.4 MB
[runlim] sample:		600.0 seconds, 172.1 MB
[runlim] sample:		610.0 seconds, 163.5 MB
[runlim] sample:		620.0 seconds, 164.9 MB
[runlim] sample:		630.0 seconds, 157.1 MB
[runlim] sample:		640.0 seconds, 180.1 MB
[runlim] sample:		650.0 seconds, 180.1 MB
[runlim] sample:		660.0 seconds, 173.9 MB
[runlim] sample:		670.0 seconds, 158.4 MB
[runlim] sample:		680.0 seconds, 158.4 MB
[runlim] sample:		690.0 seconds, 161.1 MB
[runlim] sample:		700.0 seconds, 168.5 MB
[runlim] sample:		710.0 seconds, 169.3 MB
[runlim] sample:		720.0 seconds, 169.3 MB
[runlim] sample:		730.0 seconds, 169.8 MB
[runlim] sample:		740.0 seconds, 172.6 MB
[runlim] sample:		750.0 seconds, 176.9 MB
[runlim] sample:		760.0 seconds, 160.4 MB
[runlim] sample:		770.0 seconds, 160.3 MB
[runlim] sample:		780.0 seconds, 174.9 MB
[runlim] sample:		790.0 seconds, 172.0 MB
[runlim] sample:		800.0 seconds, 176.7 MB
[runlim] sample:		810.0 seconds, 162.7 MB
[runlim] sample:		820.0 seconds, 167.4 MB
[runlim] sample:		830.0 seconds, 169.2 MB
[runlim] sample:		840.0 seconds, 175.1 MB
[runlim] sample:		850.0 seconds, 175.9 MB
[runlim] sample:		860.0 seconds, 176.1 MB
[runlim] sample:		870.0 seconds, 176.1 MB
[runlim] sample:		880.0 seconds, 180.2 MB
[runlim] sample:		890.0 seconds, 179.0 MB
[runlim] sample:		900.0 seconds, 159.8 MB
[runlim] sample:		910.0 seconds, 162.3 MB
[runlim] sample:		920.0 seconds, 156.5 MB
[runlim] sample:		930.0 seconds, 165.8 MB
[runlim] sample:		940.0 seconds, 178.8 MB
[runlim] sample:		950.0 seconds, 180.2 MB
[runlim] sample:		960.0 seconds, 180.5 MB
[runlim] sample:		970.0 seconds, 180.4 MB
[runlim] sample:		980.0 seconds, 166.5 MB
[runlim] sample:		990.0 seconds, 172.4 MB
[runlim] sample:		1000.0 seconds, 172.4 MB
[runlim] sample:		1010.0 seconds, 173.5 MB
[runlim] sample:		1020.0 seconds, 177.2 MB
[runlim] sample:		1030.0 seconds, 181.1 MB
[runlim] sample:		1040.0 seconds, 181.1 MB
[runlim] sample:		1050.0 seconds, 157.2 MB
[runlim] sample:		1060.0 seconds, 171.1 MB
[runlim] sample:		1070.0 seconds, 172.0 MB
[runlim] sample:		1080.0 seconds, 172.0 MB
[runlim] sample:		1090.0 seconds, 171.7 MB
[runlim] sample:		1100.0 seconds, 171.5 MB
[runlim] sample:		1110.0 seconds, 172.3 MB
[runlim] sample:		1120.0 seconds, 173.3 MB
[runlim] sample:		1130.0 seconds, 173.3 MB
[runlim] sample:		1140.0 seconds, 175.0 MB
[runlim] sample:		1150.0 seconds, 175.0 MB
[runlim] sample:		1160.0 seconds, 175.0 MB
[runlim] sample:		1170.0 seconds, 175.0 MB
[runlim] sample:		1180.0 seconds, 175.0 MB
[runlim] sample:		1190.0 seconds, 175.0 MB
[runlim] sample:		1200.0 seconds, 174.8 MB
[runlim] sample:		1210.0 seconds, 174.8 MB
[runlim] sample:		1220.0 seconds, 177.1 MB
[runlim] sample:		1230.0 seconds, 176.3 MB
[runlim] sample:		1240.0 seconds, 176.0 MB
[runlim] sample:		1250.0 seconds, 175.8 MB
[runlim] sample:		1260.0 seconds, 175.5 MB
[runlim] sample:		1270.0 seconds, 175.5 MB
[runlim] sample:		1280.0 seconds, 175.3 MB
[runlim] sample:		1290.0 seconds, 175.3 MB
[runlim] sample:		1300.0 seconds, 175.0 MB
[runlim] sample:		1310.0 seconds, 175.0 MB
[runlim] sample:		1320.0 seconds, 175.6 MB
[runlim] sample:		1330.0 seconds, 175.3 MB
[runlim] sample:		1340.0 seconds, 175.3 MB
[runlim] sample:		1350.0 seconds, 175.3 MB
[runlim] sample:		1360.0 seconds, 175.3 MB
[runlim] sample:		1370.0 seconds, 175.3 MB
[runlim] sample:		1380.0 seconds, 175.3 MB
[runlim] sample:		1390.0 seconds, 175.3 MB
[runlim] sample:		1400.0 seconds, 175.3 MB
[runlim] sample:		1410.0 seconds, 175.0 MB
[runlim] sample:		1420.0 seconds, 175.6 MB
[runlim] sample:		1430.0 seconds, 175.3 MB
[runlim] sample:		1440.0 seconds, 174.8 MB
[runlim] sample:		1450.0 seconds, 174.8 MB
[runlim] sample:		1460.0 seconds, 177.1 MB
[runlim] sample:		1470.0 seconds, 175.8 MB
[runlim] sample:		1480.0 seconds, 175.8 MB
[runlim] sample:		1490.0 seconds, 175.8 MB
[runlim] sample:		1500.0 seconds, 175.8 MB
[runlim] sample:		1510.0 seconds, 175.5 MB
[runlim] sample:		1520.0 seconds, 175.3 MB
[runlim] sample:		1530.0 seconds, 175.3 MB
[runlim] sample:		1540.0 seconds, 175.3 MB
[runlim] sample:		1550.0 seconds, 175.3 MB
[runlim] sample:		1560.0 seconds, 175.3 MB
[runlim] sample:		1570.0 seconds, 175.3 MB
[runlim] sample:		1580.0 seconds, 175.6 MB
[runlim] sample:		1590.0 seconds, 176.8 MB
[runlim] sample:		1600.0 seconds, 176.3 MB
[runlim] sample:		1610.0 seconds, 176.3 MB
[runlim] sample:		1620.0 seconds, 176.3 MB
[runlim] sample:		1630.0 seconds, 176.3 MB
[runlim] sample:		1640.0 seconds, 176.3 MB
[runlim] sample:		1650.0 seconds, 176.3 MB
[runlim] sample:		1660.0 seconds, 176.0 MB
[runlim] sample:		1670.0 seconds, 175.5 MB
[runlim] sample:		1680.0 seconds, 175.3 MB
[runlim] sample:		1690.0 seconds, 175.3 MB
[runlim] sample:		1700.0 seconds, 175.3 MB
[runlim] sample:		1710.0 seconds, 175.3 MB
[runlim] sample:		1720.0 seconds, 175.6 MB
[runlim] sample:		1730.0 seconds, 175.3 MB
[runlim] sample:		1740.0 seconds, 175.3 MB
[runlim] sample:		1750.0 seconds, 175.3 MB
[runlim] sample:		1760.0 seconds, 179.2 MB
[runlim] sample:		1770.0 seconds, 190.8 MB
[runlim] sample:		1780.0 seconds, 190.8 MB
[runlim] sample:		1790.0 seconds, 190.8 MB
[runlim] sample:		1800.0 seconds, 190.6 MB
[runlim] sample:		1810.0 seconds, 190.6 MB
[runlim] sample:		1820.0 seconds, 190.4 MB
[runlim] sample:		1830.0 seconds, 190.1 MB
[runlim] sample:		1840.0 seconds, 190.1 MB
[runlim] sample:		1850.0 seconds, 190.1 MB
[runlim] sample:		1860.0 seconds, 190.1 MB
[runlim] sample:		1870.0 seconds, 192.7 MB
[runlim] sample:		1880.0 seconds, 191.1 MB
[runlim] sample:		1890.0 seconds, 191.1 MB
[runlim] sample:		1900.0 seconds, 191.1 MB
[runlim] sample:		1910.0 seconds, 190.9 MB
[runlim] sample:		1920.0 seconds, 191.1 MB
[runlim] sample:		1930.0 seconds, 191.1 MB
[runlim] sample:		1940.0 seconds, 190.9 MB
[runlim] sample:		1950.0 seconds, 190.9 MB
[runlim] sample:		1960.0 seconds, 190.6 MB
[runlim] sample:		1970.0 seconds, 190.6 MB
[runlim] sample:		1980.0 seconds, 191.1 MB
[runlim] sample:		1990.0 seconds, 190.6 MB
[runlim] sample:		2000.0 seconds, 191.4 MB
[runlim] sample:		2010.0 seconds, 190.4 MB
[runlim] sample:		2020.0 seconds, 191.1 MB
done 385 3.072343 2023.820743
2023.820743
385
Median time: 4.42068 s
[runlim] end:			Mon Sep 30 02:27:13 2019
[runlim] status:		ok
[runlim] result:		0
[runlim] children:		0
[runlim] real:			2024.65 seconds
[runlim] time:			2023.97 seconds
[runlim] space:			196.4 MB
[runlim] samples:		20240
