[runlim] version:		1.7
[runlim] time limit:		3600 seconds
[runlim] real time limit:	311040000 seconds
[runlim] space limit:		80000 MB
[runlim] argv[0]:		python3.6
[runlim] argv[1]:		./netsolver-gurobi-mod.py
[runlim] argv[2]:		../secondnet/final_pns_json/final.BCube_n10_k2_bw10_cpu16.pn.instance_list_12vm_rnd.txt.pn.json
[runlim] argv[3]:		../../../instances/fattree-bcube/instance_list_12vm_rnd.txt
[runlim] argv[4]:		False
[runlim] argv[5]:		False
[runlim] argv[6]:		timelogs/results.BCube_n10_k2_bw10_cpu16.pn.instance_list_12vm_rnd.txt.log
[runlim] start:			Mon Sep 30 03:38:42 2019
[runlim] main pid:		15080
Academic license - for non-commercial use only
[runlim] sample:		10.0 seconds, 249.8 MB
[runlim] sample:		20.0 seconds, 236.3 MB
[runlim] sample:		30.0 seconds, 246.0 MB
[runlim] sample:		40.0 seconds, 253.4 MB
[runlim] sample:		50.0 seconds, 252.4 MB
[runlim] sample:		60.0 seconds, 253.0 MB
[runlim] sample:		70.0 seconds, 251.5 MB
[runlim] sample:		80.0 seconds, 253.9 MB
[runlim] sample:		90.0 seconds, 269.0 MB
[runlim] sample:		100.0 seconds, 275.2 MB
[runlim] sample:		110.0 seconds, 281.0 MB
[runlim] sample:		120.0 seconds, 273.3 MB
[runlim] sample:		130.0 seconds, 267.0 MB
[runlim] sample:		140.0 seconds, 257.0 MB
[runlim] sample:		150.0 seconds, 257.0 MB
[runlim] sample:		160.0 seconds, 279.6 MB
[runlim] sample:		170.0 seconds, 247.4 MB
[runlim] sample:		180.0 seconds, 240.7 MB
[runlim] sample:		190.0 seconds, 245.1 MB
[runlim] sample:		200.0 seconds, 243.8 MB
[runlim] sample:		210.0 seconds, 236.3 MB
[runlim] sample:		220.0 seconds, 241.3 MB
[runlim] sample:		230.0 seconds, 281.3 MB
[runlim] sample:		240.0 seconds, 269.0 MB
[runlim] sample:		250.0 seconds, 285.1 MB
[runlim] sample:		260.0 seconds, 269.8 MB
[runlim] sample:		270.0 seconds, 266.6 MB
[runlim] sample:		280.0 seconds, 251.5 MB
[runlim] sample:		290.0 seconds, 242.9 MB
[runlim] sample:		300.0 seconds, 256.5 MB
[runlim] sample:		310.0 seconds, 305.8 MB
[runlim] sample:		320.0 seconds, 294.3 MB
[runlim] sample:		330.0 seconds, 281.4 MB
[runlim] sample:		340.0 seconds, 299.1 MB
[runlim] sample:		350.0 seconds, 303.9 MB
[runlim] sample:		360.0 seconds, 302.6 MB
[runlim] sample:		370.0 seconds, 296.2 MB
[runlim] sample:		380.0 seconds, 295.4 MB
[runlim] sample:		390.0 seconds, 299.5 MB
[runlim] sample:		400.0 seconds, 268.4 MB
[runlim] sample:		410.0 seconds, 289.2 MB
[runlim] sample:		420.0 seconds, 278.6 MB
[runlim] sample:		430.0 seconds, 272.9 MB
[runlim] sample:		440.0 seconds, 251.9 MB
[runlim] sample:		450.0 seconds, 255.7 MB
[runlim] sample:		460.0 seconds, 247.8 MB
[runlim] sample:		470.0 seconds, 267.4 MB
[runlim] sample:		480.0 seconds, 284.4 MB
[runlim] sample:		490.0 seconds, 259.0 MB
[runlim] sample:		500.0 seconds, 245.3 MB
[runlim] sample:		510.0 seconds, 242.2 MB
[runlim] sample:		520.0 seconds, 271.0 MB
[runlim] sample:		530.0 seconds, 292.9 MB
[runlim] sample:		540.0 seconds, 290.6 MB
[runlim] sample:		550.0 seconds, 303.7 MB
[runlim] sample:		560.0 seconds, 297.2 MB
[runlim] sample:		570.0 seconds, 272.7 MB
[runlim] sample:		580.0 seconds, 272.8 MB
[runlim] sample:		590.0 seconds, 265.3 MB
[runlim] sample:		600.0 seconds, 258.6 MB
[runlim] sample:		610.0 seconds, 261.1 MB
[runlim] sample:		620.0 seconds, 257.3 MB
[runlim] sample:		630.0 seconds, 250.6 MB
[runlim] sample:		640.0 seconds, 297.6 MB
[runlim] sample:		650.0 seconds, 250.9 MB
[runlim] sample:		660.0 seconds, 326.6 MB
[runlim] sample:		670.0 seconds, 275.7 MB
[runlim] sample:		680.0 seconds, 281.5 MB
[runlim] sample:		690.0 seconds, 279.5 MB
[runlim] sample:		700.0 seconds, 291.3 MB
[runlim] sample:		710.0 seconds, 277.9 MB
[runlim] sample:		720.0 seconds, 286.6 MB
[runlim] sample:		730.0 seconds, 274.8 MB
[runlim] sample:		740.0 seconds, 273.6 MB
[runlim] sample:		750.0 seconds, 302.5 MB
[runlim] sample:		760.0 seconds, 295.0 MB
[runlim] sample:		770.0 seconds, 258.0 MB
[runlim] sample:		780.0 seconds, 264.7 MB
[runlim] sample:		790.0 seconds, 257.2 MB
[runlim] sample:		800.0 seconds, 268.7 MB
[runlim] sample:		810.0 seconds, 263.7 MB
[runlim] sample:		820.0 seconds, 257.3 MB
[runlim] sample:		830.0 seconds, 259.6 MB
[runlim] sample:		840.0 seconds, 255.2 MB
[runlim] sample:		850.0 seconds, 256.7 MB
[runlim] sample:		860.0 seconds, 258.4 MB
[runlim] sample:		870.0 seconds, 268.5 MB
[runlim] sample:		880.0 seconds, 256.5 MB
[runlim] sample:		890.0 seconds, 253.9 MB
[runlim] sample:		900.0 seconds, 250.8 MB
[runlim] sample:		910.0 seconds, 258.9 MB
[runlim] sample:		920.0 seconds, 272.9 MB
[runlim] sample:		930.0 seconds, 282.9 MB
[runlim] sample:		940.0 seconds, 270.5 MB
[runlim] sample:		950.0 seconds, 283.2 MB
[runlim] sample:		960.0 seconds, 271.8 MB
[runlim] sample:		970.0 seconds, 271.8 MB
[runlim] sample:		980.0 seconds, 257.3 MB
[runlim] sample:		990.0 seconds, 257.5 MB
[runlim] sample:		1000.0 seconds, 257.9 MB
[runlim] sample:		1010.0 seconds, 274.6 MB
[runlim] sample:		1020.0 seconds, 261.7 MB
[runlim] sample:		1030.0 seconds, 261.1 MB
[runlim] sample:		1040.0 seconds, 277.3 MB
[runlim] sample:		1050.0 seconds, 257.4 MB
[runlim] sample:		1060.0 seconds, 279.7 MB
[runlim] sample:		1070.0 seconds, 284.7 MB
[runlim] sample:		1080.0 seconds, 279.9 MB
[runlim] sample:		1090.0 seconds, 272.3 MB
[runlim] sample:		1100.0 seconds, 271.6 MB
[runlim] sample:		1110.0 seconds, 259.1 MB
[runlim] sample:		1120.0 seconds, 279.8 MB
[runlim] sample:		1130.0 seconds, 283.2 MB
[runlim] sample:		1140.0 seconds, 302.4 MB
[runlim] sample:		1150.0 seconds, 297.6 MB
[runlim] sample:		1160.0 seconds, 295.0 MB
[runlim] sample:		1170.0 seconds, 300.6 MB
[runlim] sample:		1180.0 seconds, 300.6 MB
[runlim] sample:		1190.0 seconds, 300.6 MB
[runlim] sample:		1200.0 seconds, 276.1 MB
[runlim] sample:		1210.0 seconds, 296.3 MB
[runlim] sample:		1220.0 seconds, 276.5 MB
[runlim] sample:		1230.0 seconds, 292.0 MB
[runlim] sample:		1240.0 seconds, 285.0 MB
[runlim] sample:		1250.0 seconds, 268.0 MB
[runlim] sample:		1260.0 seconds, 273.4 MB
[runlim] sample:		1270.0 seconds, 291.4 MB
[runlim] sample:		1280.0 seconds, 272.9 MB
[runlim] sample:		1290.0 seconds, 267.9 MB
[runlim] sample:		1300.0 seconds, 279.7 MB
[runlim] sample:		1310.0 seconds, 257.1 MB
[runlim] sample:		1320.0 seconds, 261.3 MB
[runlim] sample:		1330.0 seconds, 279.2 MB
[runlim] sample:		1340.0 seconds, 279.1 MB
[runlim] sample:		1350.0 seconds, 284.9 MB
[runlim] sample:		1360.0 seconds, 266.4 MB
[runlim] sample:		1370.0 seconds, 261.8 MB
[runlim] sample:		1380.0 seconds, 248.8 MB
[runlim] sample:		1390.0 seconds, 278.2 MB
[runlim] sample:		1400.0 seconds, 317.8 MB
[runlim] sample:		1410.0 seconds, 269.3 MB
[runlim] sample:		1420.0 seconds, 286.3 MB
[runlim] sample:		1430.0 seconds, 265.1 MB
[runlim] sample:		1440.0 seconds, 291.2 MB
[runlim] sample:		1450.0 seconds, 281.1 MB
[runlim] sample:		1460.0 seconds, 270.2 MB
[runlim] sample:		1470.0 seconds, 334.0 MB
[runlim] sample:		1480.0 seconds, 264.7 MB
[runlim] sample:		1490.0 seconds, 264.1 MB
[runlim] sample:		1500.0 seconds, 291.1 MB
[runlim] sample:		1510.0 seconds, 288.2 MB
[runlim] sample:		1520.0 seconds, 265.2 MB
[runlim] sample:		1530.0 seconds, 301.2 MB
[runlim] sample:		1540.0 seconds, 280.9 MB
[runlim] sample:		1550.0 seconds, 263.3 MB
[runlim] sample:		1560.0 seconds, 281.7 MB
[runlim] sample:		1570.0 seconds, 337.7 MB
[runlim] sample:		1580.0 seconds, 254.7 MB
[runlim] sample:		1590.0 seconds, 277.3 MB
[runlim] sample:		1600.0 seconds, 280.3 MB
[runlim] sample:		1610.0 seconds, 264.3 MB
[runlim] sample:		1620.0 seconds, 290.1 MB
[runlim] sample:		1630.0 seconds, 331.8 MB
[runlim] sample:		1640.0 seconds, 296.0 MB
[runlim] sample:		1650.0 seconds, 271.3 MB
[runlim] sample:		1660.0 seconds, 264.5 MB
[runlim] sample:		1670.0 seconds, 262.4 MB
[runlim] sample:		1680.0 seconds, 260.0 MB
[runlim] sample:		1690.0 seconds, 258.9 MB
[runlim] sample:		1700.0 seconds, 321.7 MB
[runlim] sample:		1710.0 seconds, 236.7 MB
[runlim] sample:		1720.0 seconds, 281.7 MB
[runlim] sample:		1730.0 seconds, 284.6 MB
[runlim] sample:		1740.0 seconds, 276.9 MB
[runlim] sample:		1750.0 seconds, 271.6 MB
[runlim] sample:		1760.0 seconds, 276.2 MB
[runlim] sample:		1770.0 seconds, 271.4 MB
[runlim] sample:		1780.0 seconds, 271.2 MB
[runlim] sample:		1790.0 seconds, 293.2 MB
[runlim] sample:		1800.0 seconds, 270.7 MB
[runlim] sample:		1810.0 seconds, 279.0 MB
[runlim] sample:		1820.0 seconds, 288.4 MB
[runlim] sample:		1830.0 seconds, 279.7 MB
[runlim] sample:		1840.0 seconds, 294.0 MB
[runlim] sample:		1850.0 seconds, 283.7 MB
[runlim] sample:		1860.0 seconds, 281.2 MB
[runlim] sample:		1870.0 seconds, 283.5 MB
[runlim] sample:		1880.0 seconds, 283.3 MB
[runlim] sample:		1890.0 seconds, 283.0 MB
[runlim] sample:		1900.0 seconds, 236.6 MB
[runlim] sample:		1910.0 seconds, 279.0 MB
[runlim] sample:		1920.0 seconds, 308.9 MB
[runlim] sample:		1930.0 seconds, 278.6 MB
[runlim] sample:		1940.0 seconds, 279.1 MB
[runlim] sample:		1950.0 seconds, 314.2 MB
[runlim] sample:		1960.0 seconds, 293.5 MB
[runlim] sample:		1970.0 seconds, 372.4 MB
[runlim] sample:		1980.0 seconds, 323.4 MB
[runlim] sample:		1990.0 seconds, 330.6 MB
[runlim] sample:		2000.0 seconds, 332.3 MB
[runlim] sample:		2010.0 seconds, 341.6 MB
[runlim] sample:		2020.0 seconds, 309.8 MB
[runlim] sample:		2030.0 seconds, 313.4 MB
[runlim] sample:		2040.0 seconds, 327.5 MB
[runlim] sample:		2050.0 seconds, 334.4 MB
[runlim] sample:		2060.0 seconds, 327.3 MB
[runlim] sample:		2070.0 seconds, 332.3 MB
[runlim] sample:		2080.0 seconds, 326.8 MB
[runlim] sample:		2090.0 seconds, 326.8 MB
[runlim] sample:		2100.0 seconds, 334.7 MB
[runlim] sample:		2110.0 seconds, 334.7 MB
[runlim] sample:		2120.0 seconds, 340.6 MB
[runlim] sample:		2130.0 seconds, 305.1 MB
[runlim] sample:		2140.0 seconds, 315.4 MB
[runlim] sample:		2150.0 seconds, 317.2 MB
[runlim] sample:		2160.0 seconds, 317.2 MB
[runlim] sample:		2170.0 seconds, 292.6 MB
[runlim] sample:		2180.0 seconds, 294.8 MB
[runlim] sample:		2190.0 seconds, 348.1 MB
[runlim] sample:		2200.0 seconds, 309.5 MB
[runlim] sample:		2210.0 seconds, 301.6 MB
[runlim] sample:		2220.0 seconds, 342.4 MB
[runlim] sample:		2230.0 seconds, 342.4 MB
[runlim] sample:		2240.0 seconds, 315.8 MB
[runlim] sample:		2250.0 seconds, 315.8 MB
[runlim] sample:		2260.0 seconds, 315.8 MB
[runlim] sample:		2270.0 seconds, 324.3 MB
[runlim] sample:		2280.0 seconds, 324.3 MB
[runlim] sample:		2290.0 seconds, 298.4 MB
[runlim] sample:		2300.0 seconds, 328.0 MB
[runlim] sample:		2310.0 seconds, 356.1 MB
[runlim] sample:		2320.0 seconds, 352.6 MB
[runlim] sample:		2330.0 seconds, 357.2 MB
[runlim] sample:		2340.0 seconds, 343.4 MB
[runlim] sample:		2350.0 seconds, 318.4 MB
[runlim] sample:		2360.0 seconds, 316.9 MB
[runlim] sample:		2370.0 seconds, 292.2 MB
[runlim] sample:		2380.0 seconds, 346.4 MB
[runlim] sample:		2390.0 seconds, 346.4 MB
[runlim] sample:		2400.0 seconds, 321.8 MB
[runlim] sample:		2410.0 seconds, 339.0 MB
[runlim] sample:		2420.0 seconds, 343.1 MB
[runlim] sample:		2430.0 seconds, 286.9 MB
[runlim] sample:		2440.0 seconds, 345.4 MB
[runlim] sample:		2450.0 seconds, 349.8 MB
[runlim] sample:		2460.0 seconds, 349.8 MB
[runlim] sample:		2470.0 seconds, 325.6 MB
[runlim] sample:		2480.0 seconds, 331.0 MB
[runlim] sample:		2490.0 seconds, 308.3 MB
[runlim] sample:		2500.0 seconds, 305.3 MB
[runlim] sample:		2510.0 seconds, 345.1 MB
[runlim] sample:		2520.0 seconds, 345.1 MB
[runlim] sample:		2530.0 seconds, 287.8 MB
[runlim] sample:		2540.0 seconds, 304.6 MB
[runlim] sample:		2550.0 seconds, 290.1 MB
[runlim] sample:		2560.0 seconds, 293.3 MB
[runlim] sample:		2569.9 seconds, 319.9 MB
[runlim] sample:		2580.0 seconds, 290.9 MB
[runlim] sample:		2590.0 seconds, 322.2 MB
[runlim] sample:		2600.0 seconds, 322.4 MB
[runlim] sample:		2610.0 seconds, 303.2 MB
[runlim] sample:		2620.0 seconds, 341.2 MB
[runlim] sample:		2630.0 seconds, 321.0 MB
[runlim] sample:		2639.9 seconds, 329.2 MB
[runlim] sample:		2650.0 seconds, 303.2 MB
[runlim] sample:		2660.0 seconds, 315.1 MB
[runlim] sample:		2670.0 seconds, 315.1 MB
[runlim] sample:		2680.0 seconds, 320.7 MB
[runlim] sample:		2690.0 seconds, 321.8 MB
[runlim] sample:		2699.9 seconds, 321.8 MB
[runlim] sample:		2710.0 seconds, 321.8 MB
[runlim] sample:		2720.0 seconds, 321.8 MB
[runlim] sample:		2730.0 seconds, 322.3 MB
[runlim] sample:		2740.0 seconds, 316.2 MB
[runlim] sample:		2750.0 seconds, 316.2 MB
[runlim] sample:		2759.9 seconds, 295.9 MB
[runlim] sample:		2770.0 seconds, 321.6 MB
[runlim] sample:		2779.9 seconds, 300.1 MB
[runlim] sample:		2789.9 seconds, 283.9 MB
[runlim] sample:		2800.0 seconds, 309.4 MB
[runlim] sample:		2810.0 seconds, 281.8 MB
[runlim] sample:		2819.9 seconds, 339.9 MB
[runlim] sample:		2829.9 seconds, 280.2 MB
[runlim] sample:		2839.9 seconds, 320.9 MB
[runlim] sample:		2849.9 seconds, 320.9 MB
[runlim] sample:		2859.9 seconds, 312.8 MB
[runlim] sample:		2869.9 seconds, 306.8 MB
[runlim] sample:		2880.0 seconds, 319.4 MB
[runlim] sample:		2890.0 seconds, 319.7 MB
[runlim] sample:		2899.9 seconds, 313.9 MB
[runlim] sample:		2909.9 seconds, 288.4 MB
[runlim] sample:		2919.9 seconds, 289.6 MB
[runlim] sample:		2929.9 seconds, 268.2 MB
[runlim] sample:		2939.9 seconds, 287.1 MB
[runlim] sample:		2949.9 seconds, 293.8 MB
[runlim] sample:		2959.9 seconds, 269.6 MB
[runlim] sample:		2969.9 seconds, 311.0 MB
[runlim] sample:		2979.9 seconds, 278.8 MB
[runlim] sample:		2989.9 seconds, 295.2 MB
[runlim] sample:		2999.9 seconds, 294.7 MB
[runlim] sample:		3010.0 seconds, 293.7 MB
[runlim] sample:		3019.9 seconds, 294.7 MB
[runlim] sample:		3029.9 seconds, 294.0 MB
[runlim] sample:		3039.9 seconds, 293.7 MB
[runlim] sample:		3049.9 seconds, 293.7 MB
[runlim] sample:		3059.9 seconds, 293.5 MB
[runlim] sample:		3069.9 seconds, 293.2 MB
[runlim] sample:		3079.9 seconds, 297.6 MB
[runlim] sample:		3090.0 seconds, 278.5 MB
[runlim] sample:		3099.9 seconds, 277.8 MB
[runlim] sample:		3109.9 seconds, 280.9 MB
[runlim] sample:		3119.9 seconds, 280.9 MB
[runlim] sample:		3129.9 seconds, 300.5 MB
[runlim] sample:		3139.9 seconds, 315.3 MB
[runlim] sample:		3149.9 seconds, 315.6 MB
[runlim] sample:		3159.9 seconds, 290.3 MB
[runlim] sample:		3169.9 seconds, 290.3 MB
[runlim] sample:		3179.9 seconds, 290.3 MB
[runlim] sample:		3189.9 seconds, 304.7 MB
[runlim] sample:		3199.9 seconds, 294.6 MB
[runlim] sample:		3209.9 seconds, 307.8 MB
[runlim] sample:		3219.9 seconds, 289.1 MB
[runlim] sample:		3229.9 seconds, 289.1 MB
[runlim] sample:		3239.9 seconds, 306.6 MB
[runlim] sample:		3249.9 seconds, 295.5 MB
[runlim] sample:		3259.9 seconds, 306.1 MB
[runlim] sample:		3269.9 seconds, 310.3 MB
[runlim] sample:		3279.9 seconds, 315.9 MB
[runlim] sample:		3289.9 seconds, 317.0 MB
[runlim] sample:		3299.9 seconds, 317.2 MB
[runlim] sample:		3309.9 seconds, 317.2 MB
[runlim] sample:		3319.9 seconds, 317.1 MB
[runlim] sample:		3329.9 seconds, 317.1 MB
[runlim] sample:		3339.9 seconds, 317.1 MB
[runlim] sample:		3349.9 seconds, 291.4 MB
[runlim] sample:		3359.9 seconds, 291.4 MB
[runlim] sample:		3369.9 seconds, 305.4 MB
[runlim] sample:		3379.9 seconds, 290.9 MB
[runlim] sample:		3389.9 seconds, 290.9 MB
[runlim] sample:		3399.9 seconds, 321.1 MB
[runlim] sample:		3409.9 seconds, 298.8 MB
[runlim] sample:		3419.9 seconds, 306.6 MB
[runlim] sample:		3429.9 seconds, 287.9 MB
[runlim] sample:		3439.9 seconds, 307.1 MB
[runlim] sample:		3449.9 seconds, 324.0 MB
[runlim] sample:		3459.9 seconds, 320.9 MB
[runlim] sample:		3469.9 seconds, 320.9 MB
[runlim] sample:		3479.9 seconds, 323.7 MB
[runlim] sample:		3489.9 seconds, 323.7 MB
[runlim] sample:		3499.9 seconds, 323.7 MB
[runlim] sample:		3509.9 seconds, 309.2 MB
[runlim] sample:		3519.9 seconds, 308.0 MB
[runlim] sample:		3529.9 seconds, 278.3 MB
[runlim] sample:		3539.9 seconds, 275.8 MB
[runlim] sample:		3549.9 seconds, 275.8 MB
[runlim] sample:		3559.9 seconds, 275.6 MB
[runlim] sample:		3569.9 seconds, 283.3 MB
[runlim] sample:		3579.9 seconds, 296.7 MB
[runlim] sample:		3589.9 seconds, 271.3 MB
[runlim] sample:		3599.9 seconds, 309.7 MB
[runlim] end:			Mon Sep 30 04:38:42 2019
[runlim] status:		out of time
[runlim] result:		1
[runlim] children:		0
[runlim] real:			3600.68 seconds
[runlim] time:			3600.05 seconds
[runlim] space:			374.2 MB
[runlim] samples:		36001
