# instance ../secondnet/final_pns_json/final.Fattree_n16_k2_bw10_cpu16.pn.instance_list_9vm_rnd.txt.pn.json
# Settings: PN=../secondnet/final_pns_json/final.Fattree_n16_k2_bw10_cpu16.pn.instance_list_9vm_rnd.txt.pn.json, VN=../../../instances/fattree-bcube/instance_list_9vm_rnd.txt, multi-thread=False
init 0.049624 0.049624
1 4.855583 4.905207
2 3.954101 8.859442
3 7.181563 16.041132
4 2.882415 18.923678
5 5.114882 24.038673
6 2.846676 26.88549
7 3.827678 30.713282
8 5.513268 36.226679
9 5.79244 42.019263
10 3.172893 45.192279
11 5.524983 50.717382
12 3.317324 54.034829
13 5.697487 59.732441
14 6.884376 66.616945
15 4.032041 70.649115
16 6.796095 77.445334
17 5.625997 83.071466
18 5.351356 88.422954
19 4.166159 92.589239
20 5.572126 98.161493
21 5.803149 103.964774
22 5.376884 109.341786
23 5.449981 114.791899
24 6.85961 121.651642
25 3.917774 125.569546
26 5.395812 130.965485
27 5.843097 136.808716
28 5.371323 142.180178
29 5.418678 147.598984
30 5.405877 153.004995
31 4.755413 157.760542
32 3.463377 161.224045
33 3.768781 164.992949
34 3.837578 168.830658
35 3.841817 172.672616
36 5.156859 177.829599
37 3.948641 181.778373
38 5.383436 187.161934
39 5.376808 192.538876
40 5.820323 198.359334
41 5.244133 203.603599
42 5.330303 208.934033
43 3.493472 212.427637
44 5.588863 218.016621
45 5.325707 223.34246
46 4.705415 228.048008
47 5.773225 233.821356
48 4.086285 237.907762
49 6.682684 244.590576
50 5.784544 250.375254
51 4.05851 254.43389
52 4.170709 258.604723
53 3.507231 262.112079
54 5.730632 267.842837
55 3.546888 271.389858
56 5.639448 277.02943
57 5.300315 282.329875
58 5.444335 287.774341
59 3.50504 291.279519
60 5.183477 296.463119
61 7.502423 303.965675
62 3.587198 307.553002
63 3.907875 311.461004
64 3.432681 314.893814
65 5.469524 320.363471
66 5.781125 326.144727
67 5.6261 331.770956
68 5.515148 337.286234
69 4.057792 341.344158
70 6.033276 347.377558
71 5.36035 352.73803
72 5.414667 358.152829
73 5.588922 363.741888
74 5.510255 369.252277
75 5.771106 375.023511
76 5.412093 380.435729
77 4.012307 384.448165
78 5.205614 389.653905
79 4.083265 393.737296
80 5.645772 399.383195
81 7.205133 406.588457
82 5.391715 411.980301
83 4.080812 416.061244
84 6.692453 422.753828
85 6.07588 428.829843
86 5.874619 434.704595
87 3.473103 438.17783
88 3.935547 442.113502
89 5.241282 447.354913
90 5.803547 453.158594
91 4.230992 457.389728
92 4.064995 461.454844
93 7.087361 468.542333
94 5.371616 473.914082
95 4.070353 477.984574
96 4.843916 482.828619
97 5.187898 488.016644
98 3.494989 491.511767
99 3.802179 495.314072
100 5.340681 500.654883
101 3.587909 504.242921
102 3.939267 508.182316
103 5.635084 513.817532
104 5.327082 519.144737
105 3.505713 522.650579
106 5.32658 527.977285
107 3.56257 531.539985
108 5.269315 536.809428
109 6.073181 542.882739
110 7.729142 550.612011
111 6.859964 557.472103
112 5.52721 562.999442
113 6.833862 569.833437
114 3.621311 573.454875
115 4.935415 578.390419
116 6.837404 585.227953
117 4.117981 589.346066
118 4.685808 594.032001
119 5.629143 599.661274
120 3.569161 603.230566
121 5.260176 608.490861
122 4.966068 613.45706
123 4.032933 617.490121
124 5.41435 622.904602
125 4.99344 627.898179
126 3.979315 631.877621
127 5.236278 637.114027
128 5.326126 642.440286
129 5.362969 647.803387
130 4.045493 651.849009
131 3.98361 655.83275
132 5.425259 661.258139
133 6.84192 668.100196
134 5.639237 673.739566
135 5.689161 679.42886
136 6.846597 686.275587
137 5.531559 691.807278
138 6.863249 698.670656
139 4.185417 702.856217
140 5.60809 708.464427
141 5.745392 714.20995
142 6.751523 720.961605
143 6.082022 727.043759
144 5.474999 732.518889
145 4.776488 737.2955
146 3.943408 741.23903
147 3.991879 745.231033
148 5.4212 750.652359
149 6.795113 757.44761
150 5.771215 763.218975
151 6.054738 769.27383
152 4.252865 773.526822
153 4.067559 777.594497
154 5.19357 782.788197
155 4.977837 787.766165
156 5.421467 793.187759
157 5.710989 798.898883
158 5.504358 804.403372
159 5.718993 810.122498
160 7.654478 817.777098
161 7.286623 825.063848
162 4.074164 829.138145
163 5.220828 834.359098
164 5.336313 839.695542
165 5.462082 845.157777
166 6.795745 851.953656
167 5.404293 857.358083
168 5.36758 862.725794
169 7.294535 870.020459
170 4.94273 874.963312
171 5.325473 880.28892
172 5.346298 885.635346
173 6.769428 892.404905
174 5.887981 898.29302
175 4.063772 902.356927
176 8.168738 910.525791
177 4.917917 915.443833
178 5.301744 920.745708
179 7.331362 928.077194
180 4.043259 932.120583
181 5.393058 937.513759
182 4.944244 942.458142
183 5.723235 948.181505
184 5.433279 953.614914
185 2.910868 956.525915
186 5.361218 961.88725
187 5.799651 967.687032
188 6.607291 974.29446
189 5.846881 980.141471
190 7.105727 987.24733
191 5.558603 992.806064
192 5.752123 998.558323
193 7.255581 1005.814034
194 5.792612 1011.606787
195 5.302481 1016.909402
196 5.515348 1022.424886
197 6.001257 1028.426267
198 5.414698 1033.841093
199 5.208651 1039.049875
200 5.466791 1044.516798
201 3.637311 1048.154239
202 5.259699 1053.41406
203 7.075365 1060.489557
204 7.256617 1067.746302
205 7.089851 1074.836278
206 5.498648 1080.335061
207 5.542752 1085.877944
208 5.328579 1091.206657
209 5.309591 1096.516388
210 5.447851 1101.964377
211 5.419348 1107.383859
212 4.115113 1111.499109
213 5.201487 1116.700728
214 5.492172 1122.193033
215 5.443175 1127.636339
216 5.461648 1133.098124
217 5.374766 1138.473023
218 5.291407 1143.764561
219 5.393305 1149.158007
220 5.358663 1154.516805
221 5.582212 1160.099147
222 5.907692 1166.006967
223 6.930296 1172.937394
224 5.085431 1178.022956
225 2.869363 1180.892444
226 6.994758 1187.887317
227 5.568457 1193.455905
228 5.79442 1199.250457
229 4.10463 1203.35522
230 7.968312 1211.323658
231 5.078724 1216.402506
232 5.211823 1221.614466
233 5.53775 1227.152347
234 5.288323 1232.440798
235 3.596612 1236.037544
236 5.139527 1241.177197
237 3.549845 1244.727176
238 5.242679 1249.969981
239 4.033047 1254.003157
240 6.972041 1260.97532
241 7.184566 1268.160013
242 7.28826 1275.4484
243 4.081307 1279.52984
244 5.688459 1285.218424
245 3.602379 1288.820928
246 4.902547 1293.723599
247 9.509851 1303.233572
248 5.406634 1308.640344
249 5.434684 1314.075162
250 5.802145 1319.87744
251 6.269286 1326.146859
252 7.107335 1333.254327
253 5.351718 1338.606176
254 5.683661 1344.28997
255 5.511956 1349.802057
256 4.076398 1353.87859
257 6.026003 1359.904722
258 5.507234 1365.412085
259 5.908753 1371.32097
260 5.434002 1376.755095
261 4.113355 1380.868591
262 5.168578 1386.037297
263 5.311108 1391.348536
264 5.828694 1397.17737
265 5.255912 1402.433404
266 7.616832 1410.050366
267 7.52985 1417.580346
268 5.550231 1423.13071
269 5.344061 1428.474913
270 5.5238 1433.998846
271 5.803622 1439.802611
272 7.189209 1446.991963
273 4.988922 1451.981018
274 5.363221 1457.344364
275 8.024124 1465.368621
276 4.966659 1470.335419
277 4.886608 1475.222153
278 4.163498 1479.385775
279 3.646915 1483.032819
280 5.363756 1488.396699
281 4.948104 1493.344932
282 5.545129 1498.890192
283 5.476347 1504.366675
284 5.464859 1509.83168
285 3.545361 1513.377173
286 5.302862 1518.680159
287 5.341461 1524.021753
288 5.042496 1529.064374
289 5.356717 1534.421221
290 5.241878 1539.663225
291 5.255594 1544.918952
292 6.632848 1551.551925
293 4.975872 1556.527924
294 3.566356 1560.094412
295 8.484204 1568.578745
296 4.091809 1572.670694
297 3.971518 1576.642347
298 4.910832 1581.553313
299 5.235811 1586.789252
300 4.999178 1591.788558
301 4.966921 1596.755608
302 6.216912 1602.972654
303 2.933738 1605.906526
304 5.339847 1611.246486
305 8.552849 1619.799468
306 5.212698 1625.012296
307 5.505067 1630.517495
308 5.133581 1635.651201
309 4.99565 1640.64699
310 5.410759 1646.057878
311 5.54003 1651.598045
312 5.409932 1657.00811
313 5.861956 1662.870201
314 5.315303 1668.18563
315 5.75528 1673.94104
316 4.338917 1678.280093
317 5.233667 1683.513885
318 5.501883 1689.0159
319 5.505563 1694.521598
320 5.830664 1700.352388
321 6.121045 1706.473561
322 5.905707 1712.3794
323 4.988408 1717.367938
324 5.340276 1722.708341
325 5.340631 1728.049101
326 5.384738 1733.433972
327 7.159892 1740.593993
328 5.180738 1745.774862
329 5.493106 1751.268101
330 5.486384 1756.754621
331 4.080323 1760.835092
332 5.728388 1766.563635
333 5.429488 1771.993258
334 5.254097 1777.247484
335 5.361995 1782.60961
336 5.553222 1788.162971
337 3.517142 1791.680243
338 5.192735 1796.873105
339 5.444303 1802.317535
340 3.595659 1805.913319
341 5.107502 1811.020949
342 5.328781 1816.349848
343 5.460132 1821.810121
344 5.420388 1827.230641
345 5.229516 1832.460303
346 5.665761 1838.126199
347 5.214405 1843.340733
348 5.372106 1848.712971
349 5.744944 1854.458051
350 4.973199 1859.431389
351 5.288316 1864.719832
352 8.13129 1872.851245
353 5.453626 1878.304996
354 4.098326 1882.403459
355 3.458511 1885.862097
356 8.372213 1894.234441
357 5.170292 1899.404864
358 3.287499 1902.692498
359 5.227711 1907.920328
360 5.376165 1913.29662
361 2.887777 1916.184535
362 5.06001 1921.244662
363 8.374667 1929.619458
364 3.019192 1932.638775
365 5.021263 1937.660152
366 8.390608 1946.050896
367 5.777712 1951.828743
368 5.807901 1957.636779
369 5.325729 1962.962639
370 8.474649 1971.437426
371 5.337819 1976.775379
372 5.658105 1982.433611
373 5.744282 1988.178024
374 5.282486 1993.460644
375 3.992967 1997.453747
376 5.067021 2002.520899
377 5.662839 2008.18386
378 5.130849 2013.314844
379 5.606933 2018.921909
380 5.24159 2024.163624
381 5.321734 2029.485488
382 5.615473 2035.101093
383 6.081167 2041.182389
384 5.290382 2046.472905
385 5.031967 2051.505
386 4.11867 2055.623804
387 5.573362 2061.197288
388 4.041431 2065.238852
389 5.262217 2070.501201
390 6.177784 2076.679119
391 4.960279 2081.639526
392 4.062527 2085.70218
393 5.127839 2090.830147
394 5.376651 2096.206935
395 2.96951 2099.176577
396 5.574478 2104.751168
397 5.4434 2110.194698
398 6.19529 2116.390129
399 4.029216 2120.419479
400 5.704249 2126.123847
401 3.495366 2129.619336
402 3.887765 2133.507225
403 5.321112 2138.828468
404 5.262931 2144.091532
405 8.175429 2152.267092
406 5.400549 2157.667775
407 5.352797 2163.020713
408 3.565844 2166.586684
409 5.201258 2171.78808
410 7.095278 2178.88349
411 3.509003 2182.392626
412 4.139114 2186.531865
413 3.524721 2190.056715
414 8.016631 2198.073472
415 5.75491 2203.828514
416 5.300667 2209.129317
417 4.054558 2213.184005
418 8.169358 2221.353491
419 5.446248 2226.799872
420 4.066697 2230.866705
421 7.88689 2238.75373
422 5.745087 2244.498951
423 5.794822 2250.293905
424 8.249952 2258.543986
425 5.337421 2263.881544
426 5.158879 2269.040555
427 5.359974 2274.400662
428 5.272366 2279.673166
429 6.485923 2286.159226
430 5.723229 2291.882587
431 6.141497 2298.024215
432 5.279951 2303.304289
433 8.131162 2311.43558
434 5.169909 2316.605618
435 3.98568 2320.591431
436 7.919297 2328.510856
437 5.510412 2334.0214
438 3.976463 2337.997983
439 3.916966 2341.915081
440 5.293809 2347.209019
441 4.046756 2351.255907
442 5.400748 2356.656782
443 6.331064 2362.987977
444 5.513873 2368.50198
445 5.038965 2373.541076
446 4.941365 2378.482573
447 5.578156 2384.060862
448 7.85368 2391.914675
449 5.303397 2397.218206
450 6.044151 2403.262485
451 5.374572 2408.637192
452 7.775699 2416.413019
453 6.689863 2423.103011
454 7.686836 2430.789977
455 5.144256 2435.934367
456 5.925928 2441.860431
457 5.167706 2447.028267
458 5.355709 2452.384106
459 2.939933 2455.324165
460 3.339295 2458.663582
461 6.928044 2465.591752
462 5.611082 2471.202969
463 5.365914 2476.569016
464 5.201142 2481.770297
465 3.92752 2485.697944
466 3.878729 2489.576806
467 3.89419 2493.471122
468 4.202149 2497.6734
469 5.353566 2503.027089
470 5.611877 2508.639099
471 6.635217 2515.274447
472 3.636461 2518.911034
473 3.825193 2522.736355
474 8.112469 2530.848953
475 6.804205 2537.653285
476 6.044605 2543.698025
477 5.13969 2548.837847
478 6.714314 2555.552297
479 5.955313 2561.507744
480 5.3997 2566.90758
481 5.221188 2572.128901
482 3.526027 2575.655059
483 4.989558 2580.644744
484 4.962156 2585.607025
485 5.516711 2591.123865
486 5.467966 2596.591956
487 5.305259 2601.897348
488 8.008479 2609.905965
489 5.153707 2615.059808
490 5.588004 2620.647945
491 3.522923 2624.171004
492 5.427671 2629.598801
493 3.900489 2633.499424
494 6.566029 2640.065581
495 5.416705 2645.482416
496 5.278087 2650.76064
497 4.967195 2655.727994
498 3.924311 2659.652437
499 5.39299 2665.045546
500 3.476456 2668.522136
501 5.273952 2673.796207
502 7.928476 2681.724816
503 5.599107 2687.324048
504 5.173503 2692.497683
505 4.998536 2697.49635
506 3.87236 2701.368837
507 5.282478 2706.651442
508 2.9254 2709.576974
509 3.388201 2712.96529
510 5.369733 2718.33515
511 5.493088 2723.828376
512 5.959624 2729.788131
513 6.574236 2736.362495
514 5.492082 2741.854709
515 5.071118 2746.925966
516 5.378446 2752.304538
517 4.077758 2756.382432
518 5.267391 2761.649955
519 5.077203 2766.727291
520 6.589702 2773.317127
521 6.555156 2779.872411
522 5.516082 2785.388623
523 5.877631 2791.266386
524 5.434221 2796.700743
525 5.0514 2801.752276
526 6.504255 2808.256658
527 4.954022 2813.210811
528 6.538166 2819.749114
529 5.386129 2825.135374
530 4.078485 2829.213994
531 5.408116 2834.622242
532 5.304927 2839.927295
533 6.125605 2846.053018
534 5.526804 2851.579956
535 3.433093 2855.013187
536 5.341852 2860.355173
537 5.019824 2865.375133
538 5.255939 2870.631209
539 5.369083 2876.000421
540 8.10427 2884.104826
541 6.784204 2890.889157
542 6.578591 2897.467878
543 8.095506 2905.563516
544 5.08887 2910.652519
545 5.906909 2916.559562
546 5.635378 2922.19507
547 5.800635 2927.995838
548 7.809914 2935.805887
549 5.945291 2941.751318
550 4.13533 2945.88678
551 7.711906 2953.598816
552 4.281287 2957.880236
553 5.402856 2963.283221
554 5.872924 2969.156271
555 5.386658 2974.543055
556 6.041388 2980.584572
557 5.045667 2985.630366
558 5.450237 2991.080726
559 7.940253 2999.021102
560 5.702001 3004.723226
561 5.481519 3010.204867
562 2.92883 3013.133824
563 5.273331 3018.407266
564 5.644163 3024.051558
565 5.27629 3029.327976
566 4.321124 3033.649234
567 4.904046 3038.553401
568 4.965995 3043.51952
569 7.812503 3051.332149
570 5.401363 3056.733646
571 5.326034 3062.059811
572 6.521611 3068.581554
573 7.857427 3076.439114
574 5.909409 3082.348654
575 5.32137 3087.670156
576 4.99355 3092.66384
577 5.238936 3097.902908
578 5.031339 3102.934382
579 5.176308 3108.110816
580 5.010613 3113.121557
581 3.569204 3116.690887
582 6.347357 3123.038375
583 5.26766 3128.306166
584 5.825459 3134.131758
585 4.997343 3139.129227
586 6.482717 3145.612074
587 6.640125 3152.252333
588 3.531886 3155.784355
589 8.084475 3163.868958
590 5.503336 3169.372428
591 5.784638 3175.157203
592 5.723023 3180.88036
593 8.179403 3189.059891
594 5.422271 3194.482301
595 6.513925 3200.996353
596 4.961553 3205.958037
597 5.674157 3211.632324
598 8.182863 3219.815317
599 5.343516 3225.158964
600 5.812029 3230.97113
601 5.213872 3236.185135
602 5.351807 3241.537079
603 6.390483 3247.92769
604 5.015523 3252.943345
605 3.478711 3256.422188
606 3.459416 3259.881729
607 5.074209 3264.956065
608 5.158805 3270.115004
609 8.199101 3278.314235
610 5.559262 3283.873632
611 6.513413 3290.387182
612 6.806791 3297.194104
613 8.216714 3305.410955
614 8.217593 3313.628682
615 6.239678 3319.868494
616 6.247905 3326.116529
617 5.403764 3331.520427
618 4.978965 3336.499518
619 6.29776 3342.797416
620 5.260606 3348.058154
621 6.383236 3354.44152
622 8.171575 3362.613224
623 5.018093 3367.631449
624 6.080748 3373.712326
625 4.224032 3377.936491
626 6.195107 3384.131719
627 8.142085 3392.273935
628 3.002596 3395.276664
629 4.156116 3399.432899
630 3.656823 3403.089843
631 6.139494 3409.229472
632 6.374633 3415.604234
633 4.211344 3419.815712
634 4.264643 3424.08048
635 5.324517 3429.40513
636 5.034823 3434.440086
637 6.373365 3440.813583
638 5.173146 3445.986866
639 5.318087 3451.305086
640 5.355313 3456.660532
641 3.724987 3460.38565
642 7.911132 3468.296912
643 5.44452 3473.741561
644 4.25217 3477.993863
645 5.312785 3483.306781
646 5.362735 3488.669651
647 4.282277 3492.952059
648 5.292048 3498.244233
649 5.663415 3503.907778
650 5.55029 3509.4582
651 3.69127 3513.149602
652 6.012182 3519.161914
653 4.93496 3524.097002
654 5.952765 3530.049895
655 6.175435 3536.225465
656 5.29053 3541.51612
657 5.382108 3546.898361
658 4.245342 3551.143842
659 5.206397 3556.350363
660 5.24981 3561.600303
661 5.84693 3567.447367
662 5.573226 3573.020724
663 5.888953 3578.909828
664 5.44283 3584.352793
665 5.406909 3589.759836
666 3.760234 3593.520205
667 5.742338 3599.262666
