# instance ../secondnet/final_pns_json/final.BCube_n8_k2_bw10_cpu16.pn.instance_list_12vm_rnd.txt.pn.json
# Settings: PN=../secondnet/final_pns_json/final.BCube_n8_k2_bw10_cpu16.pn.instance_list_12vm_rnd.txt.pn.json, VN=../../../instances/fattree-bcube/instance_list_12vm_rnd.txt, multi-thread=False
init 0.025353 0.025353
1 3.781956 3.807309
2 3.705433 7.512868
3 3.71925 11.232246
4 3.219477 14.451858
5 3.581197 18.033184
6 3.447862 21.48118
7 3.64394 25.125246
8 3.481002 28.606371
9 3.41881 32.025309
10 3.643108 35.668541
11 3.469514 39.138178
12 4.124364 43.262674
13 4.037263 47.300073
14 4.06988 51.370082
15 3.937912 55.308122
16 3.796345 59.10459
17 4.055688 63.160413
18 3.773205 66.933738
19 3.045387 69.979252
20 3.914341 73.89372
21 3.519919 77.413773
22 3.832124 81.246026
23 3.323584 84.569744
24 3.591583 88.16146
25 3.26885 91.430431
26 3.403434 94.833994
27 3.26226 98.096388
28 3.196783 101.293302
29 3.241898 104.535333
30 3.600687 108.136149
31 3.680329 111.816612
32 3.895278 115.712021
33 3.896783 119.60894
34 3.899661 123.508734
35 3.166307 126.675168
36 3.401148 130.076444
37 3.685674 133.76225
38 3.270494 137.032868
39 3.601495 140.634497
40 3.689831 144.324456
41 4.103281 148.427859
42 4.200634 152.628617
43 3.238698 155.867451
44 3.584902 159.452479
45 3.692146 163.144758
46 3.886328 167.031217
47 3.722746 170.754095
48 3.719358 174.473585
49 3.217423 177.691138
50 3.605528 181.296796
51 3.879153 185.176083
52 3.717972 188.894186
53 4.094729 192.989048
54 3.924987 196.914162
55 3.701568 200.615863
56 3.682916 204.298907
57 3.222495 207.521531
58 3.621417 211.143071
59 3.501838 214.645038
60 3.293024 217.938193
61 3.870343 221.808666
62 3.264817 225.073604
63 3.656728 228.730462
64 3.5116 232.242187
65 3.246142 235.48846
66 3.226146 238.71474
67 3.843008 242.557883
68 3.257489 245.815496
69 3.872848 249.688472
70 4.180565 253.869169
71 3.712687 257.581979
72 3.891985 261.474095
73 3.951913 265.426141
74 3.546471 268.972734
75 3.896261 272.869126
76 3.725516 276.594775
77 3.258353 279.853269
78 3.659447 283.512849
79 3.726886 287.239863
80 3.332266 290.572258
81 3.651064 294.223453
82 3.286593 297.510167
83 4.063788 301.574083
84 3.281912 304.856123
85 3.860543 308.716794
86 3.942925 312.659852
87 3.953112 316.613087
88 3.935588 320.548807
89 3.956412 324.505347
90 4.152732 328.658211
91 3.954431 332.612769
92 3.914264 336.527166
93 4.140856 340.668151
94 3.500564 344.168847
95 3.671687 347.840656
96 3.949813 351.790602
97 4.139577 355.930315
98 4.140371 360.070812
99 3.356629 363.427572
100 3.413932 366.841635
101 3.302507 370.144268
102 3.661556 373.805953
103 3.522092 377.328173
104 3.857248 381.18555
105 3.317118 384.502798
106 3.621134 388.124059
107 3.69911 391.823295
108 3.897005 395.720425
109 3.305603 399.026155
110 3.707107 402.733388
111 3.200473 405.933994
112 3.683311 409.617434
113 3.560795 413.178366
114 3.653366 416.831861
115 3.278359 420.110353
116 3.181059 423.291546
117 3.270835 426.562518
118 6.151838 432.714476
119 3.770564 436.485169
120 4.110758 440.596059
121 3.924846 444.521035
122 15.306209 459.827367
123 5.092777 464.920271
124 12.231494 477.151891
125 4.311855 481.463882
126 9.439306 490.903313
127 3.789295 494.692734
128 10.747704 505.440568
129 3.804519 509.245216
130 4.974312 514.219659
131 4.08865 518.30843
132 3.669858 521.978419
133 8.287484 530.266033
134 12.160664 542.426816
135 11.280138 553.707083
136 9.625496 563.332711
137 7.963343 571.296187
138 8.978064 580.274378
139 4.177989 584.452498
140 4.721536 589.174166
141 8.387589 597.561893
142 4.468688 602.030702
143 4.506458 606.537304
144 4.698984 611.236414
145 4.373226 615.609768
146 6.8385 622.448401
147 4.555107 627.003642
148 4.571386 631.575161
149 25.317232 656.892523
150 4.552577 661.44524
151 3.776124 665.221501
152 4.166138 669.38776
153 3.731972 673.119864
154 3.892071 677.012054
155 8.218989 685.231176
156 5.372139 690.603448
157 4.05729 694.660867
158 5.648427 700.30942
159 4.730105 705.039659
160 3.671941 708.711734
161 4.304681 713.016544
162 4.290859 717.307533
163 5.549369 722.857036
164 4.690478 727.547638
165 4.037813 731.585603
166 8.677686 740.26342
167 5.662611 745.926152
168 4.042647 749.968927
169 4.658512 754.627561
170 4.785325 759.413015
171 3.983592 763.39674
172 4.722891 768.119768
173 16.627221 784.747112
174 9.42328 794.170524
175 7.425045 801.595701
176 3.946189 805.542027
177 5.476945 811.019099
178 5.056874 816.07609
179 11.285757 827.361978
180 3.916474 831.278577
181 10.450552 841.729256
182 7.717563 849.446954
183 5.120886 854.567973
184 3.958393 858.526492
185 3.860382 862.387004
186 4.721043 867.108181
187 4.204516 871.312827
188 5.277877 876.590831
189 4.855497 881.446464
190 5.002566 886.449164
191 6.488877 892.938172
192 5.170813 898.109114
193 4.240391 902.349638
194 4.3157 906.665473
195 5.704201 912.369796
196 4.865989 917.235916
197 4.96467 922.200719
198 4.822641 927.023488
199 11.330375 938.353989
200 10.201882 948.555999
201 4.856251 953.412388
202 6.747373 960.159891
203 6.210069 966.370084
204 7.535328 973.905545
205 12.699745 986.605423
206 5.203971 991.809539
207 5.281638 997.091315
208 15.614876 1012.706327
209 28.654953 1041.361419
210 5.272345 1046.633891
211 12.169824 1058.803851
212 4.351068 1063.155056
213 5.675638 1068.830825
214 5.831323 1074.662282
215 7.224889 1081.887302
216 4.227338 1086.114774
217 4.155928 1090.27085
218 4.262036 1094.533023
219 6.158463 1100.69162
220 31.439787 1132.131538
221 4.625849 1136.757526
222 5.239347 1141.997003
223 5.557237 1147.554377
224 8.480368 1156.03488
225 4.860229 1160.895247
226 4.760304 1165.655682
227 10.975401 1176.631221
228 5.321673 1181.953032
229 5.454886 1187.408054
230 5.257216 1192.665408
231 5.51054 1198.176071
232 6.534943 1204.711149
233 5.403032 1210.114324
234 6.205041 1216.319499
235 6.462994 1222.782624
236 6.113606 1228.896371
237 5.402621 1234.299131
238 5.689169 1239.988437
239 5.422302 1245.410881
240 5.427728 1250.838747
241 5.511709 1256.350603
242 5.368851 1261.719593
243 6.143054 1267.862769
244 4.264889 1272.127798
245 7.918748 1280.046678
246 4.364072 1284.410901
247 5.857915 1290.268948
248 6.876238 1297.145317
249 4.732484 1301.877939
250 7.459075 1309.337147
251 5.28969 1314.626973
252 7.625024 1322.252139
253 4.379538 1326.631817
254 4.324642 1330.956588
255 5.303057 1336.259774
256 8.321411 1344.581312
257 4.410448 1348.991897
258 9.769638 1358.761673
259 6.074805 1364.836603
260 5.623082 1370.459814
261 5.782154 1376.24209
262 7.214665 1383.456893
263 4.355079 1387.812098
264 4.471013 1392.283247
265 6.650645 1398.934023
266 4.540295 1403.474459
267 6.184241 1409.658833
268 5.797192 1415.456152
269 6.329596 1421.785883
270 13.654855 1435.440876
271 6.3142 1441.755218
272 4.322685 1446.078034
273 9.652205 1455.730373
274 5.873518 1461.604022
275 6.805909 1468.410064
276 8.987782 1477.397981
277 5.834265 1483.232382
278 4.92361 1488.156122
279 12.682216 1500.838471
280 6.016113 1506.854722
281 5.89983 1512.754711
282 8.256306 1521.011175
283 5.680003 1526.69131
284 6.444377 1533.135822
285 4.461079 1537.597039
286 5.482354 1543.079528
287 7.935469 1551.015129
288 4.907945 1555.923208
289 4.474146 1560.397485
290 4.77707 1565.174687
291 6.45038 1571.625215
292 8.302062 1579.927405
293 6.063806 1585.991339
294 6.031759 1592.023233
295 5.468584 1597.491942
296 5.4183 1602.910383
297 5.426067 1608.336591
298 6.325413 1614.662143
299 4.493703 1619.155969
300 4.847964 1624.004069
301 5.247005 1629.251206
302 5.381352 1634.632693
303 7.483725 1642.116554
304 5.826392 1647.943084
305 5.975236 1653.918458
306 5.770228 1659.688811
307 5.656595 1665.345541
308 5.655785 1671.001462
309 5.895644 1676.897246
310 5.960195 1682.857583
311 5.931445 1688.789161
312 4.946314 1693.73561
313 5.575685 1699.311428
314 4.892559 1704.20411
315 4.739668 1708.943902
316 5.926677 1714.870715
317 6.102119 1720.972975
318 5.249092 1726.222187
319 5.42536 1731.647678
320 4.509354 1736.157155
321 5.38084 1741.538119
322 5.349843 1746.888088
323 5.29181 1752.180022
324 4.590854 1756.771007
325 5.172216 1761.943351
326 5.465778 1767.409246
327 5.599554 1773.008936
328 5.40041 1778.409474
329 5.584446 1783.994041
330 4.760055 1788.754218
331 4.676103 1793.43046
332 5.475499 1798.906086
333 5.573927 1804.480145
334 4.52925 1809.009524
335 5.597435 1814.607093
336 5.264074 1819.871301
337 5.394172 1825.265597
338 5.139434 1830.405162
339 4.420685 1834.825979
340 4.619057 1839.445159
341 4.306538 1843.75183
342 4.709964 1848.461921
343 4.357704 1852.81975
344 4.472615 1857.292488
345 4.387068 1861.67969
346 5.384997 1867.064809
347 5.238105 1872.303036
348 5.317431 1877.620598
349 5.056385 1882.677114
350 4.391652 1887.0689
351 4.404715 1891.473742
352 4.840721 1896.314588
353 4.169307 1900.48402
354 4.172928 1904.657069
355 4.491936 1909.149122
356 4.541808 1913.691073
357 4.396748 1918.087952
358 4.203009 1922.291093
359 4.287737 1926.578949
360 4.268839 1930.847918
361 4.209907 1935.057958
362 3.444625 1938.50271
363 3.969683 1942.472529
364 3.267241 1945.739896
365 3.566592 1949.306615
366 3.32402 1952.630766
367 3.914876 1956.545775
368 3.542884 1960.088782
369 3.524591 1963.613488
370 3.515629 1967.12924
371 3.442285 1970.571649
372 3.832988 1974.404759
373 3.80484 1978.209732
374 3.939948 1982.149814
375 3.503161 1985.653109
376 3.716137 1989.369378
377 3.145194 1992.514706
378 3.678894 1996.193736
379 3.363499 1999.557368
380 3.591519 2003.149014
381 3.36104 2006.510187
382 3.564254 2010.074571
383 3.796414 2013.871112
384 3.622083 2017.493317
385 3.254819 2020.748268
