[runlim] version:		1.7
[runlim] time limit:		3600 seconds
[runlim] real time limit:	311040000 seconds
[runlim] space limit:		80000 MB
[runlim] argv[0]:		python3.6
[runlim] argv[1]:		./netsolver-gurobi-mod.py
[runlim] argv[2]:		../secondnet/final_pns_json/final.Fattree_n8_k2_bw10_cpu16.pn.instance_list_12vm_rnd.txt.pn.json
[runlim] argv[3]:		../../../instances/fattree-bcube/instance_list_12vm_rnd.txt
[runlim] argv[4]:		False
[runlim] argv[5]:		False
[runlim] argv[6]:		timelogs/results.Fattree_n8_k2_bw10_cpu16.pn.instance_list_12vm_rnd.txt.log
[runlim] start:			Mon Sep 30 12:12:44 2019
[runlim] main pid:		17494
Academic license - for non-commercial use only
[runlim] sample:		10.0 seconds, 56.9 MB
[runlim] sample:		20.0 seconds, 56.9 MB
[runlim] sample:		30.0 seconds, 56.4 MB
[runlim] sample:		40.0 seconds, 56.2 MB
[runlim] sample:		50.0 seconds, 57.0 MB
[runlim] sample:		60.0 seconds, 56.6 MB
done 62 0.817082 63.075723
63.075723
62
Median time: 0.987449 s
[runlim] end:			Mon Sep 30 12:13:47 2019
[runlim] status:		ok
[runlim] result:		0
[runlim] children:		0
[runlim] real:			63.44 seconds
[runlim] time:			63.19 seconds
[runlim] space:			64.7 MB
[runlim] samples:		632
