# instance ../secondnet/final_pns_json/final.Fattree_n12_k2_bw10_cpu16.pn.instance_list_12vm_rnd.txt.pn.json
# Settings: PN=../secondnet/final_pns_json/final.Fattree_n12_k2_bw10_cpu16.pn.instance_list_12vm_rnd.txt.pn.json, VN=../../../instances/fattree-bcube/instance_list_12vm_rnd.txt, multi-thread=False
init 0.02271 0.02271
1 5.04252 5.06523
2 3.535556 8.600916
3 4.270973 12.872011
4 2.432935 15.305081
5 3.498956 18.80415
6 3.296094 22.100371
7 3.529273 25.629767
8 3.655219 29.285116
9 2.537633 31.822875
10 3.635672 35.458665
11 3.813703 39.272503
12 4.041122 43.313755
13 4.015605 47.329488
14 4.218167 51.547787
15 3.943548 55.491465
16 3.629352 59.12095
17 4.235356 63.356434
18 3.621148 66.977709
19 3.346497 70.324353
20 4.196476 74.520961
21 3.135503 77.656592
22 3.591573 81.248289
23 3.110118 84.358534
24 3.695851 88.054507
25 3.099735 91.15437
26 3.665702 94.8202
27 3.092844 97.913179
28 3.10044 101.013742
29 3.076795 104.090677
30 3.612018 107.702827
31 3.621734 111.32469
32 4.143893 115.468716
33 4.472103 119.940951
34 4.059654 124.000735
35 3.343997 127.344853
36 3.263107 130.608092
37 3.757518 134.365736
38 3.327063 137.692946
39 4.538556 142.231633
40 4.723213 146.954982
41 3.980971 150.936082
42 4.317658 155.253869
43 3.352859 158.606858
44 4.762926 163.369907
45 3.556829 166.926866
46 4.140711 171.067708
47 3.577522 174.645363
48 4.567585 179.213081
49 3.373963 182.587169
50 3.52908 186.116382
51 2.89729 189.013792
52 4.311192 193.3251
53 4.938175 198.263404
54 4.524536 202.788069
55 4.495026 207.283225
56 4.537465 211.820827
57 3.368554 215.189513
58 4.512666 219.702312
59 3.936361 223.638794
60 3.085613 226.724533
61 4.152979 230.877639
62 3.124457 234.002233
63 3.535101 237.53746
64 3.805416 241.343
65 3.085433 244.428563
66 3.109028 247.537719
67 4.000824 251.538679
68 3.34671 254.885523
69 4.119749 259.005409
70 4.977725 263.983255
71 3.851359 267.834748
72 4.564136 272.399019
73 5.162961 277.562112
74 4.106792 281.669037
75 4.55602 286.225179
76 4.247685 290.472994
77 3.363064 293.836188
78 4.699273 298.535591
79 4.701468 303.237187
80 3.382715 306.620033
81 4.479423 311.099579
82 3.29272 314.392423
83 5.044621 319.437174
84 3.337063 322.774371
85 4.522832 327.297338
86 4.796845 332.094313
87 4.556434 336.650879
88 4.648444 341.299451
89 4.636128 345.935704
90 5.196823 351.132661
91 4.626667 355.759459
92 4.964789 360.724382
93 5.21396 365.938464
94 3.854184 369.792777
95 4.323783 374.116691
96 4.689369 378.80619
97 5.022371 383.828682
98 5.083749 388.912565
99 3.60077 392.513463
100 3.754124 396.267716
101 3.390561 399.658409
102 4.845067 404.503608
103 3.944506 408.448237
104 4.570446 413.018812
105 3.549713 416.568653
106 4.787563 421.35635
107 4.875418 426.231891
108 4.633169 430.865191
109 3.683518 434.548838
110 4.216562 438.76553
111 3.687267 442.452928
112 4.310153 446.763202
113 3.997554 450.760882
114 4.246521 455.007529
115 3.609721 458.617377
116 3.535136 462.152636
117 3.815256 465.968021
118 4.461495 470.429644
119 4.447053 474.876831
120 4.774587 479.651548
121 4.729428 484.381103
122 4.952601 489.333834
123 4.651573 493.985545
124 3.633039 497.618714
125 4.787316 502.406157
126 4.422605 506.828891
127 4.408205 511.237223
128 3.492511 514.729863
129 4.450416 519.180405
130 4.51994 523.700477
131 4.544655 528.245259
132 3.666315 531.911698
133 3.540981 535.452806
134 4.207005 539.659936
135 4.623093 544.283161
136 4.58279 548.86608
137 4.513072 553.379283
138 4.658064 558.037476
139 4.428867 562.466469
140 4.693036 567.159635
141 4.637146 571.796909
142 4.499557 576.296603
143 4.380307 580.677037
144 4.156524 584.833688
145 4.251593 589.085409
146 4.544365 593.629906
147 4.070087 597.700121
148 4.368519 602.06876
149 4.126892 606.195782
150 4.187229 610.383146
151 3.17936 613.562635
152 3.769098 617.331865
153 3.099638 620.43163
154 3.588508 624.020259
155 3.736027 627.756415
156 4.255932 632.012481
157 3.576731 635.58934
158 4.221178 639.810646
159 3.939879 643.75065
160 3.07958 646.830351
161 3.935423 650.765901
162 3.872545 654.638575
163 4.074802 658.713511
164 3.792634 662.506268
165 3.654866 666.161262
166 3.77816 669.939574
167 3.702388 673.642087
168 3.658754 677.300974
169 3.605849 680.906945
170 3.613429 684.520499
171 3.515063 688.035684
172 3.532413 691.568229
173 3.603353 695.171714
174 3.583608 698.755449
175 3.467162 702.222745
176 3.369853 705.592718
177 3.639777 709.232628
178 3.340753 712.57351
179 3.374439 715.948083
180 2.842306 718.790518
181 3.625261 722.415916
182 3.402618 725.818655
183 3.366208 729.184989
184 3.28254 732.467659
185 3.229805 735.697602
186 3.308287 739.006019
187 3.186227 742.192372
188 3.464984 745.657489
189 3.439402 749.097021
190 3.254977 752.352126
191 3.482151 755.834408
192 3.426255 759.260789
193 3.096139 762.357058
194 3.261751 765.618936
195 3.402271 769.021337
196 3.358275 772.379741
197 3.137611 775.517487
198 3.202221 778.71983
199 3.319695 782.039653
200 3.272395 785.312178
201 3.071694 788.384001
202 3.206597 791.590729
203 3.356065 794.946928
