# instance ../secondnet/final_pns_json/final.Fattree_n8_k2_bw10_cpu16.pn.instance_list_6vm_rnd.txt.pn.json
# Settings: PN=../secondnet/final_pns_json/final.Fattree_n8_k2_bw10_cpu16.pn.instance_list_6vm_rnd.txt.pn.json, VN=../../../instances/fattree-bcube/instance_list_6vm_rnd.txt, multi-thread=False
init 0.006741 0.006741
1 0.534341 0.541082
2 0.338324 0.879515
3 0.552187 1.431792
4 0.45615 1.888056
5 0.246132 2.134297
6 0.503735 2.638118
7 0.444357 3.082586
8 0.292897 3.375589
9 0.282747 3.658424
10 0.296546 3.955058
11 0.359179 4.314337
12 0.4227 4.73713
13 0.435146 5.172381
14 0.416791 5.589283
15 0.288149 5.877536
16 0.43736 6.314987
17 0.410414 6.725506
18 0.447368 7.172978
19 0.440699 7.613792
20 0.444367 8.058268
21 0.414094 8.47247
22 0.438966 8.911542
23 0.361826 9.273473
24 0.519596 9.793171
25 0.334126 10.127407
26 0.295308 10.422803
27 0.358911 10.781814
28 0.293338 11.075252
29 0.45532 11.530665
30 0.453587 11.984359
31 0.437404 12.421867
32 0.287731 12.709708
33 0.446342 13.15614
34 0.491456 13.647701
35 0.497265 14.145076
36 0.372565 14.517751
37 0.424382 14.942231
38 0.425111 15.367448
39 0.336004 15.703552
40 0.434566 16.138212
41 0.420633 16.55895
42 0.386505 16.945558
43 0.491621 17.437282
44 0.421519 17.858908
45 0.251747 18.110761
46 0.420258 18.531106
47 0.4946 19.02581
48 0.251375 19.277293
49 0.285362 19.562744
50 0.419387 19.982225
51 0.41814 20.400455
52 0.426892 20.827453
53 0.335515 21.163074
54 0.40707 21.570245
55 0.375813 21.946163
56 0.329815 22.276079
57 0.287937 22.564106
58 0.408312 22.972506
59 0.403429 23.376039
60 0.356634 23.732776
61 0.368448 24.101325
62 0.37282 24.474243
63 0.397136 24.87148
64 0.406721 25.278303
65 0.328835 25.60724
66 0.335897 25.943226
67 0.368479 26.311797
68 0.330017 26.641911
69 0.398475 27.040488
70 0.39285 27.433444
71 0.381428 27.814979
72 0.394697 28.209775
73 0.452268 28.662141
74 0.401841 29.064088
75 0.391236 29.455424
76 0.381322 29.836849
77 0.351292 30.188242
78 0.434392 30.622732
79 0.37713 30.999964
80 0.385292 31.385358
81 0.278307 31.663763
82 0.336591 32.000446
83 0.278408 32.27895
84 0.35968 32.638728
85 0.281887 32.920716
86 0.366799 33.287616
87 0.320116 33.60783
88 0.249372 33.857297
89 0.328485 34.18587
90 0.370585 34.556555
91 0.318316 34.874973
92 0.423786 35.298857
93 0.369528 35.668488
94 0.419899 36.088484
95 0.317554 36.406141
96 0.360607 36.766846
97 0.314261 37.081206
98 0.313161 37.394465
99 0.365279 37.759844
100 0.252601 38.012555
101 0.319999 38.332648
102 0.246912 38.579651
103 0.350711 38.930449
104 0.369606 39.30016
105 0.329633 39.629893
106 0.349814 39.979808
107 0.252076 40.231972
