# instance ../secondnet/final_pns_json/final.Fattree_n12_k2_bw10_cpu16.pn.instance_list_9vm_rnd.txt.pn.json
# Settings: PN=../secondnet/final_pns_json/final.Fattree_n12_k2_bw10_cpu16.pn.instance_list_9vm_rnd.txt.pn.json, VN=../../../instances/fattree-bcube/instance_list_9vm_rnd.txt, multi-thread=False
init 0.021077 0.021077
1 2.11813 2.139207
2 1.581363 3.720691
3 2.133051 5.853867
4 1.185146 7.039133
5 2.171581 9.210819
6 1.454826 10.665778
7 1.550428 12.216328
8 2.169032 14.385488
9 2.074666 16.460282
10 1.609431 18.069842
11 2.182604 20.252567
12 1.43134 21.684035
13 2.219157 23.903318
14 3.179297 27.082743
15 1.638892 28.721762
16 3.149122 31.871003
17 2.266233 34.137363
18 2.102562 36.240055
19 1.703131 37.943311
20 2.261067 40.204486
21 2.235462 42.440076
22 2.14822 44.588418
23 2.241417 46.829963
24 3.087791 49.917883
25 1.667516 51.585528
26 2.16816 53.753816
27 2.100434 55.854385
28 2.19922 58.053745
29 2.173659 60.227533
30 2.149837 62.377494
31 1.904748 64.282371
32 1.426079 65.708583
33 1.575416 67.284131
34 1.5921 68.87636
35 1.593238 70.469726
36 2.101705 72.571557
37 1.632379 74.204069
38 2.177628 76.381824
39 2.143017 78.524967
40 2.289887 80.814978
41 2.159004 82.974111
42 2.164945 85.139185
43 1.428145 86.567462
44 2.148958 88.716544
45 2.076025 90.792699
46 1.915694 92.708528
47 2.244136 94.952791
48 1.667761 96.620674
49 3.0589 99.679698
50 2.269293 101.949114
51 1.68586 103.635107
52 2.102715 105.737945
53 1.461656 107.199723
54 2.139294 109.339143
55 1.479555 110.818822
56 2.247373 113.066313
57 2.156683 115.223136
58 2.265161 117.48842
59 1.480778 118.969326
60 2.1239 121.093351
61 2.18457 123.278053
62 1.494062 124.772243
63 1.595028 126.367394
64 1.449101 127.816622
65 2.363461 130.180212
66 2.094838 132.275177
67 2.15461 134.429919
68 2.187896 136.61794
69 1.67388 138.291953
70 2.188485 140.480567
71 2.183363 142.664057
72 2.145848 144.810035
73 2.203846 147.014013
74 2.171381 149.185533
75 2.152347 151.338007
76 2.042059 153.38019
77 1.641346 155.021664
78 2.160079 157.181864
79 1.672587 158.854578
80 2.233993 161.088694
81 2.308721 163.397541
82 2.260599 165.658268
83 1.66394 167.322349
84 2.996862 170.319338
85 2.371223 172.690688
86 2.328027 175.018841
87 1.477471 176.496435
88 1.268328 177.764892
89 2.074362 179.83936
90 1.720054 181.559537
91 2.172114 183.731766
92 1.320343 185.052236
93 2.177779 187.230123
94 2.234654 189.464896
95 1.664315 191.129344
96 1.42134 192.550806
97 2.125896 194.676813
98 1.182399 195.859344
99 1.523665 197.383118
100 2.228468 199.611695
101 1.456866 201.06869
102 1.585923 202.654742
103 2.203958 204.858824
104 2.165107 207.024058
105 1.474461 208.498639
106 2.181972 210.680735
107 1.451583 212.132445
108 2.166933 214.2995
109 2.448311 216.747943
110 2.420972 219.16903
111 2.237157 221.406309
112 2.215991 223.622435
113 2.999267 226.621822
114 1.521357 228.1433
115 2.077552 230.220971
116 3.001213 233.222301
117 1.66133 234.883761
118 1.958278 236.842165
119 2.221945 239.064236
120 1.498824 240.563191
121 2.061002 242.624316
122 2.13361 244.758044
123 1.647574 246.405752
124 2.404653 248.810532
125 1.968693 250.779357
126 1.300333 252.079812
127 2.126281 254.206201
128 2.160378 256.366709
129 2.130264 258.497106
130 1.314224 259.811459
131 1.278343 261.089912
132 2.183947 263.273966
133 3.260112 266.534213
134 2.014062 268.548395
135 2.204894 270.753412
136 3.245412 273.998951
137 2.15706 276.156141
138 3.239117 279.395391
139 1.707337 281.102858
140 2.190662 283.293647
141 2.211333 285.505113
142 2.455308 287.960548
143 2.579575 290.540248
144 2.259938 292.800309
145 1.955695 294.756134
146 1.700178 296.45644
147 1.683197 298.139756
148 2.059397 300.199272
149 3.220898 303.4203
150 2.296608 305.717034
151 2.358263 308.075434
152 2.26451 310.340075
153 1.728732 312.068933
154 2.078872 314.147938
155 1.994052 316.142116
156 2.214358 318.356597
157 2.229515 320.586242
158 2.108183 322.694554
159 2.467763 325.162446
160 2.444458 327.607039
161 2.432324 330.03949
162 1.718023 331.757638
163 2.27822 334.035984
164 2.280025 336.316133
165 2.167628 338.483889
166 3.310481 341.794502
167 2.147665 343.94232
168 2.330866 346.27332
169 2.497415 348.770862
170 2.297489 351.068479
171 2.17414 353.242745
172 2.165634 355.408503
173 3.270191 358.678827
174 2.51656 361.195511
175 1.750547 362.946198
176 2.447175 365.393496
177 2.004307 367.397931
178 2.354583 369.752643
179 2.224671 371.977438
180 1.731291 373.708859
181 2.575528 376.284508
182 1.994771 378.27941
183 2.228164 380.507701
184 2.609054 383.116887
185 1.201217 384.318237
186 2.486081 386.804423
187 2.525283 389.32984
188 2.507121 391.837083
189 2.470465 394.307673
190 3.229408 397.537214
191 2.629201 400.166539
192 2.237098 402.403759
193 3.21038 405.614269
194 1.805871 407.42028
195 2.286814 409.707203
196 2.206 411.913329
197 2.435698 414.349167
198 1.490397 415.839682
199 2.30707 418.146859
200 2.159492 420.306479
201 2.017067 422.323676
202 2.10526 424.429055
203 3.094861 427.524043
204 3.140885 430.665049
205 3.135229 433.800411
206 2.59075 436.391293
207 2.632081 439.023507
208 2.193761 441.217387
209 2.119077 443.336594
210 2.256941 445.593662
211 2.757874 448.351663
212 1.719101 450.070894
213 2.093063 452.164083
214 2.78585 454.950061
215 2.794641 457.744825
216 2.437779 460.18273
217 2.176542 462.359398
218 2.258391 464.617909
219 2.415909 467.03395
220 2.17901 469.213078
221 1.987098 471.200303
222 1.945879 473.146314
223 2.984 476.130444
224 2.002682 478.133252
225 1.658017 479.791389
226 2.90973 482.701245
227 2.39608 485.097464
228 2.251207 487.348794
229 1.710283 489.059198
230 2.897989 491.957314
231 2.058207 494.015649
232 2.095451 496.111227
233 1.981331 498.092692
234 2.092783 500.185602
235 1.643967 501.8297
236 2.225067 504.054889
237 1.625077 505.680094
238 2.211241 507.891457
239 1.685982 509.577572
240 2.780555 512.358253
241 2.86052 515.218901
242 2.517724 517.736752
243 1.7027 519.439574
244 2.312435 521.752131
245 1.589433 523.341695
246 1.949519 525.291336
247 2.717303 528.008764
248 2.242004 530.250903
249 2.205587 532.456618
250 1.995153 534.451898
251 2.563299 537.015324
252 2.428484 539.443936
253 2.189204 541.633265
254 2.423557 544.056946
255 2.163976 546.221043
256 1.68947 547.910636
257 2.373374 550.284135
258 2.430488 552.714753
259 2.501266 555.216158
260 2.109572 557.325859
261 1.678962 559.004942
262 2.14605 561.151123
263 2.180745 563.331995
264 1.923776 565.255893
265 2.217742 567.473764
266 2.413491 569.887382
267 2.388201 572.27571
268 2.263729 574.53957
269 2.100326 576.640017
270 2.236586 578.876732
271 2.339111 581.215974
272 2.428521 583.644623
273 1.524742 585.169499
274 1.701092 586.870701
275 2.378611 589.249425
276 1.939508 591.189066
277 1.870602 593.059798
278 2.114622 595.174545
279 1.473535 596.648212
280 2.044212 598.69255
281 1.887421 600.5801
282 2.186377 602.766604
283 2.004186 604.770912
284 2.137196 606.908236
285 1.451035 608.3594
286 1.920876 610.280401
287 1.966967 612.247499
288 1.836234 614.083857
289 1.947628 616.031616
290 2.012496 618.044233
291 1.994024 620.038379
292 2.042377 622.080883
293 1.816982 623.897998
294 1.360821 625.258946
295 2.062515 627.321587
296 1.677367 628.999079
297 1.616339 630.615545
298 1.734443 632.350113
299 1.937427 634.287668
300 1.73992 636.027706
301 1.715473 637.743299
302 1.972814 639.716241
303 1.486108 641.20248
304 1.936136 643.138738
305 2.202985 645.341847
306 1.913681 647.255659
307 1.750285 649.006072
308 1.863817 650.870002
309 1.706361 652.576495
310 1.952886 654.529506
311 1.971883 656.501514
312 1.860813 658.362457
313 1.993626 660.356211
314 1.762842 662.11918
315 1.955231 664.074537
316 1.920452 665.995123
317 1.814644 667.809897
318 1.713049 669.523074
319 1.918969 671.442157
320 1.932284 673.374561
321 1.910296 675.284985
322 1.913978 677.199088
323 1.467118 678.66634
324 1.83146 680.497917
325 1.841398 682.339436
326 1.855903 684.19546
327 1.877014 686.0726
328 1.754104 687.826833
329 1.851875 689.678827
