[runlim] version:		1.7
[runlim] time limit:		3600 seconds
[runlim] real time limit:	311040000 seconds
[runlim] space limit:		80000 MB
[runlim] argv[0]:		python3.6
[runlim] argv[1]:		./netsolver-gurobi-mod.py
[runlim] argv[2]:		../secondnet/final_pns_json/final.BCube_n12_k2_bw10_cpu16.pn.instance_list_12vm_rnd.txt.pn.json
[runlim] argv[3]:		../../../instances/fattree-bcube/instance_list_12vm_rnd.txt
[runlim] argv[4]:		False
[runlim] argv[5]:		False
[runlim] argv[6]:		timelogs/results.BCube_n12_k2_bw10_cpu16.pn.instance_list_12vm_rnd.txt.log
[runlim] start:			Mon Sep 30 06:11:13 2019
[runlim] main pid:		17123
Academic license - for non-commercial use only
[runlim] sample:		10.0 seconds, 295.1 MB
[runlim] sample:		20.0 seconds, 426.9 MB
[runlim] sample:		30.0 seconds, 420.1 MB
[runlim] sample:		40.0 seconds, 388.9 MB
[runlim] sample:		50.0 seconds, 489.5 MB
[runlim] sample:		60.0 seconds, 419.1 MB
[runlim] sample:		70.0 seconds, 462.4 MB
[runlim] sample:		80.0 seconds, 462.4 MB
[runlim] sample:		90.0 seconds, 415.3 MB
[runlim] sample:		100.0 seconds, 449.1 MB
[runlim] sample:		110.0 seconds, 524.2 MB
[runlim] sample:		120.0 seconds, 531.2 MB
[runlim] sample:		130.0 seconds, 448.7 MB
[runlim] sample:		140.0 seconds, 510.3 MB
[runlim] sample:		150.0 seconds, 510.5 MB
[runlim] sample:		160.0 seconds, 465.1 MB
[runlim] sample:		170.0 seconds, 476.3 MB
[runlim] sample:		180.0 seconds, 425.3 MB
[runlim] sample:		190.0 seconds, 445.2 MB
[runlim] sample:		200.0 seconds, 513.2 MB
[runlim] sample:		210.0 seconds, 513.2 MB
[runlim] sample:		220.0 seconds, 547.9 MB
[runlim] sample:		230.0 seconds, 559.8 MB
[runlim] sample:		240.0 seconds, 559.8 MB
[runlim] sample:		250.0 seconds, 497.4 MB
[runlim] sample:		260.0 seconds, 490.0 MB
[runlim] sample:		270.0 seconds, 423.3 MB
[runlim] sample:		280.0 seconds, 437.2 MB
[runlim] sample:		290.0 seconds, 530.9 MB
[runlim] sample:		300.0 seconds, 495.2 MB
[runlim] sample:		310.0 seconds, 502.4 MB
[runlim] sample:		320.0 seconds, 439.2 MB
[runlim] sample:		330.0 seconds, 526.9 MB
[runlim] sample:		340.0 seconds, 567.2 MB
[runlim] sample:		350.0 seconds, 530.0 MB
[runlim] sample:		360.0 seconds, 500.2 MB
[runlim] sample:		370.0 seconds, 586.1 MB
[runlim] sample:		380.0 seconds, 597.8 MB
[runlim] sample:		390.0 seconds, 597.8 MB
[runlim] sample:		400.0 seconds, 596.4 MB
[runlim] sample:		410.0 seconds, 596.4 MB
[runlim] sample:		420.0 seconds, 461.5 MB
[runlim] sample:		430.0 seconds, 483.1 MB
[runlim] sample:		440.0 seconds, 532.7 MB
[runlim] sample:		450.0 seconds, 537.1 MB
[runlim] sample:		460.0 seconds, 585.6 MB
[runlim] sample:		470.0 seconds, 585.8 MB
[runlim] sample:		480.0 seconds, 482.2 MB
[runlim] sample:		490.0 seconds, 495.0 MB
[runlim] sample:		500.0 seconds, 546.2 MB
[runlim] sample:		510.0 seconds, 563.2 MB
[runlim] sample:		520.0 seconds, 563.2 MB
[runlim] sample:		530.0 seconds, 439.7 MB
[runlim] sample:		540.0 seconds, 463.9 MB
[runlim] sample:		550.0 seconds, 578.6 MB
[runlim] sample:		560.0 seconds, 578.6 MB
[runlim] sample:		570.0 seconds, 523.2 MB
[runlim] sample:		580.0 seconds, 524.0 MB
[runlim] sample:		590.0 seconds, 555.5 MB
[runlim] sample:		600.0 seconds, 562.5 MB
[runlim] sample:		610.0 seconds, 507.6 MB
[runlim] sample:		620.0 seconds, 504.1 MB
[runlim] sample:		630.0 seconds, 499.9 MB
[runlim] sample:		640.0 seconds, 534.6 MB
[runlim] sample:		650.0 seconds, 541.3 MB
[runlim] sample:		660.0 seconds, 472.3 MB
[runlim] sample:		670.0 seconds, 481.9 MB
[runlim] sample:		680.0 seconds, 452.5 MB
[runlim] sample:		690.0 seconds, 467.7 MB
[runlim] sample:		700.0 seconds, 520.7 MB
[runlim] sample:		710.0 seconds, 459.2 MB
[runlim] sample:		720.0 seconds, 491.3 MB
[runlim] sample:		730.0 seconds, 506.0 MB
[runlim] sample:		740.0 seconds, 506.0 MB
[runlim] sample:		750.0 seconds, 500.5 MB
[runlim] sample:		760.0 seconds, 527.4 MB
[runlim] sample:		770.0 seconds, 539.3 MB
[runlim] sample:		780.0 seconds, 495.2 MB
[runlim] sample:		790.0 seconds, 455.6 MB
[runlim] sample:		800.0 seconds, 512.5 MB
[runlim] sample:		810.0 seconds, 512.5 MB
[runlim] sample:		820.0 seconds, 462.0 MB
[runlim] sample:		830.0 seconds, 506.1 MB
[runlim] sample:		840.0 seconds, 414.7 MB
[runlim] sample:		850.0 seconds, 494.4 MB
[runlim] sample:		860.0 seconds, 377.9 MB
[runlim] sample:		870.0 seconds, 482.8 MB
[runlim] sample:		880.0 seconds, 491.4 MB
[runlim] sample:		890.0 seconds, 491.4 MB
[runlim] sample:		900.0 seconds, 422.2 MB
[runlim] sample:		910.0 seconds, 447.0 MB
[runlim] sample:		920.0 seconds, 478.8 MB
[runlim] sample:		930.0 seconds, 478.8 MB
[runlim] sample:		940.0 seconds, 409.5 MB
[runlim] sample:		950.0 seconds, 522.3 MB
[runlim] sample:		960.0 seconds, 448.7 MB
[runlim] sample:		970.0 seconds, 430.7 MB
[runlim] sample:		980.0 seconds, 452.7 MB
[runlim] sample:		990.0 seconds, 555.2 MB
[runlim] sample:		1000.0 seconds, 555.2 MB
[runlim] sample:		1010.0 seconds, 471.3 MB
[runlim] sample:		1020.0 seconds, 568.7 MB
[runlim] sample:		1030.0 seconds, 570.0 MB
[runlim] sample:		1040.0 seconds, 554.3 MB
[runlim] sample:		1050.0 seconds, 562.9 MB
[runlim] sample:		1060.0 seconds, 562.9 MB
[runlim] sample:		1070.0 seconds, 571.4 MB
[runlim] sample:		1080.0 seconds, 513.5 MB
[runlim] sample:		1090.0 seconds, 514.1 MB
[runlim] sample:		1100.0 seconds, 525.9 MB
[runlim] sample:		1110.0 seconds, 504.4 MB
[runlim] sample:		1120.0 seconds, 505.2 MB
[runlim] sample:		1130.0 seconds, 537.5 MB
[runlim] sample:		1140.0 seconds, 553.8 MB
[runlim] sample:		1150.0 seconds, 503.9 MB
[runlim] sample:		1160.0 seconds, 494.8 MB
[runlim] sample:		1170.0 seconds, 494.8 MB
[runlim] sample:		1180.0 seconds, 513.5 MB
[runlim] sample:		1190.0 seconds, 537.5 MB
[runlim] sample:		1200.0 seconds, 532.8 MB
[runlim] sample:		1210.0 seconds, 546.9 MB
[runlim] sample:		1220.0 seconds, 546.6 MB
[runlim] sample:		1230.0 seconds, 566.4 MB
[runlim] sample:		1240.0 seconds, 596.6 MB
[runlim] sample:		1250.0 seconds, 596.6 MB
[runlim] sample:		1260.0 seconds, 555.3 MB
[runlim] sample:		1270.0 seconds, 555.3 MB
[runlim] sample:		1280.0 seconds, 555.3 MB
[runlim] sample:		1290.0 seconds, 538.1 MB
[runlim] sample:		1300.0 seconds, 534.6 MB
[runlim] sample:		1310.0 seconds, 534.9 MB
[runlim] sample:		1320.0 seconds, 534.9 MB
[runlim] sample:		1330.0 seconds, 551.2 MB
[runlim] sample:		1340.0 seconds, 551.2 MB
[runlim] sample:		1350.0 seconds, 552.0 MB
[runlim] sample:		1360.0 seconds, 504.7 MB
[runlim] sample:		1370.0 seconds, 506.4 MB
[runlim] sample:		1380.0 seconds, 571.5 MB
[runlim] sample:		1390.0 seconds, 571.8 MB
[runlim] sample:		1400.0 seconds, 529.4 MB
[runlim] sample:		1410.0 seconds, 540.6 MB
[runlim] sample:		1420.0 seconds, 548.8 MB
[runlim] sample:		1430.0 seconds, 515.9 MB
[runlim] sample:		1440.0 seconds, 521.7 MB
[runlim] sample:		1450.0 seconds, 453.2 MB
[runlim] sample:		1460.0 seconds, 482.3 MB
[runlim] sample:		1470.0 seconds, 488.7 MB
[runlim] sample:		1480.0 seconds, 451.0 MB
[runlim] sample:		1490.0 seconds, 451.0 MB
[runlim] sample:		1500.0 seconds, 460.1 MB
[runlim] sample:		1510.0 seconds, 567.7 MB
[runlim] sample:		1520.0 seconds, 574.9 MB
[runlim] sample:		1530.0 seconds, 525.9 MB
[runlim] sample:		1540.0 seconds, 531.5 MB
[runlim] sample:		1550.0 seconds, 554.7 MB
[runlim] sample:		1560.0 seconds, 519.3 MB
[runlim] sample:		1570.0 seconds, 565.5 MB
[runlim] sample:		1580.0 seconds, 573.8 MB
[runlim] sample:		1590.0 seconds, 537.8 MB
[runlim] sample:		1600.0 seconds, 551.7 MB
[runlim] sample:		1610.0 seconds, 593.5 MB
[runlim] sample:		1620.0 seconds, 593.7 MB
[runlim] sample:		1630.0 seconds, 492.2 MB
[runlim] sample:		1640.0 seconds, 489.4 MB
[runlim] sample:		1650.0 seconds, 537.1 MB
[runlim] sample:		1660.0 seconds, 555.4 MB
[runlim] sample:		1670.0 seconds, 448.0 MB
[runlim] sample:		1680.0 seconds, 455.0 MB
[runlim] sample:		1690.0 seconds, 551.0 MB
[runlim] sample:		1700.0 seconds, 551.2 MB
[runlim] sample:		1710.0 seconds, 444.3 MB
[runlim] sample:		1720.0 seconds, 494.0 MB
[runlim] sample:		1730.0 seconds, 494.3 MB
[runlim] sample:		1740.0 seconds, 453.1 MB
[runlim] sample:		1750.0 seconds, 517.7 MB
[runlim] sample:		1760.0 seconds, 524.4 MB
[runlim] sample:		1770.0 seconds, 531.7 MB
[runlim] sample:		1780.0 seconds, 531.7 MB
[runlim] sample:		1790.0 seconds, 443.7 MB
[runlim] sample:		1800.0 seconds, 443.7 MB
[runlim] sample:		1810.0 seconds, 441.3 MB
[runlim] sample:		1820.0 seconds, 437.3 MB
[runlim] sample:		1830.0 seconds, 442.9 MB
[runlim] sample:		1840.0 seconds, 445.2 MB
[runlim] sample:		1850.0 seconds, 513.6 MB
[runlim] sample:		1860.0 seconds, 513.6 MB
[runlim] sample:		1870.0 seconds, 487.4 MB
[runlim] sample:		1880.0 seconds, 487.9 MB
[runlim] sample:		1890.0 seconds, 431.2 MB
[runlim] sample:		1900.0 seconds, 458.2 MB
[runlim] sample:		1910.0 seconds, 487.0 MB
[runlim] sample:		1920.0 seconds, 495.2 MB
[runlim] sample:		1929.9 seconds, 459.9 MB
[runlim] sample:		1939.9 seconds, 474.7 MB
[runlim] sample:		1949.9 seconds, 459.1 MB
[runlim] sample:		1959.9 seconds, 454.6 MB
[runlim] sample:		1969.9 seconds, 474.1 MB
[runlim] sample:		1979.9 seconds, 425.1 MB
[runlim] sample:		1989.9 seconds, 426.4 MB
[runlim] sample:		2000.0 seconds, 438.7 MB
[runlim] sample:		2010.0 seconds, 477.2 MB
[runlim] sample:		2020.0 seconds, 480.0 MB
[runlim] sample:		2030.0 seconds, 480.0 MB
[runlim] sample:		2039.9 seconds, 419.5 MB
[runlim] sample:		2049.9 seconds, 463.5 MB
[runlim] sample:		2059.9 seconds, 493.5 MB
[runlim] sample:		2069.9 seconds, 493.8 MB
[runlim] sample:		2079.9 seconds, 498.0 MB
[runlim] sample:		2089.9 seconds, 524.8 MB
[runlim] sample:		2099.9 seconds, 548.4 MB
[runlim] sample:		2109.9 seconds, 555.2 MB
[runlim] sample:		2119.9 seconds, 456.8 MB
[runlim] sample:		2129.9 seconds, 456.8 MB
[runlim] sample:		2139.9 seconds, 513.7 MB
[runlim] sample:		2149.9 seconds, 513.7 MB
[runlim] sample:		2159.9 seconds, 475.6 MB
[runlim] sample:		2169.9 seconds, 475.6 MB
[runlim] sample:		2179.9 seconds, 508.8 MB
[runlim] sample:		2189.9 seconds, 518.2 MB
[runlim] sample:		2199.9 seconds, 524.9 MB
[runlim] sample:		2209.9 seconds, 525.8 MB
[runlim] sample:		2219.9 seconds, 494.9 MB
[runlim] sample:		2229.9 seconds, 504.2 MB
[runlim] sample:		2239.9 seconds, 517.9 MB
[runlim] sample:		2249.9 seconds, 517.9 MB
[runlim] sample:		2259.9 seconds, 470.7 MB
[runlim] sample:		2269.9 seconds, 454.2 MB
[runlim] sample:		2279.9 seconds, 461.4 MB
[runlim] sample:		2289.9 seconds, 495.1 MB
[runlim] sample:		2299.9 seconds, 498.7 MB
[runlim] sample:		2309.9 seconds, 474.8 MB
[runlim] sample:		2319.9 seconds, 535.1 MB
[runlim] sample:		2329.9 seconds, 462.4 MB
[runlim] sample:		2339.9 seconds, 462.2 MB
[runlim] sample:		2349.9 seconds, 399.1 MB
[runlim] sample:		2359.9 seconds, 411.4 MB
[runlim] sample:		2369.9 seconds, 477.8 MB
[runlim] sample:		2379.9 seconds, 467.9 MB
[runlim] sample:		2389.9 seconds, 443.8 MB
[runlim] sample:		2399.9 seconds, 459.6 MB
[runlim] sample:		2409.9 seconds, 459.7 MB
[runlim] sample:		2419.9 seconds, 484.4 MB
[runlim] sample:		2429.9 seconds, 458.5 MB
[runlim] sample:		2439.9 seconds, 453.7 MB
[runlim] sample:		2449.9 seconds, 439.5 MB
[runlim] sample:		2459.9 seconds, 443.9 MB
[runlim] sample:		2469.9 seconds, 535.4 MB
[runlim] sample:		2479.9 seconds, 447.7 MB
[runlim] sample:		2489.9 seconds, 461.5 MB
[runlim] sample:		2499.9 seconds, 461.5 MB
[runlim] sample:		2509.9 seconds, 461.4 MB
[runlim] sample:		2519.9 seconds, 415.0 MB
[runlim] sample:		2529.9 seconds, 484.4 MB
[runlim] sample:		2539.9 seconds, 506.6 MB
[runlim] sample:		2549.9 seconds, 515.5 MB
[runlim] sample:		2559.9 seconds, 515.5 MB
[runlim] sample:		2569.9 seconds, 428.5 MB
[runlim] sample:		2579.9 seconds, 462.2 MB
[runlim] sample:		2589.9 seconds, 462.4 MB
[runlim] sample:		2599.9 seconds, 445.7 MB
[runlim] sample:		2609.9 seconds, 445.7 MB
[runlim] sample:		2619.9 seconds, 520.1 MB
[runlim] sample:		2629.9 seconds, 475.0 MB
[runlim] sample:		2639.9 seconds, 513.6 MB
[runlim] sample:		2649.9 seconds, 525.2 MB
[runlim] sample:		2659.9 seconds, 485.1 MB
[runlim] sample:		2669.9 seconds, 481.9 MB
[runlim] sample:		2679.9 seconds, 518.3 MB
[runlim] sample:		2689.9 seconds, 468.9 MB
[runlim] sample:		2699.9 seconds, 481.4 MB
[runlim] sample:		2709.9 seconds, 509.8 MB
[runlim] sample:		2719.9 seconds, 509.8 MB
[runlim] sample:		2729.9 seconds, 431.7 MB
[runlim] sample:		2739.9 seconds, 501.7 MB
[runlim] sample:		2749.9 seconds, 508.2 MB
[runlim] sample:		2759.9 seconds, 496.8 MB
[runlim] sample:		2769.9 seconds, 496.8 MB
[runlim] sample:		2779.9 seconds, 554.7 MB
[runlim] sample:		2789.9 seconds, 503.1 MB
[runlim] sample:		2799.9 seconds, 503.1 MB
[runlim] sample:		2809.9 seconds, 580.1 MB
[runlim] sample:		2819.9 seconds, 494.2 MB
[runlim] sample:		2829.9 seconds, 507.4 MB
[runlim] sample:		2839.9 seconds, 507.6 MB
[runlim] sample:		2849.9 seconds, 534.1 MB
[runlim] sample:		2859.9 seconds, 545.1 MB
[runlim] sample:		2869.9 seconds, 545.4 MB
[runlim] sample:		2879.9 seconds, 548.5 MB
[runlim] sample:		2889.9 seconds, 548.5 MB
[runlim] sample:		2899.9 seconds, 451.2 MB
[runlim] sample:		2909.9 seconds, 491.9 MB
[runlim] sample:		2919.9 seconds, 566.2 MB
[runlim] sample:		2929.9 seconds, 522.5 MB
[runlim] sample:		2939.9 seconds, 501.3 MB
[runlim] sample:		2949.9 seconds, 524.2 MB
[runlim] sample:		2959.9 seconds, 544.4 MB
[runlim] sample:		2969.9 seconds, 487.4 MB
[runlim] sample:		2979.9 seconds, 486.5 MB
[runlim] sample:		2989.9 seconds, 492.2 MB
[runlim] sample:		2999.9 seconds, 492.4 MB
[runlim] sample:		3009.9 seconds, 473.2 MB
[runlim] sample:		3019.9 seconds, 525.7 MB
[runlim] sample:		3029.9 seconds, 470.7 MB
[runlim] sample:		3039.9 seconds, 488.2 MB
[runlim] sample:		3049.9 seconds, 545.8 MB
[runlim] sample:		3059.9 seconds, 495.1 MB
[runlim] sample:		3069.9 seconds, 495.1 MB
[runlim] sample:		3079.9 seconds, 465.0 MB
[runlim] sample:		3089.9 seconds, 492.4 MB
[runlim] sample:		3099.9 seconds, 497.3 MB
[runlim] sample:		3109.9 seconds, 533.2 MB
[runlim] sample:		3119.9 seconds, 533.5 MB
[runlim] sample:		3129.9 seconds, 516.4 MB
[runlim] sample:		3139.9 seconds, 546.0 MB
[runlim] sample:		3149.9 seconds, 568.4 MB
[runlim] sample:		3159.9 seconds, 531.2 MB
[runlim] sample:		3169.9 seconds, 468.6 MB
[runlim] sample:		3179.9 seconds, 479.4 MB
[runlim] sample:		3189.9 seconds, 552.4 MB
[runlim] sample:		3199.9 seconds, 542.1 MB
[runlim] sample:		3209.9 seconds, 542.3 MB
[runlim] sample:		3219.9 seconds, 453.5 MB
[runlim] sample:		3229.9 seconds, 448.0 MB
[runlim] sample:		3239.9 seconds, 467.0 MB
[runlim] sample:		3249.9 seconds, 463.6 MB
[runlim] sample:		3259.9 seconds, 457.1 MB
[runlim] sample:		3269.9 seconds, 465.6 MB
[runlim] sample:		3279.9 seconds, 465.9 MB
[runlim] sample:		3289.9 seconds, 483.7 MB
[runlim] sample:		3299.9 seconds, 494.2 MB
[runlim] sample:		3309.9 seconds, 495.5 MB
[runlim] sample:		3319.9 seconds, 426.2 MB
[runlim] sample:		3329.9 seconds, 426.2 MB
[runlim] sample:		3339.9 seconds, 424.4 MB
[runlim] sample:		3349.9 seconds, 424.1 MB
[runlim] sample:		3359.9 seconds, 520.6 MB
[runlim] sample:		3369.9 seconds, 477.0 MB
[runlim] sample:		3379.9 seconds, 477.0 MB
[runlim] sample:		3389.9 seconds, 480.7 MB
[runlim] sample:		3399.9 seconds, 481.0 MB
[runlim] sample:		3409.9 seconds, 481.7 MB
[runlim] sample:		3419.9 seconds, 481.7 MB
[runlim] sample:		3429.9 seconds, 438.8 MB
[runlim] sample:		3439.9 seconds, 463.2 MB
[runlim] sample:		3449.9 seconds, 463.5 MB
[runlim] sample:		3459.9 seconds, 486.3 MB
[runlim] sample:		3469.9 seconds, 496.3 MB
[runlim] sample:		3479.9 seconds, 497.9 MB
[runlim] sample:		3489.9 seconds, 497.9 MB
[runlim] sample:		3499.9 seconds, 497.9 MB
[runlim] sample:		3509.9 seconds, 498.1 MB
[runlim] sample:		3519.9 seconds, 498.4 MB
[runlim] sample:		3529.9 seconds, 498.4 MB
[runlim] sample:		3539.9 seconds, 498.4 MB
[runlim] sample:		3549.9 seconds, 498.4 MB
[runlim] sample:		3559.9 seconds, 498.4 MB
[runlim] sample:		3569.9 seconds, 498.6 MB
[runlim] sample:		3579.9 seconds, 498.6 MB
[runlim] sample:		3589.9 seconds, 498.6 MB
[runlim] sample:		3599.9 seconds, 498.6 MB
[runlim] end:			Mon Sep 30 07:11:14 2019
[runlim] status:		out of time
[runlim] result:		1
[runlim] children:		0
[runlim] real:			3601.13 seconds
[runlim] time:			3600.02 seconds
[runlim] space:			659.0 MB
[runlim] samples:		36001
