[runlim] version:		1.7
[runlim] time limit:		3600 seconds
[runlim] real time limit:	311040000 seconds
[runlim] space limit:		80000 MB
[runlim] argv[0]:		python3.6
[runlim] argv[1]:		./netsolver-gurobi-mod.py
[runlim] argv[2]:		../secondnet/final_pns_json/final.Fattree_n16_k2_bw10_cpu16.pn.instance_list_9vm_rnd.txt.pn.json
[runlim] argv[3]:		../../../instances/fattree-bcube/instance_list_9vm_rnd.txt
[runlim] argv[4]:		False
[runlim] argv[5]:		False
[runlim] argv[6]:		timelogs/results.Fattree_n16_k2_bw10_cpu16.pn.instance_list_9vm_rnd.txt.log
[runlim] start:			Mon Sep 30 13:58:13 2019
[runlim] main pid:		17553
Academic license - for non-commercial use only
[runlim] sample:		10.0 seconds, 142.8 MB
[runlim] sample:		20.0 seconds, 133.4 MB
[runlim] sample:		30.0 seconds, 142.2 MB
[runlim] sample:		40.0 seconds, 189.1 MB
[runlim] sample:		50.0 seconds, 169.5 MB
[runlim] sample:		60.0 seconds, 183.9 MB
[runlim] sample:		70.0 seconds, 192.8 MB
[runlim] sample:		80.0 seconds, 196.3 MB
[runlim] sample:		90.0 seconds, 181.3 MB
[runlim] sample:		100.0 seconds, 190.1 MB
[runlim] sample:		110.0 seconds, 196.4 MB
[runlim] sample:		120.0 seconds, 202.5 MB
[runlim] sample:		130.0 seconds, 193.4 MB
[runlim] sample:		140.0 seconds, 203.7 MB
[runlim] sample:		150.0 seconds, 189.0 MB
[runlim] sample:		160.0 seconds, 182.8 MB
[runlim] sample:		170.0 seconds, 158.7 MB
[runlim] sample:		180.0 seconds, 171.2 MB
[runlim] sample:		190.0 seconds, 189.6 MB
[runlim] sample:		200.0 seconds, 194.9 MB
[runlim] sample:		210.0 seconds, 202.2 MB
[runlim] sample:		220.0 seconds, 194.4 MB
[runlim] sample:		230.0 seconds, 176.6 MB
[runlim] sample:		240.0 seconds, 187.7 MB
[runlim] sample:		250.0 seconds, 206.1 MB
[runlim] sample:		260.0 seconds, 195.0 MB
[runlim] sample:		270.0 seconds, 183.8 MB
[runlim] sample:		280.0 seconds, 194.2 MB
[runlim] sample:		290.0 seconds, 187.6 MB
[runlim] sample:		300.0 seconds, 176.7 MB
[runlim] sample:		310.0 seconds, 162.2 MB
[runlim] sample:		320.0 seconds, 182.1 MB
[runlim] sample:		330.0 seconds, 178.1 MB
[runlim] sample:		340.0 seconds, 190.2 MB
[runlim] sample:		350.0 seconds, 196.6 MB
[runlim] sample:		360.0 seconds, 196.6 MB
[runlim] sample:		370.0 seconds, 194.2 MB
[runlim] sample:		380.0 seconds, 207.2 MB
[runlim] sample:		390.0 seconds, 207.2 MB
[runlim] sample:		400.0 seconds, 213.6 MB
[runlim] sample:		410.0 seconds, 194.8 MB
[runlim] sample:		420.0 seconds, 194.8 MB
[runlim] sample:		430.0 seconds, 208.9 MB
[runlim] sample:		440.0 seconds, 197.7 MB
[runlim] sample:		450.0 seconds, 203.1 MB
[runlim] sample:		460.0 seconds, 203.5 MB
[runlim] sample:		470.0 seconds, 219.3 MB
[runlim] sample:		480.0 seconds, 190.9 MB
[runlim] sample:		490.0 seconds, 181.8 MB
[runlim] sample:		500.0 seconds, 182.3 MB
[runlim] sample:		510.0 seconds, 190.0 MB
[runlim] sample:		520.0 seconds, 184.9 MB
[runlim] sample:		530.0 seconds, 188.9 MB
[runlim] sample:		540.0 seconds, 191.4 MB
[runlim] sample:		550.0 seconds, 225.0 MB
[runlim] sample:		560.0 seconds, 198.0 MB
[runlim] sample:		570.0 seconds, 208.0 MB
[runlim] sample:		580.0 seconds, 201.8 MB
[runlim] sample:		590.0 seconds, 205.8 MB
[runlim] sample:		600.0 seconds, 198.4 MB
[runlim] sample:		610.0 seconds, 186.9 MB
[runlim] sample:		620.0 seconds, 185.9 MB
[runlim] sample:		630.0 seconds, 197.0 MB
[runlim] sample:		640.0 seconds, 181.6 MB
[runlim] sample:		650.0 seconds, 181.1 MB
[runlim] sample:		660.0 seconds, 180.6 MB
[runlim] sample:		670.0 seconds, 206.9 MB
[runlim] sample:		680.0 seconds, 189.0 MB
[runlim] sample:		690.0 seconds, 212.4 MB
[runlim] sample:		700.0 seconds, 205.7 MB
[runlim] sample:		710.0 seconds, 216.9 MB
[runlim] sample:		720.0 seconds, 219.7 MB
[runlim] sample:		730.0 seconds, 196.7 MB
[runlim] sample:		740.0 seconds, 209.6 MB
[runlim] sample:		750.0 seconds, 209.3 MB
[runlim] sample:		760.0 seconds, 218.3 MB
[runlim] sample:		770.0 seconds, 200.1 MB
[runlim] sample:		780.0 seconds, 197.8 MB
[runlim] sample:		790.0 seconds, 197.4 MB
[runlim] sample:		800.0 seconds, 189.0 MB
[runlim] sample:		810.0 seconds, 195.1 MB
[runlim] sample:		820.0 seconds, 198.4 MB
[runlim] sample:		830.0 seconds, 187.8 MB
[runlim] sample:		840.0 seconds, 205.4 MB
[runlim] sample:		850.0 seconds, 197.1 MB
[runlim] sample:		860.0 seconds, 207.4 MB
[runlim] sample:		870.0 seconds, 221.3 MB
[runlim] sample:		880.0 seconds, 192.9 MB
[runlim] sample:		890.0 seconds, 207.1 MB
[runlim] sample:		900.0 seconds, 214.7 MB
[runlim] sample:		910.0 seconds, 230.9 MB
[runlim] sample:		920.0 seconds, 216.4 MB
[runlim] sample:		930.0 seconds, 220.2 MB
[runlim] sample:		940.0 seconds, 198.0 MB
[runlim] sample:		950.0 seconds, 190.4 MB
[runlim] sample:		960.0 seconds, 167.1 MB
[runlim] sample:		970.0 seconds, 195.9 MB
[runlim] sample:		980.0 seconds, 195.3 MB
[runlim] sample:		990.0 seconds, 207.7 MB
[runlim] sample:		1000.0 seconds, 190.5 MB
[runlim] sample:		1010.0 seconds, 207.5 MB
[runlim] sample:		1020.0 seconds, 192.6 MB
[runlim] sample:		1030.0 seconds, 190.7 MB
[runlim] sample:		1040.0 seconds, 185.8 MB
[runlim] sample:		1050.0 seconds, 194.1 MB
[runlim] sample:		1060.0 seconds, 206.4 MB
[runlim] sample:		1070.0 seconds, 208.0 MB
[runlim] sample:		1080.0 seconds, 212.0 MB
[runlim] sample:		1090.0 seconds, 196.7 MB
[runlim] sample:		1100.0 seconds, 210.9 MB
[runlim] sample:		1110.0 seconds, 210.7 MB
[runlim] sample:		1120.0 seconds, 208.3 MB
[runlim] sample:		1130.0 seconds, 196.2 MB
[runlim] sample:		1140.0 seconds, 208.9 MB
[runlim] sample:		1150.0 seconds, 210.4 MB
[runlim] sample:		1160.0 seconds, 214.8 MB
[runlim] sample:		1170.0 seconds, 195.2 MB
[runlim] sample:		1180.0 seconds, 201.3 MB
[runlim] sample:		1190.0 seconds, 215.5 MB
[runlim] sample:		1200.0 seconds, 197.1 MB
[runlim] sample:		1210.0 seconds, 206.6 MB
[runlim] sample:		1220.0 seconds, 233.9 MB
[runlim] sample:		1230.0 seconds, 191.3 MB
[runlim] sample:		1240.0 seconds, 183.5 MB
[runlim] sample:		1250.0 seconds, 202.7 MB
[runlim] sample:		1260.0 seconds, 202.9 MB
[runlim] sample:		1270.0 seconds, 197.6 MB
[runlim] sample:		1280.0 seconds, 196.2 MB
[runlim] sample:		1290.0 seconds, 194.6 MB
[runlim] sample:		1300.0 seconds, 208.0 MB
[runlim] sample:		1310.0 seconds, 198.4 MB
[runlim] sample:		1320.0 seconds, 213.7 MB
[runlim] sample:		1330.0 seconds, 219.7 MB
[runlim] sample:		1340.0 seconds, 235.9 MB
[runlim] sample:		1350.0 seconds, 235.8 MB
[runlim] sample:		1360.0 seconds, 238.1 MB
[runlim] sample:		1370.0 seconds, 198.1 MB
[runlim] sample:		1380.0 seconds, 217.9 MB
[runlim] sample:		1390.0 seconds, 218.1 MB
[runlim] sample:		1400.0 seconds, 218.1 MB
[runlim] sample:		1410.0 seconds, 231.2 MB
[runlim] sample:		1420.0 seconds, 233.8 MB
[runlim] sample:		1430.0 seconds, 209.4 MB
[runlim] sample:		1440.0 seconds, 217.1 MB
[runlim] sample:		1450.0 seconds, 229.2 MB
[runlim] sample:		1460.0 seconds, 229.2 MB
[runlim] sample:		1470.0 seconds, 244.2 MB
[runlim] sample:		1480.0 seconds, 186.4 MB
[runlim] sample:		1490.0 seconds, 196.1 MB
[runlim] sample:		1500.0 seconds, 196.1 MB
[runlim] sample:		1510.0 seconds, 197.9 MB
[runlim] sample:		1520.0 seconds, 197.8 MB
[runlim] sample:		1530.0 seconds, 197.8 MB
[runlim] sample:		1540.0 seconds, 207.3 MB
[runlim] sample:		1550.0 seconds, 208.1 MB
[runlim] sample:		1560.0 seconds, 186.9 MB
[runlim] sample:		1570.0 seconds, 239.7 MB
[runlim] sample:		1580.0 seconds, 185.1 MB
[runlim] sample:		1590.0 seconds, 205.6 MB
[runlim] sample:		1600.0 seconds, 205.6 MB
[runlim] sample:		1610.0 seconds, 181.5 MB
[runlim] sample:		1620.0 seconds, 224.6 MB
[runlim] sample:		1630.0 seconds, 226.2 MB
[runlim] sample:		1640.0 seconds, 224.9 MB
[runlim] sample:		1650.0 seconds, 224.7 MB
[runlim] sample:		1660.0 seconds, 224.4 MB
[runlim] sample:		1670.0 seconds, 224.4 MB
[runlim] sample:		1680.0 seconds, 224.4 MB
[runlim] sample:		1690.0 seconds, 224.4 MB
[runlim] sample:		1700.0 seconds, 224.4 MB
[runlim] sample:		1710.0 seconds, 229.3 MB
[runlim] sample:		1720.0 seconds, 229.3 MB
[runlim] sample:		1730.0 seconds, 195.5 MB
[runlim] sample:		1740.0 seconds, 225.3 MB
[runlim] sample:		1750.0 seconds, 225.5 MB
[runlim] sample:		1760.0 seconds, 225.5 MB
[runlim] sample:		1770.0 seconds, 225.5 MB
[runlim] sample:		1780.0 seconds, 225.5 MB
[runlim] sample:		1790.0 seconds, 225.5 MB
[runlim] sample:		1800.0 seconds, 225.5 MB
[runlim] sample:		1810.0 seconds, 225.5 MB
[runlim] sample:		1820.0 seconds, 186.7 MB
[runlim] sample:		1830.0 seconds, 196.5 MB
[runlim] sample:		1840.0 seconds, 204.2 MB
[runlim] sample:		1850.0 seconds, 204.2 MB
[runlim] sample:		1860.0 seconds, 211.0 MB
[runlim] sample:		1870.0 seconds, 211.7 MB
[runlim] sample:		1880.0 seconds, 224.7 MB
[runlim] sample:		1890.0 seconds, 180.1 MB
[runlim] sample:		1900.0 seconds, 200.0 MB
[runlim] sample:		1910.0 seconds, 197.5 MB
[runlim] sample:		1920.0 seconds, 197.5 MB
[runlim] sample:		1930.0 seconds, 224.8 MB
[runlim] sample:		1940.0 seconds, 201.6 MB
[runlim] sample:		1950.0 seconds, 196.5 MB
[runlim] sample:		1960.0 seconds, 211.3 MB
[runlim] sample:		1970.0 seconds, 218.5 MB
[runlim] sample:		1980.0 seconds, 227.0 MB
[runlim] sample:		1990.0 seconds, 225.3 MB
[runlim] sample:		2000.0 seconds, 225.3 MB
[runlim] sample:		2010.0 seconds, 225.0 MB
[runlim] sample:		2020.0 seconds, 224.8 MB
[runlim] sample:		2030.0 seconds, 224.8 MB
[runlim] sample:		2040.0 seconds, 224.5 MB
[runlim] sample:		2050.0 seconds, 228.4 MB
[runlim] sample:		2060.0 seconds, 228.4 MB
[runlim] sample:		2070.0 seconds, 228.4 MB
[runlim] sample:		2080.0 seconds, 228.7 MB
[runlim] sample:		2090.0 seconds, 228.7 MB
[runlim] sample:		2100.0 seconds, 228.4 MB
[runlim] sample:		2110.0 seconds, 228.2 MB
[runlim] sample:		2120.0 seconds, 227.9 MB
[runlim] sample:		2130.0 seconds, 227.9 MB
[runlim] sample:		2140.0 seconds, 227.9 MB
[runlim] sample:		2150.0 seconds, 227.9 MB
[runlim] sample:		2160.0 seconds, 232.0 MB
[runlim] sample:		2170.0 seconds, 228.7 MB
[runlim] sample:		2180.0 seconds, 228.7 MB
[runlim] sample:		2190.0 seconds, 228.5 MB
[runlim] sample:		2200.0 seconds, 235.2 MB
[runlim] sample:		2210.0 seconds, 232.2 MB
[runlim] sample:		2220.0 seconds, 231.7 MB
[runlim] sample:		2230.0 seconds, 233.7 MB
[runlim] sample:		2240.0 seconds, 232.2 MB
[runlim] sample:		2250.0 seconds, 233.7 MB
[runlim] sample:		2260.0 seconds, 233.2 MB
[runlim] sample:		2270.0 seconds, 233.5 MB
[runlim] sample:		2280.0 seconds, 233.0 MB
[runlim] sample:		2290.0 seconds, 232.7 MB
[runlim] sample:		2300.0 seconds, 232.5 MB
[runlim] sample:		2310.0 seconds, 232.2 MB
[runlim] sample:		2320.0 seconds, 232.2 MB
[runlim] sample:		2330.0 seconds, 232.2 MB
[runlim] sample:		2340.0 seconds, 232.0 MB
[runlim] sample:		2350.0 seconds, 232.0 MB
[runlim] sample:		2360.0 seconds, 231.7 MB
[runlim] sample:		2370.0 seconds, 231.7 MB
[runlim] sample:		2380.0 seconds, 231.7 MB
[runlim] sample:		2390.0 seconds, 231.7 MB
[runlim] sample:		2400.0 seconds, 232.2 MB
[runlim] sample:		2410.0 seconds, 232.0 MB
[runlim] sample:		2420.0 seconds, 235.1 MB
[runlim] sample:		2430.0 seconds, 232.5 MB
[runlim] sample:		2440.0 seconds, 232.2 MB
[runlim] sample:		2450.0 seconds, 232.2 MB
[runlim] sample:		2460.0 seconds, 232.2 MB
[runlim] sample:		2470.0 seconds, 232.2 MB
[runlim] sample:		2480.0 seconds, 232.2 MB
[runlim] sample:		2490.0 seconds, 232.2 MB
[runlim] sample:		2500.0 seconds, 232.2 MB
[runlim] sample:		2510.0 seconds, 232.0 MB
[runlim] sample:		2520.0 seconds, 232.0 MB
[runlim] sample:		2530.0 seconds, 232.0 MB
[runlim] sample:		2540.0 seconds, 233.7 MB
[runlim] sample:		2550.0 seconds, 232.5 MB
[runlim] sample:		2560.0 seconds, 232.5 MB
[runlim] sample:		2570.0 seconds, 232.2 MB
[runlim] sample:		2580.0 seconds, 232.0 MB
[runlim] sample:		2590.0 seconds, 232.0 MB
[runlim] sample:		2600.0 seconds, 231.7 MB
[runlim] sample:		2610.0 seconds, 231.7 MB
[runlim] sample:		2620.0 seconds, 231.7 MB
[runlim] sample:		2630.0 seconds, 231.7 MB
[runlim] sample:		2640.0 seconds, 231.7 MB
[runlim] sample:		2650.0 seconds, 231.7 MB
[runlim] sample:		2660.0 seconds, 231.5 MB
[runlim] sample:		2670.0 seconds, 231.5 MB
[runlim] sample:		2680.0 seconds, 231.5 MB
[runlim] sample:		2690.0 seconds, 233.7 MB
[runlim] sample:		2700.0 seconds, 232.2 MB
[runlim] sample:		2710.0 seconds, 232.0 MB
[runlim] sample:		2720.0 seconds, 232.0 MB
[runlim] sample:		2730.0 seconds, 232.0 MB
[runlim] sample:		2740.0 seconds, 232.0 MB
[runlim] sample:		2750.0 seconds, 231.7 MB
[runlim] sample:		2760.0 seconds, 231.5 MB
[runlim] sample:		2770.0 seconds, 231.5 MB
[runlim] sample:		2780.0 seconds, 231.5 MB
[runlim] sample:		2790.0 seconds, 231.2 MB
[runlim] sample:		2800.0 seconds, 231.2 MB
[runlim] sample:		2810.0 seconds, 231.0 MB
[runlim] sample:		2820.0 seconds, 231.0 MB
[runlim] sample:		2830.0 seconds, 230.7 MB
[runlim] sample:		2840.0 seconds, 230.7 MB
[runlim] sample:		2850.0 seconds, 230.7 MB
[runlim] sample:		2860.0 seconds, 230.7 MB
[runlim] sample:		2870.0 seconds, 230.7 MB
[runlim] sample:		2880.0 seconds, 230.7 MB
[runlim] sample:		2890.0 seconds, 235.1 MB
[runlim] sample:		2900.0 seconds, 231.0 MB
[runlim] sample:		2910.0 seconds, 231.0 MB
[runlim] sample:		2920.0 seconds, 231.0 MB
[runlim] sample:		2930.0 seconds, 231.0 MB
[runlim] sample:		2940.0 seconds, 232.3 MB
[runlim] sample:		2950.0 seconds, 231.2 MB
[runlim] sample:		2960.0 seconds, 231.2 MB
[runlim] sample:		2970.0 seconds, 231.2 MB
[runlim] sample:		2980.0 seconds, 231.2 MB
[runlim] sample:		2990.0 seconds, 231.2 MB
[runlim] sample:		3000.0 seconds, 223.4 MB
[runlim] sample:		3010.0 seconds, 225.7 MB
[runlim] sample:		3020.0 seconds, 223.9 MB
[runlim] sample:		3030.0 seconds, 224.2 MB
[runlim] sample:		3040.0 seconds, 224.2 MB
[runlim] sample:		3050.0 seconds, 224.2 MB
[runlim] sample:		3060.0 seconds, 224.5 MB
[runlim] sample:		3070.0 seconds, 224.5 MB
[runlim] sample:		3080.0 seconds, 225.5 MB
[runlim] sample:		3090.0 seconds, 224.9 MB
[runlim] sample:		3100.0 seconds, 224.9 MB
[runlim] sample:		3110.0 seconds, 224.9 MB
[runlim] sample:		3120.0 seconds, 164.0 MB
[runlim] sample:		3130.0 seconds, 214.1 MB
[runlim] sample:		3140.0 seconds, 214.1 MB
[runlim] sample:		3150.0 seconds, 214.1 MB
[runlim] sample:		3160.0 seconds, 214.6 MB
[runlim] sample:		3169.9 seconds, 228.5 MB
[runlim] sample:		3179.9 seconds, 225.6 MB
[runlim] sample:		3190.0 seconds, 231.0 MB
[runlim] sample:		3200.0 seconds, 231.3 MB
[runlim] sample:		3210.0 seconds, 195.3 MB
[runlim] sample:		3219.9 seconds, 231.1 MB
[runlim] sample:		3229.9 seconds, 201.3 MB
[runlim] sample:		3239.9 seconds, 208.9 MB
[runlim] sample:		3249.9 seconds, 214.5 MB
[runlim] sample:		3259.9 seconds, 214.5 MB
[runlim] sample:		3269.9 seconds, 214.5 MB
[runlim] sample:		3279.9 seconds, 230.7 MB
[runlim] sample:		3289.9 seconds, 232.0 MB
[runlim] sample:		3299.9 seconds, 231.0 MB
[runlim] sample:		3309.9 seconds, 239.0 MB
[runlim] sample:		3319.9 seconds, 235.6 MB
[runlim] sample:		3329.9 seconds, 232.1 MB
[runlim] sample:		3339.9 seconds, 231.8 MB
[runlim] sample:		3349.9 seconds, 231.8 MB
[runlim] sample:		3359.9 seconds, 231.8 MB
[runlim] sample:		3369.9 seconds, 231.8 MB
[runlim] sample:		3379.9 seconds, 231.8 MB
[runlim] sample:		3389.9 seconds, 231.6 MB
[runlim] sample:		3399.9 seconds, 231.3 MB
[runlim] sample:		3410.0 seconds, 231.3 MB
[runlim] sample:		3420.0 seconds, 231.3 MB
[runlim] sample:		3430.0 seconds, 231.3 MB
[runlim] sample:		3440.0 seconds, 231.3 MB
[runlim] sample:		3450.0 seconds, 231.3 MB
[runlim] sample:		3460.0 seconds, 231.3 MB
[runlim] sample:		3470.0 seconds, 231.3 MB
[runlim] sample:		3480.0 seconds, 231.8 MB
[runlim] sample:		3490.0 seconds, 231.8 MB
[runlim] sample:		3500.0 seconds, 231.3 MB
[runlim] sample:		3510.0 seconds, 231.1 MB
[runlim] sample:		3520.0 seconds, 207.3 MB
[runlim] sample:		3530.0 seconds, 208.6 MB
[runlim] sample:		3539.9 seconds, 209.9 MB
[runlim] sample:		3549.9 seconds, 209.9 MB
[runlim] sample:		3559.9 seconds, 209.8 MB
[runlim] sample:		3569.9 seconds, 209.8 MB
[runlim] sample:		3579.9 seconds, 209.8 MB
[runlim] sample:		3589.9 seconds, 209.8 MB
[runlim] sample:		3599.9 seconds, 209.8 MB
[runlim] end:			Mon Sep 30 14:58:13 2019
[runlim] status:		out of time
[runlim] result:		1
[runlim] children:		0
[runlim] real:			3600.35 seconds
[runlim] time:			3600.05 seconds
[runlim] space:			249.4 MB
[runlim] samples:		36001
