# instance ../secondnet/final_pns_json/final.Fattree_n8_k2_bw10_cpu16.pn.instance_list_15vm_rnd.txt.pn.json
# Settings: PN=../secondnet/final_pns_json/final.Fattree_n8_k2_bw10_cpu16.pn.instance_list_15vm_rnd.txt.pn.json, VN=../../../instances/fattree-bcube/instance_list_15vm_rnd.txt, multi-thread=False
init 0.006295 0.006295
1 1.91252 1.918815
2 1.443318 3.36225
3 1.772779 5.13515
4 1.854519 6.989788
5 1.519197 8.509108
6 2.011088 10.520321
7 1.907457 12.427897
8 1.954071 14.382092
9 1.635953 16.01816
10 1.499847 17.51813
11 1.657817 19.176072
12 1.769534 20.945735
13 1.784377 22.730236
14 1.657415 24.387771
15 1.647861 26.035759
16 1.543031 27.578912
17 1.544907 29.123943
18 1.561574 30.685636
19 1.312956 31.998721
20 1.451712 33.450561
21 1.635178 35.085863
22 1.489718 36.575696
23 1.559951 38.135772
24 1.351374 39.487271
25 1.380391 40.867782
26 1.442576 42.310482
27 1.368778 43.679388
28 1.486505 45.166021
29 1.232137 46.398288
30 1.213035 47.611448
31 1.437128 49.048698
32 1.256792 50.305616
33 1.144924 51.450665
34 1.203504 52.654294
