[runlim] version:		1.7
[runlim] time limit:		3600 seconds
[runlim] real time limit:	311040000 seconds
[runlim] space limit:		80000 MB
[runlim] argv[0]:		python3.6
[runlim] argv[1]:		./netsolver-gurobi-mod.py
[runlim] argv[2]:		../secondnet/final_pns_json/final.Fattree_n16_k2_bw10_cpu16.pn.instance_list_6vm_rnd.txt.pn.json
[runlim] argv[3]:		../../../instances/fattree-bcube/instance_list_6vm_rnd.txt
[runlim] argv[4]:		False
[runlim] argv[5]:		False
[runlim] argv[6]:		timelogs/results.Fattree_n16_k2_bw10_cpu16.pn.instance_list_6vm_rnd.txt.log
[runlim] start:			Mon Sep 30 13:04:57 2019
[runlim] main pid:		17530
Academic license - for non-commercial use only
[runlim] sample:		10.0 seconds, 127.2 MB
[runlim] sample:		20.0 seconds, 132.6 MB
[runlim] sample:		30.0 seconds, 117.9 MB
[runlim] sample:		40.0 seconds, 116.2 MB
[runlim] sample:		50.0 seconds, 123.4 MB
[runlim] sample:		60.0 seconds, 125.6 MB
[runlim] sample:		70.0 seconds, 123.5 MB
[runlim] sample:		80.0 seconds, 119.8 MB
[runlim] sample:		90.0 seconds, 121.9 MB
[runlim] sample:		100.0 seconds, 125.1 MB
[runlim] sample:		110.0 seconds, 139.7 MB
[runlim] sample:		120.0 seconds, 126.7 MB
[runlim] sample:		130.0 seconds, 129.2 MB
[runlim] sample:		140.0 seconds, 123.2 MB
[runlim] sample:		150.0 seconds, 134.4 MB
[runlim] sample:		160.0 seconds, 125.3 MB
[runlim] sample:		170.0 seconds, 123.5 MB
[runlim] sample:		180.0 seconds, 123.4 MB
[runlim] sample:		190.0 seconds, 124.0 MB
[runlim] sample:		200.0 seconds, 126.2 MB
[runlim] sample:		210.0 seconds, 126.3 MB
[runlim] sample:		220.0 seconds, 131.3 MB
[runlim] sample:		230.0 seconds, 137.1 MB
[runlim] sample:		240.0 seconds, 124.9 MB
[runlim] sample:		250.0 seconds, 124.0 MB
[runlim] sample:		260.0 seconds, 123.2 MB
[runlim] sample:		270.0 seconds, 126.2 MB
[runlim] sample:		280.0 seconds, 117.5 MB
[runlim] sample:		290.0 seconds, 122.8 MB
[runlim] sample:		300.0 seconds, 130.2 MB
[runlim] sample:		310.0 seconds, 140.7 MB
[runlim] sample:		320.0 seconds, 127.1 MB
[runlim] sample:		330.0 seconds, 128.1 MB
[runlim] sample:		340.0 seconds, 122.1 MB
[runlim] sample:		350.0 seconds, 126.7 MB
[runlim] sample:		360.0 seconds, 125.1 MB
[runlim] sample:		370.0 seconds, 124.8 MB
[runlim] sample:		380.0 seconds, 123.8 MB
[runlim] sample:		390.0 seconds, 119.4 MB
[runlim] sample:		400.0 seconds, 127.5 MB
[runlim] sample:		410.0 seconds, 134.0 MB
[runlim] sample:		420.0 seconds, 128.9 MB
[runlim] sample:		430.0 seconds, 139.6 MB
[runlim] sample:		440.0 seconds, 123.3 MB
[runlim] sample:		450.0 seconds, 127.6 MB
[runlim] sample:		460.0 seconds, 126.0 MB
[runlim] sample:		470.0 seconds, 122.6 MB
[runlim] sample:		480.0 seconds, 128.9 MB
[runlim] sample:		490.0 seconds, 135.3 MB
[runlim] sample:		500.0 seconds, 135.6 MB
[runlim] sample:		510.0 seconds, 139.8 MB
[runlim] sample:		520.0 seconds, 128.9 MB
[runlim] sample:		530.0 seconds, 123.2 MB
[runlim] sample:		540.0 seconds, 128.0 MB
[runlim] sample:		550.0 seconds, 128.3 MB
[runlim] sample:		560.0 seconds, 125.1 MB
[runlim] sample:		570.0 seconds, 126.3 MB
[runlim] sample:		580.0 seconds, 133.2 MB
[runlim] sample:		590.0 seconds, 125.7 MB
[runlim] sample:		600.0 seconds, 142.8 MB
[runlim] sample:		610.0 seconds, 127.9 MB
[runlim] sample:		620.0 seconds, 131.9 MB
[runlim] sample:		630.0 seconds, 128.3 MB
[runlim] sample:		640.0 seconds, 137.7 MB
[runlim] sample:		650.0 seconds, 127.3 MB
[runlim] sample:		660.0 seconds, 123.5 MB
[runlim] sample:		670.0 seconds, 138.9 MB
[runlim] sample:		680.0 seconds, 144.4 MB
[runlim] sample:		690.0 seconds, 127.0 MB
[runlim] sample:		700.0 seconds, 141.0 MB
[runlim] sample:		710.0 seconds, 131.8 MB
[runlim] sample:		720.0 seconds, 117.9 MB
[runlim] sample:		730.0 seconds, 138.2 MB
[runlim] sample:		740.0 seconds, 137.5 MB
[runlim] sample:		750.0 seconds, 134.8 MB
[runlim] sample:		760.0 seconds, 127.4 MB
[runlim] sample:		770.0 seconds, 134.9 MB
[runlim] sample:		780.0 seconds, 138.5 MB
[runlim] sample:		790.0 seconds, 133.7 MB
[runlim] sample:		800.0 seconds, 141.7 MB
[runlim] sample:		810.0 seconds, 132.6 MB
[runlim] sample:		820.0 seconds, 140.1 MB
[runlim] sample:		830.0 seconds, 136.0 MB
[runlim] sample:		840.0 seconds, 124.8 MB
[runlim] sample:		850.0 seconds, 143.0 MB
[runlim] sample:		860.0 seconds, 134.4 MB
[runlim] sample:		870.0 seconds, 132.4 MB
[runlim] sample:		880.0 seconds, 137.5 MB
[runlim] sample:		890.0 seconds, 128.9 MB
[runlim] sample:		900.0 seconds, 137.5 MB
[runlim] sample:		910.0 seconds, 137.5 MB
[runlim] sample:		920.0 seconds, 122.9 MB
[runlim] sample:		930.0 seconds, 133.0 MB
[runlim] sample:		940.0 seconds, 137.4 MB
[runlim] sample:		950.0 seconds, 127.3 MB
[runlim] sample:		960.0 seconds, 135.3 MB
[runlim] sample:		970.0 seconds, 125.1 MB
[runlim] sample:		980.0 seconds, 126.9 MB
[runlim] sample:		990.0 seconds, 138.0 MB
[runlim] sample:		1000.0 seconds, 136.2 MB
[runlim] sample:		1010.0 seconds, 135.2 MB
[runlim] sample:		1020.0 seconds, 137.4 MB
[runlim] sample:		1030.0 seconds, 136.4 MB
[runlim] sample:		1040.0 seconds, 128.2 MB
[runlim] sample:		1050.0 seconds, 138.1 MB
[runlim] sample:		1060.0 seconds, 125.8 MB
[runlim] sample:		1070.0 seconds, 134.9 MB
[runlim] sample:		1080.0 seconds, 136.6 MB
[runlim] sample:		1090.0 seconds, 130.2 MB
[runlim] sample:		1100.0 seconds, 136.8 MB
[runlim] sample:		1110.0 seconds, 144.4 MB
[runlim] sample:		1120.0 seconds, 148.2 MB
[runlim] sample:		1130.0 seconds, 146.8 MB
[runlim] sample:		1140.0 seconds, 143.2 MB
[runlim] sample:		1150.0 seconds, 146.4 MB
[runlim] sample:		1160.0 seconds, 133.0 MB
[runlim] sample:		1170.0 seconds, 130.6 MB
[runlim] sample:		1180.0 seconds, 139.5 MB
[runlim] sample:		1190.0 seconds, 126.7 MB
[runlim] sample:		1200.0 seconds, 128.5 MB
[runlim] sample:		1210.0 seconds, 132.5 MB
[runlim] sample:		1220.0 seconds, 141.3 MB
[runlim] sample:		1230.0 seconds, 128.5 MB
[runlim] sample:		1240.0 seconds, 129.6 MB
[runlim] sample:		1250.0 seconds, 138.8 MB
[runlim] sample:		1260.0 seconds, 136.0 MB
[runlim] sample:		1270.0 seconds, 136.0 MB
[runlim] sample:		1280.0 seconds, 132.5 MB
[runlim] sample:		1290.0 seconds, 140.4 MB
[runlim] sample:		1300.0 seconds, 146.7 MB
[runlim] sample:		1310.0 seconds, 127.6 MB
[runlim] sample:		1320.0 seconds, 137.9 MB
[runlim] sample:		1330.0 seconds, 135.2 MB
[runlim] sample:		1340.0 seconds, 145.2 MB
[runlim] sample:		1350.0 seconds, 128.1 MB
[runlim] sample:		1360.0 seconds, 126.2 MB
[runlim] sample:		1370.0 seconds, 140.0 MB
[runlim] sample:		1380.0 seconds, 140.5 MB
[runlim] sample:		1390.0 seconds, 138.5 MB
[runlim] sample:		1400.0 seconds, 128.7 MB
[runlim] sample:		1410.0 seconds, 128.4 MB
[runlim] sample:		1420.0 seconds, 127.5 MB
[runlim] sample:		1430.0 seconds, 129.1 MB
[runlim] sample:		1440.0 seconds, 129.8 MB
[runlim] sample:		1450.0 seconds, 127.4 MB
[runlim] sample:		1460.0 seconds, 140.1 MB
[runlim] sample:		1470.0 seconds, 133.1 MB
[runlim] sample:		1480.0 seconds, 133.7 MB
[runlim] sample:		1490.0 seconds, 126.9 MB
[runlim] sample:		1500.0 seconds, 137.8 MB
[runlim] sample:		1510.0 seconds, 138.1 MB
[runlim] sample:		1520.0 seconds, 138.1 MB
[runlim] sample:		1530.0 seconds, 138.5 MB
[runlim] sample:		1540.0 seconds, 129.7 MB
[runlim] sample:		1550.0 seconds, 129.4 MB
[runlim] sample:		1560.0 seconds, 126.1 MB
[runlim] sample:		1570.0 seconds, 139.1 MB
[runlim] sample:		1580.0 seconds, 124.8 MB
[runlim] sample:		1590.0 seconds, 126.9 MB
[runlim] sample:		1600.0 seconds, 136.4 MB
[runlim] sample:		1610.0 seconds, 123.7 MB
[runlim] sample:		1620.0 seconds, 123.7 MB
[runlim] sample:		1630.0 seconds, 140.3 MB
[runlim] sample:		1640.0 seconds, 127.8 MB
[runlim] sample:		1650.0 seconds, 141.5 MB
[runlim] sample:		1660.0 seconds, 134.6 MB
[runlim] sample:		1670.0 seconds, 131.5 MB
[runlim] sample:		1680.0 seconds, 126.4 MB
[runlim] sample:		1690.0 seconds, 117.3 MB
[runlim] sample:		1700.0 seconds, 126.2 MB
[runlim] sample:		1710.0 seconds, 140.6 MB
[runlim] sample:		1720.0 seconds, 139.8 MB
[runlim] sample:		1730.0 seconds, 132.9 MB
[runlim] sample:		1740.0 seconds, 132.7 MB
[runlim] sample:		1750.0 seconds, 136.8 MB
[runlim] sample:		1760.0 seconds, 140.0 MB
[runlim] sample:		1770.0 seconds, 138.3 MB
[runlim] sample:		1780.0 seconds, 139.3 MB
[runlim] sample:		1790.0 seconds, 139.4 MB
[runlim] sample:		1800.0 seconds, 140.0 MB
[runlim] sample:		1810.0 seconds, 135.8 MB
[runlim] sample:		1820.0 seconds, 139.2 MB
[runlim] sample:		1830.0 seconds, 139.2 MB
[runlim] sample:		1840.0 seconds, 138.9 MB
[runlim] sample:		1850.0 seconds, 141.0 MB
[runlim] sample:		1860.0 seconds, 140.5 MB
[runlim] sample:		1870.0 seconds, 140.5 MB
[runlim] sample:		1880.0 seconds, 140.5 MB
[runlim] sample:		1890.0 seconds, 140.5 MB
[runlim] sample:		1900.0 seconds, 140.3 MB
[runlim] sample:		1910.0 seconds, 140.3 MB
[runlim] sample:		1920.0 seconds, 142.6 MB
[runlim] sample:		1930.0 seconds, 142.6 MB
[runlim] sample:		1940.0 seconds, 142.1 MB
[runlim] sample:		1950.0 seconds, 142.1 MB
[runlim] sample:		1960.0 seconds, 142.6 MB
[runlim] sample:		1970.0 seconds, 142.6 MB
[runlim] sample:		1980.0 seconds, 142.6 MB
[runlim] sample:		1990.0 seconds, 142.1 MB
[runlim] sample:		2000.0 seconds, 142.1 MB
[runlim] sample:		2010.0 seconds, 125.0 MB
[runlim] sample:		2020.0 seconds, 138.4 MB
[runlim] sample:		2030.0 seconds, 142.8 MB
[runlim] sample:		2040.0 seconds, 143.5 MB
[runlim] sample:		2050.0 seconds, 145.1 MB
[runlim] sample:		2060.0 seconds, 143.4 MB
[runlim] sample:		2070.0 seconds, 123.2 MB
[runlim] sample:		2080.0 seconds, 139.4 MB
[runlim] sample:		2090.0 seconds, 139.4 MB
[runlim] sample:		2100.0 seconds, 139.2 MB
[runlim] sample:		2110.0 seconds, 142.3 MB
[runlim] sample:		2120.0 seconds, 138.0 MB
[runlim] sample:		2130.0 seconds, 137.8 MB
[runlim] sample:		2140.0 seconds, 139.9 MB
[runlim] sample:		2150.0 seconds, 138.1 MB
[runlim] sample:		2160.0 seconds, 142.5 MB
[runlim] sample:		2170.0 seconds, 145.1 MB
[runlim] sample:		2180.0 seconds, 145.1 MB
[runlim] sample:		2190.0 seconds, 146.1 MB
[runlim] sample:		2200.0 seconds, 117.7 MB
[runlim] sample:		2210.0 seconds, 133.8 MB
[runlim] sample:		2220.0 seconds, 148.2 MB
[runlim] sample:		2230.0 seconds, 152.3 MB
[runlim] sample:		2240.0 seconds, 152.4 MB
[runlim] sample:		2250.0 seconds, 152.9 MB
[runlim] sample:		2260.0 seconds, 152.9 MB
[runlim] sample:		2270.0 seconds, 132.3 MB
[runlim] sample:		2280.0 seconds, 122.1 MB
[runlim] sample:		2290.0 seconds, 150.2 MB
[runlim] sample:		2300.0 seconds, 150.0 MB
[runlim] sample:		2310.0 seconds, 143.2 MB
[runlim] sample:		2320.0 seconds, 143.7 MB
[runlim] sample:		2330.0 seconds, 137.6 MB
[runlim] sample:		2340.0 seconds, 138.1 MB
[runlim] sample:		2350.0 seconds, 138.2 MB
[runlim] sample:		2360.0 seconds, 145.0 MB
[runlim] sample:		2370.0 seconds, 132.5 MB
[runlim] sample:		2380.0 seconds, 139.3 MB
[runlim] sample:		2390.0 seconds, 150.5 MB
[runlim] sample:		2400.0 seconds, 158.8 MB
[runlim] sample:		2410.0 seconds, 157.0 MB
[runlim] sample:		2420.0 seconds, 157.0 MB
[runlim] sample:		2430.0 seconds, 141.0 MB
[runlim] sample:		2440.0 seconds, 145.3 MB
[runlim] sample:		2450.0 seconds, 129.0 MB
[runlim] sample:		2460.0 seconds, 139.8 MB
[runlim] sample:		2470.0 seconds, 153.2 MB
[runlim] sample:		2480.0 seconds, 155.5 MB
[runlim] sample:		2490.0 seconds, 156.7 MB
[runlim] sample:		2500.0 seconds, 155.7 MB
[runlim] sample:		2510.0 seconds, 155.7 MB
[runlim] sample:		2520.0 seconds, 155.7 MB
[runlim] sample:		2530.0 seconds, 155.7 MB
[runlim] sample:		2540.0 seconds, 155.5 MB
[runlim] sample:		2550.0 seconds, 155.5 MB
[runlim] sample:		2560.0 seconds, 133.8 MB
[runlim] sample:		2570.0 seconds, 143.0 MB
[runlim] sample:		2580.0 seconds, 148.2 MB
[runlim] sample:		2590.0 seconds, 152.9 MB
[runlim] sample:		2600.0 seconds, 152.9 MB
[runlim] sample:		2610.0 seconds, 152.6 MB
[runlim] sample:		2620.0 seconds, 153.7 MB
[runlim] sample:		2630.0 seconds, 152.6 MB
[runlim] sample:		2640.0 seconds, 153.2 MB
[runlim] sample:		2650.0 seconds, 153.0 MB
[runlim] sample:		2660.0 seconds, 153.0 MB
[runlim] sample:		2670.0 seconds, 153.0 MB
[runlim] sample:		2680.0 seconds, 153.0 MB
[runlim] sample:		2690.0 seconds, 153.0 MB
[runlim] sample:		2700.0 seconds, 153.0 MB
[runlim] sample:		2710.0 seconds, 153.0 MB
[runlim] sample:		2720.0 seconds, 153.6 MB
[runlim] sample:		2730.0 seconds, 153.6 MB
[runlim] sample:		2740.0 seconds, 153.4 MB
[runlim] sample:		2750.0 seconds, 153.4 MB
[runlim] sample:		2760.0 seconds, 153.4 MB
[runlim] sample:		2770.0 seconds, 153.6 MB
[runlim] sample:		2780.0 seconds, 153.6 MB
[runlim] sample:		2790.0 seconds, 153.6 MB
[runlim] sample:		2800.0 seconds, 153.6 MB
[runlim] sample:		2809.9 seconds, 153.6 MB
[runlim] sample:		2819.9 seconds, 153.6 MB
[runlim] sample:		2829.9 seconds, 153.6 MB
[runlim] sample:		2839.9 seconds, 153.6 MB
[runlim] sample:		2849.9 seconds, 153.6 MB
[runlim] sample:		2859.9 seconds, 153.6 MB
[runlim] sample:		2869.9 seconds, 153.4 MB
[runlim] sample:		2879.9 seconds, 153.4 MB
[runlim] sample:		2889.9 seconds, 153.4 MB
[runlim] sample:		2899.9 seconds, 153.4 MB
[runlim] sample:		2909.9 seconds, 153.1 MB
[runlim] sample:		2919.9 seconds, 153.1 MB
[runlim] sample:		2929.9 seconds, 153.1 MB
[runlim] sample:		2940.0 seconds, 152.9 MB
[runlim] sample:		2950.0 seconds, 152.6 MB
[runlim] sample:		2960.0 seconds, 152.6 MB
[runlim] sample:		2970.0 seconds, 152.6 MB
[runlim] sample:		2980.0 seconds, 152.6 MB
[runlim] sample:		2990.0 seconds, 152.6 MB
[runlim] sample:		3000.0 seconds, 152.6 MB
[runlim] sample:		3009.9 seconds, 155.0 MB
[runlim] sample:		3020.0 seconds, 124.8 MB
[runlim] sample:		3030.0 seconds, 133.0 MB
[runlim] sample:		3040.0 seconds, 135.1 MB
[runlim] sample:		3050.0 seconds, 140.3 MB
[runlim] sample:		3060.0 seconds, 140.3 MB
[runlim] sample:		3070.0 seconds, 140.1 MB
[runlim] sample:		3080.0 seconds, 140.1 MB
[runlim] sample:		3090.0 seconds, 140.3 MB
[runlim] sample:		3100.0 seconds, 140.1 MB
[runlim] sample:		3110.0 seconds, 139.6 MB
[runlim] sample:		3120.0 seconds, 139.6 MB
[runlim] sample:		3130.0 seconds, 139.9 MB
[runlim] sample:		3140.0 seconds, 139.9 MB
[runlim] sample:		3150.0 seconds, 139.9 MB
[runlim] sample:		3160.0 seconds, 139.9 MB
[runlim] sample:		3170.0 seconds, 139.6 MB
[runlim] sample:		3180.0 seconds, 139.6 MB
[runlim] sample:		3190.0 seconds, 139.6 MB
done 987 3.245357 3195.476512
3195.476512
987
Median time: 3.33752 s
[runlim] end:			Mon Sep 30 13:58:13 2019
[runlim] status:		ok
[runlim] result:		0
[runlim] children:		0
[runlim] real:			3196.22 seconds
[runlim] time:			3195.66 seconds
[runlim] space:			158.8 MB
[runlim] samples:		31957
