# instance ../secondnet/final_pns_json/final.Fattree_n16_k2_bw10_cpu16.pn.instance_list_12vm_rnd.txt.pn.json
# Settings: PN=../secondnet/final_pns_json/final.Fattree_n16_k2_bw10_cpu16.pn.instance_list_12vm_rnd.txt.pn.json, VN=../../../instances/fattree-bcube/instance_list_12vm_rnd.txt, multi-thread=False
init 0.051053 0.051053
1 9.961344 10.012397
2 8.967551 18.980178
3 10.043284 29.023596
4 7.691913 36.715639
5 9.642747 46.358523
6 8.578245 54.936906
7 9.007197 63.944237
8 8.595384 72.539757
9 8.574281 81.114175
10 9.607925 90.722233
11 8.728751 99.45111
12 10.661603 110.112848
13 10.374632 120.487622
14 10.143792 130.63155
15 10.35079 140.982474
16 9.071238 150.053846
17 10.113391 160.167373
18 9.045447 169.212956
19 7.416954 176.630045
20 10.102987 186.733165
21 7.97766 194.710965
22 9.64538 204.35648
23 8.071301 212.427929
24 9.549457 221.977515
25 7.965742 229.943397
26 9.318965 239.262496
27 7.939725 247.202358
28 7.979892 255.182383
29 7.901514 263.084037
30 9.61717 272.701345
31 9.145181 281.84666
32 9.911714 291.758504
33 10.211992 301.970633
34 10.500308 312.471076
35 7.448169 319.91938
36 9.342085 329.261588
37 9.420918 338.682647
38 7.444564 346.127349
39 9.088842 355.216322
40 9.264881 364.481334
41 13.587471 378.068952
42 11.015951 389.085034
43 7.505518 396.590693
44 8.943069 405.533892
45 9.505719 415.039745
46 10.122881 425.162762
47 9.63525 434.798147
48 9.224574 444.022854
49 7.432937 451.455919
50 9.436586 460.892637
51 10.08052 470.973293
52 9.098517 480.071942
53 10.928468 491.000547
54 10.322611 501.323292
55 9.270155 510.593575
56 9.187522 519.78123
57 7.487771 527.269138
58 9.108579 536.377851
59 8.514449 544.892438
60 7.960276 552.852866
61 6.861241 559.714244
62 8.036766 567.751144
63 9.5773 577.328582
64 9.839808 587.168522
65 8.070368 595.239021
66 7.989318 603.228475
67 10.145355 613.373976
68 7.543132 620.917244
69 9.95359 630.870957
70 11.031476 641.902572
71 6.620322 648.523027
72 10.1879 658.711053
73 9.72453 668.435721
74 8.58755 677.023412
75 9.511716 686.535257
76 12.518453 699.053845
77 8.080594 707.134577
78 9.603889 716.7386
79 9.289068 726.027807
80 8.057268 734.085207
81 11.838017 745.923358
82 7.487284 753.410781
83 10.785332 764.196248
84 7.572355 771.768735
85 14.726277 786.495147
86 10.482186 796.977475
87 11.110643 808.088249
88 10.737562 818.825946
89 10.640659 829.466739
90 10.955549 840.42243
91 10.592913 851.015469
92 10.309583 861.325183
93 10.852137 872.177453
94 11.413298 883.590888
95 11.937339 895.528362
96 11.150463 906.678966
97 10.988651 917.667755
98 11.120633 928.788524
99 7.60091 936.389574
100 11.13335 947.52306
101 8.071209 955.594398
102 8.841559 964.436091
103 9.131801 973.568028
104 10.708913 984.277076
105 7.779697 992.056908
106 8.99573 1001.05277
107 9.029447 1010.082355
108 10.49678 1020.579277
109 7.884558 1028.46397
110 9.696486 1038.160593
111 7.856255 1046.016992
112 9.30626 1055.323377
113 9.070029 1064.393531
114 9.071117 1073.464786
115 7.821556 1081.286482
116 7.736976 1089.023593
117 11.227126 1100.250845
118 9.701925 1109.952904
119 9.676819 1119.629859
120 10.770323 1130.400321
121 11.414269 1141.814726
122 13.218501 1155.033358
123 9.133082 1164.166581
124 7.783336 1171.950053
125 9.658924 1181.609111
126 9.760391 1191.369637
127 9.743174 1201.11295
128 8.041921 1209.155016
129 12.024584 1221.179733
130 9.465803 1230.64567
131 10.720851 1241.366657
132 9.106103 1250.472895
133 8.070336 1258.543368
134 9.871703 1268.415207
135 11.280114 1279.695463
136 9.238581 1288.934178
137 9.555315 1298.489628
138 11.112935 1309.602702
139 10.1841 1319.786944
140 11.115187 1330.90227
141 11.225245 1342.12765
142 9.023909 1351.151691
143 9.397976 1360.549806
144 10.108411 1370.658351
145 11.176438 1381.834927
146 11.32075 1393.155809
147 9.479399 1402.635349
148 10.518667 1413.154155
149 9.738876 1422.893166
150 11.232716 1434.126017
151 5.858595 1439.984746
152 9.220759 1449.20564
153 8.697001 1457.902778
154 8.014676 1465.917591
155 9.602248 1475.519965
156 11.540541 1487.060635
157 8.074745 1495.135518
158 11.548074 1506.683725
159 11.224575 1517.908438
160 8.8024 1526.711012
161 9.566293 1536.277443
162 13.41497 1549.692547
163 11.431867 1561.124552
164 11.724388 1572.849076
165 7.811607 1580.660821
166 8.622131 1589.283086
167 11.365958 1600.649185
168 8.052901 1608.702223
169 11.597744 1620.300106
170 9.868122 1630.168364
171 8.037203 1638.205722
172 9.803369 1648.009228
173 10.814859 1658.824223
174 12.121565 1670.94592
175 9.873989 1680.820055
176 7.88066 1688.700841
177 9.453559 1698.154537
178 9.843743 1707.998414
179 9.839268 1717.837824
180 8.713399 1726.55136
181 6.792263 1733.34376
182 9.913662 1743.257557
183 11.448816 1754.706511
184 7.741061 1762.44771
185 7.860906 1770.308751
186 8.550884 1778.859771
187 7.88151 1786.741414
188 10.363692 1797.105242
189 11.467265 1808.572644
190 10.019651 1818.592434
191 10.463542 1829.056133
192 11.309952 1840.366227
193 7.850726 1848.21709
194 8.974437 1857.19165
195 10.515799 1867.707586
196 11.019599 1878.727324
197 9.839215 1888.56667
198 9.187374 1897.754182
199 10.439534 1908.193856
200 11.546992 1919.740984
201 9.603651 1929.344773
202 10.870274 1940.215186
203 11.714511 1951.929842
204 13.021437 1964.951409
205 9.325103 1974.276656
206 11.734353 1986.011141
207 9.354674 1995.36596
208 9.422893 2004.788989
209 11.096101 2015.885226
210 10.468978 2026.354346
211 11.508654 2037.863144
212 7.60023 2045.46351
213 9.179126 2054.64277
214 9.295205 2063.938113
215 9.219745 2073.157997
216 7.630781 2080.788898
217 7.464683 2088.253717
218 7.646983 2095.900837
219 8.900224 2104.801202
220 10.198112 2114.999453
221 9.176887 2124.176479
222 12.761107 2136.937738
223 13.618527 2150.556406
224 12.227302 2162.783863
225 9.094094 2171.878093
226 9.160757 2181.038992
227 11.532005 2192.571128
228 13.115107 2205.686372
229 8.730305 2214.416819
230 9.196493 2223.613445
231 9.138655 2232.752235
232 8.4452 2241.19757
233 11.221998 2252.419706
234 10.497256 2262.917089
235 12.333048 2275.250273
236 10.086303 2285.336715
237 10.805367 2296.142223
238 9.520188 2305.662551
239 10.777468 2316.440157
240 9.217185 2325.657484
241 10.843212 2336.500833
242 10.836114 2347.337085
243 11.179646 2358.51687
244 7.847967 2366.364973
245 12.950166 2379.315275
246 7.771805 2387.087217
247 9.833574 2396.920926
248 13.880282 2410.801343
249 8.895143 2419.696621
250 9.488948 2429.185706
251 9.624357 2438.810203
252 12.687504 2451.497851
253 8.581659 2460.079652
254 8.491378 2468.571165
255 10.20667 2478.77797
256 10.780594 2489.558706
257 7.767863 2497.326708
258 9.820805 2507.147647
259 9.470106 2516.617892
260 13.134918 2529.752942
261 11.34929 2541.102369
262 9.107137 2550.209642
263 7.899759 2558.109536
264 8.389293 2566.498974
265 8.979119 2575.478232
266 8.507259 2583.98563
267 11.032929 2595.018694
268 10.776483 2605.79531
269 12.039687 2617.835136
270 11.005409 2628.840686
271 8.984989 2637.825816
272 7.84162 2645.66757
273 13.084251 2658.751961
274 11.091201 2669.843298
275 10.092605 2679.936041
276 19.838483 2699.774666
277 9.607321 2709.382126
278 9.325008 2718.707279
279 10.402675 2729.110098
280 9.025076 2738.135307
281 10.612406 2748.747853
282 13.068416 2761.816412
283 10.858465 2772.675024
284 11.168737 2783.843898
285 7.870099 2791.714138
286 6.528311 2798.242585
287 12.284908 2810.52763
288 8.922809 2819.450572
289 8.477611 2827.928323
290 9.59119 2837.519647
291 11.086142 2848.605919
292 10.209012 2858.815072
293 12.961116 2871.77633
294 11.858476 2883.634947
295 9.589783 2893.224867
296 10.985615 2904.210616
297 9.996955 2914.207709
298 11.398586 2925.606432
299 8.489455 2934.09603
300 8.840384 2942.936552
301 11.477575 2954.414257
302 12.849092 2967.263482
303 10.639153 2977.902769
304 9.569961 2987.472866
305 11.260895 2998.733895
306 10.094608 3008.828637
307 12.916029 3021.744802
308 8.987381 3030.732314
309 11.48214 3042.214585
310 11.216729 3053.43145
311 10.80061 3064.232197
312 8.628757 3072.861085
313 11.896158 3084.757378
314 9.374606 3094.132116
315 8.41324 3102.545492
316 11.571492 3114.117114
317 9.847413 3123.964653
318 9.714195 3133.67899
319 11.510841 3145.189966
320 7.759843 3152.949942
321 12.157656 3165.107733
322 8.991022 3174.098898
323 9.373277 3183.472329
324 8.583599 3192.056063
325 8.869159 3200.925357
326 11.805813 3212.731302
327 11.444726 3224.176166
328 13.391039 3237.567342
329 12.633497 3250.200985
330 9.110145 3259.311263
331 8.473244 3267.784642
332 11.686875 3279.471654
333 11.653391 3291.12519
334 8.676958 3299.802278
335 11.697802 3311.500212
336 9.013744 3320.514089
337 11.622468 3332.136695
338 11.203401 3343.340233
339 7.746138 3351.086507
340 8.96606 3360.052699
341 7.645072 3367.697913
342 11.587415 3379.285468
343 7.797669 3387.083272
344 8.832604 3395.916014
345 8.615791 3404.53194
346 12.214319 3416.746392
347 11.210424 3427.956956
348 11.297318 3439.254414
349 11.550826 3450.805379
350 7.70523 3458.510742
351 11.559143 3470.070022
352 11.299939 3481.3701
353 8.576245 3489.946482
354 7.682568 3497.629181
355 11.988416 3509.617734
356 9.07796 3518.695829
357 10.229477 3528.925445
358 11.810236 3540.735815
359 11.829354 3552.565306
360 11.339854 3563.905301
361 11.965851 3575.871285
362 8.617938 3584.489359
363 11.195281 3595.68478
