[runlim] version:		1.7
[runlim] time limit:		3600 seconds
[runlim] real time limit:	311040000 seconds
[runlim] space limit:		80000 MB
[runlim] argv[0]:		python3.6
[runlim] argv[1]:		./netsolver-gurobi-mod.py
[runlim] argv[2]:		../secondnet/final_pns_json/final.BCube_n12_k2_bw10_cpu16.pn.instance_list_15vm_rnd.txt.pn.json
[runlim] argv[3]:		../../../instances/fattree-bcube/instance_list_15vm_rnd.txt
[runlim] argv[4]:		False
[runlim] argv[5]:		False
[runlim] argv[6]:		timelogs/results.BCube_n12_k2_bw10_cpu16.pn.instance_list_15vm_rnd.txt.log
[runlim] start:			Mon Sep 30 07:11:14 2019
[runlim] main pid:		17358
Academic license - for non-commercial use only
[runlim] sample:		10.0 seconds, 405.3 MB
[runlim] sample:		20.0 seconds, 612.3 MB
[runlim] sample:		30.0 seconds, 521.1 MB
[runlim] sample:		40.0 seconds, 534.0 MB
[runlim] sample:		50.0 seconds, 548.3 MB
[runlim] sample:		60.0 seconds, 525.0 MB
[runlim] sample:		70.0 seconds, 543.2 MB
[runlim] sample:		80.0 seconds, 545.3 MB
[runlim] sample:		90.0 seconds, 545.3 MB
[runlim] sample:		100.0 seconds, 580.8 MB
[runlim] sample:		110.0 seconds, 599.3 MB
[runlim] sample:		120.0 seconds, 645.5 MB
[runlim] sample:		130.0 seconds, 660.3 MB
[runlim] sample:		140.0 seconds, 675.1 MB
[runlim] sample:		150.0 seconds, 675.1 MB
[runlim] sample:		160.0 seconds, 628.7 MB
[runlim] sample:		170.0 seconds, 636.2 MB
[runlim] sample:		180.0 seconds, 575.6 MB
[runlim] sample:		190.0 seconds, 564.8 MB
[runlim] sample:		200.0 seconds, 573.6 MB
[runlim] sample:		210.0 seconds, 611.0 MB
[runlim] sample:		220.0 seconds, 619.5 MB
[runlim] sample:		230.0 seconds, 646.6 MB
[runlim] sample:		240.0 seconds, 677.9 MB
[runlim] sample:		250.0 seconds, 640.9 MB
[runlim] sample:		260.0 seconds, 632.0 MB
[runlim] sample:		270.0 seconds, 593.9 MB
[runlim] sample:		280.0 seconds, 593.9 MB
[runlim] sample:		290.0 seconds, 582.6 MB
[runlim] sample:		300.0 seconds, 644.6 MB
[runlim] sample:		310.0 seconds, 590.8 MB
[runlim] sample:		320.0 seconds, 567.8 MB
[runlim] sample:		330.0 seconds, 577.0 MB
[runlim] sample:		340.0 seconds, 546.9 MB
[runlim] sample:		350.0 seconds, 557.1 MB
[runlim] sample:		360.0 seconds, 558.8 MB
[runlim] sample:		370.0 seconds, 587.8 MB
[runlim] sample:		380.0 seconds, 636.1 MB
[runlim] sample:		390.0 seconds, 637.4 MB
[runlim] sample:		400.0 seconds, 632.6 MB
[runlim] sample:		410.0 seconds, 678.1 MB
[runlim] sample:		420.0 seconds, 683.5 MB
[runlim] sample:		430.0 seconds, 687.8 MB
[runlim] sample:		440.0 seconds, 658.3 MB
[runlim] sample:		450.0 seconds, 708.3 MB
[runlim] sample:		460.0 seconds, 599.0 MB
[runlim] sample:		470.0 seconds, 676.7 MB
[runlim] sample:		480.0 seconds, 649.0 MB
[runlim] sample:		490.0 seconds, 663.8 MB
[runlim] sample:		500.0 seconds, 672.4 MB
[runlim] sample:		510.0 seconds, 672.4 MB
[runlim] sample:		520.0 seconds, 661.7 MB
[runlim] sample:		530.0 seconds, 661.3 MB
[runlim] sample:		540.0 seconds, 664.5 MB
[runlim] sample:		550.0 seconds, 664.5 MB
[runlim] sample:		560.0 seconds, 653.5 MB
[runlim] sample:		570.0 seconds, 665.6 MB
[runlim] sample:		580.0 seconds, 703.9 MB
[runlim] sample:		590.0 seconds, 703.9 MB
[runlim] sample:		600.0 seconds, 661.8 MB
[runlim] sample:		610.0 seconds, 661.8 MB
[runlim] sample:		620.0 seconds, 670.4 MB
[runlim] sample:		630.0 seconds, 656.4 MB
[runlim] sample:		640.0 seconds, 673.0 MB
[runlim] sample:		650.0 seconds, 671.3 MB
[runlim] sample:		660.0 seconds, 675.6 MB
[runlim] sample:		670.0 seconds, 690.5 MB
[runlim] sample:		680.0 seconds, 692.4 MB
[runlim] sample:		690.0 seconds, 675.7 MB
[runlim] sample:		700.0 seconds, 682.8 MB
[runlim] sample:		710.0 seconds, 652.7 MB
[runlim] sample:		720.0 seconds, 652.7 MB
[runlim] sample:		730.0 seconds, 650.8 MB
[runlim] sample:		740.0 seconds, 644.8 MB
[runlim] sample:		750.0 seconds, 662.4 MB
[runlim] sample:		760.0 seconds, 706.0 MB
[runlim] sample:		770.0 seconds, 752.3 MB
[runlim] sample:		780.0 seconds, 762.0 MB
[runlim] sample:		790.0 seconds, 766.9 MB
[runlim] sample:		800.0 seconds, 759.8 MB
[runlim] sample:		810.0 seconds, 744.9 MB
[runlim] sample:		820.0 seconds, 709.0 MB
[runlim] sample:		830.0 seconds, 729.1 MB
[runlim] sample:		840.0 seconds, 725.1 MB
[runlim] sample:		850.0 seconds, 725.1 MB
[runlim] sample:		860.0 seconds, 652.1 MB
[runlim] sample:		870.0 seconds, 652.0 MB
[runlim] sample:		880.0 seconds, 664.8 MB
[runlim] sample:		890.0 seconds, 664.2 MB
[runlim] sample:		900.0 seconds, 683.7 MB
[runlim] sample:		910.0 seconds, 662.3 MB
[runlim] sample:		920.0 seconds, 683.7 MB
[runlim] sample:		930.0 seconds, 674.6 MB
[runlim] sample:		940.0 seconds, 674.6 MB
[runlim] sample:		950.0 seconds, 665.8 MB
[runlim] sample:		960.0 seconds, 663.8 MB
[runlim] sample:		970.0 seconds, 667.6 MB
[runlim] sample:		980.0 seconds, 650.5 MB
[runlim] sample:		990.0 seconds, 664.2 MB
[runlim] sample:		1000.0 seconds, 704.7 MB
[runlim] sample:		1010.0 seconds, 704.7 MB
[runlim] sample:		1020.0 seconds, 686.1 MB
[runlim] sample:		1030.0 seconds, 714.5 MB
[runlim] sample:		1040.0 seconds, 719.8 MB
[runlim] sample:		1050.0 seconds, 718.5 MB
[runlim] sample:		1060.0 seconds, 701.9 MB
[runlim] sample:		1070.0 seconds, 701.9 MB
[runlim] sample:		1080.0 seconds, 731.9 MB
[runlim] sample:		1090.0 seconds, 731.9 MB
[runlim] sample:		1100.0 seconds, 687.7 MB
[runlim] sample:		1110.0 seconds, 687.7 MB
[runlim] sample:		1120.0 seconds, 616.4 MB
[runlim] sample:		1130.0 seconds, 621.8 MB
[runlim] sample:		1140.0 seconds, 624.4 MB
[runlim] sample:		1150.0 seconds, 679.9 MB
[runlim] sample:		1160.0 seconds, 605.1 MB
[runlim] sample:		1170.0 seconds, 673.4 MB
[runlim] sample:		1180.0 seconds, 625.5 MB
[runlim] sample:		1190.0 seconds, 594.5 MB
[runlim] sample:		1200.0 seconds, 612.5 MB
[runlim] sample:		1210.0 seconds, 607.6 MB
[runlim] sample:		1220.0 seconds, 637.4 MB
[runlim] sample:		1230.0 seconds, 610.7 MB
[runlim] sample:		1240.0 seconds, 608.9 MB
[runlim] sample:		1250.0 seconds, 551.4 MB
[runlim] sample:		1260.0 seconds, 557.3 MB
[runlim] sample:		1270.0 seconds, 585.0 MB
[runlim] sample:		1280.0 seconds, 613.6 MB
[runlim] sample:		1290.0 seconds, 629.4 MB
[runlim] sample:		1300.0 seconds, 665.4 MB
[runlim] sample:		1310.0 seconds, 577.8 MB
[runlim] sample:		1320.0 seconds, 566.5 MB
[runlim] sample:		1330.0 seconds, 578.8 MB
[runlim] sample:		1340.0 seconds, 565.5 MB
[runlim] sample:		1350.0 seconds, 592.8 MB
[runlim] sample:		1360.0 seconds, 639.0 MB
[runlim] sample:		1370.0 seconds, 648.4 MB
[runlim] sample:		1380.0 seconds, 669.4 MB
[runlim] sample:		1390.0 seconds, 669.4 MB
[runlim] sample:		1400.0 seconds, 616.5 MB
[runlim] sample:		1410.0 seconds, 616.5 MB
[runlim] sample:		1420.0 seconds, 587.4 MB
[runlim] sample:		1430.0 seconds, 592.2 MB
[runlim] sample:		1440.0 seconds, 590.9 MB
[runlim] sample:		1450.0 seconds, 589.4 MB
[runlim] sample:		1460.0 seconds, 616.9 MB
[runlim] sample:		1470.0 seconds, 663.2 MB
[runlim] sample:		1480.0 seconds, 685.3 MB
[runlim] sample:		1490.0 seconds, 685.3 MB
[runlim] sample:		1500.0 seconds, 663.7 MB
[runlim] sample:		1510.0 seconds, 663.7 MB
[runlim] sample:		1520.0 seconds, 657.3 MB
[runlim] sample:		1530.0 seconds, 657.3 MB
[runlim] sample:		1540.0 seconds, 690.0 MB
[runlim] sample:		1550.0 seconds, 690.0 MB
[runlim] sample:		1560.0 seconds, 650.5 MB
[runlim] sample:		1570.0 seconds, 696.3 MB
[runlim] sample:		1580.0 seconds, 628.5 MB
[runlim] sample:		1590.0 seconds, 687.0 MB
[runlim] sample:		1600.0 seconds, 665.6 MB
[runlim] sample:		1610.0 seconds, 685.6 MB
[runlim] sample:		1620.0 seconds, 703.3 MB
[runlim] sample:		1630.0 seconds, 703.3 MB
[runlim] sample:		1640.0 seconds, 691.9 MB
[runlim] sample:		1650.0 seconds, 691.9 MB
[runlim] sample:		1660.0 seconds, 659.3 MB
[runlim] sample:		1670.0 seconds, 686.1 MB
[runlim] sample:		1680.0 seconds, 899.1 MB
[runlim] sample:		1690.0 seconds, 922.9 MB
[runlim] sample:		1700.0 seconds, 870.6 MB
[runlim] sample:		1710.0 seconds, 683.1 MB
[runlim] sample:		1720.0 seconds, 684.9 MB
[runlim] sample:		1730.0 seconds, 666.4 MB
[runlim] sample:		1740.0 seconds, 652.0 MB
[runlim] sample:		1750.0 seconds, 701.0 MB
[runlim] sample:		1760.0 seconds, 701.0 MB
[runlim] sample:		1770.0 seconds, 780.3 MB
[runlim] sample:		1780.0 seconds, 824.2 MB
[runlim] sample:		1790.0 seconds, 824.4 MB
[runlim] sample:		1800.0 seconds, 824.4 MB
[runlim] sample:		1810.0 seconds, 577.4 MB
[runlim] sample:		1820.0 seconds, 609.1 MB
[runlim] sample:		1830.0 seconds, 771.2 MB
[runlim] sample:		1840.0 seconds, 771.5 MB
[runlim] sample:		1850.0 seconds, 795.3 MB
[runlim] sample:		1860.0 seconds, 795.3 MB
[runlim] sample:		1870.0 seconds, 666.9 MB
[runlim] sample:		1880.0 seconds, 666.6 MB
[runlim] sample:		1890.0 seconds, 598.6 MB
[runlim] sample:		1900.0 seconds, 640.5 MB
[runlim] sample:		1910.0 seconds, 873.7 MB
[runlim] sample:		1920.0 seconds, 873.7 MB
[runlim] sample:		1930.0 seconds, 748.7 MB
[runlim] sample:		1940.0 seconds, 766.2 MB
[runlim] sample:		1950.0 seconds, 788.5 MB
[runlim] sample:		1960.0 seconds, 798.3 MB
[runlim] sample:		1970.0 seconds, 798.3 MB
[runlim] sample:		1980.0 seconds, 798.3 MB
[runlim] sample:		1990.0 seconds, 651.7 MB
[runlim] sample:		2000.0 seconds, 651.7 MB
[runlim] sample:		2010.0 seconds, 777.7 MB
[runlim] sample:		2020.0 seconds, 777.7 MB
[runlim] sample:		2030.0 seconds, 622.5 MB
[runlim] sample:		2040.0 seconds, 616.3 MB
[runlim] sample:		2049.9 seconds, 611.2 MB
[runlim] sample:		2059.9 seconds, 605.0 MB
[runlim] sample:		2069.9 seconds, 602.0 MB
[runlim] sample:		2079.9 seconds, 649.9 MB
[runlim] sample:		2089.9 seconds, 694.5 MB
[runlim] sample:		2099.9 seconds, 694.5 MB
[runlim] sample:		2109.9 seconds, 661.9 MB
[runlim] sample:		2119.9 seconds, 680.9 MB
[runlim] sample:		2129.9 seconds, 680.9 MB
[runlim] sample:		2139.9 seconds, 675.3 MB
[runlim] sample:		2149.9 seconds, 683.5 MB
[runlim] sample:		2159.9 seconds, 772.4 MB
[runlim] sample:		2169.9 seconds, 773.2 MB
[runlim] sample:		2179.9 seconds, 787.0 MB
[runlim] sample:		2189.9 seconds, 787.2 MB
[runlim] sample:		2199.9 seconds, 787.2 MB
[runlim] sample:		2209.9 seconds, 787.2 MB
[runlim] sample:		2219.9 seconds, 678.1 MB
[runlim] sample:		2229.9 seconds, 678.1 MB
[runlim] sample:		2239.9 seconds, 829.5 MB
[runlim] sample:		2249.9 seconds, 829.8 MB
[runlim] sample:		2259.9 seconds, 778.1 MB
[runlim] sample:		2269.9 seconds, 818.2 MB
[runlim] sample:		2279.9 seconds, 727.2 MB
[runlim] sample:		2289.9 seconds, 714.0 MB
[runlim] sample:		2299.9 seconds, 647.3 MB
[runlim] sample:		2309.9 seconds, 633.6 MB
[runlim] sample:		2319.9 seconds, 741.3 MB
[runlim] sample:		2329.9 seconds, 673.3 MB
[runlim] sample:		2339.9 seconds, 760.6 MB
[runlim] sample:		2349.9 seconds, 660.9 MB
[runlim] sample:		2359.9 seconds, 647.6 MB
[runlim] sample:		2369.9 seconds, 752.7 MB
[runlim] sample:		2379.9 seconds, 764.0 MB
[runlim] sample:		2389.9 seconds, 764.0 MB
[runlim] sample:		2399.9 seconds, 764.0 MB
[runlim] sample:		2409.9 seconds, 636.4 MB
[runlim] sample:		2419.9 seconds, 620.2 MB
[runlim] sample:		2429.9 seconds, 719.0 MB
[runlim] sample:		2439.9 seconds, 732.9 MB
[runlim] sample:		2449.9 seconds, 732.9 MB
[runlim] sample:		2459.9 seconds, 732.9 MB
[runlim] sample:		2469.9 seconds, 687.9 MB
[runlim] sample:		2479.9 seconds, 690.0 MB
[runlim] sample:		2489.9 seconds, 787.0 MB
[runlim] sample:		2499.9 seconds, 803.5 MB
[runlim] sample:		2509.9 seconds, 803.5 MB
[runlim] sample:		2519.9 seconds, 717.2 MB
[runlim] sample:		2529.9 seconds, 732.3 MB
[runlim] sample:		2539.9 seconds, 757.0 MB
[runlim] sample:		2549.9 seconds, 705.2 MB
[runlim] sample:		2559.9 seconds, 705.2 MB
[runlim] sample:		2569.9 seconds, 739.5 MB
[runlim] sample:		2579.9 seconds, 760.4 MB
[runlim] sample:		2589.9 seconds, 759.8 MB
[runlim] sample:		2599.9 seconds, 752.8 MB
[runlim] sample:		2609.9 seconds, 660.7 MB
[runlim] sample:		2619.9 seconds, 676.9 MB
[runlim] sample:		2629.9 seconds, 750.4 MB
[runlim] sample:		2639.9 seconds, 750.7 MB
[runlim] sample:		2649.9 seconds, 716.2 MB
[runlim] sample:		2659.9 seconds, 716.2 MB
[runlim] sample:		2669.9 seconds, 719.6 MB
[runlim] sample:		2679.9 seconds, 719.6 MB
[runlim] sample:		2689.9 seconds, 745.7 MB
[runlim] sample:		2699.9 seconds, 760.1 MB
[runlim] sample:		2709.9 seconds, 760.1 MB
[runlim] sample:		2719.9 seconds, 667.4 MB
[runlim] sample:		2729.9 seconds, 667.4 MB
[runlim] sample:		2739.9 seconds, 710.7 MB
[runlim] sample:		2749.9 seconds, 667.7 MB
[runlim] sample:		2759.9 seconds, 753.9 MB
[runlim] sample:		2769.9 seconds, 768.9 MB
[runlim] sample:		2779.9 seconds, 690.6 MB
[runlim] sample:		2789.9 seconds, 704.8 MB
[runlim] sample:		2799.9 seconds, 640.4 MB
[runlim] sample:		2809.9 seconds, 631.7 MB
[runlim] sample:		2819.9 seconds, 661.4 MB
[runlim] sample:		2829.9 seconds, 660.7 MB
[runlim] sample:		2839.9 seconds, 684.7 MB
[runlim] sample:		2849.9 seconds, 687.8 MB
[runlim] sample:		2859.9 seconds, 704.8 MB
[runlim] sample:		2869.9 seconds, 704.8 MB
[runlim] sample:		2879.9 seconds, 720.7 MB
[runlim] sample:		2889.9 seconds, 729.5 MB
[runlim] sample:		2899.9 seconds, 698.8 MB
[runlim] sample:		2909.9 seconds, 756.9 MB
[runlim] sample:		2919.9 seconds, 756.9 MB
[runlim] sample:		2929.9 seconds, 698.5 MB
[runlim] sample:		2939.9 seconds, 639.8 MB
[runlim] sample:		2949.9 seconds, 718.3 MB
[runlim] sample:		2959.9 seconds, 781.6 MB
[runlim] sample:		2969.9 seconds, 799.1 MB
[runlim] sample:		2979.9 seconds, 799.4 MB
[runlim] sample:		2989.9 seconds, 799.6 MB
[runlim] sample:		2999.9 seconds, 799.6 MB
[runlim] sample:		3009.9 seconds, 813.8 MB
[runlim] sample:		3019.9 seconds, 831.6 MB
[runlim] sample:		3029.9 seconds, 831.8 MB
[runlim] sample:		3039.9 seconds, 831.8 MB
[runlim] sample:		3049.9 seconds, 631.2 MB
[runlim] sample:		3059.9 seconds, 667.8 MB
[runlim] sample:		3069.9 seconds, 815.2 MB
[runlim] sample:		3079.9 seconds, 834.7 MB
[runlim] sample:		3089.9 seconds, 835.0 MB
[runlim] sample:		3099.9 seconds, 763.0 MB
[runlim] sample:		3109.9 seconds, 763.0 MB
[runlim] sample:		3119.9 seconds, 810.8 MB
[runlim] sample:		3129.9 seconds, 752.9 MB
[runlim] sample:		3139.9 seconds, 754.4 MB
[runlim] sample:		3149.9 seconds, 730.9 MB
[runlim] sample:		3159.9 seconds, 730.7 MB
[runlim] sample:		3169.9 seconds, 658.2 MB
[runlim] sample:		3179.9 seconds, 682.7 MB
[runlim] sample:		3189.9 seconds, 729.4 MB
[runlim] sample:		3199.9 seconds, 687.1 MB
[runlim] sample:		3209.9 seconds, 692.6 MB
[runlim] sample:		3219.9 seconds, 795.6 MB
[runlim] sample:		3229.9 seconds, 814.6 MB
[runlim] sample:		3239.9 seconds, 814.6 MB
[runlim] sample:		3249.9 seconds, 725.8 MB
[runlim] sample:		3259.9 seconds, 811.8 MB
[runlim] sample:		3269.9 seconds, 764.5 MB
[runlim] sample:		3279.9 seconds, 724.7 MB
[runlim] sample:		3289.9 seconds, 724.7 MB
[runlim] sample:		3299.9 seconds, 880.7 MB
[runlim] sample:		3309.9 seconds, 900.8 MB
[runlim] sample:		3319.9 seconds, 901.8 MB
[runlim] sample:		3329.9 seconds, 902.1 MB
[runlim] sample:		3339.9 seconds, 767.2 MB
[runlim] sample:		3349.9 seconds, 794.6 MB
[runlim] sample:		3359.9 seconds, 836.5 MB
[runlim] sample:		3369.9 seconds, 906.7 MB
[runlim] sample:		3379.9 seconds, 925.6 MB
[runlim] sample:		3389.9 seconds, 925.9 MB
[runlim] sample:		3399.9 seconds, 925.9 MB
[runlim] sample:		3409.9 seconds, 781.2 MB
[runlim] sample:		3419.9 seconds, 766.9 MB
[runlim] sample:		3429.9 seconds, 723.9 MB
[runlim] sample:		3439.9 seconds, 631.5 MB
[runlim] sample:		3449.9 seconds, 744.8 MB
[runlim] sample:		3459.9 seconds, 699.5 MB
[runlim] sample:		3469.9 seconds, 700.5 MB
[runlim] sample:		3479.9 seconds, 581.6 MB
[runlim] sample:		3489.9 seconds, 581.6 MB
[runlim] sample:		3499.9 seconds, 648.1 MB
[runlim] sample:		3509.9 seconds, 648.0 MB
[runlim] sample:		3519.9 seconds, 886.1 MB
[runlim] sample:		3529.9 seconds, 886.4 MB
[runlim] sample:		3539.9 seconds, 749.9 MB
[runlim] sample:		3549.9 seconds, 758.4 MB
[runlim] sample:		3559.9 seconds, 796.5 MB
[runlim] sample:		3569.9 seconds, 810.4 MB
[runlim] sample:		3579.9 seconds, 810.4 MB
[runlim] sample:		3589.9 seconds, 768.1 MB
[runlim] sample:		3599.9 seconds, 815.1 MB
[runlim] end:			Mon Sep 30 08:11:14 2019
[runlim] status:		out of time
[runlim] result:		1
[runlim] children:		0
[runlim] real:			3600.30 seconds
[runlim] time:			3600.01 seconds
[runlim] space:			925.9 MB
[runlim] samples:		36001
