[runlim] version:		1.7
[runlim] time limit:		3600 seconds
[runlim] real time limit:	311040000 seconds
[runlim] space limit:		80000 MB
[runlim] argv[0]:		python3.6
[runlim] argv[1]:		./netsolver-gurobi-mod.py
[runlim] argv[2]:		../secondnet/final_pns_json/final.BCube_n8_k2_bw10_cpu16.pn.instance_list_9vm_rnd.txt.pn.json
[runlim] argv[3]:		../../../instances/fattree-bcube/instance_list_9vm_rnd.txt
[runlim] argv[4]:		False
[runlim] argv[5]:		False
[runlim] argv[6]:		timelogs/results.BCube_n8_k2_bw10_cpu16.pn.instance_list_9vm_rnd.txt.log
[runlim] start:			Mon Sep 30 01:38:20 2019
[runlim] main pid:		5171
Academic license - for non-commercial use only
[runlim] sample:		10.0 seconds, 89.7 MB
[runlim] sample:		20.0 seconds, 99.9 MB
[runlim] sample:		30.0 seconds, 108.1 MB
[runlim] sample:		40.0 seconds, 101.8 MB
[runlim] sample:		50.0 seconds, 106.4 MB
[runlim] sample:		60.0 seconds, 103.5 MB
[runlim] sample:		70.0 seconds, 106.1 MB
[runlim] sample:		80.0 seconds, 104.9 MB
[runlim] sample:		90.0 seconds, 105.3 MB
[runlim] sample:		100.0 seconds, 103.8 MB
[runlim] sample:		110.0 seconds, 93.8 MB
[runlim] sample:		120.0 seconds, 107.5 MB
[runlim] sample:		130.0 seconds, 111.0 MB
[runlim] sample:		140.0 seconds, 105.9 MB
[runlim] sample:		150.0 seconds, 103.7 MB
[runlim] sample:		160.0 seconds, 105.6 MB
[runlim] sample:		170.0 seconds, 104.9 MB
[runlim] sample:		180.0 seconds, 103.4 MB
[runlim] sample:		190.0 seconds, 106.8 MB
[runlim] sample:		200.0 seconds, 107.4 MB
[runlim] sample:		210.0 seconds, 108.1 MB
[runlim] sample:		220.0 seconds, 103.9 MB
[runlim] sample:		230.0 seconds, 107.1 MB
[runlim] sample:		240.0 seconds, 106.4 MB
[runlim] sample:		250.0 seconds, 114.8 MB
[runlim] sample:		260.0 seconds, 104.6 MB
[runlim] sample:		270.0 seconds, 107.6 MB
[runlim] sample:		280.0 seconds, 108.0 MB
[runlim] sample:		290.0 seconds, 111.9 MB
[runlim] sample:		300.0 seconds, 119.6 MB
[runlim] sample:		310.0 seconds, 115.4 MB
[runlim] sample:		320.0 seconds, 109.7 MB
[runlim] sample:		330.0 seconds, 110.2 MB
[runlim] sample:		340.0 seconds, 122.4 MB
[runlim] sample:		350.0 seconds, 106.3 MB
[runlim] sample:		360.0 seconds, 109.2 MB
[runlim] sample:		370.0 seconds, 109.5 MB
[runlim] sample:		380.0 seconds, 119.9 MB
[runlim] sample:		390.0 seconds, 107.8 MB
[runlim] sample:		400.0 seconds, 111.0 MB
[runlim] sample:		410.0 seconds, 116.6 MB
[runlim] sample:		420.0 seconds, 111.8 MB
[runlim] sample:		430.0 seconds, 111.3 MB
[runlim] sample:		440.0 seconds, 111.0 MB
[runlim] sample:		450.0 seconds, 123.2 MB
[runlim] sample:		460.0 seconds, 116.9 MB
[runlim] sample:		470.0 seconds, 106.1 MB
[runlim] sample:		480.0 seconds, 121.1 MB
[runlim] sample:		490.0 seconds, 129.0 MB
[runlim] sample:		500.0 seconds, 115.4 MB
[runlim] sample:		510.0 seconds, 124.8 MB
[runlim] sample:		520.0 seconds, 109.6 MB
[runlim] sample:		530.0 seconds, 113.2 MB
[runlim] sample:		540.0 seconds, 122.0 MB
[runlim] sample:		550.0 seconds, 115.0 MB
[runlim] sample:		560.0 seconds, 108.3 MB
[runlim] sample:		570.0 seconds, 112.6 MB
[runlim] sample:		580.0 seconds, 125.4 MB
[runlim] sample:		590.0 seconds, 102.8 MB
[runlim] sample:		600.0 seconds, 111.6 MB
[runlim] sample:		610.0 seconds, 111.9 MB
[runlim] sample:		620.0 seconds, 120.1 MB
[runlim] sample:		630.0 seconds, 112.6 MB
[runlim] sample:		640.0 seconds, 109.7 MB
[runlim] sample:		650.0 seconds, 116.8 MB
[runlim] sample:		660.0 seconds, 120.1 MB
[runlim] sample:		670.0 seconds, 120.3 MB
[runlim] sample:		680.0 seconds, 108.8 MB
[runlim] sample:		690.0 seconds, 114.3 MB
[runlim] sample:		700.0 seconds, 112.2 MB
[runlim] sample:		710.0 seconds, 111.9 MB
[runlim] sample:		720.0 seconds, 111.3 MB
[runlim] sample:		730.0 seconds, 107.8 MB
[runlim] sample:		740.0 seconds, 108.5 MB
[runlim] sample:		750.0 seconds, 118.2 MB
[runlim] sample:		760.0 seconds, 111.7 MB
[runlim] sample:		770.0 seconds, 102.8 MB
[runlim] sample:		780.0 seconds, 109.5 MB
[runlim] sample:		790.0 seconds, 112.2 MB
[runlim] sample:		800.0 seconds, 112.9 MB
[runlim] sample:		810.0 seconds, 112.8 MB
[runlim] sample:		820.0 seconds, 110.4 MB
[runlim] sample:		830.0 seconds, 110.7 MB
[runlim] sample:		840.0 seconds, 110.7 MB
[runlim] sample:		850.0 seconds, 107.5 MB
[runlim] sample:		860.0 seconds, 107.6 MB
[runlim] sample:		870.0 seconds, 112.7 MB
[runlim] sample:		880.0 seconds, 100.9 MB
[runlim] sample:		890.0 seconds, 111.4 MB
[runlim] sample:		900.0 seconds, 114.7 MB
done 371 2.220295 909.018112
909.018112
371
Median time: 2.46624 s
[runlim] end:			Mon Sep 30 01:53:29 2019
[runlim] status:		ok
[runlim] result:		0
[runlim] children:		0
[runlim] real:			909.57 seconds
[runlim] time:			909.17 seconds
[runlim] space:			143.4 MB
[runlim] samples:		9092
