# instance ../secondnet/final_pns_json/final.BCube_n16_k2_bw10_cpu16.pn.instance_list_9vm_rnd.txt.pn.json
# Settings: PN=../secondnet/final_pns_json/final.BCube_n16_k2_bw10_cpu16.pn.instance_list_9vm_rnd.txt.pn.json, VN=../../../instances/fattree-bcube/instance_list_9vm_rnd.txt, multi-thread=False
init 0.207956 0.207956
1 19.353012 19.560968
2 14.841627 34.402727
3 20.445278 54.848143
4 13.582822 68.431102
5 19.893423 88.324665
6 13.696872 102.021673
7 14.635216 116.657017
8 20.461877 137.119034
9 19.039018 156.158177
10 15.289667 171.447989
11 20.484293 191.93242
12 13.868606 205.801168
13 20.35522 226.156524
14 24.387884 250.544548
15 16.359632 266.904315
16 25.459779 292.364234
17 22.158985 314.52335
18 20.182866 334.706353
19 21.329024 356.035519
20 22.047783 378.083442
21 21.669321 399.752901
22 21.587151 421.340193
23 22.20491 443.545242
24 25.427692 468.973073
25 16.80016 485.773367
26 21.842544 507.616054
27 20.017282 527.633478
28 21.877248 549.51087
29 21.637343 571.148351
30 21.791847 592.940334
31 18.248888 611.189362
32 13.46778 624.657281
33 16.09942 640.756837
34 15.795682 656.552652
35 16.13281 672.685597
36 20.000833 692.68656
37 16.086478 708.773177
38 21.738695 730.512006
39 21.68682 752.198968
40 21.690098 773.889202
41 20.386645 794.275995
42 20.201775 814.477902
43 13.878459 828.356506
44 19.458905 847.815543
45 20.280817 868.096501
46 17.427565 885.52421
47 20.734077 906.258423
48 15.862951 922.121533
49 24.356734 946.478392
50 21.212936 967.691487
51 15.788191 983.479819
52 20.516873 1003.996831
53 14.253994 1018.250963
54 20.505202 1038.756309
55 14.033331 1052.789775
56 21.446267 1074.236191
57 20.078696 1094.315024
58 22.025735 1116.340904
59 14.395512 1130.736556
60 19.579702 1150.316402
61 21.697542 1172.01408
62 14.516314 1186.530534
63 15.699459 1202.230133
64 14.037857 1216.268129
65 21.406286 1237.674558
66 20.298148 1257.972843
67 21.772917 1279.745906
68 21.93581 1301.681862
69 16.417754 1318.099753
70 21.788758 1339.88865
71 20.278091 1360.166887
72 21.407688 1381.574716
73 19.868382 1401.443242
74 41.886345 1443.329734
75 18.520854 1461.850726
76 18.459327 1480.31019
77 15.215886 1495.52622
78 17.987827 1513.514187
79 15.944527 1529.458851
80 19.526712 1548.985702
81 22.533513 1571.519354
82 22.408042 1593.927531
83 16.851425 1610.779098
84 24.017803 1634.797041
85 21.466908 1656.26409
86 20.243068 1676.507297
87 13.918933 1690.42637
88 15.334918 1705.761449
89 19.041263 1724.80285
90 20.015631 1744.818623
91 22.679475 1767.498233
92 16.190572 1783.688942
93 19.542687 1803.231777
94 22.211536 1825.443451
95 16.371079 1841.81467
96 18.130153 1859.944961
97 20.495512 1880.440609
98 13.494308 1893.93506
99 18.913276 1912.84847
100 20.831141 1933.679752
101 14.27447 1947.954361
102 15.448806 1963.403305
103 20.490578 1983.894019
104 19.453814 2003.347986
105 14.189117 2017.537243
106 21.666918 2039.204297
107 13.783644 2052.988072
108 20.316798 2073.305007
109 21.306745 2094.611888
110 54.24608 2148.8581
111 20.999003 2169.857246
112 20.208787 2190.066174
113 47.514399 2237.580717
114 14.141765 2251.72263
115 19.045958 2270.768719
116 72.416947 2343.185806
117 17.38133 2360.567279
118 39.654667 2400.222079
119 45.805882 2446.028097
120 14.863724 2460.891966
121 18.805976 2479.698079
122 19.563557 2499.261778
123 15.786098 2515.048016
124 20.575637 2535.623796
125 16.940736 2552.564666
126 14.97533 2567.540138
127 18.091396 2585.631673
128 41.110522 2626.742343
129 20.134073 2646.876564
130 17.191152 2664.06786
131 16.883962 2680.951966
132 22.9502 2703.902305
133 83.427507 2787.329959
134 19.992062 2807.32217
135 23.801074 2831.123376
136 26.401229 2857.52474
137 78.376069 2935.900949
138 26.56203 2962.463127
139 17.838424 2980.301685
140 24.167562 3004.469392
141 40.83476 3045.304299
142 41.084788 3086.389236
143 23.916886 3110.306269
144 41.950864 3152.25727
145 19.32612 3171.583533
146 19.776163 3191.359836
147 30.800477 3222.160458
148 25.683262 3247.843862
149 43.950217 3291.794223
150 23.947035 3315.741412
151 23.871846 3339.613406
152 23.260859 3362.874408
153 27.808094 3390.682668
154 21.184686 3411.867516
155 20.172866 3432.04052
156 23.152755 3455.19342
157 25.323585 3480.517148
158 23.873478 3504.390769
159 42.161702 3546.552616
160 42.354862 3588.907626
