[runlim] version:		1.7
[runlim] time limit:		3600 seconds
[runlim] real time limit:	311040000 seconds
[runlim] space limit:		80000 MB
[runlim] argv[0]:		python3.6
[runlim] argv[1]:		./netsolver-gurobi-mod.py
[runlim] argv[2]:		../secondnet/final_pns_json/final.Fattree_n12_k2_bw10_cpu16.pn.instance_list_9vm_rnd.txt.pn.json
[runlim] argv[3]:		../../../instances/fattree-bcube/instance_list_9vm_rnd.txt
[runlim] argv[4]:		False
[runlim] argv[5]:		False
[runlim] argv[6]:		timelogs/results.Fattree_n12_k2_bw10_cpu16.pn.instance_list_9vm_rnd.txt.log
[runlim] start:			Mon Sep 30 12:21:24 2019
[runlim] main pid:		17507
Academic license - for non-commercial use only
[runlim] sample:		10.0 seconds, 84.0 MB
[runlim] sample:		20.0 seconds, 85.0 MB
[runlim] sample:		30.0 seconds, 97.9 MB
[runlim] sample:		40.0 seconds, 92.2 MB
[runlim] sample:		50.0 seconds, 107.4 MB
[runlim] sample:		60.0 seconds, 105.1 MB
[runlim] sample:		70.0 seconds, 104.4 MB
[runlim] sample:		80.0 seconds, 104.7 MB
[runlim] sample:		90.0 seconds, 104.4 MB
[runlim] sample:		100.0 seconds, 105.1 MB
[runlim] sample:		110.0 seconds, 96.3 MB
[runlim] sample:		120.0 seconds, 103.1 MB
[runlim] sample:		130.0 seconds, 103.1 MB
[runlim] sample:		140.0 seconds, 102.4 MB
[runlim] sample:		150.0 seconds, 102.4 MB
[runlim] sample:		160.0 seconds, 102.2 MB
[runlim] sample:		170.0 seconds, 101.5 MB
[runlim] sample:		180.0 seconds, 95.1 MB
[runlim] sample:		190.0 seconds, 98.4 MB
[runlim] sample:		200.0 seconds, 98.2 MB
[runlim] sample:		210.0 seconds, 98.2 MB
[runlim] sample:		220.0 seconds, 98.7 MB
[runlim] sample:		230.0 seconds, 94.0 MB
[runlim] sample:		240.0 seconds, 98.7 MB
[runlim] sample:		250.0 seconds, 109.0 MB
[runlim] sample:		260.0 seconds, 98.4 MB
[runlim] sample:		270.0 seconds, 108.3 MB
[runlim] sample:		280.0 seconds, 109.6 MB
[runlim] sample:		290.0 seconds, 101.4 MB
[runlim] sample:		300.0 seconds, 109.6 MB
[runlim] sample:		310.0 seconds, 99.8 MB
[runlim] sample:		320.0 seconds, 105.0 MB
[runlim] sample:		330.0 seconds, 104.7 MB
[runlim] sample:		340.0 seconds, 104.7 MB
[runlim] sample:		350.0 seconds, 102.3 MB
[runlim] sample:		360.0 seconds, 101.5 MB
[runlim] sample:		370.0 seconds, 106.4 MB
[runlim] sample:		380.0 seconds, 113.7 MB
[runlim] sample:		390.0 seconds, 113.6 MB
[runlim] sample:		400.0 seconds, 112.7 MB
[runlim] sample:		410.0 seconds, 97.8 MB
[runlim] sample:		420.0 seconds, 102.1 MB
[runlim] sample:		430.0 seconds, 105.7 MB
[runlim] sample:		440.0 seconds, 118.7 MB
[runlim] sample:		450.0 seconds, 95.4 MB
[runlim] sample:		460.0 seconds, 107.8 MB
[runlim] sample:		470.0 seconds, 107.7 MB
[runlim] sample:		480.0 seconds, 112.8 MB
[runlim] sample:		490.0 seconds, 113.5 MB
[runlim] sample:		500.0 seconds, 113.3 MB
[runlim] sample:		510.0 seconds, 112.3 MB
[runlim] sample:		520.0 seconds, 113.8 MB
[runlim] sample:		530.0 seconds, 113.5 MB
[runlim] sample:		540.0 seconds, 113.3 MB
[runlim] sample:		550.0 seconds, 113.3 MB
[runlim] sample:		560.0 seconds, 113.0 MB
[runlim] sample:		570.0 seconds, 113.0 MB
[runlim] sample:		580.0 seconds, 113.0 MB
[runlim] sample:		590.0 seconds, 112.5 MB
[runlim] sample:		600.0 seconds, 112.5 MB
[runlim] sample:		610.0 seconds, 112.3 MB
[runlim] sample:		620.0 seconds, 112.3 MB
[runlim] sample:		630.0 seconds, 111.8 MB
[runlim] sample:		640.0 seconds, 111.8 MB
[runlim] sample:		650.0 seconds, 112.3 MB
[runlim] sample:		660.0 seconds, 112.3 MB
[runlim] sample:		670.0 seconds, 112.3 MB
[runlim] sample:		680.0 seconds, 112.0 MB
[runlim] sample:		690.0 seconds, 112.0 MB
done 329 1.908786 691.587744
691.587744
329
Median time: 2.13361 s
[runlim] end:			Mon Sep 30 12:32:56 2019
[runlim] status:		ok
[runlim] result:		0
[runlim] children:		0
[runlim] real:			692.72 seconds
[runlim] time:			691.68 seconds
[runlim] space:			122.0 MB
[runlim] samples:		6917
