[runlim] version:		1.7
[runlim] time limit:		3600 seconds
[runlim] real time limit:	311040000 seconds
[runlim] space limit:		80000 MB
[runlim] argv[0]:		python3.6
[runlim] argv[1]:		./netsolver-gurobi-mod.py
[runlim] argv[2]:		../secondnet/final_pns_json/final.BCube_n12_k2_bw10_cpu16.pn.instance_list_6vm_rnd.txt.pn.json
[runlim] argv[3]:		../../../instances/fattree-bcube/instance_list_6vm_rnd.txt
[runlim] argv[4]:		False
[runlim] argv[5]:		False
[runlim] argv[6]:		timelogs/results.BCube_n12_k2_bw10_cpu16.pn.instance_list_6vm_rnd.txt.log
[runlim] start:			Mon Sep 30 05:38:42 2019
[runlim] main pid:		17115
Academic license - for non-commercial use only
[runlim] sample:		10.0 seconds, 176.0 MB
[runlim] sample:		20.0 seconds, 215.7 MB
[runlim] sample:		30.0 seconds, 186.0 MB
[runlim] sample:		40.0 seconds, 203.7 MB
[runlim] sample:		50.0 seconds, 213.6 MB
done 7 4.123067 50.664093
50.664093
7
Median time: 7.28372 s
[runlim] end:			Mon Sep 30 05:39:33 2019
[runlim] status:		ok
[runlim] result:		0
[runlim] children:		0
[runlim] real:			51.78 seconds
[runlim] time:			50.90 seconds
[runlim] space:			253.1 MB
[runlim] samples:		509
