[runlim] version:		1.7
[runlim] time limit:		3600 seconds
[runlim] real time limit:	311040000 seconds
[runlim] space limit:		80000 MB
[runlim] argv[0]:		python3.6
[runlim] argv[1]:		./netsolver-gurobi-mod.py
[runlim] argv[2]:		../secondnet/final_pns_json/final.BCube_n16_k2_bw10_cpu16.pn.instance_list_12vm_rnd.txt.pn.json
[runlim] argv[3]:		../../../instances/fattree-bcube/instance_list_12vm_rnd.txt
[runlim] argv[4]:		False
[runlim] argv[5]:		False
[runlim] argv[6]:		timelogs/results.BCube_n16_k2_bw10_cpu16.pn.instance_list_12vm_rnd.txt.log
[runlim] start:			Mon Sep 30 10:11:14 2019
[runlim] main pid:		17430
Academic license - for non-commercial use only
[runlim] sample:		10.0 seconds, 391.2 MB
[runlim] sample:		20.0 seconds, 659.1 MB
[runlim] sample:		30.0 seconds, 868.9 MB
[runlim] sample:		40.0 seconds, 1120.8 MB
[runlim] sample:		50.0 seconds, 1269.7 MB
[runlim] sample:		60.0 seconds, 1273.0 MB
[runlim] sample:		70.0 seconds, 1273.0 MB
[runlim] sample:		80.0 seconds, 1273.3 MB
[runlim] sample:		90.0 seconds, 1129.8 MB
[runlim] sample:		100.0 seconds, 1003.7 MB
[runlim] sample:		110.0 seconds, 901.2 MB
[runlim] sample:		120.0 seconds, 980.2 MB
[runlim] sample:		130.0 seconds, 1107.1 MB
[runlim] sample:		140.0 seconds, 1004.7 MB
[runlim] sample:		150.0 seconds, 1000.2 MB
[runlim] sample:		160.0 seconds, 1018.2 MB
[runlim] sample:		170.0 seconds, 940.2 MB
[runlim] sample:		180.0 seconds, 865.2 MB
[runlim] sample:		190.0 seconds, 903.5 MB
[runlim] sample:		200.0 seconds, 1049.8 MB
[runlim] sample:		210.0 seconds, 1064.5 MB
[runlim] sample:		220.0 seconds, 932.4 MB
[runlim] sample:		230.0 seconds, 992.3 MB
[runlim] sample:		240.0 seconds, 1009.3 MB
[runlim] sample:		250.0 seconds, 1084.5 MB
[runlim] sample:		260.0 seconds, 1187.9 MB
[runlim] sample:		270.0 seconds, 1213.5 MB
[runlim] sample:		280.0 seconds, 1213.8 MB
[runlim] sample:		290.0 seconds, 1130.5 MB
[runlim] sample:		300.0 seconds, 1030.4 MB
[runlim] sample:		310.0 seconds, 1030.4 MB
[runlim] sample:		320.0 seconds, 1030.4 MB
[runlim] sample:		330.0 seconds, 1203.9 MB
[runlim] sample:		340.0 seconds, 1219.9 MB
[runlim] sample:		350.0 seconds, 1219.9 MB
[runlim] sample:		360.0 seconds, 964.2 MB
[runlim] sample:		370.0 seconds, 1028.6 MB
[runlim] sample:		380.0 seconds, 1028.6 MB
[runlim] sample:		390.0 seconds, 1217.4 MB
[runlim] sample:		400.0 seconds, 1251.9 MB
[runlim] sample:		410.0 seconds, 1251.9 MB
[runlim] sample:		420.0 seconds, 1110.9 MB
[runlim] sample:		430.0 seconds, 1022.7 MB
[runlim] sample:		440.0 seconds, 1022.7 MB
[runlim] sample:		450.0 seconds, 1022.7 MB
[runlim] sample:		460.0 seconds, 1203.0 MB
[runlim] sample:		470.0 seconds, 1231.4 MB
[runlim] sample:		480.0 seconds, 1231.4 MB
[runlim] sample:		490.0 seconds, 1231.4 MB
[runlim] sample:		500.0 seconds, 1098.6 MB
[runlim] sample:		510.0 seconds, 1094.4 MB
[runlim] sample:		520.0 seconds, 1094.4 MB
[runlim] sample:		530.0 seconds, 1098.0 MB
[runlim] sample:		540.0 seconds, 1186.4 MB
[runlim] sample:		550.0 seconds, 1187.2 MB
[runlim] sample:		560.0 seconds, 1188.8 MB
[runlim] sample:		570.0 seconds, 1208.5 MB
[runlim] sample:		580.0 seconds, 1208.8 MB
[runlim] sample:		590.0 seconds, 1208.8 MB
[runlim] sample:		600.0 seconds, 1208.8 MB
[runlim] sample:		610.0 seconds, 1208.8 MB
[runlim] sample:		620.0 seconds, 1092.4 MB
[runlim] sample:		630.0 seconds, 1130.0 MB
[runlim] sample:		640.0 seconds, 1130.0 MB
[runlim] sample:		650.0 seconds, 1137.2 MB
[runlim] sample:		660.0 seconds, 1218.3 MB
[runlim] sample:		670.0 seconds, 1218.3 MB
[runlim] sample:		680.0 seconds, 1064.8 MB
[runlim] sample:		690.0 seconds, 1114.9 MB
[runlim] sample:		700.0 seconds, 1114.9 MB
[runlim] sample:		710.0 seconds, 1207.6 MB
[runlim] sample:		720.0 seconds, 1232.4 MB
[runlim] sample:		730.0 seconds, 1232.4 MB
[runlim] sample:		740.0 seconds, 1135.3 MB
[runlim] sample:		750.0 seconds, 1133.0 MB
[runlim] sample:		760.0 seconds, 1147.0 MB
[runlim] sample:		770.0 seconds, 1147.0 MB
[runlim] sample:		780.0 seconds, 1331.5 MB
[runlim] sample:		790.0 seconds, 1331.5 MB
[runlim] sample:		800.0 seconds, 1331.5 MB
[runlim] sample:		810.0 seconds, 1237.2 MB
[runlim] sample:		820.0 seconds, 1220.9 MB
[runlim] sample:		830.0 seconds, 1222.0 MB
[runlim] sample:		840.0 seconds, 1222.0 MB
[runlim] sample:		850.0 seconds, 1222.0 MB
[runlim] sample:		860.0 seconds, 1359.9 MB
[runlim] sample:		870.0 seconds, 1360.2 MB
[runlim] sample:		880.0 seconds, 1226.6 MB
[runlim] sample:		890.0 seconds, 1167.5 MB
[runlim] sample:		900.0 seconds, 1167.5 MB
[runlim] sample:		910.0 seconds, 1167.5 MB
[runlim] sample:		920.0 seconds, 1248.7 MB
[runlim] sample:		930.0 seconds, 1348.8 MB
[runlim] sample:		940.0 seconds, 1383.1 MB
[runlim] sample:		950.0 seconds, 1383.1 MB
[runlim] sample:		960.0 seconds, 1383.1 MB
[runlim] sample:		970.0 seconds, 1383.1 MB
[runlim] sample:		980.0 seconds, 1383.1 MB
[runlim] sample:		990.0 seconds, 1383.1 MB
[runlim] sample:		1000.0 seconds, 1383.1 MB
[runlim] sample:		1010.0 seconds, 1274.9 MB
[runlim] sample:		1020.0 seconds, 1397.9 MB
[runlim] sample:		1030.0 seconds, 1128.9 MB
[runlim] sample:		1040.0 seconds, 1183.2 MB
[runlim] sample:		1050.0 seconds, 1183.2 MB
[runlim] sample:		1060.0 seconds, 1251.8 MB
[runlim] sample:		1070.0 seconds, 1133.8 MB
[runlim] sample:		1080.0 seconds, 1159.9 MB
[runlim] sample:		1090.0 seconds, 1159.9 MB
[runlim] sample:		1100.0 seconds, 1155.5 MB
[runlim] sample:		1110.0 seconds, 1184.2 MB
[runlim] sample:		1120.0 seconds, 1184.2 MB
[runlim] sample:		1130.0 seconds, 1184.2 MB
[runlim] sample:		1140.0 seconds, 1322.8 MB
[runlim] sample:		1150.0 seconds, 1152.5 MB
[runlim] sample:		1160.0 seconds, 1149.4 MB
[runlim] sample:		1170.0 seconds, 1149.4 MB
[runlim] sample:		1180.0 seconds, 1172.3 MB
[runlim] sample:		1190.0 seconds, 1268.5 MB
[runlim] sample:		1200.0 seconds, 1113.5 MB
[runlim] sample:		1210.0 seconds, 1095.4 MB
[runlim] sample:		1220.0 seconds, 1095.4 MB
[runlim] sample:		1230.0 seconds, 1068.8 MB
[runlim] sample:		1240.0 seconds, 1093.3 MB
[runlim] sample:		1250.0 seconds, 1093.3 MB
[runlim] sample:		1260.0 seconds, 1093.3 MB
[runlim] sample:		1270.0 seconds, 1250.8 MB
[runlim] sample:		1280.0 seconds, 1251.1 MB
[runlim] sample:		1290.0 seconds, 1251.1 MB
[runlim] sample:		1300.0 seconds, 1251.3 MB
[runlim] sample:		1310.0 seconds, 1251.3 MB
[runlim] sample:		1320.0 seconds, 1251.3 MB
[runlim] sample:		1330.0 seconds, 1162.4 MB
[runlim] sample:		1340.0 seconds, 1294.4 MB
[runlim] sample:		1350.0 seconds, 1294.4 MB
[runlim] sample:		1360.0 seconds, 1294.4 MB
[runlim] sample:		1370.0 seconds, 1294.7 MB
[runlim] sample:		1380.0 seconds, 1294.7 MB
[runlim] sample:		1390.0 seconds, 1294.7 MB
[runlim] sample:		1400.0 seconds, 1082.8 MB
[runlim] sample:		1410.0 seconds, 1089.5 MB
[runlim] sample:		1420.0 seconds, 1089.5 MB
[runlim] sample:		1430.0 seconds, 1089.5 MB
[runlim] sample:		1440.0 seconds, 1151.3 MB
[runlim] sample:		1450.0 seconds, 1151.5 MB
[runlim] sample:		1460.0 seconds, 1151.5 MB
[runlim] sample:		1470.0 seconds, 1151.5 MB
[runlim] sample:		1480.0 seconds, 1151.5 MB
[runlim] sample:		1490.0 seconds, 1119.5 MB
[runlim] sample:		1500.0 seconds, 1113.0 MB
[runlim] sample:		1510.0 seconds, 1113.0 MB
[runlim] sample:		1520.0 seconds, 1175.0 MB
[runlim] sample:		1530.0 seconds, 1194.7 MB
[runlim] sample:		1540.0 seconds, 1131.4 MB
[runlim] sample:		1550.0 seconds, 1151.1 MB
[runlim] sample:		1560.0 seconds, 1078.9 MB
[runlim] sample:		1570.0 seconds, 1078.9 MB
[runlim] sample:		1580.0 seconds, 1078.9 MB
[runlim] sample:		1590.0 seconds, 1016.6 MB
[runlim] sample:		1600.0 seconds, 1076.8 MB
[runlim] sample:		1610.0 seconds, 1076.8 MB
[runlim] sample:		1620.0 seconds, 1075.3 MB
[runlim] sample:		1630.0 seconds, 1082.9 MB
[runlim] sample:		1640.0 seconds, 1082.9 MB
[runlim] sample:		1650.0 seconds, 1121.9 MB
[runlim] sample:		1660.0 seconds, 1121.9 MB
[runlim] sample:		1670.0 seconds, 1090.8 MB
[runlim] sample:		1680.0 seconds, 1069.9 MB
[runlim] sample:		1690.0 seconds, 1069.9 MB
[runlim] sample:		1700.0 seconds, 1069.9 MB
[runlim] sample:		1710.0 seconds, 1145.4 MB
[runlim] sample:		1720.0 seconds, 1086.4 MB
[runlim] sample:		1730.0 seconds, 1085.2 MB
[runlim] sample:		1740.0 seconds, 1093.9 MB
[runlim] sample:		1750.0 seconds, 1093.9 MB
[runlim] sample:		1760.0 seconds, 1134.3 MB
[runlim] sample:		1770.0 seconds, 1059.6 MB
[runlim] sample:		1780.0 seconds, 1044.4 MB
[runlim] sample:		1790.0 seconds, 1044.4 MB
[runlim] sample:		1800.0 seconds, 1044.4 MB
[runlim] sample:		1810.0 seconds, 1094.4 MB
[runlim] sample:		1820.0 seconds, 1094.4 MB
[runlim] sample:		1830.0 seconds, 1094.4 MB
[runlim] sample:		1840.0 seconds, 1094.6 MB
[runlim] sample:		1850.0 seconds, 1044.6 MB
[runlim] sample:		1860.0 seconds, 1051.6 MB
[runlim] sample:		1870.0 seconds, 1051.6 MB
[runlim] sample:		1880.0 seconds, 1051.6 MB
[runlim] sample:		1890.0 seconds, 1102.9 MB
[runlim] sample:		1900.0 seconds, 1102.9 MB
[runlim] sample:		1910.0 seconds, 1102.9 MB
[runlim] sample:		1920.0 seconds, 1102.9 MB
[runlim] sample:		1930.0 seconds, 1063.6 MB
[runlim] sample:		1940.0 seconds, 1039.3 MB
[runlim] sample:		1950.0 seconds, 1095.8 MB
[runlim] sample:		1960.0 seconds, 1095.8 MB
[runlim] sample:		1970.0 seconds, 1191.7 MB
[runlim] sample:		1980.0 seconds, 1191.7 MB
[runlim] sample:		1990.0 seconds, 1134.3 MB
[runlim] sample:		2000.0 seconds, 1175.3 MB
[runlim] sample:		2010.0 seconds, 1175.3 MB
[runlim] sample:		2020.0 seconds, 1175.3 MB
[runlim] sample:		2030.0 seconds, 1249.6 MB
[runlim] sample:		2040.0 seconds, 1271.2 MB
[runlim] sample:		2050.0 seconds, 1271.5 MB
[runlim] sample:		2060.0 seconds, 1271.5 MB
[runlim] sample:		2070.0 seconds, 1271.5 MB
[runlim] sample:		2080.0 seconds, 1174.5 MB
[runlim] sample:		2090.0 seconds, 1087.5 MB
[runlim] sample:		2100.0 seconds, 1145.5 MB
[runlim] sample:		2110.0 seconds, 1145.5 MB
[runlim] sample:		2120.0 seconds, 1226.9 MB
[runlim] sample:		2130.0 seconds, 1317.2 MB
[runlim] sample:		2140.0 seconds, 1326.7 MB
[runlim] sample:		2150.0 seconds, 1326.7 MB
[runlim] sample:		2160.0 seconds, 1326.7 MB
[runlim] sample:		2170.0 seconds, 1207.6 MB
[runlim] sample:		2180.0 seconds, 1229.2 MB
[runlim] sample:		2190.0 seconds, 1229.2 MB
[runlim] sample:		2200.0 seconds, 1229.2 MB
[runlim] sample:		2210.0 seconds, 1168.9 MB
[runlim] sample:		2220.0 seconds, 1177.8 MB
[runlim] sample:		2230.0 seconds, 1177.8 MB
[runlim] sample:		2240.0 seconds, 1177.8 MB
[runlim] sample:		2250.0 seconds, 1253.9 MB
[runlim] sample:		2260.0 seconds, 1170.5 MB
[runlim] sample:		2270.0 seconds, 1223.6 MB
[runlim] sample:		2280.0 seconds, 1297.2 MB
[runlim] sample:		2290.0 seconds, 1099.3 MB
[runlim] sample:		2300.0 seconds, 1104.0 MB
[runlim] sample:		2310.0 seconds, 1104.0 MB
[runlim] sample:		2320.0 seconds, 1122.3 MB
[runlim] sample:		2330.0 seconds, 1115.1 MB
[runlim] sample:		2340.0 seconds, 1070.2 MB
[runlim] sample:		2350.0 seconds, 1070.2 MB
[runlim] sample:		2360.0 seconds, 1070.2 MB
[runlim] sample:		2370.0 seconds, 1076.4 MB
[runlim] sample:		2380.0 seconds, 1085.6 MB
[runlim] sample:		2390.0 seconds, 1070.8 MB
[runlim] sample:		2400.0 seconds, 1107.8 MB
[runlim] sample:		2410.0 seconds, 1107.8 MB
[runlim] sample:		2420.0 seconds, 1107.8 MB
[runlim] sample:		2430.0 seconds, 1107.8 MB
[runlim] sample:		2440.0 seconds, 1107.8 MB
[runlim] sample:		2450.0 seconds, 1107.8 MB
[runlim] sample:		2460.0 seconds, 1107.8 MB
[runlim] sample:		2470.0 seconds, 1121.8 MB
[runlim] sample:		2480.0 seconds, 1116.6 MB
[runlim] sample:		2490.0 seconds, 1116.6 MB
[runlim] sample:		2500.0 seconds, 1116.5 MB
[runlim] sample:		2510.0 seconds, 1103.9 MB
[runlim] sample:		2520.0 seconds, 1103.8 MB
[runlim] sample:		2530.0 seconds, 1103.8 MB
[runlim] sample:		2540.0 seconds, 1103.8 MB
[runlim] sample:		2550.0 seconds, 1103.8 MB
[runlim] sample:		2560.0 seconds, 1103.8 MB
[runlim] sample:		2570.0 seconds, 1103.8 MB
[runlim] sample:		2580.0 seconds, 1121.6 MB
[runlim] sample:		2590.0 seconds, 1121.6 MB
[runlim] sample:		2600.0 seconds, 1101.6 MB
[runlim] sample:		2610.0 seconds, 1146.3 MB
[runlim] sample:		2620.0 seconds, 1146.3 MB
[runlim] sample:		2630.0 seconds, 1146.3 MB
[runlim] sample:		2640.0 seconds, 1146.3 MB
[runlim] sample:		2650.0 seconds, 1146.3 MB
[runlim] sample:		2660.0 seconds, 1291.7 MB
[runlim] sample:		2670.0 seconds, 1154.1 MB
[runlim] sample:		2680.0 seconds, 1146.3 MB
[runlim] sample:		2690.0 seconds, 1183.3 MB
[runlim] sample:		2700.0 seconds, 1080.0 MB
[runlim] sample:		2710.0 seconds, 1139.6 MB
[runlim] sample:		2720.0 seconds, 1139.6 MB
[runlim] sample:		2730.0 seconds, 1139.6 MB
[runlim] sample:		2740.0 seconds, 1139.6 MB
[runlim] sample:		2750.0 seconds, 1218.4 MB
[runlim] sample:		2760.0 seconds, 1250.0 MB
[runlim] sample:		2770.0 seconds, 1237.3 MB
[runlim] sample:		2780.0 seconds, 1242.3 MB
[runlim] sample:		2790.0 seconds, 1258.0 MB
[runlim] sample:		2800.0 seconds, 1172.2 MB
[runlim] sample:		2810.0 seconds, 1212.0 MB
[runlim] sample:		2820.0 seconds, 1212.0 MB
[runlim] sample:		2830.0 seconds, 1212.0 MB
[runlim] sample:		2840.0 seconds, 1212.0 MB
[runlim] sample:		2850.0 seconds, 1212.0 MB
[runlim] sample:		2860.0 seconds, 1299.4 MB
[runlim] sample:		2870.0 seconds, 1212.2 MB
[runlim] sample:		2880.0 seconds, 1279.4 MB
[runlim] sample:		2890.0 seconds, 1279.4 MB
[runlim] sample:		2900.0 seconds, 1311.2 MB
[runlim] sample:		2910.0 seconds, 1312.5 MB
[runlim] sample:		2920.0 seconds, 1236.4 MB
[runlim] sample:		2930.0 seconds, 1145.9 MB
[runlim] sample:		2940.0 seconds, 1145.9 MB
[runlim] sample:		2950.0 seconds, 1145.9 MB
[runlim] sample:		2960.0 seconds, 1145.9 MB
[runlim] sample:		2970.0 seconds, 1109.8 MB
[runlim] sample:		2980.0 seconds, 1094.2 MB
[runlim] sample:		2990.0 seconds, 1094.2 MB
[runlim] sample:		3000.0 seconds, 1094.2 MB
[runlim] sample:		3010.0 seconds, 1094.2 MB
[runlim] sample:		3020.0 seconds, 1094.2 MB
[runlim] sample:		3030.0 seconds, 1231.1 MB
[runlim] sample:		3040.0 seconds, 1111.5 MB
[runlim] sample:		3050.0 seconds, 1106.0 MB
[runlim] sample:		3060.0 seconds, 1149.7 MB
[runlim] sample:		3070.0 seconds, 1149.7 MB
[runlim] sample:		3080.0 seconds, 1149.7 MB
[runlim] sample:		3090.0 seconds, 1149.7 MB
[runlim] sample:		3100.0 seconds, 1149.7 MB
[runlim] sample:		3110.0 seconds, 1149.7 MB
[runlim] sample:		3120.0 seconds, 1149.7 MB
[runlim] sample:		3129.9 seconds, 1124.7 MB
[runlim] sample:		3139.9 seconds, 1160.7 MB
[runlim] sample:		3149.9 seconds, 1160.7 MB
[runlim] sample:		3159.9 seconds, 1160.7 MB
[runlim] sample:		3169.9 seconds, 1160.7 MB
[runlim] sample:		3179.9 seconds, 1160.7 MB
[runlim] sample:		3190.0 seconds, 1292.2 MB
[runlim] sample:		3200.0 seconds, 1160.7 MB
[runlim] sample:		3210.0 seconds, 1195.8 MB
[runlim] sample:		3220.0 seconds, 1129.7 MB
[runlim] sample:		3229.9 seconds, 1137.3 MB
[runlim] sample:		3239.9 seconds, 1137.3 MB
[runlim] sample:		3249.9 seconds, 1137.3 MB
[runlim] sample:		3259.9 seconds, 1137.3 MB
[runlim] sample:		3270.0 seconds, 1204.3 MB
[runlim] sample:		3280.0 seconds, 1232.5 MB
[runlim] sample:		3290.0 seconds, 1137.5 MB
[runlim] sample:		3299.9 seconds, 1087.5 MB
[runlim] sample:		3310.0 seconds, 1112.9 MB
[runlim] sample:		3320.0 seconds, 1112.9 MB
[runlim] sample:		3330.0 seconds, 1112.9 MB
[runlim] sample:		3340.0 seconds, 1112.9 MB
[runlim] sample:		3350.0 seconds, 1112.9 MB
[runlim] sample:		3360.0 seconds, 1113.0 MB
[runlim] sample:		3370.0 seconds, 1136.9 MB
[runlim] sample:		3380.0 seconds, 1128.9 MB
[runlim] sample:		3390.0 seconds, 1176.2 MB
[runlim] sample:		3399.9 seconds, 1171.4 MB
[runlim] sample:		3409.9 seconds, 1086.6 MB
[runlim] sample:		3419.9 seconds, 1086.6 MB
[runlim] sample:		3429.9 seconds, 1086.6 MB
[runlim] sample:		3439.9 seconds, 1086.6 MB
[runlim] sample:		3449.9 seconds, 1086.6 MB
[runlim] sample:		3459.9 seconds, 1114.6 MB
[runlim] sample:		3470.0 seconds, 1136.3 MB
[runlim] sample:		3480.0 seconds, 1136.3 MB
[runlim] sample:		3490.0 seconds, 1102.0 MB
[runlim] sample:		3500.0 seconds, 1124.4 MB
[runlim] sample:		3510.0 seconds, 1124.4 MB
[runlim] sample:		3520.0 seconds, 1124.4 MB
[runlim] sample:		3530.0 seconds, 1124.4 MB
[runlim] sample:		3540.0 seconds, 1124.4 MB
[runlim] sample:		3549.9 seconds, 1226.5 MB
[runlim] sample:		3560.0 seconds, 1137.9 MB
[runlim] sample:		3569.9 seconds, 1073.8 MB
[runlim] sample:		3579.9 seconds, 1128.8 MB
[runlim] sample:		3589.9 seconds, 1128.8 MB
[runlim] sample:		3599.9 seconds, 1128.8 MB
[runlim] end:			Mon Sep 30 11:11:14 2019
[runlim] status:		out of time
[runlim] result:		1
[runlim] children:		0
[runlim] real:			3600.80 seconds
[runlim] time:			3600.05 seconds
[runlim] space:			1444.9 MB
[runlim] samples:		36001
