# instance ../secondnet/final_pns_json/final.Fattree_n16_k2_bw10_cpu16.pn.instance_list_6vm_rnd.txt.pn.json
# Settings: PN=../secondnet/final_pns_json/final.Fattree_n16_k2_bw10_cpu16.pn.instance_list_6vm_rnd.txt.pn.json, VN=../../../instances/fattree-bcube/instance_list_6vm_rnd.txt, multi-thread=False
init 0.051973 0.051973
1 3.895614 3.947587
2 2.687194 6.634907
3 4.052292 10.687311
4 3.471407 14.158847
5 1.966431 16.125404
6 4.006715 20.13223
7 3.468108 23.600463
8 2.35376 25.954351
9 2.647218 28.601682
10 1.969055 30.57086
11 4.012143 34.583112
12 3.516513 38.09976
13 3.163838 41.263722
14 3.544748 44.808602
15 2.391532 47.20026
16 3.365008 50.565382
17 2.707561 53.273069
18 3.130033 56.403223
19 3.158669 59.562013
20 3.209505 62.771653
21 2.663926 65.435707
22 3.234638 68.670443
23 2.352433 71.023003
24 4.023993 75.047111
25 3.4333 78.480537
26 2.256603 80.737272
27 2.77632 83.513715
28 2.25926 85.773099
29 3.259926 89.033163
30 3.379308 92.41261
31 3.452417 95.865156
32 2.741098 98.606388
33 3.303585 101.910101
34 4.065749 105.975978
35 4.182948 110.159057
36 2.793655 112.952837
37 3.349068 116.302035
38 2.714662 119.016822
39 3.24614 122.26308
40 3.344277 125.607485
41 3.516264 129.123876
42 2.743393 131.867393
43 3.95034 135.817863
44 2.769308 138.587291
45 2.284241 140.871655
46 3.237487 144.10927
47 4.111234 148.22063
48 2.299105 150.51986
49 2.201751 152.721735
50 3.289649 156.011505
51 3.431454 159.44309
52 3.394235 162.837453
53 3.179687 166.017268
54 3.442815 169.460203
55 2.356721 171.817056
56 2.655073 174.472241
57 2.383045 176.855416
58 3.17293 180.028461
59 3.245078 183.273666
60 2.84232 186.11612
61 2.792594 188.908834
62 2.85703 191.765993
63 2.610468 194.376584
64 3.539782 197.91649
65 3.205489 201.122103
66 3.547397 204.669627
67 2.807497 207.47725
68 2.787516 210.264901
69 3.477763 213.742792
70 2.722481 216.465401
71 3.363413 219.828928
72 3.24486 223.073921
73 4.033569 227.107618
74 3.23333 230.341079
75 3.255815 233.597035
76 3.377622 236.974781
77 2.851625 239.826533
78 4.027437 243.854095
79 3.446206 247.300431
80 2.678156 249.978716
81 2.273835 252.252665
82 2.741838 254.99463
83 2.22803 257.22278
84 3.252581 260.475485
85 2.298362 262.77398
86 3.36835 266.142457
87 2.898995 269.041577
88 2.211779 271.253479
89 2.803003 274.056608
90 3.484331 277.541066
91 2.921102 280.46231
92 3.943888 284.406319
93 3.627192 288.033639
94 3.998463 292.03223
95 2.8378 294.870156
96 3.487682 298.357973
97 2.833483 301.191579
98 2.828607 304.020308
99 3.500381 307.520812
100 2.27363 309.794565
101 3.297079 313.091762
102 2.262001 315.353885
103 3.429827 318.783836
104 3.422225 322.20619
105 2.862951 325.069263
106 3.431344 328.500733
107 2.296053 330.796908
108 3.933243 334.730274
109 2.309247 337.039646
110 2.199422 339.239195
111 2.783724 342.023039
112 2.235356 344.258517
113 3.405049 347.663697
114 3.616967 351.280791
115 3.349371 354.630288
116 3.272816 357.903227
117 3.226049 361.129404
118 2.948326 364.077859
119 3.343595 367.421583
120 3.439873 370.861581
121 3.40308 374.264791
122 3.282574 377.547498
123 2.849594 380.39722
124 2.245141 382.642485
125 2.797036 385.439648
126 3.533628 388.973404
127 3.433147 392.406675
128 3.586782 395.993584
129 3.40151 399.395213
130 4.035033 403.430368
131 3.451123 406.881616
132 3.446354 410.328101
133 2.883819 413.212047
134 3.598762 416.810939
135 4.030273 420.841334
136 4.105401 424.946868
137 3.297521 428.244524
138 3.56551 431.810164
139 3.47288 435.283172
140 2.844136 438.127438
141 3.236451 441.364016
142 3.544678 444.908823
143 3.270574 448.179525
144 4.05171 452.231362
145 2.32847 454.559963
146 3.355657 457.915753
147 3.609654 461.52553
148 3.633 465.158653
149 2.859677 468.018458
150 3.198892 471.217472
151 4.050731 475.268326
152 4.125175 479.39363
153 3.423304 482.817057
154 2.858272 485.675448
155 4.055268 489.730843
156 3.599929 493.3309
157 2.87258 496.20361
158 4.01998 500.223712
159 4.080887 504.304727
160 4.114861 508.419712
161 3.292643 511.71248
162 3.438186 515.150795
163 2.268659 517.419577
164 2.205493 519.625195
165 3.341148 522.96647
166 2.978733 525.945332
167 2.886029 528.831506
168 2.797954 531.629591
169 3.425361 535.055072
170 3.406172 538.461374
171 2.928002 541.389503
172 3.331232 544.720868
173 3.27306 547.994048
174 3.248106 551.242277
175 3.43692 554.679326
176 2.921425 557.600884
177 3.395101 560.996112
178 3.360005 564.356243
179 2.899556 567.255925
180 3.510451 570.766502
181 4.082695 574.849327
182 3.497331 578.346784
183 3.422426 581.769339
184 3.363903 585.13337
185 3.577603 588.711101
186 3.653185 592.364409
187 3.390063 595.754605
188 3.426052 599.180792
189 3.436744 602.617672
190 2.85627 605.474062
191 3.310689 608.784863
192 3.520585 612.305576
193 3.360773 615.666474
194 2.286479 617.953076
195 2.756435 620.709646
196 3.358801 624.068571
197 3.316842 627.385545
198 4.074464 631.460134
199 3.665707 635.125975
200 4.014954 639.141057
201 4.078313 643.2195
202 3.641378 646.861001
203 2.292475 649.153605
204 3.254994 652.408726
205 3.528411 655.937264
206 2.921559 658.858952
207 2.236646 661.095721
208 3.53364 664.629485
209 3.645689 668.275299
210 3.571329 671.846758
211 3.333935 675.180818
212 4.025206 679.206157
213 3.613763 682.820044
214 2.032279 684.852449
215 2.954556 687.807115
216 4.121411 691.928644
217 4.03509 695.963859
218 4.002224 699.966212
219 3.459504 703.425849
220 2.791071 706.217049
221 3.553828 709.770999
222 2.833397 712.604525
223 2.237343 714.841989
224 2.745197 717.587313
225 3.781313 721.368755
226 3.520503 724.889389
227 3.426904 728.316415
228 3.462578 731.779116
229 2.264116 734.043359
230 3.91533 737.958826
231 3.48696 741.445915
232 3.453794 744.899833
233 4.005155 748.905117
234 3.418098 752.32335
235 3.57939 755.902874
236 3.370617 759.273616
237 3.468236 762.741984
238 4.034002 766.776112
239 2.910428 769.686674
240 2.805824 772.49263
241 3.964026 776.456781
242 3.496223 779.953128
243 2.897527 782.850794
244 3.948621 786.799542
245 3.42556 790.225232
246 3.425689 793.651046
247 2.276409 795.927584
248 3.666984 799.594685
249 3.902911 803.49772
250 3.595836 807.093683
251 2.269461 809.363269
252 3.490045 812.853441
253 3.397744 816.251312
254 3.436272 819.687709
255 4.019712 823.707554
256 3.550914 827.25859
257 3.530612 830.789325
258 3.952969 834.742426
259 2.922361 837.664919
260 3.451231 841.116279
261 4.03778 845.154184
262 4.117311 849.27163
263 3.654058 852.925815
264 4.022906 856.948853
265 3.625767 860.574748
266 2.905875 863.480751
267 3.387099 866.86798
268 3.897852 870.765965
269 2.351877 873.117975
270 3.45947 876.577567
271 2.915991 879.493688
272 3.543688 883.037498
273 2.954596 885.992219
274 2.252021 888.244365
275 3.805471 892.049958
276 3.560485 895.610576
277 2.881536 898.492234
278 3.344104 901.836461
279 2.699853 904.536439
280 3.497423 908.03398
281 3.44966 911.483765
282 3.418647 914.902549
283 2.810666 917.713346
284 3.944226 921.657692
285 4.101353 925.759178
286 2.316932 928.076234
287 2.637843 930.714212
288 3.960752 934.675074
289 2.943607 937.61881
290 3.871631 941.49056
291 3.584651 945.075333
292 2.242479 947.317949
293 3.392723 950.710793
294 3.570042 954.280968
295 2.892177 957.173272
296 3.013321 960.186717
297 3.533617 963.720452
298 2.300932 966.021505
299 2.19393 968.215557
300 2.737171 970.952845
301 2.978701 973.931674
302 2.846617 976.778407
303 2.227839 979.006376
304 2.295663 981.302166
305 3.832588 985.134864
306 3.560897 988.695891
307 3.510016 992.206027
308 3.289274 995.495433
309 3.367409 998.862962
310 3.554299 1002.41739
311 2.270698 1004.68821
312 3.211691 1007.900036
313 3.476229 1011.376392
314 3.936263 1015.312784
315 2.885081 1018.197996
316 2.66335 1020.861472
317 3.042827 1023.904416
318 3.371411 1027.275945
319 3.540177 1030.816252
320 2.670931 1033.487306
321 2.300955 1035.788374
322 3.864095 1039.652603
323 3.97716 1043.629891
324 3.459074 1047.089094
325 3.549596 1050.638834
326 2.904292 1053.543255
327 3.927745 1057.471132
328 2.310182 1059.781443
329 3.93751 1063.719082
330 3.494764 1067.21397
331 3.431105 1070.645195
332 4.011004 1074.656347
333 3.377388 1078.033862
334 3.924322 1081.958316
335 3.400597 1085.359046
336 3.494758 1088.853938
337 2.299367 1091.153437
338 3.906168 1095.059754
339 3.337667 1098.397552
340 2.867302 1101.264978
341 3.272459 1104.537572
342 3.607331 1108.145031
343 2.903631 1111.048786
344 3.986897 1115.035812
345 3.357526 1118.393466
346 2.839598 1121.233185
347 3.562371 1124.795696
348 3.47143 1128.267248
349 4.036329 1132.303706
350 3.577894 1135.881727
351 3.605834 1139.48769
352 2.875433 1142.363245
353 3.809478 1146.17285
354 3.658629 1149.83161
355 2.286573 1152.11831
356 3.337827 1155.456261
357 3.961282 1159.417679
358 4.067294 1163.485099
359 3.394125 1166.879357
360 3.845925 1170.725414
361 3.98752 1174.713063
362 4.059431 1178.772619
363 2.942631 1181.715382
364 3.528018 1185.243526
365 3.450423 1188.694079
366 2.867952 1191.562157
367 3.26747 1194.829754
368 2.859089 1197.688973
369 2.809072 1200.498174
370 3.428956 1203.927253
371 4.011176 1207.938554
372 4.060571 1211.999255
373 3.578613 1215.577996
374 4.020333 1219.598462
375 3.402598 1223.001183
376 2.250092 1225.251422
377 2.182281 1227.43383
378 3.242293 1230.676243
379 3.335479 1234.011854
380 3.532879 1237.544859
381 3.466074 1241.011061
382 3.877025 1244.888213
383 3.55013 1248.438476
384 3.496912 1251.935511
385 3.503729 1255.439369
386 2.26865 1257.708147
387 3.207277 1260.915545
388 3.493133 1264.408808
389 2.830892 1267.239825
390 2.225437 1269.465389
391 3.357201 1272.822718
392 3.975522 1276.79837
393 3.542676 1280.341169
394 3.883244 1284.224549
395 3.989739 1288.214415
396 3.984573 1292.199112
397 3.54124 1295.74048
398 3.559979 1299.30059
399 3.446438 1302.747158
400 2.295112 1305.0424
401 2.719971 1307.762495
402 3.381904 1311.144521
403 2.889904 1314.034556
404 3.345264 1317.379949
405 3.637931 1321.018014
406 2.698611 1323.716747
407 2.855665 1326.572535
408 3.465402 1330.038065
409 3.602242 1333.640444
410 3.363742 1337.004315
411 3.903984 1340.908431
412 2.790024 1343.698586
413 2.772086 1346.470788
414 2.81306 1349.283984
415 2.808854 1352.092974
416 3.384414 1355.47751
417 3.376582 1358.854224
418 3.435845 1362.290198
419 3.883741 1366.174064
420 4.001901 1370.176101
421 3.397254 1373.573486
422 2.746755 1376.320371
423 3.343592 1379.66408
424 3.268176 1382.932385
425 3.87015 1386.80267
426 3.390681 1390.193475
427 3.91046 1394.104057
428 2.83009 1396.934272
429 3.93312 1400.867519
430 3.435412 1404.303062
431 2.251551 1406.554739
432 2.216613 1408.771477
433 3.455315 1412.226924
434 2.808949 1415.036002
435 2.691911 1417.728043
436 3.638158 1421.366317
437 3.971387 1425.337838
438 2.866329 1428.204296
439 3.337524 1431.541946
440 3.70892 1435.250991
441 3.519087 1438.77021
442 2.711296 1441.481631
443 3.967993 1445.449741
444 2.890087 1448.339957
445 3.488759 1451.828839
446 3.273161 1455.102129
447 3.913037 1459.015292
448 2.863734 1461.879151
449 3.341619 1465.220897
450 2.263504 1467.48453
451 2.72059 1470.205249
452 3.463367 1473.668739
453 3.375633 1477.044503
454 2.829256 1479.873883
455 2.737173 1482.61119
456 2.239772 1484.851086
457 2.707756 1487.55897
458 3.365195 1490.924293
459 3.328343 1494.252762
460 3.460662 1497.713554
461 2.901146 1500.614826
462 3.410616 1504.025567
463 2.256195 1506.281886
464 3.363062 1509.645088
465 2.864122 1512.509348
466 2.754282 1515.263767
467 2.208296 1517.472186
468 3.360725 1520.833041
469 3.49444 1524.327608
470 3.402811 1527.730543
471 3.382933 1531.113607
472 3.459228 1534.572965
473 3.394921 1537.968011
474 2.85233 1540.820477
475 3.724323 1544.544928
476 3.322194 1547.867258
477 2.282823 1550.150204
478 3.831595 1553.981928
479 2.264703 1556.24676
480 2.190955 1558.437844
481 2.805249 1561.243215
482 3.383352 1564.626695
483 2.777218 1567.404046
484 3.857669 1571.261838
485 3.424579 1574.686548
486 2.86894 1577.555619
487 3.473346 1581.029099
488 3.254012 1584.283244
489 3.369369 1587.652749
490 2.841725 1590.494599
491 3.327542 1593.822266
492 3.317576 1597.13997
493 3.956031 1601.096131
494 2.755094 1603.851348
495 2.212817 1606.064294
496 2.595261 1608.659683
497 2.844479 1611.50429
498 3.321435 1614.825856
499 2.673435 1617.499418
500 3.798502 1621.298041
501 3.994182 1625.292352
502 2.297428 1627.589904
503 3.891857 1631.481912
504 3.458321 1634.940361
505 2.742014 1637.682499
506 2.651792 1640.334424
507 3.872373 1644.206919
508 3.96854 1648.175589
509 3.352782 1651.528499
510 3.379752 1654.90838
511 3.319489 1658.227998
512 2.747452 1660.97558
513 3.864418 1664.840133
514 2.776872 1667.617132
515 2.820449 1670.437711
516 3.364447 1673.802287
517 2.694992 1676.497409
518 2.224377 1678.721909
519 2.779123 1681.501153
520 2.216856 1683.718159
521 3.233575 1686.951856
522 2.280551 1689.232536
523 3.330833 1692.563487
524 3.400173 1695.963791
525 2.889602 1698.853523
526 3.873818 1702.727476
527 3.999124 1706.726723
528 3.420371 1710.147228
529 3.365566 1713.512923
530 3.46467 1716.977729
531 2.224792 1719.202654
532 3.199638 1722.402416
533 3.685631 1726.088166
534 3.287944 1729.376243
535 3.288608 1732.664976
536 2.716958 1735.382068
537 3.303133 1738.68533
538 3.650911 1742.336373
539 2.869728 1745.206224
540 3.312435 1748.518794
541 3.367278 1751.886195
542 2.22976 1754.116094
543 3.77383 1757.890043
544 3.910851 1761.80102
545 3.440423 1765.24157
546 3.776938 1769.018639
547 3.40831 1772.427067
548 3.824901 1776.252097
549 3.679724 1779.931954
550 3.78634 1783.718406
551 3.366309 1787.084843
552 3.945122 1791.0301
553 4.001879 1795.03211
554 3.387271 1798.419514
555 3.337169 1801.756805
556 2.873674 1804.630611
557 3.314326 1807.945065
558 3.768877 1811.714083
559 3.800784 1815.514987
560 2.920442 1818.435555
561 3.355287 1821.790974
562 2.287707 1824.078811
563 3.220599 1827.299541
564 2.292276 1829.591947
565 3.219442 1832.811515
566 2.777711 1835.589358
567 3.25136 1838.840849
568 3.872043 1842.713017
569 3.938775 1846.651923
570 3.379966 1850.032014
571 3.298313 1853.330451
572 3.36128 1856.691856
573 3.410256 1860.102242
574 3.475863 1863.57823
575 3.294785 1866.87314
576 3.466466 1870.339758
577 3.909883 1874.249765
578 3.487542 1877.73744
579 3.358462 1881.096024
580 2.747156 1883.843307
581 2.210869 1886.054299
582 3.772378 1889.826811
583 2.758313 1892.585254
584 3.772843 1896.358231
585 3.383288 1899.741648
586 3.777147 1903.51893
587 3.375398 1906.894448
588 3.357069 1910.25164
589 3.788845 1914.040614
590 2.723069 1916.763807
591 2.768045 1919.531985
592 3.40287 1922.934978
593 2.249872 1925.184979
594 3.249797 1928.434909
595 2.79422 1931.229265
596 2.683267 1933.912658
597 3.835628 1937.748409
598 3.690313 1941.43885
599 3.342499 1944.781485
600 2.722094 1947.503708
601 3.760067 1951.263902
602 3.873879 1955.137909
603 2.915425 1958.053464
604 2.658967 1960.712562
605 2.796314 1963.509006
606 2.757059 1966.266189
607 3.823761 1970.090084
608 2.338141 1972.428349
609 3.522089 1975.950564
610 3.913554 1979.864243
611 3.369582 1983.233955
612 2.273467 1985.507545
613 3.220303 1988.727974
614 2.896571 1991.624674
615 2.178032 1993.802839
616 3.763139 1997.566101
617 3.446258 2001.012495
618 3.620497 2004.633121
619 2.266979 2006.900245
620 2.165001 2009.065368
621 3.799477 2012.864979
622 2.846937 2015.712044
623 3.326357 2019.038535
624 3.266745 2022.305408
625 3.391843 2025.697378
626 3.797654 2029.495156
627 3.805815 2033.301096
628 3.870869 2037.1721
629 2.75583 2039.928064
630 2.218389 2042.146567
631 3.877298 2046.023991
632 3.980254 2050.004378
633 2.258991 2052.263499
634 3.37846 2055.642095
635 3.967903 2059.610123
636 2.294271 2061.904524
637 3.362894 2065.267538
638 2.237736 2067.505405
639 3.335742 2070.841267
640 3.63024 2074.471638
641 2.256225 2076.727987
642 2.714993 2079.443105
643 3.271326 2082.714559
644 3.27729 2085.991969
645 2.843119 2088.835214
646 2.751963 2091.587301
647 3.419444 2095.00688
648 2.800763 2097.807764
649 2.660746 2100.468639
650 3.333114 2103.801878
651 3.750485 2107.552498
652 2.73909 2110.291718
653 2.223559 2112.515399
654 2.61344 2115.128959
655 3.790509 2118.919592
656 3.690729 2122.610445
657 3.435182 2126.045756
658 2.22569 2128.271571
659 2.704191 2130.975899
660 3.790803 2134.76683
661 3.827811 2138.594772
662 3.770939 2142.365835
663 2.750967 2145.116937
664 2.729614 2147.846674
665 2.805117 2150.651915
666 2.175554 2152.827597
667 3.331064 2156.158787
668 4.216432 2160.375365
669 3.334202 2163.709699
670 2.812356 2166.522178
671 3.331691 2169.853996
672 3.756932 2173.611053
673 3.291805 2176.902993
674 3.324045 2180.227169
675 3.715893 2183.94319
676 2.283513 2186.226826
677 3.214121 2189.441072
678 2.363717 2191.804928
679 3.699845 2195.504893
680 2.354304 2197.859321
681 2.194477 2200.053919
682 3.219642 2203.273689
683 2.643271 2205.917089
684 3.06608 2208.983303
685 3.239286 2212.222718
686 2.678906 2214.901753
687 3.538861 2218.440736
688 3.483482 2221.924346
689 2.260384 2224.184859
690 3.668536 2227.853532
691 3.799126 2231.652784
692 3.803266 2235.456179
693 3.357495 2238.81381
694 4.206754 2243.020696
695 3.839878 2246.860706
696 3.80679 2250.667625
697 3.273639 2253.94139
698 3.318793 2257.260312
699 3.301626 2260.562075
700 3.391698 2263.953905
701 2.709338 2266.66338
702 3.673458 2270.33696
703 4.177125 2274.514212
704 2.688251 2277.202584
705 2.702388 2279.905101
706 3.657243 2283.562451
707 3.64512 2287.207701
708 3.739287 2290.947117
709 3.59872 2294.545966
710 3.324174 2297.870265
711 3.239087 2301.109489
712 2.243075 2303.352686
713 2.125782 2305.478603
714 3.995924 2309.474661
715 3.790945 2313.265736
716 3.719404 2316.985266
717 3.12943 2320.114826
718 3.649558 2323.76451
719 4.181198 2327.945832
720 3.335191 2331.281153
721 3.266716 2334.548008
722 3.690232 2338.238372
723 3.361155 2341.599659
724 3.261 2344.860782
725 2.638728 2347.499642
726 3.502202 2351.001969
727 2.702362 2353.704463
728 3.74889 2357.453477
729 3.305231 2360.75884
730 4.178428 2364.937393
731 4.199505 2369.137029
732 3.352811 2372.489968
733 2.271761 2374.76186
734 2.176529 2376.938515
735 3.557259 2380.495895
736 3.680024 2384.176047
737 3.77918 2387.955354
738 3.780672 2391.736152
739 4.160663 2395.896942
740 3.809894 2399.706958
741 3.819984 2403.527071
742 3.281103 2406.808299
743 2.636109 2409.444533
744 3.682514 2413.127176
745 3.356085 2416.483397
746 3.321608 2419.805138
747 3.352265 2423.157538
748 3.621029 2426.77869
749 2.661209 2429.440032
750 3.749892 2433.190045
751 3.657397 2436.847571
752 3.467472 2440.315168
753 3.8013 2444.116594
754 3.685749 2447.802464
755 2.243939 2450.046533
756 2.951128 2452.997786
757 2.629619 2455.627532
758 3.291884 2458.919538
759 3.617749 2462.537415
760 3.058435 2465.595973
761 3.999435 2469.595534
762 3.278215 2472.873869
763 3.836922 2476.710923
764 4.105617 2480.816667
765 3.298381 2484.115175
766 4.019653 2488.134949
767 3.799348 2491.934425
768 3.28986 2495.224415
769 3.320841 2498.545381
770 3.226832 2501.772341
771 3.221021 2504.993487
772 2.628437 2507.62205
773 3.967323 2511.589498
774 3.651893 2515.241524
775 3.638308 2518.879957
776 3.569158 2522.449252
777 3.9638 2526.413176
778 3.266957 2529.680273
779 3.058146 2532.738544
780 2.596063 2535.334741
781 3.353907 2538.68877
782 3.057992 2541.746893
783 2.599922 2544.346946
784 3.924047 2548.271119
785 3.67845 2551.949699
786 3.226275 2555.176112
787 3.830176 2559.006418
788 3.888772 2562.895318
789 3.904147 2566.799587
790 3.874932 2570.674637
791 3.377145 2574.051903
792 3.569252 2577.621279
793 3.923359 2581.544761
794 3.926994 2585.471884
795 3.30493 2588.776933
796 2.020315 2590.797386
797 2.656153 2593.453641
798 3.564061 2597.017813
799 3.925318 2600.943256
800 3.346254 2604.289639
801 2.638238 2606.928001
802 3.562667 2610.490788
803 2.630938 2613.121846
804 3.784106 2616.906079
805 3.961528 2620.867732
806 3.862238 2624.730095
807 3.52218 2628.252398
808 2.753854 2631.006381
809 3.693031 2634.699527
810 3.513418 2638.213072
811 3.926639 2642.139834
812 3.043602 2645.183565
813 3.259333 2648.443033
814 2.25366 2650.69682
815 2.157506 2652.854452
816 3.432027 2656.286616
817 2.979564 2659.266309
818 3.680375 2662.946819
819 3.027824 2665.974768
820 3.82871 2669.803611
821 2.231953 2672.035691
822 3.372835 2675.408656
823 3.657562 2679.066343
824 3.338073 2682.404549
825 2.846346 2685.251025
826 3.424233 2688.675389
827 3.282157 2691.957679
828 3.912149 2695.869966
829 3.054808 2698.924902
830 3.503351 2702.428381
831 3.260221 2705.688733
832 3.3408 2709.029664
833 3.858735 2712.888557
834 3.936028 2716.824712
835 3.894388 2720.71923
836 3.546168 2724.265521
837 2.239732 2726.505393
838 3.353214 2729.858728
839 2.868641 2732.727503
840 3.756906 2736.484537
841 2.258728 2738.743397
842 3.502146 2742.245674
843 3.392927 2745.638729
844 3.422587 2749.061447
845 3.793638 2752.855209
846 3.64601 2756.501346
847 3.828106 2760.329579
848 3.838135 2764.167839
849 2.438293 2766.606265
850 2.669704 2769.276084
851 3.358971 2772.635171
852 3.398304 2776.033601
853 3.368177 2779.401899
854 3.435087 2782.83711
855 2.673439 2785.510689
856 3.018797 2788.529603
857 3.454879 2791.984606
858 3.786603 2795.771338
859 3.217169 2798.988636
860 2.835069 2801.823835
861 3.929131 2805.753088
862 3.384693 2809.137926
863 3.154959 2812.293007
864 2.679198 2814.972331
865 3.973135 2818.945577
866 3.413585 2822.359301
867 3.183427 2825.542854
868 2.070681 2827.613666
869 3.893339 2831.507117
870 2.782813 2834.29006
871 3.305765 2837.595946
872 3.301912 2840.897985
873 2.74311 2843.641219
874 3.229089 2846.870422
875 3.758298 2850.628848
876 3.321827 2853.950808
877 3.111778 2857.062717
878 3.423867 2860.486718
879 3.109378 2863.596221
880 2.362198 2865.958549
881 3.204192 2869.162851
882 3.385299 2872.548285
883 3.247112 2875.795522
884 2.235608 2878.031254
885 2.846224 2880.877599
886 3.83869 2884.716425
887 2.78261 2887.499166
888 2.871514 2890.370806
889 2.860292 2893.231231
890 3.058398 2896.289761
891 3.326628 2899.616514
892 2.065276 2901.681924
893 3.180598 2904.862632
894 3.221649 2908.084416
895 3.835152 2911.919698
896 2.664333 2914.584159
897 3.207959 2917.792243
898 3.336497 2921.128867
899 3.213842 2924.342838
900 3.167587 2927.510559
901 3.082704 2930.593392
902 3.157875 2933.751391
903 3.651514 2937.403031
904 2.696052 2940.099216
905 3.074245 2943.173581
906 3.155143 2946.328857
907 3.144956 2949.473942
908 3.639854 2953.113927
909 2.08415 2955.198206
910 2.986436 2958.184757
911 3.225036 2961.409918
912 3.770849 2965.180897
913 2.798261 2967.979288
914 2.976649 2970.956057
915 2.927296 2973.883481
916 3.251708 2977.13532
917 3.121748 2980.257196
918 3.144763 2983.402104
919 3.748819 2987.151053
920 3.212377 2990.363565
921 2.045645 2992.409341
922 3.230583 2995.640047
923 3.505875 2999.14605
924 3.195541 3002.341718
925 3.480021 3005.82187
926 3.746911 3009.568907
927 3.071694 3012.640737
928 3.136995 3015.777856
929 2.939896 3018.717885
930 2.846943 3021.564948
931 3.031916 3024.596991
932 2.879678 3027.476792
933 3.019471 3030.496401
934 3.113629 3033.610149
935 3.173517 3036.783793
936 3.128122 3039.912042
937 3.669941 3043.582097
938 3.138551 3046.720779
939 2.875658 3049.596565
940 2.993518 3052.590206
941 3.603833 3056.194167
942 2.432728 3058.627017
943 2.613491 3061.240628
944 1.993037 3063.233788
945 3.478721 3066.712621
946 3.059177 3069.771928
947 3.012274 3072.784338
948 3.046989 3075.831459
949 3.548984 3079.380572
950 3.150847 3082.531552
951 2.044166 3084.575849
952 3.464175 3088.040134
953 3.123078 3091.163348
954 2.193318 3093.356796
955 3.116771 3096.473705
956 3.095107 3099.568939
957 3.022253 3102.591325
958 3.221357 3105.812809
959 3.101607 3108.914547
960 2.774625 3111.689299
961 2.974372 3114.663796
962 3.115532 3117.779467
963 2.992501 3120.772103
964 3.517138 3124.289381
965 3.066651 3127.356161
966 3.04016 3130.396452
967 3.469171 3133.865748
968 2.757459 3136.623347
969 2.976525 3139.599995
970 2.983763 3142.583888
971 3.03829 3145.622307
972 2.735853 3148.358289
973 2.977503 3151.335922
974 2.99149 3154.327547
975 3.417952 3157.745621
976 2.443377 3160.189127
977 2.913292 3163.102542
978 3.068503 3166.171169
979 3.000954 3169.172254
980 2.988956 3172.161342
981 2.748829 3174.910307
982 2.645773 3177.556202
983 2.633835 3180.190174
984 3.41208 3183.60238
985 3.056703 3186.659212
986 2.671321 3189.330667
987 2.900231 3192.231019
