# instance ../secondnet/final_pns_json/final.BCube_n12_k2_bw10_cpu16.pn.instance_list_15vm_rnd.txt.pn.json
# Settings: PN=../secondnet/final_pns_json/final.BCube_n12_k2_bw10_cpu16.pn.instance_list_15vm_rnd.txt.pn.json, VN=../../../instances/fattree-bcube/instance_list_15vm_rnd.txt, multi-thread=False
init 0.081564 0.081564
1 19.718749 19.800313
2 18.576488 38.376936
3 18.162336 56.539409
4 18.093045 74.632584
5 15.863455 90.496179
6 19.628048 110.124365
7 21.366533 131.491035
8 19.989383 151.480555
9 17.393259 168.873956
10 16.015096 184.889186
11 18.21033 203.099655
12 21.216569 224.316358
13 20.127557 244.444052
14 18.471473 262.915663
15 18.40821 281.324019
16 18.517777 299.841932
17 18.057047 317.899111
18 17.602963 335.502208
19 17.002557 352.504904
20 19.334784 371.839834
21 19.973386 391.813351
22 17.604735 409.418224
23 22.160779 431.579126
24 18.551611 450.130874
25 19.843696 469.974786
26 21.371896 491.346822
27 19.970384 511.317342
28 22.261823 533.5793
29 18.038408 551.617836
30 18.254618 569.872582
31 22.229442 592.102162
32 18.586106 610.688408
33 17.555795 628.244341
34 18.003925 646.248405
35 17.657632 663.906173
36 21.442428 685.348741
37 17.909126 703.258
38 17.488618 720.746752
39 16.616385 737.36329
40 19.478874 756.842304
41 21.457085 778.299524
42 19.903644 798.203308
43 17.663499 815.866945
44 18.090199 833.957283
45 16.943142 850.900561
46 17.249731 868.150434
47 18.573384 886.723953
48 18.291853 905.015945
49 18.301303 923.317388
50 16.676456 939.993981
51 18.235854 958.229974
52 16.976497 975.206609
53 18.119757 993.326507
54 22.300689 1015.627329
55 19.691903 1035.319368
56 17.628446 1052.947944
57 18.609589 1071.557669
58 21.289205 1092.847015
59 18.616344 1111.463493
60 19.852275 1131.315912
61 17.864099 1149.180144
62 19.473268 1168.653553
63 18.426686 1187.080375
64 19.95119 1207.03171
65 19.833413 1226.865261
66 16.95475 1243.820155
67 17.482189 1261.30247
68 19.846246 1281.148855
69 18.412482 1299.561474
70 17.718893 1317.280506
71 17.639171 1334.919812
72 21.158397 1356.078338
73 18.113033 1374.19151
74 19.830974 1394.022633
75 18.508242 1412.531017
76 17.541751 1430.07291
77 18.385893 1448.458939
78 22.416592 1470.875667
79 19.95639 1490.832195
80 21.676029 1512.508358
81 18.533913 1531.042409
82 19.883258 1550.925805
83 18.397585 1569.323528
84 19.668807 1588.992469
85 20.542028 1609.534635
86 22.555822 1632.090611
87 21.805711 1653.896457
88 46.264225 1700.160824
89 25.539795 1725.700753
90 17.991908 1743.692804
91 59.4003 1803.093242
92 60.923376 1864.016761
93 16.753023 1880.769929
94 45.200528 1925.970594
95 57.619434 1983.590172
96 44.632251 2028.222564
97 16.520978 2044.743674
98 16.547579 2061.291388
99 49.162554 2110.454081
100 21.123791 2131.578012
101 81.126979 2212.705129
102 42.294558 2254.999827
103 23.390357 2278.390321
104 19.655269 2298.045726
105 20.895847 2318.941711
106 27.905167 2346.847014
107 60.572268 2407.41942
108 56.759126 2464.178678
109 55.072156 2519.250997
110 22.511058 2541.762196
111 26.472815 2568.235148
112 19.227163 2587.462446
113 18.494579 2605.957166
114 37.748513 2643.705817
115 72.715597 2716.421554
116 61.390342 2777.812021
117 18.25731 2796.069467
118 21.52687 2817.596478
119 18.221594 2835.818212
120 93.476305 2929.294645
121 118.362968 3047.657769
122 44.45974 3092.117647
123 33.623667 3125.741438
124 17.912596 3143.654169
125 18.616294 3162.270602
126 36.401128 3198.671867
127 70.946838 3269.618844
128 67.021256 3336.640231
129 67.913784 3404.554151
130 25.003051 3429.557347
131 22.933998 3452.491486
132 20.913678 3473.405304
133 18.887317 3492.292751
134 44.215997 3536.508891
