# instance ../../../instances/hadoop/hadoop_extensions/us-west1.pn
# Settings: PN=../../../instances/hadoop/hadoop_extensions/us-west1.pn, VN=../../../instances/hadoop/hadoop_extensions/hadoop_15_1bw.vn, multi-thread=False
init 4.378507 4.378507
1 73.095864 77.474371
2 1.515111 78.989628
3 1.622881 80.612638
4 1.755166 82.367951
5 1.888115 84.256195
6 1.581767 85.838092
7 2.936079 88.774303
8 1.703656 90.478088
9 1.726897 92.20512
10 1.72495 93.930202
11 1.890827 95.821158
12 1.61125 97.432526
13 1.583118 99.015796
14 1.747986 100.763917
15 1.835539 102.599584
16 1.845383 104.445096
17 1.746165 106.191395
18 2.275677 108.467203
19 1.848155 110.315487
20 2.299238 112.614857
21 1.774448 114.389437
22 1.832726 116.222293
23 1.743704 117.966121
24 1.778231 119.744486
25 2.110229 121.854849
26 1.763336 123.618314
27 1.888014 125.506451
28 1.771062 127.277645
29 1.820604 129.09838
30 2.150702 131.249209
31 5.914212 137.163554
32 3.516473 140.680162
33 2.110582 142.790874
34 3.994547 146.785556
35 2.528282 149.313973
36 1.952822 151.266926
37 1.824549 153.091606
38 1.878104 154.969841
39 1.850502 156.82048
40 1.859521 158.680122
41 1.929249 160.609501
42 2.118676 162.728311
43 1.98411 164.712556
44 9.125156 173.837852
45 8.350184 182.188168
46 5.432069 187.620376
47 2.968758 190.589263
48 6.832471 197.421865
49 8.106354 205.528347
50 6.803088 212.331569
51 4.589496 216.921201
52 4.25995 221.181275
53 2.258196 223.439599
54 3.130509 226.570239
55 2.817809 229.388179
56 16.00711 245.395419
57 4.706086 250.101645
58 3.72701 253.828787
59 12.346165 266.175083
60 3.139728 269.314946
61 3.615436 272.930509
62 21.827976 294.758619
63 3.303907 298.062666
64 5.085851 303.148648
65 11.17375 314.322542
66 11.74245 326.065123
67 6.409321 332.474578
68 3.213939 335.688652
69 3.190736 338.879537
70 4.446654 343.326326
71 7.363327 350.68978
72 17.620352 368.310266
73 15.6732 383.983605
74 6.225886 390.209623
75 13.198894 403.408644
76 7.235627 410.644422
77 10.523559 421.168111
78 22.669362 443.837598
79 26.374092 470.211831
80 2.150669 472.362616
81 2.060956 474.423707
82 2.318651 476.742483
83 2.122874 478.865488
84 4.997561 483.863184
85 2.230472 486.093786
86 2.191732 488.285649
87 2.30475 490.590529
88 2.238432 492.829096
89 2.272834 495.102063
90 2.22787 497.330061
91 2.607112 499.9373
92 6.97833 506.915758
93 1.881888 508.797777
94 3.564296 512.362201
95 1.940199 514.30254
96 2.579985 516.882654
97 2.050158 518.932939
98 2.023334 520.956408
99 2.523355 523.479894
100 5.715512 529.195537
101 2.52895 531.724618
102 2.14625 533.871016
103 2.141674 536.012819
104 7.037773 543.050719
105 11.65133 554.702178
106 2.063738 556.766054
107 6.499673 563.265857
108 5.531519 568.797513
109 2.473326 571.270974
110 1.866089 573.137198
111 1.88262 575.019946
112 2.194769 577.214834
113 2.306893 579.521861
114 2.384465 581.906446
115 3.150917 585.057488
116 3.079128 588.136752
117 2.382996 590.519877
118 6.524882 597.044882
119 2.266459 599.311478
120 2.466893 601.778498
121 2.844268 604.622898
122 2.382249 607.005275
123 2.587782 609.593182
124 14.66963 624.262945
125 8.577048 632.840133
126 2.408869 635.249133
127 2.223766 637.47303
128 3.639627 641.112791
129 3.38803 644.500953
130 2.654636 647.155719
131 4.976084 652.131937
132 3.864572 655.996639
133 5.669825 661.666618
134 12.807382 674.474136
135 13.733779 688.208047
136 9.743533 697.951712
137 11.633912 709.58576
138 15.966141 725.552036
139 3.136025 728.688198
140 4.209343 732.897673
141 22.969425 755.867235
142 22.144608 778.011976
143 4.441868 782.453982
144 4.933097 787.387214
145 12.066951 799.454295
146 29.731421 829.185854
147 40.645242 869.831234
148 27.450214 897.281585
149 17.483697 914.765416
150 24.508594 939.274144
151 46.754923 986.0292
152 8.644592 994.673928
153 9.821354 1004.495415
154 3.261599 1007.757144
155 12.440674 1020.19795
156 3.886635 1024.084717
157 18.883321 1042.968173
158 12.461467 1055.429775
159 17.337938 1072.767849
160 14.625056 1087.393043
161 7.721988 1095.115168
162 17.478369 1112.59367
163 3.360419 1115.954227
164 14.586908 1130.54127
165 8.002364 1138.543767
166 3.403755 1141.947681
167 14.161413 1156.109232
168 13.439263 1169.548635
169 10.207735 1179.75652
170 9.258622 1189.015282
171 6.601263 1195.616678
172 6.696898 1202.313713
173 12.804768 1215.11861
174 19.219747 1234.338483
175 15.372314 1249.710936
176 3.611924 1253.322993
177 6.382637 1259.705756
178 17.05986 1276.765745
179 13.345113 1290.110999
180 8.753231 1298.86436
181 10.118142 1308.98264
182 13.090311 1322.073085
183 6.622814 1328.696033
184 18.37713 1347.073303
185 13.751898 1360.825334
186 23.249233 1384.074702
187 14.962939 1399.037776
188 10.329205 1409.367115
189 5.171817 1414.539068
190 9.763 1424.302201
191 9.420704 1433.723036
192 5.071721 1438.79489
193 10.27498 1449.070001
194 4.988377 1454.058512
195 3.437114 1457.495758
196 3.893817 1461.389714
197 26.953538 1488.343384
198 18.667983 1507.011508
199 6.223524 1513.23516
200 6.421254 1519.656549
201 15.203527 1534.860227
202 14.737041 1549.597404
203 4.103535 1553.701074
204 4.083111 1557.78432
205 4.510942 1562.295397
206 4.059079 1566.354607
207 3.479717 1569.834457
208 6.644148 1576.478738
209 6.991599 1583.470464
210 5.305669 1588.776267
211 4.580237 1593.356643
212 4.507564 1597.864362
213 8.614143 1606.478642
214 6.397864 1612.876632
215 7.333459 1620.210239
216 3.622824 1623.833181
217 6.134113 1629.967424
218 5.929738 1635.897284
219 3.626718 1639.524135
done 219 5.321026 1644.845297
