# instance ../../../instances/hadoop/hadoop_extensions/us-west2.pn
# Settings: PN=../../../instances/hadoop/hadoop_extensions/us-west2.pn, VN=../../../instances/hadoop/hadoop_extensions/hadoop_4_1bw.vn, multi-thread=False
init 0.310683 0.310683
1 0.042612 0.353295
2 0.046731 0.400108
3 0.04657 0.44673
4 0.046453 0.493254
5 0.04638 0.539687
6 0.046459 0.586215
7 0.046499 0.632766
8 0.046523 0.679354
9 0.046482 0.725886
10 0.046604 0.772554
11 0.046459 0.819065
12 0.046689 0.865812
13 0.046546 0.912416
14 0.046695 0.959164
15 0.046445 1.005672
16 0.04648 1.052204
17 0.046557 1.098829
18 0.046564 1.145446
19 0.046631 1.192144
20 0.046861 1.239057
21 0.046843 1.285965
22 0.046561 1.332578
23 0.046608 1.379251
24 0.046611 1.425916
25 0.046656 1.472634
26 0.046706 1.519393
27 0.046845 1.566295
28 0.046576 1.612928
29 0.046831 1.659812
30 0.046604 1.706478
31 0.04686 1.753389
32 0.046633 1.800084
33 0.046655 1.84679
34 0.046826 1.893682
35 0.046709 1.940443
36 0.046661 1.987168
37 0.046871 2.034091
38 0.04673 2.080886
39 0.046646 2.127584
40 0.046962 2.174609
41 0.046699 2.221361
42 0.046857 2.26828
43 0.046995 2.315328
44 0.046948 2.362328
45 0.04673 2.409123
46 0.046891 2.456066
47 0.046898 2.503029
48 0.046847 2.54993
49 0.04684 2.596835
50 0.046833 2.643721
51 0.04692 2.690706
52 0.047081 2.737839
53 0.046907 2.78481
54 0.046873 2.831736
55 0.047015 2.878816
56 0.046833 2.925701
57 0.047017 2.972782
58 0.04699 3.019825
59 0.047039 3.066925
60 0.046986 3.113968
61 0.047175 3.161195
62 0.046839 3.208097
63 0.04715 3.255298
64 0.047006 3.302371
65 0.047102 3.349527
66 0.047056 3.396648
67 0.047024 3.443725
68 0.046956 3.490746
69 0.047001 3.5378
70 0.047034 3.584899
71 0.04621 3.631163
72 0.046467 3.677693
73 0.046513 3.724258
74 0.046053 3.770374
75 0.046001 3.816427
76 0.046237 3.862715
77 0.045916 3.908694
78 0.046078 3.954823
79 0.046063 4.000951
80 0.046075 4.047076
81 0.046132 4.093272
82 0.046047 4.13937
83 0.046143 4.185575
84 0.046057 4.231683
85 0.046235 4.277982
86 0.046119 4.324152
87 0.046147 4.370362
88 0.045972 4.416385
89 0.046215 4.462651
90 0.046729 4.509446
91 0.046802 4.5563
92 0.046654 4.603028
93 0.046642 4.649722
94 0.046707 4.696498
95 0.046852 4.743408
96 0.046755 4.790229
97 0.046723 4.837003
98 0.0467 4.88377
99 0.046726 4.930549
100 0.046943 4.977558
101 0.04689 5.024503
102 0.046842 5.071409
103 0.046611 5.118072
104 0.046866 5.164992
105 0.046679 5.211732
106 0.046944 5.258728
107 0.046741 5.305533
108 0.046884 5.352471
109 0.046864 5.399403
110 0.046978 5.446433
111 0.046978 5.493478
112 0.046981 5.540511
113 0.04686 5.587437
114 0.046874 5.634365
115 0.046881 5.681312
116 0.047015 5.728379
117 0.047117 5.77556
118 0.046964 5.822577
119 0.047069 5.869711
120 0.046798 5.916561
121 0.047263 5.963875
122 0.046903 6.010843
123 0.047095 6.05799
124 0.046898 6.104953
125 0.046939 6.151945
126 0.046985 6.198998
127 0.047157 6.246207
128 0.046437 6.292713
129 0.046374 6.339139
130 0.046742 6.385945
131 0.04658 6.432577
132 0.046473 6.479114
133 0.046429 6.525594
134 0.0466 6.572255
135 0.046443 6.618748
136 0.046528 6.665333
137 0.046347 6.711738
138 0.046668 6.758458
139 0.046408 6.804928
140 0.046464 6.851442
141 0.045836 6.897345
142 0.046524 6.94392
143 0.04625 6.990235
144 0.045921 7.036208
145 0.046031 7.082303
146 0.045888 7.128243
147 0.046093 7.174399
148 0.046098 7.220548
149 0.046345 7.266953
150 0.046032 7.313038
151 0.046134 7.359223
152 0.046072 7.405358
153 0.046061 7.451469
154 0.046047 7.497582
155 0.046062 7.543695
156 0.046115 7.589875
157 0.046062 7.635989
158 0.046151 7.682207
159 0.046062 7.72832
160 0.046177 7.774571
161 0.046004 7.820626
162 0.046246 7.866934
163 0.046027 7.913015
164 0.046324 7.95939
165 0.046132 8.005584
166 0.046231 8.051867
167 0.046255 8.098186
168 0.046171 8.144409
169 0.046505 8.190978
170 0.046327 8.237356
171 0.04627 8.283691
172 0.046244 8.329987
173 0.046414 8.376464
174 0.046288 8.422806
175 0.046954 8.469826
176 0.046715 8.516595
177 0.047006 8.563653
178 0.046924 8.610642
179 0.047146 8.657843
180 0.046935 8.704843
181 0.047028 8.751923
182 0.046965 8.798956
183 0.046852 8.845876
184 0.047049 8.892993
185 0.046848 8.939894
186 0.047019 8.986981
187 0.046984 9.034017
188 0.046899 9.080983
189 0.046855 9.127891
190 0.046977 9.174934
191 0.047029 9.222015
192 0.047137 9.269219
193 0.046836 9.316108
194 0.047099 9.363259
195 0.046989 9.410316
196 0.047042 9.457413
197 0.046932 9.504409
198 0.047082 9.551544
199 0.046982 9.598591
200 0.047009 9.645653
201 0.047081 9.692801
202 0.047153 9.740006
203 0.047032 9.78711
204 0.047117 9.834285
205 0.047096 9.881448
206 0.047106 9.928608
207 0.047108 9.975779
208 0.04704 10.022872
209 0.047421 10.070357
210 0.047004 10.117417
211 0.046547 10.164019
212 0.046589 10.210672
213 0.046833 10.257555
214 0.047081 10.3047
215 0.046741 10.351494
216 0.046669 10.398228
217 0.046731 10.445014
218 0.046728 10.491808
219 0.046986 10.538845
220 0.05659 10.595502
221 0.048154 10.643731
222 0.048058 10.691868
223 0.048305 10.740226
224 0.048808 10.789104
225 0.052238 10.841395
226 0.053056 10.894521
227 0.053916 10.948491
228 0.053096 11.001658
229 0.052129 11.053839
230 0.061968 11.115874
231 0.054258 11.170207
232 0.053997 11.224276
233 0.065894 11.29024
234 0.057733 11.348048
235 0.06249 11.410622
236 0.058548 11.469243
237 0.055217 11.524538
238 0.056119 11.580734
239 0.06725 11.648038
240 0.074558 11.722678
241 0.059729 11.7825
242 0.057286 11.839853
243 0.068058 11.907984
244 0.054788 11.962847
245 0.066207 12.029131
246 0.058895 12.08811
247 0.056889 12.145064
248 0.058362 12.203499
249 0.059821 12.263374
250 0.061017 12.324466
251 0.091253 12.4158
252 0.070139 12.486017
253 0.073451 12.559556
254 0.11483 12.674476
255 0.075489 12.750063
256 0.064629 12.814785
257 0.068054 12.882904
258 0.051441 12.934423
259 0.063531 12.998027
260 0.053297 13.051384
261 0.055064 13.106523
262 0.071158 13.177734
263 0.075206 13.253025
264 0.057503 13.310621
265 0.092728 13.403408
266 0.061049 13.464545
267 0.061459 13.526091
268 0.060559 13.58673
269 0.062582 13.649373
270 0.063031 13.712485
271 0.074999 13.787545
272 0.069009 13.856628
273 0.068706 13.925415
274 0.075803 14.001299
275 0.109678 14.111039
276 0.127414 14.238539
277 0.093962 14.332599
278 0.085464 14.418161
279 0.124562 14.542794
280 0.132385 14.675279
281 0.051184 14.726564
282 0.047307 14.773957
283 0.045783 14.819799
284 0.045901 14.865766
285 0.045569 14.911396
286 0.045791 14.957237
287 0.045808 15.00311
288 0.046206 15.049367
289 0.04599 15.095424
290 0.045999 15.141474
291 0.046058 15.187599
292 0.047231 15.234882
293 0.047325 15.282272
294 0.047094 15.329418
295 0.04749 15.376973
296 0.047339 15.424364
297 0.04315 15.46758
298 0.043267 15.510893
299 0.043423 15.55436
300 0.043172 15.597583
301 0.048247 15.645874
302 0.047043 15.692982
303 0.047181 15.740218
304 0.049272 15.789559
305 0.04816 15.837777
306 0.047224 15.885072
307 0.047442 15.932566
308 0.047325 15.979957
309 0.048773 16.028781
310 0.049847 16.078698
311 0.057267 16.136022
312 0.057715 16.193818
313 0.050883 16.244779
314 0.050368 16.295231
315 0.057989 16.353278
316 0.060645 16.414008
317 0.051823 16.46591
318 0.057077 16.523067
319 0.051698 16.57485
320 0.050984 16.625899
321 0.050866 16.676841
322 0.051512 16.728414
323 0.051479 16.779967
324 0.052373 16.832402
325 0.06179 16.894271
326 0.074446 16.968793
327 0.05328 17.022164
328 0.06027 17.082522
329 0.074297 17.156895
330 0.062454 17.219444
331 0.053479 17.273017
332 0.052263 17.325349
333 0.063131 17.388556
334 0.061729 17.450361
335 0.061743 17.512195
336 0.051336 17.563612
337 0.050698 17.614384
338 0.08205 17.696486
339 0.088431 17.785005
340 0.082846 17.867948
341 0.083307 17.951355
342 0.084688 18.036143
343 0.084657 18.1209
344 0.084708 18.205704
345 0.096332 18.302121
346 0.106947 18.409165
347 0.159882 18.569156
348 0.15258 18.721848
349 0.054877 18.776835
350 0.054294 18.831196
351 0.054233 18.885506
352 0.055535 18.941107
353 0.051476 18.992665
354 0.052882 19.045608
355 0.049043 19.094729
356 0.052585 19.147364
357 0.051137 19.198575
358 0.052237 19.25087
359 0.051659 19.302603
360 0.05279 19.355452
361 0.051885 19.407409
362 0.05151 19.458973
363 0.051564 19.510609
364 0.051188 19.561872
365 0.05168 19.613623
366 0.050998 19.664676
367 0.050726 19.71547
368 0.051623 19.767145
369 0.05133 19.818542
370 0.05612 19.874726
371 0.050597 19.925402
372 0.051156 19.976631
373 0.050023 20.02671
374 0.0497 20.07648
375 0.049973 20.126507
376 0.049225 20.175801
377 0.049233 20.225088
378 0.049163 20.274319
379 0.048429 20.322803
380 0.04883 20.371701
381 0.048681 20.420437
382 0.048548 20.469049
383 0.049466 20.518569
384 0.048778 20.567404
385 0.047878 20.615343
386 0.053223 20.66862
387 0.046855 20.715551
388 0.046945 20.762553
389 0.046513 20.809133
390 0.052111 20.861295
391 0.045902 20.907269
392 0.044711 20.952033
393 0.044722 20.99682
394 0.044517 21.041389
395 0.044378 21.085831
396 0.043815 21.129697
397 0.043826 21.173586
398 0.042641 21.216277
399 0.042935 21.259259
400 0.042786 21.302112
401 0.041525 21.343688
402 0.040385 21.384134
403 0.044479 21.428661
404 0.039642 21.468367
405 0.040035 21.508451
406 0.04629 21.554788
407 0.055314 21.610169
408 0.039671 21.649898
409 0.041927 21.691889
410 0.038081 21.730022
411 0.090432 21.820517
412 0.033008 21.853606
413 0.039687 21.893341
414 0.054145 21.94753
415 0.06169 22.009271
416 0.073878 22.083195
417 0.071086 22.154338
418 0.094555 22.248956
419 0.075172 22.324197
420 0.071019 22.395285
421 0.065959 22.461293
422 0.075088 22.536438
423 0.097367 22.633869
424 0.07487 22.708808
425 0.101757 22.810613
426 0.098336 22.909015
427 0.056848 22.965933
428 0.056379 23.022375
429 0.054565 23.076993
430 0.061917 23.138955
431 0.047787 23.186793
432 0.046007 23.232844
433 0.044022 23.276915
434 0.045496 23.322454
435 0.042645 23.365148
436 0.037099 23.402292
437 0.039965 23.442302
438 0.034324 23.476676
439 0.0364 23.513121
440 0.030577 23.543742
441 0.029097 23.572889
442 0.027726 23.600659
443 0.026517 23.627221
444 0.02456 23.651832
445 0.023448 23.675324
446 0.021866 23.697233
447 0.020579 23.717855
448 0.020933 23.738831
449 0.018617 23.757494
450 0.017997 23.775532
451 0.01964 23.795214
452 0.016193 23.811452
453 0.015218 23.826713
done 453 0.013721 23.840482
