[runlim] version:		1.7
[runlim] time limit:		3600 seconds
[runlim] real time limit:	311040000 seconds
[runlim] space limit:		80000 MB
[runlim] argv[0]:		python3.6
[runlim] argv[1]:		./netsolver-gurobi-hotspot.py
[runlim] argv[2]:		../../../instances/hadoop/hadoop_extensions/us-west1.pn
[runlim] argv[3]:		../../../instances/hadoop/hadoop_extensions/hadoop_4_2bw.vn
[runlim] argv[4]:		True
[runlim] argv[5]:		False
[runlim] argv[6]:		timelogs/hotspot/results.hotspot.us-west1.pn.hadoop_4_2bw.vn.log
[runlim] start:			Sun Sep 22 13:22:46 2019
[runlim] main pid:		35897
Academic license - for non-commercial use only
[runlim] sample:		10.0 seconds, 69.2 MB
[runlim] sample:		20.0 seconds, 69.2 MB
[runlim] sample:		30.0 seconds, 69.2 MB
[runlim] sample:		40.0 seconds, 69.2 MB
[runlim] sample:		50.0 seconds, 69.4 MB
[runlim] sample:		60.0 seconds, 71.4 MB
[runlim] sample:		70.0 seconds, 71.4 MB
[runlim] sample:		80.0 seconds, 71.4 MB
[runlim] sample:		90.0 seconds, 71.4 MB
[runlim] sample:		100.0 seconds, 71.4 MB
[runlim] sample:		110.0 seconds, 71.4 MB
[runlim] sample:		120.0 seconds, 71.5 MB
[runlim] sample:		130.0 seconds, 71.5 MB
[runlim] sample:		140.0 seconds, 71.5 MB
[runlim] sample:		150.0 seconds, 71.5 MB
[runlim] sample:		160.0 seconds, 71.5 MB
[runlim] sample:		170.0 seconds, 71.5 MB
[runlim] sample:		180.0 seconds, 79.3 MB
[runlim] sample:		190.0 seconds, 68.9 MB
[runlim] sample:		200.0 seconds, 68.7 MB
[runlim] sample:		210.0 seconds, 73.9 MB
[runlim] sample:		220.0 seconds, 75.9 MB
[runlim] sample:		230.0 seconds, 74.9 MB
[runlim] sample:		240.0 seconds, 74.3 MB
[runlim] sample:		250.0 seconds, 75.9 MB
[runlim] sample:		260.0 seconds, 72.1 MB
[runlim] sample:		270.0 seconds, 70.4 MB
[runlim] sample:		280.0 seconds, 70.8 MB
[runlim] sample:		290.0 seconds, 73.5 MB
[runlim] sample:		300.0 seconds, 72.1 MB
[runlim] sample:		310.0 seconds, 70.0 MB
[runlim] sample:		320.0 seconds, 69.8 MB
[runlim] sample:		330.0 seconds, 69.9 MB
[runlim] sample:		340.0 seconds, 69.9 MB
[runlim] sample:		350.0 seconds, 69.9 MB
[runlim] sample:		360.0 seconds, 69.9 MB
[runlim] sample:		370.0 seconds, 69.9 MB
[runlim] sample:		380.0 seconds, 69.9 MB
[runlim] sample:		390.0 seconds, 69.9 MB
[runlim] sample:		400.0 seconds, 69.9 MB
[runlim] sample:		410.0 seconds, 69.9 MB
[runlim] sample:		420.0 seconds, 69.9 MB
426.143212
2140
Median time: 0.18814 s
[runlim] end:			Sun Sep 22 13:29:52 2019
[runlim] status:		ok
[runlim] result:		0
[runlim] children:		0
[runlim] real:			426.54 seconds
[runlim] time:			426.19 seconds
[runlim] space:			84.3 MB
[runlim] samples:		4262
