# instance ../../../instances/hadoop/hadoop_extensions/us-mid2.pn
# Settings: PN=../../../instances/hadoop/hadoop_extensions/us-mid2.pn, VN=../../../instances/hadoop/hadoop_extensions/hadoop_10_1bw.vn, multi-thread=False
init 1.980795 1.980795
1 9.940137 11.920932
2 0.368354 12.289414
3 0.390176 12.679709
4 0.454959 13.134785
5 0.565007 13.699909
6 1.039949 14.739992
7 0.471644 15.211764
8 0.582598 15.794479
9 0.517397 16.311993
10 0.629909 16.942019
11 0.552487 17.494625
12 2.36172 19.856461
13 0.477761 20.334335
14 0.492611 20.827061
15 0.504713 21.331897
16 0.493625 21.825643
17 0.606119 22.431881
18 0.589198 23.021197
19 0.586639 23.607951
20 0.535736 24.143813
21 1.679316 25.823257
22 0.536173 26.359557
23 2.165557 28.525231
24 0.563554 29.088897
25 0.532601 29.621617
26 0.548057 30.1698
27 0.522697 30.692618
28 0.529894 31.222639
29 0.540296 31.763053
30 0.645806 32.408977
31 0.720402 33.129511
32 0.636377 33.766005
33 0.661849 34.427982
34 0.719105 35.147208
35 0.532859 35.680193
36 0.635989 36.316306
37 0.635242 36.951667
38 1.426521 38.378316
39 1.486355 39.864783
40 1.279822 41.144717
41 0.630235 41.775076
42 0.626404 42.401606
43 0.666372 43.068091
44 0.531759 43.599966
45 0.595578 44.195665
46 0.766389 44.962176
47 0.584508 45.546799
48 0.546385 46.093308
49 0.748378 46.841813
50 0.496344 47.338277
51 0.834824 48.173222
52 0.914338 49.087678
53 0.660396 49.748203
54 0.60501 50.353333
55 0.612936 50.966389
56 0.946611 51.913127
57 0.954599 52.867842
58 0.812324 53.680296
59 0.734616 54.415023
60 0.671734 55.086884
61 0.677023 55.764025
62 0.691002 56.455148
63 0.812684 57.267949
64 0.508269 57.776336
65 0.821078 58.597535
66 0.579319 59.176972
67 0.723843 59.900959
68 1.168973 61.070067
69 0.566464 61.636652
70 0.92688 62.563654
71 0.715017 63.278789
72 0.905735 64.18464
73 0.820684 65.005445
74 0.860581 65.866147
75 1.123782 66.990053
76 0.689186 67.679348
77 0.988851 68.668319
78 2.608409 71.276846
79 2.193314 73.470273
80 1.800919 75.271301
81 9.465774 84.737195
82 0.367283 85.104601
83 0.404106 85.50883
84 0.407064 85.916014
85 0.511424 86.427569
86 0.64953 87.077231
87 2.129114 89.206457
88 0.689934 89.896507
89 0.46578 90.362407
90 0.492993 90.855521
91 0.515262 91.370898
92 0.523875 91.894897
93 0.39561 92.290626
94 0.390457 92.681205
95 0.41734 93.098658
96 0.586939 93.685716
97 2.41972 96.105558
98 0.634855 96.740537
99 0.55358 97.294239
100 0.387347 97.681705
101 0.504309 98.186125
102 0.502692 98.688929
103 0.560024 99.249097
104 0.534402 99.783623
105 2.010878 101.794614
106 2.673686 104.46842
107 5.186113 109.654662
108 2.537455 112.192243
109 0.693906 112.886259
110 1.589309 114.475682
111 0.530647 115.006445
112 2.029659 117.036223
113 2.04406 119.080394
114 0.964379 120.044883
115 1.189268 121.234273
116 0.681276 121.915658
117 0.567735 122.483511
118 1.884055 124.367676
119 0.675725 125.04353
120 1.398572 126.442226
121 1.421136 127.863496
122 1.546306 129.409916
123 3.103309 132.513339
124 0.78071 133.294169
125 0.711191 134.00548
126 0.48768 134.493282
127 0.542734 135.036139
128 3.753202 138.789464
129 4.005425 142.795016
130 7.031141 149.826266
131 2.176676 152.003065
132 1.170568 153.173742
133 1.294811 154.468667
134 0.542784 155.01157
135 1.328636 156.340331
136 0.521306 156.861755
137 1.163636 158.025509
138 1.278629 159.304249
139 0.57992 159.884291
140 1.237956 161.122359
141 1.023002 162.145472
142 1.02135 163.16694
143 0.583566 163.750621
144 1.289936 165.040685
145 1.109865 166.150675
146 0.880935 167.031728
147 0.810231 167.842071
148 9.358139 177.20033
149 0.623636 177.824091
150 0.867519 178.691729
151 1.430357 180.122213
152 0.464291 180.586614
153 4.327326 184.914064
154 4.725394 189.639588
155 10.887599 200.527304
156 3.671204 204.198633
157 3.611322 207.810071
158 0.473059 208.283238
159 0.40235 208.685706
160 0.370688 209.05651
161 1.885361 210.941996
162 0.444083 211.386199
163 0.441345 211.827659
164 0.448456 212.276231
165 0.476369 212.752719
166 1.355831 214.10867
167 0.480425 214.58922
168 1.007756 215.597101
169 0.853679 216.450897
170 0.533799 216.984812
171 0.574899 217.559824
172 1.610072 219.170037
173 0.778844 219.949
174 0.74285 220.691988
175 0.966147 221.658261
176 0.78156 222.439936
177 0.866572 223.306631
178 0.8491 224.155857
179 0.830931 224.986906
180 0.945937 225.932974
181 0.773722 226.706833
182 1.392393 228.099346
183 0.741212 228.840683
184 0.845752 229.686556
185 0.767736 230.454404
186 0.920344 231.374866
187 0.947668 232.322656
188 1.941249 234.264023
189 1.14271 235.406845
190 2.411287 237.818252
191 1.268472 239.086841
192 2.657818 241.744776
193 3.669932 245.414819
194 1.553579 246.968522
195 0.906461 247.875099
196 1.910262 249.785488
197 1.012971 250.798575
198 1.147156 251.945852
199 1.267555 253.213524
200 1.043497 254.257149
201 1.152021 255.409293
202 0.879982 256.289392
203 3.330839 259.620351
204 5.184569 264.805035
205 2.117641 266.92281
206 1.857278 268.78021
207 1.657397 270.437729
208 5.573638 276.011498
209 2.894321 278.905936
210 1.074655 279.980716
211 4.756243 284.737077
212 5.00358 289.740784
213 3.802974 293.543876
214 4.517126 298.061123
215 5.899746 303.960987
216 1.07246 305.03357
217 1.064153 306.097838
218 1.026041 307.123998
219 0.953954 308.078068
220 1.06381 309.142
221 2.00637 311.14849
222 0.98638 312.134989
223 1.065197 313.200311
224 2.032893 315.233326
225 1.481434 316.714893
226 1.131897 317.846898
227 2.27795 320.124972
228 2.48778 322.612885
229 2.64378 325.256788
230 1.166886 326.423793
231 1.254205 327.678124
232 1.85876 329.537015
233 1.443607 330.980769
234 3.344069 334.324959
235 2.82137 337.146477
236 2.215856 339.362457
237 2.188346 341.550933
238 2.19164 343.742702
239 1.486117 345.228946
240 2.640825 347.869915
241 1.229944 349.099984
242 1.925779 351.02589
243 1.305941 352.331962
244 1.630532 353.962623
245 5.111655 359.074408
246 2.758481 361.833015
247 2.96101 364.794162
248 2.49107 367.285359
249 1.70783 368.993314
250 1.718733 370.712173
251 7.438398 378.150696
252 3.352349 381.503174
253 3.440474 384.943773
254 2.783694 387.727601
255 2.259778 389.987502
256 2.958922 392.946553
257 1.577733 394.524408
258 1.712794 396.237332
259 3.003165 399.24063
260 2.32538 401.566138
261 2.060644 403.626917
262 3.124545 406.75159
263 1.453225 408.204941
264 1.563683 409.76877
265 2.243263 412.012147
266 2.152359 414.164631
267 3.552092 417.716851
268 3.011666 420.728632
269 1.972976 422.701739
270 3.267583 425.969431
271 3.30179 429.271347
272 3.24869 432.520163
273 1.365787 433.886074
274 1.300714 435.186898
275 1.337869 436.524898
276 1.44836 437.97337
277 1.190905 439.164388
278 1.490594 440.655102
279 1.139755 441.794966
280 1.982216 443.777296
281 1.82543 445.602832
282 1.003447 446.606387
283 1.037166 447.643676
284 1.00791 448.651711
done 284 1.204064 449.855884
