[runlim] version:		1.7
[runlim] time limit:		3600 seconds
[runlim] real time limit:	311040000 seconds
[runlim] space limit:		80000 MB
[runlim] argv[0]:		python3.6
[runlim] argv[1]:		./netsolver-gurobi-hotspot.py
[runlim] argv[2]:		../../../instances/hadoop/hadoop_extensions/us-mid2.pn
[runlim] argv[3]:		../../../instances/hadoop/hadoop_extensions/hadoop_10_1bw.vn
[runlim] argv[4]:		True
[runlim] argv[5]:		False
[runlim] argv[6]:		timelogs/hotspot/results.hotspot.us-mid2.pn.hadoop_10_1bw.vn.log
[runlim] start:			Sun Sep 22 12:42:55 2019
[runlim] main pid:		35869
Academic license - for non-commercial use only
[runlim] sample:		10.0 seconds, 117.5 MB
[runlim] sample:		20.0 seconds, 115.3 MB
[runlim] sample:		30.0 seconds, 116.3 MB
[runlim] sample:		40.0 seconds, 116.1 MB
[runlim] sample:		50.0 seconds, 118.3 MB
[runlim] sample:		60.0 seconds, 117.9 MB
[runlim] sample:		70.0 seconds, 118.7 MB
[runlim] sample:		80.0 seconds, 125.7 MB
[runlim] sample:		90.0 seconds, 117.7 MB
[runlim] sample:		100.0 seconds, 116.5 MB
[runlim] sample:		110.0 seconds, 111.5 MB
[runlim] sample:		120.0 seconds, 122.9 MB
[runlim] sample:		130.0 seconds, 111.5 MB
[runlim] sample:		140.0 seconds, 124.8 MB
[runlim] sample:		150.0 seconds, 122.9 MB
[runlim] sample:		160.0 seconds, 117.8 MB
[runlim] sample:		170.0 seconds, 125.1 MB
[runlim] sample:		180.0 seconds, 122.4 MB
[runlim] sample:		190.0 seconds, 119.8 MB
[runlim] sample:		200.0 seconds, 120.4 MB
[runlim] sample:		210.0 seconds, 123.9 MB
[runlim] sample:		220.0 seconds, 116.1 MB
[runlim] sample:		230.0 seconds, 115.8 MB
[runlim] sample:		240.0 seconds, 117.5 MB
[runlim] sample:		250.0 seconds, 116.5 MB
[runlim] sample:		260.0 seconds, 114.4 MB
[runlim] sample:		270.0 seconds, 116.5 MB
[runlim] sample:		280.0 seconds, 115.2 MB
[runlim] sample:		290.0 seconds, 112.6 MB
[runlim] sample:		300.0 seconds, 113.3 MB
[runlim] sample:		310.0 seconds, 111.4 MB
[runlim] sample:		320.0 seconds, 116.8 MB
[runlim] sample:		330.0 seconds, 115.9 MB
[runlim] sample:		340.0 seconds, 115.3 MB
[runlim] sample:		350.0 seconds, 116.8 MB
[runlim] sample:		360.0 seconds, 110.6 MB
[runlim] sample:		370.0 seconds, 114.4 MB
[runlim] sample:		380.0 seconds, 115.2 MB
[runlim] sample:		390.0 seconds, 115.2 MB
[runlim] sample:		400.0 seconds, 115.2 MB
[runlim] sample:		410.0 seconds, 115.2 MB
[runlim] sample:		420.0 seconds, 115.2 MB
[runlim] sample:		430.0 seconds, 115.2 MB
[runlim] sample:		440.0 seconds, 115.2 MB
449.855884
284
Median time: 1.02452 s
[runlim] sample:		450.0 seconds, 79.4 MB
[runlim] end:			Sun Sep 22 12:50:25 2019
[runlim] status:		ok
[runlim] result:		0
[runlim] children:		0
[runlim] real:			450.10 seconds
[runlim] time:			449.99 seconds
[runlim] space:			137.8 MB
[runlim] samples:		4500
