[runlim] version:		1.7
[runlim] time limit:		3600 seconds
[runlim] real time limit:	311040000 seconds
[runlim] space limit:		80000 MB
[runlim] argv[0]:		python3.6
[runlim] argv[1]:		./netsolver-gurobi-hotspot.py
[runlim] argv[2]:		../../../instances/hadoop/hadoop_extensions/us-west2.pn
[runlim] argv[3]:		../../../instances/hadoop/hadoop_extensions/hadoop_10_2bw.vn
[runlim] argv[4]:		True
[runlim] argv[5]:		False
[runlim] argv[6]:		timelogs/hotspot/results.hotspot.us-west2.pn.hadoop_10_2bw.vn.log
[runlim] start:			Sun Sep 22 14:43:30 2019
[runlim] main pid:		35987
Academic license - for non-commercial use only
[runlim] sample:		10.0 seconds, 57.9 MB
[runlim] sample:		20.0 seconds, 55.5 MB
[runlim] sample:		30.0 seconds, 53.0 MB
37.67887
68
Median time: 0.346317 s
[runlim] end:			Sun Sep 22 14:44:08 2019
[runlim] status:		ok
[runlim] result:		0
[runlim] children:		0
[runlim] real:			38.48 seconds
[runlim] time:			37.69 seconds
[runlim] space:			65.0 MB
[runlim] samples:		377
