# instance ../../../instances/hadoop/hadoop_extensions/us-mid1.pn
# Settings: PN=../../../instances/hadoop/hadoop_extensions/us-mid1.pn, VN=../../../instances/hadoop/hadoop_extensions/hadoop_10_1bw.vn, multi-thread=False
init 0.92269 0.92269
1 2.751645 3.674335
2 0.175368 3.849818
3 0.186879 4.036818
4 0.304945 4.341877
5 0.241931 4.583925
6 0.251739 4.835775
7 0.309886 5.145777
8 0.245843 5.39174
9 0.29609 5.687947
10 0.291501 5.979574
11 0.360023 6.339715
12 0.406224 6.746053
13 0.248766 6.994928
14 0.348973 7.344018
15 0.480728 7.824866
16 0.327541 8.152522
17 0.353859 8.506503
18 0.258031 8.764654
19 0.44615 9.210924
20 0.605342 9.816377
21 0.486346 10.302833
22 0.32981 10.632751
23 0.311169 10.94404
24 0.254955 11.19912
25 0.252561 11.451798
26 0.78566 12.23758
27 1.885373 14.123062
28 0.336075 14.459262
29 0.236685 14.696068
30 0.322345 15.018526
31 0.274559 15.293204
32 3.123134 18.416451
33 1.343388 19.759948
34 1.426913 21.186972
35 1.296698 22.483802
36 1.553193 24.037108
37 1.3392 25.376417
38 2.933234 28.309765
39 0.353763 28.663635
40 0.213615 28.877377
41 0.217636 29.095135
42 0.216184 29.311436
43 0.219352 29.530904
44 0.238989 29.770009
45 0.335904 30.106031
46 1.989877 32.096025
47 0.348282 32.444423
48 0.33238 32.776919
49 0.36765 33.144682
50 0.290377 33.435172
51 0.326694 33.76198
52 0.187694 33.949796
53 0.270705 34.220613
54 0.177371 34.398102
55 0.358862 34.75708
56 0.725638 35.482837
57 0.762474 36.245421
58 0.297176 36.542715
59 0.420905 36.963741
60 0.659698 37.623552
61 0.804046 38.42771
62 0.835818 39.263645
63 2.617742 41.881495
64 0.701537 42.583155
65 1.70926 44.292535
66 1.726015 46.018662
67 2.382372 48.401148
68 1.921484 50.322749
69 0.377561 50.700411
70 0.418413 51.118938
71 0.384775 51.503829
72 0.463357 51.967307
73 0.665751 52.633184
74 0.628854 53.262159
75 0.450722 53.713001
76 1.123089 54.83621
77 1.265523 56.101838
78 0.63699 56.738944
79 0.668809 57.407869
80 0.680112 58.0881
81 1.069904 59.158128
82 0.413203 59.571436
83 0.415516 59.987071
84 0.400883 60.388082
85 0.55068 60.938886
86 0.819329 61.758322
87 0.693357 62.451801
88 0.483108 62.935024
89 0.498658 63.433811
90 1.518966 64.952896
91 1.624455 66.577464
92 0.728707 67.306286
93 1.663621 68.970021
94 1.970617 70.940746
95 0.508533 71.449388
96 0.535361 71.984867
97 0.561077 72.546066
98 0.580095 73.12628
99 0.606596 73.73299
100 0.629341 74.362446
101 0.541939 74.904498
102 0.823039 75.727653
103 0.57551 76.303271
104 1.372624 77.676002
105 0.48746 78.163572
106 0.732914 78.896611
107 0.747202 79.643919
108 0.470069 80.114099
109 0.620495 80.734705
110 0.608155 81.342973
111 0.457819 81.800909
112 0.905964 82.706984
113 0.424934 83.132036
114 0.408344 83.540495
115 0.64329 84.183902
116 0.392234 84.576244
done 116 0.513851 85.090188
