[runlim] version:		1.7
[runlim] time limit:		3600 seconds
[runlim] real time limit:	311040000 seconds
[runlim] space limit:		80000 MB
[runlim] argv[0]:		python3.6
[runlim] argv[1]:		./netsolver-gurobi-softaffinity.py
[runlim] argv[2]:		../../../instances/hadoop/hadoop_extensions/us-mid2.pn
[runlim] argv[3]:		../../../instances/hadoop/hadoop_extensions/hadoop_10_1bw.vn
[runlim] argv[4]:		True
[runlim] argv[5]:		False
[runlim] argv[6]:		timelogs/softaffinity/results.softaffinity.us-mid2.pn.hadoop_10_1bw.vn.log
[runlim] start:			Sun Sep 22 15:55:23 2019
[runlim] main pid:		40697
Academic license - for non-commercial use only
[runlim] sample:		10.0 seconds, 142.5 MB
[runlim] sample:		20.0 seconds, 134.3 MB
[runlim] sample:		30.0 seconds, 135.5 MB
[runlim] sample:		40.0 seconds, 138.3 MB
[runlim] sample:		50.0 seconds, 142.7 MB
[runlim] sample:		60.0 seconds, 134.2 MB
[runlim] sample:		70.0 seconds, 147.8 MB
[runlim] sample:		80.0 seconds, 135.5 MB
[runlim] sample:		90.0 seconds, 129.7 MB
[runlim] sample:		100.0 seconds, 149.4 MB
[runlim] sample:		110.0 seconds, 132.5 MB
[runlim] sample:		120.0 seconds, 134.1 MB
[runlim] sample:		130.0 seconds, 115.5 MB
[runlim] sample:		140.0 seconds, 135.2 MB
[runlim] sample:		150.0 seconds, 104.7 MB
[runlim] sample:		160.0 seconds, 97.9 MB
[runlim] sample:		170.0 seconds, 136.8 MB
[runlim] sample:		180.0 seconds, 140.2 MB
[runlim] sample:		190.0 seconds, 139.2 MB
[runlim] sample:		200.0 seconds, 131.3 MB
[runlim] sample:		210.0 seconds, 139.3 MB
[runlim] sample:		220.0 seconds, 140.3 MB
[runlim] sample:		230.0 seconds, 115.4 MB
[runlim] sample:		240.0 seconds, 115.0 MB
[runlim] sample:		250.0 seconds, 115.3 MB
[runlim] sample:		260.0 seconds, 132.8 MB
[runlim] sample:		270.0 seconds, 146.5 MB
[runlim] sample:		280.0 seconds, 138.8 MB
[runlim] sample:		290.0 seconds, 129.6 MB
[runlim] sample:		300.0 seconds, 137.9 MB
[runlim] sample:		310.0 seconds, 127.8 MB
[runlim] sample:		320.0 seconds, 130.4 MB
[runlim] sample:		330.0 seconds, 140.1 MB
[runlim] sample:		340.0 seconds, 144.8 MB
[runlim] sample:		350.0 seconds, 142.3 MB
[runlim] sample:		360.0 seconds, 145.5 MB
[runlim] sample:		370.0 seconds, 144.8 MB
[runlim] sample:		380.0 seconds, 136.2 MB
[runlim] sample:		390.0 seconds, 137.1 MB
[runlim] sample:		400.0 seconds, 138.4 MB
[runlim] sample:		410.0 seconds, 138.8 MB
[runlim] sample:		420.0 seconds, 143.6 MB
[runlim] sample:		430.0 seconds, 114.2 MB
[runlim] sample:		440.0 seconds, 134.4 MB
[runlim] sample:		450.0 seconds, 136.4 MB
[runlim] sample:		460.0 seconds, 97.3 MB
[runlim] sample:		470.0 seconds, 134.2 MB
[runlim] sample:		480.0 seconds, 155.0 MB
[runlim] sample:		490.0 seconds, 137.2 MB
[runlim] sample:		500.0 seconds, 132.3 MB
[runlim] sample:		510.0 seconds, 126.9 MB
[runlim] sample:		520.0 seconds, 129.1 MB
[runlim] sample:		530.0 seconds, 137.6 MB
[runlim] sample:		540.0 seconds, 126.7 MB
[runlim] sample:		550.0 seconds, 126.8 MB
[runlim] sample:		560.0 seconds, 136.0 MB
[runlim] sample:		570.0 seconds, 132.1 MB
[runlim] sample:		580.0 seconds, 135.6 MB
[runlim] sample:		590.0 seconds, 136.3 MB
[runlim] sample:		600.0 seconds, 141.1 MB
[runlim] sample:		610.0 seconds, 127.6 MB
[runlim] sample:		620.0 seconds, 142.7 MB
[runlim] sample:		630.0 seconds, 130.1 MB
[runlim] sample:		640.0 seconds, 136.7 MB
[runlim] sample:		650.0 seconds, 129.9 MB
[runlim] sample:		660.0 seconds, 134.0 MB
[runlim] sample:		670.0 seconds, 129.5 MB
[runlim] sample:		680.0 seconds, 137.6 MB
[runlim] sample:		690.0 seconds, 125.0 MB
[runlim] sample:		700.0 seconds, 140.2 MB
[runlim] sample:		710.0 seconds, 136.2 MB
[runlim] sample:		720.0 seconds, 141.3 MB
[runlim] sample:		730.0 seconds, 128.6 MB
[runlim] sample:		740.0 seconds, 137.5 MB
[runlim] sample:		750.0 seconds, 124.9 MB
[runlim] sample:		760.0 seconds, 125.3 MB
[runlim] sample:		770.0 seconds, 135.8 MB
[runlim] sample:		780.0 seconds, 100.6 MB
[runlim] sample:		790.0 seconds, 112.8 MB
[runlim] sample:		800.0 seconds, 112.7 MB
[runlim] sample:		810.0 seconds, 112.8 MB
[runlim] sample:		820.0 seconds, 112.6 MB
[runlim] sample:		830.0 seconds, 97.5 MB
[runlim] sample:		840.0 seconds, 123.6 MB
[runlim] sample:		850.0 seconds, 136.5 MB
[runlim] sample:		860.0 seconds, 140.4 MB
[runlim] sample:		870.0 seconds, 138.2 MB
[runlim] sample:		880.0 seconds, 129.5 MB
[runlim] sample:		890.0 seconds, 112.1 MB
[runlim] sample:		900.0 seconds, 130.9 MB
[runlim] sample:		910.0 seconds, 129.1 MB
[runlim] sample:		920.0 seconds, 128.1 MB
[runlim] sample:		930.0 seconds, 129.2 MB
[runlim] sample:		940.0 seconds, 126.1 MB
[runlim] sample:		950.0 seconds, 128.1 MB
[runlim] sample:		960.0 seconds, 119.9 MB
[runlim] sample:		970.0 seconds, 124.0 MB
[runlim] sample:		980.0 seconds, 123.9 MB
[runlim] sample:		990.0 seconds, 126.0 MB
[runlim] sample:		1000.0 seconds, 127.5 MB
[runlim] sample:		1010.0 seconds, 123.4 MB
[runlim] sample:		1020.0 seconds, 134.3 MB
[runlim] sample:		1030.0 seconds, 125.8 MB
[runlim] sample:		1040.0 seconds, 124.5 MB
[runlim] sample:		1050.0 seconds, 125.5 MB
[runlim] sample:		1060.0 seconds, 125.5 MB
[runlim] sample:		1070.0 seconds, 128.1 MB
[runlim] sample:		1080.0 seconds, 126.7 MB
[runlim] sample:		1090.0 seconds, 139.9 MB
[runlim] sample:		1100.0 seconds, 138.4 MB
[runlim] sample:		1110.0 seconds, 137.9 MB
[runlim] sample:		1120.0 seconds, 132.7 MB
[runlim] sample:		1130.0 seconds, 127.0 MB
[runlim] sample:		1140.0 seconds, 122.7 MB
[runlim] sample:		1150.0 seconds, 131.0 MB
[runlim] sample:		1160.0 seconds, 134.0 MB
[runlim] sample:		1170.0 seconds, 125.7 MB
[runlim] sample:		1180.0 seconds, 126.2 MB
[runlim] sample:		1190.0 seconds, 111.1 MB
[runlim] sample:		1200.0 seconds, 122.2 MB
[runlim] sample:		1210.0 seconds, 122.9 MB
[runlim] sample:		1220.0 seconds, 136.5 MB
[runlim] sample:		1230.0 seconds, 136.2 MB
[runlim] sample:		1240.0 seconds, 124.6 MB
[runlim] sample:		1250.0 seconds, 102.2 MB
[runlim] sample:		1260.0 seconds, 119.7 MB
[runlim] sample:		1270.0 seconds, 123.6 MB
[runlim] sample:		1280.0 seconds, 110.6 MB
[runlim] sample:		1290.0 seconds, 121.8 MB
[runlim] sample:		1300.0 seconds, 132.2 MB
[runlim] sample:		1310.0 seconds, 125.7 MB
[runlim] sample:		1320.0 seconds, 137.2 MB
[runlim] sample:		1330.0 seconds, 136.4 MB
[runlim] sample:		1340.0 seconds, 124.5 MB
[runlim] sample:		1350.0 seconds, 121.9 MB
[runlim] sample:		1360.0 seconds, 115.7 MB
[runlim] sample:		1370.0 seconds, 124.3 MB
[runlim] sample:		1380.0 seconds, 115.6 MB
[runlim] sample:		1390.0 seconds, 133.7 MB
[runlim] sample:		1400.0 seconds, 124.1 MB
[runlim] sample:		1410.0 seconds, 124.1 MB
[runlim] sample:		1420.0 seconds, 123.8 MB
[runlim] sample:		1430.0 seconds, 122.6 MB
[runlim] sample:		1440.0 seconds, 119.0 MB
[runlim] sample:		1450.0 seconds, 128.0 MB
[runlim] sample:		1460.0 seconds, 109.5 MB
[runlim] sample:		1470.0 seconds, 118.5 MB
[runlim] sample:		1480.0 seconds, 131.2 MB
[runlim] sample:		1490.0 seconds, 118.4 MB
[runlim] sample:		1500.0 seconds, 132.7 MB
[runlim] sample:		1510.0 seconds, 108.7 MB
[runlim] sample:		1520.0 seconds, 128.7 MB
[runlim] sample:		1530.0 seconds, 124.4 MB
[runlim] sample:		1540.0 seconds, 123.3 MB
[runlim] sample:		1550.0 seconds, 100.5 MB
[runlim] sample:		1560.0 seconds, 124.4 MB
[runlim] sample:		1570.0 seconds, 112.9 MB
[runlim] sample:		1580.0 seconds, 125.2 MB
[runlim] sample:		1590.0 seconds, 118.9 MB
[runlim] sample:		1600.0 seconds, 118.7 MB
[runlim] sample:		1610.0 seconds, 117.0 MB
[runlim] sample:		1620.0 seconds, 120.6 MB
[runlim] sample:		1630.0 seconds, 108.2 MB
[runlim] sample:		1640.0 seconds, 115.2 MB
[runlim] sample:		1650.0 seconds, 108.2 MB
[runlim] sample:		1660.0 seconds, 120.2 MB
[runlim] sample:		1670.0 seconds, 100.2 MB
[runlim] sample:		1680.0 seconds, 126.6 MB
[runlim] sample:		1690.0 seconds, 128.9 MB
[runlim] sample:		1700.0 seconds, 129.1 MB
[runlim] sample:		1710.0 seconds, 119.0 MB
[runlim] sample:		1719.9 seconds, 117.6 MB
[runlim] sample:		1730.0 seconds, 107.5 MB
[runlim] sample:		1740.0 seconds, 117.4 MB
[runlim] sample:		1749.9 seconds, 115.2 MB
[runlim] sample:		1760.0 seconds, 100.2 MB
[runlim] sample:		1769.9 seconds, 127.6 MB
[runlim] sample:		1779.9 seconds, 115.4 MB
[runlim] sample:		1789.9 seconds, 107.2 MB
[runlim] sample:		1800.0 seconds, 107.1 MB
[runlim] sample:		1810.0 seconds, 106.7 MB
[runlim] sample:		1819.9 seconds, 106.5 MB
[runlim] sample:		1830.0 seconds, 125.7 MB
[runlim] sample:		1840.0 seconds, 122.8 MB
[runlim] sample:		1850.0 seconds, 114.7 MB
[runlim] sample:		1859.9 seconds, 117.3 MB
[runlim] sample:		1870.0 seconds, 100.2 MB
[runlim] sample:		1880.0 seconds, 131.2 MB
[runlim] sample:		1889.9 seconds, 127.7 MB
[runlim] sample:		1899.9 seconds, 118.7 MB
[runlim] sample:		1910.0 seconds, 123.5 MB
[runlim] sample:		1919.9 seconds, 123.3 MB
[runlim] sample:		1929.9 seconds, 113.6 MB
[runlim] sample:		1939.9 seconds, 125.2 MB
[runlim] sample:		1949.9 seconds, 114.4 MB
[runlim] sample:		1959.9 seconds, 125.0 MB
[runlim] sample:		1969.9 seconds, 117.5 MB
[runlim] sample:		1979.9 seconds, 115.4 MB
[runlim] sample:		1989.9 seconds, 112.5 MB
[runlim] sample:		1999.9 seconds, 116.3 MB
[runlim] sample:		2009.9 seconds, 119.8 MB
[runlim] sample:		2019.9 seconds, 105.3 MB
[runlim] sample:		2029.9 seconds, 128.8 MB
[runlim] sample:		2039.9 seconds, 118.8 MB
[runlim] sample:		2049.9 seconds, 120.6 MB
[runlim] sample:		2059.9 seconds, 116.1 MB
[runlim] sample:		2069.9 seconds, 111.4 MB
[runlim] sample:		2079.9 seconds, 116.1 MB
[runlim] sample:		2089.9 seconds, 112.5 MB
[runlim] sample:		2099.9 seconds, 115.3 MB
[runlim] sample:		2109.9 seconds, 104.3 MB
[runlim] sample:		2119.9 seconds, 111.2 MB
[runlim] sample:		2129.9 seconds, 96.8 MB
[runlim] sample:		2139.9 seconds, 118.7 MB
[runlim] sample:		2149.9 seconds, 115.1 MB
[runlim] sample:		2159.9 seconds, 126.9 MB
[runlim] sample:		2169.9 seconds, 124.9 MB
[runlim] sample:		2179.9 seconds, 122.6 MB
[runlim] sample:		2189.9 seconds, 118.6 MB
[runlim] sample:		2199.9 seconds, 119.6 MB
[runlim] sample:		2209.9 seconds, 119.2 MB
[runlim] sample:		2219.9 seconds, 123.6 MB
[runlim] sample:		2229.9 seconds, 117.7 MB
[runlim] sample:		2239.9 seconds, 123.9 MB
[runlim] sample:		2249.9 seconds, 102.6 MB
[runlim] sample:		2259.9 seconds, 116.8 MB
[runlim] sample:		2269.9 seconds, 118.2 MB
[runlim] sample:		2279.9 seconds, 115.7 MB
[runlim] sample:		2289.9 seconds, 114.2 MB
[runlim] sample:		2299.9 seconds, 119.2 MB
[runlim] sample:		2309.9 seconds, 107.8 MB
[runlim] sample:		2319.9 seconds, 118.2 MB
[runlim] sample:		2329.9 seconds, 117.6 MB
[runlim] sample:		2339.9 seconds, 114.4 MB
[runlim] sample:		2349.9 seconds, 112.9 MB
[runlim] sample:		2359.9 seconds, 113.8 MB
[runlim] sample:		2369.9 seconds, 113.3 MB
[runlim] sample:		2379.9 seconds, 113.3 MB
[runlim] sample:		2389.9 seconds, 113.1 MB
[runlim] sample:		2399.9 seconds, 96.0 MB
[runlim] sample:		2409.9 seconds, 116.8 MB
[runlim] sample:		2419.9 seconds, 96.4 MB
[runlim] sample:		2429.9 seconds, 110.2 MB
[runlim] sample:		2439.9 seconds, 113.0 MB
[runlim] sample:		2449.9 seconds, 96.2 MB
[runlim] sample:		2459.9 seconds, 112.9 MB
[runlim] sample:		2469.9 seconds, 109.8 MB
[runlim] sample:		2479.9 seconds, 110.9 MB
[runlim] sample:		2489.9 seconds, 108.5 MB
[runlim] sample:		2499.9 seconds, 109.6 MB
[runlim] sample:		2509.9 seconds, 110.4 MB
[runlim] sample:		2519.9 seconds, 107.1 MB
[runlim] sample:		2529.9 seconds, 96.2 MB
[runlim] sample:		2539.9 seconds, 106.9 MB
[runlim] sample:		2549.9 seconds, 107.2 MB
[runlim] sample:		2559.9 seconds, 105.5 MB
[runlim] sample:		2569.9 seconds, 112.4 MB
[runlim] sample:		2579.9 seconds, 96.2 MB
[runlim] sample:		2589.9 seconds, 109.6 MB
[runlim] sample:		2599.9 seconds, 94.4 MB
[runlim] sample:		2609.9 seconds, 101.9 MB
[runlim] sample:		2619.9 seconds, 105.7 MB
[runlim] sample:		2629.9 seconds, 100.0 MB
[runlim] sample:		2639.9 seconds, 104.7 MB
[runlim] sample:		2649.9 seconds, 102.1 MB
[runlim] sample:		2659.9 seconds, 101.4 MB
[runlim] sample:		2669.9 seconds, 103.2 MB
[runlim] sample:		2679.9 seconds, 103.2 MB
2688.612386
640
Median time: 2.94381 s
[runlim] end:			Sun Sep 22 16:40:12 2019
[runlim] status:		ok
[runlim] result:		0
[runlim] children:		0
[runlim] real:			2689.22 seconds
[runlim] time:			2688.62 seconds
[runlim] space:			162.1 MB
[runlim] samples:		26887
