# instance ../../../instances/hadoop/hadoop_extensions/us-mid1.pn
# Settings: PN=../../../instances/hadoop/hadoop_extensions/us-mid1.pn, VN=../../../instances/hadoop/hadoop_extensions/hadoop_10_1bw.vn, multi-thread=False
init 0.970645 0.970645
1 3.552764 4.523409
2 2.404364 6.927897
3 2.277847 9.205867
4 2.830442 12.036443
5 3.165026 15.201593
6 3.223595 18.425314
7 2.716733 21.142163
8 3.57296 24.715248
9 3.083746 27.799117
10 2.333913 30.133151
11 2.321623 32.454894
12 2.338092 34.793113
13 2.439828 37.233064
14 2.52007 39.753254
15 2.63072 42.3841
16 2.678842 45.063063
17 2.187682 47.250873
18 2.364672 49.615668
19 2.825155 52.440942
20 2.26416 54.705227
21 2.099487 56.804839
22 2.242744 59.047705
23 2.127259 61.17509
24 2.333298 63.508512
25 2.423015 65.931651
26 2.463735 68.395512
27 1.873888 70.269525
28 1.452369 71.722011
29 2.607814 74.329948
30 2.388792 76.718865
31 1.885909 78.604893
32 2.175189 80.780207
33 2.433146 83.213474
34 2.014402 85.227998
35 2.268293 87.496415
36 2.036824 89.53336
37 2.394832 91.928314
38 2.34547 94.273908
39 1.955331 96.229371
40 2.197214 98.426703
41 1.912071 100.3389
42 2.007681 102.346697
43 1.892501 104.23932
44 1.932496 106.171942
45 2.146563 108.31863
46 2.065869 110.384614
47 1.678265 112.062998
48 1.764324 113.827448
49 1.622452 115.45002
50 1.787585 117.237725
51 1.660708 118.898555
52 1.791773 120.690459
53 2.164921 122.855501
54 2.142415 124.998038
55 1.773981 126.772143
56 1.712603 128.484866
57 1.644429 130.12942
58 2.218173 132.347715
59 1.767695 134.115537
60 1.617293 135.732959
61 1.519357 137.252436
62 1.630445 138.883005
63 1.869566 140.752694
64 1.761967 142.514784
65 1.39626 143.911168
66 1.471982 145.383273
67 1.544138 146.927533
68 1.624667 148.55232
69 1.469167 150.021605
70 2.144246 152.165958
71 1.871783 154.037862
72 1.596561 155.634551
73 1.372436 157.007108
74 1.679871 158.6871
75 1.576524 160.263746
76 1.580506 161.844378
77 1.576899 163.421403
78 1.790231 165.211752
79 1.490681 166.702554
80 1.520364 168.22304
81 1.45863 169.68179
82 1.384661 171.066569
83 1.553265 172.619956
84 1.694461 174.314536
85 1.386298 175.700965
86 1.396254 177.097341
87 1.581048 178.678512
88 1.537637 180.216266
89 1.746717 181.963098
90 1.427536 183.390755
91 1.464527 184.855401
92 1.326521 186.182041
93 1.21827 187.400431
94 1.327335 188.727886
95 1.341984 190.069988
96 1.279763 191.349858
97 1.119255 192.469254
98 1.273175 193.742553
99 1.430207 195.172884
100 1.102898 196.275902
101 1.355148 197.631169
102 1.149359 198.780651
103 1.833399 200.614179
104 1.336864 201.951164
105 1.792184 203.743467
106 1.132693 204.876279
107 1.422305 206.298704
108 1.13188 207.4307
109 1.458921 208.889739
110 1.316554 210.206414
111 1.095477 211.302015
112 1.344672 212.646806
113 1.175343 213.822271
114 1.186965 215.009352
115 1.24814 216.257623
116 1.178266 217.436009
117 1.045889 218.482014
118 1.284279 219.766408
119 1.379271 221.145797
120 1.304655 222.450581
121 1.174466 223.625173
122 0.99459 224.619882
123 1.05563 225.67563
124 0.87411 226.549855
125 1.016891 227.566877
126 1.121853 228.688849
127 1.101567 229.790542
128 0.944612 230.73528
129 1.068753 231.804152
130 1.41883 233.2231
131 0.851983 234.075201
132 1.175042 235.250366
133 1.119599 236.370088
134 1.41817 237.788375
135 1.155198 238.943693
136 1.470915 240.414731
137 1.071571 241.486419
138 1.111858 242.598396
139 1.355873 243.954393
140 1.199798 245.154311
141 1.065401 246.219836
142 1.045088 247.265043
143 0.994175 248.25934
144 0.927817 249.187275
145 1.174648 250.362048
146 1.357678 251.719847
147 1.070895 252.790859
148 0.737955 253.52894
149 1.078416 254.607477
150 0.880188 255.487783
151 0.833154 256.321062
152 1.023875 257.345057
153 0.942005 258.287183
154 0.772506 259.05981
155 1.036828 260.09676
156 0.802169 260.899033
157 0.813977 261.713127
158 1.087882 262.80113
159 1.226766 264.02802
160 1.000681 265.028817
161 0.764084 265.793021
162 0.909638 266.702777
163 0.697993 267.400886
164 0.875759 268.276766
165 0.859923 269.136805
166 0.928541 270.065464
167 0.775496 270.841079
168 1.078031 271.919235
169 0.85268 272.772031
170 0.842665 273.614831
171 0.873754 274.488711
172 0.727691 275.216525
173 0.777417 275.994058
174 0.757803 276.751982
175 0.808305 277.560409
176 0.885517 278.446043
177 0.728533 279.174696
178 0.713862 279.888673
179 0.699847 280.588643
180 0.715619 281.304381
181 0.699978 282.004479
182 0.660028 282.664634
183 0.719763 283.384521
184 0.733717 284.118357
185 0.701544 284.82002
186 0.679132 285.499269
187 0.693992 286.193377
188 0.607669 286.801165
189 0.692269 287.493556
190 0.68274 288.176416
191 0.717801 288.894338
192 0.587707 289.48217
193 0.542897 290.025189
194 0.596213 290.621508
195 0.842358 291.463986
196 0.684032 292.148134
197 0.566851 292.715105
198 0.805163 293.52039
199 0.603132 294.123639
200 0.690125 294.813884
201 0.553148 295.367164
202 0.829637 296.196921
203 0.596307 296.793348
204 0.567499 297.360963
205 0.448845 297.809927
206 0.609261 298.419309
207 0.70964 299.129064
208 0.646999 299.776182
209 0.50211 300.278408
210 0.511097 300.789627
211 0.644089 301.433834
212 0.533164 301.967123
213 0.563814 302.531056
214 0.6245 303.155674
215 0.526322 303.682114
216 0.485192 304.167423
217 0.423559 304.591103
218 0.615782 305.207004
219 0.449636 305.656762
220 0.420801 306.077687
221 0.402827 306.480632
222 0.551952 307.032702
223 0.44425 307.477066
224 0.451061 307.928243
225 0.392015 308.320372
226 0.472461 308.792952
227 0.450543 309.243614
228 0.422965 309.666694
229 0.385278 310.052091
230 0.393523 310.44572
231 0.389863 310.835698
232 0.45466 311.290479
233 0.328242 311.61884
234 0.472266 312.091223
235 0.397544 312.488883
236 0.401677 312.890678
237 0.332765 313.223561
238 0.395263 313.618944
239 0.395035 314.014089
240 0.392309 314.406515
241 0.420041 314.826672
242 0.326191 315.152975
243 0.33345 315.486541
244 0.336861 315.823516
245 0.288539 316.11217
246 0.346208 316.458495
247 0.357199 316.81581
248 0.363926 317.179849
249 0.359028 317.538993
250 0.365547 317.904654
251 0.307865 318.212632
252 0.316477 318.529223
253 0.273147 318.802484
254 0.298994 319.101592
255 0.25262 319.354327
256 0.261724 319.616165
257 0.260661 319.87694
258 0.233588 320.110642
259 0.223006 320.33376
260 0.279232 320.613107
261 0.244814 320.858037
262 0.22871 321.086862
263 0.242327 321.329304
264 0.270232 321.59965
265 0.212801 321.812571
266 0.229114 322.041803
267 0.261372 322.303305
268 0.226846 322.530265
269 0.200664 322.731043
270 0.185851 322.917009
271 0.184447 323.101572
272 0.182366 323.284053
273 0.169055 323.453221
274 0.1943 323.647635
275 0.141553 323.789301
276 0.167651 323.957065
277 0.126896 324.084075
278 0.189542 324.273731
279 0.182842 324.456685
280 0.177869 324.634667
281 0.118352 324.753135
282 0.158024 324.911271
283 0.161156 325.07254
284 0.105143 325.177795
285 0.107105 325.285022
286 0.142819 325.427955
287 0.128009 325.556078
288 0.095612 325.651804
289 0.13266 325.784577
290 0.121745 325.906434
291 0.090792 325.997342
292 0.07905 326.076507
293 0.081195 326.157816
294 0.0791 326.237041
295 0.076514 326.313669
296 0.072731 326.386516
297 0.070029 326.456656
298 0.069896 326.526666
299 0.070649 326.59743
300 0.066211 326.663753
301 0.06453 326.728396
302 0.064236 326.792744
303 0.063935 326.856793
304 0.06202 326.918934
305 0.059567 326.97862
306 0.059095 327.037829
307 0.055463 327.09341
done 307 0.039307 327.132834
