[runlim] version:		1.7
[runlim] time limit:		3600 seconds
[runlim] real time limit:	311040000 seconds
[runlim] space limit:		80000 MB
[runlim] argv[0]:		python3.6
[runlim] argv[1]:		./netsolver-gurobi-softaffinity.py
[runlim] argv[2]:		../../../instances/hadoop/hadoop_extensions/us-mid1.pn
[runlim] argv[3]:		../../../instances/hadoop/hadoop_extensions/hadoop_4_2bw.vn
[runlim] argv[4]:		True
[runlim] argv[5]:		False
[runlim] argv[6]:		timelogs/softaffinity/results.softaffinity.us-mid1.pn.hadoop_4_2bw.vn.log
[runlim] start:			Sun Sep 22 14:47:01 2019
[runlim] main pid:		36001
Academic license - for non-commercial use only
[runlim] sample:		10.0 seconds, 38.1 MB
[runlim] sample:		20.0 seconds, 36.7 MB
[runlim] sample:		30.0 seconds, 37.2 MB
33.398225
768
Median time: 0.0442985 s
[runlim] end:			Sun Sep 22 14:47:34 2019
[runlim] status:		ok
[runlim] result:		0
[runlim] children:		0
[runlim] real:			33.88 seconds
[runlim] time:			33.49 seconds
[runlim] space:			39.3 MB
[runlim] samples:		335
