[runlim] version:		1.7
[runlim] time limit:		3600 seconds
[runlim] real time limit:	311040000 seconds
[runlim] space limit:		80000 MB
[runlim] argv[0]:		python3.6
[runlim] argv[1]:		./netsolver-gurobi-softaffinity.py
[runlim] argv[2]:		../../../instances/hadoop/hadoop_extensions/us-mid2.pn
[runlim] argv[3]:		../../../instances/hadoop/hadoop_extensions/hadoop_10_2bw.vn
[runlim] argv[4]:		True
[runlim] argv[5]:		False
[runlim] argv[6]:		timelogs/softaffinity/results.softaffinity.us-mid2.pn.hadoop_10_2bw.vn.log
[runlim] start:			Sun Sep 22 16:40:12 2019
[runlim] main pid:		42070
Academic license - for non-commercial use only
[runlim] sample:		10.0 seconds, 122.6 MB
[runlim] sample:		20.0 seconds, 133.0 MB
[runlim] sample:		30.0 seconds, 134.5 MB
[runlim] sample:		40.0 seconds, 138.4 MB
[runlim] sample:		50.0 seconds, 142.0 MB
[runlim] sample:		60.0 seconds, 115.7 MB
[runlim] sample:		70.0 seconds, 138.7 MB
[runlim] sample:		80.0 seconds, 144.4 MB
[runlim] sample:		90.0 seconds, 134.1 MB
[runlim] sample:		100.0 seconds, 143.0 MB
[runlim] sample:		110.0 seconds, 132.0 MB
[runlim] sample:		120.0 seconds, 115.5 MB
[runlim] sample:		130.0 seconds, 135.2 MB
[runlim] sample:		140.0 seconds, 104.4 MB
[runlim] sample:		150.0 seconds, 133.9 MB
[runlim] sample:		160.0 seconds, 143.0 MB
[runlim] sample:		170.0 seconds, 133.3 MB
[runlim] sample:		180.0 seconds, 133.5 MB
[runlim] sample:		190.0 seconds, 145.0 MB
[runlim] sample:		200.0 seconds, 133.7 MB
[runlim] sample:		210.0 seconds, 148.6 MB
[runlim] sample:		220.0 seconds, 131.5 MB
[runlim] sample:		230.0 seconds, 101.4 MB
[runlim] sample:		240.0 seconds, 133.4 MB
[runlim] sample:		250.0 seconds, 115.0 MB
[runlim] sample:		260.0 seconds, 138.6 MB
[runlim] sample:		270.0 seconds, 135.8 MB
[runlim] sample:		280.0 seconds, 131.1 MB
[runlim] sample:		290.0 seconds, 148.0 MB
[runlim] sample:		300.0 seconds, 146.5 MB
[runlim] sample:		310.0 seconds, 136.6 MB
[runlim] sample:		320.0 seconds, 138.2 MB
[runlim] sample:		330.0 seconds, 135.0 MB
[runlim] sample:		340.0 seconds, 129.9 MB
[runlim] sample:		350.0 seconds, 137.4 MB
[runlim] sample:		360.0 seconds, 101.1 MB
[runlim] sample:		370.0 seconds, 133.1 MB
[runlim] sample:		380.0 seconds, 134.6 MB
[runlim] sample:		390.0 seconds, 134.3 MB
[runlim] sample:		400.0 seconds, 142.9 MB
[runlim] sample:		410.0 seconds, 134.1 MB
[runlim] sample:		420.0 seconds, 147.0 MB
[runlim] sample:		430.0 seconds, 135.5 MB
[runlim] sample:		440.0 seconds, 147.7 MB
[runlim] sample:		450.0 seconds, 125.3 MB
[runlim] sample:		460.0 seconds, 140.1 MB
[runlim] sample:		470.0 seconds, 130.7 MB
[runlim] sample:		480.0 seconds, 141.3 MB
[runlim] sample:		490.0 seconds, 143.6 MB
[runlim] sample:		500.0 seconds, 132.3 MB
[runlim] sample:		510.0 seconds, 143.1 MB
[runlim] sample:		520.0 seconds, 132.3 MB
[runlim] sample:		530.0 seconds, 156.3 MB
[runlim] sample:		540.0 seconds, 132.1 MB
[runlim] sample:		550.0 seconds, 133.8 MB
[runlim] sample:		560.0 seconds, 133.0 MB
[runlim] sample:		570.0 seconds, 138.8 MB
[runlim] sample:		580.0 seconds, 131.8 MB
[runlim] sample:		590.0 seconds, 95.4 MB
[runlim] sample:		600.0 seconds, 146.3 MB
[runlim] sample:		610.0 seconds, 138.5 MB
[runlim] sample:		620.0 seconds, 130.2 MB
[runlim] sample:		630.0 seconds, 138.8 MB
[runlim] sample:		640.0 seconds, 114.0 MB
[runlim] sample:		650.0 seconds, 143.4 MB
[runlim] sample:		660.0 seconds, 128.8 MB
[runlim] sample:		670.0 seconds, 152.2 MB
[runlim] sample:		680.0 seconds, 150.7 MB
[runlim] sample:		690.0 seconds, 100.8 MB
[runlim] sample:		700.0 seconds, 134.3 MB
[runlim] sample:		710.0 seconds, 141.0 MB
[runlim] sample:		720.0 seconds, 147.4 MB
[runlim] sample:		730.0 seconds, 144.6 MB
[runlim] sample:		740.0 seconds, 164.9 MB
[runlim] sample:		750.0 seconds, 114.0 MB
[runlim] sample:		760.0 seconds, 141.6 MB
[runlim] sample:		770.0 seconds, 155.6 MB
[runlim] sample:		780.0 seconds, 166.1 MB
[runlim] sample:		790.0 seconds, 144.5 MB
[runlim] sample:		800.0 seconds, 140.2 MB
[runlim] sample:		810.0 seconds, 164.4 MB
[runlim] sample:		820.0 seconds, 128.9 MB
[runlim] sample:		830.0 seconds, 144.6 MB
[runlim] sample:		840.0 seconds, 139.0 MB
[runlim] sample:		850.0 seconds, 160.3 MB
[runlim] sample:		860.0 seconds, 136.1 MB
[runlim] sample:		870.0 seconds, 137.8 MB
[runlim] sample:		880.0 seconds, 204.4 MB
[runlim] sample:		890.0 seconds, 164.8 MB
[runlim] sample:		900.0 seconds, 143.0 MB
[runlim] sample:		910.0 seconds, 147.6 MB
[runlim] sample:		920.0 seconds, 180.3 MB
[runlim] sample:		930.0 seconds, 161.1 MB
[runlim] sample:		940.0 seconds, 136.2 MB
[runlim] sample:		950.0 seconds, 144.6 MB
[runlim] sample:		960.0 seconds, 161.0 MB
[runlim] sample:		970.0 seconds, 131.5 MB
[runlim] sample:		980.0 seconds, 147.0 MB
[runlim] sample:		990.0 seconds, 150.7 MB
[runlim] sample:		1000.0 seconds, 165.4 MB
[runlim] sample:		1010.0 seconds, 130.9 MB
[runlim] sample:		1020.0 seconds, 137.2 MB
[runlim] sample:		1030.0 seconds, 127.7 MB
[runlim] sample:		1040.0 seconds, 144.3 MB
[runlim] sample:		1050.0 seconds, 138.7 MB
[runlim] sample:		1060.0 seconds, 133.5 MB
[runlim] sample:		1070.0 seconds, 144.2 MB
[runlim] sample:		1080.0 seconds, 152.9 MB
[runlim] sample:		1090.0 seconds, 152.3 MB
[runlim] sample:		1100.0 seconds, 141.8 MB
[runlim] sample:		1110.0 seconds, 143.9 MB
[runlim] sample:		1120.0 seconds, 133.2 MB
[runlim] sample:		1130.0 seconds, 136.3 MB
[runlim] sample:		1140.0 seconds, 138.4 MB
[runlim] sample:		1150.0 seconds, 127.8 MB
[runlim] sample:		1160.0 seconds, 133.6 MB
[runlim] sample:		1170.0 seconds, 135.9 MB
[runlim] sample:		1180.0 seconds, 150.8 MB
[runlim] sample:		1190.0 seconds, 136.8 MB
[runlim] sample:		1200.0 seconds, 137.4 MB
[runlim] sample:		1210.0 seconds, 151.5 MB
[runlim] sample:		1220.0 seconds, 133.1 MB
[runlim] sample:		1230.0 seconds, 144.6 MB
[runlim] sample:		1240.0 seconds, 150.6 MB
[runlim] sample:		1250.0 seconds, 143.3 MB
[runlim] sample:		1260.0 seconds, 136.6 MB
[runlim] sample:		1270.0 seconds, 138.3 MB
[runlim] sample:		1280.0 seconds, 143.6 MB
[runlim] sample:		1290.0 seconds, 138.5 MB
[runlim] sample:		1300.0 seconds, 148.8 MB
[runlim] sample:		1310.0 seconds, 161.2 MB
[runlim] sample:		1320.0 seconds, 146.9 MB
[runlim] sample:		1330.0 seconds, 148.9 MB
[runlim] sample:		1340.0 seconds, 184.3 MB
[runlim] sample:		1350.0 seconds, 164.8 MB
[runlim] sample:		1360.0 seconds, 133.8 MB
[runlim] sample:		1370.0 seconds, 144.1 MB
[runlim] sample:		1380.0 seconds, 157.3 MB
[runlim] sample:		1390.0 seconds, 112.7 MB
[runlim] sample:		1400.0 seconds, 147.6 MB
[runlim] sample:		1410.0 seconds, 133.0 MB
[runlim] sample:		1420.0 seconds, 143.6 MB
[runlim] sample:		1430.0 seconds, 127.1 MB
[runlim] sample:		1440.0 seconds, 140.5 MB
[runlim] sample:		1450.0 seconds, 136.3 MB
[runlim] sample:		1460.0 seconds, 160.5 MB
[runlim] sample:		1470.0 seconds, 165.4 MB
[runlim] sample:		1480.0 seconds, 141.0 MB
[runlim] sample:		1490.0 seconds, 137.9 MB
[runlim] sample:		1500.0 seconds, 157.6 MB
[runlim] sample:		1510.0 seconds, 137.7 MB
[runlim] sample:		1520.0 seconds, 143.0 MB
[runlim] sample:		1530.0 seconds, 142.3 MB
[runlim] sample:		1540.0 seconds, 157.5 MB
[runlim] sample:		1550.0 seconds, 127.7 MB
[runlim] sample:		1560.0 seconds, 146.2 MB
[runlim] sample:		1570.0 seconds, 199.2 MB
[runlim] sample:		1580.0 seconds, 281.1 MB
[runlim] sample:		1590.0 seconds, 303.0 MB
[runlim] sample:		1600.0 seconds, 303.1 MB
[runlim] sample:		1610.0 seconds, 141.8 MB
[runlim] sample:		1620.0 seconds, 143.1 MB
[runlim] sample:		1630.0 seconds, 149.0 MB
[runlim] sample:		1640.0 seconds, 239.6 MB
[runlim] sample:		1650.0 seconds, 142.8 MB
[runlim] sample:		1660.0 seconds, 149.1 MB
[runlim] sample:		1670.0 seconds, 154.0 MB
[runlim] sample:		1680.0 seconds, 162.3 MB
[runlim] sample:		1690.0 seconds, 123.2 MB
[runlim] sample:		1700.0 seconds, 136.7 MB
[runlim] sample:		1710.0 seconds, 138.2 MB
[runlim] sample:		1720.0 seconds, 198.2 MB
[runlim] sample:		1730.0 seconds, 162.7 MB
[runlim] sample:		1740.0 seconds, 127.2 MB
[runlim] sample:		1750.0 seconds, 145.1 MB
[runlim] sample:		1760.0 seconds, 139.1 MB
[runlim] sample:		1770.0 seconds, 112.2 MB
[runlim] sample:		1780.0 seconds, 139.5 MB
[runlim] sample:		1790.0 seconds, 188.6 MB
[runlim] sample:		1800.0 seconds, 112.2 MB
[runlim] sample:		1810.0 seconds, 140.1 MB
[runlim] sample:		1820.0 seconds, 148.0 MB
[runlim] sample:		1830.0 seconds, 155.7 MB
[runlim] sample:		1840.0 seconds, 160.7 MB
[runlim] sample:		1850.0 seconds, 138.9 MB
[runlim] sample:		1860.0 seconds, 140.0 MB
[runlim] sample:		1870.0 seconds, 221.3 MB
[runlim] sample:		1880.0 seconds, 163.3 MB
[runlim] sample:		1890.0 seconds, 140.6 MB
[runlim] sample:		1900.0 seconds, 140.1 MB
[runlim] sample:		1910.0 seconds, 160.7 MB
[runlim] sample:		1920.0 seconds, 162.8 MB
[runlim] sample:		1930.0 seconds, 141.1 MB
[runlim] sample:		1940.0 seconds, 139.4 MB
[runlim] sample:		1950.0 seconds, 132.3 MB
[runlim] sample:		1960.0 seconds, 134.3 MB
[runlim] sample:		1970.0 seconds, 142.4 MB
[runlim] sample:		1980.0 seconds, 132.8 MB
[runlim] sample:		1990.0 seconds, 148.2 MB
[runlim] sample:		2000.0 seconds, 159.7 MB
[runlim] sample:		2010.0 seconds, 159.9 MB
[runlim] sample:		2020.0 seconds, 125.4 MB
[runlim] sample:		2030.0 seconds, 141.5 MB
[runlim] sample:		2040.0 seconds, 145.1 MB
[runlim] sample:		2050.0 seconds, 134.5 MB
[runlim] sample:		2060.0 seconds, 146.9 MB
[runlim] sample:		2070.0 seconds, 160.2 MB
[runlim] sample:		2080.0 seconds, 160.6 MB
[runlim] sample:		2090.0 seconds, 125.4 MB
[runlim] sample:		2099.9 seconds, 143.4 MB
[runlim] sample:		2109.9 seconds, 153.9 MB
[runlim] sample:		2119.9 seconds, 158.2 MB
[runlim] sample:		2130.0 seconds, 125.2 MB
[runlim] sample:		2140.0 seconds, 138.3 MB
[runlim] sample:		2149.9 seconds, 213.8 MB
[runlim] sample:		2159.9 seconds, 160.5 MB
[runlim] sample:		2170.0 seconds, 124.9 MB
[runlim] sample:		2179.9 seconds, 137.2 MB
[runlim] sample:		2189.9 seconds, 188.0 MB
[runlim] sample:		2199.9 seconds, 159.6 MB
[runlim] sample:		2209.9 seconds, 138.4 MB
[runlim] sample:		2219.9 seconds, 147.9 MB
[runlim] sample:		2229.9 seconds, 157.4 MB
[runlim] sample:		2239.9 seconds, 111.9 MB
[runlim] sample:		2249.9 seconds, 139.2 MB
[runlim] sample:		2259.9 seconds, 148.7 MB
[runlim] sample:		2269.9 seconds, 158.1 MB
[runlim] sample:		2279.9 seconds, 138.5 MB
[runlim] sample:		2289.9 seconds, 134.4 MB
[runlim] sample:		2299.9 seconds, 153.3 MB
[runlim] sample:		2309.9 seconds, 111.8 MB
[runlim] sample:		2319.9 seconds, 143.6 MB
[runlim] sample:		2329.9 seconds, 155.8 MB
[runlim] sample:		2339.9 seconds, 160.0 MB
[runlim] sample:		2349.9 seconds, 127.6 MB
[runlim] sample:		2359.9 seconds, 140.2 MB
[runlim] sample:		2369.9 seconds, 145.5 MB
[runlim] sample:		2379.9 seconds, 139.7 MB
[runlim] sample:		2389.9 seconds, 142.5 MB
[runlim] sample:		2399.9 seconds, 157.3 MB
[runlim] sample:		2409.9 seconds, 136.9 MB
[runlim] sample:		2419.9 seconds, 140.9 MB
[runlim] sample:		2429.9 seconds, 150.6 MB
[runlim] sample:		2439.9 seconds, 156.0 MB
[runlim] sample:		2449.9 seconds, 125.2 MB
[runlim] sample:		2459.9 seconds, 138.4 MB
[runlim] sample:		2469.9 seconds, 111.7 MB
[runlim] sample:		2479.9 seconds, 134.1 MB
[runlim] sample:		2489.9 seconds, 148.9 MB
[runlim] sample:		2499.9 seconds, 160.2 MB
[runlim] sample:		2509.9 seconds, 112.4 MB
[runlim] sample:		2519.9 seconds, 133.7 MB
[runlim] sample:		2529.9 seconds, 137.6 MB
[runlim] sample:		2539.9 seconds, 112.2 MB
[runlim] sample:		2549.9 seconds, 140.4 MB
[runlim] sample:		2559.9 seconds, 132.3 MB
[runlim] sample:		2569.9 seconds, 135.4 MB
[runlim] sample:		2579.9 seconds, 154.1 MB
[runlim] sample:		2589.9 seconds, 124.7 MB
[runlim] sample:		2599.9 seconds, 130.4 MB
[runlim] sample:		2609.9 seconds, 140.8 MB
[runlim] sample:		2619.9 seconds, 136.9 MB
[runlim] sample:		2629.9 seconds, 144.9 MB
[runlim] sample:		2639.9 seconds, 124.1 MB
[runlim] sample:		2649.9 seconds, 136.7 MB
[runlim] sample:		2659.9 seconds, 160.7 MB
[runlim] sample:		2669.9 seconds, 152.8 MB
[runlim] sample:		2679.9 seconds, 128.0 MB
[runlim] sample:		2689.9 seconds, 141.4 MB
[runlim] sample:		2699.9 seconds, 137.9 MB
[runlim] sample:		2709.9 seconds, 133.2 MB
[runlim] sample:		2719.9 seconds, 152.5 MB
[runlim] sample:		2729.9 seconds, 273.9 MB
[runlim] sample:		2739.9 seconds, 125.7 MB
[runlim] sample:		2749.9 seconds, 143.1 MB
[runlim] sample:		2759.9 seconds, 136.8 MB
[runlim] sample:		2769.9 seconds, 111.1 MB
[runlim] sample:		2779.9 seconds, 129.6 MB
[runlim] sample:		2789.9 seconds, 128.2 MB
[runlim] sample:		2799.9 seconds, 143.9 MB
[runlim] sample:		2809.9 seconds, 100.5 MB
[runlim] sample:		2819.9 seconds, 139.6 MB
[runlim] sample:		2829.9 seconds, 144.2 MB
[runlim] sample:		2839.9 seconds, 152.4 MB
[runlim] sample:		2849.9 seconds, 121.3 MB
[runlim] sample:		2859.9 seconds, 143.2 MB
[runlim] sample:		2869.9 seconds, 153.1 MB
[runlim] sample:		2879.9 seconds, 111.1 MB
[runlim] sample:		2889.9 seconds, 133.2 MB
[runlim] sample:		2899.9 seconds, 177.4 MB
[runlim] sample:		2909.9 seconds, 155.6 MB
[runlim] sample:		2919.9 seconds, 134.3 MB
[runlim] sample:		2929.9 seconds, 137.5 MB
[runlim] sample:		2939.9 seconds, 168.2 MB
[runlim] sample:		2949.9 seconds, 159.7 MB
[runlim] sample:		2959.9 seconds, 127.7 MB
[runlim] sample:		2969.9 seconds, 143.6 MB
[runlim] sample:		2979.9 seconds, 134.8 MB
[runlim] sample:		2989.9 seconds, 97.1 MB
[runlim] sample:		2999.9 seconds, 132.8 MB
[runlim] sample:		3009.9 seconds, 151.2 MB
[runlim] sample:		3019.9 seconds, 111.5 MB
[runlim] sample:		3029.9 seconds, 160.2 MB
[runlim] sample:		3039.9 seconds, 170.1 MB
[runlim] sample:		3049.9 seconds, 139.8 MB
[runlim] sample:		3059.9 seconds, 160.2 MB
[runlim] sample:		3069.9 seconds, 170.6 MB
[runlim] sample:		3079.9 seconds, 170.6 MB
[runlim] sample:		3089.9 seconds, 171.3 MB
[runlim] sample:		3099.9 seconds, 202.3 MB
[runlim] sample:		3109.9 seconds, 171.4 MB
[runlim] sample:		3119.9 seconds, 146.3 MB
[runlim] sample:		3129.9 seconds, 168.1 MB
[runlim] sample:		3139.9 seconds, 168.1 MB
[runlim] sample:		3149.9 seconds, 136.5 MB
[runlim] sample:		3159.9 seconds, 157.1 MB
[runlim] sample:		3169.9 seconds, 166.9 MB
[runlim] sample:		3179.9 seconds, 142.2 MB
[runlim] sample:		3189.9 seconds, 159.7 MB
[runlim] sample:		3199.9 seconds, 178.8 MB
[runlim] sample:		3209.9 seconds, 146.6 MB
[runlim] sample:		3219.9 seconds, 166.4 MB
[runlim] sample:		3229.9 seconds, 171.9 MB
[runlim] sample:		3239.9 seconds, 143.9 MB
[runlim] sample:		3249.9 seconds, 199.9 MB
[runlim] sample:		3259.9 seconds, 168.4 MB
[runlim] sample:		3269.9 seconds, 147.5 MB
[runlim] sample:		3279.9 seconds, 202.9 MB
[runlim] sample:		3289.9 seconds, 169.4 MB
[runlim] sample:		3299.9 seconds, 132.0 MB
[runlim] sample:		3309.9 seconds, 160.9 MB
[runlim] sample:		3319.9 seconds, 171.1 MB
[runlim] sample:		3329.9 seconds, 171.1 MB
[runlim] sample:		3339.9 seconds, 172.4 MB
[runlim] sample:		3349.9 seconds, 172.6 MB
[runlim] sample:		3359.9 seconds, 172.6 MB
[runlim] sample:		3369.9 seconds, 172.6 MB
[runlim] sample:		3379.9 seconds, 186.0 MB
[runlim] sample:		3389.9 seconds, 141.8 MB
[runlim] sample:		3399.9 seconds, 160.4 MB
[runlim] sample:		3409.9 seconds, 169.2 MB
[runlim] sample:		3419.9 seconds, 169.2 MB
[runlim] sample:		3429.9 seconds, 169.2 MB
[runlim] sample:		3439.9 seconds, 169.2 MB
[runlim] sample:		3449.9 seconds, 151.2 MB
[runlim] sample:		3459.9 seconds, 173.6 MB
[runlim] sample:		3469.9 seconds, 127.3 MB
[runlim] sample:		3479.9 seconds, 141.7 MB
[runlim] sample:		3489.9 seconds, 156.7 MB
[runlim] sample:		3499.9 seconds, 219.3 MB
[runlim] sample:		3509.9 seconds, 269.7 MB
[runlim] sample:		3519.9 seconds, 153.6 MB
[runlim] sample:		3529.9 seconds, 162.9 MB
[runlim] sample:		3539.9 seconds, 130.3 MB
[runlim] sample:		3549.9 seconds, 155.8 MB
[runlim] sample:		3559.9 seconds, 165.2 MB
[runlim] sample:		3569.9 seconds, 141.1 MB
[runlim] sample:		3579.9 seconds, 157.1 MB
[runlim] sample:		3589.9 seconds, 166.0 MB
[runlim] sample:		3599.9 seconds, 166.0 MB
[runlim] end:			Sun Sep 22 17:40:12 2019
[runlim] status:		out of time
[runlim] result:		1
[runlim] children:		0
[runlim] real:			3600.33 seconds
[runlim] time:			3600.03 seconds
[runlim] space:			591.3 MB
[runlim] samples:		36001
