[runlim] version:		1.7
[runlim] time limit:		3600 seconds
[runlim] real time limit:	311040000 seconds
[runlim] space limit:		80000 MB
[runlim] argv[0]:		python3.6
[runlim] argv[1]:		./netsolver-gurobi-softaffinity.py
[runlim] argv[2]:		../../../instances/hadoop/hadoop_extensions/us-mid1.pn
[runlim] argv[3]:		../../../instances/hadoop/hadoop_extensions/hadoop_4_1bw.vn
[runlim] argv[4]:		True
[runlim] argv[5]:		False
[runlim] argv[6]:		timelogs/softaffinity/results.softaffinity.us-mid1.pn.hadoop_4_1bw.vn.log
[runlim] start:			Sun Sep 22 14:46:27 2019
[runlim] main pid:		35997
Academic license - for non-commercial use only
[runlim] sample:		10.0 seconds, 38.4 MB
[runlim] sample:		20.0 seconds, 37.8 MB
[runlim] sample:		30.0 seconds, 37.5 MB
33.93953
768
Median time: 0.045407 s
[runlim] end:			Sun Sep 22 14:47:01 2019
[runlim] status:		ok
[runlim] result:		0
[runlim] children:		0
[runlim] real:			34.37 seconds
[runlim] time:			33.99 seconds
[runlim] space:			39.8 MB
[runlim] samples:		340
