[runlim] version:		1.7
[runlim] time limit:		3600 seconds
[runlim] real time limit:	311040000 seconds
[runlim] space limit:		80000 MB
[runlim] argv[0]:		python3.6
[runlim] argv[1]:		./netsolver-gurobi-softaffinity.py
[runlim] argv[2]:		../../../instances/hadoop/hadoop_extensions/us-mid2.pn
[runlim] argv[3]:		../../../instances/hadoop/hadoop_extensions/hadoop_4_2bw.vn
[runlim] argv[4]:		True
[runlim] argv[5]:		False
[runlim] argv[6]:		timelogs/softaffinity/results.softaffinity.us-mid2.pn.hadoop_4_2bw.vn.log
[runlim] start:			Sun Sep 22 15:52:52 2019
[runlim] main pid:		40168
Academic license - for non-commercial use only
[runlim] sample:		10.0 seconds, 57.6 MB
[runlim] sample:		20.0 seconds, 53.2 MB
[runlim] sample:		30.0 seconds, 55.8 MB
[runlim] sample:		40.0 seconds, 55.6 MB
[runlim] sample:		50.0 seconds, 55.2 MB
[runlim] sample:		60.0 seconds, 54.6 MB
[runlim] sample:		70.0 seconds, 53.8 MB
[runlim] sample:		80.0 seconds, 54.3 MB
[runlim] sample:		90.0 seconds, 54.1 MB
[runlim] sample:		100.0 seconds, 53.1 MB
[runlim] sample:		110.0 seconds, 54.5 MB
[runlim] sample:		120.0 seconds, 54.1 MB
[runlim] sample:		130.0 seconds, 54.3 MB
[runlim] sample:		140.0 seconds, 53.9 MB
[runlim] sample:		150.0 seconds, 53.3 MB
150.963547
1600
Median time: 0.091111 s
[runlim] end:			Sun Sep 22 15:55:23 2019
[runlim] status:		ok
[runlim] result:		0
[runlim] children:		0
[runlim] real:			151.42 seconds
[runlim] time:			150.99 seconds
[runlim] space:			58.6 MB
[runlim] samples:		1510
