# instance ../../../instances/hadoop/hadoop_extensions/us-mid2.pn
# Settings: PN=../../../instances/hadoop/hadoop_extensions/us-mid2.pn, VN=../../../instances/hadoop/hadoop_extensions/hadoop_10_1bw.vn, multi-thread=False
init 1.962817 1.962817
1 12.534124 14.496941
2 7.792432 22.289506
3 8.370063 30.659691
4 9.58721 40.247023
5 16.777069 57.024214
6 16.677225 73.701555
7 10.102966 83.804652
8 8.501382 92.306166
9 12.360016 104.666302
10 12.08635 116.752779
11 12.32125 129.074153
12 20.467327 149.541612
13 10.252242 159.793972
14 12.201022 171.995126
15 11.471512 183.466759
16 9.313224 192.78011
17 7.809215 200.589453
18 17.932338 218.52192
19 10.035079 228.557137
20 10.233396 238.790665
21 9.552384 248.343179
22 9.491095 257.834404
23 14.781132 272.615672
24 11.952896 284.568696
25 8.269314 292.838141
26 13.4528 306.29106
27 10.144148 316.435342
28 13.76242 330.197889
29 13.537694 343.735724
30 9.930709 353.666557
31 10.368357 364.035032
32 8.786248 372.821398
33 10.327236 383.148749
34 9.021864 392.170727
35 9.441133 401.611986
36 18.34477 419.956878
37 9.057627 429.014628
38 11.134176 440.148927
39 11.254832 451.403881
40 8.351315 459.755321
41 11.940258 471.695706
42 10.459373 482.155199
43 10.608416 492.763739
44 12.861907 505.625778
45 9.059576 514.685488
46 10.084096 524.769714
47 11.87526 536.645097
48 9.49133 546.136552
49 8.55053 554.68721
50 8.663104 563.350439
51 10.105826 573.45639
52 9.640842 583.09736
53 9.34394 592.441424
54 13.160812 605.602361
55 7.744643 613.347123
56 6.985097 620.332345
57 7.657698 627.990168
58 11.93401 639.924303
59 10.059681 649.984105
60 10.647742 660.631971
61 10.905006 671.537099
62 7.047041 678.584261
63 7.860062 686.444448
64 6.993533 693.438109
65 9.66934 703.107571
66 8.887387 711.99508
67 11.656345 723.651554
68 13.511417 737.163108
69 9.781642 746.944879
70 8.893355 755.83836
71 7.467789 763.306276
72 8.866908 772.173308
73 7.549989 779.723422
74 9.243872 788.967423
75 9.995191 798.962742
76 9.831702 808.794571
77 9.992579 818.787279
78 10.886752 829.674153
79 7.519453 837.193732
80 13.47455 850.668411
81 13.171533 863.840066
82 8.964216 872.804414
83 7.809461 880.614005
84 8.34673 888.960852
85 12.835213 901.796189
86 9.197077 910.993387
87 11.419777 922.413289
88 8.950875 931.364283
89 5.962851 937.327253
90 10.899401 948.22678
91 8.644922 956.871829
92 9.329515 966.201471
93 10.585001 976.786597
94 8.240096 985.026818
95 13.236063 998.263012
96 8.398513 1006.661655
97 7.208038 1013.869819
98 8.884932 1022.754885
99 8.187994 1030.943006
100 7.713592 1038.656719
101 8.842192 1047.499038
102 9.555863 1057.055024
103 9.583225 1066.638379
104 6.696153 1073.334658
105 7.488707 1080.823487
106 12.285248 1093.108853
107 8.427779 1101.53676
108 12.541599 1114.078482
109 7.614169 1121.692773
110 6.614419 1128.307318
111 7.569292 1135.876732
112 10.092814 1145.969675
113 6.563427 1152.533227
114 8.779768 1161.313112
115 10.866631 1172.179862
116 9.002909 1181.182903
117 7.733379 1188.916408
118 7.312352 1196.228884
119 9.544904 1205.773915
120 7.195935 1212.969995
121 7.10331 1220.073441
122 11.973581 1232.047147
123 10.127278 1242.174547
124 7.656062 1249.830744
125 7.687652 1257.518527
126 6.572417 1264.091067
127 6.026454 1270.117641
128 8.748206 1278.865963
129 6.956316 1285.822401
130 8.898148 1294.720677
131 8.090582 1302.81138
132 8.004583 1310.816092
133 10.803066 1321.619278
134 10.721347 1332.340749
135 5.909645 1338.250516
136 7.129313 1345.379956
137 6.332229 1351.712311
138 6.137946 1357.850374
139 6.301218 1364.151719
140 5.86095 1370.012796
141 7.511434 1377.524346
142 7.033202 1384.557678
143 7.211952 1391.769752
144 6.501137 1398.271016
145 7.306499 1405.577648
146 5.784469 1411.362241
147 6.713302 1418.075669
148 6.730386 1424.806179
149 5.855866 1430.662176
150 6.270349 1436.932647
151 8.167957 1445.100737
152 8.009555 1453.110417
153 5.921906 1459.032451
154 8.070239 1467.10281
155 7.740487 1474.843424
156 6.532822 1481.376369
157 5.7059 1487.082391
158 7.790443 1494.872963
159 7.983644 1502.856729
160 6.5549 1509.41175
161 11.802567 1521.214446
162 8.867814 1530.082382
163 5.59452 1535.677039
164 5.628342 1541.305506
165 8.313696 1549.619325
166 6.014103 1555.633556
167 6.007171 1561.640856
168 6.283861 1567.924845
169 6.019673 1573.944646
170 6.985869 1580.930641
171 5.966334 1586.897099
172 5.075251 1591.972478
173 5.455429 1597.428031
174 10.027173 1607.455329
175 6.990492 1614.445951
176 6.856295 1621.302363
177 7.869834 1629.17233
178 8.880486 1638.05294
179 6.354436 1644.4075
180 4.678572 1649.086196
181 6.17617 1655.26249
182 5.18086 1660.443477
183 4.305867 1664.749471
184 5.059168 1669.808765
185 6.199194 1676.008089
186 7.309956 1683.318172
187 7.295813 1690.614107
188 5.440403 1696.054628
189 5.216173 1701.27093
190 5.394673 1706.665731
191 6.670856 1713.336714
192 5.114934 1718.45177
193 3.896868 1722.34877
194 7.096816 1729.445704
195 5.970515 1735.416346
196 5.587331 1741.003797
197 6.456916 1747.460836
198 6.756252 1754.217217
199 5.457336 1759.674674
200 6.402844 1766.077637
201 5.740028 1771.817792
202 5.861572 1777.679481
203 7.500641 1785.180253
204 4.026667 1789.207045
205 5.890332 1795.097503
206 4.163991 1799.261613
207 4.87907 1804.140818
208 5.406111 1809.547049
209 5.916297 1815.463474
210 4.10249 1819.566091
211 6.376581 1825.942793
212 6.085204 1832.028122
213 5.046297 1837.074539
214 4.064138 1841.138804
215 6.166068 1847.304992
216 4.945198 1852.250313
217 4.704085 1856.95452
218 5.464594 1862.419244
219 7.226746 1869.646119
220 6.227709 1875.873959
221 5.057156 1880.931245
222 5.103306 1886.034679
223 7.146638 1893.181443
224 5.7637 1898.945272
225 3.847129 1902.792536
226 4.357666 1907.150324
227 3.905403 1911.055856
228 6.008467 1917.064449
229 3.67589 1920.740464
230 7.142866 1927.883451
231 4.319842 1932.203426
232 5.002917 1937.206466
233 4.419797 1941.62639
234 5.3352 1946.961714
235 3.739639 1950.701477
236 3.992685 1954.694288
237 6.100546 1960.794958
238 3.551553 1964.34664
239 4.614154 1968.96092
240 4.879807 1973.840851
241 5.323253 1979.164229
242 4.410333 1983.57469
243 4.701483 1988.276292
244 3.918592 1992.19502
245 4.852704 1997.04785
246 4.713329 2001.761303
247 5.626214 2007.387639
248 3.90007 2011.287837
249 4.266823 2015.554788
250 3.845224 2019.400137
251 4.387988 2023.788253
252 6.515145 2030.303521
253 4.149486 2034.453133
254 4.282175 2038.735433
255 4.462311 2043.197874
256 3.908883 2047.106902
257 4.576159 2051.683196
258 7.205655 2058.888972
259 4.334931 2063.224032
260 5.194463 2068.418628
261 3.808778 2072.227537
262 3.827981 2076.055643
263 4.013864 2080.069634
264 4.0016 2084.071363
265 3.672675 2087.744159
266 5.288696 2093.032987
267 3.740676 2096.77379
268 5.116246 2101.890163
269 3.886153 2105.776442
270 3.660254 2109.436823
271 4.253165 2113.690113
272 4.326656 2118.016898
273 3.460499 2121.477516
274 4.139118 2125.616762
275 4.12809 2129.744975
276 4.055743 2133.800844
277 3.889212 2137.690177
278 3.664239 2141.354541
279 3.640259 2144.99492
280 2.740961 2147.736004
281 4.649002 2152.385123
282 4.100732 2156.48598
283 3.933979 2160.420087
284 3.117706 2163.537913
285 3.908937 2167.446997
286 3.8221 2171.269222
287 3.76633 2175.035675
288 3.651362 2178.687162
289 2.504825 2181.192109
290 3.761652 2184.953879
291 3.440923 2188.39496
292 2.957802 2191.352882
293 3.329908 2194.682921
294 2.806756 2197.489798
295 5.296662 2202.786592
296 3.336564 2206.123282
297 4.37369 2210.497085
298 3.008136 2213.505343
299 3.051465 2216.556932
300 3.808987 2220.36605
301 4.529319 2224.895497
302 3.704317 2228.599939
303 3.744357 2232.344424
304 3.302801 2235.647349
305 4.874333 2240.521811
306 2.838873 2243.360803
307 2.731706 2246.092631
308 3.275499 2249.368257
309 2.981434 2252.349815
310 3.042899 2255.392856
311 3.087879 2258.480865
312 3.053069 2261.534063
313 3.261014 2264.795198
314 2.800051 2267.595374
315 2.650614 2270.246112
316 3.079616 2273.325851
317 2.650618 2275.976606
318 2.84016 2278.8169
319 3.817047 2282.634065
320 2.781403 2285.415591
321 3.305401 2288.721111
322 2.817585 2291.538829
323 2.831196 2294.370152
324 3.194498 2297.564776
325 2.929821 2300.494721
326 2.897307 2303.392151
327 3.0884 2306.480673
328 3.29797 2309.77877
329 3.5521 2313.331008
330 2.700311 2316.031451
331 2.656249 2318.687823
332 3.450243 2322.138194
333 3.558005 2325.696319
334 2.5707 2328.267149
335 2.660295 2330.927569
336 2.87871 2333.8064
337 2.263787 2336.070311
338 2.471268 2338.541705
339 2.892384 2341.434218
340 2.29114 2343.725491
341 2.520503 2346.246123
342 2.708125 2348.954372
343 2.647867 2351.602366
344 2.679604 2354.282096
345 2.447361 2356.729587
346 2.411436 2359.141147
347 2.304879 2361.446157
348 2.566511 2364.012794
349 2.658331 2366.671243
350 2.365923 2369.037288
351 2.59755 2371.634958
352 2.495943 2374.131034
353 2.549395 2376.680548
354 2.107659 2378.788335
355 3.084598 2381.87306
356 2.293267 2384.166452
357 2.228467 2386.395045
358 2.174174 2388.569342
359 2.191913 2390.761376
360 2.281991 2393.04349
361 2.12946 2395.173071
362 2.363728 2397.536932
363 2.257334 2399.794394
364 2.63353 2402.428055
365 2.879909 2405.30809
366 1.906668 2407.214878
367 2.698587 2409.913586
368 2.257217 2412.170925
369 2.967664 2415.138713
370 2.086528 2417.225372
371 2.528547 2419.754045
372 2.264326 2422.018493
373 1.888064 2423.906677
374 2.271147 2426.177947
375 2.967541 2429.145614
376 2.200584 2431.346322
377 2.361219 2433.707675
378 2.218171 2435.925969
379 2.166112 2438.092204
380 2.8284 2440.920733
381 2.157755 2443.078612
382 2.185999 2445.264734
383 2.546466 2447.811326
384 1.965529 2449.776975
385 2.044277 2451.82138
386 2.211424 2454.032927
387 2.138819 2456.171859
388 1.98038 2458.152362
389 2.12535 2460.277833
390 2.26617 2462.544135
391 2.144182 2464.688444
392 1.941433 2466.630003
393 1.753604 2468.383735
394 1.907965 2470.291821
395 1.960785 2472.252731
396 2.171947 2474.424805
397 1.952203 2476.377129
398 1.796581 2478.173835
399 2.163002 2480.336983
400 1.610131 2481.947232
401 1.240415 2483.187768
402 1.901199 2485.089096
403 2.084202 2487.17342
404 1.87498 2489.048521
405 2.093152 2491.1418
406 1.896192 2493.038112
407 1.723844 2494.762083
408 1.662687 2496.424898
409 1.925756 2498.350774
410 2.116354 2500.467249
411 2.04551 2502.512885
412 2.085129 2504.598132
413 1.50449 2506.102745
414 2.037247 2508.140123
415 1.888415 2510.02866
416 1.849654 2511.878444
417 1.383437 2513.262009
418 1.576409 2514.838542
419 1.712072 2516.550737
420 1.792959 2518.343818
421 1.703129 2520.047081
422 1.614872 2521.662075
423 1.937872 2523.600078
424 1.934833 2525.535043
425 1.346939 2526.882107
426 1.465518 2528.347753
427 1.445553 2529.793428
428 1.37282 2531.166377
429 1.554803 2532.721302
430 1.460278 2534.181703
431 1.831887 2536.013713
432 1.528786 2537.542623
433 1.504917 2539.047665
434 1.402506 2540.450292
435 1.125004 2541.575425
436 1.581012 2543.156567
437 1.294284 2544.450979
438 1.47618 2545.927282
439 1.57022 2547.497627
440 1.437342 2548.935092
441 1.73359 2550.668807
442 1.451154 2552.12008
443 1.689025 2553.809229
444 1.368968 2555.178315
445 1.531254 2556.709698
446 1.419663 2558.129482
447 1.385715 2559.51532
448 1.24997 2560.765397
449 1.513982 2562.279501
450 1.492166 2563.771791
451 1.966035 2565.737955
452 1.346758 2567.08484
453 1.366862 2568.451824
454 1.495936 2569.947886
455 1.32661 2571.274623
456 1.21912 2572.493868
457 1.635364 2574.12937
458 1.348845 2575.478332
459 1.304212 2576.782667
460 1.255448 2578.03824
461 1.780316 2579.818688
462 1.911883 2581.730686
463 1.355024 2583.085835
464 1.183491 2584.26947
465 0.914282 2585.183871
466 1.221772 2586.405768
467 1.348491 2587.754387
468 1.222587 2588.977095
469 1.062907 2590.040129
470 1.205378 2591.24563
471 1.259718 2592.505472
472 0.910884 2593.416478
473 0.990119 2594.406717
474 1.06196 2595.468802
475 1.105939 2596.574861
476 1.28434 2597.859324
477 0.81638 2598.675825
478 1.220892 2599.896839
479 1.163215 2601.060182
480 1.124047 2602.184353
481 0.848813 2603.033286
482 1.123627 2604.157041
483 1.066163 2605.223325
484 1.325357 2606.548809
485 0.84768 2607.396616
486 1.166098 2608.562837
487 0.875539 2609.438499
488 1.209794 2610.648417
489 0.948678 2611.597219
490 0.843477 2612.440826
491 1.05013 2613.491084
492 1.288031 2614.779238
493 0.916267 2615.695634
494 1.049239 2616.745015
495 0.797294 2617.542431
496 0.951718 2618.494277
497 0.897153 2619.391556
498 0.995173 2620.38685
499 0.933719 2621.32069
500 0.812978 2622.133791
501 0.946539 2623.080461
502 0.874348 2623.954933
503 0.870569 2624.825626
504 0.865015 2625.690762
505 1.166004 2626.856891
506 1.059828 2627.916838
507 0.77449 2628.691446
508 0.864589 2629.556158
509 0.878476 2630.434763
510 0.979591 2631.414482
511 0.934532 2632.349136
512 0.813625 2633.162878
513 0.734251 2633.897252
514 0.819723 2634.7171
515 0.795205 2635.512422
516 0.705046 2636.217588
517 0.747696 2636.965407
518 0.753003 2637.718534
519 0.814614 2638.533269
520 0.789426 2639.322819
521 0.715665 2640.0386
522 0.757058 2640.795786
523 1.104919 2641.90083
524 0.706744 2642.607693
525 0.669778 2643.277596
526 0.712789 2643.990513
527 0.704945 2644.695575
528 0.944407 2645.640108
529 0.604543 2646.244777
530 0.937398 2647.182303
531 0.674471 2647.856897
532 0.648542 2648.505563
533 0.710087 2649.215776
534 0.681414 2649.89731
535 0.67661 2650.57405
536 0.601485 2651.175661
537 0.721343 2651.89713
538 0.565586 2652.46284
539 0.7027 2653.165666
540 0.608639 2653.774434
541 0.636311 2654.410876
542 0.608446 2655.019446
543 0.611483 2655.631061
544 0.678861 2656.310054
545 0.683159 2656.993333
546 0.567904 2657.561359
547 0.678658 2658.240146
548 0.662012 2658.902286
549 0.588911 2659.491316
550 0.625288 2660.116731
551 0.5359 2660.652752
552 0.648749 2661.301628
553 0.714242 2662.015992
554 0.553458 2662.569572
555 0.557676 2663.127373
556 0.587354 2663.714856
557 0.485614 2664.200592
558 0.538281 2664.738993
559 0.558399 2665.297517
560 0.469607 2665.767252
561 0.522863 2666.29025
562 0.447969 2666.738339
563 0.546535 2667.284999
564 0.461978 2667.7471
565 0.453031 2668.200256
566 0.458629 2668.659011
567 0.422217 2669.081354
568 0.462266 2669.543743
569 0.49996 2670.043829
570 0.440785 2670.48474
571 0.437894 2670.922759
572 0.465642 2671.388531
573 0.47491 2671.863566
574 0.47106 2672.334749
575 0.464009 2672.798883
576 0.41614 2673.215148
577 0.321478 2673.536744
578 0.338036 2673.874906
579 0.389483 2674.264511
580 0.3423 2674.606937
581 0.363465 2674.970532
582 0.381501 2675.352157
583 0.347027 2675.69931
584 0.390153 2676.089586
585 0.37232 2676.462035
586 0.385071 2676.847234
587 0.314056 2677.161414
588 0.347417 2677.508947
589 0.360553 2677.869618
590 0.336001 2678.205741
591 0.306977 2678.51284
592 0.393152 2678.906111
593 0.318755 2679.224994
594 0.359613 2679.584732
595 0.313555 2679.898413
596 0.323223 2680.221757
597 0.279614 2680.501495
598 0.271236 2680.772854
599 0.290908 2681.063883
600 0.306352 2681.370364
601 0.293167 2681.663657
602 0.286582 2681.950368
603 0.243472 2682.193972
604 0.269045 2682.463142
605 0.267183 2682.730448
606 0.230745 2682.961316
607 0.251833 2683.213272
608 0.194785 2683.408176
609 0.186854 2683.595155
610 0.251295 2683.846573
611 0.257461 2684.104162
612 0.185366 2684.289656
613 0.235908 2684.525689
614 0.181134 2684.706946
615 0.167835 2684.874906
616 0.210951 2685.085982
617 0.166211 2685.252316
618 0.160805 2685.413244
619 0.223289 2685.636656
620 0.216574 2685.853355
621 0.193219 2686.046701
622 0.154402 2686.201226
623 0.148947 2686.3503
624 0.150155 2686.500583
625 0.138628 2686.63934
626 0.137764 2686.777228
627 0.14077 2686.91812
628 0.130904 2687.049147
629 0.132274 2687.181548
630 0.130379 2687.312058
631 0.127084 2687.439264
632 0.129261 2687.568649
633 0.125544 2687.694317
634 0.121415 2687.815858
635 0.121788 2687.937769
636 0.123318 2688.061209
637 0.117466 2688.1788
638 0.116898 2688.29582
639 0.117829 2688.413768
640 0.116425 2688.530312
done 640 0.08195 2688.612386
