# instance ../../../instances/hadoop/hadoop_extensions/us-mid1.pn
# Settings: PN=../../../instances/hadoop/hadoop_extensions/us-mid1.pn, VN=../../../instances/hadoop/hadoop_extensions/hadoop_4_2bw.vn, multi-thread=False
init 0.402812 0.402812
1 0.055044 0.457856
2 0.062067 0.520048
3 0.062927 0.583077
4 0.062053 0.645226
5 0.062029 0.707359
6 0.062112 0.769566
7 0.061885 0.831556
8 0.06204 0.893698
9 0.062098 0.955893
10 0.061496 1.017493
11 0.061708 1.079301
12 0.061421 1.140819
13 0.06153 1.202456
14 0.061534 1.264086
15 0.061469 1.32566
16 0.061429 1.38719
17 0.06159 1.448877
18 0.061295 1.510276
19 0.061252 1.571624
20 0.062533 1.634255
21 0.062239 1.696597
22 0.061212 1.757904
23 0.061312 1.819335
24 0.06182 1.881257
25 0.060838 1.942194
26 0.059114 2.001413
27 0.060902 2.06241
28 0.060768 2.123283
29 0.061471 2.184857
30 0.060907 2.245861
31 0.060553 2.306533
32 0.058882 2.365509
33 0.061169 2.426777
34 0.059846 2.486727
35 0.059658 2.546479
36 0.059521 2.606102
37 0.061246 2.667444
38 0.060958 2.728505
39 0.06088 2.78949
40 0.061801 2.851384
41 0.061751 2.913243
42 0.061055 2.974395
43 0.060803 3.035298
44 0.06083 3.096232
45 0.059097 3.155426
46 0.059238 3.214773
47 0.060678 3.275553
48 0.061061 3.336713
49 0.060322 3.397139
50 0.060479 3.457716
51 0.0601 3.517924
52 0.05875 3.576785
53 0.058556 3.635437
54 0.058534 3.694073
55 0.060017 3.754183
56 0.058448 3.812733
57 0.058622 3.871451
58 0.058448 3.929999
59 0.058897 3.988999
60 0.058968 4.048061
61 0.058164 4.106328
62 0.058102 4.164524
63 0.060776 4.2254
64 0.059908 4.285409
65 0.060027 4.34553
66 0.057805 4.403435
67 0.058146 4.461671
68 0.057928 4.519702
69 0.059419 4.579222
70 0.057894 4.637207
71 0.059376 4.696684
72 0.060194 4.756971
73 0.060175 4.817248
74 0.059982 4.87733
75 0.060171 4.937598
76 0.060129 4.99783
77 0.060003 5.057926
78 0.057492 5.11553
79 0.057291 5.172915
80 0.05726 5.230273
81 0.057035 5.28741
82 0.057076 5.344578
83 0.059027 5.403707
84 0.058854 5.462654
85 0.05676 5.519514
86 0.056943 5.576556
87 0.058826 5.635473
88 0.05866 5.694237
89 0.058632 5.752961
90 0.056888 5.809951
91 0.056434 5.866479
92 0.059178 5.925756
93 0.058273 5.98413
94 0.05656 6.040783
95 0.05636 6.097243
96 0.05633 6.153661
97 0.056141 6.209902
98 0.058951 6.268958
99 0.056202 6.325259
100 0.058253 6.383612
101 0.058889 6.442591
102 0.058473 6.501166
103 0.05853 6.559788
104 0.057508 6.617397
105 0.058508 6.676001
106 0.056257 6.73235
107 0.055864 6.788314
108 0.055949 6.844354
109 0.055782 6.900238
110 0.055978 6.956304
111 0.057958 7.01436
112 0.057571 7.072022
113 0.055646 7.127766
114 0.055582 7.18345
115 0.05767 7.241208
116 0.055453 7.296763
117 0.057772 7.354622
118 0.057131 7.411853
119 0.055531 7.467475
120 0.055332 7.522903
121 0.055192 7.578194
122 0.055089 7.633365
123 0.055012 7.688476
124 0.056728 7.745292
125 0.054863 7.800255
126 0.055103 7.855447
127 0.054906 7.91045
128 0.056916 7.967461
129 0.056724 8.024281
130 0.054827 8.079208
131 0.054699 8.133993
132 0.054414 8.188506
133 0.05617 8.24476
134 0.056243 8.301105
135 0.054468 8.35567
136 0.054441 8.410211
137 0.055916 8.466216
138 0.054395 8.520705
139 0.055952 8.576758
140 0.05407 8.630917
141 0.05444 8.68546
142 0.0542 8.739747
143 0.053857 8.793703
144 0.05386 8.847652
145 0.053904 8.901655
146 0.055796 8.95754
147 0.053648 9.011288
148 0.053892 9.065268
149 0.053602 9.118962
150 0.053936 9.172994
151 0.055193 9.228273
152 0.05351 9.281882
153 0.053528 9.335506
154 0.053326 9.388932
155 0.055547 9.444569
156 0.055602 9.500269
157 0.053268 9.553627
158 0.053437 9.607161
159 0.053252 9.660498
160 0.054706 9.715299
161 0.054943 9.770332
162 0.052966 9.823392
163 0.053064 9.876553
164 0.05335 9.929987
165 0.054737 9.984809
166 0.052876 10.037773
167 0.052547 10.090417
168 0.05453 10.145035
169 0.054388 10.199523
170 0.054669 10.25428
171 0.054177 10.308556
172 0.054604 10.363246
173 0.0543 10.417643
174 0.054355 10.472094
175 0.053971 10.526158
176 0.054049 10.580304
177 0.053913 10.634302
178 0.053909 10.688312
179 0.052092 10.740494
180 0.052204 10.792796
181 0.052109 10.844988
182 0.052038 10.897124
183 0.051992 10.949219
184 0.051599 11.000915
185 0.0518 11.052799
186 0.053555 11.106452
187 0.051654 11.15819
188 0.051438 11.209716
189 0.051659 11.261459
190 0.051476 11.313026
191 0.051673 11.364781
192 0.051337 11.416209
193 0.051401 11.467694
194 0.053053 11.520837
195 0.053016 11.573947
196 0.051412 11.625444
197 0.051193 11.676729
198 0.051067 11.727876
199 0.052966 11.780934
200 0.053091 11.834111
201 0.053043 11.887253
202 0.053183 11.940523
203 0.05291 11.993531
204 0.052816 12.046436
205 0.052795 12.099325
206 0.050801 12.150212
207 0.052269 12.202575
208 0.050664 12.253325
209 0.050337 12.303755
210 0.050543 12.354381
211 0.05032 12.404795
212 0.052393 12.457272
213 0.050127 12.507494
214 0.050327 12.557903
215 0.051487 12.609493
216 0.051881 12.66146
217 0.049873 12.711426
218 0.051745 12.763252
219 0.049795 12.813139
220 0.052022 12.865241
221 0.051553 12.916888
222 0.051605 12.968581
223 0.049724 13.018396
224 0.049697 13.068183
225 0.049775 13.118044
226 0.049938 13.168071
227 0.049643 13.2178
228 0.051465 13.269353
229 0.051071 13.320509
230 0.049743 13.370348
231 0.049624 13.420061
232 0.049718 13.46987
233 0.04936 13.519315
234 0.049479 13.568884
235 0.049091 13.618054
236 0.049454 13.667597
237 0.049051 13.716733
238 0.049357 13.766176
239 0.049028 13.815291
240 0.049145 13.86452
241 0.050682 13.915291
242 0.050737 13.966112
243 0.048873 14.015076
244 0.049031 14.06419
245 0.048632 14.112911
246 0.050465 14.163457
247 0.048751 14.212299
248 0.048914 14.261297
249 0.050715 14.312103
250 0.050505 14.362691
251 0.050007 14.41279
252 0.048962 14.461834
253 0.048648 14.51057
254 0.048567 14.559217
255 0.04831 14.607616
256 0.048844 14.65654
257 0.048753 14.705383
258 0.049772 14.755235
259 0.048799 14.804126
260 0.048537 14.852745
261 0.048357 14.901192
262 0.048358 14.949629
263 0.047993 14.997711
264 0.048043 15.045833
265 0.048343 15.094267
266 0.049788 15.144135
267 0.048332 15.19256
268 0.048166 15.240807
269 0.048139 15.289038
270 0.048181 15.337299
271 0.048104 15.385494
272 0.048231 15.433805
273 0.047694 15.481588
274 0.047886 15.529552
275 0.047899 15.577541
276 0.048226 15.625848
277 0.048267 15.674214
278 0.048145 15.722436
279 0.048082 15.77061
280 0.048051 15.818741
281 0.048226 15.867057
282 0.047512 15.914651
283 0.047694 15.962427
284 0.047797 16.010314
285 0.047559 16.057955
286 0.04774 16.105786
287 0.047979 16.153843
288 0.047223 16.201165
289 0.046901 16.248146
290 0.046027 16.29426
291 0.047214 16.341548
292 0.048479 16.390117
293 0.046883 16.437083
294 0.046671 16.483845
295 0.046784 16.530706
296 0.047775 16.578571
297 0.046817 16.625467
298 0.046617 16.672176
299 0.046245 16.7185
300 0.046551 16.76514
301 0.046292 16.811514
302 0.046487 16.858079
303 0.046191 16.904357
304 0.046551 16.950991
305 0.046172 16.997251
306 0.046398 17.043728
307 0.045983 17.089803
308 0.045957 17.135836
309 0.04562 17.181546
310 0.045658 17.227282
311 0.045568 17.272941
312 0.045358 17.318378
313 0.045741 17.364203
314 0.045393 17.409678
315 0.04563 17.455385
316 0.045294 17.500766
317 0.045333 17.546177
318 0.045218 17.591484
319 0.045119 17.63668
320 0.0468 17.683568
321 0.045182 17.728827
322 0.045177 17.774094
323 0.044846 17.819016
324 0.044997 17.8641
325 0.044895 17.909074
326 0.04501 17.95416
327 0.044666 17.998913
328 0.044794 18.043784
329 0.044648 18.08852
330 0.044616 18.133212
331 0.044962 18.178261
332 0.044339 18.222676
333 0.044525 18.26729
334 0.044157 18.311522
335 0.044565 18.356162
336 0.044103 18.40035
337 0.047927 18.448356
338 0.047417 18.495866
339 0.047501 18.543443
340 0.047418 18.590946
341 0.046964 18.637985
342 0.04845 18.686522
343 0.047171 18.733772
344 0.048474 18.78233
345 0.047075 18.829482
346 0.047014 18.876585
347 0.046856 18.923518
348 0.046937 18.970542
349 0.046602 19.017218
350 0.046965 19.064263
351 0.046519 19.110862
352 0.046726 19.157663
353 0.046238 19.203984
354 0.046665 19.250721
355 0.04636 19.297167
356 0.046284 19.343529
357 0.046164 19.38978
358 0.046132 19.435988
359 0.04605 19.482123
360 0.047056 19.529253
361 0.046852 19.576193
362 0.047118 19.623384
363 0.045953 19.669438
364 0.045535 19.715047
365 0.045176 19.760297
366 0.045754 19.806134
367 0.046097 19.852306
368 0.044742 19.89713
369 0.046149 19.943353
370 0.04584 19.98927
371 0.046229 20.035573
372 0.045907 20.081565
373 0.044393 20.126035
374 0.046047 20.172167
375 0.045811 20.218052
376 0.045474 20.263608
377 0.046016 20.309702
378 0.045508 20.355285
379 0.045216 20.400582
380 0.044153 20.444811
381 0.045426 20.49032
382 0.044967 20.535362
383 0.044751 20.580199
384 0.043811 20.624085
385 0.043646 20.667816
386 0.043561 20.71145
387 0.04366 20.755183
388 0.043324 20.798588
389 0.044401 20.843061
390 0.0435 20.886648
391 0.043444 20.930166
392 0.044258 20.974508
393 0.04302 21.017605
394 0.044941 21.062625
395 0.043889 21.106594
396 0.04477 21.151438
397 0.044462 21.195983
398 0.042853 21.238911
399 0.04275 21.281744
400 0.043011 21.324826
401 0.042679 21.367588
402 0.042508 21.410165
403 0.042668 21.452904
404 0.042349 21.495334
405 0.04329 21.538696
406 0.043461 21.58224
407 0.043391 21.625706
408 0.043516 21.669305
409 0.043099 21.712477
410 0.043425 21.755978
411 0.043207 21.799267
412 0.043131 21.842471
413 0.043624 21.886179
414 0.043819 21.930071
415 0.043135 21.973291
416 0.042647 22.01601
417 0.043433 22.059514
418 0.042694 22.102293
419 0.041902 22.144268
420 0.041874 22.186224
421 0.042779 22.229075
422 0.043014 22.272173
423 0.042547 22.314794
424 0.043428 22.358293
425 0.042952 22.401328
426 0.042683 22.444087
427 0.042717 22.486889
428 0.042248 22.529211
429 0.04277 22.572064
430 0.041074 22.613213
431 0.042678 22.655961
432 0.041054 22.697096
433 0.040935 22.7381
434 0.041066 22.779248
435 0.042022 22.821342
436 0.042004 22.863429
437 0.041462 22.904964
438 0.040943 22.945982
439 0.042094 22.988156
440 0.040646 23.028878
441 0.040595 23.069558
442 0.041424 23.111053
443 0.040404 23.151529
444 0.041989 23.193598
445 0.041776 23.235446
446 0.041839 23.277371
447 0.041475 23.318921
448 0.041718 23.360721
449 0.040987 23.401785
450 0.041655 23.443514
451 0.041276 23.484873
452 0.041421 23.52637
453 0.039826 23.566285
454 0.039773 23.606127
455 0.039723 23.645918
456 0.039576 23.685582
457 0.039443 23.725094
458 0.041096 23.766273
459 0.040432 23.806777
460 0.039548 23.846396
461 0.040971 23.887447
462 0.040982 23.928498
463 0.041099 23.969678
464 0.040611 24.010359
465 0.040826 24.051252
466 0.040871 24.092201
467 0.040373 24.132643
468 0.040557 24.173283
469 0.040248 24.213601
470 0.040452 24.254119
471 0.043177 24.297374
472 0.042641 24.340089
473 0.04275 24.382925
474 0.041133 24.424132
475 0.041181 24.465397
476 0.040802 24.506269
477 0.040895 24.547235
478 0.040996 24.588312
479 0.040586 24.628971
480 0.042581 24.671636
481 0.040474 24.712185
482 0.040644 24.7529
483 0.041832 24.794812
484 0.041954 24.836839
485 0.041756 24.87868
486 0.040258 24.919012
487 0.040346 24.95944
488 0.039984 24.999496
489 0.041477 25.041042
490 0.041529 25.082654
491 0.041396 25.124125
492 0.041478 25.165691
493 0.03957 25.205338
494 0.039752 25.245158
495 0.03951 25.284748
496 0.039367 25.324185
497 0.039352 25.363619
498 0.040889 25.404575
499 0.040812 25.445461
500 0.039269 25.484811
501 0.038988 25.523871
502 0.039207 25.563159
503 0.038725 25.601954
504 0.040347 25.642372
505 0.040459 25.682913
506 0.038738 25.721722
507 0.038666 25.760472
508 0.040626 25.801167
509 0.040004 25.841244
510 0.038535 25.879863
511 0.038102 25.918035
512 0.038395 25.956524
513 0.037835 25.994434
514 0.038032 26.032531
515 0.038272 26.070884
516 0.037819 26.108772
517 0.03901 26.147848
518 0.038924 26.186849
519 0.038771 26.225687
520 0.038787 26.264553
521 0.038489 26.30311
522 0.040248 26.343425
523 0.040042 26.383548
524 0.038488 26.422108
525 0.038498 26.460685
526 0.038228 26.49898
527 0.03806 26.537108
528 0.038201 26.575389
529 0.037814 26.613271
530 0.038062 26.6514
531 0.03764 26.68912
532 0.03764 26.726828
533 0.037594 26.7645
534 0.037418 26.801984
535 0.037454 26.839503
536 0.037695 26.877276
537 0.037033 26.914374
538 0.039267 26.953708
539 0.038647 26.992434
540 0.038655 27.03116
541 0.038624 27.069866
542 0.038117 27.108065
543 0.036811 27.144963
544 0.03793 27.182969
545 0.036287 27.219325
546 0.036355 27.255758
547 0.035935 27.291761
548 0.035902 27.327728
549 0.03667 27.364478
550 0.036523 27.401068
551 0.03659 27.437725
552 0.036451 27.474253
553 0.036125 27.510444
554 0.036233 27.546741
555 0.037999 27.584817
556 0.037505 27.62239
557 0.036001 27.658474
558 0.035669 27.694209
559 0.035458 27.729734
560 0.035559 27.765371
561 0.035223 27.800659
562 0.035316 27.836041
563 0.035264 27.871382
564 0.035103 27.906551
565 0.035113 27.941729
566 0.034944 27.976749
567 0.034574 28.011389
568 0.034729 28.046183
569 0.03437 28.08063
570 0.034363 28.11506
571 0.034366 28.149493
572 0.034212 28.183782
573 0.034033 28.217879
574 0.034216 28.252177
575 0.033721 28.285968
576 0.033791 28.319823
577 0.033786 28.353686
578 0.033476 28.387226
579 0.033405 28.420694
580 0.033643 28.454414
581 0.034876 28.489354
582 0.033277 28.522698
583 0.033089 28.555866
584 0.03294 28.588876
585 0.032777 28.621721
586 0.032826 28.654625
587 0.03433 28.689023
588 0.032747 28.721837
589 0.032578 28.754494
590 0.032338 28.786899
591 0.032141 28.819106
592 0.032377 28.851557
593 0.032043 28.883667
594 0.033435 28.917166
595 0.033456 28.950695
596 0.031888 28.982658
597 0.031493 29.014217
598 0.031824 29.046104
599 0.031478 29.077659
600 0.031318 29.109042
601 0.031372 29.140479
602 0.031217 29.171771
603 0.030861 29.202698
604 0.031023 29.233784
605 0.030972 29.264829
606 0.030756 29.295649
607 0.030597 29.326308
608 0.030842 29.357225
609 0.030682 29.387971
610 0.030783 29.418817
611 0.030888 29.449778
612 0.030539 29.480384
613 0.030324 29.510769
614 0.03057 29.541402
615 0.030343 29.571817
616 0.030205 29.602084
617 0.030066 29.632211
618 0.030159 29.662446
619 0.029981 29.692491
620 0.029868 29.722421
621 0.02981 29.752307
622 0.029654 29.782024
623 0.029369 29.811456
624 0.029677 29.841195
625 0.029342 29.870611
626 0.029301 29.899977
627 0.029209 29.929251
628 0.029396 29.958717
629 0.02885 29.987631
630 0.029082 30.016775
631 0.029078 30.045923
632 0.028831 30.074839
633 0.028593 30.103497
634 0.028777 30.132338
635 0.028545 30.160958
636 0.028326 30.189349
637 0.02831 30.217722
638 0.028499 30.246289
639 0.02811 30.274466
640 0.028183 30.302712
641 0.02803 30.330805
642 0.028047 30.358924
643 0.027739 30.386727
644 0.02772 30.414511
645 0.02795 30.442523
646 0.027689 30.470286
647 0.027457 30.497806
648 0.027465 30.525335
649 0.02741 30.552821
650 0.027396 30.580283
651 0.027172 30.607518
652 0.027283 30.634863
653 0.027114 30.66205
654 0.02694 30.689054
655 0.026782 30.715898
656 0.027192 30.743153
657 0.026766 30.769996
658 0.026693 30.796753
659 0.026593 30.823409
660 0.026671 30.850153
661 0.026356 30.876574
662 0.026317 30.902955
663 0.026409 30.929428
664 0.026397 30.9559
665 0.026155 30.982121
666 0.026123 31.00831
667 0.026204 31.034577
668 0.02606 31.06071
669 0.025855 31.086628
670 0.025782 31.112474
671 0.025839 31.138375
672 0.0257 31.164149
673 0.027299 31.191512
674 0.025627 31.217205
675 0.025745 31.24302
676 0.025354 31.268444
677 0.025299 31.293807
678 0.025191 31.319061
679 0.025274 31.34441
680 0.025014 31.369489
681 0.024948 31.3945
682 0.02507 31.419633
683 0.025113 31.444821
684 0.026649 31.471533
685 0.026343 31.497942
686 0.026424 31.524432
687 0.024797 31.549308
688 0.025905 31.575277
689 0.024517 31.599857
690 0.025999 31.625919
691 0.024695 31.650703
692 0.024328 31.675096
693 0.02421 31.699367
694 0.024182 31.723612
695 0.024205 31.747893
696 0.024074 31.772031
697 0.023915 31.796009
698 0.023975 31.820046
699 0.023989 31.844111
700 0.023793 31.867968
701 0.023697 31.891728
702 0.023652 31.915444
703 0.024067 31.939575
704 0.023559 31.963211
705 0.023333 31.986605
706 0.025317 32.011984
707 0.02531 32.037361
708 0.025128 32.062567
709 0.023258 32.085892
710 0.023162 32.109127
711 0.024833 32.134022
712 0.024578 32.158675
713 0.023112 32.181853
714 0.022928 32.204842
715 0.023004 32.227907
716 0.024407 32.252388
717 0.022818 32.275272
718 0.022787 32.298123
719 0.022773 32.320959
720 0.024197 32.345232
721 0.022676 32.367974
722 0.022567 32.39062
723 0.0239 32.414583
724 0.024121 32.438768
725 0.022408 32.461253
726 0.022302 32.483616
727 0.022225 32.505901
728 0.022457 32.528432
729 0.022233 32.550738
730 0.022101 32.572899
731 0.022044 32.595004
732 0.023792 32.618856
733 0.022279 32.641208
734 0.021966 32.66324
735 0.021833 32.685134
736 0.021846 32.707039
737 0.021977 32.729077
738 0.021851 32.751002
739 0.021682 32.772744
740 0.021577 32.794382
741 0.021535 32.815978
742 0.021874 32.837914
743 0.021519 32.859515
744 0.021439 32.881015
745 0.021373 32.902449
746 0.021458 32.923968
747 0.021526 32.945569
748 0.021252 32.966882
749 0.021136 32.988077
750 0.021174 33.009311
751 0.021286 33.030658
752 0.021257 33.051988
753 0.021014 33.073064
754 0.021012 33.094136
755 0.020928 33.115124
756 0.021225 33.13641
757 0.020837 33.15732
758 0.020849 33.178231
759 0.020802 33.199094
760 0.020777 33.21993
761 0.02088 33.240885
762 0.020857 33.261805
763 0.02059 33.282457
764 0.020625 33.303143
765 0.020401 33.323605
766 0.020436 33.344114
767 0.019359 33.363534
768 0.019172 33.382762
done 768 0.015409 33.398225
