# instance ../../../instances/hadoop/hadoop_extensions/us-mid2.pn
# Settings: PN=../../../instances/hadoop/hadoop_extensions/us-mid2.pn, VN=../../../instances/hadoop/hadoop_extensions/hadoop_10_2bw.vn, multi-thread=False
init 1.921254 1.921254
1 18.28661 20.207864
2 19.80383 40.011836
3 17.883278 57.89524
4 12.229917 70.125265
5 16.736804 86.862189
6 15.92838 102.790688
7 15.739938 118.530743
8 21.01085 139.541708
9 21.917054 161.458879
10 15.266376 176.725348
11 17.891391 194.616856
12 20.032151 214.649123
13 14.887191 229.536433
14 19.418354 248.954907
15 25.681152 274.63618
16 24.582475 299.218781
17 12.298955 311.517849
18 22.83658 334.35454
19 25.182099 359.536752
20 23.417888 382.954755
21 26.858801 409.813677
22 15.863116 425.676911
23 18.946965 444.623997
24 18.541357 463.165483
25 16.787887 479.953491
26 17.489129 497.442734
27 19.789117 517.231979
28 20.260277 537.492382
29 16.102176 553.594682
30 19.004048 572.598851
31 17.223771 589.822747
32 23.266973 613.089839
33 25.929149 639.019118
34 19.152899 658.172139
35 31.428844 689.60111
36 20.942645 710.543875
37 38.210751 748.754752
38 34.498786 783.253671
39 33.809653 817.06345
40 37.230661 854.294233
41 39.746718 894.041082
42 37.993139 932.034349
43 32.385062 964.419537
44 41.958636 1006.378286
45 21.762979 1028.141394
46 25.880427 1054.021941
47 26.871973 1080.894043
48 32.499952 1113.394122
49 33.730838 1147.12509
50 33.047903 1180.173112
51 30.707161 1210.880398
52 30.319269 1241.19979
53 26.843548 1268.043466
54 42.171253 1310.214845
55 40.538029 1350.753003
56 37.997643 1388.75078
57 37.502767 1426.253679
58 46.8689 1473.122705
59 34.759038 1507.881865
60 38.133935 1546.015934
61 54.329894 1600.345949
62 43.676288 1644.022379
63 45.10031 1689.122816
64 46.868676 1735.991623
65 16.955938 1752.947686
66 15.529947 1768.477755
67 30.552251 1799.030127
68 43.917821 1842.948071
69 39.96034 1882.908542
70 39.428647 1922.33732
71 22.369226 1944.706681
72 25.657923 1970.364721
73 43.21467 2013.579513
74 27.938123 2041.517764
75 43.695121 2085.212999
76 38.743306 2123.956436
77 42.433084 2166.389648
78 34.049751 2200.439525
79 38.473057 2238.912707
80 36.203677 2275.116519
81 33.981299 2309.097942
82 33.584408 2342.682498
83 31.185335 2373.867964
84 31.36253 2405.230619
85 42.669837 2447.900578
86 20.80408 2468.704782
87 38.233942 2506.938844
88 17.322089 2524.261066
89 13.05103 2537.312222
90 16.281504 2553.593848
91 31.64019 2585.234184
92 26.06202 2611.29633
93 24.713157 2636.009612
94 41.915628 2677.925362
95 16.368623 2694.294109
96 42.299683 2736.593913
97 17.342003 2753.936065
98 15.156374 2769.092568
99 18.249695 2787.342381
100 22.063199 2809.405709
101 12.887263 2822.293097
102 24.467353 2846.760574
103 31.389796 2878.150494
104 34.016038 2912.166667
105 42.542685 2954.709477
106 35.029225 2989.738825
107 28.417976 3018.156925
108 27.819719 3045.97677
109 34.790943 3080.76784
110 30.502041 3111.270007
111 33.855778 3145.125919
112 30.019659 3175.145724
113 28.723791 3203.869639
114 28.744042 3232.613812
115 27.44092 3260.05486
116 35.778913 3295.833892
117 33.217789 3329.051829
118 30.827982 3359.879937
119 28.18206 3388.06212
120 25.092666 3413.154914
121 28.491964 3441.647
122 26.048992 3467.696119
123 44.185974 3511.882216
124 24.557066 3536.439416
125 28.726988 3565.166527
126 30.053238 3595.219886
