[runlim] version:		1.7
[runlim] time limit:		311040000 seconds
[runlim] real time limit:	3600 seconds
[runlim] space limit:		80000 MB
[runlim] argv[0]:		python3.6
[runlim] argv[1]:		./netsolver-gurobi-mod.py
[runlim] argv[2]:		../../../instances/fattree-bcube/Fattree_n16_k2_bw10_cpu16.pn
[runlim] argv[3]:		../../../instances/fattree-bcube/instance_list_9vm_rnd.txt
[runlim] argv[4]:		False
[runlim] argv[5]:		True
[runlim] argv[6]:		timelogs/results.Fattree_n16_k2_bw10_cpu16.pn.instance_list_9vm_rnd.txt.log
[runlim] start:			Fri Oct  4 10:29:20 2019
[runlim] main pid:		18542
Academic license - for non-commercial use only
[runlim] sample:		10.0 seconds, 137.7 MB
[runlim] sample:		20.0 seconds, 170.3 MB
[runlim] sample:		30.0 seconds, 159.0 MB
[runlim] sample:		40.0 seconds, 151.1 MB
[runlim] sample:		50.0 seconds, 159.7 MB
[runlim] sample:		60.0 seconds, 193.4 MB
[runlim] sample:		70.0 seconds, 198.7 MB
[runlim] sample:		80.0 seconds, 179.4 MB
[runlim] sample:		90.0 seconds, 191.3 MB
[runlim] sample:		100.0 seconds, 196.7 MB
[runlim] sample:		110.0 seconds, 195.1 MB
[runlim] sample:		120.0 seconds, 196.6 MB
[runlim] sample:		130.0 seconds, 201.4 MB
[runlim] sample:		140.0 seconds, 194.6 MB
[runlim] sample:		150.0 seconds, 161.2 MB
[runlim] sample:		160.0 seconds, 174.6 MB
[runlim] sample:		170.0 seconds, 187.9 MB
[runlim] sample:		181.0 seconds, 238.8 MB
[runlim] sample:		191.0 seconds, 242.8 MB
[runlim] sample:		201.0 seconds, 236.1 MB
[runlim] sample:		211.6 seconds, 224.3 MB
[runlim] sample:		222.8 seconds, 228.9 MB
[runlim] sample:		233.4 seconds, 238.9 MB
[runlim] sample:		243.4 seconds, 218.5 MB
[runlim] sample:		253.4 seconds, 224.7 MB
[runlim] sample:		263.4 seconds, 222.9 MB
[runlim] sample:		274.1 seconds, 219.1 MB
[runlim] sample:		284.1 seconds, 224.3 MB
[runlim] sample:		295.1 seconds, 219.4 MB
[runlim] sample:		306.3 seconds, 264.4 MB
[runlim] sample:		316.7 seconds, 224.3 MB
[runlim] sample:		326.7 seconds, 224.9 MB
[runlim] sample:		336.7 seconds, 223.6 MB
[runlim] sample:		346.7 seconds, 223.4 MB
[runlim] sample:		356.7 seconds, 227.0 MB
[runlim] sample:		366.7 seconds, 204.5 MB
[runlim] sample:		378.0 seconds, 256.9 MB
[runlim] sample:		388.6 seconds, 189.6 MB
[runlim] sample:		399.1 seconds, 235.1 MB
[runlim] sample:		409.9 seconds, 205.4 MB
[runlim] sample:		421.0 seconds, 202.0 MB
[runlim] sample:		431.5 seconds, 184.1 MB
[runlim] sample:		442.4 seconds, 210.6 MB
[runlim] sample:		452.9 seconds, 174.6 MB
[runlim] sample:		464.0 seconds, 242.9 MB
[runlim] sample:		475.2 seconds, 242.8 MB
[runlim] sample:		486.0 seconds, 225.2 MB
[runlim] sample:		497.2 seconds, 217.7 MB
[runlim] sample:		508.5 seconds, 218.4 MB
[runlim] sample:		519.3 seconds, 245.1 MB
[runlim] sample:		530.4 seconds, 230.8 MB
[runlim] sample:		541.4 seconds, 229.1 MB
[runlim] sample:		552.4 seconds, 235.6 MB
[runlim] sample:		563.3 seconds, 231.9 MB
[runlim] sample:		574.7 seconds, 213.4 MB
[runlim] sample:		585.7 seconds, 209.9 MB
[runlim] sample:		596.8 seconds, 210.8 MB
[runlim] sample:		607.7 seconds, 200.9 MB
[runlim] sample:		619.0 seconds, 233.0 MB
[runlim] sample:		630.1 seconds, 249.6 MB
[runlim] sample:		641.3 seconds, 209.8 MB
[runlim] sample:		652.3 seconds, 232.5 MB
[runlim] sample:		663.4 seconds, 247.9 MB
[runlim] sample:		674.7 seconds, 221.2 MB
[runlim] sample:		685.6 seconds, 201.4 MB
[runlim] sample:		696.4 seconds, 205.3 MB
[runlim] sample:		707.9 seconds, 238.5 MB
[runlim] sample:		718.8 seconds, 226.6 MB
[runlim] sample:		729.9 seconds, 211.3 MB
[runlim] sample:		740.6 seconds, 204.7 MB
[runlim] sample:		751.9 seconds, 226.2 MB
[runlim] sample:		763.0 seconds, 222.7 MB
[runlim] sample:		774.2 seconds, 200.3 MB
[runlim] sample:		785.1 seconds, 214.0 MB
[runlim] sample:		796.0 seconds, 226.0 MB
[runlim] sample:		807.3 seconds, 200.4 MB
[runlim] sample:		818.4 seconds, 223.1 MB
[runlim] sample:		829.5 seconds, 216.5 MB
[runlim] sample:		840.8 seconds, 232.0 MB
[runlim] sample:		851.8 seconds, 210.1 MB
[runlim] sample:		862.9 seconds, 208.4 MB
[runlim] sample:		873.9 seconds, 249.6 MB
[runlim] sample:		884.9 seconds, 223.2 MB
[runlim] sample:		895.9 seconds, 248.4 MB
[runlim] sample:		907.2 seconds, 224.8 MB
[runlim] sample:		917.8 seconds, 223.4 MB
[runlim] sample:		928.9 seconds, 224.7 MB
[runlim] sample:		940.1 seconds, 229.1 MB
[runlim] sample:		951.3 seconds, 233.8 MB
[runlim] sample:		962.5 seconds, 219.7 MB
[runlim] sample:		973.7 seconds, 225.1 MB
[runlim] sample:		984.6 seconds, 217.2 MB
[runlim] sample:		995.6 seconds, 206.8 MB
[runlim] sample:		1006.8 seconds, 233.2 MB
[runlim] sample:		1017.5 seconds, 218.8 MB
[runlim] sample:		1028.7 seconds, 231.2 MB
[runlim] sample:		1039.8 seconds, 219.1 MB
[runlim] sample:		1051.0 seconds, 232.9 MB
[runlim] sample:		1062.0 seconds, 223.3 MB
[runlim] sample:		1073.2 seconds, 224.8 MB
[runlim] sample:		1084.3 seconds, 225.9 MB
[runlim] sample:		1095.4 seconds, 218.0 MB
[runlim] sample:		1106.5 seconds, 218.1 MB
[runlim] sample:		1117.4 seconds, 203.8 MB
[runlim] sample:		1128.7 seconds, 236.8 MB
[runlim] sample:		1139.4 seconds, 238.4 MB
[runlim] sample:		1150.9 seconds, 234.8 MB
[runlim] sample:		1161.9 seconds, 233.6 MB
[runlim] sample:		1172.9 seconds, 205.0 MB
[runlim] sample:		1183.7 seconds, 237.7 MB
[runlim] sample:		1194.8 seconds, 216.3 MB
[runlim] sample:		1205.8 seconds, 232.1 MB
[runlim] sample:		1216.3 seconds, 242.8 MB
[runlim] sample:		1227.4 seconds, 255.2 MB
[runlim] sample:		1238.6 seconds, 207.8 MB
[runlim] sample:		1249.9 seconds, 226.4 MB
[runlim] sample:		1260.9 seconds, 210.5 MB
[runlim] sample:		1272.1 seconds, 227.6 MB
[runlim] sample:		1283.2 seconds, 253.5 MB
[runlim] sample:		1294.2 seconds, 223.7 MB
[runlim] sample:		1305.2 seconds, 228.4 MB
[runlim] sample:		1316.2 seconds, 226.8 MB
[runlim] sample:		1327.2 seconds, 217.7 MB
[runlim] sample:		1338.2 seconds, 205.0 MB
[runlim] sample:		1349.3 seconds, 227.7 MB
[runlim] sample:		1360.3 seconds, 224.7 MB
[runlim] sample:		1371.3 seconds, 224.4 MB
[runlim] sample:		1382.5 seconds, 233.7 MB
[runlim] sample:		1393.5 seconds, 250.0 MB
[runlim] sample:		1404.7 seconds, 214.0 MB
[runlim] sample:		1415.8 seconds, 223.6 MB
[runlim] sample:		1426.7 seconds, 223.5 MB
[runlim] sample:		1437.8 seconds, 223.5 MB
[runlim] sample:		1449.0 seconds, 250.5 MB
[runlim] sample:		1459.6 seconds, 224.1 MB
[runlim] sample:		1470.6 seconds, 221.7 MB
[runlim] sample:		1481.7 seconds, 265.0 MB
[runlim] sample:		1493.1 seconds, 221.1 MB
[runlim] sample:		1503.9 seconds, 224.2 MB
[runlim] sample:		1514.7 seconds, 231.6 MB
[runlim] sample:		1526.1 seconds, 202.9 MB
[runlim] sample:		1537.2 seconds, 220.9 MB
[runlim] sample:		1548.1 seconds, 246.4 MB
[runlim] sample:		1559.2 seconds, 228.1 MB
[runlim] sample:		1570.3 seconds, 219.0 MB
[runlim] sample:		1581.2 seconds, 245.4 MB
[runlim] sample:		1592.4 seconds, 221.1 MB
[runlim] sample:		1603.6 seconds, 213.6 MB
[runlim] sample:		1614.7 seconds, 246.7 MB
[runlim] sample:		1625.8 seconds, 222.6 MB
[runlim] sample:		1637.0 seconds, 222.6 MB
[runlim] sample:		1647.5 seconds, 222.9 MB
[runlim] sample:		1658.9 seconds, 283.0 MB
[runlim] sample:		1669.8 seconds, 221.0 MB
[runlim] sample:		1680.9 seconds, 225.3 MB
[runlim] sample:		1692.0 seconds, 246.7 MB
[runlim] sample:		1703.1 seconds, 221.5 MB
[runlim] sample:		1714.2 seconds, 223.8 MB
[runlim] sample:		1725.4 seconds, 221.1 MB
[runlim] sample:		1736.6 seconds, 212.3 MB
[runlim] sample:		1747.3 seconds, 244.3 MB
[runlim] sample:		1758.4 seconds, 221.1 MB
[runlim] sample:		1769.4 seconds, 223.6 MB
[runlim] sample:		1780.4 seconds, 222.0 MB
[runlim] sample:		1791.5 seconds, 220.8 MB
[runlim] sample:		1802.1 seconds, 221.9 MB
[runlim] sample:		1812.1 seconds, 223.1 MB
[runlim] sample:		1823.0 seconds, 234.7 MB
[runlim] sample:		1834.1 seconds, 235.0 MB
[runlim] sample:		1845.0 seconds, 233.5 MB
[runlim] sample:		1856.2 seconds, 244.4 MB
[runlim] sample:		1866.2 seconds, 244.4 MB
[runlim] sample:		1877.0 seconds, 235.2 MB
[runlim] sample:		1888.4 seconds, 254.3 MB
[runlim] sample:		1898.9 seconds, 220.9 MB
[runlim] sample:		1909.4 seconds, 259.4 MB
[runlim] sample:		1920.0 seconds, 215.4 MB
[runlim] sample:		1930.3 seconds, 184.5 MB
[runlim] sample:		1940.6 seconds, 210.4 MB
[runlim] sample:		1951.1 seconds, 213.4 MB
[runlim] sample:		1961.7 seconds, 214.5 MB
[runlim] sample:		1972.3 seconds, 214.1 MB
[runlim] sample:		1982.8 seconds, 196.1 MB
[runlim] sample:		1993.5 seconds, 195.6 MB
[runlim] sample:		2004.2 seconds, 214.1 MB
[runlim] sample:		2014.8 seconds, 212.9 MB
[runlim] sample:		2025.3 seconds, 214.0 MB
[runlim] sample:		2035.6 seconds, 211.9 MB
[runlim] sample:		2046.3 seconds, 213.4 MB
[runlim] sample:		2056.9 seconds, 220.8 MB
[runlim] sample:		2067.5 seconds, 219.3 MB
[runlim] sample:		2078.1 seconds, 228.6 MB
[runlim] sample:		2088.7 seconds, 214.9 MB
[runlim] sample:		2099.1 seconds, 211.3 MB
[runlim] sample:		2109.7 seconds, 244.7 MB
[runlim] sample:		2120.3 seconds, 223.2 MB
[runlim] sample:		2130.9 seconds, 215.9 MB
[runlim] sample:		2141.4 seconds, 225.9 MB
[runlim] sample:		2151.9 seconds, 201.5 MB
[runlim] sample:		2162.6 seconds, 222.6 MB
[runlim] sample:		2173.3 seconds, 261.5 MB
[runlim] sample:		2183.8 seconds, 210.6 MB
[runlim] sample:		2194.4 seconds, 205.0 MB
[runlim] sample:		2205.1 seconds, 217.8 MB
[runlim] sample:		2215.6 seconds, 208.0 MB
[runlim] sample:		2226.2 seconds, 205.7 MB
[runlim] sample:		2236.8 seconds, 227.2 MB
[runlim] sample:		2247.3 seconds, 195.8 MB
[runlim] sample:		2257.9 seconds, 213.3 MB
[runlim] sample:		2268.5 seconds, 216.8 MB
[runlim] sample:		2278.7 seconds, 216.3 MB
[runlim] sample:		2289.0 seconds, 213.9 MB
[runlim] sample:		2299.7 seconds, 227.9 MB
[runlim] sample:		2310.3 seconds, 217.9 MB
[runlim] sample:		2321.0 seconds, 223.8 MB
[runlim] sample:		2331.5 seconds, 204.3 MB
[runlim] sample:		2342.1 seconds, 203.3 MB
[runlim] sample:		2352.5 seconds, 224.2 MB
[runlim] sample:		2362.9 seconds, 217.0 MB
[runlim] sample:		2373.8 seconds, 203.9 MB
[runlim] sample:		2384.2 seconds, 203.9 MB
[runlim] sample:		2394.7 seconds, 214.0 MB
[runlim] sample:		2405.3 seconds, 223.4 MB
[runlim] sample:		2415.9 seconds, 197.9 MB
[runlim] sample:		2426.6 seconds, 217.5 MB
[runlim] sample:		2436.8 seconds, 203.9 MB
[runlim] sample:		2447.4 seconds, 217.0 MB
[runlim] sample:		2458.0 seconds, 225.7 MB
[runlim] sample:		2468.5 seconds, 202.5 MB
[runlim] sample:		2479.1 seconds, 215.7 MB
[runlim] sample:		2489.5 seconds, 228.6 MB
[runlim] sample:		2500.0 seconds, 209.2 MB
[runlim] sample:		2510.6 seconds, 196.2 MB
[runlim] sample:		2520.9 seconds, 214.6 MB
[runlim] sample:		2531.1 seconds, 183.2 MB
[runlim] sample:		2541.7 seconds, 222.0 MB
[runlim] sample:		2552.4 seconds, 296.7 MB
[runlim] sample:		2562.9 seconds, 203.5 MB
[runlim] sample:		2573.3 seconds, 203.0 MB
[runlim] sample:		2583.8 seconds, 225.6 MB
[runlim] sample:		2594.4 seconds, 213.0 MB
[runlim] sample:		2605.0 seconds, 215.2 MB
[runlim] sample:		2615.5 seconds, 175.6 MB
[runlim] sample:		2626.0 seconds, 194.5 MB
[runlim] sample:		2636.5 seconds, 186.7 MB
[runlim] sample:		2647.1 seconds, 214.2 MB
[runlim] sample:		2657.7 seconds, 234.1 MB
[runlim] sample:		2668.5 seconds, 212.5 MB
[runlim] sample:		2679.0 seconds, 212.6 MB
[runlim] sample:		2689.4 seconds, 171.8 MB
[runlim] sample:		2700.0 seconds, 209.2 MB
[runlim] sample:		2710.6 seconds, 210.7 MB
[runlim] sample:		2721.2 seconds, 199.9 MB
[runlim] sample:		2731.8 seconds, 203.9 MB
[runlim] sample:		2742.4 seconds, 244.7 MB
[runlim] sample:		2752.8 seconds, 213.5 MB
[runlim] sample:		2763.7 seconds, 224.2 MB
[runlim] sample:		2774.3 seconds, 206.0 MB
[runlim] sample:		2784.7 seconds, 228.5 MB
[runlim] sample:		2795.6 seconds, 255.6 MB
[runlim] sample:		2806.0 seconds, 210.7 MB
[runlim] sample:		2816.6 seconds, 214.2 MB
[runlim] sample:		2827.1 seconds, 200.5 MB
[runlim] sample:		2837.8 seconds, 230.8 MB
[runlim] sample:		2848.4 seconds, 213.1 MB
[runlim] sample:		2858.8 seconds, 211.3 MB
[runlim] sample:		2869.5 seconds, 221.4 MB
[runlim] sample:		2880.1 seconds, 203.0 MB
[runlim] sample:		2890.8 seconds, 206.6 MB
[runlim] sample:		2901.3 seconds, 214.3 MB
[runlim] sample:		2911.9 seconds, 249.2 MB
[runlim] sample:		2922.5 seconds, 201.9 MB
[runlim] sample:		2933.0 seconds, 211.0 MB
[runlim] sample:		2943.6 seconds, 201.0 MB
[runlim] sample:		2953.9 seconds, 213.1 MB
[runlim] sample:		2964.7 seconds, 205.3 MB
[runlim] sample:		2975.3 seconds, 213.8 MB
[runlim] sample:		2985.8 seconds, 225.1 MB
[runlim] sample:		2996.4 seconds, 203.7 MB
[runlim] sample:		3007.1 seconds, 227.6 MB
[runlim] sample:		3017.6 seconds, 215.3 MB
[runlim] sample:		3028.1 seconds, 202.0 MB
[runlim] sample:		3038.8 seconds, 226.8 MB
[runlim] sample:		3049.4 seconds, 226.4 MB
[runlim] sample:		3060.0 seconds, 216.6 MB
[runlim] sample:		3070.4 seconds, 212.5 MB
[runlim] sample:		3081.0 seconds, 214.7 MB
[runlim] sample:		3091.4 seconds, 229.7 MB
[runlim] sample:		3102.0 seconds, 228.4 MB
[runlim] sample:		3112.7 seconds, 236.0 MB
[runlim] sample:		3123.3 seconds, 220.1 MB
[runlim] sample:		3133.9 seconds, 211.1 MB
[runlim] sample:		3144.4 seconds, 213.7 MB
[runlim] sample:		3155.0 seconds, 215.5 MB
[runlim] sample:		3165.6 seconds, 204.0 MB
[runlim] sample:		3176.2 seconds, 215.6 MB
[runlim] sample:		3186.8 seconds, 226.0 MB
[runlim] sample:		3197.2 seconds, 235.9 MB
[runlim] sample:		3207.8 seconds, 216.0 MB
[runlim] sample:		3218.3 seconds, 198.2 MB
[runlim] sample:		3228.9 seconds, 201.5 MB
[runlim] sample:		3239.3 seconds, 205.6 MB
[runlim] sample:		3250.1 seconds, 218.3 MB
[runlim] sample:		3260.4 seconds, 229.5 MB
[runlim] sample:		3271.2 seconds, 212.8 MB
[runlim] sample:		3281.6 seconds, 196.4 MB
[runlim] sample:		3292.2 seconds, 206.5 MB
[runlim] sample:		3302.6 seconds, 225.8 MB
[runlim] sample:		3313.4 seconds, 213.5 MB
[runlim] sample:		3324.0 seconds, 220.4 MB
[runlim] sample:		3334.5 seconds, 193.4 MB
[runlim] sample:		3345.1 seconds, 205.0 MB
[runlim] sample:		3355.7 seconds, 207.0 MB
[runlim] sample:		3366.3 seconds, 214.7 MB
[runlim] sample:		3376.7 seconds, 227.6 MB
[runlim] sample:		3387.3 seconds, 213.7 MB
[runlim] sample:		3397.9 seconds, 212.4 MB
[runlim] sample:		3408.5 seconds, 224.8 MB
[runlim] sample:		3419.1 seconds, 204.7 MB
[runlim] sample:		3429.3 seconds, 203.7 MB
[runlim] sample:		3439.6 seconds, 224.5 MB
[runlim] sample:		3450.1 seconds, 214.5 MB
[runlim] sample:		3460.7 seconds, 192.8 MB
[runlim] sample:		3471.1 seconds, 211.0 MB
[runlim] sample:		3481.7 seconds, 197.5 MB
[runlim] sample:		3492.3 seconds, 234.3 MB
[runlim] sample:		3502.7 seconds, 228.6 MB
[runlim] sample:		3513.4 seconds, 224.1 MB
[runlim] sample:		3523.9 seconds, 225.8 MB
[runlim] sample:		3534.4 seconds, 195.4 MB
[runlim] sample:		3544.9 seconds, 225.9 MB
[runlim] sample:		3555.3 seconds, 212.6 MB
[runlim] sample:		3565.9 seconds, 203.7 MB
[runlim] sample:		3576.3 seconds, 198.3 MB
[runlim] sample:		3586.9 seconds, 224.7 MB
[runlim] sample:		3597.4 seconds, 224.6 MB
[runlim] sample:		3608.0 seconds, 203.7 MB
[runlim] sample:		3618.6 seconds, 223.4 MB
[runlim] sample:		3629.1 seconds, 216.2 MB
[runlim] sample:		3639.7 seconds, 224.9 MB
[runlim] sample:		3650.1 seconds, 233.4 MB
[runlim] sample:		3660.7 seconds, 218.1 MB
[runlim] sample:		3671.2 seconds, 195.6 MB
[runlim] sample:		3681.7 seconds, 209.4 MB
[runlim] sample:		3692.3 seconds, 202.4 MB
[runlim] sample:		3702.7 seconds, 234.6 MB
[runlim] sample:		3713.1 seconds, 238.1 MB
[runlim] sample:		3723.8 seconds, 206.1 MB
[runlim] sample:		3734.3 seconds, 217.4 MB
[runlim] sample:		3744.6 seconds, 201.6 MB
[runlim] sample:		3755.1 seconds, 205.3 MB
[runlim] sample:		3765.5 seconds, 212.1 MB
[runlim] sample:		3776.0 seconds, 225.7 MB
[runlim] sample:		3786.2 seconds, 204.7 MB
[runlim] sample:		3796.7 seconds, 213.8 MB
[runlim] sample:		3807.1 seconds, 200.5 MB
[runlim] sample:		3817.4 seconds, 226.3 MB
[runlim] sample:		3828.1 seconds, 185.5 MB
[runlim] sample:		3838.7 seconds, 209.8 MB
[runlim] sample:		3849.3 seconds, 212.2 MB
[runlim] end:			Fri Oct  4 11:29:20 2019
[runlim] status:		out of time
[runlim] result:		1
[runlim] children:		0
[runlim] real:			3600.08 seconds
[runlim] time:			3849.26 seconds
[runlim] space:			336.7 MB
[runlim] samples:		36000
