[runlim] version:		1.7
[runlim] time limit:		311040000 seconds
[runlim] real time limit:	3600 seconds
[runlim] space limit:		80000 MB
[runlim] argv[0]:		python3.6
[runlim] argv[1]:		./netsolver-gurobi-mod.py
[runlim] argv[2]:		../../../instances/fattree-bcube/Fattree_n16_k2_bw10_cpu16.pn
[runlim] argv[3]:		../../../instances/fattree-bcube/instance_list_6vm_rnd.txt
[runlim] argv[4]:		False
[runlim] argv[5]:		True
[runlim] argv[6]:		timelogs/results.Fattree_n16_k2_bw10_cpu16.pn.instance_list_6vm_rnd.txt.log
[runlim] start:			Fri Oct  4 09:29:20 2019
[runlim] main pid:		16684
Academic license - for non-commercial use only
[runlim] sample:		10.0 seconds, 133.5 MB
[runlim] sample:		20.0 seconds, 125.4 MB
[runlim] sample:		30.0 seconds, 133.1 MB
[runlim] sample:		40.0 seconds, 128.9 MB
[runlim] sample:		50.0 seconds, 132.6 MB
[runlim] sample:		60.0 seconds, 129.4 MB
[runlim] sample:		70.0 seconds, 132.0 MB
[runlim] sample:		80.0 seconds, 134.6 MB
[runlim] sample:		90.0 seconds, 137.2 MB
[runlim] sample:		100.0 seconds, 132.1 MB
[runlim] sample:		110.0 seconds, 132.8 MB
[runlim] sample:		120.0 seconds, 139.8 MB
[runlim] sample:		130.0 seconds, 133.8 MB
[runlim] sample:		140.0 seconds, 133.8 MB
[runlim] sample:		150.0 seconds, 134.1 MB
[runlim] sample:		160.0 seconds, 134.3 MB
[runlim] sample:		170.0 seconds, 134.6 MB
[runlim] sample:		180.0 seconds, 134.6 MB
[runlim] sample:		190.0 seconds, 134.3 MB
[runlim] sample:		200.0 seconds, 139.7 MB
[runlim] sample:		210.0 seconds, 134.8 MB
[runlim] sample:		220.3 seconds, 153.3 MB
[runlim] sample:		230.5 seconds, 141.0 MB
[runlim] sample:		241.0 seconds, 151.5 MB
[runlim] sample:		251.5 seconds, 141.7 MB
[runlim] sample:		262.4 seconds, 166.6 MB
[runlim] sample:		273.4 seconds, 155.2 MB
[runlim] sample:		283.7 seconds, 146.8 MB
[runlim] sample:		294.0 seconds, 153.6 MB
[runlim] sample:		304.0 seconds, 143.5 MB
[runlim] sample:		314.3 seconds, 154.0 MB
[runlim] sample:		324.7 seconds, 154.3 MB
[runlim] sample:		335.1 seconds, 154.0 MB
[runlim] sample:		345.4 seconds, 150.0 MB
[runlim] sample:		355.8 seconds, 154.0 MB
[runlim] sample:		366.2 seconds, 150.7 MB
[runlim] sample:		376.6 seconds, 161.4 MB
[runlim] sample:		387.1 seconds, 154.9 MB
[runlim] sample:		397.5 seconds, 155.1 MB
[runlim] sample:		407.9 seconds, 141.9 MB
[runlim] sample:		418.3 seconds, 144.0 MB
[runlim] sample:		428.7 seconds, 163.9 MB
[runlim] sample:		439.3 seconds, 154.5 MB
[runlim] sample:		449.7 seconds, 149.5 MB
[runlim] sample:		460.1 seconds, 152.0 MB
[runlim] sample:		470.4 seconds, 150.5 MB
[runlim] sample:		480.7 seconds, 154.0 MB
[runlim] sample:		490.9 seconds, 150.5 MB
[runlim] sample:		501.3 seconds, 156.6 MB
[runlim] sample:		511.7 seconds, 152.4 MB
[runlim] sample:		522.1 seconds, 152.6 MB
[runlim] sample:		532.7 seconds, 156.7 MB
[runlim] sample:		543.1 seconds, 156.7 MB
[runlim] sample:		553.5 seconds, 156.6 MB
[runlim] sample:		563.8 seconds, 156.4 MB
[runlim] sample:		574.2 seconds, 152.6 MB
[runlim] sample:		584.7 seconds, 153.7 MB
[runlim] sample:		595.0 seconds, 157.0 MB
[runlim] sample:		605.3 seconds, 157.2 MB
[runlim] sample:		615.8 seconds, 163.1 MB
[runlim] sample:		626.1 seconds, 167.4 MB
[runlim] sample:		636.5 seconds, 167.5 MB
[runlim] sample:		646.9 seconds, 164.1 MB
[runlim] sample:		657.4 seconds, 165.6 MB
[runlim] sample:		667.7 seconds, 165.5 MB
[runlim] sample:		678.1 seconds, 160.3 MB
[runlim] sample:		688.6 seconds, 159.2 MB
[runlim] sample:		698.9 seconds, 147.8 MB
[runlim] sample:		709.2 seconds, 149.6 MB
[runlim] sample:		719.7 seconds, 145.3 MB
[runlim] sample:		730.1 seconds, 150.1 MB
[runlim] sample:		740.5 seconds, 158.1 MB
[runlim] sample:		750.9 seconds, 164.9 MB
[runlim] sample:		761.2 seconds, 164.5 MB
[runlim] sample:		771.6 seconds, 166.2 MB
[runlim] sample:		782.1 seconds, 166.2 MB
[runlim] sample:		792.4 seconds, 155.9 MB
[runlim] sample:		802.5 seconds, 158.0 MB
[runlim] sample:		813.0 seconds, 156.3 MB
[runlim] sample:		823.3 seconds, 158.6 MB
[runlim] sample:		833.7 seconds, 165.6 MB
[runlim] sample:		844.2 seconds, 160.8 MB
[runlim] sample:		854.5 seconds, 152.3 MB
[runlim] sample:		864.8 seconds, 158.3 MB
[runlim] sample:		875.0 seconds, 150.7 MB
[runlim] sample:		885.4 seconds, 151.4 MB
[runlim] sample:		895.7 seconds, 163.4 MB
[runlim] sample:		906.1 seconds, 164.2 MB
[runlim] sample:		916.5 seconds, 158.6 MB
[runlim] sample:		926.9 seconds, 153.9 MB
[runlim] sample:		937.3 seconds, 164.0 MB
[runlim] sample:		947.8 seconds, 167.9 MB
[runlim] sample:		958.0 seconds, 150.0 MB
[runlim] sample:		968.4 seconds, 150.7 MB
[runlim] sample:		978.9 seconds, 165.1 MB
[runlim] sample:		989.4 seconds, 165.7 MB
[runlim] sample:		999.6 seconds, 153.0 MB
[runlim] sample:		1009.9 seconds, 157.9 MB
[runlim] sample:		1020.3 seconds, 149.8 MB
[runlim] sample:		1030.8 seconds, 165.3 MB
[runlim] sample:		1041.2 seconds, 160.5 MB
[runlim] sample:		1051.5 seconds, 159.7 MB
[runlim] sample:		1062.1 seconds, 168.5 MB
[runlim] sample:		1072.4 seconds, 156.4 MB
[runlim] sample:		1082.7 seconds, 160.0 MB
[runlim] sample:		1093.1 seconds, 159.7 MB
[runlim] sample:		1103.5 seconds, 167.4 MB
[runlim] sample:		1113.8 seconds, 156.4 MB
[runlim] sample:		1124.2 seconds, 159.6 MB
[runlim] sample:		1134.6 seconds, 164.4 MB
[runlim] sample:		1145.0 seconds, 158.7 MB
[runlim] sample:		1155.4 seconds, 159.6 MB
[runlim] sample:		1165.8 seconds, 167.0 MB
[runlim] sample:		1176.3 seconds, 167.5 MB
[runlim] sample:		1186.7 seconds, 163.2 MB
[runlim] sample:		1197.0 seconds, 159.4 MB
[runlim] sample:		1207.4 seconds, 159.7 MB
[runlim] sample:		1217.8 seconds, 162.8 MB
[runlim] sample:		1228.0 seconds, 161.5 MB
[runlim] sample:		1238.4 seconds, 165.5 MB
[runlim] sample:		1248.8 seconds, 166.0 MB
[runlim] sample:		1259.2 seconds, 165.5 MB
[runlim] sample:		1269.8 seconds, 161.6 MB
[runlim] sample:		1280.1 seconds, 154.5 MB
[runlim] sample:		1290.4 seconds, 157.9 MB
[runlim] sample:		1300.7 seconds, 154.4 MB
[runlim] sample:		1311.2 seconds, 158.8 MB
[runlim] sample:		1321.4 seconds, 163.0 MB
[runlim] sample:		1331.8 seconds, 161.1 MB
[runlim] sample:		1342.2 seconds, 156.1 MB
[runlim] sample:		1352.4 seconds, 153.6 MB
[runlim] sample:		1362.9 seconds, 158.5 MB
[runlim] sample:		1373.2 seconds, 158.5 MB
[runlim] sample:		1383.5 seconds, 158.5 MB
[runlim] sample:		1393.9 seconds, 158.7 MB
[runlim] sample:		1404.1 seconds, 158.5 MB
[runlim] sample:		1414.5 seconds, 163.8 MB
[runlim] sample:		1424.7 seconds, 156.9 MB
[runlim] sample:		1435.1 seconds, 154.8 MB
[runlim] sample:		1445.5 seconds, 158.5 MB
[runlim] sample:		1455.7 seconds, 158.6 MB
[runlim] sample:		1466.1 seconds, 161.6 MB
[runlim] sample:		1476.5 seconds, 163.9 MB
[runlim] sample:		1486.8 seconds, 158.0 MB
[runlim] sample:		1497.3 seconds, 159.2 MB
[runlim] sample:		1507.7 seconds, 153.7 MB
[runlim] sample:		1518.1 seconds, 164.0 MB
[runlim] sample:		1528.5 seconds, 153.9 MB
[runlim] sample:		1538.6 seconds, 157.9 MB
[runlim] sample:		1548.9 seconds, 158.3 MB
[runlim] sample:		1559.3 seconds, 155.5 MB
[runlim] sample:		1569.7 seconds, 153.8 MB
[runlim] sample:		1580.1 seconds, 159.6 MB
[runlim] sample:		1590.5 seconds, 146.6 MB
[runlim] sample:		1600.8 seconds, 159.0 MB
[runlim] sample:		1611.2 seconds, 155.4 MB
[runlim] sample:		1621.6 seconds, 167.4 MB
[runlim] sample:		1632.2 seconds, 166.0 MB
[runlim] sample:		1642.6 seconds, 167.6 MB
[runlim] sample:		1652.8 seconds, 156.3 MB
[runlim] sample:		1663.1 seconds, 156.1 MB
[runlim] sample:		1673.5 seconds, 157.6 MB
[runlim] sample:		1683.9 seconds, 167.9 MB
[runlim] sample:		1694.3 seconds, 167.6 MB
[runlim] sample:		1704.7 seconds, 167.5 MB
[runlim] sample:		1715.3 seconds, 159.7 MB
[runlim] sample:		1725.6 seconds, 162.0 MB
[runlim] sample:		1736.0 seconds, 165.4 MB
[runlim] sample:		1746.5 seconds, 165.9 MB
[runlim] sample:		1756.8 seconds, 146.4 MB
[runlim] sample:		1767.0 seconds, 144.4 MB
[runlim] sample:		1777.5 seconds, 146.4 MB
[runlim] sample:		1787.8 seconds, 162.8 MB
[runlim] sample:		1798.1 seconds, 157.4 MB
[runlim] sample:		1808.3 seconds, 159.6 MB
[runlim] sample:		1818.6 seconds, 146.5 MB
[runlim] sample:		1829.0 seconds, 153.5 MB
[runlim] sample:		1839.2 seconds, 145.8 MB
[runlim] sample:		1849.6 seconds, 158.8 MB
[runlim] sample:		1860.0 seconds, 164.7 MB
[runlim] sample:		1870.3 seconds, 167.6 MB
[runlim] sample:		1880.7 seconds, 166.2 MB
[runlim] sample:		1891.0 seconds, 166.7 MB
[runlim] sample:		1901.3 seconds, 158.5 MB
[runlim] sample:		1911.5 seconds, 159.1 MB
[runlim] sample:		1921.8 seconds, 158.8 MB
[runlim] sample:		1932.1 seconds, 146.5 MB
[runlim] sample:		1942.6 seconds, 156.7 MB
[runlim] sample:		1952.9 seconds, 162.4 MB
[runlim] sample:		1963.1 seconds, 147.0 MB
[runlim] sample:		1973.4 seconds, 161.0 MB
[runlim] sample:		1983.7 seconds, 158.9 MB
[runlim] sample:		1994.2 seconds, 159.2 MB
[runlim] sample:		2004.5 seconds, 155.7 MB
[runlim] sample:		2014.7 seconds, 143.1 MB
[runlim] sample:		2024.9 seconds, 143.1 MB
[runlim] sample:		2035.3 seconds, 146.0 MB
[runlim] sample:		2045.8 seconds, 153.6 MB
[runlim] sample:		2056.2 seconds, 165.4 MB
[runlim] sample:		2066.7 seconds, 165.4 MB
[runlim] sample:		2077.1 seconds, 167.5 MB
[runlim] sample:		2087.5 seconds, 159.5 MB
[runlim] sample:		2097.9 seconds, 154.9 MB
[runlim] sample:		2108.2 seconds, 159.4 MB
[runlim] sample:		2118.6 seconds, 158.0 MB
[runlim] sample:		2129.0 seconds, 165.4 MB
[runlim] sample:		2139.4 seconds, 163.4 MB
[runlim] sample:		2149.8 seconds, 152.9 MB
[runlim] sample:		2160.3 seconds, 162.1 MB
[runlim] sample:		2170.6 seconds, 150.5 MB
[runlim] sample:		2180.9 seconds, 162.0 MB
[runlim] sample:		2191.4 seconds, 167.6 MB
[runlim] sample:		2201.8 seconds, 152.7 MB
[runlim] sample:		2212.2 seconds, 165.4 MB
[runlim] sample:		2222.8 seconds, 159.1 MB
[runlim] sample:		2233.2 seconds, 147.7 MB
[runlim] sample:		2243.4 seconds, 149.9 MB
[runlim] sample:		2253.7 seconds, 160.1 MB
[runlim] sample:		2264.1 seconds, 166.1 MB
[runlim] sample:		2274.6 seconds, 162.3 MB
[runlim] sample:		2285.1 seconds, 155.1 MB
[runlim] sample:		2295.5 seconds, 164.7 MB
[runlim] sample:		2305.9 seconds, 165.5 MB
[runlim] sample:		2316.3 seconds, 150.3 MB
[runlim] sample:		2326.5 seconds, 156.4 MB
[runlim] sample:		2337.1 seconds, 166.2 MB
[runlim] sample:		2347.5 seconds, 166.9 MB
[runlim] sample:		2357.9 seconds, 167.5 MB
[runlim] sample:		2368.2 seconds, 166.7 MB
[runlim] sample:		2378.7 seconds, 166.9 MB
[runlim] sample:		2389.1 seconds, 163.0 MB
[runlim] sample:		2399.5 seconds, 166.6 MB
[runlim] sample:		2409.9 seconds, 158.5 MB
[runlim] sample:		2420.3 seconds, 152.7 MB
[runlim] sample:		2430.4 seconds, 147.4 MB
[runlim] sample:		2440.7 seconds, 146.7 MB
[runlim] sample:		2451.1 seconds, 159.1 MB
[runlim] sample:		2461.5 seconds, 159.4 MB
[runlim] sample:		2471.8 seconds, 153.2 MB
[runlim] sample:		2482.2 seconds, 162.5 MB
[runlim] sample:		2492.5 seconds, 166.9 MB
[runlim] sample:		2502.9 seconds, 148.3 MB
[runlim] sample:		2513.3 seconds, 159.8 MB
[runlim] sample:		2523.7 seconds, 166.6 MB
[runlim] sample:		2534.2 seconds, 156.3 MB
[runlim] sample:		2544.6 seconds, 160.0 MB
[runlim] sample:		2555.0 seconds, 161.4 MB
[runlim] sample:		2565.4 seconds, 164.0 MB
[runlim] sample:		2575.8 seconds, 165.7 MB
[runlim] sample:		2586.2 seconds, 148.2 MB
[runlim] sample:		2596.6 seconds, 155.7 MB
[runlim] sample:		2606.9 seconds, 159.9 MB
[runlim] sample:		2617.5 seconds, 158.8 MB
[runlim] sample:		2627.7 seconds, 159.2 MB
[runlim] sample:		2638.0 seconds, 147.4 MB
[runlim] sample:		2648.2 seconds, 149.9 MB
[runlim] sample:		2658.5 seconds, 147.2 MB
[runlim] sample:		2668.9 seconds, 157.4 MB
[runlim] sample:		2679.2 seconds, 158.8 MB
[runlim] sample:		2689.6 seconds, 159.1 MB
[runlim] sample:		2700.2 seconds, 163.6 MB
[runlim] sample:		2710.4 seconds, 146.4 MB
[runlim] sample:		2720.8 seconds, 164.3 MB
[runlim] sample:		2731.1 seconds, 157.8 MB
[runlim] sample:		2741.5 seconds, 165.6 MB
[runlim] sample:		2751.9 seconds, 160.2 MB
[runlim] sample:		2762.3 seconds, 166.3 MB
[runlim] sample:		2772.6 seconds, 151.7 MB
[runlim] sample:		2782.9 seconds, 153.0 MB
[runlim] sample:		2793.3 seconds, 159.1 MB
[runlim] sample:		2803.7 seconds, 155.0 MB
[runlim] sample:		2813.9 seconds, 143.6 MB
[runlim] sample:		2824.3 seconds, 158.7 MB
[runlim] sample:		2834.7 seconds, 164.2 MB
[runlim] sample:		2845.0 seconds, 148.6 MB
[runlim] sample:		2855.4 seconds, 158.5 MB
[runlim] sample:		2865.7 seconds, 158.5 MB
[runlim] sample:		2876.1 seconds, 163.0 MB
[runlim] sample:		2886.6 seconds, 160.6 MB
[runlim] sample:		2896.8 seconds, 158.1 MB
[runlim] sample:		2907.2 seconds, 154.8 MB
[runlim] sample:		2917.6 seconds, 153.9 MB
[runlim] sample:		2928.0 seconds, 158.1 MB
[runlim] sample:		2938.1 seconds, 156.7 MB
[runlim] sample:		2948.5 seconds, 160.5 MB
[runlim] sample:		2958.8 seconds, 157.9 MB
[runlim] sample:		2969.2 seconds, 162.4 MB
[runlim] sample:		2979.4 seconds, 162.5 MB
[runlim] sample:		2989.7 seconds, 163.3 MB
[runlim] sample:		3000.0 seconds, 166.5 MB
[runlim] sample:		3010.3 seconds, 165.5 MB
[runlim] sample:		3020.7 seconds, 165.3 MB
[runlim] sample:		3031.1 seconds, 153.9 MB
[runlim] sample:		3041.6 seconds, 157.9 MB
[runlim] sample:		3052.1 seconds, 156.2 MB
[runlim] sample:		3062.3 seconds, 157.6 MB
[runlim] sample:		3072.7 seconds, 157.2 MB
[runlim] sample:		3083.2 seconds, 143.9 MB
[runlim] sample:		3093.5 seconds, 148.4 MB
[runlim] sample:		3103.9 seconds, 150.1 MB
[runlim] sample:		3114.1 seconds, 153.2 MB
[runlim] sample:		3124.4 seconds, 147.9 MB
[runlim] sample:		3134.7 seconds, 147.4 MB
[runlim] sample:		3145.0 seconds, 159.0 MB
[runlim] sample:		3155.4 seconds, 143.0 MB
[runlim] sample:		3165.8 seconds, 160.6 MB
[runlim] sample:		3176.3 seconds, 164.1 MB
[runlim] sample:		3186.6 seconds, 157.0 MB
[runlim] sample:		3197.0 seconds, 163.3 MB
[runlim] sample:		3207.4 seconds, 152.9 MB
[runlim] sample:		3217.8 seconds, 158.6 MB
[runlim] sample:		3228.2 seconds, 153.8 MB
[runlim] sample:		3238.6 seconds, 151.5 MB
[runlim] sample:		3248.9 seconds, 164.9 MB
[runlim] sample:		3259.5 seconds, 150.4 MB
[runlim] sample:		3269.8 seconds, 158.4 MB
[runlim] sample:		3280.1 seconds, 151.8 MB
[runlim] sample:		3290.4 seconds, 151.1 MB
[runlim] sample:		3300.9 seconds, 163.4 MB
[runlim] sample:		3311.4 seconds, 163.6 MB
[runlim] sample:		3321.7 seconds, 156.7 MB
[runlim] sample:		3331.8 seconds, 156.0 MB
[runlim] sample:		3342.3 seconds, 154.6 MB
[runlim] sample:		3352.6 seconds, 157.2 MB
[runlim] sample:		3362.9 seconds, 145.3 MB
[runlim] sample:		3373.1 seconds, 152.9 MB
[runlim] sample:		3383.5 seconds, 156.4 MB
[runlim] sample:		3393.8 seconds, 152.8 MB
[runlim] sample:		3404.2 seconds, 156.7 MB
[runlim] sample:		3414.3 seconds, 152.8 MB
[runlim] sample:		3424.6 seconds, 156.7 MB
[runlim] sample:		3434.8 seconds, 147.2 MB
[runlim] sample:		3445.2 seconds, 154.1 MB
[runlim] sample:		3455.4 seconds, 145.7 MB
[runlim] sample:		3465.8 seconds, 150.7 MB
[runlim] sample:		3476.2 seconds, 150.9 MB
[runlim] sample:		3486.6 seconds, 151.1 MB
[runlim] sample:		3497.0 seconds, 159.3 MB
[runlim] sample:		3507.3 seconds, 156.3 MB
[runlim] sample:		3517.7 seconds, 145.5 MB
[runlim] sample:		3528.0 seconds, 149.9 MB
[runlim] sample:		3538.4 seconds, 145.5 MB
[runlim] sample:		3548.6 seconds, 150.8 MB
[runlim] sample:		3559.0 seconds, 156.1 MB
[runlim] sample:		3569.4 seconds, 161.2 MB
[runlim] sample:		3579.8 seconds, 160.4 MB
[runlim] sample:		3590.2 seconds, 150.1 MB
[runlim] sample:		3600.5 seconds, 149.5 MB
[runlim] sample:		3610.9 seconds, 163.7 MB
[runlim] sample:		3621.4 seconds, 163.0 MB
[runlim] sample:		3631.8 seconds, 148.6 MB
[runlim] sample:		3642.1 seconds, 154.3 MB
[runlim] sample:		3652.5 seconds, 145.4 MB
[runlim] sample:		3662.9 seconds, 151.7 MB
[runlim] sample:		3673.2 seconds, 145.7 MB
[runlim] sample:		3683.6 seconds, 157.1 MB
[runlim] sample:		3694.0 seconds, 157.5 MB
[runlim] sample:		3704.3 seconds, 163.0 MB
[runlim] sample:		3714.6 seconds, 163.2 MB
[runlim] end:			Fri Oct  4 10:29:20 2019
[runlim] status:		out of time
[runlim] result:		1
[runlim] children:		0
[runlim] real:			3600.05 seconds
[runlim] time:			3724.12 seconds
[runlim] space:			194.4 MB
[runlim] samples:		35991
