[runlim] version:		1.7
[runlim] time limit:		311040000 seconds
[runlim] real time limit:	3600 seconds
[runlim] space limit:		80000 MB
[runlim] argv[0]:		python3.6
[runlim] argv[1]:		./netsolver-gurobi-mod.py
[runlim] argv[2]:		../../../instances/fattree-bcube/Fattree_n8_k2_bw10_cpu16.pn
[runlim] argv[3]:		../../../instances/fattree-bcube/instance_list_12vm_rnd.txt
[runlim] argv[4]:		False
[runlim] argv[5]:		True
[runlim] argv[6]:		timelogs/results.Fattree_n8_k2_bw10_cpu16.pn.instance_list_12vm_rnd.txt.log
[runlim] start:			Fri Oct  4 07:27:55 2019
[runlim] main pid:		12349
Academic license - for non-commercial use only
[runlim] sample:		10.0 seconds, 53.9 MB
[runlim] sample:		20.0 seconds, 56.4 MB
[runlim] sample:		30.3 seconds, 68.1 MB
[runlim] sample:		40.3 seconds, 59.1 MB
[runlim] sample:		50.9 seconds, 68.9 MB
[runlim] sample:		61.3 seconds, 65.6 MB
[runlim] sample:		71.8 seconds, 68.2 MB
[runlim] sample:		82.3 seconds, 66.9 MB
[runlim] sample:		92.8 seconds, 68.9 MB
[runlim] sample:		103.2 seconds, 69.5 MB
[runlim] sample:		113.8 seconds, 65.1 MB
[runlim] sample:		124.4 seconds, 67.0 MB
[runlim] sample:		134.8 seconds, 54.9 MB
[runlim] sample:		145.2 seconds, 59.9 MB
[runlim] sample:		156.0 seconds, 58.8 MB
done 157 0.878178 150.143544
150.143544
157
Median time: 0.953677 s
[runlim] end:			Fri Oct  4 07:30:25 2019
[runlim] status:		ok
[runlim] result:		0
[runlim] children:		0
[runlim] real:			150.48 seconds
[runlim] time:			156.36 seconds
[runlim] space:			77.0 MB
[runlim] samples:		1503
