# instance ../../../instances/fattree-bcube/BCube_n10_k2_bw10_cpu16.pn
# Settings: PN=../../../instances/fattree-bcube/BCube_n10_k2_bw10_cpu16.pn, VN=../../../instances/fattree-bcube/instance_list_12vm_rnd.txt, multi-thread=True
init 0.050845 0.050845
1 6.911138 6.961983
2 6.814396 13.776515
3 7.178104 20.954757
4 6.076741 27.031628
5 6.67102 33.702782
6 6.306029 40.008953
7 6.737075 46.746161
8 6.398823 53.145127
9 6.467784 59.613052
10 6.809394 66.422586
11 6.383386 72.806114
12 7.594262 80.40051
13 7.220198 87.620839
14 7.521334 95.142309
15 7.345471 102.487918
16 7.716355 110.204409
17 7.752589 117.957126
18 6.253467 124.210729
19 5.577546 129.788429
20 6.535391 136.323955
21 5.480752 141.804841
22 6.259838 148.064815
23 5.465099 153.530052
24 6.156292 159.686474
25 5.552972 165.239584
26 5.819208 171.058926
27 5.626938 176.686007
28 5.57596 182.262103
29 5.607575 187.869817
30 6.363709 194.233665
31 6.15607 200.389868
32 6.59774 206.987739
33 6.723053 213.710934
34 6.83476 220.545828
35 5.673574 226.219534
36 5.984551 232.204223
37 6.235436 238.439797
38 5.697413 244.137345
39 6.301514 250.439001
40 6.427841 256.866974
41 7.075712 263.942821
42 7.249358 271.192317
43 5.66668 276.859129
44 6.292267 283.151534
45 6.418325 289.569995
46 6.618388 296.188522
47 6.438663 302.627321
48 6.358126 308.985583
49 5.712601 314.698316
50 6.331274 321.029731
51 6.799825 327.82969
52 6.194896 334.024724
53 7.074409 341.099269
54 6.933043 348.032444
55 6.376389 354.408971
56 6.382202 360.791306
57 5.72996 366.521398
58 6.257201 372.778736
59 6.02406 378.802957
60 5.658567 384.461666
61 6.743206 391.20501
62 5.711013 396.916161
63 6.377737 403.294034
64 6.009571 409.303742
65 5.61304 414.916917
66 5.623643 420.5407
67 6.515594 427.056432
68 5.772906 432.829473
69 6.662434 439.492046
70 6.987218 446.479399
71 6.52048 453.000015
72 6.484982 459.485138
73 6.838517 466.323793
74 6.117478 472.441412
75 6.64761 479.089159
76 6.520922 485.610219
77 5.665272 491.275628
78 6.361212 497.63698
79 6.330072 503.967183
80 5.750608 509.717928
81 6.284937 516.002996
82 5.744326 521.747458
83 7.126915 528.874509
84 5.70474 534.579392
85 6.6678 541.247331
86 6.824296 548.071761
87 6.882295 554.954194
88 6.567758 561.52209
89 6.717713 568.239941
90 7.039555 575.279636
91 6.914861 582.194633
92 6.779226 588.974019
93 7.172329 596.146488
94 6.195216 602.341842
95 6.258456 608.600436
96 6.758073 615.358645
97 7.158978 622.517769
98 7.265521 629.783428
99 5.697632 635.481196
100 6.01234 641.493676
101 5.66073 647.154543
102 6.33112 653.485808
103 6.044092 659.530037
104 6.731966 666.26214
105 5.823593 672.085873
106 6.301287 678.387296
107 6.358531 684.745962
108 6.780463 691.526567
109 5.797697 697.324401
110 6.307909 703.63245
111 5.756519 709.389109
112 6.289037 715.678282
113 6.04053 721.718949
114 6.428549 728.147635
115 5.671964 733.819737
116 5.629294 739.449168
117 6.040223 745.489532
118 6.262151 751.75182
119 6.44954 758.201496
120 6.732622 764.934258
121 6.771165 771.70556
122 6.836501 778.542199
123 6.420479 784.962813
124 5.728191 790.691141
125 6.795954 797.487231
126 6.389562 803.876929
127 6.41819 810.295256
128 5.759695 816.05509
129 6.287874 822.343102
130 6.380487 828.723724
131 6.798427 835.522288
132 6.121071 841.643496
133 5.70474 847.348377
134 6.287288 853.635801
135 6.810855 860.446797
136 6.379876 866.826804
137 6.495985 873.322925
138 6.66246 879.985523
139 6.849552 886.835214
140 6.767451 893.602801
141 6.86679 900.469735
142 6.439876 906.909747
143 6.482276 913.392161
144 6.342418 919.734716
145 6.812202 926.547076
146 6.753841 933.301054
147 6.539151 939.840341
148 6.459323 946.299799
149 6.680966 952.980903
150 6.880558 959.861604
151 5.756978 965.61872
152 6.022322 971.641191
153 5.636627 977.277955
154 5.646273 982.924367
155 5.945121 988.869632
156 6.7284 995.598171
157 5.798147 1001.39645
158 6.396451 1007.793033
159 6.685595 1014.478765
160 5.806042 1020.284954
161 6.690554 1026.975644
162 6.115362 1033.091147
163 6.443118 1039.534399
164 6.670594 1046.205131
165 5.789002 1051.99427
166 5.97031 1057.964716
167 6.844513 1064.809366
168 5.65472 1070.464247
169 6.788738 1077.253118
170 6.214278 1083.467536
171 5.729215 1089.196883
172 6.473214 1095.670233
173 6.689979 1102.36035
174 6.892648 1109.25314
175 6.402376 1115.655661
176 5.745468 1121.401268
177 6.344137 1127.745545
178 6.48053 1134.226214
179 6.3268 1140.553149
180 5.746947 1146.300226
181 6.679577 1152.97994
182 6.551032 1159.53111
183 6.67874 1166.209989
184 5.695785 1171.905906
185 5.658727 1177.564771
186 5.953808 1183.518723
187 5.770651 1189.28953
188 7.023657 1196.313324
189 6.827384 1203.140844
190 6.450834 1209.591819
191 7.154624 1216.746581
192 6.849769 1223.596492
193 5.841489 1229.438118
194 5.989113 1235.427371
195 7.140869 1242.568379
196 6.788676 1249.357197
197 6.480862 1255.838203
198 6.424501 1262.262841
199 7.189231 1269.452208
200 6.768726 1276.221073
201 6.463967 1282.685181
202 6.821308 1289.506631
203 6.793852 1296.300641
204 7.20731 1303.50809
205 6.545184 1310.053412
206 6.769874 1316.823421
207 6.490284 1323.313843
208 6.444024 1329.758008
209 7.208143 1336.966292
210 6.77737 1343.743802
211 6.896346 1350.640287
212 5.681034 1356.321456
213 6.363071 1362.684667
214 6.527609 1369.212417
215 6.366254 1375.578812
216 5.795715 1381.374662
217 5.680587 1387.055404
218 5.573656 1392.629198
219 6.03118 1398.660513
220 6.731968 1405.392622
221 6.207777 1411.60054
222 6.760704 1418.361383
223 6.732104 1425.093628
224 6.857291 1431.951058
225 6.135994 1438.087192
226 6.010858 1444.09819
227 6.752622 1450.850953
228 6.459619 1457.310707
229 6.050725 1463.361589
230 6.244143 1469.605869
231 6.460186 1476.066189
232 6.093426 1482.159759
233 6.34174 1488.501638
234 7.149285 1495.651061
235 6.849158 1502.500362
236 7.189799 1509.690298
237 6.820566 1516.511005
238 6.456389 1522.967533
239 6.809885 1529.777557
240 6.547211 1536.324906
241 6.035693 1542.360738
242 6.349939 1548.710817
243 6.815941 1555.526898
244 5.843829 1561.370867
245 6.686597 1568.057603
246 5.74525 1573.802993
247 6.423057 1580.226194
248 6.675297 1586.901626
249 6.120865 1593.022635
250 6.479708 1599.502495
251 6.687705 1606.190338
252 7.19444 1613.384918
253 5.887847 1619.272907
254 5.607129 1624.880178
255 6.686551 1631.566868
256 6.535459 1638.102461
257 5.686548 1643.789148
258 6.782227 1650.571512
259 6.497949 1657.069592
260 6.679908 1663.749642
261 6.867291 1670.617074
262 6.453355 1677.070564
263 5.74046 1682.811163
264 5.729523 1688.540822
265 6.363272 1694.904237
266 5.698803 1700.603179
267 6.682373 1707.28569
268 6.900585 1714.186415
269 7.06884 1721.255392
270 6.511836 1727.767365
271 6.52295 1734.290457
272 5.698283 1739.988881
273 7.007303 1746.99632
274 6.976139 1753.972598
275 6.420092 1760.392827
276 6.752251 1767.145215
277 6.466718 1773.612075
278 6.0862 1779.698412
279 7.085264 1786.783814
280 6.174128 1792.958079
281 6.783576 1799.741793
282 6.897062 1806.638996
283 6.853365 1813.492501
284 6.756582 1820.249221
285 5.832654 1826.082009
286 6.326695 1832.408843
287 6.815841 1839.224826
288 6.077468 1845.302435
289 5.722579 1851.025156
290 5.953293 1856.978589
291 6.84705 1863.825775
292 7.209441 1871.035358
293 7.132906 1878.168397
294 6.966798 1885.135335
295 6.440377 1891.57585
296 6.428361 1898.004351
297 6.39031 1904.394799
298 6.818624 1911.213572
299 5.85544 1917.069151
300 6.019538 1923.088827
301 6.369461 1929.458426
302 6.406654 1935.86522
303 7.139709 1943.00507
304 6.523867 1949.529082
305 6.827502 1956.356723
306 6.472493 1962.829356
307 6.399896 1969.229392
308 6.498717 1975.72825
309 6.420659 1982.149054
310 6.841015 1988.990209
311 6.738934 1995.729284
312 5.804241 2001.533664
313 6.694504 2008.228307
314 6.221053 2014.4495
315 5.648752 2020.098397
316 6.71257 2026.811103
317 7.214433 2034.025676
318 6.213177 2040.238989
319 6.297364 2046.536487
320 5.750003 2052.28663
321 6.786791 2059.073576
322 6.524707 2065.598423
323 6.362362 2071.960926
324 5.791515 2077.752582
325 6.316389 2084.069109
326 6.416124 2090.485375
327 6.804324 2097.289835
328 6.56882 2103.858793
329 6.369575 2110.228505
330 6.083649 2116.31229
331 5.729613 2122.042043
332 6.368928 2128.411112
333 6.408654 2134.819924
334 5.777435 2140.5975
335 6.700324 2147.297959
336 6.577142 2153.87524
337 6.832461 2160.707837
338 6.760951 2167.468925
339 5.829778 2173.298843
340 6.109986 2179.408977
341 5.685712 2185.094829
342 6.321329 2191.416302
343 5.776066 2197.192504
344 6.084934 2203.277577
345 5.672661 2208.950378
346 7.106259 2216.056777
347 6.78498 2222.841897
348 6.941046 2229.783084
349 6.433687 2236.216913
350 5.69729 2241.914342
351 6.477802 2248.392281
352 6.686592 2255.07901
353 5.814475 2260.893623
354 5.775956 2266.669717
355 7.036187 2273.706048
356 6.525995 2280.232184
357 6.128887 2286.361206
358 6.7415 2293.102847
359 6.811058 2299.914041
360 6.798741 2306.712922
361 6.813508 2313.526569
362 5.828626 2319.355333
363 6.701916 2326.05739
364 5.830323 2331.887853
365 6.436216 2338.324211
366 5.73702 2344.061377
367 6.690198 2350.751716
368 6.466585 2357.218433
369 5.755875 2362.974447
370 6.423497 2369.398084
371 6.032289 2375.430515
372 6.766847 2382.197499
373 6.822678 2389.020315
374 7.250165 2396.270618
375 6.48781 2402.758587
376 7.223064 2409.98179
377 5.738794 2415.720721
378 7.175471 2422.896332
379 6.489787 2429.386259
380 6.764845 2436.151241
381 6.581175 2442.732554
382 6.821228 2449.553924
383 7.217553 2456.77162
384 6.808225 2463.579985
385 6.178098 2469.758221
386 5.651197 2475.409559
387 6.820184 2482.229882
388 6.74415 2488.974173
389 6.87419 2495.848506
390 6.786136 2502.63478
391 6.893818 2509.528736
392 6.155756 2515.684631
393 7.158168 2522.842937
394 6.496134 2529.339213
395 6.376604 2535.715958
396 5.773959 2541.490056
397 6.72792 2548.218115
398 6.922698 2555.140952
399 6.092942 2561.234039
400 7.173628 2568.407805
401 6.810167 2575.218109
402 5.820254 2581.038505
403 6.018019 2587.056663
404 6.370057 2593.42686
405 7.175453 2600.602451
406 6.21512 2606.817708
407 6.436454 2613.254305
408 6.483532 2619.737978
409 6.706313 2626.444431
410 6.925091 2633.369664
411 6.106125 2639.47593
412 6.474062 2645.95013
413 7.148896 2653.099164
414 6.497778 2659.59708
415 5.719458 2665.316679
416 6.76329 2672.080108
417 6.736567 2678.816812
418 5.813507 2684.630458
419 6.069561 2690.700159
420 6.370151 2697.070449
421 7.175401 2704.245995
422 6.97889 2711.225025
423 5.706751 2716.931912
424 6.36846 2723.300513
425 7.168219 2730.46887
426 6.977655 2737.446662
427 6.136253 2743.58307
428 6.793247 2750.376453
429 6.75848 2757.135068
430 6.898911 2764.034118
431 6.806453 2770.84071
432 6.887611 2777.728459
433 6.795172 2784.523768
434 6.873387 2791.397293
435 5.845307 2797.242736
436 6.680205 2803.923098
437 6.477956 2810.401192
438 6.525548 2816.926879
439 6.363314 2823.290333
440 6.531895 2829.822368
441 7.142724 2836.965233
442 5.803138 2842.76851
443 6.996178 2849.764826
444 6.52665 2856.29162
445 6.535998 2862.827756
446 7.139302 2869.967198
447 6.875655 2876.842989
448 5.848204 2882.691334
449 6.38681 2889.07828
450 6.46525 2895.543671
451 6.349173 2901.892983
452 5.763866 2907.65699
453 6.393466 2914.050594
454 6.422612 2920.473342
455 6.83145 2927.30493
456 6.47329 2933.778361
457 6.825892 2940.604391
458 6.567299 2947.171825
459 6.771898 2953.943861
460 6.498971 2960.442973
461 6.072432 2966.515542
462 5.792822 2972.3085
463 6.776358 2979.084999
464 6.103946 2985.18909
465 7.086739 2992.275967
466 6.976895 2999.253001
467 7.095994 3006.349137
468 6.5281 3012.877374
469 5.798289 3018.675804
470 6.379185 3025.055129
471 6.406631 3031.461899
472 5.767053 3037.229093
473 6.71219 3043.941423
474 5.817198 3049.75876
475 5.771024 3055.529923
476 7.00355 3062.533613
477 5.885853 3068.419607
478 7.001242 3075.420994
479 6.523381 3081.944518
480 6.840911 3088.785566
481 6.482423 3095.268131
482 6.521313 3101.789587
483 5.750887 3107.540616
484 6.681731 3114.222484
485 7.261429 3121.484054
486 5.728676 3127.212864
487 6.403239 3133.616243
488 6.530535 3140.146917
489 5.637286 3145.784341
490 6.481965 3152.266444
491 6.798903 3159.065486
492 6.408221 3165.473845
493 6.833006 3172.306992
494 6.793422 3179.100552
495 6.884802 3185.985495
496 6.484617 3192.470252
497 6.82159 3199.291979
498 7.139121 3206.43124
499 6.200975 3212.632375
500 7.103484 3219.736
501 6.540248 3226.276384
502 6.419852 3232.696374
503 6.821167 3239.517679
504 6.78702 3246.30484
505 6.449689 3252.754669
506 5.700946 3258.455767
507 6.823969 3265.279874
508 5.752238 3271.03225
509 5.990562 3277.022956
510 6.774099 3283.797195
511 6.915877 3290.713214
512 6.756709 3297.470059
513 6.259207 3303.729405
514 6.335172 3310.064717
515 5.782929 3315.84778
516 6.403417 3322.251339
517 6.836424 3329.087902
518 6.502168 3335.59021
519 6.45009 3342.040438
520 5.817141 3347.857719
521 6.672789 3354.530646
522 5.831985 3360.362789
523 6.7147 3367.077626
524 6.461387 3373.539154
525 6.832972 3380.372263
526 7.259477 3387.631876
527 6.812165 3394.444181
528 7.27272 3401.717044
529 6.479328 3408.196507
530 6.120289 3414.316937
531 6.380826 3420.697903
532 6.429683 3427.127728
533 6.835991 3433.963856
534 5.858935 3439.822929
535 6.699455 3446.52252
536 5.839148 3452.361806
537 6.684536 3459.04648
538 6.480076 3465.526699
539 6.513139 3472.039989
540 6.690563 3478.73069
541 5.805599 3484.536439
542 6.389502 3490.926077
543 6.095659 3497.021876
544 6.447004 3503.469021
545 6.864384 3510.333546
546 6.735931 3517.069611
547 6.559103 3523.628857
548 6.138581 3529.767577
549 6.903253 3536.670974
550 7.13294 3543.80405
551 6.795271 3550.599458
552 6.934659 3557.534252
553 6.442677 3563.977071
554 6.426395 3570.403608
555 6.108077 3576.511816
556 7.108719 3583.620674
557 6.530429 3590.151243
558 6.552555 3596.703932
