[runlim] version:		1.7
[runlim] time limit:		311040000 seconds
[runlim] real time limit:	3600 seconds
[runlim] space limit:		80000 MB
[runlim] argv[0]:		python3.6
[runlim] argv[1]:		./netsolver-gurobi-mod.py
[runlim] argv[2]:		../../../instances/fattree-bcube/Fattree_n16_k2_bw10_cpu16.pn
[runlim] argv[3]:		../../../instances/fattree-bcube/instance_list_12vm_rnd.txt
[runlim] argv[4]:		False
[runlim] argv[5]:		True
[runlim] argv[6]:		timelogs/results.Fattree_n16_k2_bw10_cpu16.pn.instance_list_12vm_rnd.txt.log
[runlim] start:			Fri Oct  4 11:29:20 2019
[runlim] main pid:		19880
Academic license - for non-commercial use only
[runlim] sample:		10.0 seconds, 191.1 MB
[runlim] sample:		20.0 seconds, 257.2 MB
[runlim] sample:		30.0 seconds, 249.5 MB
[runlim] sample:		40.0 seconds, 273.3 MB
[runlim] sample:		50.0 seconds, 270.0 MB
[runlim] sample:		60.0 seconds, 269.6 MB
[runlim] sample:		70.0 seconds, 268.3 MB
[runlim] sample:		80.0 seconds, 277.9 MB
[runlim] sample:		90.0 seconds, 296.5 MB
[runlim] sample:		100.0 seconds, 277.5 MB
[runlim] sample:		110.0 seconds, 288.4 MB
[runlim] sample:		120.0 seconds, 285.3 MB
[runlim] sample:		130.0 seconds, 275.5 MB
[runlim] sample:		140.0 seconds, 274.5 MB
[runlim] sample:		150.0 seconds, 270.7 MB
[runlim] sample:		160.0 seconds, 275.5 MB
[runlim] sample:		170.0 seconds, 275.9 MB
[runlim] sample:		180.0 seconds, 269.2 MB
[runlim] sample:		190.0 seconds, 269.7 MB
[runlim] sample:		200.8 seconds, 290.6 MB
[runlim] sample:		210.8 seconds, 306.1 MB
[runlim] sample:		221.8 seconds, 330.0 MB
[runlim] sample:		232.8 seconds, 291.6 MB
[runlim] sample:		243.6 seconds, 333.4 MB
[runlim] sample:		254.4 seconds, 260.3 MB
[runlim] sample:		265.1 seconds, 295.4 MB
[runlim] sample:		275.8 seconds, 287.7 MB
[runlim] sample:		285.8 seconds, 297.2 MB
[runlim] sample:		295.8 seconds, 314.5 MB
[runlim] sample:		306.4 seconds, 298.6 MB
[runlim] sample:		317.4 seconds, 320.4 MB
[runlim] sample:		328.1 seconds, 302.6 MB
[runlim] sample:		339.1 seconds, 344.1 MB
[runlim] sample:		350.7 seconds, 318.4 MB
[runlim] sample:		361.4 seconds, 293.9 MB
[runlim] sample:		372.2 seconds, 304.8 MB
[runlim] sample:		383.1 seconds, 344.2 MB
[runlim] sample:		395.1 seconds, 351.8 MB
[runlim] sample:		406.0 seconds, 352.9 MB
[runlim] sample:		416.9 seconds, 289.7 MB
[runlim] sample:		427.9 seconds, 316.2 MB
[runlim] sample:		439.5 seconds, 314.8 MB
[runlim] sample:		449.5 seconds, 283.7 MB
[runlim] sample:		461.3 seconds, 425.7 MB
[runlim] sample:		472.2 seconds, 305.8 MB
[runlim] sample:		482.9 seconds, 350.2 MB
[runlim] sample:		493.8 seconds, 289.3 MB
[runlim] sample:		504.5 seconds, 288.9 MB
[runlim] sample:		515.7 seconds, 324.9 MB
[runlim] sample:		527.7 seconds, 322.7 MB
[runlim] sample:		538.9 seconds, 345.4 MB
[runlim] sample:		549.8 seconds, 345.2 MB
[runlim] sample:		560.9 seconds, 331.5 MB
[runlim] sample:		572.2 seconds, 375.4 MB
[runlim] sample:		584.1 seconds, 322.8 MB
[runlim] sample:		594.1 seconds, 328.3 MB
[runlim] sample:		605.2 seconds, 420.5 MB
[runlim] sample:		617.0 seconds, 314.4 MB
[runlim] sample:		627.0 seconds, 311.2 MB
[runlim] sample:		637.8 seconds, 292.3 MB
[runlim] sample:		649.0 seconds, 365.1 MB
[runlim] sample:		659.8 seconds, 311.6 MB
[runlim] sample:		670.8 seconds, 312.8 MB
[runlim] sample:		682.0 seconds, 331.5 MB
[runlim] sample:		693.1 seconds, 327.0 MB
[runlim] sample:		704.3 seconds, 337.7 MB
[runlim] sample:		715.6 seconds, 351.5 MB
[runlim] sample:		726.8 seconds, 332.9 MB
[runlim] sample:		738.0 seconds, 338.5 MB
[runlim] sample:		750.2 seconds, 291.7 MB
[runlim] sample:		761.1 seconds, 315.1 MB
[runlim] sample:		772.3 seconds, 373.8 MB
[runlim] sample:		783.5 seconds, 345.1 MB
[runlim] sample:		794.8 seconds, 337.4 MB
[runlim] sample:		806.5 seconds, 308.1 MB
[runlim] sample:		817.3 seconds, 298.4 MB
[runlim] sample:		828.3 seconds, 313.1 MB
[runlim] sample:		840.4 seconds, 362.2 MB
[runlim] sample:		851.2 seconds, 272.4 MB
[runlim] sample:		862.2 seconds, 312.4 MB
[runlim] sample:		873.1 seconds, 314.6 MB
[runlim] sample:		885.1 seconds, 306.6 MB
[runlim] sample:		896.2 seconds, 313.5 MB
[runlim] sample:		907.0 seconds, 293.8 MB
[runlim] sample:		918.8 seconds, 302.3 MB
[runlim] sample:		929.8 seconds, 310.0 MB
[runlim] sample:		940.8 seconds, 366.8 MB
[runlim] sample:		952.3 seconds, 301.3 MB
[runlim] sample:		963.4 seconds, 314.2 MB
[runlim] sample:		974.5 seconds, 314.4 MB
[runlim] sample:		985.7 seconds, 368.4 MB
[runlim] sample:		998.0 seconds, 333.3 MB
[runlim] sample:		1009.0 seconds, 316.2 MB
[runlim] sample:		1019.8 seconds, 303.3 MB
[runlim] sample:		1031.0 seconds, 330.4 MB
[runlim] sample:		1043.2 seconds, 315.6 MB
[runlim] sample:		1054.1 seconds, 295.9 MB
[runlim] sample:		1065.0 seconds, 312.4 MB
[runlim] sample:		1076.0 seconds, 314.9 MB
[runlim] sample:		1088.1 seconds, 309.4 MB
[runlim] sample:		1099.0 seconds, 295.2 MB
[runlim] sample:		1110.1 seconds, 317.3 MB
[runlim] sample:		1122.2 seconds, 318.7 MB
[runlim] sample:		1133.2 seconds, 311.7 MB
[runlim] sample:		1144.3 seconds, 331.9 MB
[runlim] sample:		1155.5 seconds, 298.7 MB
[runlim] sample:		1166.7 seconds, 331.4 MB
[runlim] sample:		1178.6 seconds, 391.1 MB
[runlim] sample:		1189.9 seconds, 314.0 MB
[runlim] sample:		1201.0 seconds, 316.5 MB
[runlim] sample:		1212.2 seconds, 333.0 MB
[runlim] sample:		1223.3 seconds, 292.8 MB
[runlim] sample:		1235.4 seconds, 314.6 MB
[runlim] sample:		1246.6 seconds, 328.6 MB
[runlim] sample:		1257.7 seconds, 348.4 MB
[runlim] sample:		1268.5 seconds, 299.0 MB
[runlim] sample:		1280.3 seconds, 296.7 MB
[runlim] sample:		1291.1 seconds, 297.8 MB
[runlim] sample:		1302.0 seconds, 305.6 MB
[runlim] sample:		1314.0 seconds, 309.7 MB
[runlim] sample:		1325.0 seconds, 316.5 MB
[runlim] sample:		1336.2 seconds, 323.6 MB
[runlim] sample:		1348.2 seconds, 326.3 MB
[runlim] sample:		1359.1 seconds, 312.1 MB
[runlim] sample:		1370.1 seconds, 315.1 MB
[runlim] sample:		1381.2 seconds, 382.0 MB
[runlim] sample:		1393.0 seconds, 305.4 MB
[runlim] sample:		1404.2 seconds, 381.7 MB
[runlim] sample:		1415.0 seconds, 306.7 MB
[runlim] sample:		1426.2 seconds, 387.2 MB
[runlim] sample:		1438.2 seconds, 297.0 MB
[runlim] sample:		1449.2 seconds, 316.6 MB
[runlim] sample:		1460.4 seconds, 332.1 MB
[runlim] sample:		1471.6 seconds, 329.4 MB
[runlim] sample:		1483.5 seconds, 300.1 MB
[runlim] sample:		1494.5 seconds, 314.4 MB
[runlim] sample:		1505.6 seconds, 317.3 MB
[runlim] sample:		1517.5 seconds, 296.5 MB
[runlim] sample:		1528.7 seconds, 327.0 MB
[runlim] sample:		1539.8 seconds, 327.2 MB
[runlim] sample:		1551.0 seconds, 283.1 MB
[runlim] sample:		1562.7 seconds, 298.3 MB
[runlim] sample:		1573.5 seconds, 306.1 MB
[runlim] sample:		1584.4 seconds, 297.7 MB
[runlim] sample:		1595.7 seconds, 393.8 MB
[runlim] sample:		1607.9 seconds, 319.2 MB
[runlim] sample:		1619.2 seconds, 338.4 MB
[runlim] sample:		1630.3 seconds, 337.6 MB
[runlim] sample:		1641.2 seconds, 305.9 MB
[runlim] sample:		1653.3 seconds, 371.9 MB
[runlim] sample:		1664.5 seconds, 343.3 MB
[runlim] sample:		1675.6 seconds, 323.8 MB
[runlim] sample:		1686.6 seconds, 318.4 MB
[runlim] sample:		1697.8 seconds, 324.6 MB
[runlim] sample:		1709.6 seconds, 386.9 MB
[runlim] sample:		1721.2 seconds, 328.2 MB
[runlim] sample:		1732.4 seconds, 301.5 MB
[runlim] sample:		1743.7 seconds, 344.1 MB
[runlim] sample:		1754.7 seconds, 324.4 MB
[runlim] sample:		1765.8 seconds, 329.0 MB
[runlim] sample:		1777.9 seconds, 321.2 MB
[runlim] sample:		1789.2 seconds, 338.2 MB
[runlim] sample:		1800.3 seconds, 339.7 MB
[runlim] sample:		1811.5 seconds, 346.8 MB
[runlim] sample:		1822.5 seconds, 393.7 MB
[runlim] sample:		1834.4 seconds, 319.9 MB
[runlim] sample:		1845.3 seconds, 288.6 MB
[runlim] sample:		1856.2 seconds, 299.7 MB
[runlim] sample:		1867.8 seconds, 301.2 MB
[runlim] sample:		1878.7 seconds, 308.9 MB
[runlim] sample:		1889.9 seconds, 330.2 MB
[runlim] sample:		1902.0 seconds, 384.5 MB
[runlim] sample:		1913.2 seconds, 337.4 MB
[runlim] sample:		1924.3 seconds, 332.9 MB
[runlim] sample:		1935.2 seconds, 313.2 MB
[runlim] sample:		1946.7 seconds, 462.2 MB
[runlim] sample:		1958.2 seconds, 321.0 MB
[runlim] sample:		1969.1 seconds, 308.4 MB
[runlim] sample:		1980.1 seconds, 316.5 MB
[runlim] sample:		1992.1 seconds, 308.0 MB
[runlim] sample:		2003.0 seconds, 315.8 MB
[runlim] sample:		2014.3 seconds, 344.9 MB
[runlim] sample:		2025.5 seconds, 308.9 MB
[runlim] sample:		2036.7 seconds, 385.4 MB
[runlim] sample:		2047.9 seconds, 339.1 MB
[runlim] sample:		2060.2 seconds, 331.0 MB
[runlim] sample:		2071.2 seconds, 320.2 MB
[runlim] sample:		2082.1 seconds, 309.8 MB
[runlim] sample:		2093.0 seconds, 317.5 MB
[runlim] sample:		2105.0 seconds, 313.1 MB
[runlim] sample:		2116.2 seconds, 327.1 MB
[runlim] sample:		2127.0 seconds, 314.2 MB
[runlim] sample:		2138.0 seconds, 317.8 MB
[runlim] sample:		2150.1 seconds, 316.2 MB
[runlim] sample:		2161.1 seconds, 325.8 MB
[runlim] sample:		2172.3 seconds, 337.4 MB
[runlim] sample:		2183.6 seconds, 343.9 MB
[runlim] sample:		2195.2 seconds, 301.9 MB
[runlim] sample:		2206.4 seconds, 328.7 MB
[runlim] sample:		2217.4 seconds, 280.7 MB
[runlim] sample:		2228.7 seconds, 439.4 MB
[runlim] sample:		2240.5 seconds, 327.8 MB
[runlim] sample:		2251.7 seconds, 334.7 MB
[runlim] sample:		2262.9 seconds, 357.4 MB
[runlim] sample:		2273.8 seconds, 320.7 MB
[runlim] sample:		2285.5 seconds, 300.6 MB
[runlim] sample:		2296.4 seconds, 317.7 MB
[runlim] sample:		2307.3 seconds, 300.0 MB
[runlim] sample:		2319.7 seconds, 334.5 MB
[runlim] sample:		2331.0 seconds, 341.4 MB
[runlim] sample:		2341.9 seconds, 323.1 MB
[runlim] sample:		2352.9 seconds, 319.2 MB
[runlim] sample:		2363.7 seconds, 311.4 MB
[runlim] sample:		2376.2 seconds, 343.2 MB
[runlim] sample:		2387.2 seconds, 303.7 MB
[runlim] sample:		2398.4 seconds, 334.2 MB
[runlim] sample:		2409.5 seconds, 328.1 MB
[runlim] sample:		2420.4 seconds, 316.4 MB
[runlim] sample:		2432.5 seconds, 320.6 MB
[runlim] sample:		2443.7 seconds, 390.0 MB
[runlim] sample:		2454.9 seconds, 295.1 MB
[runlim] sample:		2466.1 seconds, 392.6 MB
[runlim] sample:		2477.8 seconds, 361.4 MB
[runlim] sample:		2489.1 seconds, 321.9 MB
[runlim] sample:		2500.3 seconds, 329.9 MB
[runlim] sample:		2511.2 seconds, 315.5 MB
[runlim] sample:		2522.9 seconds, 311.5 MB
[runlim] sample:		2534.1 seconds, 330.6 MB
[runlim] sample:		2545.4 seconds, 351.3 MB
[runlim] sample:		2556.7 seconds, 345.3 MB
[runlim] sample:		2567.8 seconds, 337.9 MB
[runlim] sample:		2579.4 seconds, 380.0 MB
[runlim] sample:		2591.0 seconds, 322.9 MB
[runlim] sample:		2602.2 seconds, 333.8 MB
[runlim] sample:		2613.0 seconds, 313.4 MB
[runlim] sample:		2624.8 seconds, 320.6 MB
[runlim] sample:		2635.8 seconds, 320.2 MB
[runlim] sample:		2647.1 seconds, 342.1 MB
[runlim] sample:		2658.2 seconds, 330.1 MB
[runlim] sample:		2669.4 seconds, 330.6 MB
[runlim] sample:		2681.4 seconds, 319.6 MB
[runlim] sample:		2692.4 seconds, 320.0 MB
[runlim] sample:		2703.4 seconds, 320.2 MB
[runlim] sample:		2714.5 seconds, 390.0 MB
[runlim] sample:		2726.5 seconds, 315.3 MB
[runlim] sample:		2737.7 seconds, 333.2 MB
[runlim] sample:		2748.6 seconds, 319.2 MB
[runlim] sample:		2759.4 seconds, 306.6 MB
[runlim] sample:		2770.9 seconds, 451.1 MB
[runlim] sample:		2782.7 seconds, 324.6 MB
[runlim] sample:		2793.7 seconds, 321.2 MB
[runlim] sample:		2804.3 seconds, 305.0 MB
[runlim] sample:		2816.5 seconds, 323.5 MB
[runlim] sample:		2827.6 seconds, 321.9 MB
[runlim] sample:		2838.4 seconds, 299.2 MB
[runlim] sample:		2849.4 seconds, 319.9 MB
[runlim] sample:		2861.6 seconds, 329.8 MB
[runlim] sample:		2872.6 seconds, 322.5 MB
[runlim] sample:		2883.5 seconds, 320.1 MB
[runlim] sample:		2895.2 seconds, 392.3 MB
[runlim] sample:		2906.3 seconds, 320.9 MB
[runlim] sample:		2917.3 seconds, 318.8 MB
[runlim] sample:		2928.0 seconds, 303.2 MB
[runlim] sample:		2940.1 seconds, 321.6 MB
[runlim] sample:		2951.3 seconds, 332.2 MB
[runlim] sample:		2962.5 seconds, 390.3 MB
[runlim] sample:		2973.1 seconds, 307.1 MB
[runlim] sample:		2984.6 seconds, 303.0 MB
[runlim] sample:		2995.6 seconds, 318.5 MB
[runlim] sample:		3006.3 seconds, 303.5 MB
[runlim] sample:		3018.0 seconds, 297.0 MB
[runlim] sample:		3029.2 seconds, 348.8 MB
[runlim] sample:		3040.4 seconds, 300.0 MB
[runlim] sample:		3051.6 seconds, 333.5 MB
[runlim] sample:		3063.2 seconds, 307.6 MB
[runlim] sample:		3074.4 seconds, 297.9 MB
[runlim] sample:		3085.6 seconds, 330.5 MB
[runlim] sample:		3096.9 seconds, 304.9 MB
[runlim] sample:		3108.2 seconds, 338.2 MB
[runlim] sample:		3119.2 seconds, 326.0 MB
[runlim] sample:		3130.1 seconds, 314.4 MB
[runlim] sample:		3141.2 seconds, 390.7 MB
[runlim] sample:		3153.1 seconds, 477.7 MB
[runlim] sample:		3164.8 seconds, 393.0 MB
[runlim] sample:		3175.6 seconds, 313.7 MB
[runlim] sample:		3186.8 seconds, 389.7 MB
[runlim] sample:		3198.7 seconds, 322.8 MB
[runlim] sample:		3209.5 seconds, 300.0 MB
[runlim] sample:		3220.7 seconds, 389.5 MB
[runlim] sample:		3231.8 seconds, 331.0 MB
[runlim] sample:		3243.6 seconds, 322.3 MB
[runlim] sample:		3254.4 seconds, 312.4 MB
[runlim] sample:		3265.6 seconds, 390.2 MB
[runlim] sample:		3276.8 seconds, 305.8 MB
[runlim] sample:		3288.3 seconds, 417.9 MB
[runlim] sample:		3300.3 seconds, 338.8 MB
[runlim] sample:		3310.9 seconds, 318.0 MB
[runlim] sample:		3322.2 seconds, 342.4 MB
[runlim] sample:		3333.3 seconds, 330.5 MB
[runlim] sample:		3344.8 seconds, 423.4 MB
[runlim] sample:		3356.7 seconds, 389.8 MB
[runlim] sample:		3367.9 seconds, 348.3 MB
[runlim] sample:		3379.0 seconds, 393.6 MB
[runlim] sample:		3389.9 seconds, 317.4 MB
[runlim] sample:		3401.8 seconds, 334.3 MB
[runlim] sample:		3413.0 seconds, 304.8 MB
[runlim] sample:		3424.2 seconds, 334.1 MB
[runlim] sample:		3435.4 seconds, 334.2 MB
[runlim] sample:		3446.6 seconds, 338.0 MB
[runlim] sample:		3457.5 seconds, 324.8 MB
[runlim] sample:		3469.8 seconds, 317.2 MB
[runlim] sample:		3480.8 seconds, 322.1 MB
[runlim] sample:		3491.5 seconds, 314.9 MB
[runlim] sample:		3502.7 seconds, 332.0 MB
[runlim] sample:		3514.8 seconds, 319.1 MB
[runlim] sample:		3526.0 seconds, 339.3 MB
[runlim] sample:		3537.2 seconds, 338.0 MB
[runlim] sample:		3547.9 seconds, 310.8 MB
[runlim] sample:		3559.8 seconds, 321.6 MB
[runlim] sample:		3571.0 seconds, 343.0 MB
[runlim] sample:		3581.9 seconds, 322.4 MB
[runlim] sample:		3593.1 seconds, 306.3 MB
[runlim] sample:		3604.6 seconds, 452.8 MB
[runlim] sample:		3616.4 seconds, 334.3 MB
[runlim] sample:		3627.3 seconds, 317.3 MB
[runlim] sample:		3638.3 seconds, 321.3 MB
[runlim] sample:		3649.6 seconds, 346.0 MB
[runlim] sample:		3661.2 seconds, 307.2 MB
[runlim] sample:		3672.4 seconds, 331.8 MB
[runlim] sample:		3683.6 seconds, 364.4 MB
[runlim] sample:		3694.2 seconds, 307.8 MB
[runlim] sample:		3706.1 seconds, 320.5 MB
[runlim] sample:		3717.4 seconds, 369.3 MB
[runlim] sample:		3728.5 seconds, 377.3 MB
[runlim] sample:		3739.3 seconds, 304.4 MB
[runlim] sample:		3750.5 seconds, 314.6 MB
[runlim] sample:		3762.6 seconds, 343.2 MB
[runlim] sample:		3773.7 seconds, 336.6 MB
[runlim] sample:		3784.7 seconds, 334.6 MB
[runlim] sample:		3795.8 seconds, 337.3 MB
[runlim] sample:		3806.7 seconds, 318.7 MB
[runlim] sample:		3817.7 seconds, 323.8 MB
[runlim] sample:		3829.7 seconds, 392.9 MB
[runlim] sample:		3840.7 seconds, 357.9 MB
[runlim] sample:		3851.7 seconds, 315.4 MB
[runlim] sample:		3862.7 seconds, 334.3 MB
[runlim] sample:		3874.5 seconds, 454.5 MB
[runlim] sample:		3886.1 seconds, 312.7 MB
[runlim] sample:		3897.2 seconds, 341.7 MB
[runlim] sample:		3908.3 seconds, 329.5 MB
[runlim] sample:		3919.3 seconds, 331.1 MB
[runlim] sample:		3930.9 seconds, 441.5 MB
[runlim] sample:		3942.6 seconds, 281.2 MB
[runlim] sample:		3953.7 seconds, 329.0 MB
[runlim] sample:		3964.7 seconds, 319.1 MB
[runlim] sample:		3975.7 seconds, 307.6 MB
[runlim] sample:		3987.6 seconds, 435.2 MB
[runlim] sample:		3998.8 seconds, 343.5 MB
[runlim] sample:		4009.7 seconds, 295.9 MB
[runlim] sample:		4020.7 seconds, 331.7 MB
[runlim] end:			Fri Oct  4 12:29:20 2019
[runlim] status:		out of time
[runlim] result:		1
[runlim] children:		0
[runlim] real:			3600.13 seconds
[runlim] time:			4020.68 seconds
[runlim] space:			498.8 MB
[runlim] samples:		36000
