# instance ../../../instances/fattree-bcube/Fattree_n16_k2_bw10_cpu16.pn
# Settings: PN=../../../instances/fattree-bcube/Fattree_n16_k2_bw10_cpu16.pn, VN=../../../instances/fattree-bcube/instance_list_15vm_rnd.txt, multi-thread=True
init 0.0495 0.0495
1 11.075855 11.125355
2 9.982331 21.107821
3 9.89265 31.000606
4 9.856018 40.856762
5 8.933653 49.790553
6 10.715243 60.505937
7 11.545249 72.051324
8 10.853297 82.904766
9 8.556957 91.461859
10 9.021023 100.483019
11 9.847357 110.33051
12 11.868395 122.199045
13 10.912691 133.111872
14 9.998217 143.110224
15 10.026741 153.137104
16 10.000863 163.138104
17 10.038932 173.177171
18 9.614756 182.792065
19 9.046716 191.838927
20 10.853655 202.692758
21 11.550416 214.24331
22 8.57199 222.815431
23 10.535742 233.351317
24 9.121589 242.473043
25 9.604805 252.077982
26 10.375907 262.454024
27 9.734527 272.188698
28 10.675994 282.864828
29 8.772368 291.637332
30 8.886013 300.523481
31 10.760671 311.28429
32 9.047247 320.331676
33 8.556941 328.888752
34 8.810332 337.699226
35 8.64419 346.343556
36 10.350917 356.694615
37 8.661448 365.356207
38 8.48293 373.839279
39 8.252703 382.092123
40 9.492844 391.585105
41 10.377005 401.962243
42 9.84001 411.80239
43 8.708581 420.511115
44 8.91602 429.427269
45 8.140183 437.567592
46 8.547447 446.115179
47 8.939584 455.054899
48 8.89433 463.949417
49 8.985166 472.934722
50 8.268586 481.203444
51 8.940866 490.144443
52 8.18416 498.328741
53 8.908021 507.236899
54 10.889995 518.127036
55 9.782567 527.909744
56 8.79616 536.706048
57 8.977377 545.683568
58 10.424992 556.108699
59 8.998727 565.107566
60 10.063795 575.171512
61 8.606089 583.777743
62 9.649756 593.427637
63 8.928609 602.356382
64 9.618374 611.9749
65 9.780967 621.75604
66 8.254927 630.011102
67 8.603188 638.614424
68 9.823046 648.43761
69 9.007969 657.445719
70 8.577578 666.023438
71 8.615989 674.639567
72 10.398421 685.038126
73 8.572245 693.610521
74 10.020855 703.631514
75 9.101343 712.732993
76 8.515722 721.248857
77 8.934066 730.183059
78 10.894699 741.077892
79 9.932136 751.010166
80 10.491596 761.501899
81 9.315138 770.817173
82 9.581246 780.398549
83 9.354368 789.753051
84 9.573373 799.326566
85 11.25307 810.579775
86 10.351791 820.931702
87 10.524074 831.455911
88 11.235606 842.691656
89 10.472462 853.164255
90 8.796124 861.960521
91 10.369003 872.329658
92 9.164074 881.493873
93 8.173498 889.667505
94 10.691676 900.35932
95 8.888977 909.248435
96 8.956772 918.205347
97 8.182519 926.388008
98 8.323865 934.712013
99 8.071799 942.783951
100 9.982707 952.766797
101 8.927392 961.694327
102 10.799138 972.493602
103 11.170153 983.663894
104 9.314106 992.978145
105 9.94416 1002.92244
106 9.792861 1012.715437
107 9.029043 1021.744612
108 8.254343 1029.999098
109 9.688149 1039.68738
110 8.596584 1048.284104
111 9.853772 1058.138017
112 9.382139 1067.520302
113 9.148558 1076.669
114 9.020889 1085.690029
115 8.199879 1093.89005
116 8.580072 1102.470266
117 9.179899 1111.650303
118 8.237255 1119.887693
119 8.918543 1128.806376
120 8.27441 1137.080926
121 10.007474 1147.088541
122 10.036267 1157.124948
123 11.047523 1168.172612
124 8.425679 1176.598437
125 8.87641 1185.474988
126 8.73943 1194.214553
127 9.870219 1204.084909
128 11.037177 1215.122231
129 11.26327 1226.385651
130 8.841187 1235.226982
131 9.174674 1244.401801
132 8.272818 1252.67476
133 9.137054 1261.81195
134 11.141573 1272.953657
135 9.077288 1282.031082
136 9.295604 1291.326835
137 9.2467 1300.573698
138 8.511258 1309.085092
139 8.626361 1317.711595
140 10.380472 1328.092209
141 9.416393 1337.508739
142 8.510735 1346.019615
143 9.786858 1355.806609
144 9.880104 1365.686856
145 11.099932 1376.786963
146 9.611919 1386.399022
147 8.834482 1395.233649
148 9.304311 1404.538104
149 9.006845 1413.545092
150 9.259749 1422.804984
151 8.997588 1431.80271
152 10.917636 1442.720485
153 8.54795 1451.268571
154 8.555028 1459.823734
155 10.266074 1470.089947
156 8.767849 1478.857938
157 11.021861 1489.879937
158 8.781987 1498.662066
159 9.029092 1507.6913
160 8.521001 1516.212445
161 8.642384 1524.854972
162 9.778675 1534.633787
163 11.065139 1545.699064
164 8.78316 1554.48239
165 8.652117 1563.134644
166 8.863067 1571.997849
167 10.461248 1582.459232
168 9.213417 1591.672787
169 8.199887 1599.872814
170 8.900232 1608.773188
171 9.68821 1618.461541
172 9.405835 1627.86752
173 9.05299 1636.920648
174 9.703776 1646.624562
175 10.460568 1657.085276
176 9.312712 1666.39813
177 9.297786 1675.696059
178 9.263192 1684.959388
179 8.532105 1693.491638
180 9.768743 1703.260527
181 9.740076 1713.000741
182 9.981453 1722.982331
183 8.725756 1731.708223
184 11.073314 1742.781675
185 8.908331 1751.690145
186 9.897076 1761.587358
187 9.981816 1771.569308
188 10.09974 1781.669188
189 8.367776 1790.037102
190 8.173285 1798.210524
191 9.996658 1808.207322
192 11.055961 1819.263428
193 10.014247 1829.277817
194 8.676729 1837.95469
195 9.143204 1847.098035
196 8.623546 1855.721728
197 8.947641 1864.669511
198 8.386436 1873.056085
199 10.245204 1883.301423
200 10.277832 1893.579398
201 8.175807 1901.755343
202 10.959698 1912.715178
203 8.5307 1921.246024
204 9.711679 1930.957841
205 9.21082 1940.168797
206 11.238437 1951.407367
207 8.47714 1959.884652
208 9.547455 1969.43225
209 9.302737 1978.735128
210 11.198995 1989.934263
211 9.369975 1999.304376
212 10.999359 2010.303877
213 9.431847 2019.735862
214 10.568396 2030.304398
215 11.240057 2041.544594
216 9.145396 2050.690129
217 9.890775 2060.58104
218 10.663745 2071.24492
219 8.751422 2079.99648
220 10.000274 2089.996892
221 8.969995 2098.967025
222 9.972686 2108.939853
223 9.425894 2118.36589
224 9.645459 2128.01149
225 10.151226 2138.162856
226 9.249966 2147.412985
227 9.740241 2157.153365
228 11.112637 2168.266151
229 9.457933 2177.72423
230 9.000617 2186.724985
231 8.656657 2195.381784
232 10.427185 2205.809114
233 9.44197 2215.251227
234 8.530543 2223.781912
235 10.095129 2233.877187
236 10.527619 2244.404948
237 8.809869 2253.214965
238 9.059032 2262.274133
239 9.257744 2271.532015
240 8.792056 2280.324207
241 8.796899 2289.121242
242 9.880415 2299.001798
243 8.374176 2307.376114
244 9.875241 2317.251496
245 8.43641 2325.688048
246 9.100649 2334.78884
247 9.984454 2344.773435
248 9.448092 2354.221668
249 10.363598 2364.585402
250 10.136316 2374.721858
251 8.815934 2383.537931
252 10.571531 2394.109605
253 8.374986 2402.48473
254 8.584367 2411.069233
255 10.072574 2421.141945
256 9.391245 2430.533333
257 8.901158 2439.434626
258 10.871705 2450.306474
259 10.594061 2460.900676
260 8.445747 2469.346565
261 9.145071 2478.491777
262 9.199737 2487.691656
263 10.156293 2497.848091
264 9.918684 2507.766919
265 11.284721 2519.051812
266 11.263053 2530.315005
267 9.519011 2539.834158
268 9.983117 2549.817417
269 9.229262 2559.046819
270 8.783175 2567.830157
271 9.902261 2577.732565
272 9.336131 2587.068838
273 9.252797 2596.321773
274 8.900431 2605.222344
275 9.915489 2615.137978
276 9.276877 2624.414997
277 11.104501 2635.519647
278 9.359694 2644.879483
279 11.118186 2655.997811
280 9.349964 2665.34792
281 8.40853 2673.756592
282 8.525763 2682.282498
283 9.188574 2691.471212
284 9.264079 2700.735427
285 9.182356 2709.917923
286 10.172506 2720.090572
287 9.222543 2729.313257
288 10.560082 2739.87348
289 8.283381 2748.157005
290 9.109616 2757.266764
291 10.948448 2768.215358
292 9.465638 2777.681139
293 8.278058 2785.95934
294 10.045511 2796.004993
295 9.208416 2805.213554
296 9.318361 2814.532054
297 8.843806 2823.376002
298 9.048061 2832.424201
299 8.642363 2841.066703
300 8.902566 2849.969407
301 9.117602 2859.087148
302 9.300535 2868.387823
303 9.997487 2878.385453
304 9.278503 2887.664097
305 10.137727 2897.801964
306 9.234932 2907.037037
307 9.205279 2916.242462
308 11.220596 2927.463199
309 9.384919 2936.848259
310 8.679615 2945.528015
311 10.394337 2955.922504
312 9.996605 2965.919252
313 8.86843 2974.787832
314 8.18609 2982.974065
315 10.006589 2992.980796
316 10.038085 3003.019018
317 8.422488 3011.441642
318 9.254864 3020.696641
319 9.274975 3029.971761
320 10.010293 3039.98219
321 10.093616 3050.075947
322 9.937249 3060.013335
323 9.339625 3069.3531
324 8.830051 3078.183291
325 8.678001 3086.861433
326 10.565193 3097.426769
327 8.814796 3106.241732
328 10.804952 3117.046824
329 10.846575 3127.893565
330 9.472687 3137.366402
331 9.956061 3147.322609
332 11.222389 3158.54514
333 9.391185 3167.936466
334 9.891225 3177.827833
335 9.442828 3187.270805
336 8.674689 3195.945661
337 9.294651 3205.240454
338 10.332925 3215.57352
339 9.398124 3224.971787
340 8.783555 3233.755481
341 8.199655 3241.955274
342 10.041818 3251.997228
343 10.791862 3262.789236
344 11.394863 3274.184237
345 8.381651 3282.566027
346 10.408521 3292.974686
347 9.436292 3302.411123
348 9.940481 3312.351741
349 9.426301 3321.778179
350 9.264831 3331.043149
351 11.006296 3342.049587
352 11.347848 3353.397574
353 9.511117 3362.908832
354 9.971874 3372.880847
355 9.357486 3382.238471
356 9.956922 3392.195532
357 8.785947 3400.981616
358 10.093443 3411.075203
359 9.221456 3420.296796
360 10.00515 3430.302082
361 9.479933 3439.782153
362 11.007308 3450.789607
363 8.938863 3459.728608
364 9.88516 3469.613908
365 10.134192 3479.748242
366 8.97527 3488.723659
367 8.401932 3497.125733
368 9.854365 3506.980241
369 10.498648 3517.479029
370 10.139653 3527.618826
371 9.471268 3537.090269
372 8.912607 3546.003018
373 10.154881 3556.158049
374 11.123244 3567.281438
375 10.047419 3577.328999
376 9.436877 3586.766019
377 9.240925 3596.007088
