[runlim] version:		1.7
[runlim] time limit:		311040000 seconds
[runlim] real time limit:	3600 seconds
[runlim] space limit:		80000 MB
[runlim] argv[0]:		python3.6
[runlim] argv[1]:		./netsolver-gurobi-mod.py
[runlim] argv[2]:		../../../instances/fattree-bcube/Fattree_n12_k2_bw10_cpu16.pn
[runlim] argv[3]:		../../../instances/fattree-bcube/instance_list_15vm_rnd.txt
[runlim] argv[4]:		False
[runlim] argv[5]:		True
[runlim] argv[6]:		timelogs/results.Fattree_n12_k2_bw10_cpu16.pn.instance_list_15vm_rnd.txt.log
[runlim] start:			Fri Oct  4 08:51:58 2019
[runlim] main pid:		15850
Academic license - for non-commercial use only
[runlim] sample:		10.0 seconds, 163.3 MB
[runlim] sample:		20.0 seconds, 165.6 MB
[runlim] sample:		30.0 seconds, 183.0 MB
[runlim] sample:		40.0 seconds, 169.7 MB
[runlim] sample:		50.0 seconds, 182.7 MB
[runlim] sample:		60.0 seconds, 178.7 MB
[runlim] sample:		70.0 seconds, 177.5 MB
[runlim] sample:		80.0 seconds, 176.5 MB
[runlim] sample:		90.0 seconds, 181.5 MB
[runlim] sample:		100.0 seconds, 191.9 MB
[runlim] sample:		110.5 seconds, 219.8 MB
[runlim] sample:		121.1 seconds, 234.6 MB
[runlim] sample:		132.2 seconds, 195.5 MB
[runlim] sample:		143.4 seconds, 222.1 MB
[runlim] sample:		154.2 seconds, 194.6 MB
[runlim] sample:		165.0 seconds, 214.3 MB
[runlim] sample:		176.4 seconds, 188.2 MB
[runlim] sample:		187.3 seconds, 278.3 MB
[runlim] sample:		198.7 seconds, 198.4 MB
[runlim] sample:		209.6 seconds, 192.3 MB
[runlim] sample:		220.7 seconds, 197.8 MB
[runlim] sample:		232.2 seconds, 188.5 MB
[runlim] sample:		243.1 seconds, 187.0 MB
[runlim] sample:		254.3 seconds, 223.7 MB
[runlim] sample:		265.5 seconds, 193.2 MB
[runlim] sample:		276.5 seconds, 217.9 MB
[runlim] sample:		287.7 seconds, 206.4 MB
[runlim] sample:		298.8 seconds, 206.0 MB
[runlim] sample:		310.0 seconds, 210.2 MB
[runlim] sample:		321.2 seconds, 198.2 MB
[runlim] sample:		332.4 seconds, 200.3 MB
[runlim] sample:		343.4 seconds, 195.4 MB
[runlim] sample:		354.5 seconds, 200.8 MB
[runlim] sample:		365.7 seconds, 199.8 MB
[runlim] sample:		376.8 seconds, 203.0 MB
[runlim] sample:		388.2 seconds, 212.4 MB
[runlim] sample:		399.4 seconds, 204.2 MB
[runlim] sample:		411.1 seconds, 208.9 MB
[runlim] sample:		421.8 seconds, 223.6 MB
[runlim] sample:		433.1 seconds, 225.6 MB
[runlim] sample:		444.5 seconds, 201.2 MB
[runlim] sample:		455.4 seconds, 221.2 MB
[runlim] sample:		466.4 seconds, 197.0 MB
[runlim] sample:		478.1 seconds, 207.4 MB
[runlim] sample:		488.9 seconds, 197.7 MB
[runlim] sample:		499.9 seconds, 211.1 MB
[runlim] sample:		511.1 seconds, 227.2 MB
[runlim] sample:		522.3 seconds, 223.0 MB
[runlim] sample:		533.5 seconds, 210.4 MB
[runlim] sample:		544.5 seconds, 201.6 MB
[runlim] sample:		555.9 seconds, 210.7 MB
[runlim] sample:		567.0 seconds, 203.8 MB
[runlim] sample:		578.0 seconds, 196.9 MB
[runlim] sample:		588.8 seconds, 203.1 MB
[runlim] sample:		600.1 seconds, 196.3 MB
[runlim] sample:		611.3 seconds, 193.4 MB
[runlim] sample:		622.5 seconds, 205.0 MB
[runlim] sample:		633.3 seconds, 209.4 MB
[runlim] sample:		644.5 seconds, 231.2 MB
[runlim] sample:		655.5 seconds, 216.8 MB
[runlim] sample:		666.4 seconds, 199.2 MB
[runlim] sample:		677.7 seconds, 227.0 MB
[runlim] sample:		688.8 seconds, 206.8 MB
[runlim] sample:		699.8 seconds, 209.0 MB
[runlim] sample:		711.0 seconds, 207.8 MB
[runlim] sample:		722.2 seconds, 211.7 MB
[runlim] sample:		733.5 seconds, 225.2 MB
[runlim] sample:		744.6 seconds, 206.1 MB
[runlim] sample:		755.7 seconds, 205.3 MB
[runlim] sample:		766.8 seconds, 205.1 MB
[runlim] sample:		778.0 seconds, 214.0 MB
[runlim] sample:		789.6 seconds, 204.3 MB
[runlim] sample:		800.8 seconds, 209.8 MB
[runlim] sample:		811.7 seconds, 209.1 MB
[runlim] sample:		822.6 seconds, 214.9 MB
[runlim] sample:		833.7 seconds, 205.3 MB
[runlim] sample:		844.5 seconds, 205.3 MB
[runlim] sample:		855.7 seconds, 206.0 MB
[runlim] sample:		866.8 seconds, 205.3 MB
[runlim] sample:		878.5 seconds, 205.1 MB
[runlim] sample:		889.8 seconds, 220.1 MB
[runlim] sample:		900.9 seconds, 205.6 MB
[runlim] sample:		912.0 seconds, 201.8 MB
[runlim] sample:		923.2 seconds, 211.6 MB
[runlim] sample:		934.2 seconds, 209.3 MB
[runlim] sample:		945.4 seconds, 209.0 MB
[runlim] sample:		956.6 seconds, 211.2 MB
[runlim] sample:		967.8 seconds, 202.1 MB
[runlim] sample:		978.9 seconds, 212.1 MB
[runlim] sample:		990.2 seconds, 216.3 MB
[runlim] sample:		1001.6 seconds, 204.4 MB
[runlim] sample:		1012.6 seconds, 200.2 MB
[runlim] sample:		1023.9 seconds, 215.4 MB
[runlim] sample:		1035.1 seconds, 224.3 MB
[runlim] sample:		1046.2 seconds, 211.2 MB
[runlim] sample:		1057.5 seconds, 224.0 MB
[runlim] sample:		1068.7 seconds, 211.1 MB
[runlim] sample:		1079.9 seconds, 226.4 MB
[runlim] sample:		1091.2 seconds, 226.7 MB
[runlim] sample:		1102.4 seconds, 204.2 MB
[runlim] sample:		1113.6 seconds, 210.7 MB
[runlim] sample:		1124.9 seconds, 223.1 MB
[runlim] sample:		1135.8 seconds, 215.8 MB
[runlim] sample:		1147.0 seconds, 215.5 MB
[runlim] sample:		1158.2 seconds, 214.6 MB
[runlim] sample:		1169.4 seconds, 208.9 MB
[runlim] sample:		1180.7 seconds, 226.8 MB
[runlim] sample:		1192.3 seconds, 205.8 MB
[runlim] sample:		1203.6 seconds, 208.9 MB
[runlim] sample:		1214.5 seconds, 214.6 MB
[runlim] sample:		1225.7 seconds, 206.2 MB
[runlim] sample:		1236.8 seconds, 207.3 MB
[runlim] sample:		1247.9 seconds, 207.1 MB
[runlim] sample:		1259.1 seconds, 204.6 MB
[runlim] sample:		1270.8 seconds, 206.5 MB
[runlim] sample:		1282.0 seconds, 206.7 MB
[runlim] sample:		1293.2 seconds, 216.6 MB
[runlim] sample:		1304.5 seconds, 222.0 MB
[runlim] sample:		1315.4 seconds, 208.1 MB
[runlim] sample:		1326.5 seconds, 208.0 MB
[runlim] sample:		1337.7 seconds, 223.2 MB
[runlim] sample:		1348.9 seconds, 209.5 MB
[runlim] sample:		1360.0 seconds, 209.3 MB
[runlim] sample:		1371.3 seconds, 216.1 MB
[runlim] sample:		1382.7 seconds, 213.5 MB
[runlim] sample:		1393.8 seconds, 219.3 MB
[runlim] sample:		1404.9 seconds, 208.7 MB
[runlim] sample:		1416.7 seconds, 212.2 MB
[runlim] sample:		1427.9 seconds, 218.8 MB
[runlim] sample:		1439.1 seconds, 228.2 MB
[runlim] sample:		1450.4 seconds, 228.1 MB
[runlim] sample:		1461.5 seconds, 204.2 MB
[runlim] sample:		1472.5 seconds, 209.4 MB
[runlim] sample:		1483.7 seconds, 209.2 MB
[runlim] sample:		1494.9 seconds, 209.4 MB
[runlim] sample:		1506.6 seconds, 208.7 MB
[runlim] sample:		1517.6 seconds, 240.6 MB
[runlim] sample:		1529.0 seconds, 216.3 MB
[runlim] sample:		1540.1 seconds, 209.0 MB
[runlim] sample:		1551.1 seconds, 208.9 MB
[runlim] sample:		1562.0 seconds, 205.0 MB
[runlim] sample:		1573.3 seconds, 260.4 MB
[runlim] sample:		1584.9 seconds, 215.1 MB
[runlim] sample:		1596.0 seconds, 207.7 MB
[runlim] sample:		1607.3 seconds, 211.1 MB
[runlim] sample:		1618.3 seconds, 222.6 MB
[runlim] sample:		1629.2 seconds, 209.0 MB
[runlim] sample:		1640.3 seconds, 215.2 MB
[runlim] sample:		1651.5 seconds, 205.4 MB
[runlim] sample:		1662.6 seconds, 208.0 MB
[runlim] sample:		1673.8 seconds, 215.3 MB
[runlim] sample:		1685.4 seconds, 213.4 MB
[runlim] sample:		1696.4 seconds, 221.2 MB
[runlim] sample:		1707.4 seconds, 221.1 MB
[runlim] sample:		1718.6 seconds, 209.6 MB
[runlim] sample:		1729.9 seconds, 217.2 MB
[runlim] sample:		1741.1 seconds, 216.3 MB
[runlim] sample:		1752.2 seconds, 205.7 MB
[runlim] sample:		1763.4 seconds, 222.7 MB
[runlim] sample:		1774.5 seconds, 205.9 MB
[runlim] sample:		1785.6 seconds, 215.8 MB
[runlim] sample:		1797.0 seconds, 222.6 MB
[runlim] sample:		1808.2 seconds, 226.6 MB
[runlim] sample:		1819.4 seconds, 218.1 MB
[runlim] sample:		1830.6 seconds, 211.0 MB
[runlim] sample:		1841.9 seconds, 222.9 MB
[runlim] sample:		1853.1 seconds, 221.2 MB
[runlim] sample:		1863.7 seconds, 219.0 MB
[runlim] sample:		1874.9 seconds, 217.6 MB
[runlim] sample:		1886.5 seconds, 268.8 MB
[runlim] sample:		1897.7 seconds, 241.3 MB
[runlim] sample:		1909.0 seconds, 284.0 MB
[runlim] sample:		1920.2 seconds, 202.7 MB
[runlim] sample:		1931.5 seconds, 222.2 MB
[runlim] sample:		1942.7 seconds, 209.0 MB
[runlim] sample:		1953.2 seconds, 209.1 MB
[runlim] sample:		1963.5 seconds, 209.8 MB
[runlim] sample:		1974.5 seconds, 210.0 MB
[runlim] sample:		1985.8 seconds, 207.0 MB
[runlim] sample:		1997.0 seconds, 204.7 MB
[runlim] sample:		2014.7 seconds, 293.7 MB
[runlim] sample:		2030.0 seconds, 223.8 MB
[runlim] sample:		2047.5 seconds, 235.3 MB
[runlim] sample:		2060.9 seconds, 217.2 MB
[runlim] sample:		2072.0 seconds, 228.0 MB
[runlim] sample:		2083.2 seconds, 225.9 MB
[runlim] sample:		2095.2 seconds, 208.4 MB
[runlim] sample:		2105.7 seconds, 198.0 MB
[runlim] sample:		2116.1 seconds, 203.8 MB
[runlim] sample:		2127.2 seconds, 207.5 MB
[runlim] sample:		2138.1 seconds, 207.4 MB
[runlim] sample:		2149.4 seconds, 229.0 MB
[runlim] sample:		2159.4 seconds, 228.7 MB
[runlim] sample:		2170.7 seconds, 210.3 MB
[runlim] sample:		2182.2 seconds, 234.1 MB
[runlim] sample:		2193.2 seconds, 210.5 MB
[runlim] sample:		2205.2 seconds, 242.5 MB
[runlim] sample:		2215.2 seconds, 193.5 MB
[runlim] sample:		2225.8 seconds, 212.5 MB
[runlim] sample:		2236.1 seconds, 210.0 MB
[runlim] sample:		2247.2 seconds, 215.7 MB
[runlim] sample:		2257.6 seconds, 207.1 MB
[runlim] sample:		2270.9 seconds, 234.7 MB
[runlim] sample:		2281.5 seconds, 211.5 MB
[runlim] sample:		2292.4 seconds, 210.5 MB
[runlim] sample:		2304.4 seconds, 231.4 MB
[runlim] sample:		2314.9 seconds, 188.6 MB
[runlim] sample:		2325.2 seconds, 232.0 MB
[runlim] sample:		2344.7 seconds, 305.6 MB
[runlim] sample:		2365.3 seconds, 207.6 MB
[runlim] sample:		2378.0 seconds, 229.8 MB
[runlim] sample:		2389.3 seconds, 219.5 MB
[runlim] sample:		2405.6 seconds, 307.6 MB
[runlim] sample:		2422.2 seconds, 221.9 MB
[runlim] sample:		2432.9 seconds, 231.6 MB
[runlim] sample:		2446.9 seconds, 205.1 MB
[runlim] sample:		2460.2 seconds, 243.3 MB
[runlim] sample:		2478.7 seconds, 258.8 MB
[runlim] sample:		2495.1 seconds, 277.6 MB
[runlim] sample:		2509.9 seconds, 216.1 MB
[runlim] sample:		2526.3 seconds, 259.9 MB
[runlim] sample:		2538.5 seconds, 203.8 MB
[runlim] sample:		2549.2 seconds, 223.1 MB
[runlim] sample:		2562.5 seconds, 203.0 MB
done 457 5.214468 2242.012367
2242.012367
457
Median time: 4.61993 s
[runlim] end:			Fri Oct  4 09:29:20 2019
[runlim] status:		ok
[runlim] result:		0
[runlim] children:		0
[runlim] real:			2242.92 seconds
[runlim] time:			2566.54 seconds
[runlim] space:			364.0 MB
[runlim] samples:		22422
