# instance ../../../instances/fattree-bcube/Fattree_n12_k2_bw10_cpu16.pn
# Settings: PN=../../../instances/fattree-bcube/Fattree_n12_k2_bw10_cpu16.pn, VN=../../../instances/fattree-bcube/instance_list_9vm_rnd.txt, multi-thread=True
init 0.025484 0.025484
1 1.870629 1.896113
2 1.369935 3.26617
3 1.949645 5.215924
4 1.259966 6.47602
5 1.906577 8.382704
6 1.264871 9.647694
7 1.337105 10.984907
8 1.925392 12.910411
9 1.702491 14.613031
10 1.392299 16.005443
11 1.928903 17.934456
12 1.271569 19.206161
13 1.951891 21.15816
14 2.152184 23.310474
15 1.523165 24.833757
16 2.131361 26.965251
17 1.867423 28.832787
18 1.718124 30.551024
19 1.815569 32.366707
20 1.855881 34.2227
21 2.067515 36.29033
22 1.849943 38.140402
23 2.086817 40.227332
24 2.439468 42.666925
25 1.570484 44.237542
26 1.997548 46.235216
27 1.712064 47.947421
28 2.127043 50.074582
29 2.082045 52.156749
30 2.071527 54.228411
31 1.730591 55.959135
32 1.235515 57.194794
33 1.489348 58.684255
34 1.511581 60.195963
35 1.509716 61.705803
36 1.843924 63.549853
37 1.53882 65.088807
38 2.047355 67.136292
39 2.182197 69.318621
40 1.853714 71.172455
41 1.991022 73.163599
42 1.993059 75.156785
43 1.405657 76.56257
44 2.140781 78.703485
45 1.684106 80.387711
46 1.5614 81.949227
47 2.166458 84.115807
48 1.650593 85.76652
49 2.479518 88.246165
50 2.243682 90.489969
51 1.657388 92.147477
52 2.139887 94.287491
53 1.377159 95.664773
54 1.915575 97.580482
55 1.358035 98.938647
56 1.942994 100.881773
57 1.826108 102.708011
58 1.998576 104.706719
59 1.342574 106.049426
60 1.774759 107.824322
61 1.957824 109.782279
62 1.359902 111.142309
63 1.442782 112.585228
64 1.311813 113.897171
65 1.917727 115.815029
66 1.847761 117.662924
67 1.971435 119.634497
68 2.005584 121.640219
69 1.515102 123.155453
70 1.931171 125.086754
71 2.202775 127.289661
72 2.165528 129.455308
73 2.024055 131.479488
74 2.024023 133.503648
75 1.833608 135.337391
76 1.809302 137.14683
77 1.491567 138.638536
78 1.802924 140.441593
79 1.505378 141.947106
80 1.940101 143.88735
81 2.003667 145.891151
82 1.985392 147.876685
83 1.510494 149.387313
84 2.280335 151.667792
85 2.063896 153.731825
86 1.987219 155.719181
87 1.36375 157.083082
88 1.44187 158.52508
89 1.768222 160.293436
90 1.987235 162.280799
91 2.01147 164.292404
92 1.517587 165.81012
93 2.000953 167.811205
94 2.012496 169.82385
95 1.648029 171.472018
96 1.761566 173.233711
97 1.874753 175.108583
98 1.388052 176.496762
99 1.77957 178.276459
100 2.030345 180.306938
101 1.359526 181.666602
102 1.462239 183.128978
103 1.964351 185.093458
104 1.826081 186.919668
105 1.345552 188.26536
106 1.94428 190.209773
107 1.319954 191.529864
108 2.086927 193.616923
109 2.008261 195.625307
110 1.985707 197.61115
111 2.145562 199.756858
112 2.129896 201.886883
113 2.454957 204.341962
114 1.466241 205.80833
115 1.868284 207.676743
116 2.503893 210.180765
117 1.622574 211.803459
118 1.781486 213.585073
119 2.079228 215.664421
120 1.427503 217.09205
121 1.904701 218.996878
122 1.851757 220.848755
123 1.618755 222.467648
124 2.085652 224.553429
125 1.773841 226.327401
126 1.590462 227.917992
127 1.905703 229.823817
128 1.922452 231.746404
129 1.915602 233.662133
130 1.611078 235.273339
131 1.572925 236.846394
132 2.058641 238.905171
133 2.493935 241.399227
134 1.851452 243.250814
135 2.079002 245.329944
136 2.507262 247.837334
137 2.127731 249.96519
138 2.493258 252.458577
139 1.638323 254.097024
140 2.049925 256.14708
141 2.082126 258.229336
142 2.166597 260.396062
143 2.184861 262.58104
144 1.94702 264.52818
145 1.797669 266.325977
146 1.572235 267.898338
147 1.553238 269.451698
148 2.069939 271.521768
149 2.493485 274.015378
150 2.198245 276.213746
151 2.17023 278.384097
152 2.127694 280.51191
153 1.628597 282.140628
154 1.64213 283.782885
155 1.813679 285.596684
156 2.095927 287.692734
157 2.136011 289.828868
158 2.092997 291.921985
159 2.179156 294.101268
160 2.178241 296.279633
161 2.151332 298.431085
162 1.632405 300.063608
163 1.941719 302.005455
164 1.958524 303.964099
165 2.113533 306.077758
166 2.519999 308.597893
167 1.984412 310.582423
168 1.945861 312.528409
169 2.139031 314.667565
170 1.969517 316.637224
171 1.957573 318.594918
172 1.93827 320.533314
173 2.478504 323.011952
174 2.190489 325.20256
175 1.643632 326.846322
176 2.06588 328.912331
177 1.808084 330.720539
178 1.964512 332.685176
179 2.057045 334.742341
180 1.605546 336.348016
181 2.0985 338.446647
182 1.810648 340.257419
183 2.103112 342.360656
184 2.128849 344.48964
185 1.425307 345.91507
186 2.056858 347.972057
187 2.179014 350.151202
188 2.162749 352.314099
189 2.149948 354.464168
190 2.490899 356.955198
191 2.19491 359.150243
192 2.107051 361.257421
193 2.502784 363.760333
194 2.192942 365.953402
195 1.962361 367.915894
196 2.107962 370.023981
197 2.141932 372.16604
198 1.838214 374.004384
199 1.903022 375.907531
200 2.081961 377.989624
201 1.82441 379.814162
202 1.954419 381.768708
203 2.471485 384.240324
204 2.520342 386.760794
205 2.544027 389.304941
206 2.154151 391.45922
207 2.133387 393.592763
208 1.97842 395.571306
209 1.936688 397.508134
210 2.124137 399.632397
211 2.12969 401.762211
212 1.629193 403.391535
213 1.7917 405.183363
214 2.152182 407.335679
215 2.153429 409.489237
216 2.124275 411.613636
217 1.868109 413.481875
218 1.943044 415.425057
219 2.088122 417.513306
220 1.85196 419.365396
221 1.788826 421.154361
222 1.774936 422.929425
223 2.470139 425.399693
224 1.812417 427.212236
225 1.397934 428.610298
226 2.432513 431.042942
227 2.179538 433.222611
228 1.831765 435.054504
229 1.620142 436.674767
230 2.416935 439.091833
231 1.862346 440.954304
232 1.815886 442.770317
233 1.792811 444.563269
234 1.807912 446.37131
235 1.442709 447.814165
236 1.769419 449.583719
237 1.412845 450.9967
238 1.920743 452.91757
239 1.592957 454.510654
240 2.453408 456.964189
241 2.536711 459.501028
242 2.178561 461.679714
243 1.622044 463.30188
244 1.805405 465.107415
245 1.397843 466.505379
246 1.791099 468.296609
247 2.361982 470.658717
248 1.88701 472.545859
249 2.130671 474.67666
250 1.82139 476.498176
251 2.101938 478.600248
252 2.192065 480.792442
253 1.96384 482.756407
254 2.145001 484.901544
255 2.155447 487.057117
256 1.595372 488.652621
257 2.129957 490.782712
258 2.178759 492.961595
259 2.141093 495.102814
260 2.164217 497.267161
261 1.611376 498.878688
262 1.93178 500.810596
263 1.947661 502.758388
264 1.826319 504.584839
265 1.940986 506.525954
266 2.132338 508.658419
267 2.127766 510.786323
268 2.177077 512.963528
269 1.954221 514.917877
270 2.159382 517.077392
271 2.114957 519.192482
272 2.564774 521.757385
273 1.864329 523.621846
274 2.077415 525.699393
275 2.502181 528.201703
276 1.859014 530.06085
277 1.781468 531.84245
278 2.154906 533.997484
279 1.411074 535.408689
280 2.092043 537.500865
281 1.818999 539.31999
282 2.156521 541.476644
283 2.198687 543.675459
284 2.151173 545.82676
285 1.446237 547.273126
286 2.123544 549.396801
287 2.125023 551.521951
288 1.818333 553.340419
289 2.15783 555.498376
290 1.96377 557.462272
291 1.965459 559.427862
292 2.145286 561.573276
293 1.811598 563.384999
294 1.405742 564.79087
295 2.099882 566.890884
296 1.633108 568.524117
297 1.574241 570.098492
298 1.773708 571.87233
299 1.662342 573.5348
300 1.535555 575.070477
301 1.784225 576.854829
302 2.119323 578.974287
303 1.28274 580.257157
304 2.106934 582.364203
305 2.429457 584.793791
306 1.964435 586.758364
307 2.180234 588.93873
308 1.931349 590.870204
309 1.830025 592.70036
310 2.125881 594.826369
311 2.171839 596.998337
312 2.087721 599.086189
313 2.209369 601.295692
314 1.986895 603.282712
315 2.170489 605.453334
316 2.155092 607.608552
317 1.952671 609.561349
318 2.151919 611.713403
319 2.20167 613.9152
320 2.201466 616.116818
321 2.166765 618.283714
322 2.196487 620.480325
323 1.818752 622.299203
324 2.136886 624.436246
325 2.146504 626.582879
326 2.160557 628.743567
327 2.176783 630.920482
328 1.946274 632.866883
329 2.146045 635.013057
330 2.182796 637.195985
331 1.613817 638.809925
332 2.115438 640.925494
333 2.204977 643.130603
334 1.984605 645.115336
335 2.150872 647.266335
336 2.141135 649.407601
337 1.280936 650.688663
338 1.89193 652.580703
339 2.185343 654.766179
340 1.286596 656.052906
341 1.885139 657.93816
342 2.186863 660.125169
343 2.165923 662.291218
344 2.203105 664.494465
345 1.983065 666.477655
346 2.150393 668.628179
347 1.939909 670.568218
348 2.182345 672.750689
349 2.143141 674.893959
350 1.789156 676.683245
351 2.133033 678.816409
352 2.534069 681.350609
353 2.230973 683.581708
354 1.642358 685.224191
355 1.193841 686.418164
356 2.477811 688.896092
357 2.018012 690.914227
358 1.620983 692.535339
359 2.123778 694.65925
360 2.1598 696.819188
361 1.258643 698.077986
362 1.773678 699.851785
363 2.377527 702.229441
364 1.273679 703.503251
365 1.920582 705.423947
366 2.501767 707.925845
367 2.224164 710.150138
368 2.154269 712.304535
369 2.013417 714.318083
370 2.527594 716.845804
371 2.118978 718.964916
372 2.190394 721.155445
373 2.165607 723.321178
374 1.909955 725.231264
375 1.610774 726.842175
376 1.77536 728.617666
377 2.136522 730.75432
378 1.846732 732.60118
379 2.108953 734.71026
380 1.8516 736.561991
381 2.153493 738.715623
382 2.19229 740.90804
383 2.170475 743.078641
384 1.912654 744.991424
385 1.79926 746.790821
386 2.12626 748.917209
387 2.204875 751.122215
388 1.609317 752.731658
389 2.079818 754.811608
390 2.20816 757.019903
391 2.568228 759.588261
392 1.6477 761.236086
393 1.914381 763.150594
394 2.173587 765.324317
395 1.242732 766.567177
396 2.150077 768.717374
397 2.182547 770.900056
398 2.12317 773.023354
399 1.630743 774.654226
400 2.013423 776.667781
401 1.242824 777.910741
402 1.473533 779.384387
403 2.123782 781.508298
404 1.680849 783.189274
405 2.104255 785.29367
406 2.118331 787.412123
407 2.057945 789.470205
408 1.396816 790.867162
409 2.143843 793.011142
410 2.192935 795.204224
411 1.386964 796.591316
412 2.14679 798.738253
413 1.407016 800.145396
414 2.073 802.218524
415 2.176196 804.394845
416 2.21569 806.610663
417 1.592247 808.203036
418 2.543022 810.746189
419 2.216745 812.96306
420 1.63147 814.594657
421 2.518428 817.11322
422 2.215423 819.328771
423 2.154055 821.48295
424 2.566361 824.049437
425 2.26999 826.319555
426 1.997888 828.31757
427 2.192212 830.509908
428 1.750181 832.260219
429 1.803844 834.064201
430 2.182519 836.246841
431 2.093358 838.340324
432 2.004566 840.345024
433 2.56521 842.910362
434 1.853811 844.764299
435 1.575034 846.339468
436 2.522363 848.86196
437 2.0132 850.875283
438 1.593487 852.468898
439 1.552051 854.021077
440 1.9113 855.932504
441 1.595943 857.528581
442 1.974392 859.5031
443 2.161678 861.664904
444 2.186955 863.85199
445 2.006888 865.859008
446 2.019611 867.878745
447 2.019211 869.898086
448 2.39485 872.293067
449 2.150843 874.444042
450 2.178304 876.622476
451 2.083396 878.706003
452 2.561635 881.267774
453 2.183791 883.451689
454 2.195917 885.647731
455 1.834746 887.482605
456 2.022879 889.505609
457 2.00552 891.511269
458 2.041255 893.552652
459 1.39351 894.946295
460 1.348656 896.29509
461 2.118533 898.413754
462 2.169929 900.583811
463 2.03382 902.61776
464 1.829197 904.447102
465 1.607132 906.054361
466 1.550159 907.604654
467 1.555372 909.160161
468 2.136588 911.296877
469 1.976234 913.273238
470 2.185319 915.458692
471 2.151251 917.61007
472 1.40226 919.012456
473 1.570163 920.582757
474 2.346778 922.929665
475 2.124815 925.054615
476 1.723354 926.778101
477 1.930586 928.708821
478 2.157104 930.866052
479 2.002018 932.868198
480 2.019415 934.887751
481 1.7047 936.592587
482 1.339208 937.931924
483 1.693082 939.62514
484 1.750299 941.375564
485 1.950161 943.325853
486 1.96379 945.289782
487 1.955042 947.244952
488 2.310859 949.555938
489 1.839888 951.395968
490 1.938714 953.334809
491 1.313378 954.648316
492 1.955268 956.603723
493 1.534103 958.137966
494 1.9685 960.106599
495 1.829966 961.936694
496 1.924264 963.861093
497 1.650061 965.511282
498 1.4798 966.99122
499 1.964162 968.955579
500 1.365937 970.321652
501 1.915111 972.23689
502 2.328771 974.565801
503 2.046083 976.612022
504 1.675738 978.287891
505 1.644024 979.932048
506 1.488394 981.420573
507 1.774837 983.195541
508 1.348821 984.544492
509 1.305206 985.849828
510 1.934684 987.784647
511 2.022356 989.807131
512 2.119033 991.926304
513 2.111619 994.03805
514 2.133324 996.171503
515 1.795375 997.967004
516 1.972569 999.93972
517 1.611849 1001.551701
518 1.929464 1003.481299
519 1.750469 1005.231895
520 2.058215 1007.290246
521 2.113023 1009.403399
522 2.142291 1011.545819
523 1.956656 1013.502615
524 1.679278 1015.182021
525 1.735818 1016.917959
526 2.113742 1019.031833
527 1.783522 1020.815483
528 2.101778 1022.917398
529 2.005865 1024.923395
530 1.515968 1026.439501
531 1.967373 1028.407009
532 2.036989 1030.444139
533 1.832893 1032.277165
534 2.003486 1034.280782
535 1.330677 1035.611591
536 1.934962 1037.546685
537 1.667853 1039.214677
538 1.879775 1041.094584
539 1.924621 1043.019334
540 2.496817 1045.516284
541 2.118626 1047.635037
542 2.13114 1049.766308
543 2.508569 1052.27501
544 1.705374 1053.98051
545 1.804116 1055.784763
546 2.136106 1057.921009
547 1.947681 1059.868818
548 2.52892 1062.397867
549 1.989802 1064.387797
550 1.598972 1065.986893
551 2.450548 1068.437569
552 1.649594 1070.087294
553 1.959374 1072.046797
554 1.971657 1074.018594
555 2.098923 1076.117649
556 1.978154 1078.095931
557 1.774531 1079.870592
558 1.96948 1081.840202
559 2.502045 1084.342377
560 2.168871 1086.511378
561 2.080815 1088.592325
562 1.367701 1089.960155
563 1.959673 1091.919955
564 1.985821 1093.905914
565 2.026089 1095.932137
566 1.522642 1097.454912
567 1.623507 1099.078556
568 1.638097 1100.716793
569 2.302762 1103.019686
570 1.854349 1104.874168
571 1.841583 1106.715889
572 1.824178 1108.5402
573 2.517063 1111.057384
574 2.075692 1113.133213
575 2.135097 1115.268437
576 1.705216 1116.973776
577 1.970072 1118.94399
578 1.726155 1120.670272
579 2.166428 1122.83683
580 1.81322 1124.650177
581 1.32449 1125.974802
582 1.806102 1127.781039
583 2.182424 1129.963585
584 1.977302 1131.941013
585 1.791227 1133.732367
586 2.111809 1135.844307
587 2.114967 1137.959406
588 1.456184 1139.415716
589 2.43245 1141.848295
590 2.117657 1143.966087
591 1.976775 1145.943006
592 1.951252 1147.894386
593 2.531747 1150.426266
594 2.016733 1152.443126
595 2.145466 1154.58873
596 1.81996 1156.408818
597 1.945188 1158.354137
598 2.482342 1160.836607
599 2.256992 1163.093726
600 1.983577 1165.077434
601 1.920679 1166.998245
602 2.054213 1169.052594
603 2.155034 1171.207767
604 1.815965 1173.02386
605 1.377223 1174.401217
606 1.364389 1175.765736
607 2.081378 1177.847246
608 2.12891 1179.976312
609 2.54406 1182.520505
610 2.131446 1184.652078
611 2.146562 1186.798779
612 2.199704 1188.998613
613 2.547866 1191.54661
614 2.569747 1194.116486
615 2.224652 1196.341268
616 2.168558 1198.509956
617 2.069205 1200.579292
618 1.785398 1202.364823
619 2.107157 1204.472113
620 1.969794 1206.442041
621 2.133995 1208.576165
622 2.541826 1211.118123
623 1.817774 1212.936025
624 2.129505 1215.065664
625 2.201706 1217.267506
626 2.183816 1219.451455
627 2.548846 1222.000428
628 1.443081 1223.443635
629 1.529136 1224.972903
630 1.398358 1226.371392
631 2.076811 1228.448335
632 2.11422 1230.562689
633 2.15486 1232.717681
634 1.604568 1234.32238
635 1.990502 1236.313009
636 1.834312 1238.147456
637 2.079195 1240.226783
638 1.932544 1242.159456
639 2.189527 1244.349114
640 2.16287 1246.512112
641 1.408332 1247.920574
642 2.477699 1250.398414
643 2.244295 1252.642837
644 1.60828 1254.251247
645 1.99758 1256.248961
646 2.092422 1258.341518
647 1.602648 1259.944302
648 1.995798 1261.940231
649 1.718228 1263.658594
650 1.853319 1265.512032
651 1.426423 1266.938594
652 1.768877 1268.707602
653 1.830567 1270.53829
654 2.118707 1272.65713
655 2.074671 1274.73193
656 2.163898 1276.895962
657 2.181469 1279.077557
658 1.623965 1280.701656
659 2.066075 1282.76786
660 1.97823 1284.746223
661 2.015856 1286.762211
662 1.889829 1288.652179
663 2.020905 1290.67322
664 2.207317 1292.880669
665 2.20876 1295.089561
666 1.411407 1296.501099
667 1.992154 1298.493383
668 2.144445 1300.637969
669 2.010951 1302.649047
670 2.055408 1304.704582
671 2.329524 1307.034237
672 1.942078 1308.976455
673 2.301554 1311.278138
674 1.692709 1312.970981
675 1.849772 1314.820887
676 1.970545 1316.791564
677 2.018846 1318.810532
678 1.357952 1320.168611
679 1.286202 1321.454937
680 1.916852 1323.371916
681 1.988055 1325.360128
682 1.310928 1326.671196
683 1.741918 1328.413249
684 1.404094 1329.817476
685 1.264025 1331.081613
686 2.159784 1333.241527
687 1.793126 1335.034774
688 1.729704 1336.764612
689 1.646771 1338.411518
690 1.920446 1340.332101
691 1.9889 1342.321134
692 1.798123 1344.119389
693 1.330394 1345.449919
694 1.964986 1347.415034
695 2.386887 1349.802053
696 1.999856 1351.802043
697 1.820417 1353.622593
698 1.930393 1355.553122
699 1.504247 1357.05751
700 1.805629 1358.863279
701 1.86034 1360.723747
702 1.487109 1362.210989
703 1.784989 1363.996116
704 1.98728 1365.983521
705 1.796485 1367.780144
706 1.769521 1369.5498
707 1.963723 1371.513668
708 1.752621 1373.266421
709 1.942105 1375.208653
710 1.79065 1376.999443
711 1.950224 1378.949808
712 1.792479 1380.742424
713 1.901179 1382.643734
714 1.780401 1384.424263
715 1.269015 1385.693421
716 1.183768 1386.877306
717 2.192308 1389.069729
718 1.988228 1391.0581
719 1.963196 1393.021428
720 1.474664 1394.496224
721 2.231494 1396.727844
722 2.035155 1398.763136
723 1.279161 1400.04245
724 2.210367 1402.252929
725 2.137858 1404.390925
726 1.970331 1406.361383
727 1.703664 1408.065165
728 2.020495 1410.085799
729 1.862717 1411.948646
730 1.966259 1413.915037
731 1.870362 1415.785539
732 1.758043 1417.543702
733 2.250674 1419.794513
734 2.359347 1422.154002
735 1.327483 1423.48162
736 2.190461 1425.672213
737 1.579372 1427.251722
738 1.460923 1428.712776
739 1.691614 1430.404521
740 2.048036 1432.452681
741 1.545293 1433.998126
742 1.437256 1435.43552
743 2.216512 1437.652172
744 1.679397 1439.331718
745 1.740964 1441.072827
746 1.981486 1443.054453
747 1.271118 1444.325712
748 1.40643 1445.732261
749 2.21977 1447.952176
750 1.506184 1449.458505
751 1.775764 1451.234409
752 1.60849 1452.843043
753 1.88637 1454.729548
754 2.311658 1457.041347
755 1.685748 1458.727229
756 1.911338 1460.63871
757 1.764022 1462.40287
758 2.226507 1464.629518
759 1.501033 1466.130693
760 1.418991 1467.549819
761 2.180135 1469.730091
762 2.003225 1471.733439
763 1.790646 1473.524216
764 2.156662 1475.681015
765 1.341951 1477.02309
766 1.850794 1478.874035
767 1.967461 1480.84164
768 1.90348 1482.74524
