# instance ../../../instances/fattree-bcube/Fattree_n12_k2_bw10_cpu16.pn
# Settings: PN=../../../instances/fattree-bcube/Fattree_n12_k2_bw10_cpu16.pn, VN=../../../instances/fattree-bcube/instance_list_6vm_rnd.txt, multi-thread=True
init 0.023085 0.023085
1 1.220846 1.243931
2 1.223614 2.467654
3 1.274861 3.742648
4 1.237093 4.979851
5 0.895119 5.875096
6 1.345794 7.221015
7 1.244981 8.466125
8 1.049435 9.515689
9 0.994633 10.510447
10 0.89124 11.401794
11 1.257249 12.659169
12 1.220446 13.879726
13 1.22906 15.108915
14 1.237927 16.346971
15 1.052263 17.399366
16 1.217231 18.616726
17 1.202397 19.819255
18 1.228774 21.048164
19 1.212875 22.261171
20 1.226069 23.48737
21 1.224866 24.712367
22 1.201548 25.914046
23 1.073628 26.987805
24 1.399041 28.386975
25 1.216986 29.604093
26 0.930313 30.534536
27 1.023569 31.558229
28 0.883577 32.441943
29 1.196106 33.638178
30 1.214106 34.852412
31 1.22695 36.079491
32 0.991445 37.071064
33 1.209892 38.281072
34 1.382918 39.664124
35 1.406912 41.071166
36 1.001022 42.072319
37 1.212134 43.284562
38 1.23661 44.521304
39 1.207532 45.728979
40 1.233994 46.963105
41 1.216457 48.179692
42 1.010915 49.190735
43 1.36996 50.560801
44 1.221376 51.782309
45 0.932973 52.715413
46 1.175463 53.891002
47 1.380536 55.271668
48 0.93138 56.203186
49 0.880975 57.08429
50 1.194737 58.279153
51 1.232472 59.511751
52 1.205246 60.717129
53 1.231533 61.948793
54 1.237567 63.186493
55 0.988466 64.175086
56 1.244189 65.419384
57 0.986727 66.406242
58 1.240822 67.64717
59 1.224828 68.872137
60 1.100103 69.97237
61 0.972281 70.94478
62 0.996089 71.940975
63 1.239288 73.18037
64 1.270303 74.450804
65 1.263809 75.714742
66 1.308674 77.02355
67 1.092867 78.116546
68 1.072669 79.18935
69 1.326074 80.515575
70 1.32074 81.836444
71 1.338878 83.175455
72 1.330395 84.505979
73 1.484227 85.990341
74 1.332123 87.322598
75 1.325433 88.648165
76 1.321318 89.969615
77 1.092795 91.062539
78 1.494303 92.556983
79 1.331264 93.888384
80 1.337375 95.225888
81 0.909853 96.135871
82 1.061704 97.19771
83 0.90274 98.100588
84 1.285401 99.386127
85 0.939255 100.325509
86 1.287664 101.613309
87 1.142375 102.755828
88 0.90404 103.66
89 1.033015 104.693151
90 1.327503 106.020796
91 1.114083 107.135009
92 1.484712 108.61985
93 1.342964 109.962944
94 1.489708 111.452779
95 1.135394 112.588304
96 1.324166 113.912598
97 1.114487 115.027217
98 1.14781 116.175165
99 1.111649 117.286951
100 0.925779 118.212845
101 1.117181 119.330156
102 0.924267 120.254535
103 1.308802 121.563462
104 1.160379 122.723975
105 1.072733 123.796826
106 1.336792 125.133753
107 0.915539 126.049423
108 1.464121 127.513688
109 0.929189 128.44301
110 0.885986 129.329132
111 1.046221 130.375485
112 0.929127 131.30474
113 1.286516 132.591385
114 1.335472 133.926987
115 1.133936 135.06106
116 1.298338 136.359514
117 1.300587 137.660228
118 1.080566 138.740929
119 1.321684 140.062747
120 1.32154 141.384414
121 1.33939 142.723932
122 1.311665 144.03573
123 1.105986 145.141847
124 0.918471 146.060457
125 0.977216 147.037803
126 1.119996 148.15791
127 1.347998 149.50602
128 1.275505 150.781658
129 1.310879 152.092668
130 1.288787 153.381585
131 1.336352 154.718054
132 1.259382 155.977564
133 1.146944 157.124646
134 1.313233 158.438012
135 1.392342 159.830487
136 1.495087 161.325712
137 1.31902 162.64486
138 1.31723 163.962219
139 1.129071 165.091426
140 1.015334 166.106875
141 1.259957 167.366947
142 1.313777 168.680851
143 1.30824 169.98922
144 1.45505 171.4444
145 0.961885 172.406414
146 1.099051 173.505599
147 1.233037 174.738752
148 1.341386 176.080273
149 0.985575 177.06597
150 1.307072 178.373157
151 1.441056 179.814344
152 1.47859 181.293063
153 1.337443 182.630637
154 0.997669 183.628443
155 1.458288 185.086846
156 1.33843 186.425407
157 0.986281 187.411846
158 1.485749 188.897708
159 1.513487 190.411338
160 1.520729 191.932197
161 1.343659 193.275987
162 1.29699 194.573108
163 0.859312 195.432558
164 0.846443 196.279117
165 1.099156 197.378381
166 1.093247 198.471742
167 1.054472 199.526345
168 0.979978 200.506456
169 1.131358 201.637925
170 1.337245 202.975286
171 1.064166 204.039581
172 1.139591 205.179328
173 1.311479 206.490922
174 1.324307 207.815358
175 1.328807 209.144301
176 1.067812 210.212242
177 1.312031 211.524403
178 1.312106 212.836639
179 1.008726 213.845499
180 1.293595 215.13921
181 1.476906 216.616246
182 1.174642 217.791021
183 1.337889 219.129025
184 1.130795 220.259956
185 1.31158 221.571645
186 1.159358 222.731132
187 1.236925 223.968174
188 1.359357 225.327665
189 1.341647 226.669446
190 1.009769 227.679357
191 1.325083 229.004551
192 1.28522 230.289903
193 1.353448 231.64348
194 0.920087 232.5637
195 0.962589 233.526418
196 1.310281 234.836811
197 1.331177 236.168118
198 1.532013 237.700261
199 1.306853 239.007249
200 1.526297 240.533673
201 1.544051 242.077853
202 1.345572 243.423565
203 0.92379 244.347494
204 1.270983 245.61861
205 1.329691 246.948434
206 1.079822 248.028388
207 0.930211 248.958733
208 1.263004 250.221872
209 1.320896 251.542897
210 1.16055 252.703574
211 1.297876 254.001566
212 1.525638 255.527336
213 1.173939 256.701409
214 0.92102 257.622563
215 1.485629 259.108321
216 1.542133 260.650579
217 1.543718 262.194428
218 1.510397 263.704957
219 1.340591 265.045676
220 1.000521 266.046324
221 1.299662 267.346097
222 0.998253 268.344476
223 0.930784 269.275377
224 0.956718 270.232224
225 1.336856 271.569189
226 1.320162 272.88948
227 1.350568 274.240177
228 1.350594 275.590902
229 0.920564 276.511595
230 1.464908 277.976632
231 1.317525 279.294286
232 1.3413 280.635718
233 1.499725 282.135574
234 1.351611 283.487313
235 1.34437 284.831814
236 1.348698 286.180644
237 1.314053 287.494831
238 1.49606 288.991019
239 1.117019 290.108169
240 0.975478 291.083775
241 1.521956 292.605838
242 1.368436 293.974408
243 1.072563 295.047104
244 1.482302 296.529538
245 1.34403 297.873695
246 1.349504 299.223335
247 0.928728 300.152192
248 1.292187 301.444504
249 1.531819 302.976454
250 1.311108 304.287695
251 0.944736 305.232565
252 1.266523 306.499221
253 1.346059 307.845408
254 1.332561 309.178124
255 1.465103 310.643357
256 1.330318 311.973804
257 1.322404 313.296337
258 1.526815 314.823281
259 1.087811 315.911223
260 1.300943 317.212302
261 1.486492 318.698926
262 1.475781 320.174834
263 1.358408 321.533373
264 1.494321 323.027857
265 1.347483 324.375472
266 1.074938 325.450538
267 1.330457 326.781123
268 1.525417 328.30667
269 0.938892 329.245696
270 1.26555 330.511374
271 1.099534 331.61104
272 1.283657 332.894829
273 1.095151 333.99011
274 0.905181 334.895427
275 1.49144 336.386996
276 1.337992 337.725115
277 1.070598 338.795846
278 1.321899 340.117881
279 1.223276 341.341285
280 1.155786 342.497206
281 1.346909 343.844231
282 1.131709 344.97607
283 1.018846 345.995039
284 1.490635 347.485792
285 1.531452 349.017372
286 0.901895 349.919425
287 1.190981 351.110512
288 1.511947 352.622587
289 1.111493 353.7342
290 1.495428 355.229763
291 1.379825 356.609718
292 0.925904 357.535755
293 1.317023 358.852914
294 1.347723 360.200772
295 1.10899 361.309882
296 1.500317 362.810332
297 1.337891 364.148353
298 0.956065 365.104554
299 0.898652 366.003345
300 1.119391 367.122867
301 1.497255 368.620254
302 1.153179 369.773565
303 0.936717 370.710411
304 1.056423 371.766971
305 1.505989 373.273094
306 1.3399 374.613122
307 1.349234 375.962487
308 1.251059 377.213677
309 1.222197 378.436015
310 1.353574 379.789726
311 0.935667 380.725516
312 1.21743 381.94307
313 1.357233 383.300434
314 1.270898 384.571469
315 1.171037 385.742624
316 1.311037 387.053791
317 1.287713 388.341634
318 1.268928 389.610687
319 1.277008 390.887836
320 1.333209 392.221178
321 0.938373 393.159683
322 1.499098 394.658911
323 1.312738 395.971783
324 1.366167 397.338074
325 1.348611 398.686815
326 1.01846 399.705405
327 1.281625 400.987161
328 0.943115 401.930397
329 1.261834 403.192361
330 1.341173 404.533647
331 1.152413 405.686192
332 1.535891 407.222198
333 1.388803 408.611136
334 1.265797 409.87707
335 1.378239 411.255428
336 1.355239 412.610798
337 0.929741 413.540667
338 1.505117 415.045916
339 1.355349 416.401403
340 1.015923 417.41748
341 1.305459 418.723062
342 1.366115 420.089308
343 1.022867 421.112323
344 1.502672 422.615143
345 1.356984 423.972258
346 1.16755 425.139936
347 1.334407 426.474473
348 1.344345 427.818951
349 1.50664 429.325725
350 1.329339 430.655191
351 1.33971 431.99503
352 1.153119 433.148277
353 1.541327 434.689739
354 1.372502 436.062367
355 0.929468 436.991966
356 1.321936 438.314033
357 1.531235 439.845403
358 1.524441 441.370005
359 1.354076 442.724213
360 1.558209 444.282551
361 1.576594 445.859273
362 1.566309 447.425715
363 1.010385 448.436232
364 1.329626 449.765974
365 1.338264 451.104364
366 1.128089 452.232588
367 1.3056 453.538323
368 1.129062 454.667518
369 1.121742 455.789394
370 1.319532 457.109075
371 1.542903 458.652107
372 1.565912 460.218154
373 1.344737 461.563018
374 1.539595 463.102745
375 1.374663 464.47754
376 0.92924 465.406917
377 0.898929 466.305978
378 1.330288 467.636399
379 1.30553 468.942062
380 1.3363 470.278489
381 1.342203 471.62082
382 1.304106 472.925053
383 1.348363 474.273535
384 1.355612 475.629277
385 1.359015 476.98843
386 0.932256 477.92082
387 1.263953 479.184902
388 1.34003 480.525062
389 1.158306 481.683495
390 0.941251 482.624873
391 1.288505 483.913505
392 1.541104 485.454728
393 1.357371 486.812216
394 1.303921 488.116267
395 1.517233 489.633627
396 1.55087 491.184627
397 1.384815 492.569571
398 1.368943 493.938648
399 1.338814 495.277598
400 0.939771 496.2175
401 1.12402 497.341652
402 1.309573 498.651355
403 1.126628 499.778114
404 1.317242 501.095504
405 1.348509 502.444142
406 1.361659 503.805933
407 1.100385 504.906454
408 1.335151 506.241744
409 1.336847 507.578729
410 1.340847 508.919706
411 1.537559 510.457397
412 1.383615 511.841166
413 1.157505 512.998805
414 1.093394 514.092331
415 1.107057 515.199517
416 1.312319 516.511972
417 1.361386 517.873491
418 1.32731 519.200936
419 1.547105 520.748176
420 1.557482 522.305788
421 1.314145 523.620065
422 1.364279 524.984475
423 1.346333 526.330944
424 1.355195 527.686272
425 1.535879 529.222266
426 1.386746 530.609138
427 1.529803 532.139078
428 1.167282 533.306499
429 1.497943 534.804571
430 1.319594 536.124293
431 0.954313 537.078731
432 0.903545 537.982405
433 1.103088 539.085629
434 1.127238 540.212983
435 1.312081 541.525194
436 1.147998 542.67332
437 1.534015 544.207458
438 1.12985 545.337441
439 1.349213 546.68679
440 1.162214 547.849134
441 1.288191 549.137441
442 1.156246 550.293822
443 1.537188 551.831123
444 1.119021 552.950262
445 1.34771 554.298111
446 1.351441 555.649681
447 1.539644 557.189461
448 1.205561 558.395153
449 1.306633 559.701918
450 0.952242 560.65429
451 1.129668 561.78409
452 1.330273 563.114496
453 1.320662 564.435285
454 1.13365 565.569064
455 1.1469 566.716101
456 0.920105 567.636337
457 1.132438 568.768912
458 1.238616 570.007658
459 1.351489 571.359277
460 1.290961 572.650366
461 1.105471 573.755977
462 1.358973 575.115086
463 0.926152 576.04137
464 1.233392 577.2749
465 1.130896 578.405931
466 1.117712 579.523777
467 0.915799 580.439709
468 1.319596 581.75943
469 1.353039 583.112601
470 1.2985 584.41123
471 1.331317 585.742678
472 1.348762 587.091574
473 1.341241 588.432942
474 1.133631 589.566702
475 1.335357 590.902193
476 1.355599 592.257926
477 0.936086 593.194141
478 1.510049 594.704322
479 0.951251 595.655706
480 0.902219 596.558056
481 1.099298 597.657492
482 1.298099 598.95573
483 1.156539 600.112399
484 1.525498 601.638017
485 1.35306 602.991195
486 1.138064 604.129393
487 1.296858 605.426395
488 1.347433 606.773958
489 1.371581 608.145669
490 1.109955 609.255757
491 1.332808 610.588702
492 1.339653 611.928485
493 1.521318 613.449934
494 1.196571 614.646634
495 0.910895 615.557662
496 1.129993 616.687792
497 1.116205 617.804126
498 1.3056 619.10986
499 1.159609 620.269599
500 1.515128 621.784852
501 1.539591 623.324578
502 0.94451 624.26922
503 1.489197 625.758547
504 1.349616 627.10828
505 1.178828 628.287245
506 1.138268 629.425643
507 1.532673 630.958445
508 1.54427 632.502845
509 1.352498 633.85548
510 1.343782 635.199397
511 1.35609 636.555615
512 1.152884 637.70863
513 1.486515 639.195275
514 1.178916 640.374325
515 1.115867 641.490326
516 1.299017 642.789502
517 1.178658 643.968288
518 0.911208 644.879623
519 1.080308 645.96006
520 0.934416 646.89461
521 1.310764 648.205501
522 0.935007 649.140639
523 1.304086 650.444855
524 1.360321 651.805312
525 1.106528 652.911981
526 1.508763 654.420872
527 1.53722 655.958214
528 1.349838 657.308175
529 1.341461 658.649769
530 1.339954 659.989855
531 0.927226 660.917208
532 1.321949 662.239284
533 1.355746 663.595163
534 1.344124 664.939426
535 1.388672 666.328225
536 1.154771 667.483125
537 1.35757 668.84083
538 1.327816 670.168784
539 1.136492 671.305405
540 1.324453 672.630001
541 1.324694 673.954826
542 0.922342 674.877303
543 1.520906 676.398336
544 1.571248 677.969715
545 1.354984 679.324829
546 1.552356 680.877318
547 1.373244 682.250707
548 1.55978 683.810616
549 1.351027 685.161773
550 1.552222 686.71413
551 1.348925 688.063185
552 1.543032 689.606348
553 1.550719 691.157202
554 1.355656 692.512994
555 1.367748 693.880874
556 1.114116 694.995121
557 1.316184 696.311441
558 1.360742 697.672316
559 1.552945 699.2254
560 1.127487 700.353042
561 1.335322 701.688495
562 0.925185 702.613811
563 1.309393 703.923335
564 0.950751 704.87422
565 1.274099 706.148451
566 1.159779 707.308359
567 1.299657 708.608145
568 1.497199 710.105474
569 1.550503 711.656103
570 1.36069 713.016923
571 1.317871 714.334924
572 1.351991 715.687044
573 1.348104 717.03528
574 1.314746 718.350157
575 1.380128 719.730417
576 1.348971 721.079521
577 1.473844 722.553501
578 1.357416 723.911047
579 1.384152 725.295328
580 1.154955 726.450412
581 0.919259 727.369804
582 1.506021 728.875962
583 1.175845 730.05194
584 1.514005 731.566077
585 1.34542 732.911625
586 1.542416 734.454164
587 1.340883 735.795182
588 1.338256 737.133568
589 1.379694 738.51339
590 1.156138 739.669702
591 1.116961 740.786798
592 1.116212 741.903139
593 0.931141 742.834392
594 1.339898 744.174417
595 1.117952 745.292501
596 1.164251 746.45689
597 1.508894 747.965917
598 1.33886 749.304907
599 1.367062 750.672099
600 1.144259 751.816504
601 1.53445 753.351088
602 1.571927 754.923145
603 1.156049 756.079325
604 1.139552 757.219011
605 1.100879 758.320026
606 1.116274 759.436436
607 1.51127 760.947841
608 0.941389 761.889361
609 1.301031 763.190548
610 1.526009 764.716688
611 1.386084 766.102903
612 0.9241 767.027123
613 1.341542 768.368797
614 1.105355 769.474291
615 0.916241 770.390667
616 1.494232 771.885028
617 1.393221 773.278377
618 1.358207 774.636716
619 0.926534 775.563389
620 0.89452 776.458041
621 1.527535 777.985709
622 1.120182 779.106018
623 1.355537 780.461687
624 1.36782 781.829639
625 1.133929 782.963699
626 1.357355 784.321172
627 1.56696 785.888261
628 1.56891 787.457305
629 1.165212 788.622664
630 0.918915 789.541708
631 1.487254 791.029092
632 1.53554 792.564766
633 0.940686 793.505586
634 1.301095 794.806811
635 1.503684 796.31062
636 0.940319 797.251066
637 1.309641 798.560839
638 0.949252 799.51023
639 1.305476 800.815836
640 1.328694 802.14465
641 0.923049 803.067825
642 1.085721 804.153679
643 1.320781 805.4746
644 1.373342 806.848073
645 1.105343 807.953532
646 1.118451 809.072119
647 1.320457 810.392708
648 1.134826 811.527664
649 1.136442 812.664241
650 1.360263 814.024633
651 1.304165 815.328928
652 1.119822 816.448873
653 0.926294 817.375301
654 1.133054 818.508488
655 1.520167 820.028783
656 1.341753 821.370666
657 1.360331 822.731126
658 0.933516 823.664779
659 1.082142 824.74705
660 1.528948 826.276131
661 1.55574 827.831999
662 1.561183 829.393316
663 1.168921 830.562383
664 1.116872 831.679381
665 1.095492 832.775009
666 0.922896 833.698034
667 1.319553 835.017717
668 1.558648 836.576499
669 1.389023 837.96565
670 1.107981 839.073759
671 1.338933 840.412829
672 1.333565 841.746527
673 1.352935 843.099596
674 1.380248 844.479963
675 1.338478 845.81857
676 0.941924 846.760624
677 1.315534 848.076295
678 1.117171 849.193601
679 1.340795 850.53453
680 1.138977 851.673635
681 0.920976 852.594748
682 1.319455 853.91433
683 1.171869 855.086331
684 1.094625 856.181086
685 1.339707 857.520924
686 1.150833 858.671887
687 1.356593 860.028608
688 1.335307 861.364045
689 0.934065 862.298259
690 1.507208 863.805596
691 1.365946 865.171671
692 1.329806 866.501613
693 1.335501 867.837242
694 1.501317 869.33869
695 1.554509 870.89333
696 1.399804 872.293277
697 1.383542 873.67695
698 1.30356 874.980645
699 1.330351 876.311125
700 1.313788 877.625043
701 1.192813 878.817993
702 1.526483 880.344606
703 1.577204 881.92194
704 1.166589 883.088662
705 1.36073 884.449527
706 1.354129 885.803789
707 1.375942 887.179862
708 1.555645 888.735636
709 1.362553 890.098321
710 1.348746 891.447204
711 1.354417 892.801753
712 0.93397 893.735852
713 0.90157 894.637555
714 1.487104 896.12479
715 1.401528 897.526453
716 1.356531 898.883114
717 1.136773 900.02001
718 1.339609 901.359747
719 1.521137 902.881017
720 1.368465 904.249616
721 1.33728 905.587026
722 1.554982 907.142135
723 1.369139 908.511406
724 1.360822 909.872363
725 1.152776 911.025267
726 1.33951 912.364903
727 1.168978 913.53401
728 1.520151 915.054298
729 1.369633 916.424064
730 1.510851 917.935042
731 1.530369 919.465541
732 1.350728 920.816407
733 0.934517 921.751052
734 0.909295 922.660476
735 1.293482 923.954088
736 1.371476 925.325692
737 1.534951 926.860778
738 1.522738 928.383645
739 1.540678 929.924452
740 1.547187 931.471767
741 1.552136 933.024038
742 1.368185 934.392356
743 1.169725 935.562214
744 1.521489 937.083836
745 1.348617 938.432592
746 1.348702 939.781425
747 1.37198 941.153563
748 1.390196 942.543877
749 1.15486 943.698874
750 1.538888 945.237897
751 1.378309 946.616336
752 1.349469 947.965935
753 1.557564 949.52363
754 1.408011 950.931776
755 0.935573 951.86748
756 1.085617 952.953226
757 1.161173 954.114534
758 1.308212 955.422873
759 1.37974 956.802747
760 1.125847 957.928724
761 1.507993 959.43685
762 1.389238 960.82622
763 1.563512 962.389862
764 1.534557 963.924552
765 1.357891 965.282574
766 1.522222 966.804925
767 1.573954 968.378999
768 1.392862 969.771995
769 1.32828 971.100407
770 1.373243 972.473769
771 1.377499 973.851398
772 1.17042 975.021953
773 1.518982 976.541078
774 1.366813 977.908019
775 1.377049 979.285199
776 1.376197 980.661524
777 1.541483 982.203142
778 1.341152 983.544431
779 1.1441 984.68866
780 1.146064 985.834859
781 1.339742 987.174729
782 1.116623 988.291482
783 1.166276 989.457898
784 1.503006 990.961028
785 1.17367 992.134814
786 1.354008 993.488937
787 1.354402 994.843472
788 1.55701 996.400612
789 1.571952 997.972696
790 1.407688 999.380514
791 1.352371 1000.733018
792 1.356668 1002.089816
793 1.552334 1003.64228
794 1.582826 1005.225237
795 1.342843 1006.568217
796 0.943739 1007.512082
797 1.311282 1008.823495
798 1.159474 1009.983098
799 1.529124 1011.512332
800 1.358662 1012.871128
801 1.175663 1014.046922
802 1.114132 1015.161187
803 1.140098 1016.301399
804 1.542201 1017.843751
805 1.517565 1019.361448
806 1.55288 1020.914453
807 1.462507 1022.377089
808 1.354526 1023.731738
809 1.329916 1025.061788
810 1.389097 1026.451015
811 1.558499 1028.009643
812 1.130104 1029.139879
813 1.379225 1030.519243
814 0.938713 1031.458087
815 0.916517 1032.374733
816 1.123384 1033.498247
817 1.107759 1034.606118
818 1.297458 1035.903714
819 1.124327 1037.028183
820 1.524961 1038.553277
821 0.95718 1039.510588
822 1.325085 1040.835805
823 1.324897 1042.16083
824 1.283857 1043.444826
825 1.18176 1044.626719
826 1.295536 1045.922384
827 1.306208 1047.228722
828 1.561121 1048.789984
829 1.127852 1049.91797
830 1.335012 1051.25311
831 1.352667 1052.605906
832 1.282328 1053.888363
833 1.506686 1055.395186
834 1.525627 1056.920941
835 1.52333 1058.444401
836 1.339833 1059.784366
837 0.959062 1060.743565
838 1.315539 1062.059229
839 1.172366 1063.231727
840 1.488378 1064.720234
841 0.947984 1065.668351
842 1.297747 1066.966232
843 1.346031 1068.312391
844 1.345432 1069.657953
845 1.504017 1071.162099
846 1.344373 1072.506607
847 1.502095 1074.008826
848 1.522981 1075.531939
849 1.174558 1076.706628
850 1.357838 1078.0646
851 1.341784 1079.406522
852 1.314426 1080.721077
853 1.338155 1082.059361
854 1.380647 1083.440142
855 1.343618 1084.783894
856 1.145467 1085.929496
857 1.335481 1087.265116
858 1.499187 1088.764456
859 1.38406 1090.148651
860 1.153281 1091.302063
861 1.512616 1092.814808
862 1.356254 1094.171192
863 1.327055 1095.498381
864 1.351777 1096.850291
865 1.540444 1098.390869
866 1.34177 1099.732769
867 1.293098 1101.025998
868 0.94608 1101.97221
869 1.499303 1103.471643
870 1.217803 1104.689582
871 1.300189 1105.989897
872 1.33735 1107.327379
873 1.280443 1108.607951
874 1.340651 1109.948741
875 1.533855 1111.482722
876 1.363819 1112.846677
877 1.319932 1114.166738
878 1.381768 1115.548636
879 1.349349 1116.898119
880 1.122688 1118.02094
881 1.328338 1119.349408
882 1.352691 1120.702258
883 1.341508 1122.043896
884 0.93161 1122.975641
885 1.092918 1124.068697
886 1.53712 1125.60595
887 1.205618 1126.811705
888 1.097677 1127.909509
889 1.125317 1129.034974
890 1.311056 1130.346167
891 1.381856 1131.728151
892 0.931407 1132.65969
893 1.368216 1134.028036
894 1.334074 1135.36224
895 1.540163 1136.90254
896 1.205735 1138.108404
897 1.292413 1139.40095
898 1.407475 1140.808555
899 1.414815 1142.223505
900 1.307896 1143.531537
901 1.310616 1144.842282
902 1.383197 1146.225615
903 1.501315 1147.727061
904 1.210196 1148.937392
905 1.319126 1150.256677
906 1.36228 1151.619088
907 1.359643 1152.978864
908 1.512028 1154.49102
909 0.95228 1155.443438
910 1.304818 1156.748386
911 1.379978 1158.128496
912 1.55974 1159.688368
913 1.382782 1161.07128
914 1.118977 1162.190391
915 1.110038 1163.30056
916 1.358973 1164.659668
917 1.384503 1166.044303
918 1.339994 1167.384426
919 1.553907 1168.938467
920 1.400152 1170.338753
921 0.937497 1171.276382
922 1.35068 1172.627193
923 1.498362 1174.12569
924 1.337097 1175.462922
925 1.500894 1176.963945
926 1.580038 1178.544111
927 1.387981 1179.932226
928 1.336898 1181.269253
929 1.146611 1182.415994
930 1.104227 1183.520355
931 1.324045 1184.844533
932 1.119903 1185.964569
933 1.352899 1187.317605
934 1.338229 1188.655964
935 1.373531 1190.029613
936 1.384813 1191.414561
937 1.559469 1192.974167
938 1.353588 1194.327892
939 1.146047 1195.47407
940 1.322872 1196.797077
941 1.555856 1198.353064
942 1.19167 1199.544869
943 1.145478 1200.690481
944 0.925983 1201.616591
945 1.527354 1203.144075
946 1.384636 1204.528841
947 1.338227 1205.867201
948 1.362592 1207.229931
949 1.532592 1208.762655
950 1.340947 1210.103732
951 0.959081 1211.062946
952 1.498494 1212.561573
953 1.329343 1213.891052
954 0.941846 1214.833027
955 1.347992 1216.181149
956 1.343163 1217.524443
957 1.313817 1218.838389
958 1.379592 1220.218113
959 1.36893 1221.587174
960 0.994766 1222.58207
961 1.351971 1223.934156
962 1.355544 1225.289839
963 1.364507 1226.654474
964 1.554382 1228.208986
965 1.333415 1229.542531
966 1.363827 1230.906489
967 1.544256 1232.450863
968 1.021384 1233.472376
969 1.345923 1234.818414
970 1.369555 1236.1881
971 1.334893 1237.523127
972 1.021355 1238.54461
973 1.318643 1239.863366
974 1.355256 1241.218751
975 1.30316 1242.522044
976 1.007618 1243.529786
977 1.352068 1244.881968
978 1.279252 1246.161348
979 1.293295 1247.454783
980 1.343281 1248.798201
981 1.117791 1249.916126
982 1.126701 1251.042958
983 1.100193 1252.143279
984 1.531222 1253.674629
985 1.387928 1255.062687
986 1.117497 1256.180306
987 1.333844 1257.514284
988 1.547094 1259.061504
989 0.950275 1260.011913
990 0.902112 1260.914153
991 1.351189 1262.26547
992 1.336243 1263.601851
993 1.54681 1265.148796
994 1.38925 1266.538176
995 1.344245 1267.88256
996 0.943474 1268.826168
997 1.485366 1270.311666
998 1.383185 1271.694984
999 1.345975 1273.041087
1000 1.333725 1274.374943
1001 0.943773 1275.318849
1002 0.928789 1276.247769
1003 0.903052 1277.150952
1004 0.9037 1278.054786
1005 1.422135 1279.477053
1006 1.460467 1280.93766
1007 1.452227 1282.39002
1008 1.124642 1283.514793
1009 1.358902 1284.873823
1010 1.282228 1286.156183
1011 1.440687 1287.59701
1012 1.460573 1289.057718
1013 1.369765 1290.42762
1014 1.261882 1291.689625
1015 0.944436 1292.634198
1016 1.307507 1293.941839
1017 1.441821 1295.383787
1018 1.360154 1296.744078
1019 1.521242 1298.265452
1020 1.370859 1299.636457
1021 1.159227 1300.795811
1022 1.306698 1302.102624
1023 1.289957 1303.392727
1024 1.284962 1304.677828
1025 1.095002 1305.772953
1026 1.287611 1307.060694
1027 1.263995 1308.324819
1028 1.609005 1309.933952
1029 1.152637 1311.086712
1030 1.202612 1312.289452
1031 1.380714 1313.67032
1032 1.446941 1315.1174
1033 1.062079 1316.17964
1034 1.059935 1317.239706
1035 1.19489 1318.434726
1036 1.227394 1319.662251
1037 1.058958 1320.721343
1038 1.358829 1322.08031
1039 1.256009 1323.336451
1040 1.0834 1324.419981
1041 1.058562 1325.478675
1042 1.371834 1326.850634
1043 1.220503 1328.071268
1044 0.906278 1328.977683
1045 0.889588 1329.867393
1046 1.228662 1331.096177
1047 1.37827 1332.474579
1048 1.396763 1333.871477
1049 1.300244 1335.171862
1050 0.90135 1336.07334
1051 0.869985 1336.943458
1052 1.020923 1337.964511
1053 1.270197 1339.234837
1054 1.268266 1340.503242
1055 1.215784 1341.719156
1056 1.223792 1342.943081
1057 1.056248 1343.999461
1058 0.889123 1344.88871
1059 1.238256 1346.127094
1060 1.377517 1347.504748
1061 1.072471 1348.577353
1062 1.25692 1349.834408
1063 1.229263 1351.063801
1064 1.210955 1352.274885
1065 1.224634 1353.499652
1066 1.242338 1354.742122
1067 0.933881 1355.676133
1068 1.165441 1356.8417
1069 1.218628 1358.060459
1070 1.238871 1359.299466
1071 1.451981 1360.751585
1072 1.061347 1361.813061
1073 1.362083 1363.175276
1074 1.281233 1364.45665
1075 1.268565 1365.725345
1076 1.274309 1366.999796
1077 1.220853 1368.220779
1078 1.223012 1369.443919
1079 1.434483 1370.878542
1080 1.073087 1371.951758
1081 1.204463 1373.156354
1082 1.052928 1374.209418
1083 1.351034 1375.560595
1084 1.085819 1376.646556
1085 1.192501 1377.839191
1086 1.158595 1378.99792
1087 1.224998 1380.223032
1088 1.271388 1381.494552
1089 1.227858 1382.722523
1090 1.367968 1384.090626
1091 1.24747 1385.338227
1092 1.043758 1386.382117
1093 1.20718 1387.58942
1094 1.238112 1388.827691
1095 1.29284 1390.120663
1096 1.08242 1391.203203
1097 1.198363 1392.401693
1098 1.048025 1393.44985
1099 1.205849 1394.655829
1100 1.361082 1396.017051
1101 1.216966 1397.234151
1102 1.061122 1398.295407
1103 1.20458 1399.500116
1104 1.188548 1400.688799
1105 1.063285 1401.752214
1106 1.167841 1402.920181
1107 1.209501 1404.129805
1108 1.365164 1405.4951
1109 1.194314 1406.689547
1110 0.92764 1407.617318
1111 1.182631 1408.800087
1112 1.18659 1409.986795
1113 1.222381 1411.209293
1114 1.041666 1412.25109
1115 0.89545 1413.146668
1116 1.161096 1414.307894
1117 1.202842 1415.510868
1118 1.21282 1416.723819
1119 1.176952 1417.900907
1120 1.205375 1419.106421
1121 1.188348 1420.294902
1122 1.155599 1421.450636
1123 1.042288 1422.493037
1124 1.036253 1423.529415
1125 1.191287 1424.720836
1126 1.173261 1425.894226
1127 1.053845 1426.948199
1128 1.012251 1427.960577
1129 1.142789 1429.103494
1130 0.879122 1429.982725
1131 0.857838 1430.84069
1132 0.876643 1431.717454
1133 1.164309 1432.881882
1134 1.021251 1433.903261
1135 1.177298 1435.080684
1136 1.201714 1436.28253
1137 1.16854 1437.451199
1138 1.050408 1438.501736
1139 1.156078 1439.657938
1140 1.197577 1440.855647
1141 0.999405 1441.855184
1142 1.204785 1443.060082
1143 0.875524 1443.935732
1144 0.98675 1444.922605
1145 0.863641 1445.78636
1146 0.993218 1446.779702
1147 1.177292 1447.957123
1148 1.025924 1448.983176
1149 1.179689 1450.162989
1150 0.874807 1451.037921
1151 0.830244 1451.868284
1152 1.160943 1453.029332
