# instance ../../../instances/fattree-bcube/BCube_n16_k2_bw10_cpu16.pn
# Settings: PN=../../../instances/fattree-bcube/BCube_n16_k2_bw10_cpu16.pn, VN=../../../instances/fattree-bcube/instance_list_6vm_rnd.txt, multi-thread=True
init 0.221444 0.221444
1 12.966127 13.187571
2 12.20629 25.393998
3 13.712978 39.107119
4 12.308266 51.415529
5 8.945668 60.36133
6 13.544606 73.906072
7 12.222182 86.128393
8 10.639718 96.768253
9 10.307208 107.075603
10 8.921302 115.997049
11 13.558404 129.555594
12 12.289653 141.84539
13 12.196879 154.04241
14 12.210548 166.253134
15 10.667469 176.920744
16 12.019638 188.940524
17 12.304213 201.244882
18 12.25956 213.504582
19 12.21471 225.719431
20 12.350216 238.069791
21 12.240112 250.310046
22 12.227891 262.538078
23 10.698867 273.237083
24 13.840068 287.077293
25 12.258537 299.335975
26 9.201247 308.537363
27 10.267508 318.805013
28 9.009738 327.814893
29 12.040385 339.855421
30 12.353249 352.208815
31 12.179437 364.388387
32 10.780843 375.169369
33 12.108224 387.277736
34 13.869272 401.14715
35 14.053856 415.201148
36 10.972068 426.173358
37 12.117139 438.29064
38 12.271785 450.56257
39 12.376402 462.939109
40 12.291731 475.230979
41 12.300342 487.531467
42 10.707962 498.23957
43 13.891081 512.130792
44 12.610854 524.741791
45 9.102739 533.844668
46 11.933079 545.777884
47 13.969641 559.747671
48 9.371465 569.119282
49 8.818245 577.937669
50 12.076601 590.01441
51 12.329896 602.344471
52 12.338865 614.683472
53 12.382372 627.065984
54 12.364791 639.430918
55 10.839551 650.270612
56 12.210422 662.481175
57 10.747781 673.229094
58 12.187329 685.41656
59 12.194361 697.611063
60 10.775453 708.386666
61 10.591792 718.9786
62 10.606356 729.585097
63 12.13353 741.71877
64 12.354785 754.073702
65 12.312497 766.38634
66 12.429559 778.816046
67 10.839958 789.656146
68 10.472374 800.128659
69 12.153169 812.281967
70 12.428747 824.710853
71 12.377034 837.088027
72 12.39237 849.480539
73 13.93457 863.415251
74 12.518867 875.934265
75 12.419108 888.35352
76 12.402348 900.75601
77 10.640159 911.396308
78 13.936939 925.333387
79 12.408772 937.742302
80 12.364686 950.107132
81 9.160113 959.267381
82 10.573209 969.840729
83 9.014209 978.855081
84 11.878066 990.73329
85 9.352985 1000.086415
86 11.971068 1012.057633
87 10.823816 1022.881588
88 8.96977 1031.851495
89 10.355777 1042.207407
90 12.18896 1054.396512
91 10.790313 1065.186965
92 13.937003 1079.124111
93 12.399947 1091.524199
94 13.978148 1105.502488
95 11.01154 1116.514194
96 12.12747 1128.641805
97 10.771841 1139.413793
98 10.571002 1149.984938
99 12.282262 1162.267338
100 9.069733 1171.337207
101 12.332372 1183.669716
102 9.097289 1192.767142
103 12.516148 1205.283423
104 12.597258 1217.880826
105 10.755391 1228.636356
106 12.687816 1241.324316
107 9.184456 1250.508911
108 14.923849 1265.432902
109 8.584136 1274.017173
110 8.256264 1282.273581
111 9.505187 1291.778903
112 8.426075 1300.205115
113 10.99329 1311.198542
114 11.294046 1322.492729
115 11.105981 1333.598851
116 11.286805 1344.885794
117 11.328777 1356.214714
118 9.811176 1366.026034
119 11.279767 1377.305947
120 11.116628 1388.42272
121 11.334345 1399.757208
122 11.270375 1411.027727
123 10.011724 1421.039588
124 8.383732 1429.42346
125 9.580376 1439.003978
126 11.078426 1450.082548
127 11.277554 1461.36024
128 11.317257 1472.677644
129 11.1459 1483.823684
130 12.762727 1496.586549
131 11.349372 1507.936066
132 11.293291 1519.2295
133 10.036987 1529.266627
134 11.113737 1540.380504
135 12.610248 1552.990891
136 12.791016 1565.782045
137 11.520269 1577.302459
138 11.119672 1588.422301
139 11.358689 1599.781132
140 10.030343 1609.811623
141 11.110979 1620.922745
142 11.301869 1632.224753
143 11.342046 1643.566937
144 12.649979 1656.217056
145 8.651737 1664.868932
146 10.826739 1675.69581
147 11.204981 1686.900936
148 11.346021 1698.2471
149 10.028455 1708.2757
150 11.094849 1719.370698
151 12.552472 1731.923317
152 13.110058 1745.033512
153 11.650575 1756.684231
154 9.731787 1766.416164
155 12.942639 1779.358942
156 11.313484 1790.672567
157 9.930864 1800.603574
158 12.778255 1813.381966
159 13.266867 1826.648971
160 13.21756 1839.866696
161 11.356182 1851.223023
162 11.281078 1862.504239
163 8.582191 1871.08657
164 8.197771 1879.284485
165 10.81097 1890.095597
166 10.172289 1900.268024
167 10.01533 1910.283496
168 9.620142 1919.903774
169 11.066322 1930.970239
170 11.412721 1942.383099
171 10.052443 1952.435683
172 11.079487 1963.515309
173 11.243857 1974.7593
174 11.338466 1986.097908
175 11.228305 1997.326365
176 10.166263 2007.492799
177 11.128826 2018.62177
178 11.350067 2029.971986
179 10.00409 2039.976218
180 11.037434 2051.013792
181 12.991383 2064.005315
182 11.68185 2075.687303
183 11.15519 2086.842636
184 11.315554 2098.158334
185 11.282365 2109.440844
186 11.454816 2120.895801
187 11.17994 2132.075885
188 11.465244 2143.541267
189 11.151231 2154.692637
190 9.968337 2164.661111
191 11.267674 2175.928925
192 11.136394 2187.065464
193 11.22969 2198.295292
194 8.711026 2207.006462
195 9.617123 2216.623743
196 11.090868 2227.71475
197 11.321666 2239.036558
198 12.987133 2252.023839
199 11.530837 2263.554816
200 12.595503 2276.150455
201 13.043586 2289.194211
202 11.413201 2300.607559
203 8.446838 2309.054543
204 11.139875 2320.194559
205 11.14592 2331.340618
206 10.013352 2341.354108
207 8.249124 2349.603372
208 11.039916 2360.64343
209 11.278712 2371.922283
210 11.297782 2383.220205
211 11.312571 2394.532915
212 12.806361 2407.339414
213 11.423668 2418.763225
214 8.455971 2427.219339
215 12.706393 2439.925869
216 13.128708 2453.054716
217 12.930474 2465.985331
218 12.889479 2478.874956
219 11.613053 2490.488151
220 9.938023 2500.42632
221 11.138175 2511.56463
222 9.85758 2521.422348
223 8.365891 2529.788375
224 9.531302 2539.31982
225 11.286106 2550.606064
226 11.319732 2561.925934
227 11.384883 2573.310959
228 11.160821 2584.471918
229 8.55887 2593.030927
230 12.378121 2605.409186
231 11.289137 2616.698469
232 11.34397 2628.042607
233 12.733645 2640.7764
234 11.589285 2652.365832
235 11.369226 2663.735201
236 11.335585 2675.070923
237 11.39005 2686.461116
238 13.037656 2699.49892
239 9.94795 2709.447013
240 9.827605 2719.274778
241 12.66652 2731.941438
242 11.363492 2743.30507
243 10.033528 2753.338738
244 12.711761 2766.050638
245 11.508392 2777.559174
246 11.291951 2788.851271
247 8.560597 2797.412011
248 11.08422 2808.496372
249 12.513833 2821.010351
250 11.513791 2832.524279
251 8.577284 2841.101703
252 10.901774 2852.003608
253 11.392288 2863.396034
254 11.365742 2874.761912
255 13.094552 2887.856603
256 11.397317 2899.254068
257 11.326931 2910.581143
258 12.584817 2923.166097
259 10.19389 2933.360132
260 11.297138 2944.657408
261 13.04035 2957.697896
262 13.048825 2970.746868
263 11.538415 2982.285421
264 13.190222 2995.475785
265 11.455218 3006.93115
266 9.890583 3016.821874
267 11.103097 3027.925114
268 12.722728 3040.647989
269 8.781359 3049.42949
270 11.02662 3060.456251
271 9.832424 3070.288818
272 11.107543 3081.396499
273 10.003587 3091.400224
274 8.338397 3099.738759
275 12.289818 3112.028718
276 11.447612 3123.476474
277 10.025773 3133.502385
278 11.0939 3144.596443
279 11.352906 3155.949488
280 11.32101 3167.270645
281 11.324286 3178.595074
282 11.345768 3189.940997
283 9.884545 3199.825684
284 12.574962 3212.400788
285 13.185335 3225.586261
286 8.802574 3234.388981
287 10.833324 3245.222447
288 12.899956 3258.122579
289 9.910007 3268.03273
290 12.633195 3280.666068
291 11.561072 3292.227282
292 8.460741 3300.688159
293 11.052078 3311.740372
294 11.367451 3323.107963
295 9.910558 3333.018662
296 12.351893 3345.370691
297 11.469967 3356.8408
298 8.550644 3365.39159
299 8.247644 3373.639375
300 9.576492 3383.216006
301 12.631187 3395.847329
302 10.045451 3405.892925
303 8.361098 3414.254167
304 9.57383 3423.828135
305 12.618428 3436.4467
306 11.355146 3447.801992
307 11.378264 3459.180399
308 11.291581 3470.472123
309 11.426821 3481.899085
310 11.283626 3493.182848
311 8.557938 3501.740931
312 11.020249 3512.761316
313 11.453387 3524.214846
314 12.626658 3536.841638
315 10.100266 3546.942048
316 11.138525 3558.080718
317 12.741988 3570.82285
318 11.530228 3582.353215
319 11.40069 3593.754048
