[runlim] version:		1.7
[runlim] time limit:		311040000 seconds
[runlim] real time limit:	3600 seconds
[runlim] space limit:		80000 MB
[runlim] argv[0]:		python3.6
[runlim] argv[1]:		./netsolver-gurobi-mod.py
[runlim] argv[2]:		../../../instances/fattree-bcube/BCube_n12_k2_bw10_cpu16.pn
[runlim] argv[3]:		../../../instances/fattree-bcube/instance_list_6vm_rnd.txt
[runlim] argv[4]:		False
[runlim] argv[5]:		True
[runlim] argv[6]:		timelogs/results.BCube_n12_k2_bw10_cpu16.pn.instance_list_6vm_rnd.txt.log
[runlim] start:			Thu Oct  3 23:23:50 2019
[runlim] main pid:		11145
Academic license - for non-commercial use only
[runlim] sample:		10.0 seconds, 180.7 MB
[runlim] sample:		20.0 seconds, 197.5 MB
[runlim] sample:		30.0 seconds, 191.6 MB
[runlim] sample:		40.0 seconds, 176.7 MB
[runlim] sample:		50.0 seconds, 172.0 MB
[runlim] sample:		60.0 seconds, 206.1 MB
[runlim] sample:		70.0 seconds, 196.7 MB
[runlim] sample:		80.0 seconds, 205.2 MB
[runlim] sample:		90.0 seconds, 204.7 MB
[runlim] sample:		100.0 seconds, 204.6 MB
[runlim] sample:		110.0 seconds, 199.4 MB
[runlim] sample:		120.0 seconds, 210.2 MB
[runlim] sample:		130.0 seconds, 169.7 MB
[runlim] sample:		140.0 seconds, 185.5 MB
[runlim] sample:		150.0 seconds, 192.3 MB
[runlim] sample:		160.0 seconds, 189.5 MB
[runlim] sample:		170.0 seconds, 214.2 MB
[runlim] sample:		180.0 seconds, 190.5 MB
[runlim] sample:		190.0 seconds, 193.2 MB
[runlim] sample:		200.0 seconds, 193.4 MB
[runlim] sample:		210.0 seconds, 206.5 MB
[runlim] sample:		220.0 seconds, 202.1 MB
[runlim] sample:		230.0 seconds, 213.9 MB
[runlim] sample:		240.0 seconds, 203.4 MB
[runlim] sample:		250.0 seconds, 207.1 MB
[runlim] sample:		260.0 seconds, 208.0 MB
[runlim] sample:		270.0 seconds, 206.6 MB
[runlim] sample:		280.0 seconds, 205.4 MB
[runlim] sample:		290.0 seconds, 205.4 MB
[runlim] sample:		300.0 seconds, 204.9 MB
[runlim] sample:		310.0 seconds, 209.1 MB
[runlim] sample:		320.0 seconds, 209.6 MB
[runlim] sample:		330.0 seconds, 176.6 MB
[runlim] sample:		340.0 seconds, 197.1 MB
[runlim] sample:		350.0 seconds, 202.0 MB
[runlim] sample:		360.0 seconds, 215.1 MB
[runlim] sample:		370.0 seconds, 208.9 MB
[runlim] sample:		380.2 seconds, 216.3 MB
[runlim] sample:		390.2 seconds, 189.3 MB
[runlim] sample:		400.2 seconds, 187.5 MB
[runlim] sample:		410.2 seconds, 187.5 MB
[runlim] sample:		420.2 seconds, 187.3 MB
[runlim] sample:		430.2 seconds, 186.8 MB
[runlim] sample:		440.2 seconds, 193.1 MB
[runlim] sample:		450.2 seconds, 194.4 MB
[runlim] sample:		460.2 seconds, 189.5 MB
[runlim] sample:		470.2 seconds, 189.0 MB
[runlim] sample:		480.2 seconds, 188.8 MB
[runlim] sample:		490.2 seconds, 189.8 MB
[runlim] sample:		500.2 seconds, 188.0 MB
[runlim] sample:		510.2 seconds, 190.1 MB
[runlim] sample:		520.2 seconds, 188.3 MB
[runlim] sample:		530.2 seconds, 189.6 MB
[runlim] sample:		540.2 seconds, 189.8 MB
[runlim] sample:		550.2 seconds, 188.8 MB
[runlim] sample:		560.2 seconds, 189.6 MB
[runlim] sample:		570.2 seconds, 189.5 MB
[runlim] sample:		580.2 seconds, 188.3 MB
[runlim] sample:		590.2 seconds, 189.8 MB
[runlim] sample:		600.2 seconds, 189.6 MB
[runlim] sample:		610.2 seconds, 196.9 MB
[runlim] sample:		620.2 seconds, 190.3 MB
[runlim] sample:		630.2 seconds, 194.4 MB
[runlim] sample:		640.2 seconds, 192.5 MB
[runlim] sample:		650.2 seconds, 190.3 MB
[runlim] sample:		660.2 seconds, 190.3 MB
[runlim] sample:		670.2 seconds, 194.4 MB
[runlim] sample:		680.2 seconds, 190.3 MB
[runlim] sample:		690.2 seconds, 190.3 MB
[runlim] sample:		700.2 seconds, 192.3 MB
[runlim] sample:		710.2 seconds, 196.4 MB
[runlim] sample:		720.2 seconds, 186.4 MB
[runlim] sample:		730.2 seconds, 182.1 MB
[runlim] sample:		740.2 seconds, 195.2 MB
[runlim] sample:		750.2 seconds, 187.5 MB
[runlim] sample:		760.2 seconds, 185.7 MB
[runlim] sample:		770.2 seconds, 184.4 MB
[runlim] sample:		780.2 seconds, 184.2 MB
[runlim] sample:		790.2 seconds, 184.0 MB
[runlim] sample:		800.2 seconds, 183.7 MB
[runlim] sample:		810.2 seconds, 183.2 MB
[runlim] sample:		820.2 seconds, 183.2 MB
[runlim] sample:		830.2 seconds, 183.2 MB
[runlim] sample:		840.2 seconds, 186.3 MB
[runlim] sample:		850.2 seconds, 184.9 MB
[runlim] sample:		860.2 seconds, 184.9 MB
[runlim] sample:		870.2 seconds, 184.9 MB
[runlim] sample:		880.2 seconds, 184.9 MB
[runlim] sample:		890.2 seconds, 184.6 MB
[runlim] sample:		900.2 seconds, 184.0 MB
[runlim] sample:		910.2 seconds, 183.5 MB
[runlim] sample:		920.2 seconds, 186.3 MB
[runlim] sample:		930.2 seconds, 184.6 MB
[runlim] sample:		940.2 seconds, 202.1 MB
[runlim] sample:		950.2 seconds, 185.0 MB
[runlim] sample:		960.2 seconds, 185.0 MB
[runlim] sample:		970.2 seconds, 184.7 MB
[runlim] sample:		980.2 seconds, 184.7 MB
[runlim] sample:		990.2 seconds, 190.2 MB
[runlim] sample:		1000.2 seconds, 185.0 MB
[runlim] sample:		1010.2 seconds, 188.8 MB
[runlim] sample:		1020.2 seconds, 191.3 MB
[runlim] sample:		1030.2 seconds, 189.6 MB
[runlim] sample:		1040.2 seconds, 188.8 MB
[runlim] sample:		1050.2 seconds, 188.8 MB
[runlim] sample:		1060.2 seconds, 188.8 MB
[runlim] sample:		1070.2 seconds, 192.7 MB
[runlim] sample:		1080.2 seconds, 188.6 MB
[runlim] sample:		1090.2 seconds, 189.1 MB
[runlim] sample:		1100.2 seconds, 189.1 MB
[runlim] sample:		1110.2 seconds, 187.1 MB
[runlim] sample:		1120.2 seconds, 187.1 MB
[runlim] sample:		1130.2 seconds, 187.6 MB
[runlim] sample:		1140.2 seconds, 189.5 MB
[runlim] sample:		1150.2 seconds, 184.9 MB
[runlim] sample:		1160.2 seconds, 191.0 MB
[runlim] sample:		1170.2 seconds, 187.1 MB
[runlim] sample:		1180.2 seconds, 187.1 MB
[runlim] sample:		1190.2 seconds, 191.2 MB
[runlim] sample:		1200.2 seconds, 187.9 MB
[runlim] sample:		1210.2 seconds, 187.9 MB
[runlim] sample:		1220.2 seconds, 193.0 MB
[runlim] sample:		1230.2 seconds, 205.0 MB
[runlim] sample:		1240.2 seconds, 188.6 MB
[runlim] sample:		1250.2 seconds, 188.3 MB
[runlim] sample:		1260.2 seconds, 188.1 MB
[runlim] sample:		1270.2 seconds, 187.8 MB
[runlim] sample:		1280.2 seconds, 185.9 MB
[runlim] sample:		1290.2 seconds, 186.4 MB
[runlim] sample:		1300.2 seconds, 186.1 MB
[runlim] sample:		1310.2 seconds, 186.1 MB
[runlim] sample:		1320.2 seconds, 185.9 MB
[runlim] sample:		1330.2 seconds, 189.4 MB
[runlim] sample:		1340.2 seconds, 187.9 MB
[runlim] sample:		1350.2 seconds, 186.9 MB
[runlim] sample:		1360.2 seconds, 187.4 MB
[runlim] sample:		1370.2 seconds, 187.4 MB
[runlim] sample:		1380.2 seconds, 189.4 MB
[runlim] sample:		1390.2 seconds, 186.4 MB
[runlim] sample:		1400.2 seconds, 186.9 MB
[runlim] sample:		1410.2 seconds, 186.7 MB
[runlim] sample:		1420.2 seconds, 190.4 MB
[runlim] sample:		1430.2 seconds, 187.3 MB
[runlim] sample:		1440.2 seconds, 187.3 MB
[runlim] sample:		1450.2 seconds, 187.3 MB
[runlim] sample:		1460.2 seconds, 189.1 MB
[runlim] sample:		1470.2 seconds, 197.1 MB
[runlim] sample:		1480.2 seconds, 188.4 MB
[runlim] sample:		1490.2 seconds, 188.1 MB
[runlim] sample:		1500.2 seconds, 197.4 MB
[runlim] sample:		1510.2 seconds, 189.7 MB
[runlim] sample:		1520.2 seconds, 187.4 MB
[runlim] sample:		1530.2 seconds, 190.1 MB
[runlim] sample:		1540.2 seconds, 187.3 MB
[runlim] sample:		1550.2 seconds, 189.3 MB
[runlim] sample:		1560.2 seconds, 189.8 MB
[runlim] sample:		1570.2 seconds, 203.6 MB
[runlim] sample:		1580.2 seconds, 189.0 MB
[runlim] sample:		1590.2 seconds, 189.0 MB
[runlim] sample:		1600.2 seconds, 191.3 MB
[runlim] sample:		1610.2 seconds, 188.7 MB
[runlim] sample:		1620.2 seconds, 188.2 MB
[runlim] sample:		1630.2 seconds, 189.1 MB
[runlim] sample:		1640.2 seconds, 188.8 MB
[runlim] sample:		1650.2 seconds, 187.4 MB
[runlim] sample:		1660.2 seconds, 188.8 MB
[runlim] sample:		1670.2 seconds, 188.4 MB
[runlim] sample:		1680.2 seconds, 214.2 MB
[runlim] sample:		1690.2 seconds, 191.4 MB
[runlim] sample:		1700.2 seconds, 190.7 MB
[runlim] sample:		1710.2 seconds, 190.7 MB
[runlim] sample:		1720.2 seconds, 190.2 MB
[runlim] sample:		1730.2 seconds, 196.6 MB
[runlim] sample:		1740.2 seconds, 186.7 MB
[runlim] sample:		1750.2 seconds, 190.5 MB
[runlim] sample:		1760.2 seconds, 190.0 MB
[runlim] sample:		1770.2 seconds, 190.0 MB
[runlim] sample:		1780.2 seconds, 192.0 MB
[runlim] sample:		1790.2 seconds, 190.1 MB
[runlim] sample:		1800.2 seconds, 190.1 MB
[runlim] sample:		1810.2 seconds, 189.9 MB
[runlim] sample:		1820.2 seconds, 189.6 MB
[runlim] sample:		1830.2 seconds, 190.3 MB
[runlim] sample:		1840.2 seconds, 210.1 MB
[runlim] sample:		1850.2 seconds, 184.9 MB
[runlim] sample:		1860.2 seconds, 187.0 MB
[runlim] sample:		1870.2 seconds, 186.5 MB
[runlim] sample:		1880.2 seconds, 189.4 MB
[runlim] sample:		1890.2 seconds, 189.1 MB
[runlim] sample:		1900.2 seconds, 188.9 MB
[runlim] sample:		1910.2 seconds, 188.9 MB
[runlim] sample:		1920.2 seconds, 189.1 MB
[runlim] sample:		1930.2 seconds, 188.6 MB
[runlim] sample:		1940.2 seconds, 188.4 MB
[runlim] sample:		1950.2 seconds, 188.4 MB
[runlim] sample:		1960.2 seconds, 191.1 MB
[runlim] sample:		1970.2 seconds, 191.1 MB
[runlim] sample:		1980.2 seconds, 188.4 MB
[runlim] sample:		1990.2 seconds, 206.8 MB
[runlim] sample:		2000.2 seconds, 190.5 MB
[runlim] sample:		2010.2 seconds, 199.5 MB
[runlim] sample:		2020.2 seconds, 198.8 MB
[runlim] sample:		2030.2 seconds, 198.8 MB
[runlim] sample:		2040.2 seconds, 196.1 MB
[runlim] sample:		2050.2 seconds, 196.1 MB
[runlim] sample:		2060.2 seconds, 196.1 MB
[runlim] sample:		2070.2 seconds, 189.0 MB
[runlim] sample:		2080.2 seconds, 197.1 MB
[runlim] sample:		2090.2 seconds, 189.4 MB
[runlim] sample:		2100.2 seconds, 189.4 MB
[runlim] sample:		2110.2 seconds, 189.4 MB
[runlim] sample:		2120.2 seconds, 189.1 MB
[runlim] sample:		2130.2 seconds, 189.1 MB
[runlim] sample:		2140.2 seconds, 188.9 MB
[runlim] sample:		2150.2 seconds, 188.9 MB
[runlim] sample:		2160.2 seconds, 188.9 MB
[runlim] sample:		2170.2 seconds, 188.9 MB
[runlim] sample:		2180.2 seconds, 188.9 MB
[runlim] sample:		2190.2 seconds, 188.9 MB
[runlim] sample:		2200.2 seconds, 196.8 MB
[runlim] sample:		2210.2 seconds, 197.8 MB
[runlim] sample:		2220.2 seconds, 186.9 MB
[runlim] sample:		2230.2 seconds, 186.9 MB
[runlim] sample:		2240.2 seconds, 186.9 MB
[runlim] sample:		2250.2 seconds, 186.9 MB
[runlim] sample:		2260.2 seconds, 192.7 MB
[runlim] sample:		2270.2 seconds, 197.1 MB
[runlim] sample:		2280.2 seconds, 197.9 MB
[runlim] sample:		2290.2 seconds, 188.9 MB
[runlim] sample:		2300.2 seconds, 188.6 MB
[runlim] sample:		2310.2 seconds, 188.6 MB
[runlim] sample:		2320.2 seconds, 198.4 MB
[runlim] sample:		2330.2 seconds, 187.9 MB
[runlim] sample:		2340.2 seconds, 187.9 MB
[runlim] sample:		2350.2 seconds, 194.3 MB
[runlim] sample:		2360.2 seconds, 189.4 MB
[runlim] sample:		2370.2 seconds, 197.4 MB
[runlim] sample:		2380.2 seconds, 187.6 MB
[runlim] sample:		2390.2 seconds, 196.3 MB
[runlim] sample:		2400.2 seconds, 196.3 MB
[runlim] sample:		2410.2 seconds, 196.3 MB
[runlim] sample:		2420.2 seconds, 196.3 MB
[runlim] sample:		2430.2 seconds, 197.6 MB
[runlim] sample:		2440.2 seconds, 192.2 MB
[runlim] sample:		2450.2 seconds, 198.8 MB
[runlim] sample:		2460.2 seconds, 198.6 MB
[runlim] sample:		2470.2 seconds, 198.3 MB
[runlim] sample:		2480.2 seconds, 198.1 MB
[runlim] sample:		2490.2 seconds, 198.1 MB
[runlim] sample:		2500.2 seconds, 198.1 MB
[runlim] sample:		2510.2 seconds, 187.4 MB
[runlim] sample:		2520.2 seconds, 198.5 MB
[runlim] sample:		2530.2 seconds, 193.2 MB
[runlim] sample:		2540.2 seconds, 209.4 MB
[runlim] sample:		2550.2 seconds, 191.8 MB
[runlim] sample:		2560.2 seconds, 196.0 MB
[runlim] sample:		2570.2 seconds, 188.5 MB
[runlim] sample:		2580.2 seconds, 198.5 MB
[runlim] sample:		2590.2 seconds, 200.3 MB
[runlim] sample:		2600.2 seconds, 197.4 MB
[runlim] sample:		2610.2 seconds, 197.2 MB
[runlim] sample:		2620.2 seconds, 198.5 MB
[runlim] sample:		2630.2 seconds, 190.2 MB
[runlim] sample:		2640.2 seconds, 192.2 MB
[runlim] sample:		2650.2 seconds, 198.8 MB
[runlim] sample:		2660.2 seconds, 198.8 MB
[runlim] sample:		2670.2 seconds, 199.6 MB
[runlim] sample:		2680.1 seconds, 191.8 MB
[runlim] sample:		2690.1 seconds, 200.0 MB
[runlim] sample:		2700.2 seconds, 189.4 MB
[runlim] sample:		2710.1 seconds, 190.7 MB
[runlim] sample:		2720.2 seconds, 191.9 MB
[runlim] sample:		2730.2 seconds, 191.1 MB
[runlim] sample:		2740.2 seconds, 191.1 MB
[runlim] sample:		2750.2 seconds, 190.8 MB
[runlim] sample:		2760.2 seconds, 198.1 MB
[runlim] sample:		2770.2 seconds, 199.9 MB
[runlim] sample:		2780.2 seconds, 199.1 MB
[runlim] sample:		2790.2 seconds, 213.2 MB
[runlim] sample:		2800.2 seconds, 191.9 MB
[runlim] sample:		2810.2 seconds, 191.6 MB
[runlim] sample:		2820.2 seconds, 196.9 MB
[runlim] sample:		2830.2 seconds, 190.2 MB
[runlim] sample:		2840.2 seconds, 198.9 MB
[runlim] sample:		2850.2 seconds, 198.9 MB
[runlim] sample:		2860.2 seconds, 200.4 MB
[runlim] sample:		2870.2 seconds, 200.4 MB
[runlim] sample:		2880.2 seconds, 190.6 MB
[runlim] sample:		2890.2 seconds, 198.5 MB
[runlim] sample:		2900.1 seconds, 198.5 MB
[runlim] sample:		2910.1 seconds, 184.6 MB
[runlim] sample:		2920.1 seconds, 184.6 MB
[runlim] sample:		2930.1 seconds, 191.6 MB
[runlim] sample:		2940.1 seconds, 189.6 MB
[runlim] sample:		2950.2 seconds, 198.5 MB
[runlim] sample:		2960.2 seconds, 198.5 MB
[runlim] sample:		2970.2 seconds, 199.6 MB
[runlim] sample:		2980.2 seconds, 199.8 MB
[runlim] sample:		2990.2 seconds, 199.8 MB
[runlim] sample:		3000.2 seconds, 200.1 MB
[runlim] sample:		3010.1 seconds, 190.1 MB
[runlim] sample:		3020.2 seconds, 190.1 MB
[runlim] sample:		3030.2 seconds, 189.9 MB
[runlim] sample:		3040.2 seconds, 198.7 MB
[runlim] sample:		3050.2 seconds, 188.1 MB
[runlim] sample:		3060.1 seconds, 194.9 MB
[runlim] sample:		3070.2 seconds, 189.2 MB
[runlim] sample:		3080.2 seconds, 189.3 MB
[runlim] sample:		3090.2 seconds, 191.8 MB
[runlim] sample:		3100.2 seconds, 200.0 MB
[runlim] sample:		3110.2 seconds, 200.0 MB
[runlim] sample:		3120.2 seconds, 199.9 MB
[runlim] sample:		3130.2 seconds, 199.9 MB
[runlim] sample:		3140.2 seconds, 199.9 MB
[runlim] sample:		3150.2 seconds, 199.6 MB
[runlim] sample:		3160.2 seconds, 199.4 MB
[runlim] sample:		3170.2 seconds, 199.4 MB
[runlim] sample:		3180.2 seconds, 199.4 MB
[runlim] sample:		3190.2 seconds, 189.7 MB
[runlim] sample:		3200.1 seconds, 199.5 MB
[runlim] sample:		3210.2 seconds, 193.6 MB
[runlim] sample:		3220.1 seconds, 198.6 MB
[runlim] sample:		3230.1 seconds, 199.8 MB
[runlim] sample:		3240.1 seconds, 199.6 MB
[runlim] sample:		3250.1 seconds, 198.1 MB
[runlim] sample:		3260.1 seconds, 197.7 MB
[runlim] sample:		3270.1 seconds, 198.6 MB
[runlim] sample:		3280.1 seconds, 199.5 MB
[runlim] sample:		3290.1 seconds, 199.4 MB
[runlim] sample:		3300.1 seconds, 188.4 MB
[runlim] sample:		3310.1 seconds, 188.9 MB
[runlim] sample:		3320.1 seconds, 189.4 MB
[runlim] sample:		3330.1 seconds, 190.2 MB
[runlim] sample:		3340.1 seconds, 192.2 MB
[runlim] sample:		3350.1 seconds, 191.1 MB
[runlim] sample:		3360.1 seconds, 198.1 MB
[runlim] sample:		3370.1 seconds, 190.7 MB
[runlim] sample:		3380.1 seconds, 197.0 MB
[runlim] sample:		3390.1 seconds, 189.1 MB
[runlim] sample:		3400.1 seconds, 198.8 MB
[runlim] sample:		3410.1 seconds, 190.9 MB
[runlim] sample:		3420.1 seconds, 192.2 MB
[runlim] sample:		3430.1 seconds, 208.5 MB
[runlim] sample:		3440.1 seconds, 191.6 MB
[runlim] sample:		3450.1 seconds, 201.5 MB
[runlim] sample:		3460.1 seconds, 201.5 MB
[runlim] sample:		3470.1 seconds, 201.5 MB
[runlim] sample:		3480.1 seconds, 190.9 MB
[runlim] sample:		3490.1 seconds, 191.6 MB
[runlim] sample:		3500.1 seconds, 191.8 MB
[runlim] sample:		3510.1 seconds, 199.5 MB
[runlim] sample:		3520.1 seconds, 199.2 MB
[runlim] sample:		3530.1 seconds, 189.9 MB
[runlim] sample:		3540.1 seconds, 213.5 MB
[runlim] sample:		3550.1 seconds, 207.8 MB
[runlim] sample:		3560.1 seconds, 208.8 MB
[runlim] sample:		3570.1 seconds, 201.1 MB
[runlim] sample:		3580.1 seconds, 201.1 MB
[runlim] sample:		3590.1 seconds, 190.9 MB
[runlim] end:			Fri Oct  4 00:23:50 2019
[runlim] status:		out of time
[runlim] result:		1
[runlim] children:		0
[runlim] real:			3600.05 seconds
[runlim] time:			3600.03 seconds
[runlim] space:			264.3 MB
[runlim] samples:		35999
