# instance ../../../instances/fattree-bcube/BCube_n12_k2_bw10_cpu16.pn
# Settings: PN=../../../instances/fattree-bcube/BCube_n12_k2_bw10_cpu16.pn, VN=../../../instances/fattree-bcube/instance_list_12vm_rnd.txt, multi-thread=True
init 0.085538 0.085538
1 12.677985 12.763523
2 12.305909 25.069586
3 12.951831 38.02155
4 10.95579 48.977482
5 12.156561 61.134191
6 11.391582 72.525912
7 12.16679 84.692844
8 11.396858 96.089841
9 11.561616 107.651599
10 12.220641 119.872384
11 11.547328 131.419852
12 13.784963 145.204951
13 12.959991 158.165089
14 13.124849 171.290079
15 13.103841 184.394055
16 12.599827 196.994026
17 13.089946 210.084113
18 12.262805 222.347057
19 10.99483 233.342031
20 12.84808 246.190246
21 11.02202 257.212411
22 12.44722 269.659773
23 10.940527 280.600448
24 12.348625 292.949209
25 10.988798 303.938147
26 11.548748 315.487034
27 10.790591 326.277768
28 10.936625 337.214535
29 11.035613 348.250289
30 12.213356 360.463786
31 12.286129 372.75005
32 13.100416 385.850608
33 13.466631 399.317383
34 13.254848 412.572375
35 12.293395 424.865912
36 12.910231 437.776273
37 13.636403 451.41281
38 11.734821 463.147771
39 11.264755 474.412657
40 11.387152 485.799945
41 12.561615 498.361701
42 12.319 510.680845
43 10.132036 520.813016
44 11.322706 532.135859
45 11.17028 543.306278
46 11.8258 555.132213
47 11.063917 566.196269
48 11.617757 577.814169
49 9.912319 587.726635
50 10.989467 598.716244
51 12.112643 610.829032
52 11.379893 622.209064
53 12.351572 634.560775
54 11.890218 646.451131
55 11.473365 657.924639
56 11.530672 669.455451
57 10.201067 679.656689
58 11.368955 691.025784
59 10.764625 701.790547
60 9.731214 711.521908
61 11.912945 723.434991
62 10.30796 733.743088
63 11.386021 745.129248
64 10.766273 755.895668
65 10.055294 765.951109
66 10.030306 775.981557
67 11.753177 787.734875
68 10.206177 797.941198
69 11.599432 809.540775
70 13.035641 822.576558
71 11.551739 834.128436
72 11.706519 845.835093
73 12.23763 858.072865
74 10.960665 869.033681
75 12.035768 881.069596
76 11.178828 892.24856
77 10.279152 902.52785
78 11.404086 913.932073
79 11.571268 925.50348
80 10.279685 935.783333
81 11.244948 947.028426
82 10.280063 957.308629
83 12.705146 970.013917
84 10.289677 980.303735
85 12.005083 992.308954
86 12.187147 1004.496239
87 12.139686 1016.636063
88 12.193546 1028.829752
89 12.101158 1040.931057
90 12.870007 1053.801209
91 12.415462 1066.216811
92 12.01549 1078.232446
93 12.868743 1091.101337
94 11.032689 1102.134166
95 11.43008 1113.564383
96 12.151519 1125.716047
97 12.887459 1138.603652
98 12.900329 1151.504124
99 10.330743 1161.835012
100 10.627722 1172.462871
101 10.314641 1182.777649
102 11.438795 1194.216585
103 10.74991 1204.966632
104 12.175392 1217.142168
105 10.264884 1227.407199
106 11.254139 1238.661478
107 11.595919 1250.257543
108 12.226128 1262.483813
109 10.289337 1272.773291
110 11.280536 1284.053964
111 10.308979 1294.363082
112 11.395929 1305.759153
113 10.998312 1316.757607
114 11.384823 1328.142569
115 10.293881 1338.436597
116 10.093755 1348.530495
117 10.775888 1359.306527
118 11.474745 1370.781418
119 11.568039 1382.349587
120 12.138761 1394.488486
121 12.2511 1406.739728
122 12.130702 1418.870576
123 11.733769 1430.604482
124 10.185647 1440.790268
125 11.958473 1452.748886
126 11.67018 1464.419202
127 11.422301 1475.841642
128 10.480737 1486.322531
129 11.366416 1497.68909
130 11.455107 1509.144339
131 12.255671 1521.400157
132 10.883636 1532.28393
133 10.176667 1542.46073
134 11.358794 1553.819661
135 12.171563 1565.991367
136 11.575747 1577.56726
137 11.565731 1589.133133
138 12.142482 1601.275757
139 12.285107 1613.561002
140 12.148094 1625.709236
141 12.279056 1637.988439
142 11.757674 1649.746253
143 11.613765 1661.360161
144 11.405874 1672.766182
145 12.397648 1685.16397
146 12.056322 1697.220437
147 11.737755 1708.958337
148 11.608712 1720.567192
149 12.172689 1732.740019
150 11.890116 1744.630283
151 10.38409 1755.014513
152 10.814503 1765.829159
153 10.196009 1776.025314
154 10.200682 1786.226139
155 10.808348 1797.034627
156 12.036385 1809.071155
157 10.37247 1819.443767
158 11.443163 1830.887092
159 12.1694 1843.056633
160 10.332602 1853.389375
161 11.956815 1865.34633
162 11.138986 1876.485462
163 11.512715 1887.998322
164 12.122771 1900.121241
165 10.423227 1910.544607
166 10.794873 1921.339618
167 12.013262 1933.353021
168 10.420714 1943.773875
169 11.919434 1955.693448
170 11.482306 1967.175902
171 10.321902 1977.497949
172 11.448579 1988.946672
173 12.381402 2001.328221
174 12.059108 2013.387469
175 11.720426 2025.108074
176 10.311222 2035.419442
177 11.418353 2046.837963
178 11.584484 2058.422589
179 11.387713 2069.810446
180 10.437444 2080.248035
181 12.038187 2092.286357
182 11.466559 2103.753057
183 12.436873 2116.190068
184 10.327862 2126.518074
185 9.986408 2136.504624
186 10.826955 2147.33172
187 10.235273 2157.567133
188 12.72222 2170.2895
189 12.399098 2182.688735
190 11.486976 2194.175852
191 12.792654 2206.968661
192 12.420821 2219.389626
193 10.259673 2229.649441
194 10.659422 2240.30901
195 12.8422 2253.151348
196 12.245941 2265.397429
197 11.252846 2276.650423
198 11.634643 2288.28521
199 12.800768 2301.086122
200 12.230219 2313.316485
201 11.744349 2325.060976
202 12.185043 2337.24616
203 12.209956 2349.456269
204 12.900387 2362.3568
205 11.655923 2374.012862
206 12.228934 2386.241936
207 11.75243 2397.994511
208 11.403916 2409.398568
209 12.873693 2422.27241
210 12.340447 2434.612993
211 12.241256 2446.854387
212 10.289175 2457.143707
213 11.421181 2468.56503
214 11.630539 2480.195711
215 11.50456 2491.700413
216 10.322858 2502.023412
217 10.226146 2512.249726
218 10.015504 2522.265367
219 10.835238 2533.100746
220 12.16286 2545.263743
221 10.946312 2556.210203
222 12.261582 2568.471929
223 12.283638 2580.755711
224 12.267911 2593.023759
225 10.871003 2603.894904
226 10.994266 2614.88931
227 12.058408 2626.94786
228 11.583435 2638.53144
229 11.073397 2649.604997
230 11.544301 2661.14944
231 11.398406 2672.547979
232 11.111603 2683.659721
233 11.575675 2695.235537
234 12.820859 2708.05657
235 12.39732 2720.454042
236 12.904687 2733.358867
237 12.363053 2745.722064
238 11.452275 2757.174486
239 12.192079 2769.366712
240 11.750496 2781.117352
241 10.806187 2791.923678
242 11.523909 2803.447724
243 12.224525 2815.67239
244 10.407407 2826.079938
245 12.102642 2838.182724
246 10.371587 2848.554454
247 11.436408 2859.991006
248 12.158613 2872.149759
249 11.011717 2883.161621
250 11.413272 2894.575034
251 12.229806 2906.804985
252 12.91913 2919.724258
253 10.449457 2930.17386
254 10.095473 2940.269471
255 12.17046 2952.440071
256 11.699462 2964.139676
257 10.238431 2974.378244
258 11.954107 2986.332489
259 11.707891 2998.040526
260 12.230229 3010.270898
261 12.164156 3022.435193
262 11.726966 3034.162303
263 10.300128 3044.46257
264 10.188341 3054.651048
265 11.391969 3066.043156
266 10.315239 3076.358544
267 12.112296 3088.470984
268 12.034966 3100.506094
269 12.883529 3113.389767
270 11.85449 3125.244402
271 11.51534 3136.759891
272 10.285655 3147.04569
273 12.841864 3159.8877
274 12.152335 3172.040174
275 11.770427 3183.810742
276 11.860622 3195.67151
277 11.683036 3207.354724
278 10.855899 3218.210771
279 12.33602 3230.546934
280 11.036073 3241.583145
281 12.356969 3253.940254
282 11.782661 3265.723056
283 12.346794 3278.069995
284 12.344035 3290.41417
285 10.443553 3300.857864
286 11.419138 3312.277143
287 12.314256 3324.591537
288 10.913448 3335.505169
289 10.208598 3345.713914
290 10.87464 3356.588698
291 12.111942 3368.700783
292 12.911768 3381.612695
293 12.827693 3394.440526
294 12.154236 3406.594902
295 11.49061 3418.085655
296 11.616157 3429.701959
297 11.63281 3441.334914
298 12.222537 3453.557591
299 10.385899 3463.943629
300 10.807339 3474.751118
301 11.587747 3486.339003
302 11.61878 3497.95793
303 12.701765 3510.659839
304 11.657429 3522.317406
305 12.248172 3534.565717
306 11.758965 3546.324823
307 11.479448 3557.804412
308 11.622633 3569.427186
309 11.68916 3581.116496
310 12.115477 3593.23211
