[runlim] version:		1.7
[runlim] time limit:		311040000 seconds
[runlim] real time limit:	3600 seconds
[runlim] space limit:		80000 MB
[runlim] argv[0]:		python3.6
[runlim] argv[1]:		./netsolver-gurobi-mod.py
[runlim] argv[2]:		../../../instances/fattree-bcube/BCube_n12_k2_bw10_cpu16.pn
[runlim] argv[3]:		../../../instances/fattree-bcube/instance_list_12vm_rnd.txt
[runlim] argv[4]:		False
[runlim] argv[5]:		True
[runlim] argv[6]:		timelogs/results.BCube_n12_k2_bw10_cpu16.pn.instance_list_12vm_rnd.txt.log
[runlim] start:			Fri Oct  4 01:23:50 2019
[runlim] main pid:		11174
Academic license - for non-commercial use only
[runlim] sample:		10.0 seconds, 287.5 MB
[runlim] sample:		20.0 seconds, 348.0 MB
[runlim] sample:		30.0 seconds, 348.6 MB
[runlim] sample:		40.0 seconds, 407.7 MB
[runlim] sample:		50.0 seconds, 376.5 MB
[runlim] sample:		60.0 seconds, 409.4 MB
[runlim] sample:		70.0 seconds, 425.5 MB
[runlim] sample:		80.0 seconds, 427.4 MB
[runlim] sample:		90.0 seconds, 433.0 MB
[runlim] sample:		100.0 seconds, 407.6 MB
[runlim] sample:		110.0 seconds, 401.7 MB
[runlim] sample:		120.0 seconds, 429.9 MB
[runlim] sample:		130.0 seconds, 434.7 MB
[runlim] sample:		140.0 seconds, 433.6 MB
[runlim] sample:		150.0 seconds, 468.3 MB
[runlim] sample:		160.0 seconds, 455.9 MB
[runlim] sample:		170.0 seconds, 457.4 MB
[runlim] sample:		180.0 seconds, 460.2 MB
[runlim] sample:		190.0 seconds, 452.8 MB
[runlim] sample:		200.0 seconds, 425.4 MB
[runlim] sample:		210.0 seconds, 452.9 MB
[runlim] sample:		220.0 seconds, 456.9 MB
[runlim] sample:		230.0 seconds, 438.3 MB
[runlim] sample:		240.0 seconds, 434.9 MB
[runlim] sample:		250.0 seconds, 434.8 MB
[runlim] sample:		260.0 seconds, 418.1 MB
[runlim] sample:		270.0 seconds, 429.5 MB
[runlim] sample:		280.0 seconds, 436.0 MB
[runlim] sample:		290.0 seconds, 430.2 MB
[runlim] sample:		300.0 seconds, 437.8 MB
[runlim] sample:		310.0 seconds, 423.5 MB
[runlim] sample:		320.0 seconds, 430.2 MB
[runlim] sample:		330.0 seconds, 422.6 MB
[runlim] sample:		340.0 seconds, 409.1 MB
[runlim] sample:		350.0 seconds, 420.6 MB
[runlim] sample:		360.0 seconds, 430.2 MB
[runlim] sample:		370.0 seconds, 448.9 MB
[runlim] sample:		380.0 seconds, 453.0 MB
[runlim] sample:		390.0 seconds, 443.6 MB
[runlim] sample:		400.0 seconds, 466.3 MB
[runlim] sample:		410.0 seconds, 468.5 MB
[runlim] sample:		420.0 seconds, 451.5 MB
[runlim] sample:		431.4 seconds, 427.6 MB
[runlim] sample:		443.1 seconds, 489.6 MB
[runlim] sample:		453.1 seconds, 511.9 MB
[runlim] sample:		464.8 seconds, 480.2 MB
[runlim] sample:		475.1 seconds, 442.2 MB
[runlim] sample:		485.1 seconds, 460.9 MB
[runlim] sample:		495.1 seconds, 450.6 MB
[runlim] sample:		505.1 seconds, 469.1 MB
[runlim] sample:		515.1 seconds, 488.4 MB
[runlim] sample:		525.1 seconds, 468.7 MB
[runlim] sample:		535.1 seconds, 447.1 MB
[runlim] sample:		545.1 seconds, 464.9 MB
[runlim] sample:		555.1 seconds, 464.8 MB
[runlim] sample:		565.1 seconds, 468.9 MB
[runlim] sample:		575.1 seconds, 464.6 MB
[runlim] sample:		585.1 seconds, 445.9 MB
[runlim] sample:		595.1 seconds, 450.6 MB
[runlim] sample:		605.1 seconds, 446.1 MB
[runlim] sample:		615.1 seconds, 467.8 MB
[runlim] sample:		625.1 seconds, 468.4 MB
[runlim] sample:		635.1 seconds, 470.2 MB
[runlim] sample:		645.1 seconds, 483.9 MB
[runlim] sample:		655.1 seconds, 463.1 MB
[runlim] sample:		665.1 seconds, 460.6 MB
[runlim] sample:		675.1 seconds, 460.4 MB
[runlim] sample:		685.1 seconds, 449.1 MB
[runlim] sample:		695.1 seconds, 443.2 MB
[runlim] sample:		705.1 seconds, 454.9 MB
[runlim] sample:		715.1 seconds, 449.3 MB
[runlim] sample:		725.1 seconds, 450.5 MB
[runlim] sample:		735.1 seconds, 460.6 MB
[runlim] sample:		745.1 seconds, 447.1 MB
[runlim] sample:		755.1 seconds, 459.9 MB
[runlim] sample:		765.1 seconds, 453.6 MB
[runlim] sample:		775.1 seconds, 436.8 MB
[runlim] sample:		785.1 seconds, 435.8 MB
[runlim] sample:		795.1 seconds, 450.1 MB
[runlim] sample:		805.1 seconds, 454.4 MB
[runlim] sample:		815.1 seconds, 446.9 MB
[runlim] sample:		825.1 seconds, 480.0 MB
[runlim] sample:		835.1 seconds, 477.0 MB
[runlim] sample:		845.1 seconds, 465.5 MB
[runlim] sample:		855.1 seconds, 457.8 MB
[runlim] sample:		865.1 seconds, 470.6 MB
[runlim] sample:		875.1 seconds, 455.3 MB
[runlim] sample:		885.1 seconds, 456.2 MB
[runlim] sample:		895.1 seconds, 468.4 MB
[runlim] sample:		905.1 seconds, 456.6 MB
[runlim] sample:		915.1 seconds, 446.0 MB
[runlim] sample:		925.1 seconds, 460.9 MB
[runlim] sample:		935.1 seconds, 454.6 MB
[runlim] sample:		945.1 seconds, 445.8 MB
[runlim] sample:		955.1 seconds, 445.3 MB
[runlim] sample:		965.1 seconds, 448.1 MB
[runlim] sample:		975.1 seconds, 454.6 MB
[runlim] sample:		985.1 seconds, 468.4 MB
[runlim] sample:		995.1 seconds, 461.6 MB
[runlim] sample:		1005.1 seconds, 479.1 MB
[runlim] sample:		1015.1 seconds, 474.1 MB
[runlim] sample:		1025.1 seconds, 463.1 MB
[runlim] sample:		1035.1 seconds, 472.3 MB
[runlim] sample:		1045.1 seconds, 474.6 MB
[runlim] sample:		1055.1 seconds, 479.3 MB
[runlim] sample:		1065.1 seconds, 484.2 MB
[runlim] sample:		1075.1 seconds, 471.1 MB
[runlim] sample:		1085.1 seconds, 471.1 MB
[runlim] sample:		1095.1 seconds, 479.3 MB
[runlim] sample:		1105.1 seconds, 473.8 MB
[runlim] sample:		1115.1 seconds, 455.3 MB
[runlim] sample:		1125.1 seconds, 469.8 MB
[runlim] sample:		1135.1 seconds, 467.8 MB
[runlim] sample:		1145.1 seconds, 477.1 MB
[runlim] sample:		1155.1 seconds, 488.9 MB
[runlim] sample:		1165.1 seconds, 474.1 MB
[runlim] sample:		1175.1 seconds, 458.1 MB
[runlim] sample:		1185.1 seconds, 457.1 MB
[runlim] sample:		1195.1 seconds, 453.6 MB
[runlim] sample:		1205.1 seconds, 460.3 MB
[runlim] sample:		1215.1 seconds, 456.6 MB
[runlim] sample:		1225.1 seconds, 454.1 MB
[runlim] sample:		1235.1 seconds, 463.1 MB
[runlim] sample:		1245.1 seconds, 459.1 MB
[runlim] sample:		1255.1 seconds, 464.9 MB
[runlim] sample:		1265.1 seconds, 465.3 MB
[runlim] sample:		1275.1 seconds, 458.4 MB
[runlim] sample:		1285.1 seconds, 452.3 MB
[runlim] sample:		1295.1 seconds, 454.8 MB
[runlim] sample:		1305.1 seconds, 449.8 MB
[runlim] sample:		1315.1 seconds, 455.8 MB
[runlim] sample:		1325.1 seconds, 459.6 MB
[runlim] sample:		1335.1 seconds, 455.3 MB
[runlim] sample:		1345.1 seconds, 455.6 MB
[runlim] sample:		1355.1 seconds, 451.6 MB
[runlim] sample:		1365.1 seconds, 450.8 MB
[runlim] sample:		1375.1 seconds, 455.3 MB
[runlim] sample:		1385.1 seconds, 460.9 MB
[runlim] sample:		1395.1 seconds, 465.5 MB
[runlim] sample:		1405.1 seconds, 474.8 MB
[runlim] sample:		1415.1 seconds, 469.8 MB
[runlim] sample:		1425.1 seconds, 472.6 MB
[runlim] sample:		1435.1 seconds, 469.9 MB
[runlim] sample:		1445.1 seconds, 460.6 MB
[runlim] sample:		1455.1 seconds, 454.8 MB
[runlim] sample:		1465.1 seconds, 474.7 MB
[runlim] sample:		1475.1 seconds, 468.3 MB
[runlim] sample:		1485.1 seconds, 455.5 MB
[runlim] sample:		1495.1 seconds, 453.8 MB
[runlim] sample:		1505.1 seconds, 450.8 MB
[runlim] sample:		1515.1 seconds, 464.6 MB
[runlim] sample:		1525.1 seconds, 465.5 MB
[runlim] sample:		1535.1 seconds, 465.3 MB
[runlim] sample:		1545.1 seconds, 459.6 MB
[runlim] sample:		1555.1 seconds, 450.8 MB
[runlim] sample:		1565.1 seconds, 469.7 MB
[runlim] sample:		1575.1 seconds, 469.7 MB
[runlim] sample:		1585.1 seconds, 458.6 MB
[runlim] sample:		1595.1 seconds, 460.9 MB
[runlim] sample:		1605.1 seconds, 465.5 MB
[runlim] sample:		1615.1 seconds, 474.9 MB
[runlim] sample:		1625.1 seconds, 474.6 MB
[runlim] sample:		1635.1 seconds, 464.3 MB
[runlim] sample:		1645.1 seconds, 473.8 MB
[runlim] sample:		1655.1 seconds, 469.9 MB
[runlim] sample:		1665.1 seconds, 462.6 MB
[runlim] sample:		1675.1 seconds, 463.1 MB
[runlim] sample:		1685.1 seconds, 467.0 MB
[runlim] sample:		1695.1 seconds, 474.8 MB
[runlim] sample:		1705.1 seconds, 473.1 MB
[runlim] sample:		1715.1 seconds, 469.7 MB
[runlim] sample:		1725.1 seconds, 463.9 MB
[runlim] sample:		1735.1 seconds, 468.8 MB
[runlim] sample:		1745.1 seconds, 474.8 MB
[runlim] sample:		1755.1 seconds, 468.1 MB
[runlim] sample:		1765.1 seconds, 462.6 MB
[runlim] sample:		1775.1 seconds, 462.1 MB
[runlim] sample:		1785.1 seconds, 461.6 MB
[runlim] sample:		1795.1 seconds, 461.3 MB
[runlim] sample:		1805.1 seconds, 460.8 MB
[runlim] sample:		1815.1 seconds, 460.8 MB
[runlim] sample:		1825.1 seconds, 463.6 MB
[runlim] sample:		1835.1 seconds, 459.3 MB
[runlim] sample:		1845.1 seconds, 469.7 MB
[runlim] sample:		1855.1 seconds, 465.1 MB
[runlim] sample:		1865.1 seconds, 461.1 MB
[runlim] sample:		1875.1 seconds, 469.3 MB
[runlim] sample:		1885.1 seconds, 469.3 MB
[runlim] sample:		1895.1 seconds, 465.6 MB
[runlim] sample:		1905.1 seconds, 469.8 MB
[runlim] sample:		1915.1 seconds, 462.8 MB
[runlim] sample:		1925.1 seconds, 459.1 MB
[runlim] sample:		1935.1 seconds, 460.1 MB
[runlim] sample:		1945.1 seconds, 463.8 MB
[runlim] sample:		1955.1 seconds, 460.1 MB
[runlim] sample:		1965.1 seconds, 470.1 MB
[runlim] sample:		1975.1 seconds, 473.1 MB
[runlim] sample:		1985.1 seconds, 458.3 MB
[runlim] sample:		1995.1 seconds, 458.1 MB
[runlim] sample:		2005.1 seconds, 469.7 MB
[runlim] sample:		2015.1 seconds, 474.8 MB
[runlim] sample:		2025.1 seconds, 469.9 MB
[runlim] sample:		2035.1 seconds, 460.8 MB
[runlim] sample:		2045.1 seconds, 460.1 MB
[runlim] sample:		2055.1 seconds, 460.1 MB
[runlim] sample:		2065.1 seconds, 464.6 MB
[runlim] sample:		2075.1 seconds, 460.9 MB
[runlim] sample:		2085.1 seconds, 460.1 MB
[runlim] sample:		2095.1 seconds, 460.1 MB
[runlim] sample:		2105.1 seconds, 474.2 MB
[runlim] sample:		2115.1 seconds, 469.8 MB
[runlim] sample:		2125.1 seconds, 462.8 MB
[runlim] sample:		2135.1 seconds, 465.1 MB
[runlim] sample:		2145.1 seconds, 461.1 MB
[runlim] sample:		2155.1 seconds, 460.3 MB
[runlim] sample:		2165.1 seconds, 460.1 MB
[runlim] sample:		2175.1 seconds, 459.6 MB
[runlim] sample:		2185.1 seconds, 489.0 MB
[runlim] sample:		2195.1 seconds, 480.1 MB
[runlim] sample:		2205.1 seconds, 474.2 MB
[runlim] sample:		2215.1 seconds, 474.5 MB
[runlim] sample:		2225.1 seconds, 483.9 MB
[runlim] sample:		2235.1 seconds, 471.8 MB
[runlim] sample:		2245.1 seconds, 462.6 MB
[runlim] sample:		2255.1 seconds, 464.9 MB
[runlim] sample:		2265.1 seconds, 485.7 MB
[runlim] sample:		2275.1 seconds, 481.1 MB
[runlim] sample:		2285.1 seconds, 462.3 MB
[runlim] sample:		2295.1 seconds, 464.9 MB
[runlim] sample:		2305.1 seconds, 471.7 MB
[runlim] sample:		2315.1 seconds, 483.9 MB
[runlim] sample:		2325.1 seconds, 476.6 MB
[runlim] sample:		2335.1 seconds, 469.7 MB
[runlim] sample:		2345.1 seconds, 469.3 MB
[runlim] sample:		2355.1 seconds, 476.3 MB
[runlim] sample:		2365.1 seconds, 479.3 MB
[runlim] sample:		2375.1 seconds, 479.0 MB
[runlim] sample:		2385.1 seconds, 472.3 MB
[runlim] sample:		2395.1 seconds, 467.6 MB
[runlim] sample:		2405.1 seconds, 474.6 MB
[runlim] sample:		2415.1 seconds, 470.3 MB
[runlim] sample:		2425.1 seconds, 474.2 MB
[runlim] sample:		2435.1 seconds, 483.9 MB
[runlim] sample:		2445.1 seconds, 478.1 MB
[runlim] sample:		2455.1 seconds, 468.6 MB
[runlim] sample:		2465.1 seconds, 467.1 MB
[runlim] sample:		2475.1 seconds, 466.1 MB
[runlim] sample:		2485.1 seconds, 466.1 MB
[runlim] sample:		2495.1 seconds, 465.6 MB
[runlim] sample:		2505.1 seconds, 464.6 MB
[runlim] sample:		2515.1 seconds, 464.6 MB
[runlim] sample:		2525.1 seconds, 463.8 MB
[runlim] sample:		2535.1 seconds, 463.8 MB
[runlim] sample:		2545.1 seconds, 463.8 MB
[runlim] sample:		2555.1 seconds, 469.8 MB
[runlim] sample:		2565.1 seconds, 469.1 MB
[runlim] sample:		2575.1 seconds, 465.3 MB
[runlim] sample:		2585.1 seconds, 479.3 MB
[runlim] sample:		2595.1 seconds, 474.6 MB
[runlim] sample:		2605.0 seconds, 469.3 MB
[runlim] sample:		2615.0 seconds, 465.6 MB
[runlim] sample:		2625.0 seconds, 465.3 MB
[runlim] sample:		2635.0 seconds, 465.3 MB
[runlim] sample:		2645.1 seconds, 474.6 MB
[runlim] sample:		2655.1 seconds, 470.6 MB
[runlim] sample:		2665.0 seconds, 465.3 MB
[runlim] sample:		2675.0 seconds, 465.1 MB
[runlim] sample:		2685.0 seconds, 465.1 MB
[runlim] sample:		2695.0 seconds, 464.8 MB
[runlim] sample:		2705.0 seconds, 474.4 MB
[runlim] sample:		2715.0 seconds, 474.4 MB
[runlim] sample:		2725.1 seconds, 483.7 MB
[runlim] sample:		2735.1 seconds, 479.5 MB
[runlim] sample:		2745.1 seconds, 485.4 MB
[runlim] sample:		2755.0 seconds, 483.1 MB
[runlim] sample:		2765.1 seconds, 466.1 MB
[runlim] sample:		2775.1 seconds, 469.7 MB
[runlim] sample:		2785.0 seconds, 471.2 MB
[runlim] sample:		2795.0 seconds, 466.3 MB
[runlim] sample:		2805.0 seconds, 465.8 MB
[runlim] sample:		2815.0 seconds, 469.7 MB
[runlim] sample:		2825.0 seconds, 465.6 MB
[runlim] sample:		2835.0 seconds, 464.8 MB
[runlim] sample:		2845.0 seconds, 464.8 MB
[runlim] sample:		2855.0 seconds, 465.2 MB
[runlim] sample:		2865.0 seconds, 464.3 MB
[runlim] sample:		2875.0 seconds, 469.7 MB
[runlim] sample:		2885.0 seconds, 465.5 MB
[runlim] sample:		2895.0 seconds, 464.1 MB
[runlim] sample:		2905.0 seconds, 469.8 MB
[runlim] sample:		2915.0 seconds, 469.8 MB
[runlim] sample:		2925.0 seconds, 479.5 MB
[runlim] sample:		2935.0 seconds, 473.3 MB
[runlim] sample:		2945.0 seconds, 465.3 MB
[runlim] sample:		2955.0 seconds, 464.8 MB
[runlim] sample:		2965.0 seconds, 474.6 MB
[runlim] sample:		2975.0 seconds, 470.6 MB
[runlim] sample:		2985.0 seconds, 464.8 MB
[runlim] sample:		2995.0 seconds, 464.8 MB
[runlim] sample:		3005.0 seconds, 474.6 MB
[runlim] sample:		3015.0 seconds, 470.3 MB
[runlim] sample:		3025.0 seconds, 479.2 MB
[runlim] sample:		3035.0 seconds, 473.3 MB
[runlim] sample:		3045.0 seconds, 465.6 MB
[runlim] sample:		3055.0 seconds, 465.3 MB
[runlim] sample:		3065.0 seconds, 465.1 MB
[runlim] sample:		3075.0 seconds, 464.8 MB
[runlim] sample:		3085.0 seconds, 464.6 MB
[runlim] sample:		3095.0 seconds, 464.3 MB
[runlim] sample:		3105.0 seconds, 479.1 MB
[runlim] sample:		3115.0 seconds, 479.3 MB
[runlim] sample:		3125.0 seconds, 478.5 MB
[runlim] sample:		3135.0 seconds, 474.3 MB
[runlim] sample:		3145.0 seconds, 466.3 MB
[runlim] sample:		3155.0 seconds, 465.8 MB
[runlim] sample:		3165.0 seconds, 465.6 MB
[runlim] sample:		3175.0 seconds, 489.0 MB
[runlim] sample:		3185.0 seconds, 483.8 MB
[runlim] sample:		3195.0 seconds, 469.6 MB
[runlim] sample:		3205.0 seconds, 469.6 MB
[runlim] sample:		3215.0 seconds, 473.3 MB
[runlim] sample:		3225.0 seconds, 468.8 MB
[runlim] sample:		3235.0 seconds, 468.6 MB
[runlim] sample:		3245.0 seconds, 479.4 MB
[runlim] sample:		3255.0 seconds, 475.6 MB
[runlim] sample:		3265.0 seconds, 478.4 MB
[runlim] sample:		3275.0 seconds, 474.6 MB
[runlim] sample:		3285.0 seconds, 475.3 MB
[runlim] sample:		3295.0 seconds, 474.8 MB
[runlim] sample:		3305.0 seconds, 471.1 MB
[runlim] sample:		3315.0 seconds, 469.8 MB
[runlim] sample:		3325.0 seconds, 469.6 MB
[runlim] sample:		3335.0 seconds, 468.9 MB
[runlim] sample:		3345.0 seconds, 468.8 MB
[runlim] sample:		3355.0 seconds, 468.8 MB
[runlim] sample:		3365.0 seconds, 468.6 MB
[runlim] sample:		3375.0 seconds, 468.6 MB
[runlim] sample:		3385.0 seconds, 484.1 MB
[runlim] sample:		3395.0 seconds, 488.9 MB
[runlim] sample:		3405.0 seconds, 483.9 MB
[runlim] sample:		3415.0 seconds, 479.6 MB
[runlim] sample:		3425.0 seconds, 473.3 MB
[runlim] sample:		3435.0 seconds, 469.3 MB
[runlim] sample:		3445.0 seconds, 469.3 MB
[runlim] sample:		3455.0 seconds, 469.6 MB
[runlim] sample:		3465.0 seconds, 468.8 MB
[runlim] sample:		3475.0 seconds, 468.6 MB
[runlim] sample:		3485.0 seconds, 468.3 MB
[runlim] sample:		3495.0 seconds, 468.3 MB
[runlim] sample:		3505.0 seconds, 468.3 MB
[runlim] sample:		3515.0 seconds, 474.5 MB
[runlim] sample:		3525.0 seconds, 479.0 MB
[runlim] sample:		3535.0 seconds, 474.3 MB
[runlim] sample:		3545.0 seconds, 474.5 MB
[runlim] sample:		3555.0 seconds, 474.5 MB
[runlim] sample:		3565.0 seconds, 468.8 MB
[runlim] sample:		3575.0 seconds, 468.1 MB
[runlim] sample:		3585.0 seconds, 468.1 MB
[runlim] sample:		3595.0 seconds, 469.6 MB
[runlim] end:			Fri Oct  4 02:23:50 2019
[runlim] status:		out of time
[runlim] result:		1
[runlim] children:		0
[runlim] real:			3600.06 seconds
[runlim] time:			3604.93 seconds
[runlim] space:			694.1 MB
[runlim] samples:		35999
