# instance ../../../instances/fattree-bcube/BCube_n12_k2_bw10_cpu16.pn
# Settings: PN=../../../instances/fattree-bcube/BCube_n12_k2_bw10_cpu16.pn, VN=../../../instances/fattree-bcube/instance_list_15vm_rnd.txt, multi-thread=True
init 0.083143 0.083143
1 19.065919 19.149062
2 17.49773 36.646933
3 17.473619 54.120701
4 17.464212 71.585051
5 15.667668 87.252857
6 18.41548 105.668482
7 19.996225 125.66485
8 18.788816 144.453812
9 14.614437 159.068396
10 15.763708 174.832247
11 17.409446 192.241828
12 19.821193 212.063162
13 18.922218 230.985517
14 18.791572 249.777228
15 18.744278 268.521643
16 18.853273 287.375053
17 18.517109 305.8923
18 16.628632 322.521076
19 17.491806 340.013018
20 20.286642 360.299798
21 20.746897 381.046825
22 18.186801 399.233757
23 22.816562 422.050455
24 19.14626 441.196847
25 20.765608 461.962586
26 21.934993 483.897714
27 20.935579 504.833427
28 22.867937 527.701496
29 18.258348 545.959985
30 18.890415 564.850541
31 22.909113 587.759783
32 17.510327 605.270249
33 16.56868 621.839075
34 17.060782 638.899995
35 16.631168 655.531312
36 20.146968 675.678424
37 17.424818 693.103392
38 17.418102 710.521634
39 15.221635 725.743402
40 18.090254 743.833801
41 19.549887 763.383829
42 18.553672 781.93766
43 16.257939 798.195739
44 16.496418 814.692299
45 15.537164 830.229602
46 15.882237 846.111975
47 16.988795 863.100915
48 16.848511 879.949575
49 16.830677 896.78039
50 15.317341 912.097874
51 16.64094 928.738952
52 15.605585 944.344679
53 16.556192 960.901009
54 20.403127 981.304272
55 18.323235 999.627649
56 16.236253 1015.864045
57 17.074362 1032.938552
58 19.503721 1052.44241
59 17.079028 1069.521577
60 18.129071 1087.650794
61 16.486078 1104.13702
62 18.001569 1122.138727
63 16.847321 1138.986191
64 18.448302 1157.434637
65 18.427578 1175.862363
66 15.560155 1191.422661
67 16.026451 1207.449256
68 18.134604 1225.584003
69 16.926973 1242.511121
70 16.205719 1258.716979
71 16.188488 1274.90561
72 19.290795 1294.196542
73 16.64643 1310.843112
74 18.007918 1328.851173
75 17.001209 1345.852528
76 16.183899 1362.036571
77 16.806197 1378.842906
78 20.40671 1399.249765
79 18.46067 1417.710581
80 19.796595 1437.507322
81 16.990268 1454.497735
82 18.349298 1472.847181
83 16.826689 1489.674008
84 18.187409 1507.861562
85 20.323799 1528.185506
86 20.027284 1548.212936
87 19.925396 1568.138474
88 20.595084 1588.733705
89 20.082598 1608.816449
90 16.272681 1625.089281
91 19.645647 1644.735079
92 17.287969 1662.023196
93 15.367023 1677.390366
94 20.216998 1697.607509
95 16.598728 1714.206385
96 16.854182 1731.060707
97 15.374279 1746.435127
98 15.489376 1761.924643
99 15.405382 1777.330168
100 17.825426 1795.155742
101 17.169277 1812.325168
102 19.6853 1832.010606
103 20.646304 1852.657053
104 17.108588 1869.76578
105 18.320653 1888.086578
106 18.476672 1906.563394
107 16.787225 1923.350767
108 15.668612 1939.01952
109 17.890513 1956.91018
110 16.510866 1973.421191
111 18.013298 1991.434628
112 16.976378 2008.411148
113 16.959544 2025.370838
114 16.999092 2042.370079
115 15.51641 2057.886627
116 16.163315 2074.050085
117 16.937891 2090.988117
118 15.310809 2106.299065
119 17.003681 2123.302894
120 15.39605 2138.699083
121 18.257175 2156.956405
122 18.436022 2175.392574
123 20.327224 2195.719941
124 15.980678 2211.700795
125 16.772259 2228.473192
126 16.22844 2244.701775
127 18.11857 2262.820487
128 20.417865 2283.238498
129 20.733307 2303.971949
130 16.587026 2320.55914
131 16.830758 2337.390042
132 15.611367 2353.001555
133 16.713228 2369.714927
134 20.482688 2390.197763
135 17.279281 2407.477189
136 16.60046 2424.077796
137 16.950507 2441.028441
138 16.296051 2457.324633
139 16.286546 2473.611323
140 19.716284 2493.32775
141 17.07123 2510.399122
142 16.182017 2526.581278
143 18.309717 2544.891146
144 18.191173 2563.082457
145 20.752216 2583.834816
146 17.142197 2600.977154
147 16.860789 2617.838089
148 17.044196 2634.882431
149 16.92018 2651.80275
150 16.832839 2668.635736
151 16.930349 2685.566229
152 20.570314 2706.136688
153 15.871217 2722.00805
154 16.087067 2738.095259
155 19.378902 2757.474306
156 16.752905 2774.227359
157 20.054596 2794.282117
158 16.558154 2810.840414
159 16.858765 2827.699317
160 16.143476 2843.842937
161 16.171835 2860.014912
162 18.356929 2878.37198
163 20.463664 2898.83581
164 16.54016 2915.376142
165 16.182055 2931.558345
166 16.880932 2948.439416
167 19.874514 2968.314077
168 17.088138 2985.402364
169 15.559638 3000.962142
170 16.874524 3017.836806
171 18.213711 3036.05066
172 16.930747 3052.981554
173 16.976549 3069.958239
174 18.541805 3088.500183
175 19.775445 3108.27578
176 16.963917 3125.239843
177 17.008194 3142.248219
178 17.065901 3159.314258
179 16.332918 3175.647321
180 18.028309 3193.675777
181 18.448115 3212.124034
182 18.513973 3230.638144
183 16.405501 3247.043787
184 20.13286 3267.176794
185 16.558825 3283.735766
186 18.204318 3301.940222
187 18.867525 3320.807887
188 18.121014 3338.929068
189 15.652584 3354.581798
190 15.514306 3370.096242
191 18.193297 3388.289676
192 20.427948 3408.717773
193 18.599734 3427.31765
194 16.356812 3443.674606
195 16.851734 3460.526478
196 16.356385 3476.882995
197 16.626208 3493.509351
198 15.840468 3509.349957
199 19.68811 3529.03821
200 18.404578 3547.442937
201 15.7968 3563.239881
202 20.478131 3583.718191
203 15.926309 3599.644648
