[runlim] version:		1.7
[runlim] time limit:		311040000 seconds
[runlim] real time limit:	3600 seconds
[runlim] space limit:		80000 MB
[runlim] argv[0]:		python3.6
[runlim] argv[1]:		./netsolver-gurobi-mod.py
[runlim] argv[2]:		../../../instances/fattree-bcube/BCube_n10_k2_bw10_cpu16.pn
[runlim] argv[3]:		../../../instances/fattree-bcube/instance_list_6vm_rnd.txt
[runlim] argv[4]:		False
[runlim] argv[5]:		True
[runlim] argv[6]:		timelogs/results.BCube_n10_k2_bw10_cpu16.pn.instance_list_6vm_rnd.txt.log
[runlim] start:			Thu Oct  3 19:23:50 2019
[runlim] main pid:		8202
Academic license - for non-commercial use only
[runlim] sample:		10.0 seconds, 129.6 MB
[runlim] sample:		20.0 seconds, 129.4 MB
[runlim] sample:		30.0 seconds, 125.4 MB
[runlim] sample:		40.0 seconds, 125.3 MB
[runlim] sample:		50.0 seconds, 121.1 MB
[runlim] sample:		60.0 seconds, 121.8 MB
[runlim] sample:		70.0 seconds, 132.9 MB
[runlim] sample:		80.0 seconds, 121.8 MB
[runlim] sample:		90.0 seconds, 122.5 MB
[runlim] sample:		100.0 seconds, 130.9 MB
[runlim] sample:		110.0 seconds, 131.6 MB
[runlim] sample:		120.0 seconds, 136.6 MB
[runlim] sample:		130.0 seconds, 133.8 MB
[runlim] sample:		140.0 seconds, 126.0 MB
[runlim] sample:		150.0 seconds, 125.3 MB
[runlim] sample:		160.0 seconds, 126.3 MB
[runlim] sample:		170.0 seconds, 125.3 MB
[runlim] sample:		180.0 seconds, 126.1 MB
[runlim] sample:		190.0 seconds, 126.3 MB
[runlim] sample:		200.0 seconds, 133.1 MB
[runlim] sample:		210.0 seconds, 126.2 MB
[runlim] sample:		220.0 seconds, 132.2 MB
[runlim] sample:		230.0 seconds, 125.6 MB
[runlim] sample:		240.0 seconds, 125.8 MB
[runlim] sample:		250.0 seconds, 131.5 MB
[runlim] sample:		260.0 seconds, 132.8 MB
[runlim] sample:		270.0 seconds, 127.0 MB
[runlim] sample:		280.0 seconds, 127.0 MB
[runlim] sample:		290.0 seconds, 127.3 MB
[runlim] sample:		300.4 seconds, 146.0 MB
[runlim] sample:		310.7 seconds, 137.7 MB
[runlim] sample:		321.7 seconds, 152.9 MB
[runlim] sample:		332.8 seconds, 137.5 MB
[runlim] sample:		343.2 seconds, 152.9 MB
[runlim] sample:		354.3 seconds, 139.0 MB
[runlim] sample:		365.6 seconds, 140.2 MB
[runlim] sample:		376.4 seconds, 140.8 MB
[runlim] sample:		387.6 seconds, 160.8 MB
[runlim] sample:		398.6 seconds, 187.6 MB
[runlim] sample:		409.8 seconds, 181.9 MB
[runlim] sample:		420.9 seconds, 139.1 MB
[runlim] sample:		431.7 seconds, 154.5 MB
[runlim] sample:		443.0 seconds, 142.0 MB
[runlim] sample:		453.8 seconds, 142.4 MB
[runlim] sample:		464.6 seconds, 153.4 MB
[runlim] sample:		475.9 seconds, 143.4 MB
[runlim] sample:		486.2 seconds, 151.0 MB
[runlim] sample:		497.1 seconds, 137.7 MB
[runlim] sample:		508.3 seconds, 196.0 MB
[runlim] sample:		519.2 seconds, 140.0 MB
[runlim] sample:		530.0 seconds, 139.7 MB
[runlim] sample:		541.2 seconds, 143.0 MB
[runlim] sample:		552.5 seconds, 139.4 MB
[runlim] sample:		563.8 seconds, 143.9 MB
[runlim] sample:		575.0 seconds, 139.7 MB
[runlim] sample:		585.8 seconds, 200.8 MB
[runlim] sample:		596.7 seconds, 141.4 MB
[runlim] sample:		607.9 seconds, 142.9 MB
[runlim] sample:		618.8 seconds, 139.8 MB
[runlim] sample:		629.8 seconds, 150.4 MB
[runlim] sample:		641.0 seconds, 166.2 MB
[runlim] sample:		651.8 seconds, 154.1 MB
[runlim] sample:		663.0 seconds, 144.4 MB
[runlim] sample:		673.6 seconds, 153.1 MB
[runlim] sample:		684.5 seconds, 141.4 MB
[runlim] sample:		695.2 seconds, 154.1 MB
[runlim] sample:		706.4 seconds, 154.3 MB
[runlim] sample:		717.5 seconds, 140.9 MB
[runlim] sample:		728.7 seconds, 151.8 MB
[runlim] sample:		739.6 seconds, 153.9 MB
[runlim] sample:		750.4 seconds, 154.4 MB
[runlim] sample:		761.5 seconds, 165.2 MB
[runlim] sample:		772.2 seconds, 144.8 MB
[runlim] sample:		783.3 seconds, 153.3 MB
[runlim] sample:		794.5 seconds, 166.1 MB
[runlim] sample:		805.4 seconds, 156.0 MB
[runlim] sample:		816.5 seconds, 153.5 MB
[runlim] sample:		827.1 seconds, 156.9 MB
[runlim] sample:		837.9 seconds, 143.2 MB
[runlim] sample:		848.7 seconds, 164.9 MB
[runlim] sample:		859.5 seconds, 143.8 MB
[runlim] sample:		870.8 seconds, 142.2 MB
[runlim] sample:		881.7 seconds, 169.1 MB
[runlim] sample:		892.6 seconds, 160.4 MB
[runlim] sample:		903.8 seconds, 145.4 MB
[runlim] sample:		914.6 seconds, 142.5 MB
[runlim] sample:		925.4 seconds, 143.1 MB
[runlim] sample:		935.9 seconds, 180.1 MB
[runlim] sample:		946.5 seconds, 180.8 MB
[runlim] sample:		957.7 seconds, 157.3 MB
[runlim] sample:		969.0 seconds, 156.7 MB
[runlim] sample:		980.0 seconds, 151.3 MB
[runlim] sample:		991.2 seconds, 160.1 MB
[runlim] sample:		1001.9 seconds, 154.6 MB
[runlim] sample:		1013.1 seconds, 161.0 MB
[runlim] sample:		1023.8 seconds, 165.4 MB
[runlim] sample:		1035.0 seconds, 142.4 MB
[runlim] sample:		1046.3 seconds, 166.0 MB
[runlim] sample:		1057.2 seconds, 146.0 MB
[runlim] sample:		1068.1 seconds, 162.5 MB
[runlim] sample:		1079.0 seconds, 194.2 MB
[runlim] sample:		1090.2 seconds, 153.1 MB
[runlim] sample:		1101.3 seconds, 145.0 MB
[runlim] sample:		1112.3 seconds, 168.9 MB
[runlim] sample:		1123.2 seconds, 143.3 MB
[runlim] sample:		1134.4 seconds, 154.3 MB
[runlim] sample:		1145.5 seconds, 154.2 MB
[runlim] sample:		1156.2 seconds, 144.4 MB
[runlim] sample:		1166.8 seconds, 146.6 MB
[runlim] sample:		1177.9 seconds, 152.7 MB
[runlim] sample:		1189.3 seconds, 162.6 MB
[runlim] sample:		1200.0 seconds, 144.2 MB
[runlim] sample:		1211.1 seconds, 166.4 MB
[runlim] sample:		1222.5 seconds, 139.7 MB
[runlim] sample:		1233.2 seconds, 142.9 MB
[runlim] sample:		1244.1 seconds, 153.3 MB
[runlim] sample:		1255.2 seconds, 156.3 MB
[runlim] sample:		1266.3 seconds, 153.5 MB
[runlim] sample:		1276.8 seconds, 146.6 MB
[runlim] sample:		1288.0 seconds, 156.7 MB
[runlim] sample:		1298.9 seconds, 139.3 MB
[runlim] sample:		1310.1 seconds, 166.0 MB
[runlim] sample:		1320.7 seconds, 152.1 MB
[runlim] sample:		1331.7 seconds, 143.7 MB
[runlim] sample:		1342.9 seconds, 144.5 MB
[runlim] sample:		1354.2 seconds, 159.4 MB
[runlim] sample:		1365.5 seconds, 166.4 MB
[runlim] sample:		1376.4 seconds, 158.4 MB
[runlim] sample:		1386.8 seconds, 143.0 MB
[runlim] sample:		1398.0 seconds, 152.8 MB
[runlim] sample:		1408.8 seconds, 144.4 MB
[runlim] sample:		1420.0 seconds, 152.8 MB
[runlim] sample:		1430.9 seconds, 178.8 MB
[runlim] sample:		1441.5 seconds, 168.5 MB
[runlim] sample:		1452.5 seconds, 153.9 MB
[runlim] sample:		1463.0 seconds, 168.9 MB
[runlim] sample:		1473.9 seconds, 144.4 MB
[runlim] sample:		1484.7 seconds, 140.9 MB
[runlim] sample:		1495.2 seconds, 143.2 MB
[runlim] sample:		1506.3 seconds, 153.6 MB
[runlim] sample:		1517.6 seconds, 157.7 MB
[runlim] sample:		1528.4 seconds, 163.9 MB
[runlim] sample:		1538.7 seconds, 144.0 MB
[runlim] sample:		1549.7 seconds, 167.4 MB
[runlim] sample:		1560.8 seconds, 193.9 MB
[runlim] sample:		1571.6 seconds, 153.9 MB
[runlim] sample:		1582.4 seconds, 143.7 MB
[runlim] sample:		1592.9 seconds, 144.9 MB
[runlim] sample:		1603.7 seconds, 154.2 MB
[runlim] sample:		1614.8 seconds, 148.5 MB
[runlim] sample:		1625.8 seconds, 175.4 MB
[runlim] sample:		1636.8 seconds, 146.9 MB
[runlim] sample:		1647.3 seconds, 139.1 MB
[runlim] sample:		1657.8 seconds, 134.7 MB
[runlim] sample:		1668.6 seconds, 144.5 MB
[runlim] sample:		1679.3 seconds, 155.5 MB
[runlim] sample:		1690.5 seconds, 148.0 MB
[runlim] sample:		1701.6 seconds, 143.9 MB
[runlim] sample:		1712.6 seconds, 146.1 MB
[runlim] sample:		1723.5 seconds, 143.4 MB
[runlim] sample:		1734.7 seconds, 164.4 MB
[runlim] sample:		1745.5 seconds, 160.1 MB
[runlim] sample:		1756.8 seconds, 166.7 MB
[runlim] sample:		1768.0 seconds, 145.2 MB
[runlim] sample:		1779.2 seconds, 156.0 MB
[runlim] sample:		1790.3 seconds, 157.6 MB
[runlim] sample:		1801.1 seconds, 145.0 MB
[runlim] sample:		1811.8 seconds, 143.8 MB
[runlim] sample:		1822.7 seconds, 168.5 MB
[runlim] sample:		1833.8 seconds, 170.2 MB
[runlim] sample:		1844.8 seconds, 158.8 MB
[runlim] sample:		1856.0 seconds, 153.8 MB
[runlim] sample:		1867.0 seconds, 147.1 MB
[runlim] sample:		1878.0 seconds, 168.5 MB
[runlim] sample:		1889.2 seconds, 169.2 MB
[runlim] sample:		1900.1 seconds, 168.2 MB
[runlim] sample:		1910.8 seconds, 143.2 MB
[runlim] sample:		1921.4 seconds, 155.6 MB
[runlim] sample:		1932.2 seconds, 146.6 MB
[runlim] sample:		1943.1 seconds, 166.7 MB
[runlim] sample:		1953.7 seconds, 152.8 MB
[runlim] sample:		1964.4 seconds, 153.2 MB
[runlim] sample:		1975.2 seconds, 143.8 MB
[runlim] sample:		1986.1 seconds, 145.3 MB
[runlim] sample:		1996.8 seconds, 164.1 MB
[runlim] sample:		2007.6 seconds, 153.9 MB
[runlim] sample:		2018.8 seconds, 168.7 MB
[runlim] sample:		2029.8 seconds, 151.6 MB
[runlim] sample:		2040.6 seconds, 143.7 MB
[runlim] sample:		2051.3 seconds, 147.2 MB
[runlim] sample:		2062.0 seconds, 146.0 MB
[runlim] sample:		2072.8 seconds, 144.7 MB
[runlim] sample:		2083.2 seconds, 146.0 MB
[runlim] sample:		2094.4 seconds, 152.4 MB
[runlim] sample:		2104.9 seconds, 164.5 MB
[runlim] sample:		2115.6 seconds, 144.6 MB
[runlim] sample:		2126.9 seconds, 166.0 MB
[runlim] sample:		2137.0 seconds, 133.7 MB
[runlim] sample:		2148.2 seconds, 156.1 MB
[runlim] sample:		2159.0 seconds, 143.9 MB
[runlim] sample:		2170.2 seconds, 144.0 MB
[runlim] sample:		2181.1 seconds, 144.0 MB
[runlim] sample:		2191.7 seconds, 146.4 MB
[runlim] sample:		2202.1 seconds, 146.1 MB
[runlim] sample:		2212.9 seconds, 145.7 MB
[runlim] sample:		2224.6 seconds, 201.1 MB
[runlim] sample:		2235.5 seconds, 164.7 MB
[runlim] sample:		2246.8 seconds, 144.4 MB
[runlim] sample:		2258.3 seconds, 165.5 MB
[runlim] sample:		2269.1 seconds, 142.1 MB
[runlim] sample:		2280.4 seconds, 165.7 MB
[runlim] sample:		2291.6 seconds, 143.4 MB
[runlim] sample:		2302.2 seconds, 182.9 MB
[runlim] sample:		2313.4 seconds, 142.6 MB
[runlim] sample:		2324.6 seconds, 148.9 MB
[runlim] sample:		2335.8 seconds, 156.5 MB
[runlim] sample:		2346.4 seconds, 146.9 MB
[runlim] sample:		2357.6 seconds, 155.8 MB
[runlim] sample:		2368.5 seconds, 145.2 MB
[runlim] sample:		2379.8 seconds, 166.4 MB
[runlim] sample:		2390.6 seconds, 155.5 MB
[runlim] sample:		2402.0 seconds, 149.0 MB
[runlim] sample:		2413.2 seconds, 147.2 MB
[runlim] sample:		2424.2 seconds, 147.5 MB
[runlim] sample:		2435.4 seconds, 159.0 MB
[runlim] sample:		2446.2 seconds, 142.1 MB
[runlim] sample:		2457.2 seconds, 141.5 MB
[runlim] sample:		2468.0 seconds, 156.3 MB
[runlim] sample:		2479.1 seconds, 156.9 MB
[runlim] sample:		2490.3 seconds, 156.6 MB
[runlim] sample:		2501.4 seconds, 158.0 MB
[runlim] sample:		2512.4 seconds, 145.2 MB
[runlim] sample:		2523.6 seconds, 153.4 MB
[runlim] sample:		2534.1 seconds, 147.8 MB
[runlim] sample:		2545.0 seconds, 167.8 MB
[runlim] sample:		2556.3 seconds, 144.2 MB
[runlim] sample:		2567.4 seconds, 143.7 MB
[runlim] sample:		2578.5 seconds, 153.2 MB
[runlim] sample:		2589.3 seconds, 133.7 MB
[runlim] sample:		2600.5 seconds, 153.3 MB
[runlim] sample:		2611.3 seconds, 144.0 MB
[runlim] sample:		2622.3 seconds, 169.6 MB
[runlim] sample:		2633.5 seconds, 158.2 MB
[runlim] sample:		2644.7 seconds, 155.2 MB
[runlim] sample:		2655.1 seconds, 146.0 MB
[runlim] sample:		2666.0 seconds, 143.9 MB
[runlim] sample:		2676.8 seconds, 145.2 MB
[runlim] sample:		2687.7 seconds, 137.9 MB
[runlim] sample:		2698.9 seconds, 165.9 MB
[runlim] sample:		2710.1 seconds, 145.4 MB
[runlim] sample:		2720.9 seconds, 154.1 MB
[runlim] sample:		2732.2 seconds, 144.2 MB
[runlim] sample:		2742.8 seconds, 141.8 MB
[runlim] sample:		2754.0 seconds, 146.2 MB
[runlim] sample:		2765.2 seconds, 155.5 MB
[runlim] sample:		2776.4 seconds, 176.3 MB
[runlim] sample:		2787.7 seconds, 145.0 MB
[runlim] sample:		2798.5 seconds, 141.0 MB
[runlim] sample:		2809.5 seconds, 139.4 MB
[runlim] sample:		2820.6 seconds, 156.1 MB
[runlim] sample:		2831.7 seconds, 145.4 MB
[runlim] sample:		2842.6 seconds, 150.5 MB
[runlim] sample:		2853.7 seconds, 144.3 MB
[runlim] sample:		2864.8 seconds, 146.9 MB
[runlim] sample:		2876.0 seconds, 155.4 MB
[runlim] sample:		2886.8 seconds, 144.5 MB
[runlim] sample:		2897.6 seconds, 164.7 MB
[runlim] sample:		2907.8 seconds, 139.0 MB
[runlim] sample:		2919.0 seconds, 143.9 MB
[runlim] sample:		2929.9 seconds, 152.1 MB
[runlim] sample:		2941.2 seconds, 144.4 MB
[runlim] sample:		2952.3 seconds, 144.2 MB
[runlim] sample:		2963.2 seconds, 145.3 MB
[runlim] sample:		2974.4 seconds, 153.3 MB
[runlim] sample:		2985.6 seconds, 164.4 MB
[runlim] sample:		2995.9 seconds, 146.3 MB
[runlim] sample:		3007.2 seconds, 155.2 MB
[runlim] sample:		3018.5 seconds, 140.0 MB
[runlim] sample:		3029.6 seconds, 186.8 MB
[runlim] sample:		3040.5 seconds, 157.2 MB
[runlim] sample:		3051.1 seconds, 146.0 MB
[runlim] sample:		3061.8 seconds, 157.3 MB
[runlim] sample:		3073.0 seconds, 166.8 MB
[runlim] sample:		3084.1 seconds, 166.8 MB
[runlim] sample:		3094.4 seconds, 153.3 MB
[runlim] sample:		3105.5 seconds, 169.1 MB
[runlim] sample:		3116.6 seconds, 169.5 MB
[runlim] sample:		3127.4 seconds, 147.6 MB
[runlim] sample:		3138.6 seconds, 156.9 MB
[runlim] sample:		3149.3 seconds, 145.9 MB
[runlim] sample:		3160.5 seconds, 159.7 MB
[runlim] sample:		3171.6 seconds, 148.6 MB
[runlim] sample:		3182.7 seconds, 146.0 MB
[runlim] sample:		3193.5 seconds, 156.7 MB
[runlim] sample:		3204.4 seconds, 152.0 MB
[runlim] sample:		3215.7 seconds, 145.4 MB
[runlim] sample:		3226.0 seconds, 146.0 MB
[runlim] sample:		3236.8 seconds, 146.6 MB
[runlim] sample:		3247.6 seconds, 164.4 MB
[runlim] sample:		3258.8 seconds, 166.1 MB
[runlim] sample:		3269.7 seconds, 148.8 MB
[runlim] sample:		3280.9 seconds, 144.7 MB
[runlim] sample:		3291.3 seconds, 129.5 MB
[runlim] sample:		3302.5 seconds, 154.3 MB
[runlim] sample:		3313.3 seconds, 144.4 MB
[runlim] sample:		3324.5 seconds, 146.5 MB
[runlim] sample:		3335.4 seconds, 156.2 MB
[runlim] sample:		3346.5 seconds, 153.2 MB
[runlim] sample:		3357.8 seconds, 158.1 MB
[runlim] sample:		3368.6 seconds, 145.4 MB
[runlim] sample:		3379.4 seconds, 166.2 MB
[runlim] sample:		3390.5 seconds, 154.0 MB
[runlim] sample:		3401.2 seconds, 141.2 MB
[runlim] sample:		3412.1 seconds, 153.0 MB
[runlim] sample:		3423.0 seconds, 151.1 MB
[runlim] sample:		3433.8 seconds, 139.8 MB
[runlim] sample:		3444.7 seconds, 153.2 MB
[runlim] sample:		3455.3 seconds, 136.3 MB
[runlim] sample:		3466.8 seconds, 145.1 MB
[runlim] sample:		3477.3 seconds, 140.9 MB
[runlim] sample:		3488.4 seconds, 143.9 MB
[runlim] sample:		3499.5 seconds, 143.7 MB
[runlim] sample:		3510.7 seconds, 160.3 MB
[runlim] sample:		3521.4 seconds, 153.7 MB
[runlim] sample:		3532.5 seconds, 158.8 MB
[runlim] sample:		3543.7 seconds, 146.5 MB
[runlim] sample:		3554.8 seconds, 147.0 MB
[runlim] sample:		3565.5 seconds, 145.1 MB
[runlim] sample:		3576.9 seconds, 166.5 MB
[runlim] sample:		3588.1 seconds, 144.2 MB
[runlim] sample:		3598.9 seconds, 153.6 MB
[runlim] sample:		3609.7 seconds, 139.4 MB
[runlim] sample:		3620.7 seconds, 173.3 MB
[runlim] sample:		3631.7 seconds, 143.7 MB
[runlim] sample:		3642.6 seconds, 143.9 MB
[runlim] sample:		3653.5 seconds, 148.1 MB
[runlim] sample:		3664.1 seconds, 140.9 MB
[runlim] sample:		3675.2 seconds, 142.2 MB
[runlim] sample:		3686.5 seconds, 142.1 MB
[runlim] sample:		3696.9 seconds, 143.9 MB
[runlim] sample:		3707.9 seconds, 146.3 MB
[runlim] sample:		3718.3 seconds, 143.5 MB
[runlim] sample:		3729.3 seconds, 143.2 MB
[runlim] sample:		3740.5 seconds, 174.6 MB
[runlim] sample:		3751.3 seconds, 152.9 MB
[runlim] sample:		3761.5 seconds, 132.9 MB
[runlim] sample:		3772.3 seconds, 143.0 MB
[runlim] sample:		3782.6 seconds, 142.6 MB
[runlim] sample:		3793.9 seconds, 159.4 MB
[runlim] sample:		3804.7 seconds, 153.2 MB
[runlim] sample:		3815.6 seconds, 143.3 MB
[runlim] sample:		3826.4 seconds, 144.6 MB
[runlim] sample:		3837.2 seconds, 142.6 MB
[runlim] sample:		3848.7 seconds, 143.0 MB
[runlim] sample:		3859.4 seconds, 143.2 MB
[runlim] sample:		3870.8 seconds, 157.2 MB
[runlim] sample:		3881.7 seconds, 142.5 MB
[runlim] sample:		3892.5 seconds, 142.2 MB
[runlim] sample:		3903.3 seconds, 144.3 MB
[runlim] end:			Thu Oct  3 20:23:50 2019
[runlim] status:		out of time
[runlim] result:		1
[runlim] children:		0
[runlim] real:			3600.10 seconds
[runlim] time:			3913.66 seconds
[runlim] space:			216.6 MB
[runlim] samples:		35992
