[runlim] version:		1.7
[runlim] time limit:		311040000 seconds
[runlim] real time limit:	3600 seconds
[runlim] space limit:		80000 MB
[runlim] argv[0]:		python3.6
[runlim] argv[1]:		./netsolver-gurobi-mod.py
[runlim] argv[2]:		../../../instances/fattree-bcube/BCube_n12_k2_bw10_cpu16.pn
[runlim] argv[3]:		../../../instances/fattree-bcube/instance_list_15vm_rnd.txt
[runlim] argv[4]:		False
[runlim] argv[5]:		True
[runlim] argv[6]:		timelogs/results.BCube_n12_k2_bw10_cpu16.pn.instance_list_15vm_rnd.txt.log
[runlim] start:			Fri Oct  4 02:23:50 2019
[runlim] main pid:		11192
Academic license - for non-commercial use only
[runlim] sample:		10.0 seconds, 390.7 MB
[runlim] sample:		20.0 seconds, 621.8 MB
[runlim] sample:		30.0 seconds, 524.7 MB
[runlim] sample:		40.0 seconds, 532.9 MB
[runlim] sample:		50.0 seconds, 553.2 MB
[runlim] sample:		60.0 seconds, 481.1 MB
[runlim] sample:		70.0 seconds, 524.8 MB
[runlim] sample:		80.0 seconds, 547.6 MB
[runlim] sample:		90.0 seconds, 510.3 MB
[runlim] sample:		100.0 seconds, 555.6 MB
[runlim] sample:		110.0 seconds, 600.6 MB
[runlim] sample:		120.0 seconds, 649.0 MB
[runlim] sample:		130.0 seconds, 645.3 MB
[runlim] sample:		140.0 seconds, 681.0 MB
[runlim] sample:		150.0 seconds, 597.5 MB
[runlim] sample:		160.0 seconds, 604.1 MB
[runlim] sample:		170.0 seconds, 575.1 MB
[runlim] sample:		180.0 seconds, 545.7 MB
[runlim] sample:		190.0 seconds, 573.8 MB
[runlim] sample:		200.0 seconds, 614.4 MB
[runlim] sample:		210.0 seconds, 614.4 MB
[runlim] sample:		220.0 seconds, 679.5 MB
[runlim] sample:		230.0 seconds, 679.5 MB
[runlim] sample:		240.0 seconds, 600.4 MB
[runlim] sample:		251.6 seconds, 683.6 MB
[runlim] sample:		261.6 seconds, 671.3 MB
[runlim] sample:		273.1 seconds, 662.1 MB
[runlim] sample:		283.1 seconds, 669.5 MB
[runlim] sample:		294.6 seconds, 623.5 MB
[runlim] sample:		304.6 seconds, 634.6 MB
[runlim] sample:		316.1 seconds, 599.4 MB
[runlim] sample:		326.1 seconds, 622.1 MB
[runlim] sample:		336.1 seconds, 607.1 MB
[runlim] sample:		347.4 seconds, 778.8 MB
[runlim] sample:		357.6 seconds, 629.9 MB
[runlim] sample:		368.5 seconds, 946.2 MB
[runlim] sample:		379.3 seconds, 681.4 MB
[runlim] sample:		389.3 seconds, 681.4 MB
[runlim] sample:		401.0 seconds, 768.4 MB
[runlim] sample:		412.4 seconds, 661.1 MB
[runlim] sample:		422.4 seconds, 668.0 MB
[runlim] sample:		432.4 seconds, 671.3 MB
[runlim] sample:		444.3 seconds, 735.7 MB
[runlim] sample:		454.3 seconds, 735.7 MB
[runlim] sample:		465.8 seconds, 628.8 MB
[runlim] sample:		475.8 seconds, 628.8 MB
[runlim] sample:		487.4 seconds, 782.4 MB
[runlim] sample:		497.4 seconds, 782.4 MB
[runlim] sample:		509.2 seconds, 770.0 MB
[runlim] sample:		519.2 seconds, 794.0 MB
[runlim] sample:		530.8 seconds, 687.6 MB
[runlim] sample:		540.8 seconds, 731.4 MB
[runlim] sample:		552.8 seconds, 739.3 MB
[runlim] sample:		562.8 seconds, 734.6 MB
[runlim] sample:		574.2 seconds, 571.6 MB
[runlim] sample:		584.2 seconds, 569.4 MB
[runlim] sample:		595.7 seconds, 583.9 MB
[runlim] sample:		605.7 seconds, 630.7 MB
[runlim] sample:		617.6 seconds, 724.2 MB
[runlim] sample:		627.6 seconds, 739.9 MB
[runlim] sample:		637.6 seconds, 632.8 MB
[runlim] sample:		647.6 seconds, 622.0 MB
[runlim] sample:		657.6 seconds, 627.6 MB
[runlim] sample:		667.6 seconds, 631.9 MB
[runlim] sample:		677.6 seconds, 631.5 MB
[runlim] sample:		687.6 seconds, 599.1 MB
[runlim] sample:		697.6 seconds, 647.5 MB
[runlim] sample:		707.6 seconds, 686.1 MB
[runlim] sample:		717.6 seconds, 694.4 MB
[runlim] sample:		727.6 seconds, 660.1 MB
[runlim] sample:		737.6 seconds, 659.9 MB
[runlim] sample:		748.1 seconds, 654.0 MB
[runlim] sample:		758.1 seconds, 647.8 MB
[runlim] sample:		768.1 seconds, 666.1 MB
[runlim] sample:		778.1 seconds, 696.9 MB
[runlim] sample:		788.1 seconds, 715.9 MB
[runlim] sample:		798.1 seconds, 738.1 MB
[runlim] sample:		808.1 seconds, 733.4 MB
[runlim] sample:		818.1 seconds, 694.3 MB
[runlim] sample:		828.1 seconds, 678.9 MB
[runlim] sample:		838.1 seconds, 681.9 MB
[runlim] sample:		848.1 seconds, 673.7 MB
[runlim] sample:		858.1 seconds, 678.0 MB
[runlim] sample:		868.1 seconds, 668.5 MB
[runlim] sample:		878.1 seconds, 659.4 MB
[runlim] sample:		888.1 seconds, 681.7 MB
[runlim] sample:		898.1 seconds, 689.3 MB
[runlim] sample:		908.1 seconds, 689.3 MB
[runlim] sample:		918.1 seconds, 691.5 MB
[runlim] sample:		928.1 seconds, 670.7 MB
[runlim] sample:		938.1 seconds, 676.0 MB
[runlim] sample:		948.1 seconds, 672.9 MB
[runlim] sample:		958.1 seconds, 670.4 MB
[runlim] sample:		968.1 seconds, 678.0 MB
[runlim] sample:		978.1 seconds, 673.4 MB
[runlim] sample:		988.1 seconds, 672.9 MB
[runlim] sample:		998.1 seconds, 713.4 MB
[runlim] sample:		1008.1 seconds, 713.4 MB
[runlim] sample:		1018.1 seconds, 749.1 MB
[runlim] sample:		1028.1 seconds, 753.0 MB
[runlim] sample:		1038.1 seconds, 710.5 MB
[runlim] sample:		1048.1 seconds, 672.7 MB
[runlim] sample:		1058.1 seconds, 689.8 MB
[runlim] sample:		1068.1 seconds, 723.3 MB
[runlim] sample:		1078.1 seconds, 723.3 MB
[runlim] sample:		1088.1 seconds, 732.2 MB
[runlim] sample:		1098.1 seconds, 731.7 MB
[runlim] sample:		1108.1 seconds, 710.4 MB
[runlim] sample:		1118.1 seconds, 703.2 MB
[runlim] sample:		1128.1 seconds, 707.6 MB
[runlim] sample:		1138.1 seconds, 697.9 MB
[runlim] sample:		1148.1 seconds, 704.6 MB
[runlim] sample:		1158.1 seconds, 719.0 MB
[runlim] sample:		1168.1 seconds, 713.0 MB
[runlim] sample:		1178.1 seconds, 713.2 MB
[runlim] sample:		1188.1 seconds, 706.0 MB
[runlim] sample:		1198.1 seconds, 728.8 MB
[runlim] sample:		1208.1 seconds, 710.2 MB
[runlim] sample:		1218.1 seconds, 708.0 MB
[runlim] sample:		1228.1 seconds, 681.6 MB
[runlim] sample:		1238.1 seconds, 679.7 MB
[runlim] sample:		1248.1 seconds, 704.6 MB
[runlim] sample:		1258.1 seconds, 700.5 MB
[runlim] sample:		1268.1 seconds, 720.8 MB
[runlim] sample:		1278.1 seconds, 699.7 MB
[runlim] sample:		1288.1 seconds, 690.2 MB
[runlim] sample:		1298.1 seconds, 690.9 MB
[runlim] sample:		1308.1 seconds, 686.0 MB
[runlim] sample:		1318.1 seconds, 714.2 MB
[runlim] sample:		1328.1 seconds, 725.1 MB
[runlim] sample:		1338.1 seconds, 724.5 MB
[runlim] sample:		1348.1 seconds, 704.6 MB
[runlim] sample:		1358.1 seconds, 704.2 MB
[runlim] sample:		1368.1 seconds, 717.0 MB
[runlim] sample:		1378.1 seconds, 707.8 MB
[runlim] sample:		1388.1 seconds, 697.7 MB
[runlim] sample:		1398.1 seconds, 701.0 MB
[runlim] sample:		1408.1 seconds, 700.0 MB
[runlim] sample:		1418.1 seconds, 728.0 MB
[runlim] sample:		1428.1 seconds, 729.8 MB
[runlim] sample:		1438.1 seconds, 751.5 MB
[runlim] sample:		1448.1 seconds, 745.9 MB
[runlim] sample:		1458.1 seconds, 741.4 MB
[runlim] sample:		1468.1 seconds, 729.7 MB
[runlim] sample:		1478.1 seconds, 736.9 MB
[runlim] sample:		1488.1 seconds, 719.2 MB
[runlim] sample:		1498.1 seconds, 713.9 MB
[runlim] sample:		1508.1 seconds, 721.2 MB
[runlim] sample:		1518.1 seconds, 720.7 MB
[runlim] sample:		1528.1 seconds, 715.9 MB
[runlim] sample:		1538.1 seconds, 709.9 MB
[runlim] sample:		1548.1 seconds, 751.8 MB
[runlim] sample:		1558.1 seconds, 750.5 MB
[runlim] sample:		1568.1 seconds, 768.6 MB
[runlim] sample:		1578.1 seconds, 748.7 MB
[runlim] sample:		1588.1 seconds, 761.8 MB
[runlim] sample:		1598.1 seconds, 750.2 MB
[runlim] sample:		1608.1 seconds, 766.7 MB
[runlim] sample:		1618.1 seconds, 766.7 MB
[runlim] sample:		1628.1 seconds, 770.8 MB
[runlim] sample:		1638.1 seconds, 768.5 MB
[runlim] sample:		1648.1 seconds, 730.8 MB
[runlim] sample:		1658.1 seconds, 707.5 MB
[runlim] sample:		1668.1 seconds, 720.7 MB
[runlim] sample:		1678.1 seconds, 720.7 MB
[runlim] sample:		1688.1 seconds, 735.2 MB
[runlim] sample:		1698.1 seconds, 721.8 MB
[runlim] sample:		1708.1 seconds, 697.0 MB
[runlim] sample:		1718.1 seconds, 716.8 MB
[runlim] sample:		1728.1 seconds, 723.5 MB
[runlim] sample:		1738.1 seconds, 736.3 MB
[runlim] sample:		1748.1 seconds, 719.3 MB
[runlim] sample:		1758.1 seconds, 719.0 MB
[runlim] sample:		1768.1 seconds, 700.8 MB
[runlim] sample:		1778.1 seconds, 697.3 MB
[runlim] sample:		1788.1 seconds, 691.3 MB
[runlim] sample:		1798.1 seconds, 686.5 MB
[runlim] sample:		1808.1 seconds, 686.0 MB
[runlim] sample:		1818.1 seconds, 703.0 MB
[runlim] sample:		1828.1 seconds, 703.0 MB
[runlim] sample:		1838.1 seconds, 722.8 MB
[runlim] sample:		1848.1 seconds, 725.3 MB
[runlim] sample:		1858.1 seconds, 725.3 MB
[runlim] sample:		1868.1 seconds, 766.8 MB
[runlim] sample:		1878.1 seconds, 766.8 MB
[runlim] sample:		1888.1 seconds, 752.3 MB
[runlim] sample:		1898.1 seconds, 752.3 MB
[runlim] sample:		1908.1 seconds, 715.0 MB
[runlim] sample:		1918.1 seconds, 714.8 MB
[runlim] sample:		1928.1 seconds, 738.3 MB
[runlim] sample:		1938.1 seconds, 737.0 MB
[runlim] sample:		1948.1 seconds, 723.0 MB
[runlim] sample:		1958.1 seconds, 699.8 MB
[runlim] sample:		1968.1 seconds, 699.6 MB
[runlim] sample:		1978.0 seconds, 702.8 MB
[runlim] sample:		1988.0 seconds, 702.8 MB
[runlim] sample:		1998.0 seconds, 714.0 MB
[runlim] sample:		2008.0 seconds, 706.8 MB
[runlim] sample:		2018.0 seconds, 706.8 MB
[runlim] sample:		2028.1 seconds, 727.5 MB
[runlim] sample:		2038.1 seconds, 727.0 MB
[runlim] sample:		2048.1 seconds, 719.3 MB
[runlim] sample:		2058.1 seconds, 692.8 MB
[runlim] sample:		2068.1 seconds, 712.6 MB
[runlim] sample:		2078.1 seconds, 703.3 MB
[runlim] sample:		2088.1 seconds, 701.3 MB
[runlim] sample:		2098.1 seconds, 691.0 MB
[runlim] sample:		2108.1 seconds, 703.1 MB
[runlim] sample:		2118.1 seconds, 703.1 MB
[runlim] sample:		2128.1 seconds, 696.6 MB
[runlim] sample:		2138.1 seconds, 691.6 MB
[runlim] sample:		2148.1 seconds, 693.0 MB
[runlim] sample:		2158.1 seconds, 698.1 MB
[runlim] sample:		2168.1 seconds, 698.1 MB
[runlim] sample:		2178.1 seconds, 697.6 MB
[runlim] sample:		2188.1 seconds, 697.5 MB
[runlim] sample:		2198.1 seconds, 736.1 MB
[runlim] sample:		2208.1 seconds, 733.3 MB
[runlim] sample:		2218.1 seconds, 748.4 MB
[runlim] sample:		2228.1 seconds, 740.3 MB
[runlim] sample:		2238.1 seconds, 742.4 MB
[runlim] sample:		2248.1 seconds, 721.8 MB
[runlim] sample:		2258.1 seconds, 716.5 MB
[runlim] sample:		2268.1 seconds, 711.0 MB
[runlim] sample:		2278.1 seconds, 710.5 MB
[runlim] sample:		2288.1 seconds, 712.6 MB
[runlim] sample:		2298.1 seconds, 753.4 MB
[runlim] sample:		2308.1 seconds, 753.4 MB
[runlim] sample:		2318.1 seconds, 766.3 MB
[runlim] sample:		2328.1 seconds, 776.1 MB
[runlim] sample:		2338.1 seconds, 750.3 MB
[runlim] sample:		2348.1 seconds, 738.6 MB
[runlim] sample:		2358.1 seconds, 711.8 MB
[runlim] sample:		2368.1 seconds, 711.8 MB
[runlim] sample:		2378.1 seconds, 709.0 MB
[runlim] sample:		2388.1 seconds, 707.3 MB
[runlim] sample:		2398.1 seconds, 707.3 MB
[runlim] sample:		2408.1 seconds, 736.2 MB
[runlim] sample:		2418.1 seconds, 736.2 MB
[runlim] sample:		2428.1 seconds, 743.8 MB
[runlim] sample:		2438.1 seconds, 738.3 MB
[runlim] sample:		2448.1 seconds, 721.8 MB
[runlim] sample:		2458.1 seconds, 703.5 MB
[runlim] sample:		2468.1 seconds, 712.8 MB
[runlim] sample:		2478.1 seconds, 705.3 MB
[runlim] sample:		2488.1 seconds, 702.0 MB
[runlim] sample:		2498.1 seconds, 702.0 MB
[runlim] sample:		2508.1 seconds, 721.9 MB
[runlim] sample:		2518.1 seconds, 721.9 MB
[runlim] sample:		2528.1 seconds, 732.4 MB
[runlim] sample:		2538.1 seconds, 732.4 MB
[runlim] sample:		2548.1 seconds, 717.3 MB
[runlim] sample:		2558.1 seconds, 696.5 MB
[runlim] sample:		2568.1 seconds, 712.7 MB
[runlim] sample:		2578.1 seconds, 712.5 MB
[runlim] sample:		2588.1 seconds, 734.6 MB
[runlim] sample:		2598.1 seconds, 747.2 MB
[runlim] sample:		2608.1 seconds, 748.6 MB
[runlim] sample:		2618.1 seconds, 754.2 MB
[runlim] sample:		2628.1 seconds, 749.5 MB
[runlim] sample:		2638.1 seconds, 724.3 MB
[runlim] sample:		2648.1 seconds, 718.0 MB
[runlim] sample:		2658.1 seconds, 712.9 MB
[runlim] sample:		2668.1 seconds, 712.5 MB
[runlim] sample:		2678.1 seconds, 709.4 MB
[runlim] sample:		2688.1 seconds, 712.6 MB
[runlim] sample:		2698.1 seconds, 712.6 MB
[runlim] sample:		2708.1 seconds, 708.4 MB
[runlim] sample:		2718.1 seconds, 708.3 MB
[runlim] sample:		2728.1 seconds, 736.0 MB
[runlim] sample:		2738.1 seconds, 736.1 MB
[runlim] sample:		2748.1 seconds, 734.5 MB
[runlim] sample:		2758.1 seconds, 714.1 MB
[runlim] sample:		2768.1 seconds, 711.1 MB
[runlim] sample:		2778.1 seconds, 722.1 MB
[runlim] sample:		2788.1 seconds, 722.1 MB
[runlim] sample:		2798.1 seconds, 730.6 MB
[runlim] sample:		2808.1 seconds, 723.1 MB
[runlim] sample:		2818.1 seconds, 720.9 MB
[runlim] sample:		2828.0 seconds, 724.8 MB
[runlim] sample:		2838.1 seconds, 750.9 MB
[runlim] sample:		2848.1 seconds, 738.1 MB
[runlim] sample:		2858.1 seconds, 728.6 MB
[runlim] sample:		2868.1 seconds, 719.3 MB
[runlim] sample:		2878.1 seconds, 712.8 MB
[runlim] sample:		2888.1 seconds, 712.8 MB
[runlim] sample:		2898.1 seconds, 712.7 MB
[runlim] sample:		2908.1 seconds, 711.8 MB
[runlim] sample:		2918.1 seconds, 755.4 MB
[runlim] sample:		2928.1 seconds, 755.6 MB
[runlim] sample:		2938.1 seconds, 740.9 MB
[runlim] sample:		2948.1 seconds, 715.1 MB
[runlim] sample:		2958.1 seconds, 710.8 MB
[runlim] sample:		2968.1 seconds, 709.6 MB
[runlim] sample:		2978.1 seconds, 709.6 MB
[runlim] sample:		2988.1 seconds, 732.0 MB
[runlim] sample:		2998.1 seconds, 732.0 MB
[runlim] sample:		3008.1 seconds, 735.0 MB
[runlim] sample:		3018.1 seconds, 724.3 MB
[runlim] sample:		3028.1 seconds, 716.6 MB
[runlim] sample:		3038.1 seconds, 702.1 MB
[runlim] sample:		3048.1 seconds, 702.1 MB
[runlim] sample:		3058.1 seconds, 722.4 MB
[runlim] sample:		3068.1 seconds, 722.4 MB
[runlim] sample:		3078.1 seconds, 721.3 MB
[runlim] sample:		3088.1 seconds, 707.3 MB
[runlim] sample:		3098.1 seconds, 707.3 MB
[runlim] sample:		3108.0 seconds, 722.4 MB
[runlim] sample:		3118.0 seconds, 722.1 MB
[runlim] sample:		3128.1 seconds, 744.3 MB
[runlim] sample:		3138.1 seconds, 743.8 MB
[runlim] sample:		3148.1 seconds, 743.8 MB
[runlim] sample:		3158.0 seconds, 728.1 MB
[runlim] sample:		3168.1 seconds, 721.6 MB
[runlim] sample:		3178.0 seconds, 713.1 MB
[runlim] sample:		3188.0 seconds, 713.1 MB
[runlim] sample:		3198.0 seconds, 708.1 MB
[runlim] sample:		3208.0 seconds, 707.1 MB
[runlim] sample:		3218.0 seconds, 713.0 MB
[runlim] sample:		3228.0 seconds, 730.5 MB
[runlim] sample:		3238.0 seconds, 733.1 MB
[runlim] sample:		3248.0 seconds, 734.9 MB
[runlim] sample:		3258.0 seconds, 734.9 MB
[runlim] sample:		3268.0 seconds, 718.3 MB
[runlim] sample:		3278.0 seconds, 715.3 MB
[runlim] sample:		3288.1 seconds, 721.2 MB
[runlim] sample:		3298.1 seconds, 724.8 MB
[runlim] sample:		3308.1 seconds, 747.9 MB
[runlim] sample:		3318.1 seconds, 743.6 MB
[runlim] sample:		3328.1 seconds, 737.3 MB
[runlim] sample:		3338.0 seconds, 741.1 MB
[runlim] sample:		3348.0 seconds, 741.1 MB
[runlim] sample:		3358.0 seconds, 730.7 MB
[runlim] sample:		3368.0 seconds, 730.7 MB
[runlim] sample:		3378.1 seconds, 710.1 MB
[runlim] sample:		3388.1 seconds, 707.8 MB
[runlim] sample:		3398.1 seconds, 707.1 MB
[runlim] sample:		3408.1 seconds, 706.3 MB
[runlim] sample:		3418.1 seconds, 706.3 MB
[runlim] sample:		3428.0 seconds, 755.8 MB
[runlim] sample:		3438.0 seconds, 755.8 MB
[runlim] sample:		3448.0 seconds, 762.4 MB
[runlim] sample:		3458.0 seconds, 742.6 MB
[runlim] sample:		3468.0 seconds, 723.3 MB
[runlim] sample:		3478.0 seconds, 714.8 MB
[runlim] sample:		3488.0 seconds, 714.8 MB
[runlim] sample:		3498.0 seconds, 712.1 MB
[runlim] sample:		3508.0 seconds, 711.6 MB
[runlim] sample:		3518.0 seconds, 711.6 MB
[runlim] sample:		3528.0 seconds, 708.3 MB
[runlim] sample:		3538.0 seconds, 708.3 MB
[runlim] sample:		3548.0 seconds, 712.6 MB
[runlim] sample:		3558.0 seconds, 712.8 MB
[runlim] sample:		3568.0 seconds, 751.3 MB
[runlim] sample:		3578.0 seconds, 750.8 MB
[runlim] sample:		3588.0 seconds, 740.6 MB
[runlim] sample:		3598.0 seconds, 717.3 MB
[runlim] sample:		3608.0 seconds, 718.8 MB
[runlim] sample:		3618.0 seconds, 732.3 MB
[runlim] sample:		3628.0 seconds, 731.3 MB
[runlim] end:			Fri Oct  4 03:23:50 2019
[runlim] status:		out of time
[runlim] result:		1
[runlim] children:		0
[runlim] real:			3600.15 seconds
[runlim] time:			3628.04 seconds
[runlim] space:			1107.2 MB
[runlim] samples:		36000
