[runlim] version:		1.7
[runlim] time limit:		311040000 seconds
[runlim] real time limit:	3600 seconds
[runlim] space limit:		80000 MB
[runlim] argv[0]:		python3.6
[runlim] argv[1]:		./netsolver-gurobi-mod.py
[runlim] argv[2]:		../../../instances/fattree-bcube/BCube_n10_k2_bw10_cpu16.pn
[runlim] argv[3]:		../../../instances/fattree-bcube/instance_list_15vm_rnd.txt
[runlim] argv[4]:		False
[runlim] argv[5]:		True
[runlim] argv[6]:		timelogs/results.BCube_n10_k2_bw10_cpu16.pn.instance_list_15vm_rnd.txt.log
[runlim] start:			Thu Oct  3 22:23:50 2019
[runlim] main pid:		10528
Academic license - for non-commercial use only
[runlim] sample:		10.0 seconds, 335.0 MB
[runlim] sample:		20.0 seconds, 324.0 MB
[runlim] sample:		30.0 seconds, 333.0 MB
[runlim] sample:		40.0 seconds, 334.6 MB
[runlim] sample:		50.0 seconds, 325.6 MB
[runlim] sample:		60.0 seconds, 357.0 MB
[runlim] sample:		70.0 seconds, 385.1 MB
[runlim] sample:		80.0 seconds, 402.7 MB
[runlim] sample:		90.0 seconds, 383.7 MB
[runlim] sample:		100.0 seconds, 360.9 MB
[runlim] sample:		110.9 seconds, 496.4 MB
[runlim] sample:		121.4 seconds, 458.0 MB
[runlim] sample:		131.4 seconds, 473.3 MB
[runlim] sample:		141.4 seconds, 414.4 MB
[runlim] sample:		152.8 seconds, 405.7 MB
[runlim] sample:		164.1 seconds, 408.1 MB
[runlim] sample:		175.5 seconds, 400.3 MB
[runlim] sample:		186.9 seconds, 444.1 MB
[runlim] sample:		198.2 seconds, 428.8 MB
[runlim] sample:		209.5 seconds, 397.3 MB
[runlim] sample:		221.1 seconds, 420.6 MB
[runlim] sample:		232.6 seconds, 377.6 MB
[runlim] sample:		243.8 seconds, 439.6 MB
[runlim] sample:		253.8 seconds, 453.8 MB
[runlim] sample:		265.6 seconds, 465.3 MB
[runlim] sample:		277.0 seconds, 413.5 MB
[runlim] sample:		288.5 seconds, 437.5 MB
[runlim] sample:		300.1 seconds, 449.9 MB
[runlim] sample:		311.6 seconds, 490.5 MB
[runlim] sample:		321.6 seconds, 440.2 MB
[runlim] sample:		333.4 seconds, 460.6 MB
[runlim] sample:		344.8 seconds, 401.5 MB
[runlim] sample:		356.1 seconds, 424.2 MB
[runlim] sample:		366.5 seconds, 408.8 MB
[runlim] sample:		376.5 seconds, 393.1 MB
[runlim] sample:		386.5 seconds, 389.2 MB
[runlim] sample:		397.1 seconds, 371.9 MB
[runlim] sample:		407.8 seconds, 360.9 MB
[runlim] sample:		417.9 seconds, 473.3 MB
[runlim] sample:		428.5 seconds, 421.8 MB
[runlim] sample:		439.1 seconds, 367.7 MB
[runlim] sample:		449.8 seconds, 360.0 MB
[runlim] sample:		460.4 seconds, 364.8 MB
[runlim] sample:		471.1 seconds, 407.2 MB
[runlim] sample:		481.8 seconds, 434.8 MB
[runlim] sample:		492.5 seconds, 394.6 MB
[runlim] sample:		503.3 seconds, 417.6 MB
[runlim] sample:		513.9 seconds, 370.4 MB
[runlim] sample:		524.5 seconds, 406.0 MB
[runlim] sample:		535.3 seconds, 361.2 MB
[runlim] sample:		546.0 seconds, 382.1 MB
[runlim] sample:		556.1 seconds, 441.6 MB
[runlim] sample:		566.6 seconds, 377.4 MB
[runlim] sample:		577.4 seconds, 375.4 MB
[runlim] sample:		588.2 seconds, 385.6 MB
[runlim] sample:		598.8 seconds, 371.9 MB
[runlim] sample:		609.4 seconds, 360.8 MB
[runlim] sample:		620.0 seconds, 389.7 MB
[runlim] sample:		631.0 seconds, 447.7 MB
[runlim] sample:		641.7 seconds, 405.2 MB
[runlim] sample:		652.3 seconds, 360.5 MB
[runlim] sample:		663.0 seconds, 376.3 MB
[runlim] sample:		673.0 seconds, 397.5 MB
[runlim] sample:		683.7 seconds, 426.0 MB
[runlim] sample:		694.3 seconds, 392.3 MB
[runlim] sample:		705.0 seconds, 390.5 MB
[runlim] sample:		715.7 seconds, 381.0 MB
[runlim] sample:		726.5 seconds, 379.4 MB
[runlim] sample:		737.1 seconds, 388.9 MB
[runlim] sample:		747.7 seconds, 517.6 MB
[runlim] sample:		757.9 seconds, 406.5 MB
[runlim] sample:		768.6 seconds, 395.5 MB
[runlim] sample:		779.2 seconds, 407.6 MB
[runlim] sample:		789.9 seconds, 380.7 MB
[runlim] sample:		800.6 seconds, 399.0 MB
[runlim] sample:		811.2 seconds, 383.8 MB
[runlim] sample:		821.9 seconds, 372.1 MB
[runlim] sample:		832.6 seconds, 385.3 MB
[runlim] sample:		843.4 seconds, 415.9 MB
[runlim] sample:		854.1 seconds, 442.0 MB
[runlim] sample:		864.1 seconds, 432.2 MB
[runlim] sample:		874.8 seconds, 402.3 MB
[runlim] sample:		885.5 seconds, 389.4 MB
[runlim] sample:		896.1 seconds, 368.7 MB
[runlim] sample:		906.7 seconds, 397.7 MB
[runlim] sample:		917.5 seconds, 429.9 MB
[runlim] sample:		928.2 seconds, 417.6 MB
[runlim] sample:		938.2 seconds, 412.9 MB
[runlim] sample:		949.0 seconds, 430.1 MB
[runlim] sample:		959.6 seconds, 402.2 MB
[runlim] sample:		970.4 seconds, 398.9 MB
[runlim] sample:		981.0 seconds, 385.2 MB
[runlim] sample:		991.8 seconds, 388.4 MB
[runlim] sample:		1001.8 seconds, 427.1 MB
[runlim] sample:		1012.6 seconds, 452.4 MB
[runlim] sample:		1023.4 seconds, 441.9 MB
[runlim] sample:		1034.2 seconds, 432.8 MB
[runlim] sample:		1044.4 seconds, 484.7 MB
[runlim] sample:		1055.0 seconds, 454.0 MB
[runlim] sample:		1065.8 seconds, 429.5 MB
[runlim] sample:		1076.4 seconds, 385.1 MB
[runlim] sample:		1087.1 seconds, 430.6 MB
[runlim] sample:		1097.8 seconds, 397.5 MB
[runlim] sample:		1108.4 seconds, 368.7 MB
[runlim] sample:		1118.4 seconds, 405.2 MB
[runlim] sample:		1129.2 seconds, 438.0 MB
[runlim] sample:		1140.0 seconds, 440.2 MB
[runlim] sample:		1150.6 seconds, 386.2 MB
[runlim] sample:		1161.4 seconds, 419.5 MB
[runlim] sample:		1172.1 seconds, 374.8 MB
[runlim] sample:		1182.7 seconds, 367.4 MB
[runlim] sample:		1193.4 seconds, 397.5 MB
[runlim] sample:		1204.1 seconds, 380.8 MB
[runlim] sample:		1214.9 seconds, 417.7 MB
[runlim] sample:		1224.9 seconds, 455.1 MB
[runlim] sample:		1235.7 seconds, 443.7 MB
[runlim] sample:		1246.3 seconds, 390.1 MB
[runlim] sample:		1257.1 seconds, 406.8 MB
[runlim] sample:		1267.8 seconds, 405.1 MB
[runlim] sample:		1278.4 seconds, 387.1 MB
[runlim] sample:		1289.0 seconds, 370.7 MB
[runlim] sample:		1299.8 seconds, 388.8 MB
[runlim] sample:		1309.9 seconds, 449.5 MB
[runlim] sample:		1320.4 seconds, 397.2 MB
[runlim] sample:		1331.1 seconds, 397.6 MB
[runlim] sample:		1341.7 seconds, 388.7 MB
[runlim] sample:		1352.4 seconds, 381.1 MB
[runlim] sample:		1363.0 seconds, 381.1 MB
[runlim] sample:		1373.6 seconds, 361.1 MB
[runlim] sample:		1384.2 seconds, 379.2 MB
[runlim] sample:		1395.1 seconds, 381.9 MB
[runlim] sample:		1405.7 seconds, 365.6 MB
[runlim] sample:		1416.3 seconds, 377.1 MB
[runlim] sample:		1426.9 seconds, 370.9 MB
[runlim] sample:		1437.8 seconds, 383.6 MB
[runlim] sample:		1447.8 seconds, 404.4 MB
[runlim] sample:		1458.5 seconds, 409.1 MB
[runlim] sample:		1469.4 seconds, 436.5 MB
[runlim] sample:		1480.0 seconds, 426.7 MB
[runlim] sample:		1490.7 seconds, 411.2 MB
[runlim] sample:		1501.3 seconds, 386.1 MB
[runlim] sample:		1512.0 seconds, 392.8 MB
[runlim] sample:		1522.0 seconds, 434.8 MB
[runlim] sample:		1532.8 seconds, 455.0 MB
[runlim] sample:		1543.7 seconds, 436.9 MB
[runlim] sample:		1554.3 seconds, 434.1 MB
[runlim] sample:		1565.1 seconds, 393.6 MB
[runlim] sample:		1575.7 seconds, 418.4 MB
[runlim] sample:		1586.3 seconds, 385.8 MB
[runlim] sample:		1596.3 seconds, 416.7 MB
[runlim] sample:		1607.1 seconds, 434.4 MB
[runlim] sample:		1617.8 seconds, 390.7 MB
[runlim] sample:		1628.4 seconds, 381.5 MB
[runlim] sample:		1639.1 seconds, 377.5 MB
[runlim] sample:		1649.7 seconds, 377.8 MB
[runlim] sample:		1660.3 seconds, 384.8 MB
[runlim] sample:		1671.1 seconds, 401.4 MB
[runlim] sample:		1681.4 seconds, 479.5 MB
[runlim] sample:		1691.8 seconds, 400.4 MB
[runlim] sample:		1702.4 seconds, 382.1 MB
[runlim] sample:		1713.1 seconds, 405.9 MB
[runlim] sample:		1723.8 seconds, 411.3 MB
[runlim] sample:		1734.6 seconds, 434.3 MB
[runlim] sample:		1745.3 seconds, 454.9 MB
[runlim] sample:		1755.5 seconds, 452.0 MB
[runlim] sample:		1765.9 seconds, 438.9 MB
[runlim] sample:		1776.5 seconds, 395.5 MB
[runlim] sample:		1787.2 seconds, 410.9 MB
[runlim] sample:		1797.8 seconds, 383.1 MB
[runlim] sample:		1808.7 seconds, 397.4 MB
[runlim] sample:		1819.5 seconds, 430.9 MB
[runlim] sample:		1830.1 seconds, 427.5 MB
[runlim] sample:		1840.7 seconds, 388.1 MB
[runlim] sample:		1850.7 seconds, 408.4 MB
[runlim] sample:		1861.5 seconds, 415.4 MB
[runlim] sample:		1872.0 seconds, 439.7 MB
[runlim] sample:		1882.9 seconds, 443.8 MB
[runlim] sample:		1893.5 seconds, 446.0 MB
[runlim] sample:		1904.2 seconds, 443.3 MB
[runlim] sample:		1914.7 seconds, 401.6 MB
[runlim] sample:		1925.3 seconds, 389.5 MB
[runlim] sample:		1935.9 seconds, 531.6 MB
[runlim] sample:		1946.1 seconds, 415.4 MB
[runlim] sample:		1956.9 seconds, 434.2 MB
[runlim] sample:		1967.5 seconds, 432.9 MB
[runlim] sample:		1978.1 seconds, 380.2 MB
[runlim] sample:		1988.7 seconds, 390.2 MB
[runlim] sample:		1999.5 seconds, 407.8 MB
[runlim] sample:		2010.2 seconds, 404.6 MB
[runlim] sample:		2020.7 seconds, 424.0 MB
[runlim] sample:		2030.7 seconds, 379.8 MB
[runlim] sample:		2041.4 seconds, 384.7 MB
[runlim] sample:		2052.1 seconds, 399.9 MB
[runlim] sample:		2062.8 seconds, 391.5 MB
[runlim] sample:		2073.4 seconds, 386.6 MB
[runlim] sample:		2084.1 seconds, 390.1 MB
[runlim] sample:		2094.9 seconds, 422.5 MB
[runlim] sample:		2104.9 seconds, 417.2 MB
[runlim] sample:		2115.5 seconds, 437.6 MB
[runlim] sample:		2126.1 seconds, 437.4 MB
[runlim] sample:		2136.8 seconds, 437.2 MB
[runlim] sample:		2147.4 seconds, 394.7 MB
[runlim] sample:		2158.1 seconds, 404.7 MB
[runlim] sample:		2168.8 seconds, 403.2 MB
[runlim] sample:		2179.7 seconds, 399.8 MB
[runlim] sample:		2189.9 seconds, 453.7 MB
[runlim] sample:		2200.3 seconds, 431.0 MB
[runlim] sample:		2211.1 seconds, 442.8 MB
[runlim] sample:		2221.7 seconds, 403.8 MB
[runlim] sample:		2232.4 seconds, 407.0 MB
[runlim] sample:		2243.2 seconds, 401.5 MB
[runlim] sample:		2253.3 seconds, 437.9 MB
[runlim] sample:		2264.0 seconds, 397.6 MB
[runlim] sample:		2274.7 seconds, 426.9 MB
[runlim] sample:		2285.4 seconds, 381.3 MB
[runlim] sample:		2296.1 seconds, 410.9 MB
[runlim] sample:		2307.0 seconds, 446.2 MB
[runlim] sample:		2317.7 seconds, 402.6 MB
[runlim] sample:		2328.4 seconds, 399.3 MB
[runlim] sample:		2338.8 seconds, 450.5 MB
[runlim] sample:		2349.1 seconds, 389.9 MB
[runlim] sample:		2359.7 seconds, 402.0 MB
[runlim] sample:		2370.4 seconds, 390.9 MB
[runlim] sample:		2381.0 seconds, 422.1 MB
[runlim] sample:		2391.7 seconds, 425.9 MB
[runlim] sample:		2403.7 seconds, 464.1 MB
[runlim] sample:		2414.2 seconds, 383.4 MB
[runlim] sample:		2424.2 seconds, 429.1 MB
[runlim] sample:		2435.1 seconds, 436.7 MB
[runlim] sample:		2445.6 seconds, 429.9 MB
[runlim] sample:		2456.3 seconds, 400.6 MB
[runlim] sample:		2467.0 seconds, 391.5 MB
[runlim] sample:		2477.8 seconds, 429.1 MB
[runlim] sample:		2488.4 seconds, 392.0 MB
[runlim] sample:		2499.1 seconds, 403.7 MB
[runlim] sample:		2509.4 seconds, 464.3 MB
[runlim] sample:		2519.7 seconds, 400.5 MB
[runlim] sample:		2530.6 seconds, 442.4 MB
[runlim] sample:		2541.2 seconds, 399.3 MB
[runlim] sample:		2552.0 seconds, 438.5 MB
[runlim] sample:		2562.7 seconds, 403.5 MB
[runlim] sample:		2572.7 seconds, 407.6 MB
[runlim] sample:		2583.5 seconds, 459.1 MB
[runlim] sample:		2594.4 seconds, 428.5 MB
[runlim] sample:		2605.1 seconds, 399.6 MB
[runlim] sample:		2615.9 seconds, 434.2 MB
[runlim] sample:		2625.9 seconds, 437.5 MB
[runlim] sample:		2636.6 seconds, 422.5 MB
[runlim] sample:		2647.0 seconds, 444.9 MB
[runlim] sample:		2657.8 seconds, 405.7 MB
[runlim] sample:		2668.5 seconds, 419.0 MB
[runlim] sample:		2679.3 seconds, 431.0 MB
[runlim] sample:		2690.0 seconds, 401.3 MB
[runlim] sample:		2700.7 seconds, 404.7 MB
[runlim] sample:		2710.7 seconds, 424.3 MB
[runlim] sample:		2721.4 seconds, 403.6 MB
[runlim] sample:		2732.1 seconds, 394.9 MB
[runlim] sample:		2742.8 seconds, 413.5 MB
[runlim] sample:		2753.7 seconds, 443.3 MB
[runlim] sample:		2764.3 seconds, 392.6 MB
[runlim] sample:		2775.0 seconds, 417.8 MB
[runlim] sample:		2785.7 seconds, 392.2 MB
[runlim] sample:		2795.7 seconds, 393.5 MB
[runlim] sample:		2806.5 seconds, 421.7 MB
[runlim] sample:		2817.2 seconds, 411.4 MB
[runlim] sample:		2827.9 seconds, 395.8 MB
[runlim] sample:		2838.7 seconds, 438.8 MB
[runlim] sample:		2849.5 seconds, 445.8 MB
[runlim] sample:		2860.2 seconds, 444.3 MB
[runlim] sample:		2870.8 seconds, 399.8 MB
[runlim] sample:		2881.0 seconds, 422.1 MB
[runlim] sample:		2891.5 seconds, 409.2 MB
[runlim] sample:		2902.1 seconds, 401.5 MB
[runlim] sample:		2912.8 seconds, 396.9 MB
[runlim] sample:		2923.6 seconds, 402.0 MB
[runlim] sample:		2934.1 seconds, 424.4 MB
[runlim] sample:		2944.9 seconds, 429.9 MB
[runlim] sample:		2955.4 seconds, 424.8 MB
[runlim] sample:		2966.1 seconds, 392.9 MB
[runlim] sample:		2976.8 seconds, 428.9 MB
[runlim] sample:		2987.6 seconds, 416.2 MB
[runlim] sample:		2997.6 seconds, 416.2 MB
[runlim] sample:		3008.3 seconds, 451.8 MB
[runlim] sample:		3019.1 seconds, 414.7 MB
[runlim] sample:		3029.6 seconds, 392.7 MB
[runlim] sample:		3040.4 seconds, 445.9 MB
[runlim] sample:		3050.9 seconds, 383.0 MB
[runlim] sample:		3061.5 seconds, 399.2 MB
[runlim] sample:		3072.3 seconds, 433.1 MB
[runlim] sample:		3082.9 seconds, 444.6 MB
[runlim] sample:		3093.0 seconds, 398.5 MB
[runlim] sample:		3103.7 seconds, 417.4 MB
[runlim] sample:		3114.5 seconds, 457.0 MB
[runlim] sample:		3125.3 seconds, 453.3 MB
[runlim] sample:		3135.8 seconds, 435.6 MB
[runlim] sample:		3146.5 seconds, 424.8 MB
[runlim] sample:		3157.2 seconds, 422.8 MB
[runlim] sample:		3168.0 seconds, 436.4 MB
[runlim] sample:		3178.0 seconds, 435.9 MB
[runlim] sample:		3188.7 seconds, 417.7 MB
[runlim] sample:		3199.5 seconds, 454.2 MB
[runlim] sample:		3210.4 seconds, 453.9 MB
[runlim] sample:		3221.1 seconds, 459.8 MB
[runlim] sample:		3231.1 seconds, 409.2 MB
[runlim] sample:		3241.9 seconds, 439.0 MB
[runlim] sample:		3252.6 seconds, 429.5 MB
[runlim] sample:		3263.2 seconds, 394.7 MB
[runlim] sample:		3273.9 seconds, 436.6 MB
[runlim] sample:		3284.6 seconds, 409.2 MB
[runlim] sample:		3295.3 seconds, 398.2 MB
[runlim] sample:		3305.8 seconds, 398.1 MB
[runlim] sample:		3316.6 seconds, 413.3 MB
[runlim] sample:		3327.3 seconds, 400.3 MB
[runlim] sample:		3337.3 seconds, 421.2 MB
[runlim] sample:		3348.1 seconds, 446.3 MB
[runlim] sample:		3358.8 seconds, 423.6 MB
[runlim] sample:		3369.6 seconds, 443.1 MB
[runlim] sample:		3380.3 seconds, 420.6 MB
[runlim] sample:		3390.9 seconds, 436.1 MB
[runlim] sample:		3401.4 seconds, 442.1 MB
[runlim] sample:		3412.1 seconds, 446.7 MB
[runlim] sample:		3422.7 seconds, 446.2 MB
[runlim] sample:		3432.7 seconds, 450.8 MB
[runlim] sample:		3443.4 seconds, 405.6 MB
[runlim] sample:		3454.1 seconds, 434.4 MB
[runlim] sample:		3464.8 seconds, 407.8 MB
[runlim] sample:		3475.6 seconds, 441.1 MB
[runlim] sample:		3486.2 seconds, 434.1 MB
[runlim] sample:		3496.9 seconds, 418.9 MB
[runlim] sample:		3507.3 seconds, 475.8 MB
[runlim] sample:		3517.7 seconds, 446.6 MB
[runlim] sample:		3528.3 seconds, 407.3 MB
[runlim] sample:		3538.9 seconds, 430.6 MB
[runlim] sample:		3549.8 seconds, 436.2 MB
[runlim] sample:		3560.4 seconds, 399.2 MB
[runlim] sample:		3571.1 seconds, 403.0 MB
[runlim] sample:		3581.7 seconds, 394.4 MB
[runlim] sample:		3592.4 seconds, 395.3 MB
[runlim] sample:		3603.0 seconds, 399.1 MB
[runlim] sample:		3613.7 seconds, 401.3 MB
[runlim] sample:		3624.3 seconds, 396.9 MB
[runlim] sample:		3634.9 seconds, 391.1 MB
[runlim] sample:		3645.6 seconds, 404.8 MB
[runlim] sample:		3655.6 seconds, 404.8 MB
[runlim] sample:		3666.3 seconds, 417.6 MB
[runlim] sample:		3677.0 seconds, 402.5 MB
[runlim] sample:		3687.6 seconds, 399.9 MB
[runlim] sample:		3698.3 seconds, 397.2 MB
[runlim] sample:		3709.1 seconds, 432.2 MB
[runlim] sample:		3719.9 seconds, 411.8 MB
[runlim] sample:		3730.3 seconds, 400.2 MB
[runlim] sample:		3740.3 seconds, 408.5 MB
[runlim] sample:		3751.1 seconds, 451.8 MB
[runlim] sample:		3761.8 seconds, 420.1 MB
[runlim] sample:		3772.2 seconds, 402.4 MB
[runlim] sample:		3782.9 seconds, 390.6 MB
[runlim] sample:		3793.7 seconds, 431.4 MB
[runlim] sample:		3804.5 seconds, 431.2 MB
[runlim] sample:		3815.2 seconds, 434.0 MB
[runlim] sample:		3825.9 seconds, 417.2 MB
[runlim] end:			Thu Oct  3 23:23:50 2019
[runlim] status:		out of time
[runlim] result:		1
[runlim] children:		0
[runlim] real:			3600.12 seconds
[runlim] time:			3825.89 seconds
[runlim] space:			645.5 MB
[runlim] samples:		36000
