[runlim] version:		1.7
[runlim] time limit:		311040000 seconds
[runlim] real time limit:	3600 seconds
[runlim] space limit:		80000 MB
[runlim] argv[0]:		python3.6
[runlim] argv[1]:		./netsolver-gurobi-mod.py
[runlim] argv[2]:		../../../instances/fattree-bcube/BCube_n16_k2_bw10_cpu16.pn
[runlim] argv[3]:		../../../instances/fattree-bcube/instance_list_6vm_rnd.txt
[runlim] argv[4]:		False
[runlim] argv[5]:		True
[runlim] argv[6]:		timelogs/results.BCube_n16_k2_bw10_cpu16.pn.instance_list_6vm_rnd.txt.log
[runlim] start:			Fri Oct  4 03:23:50 2019
[runlim] main pid:		11237
Academic license - for non-commercial use only
[runlim] sample:		10.0 seconds, 316.2 MB
[runlim] sample:		20.0 seconds, 325.5 MB
[runlim] sample:		30.0 seconds, 449.7 MB
[runlim] sample:		40.0 seconds, 455.1 MB
[runlim] sample:		50.0 seconds, 444.3 MB
[runlim] sample:		60.0 seconds, 414.0 MB
[runlim] sample:		70.0 seconds, 456.3 MB
[runlim] sample:		80.0 seconds, 446.5 MB
[runlim] sample:		90.0 seconds, 446.6 MB
[runlim] sample:		100.0 seconds, 433.2 MB
[runlim] sample:		110.0 seconds, 373.1 MB
[runlim] sample:		120.0 seconds, 358.1 MB
[runlim] sample:		130.0 seconds, 459.5 MB
[runlim] sample:		140.0 seconds, 440.6 MB
[runlim] sample:		150.0 seconds, 443.0 MB
[runlim] sample:		160.0 seconds, 439.0 MB
[runlim] sample:		170.0 seconds, 441.4 MB
[runlim] sample:		180.0 seconds, 429.6 MB
[runlim] sample:		190.0 seconds, 437.3 MB
[runlim] sample:		200.0 seconds, 444.7 MB
[runlim] sample:		210.0 seconds, 440.0 MB
[runlim] sample:		220.0 seconds, 439.0 MB
[runlim] sample:		230.0 seconds, 453.5 MB
[runlim] sample:		240.0 seconds, 440.1 MB
[runlim] sample:		250.0 seconds, 441.2 MB
[runlim] sample:		260.0 seconds, 439.7 MB
[runlim] sample:		270.0 seconds, 432.2 MB
[runlim] sample:		280.0 seconds, 440.4 MB
[runlim] sample:		290.0 seconds, 467.9 MB
[runlim] sample:		300.0 seconds, 465.6 MB
[runlim] sample:		310.0 seconds, 431.9 MB
[runlim] sample:		320.0 seconds, 422.1 MB
[runlim] sample:		330.0 seconds, 374.8 MB
[runlim] sample:		340.0 seconds, 412.0 MB
[runlim] sample:		350.0 seconds, 421.5 MB
[runlim] sample:		360.0 seconds, 431.3 MB
[runlim] sample:		370.0 seconds, 418.9 MB
[runlim] sample:		380.0 seconds, 417.5 MB
[runlim] sample:		390.0 seconds, 420.7 MB
[runlim] sample:		400.0 seconds, 447.6 MB
[runlim] sample:		410.0 seconds, 472.6 MB
[runlim] sample:		420.0 seconds, 456.9 MB
[runlim] sample:		430.0 seconds, 400.2 MB
[runlim] sample:		440.0 seconds, 417.4 MB
[runlim] sample:		450.0 seconds, 439.5 MB
[runlim] sample:		460.0 seconds, 427.6 MB
[runlim] sample:		470.0 seconds, 437.6 MB
[runlim] sample:		480.0 seconds, 426.0 MB
[runlim] sample:		490.0 seconds, 426.0 MB
[runlim] sample:		500.0 seconds, 424.9 MB
[runlim] sample:		510.0 seconds, 443.4 MB
[runlim] sample:		520.0 seconds, 470.8 MB
[runlim] sample:		530.0 seconds, 446.5 MB
[runlim] sample:		540.0 seconds, 435.0 MB
[runlim] sample:		550.0 seconds, 449.5 MB
[runlim] sample:		560.0 seconds, 469.2 MB
[runlim] sample:		570.0 seconds, 441.5 MB
[runlim] sample:		580.0 seconds, 421.2 MB
[runlim] sample:		590.0 seconds, 438.2 MB
[runlim] sample:		600.0 seconds, 450.9 MB
[runlim] sample:		610.0 seconds, 455.1 MB
[runlim] sample:		620.0 seconds, 452.6 MB
[runlim] sample:		630.0 seconds, 452.6 MB
[runlim] sample:		640.0 seconds, 456.9 MB
[runlim] sample:		650.0 seconds, 441.1 MB
[runlim] sample:		660.0 seconds, 389.2 MB
[runlim] sample:		670.0 seconds, 429.7 MB
[runlim] sample:		680.0 seconds, 413.7 MB
[runlim] sample:		690.0 seconds, 442.1 MB
[runlim] sample:		700.0 seconds, 441.9 MB
[runlim] sample:		710.0 seconds, 414.6 MB
[runlim] sample:		720.0 seconds, 411.9 MB
[runlim] sample:		730.0 seconds, 411.8 MB
[runlim] sample:		740.0 seconds, 422.8 MB
[runlim] sample:		750.0 seconds, 437.0 MB
[runlim] sample:		760.0 seconds, 429.0 MB
[runlim] sample:		770.0 seconds, 429.0 MB
[runlim] sample:		780.0 seconds, 438.8 MB
[runlim] sample:		790.0 seconds, 420.4 MB
[runlim] sample:		800.0 seconds, 415.4 MB
[runlim] sample:		810.0 seconds, 425.4 MB
[runlim] sample:		820.0 seconds, 443.5 MB
[runlim] sample:		830.0 seconds, 428.0 MB
[runlim] sample:		840.0 seconds, 428.0 MB
[runlim] sample:		850.0 seconds, 443.3 MB
[runlim] sample:		860.0 seconds, 443.4 MB
[runlim] sample:		870.0 seconds, 477.0 MB
[runlim] sample:		880.0 seconds, 474.8 MB
[runlim] sample:		890.0 seconds, 453.0 MB
[runlim] sample:		900.0 seconds, 467.9 MB
[runlim] sample:		910.0 seconds, 451.5 MB
[runlim] sample:		920.0 seconds, 414.0 MB
[runlim] sample:		930.0 seconds, 488.7 MB
[runlim] sample:		940.0 seconds, 480.4 MB
[runlim] sample:		950.0 seconds, 457.4 MB
[runlim] sample:		960.0 seconds, 454.4 MB
[runlim] sample:		970.0 seconds, 449.9 MB
[runlim] sample:		980.0 seconds, 404.0 MB
[runlim] sample:		990.0 seconds, 402.5 MB
[runlim] sample:		1000.0 seconds, 420.4 MB
[runlim] sample:		1010.0 seconds, 418.6 MB
[runlim] sample:		1020.0 seconds, 432.4 MB
[runlim] sample:		1030.0 seconds, 418.6 MB
[runlim] sample:		1040.0 seconds, 417.3 MB
[runlim] sample:		1050.0 seconds, 420.1 MB
[runlim] sample:		1060.0 seconds, 432.1 MB
[runlim] sample:		1070.0 seconds, 433.1 MB
[runlim] sample:		1080.0 seconds, 466.0 MB
[runlim] sample:		1090.0 seconds, 470.9 MB
[runlim] sample:		1100.0 seconds, 457.6 MB
[runlim] sample:		1110.0 seconds, 472.4 MB
[runlim] sample:		1120.0 seconds, 466.7 MB
[runlim] sample:		1130.0 seconds, 455.5 MB
[runlim] sample:		1140.0 seconds, 457.0 MB
[runlim] sample:		1150.0 seconds, 454.5 MB
[runlim] sample:		1160.0 seconds, 453.5 MB
[runlim] sample:		1170.0 seconds, 450.2 MB
[runlim] sample:		1180.0 seconds, 448.5 MB
[runlim] sample:		1190.0 seconds, 448.2 MB
[runlim] sample:		1200.0 seconds, 447.5 MB
[runlim] sample:		1210.0 seconds, 468.1 MB
[runlim] sample:		1220.0 seconds, 468.2 MB
[runlim] sample:		1230.0 seconds, 454.7 MB
[runlim] sample:		1240.0 seconds, 451.5 MB
[runlim] sample:		1250.0 seconds, 451.2 MB
[runlim] sample:		1260.0 seconds, 398.6 MB
[runlim] sample:		1270.3 seconds, 477.1 MB
[runlim] sample:		1280.3 seconds, 400.2 MB
[runlim] sample:		1290.3 seconds, 400.2 MB
[runlim] sample:		1300.3 seconds, 399.0 MB
[runlim] sample:		1310.3 seconds, 397.2 MB
[runlim] sample:		1320.3 seconds, 416.5 MB
[runlim] sample:		1330.3 seconds, 404.7 MB
[runlim] sample:		1340.3 seconds, 416.1 MB
[runlim] sample:		1350.3 seconds, 406.8 MB
[runlim] sample:		1360.3 seconds, 406.8 MB
[runlim] sample:		1370.3 seconds, 405.2 MB
[runlim] sample:		1380.3 seconds, 404.0 MB
[runlim] sample:		1390.3 seconds, 415.3 MB
[runlim] sample:		1400.3 seconds, 406.1 MB
[runlim] sample:		1410.3 seconds, 414.6 MB
[runlim] sample:		1420.3 seconds, 403.0 MB
[runlim] sample:		1430.3 seconds, 399.5 MB
[runlim] sample:		1440.3 seconds, 397.7 MB
[runlim] sample:		1450.3 seconds, 397.7 MB
[runlim] sample:		1460.3 seconds, 416.5 MB
[runlim] sample:		1470.3 seconds, 402.7 MB
[runlim] sample:		1480.3 seconds, 416.3 MB
[runlim] sample:		1490.3 seconds, 414.1 MB
[runlim] sample:		1500.3 seconds, 417.0 MB
[runlim] sample:		1510.3 seconds, 432.0 MB
[runlim] sample:		1520.3 seconds, 411.5 MB
[runlim] sample:		1530.3 seconds, 409.5 MB
[runlim] sample:		1540.3 seconds, 407.7 MB
[runlim] sample:		1550.3 seconds, 427.4 MB
[runlim] sample:		1560.3 seconds, 440.0 MB
[runlim] sample:		1570.3 seconds, 439.7 MB
[runlim] sample:		1580.3 seconds, 419.2 MB
[runlim] sample:		1590.3 seconds, 419.0 MB
[runlim] sample:		1600.3 seconds, 418.5 MB
[runlim] sample:		1610.3 seconds, 414.5 MB
[runlim] sample:		1620.3 seconds, 412.2 MB
[runlim] sample:		1630.3 seconds, 416.6 MB
[runlim] sample:		1640.3 seconds, 412.0 MB
[runlim] sample:		1650.3 seconds, 427.7 MB
[runlim] sample:		1660.3 seconds, 427.7 MB
[runlim] sample:		1670.3 seconds, 406.7 MB
[runlim] sample:		1680.3 seconds, 406.7 MB
[runlim] sample:		1690.3 seconds, 416.5 MB
[runlim] sample:		1700.3 seconds, 413.2 MB
[runlim] sample:		1710.3 seconds, 412.5 MB
[runlim] sample:		1720.3 seconds, 411.0 MB
[runlim] sample:		1730.3 seconds, 427.1 MB
[runlim] sample:		1740.3 seconds, 440.3 MB
[runlim] sample:		1750.3 seconds, 453.7 MB
[runlim] sample:		1760.3 seconds, 451.5 MB
[runlim] sample:		1770.3 seconds, 449.5 MB
[runlim] sample:		1780.3 seconds, 449.2 MB
[runlim] sample:		1790.3 seconds, 431.6 MB
[runlim] sample:		1800.3 seconds, 410.1 MB
[runlim] sample:		1810.3 seconds, 409.8 MB
[runlim] sample:		1820.3 seconds, 438.1 MB
[runlim] sample:		1830.3 seconds, 437.8 MB
[runlim] sample:		1840.3 seconds, 462.5 MB
[runlim] sample:		1850.3 seconds, 427.1 MB
[runlim] sample:		1860.3 seconds, 415.6 MB
[runlim] sample:		1870.3 seconds, 413.1 MB
[runlim] sample:		1880.3 seconds, 404.1 MB
[runlim] sample:		1890.3 seconds, 404.1 MB
[runlim] sample:		1900.3 seconds, 403.3 MB
[runlim] sample:		1910.3 seconds, 404.6 MB
[runlim] sample:		1920.3 seconds, 404.6 MB
[runlim] sample:		1930.3 seconds, 404.1 MB
[runlim] sample:		1940.3 seconds, 411.2 MB
[runlim] sample:		1950.3 seconds, 404.1 MB
[runlim] sample:		1960.3 seconds, 404.1 MB
[runlim] sample:		1970.3 seconds, 411.2 MB
[runlim] sample:		1980.3 seconds, 406.0 MB
[runlim] sample:		1990.3 seconds, 405.8 MB
[runlim] sample:		2000.3 seconds, 411.5 MB
[runlim] sample:		2010.3 seconds, 406.3 MB
[runlim] sample:		2020.3 seconds, 406.1 MB
[runlim] sample:		2030.3 seconds, 412.0 MB
[runlim] sample:		2040.3 seconds, 406.3 MB
[runlim] sample:		2050.3 seconds, 406.1 MB
[runlim] sample:		2060.3 seconds, 422.8 MB
[runlim] sample:		2070.3 seconds, 423.6 MB
[runlim] sample:		2080.3 seconds, 421.3 MB
[runlim] sample:		2090.3 seconds, 410.6 MB
[runlim] sample:		2100.3 seconds, 410.6 MB
[runlim] sample:		2110.3 seconds, 410.1 MB
[runlim] sample:		2120.3 seconds, 409.8 MB
[runlim] sample:		2130.3 seconds, 409.3 MB
[runlim] sample:		2140.3 seconds, 409.7 MB
[runlim] sample:		2150.3 seconds, 409.0 MB
[runlim] sample:		2160.3 seconds, 408.8 MB
[runlim] sample:		2170.3 seconds, 407.3 MB
[runlim] sample:		2180.3 seconds, 407.3 MB
[runlim] sample:		2190.3 seconds, 409.8 MB
[runlim] sample:		2200.3 seconds, 407.5 MB
[runlim] sample:		2210.3 seconds, 406.6 MB
[runlim] sample:		2220.3 seconds, 405.6 MB
[runlim] sample:		2230.3 seconds, 405.6 MB
[runlim] sample:		2240.3 seconds, 410.0 MB
[runlim] sample:		2250.3 seconds, 417.5 MB
[runlim] sample:		2260.3 seconds, 427.6 MB
[runlim] sample:		2270.3 seconds, 408.8 MB
[runlim] sample:		2280.3 seconds, 411.1 MB
[runlim] sample:		2290.3 seconds, 436.8 MB
[runlim] sample:		2300.3 seconds, 411.3 MB
[runlim] sample:		2310.3 seconds, 408.1 MB
[runlim] sample:		2320.3 seconds, 406.6 MB
[runlim] sample:		2330.3 seconds, 409.7 MB
[runlim] sample:		2340.3 seconds, 406.6 MB
[runlim] sample:		2350.3 seconds, 406.6 MB
[runlim] sample:		2360.3 seconds, 406.3 MB
[runlim] sample:		2370.3 seconds, 409.9 MB
[runlim] sample:		2380.3 seconds, 406.6 MB
[runlim] sample:		2390.3 seconds, 409.9 MB
[runlim] sample:		2400.3 seconds, 417.8 MB
[runlim] sample:		2410.3 seconds, 417.8 MB
[runlim] sample:		2420.3 seconds, 427.1 MB
[runlim] sample:		2430.3 seconds, 409.3 MB
[runlim] sample:		2440.3 seconds, 439.4 MB
[runlim] sample:		2450.3 seconds, 471.1 MB
[runlim] sample:		2460.3 seconds, 467.7 MB
[runlim] sample:		2470.3 seconds, 467.7 MB
[runlim] sample:		2480.3 seconds, 469.9 MB
[runlim] sample:		2490.3 seconds, 463.7 MB
[runlim] sample:		2500.3 seconds, 415.1 MB
[runlim] sample:		2510.3 seconds, 413.8 MB
[runlim] sample:		2520.3 seconds, 413.3 MB
[runlim] sample:		2530.3 seconds, 411.8 MB
[runlim] sample:		2540.3 seconds, 410.6 MB
[runlim] sample:		2550.3 seconds, 410.1 MB
[runlim] sample:		2560.3 seconds, 410.1 MB
[runlim] sample:		2570.3 seconds, 410.1 MB
[runlim] sample:		2580.3 seconds, 409.8 MB
[runlim] sample:		2590.3 seconds, 409.8 MB
[runlim] sample:		2600.3 seconds, 408.8 MB
[runlim] sample:		2610.3 seconds, 427.9 MB
[runlim] sample:		2620.3 seconds, 431.3 MB
[runlim] sample:		2630.3 seconds, 415.6 MB
[runlim] sample:		2640.3 seconds, 420.8 MB
[runlim] sample:		2650.3 seconds, 427.3 MB
[runlim] sample:		2660.3 seconds, 411.1 MB
[runlim] sample:		2670.3 seconds, 410.8 MB
[runlim] sample:		2680.3 seconds, 410.8 MB
[runlim] sample:		2690.3 seconds, 410.8 MB
[runlim] sample:		2700.3 seconds, 459.5 MB
[runlim] sample:		2710.3 seconds, 414.1 MB
[runlim] sample:		2720.3 seconds, 412.1 MB
[runlim] sample:		2730.3 seconds, 411.1 MB
[runlim] sample:		2740.3 seconds, 431.7 MB
[runlim] sample:		2750.3 seconds, 411.6 MB
[runlim] sample:		2760.3 seconds, 410.8 MB
[runlim] sample:		2770.3 seconds, 449.5 MB
[runlim] sample:		2780.3 seconds, 470.1 MB
[runlim] sample:		2790.3 seconds, 450.1 MB
[runlim] sample:		2800.3 seconds, 448.1 MB
[runlim] sample:		2810.3 seconds, 447.6 MB
[runlim] sample:		2820.3 seconds, 459.4 MB
[runlim] sample:		2830.3 seconds, 466.1 MB
[runlim] sample:		2840.3 seconds, 454.1 MB
[runlim] sample:		2850.3 seconds, 410.1 MB
[runlim] sample:		2860.3 seconds, 410.1 MB
[runlim] sample:		2870.3 seconds, 410.1 MB
[runlim] sample:		2880.3 seconds, 420.9 MB
[runlim] sample:		2890.3 seconds, 459.3 MB
[runlim] sample:		2900.3 seconds, 466.0 MB
[runlim] sample:		2910.3 seconds, 451.0 MB
[runlim] sample:		2920.3 seconds, 459.2 MB
[runlim] sample:		2930.3 seconds, 453.0 MB
[runlim] sample:		2940.3 seconds, 451.5 MB
[runlim] sample:		2950.3 seconds, 459.5 MB
[runlim] sample:		2960.3 seconds, 421.1 MB
[runlim] sample:		2970.3 seconds, 438.6 MB
[runlim] sample:		2980.3 seconds, 421.1 MB
[runlim] sample:		2990.3 seconds, 421.0 MB
[runlim] sample:		3000.3 seconds, 427.7 MB
[runlim] sample:		3010.3 seconds, 425.3 MB
[runlim] sample:		3020.3 seconds, 414.6 MB
[runlim] sample:		3030.3 seconds, 414.1 MB
[runlim] sample:		3040.3 seconds, 421.0 MB
[runlim] sample:		3050.3 seconds, 416.8 MB
[runlim] sample:		3060.3 seconds, 414.1 MB
[runlim] sample:		3070.3 seconds, 414.1 MB
[runlim] sample:		3080.3 seconds, 413.8 MB
[runlim] sample:		3090.3 seconds, 413.8 MB
[runlim] sample:		3100.3 seconds, 413.6 MB
[runlim] sample:		3110.3 seconds, 413.6 MB
[runlim] sample:		3120.3 seconds, 431.6 MB
[runlim] sample:		3130.3 seconds, 420.6 MB
[runlim] sample:		3140.3 seconds, 414.8 MB
[runlim] sample:		3150.3 seconds, 414.8 MB
[runlim] sample:		3160.3 seconds, 414.8 MB
[runlim] sample:		3170.3 seconds, 414.6 MB
[runlim] sample:		3180.3 seconds, 414.6 MB
[runlim] sample:		3190.3 seconds, 414.6 MB
[runlim] sample:		3200.3 seconds, 414.6 MB
[runlim] sample:		3210.3 seconds, 414.6 MB
[runlim] sample:		3220.3 seconds, 442.4 MB
[runlim] sample:		3230.3 seconds, 423.3 MB
[runlim] sample:		3240.3 seconds, 414.1 MB
[runlim] sample:		3250.3 seconds, 414.1 MB
[runlim] sample:		3260.3 seconds, 421.0 MB
[runlim] sample:		3270.3 seconds, 415.1 MB
[runlim] sample:		3280.3 seconds, 415.1 MB
[runlim] sample:		3290.3 seconds, 431.8 MB
[runlim] sample:		3300.3 seconds, 415.1 MB
[runlim] sample:		3310.3 seconds, 414.1 MB
[runlim] sample:		3320.3 seconds, 413.9 MB
[runlim] sample:		3330.3 seconds, 413.9 MB
[runlim] sample:		3340.3 seconds, 413.9 MB
[runlim] sample:		3350.3 seconds, 428.3 MB
[runlim] sample:		3360.3 seconds, 431.6 MB
[runlim] sample:		3370.3 seconds, 413.6 MB
[runlim] sample:		3380.3 seconds, 413.1 MB
[runlim] sample:		3390.3 seconds, 413.1 MB
[runlim] sample:		3400.3 seconds, 418.0 MB
[runlim] sample:		3410.3 seconds, 413.4 MB
[runlim] sample:		3420.3 seconds, 413.4 MB
[runlim] sample:		3430.3 seconds, 413.4 MB
[runlim] sample:		3440.3 seconds, 413.4 MB
[runlim] sample:		3450.3 seconds, 431.9 MB
[runlim] sample:		3460.3 seconds, 415.6 MB
[runlim] sample:		3470.3 seconds, 415.6 MB
[runlim] sample:		3480.3 seconds, 415.3 MB
[runlim] sample:		3490.3 seconds, 415.3 MB
[runlim] sample:		3500.3 seconds, 415.3 MB
[runlim] sample:		3510.3 seconds, 414.8 MB
[runlim] sample:		3520.3 seconds, 414.8 MB
[runlim] sample:		3530.3 seconds, 421.0 MB
[runlim] sample:		3540.3 seconds, 421.0 MB
[runlim] sample:		3550.3 seconds, 414.6 MB
[runlim] sample:		3560.3 seconds, 414.6 MB
[runlim] sample:		3570.3 seconds, 421.0 MB
[runlim] sample:		3580.3 seconds, 427.8 MB
[runlim] sample:		3590.3 seconds, 415.3 MB
[runlim] end:			Fri Oct  4 04:23:50 2019
[runlim] status:		out of time
[runlim] result:		1
[runlim] children:		0
[runlim] real:			3600.10 seconds
[runlim] time:			3600.19 seconds
[runlim] space:			565.7 MB
[runlim] samples:		35999
