# instance ../../../instances/fattree-bcube/Fattree_n16_k2_bw10_cpu16.pn
# Settings: PN=../../../instances/fattree-bcube/Fattree_n16_k2_bw10_cpu16.pn, VN=../../../instances/fattree-bcube/instance_list_6vm_rnd.txt, multi-thread=True
init 0.048674 0.048674
1 2.956685 3.005359
2 2.836352 5.841859
3 3.163846 9.005837
4 2.83756 11.843524
5 2.115508 13.959165
6 2.883244 16.842537
7 2.863943 19.706603
8 2.293035 21.999771
9 2.251322 24.251206
10 2.079228 26.330548
11 3.134255 29.464936
12 2.88236 32.347424
13 2.614774 34.962331
14 2.877231 37.839681
15 2.307192 40.147007
16 2.808438 42.955562
17 2.80516 45.760852
18 2.692537 48.453524
19 2.610331 51.063973
20 2.87982 53.943914
21 2.81219 56.756236
22 2.879114 59.635479
23 2.311031 61.946643
24 3.137709 65.084464
25 2.919487 68.004089
26 2.10263 70.106852
27 2.230983 72.337964
28 2.099573 74.43765
29 2.724075 77.16186
30 2.859024 80.021011
31 2.874456 82.895595
32 2.314478 85.210203
33 2.788123 87.998446
34 2.99379 90.99237
35 3.353347 94.345834
36 2.368112 96.71408
37 2.767381 99.481575
38 2.867264 102.348972
39 2.887784 105.236886
40 2.815993 108.053015
41 2.886791 110.93994
42 2.318285 113.258355
43 3.143622 116.402096
44 2.923566 119.325797
45 2.134583 121.46051
46 2.716791 124.177436
47 3.253379 127.43095
48 2.14962 129.580701
49 2.05392 131.634754
50 2.720174 134.355059
51 2.860185 137.215373
52 2.888528 140.104037
53 2.624904 142.729074
54 2.886121 145.615313
55 2.318375 147.933816
56 2.864581 150.798513
57 2.348448 153.14709
58 2.602338 155.749541
59 2.935577 158.685238
60 2.535935 161.221303
61 2.263454 163.484902
62 2.328692 165.813714
63 2.886672 168.7005
64 2.999289 171.699921
65 2.89485 174.594899
66 3.005957 177.600988
67 2.296713 179.897836
68 2.512389 182.410338
69 2.949291 185.359759
70 2.940798 188.300691
71 2.93258 191.233399
72 2.930784 194.164332
73 3.019194 197.183657
74 2.915568 200.099347
75 2.989455 203.08893
76 2.972309 206.061366
77 2.350981 208.412495
78 3.313044 211.725657
79 3.028632 214.754422
80 3.123901 217.878452
81 2.171451 220.050037
82 2.229652 222.27982
83 2.124199 224.404134
84 3.051539 227.455807
85 2.197071 229.653003
86 3.053825 232.706969
87 2.70354 235.410633
88 2.104586 237.515345
89 2.286791 239.802269
90 3.089187 242.891581
91 2.73611 245.627823
92 2.927115 248.555067
93 3.263446 251.818641
94 3.559214 255.377981
95 2.684215 258.062332
96 3.118502 261.180962
97 2.646082 263.827173
98 2.640553 266.467852
99 3.092492 269.560472
100 2.153085 271.713688
101 2.902664 274.616488
102 2.133634 276.750252
103 2.950073 279.70047
104 3.014076 282.714672
105 2.502668 285.217469
106 2.925267 288.142872
107 2.17356 290.316561
108 3.253688 293.570389
109 2.179556 295.750077
110 2.061843 297.812068
111 2.392569 300.20477
112 2.105759 302.310673
113 2.914188 305.224999
114 3.01874 308.243867
115 2.995041 311.239037
116 3.043855 314.283015
117 3.002642 317.285792
118 2.555001 319.840922
119 2.93682 322.777885
120 3.037154 325.815175
121 3.010219 328.825525
122 3.060191 331.885839
123 2.601709 334.487682
124 2.121961 336.609776
125 2.410636 339.020547
126 2.938641 341.959331
127 3.031329 344.990787
128 2.994579 347.985499
129 3.045207 351.03084
130 3.384418 354.415388
131 3.04311 357.458627
132 3.062467 360.521226
133 2.495391 363.016742
134 3.004856 366.02174
135 3.388119 369.409991
136 3.464816 372.874932
137 3.076148 375.95121
138 3.006798 378.958134
139 3.051742 382.010007
140 2.609387 384.619519
141 3.015485 387.635134
142 2.957953 390.593209
143 3.048195 393.641531
144 3.41673 397.058386
145 2.206399 399.264914
146 2.887833 402.152886
147 3.009446 405.162458
148 3.049572 408.212162
149 2.606742 410.819031
150 2.974717 413.793881
151 3.420713 417.214717
152 3.493468 420.708321
153 3.021886 423.730333
154 2.612867 426.343335
155 3.407441 429.750904
156 3.010774 432.761805
157 2.6313 435.393233
158 3.371483 438.764846
159 3.430146 442.195115
160 3.47264 445.667888
161 3.06746 448.735472
162 3.007175 451.742777
163 2.151875 453.894776
164 2.074563 455.969475
165 2.888566 458.85818
166 2.552751 461.411058
167 2.463112 463.874302
168 2.555627 466.430065
169 3.000277 469.43049
170 3.008398 472.439013
171 2.560069 474.99921
172 2.939265 477.938608
173 3.042707 480.981445
174 3.019002 484.000584
175 3.050084 487.050799
176 2.495058 489.545991
177 3.000639 492.54677
178 2.971641 495.518541
179 2.660046 498.178712
180 2.916461 501.095313
181 3.407401 504.502838
182 3.099104 507.602068
183 3.024671 510.626869
184 2.992377 513.61937
185 2.986835 516.606333
186 3.0442 519.650657
187 3.011888 522.662676
188 3.05234 525.715139
189 3.066102 528.781372
190 2.612597 531.394125
191 2.973891 534.368141
192 3.057868 537.426143
193 2.990639 540.416905
194 2.158214 542.575243
195 2.502809 545.078201
196 2.997516 548.075851
197 2.98152 551.057499
198 3.40899 554.46662
199 3.090016 557.556764
200 3.380831 560.937725
201 3.459211 564.397061
202 3.052461 567.44965
203 2.164633 569.614409
204 2.903961 572.51851
205 3.039274 575.557908
206 2.48998 578.048017
207 2.114714 580.162872
208 2.948271 583.11128
209 2.979533 586.090941
210 3.042362 589.133425
211 2.987472 592.121038
212 3.420549 595.541711
213 3.046797 598.588636
214 2.149211 600.737975
215 3.31184 604.049962
216 3.471941 607.522037
217 3.428035 610.950196
218 3.45986 614.410178
219 3.097308 617.507612
220 2.597071 620.104814
221 3.004377 623.109313
222 2.60115 625.710609
223 2.119701 627.830443
224 2.519822 630.350404
225 3.003015 633.353545
226 2.971027 636.324696
227 3.04471 639.369537
228 3.006351 642.376018
229 2.156428 644.532583
230 3.312825 647.84555
231 3.046392 650.892071
232 2.9943 653.886495
233 3.403171 657.289796
234 3.062913 660.352837
235 3.041211 663.394181
236 2.969038 666.363347
237 3.047146 669.410622
238 3.443878 672.854625
239 2.557562 675.412314
240 2.572651 677.985105
241 3.358176 681.343413
242 3.058587 684.402126
243 2.485836 686.888089
244 3.365239 690.253467
245 3.052199 693.305796
246 3.047004 696.352923
247 2.158575 698.511629
248 2.949806 701.461568
249 3.363226 704.824928
250 3.045898 707.870953
251 2.150916 710.022004
252 2.94398 712.966123
253 2.955625 715.921879
254 3.044612 718.966619
255 3.375174 722.341927
256 3.09535 725.437401
257 2.988964 728.426515
258 3.418537 731.845176
259 2.5683 734.413609
260 3.006937 737.42068
261 3.381107 740.801912
262 3.476096 744.278133
263 3.055619 747.333886
264 3.386306 750.720314
265 3.082191 753.802632
266 2.48854 756.291296
267 2.994543 759.28598
268 3.372261 762.658371
269 2.240509 764.899008
270 2.903361 767.802507
271 2.516706 770.319342
272 3.004061 773.32354
273 2.508586 775.832249
274 2.133463 777.96586
275 3.279527 781.24553
276 3.092833 784.338493
277 2.496405 786.835026
278 3.00967 789.844835
279 3.02159 792.866554
280 3.020459 795.887142
281 2.977389 798.864666
282 3.016791 801.881592
283 2.566895 804.448622
284 3.331422 807.780169
285 3.442431 811.222736
286 2.184338 813.407198
287 2.920356 816.327692
288 3.354285 819.682102
289 2.514486 822.196732
290 3.345149 825.542015
291 3.083362 828.625508
292 2.111026 830.736657
293 2.907445 833.644252
294 3.034042 836.678421
295 2.480572 839.159128
296 3.366189 842.525465
297 3.01546 845.541049
298 2.169922 847.711101
299 2.061392 849.77263
300 2.502637 852.275408
301 3.359686 855.635233
302 2.617103 858.252461
303 2.091965 860.344563
304 2.409245 862.753948
305 3.349355 866.103444
306 3.032879 869.136457
307 3.020779 872.157361
308 2.959159 875.116662
309 3.028355 878.145139
310 2.997359 881.142627
311 2.139799 883.282554
312 2.888142 886.170846
313 2.999016 889.169996
314 3.383254 892.553379
315 2.686088 895.239632
316 2.960925 898.200683
317 3.392946 901.593759
318 3.034833 904.628715
319 3.029464 907.658306
320 2.963939 910.622375
321 2.168558 912.791058
322 3.327086 916.118282
323 3.410931 919.529342
324 3.028755 922.558245
325 3.040496 925.598868
326 2.488555 928.087553
327 3.35783 931.445524
328 2.184881 933.63053
329 3.335375 936.966047
330 2.986589 939.952766
331 3.007792 942.960672
332 3.412898 946.373697
333 3.052448 949.426276
334 3.37122 952.79762
335 3.080267 955.878016
336 2.983952 958.862102
337 2.173037 961.035269
338 3.246869 964.282281
339 3.05572 967.338136
340 2.469221 969.807494
341 2.979047 972.78668
342 2.946916 975.73375
343 2.54228 978.276162
344 3.302443 981.578752
345 3.083834 984.66272
346 2.594344 987.257194
347 2.959066 990.216398
348 2.954268 993.170799
349 3.399362 996.570293
350 3.043636 999.614053
351 2.991923 1002.606109
352 2.607812 1005.214047
353 3.357742 1008.571925
354 3.020001 1011.592062
355 2.132198 1013.724392
356 2.902229 1016.626768
357 3.344404 1019.971305
358 3.456198 1023.427632
359 3.00869 1026.43645
360 3.406063 1029.842649
361 3.462014 1033.304787
362 3.410111 1036.715031
363 2.514707 1039.229869
364 2.986732 1042.21675
365 2.943022 1045.159906
366 2.537527 1047.697575
367 2.904999 1050.602713
368 2.544786 1053.147632
369 2.550559 1055.698331
370 2.985606 1058.684073
371 3.362435 1062.046642
372 3.459172 1065.505946
373 3.036791 1068.542871
374 3.359306 1071.902309
375 3.066135 1074.968575
376 2.142217 1077.110923
377 2.073723 1079.184789
378 2.874288 1082.059223
379 3.001373 1085.060731
380 2.949368 1088.010234
381 3.024075 1091.034444
382 3.42701 1094.461588
383 2.993238 1097.454956
384 3.023496 1100.478588
385 2.947128 1103.425847
386 2.141437 1105.56742
387 2.86369 1108.431253
388 3.011147 1111.442535
389 2.571144 1114.013814
390 2.090851 1116.104798
391 2.913755 1119.018704
392 3.351892 1122.37073
393 3.014789 1125.385653
394 3.392554 1128.77834
395 3.450912 1132.22939
396 3.408325 1135.637871
397 3.066402 1138.70441
398 2.990927 1141.695469
399 3.034158 1144.72977
400 2.142387 1146.872292
401 2.485587 1149.358028
402 2.951767 1152.309925
403 2.474679 1154.784735
404 2.974881 1157.759759
405 2.953229 1160.71312
406 3.033403 1163.74666
407 2.487891 1166.234686
408 2.942991 1169.177826
409 2.972816 1172.150774
410 2.994047 1175.144957
411 3.410047 1178.555137
412 3.03508 1181.590351
413 2.616782 1184.207265
414 2.426462 1186.633869
415 2.44663 1189.080644
416 2.946631 1192.027415
417 3.0185 1195.046049
418 2.924115 1197.970301
419 3.388539 1201.358972
420 3.447586 1204.806692
421 3.014031 1207.820853
422 3.026903 1210.847893
423 3.034105 1213.882128
424 2.957437 1216.839703
425 3.410609 1220.250444
426 3.027122 1223.2777
427 3.404352 1226.682184
428 2.662189 1229.344511
429 3.360116 1232.704761
430 3.025482 1235.730382
431 2.144186 1237.874699
432 2.022683 1239.897529
433 2.897582 1242.795248
434 2.502536 1245.297913
435 2.991671 1248.289733
436 2.937056 1251.226925
437 3.389381 1254.616442
438 2.552105 1257.168684
439 2.992227 1260.161051
440 2.937086 1263.098272
441 3.016237 1266.114638
442 2.987829 1269.102604
443 3.411011 1272.513746
444 2.571204 1275.085085
445 2.906606 1277.99183
446 3.002366 1280.994328
447 3.407226 1284.40168
448 2.65158 1287.053398
449 2.951627 1290.005185
450 2.134476 1292.139789
451 2.486966 1294.626903
452 2.961887 1297.588929
453 2.979142 1300.568196
454 2.504822 1303.073153
455 2.560295 1305.633593
456 2.0932 1307.726934
457 2.489681 1310.216757
458 2.961912 1313.178802
459 2.951461 1316.1304
460 3.000047 1319.130578
461 2.505155 1321.635869
462 2.94951 1324.585518
463 2.103118 1326.688772
464 2.915476 1329.604392
465 2.474729 1332.079255
466 2.526369 1334.605759
467 2.111101 1336.716987
468 2.885207 1339.60234
469 3.010631 1342.6131
470 2.961824 1345.575059
471 3.031461 1348.606651
472 2.941546 1351.548333
473 3.012539 1354.561005
474 2.500704 1357.061847
475 2.991531 1360.053526
476 2.961959 1363.015627
477 2.174592 1365.190351
478 3.323746 1368.514244
479 2.14751 1370.661887
480 2.062531 1372.724557
481 2.393281 1375.117973
482 2.984289 1378.102404
483 2.588019 1380.690552
484 3.328304 1384.018991
485 3.076907 1387.096031
486 2.477079 1389.573246
487 2.983158 1392.556547
488 2.98554 1395.542227
489 3.043531 1398.58589
490 2.485046 1401.071074
491 2.990915 1404.062126
492 2.963942 1407.026201
493 3.395661 1410.421996
494 2.666353 1413.08848
495 2.101667 1415.190284
496 2.501646 1417.692069
497 2.42191 1420.114116
498 2.975352 1423.0896
499 2.579072 1425.668802
500 3.347191 1429.016138
501 3.446068 1432.462338
502 2.189155 1434.651628
503 3.254365 1437.906138
504 3.067606 1440.973877
505 2.578819 1443.552831
506 2.561256 1446.114219
507 3.318381 1449.432739
508 3.438042 1452.87093
509 3.062933 1455.933996
510 3.014566 1458.948693
511 2.955848 1461.904678
512 2.617422 1464.522235
513 3.348869 1467.871245
514 2.631857 1470.503234
515 2.447689 1472.951055
516 2.965924 1475.917121
517 2.611277 1478.528534
518 2.101034 1480.629706
519 2.383205 1483.013041
520 2.097809 1485.110987
521 2.882789 1487.993917
522 2.162672 1490.15672
523 2.923037 1493.0799
524 2.940528 1496.020559
525 2.501665 1498.522366
526 3.345168 1501.867675
527 3.457423 1505.325231
528 3.000082 1508.325449
529 2.975987 1511.301572
530 3.047687 1514.349385
531 2.106717 1516.45626
532 2.936538 1519.39294
533 2.92666 1522.319731
534 3.029455 1525.349317
535 2.988206 1528.33767
536 2.606795 1530.9446
537 2.98764 1533.932376
538 2.931708 1536.864221
539 2.541237 1539.405591
540 2.91859 1542.324325
541 3.00027 1545.324728
542 2.14975 1547.474613
543 3.262542 1550.737301
544 3.428777 1554.166226
545 3.084039 1557.250401
546 3.364064 1560.614595
547 3.029501 1563.644225
548 3.382832 1567.027186
549 3.080753 1570.10808
550 3.35622 1573.464431
551 3.01719 1576.481757
552 3.388827 1579.870715
553 3.457873 1583.328723
554 3.048352 1586.377208
555 3.03511 1589.412455
556 2.480794 1591.893381
557 2.97998 1594.87352
558 2.954849 1597.828503
559 3.390277 1601.218911
560 2.566719 1603.785769
561 2.955891 1606.741804
562 2.138181 1608.880124
563 2.924562 1611.804828
564 2.105985 1613.910949
565 2.917458 1616.828555
566 2.572869 1619.401555
567 2.988151 1622.389839
568 3.363902 1625.753865
569 3.449962 1629.203961
570 3.04849 1632.25258
571 2.994537 1635.247253
572 3.018908 1638.266297
573 2.955122 1641.221556
574 3.033955 1644.255645
575 2.989662 1647.245448
576 3.039644 1650.285234
577 3.3559 1653.641267
578 3.083781 1656.72518
579 3.010054 1659.735373
580 2.593257 1662.328766
581 2.106273 1664.43518
582 3.258319 1667.693644
583 2.658047 1670.351821
584 3.34889 1673.700854
585 3.023811 1676.724799
586 3.391693 1680.11663
587 3.090312 1683.207072
588 2.958777 1686.165986
589 3.005884 1689.172004
590 2.57992 1691.752061
591 2.449384 1694.201577
592 2.979296 1697.181019
593 2.148632 1699.32979
594 2.871011 1702.200949
595 2.542819 1704.743915
596 2.552104 1707.296165
597 3.344489 1710.640787
598 3.025624 1713.666542
599 2.967362 1716.634034
600 2.616661 1719.250834
601 3.343283 1722.594251
602 3.401916 1725.996301
603 2.561621 1728.55805
604 2.538636 1731.09683
605 2.418347 1733.515308
606 2.503545 1736.018997
607 3.314846 1739.333987
608 2.178565 1741.512678
609 2.866928 1744.379753
610 3.437356 1747.817237
611 3.006274 1750.823646
612 2.138601 1752.962379
613 2.881135 1755.84366
614 2.490701 1758.334496
615 2.117563 1760.452197
616 3.300985 1763.753324
617 3.024381 1766.777856
618 3.01538 1769.793369
619 2.106035 1771.899547
620 2.058482 1773.958166
621 3.295903 1777.254204
622 2.511589 1779.765936
623 2.980965 1782.747042
624 3.006193 1785.753376
625 2.972896 1788.726439
626 3.030305 1791.756886
627 3.383642 1795.140659
628 3.415505 1798.556305
629 2.6182 1801.174636
630 2.097954 1803.272725
631 3.300046 1806.572911
632 3.395258 1809.968305
633 2.184544 1812.152979
634 2.912374 1815.065505
635 3.350677 1818.416321
636 2.17952 1820.595972
637 2.911875 1823.507991
638 2.102811 1825.610933
639 2.932837 1828.54392
640 2.916675 1831.460728
641 2.165048 1833.625908
642 2.393367 1836.019424
643 2.993959 1839.013539
644 2.94811 1841.96178
645 2.535906 1844.497822
646 2.446087 1846.944053
647 2.930067 1849.874265
648 2.492528 1852.36693
649 2.601219 1854.968286
650 2.912207 1857.880628
651 3.37754 1861.258304
652 2.653596 1863.912031
653 2.094466 1866.006635
654 2.494051 1868.500829
655 3.318464 1871.819423
656 3.013415 1874.83297
657 3.022942 1877.856043
658 2.141957 1879.998138
659 2.394213 1882.392488
660 3.347417 1885.740047
661 3.452943 1889.193128
662 3.371605 1892.564858
663 2.65014 1895.215134
664 2.420213 1897.635476
665 2.498937 1900.134558
666 2.070076 1902.204769
667 2.916773 1905.121679
668 3.394721 1908.516535
669 3.042649 1911.559321
670 2.510881 1914.070335
671 2.927791 1916.998276
672 3.006683 1920.005095
673 2.986538 1922.991782
674 3.040909 1926.032827
675 2.93868 1928.971637
676 2.164179 1931.135953
677 2.923667 1934.059757
678 2.47443 1936.534321
679 2.974669 1939.509134
680 2.478627 1941.987894
681 2.098908 1944.08694
682 2.925118 1947.012198
683 2.571612 1949.583943
684 2.424692 1952.008772
685 2.964779 1954.97369
686 2.614371 1957.588204
687 2.915605 1960.50395
688 3.024204 1963.528284
689 2.150848 1965.679269
690 3.268468 1968.947879
691 3.055135 1972.00315
692 2.953369 1974.956649
693 3.01932 1977.976105
694 3.360858 1981.3371
695 3.430769 1984.767996
696 3.065734 1987.833867
697 2.950798 1990.7848
698 3.023444 1993.808378
699 2.983922 1996.792431
700 3.022622 1999.815188
701 2.614727 2002.430046
702 3.346037 2005.776222
703 3.455734 2009.232088
704 2.620486 2011.85271
705 2.98671 2014.839553
706 2.941218 2017.780909
707 3.003606 2020.784647
708 3.351582 2024.136368
709 3.057009 2027.193508
710 2.980043 2030.173685
711 3.03548 2033.209298
712 2.154345 2035.36381
713 2.028562 2037.392513
714 3.282831 2040.675487
715 3.05602 2043.731638
716 2.969392 2046.701163
717 2.546192 2049.247491
718 2.901256 2052.148886
719 3.374958 2055.523984
720 3.081783 2058.605907
721 2.982158 2061.588197
722 3.394263 2064.982595
723 3.089615 2068.072344
724 2.976396 2071.04888
725 2.570626 2073.619636
726 2.957528 2076.577298
727 2.606068 2079.18351
728 3.345421 2082.529067
729 3.036422 2085.565619
730 3.41099 2088.976753
731 3.463682 2092.440564
732 3.004275 2095.444975
733 2.14574 2097.590845
734 2.067657 2099.658649
735 2.863155 2102.521946
736 2.991254 2105.513336
737 3.390188 2108.903669
738 3.452872 2112.356669
739 3.407375 2115.764178
740 3.431108 2119.195417
741 3.452633 2122.648184
742 3.057469 2125.705782
743 2.586345 2128.292263
744 3.316694 2131.609093
745 3.062844 2134.672072
746 2.987429 2137.659633
747 3.019974 2140.679743
748 2.978819 2143.658693
749 2.606334 2146.265163
750 3.359412 2149.62471
751 3.020206 2152.645053
752 2.966068 2155.611253
753 3.396025 2159.007414
754 3.017935 2162.025479
755 2.142856 2164.168475
756 2.385057 2166.553674
757 2.544999 2169.098814
758 2.965654 2172.064603
759 2.966705 2175.03144
760 2.504668 2177.536243
761 3.335819 2180.872203
762 3.031578 2183.903914
763 3.403258 2187.307301
764 3.458208 2190.765651
765 3.045509 2193.811291
766 3.353048 2197.164477
767 3.448271 2200.612884
768 3.042998 2203.656
769 3.021497 2206.677622
770 2.994493 2209.672254
771 3.027191 2212.699579
772 2.57664 2215.276353
773 3.331409 2218.6079
774 3.059235 2221.667267
775 2.937732 2224.605131
776 3.015766 2227.621035
777 3.394517 2231.015684
778 3.050875 2234.066695
779 2.516271 2236.5831
780 2.532023 2239.115267
781 2.955825 2242.071227
782 2.467779 2244.539142
783 2.548767 2247.088057
784 3.387621 2250.475808
785 2.995614 2253.471554
786 2.987157 2256.458842
787 2.997644 2259.45662
788 3.399498 2262.856245
789 3.455557 2266.311942
790 3.031446 2269.343523
791 2.975968 2272.319629
792 2.987361 2275.307123
793 3.376071 2278.683331
794 3.447861 2282.131324
795 3.040222 2285.171684
796 2.175783 2287.3476
797 2.853542 2290.201289
798 3.006925 2293.208353
799 3.403158 2296.611641
800 3.048683 2299.66046
801 2.614389 2302.27498
802 2.929309 2305.204426
803 2.595119 2307.799678
804 3.324132 2311.123942
805 3.428594 2314.552674
806 3.459727 2318.012533
807 3.049742 2321.062412
808 2.953478 2324.016022
809 3.027461 2327.043621
810 2.963449 2330.007201
811 3.399897 2333.407227
812 2.57267 2335.980027
813 2.895909 2338.876082
814 2.164831 2341.041047
815 2.062858 2343.104048
816 2.855897 2345.960087
817 2.548706 2348.508925
818 2.906081 2351.41515
819 2.488968 2353.904249
820 3.33143 2357.235827
821 2.213729 2359.449691
822 2.865862 2362.315694
823 2.987703 2365.303532
824 2.968861 2368.27253
825 2.645028 2370.917693
826 2.914597 2373.832424
827 2.987232 2376.819789
828 3.362454 2380.182378
829 2.51908 2382.701592
830 2.976831 2385.678567
831 2.945512 2388.62421
832 3.010232 2391.63458
833 3.409602 2395.044314
834 3.483161 2398.527612
835 3.420283 2401.948025
836 3.040076 2404.988236
837 2.141427 2407.129795
838 2.926315 2410.05626
839 2.577196 2412.633608
840 3.353622 2415.987364
841 2.187332 2418.17483
842 2.907967 2421.082938
843 2.956315 2424.039389
844 3.035759 2427.075285
845 3.393065 2430.468483
846 2.98851 2433.457123
847 3.390885 2436.848138
848 3.456239 2440.304512
849 2.627542 2442.932185
850 2.980983 2445.913312
851 2.9638 2448.877268
852 2.985079 2451.862485
853 3.028441 2454.891058
854 2.982391 2457.873587
855 3.032877 2460.906592
856 2.484877 2463.391602
857 2.980301 2466.372047
858 3.365519 2469.7377
859 3.038643 2472.776489
860 2.603869 2475.380492
861 3.325863 2478.706492
862 3.070007 2481.776631
863 2.983301 2484.760069
864 3.035513 2487.795716
865 3.37492 2491.170773
866 3.030841 2494.201743
867 3.009387 2497.211263
868 2.146932 2499.358323
869 3.32076 2502.679228
870 2.580192 2505.259551
871 2.971955 2508.231641
872 3.034883 2511.266662
873 2.929921 2514.196715
874 3.005433 2517.202286
875 3.365776 2520.56819
876 3.074309 2523.642636
877 2.991457 2526.634224
878 3.013025 2529.647386
879 2.956573 2532.60409
880 2.554086 2535.158312
881 2.89451 2538.052963
882 3.002943 2541.056038
883 2.967706 2544.023872
884 2.174117 2546.198118
885 2.396519 2548.594784
886 3.353263 2551.948184
887 2.607187 2554.555508
888 2.501915 2557.05756
889 2.442545 2559.500249
890 2.944586 2562.444981
891 3.017408 2565.46252
892 2.153233 2567.615889
893 2.871437 2570.487466
894 2.992226 2573.479826
895 3.35224 2576.8322
896 2.626982 2579.459317
897 2.936913 2582.396366
898 3.011987 2585.408485
899 2.979043 2588.387664
900 3.039806 2591.427598
901 2.964704 2594.39244
902 3.016919 2597.409487
903 3.371948 2600.78157
904 2.617011 2603.398714
905 2.967133 2606.365984
906 2.980656 2609.346772
907 3.020781 2612.367692
908 3.411014 2615.778838
909 2.148507 2617.927482
910 2.924355 2620.851983
911 3.027533 2623.879651
912 3.368233 2627.248019
913 3.074307 2630.322456
914 2.480295 2632.802884
915 2.463604 2635.266633
916 2.976981 2638.243759
917 2.967668 2641.211563
918 2.984995 2644.19669
919 3.44734 2647.644166
920 3.011393 2650.655691
921 2.145502 2652.801324
922 2.878611 2655.680102
923 3.375965 2659.056204
924 3.010808 2662.06714
925 3.377602 2665.444881
926 3.444333 2668.889344
927 3.035145 2671.924645
928 3.017335 2674.942112
929 2.51109 2677.453341
930 2.436966 2679.890456
931 2.96146 2682.852058
932 2.472402 2685.324597
933 2.982571 2688.307308
934 2.995903 2691.303348
935 3.024673 2694.328152
936 2.96246 2697.290746
937 3.404859 2700.695742
938 3.046096 2703.741967
939 2.507244 2706.24935
940 2.968064 2709.217569
941 3.398706 2712.616413
942 2.579687 2715.196231
943 2.559301 2717.755669
944 2.11777 2719.87358
945 3.310641 2723.184363
946 3.024832 2726.209331
947 2.979958 2729.189446
948 3.0276 2732.217182
949 3.366021 2735.58334
950 3.074632 2738.658103
951 2.153191 2740.811431
952 3.264425 2744.075995
953 3.076899 2747.153026
954 2.11153 2749.264694
955 2.911735 2752.17657
956 3.03262 2755.209327
957 2.944726 2758.154198
958 3.006202 2761.160535
959 3.034029 2764.194705
960 2.489549 2766.684383
961 2.945552 2769.63008
962 3.031228 2772.661439
963 2.968723 2775.630307
964 3.412985 2779.043422
965 3.036268 2782.079827
966 3.048404 2785.128366
967 3.368372 2788.496877
968 2.517421 2791.014427
969 2.972333 2793.986902
970 2.992035 2796.97907
971 3.023007 2800.002212
972 2.515634 2802.517975
973 2.960809 2805.478929
974 2.961686 2808.440746
975 3.406922 2811.847806
976 2.670345 2814.518282
977 2.929212 2817.447634
978 3.041018 2820.488784
979 2.958569 2823.447486
980 2.985256 2826.432873
981 2.553973 2828.986985
982 2.443119 2831.430253
983 2.441431 2833.871821
984 3.345939 2837.217899
985 3.06739 2840.285425
986 2.484094 2842.769663
987 2.951011 2845.720816
988 3.398935 2849.119897
989 2.192381 2851.312407
990 2.073919 2853.386467
991 2.8583 2856.244906
992 3.031052 2859.2761
993 3.365191 2862.641429
994 3.026209 2865.667768
995 3.012237 2868.680141
996 2.15312 2870.833394
997 3.267145 2874.100693
998 3.066945 2877.167769
999 2.95266 2880.120564
1000 3.027298 2883.147993
1001 2.156123 2885.304246
1002 2.02713 2887.331529
1003 2.070715 2889.402391
1004 2.059271 2891.461827
1005 3.310564 2894.772528
1006 3.396866 2898.169533
1007 3.437872 2901.607538
1008 2.550832 2904.158509
1009 2.98627 2907.144921
1010 2.988509 2910.133559
1011 3.393951 2913.527644
1012 3.41292 2916.940695
1013 3.034391 2919.975224
1014 2.981143 2922.956498
1015 2.139375 2925.09601
1016 2.885275 2927.981426
1017 3.382908 2931.36447
1018 3.067297 2934.431899
1019 3.364765 2937.796798
1020 3.029576 2940.826507
1021 3.022157 2943.848793
1022 2.997901 2946.846828
1023 3.028966 2949.875928
1024 2.582587 2952.458652
1025 2.432464 2954.891247
1026 2.977556 2957.868951
1027 3.042233 2960.911321
1028 3.400172 2964.311626
1029 2.532805 2966.844568
1030 2.915366 2969.760077
1031 3.403406 2973.163626
1032 3.461935 2976.625692
1033 2.618898 2979.244723
1034 2.577042 2981.821899
1035 2.943278 2984.765308
1036 3.02565 2987.791104
1037 2.481453 2990.272687
1038 3.355225 2993.62806
1039 3.027921 2996.656112
1040 2.615304 2999.271556
1041 2.449341 3001.721032
1042 3.335367 3005.056539
1043 3.005063 3008.061739
1044 2.150385 3010.212265
1045 2.065269 3012.27767
1046 2.853903 3015.131709
1047 3.376183 3018.508029
1048 3.443742 3021.951901
1049 3.025881 3024.977921
1050 2.177683 3027.155736
1051 2.074373 3029.230259
1052 2.501784 3031.732193
1053 2.934313 3034.66664
1054 3.033449 3037.700225
1055 2.965416 3040.665772
1056 3.033953 3043.69985
1057 2.596425 3046.296405
1058 2.116578 3048.413119
1059 2.849327 3051.262589
1060 3.381636 3054.644355
1061 2.659093 3057.303582
1062 2.914134 3060.217848
1063 3.016703 3063.234682
1064 3.037084 3066.271901
1065 2.938493 3069.210533
1066 3.033907 3072.244571
1067 2.153048 3074.397759
1068 2.878203 3077.276107
1069 3.010392 3080.286637
1070 2.995094 3083.281862
1071 3.405344 3086.687339
1072 2.512252 3089.199727
1073 3.343697 3092.543566
1074 3.075825 3095.619527
1075 2.960351 3098.58001
1076 3.007049 3101.587198
1077 2.998666 3104.585997
1078 3.01621 3107.602341
1079 3.376709 3110.979181
1080 2.657157 3113.636473
1081 2.968152 3116.604759
1082 2.59054 3119.195432
1083 3.356282 3122.551842
1084 2.564698 3125.116677
1085 2.902471 3128.019289
1086 3.007161 3131.026584
1087 2.976761 3134.003476
1088 3.412832 3137.416436
1089 3.026801 3140.443371
1090 3.400717 3143.84422
1091 3.086512 3146.930871
1092 2.597347 3149.52835
1093 2.955455 3152.483944
1094 2.955942 3155.440018
1095 3.026002 3158.466155
1096 2.497722 3160.964009
1097 2.941561 3163.905716
1098 2.51924 3166.425091
1099 2.941197 3169.366429
1100 3.385257 3172.751821
1101 3.083171 3175.835123
1102 2.592346 3178.427607
1103 2.974901 3181.402645
1104 2.959179 3184.361958
1105 2.624357 3186.986447
1106 2.942823 3189.929405
1107 3.021712 3192.951264
1108 3.412746 3196.364138
1109 3.003965 3199.368236
1110 2.17958 3201.547947
1111 2.494609 3204.042699
1112 2.563268 3206.606105
1113 2.930733 3209.536974
1114 2.544442 3212.081557
1115 2.122997 3214.204695
1116 2.876688 3217.081525
1117 3.018522 3220.100185
1118 2.95952 3223.059835
1119 3.016941 3226.076915
1120 3.002422 3229.079467
1121 3.02971 3232.109314
1122 2.956467 3235.06594
1123 2.549949 3237.616025
1124 2.444965 3240.061131
1125 2.989028 3243.050297
1126 2.963736 3246.01417
1127 2.556911 3248.571212
1128 2.55166 3251.123019
1129 2.936447 3254.0596
1130 2.145874 3256.205609
1131 2.065707 3258.271469
1132 2.023179 3260.294791
1133 2.91083 3263.205759
1134 2.605596 3265.811491
1135 2.981444 3268.793067
1136 2.983295 3271.776498
1137 3.021633 3274.798267
1138 2.577655 3277.376056
1139 2.980541 3280.356731
1140 2.982993 3283.339861
1141 2.55631 3285.896307
1142 2.93457 3288.831023
1143 2.169274 3291.000426
1144 2.500305 3293.500874
1145 2.101486 3295.602497
1146 2.397562 3298.0002
1147 2.979994 3300.980339
1148 2.491841 3303.472311
1149 2.938483 3306.410945
1150 2.148303 3308.559387
1151 2.066958 3310.626483
1152 2.875461 3313.502082
1153 2.165689 3315.667904
1154 3.276462 3318.944506
1155 3.043238 3321.987889
1156 2.598534 3324.586555
1157 2.977003 3327.563694
1158 2.963706 3330.527533
1159 3.046834 3333.574501
1160 2.494211 3336.068849
1161 2.113759 3338.182755
1162 2.860489 3341.043386
1163 3.016015 3344.059549
1164 2.480822 3346.540507
1165 2.986459 3349.527106
1166 2.9828 3352.510046
1167 2.618014 3355.12819
1168 2.922429 3358.050764
1169 2.597431 3360.648333
1170 2.955906 3363.604369
1171 2.567192 3366.171698
1172 2.975978 3369.147814
1173 2.967678 3372.115628
1174 3.027804 3375.143565
1175 3.410894 3378.554595
1176 2.523424 3381.078154
1177 2.979552 3384.057843
1178 2.941242 3386.999219
1179 3.022828 3390.02218
1180 2.992701 3393.015017
1181 2.174313 3395.189466
1182 3.301842 3398.491457
1183 3.075396 3401.566987
1184 2.121151 3403.688268
1185 2.418012 3406.106432
1186 2.959715 3409.066294
1187 3.025052 3412.091479
1188 3.399555 3415.491169
1189 3.008494 3418.49979
1190 2.480871 3420.980798
1191 3.345939 3424.326874
1192 3.07119 3427.398201
1193 2.940396 3430.338731
1194 2.551552 3432.890414
1195 2.542955 3435.433519
1196 3.355858 3438.78951
1197 2.607998 3441.397641
1198 3.339225 3444.737004
1199 3.062704 3447.799852
1200 2.969618 3450.7696
1201 3.028587 3453.798324
1202 3.36851 3457.166963
1203 3.077764 3460.244864
1204 3.399902 3463.644901
1205 3.415029 3467.060068
1206 2.196041 3469.256238
1207 3.31093 3472.567316
1208 2.154085 3474.721531
1209 3.289312 3478.010983
1210 3.437774 3481.448896
1211 3.041848 3484.490876
1212 3.019182 3487.510197
1213 2.573397 3490.083725
1214 2.967247 3493.051113
1215 3.400643 3496.451889
1216 3.054897 3499.50693
1217 3.376432 3502.883492
1218 3.475213 3506.358842
1219 2.646735 3509.00571
1220 2.446585 3511.452441
1221 2.938801 3514.391379
1222 2.173968 3516.565483
1223 3.320676 3519.886302
1224 2.984011 3522.870446
1225 2.999742 3525.870322
1226 3.416635 3529.287095
1227 3.000704 3532.287934
1228 3.01464 3535.302709
1229 2.998753 3538.30159
1230 2.152195 3540.453927
1231 2.865571 3543.319635
1232 2.643132 3545.962903
1233 2.545251 3548.508293
1234 2.935537 3551.443961
1235 3.015679 3554.459776
1236 2.985086 3557.444993
1237 3.394095 3560.839224
1238 2.228833 3563.068187
1239 2.87899 3565.947324
1240 3.386854 3569.334317
1241 2.561964 3571.896416
1242 3.352388 3575.248941
1243 3.031763 3578.280844
1244 3.016277 3581.297256
1245 2.619269 3583.916658
1246 2.431268 3586.348053
1247 2.959109 3589.30731
1248 3.043437 3592.350885
1249 2.979141 3595.330157
1250 2.968652 3598.298945
