# instance ../../../instances/fattree-bcube/Fattree_n16_k2_bw10_cpu16.pn
# Settings: PN=../../../instances/fattree-bcube/Fattree_n16_k2_bw10_cpu16.pn, VN=../../../instances/fattree-bcube/instance_list_12vm_rnd.txt, multi-thread=True
init 0.048032 0.048032
1 7.210329 7.258361
2 7.172553 14.431045
3 7.450346 21.881524
4 6.18686 28.068518
5 7.062299 35.130955
6 6.618898 41.74999
7 7.076225 48.826348
8 6.612726 55.439208
9 6.613158 62.0525
10 7.090068 69.142702
11 6.718656 75.861492
12 8.007473 83.869106
13 6.851564 90.720808
14 7.537196 98.258133
15 6.975709 105.233973
16 7.137367 112.371473
17 7.618205 119.989818
18 7.116173 127.106143
19 6.271431 133.377709
20 7.530748 140.908591
21 6.322671 147.231395
22 6.556015 153.787544
23 6.293925 160.081604
24 6.377722 166.459456
25 6.352146 172.811738
26 6.751563 179.563439
27 6.403684 185.967263
28 6.415267 192.382668
29 6.866713 199.249517
30 6.535117 205.784767
31 7.814477 213.599382
32 8.432977 222.032491
33 6.865013 228.897633
34 8.351626 237.249401
35 6.974279 244.223813
36 6.157322 250.381264
37 7.640807 258.022205
38 6.953412 264.975746
39 6.421195 271.397071
40 6.566647 277.963856
41 7.16291 285.126903
42 7.353452 292.480491
43 7.035265 299.515894
44 7.876488 307.392513
45 7.754735 315.147382
46 8.452606 323.600119
47 7.832248 331.432501
48 7.970899 339.403532
49 6.916802 346.320464
50 7.676144 353.996736
51 8.405115 362.401983
52 8.032861 370.434973
53 8.782006 379.217108
54 8.506061 387.723299
55 7.937919 395.661346
56 7.930757 403.592234
57 7.030362 410.622732
58 7.815318 418.438174
59 6.172768 424.611072
60 6.929855 431.541066
61 8.434883 439.976079
62 7.011597 446.987805
63 7.838432 454.826369
64 6.121664 460.94816
65 6.992209 467.940504
66 6.933746 474.87438
67 8.411752 483.286268
68 7.068419 490.354822
69 8.4304 498.78535
70 9.003012 507.788495
71 7.989849 515.778477
72 8.556463 524.335073
73 8.418513 532.753718
74 7.525958 540.279815
75 8.36492 548.644862
76 6.568421 555.213419
77 7.075661 562.289219
78 7.937336 570.226687
79 8.218799 578.445611
80 6.738235 585.183981
81 7.435037 592.619157
82 7.039502 599.658794
83 8.79648 608.455404
84 7.144203 615.599741
85 8.287282 623.887154
86 7.015106 630.902398
87 8.477719 639.380253
88 8.593017 647.973403
89 8.543034 656.516571
90 9.033746 665.550453
91 8.623113 674.173701
92 8.578778 682.75261
93 8.956385 691.709124
94 7.63021 699.339468
95 8.001853 707.341453
96 8.502462 715.844047
97 9.028239 724.872419
98 9.147917 734.020469
99 6.975965 740.996568
100 7.472778 748.469472
101 7.006726 755.47633
102 7.805039 763.281499
103 7.577472 770.859105
104 8.519073 779.37831
105 7.075312 786.453755
106 7.924239 794.378125
107 7.852393 802.230651
108 8.56534 810.796125
109 7.073948 817.870202
110 8.003493 825.873822
111 7.048224 832.922208
112 7.932949 840.855283
113 7.419425 848.27484
114 7.968773 856.243746
115 7.055101 863.29898
116 6.921737 870.22085
117 7.490323 877.711298
118 8.05193 885.763362
119 7.951963 893.715456
120 8.57036 902.285949
121 8.570214 910.856295
122 8.630146 919.48657
123 7.93378 927.420485
124 7.082244 934.502859
125 8.357144 942.860137
126 8.085719 950.945986
127 8.108159 959.054268
128 7.090581 966.144993
129 7.833005 973.97813
130 8.023217 982.001478
131 8.594695 990.596301
132 7.555791 998.152221
133 6.943925 1005.096284
134 8.032751 1013.129168
135 8.591593 1021.720894
136 8.034495 1029.755517
137 7.881909 1037.637558
138 8.611168 1046.24886
139 8.501984 1054.750976
140 8.654528 1063.405636
141 8.693848 1072.099616
142 7.963728 1080.063476
143 7.938807 1088.002413
144 8.05024 1096.052788
145 8.489404 1104.542326
146 8.667396 1113.209852
147 8.092482 1121.302504
148 7.955917 1129.258551
149 8.53464 1137.793323
150 8.601361 1146.394824
151 7.115505 1153.510464
152 7.415829 1160.926428
153 6.979016 1167.905569
154 7.049363 1174.955064
155 7.328951 1182.284147
156 8.652579 1190.936858
157 6.999322 1197.936311
158 7.924728 1205.86117
159 8.581473 1214.442776
160 7.117906 1221.560813
161 8.356433 1229.917381
162 7.680524 1237.598042
163 7.832185 1245.430362
164 8.552435 1253.982928
165 7.130544 1261.113607
166 7.442744 1268.5565
167 8.506598 1277.063234
168 7.103732 1284.167099
169 8.413083 1292.580313
170 8.109533 1300.689973
171 7.084762 1307.774864
172 8.013651 1315.788651
173 8.51275 1324.301536
174 8.500108 1332.801779
175 8.211459 1341.013396
176 7.065252 1348.078777
177 7.919649 1355.998563
178 7.986741 1363.985436
179 8.142515 1372.128085
180 6.996096 1379.124305
181 8.560121 1387.684554
182 8.132436 1395.817132
183 8.548673 1404.365937
184 7.094444 1411.460515
185 6.947497 1418.408145
186 7.509432 1425.917712
187 6.959103 1432.876952
188 8.977048 1441.85413
189 8.6432 1450.497459
190 8.051717 1458.549306
191 9.062153 1467.611595
192 8.519269 1476.130999
193 7.126982 1483.258112
194 7.426714 1490.684953
195 9.107483 1499.792563
196 8.563636 1508.356338
197 8.130675 1516.48715
198 7.913732 1524.401013
199 9.141553 1533.542699
200 8.516483 1542.059314
201 8.039669 1550.099114
202 8.553715 1558.652959
203 8.599284 1567.252385
204 9.103255 1576.355778
205 8.041637 1584.397553
206 8.602544 1593.000229
207 7.934277 1600.934638
208 8.046725 1608.981489
209 9.177688 1618.159313
210 8.516965 1626.676411
211 8.582398 1635.258944
212 7.1164 1642.375477
213 7.922961 1650.298568
214 8.14958 1658.448281
215 7.899341 1666.347756
216 7.108341 1673.456228
217 6.957957 1680.414317
218 7.07328 1687.487725
219 7.38606 1694.873922
220 8.614754 1703.488812
221 7.537363 1711.026308
222 8.546651 1719.573086
223 8.58012 1728.153343
224 8.527231 1736.68071
225 7.575079 1744.255924
226 7.46868 1751.724736
227 8.466945 1760.191808
228 8.1102 1768.302142
229 7.545371 1775.847646
230 8.012492 1783.860271
231 7.999071 1791.859472
232 7.575962 1799.435564
233 7.900003 1807.335703
234 9.166089 1816.501923
235 8.545456 1825.047521
236 9.109785 1834.157432
237 8.597712 1842.755277
238 8.090329 1850.845737
239 8.585783 1859.431649
240 8.023498 1867.455278
241 7.520447 1874.975857
242 7.973857 1882.949849
243 8.526488 1891.476509
244 7.148553 1898.625194
245 8.477648 1907.102973
246 7.180873 1914.28398
247 7.915847 1922.199961
248 8.479557 1930.679649
249 7.569781 1938.24956
250 8.117386 1946.367079
251 8.576994 1954.944206
252 9.101333 1964.045675
253 7.031228 1971.077031
254 7.003658 1978.080826
255 8.486599 1986.567564
256 8.129736 1994.697439
257 7.150087 2001.847665
258 8.450833 2010.298631
259 8.092165 2018.390928
260 8.603988 2026.995053
261 8.535157 2035.530349
262 8.171769 2043.702254
263 7.027808 2050.730194
264 6.896415 2057.62674
265 7.90369 2065.530563
266 7.075557 2072.606254
267 8.649749 2081.256138
268 8.503464 2089.759738
269 9.079801 2098.839678
270 8.062102 2106.901915
271 7.980086 2114.882152
272 7.073932 2121.956222
273 9.008409 2130.964762
274 8.696421 2139.661317
275 8.07064 2147.732098
276 8.614003 2156.346234
277 8.036332 2164.382701
278 7.550526 2171.933359
279 8.998822 2180.932309
280 7.651164 2188.583607
281 8.460525 2197.04427
282 8.641817 2205.686226
283 8.602722 2214.289087
284 8.707238 2222.996466
285 6.976852 2229.973453
286 7.983326 2237.956911
287 8.591335 2246.548383
288 7.621059 2254.169581
289 7.040821 2261.210542
290 7.441811 2268.652487
291 8.611489 2277.264112
292 9.086453 2286.350705
293 9.073099 2295.423941
294 8.697345 2304.121424
295 8.054004 2312.175563
296 8.000716 2320.176412
297 8.155926 2328.332472
298 8.648223 2336.98083
299 6.99143 2343.9724
300 7.500686 2351.47322
301 8.056046 2359.529397
302 7.925845 2367.455377
303 9.083618 2376.539136
304 8.193007 2384.73228
305 8.508247 2393.240658
306 8.254386 2401.495178
307 7.918968 2409.414278
308 7.962981 2417.377398
309 8.103517 2425.481056
310 8.583577 2434.064769
311 8.619743 2442.684652
312 7.091394 2449.776178
313 8.430344 2458.206663
314 7.615657 2465.822456
315 6.949646 2472.772232
316 8.575872 2481.348236
317 9.038486 2490.386858
318 7.685667 2498.072664
319 8.010696 2506.083498
320 6.976785 2513.060416
321 8.384205 2521.444755
322 8.118467 2529.563355
323 8.075715 2537.63921
324 7.11017 2544.749513
325 7.970255 2552.719904
326 7.967125 2560.68715
327 8.602393 2569.289674
328 8.037951 2577.327768
329 7.967211 2585.295113
330 7.627587 2592.922837
331 7.034954 2599.957921
332 7.963617 2607.921687
333 8.081803 2616.003633
334 7.080532 2623.084305
335 8.427737 2631.51218
336 8.040609 2639.552923
337 8.601936 2648.154997
338 8.519576 2656.674714
339 7.075277 2663.75013
340 7.539005 2671.289284
341 6.907327 2678.196744
342 7.984681 2686.181565
343 7.049977 2693.23168
344 7.554286 2700.786114
345 6.984772 2707.771018
346 8.943967 2716.715133
347 8.616839 2725.332111
348 8.672759 2734.005006
349 8.170978 2742.176121
350 7.008473 2749.184725
351 8.036896 2757.221758
352 8.611072 2765.832982
353 6.958901 2772.792018
354 7.058909 2779.851065
355 8.919594 2788.770795
356 8.097164 2796.868106
357 7.551446 2804.419693
358 8.510861 2812.930685
359 8.685153 2821.615969
360 8.55326 2830.169362
361 8.687067 2838.856566
362 7.16481 2846.021513
363 8.395668 2854.417317
364 7.147664 2861.565115
365 7.960511 2869.525759
366 7.079936 2876.605852
367 8.523385 2885.129408
368 8.197999 2893.327541
369 6.964669 2900.292345
370 8.135149 2908.42763
371 7.491496 2915.919262
372 8.591686 2924.51108
373 8.688729 2933.199951
374 8.975324 2942.175412
375 8.079497 2950.255044
376 9.166351 2959.421529
377 7.00026 2966.421925
378 9.035011 2975.45707
379 8.08652 2983.543728
380 8.566048 2992.109913
381 8.124369 3000.234439
382 8.571119 3008.805685
383 9.077622 3017.883446
384 8.615215 3026.498801
385 7.636373 3034.135308
386 7.034677 3041.170119
387 8.520935 3049.691186
388 8.535269 3058.226593
389 8.616253 3066.842986
390 8.674489 3075.517608
391 8.527749 3084.045492
392 7.594098 3091.639726
393 8.972666 3100.612526
394 8.179229 3108.791893
395 7.952815 3116.744843
396 7.087425 3123.83241
397 8.618024 3132.450568
398 8.566862 3141.017568
399 7.638527 3148.656225
400 9.062058 3157.718427
401 8.628238 3166.346801
402 7.1547 3173.501642
403 7.432371 3180.93415
404 8.010851 3188.94513
405 9.043518 3197.988784
406 7.69227 3205.681195
407 8.064559 3213.745908
408 7.914995 3221.66105
409 8.577973 3230.239155
410 8.60481 3238.844096
411 7.597869 3246.442101
412 8.004798 3254.447039
413 9.07776 3263.52493
414 8.155689 3271.680751
415 7.082752 3278.763636
416 8.473746 3287.237522
417 8.545632 3295.783292
418 7.145625 3302.929057
419 7.548276 3310.477472
420 8.033074 3318.510679
421 8.983243 3327.494063
422 8.79886 3336.293065
423 7.077196 3343.370399
424 8.14623 3351.516769
425 9.246469 3360.763367
426 8.883004 3369.64651
427 7.61912 3377.265765
428 8.7391 3386.005019
429 8.916367 3394.921523
430 8.618915 3403.540574
431 8.439402 3411.980114
432 8.92336 3420.903607
433 8.488723 3429.392462
434 8.611962 3438.004563
435 7.209063 3445.213766
436 8.699694 3453.913608
437 8.139337 3462.053083
438 8.087307 3470.140521
439 8.091115 3478.231767
440 8.156428 3486.388334
441 9.300286 3495.688757
442 7.230243 3502.919138
443 9.094681 3512.013954
444 8.208707 3520.222797
445 8.099141 3528.322069
446 9.39262 3537.714823
447 8.506075 3546.221036
448 7.278004 3553.499175
449 8.181241 3561.680553
450 8.27662 3569.95731
451 8.190751 3578.148195
452 7.104528 3585.252861
453 8.285634 3593.538636
