[runlim] version:		1.7
[runlim] time limit:		311040000 seconds
[runlim] real time limit:	3600 seconds
[runlim] space limit:		80000 MB
[runlim] argv[0]:		python3.6
[runlim] argv[1]:		./netsolver-gurobi-mod.py
[runlim] argv[2]:		../../../instances/fattree-bcube/BCube_n10_k2_bw10_cpu16.pn
[runlim] argv[3]:		../../../instances/fattree-bcube/instance_list_9vm_rnd.txt
[runlim] argv[4]:		False
[runlim] argv[5]:		True
[runlim] argv[6]:		timelogs/results.BCube_n10_k2_bw10_cpu16.pn.instance_list_9vm_rnd.txt.log
[runlim] start:			Thu Oct  3 20:23:50 2019
[runlim] main pid:		9923
Academic license - for non-commercial use only
[runlim] sample:		10.0 seconds, 135.8 MB
[runlim] sample:		20.0 seconds, 174.2 MB
[runlim] sample:		30.0 seconds, 173.6 MB
[runlim] sample:		40.0 seconds, 162.9 MB
[runlim] sample:		50.0 seconds, 172.9 MB
[runlim] sample:		60.0 seconds, 190.7 MB
[runlim] sample:		70.0 seconds, 195.8 MB
[runlim] sample:		80.0 seconds, 190.8 MB
[runlim] sample:		90.0 seconds, 194.2 MB
[runlim] sample:		100.0 seconds, 200.9 MB
[runlim] sample:		110.2 seconds, 203.4 MB
[runlim] sample:		120.2 seconds, 205.4 MB
[runlim] sample:		130.2 seconds, 188.7 MB
[runlim] sample:		140.2 seconds, 183.5 MB
[runlim] sample:		150.2 seconds, 182.2 MB
[runlim] sample:		160.2 seconds, 191.5 MB
[runlim] sample:		170.2 seconds, 188.0 MB
[runlim] sample:		180.2 seconds, 182.2 MB
[runlim] sample:		190.2 seconds, 182.2 MB
[runlim] sample:		200.2 seconds, 189.7 MB
[runlim] sample:		210.2 seconds, 187.0 MB
[runlim] sample:		220.2 seconds, 186.2 MB
[runlim] sample:		230.2 seconds, 188.8 MB
[runlim] sample:		240.2 seconds, 185.0 MB
[runlim] sample:		250.2 seconds, 185.0 MB
[runlim] sample:		260.2 seconds, 184.2 MB
[runlim] sample:		270.2 seconds, 188.0 MB
[runlim] sample:		280.2 seconds, 187.0 MB
[runlim] sample:		290.2 seconds, 190.5 MB
[runlim] sample:		300.2 seconds, 190.5 MB
[runlim] sample:		310.2 seconds, 188.2 MB
[runlim] sample:		320.2 seconds, 187.7 MB
[runlim] sample:		330.2 seconds, 190.2 MB
[runlim] sample:		340.2 seconds, 190.5 MB
[runlim] sample:		350.2 seconds, 197.0 MB
[runlim] sample:		360.2 seconds, 191.2 MB
[runlim] sample:		370.2 seconds, 191.5 MB
[runlim] sample:		380.2 seconds, 191.5 MB
[runlim] sample:		390.2 seconds, 190.2 MB
[runlim] sample:		400.2 seconds, 190.2 MB
[runlim] sample:		410.2 seconds, 190.0 MB
[runlim] sample:		420.2 seconds, 189.7 MB
[runlim] sample:		430.2 seconds, 189.0 MB
[runlim] sample:		440.2 seconds, 190.5 MB
[runlim] sample:		450.2 seconds, 190.8 MB
[runlim] sample:		460.2 seconds, 191.0 MB
[runlim] sample:		470.2 seconds, 201.3 MB
[runlim] sample:		480.2 seconds, 200.4 MB
[runlim] sample:		490.2 seconds, 199.1 MB
[runlim] sample:		500.2 seconds, 198.1 MB
[runlim] sample:		510.2 seconds, 198.1 MB
[runlim] sample:		520.2 seconds, 198.1 MB
[runlim] sample:		530.2 seconds, 198.1 MB
[runlim] sample:		540.2 seconds, 199.9 MB
[runlim] sample:		550.2 seconds, 204.6 MB
[runlim] sample:		560.2 seconds, 202.6 MB
[runlim] sample:		570.2 seconds, 200.8 MB
[runlim] sample:		580.2 seconds, 200.8 MB
[runlim] sample:		590.2 seconds, 200.6 MB
[runlim] sample:		600.2 seconds, 200.6 MB
[runlim] sample:		610.2 seconds, 207.7 MB
[runlim] sample:		620.2 seconds, 201.7 MB
[runlim] sample:		630.2 seconds, 201.0 MB
[runlim] sample:		640.2 seconds, 201.0 MB
[runlim] sample:		650.2 seconds, 201.0 MB
[runlim] sample:		660.2 seconds, 201.0 MB
[runlim] sample:		670.2 seconds, 201.0 MB
[runlim] sample:		680.2 seconds, 204.6 MB
[runlim] sample:		690.2 seconds, 202.0 MB
[runlim] sample:		700.2 seconds, 201.7 MB
[runlim] sample:		710.2 seconds, 201.5 MB
[runlim] sample:		720.2 seconds, 201.7 MB
[runlim] sample:		730.2 seconds, 201.5 MB
[runlim] sample:		740.2 seconds, 201.2 MB
[runlim] sample:		750.2 seconds, 201.0 MB
[runlim] sample:		760.2 seconds, 201.0 MB
[runlim] sample:		770.2 seconds, 200.7 MB
[runlim] sample:		780.2 seconds, 204.6 MB
[runlim] sample:		790.2 seconds, 205.2 MB
[runlim] sample:		800.2 seconds, 209.0 MB
[runlim] sample:		810.2 seconds, 203.0 MB
[runlim] sample:		820.2 seconds, 202.5 MB
[runlim] sample:		830.2 seconds, 202.0 MB
[runlim] sample:		840.2 seconds, 201.7 MB
[runlim] sample:		850.2 seconds, 209.0 MB
[runlim] sample:		860.1 seconds, 206.5 MB
[runlim] sample:		870.1 seconds, 204.0 MB
[runlim] sample:		880.1 seconds, 203.7 MB
[runlim] sample:		890.1 seconds, 203.5 MB
[runlim] sample:		900.1 seconds, 203.5 MB
[runlim] sample:		910.1 seconds, 203.5 MB
[runlim] sample:		920.1 seconds, 203.0 MB
[runlim] sample:		930.1 seconds, 203.0 MB
[runlim] sample:		940.1 seconds, 203.2 MB
[runlim] sample:		950.2 seconds, 209.2 MB
[runlim] sample:		960.2 seconds, 204.5 MB
[runlim] sample:		970.2 seconds, 204.2 MB
[runlim] sample:		980.2 seconds, 204.2 MB
[runlim] sample:		990.2 seconds, 204.2 MB
[runlim] sample:		1000.2 seconds, 203.7 MB
[runlim] sample:		1010.1 seconds, 212.5 MB
[runlim] sample:		1020.1 seconds, 207.5 MB
[runlim] sample:		1030.2 seconds, 206.5 MB
[runlim] sample:		1040.2 seconds, 206.7 MB
[runlim] sample:		1050.2 seconds, 206.7 MB
[runlim] sample:		1060.2 seconds, 206.5 MB
[runlim] sample:		1070.2 seconds, 206.5 MB
[runlim] sample:		1080.2 seconds, 206.0 MB
[runlim] sample:		1090.2 seconds, 206.0 MB
[runlim] sample:		1100.2 seconds, 206.0 MB
[runlim] sample:		1110.2 seconds, 205.7 MB
[runlim] sample:		1120.2 seconds, 205.7 MB
[runlim] sample:		1130.2 seconds, 205.5 MB
[runlim] sample:		1140.2 seconds, 205.5 MB
[runlim] sample:		1150.2 seconds, 205.2 MB
[runlim] sample:		1160.2 seconds, 205.5 MB
[runlim] sample:		1170.2 seconds, 204.2 MB
[runlim] sample:		1180.2 seconds, 204.2 MB
[runlim] sample:		1190.2 seconds, 204.2 MB
[runlim] sample:		1200.2 seconds, 204.2 MB
[runlim] sample:		1210.2 seconds, 204.0 MB
[runlim] sample:		1220.2 seconds, 203.7 MB
[runlim] sample:		1230.2 seconds, 203.7 MB
[runlim] sample:		1240.2 seconds, 203.5 MB
[runlim] sample:		1250.2 seconds, 203.2 MB
[runlim] sample:		1260.2 seconds, 203.2 MB
[runlim] sample:		1270.2 seconds, 203.2 MB
[runlim] sample:		1280.2 seconds, 206.5 MB
[runlim] sample:		1290.2 seconds, 204.0 MB
[runlim] sample:		1300.2 seconds, 204.0 MB
[runlim] sample:		1310.2 seconds, 203.7 MB
[runlim] sample:		1320.2 seconds, 203.7 MB
[runlim] sample:		1330.2 seconds, 203.7 MB
[runlim] sample:		1340.2 seconds, 203.7 MB
[runlim] sample:		1350.2 seconds, 203.7 MB
[runlim] sample:		1360.2 seconds, 203.7 MB
[runlim] sample:		1370.2 seconds, 203.7 MB
[runlim] sample:		1380.2 seconds, 203.7 MB
[runlim] sample:		1390.2 seconds, 203.5 MB
[runlim] sample:		1400.2 seconds, 203.2 MB
[runlim] sample:		1410.2 seconds, 203.0 MB
[runlim] sample:		1420.2 seconds, 203.0 MB
[runlim] sample:		1430.2 seconds, 203.0 MB
[runlim] sample:		1440.2 seconds, 203.0 MB
[runlim] sample:		1450.2 seconds, 203.0 MB
[runlim] sample:		1460.2 seconds, 202.7 MB
[runlim] sample:		1470.2 seconds, 202.7 MB
[runlim] sample:		1480.2 seconds, 204.5 MB
[runlim] sample:		1490.2 seconds, 203.2 MB
[runlim] sample:		1500.2 seconds, 208.1 MB
[runlim] sample:		1510.2 seconds, 205.7 MB
[runlim] sample:		1520.2 seconds, 205.5 MB
[runlim] sample:		1530.2 seconds, 205.5 MB
[runlim] sample:		1540.2 seconds, 210.9 MB
[runlim] sample:		1550.2 seconds, 207.5 MB
[runlim] sample:		1560.2 seconds, 210.5 MB
[runlim] sample:		1570.2 seconds, 208.0 MB
[runlim] sample:		1580.2 seconds, 207.5 MB
[runlim] sample:		1590.2 seconds, 207.2 MB
[runlim] sample:		1600.2 seconds, 207.2 MB
[runlim] sample:		1610.2 seconds, 207.0 MB
[runlim] sample:		1620.2 seconds, 207.0 MB
[runlim] sample:		1630.2 seconds, 207.0 MB
[runlim] sample:		1640.2 seconds, 206.5 MB
[runlim] sample:		1650.1 seconds, 206.2 MB
[runlim] sample:		1660.1 seconds, 206.0 MB
[runlim] sample:		1670.1 seconds, 206.0 MB
[runlim] sample:		1680.1 seconds, 205.7 MB
[runlim] sample:		1690.1 seconds, 205.7 MB
[runlim] sample:		1700.1 seconds, 205.7 MB
[runlim] sample:		1710.1 seconds, 209.7 MB
[runlim] sample:		1720.1 seconds, 207.0 MB
[runlim] sample:		1730.1 seconds, 206.7 MB
[runlim] sample:		1740.1 seconds, 206.5 MB
[runlim] sample:		1750.2 seconds, 208.5 MB
[runlim] sample:		1760.1 seconds, 210.8 MB
[runlim] sample:		1770.1 seconds, 208.7 MB
[runlim] sample:		1780.1 seconds, 209.2 MB
[runlim] sample:		1790.1 seconds, 210.8 MB
[runlim] sample:		1800.1 seconds, 208.7 MB
[runlim] sample:		1810.1 seconds, 208.5 MB
[runlim] sample:		1820.1 seconds, 208.2 MB
[runlim] sample:		1830.1 seconds, 208.0 MB
[runlim] sample:		1840.1 seconds, 208.2 MB
[runlim] sample:		1850.1 seconds, 208.0 MB
[runlim] sample:		1860.1 seconds, 208.0 MB
[runlim] sample:		1870.1 seconds, 208.0 MB
[runlim] sample:		1880.1 seconds, 208.0 MB
[runlim] sample:		1890.1 seconds, 210.8 MB
[runlim] sample:		1900.1 seconds, 208.2 MB
[runlim] sample:		1910.1 seconds, 210.8 MB
[runlim] sample:		1920.1 seconds, 208.5 MB
[runlim] sample:		1930.1 seconds, 208.5 MB
[runlim] sample:		1940.1 seconds, 208.5 MB
[runlim] sample:		1950.1 seconds, 208.5 MB
[runlim] sample:		1960.1 seconds, 208.2 MB
[runlim] sample:		1970.1 seconds, 208.0 MB
[runlim] sample:		1980.1 seconds, 208.0 MB
[runlim] sample:		1990.1 seconds, 207.5 MB
[runlim] sample:		2000.1 seconds, 210.8 MB
[runlim] sample:		2010.1 seconds, 208.7 MB
[runlim] sample:		2020.1 seconds, 208.5 MB
[runlim] sample:		2030.1 seconds, 208.0 MB
[runlim] sample:		2040.1 seconds, 207.7 MB
[runlim] sample:		2050.1 seconds, 207.7 MB
[runlim] sample:		2060.1 seconds, 207.7 MB
[runlim] sample:		2070.1 seconds, 207.5 MB
[runlim] sample:		2080.1 seconds, 207.5 MB
[runlim] sample:		2090.1 seconds, 207.5 MB
[runlim] sample:		2100.1 seconds, 207.5 MB
[runlim] sample:		2110.1 seconds, 208.0 MB
[runlim] sample:		2120.1 seconds, 208.0 MB
[runlim] sample:		2130.1 seconds, 207.5 MB
[runlim] sample:		2140.1 seconds, 207.2 MB
[runlim] sample:		2150.1 seconds, 207.0 MB
[runlim] sample:		2160.1 seconds, 207.0 MB
[runlim] sample:		2170.1 seconds, 207.0 MB
[runlim] sample:		2180.1 seconds, 206.7 MB
[runlim] sample:		2190.1 seconds, 206.5 MB
[runlim] sample:		2200.1 seconds, 206.5 MB
[runlim] sample:		2210.1 seconds, 206.0 MB
[runlim] sample:		2220.1 seconds, 206.0 MB
[runlim] sample:		2230.1 seconds, 206.0 MB
[runlim] sample:		2240.1 seconds, 206.0 MB
[runlim] sample:		2250.1 seconds, 206.0 MB
[runlim] sample:		2260.1 seconds, 206.0 MB
[runlim] sample:		2270.1 seconds, 210.9 MB
[runlim] sample:		2280.1 seconds, 206.5 MB
[runlim] sample:		2290.1 seconds, 206.5 MB
[runlim] sample:		2300.1 seconds, 206.5 MB
[runlim] sample:		2310.1 seconds, 207.0 MB
[runlim] sample:		2320.1 seconds, 207.0 MB
[runlim] sample:		2330.1 seconds, 207.0 MB
[runlim] sample:		2340.1 seconds, 207.0 MB
[runlim] sample:		2350.1 seconds, 210.8 MB
[runlim] sample:		2360.1 seconds, 207.7 MB
[runlim] sample:		2370.1 seconds, 207.0 MB
[runlim] sample:		2380.1 seconds, 207.0 MB
[runlim] sample:		2390.1 seconds, 208.2 MB
[runlim] sample:		2400.1 seconds, 207.2 MB
[runlim] sample:		2410.1 seconds, 208.2 MB
[runlim] sample:		2420.1 seconds, 207.5 MB
[runlim] sample:		2430.1 seconds, 207.5 MB
[runlim] sample:		2440.1 seconds, 207.2 MB
[runlim] sample:		2450.1 seconds, 207.2 MB
[runlim] sample:		2460.1 seconds, 207.0 MB
[runlim] sample:		2470.1 seconds, 206.5 MB
[runlim] sample:		2480.1 seconds, 209.5 MB
[runlim] sample:		2490.1 seconds, 207.7 MB
[runlim] sample:		2500.1 seconds, 208.6 MB
[runlim] sample:		2510.1 seconds, 208.7 MB
[runlim] sample:		2520.1 seconds, 210.7 MB
[runlim] sample:		2530.2 seconds, 209.7 MB
[runlim] sample:		2540.2 seconds, 209.2 MB
[runlim] sample:		2550.2 seconds, 208.7 MB
[runlim] sample:		2560.2 seconds, 211.8 MB
[runlim] sample:		2570.2 seconds, 209.2 MB
[runlim] sample:		2580.2 seconds, 217.2 MB
[runlim] sample:		2590.2 seconds, 210.2 MB
[runlim] sample:		2600.2 seconds, 209.7 MB
[runlim] sample:		2610.2 seconds, 209.7 MB
[runlim] sample:		2620.2 seconds, 209.7 MB
[runlim] sample:		2630.2 seconds, 209.5 MB
[runlim] sample:		2640.2 seconds, 208.7 MB
[runlim] sample:		2650.2 seconds, 208.5 MB
[runlim] sample:		2660.2 seconds, 208.5 MB
[runlim] sample:		2670.2 seconds, 208.5 MB
[runlim] sample:		2680.2 seconds, 208.5 MB
[runlim] sample:		2690.2 seconds, 208.5 MB
[runlim] sample:		2700.2 seconds, 211.8 MB
[runlim] sample:		2710.2 seconds, 208.7 MB
[runlim] sample:		2720.2 seconds, 208.7 MB
[runlim] sample:		2730.2 seconds, 208.7 MB
[runlim] sample:		2740.2 seconds, 208.7 MB
[runlim] sample:		2750.2 seconds, 208.2 MB
[runlim] sample:		2760.2 seconds, 208.2 MB
[runlim] sample:		2770.2 seconds, 208.0 MB
[runlim] sample:		2780.2 seconds, 208.0 MB
[runlim] sample:		2790.2 seconds, 208.0 MB
[runlim] sample:		2800.2 seconds, 207.7 MB
[runlim] sample:		2810.2 seconds, 207.7 MB
[runlim] sample:		2820.2 seconds, 207.7 MB
[runlim] sample:		2830.2 seconds, 208.2 MB
[runlim] sample:		2840.2 seconds, 208.0 MB
[runlim] sample:		2850.2 seconds, 207.7 MB
[runlim] sample:		2860.2 seconds, 207.7 MB
[runlim] sample:		2870.2 seconds, 207.7 MB
[runlim] sample:		2880.2 seconds, 207.5 MB
[runlim] sample:		2890.2 seconds, 207.5 MB
[runlim] sample:		2900.2 seconds, 207.5 MB
[runlim] sample:		2910.2 seconds, 207.0 MB
[runlim] sample:		2920.2 seconds, 211.9 MB
[runlim] sample:		2930.2 seconds, 207.5 MB
[runlim] sample:		2940.2 seconds, 207.5 MB
[runlim] sample:		2950.2 seconds, 207.5 MB
[runlim] sample:		2960.2 seconds, 207.2 MB
[runlim] sample:		2970.2 seconds, 207.2 MB
[runlim] sample:		2980.2 seconds, 207.0 MB
[runlim] sample:		2990.2 seconds, 207.0 MB
[runlim] sample:		3000.2 seconds, 207.0 MB
[runlim] sample:		3010.2 seconds, 212.1 MB
[runlim] sample:		3020.2 seconds, 208.5 MB
[runlim] sample:		3030.2 seconds, 209.2 MB
[runlim] sample:		3040.2 seconds, 210.5 MB
[runlim] sample:		3050.2 seconds, 210.0 MB
[runlim] sample:		3060.2 seconds, 210.0 MB
[runlim] sample:		3070.2 seconds, 209.5 MB
[runlim] sample:		3080.2 seconds, 212.8 MB
[runlim] sample:		3090.2 seconds, 210.0 MB
[runlim] sample:		3100.2 seconds, 209.2 MB
[runlim] sample:		3110.2 seconds, 209.0 MB
[runlim] sample:		3120.2 seconds, 208.5 MB
[runlim] sample:		3130.2 seconds, 208.5 MB
[runlim] sample:		3140.2 seconds, 208.5 MB
[runlim] sample:		3150.2 seconds, 208.5 MB
[runlim] sample:		3160.2 seconds, 208.2 MB
[runlim] sample:		3170.2 seconds, 208.2 MB
[runlim] sample:		3180.2 seconds, 208.0 MB
[runlim] sample:		3190.2 seconds, 207.7 MB
[runlim] sample:		3200.2 seconds, 207.7 MB
[runlim] sample:		3210.2 seconds, 207.7 MB
[runlim] sample:		3220.2 seconds, 207.7 MB
[runlim] sample:		3230.2 seconds, 207.7 MB
[runlim] sample:		3240.2 seconds, 207.7 MB
[runlim] sample:		3250.2 seconds, 207.2 MB
[runlim] sample:		3260.2 seconds, 207.2 MB
[runlim] sample:		3270.2 seconds, 207.0 MB
[runlim] sample:		3280.2 seconds, 207.0 MB
[runlim] sample:		3290.2 seconds, 210.0 MB
[runlim] sample:		3300.2 seconds, 207.2 MB
[runlim] sample:		3310.2 seconds, 207.2 MB
[runlim] sample:		3320.2 seconds, 206.7 MB
[runlim] sample:		3330.2 seconds, 206.7 MB
[runlim] sample:		3340.2 seconds, 206.7 MB
[runlim] sample:		3350.2 seconds, 206.7 MB
[runlim] sample:		3360.2 seconds, 206.7 MB
[runlim] sample:		3370.2 seconds, 206.7 MB
[runlim] sample:		3380.2 seconds, 206.7 MB
[runlim] sample:		3390.2 seconds, 208.5 MB
[runlim] sample:		3400.2 seconds, 207.7 MB
[runlim] sample:		3410.2 seconds, 207.2 MB
[runlim] sample:		3420.2 seconds, 213.7 MB
[runlim] sample:		3430.2 seconds, 213.0 MB
[runlim] sample:		3440.2 seconds, 209.5 MB
[runlim] sample:		3450.2 seconds, 209.5 MB
[runlim] sample:		3460.2 seconds, 209.5 MB
[runlim] sample:		3470.2 seconds, 209.2 MB
[runlim] sample:		3480.2 seconds, 209.2 MB
[runlim] sample:		3490.2 seconds, 209.8 MB
[runlim] sample:		3500.2 seconds, 209.8 MB
[runlim] sample:		3510.2 seconds, 209.5 MB
[runlim] sample:		3520.2 seconds, 209.5 MB
[runlim] sample:		3530.2 seconds, 209.0 MB
[runlim] sample:		3540.2 seconds, 209.0 MB
[runlim] sample:		3550.2 seconds, 209.0 MB
[runlim] sample:		3560.2 seconds, 209.0 MB
[runlim] sample:		3570.2 seconds, 208.7 MB
[runlim] sample:		3580.2 seconds, 213.8 MB
[runlim] sample:		3590.2 seconds, 211.0 MB
[runlim] end:			Thu Oct  3 21:23:50 2019
[runlim] status:		out of time
[runlim] result:		1
[runlim] children:		0
[runlim] real:			3600.03 seconds
[runlim] time:			3600.06 seconds
[runlim] space:			218.5 MB
[runlim] samples:		35999
