# instance ../../../instances/fattree-bcube/BCube_n16_k2_bw10_cpu16.pn
# Settings: PN=../../../instances/fattree-bcube/BCube_n16_k2_bw10_cpu16.pn, VN=../../../instances/fattree-bcube/instance_list_12vm_rnd.txt, multi-thread=True
init 0.208521 0.208521
1 31.036498 31.245019
2 30.033638 61.278794
3 31.337313 92.61625
4 26.779391 119.39578
5 29.424833 148.820762
6 28.035997 176.856905
7 30.016788 206.873842
8 28.149078 235.023063
9 28.076177 263.09939
10 29.621563 292.721095
11 28.373409 321.094646
12 33.236733 354.331522
13 32.099772 386.431435
14 31.701851 418.133432
15 32.016671 450.150246
16 30.191175 480.341566
17 32.103777 512.445487
18 29.939194 542.384826
19 26.984766 569.369732
20 31.650452 601.020334
21 26.712728 627.733201
22 30.22119 657.954535
23 27.585171 685.539854
24 32.711362 718.251361
25 29.499703 747.751207
26 29.982689 777.734036
27 23.791016 801.525192
28 23.961904 825.487236
29 23.658539 849.145925
30 26.835569 875.981638
31 26.825004 902.806789
32 28.431296 931.238224
33 28.807482 960.045851
34 28.30786 988.353848
35 24.291822 1012.645817
36 25.621434 1038.267394
37 26.606739 1064.874284
38 24.183895 1089.05832
39 26.641025 1115.699493
40 27.080055 1142.779695
41 30.071676 1172.851514
42 30.145503 1202.997159
43 25.215697 1228.212997
44 26.387033 1254.600177
45 27.974855 1282.575174
46 28.440077 1311.01539
47 27.872972 1338.888503
48 27.063074 1365.951721
49 25.166515 1391.118385
50 27.461406 1418.579932
51 28.397786 1446.977889
52 28.270743 1475.248776
53 30.896483 1506.145407
54 28.936748 1535.082301
55 27.111453 1562.193902
56 27.225477 1589.419521
57 24.695579 1614.115249
58 27.37007 1641.485459
59 26.509874 1667.995477
60 25.008228 1693.003865
61 28.658428 1721.662438
62 25.154208 1746.816788
63 27.399997 1774.216932
64 26.757787 1800.974859
65 24.485497 1825.46049
66 24.636826 1850.097461
67 28.30751 1878.405114
68 24.824573 1903.229831
69 29.163658 1932.39363
70 31.150854 1963.544623
71 28.618964 1992.16373
72 28.39384 2020.55771
73 28.572463 2049.130314
74 26.529215 2075.659679
75 28.779773 2104.439602
76 27.729007 2132.168749
77 25.035398 2157.20429
78 27.879265 2185.083698
79 27.943997 2213.027847
80 25.124596 2238.152587
81 27.343767 2265.496499
82 25.028689 2290.525333
83 30.945194 2321.470669
84 24.871109 2346.341919
85 29.059078 2375.401148
86 29.651481 2405.052777
87 29.781749 2434.834674
88 29.667385 2464.5022
89 29.57984 2494.082183
90 31.041508 2525.123838
91 30.007117 2555.131106
92 29.615629 2584.746882
93 31.170482 2615.917509
94 26.955876 2642.873532
95 27.786955 2670.66063
96 29.28548 2699.946251
97 31.419996 2731.366391
98 31.317169 2762.683701
99 25.12588 2787.809726
100 26.0555 2813.86537
101 24.678987 2838.5445
102 27.975201 2866.519843
103 26.579083 2893.099073
104 29.081401 2922.180616
105 25.236523 2947.417283
106 27.222675 2974.640103
107 28.348408 3002.98867
108 29.353379 3032.342195
109 24.984836 3057.327175
110 27.476277 3084.803599
111 25.37825 3110.181994
112 27.442553 3137.624688
113 26.457917 3164.082753
114 27.683257 3191.766151
115 24.942591 3216.708885
116 24.763473 3241.472505
117 26.10153 3267.574177
118 27.655064 3295.229386
119 27.929081 3323.158611
120 29.428967 3352.587719
121 29.671202 3382.259064
122 29.666407 3411.925613
123 28.339004 3440.264761
124 25.050371 3465.315272
125 28.898682 3494.214103
126 28.207747 3522.42199
127 27.603215 3550.025347
128 25.290041 3575.315536
