[runlim] version:		1.7
[runlim] time limit:		311040000 seconds
[runlim] real time limit:	3600 seconds
[runlim] space limit:		80000 MB
[runlim] argv[0]:		python3.6
[runlim] argv[1]:		./netsolver-gurobi-mod.py
[runlim] argv[2]:		../../../instances/fattree-bcube/BCube_n16_k2_bw10_cpu16.pn
[runlim] argv[3]:		../../../instances/fattree-bcube/instance_list_9vm_rnd.txt
[runlim] argv[4]:		False
[runlim] argv[5]:		True
[runlim] argv[6]:		timelogs/results.BCube_n16_k2_bw10_cpu16.pn.instance_list_9vm_rnd.txt.log
[runlim] start:			Fri Oct  4 04:23:50 2019
[runlim] main pid:		11665
Academic license - for non-commercial use only
[runlim] sample:		10.0 seconds, 352.1 MB
[runlim] sample:		20.0 seconds, 610.4 MB
[runlim] sample:		30.0 seconds, 502.4 MB
[runlim] sample:		40.0 seconds, 549.5 MB
[runlim] sample:		50.0 seconds, 578.5 MB
[runlim] sample:		60.0 seconds, 532.9 MB
[runlim] sample:		70.0 seconds, 470.5 MB
[runlim] sample:		80.0 seconds, 577.2 MB
[runlim] sample:		90.0 seconds, 630.9 MB
[runlim] sample:		100.0 seconds, 593.2 MB
[runlim] sample:		110.0 seconds, 534.8 MB
[runlim] sample:		120.0 seconds, 551.3 MB
[runlim] sample:		130.0 seconds, 605.4 MB
[runlim] sample:		140.0 seconds, 651.6 MB
[runlim] sample:		150.0 seconds, 644.7 MB
[runlim] sample:		160.0 seconds, 586.0 MB
[runlim] sample:		170.0 seconds, 558.6 MB
[runlim] sample:		180.0 seconds, 585.6 MB
[runlim] sample:		190.0 seconds, 633.4 MB
[runlim] sample:		200.0 seconds, 631.5 MB
[runlim] sample:		210.0 seconds, 532.7 MB
[runlim] sample:		220.0 seconds, 632.1 MB
[runlim] sample:		230.0 seconds, 640.7 MB
[runlim] sample:		240.0 seconds, 692.4 MB
[runlim] sample:		250.0 seconds, 688.8 MB
[runlim] sample:		260.0 seconds, 661.9 MB
[runlim] sample:		270.0 seconds, 606.5 MB
[runlim] sample:		280.0 seconds, 669.2 MB
[runlim] sample:		290.0 seconds, 778.0 MB
[runlim] sample:		300.0 seconds, 700.2 MB
[runlim] sample:		310.0 seconds, 681.3 MB
[runlim] sample:		320.0 seconds, 681.3 MB
[runlim] sample:		330.0 seconds, 677.1 MB
[runlim] sample:		340.0 seconds, 677.1 MB
[runlim] sample:		350.0 seconds, 704.3 MB
[runlim] sample:		360.0 seconds, 704.3 MB
[runlim] sample:		370.0 seconds, 670.8 MB
[runlim] sample:		380.0 seconds, 670.8 MB
[runlim] sample:		390.0 seconds, 694.2 MB
[runlim] sample:		400.0 seconds, 694.2 MB
[runlim] sample:		410.0 seconds, 694.2 MB
[runlim] sample:		420.0 seconds, 688.2 MB
[runlim] sample:		430.0 seconds, 673.0 MB
[runlim] sample:		440.0 seconds, 713.0 MB
[runlim] sample:		450.0 seconds, 756.5 MB
[runlim] sample:		460.0 seconds, 729.8 MB
[runlim] sample:		470.0 seconds, 623.5 MB
[runlim] sample:		480.0 seconds, 641.5 MB
[runlim] sample:		490.0 seconds, 663.4 MB
[runlim] sample:		500.0 seconds, 663.4 MB
[runlim] sample:		510.0 seconds, 623.8 MB
[runlim] sample:		520.0 seconds, 624.3 MB
[runlim] sample:		530.0 seconds, 684.2 MB
[runlim] sample:		540.0 seconds, 684.2 MB
[runlim] sample:		550.0 seconds, 648.5 MB
[runlim] sample:		560.0 seconds, 648.5 MB
[runlim] sample:		570.0 seconds, 667.2 MB
[runlim] sample:		580.0 seconds, 667.2 MB
[runlim] sample:		590.0 seconds, 577.3 MB
[runlim] sample:		600.0 seconds, 561.3 MB
[runlim] sample:		610.0 seconds, 561.1 MB
[runlim] sample:		620.0 seconds, 566.4 MB
[runlim] sample:		631.1 seconds, 591.2 MB
[runlim] sample:		641.4 seconds, 582.6 MB
[runlim] sample:		651.4 seconds, 605.7 MB
[runlim] sample:		661.4 seconds, 608.1 MB
[runlim] sample:		671.4 seconds, 618.2 MB
[runlim] sample:		681.5 seconds, 596.8 MB
[runlim] sample:		691.5 seconds, 634.9 MB
[runlim] sample:		701.4 seconds, 646.0 MB
[runlim] sample:		711.4 seconds, 643.8 MB
[runlim] sample:		721.5 seconds, 662.8 MB
[runlim] sample:		731.4 seconds, 661.8 MB
[runlim] sample:		741.4 seconds, 652.0 MB
[runlim] sample:		751.4 seconds, 645.8 MB
[runlim] sample:		761.5 seconds, 642.8 MB
[runlim] sample:		771.4 seconds, 625.6 MB
[runlim] sample:		781.4 seconds, 603.6 MB
[runlim] sample:		791.4 seconds, 632.6 MB
[runlim] sample:		801.5 seconds, 653.5 MB
[runlim] sample:		811.5 seconds, 646.3 MB
[runlim] sample:		821.4 seconds, 625.3 MB
[runlim] sample:		831.4 seconds, 641.7 MB
[runlim] sample:		841.4 seconds, 641.7 MB
[runlim] sample:		851.4 seconds, 643.9 MB
[runlim] sample:		861.4 seconds, 619.1 MB
[runlim] sample:		871.4 seconds, 675.3 MB
[runlim] sample:		881.4 seconds, 687.4 MB
[runlim] sample:		891.4 seconds, 678.3 MB
[runlim] sample:		901.4 seconds, 644.3 MB
[runlim] sample:		911.4 seconds, 634.6 MB
[runlim] sample:		921.4 seconds, 624.6 MB
[runlim] sample:		931.4 seconds, 637.7 MB
[runlim] sample:		941.4 seconds, 623.6 MB
[runlim] sample:		951.4 seconds, 621.3 MB
[runlim] sample:		961.4 seconds, 631.8 MB
[runlim] sample:		971.4 seconds, 631.1 MB
[runlim] sample:		981.4 seconds, 615.6 MB
[runlim] sample:		991.4 seconds, 631.8 MB
[runlim] sample:		1001.4 seconds, 666.5 MB
[runlim] sample:		1011.4 seconds, 645.8 MB
[runlim] sample:		1021.4 seconds, 645.8 MB
[runlim] sample:		1031.4 seconds, 644.3 MB
[runlim] sample:		1041.4 seconds, 626.1 MB
[runlim] sample:		1051.4 seconds, 625.6 MB
[runlim] sample:		1061.4 seconds, 664.1 MB
[runlim] sample:		1071.4 seconds, 664.1 MB
[runlim] sample:		1081.4 seconds, 648.1 MB
[runlim] sample:		1091.4 seconds, 609.8 MB
[runlim] sample:		1101.4 seconds, 608.6 MB
[runlim] sample:		1111.4 seconds, 606.3 MB
[runlim] sample:		1121.4 seconds, 621.1 MB
[runlim] sample:		1131.4 seconds, 632.1 MB
[runlim] sample:		1141.4 seconds, 654.7 MB
[runlim] sample:		1151.4 seconds, 644.1 MB
[runlim] sample:		1161.4 seconds, 644.1 MB
[runlim] sample:		1171.4 seconds, 680.0 MB
[runlim] sample:		1181.4 seconds, 680.0 MB
[runlim] sample:		1191.4 seconds, 657.8 MB
[runlim] sample:		1201.4 seconds, 623.8 MB
[runlim] sample:		1211.4 seconds, 629.3 MB
[runlim] sample:		1221.4 seconds, 678.8 MB
[runlim] sample:		1231.4 seconds, 678.5 MB
[runlim] sample:		1241.4 seconds, 664.5 MB
[runlim] sample:		1251.4 seconds, 664.5 MB
[runlim] sample:		1261.4 seconds, 681.3 MB
[runlim] sample:		1271.4 seconds, 675.3 MB
[runlim] sample:		1281.4 seconds, 672.5 MB
[runlim] sample:		1291.4 seconds, 672.5 MB
[runlim] sample:		1301.4 seconds, 668.7 MB
[runlim] sample:		1311.4 seconds, 652.8 MB
[runlim] sample:		1321.4 seconds, 646.5 MB
[runlim] sample:		1331.4 seconds, 641.6 MB
[runlim] sample:		1341.4 seconds, 636.8 MB
[runlim] sample:		1351.4 seconds, 635.8 MB
[runlim] sample:		1361.4 seconds, 634.3 MB
[runlim] sample:		1371.4 seconds, 628.6 MB
[runlim] sample:		1381.4 seconds, 624.6 MB
[runlim] sample:		1391.4 seconds, 634.8 MB
[runlim] sample:		1401.4 seconds, 679.0 MB
[runlim] sample:		1411.4 seconds, 676.3 MB
[runlim] sample:		1421.4 seconds, 664.0 MB
[runlim] sample:		1431.4 seconds, 657.1 MB
[runlim] sample:		1441.4 seconds, 657.1 MB
[runlim] sample:		1451.4 seconds, 651.3 MB
[runlim] sample:		1461.4 seconds, 701.6 MB
[runlim] sample:		1471.4 seconds, 727.3 MB
[runlim] sample:		1481.4 seconds, 712.6 MB
[runlim] sample:		1491.4 seconds, 689.3 MB
[runlim] sample:		1501.4 seconds, 689.1 MB
[runlim] sample:		1511.4 seconds, 658.1 MB
[runlim] sample:		1521.4 seconds, 655.8 MB
[runlim] sample:		1531.4 seconds, 653.8 MB
[runlim] sample:		1541.4 seconds, 653.3 MB
[runlim] sample:		1551.4 seconds, 680.4 MB
[runlim] sample:		1561.4 seconds, 679.8 MB
[runlim] sample:		1571.4 seconds, 697.0 MB
[runlim] sample:		1581.4 seconds, 697.0 MB
[runlim] sample:		1591.4 seconds, 682.8 MB
[runlim] sample:		1601.4 seconds, 659.3 MB
[runlim] sample:		1611.4 seconds, 659.3 MB
[runlim] sample:		1621.4 seconds, 703.3 MB
[runlim] sample:		1631.4 seconds, 702.8 MB
[runlim] sample:		1641.4 seconds, 676.6 MB
[runlim] sample:		1651.4 seconds, 646.6 MB
[runlim] sample:		1661.4 seconds, 646.1 MB
[runlim] sample:		1671.4 seconds, 647.6 MB
[runlim] sample:		1681.4 seconds, 645.8 MB
[runlim] sample:		1691.4 seconds, 641.6 MB
[runlim] sample:		1701.4 seconds, 640.3 MB
[runlim] sample:		1711.4 seconds, 643.7 MB
[runlim] sample:		1721.4 seconds, 680.6 MB
[runlim] sample:		1731.4 seconds, 665.1 MB
[runlim] sample:		1741.4 seconds, 638.8 MB
[runlim] sample:		1751.4 seconds, 637.3 MB
[runlim] sample:		1761.4 seconds, 637.1 MB
[runlim] sample:		1771.4 seconds, 651.0 MB
[runlim] sample:		1781.4 seconds, 688.0 MB
[runlim] sample:		1791.4 seconds, 666.1 MB
[runlim] sample:		1801.4 seconds, 647.6 MB
[runlim] sample:		1811.4 seconds, 647.3 MB
[runlim] sample:		1821.4 seconds, 657.1 MB
[runlim] sample:		1831.4 seconds, 658.1 MB
[runlim] sample:		1841.4 seconds, 643.6 MB
[runlim] sample:		1851.4 seconds, 656.3 MB
[runlim] sample:		1861.4 seconds, 693.8 MB
[runlim] sample:		1871.4 seconds, 702.4 MB
[runlim] sample:		1881.4 seconds, 683.8 MB
[runlim] sample:		1891.4 seconds, 696.8 MB
[runlim] sample:		1901.4 seconds, 696.8 MB
[runlim] sample:		1911.4 seconds, 697.3 MB
[runlim] sample:		1921.4 seconds, 688.8 MB
[runlim] sample:		1931.4 seconds, 719.6 MB
[runlim] sample:		1941.4 seconds, 719.6 MB
[runlim] sample:		1951.4 seconds, 704.1 MB
[runlim] sample:		1961.4 seconds, 665.3 MB
[runlim] sample:		1971.4 seconds, 665.1 MB
[runlim] sample:		1981.4 seconds, 707.9 MB
[runlim] sample:		1991.4 seconds, 709.8 MB
[runlim] sample:		2001.4 seconds, 711.2 MB
[runlim] sample:		2011.4 seconds, 672.8 MB
[runlim] sample:		2021.4 seconds, 666.3 MB
[runlim] sample:		2031.4 seconds, 666.1 MB
[runlim] sample:		2041.4 seconds, 665.3 MB
[runlim] sample:		2051.4 seconds, 665.3 MB
[runlim] sample:		2061.4 seconds, 659.1 MB
[runlim] sample:		2071.4 seconds, 658.8 MB
[runlim] sample:		2081.4 seconds, 674.8 MB
[runlim] sample:		2091.4 seconds, 674.8 MB
[runlim] sample:		2101.4 seconds, 669.1 MB
[runlim] sample:		2111.4 seconds, 654.8 MB
[runlim] sample:		2121.4 seconds, 656.6 MB
[runlim] sample:		2131.4 seconds, 686.4 MB
[runlim] sample:		2141.4 seconds, 662.3 MB
[runlim] sample:		2151.4 seconds, 660.1 MB
[runlim] sample:		2161.4 seconds, 655.6 MB
[runlim] sample:		2171.4 seconds, 655.3 MB
[runlim] sample:		2181.4 seconds, 674.9 MB
[runlim] sample:		2191.4 seconds, 668.8 MB
[runlim] sample:		2201.4 seconds, 668.8 MB
[runlim] sample:		2211.4 seconds, 666.8 MB
[runlim] sample:		2221.4 seconds, 664.6 MB
[runlim] sample:		2231.4 seconds, 664.1 MB
[runlim] sample:		2241.4 seconds, 664.1 MB
[runlim] sample:		2251.4 seconds, 664.1 MB
[runlim] sample:		2261.4 seconds, 719.4 MB
[runlim] sample:		2271.4 seconds, 719.9 MB
[runlim] sample:		2281.4 seconds, 709.8 MB
[runlim] sample:		2291.4 seconds, 679.9 MB
[runlim] sample:		2301.4 seconds, 669.2 MB
[runlim] sample:		2311.4 seconds, 724.0 MB
[runlim] sample:		2321.4 seconds, 724.0 MB
[runlim] sample:		2331.4 seconds, 725.0 MB
[runlim] sample:		2341.4 seconds, 730.4 MB
[runlim] sample:		2351.4 seconds, 719.0 MB
[runlim] sample:		2361.4 seconds, 718.7 MB
[runlim] sample:		2371.4 seconds, 714.5 MB
[runlim] sample:		2381.4 seconds, 694.5 MB
[runlim] sample:		2391.4 seconds, 677.2 MB
[runlim] sample:		2401.4 seconds, 677.2 MB
[runlim] sample:		2411.4 seconds, 710.2 MB
[runlim] sample:		2421.4 seconds, 704.7 MB
[runlim] sample:		2431.4 seconds, 697.9 MB
[runlim] sample:		2441.4 seconds, 687.3 MB
[runlim] sample:		2451.4 seconds, 704.7 MB
[runlim] sample:		2461.4 seconds, 692.2 MB
[runlim] sample:		2471.4 seconds, 692.0 MB
[runlim] sample:		2481.4 seconds, 674.7 MB
[runlim] sample:		2491.4 seconds, 671.7 MB
[runlim] sample:		2501.4 seconds, 670.2 MB
[runlim] sample:		2511.4 seconds, 668.5 MB
[runlim] sample:		2521.4 seconds, 668.2 MB
[runlim] sample:		2531.4 seconds, 668.2 MB
[runlim] sample:		2541.4 seconds, 723.8 MB
[runlim] sample:		2551.4 seconds, 723.8 MB
[runlim] sample:		2561.4 seconds, 739.7 MB
[runlim] sample:		2571.4 seconds, 732.9 MB
[runlim] sample:		2581.4 seconds, 720.5 MB
[runlim] sample:		2591.4 seconds, 720.5 MB
[runlim] sample:		2601.4 seconds, 716.0 MB
[runlim] sample:		2611.4 seconds, 710.7 MB
[runlim] sample:		2621.4 seconds, 701.5 MB
[runlim] sample:		2631.4 seconds, 690.7 MB
[runlim] sample:		2641.4 seconds, 690.7 MB
[runlim] sample:		2651.4 seconds, 688.5 MB
[runlim] sample:		2661.4 seconds, 684.0 MB
[runlim] sample:		2671.4 seconds, 682.7 MB
[runlim] sample:		2681.4 seconds, 682.5 MB
[runlim] sample:		2691.4 seconds, 710.2 MB
[runlim] sample:		2701.4 seconds, 700.4 MB
[runlim] sample:		2711.4 seconds, 700.4 MB
[runlim] sample:		2721.4 seconds, 709.9 MB
[runlim] sample:		2731.4 seconds, 705.7 MB
[runlim] sample:		2741.4 seconds, 703.9 MB
[runlim] sample:		2751.4 seconds, 703.9 MB
[runlim] sample:		2761.4 seconds, 705.7 MB
[runlim] sample:		2771.4 seconds, 704.7 MB
[runlim] sample:		2781.4 seconds, 698.2 MB
[runlim] sample:		2791.4 seconds, 686.2 MB
[runlim] sample:		2801.4 seconds, 685.7 MB
[runlim] sample:		2811.4 seconds, 685.5 MB
[runlim] sample:		2821.4 seconds, 685.2 MB
[runlim] sample:		2831.4 seconds, 687.0 MB
[runlim] sample:		2841.4 seconds, 687.0 MB
[runlim] sample:		2851.4 seconds, 731.0 MB
[runlim] sample:		2861.4 seconds, 731.0 MB
[runlim] sample:		2871.4 seconds, 731.4 MB
[runlim] sample:		2881.4 seconds, 698.5 MB
[runlim] sample:		2891.4 seconds, 692.7 MB
[runlim] sample:		2901.4 seconds, 688.0 MB
[runlim] sample:		2911.4 seconds, 688.0 MB
[runlim] sample:		2921.4 seconds, 699.6 MB
[runlim] sample:		2931.4 seconds, 699.5 MB
[runlim] sample:		2941.4 seconds, 693.5 MB
[runlim] sample:		2951.4 seconds, 688.2 MB
[runlim] sample:		2961.4 seconds, 688.2 MB
[runlim] sample:		2971.4 seconds, 709.0 MB
[runlim] sample:		2981.4 seconds, 709.0 MB
[runlim] sample:		2991.4 seconds, 713.3 MB
[runlim] sample:		3001.4 seconds, 746.2 MB
[runlim] sample:		3011.4 seconds, 708.0 MB
[runlim] sample:		3021.4 seconds, 701.7 MB
[runlim] sample:		3031.4 seconds, 691.2 MB
[runlim] sample:		3041.4 seconds, 691.2 MB
[runlim] sample:		3051.4 seconds, 691.2 MB
[runlim] sample:		3061.4 seconds, 690.5 MB
[runlim] sample:		3071.4 seconds, 690.0 MB
[runlim] sample:		3081.4 seconds, 690.0 MB
[runlim] sample:		3091.4 seconds, 690.0 MB
[runlim] sample:		3101.4 seconds, 689.2 MB
[runlim] sample:		3111.4 seconds, 686.7 MB
[runlim] sample:		3121.4 seconds, 686.7 MB
[runlim] sample:		3131.4 seconds, 688.5 MB
[runlim] sample:		3141.4 seconds, 688.0 MB
[runlim] sample:		3151.4 seconds, 686.2 MB
[runlim] sample:		3161.4 seconds, 710.7 MB
[runlim] sample:		3171.4 seconds, 710.7 MB
[runlim] sample:		3181.4 seconds, 704.0 MB
[runlim] sample:		3191.4 seconds, 689.2 MB
[runlim] sample:		3201.4 seconds, 689.2 MB
[runlim] sample:		3211.4 seconds, 710.2 MB
[runlim] sample:		3221.4 seconds, 710.2 MB
[runlim] sample:		3231.4 seconds, 703.9 MB
[runlim] sample:		3241.4 seconds, 703.9 MB
[runlim] sample:		3251.4 seconds, 710.2 MB
[runlim] sample:		3261.4 seconds, 709.5 MB
[runlim] sample:		3271.4 seconds, 725.8 MB
[runlim] sample:		3281.4 seconds, 725.8 MB
[runlim] sample:		3291.4 seconds, 745.2 MB
[runlim] sample:		3301.4 seconds, 738.5 MB
[runlim] sample:		3311.4 seconds, 721.0 MB
[runlim] sample:		3321.4 seconds, 717.5 MB
[runlim] sample:		3331.4 seconds, 732.6 MB
[runlim] sample:		3341.4 seconds, 733.3 MB
[runlim] sample:		3351.4 seconds, 746.6 MB
[runlim] sample:		3361.4 seconds, 739.4 MB
[runlim] sample:		3371.4 seconds, 717.9 MB
[runlim] sample:		3381.4 seconds, 701.1 MB
[runlim] sample:		3391.4 seconds, 700.9 MB
[runlim] sample:		3401.4 seconds, 700.9 MB
[runlim] sample:		3411.4 seconds, 710.9 MB
[runlim] sample:		3421.4 seconds, 704.6 MB
[runlim] sample:		3431.4 seconds, 703.1 MB
[runlim] sample:		3441.4 seconds, 700.4 MB
[runlim] sample:		3451.4 seconds, 700.4 MB
[runlim] sample:		3461.4 seconds, 700.4 MB
[runlim] sample:		3471.4 seconds, 700.4 MB
[runlim] sample:		3481.4 seconds, 700.1 MB
[runlim] sample:		3491.4 seconds, 698.4 MB
[runlim] sample:		3501.4 seconds, 697.6 MB
[runlim] sample:		3511.4 seconds, 709.7 MB
[runlim] sample:		3521.4 seconds, 713.7 MB
[runlim] sample:		3531.4 seconds, 760.2 MB
[runlim] sample:		3541.4 seconds, 760.2 MB
[runlim] sample:		3551.4 seconds, 751.2 MB
[runlim] sample:		3561.4 seconds, 751.2 MB
[runlim] sample:		3571.4 seconds, 747.9 MB
[runlim] sample:		3581.4 seconds, 746.6 MB
[runlim] sample:		3591.4 seconds, 720.6 MB
[runlim] end:			Fri Oct  4 05:23:50 2019
[runlim] status:		out of time
[runlim] result:		1
[runlim] children:		0
[runlim] real:			3600.08 seconds
[runlim] time:			3601.28 seconds
[runlim] space:			778.0 MB
[runlim] samples:		35999
