# instance ../../../instances/fattree-bcube/BCube_n8_k2_bw10_cpu16.pn
# Settings: PN=../../../instances/fattree-bcube/BCube_n8_k2_bw10_cpu16.pn, VN=../../../instances/fattree-bcube/instance_list_15vm_rnd.txt, multi-thread=True
init 0.024336 0.024336
1 5.434121 5.458457
2 4.855952 10.314553
3 4.836443 15.15113
4 4.839574 19.990843
5 4.365866 24.356843
6 5.155707 29.512691
7 5.656508 35.169344
8 5.267105 40.436598
9 4.276186 44.712921
10 4.392877 49.105921
11 4.823206 53.929257
12 5.598746 59.528135
13 5.944298 65.472576
14 4.857852 70.330564
15 4.892913 75.223612
16 5.036692 80.260442
17 4.755131 85.015724
18 4.618313 89.634175
19 4.439918 94.074225
20 5.143548 99.21791
21 5.809534 105.027582
22 5.164438 110.192159
23 6.346719 116.539006
24 5.418474 121.957612
25 5.801591 127.759335
26 6.255521 134.014989
27 5.816148 139.831262
28 6.420753 146.252148
29 5.140421 151.392702
30 5.347965 156.740796
31 6.455852 163.196779
32 5.342477 168.539389
33 5.091012 173.630534
34 5.368137 178.9988
35 5.022652 184.021582
36 6.210593 190.232302
37 5.107866 195.3403
38 5.043546 200.383977
39 4.909638 205.293741
40 5.706974 211.000844
41 6.229658 217.230636
42 5.8439 223.074668
43 5.090911 228.16571
44 5.363873 233.529715
45 4.886184 238.416025
46 5.07538 243.491536
47 5.321593 248.813259
48 5.425914 254.239304
49 5.322471 259.561905
50 4.902279 264.464313
51 5.372729 269.837169
52 4.90821 274.745511
53 5.26383 280.009466
54 6.521488 286.531077
55 5.834146 292.36536
56 5.086938 297.452427
57 5.419138 302.871704
58 6.164347 309.036177
59 5.467983 314.504291
60 5.782658 320.287078
61 5.170924 325.458128
62 5.761197 331.219459
63 5.448035 336.66762
64 5.851653 342.51941
65 5.784864 348.304404
66 4.885018 353.189552
67 5.03807 358.227747
68 5.776307 364.004184
69 5.475446 369.479761
70 5.029195 374.509089
71 5.155375 379.664591
72 6.147282 385.812
73 5.153599 390.965731
74 5.802739 396.768604
75 5.385418 402.154162
76 5.052762 407.207049
77 5.471145 412.678322
78 6.425706 419.104157
79 5.828816 424.933103
80 6.24782 431.181055
81 5.514623 436.69581
82 5.822478 442.518421
83 5.430862 447.94941
84 5.757512 453.707052
85 6.501622 460.208809
86 6.348125 466.557058
87 6.31253 472.86972
88 6.506402 479.376255
89 6.405773 485.782159
90 5.244109 491.026404
91 6.156412 497.182948
92 5.474273 502.657351
93 4.920139 507.57762
94 6.359741 513.937493
95 5.246153 519.18378
96 5.308352 524.492259
97 4.896146 529.388531
98 4.907826 534.296509
99 4.806543 539.103205
100 5.731446 544.834779
101 5.532092 550.367005
102 6.225537 556.592668
103 6.557235 563.150038
104 5.415202 568.565371
105 5.81616 574.381656
106 5.828415 580.210197
107 5.466271 585.676594
108 4.903377 590.58011
109 5.795291 596.37553
110 5.122908 601.498566
111 5.772121 607.270818
112 5.449669 612.72062
113 5.382561 618.103318
114 5.401308 623.504754
115 4.920953 628.425833
116 5.14309 633.569054
117 5.401053 638.970238
118 4.881194 643.851561
119 5.319547 649.17124
120 4.892451 654.063826
121 5.835684 659.899637
122 5.768517 665.668284
123 6.512896 672.181309
124 4.987027 677.168464
125 5.405296 682.573904
126 5.181644 687.755679
127 5.7778 693.533609
128 6.495059 700.028805
129 6.619482 706.648415
130 5.230819 711.879366
131 5.406822 717.286319
132 4.841691 722.128141
133 5.386741 727.515009
134 6.536394 734.051529
135 5.487833 739.539491
136 5.370145 744.909769
137 5.508278 750.418173
138 5.095254 755.513551
139 5.029661 760.54334
140 6.307745 766.851211
141 5.470594 772.321938
142 5.105683 777.42775
143 5.766564 783.194443
144 5.901043 789.095612
145 6.535894 795.631639
146 5.417587 801.049356
147 5.449999 806.499485
148 5.428376 811.927993
149 5.445672 817.37379
150 5.423982 822.797906
151 5.374965 828.173006
152 6.437921 834.61106
153 4.964076 839.575265
154 5.184374 844.759766
155 6.201516 850.961406
156 5.252624 856.214158
157 6.438831 862.653119
158 5.281375 867.934626
159 5.316365 873.251121
160 5.101936 878.353188
161 5.150935 883.504252
162 5.792322 889.296702
163 6.508704 895.805539
164 5.258313 901.063981
165 5.184236 906.24835
166 5.350626 911.599105
167 6.257481 917.856713
168 5.479831 923.336676
169 4.936139 928.272963
170 5.450393 933.723482
171 5.815271 939.538883
172 5.430337 944.969355
173 5.43061 950.400094
174 5.840753 956.240975
175 6.313244 962.554354
176 5.543454 968.097935
177 5.407819 973.505885
178 5.43258 978.938593
179 5.207842 984.146561
180 5.805951 989.95264
181 5.857612 995.810381
182 5.803181 1001.613691
183 5.195476 1006.809291
184 6.467162 1013.276584
185 5.27434 1018.551056
186 5.749485 1024.300671
187 5.900951 1030.201759
188 5.859564 1036.061448
189 4.920313 1040.981894
190 4.884405 1045.866427
191 5.773123 1051.63968
192 6.518009 1058.157819
193 5.876473 1064.034425
194 5.248857 1069.283413
195 5.385003 1074.668544
196 5.199383 1079.868078
197 5.332992 1085.201204
198 4.944213 1090.145549
199 6.178954 1096.324629
200 5.89184 1102.216599
201 4.995854 1107.212579
202 6.467403 1113.680126
203 5.009972 1118.690245
204 5.845614 1124.535995
205 5.460428 1129.996553
206 6.445282 1136.441973
207 5.054772 1141.496877
208 5.800852 1147.297867
209 5.462346 1152.760351
210 6.562458 1159.322948
211 5.445792 1164.76888
212 6.574749 1171.343763
213 5.453593 1176.797486
214 6.249899 1183.047516
215 6.620334 1189.667989
216 5.41106 1195.079188
217 5.833714 1200.913034
218 6.334458 1207.247617
219 5.315045 1212.562799
220 5.803397 1218.366328
221 5.458528 1223.824992
222 5.814472 1229.639599
223 5.418026 1235.057763
224 5.868011 1240.925907
225 5.93665 1246.86269
226 5.470785 1252.333608
227 5.833119 1258.166855
228 6.537656 1264.704647
229 5.447034 1270.151809
230 5.481251 1275.633191
231 5.145459 1280.778783
232 6.242364 1287.021275
233 5.518173 1292.539586
234 5.118157 1297.657875
235 5.850556 1303.508573
236 6.224389 1309.733085
237 5.26588 1314.999101
238 5.38109 1320.380323
239 5.534455 1325.91491
240 5.124015 1331.039057
241 5.393792 1336.432982
242 5.875139 1342.308253
243 4.929225 1347.237601
244 5.80107 1353.038808
245 5.020982 1358.059926
246 5.43245 1363.492509
247 5.762623 1369.255293
248 5.430625 1374.686054
249 6.373591 1381.059777
250 5.876391 1386.936297
251 5.157963 1392.094395
252 6.278388 1398.372914
253 4.952986 1403.32604
254 5.073034 1408.399202
255 5.835375 1414.234712
256 5.478644 1419.713489
257 5.308159 1425.021783
258 6.364191 1431.386105
259 6.275889 1437.662124
260 4.991224 1442.653487
261 5.412562 1448.066178
262 5.367903 1453.434215
263 5.843448 1459.277795
264 5.848606 1465.126538
265 6.541266 1471.66794
266 6.679996 1478.348077
267 5.448948 1483.797163
268 5.830424 1489.627721
269 5.447253 1495.075108
270 5.221497 1500.296738
271 5.815229 1506.112104
272 5.429538 1511.541777
273 5.43446 1516.976365
274 5.218276 1522.194771
275 5.815185 1528.010089
276 5.451109 1533.461326
277 6.597863 1540.059322
278 5.429764 1545.489219
279 6.602349 1552.091697
280 5.439051 1557.53088
281 4.950268 1562.481284
282 5.160437 1567.641848
283 5.364021 1573.006003
284 5.457943 1578.46407
285 5.454947 1583.919153
286 5.828243 1589.747525
287 5.405219 1595.152877
288 6.242745 1601.395755
289 5.056479 1606.452369
290 5.365174 1611.817674
291 6.464061 1618.281862
292 5.563492 1623.845494
293 4.927605 1628.773235
294 5.774783 1634.548149
295 5.473327 1640.021608
296 5.429508 1645.45124
297 5.134203 1650.585577
298 5.41581 1656.001516
299 5.204077 1661.205729
300 5.126899 1666.332751
301 5.426157 1671.759042
302 5.425441 1677.184616
303 5.870129 1683.054888
304 5.455786 1688.510809
305 5.861223 1694.372164
306 5.449376 1699.821675
307 5.501354 1705.323163
308 6.452869 1711.776167
309 5.552906 1717.329204
310 5.153211 1722.48255
311 6.202342 1728.685031
312 5.86876 1734.553933
313 5.198486 1739.752548
314 4.909049 1744.661758
315 5.778627 1750.440513
316 5.915389 1756.356044
317 4.937483 1761.293662
318 5.435122 1766.72891
319 5.387099 1772.116143
320 5.821451 1777.937722
321 5.853372 1783.791226
322 5.962726 1789.754089
323 5.44351 1795.197734
324 5.232751 1800.430619
325 5.188699 1805.619452
326 6.236073 1811.855658
327 5.326393 1817.182188
328 6.270178 1823.4525
329 6.262582 1829.715248
330 5.566971 1835.282354
331 5.849034 1841.131526
332 6.585954 1847.717615
333 5.43001 1853.147761
334 5.828551 1858.976465
335 5.513298 1864.489909
336 5.279445 1869.769489
337 5.319679 1875.089299
338 6.282761 1881.372195
339 5.509375 1886.881707
340 5.171361 1892.053201
341 4.872738 1896.926072
342 5.790892 1902.717095
343 6.58299 1909.300216
344 6.50442 1915.804777
345 5.093903 1920.898818
346 6.24259 1927.141545
347 5.473357 1932.615038
348 5.755497 1938.370671
349 5.446924 1943.81773
350 5.510209 1949.328068
351 6.533952 1955.86216
352 6.506687 1962.368981
353 5.557664 1967.926786
354 5.824372 1973.75129
355 5.510019 1979.261447
356 5.831998 1985.093593
357 5.12643 1990.22016
358 5.837831 1996.058126
359 5.463469 2001.521728
360 5.878941 2007.400798
361 5.485615 2012.886552
362 6.479386 2019.366072
363 5.285833 2024.652043
364 5.825711 2030.477889
365 5.830277 2036.308299
366 5.283089 2041.591523
367 4.90162 2046.493276
368 5.73437 2052.227783
369 6.31697 2058.544894
370 5.880805 2064.425841
371 5.473779 2069.899755
372 5.494036 2075.393925
373 5.747457 2081.141511
374 6.535916 2087.677557
375 5.897758 2093.575451
376 5.46883 2099.044423
377 5.513535 2104.558099
378 5.804229 2110.362461
379 5.19691 2115.559502
380 5.120668 2120.680305
381 5.444274 2126.124708
382 5.386833 2131.511679
383 6.60042 2138.112232
384 5.889961 2144.002324
385 6.515189 2150.517643
386 5.907811 2156.425583
387 5.577491 2162.00321
388 5.855151 2167.858499
389 6.246646 2174.105278
390 5.905748 2180.011154
391 5.937559 2185.94884
392 5.83041 2191.779386
393 5.859921 2197.63944
394 5.866351 2203.505928
395 5.310732 2208.816788
396 5.118862 2213.935784
397 5.357581 2219.293499
398 5.203432 2224.497064
399 5.418057 2229.91525
400 5.411405 2235.326781
401 5.400187 2240.727104
402 5.770903 2246.498144
403 5.490213 2251.988496
404 5.191194 2257.179864
405 5.449446 2262.629447
406 5.795174 2268.424752
407 5.021261 2273.446159
408 5.478888 2278.925181
409 4.927312 2283.852626
410 5.843683 2289.696439
411 5.102884 2294.799473
412 5.820582 2300.620192
413 5.020225 2305.640551
414 6.189929 2311.830638
415 5.514818 2317.345593
416 5.417031 2322.76276
417 5.21894 2327.981838
418 5.82695 2333.808922
419 5.442574 2339.251631
420 5.517065 2344.768831
421 5.80806 2350.577021
422 5.436732 2356.013883
423 5.447999 2361.462015
424 5.833619 2367.295765
425 5.456732 2372.752631
426 5.870405 2378.623175
427 5.224867 2383.848173
428 5.775118 2389.623419
429 4.975595 2394.59915
430 5.739285 2400.338564
431 5.449951 2405.788647
432 4.929205 2410.717991
433 5.374969 2416.093089
434 5.861994 2421.955219
435 5.445635 2427.400988
436 5.8078 2433.208921
437 5.907938 2439.116992
438 6.539237 2445.65636
439 5.479945 2451.13645
440 5.27969 2456.41628
441 5.80425 2462.220662
442 5.431805 2467.652602
443 5.47767 2473.130405
444 5.241949 2478.372482
445 4.882301 2483.254933
446 6.271301 2489.526365
447 5.531575 2495.058076
448 5.156189 2500.214398
449 6.601794 2506.816325
450 4.990262 2511.806721
451 5.365694 2517.172544
452 5.800681 2522.973387
453 5.019505 2527.993021
454 5.753087 2533.746245
455 5.433619 2539.18
456 5.859151 2545.039297
457 6.384224 2551.423656
458 5.555214 2556.979003
459 5.462246 2562.441383
460 5.839894 2568.281414
461 6.542141 2574.82369
462 6.586073 2581.4099
463 5.554686 2586.964716
464 5.172206 2592.13707
465 4.889899 2597.027102
466 5.175094 2602.202328
467 5.843326 2608.045785
468 5.173769 2613.219693
469 5.397371 2618.617198
470 5.426182 2624.043509
471 5.847583 2629.891224
472 5.80629 2635.697649
473 5.456346 2641.154129
474 6.283651 2647.437912
475 6.64047 2654.078517
476 5.300907 2659.37956
477 6.458786 2665.838482
478 6.624866 2672.463484
479 5.36529 2677.828904
480 5.838282 2683.667319
481 4.915223 2688.582677
482 5.156827 2693.739634
483 5.86386 2699.603628
484 4.923805 2704.527565
485 6.354667 2710.88236
486 5.846468 2716.728962
487 5.47744 2722.206541
488 5.437055 2727.64373
489 5.477589 2733.121457
490 6.507397 2739.628983
491 5.305389 2744.93451
492 5.353935 2750.288581
493 4.987452 2755.27618
494 5.436805 2760.713113
495 4.929195 2765.642438
496 4.939047 2770.581616
497 4.864595 2775.446346
498 5.804837 2781.25132
499 5.066758 2786.318213
500 5.897773 2792.216159
501 5.831987 2798.048287
502 5.964144 2804.012578
503 26.500416 2830.513136
504 6.833597 2837.346866
505 34.327106 2871.67411
506 65.072815 2936.747055
507 43.763005 2980.510194
508 9.417831 2989.928151
509 48.240293 3038.168573
510 7.614853 3045.783557
511 5.51675 3051.300444
512 53.396113 3104.6967
513 76.051293 3180.74812
514 5.131533 3185.879779
515 8.056722 3193.936636
516 6.192978 3200.129751
517 7.533508 3207.663388
518 7.648227 3215.311752
519 6.881951 3222.193842
520 5.767148 3227.961127
521 5.972396 3233.933657
522 5.175603 3239.109393
523 5.47732 3244.586845
524 7.600287 3252.187262
525 5.576678 3257.764072
526 6.34695 3264.11116
527 5.095605 3269.206896
528 19.682763 3288.889815
529 4.668503 3293.558457
530 5.334149 3298.89275
531 54.334011 3353.226897
532 9.315884 3362.542908
533 5.584684 3368.127724
534 5.559713 3373.687572
535 12.478206 3386.165914
536 28.610066 3414.776119
537 6.689664 3421.465913
538 6.449795 3427.915843
539 6.665401 3434.581377
540 5.608104 3440.189613
541 5.09083 3445.280582
542 5.410987 3450.691716
543 7.165912 3457.857762
544 10.187652 3468.045552
545 5.216001 3473.261688
