# instance ../../../instances/fattree-bcube/BCube_n8_k2_bw10_cpu16.pn
# Settings: PN=../../../instances/fattree-bcube/BCube_n8_k2_bw10_cpu16.pn, VN=../../../instances/fattree-bcube/instance_list_6vm_rnd.txt, multi-thread=True
init 0.026054 0.026054
1 1.50624 1.532294
2 1.407124 2.939542
3 1.563329 4.502999
4 1.407867 5.910991
5 1.04844 6.959562
6 1.544203 8.503884
7 1.421463 9.925464
8 1.192079 11.117667
9 1.200637 12.318431
10 1.018269 13.336831
11 1.559586 14.896541
12 1.408197 16.304866
13 1.392636 17.697629
14 1.395869 19.093628
15 1.193959 20.287711
16 1.378486 21.666323
17 1.396178 23.062629
18 1.404117 24.46688
19 1.404668 25.871679
20 1.408418 27.280225
21 1.407371 28.687725
22 1.412764 30.100618
23 1.199253 31.299998
24 1.58233 32.882453
25 1.411191 34.293771
26 1.062574 35.356472
27 1.170344 36.526944
28 1.034341 37.561417
29 1.372378 38.933919
30 1.407587 40.341632
31 1.409595 41.751351
32 1.197574 42.949052
33 1.376859 44.326038
34 1.573189 45.899354
35 1.618199 47.517679
36 1.21668 48.734492
37 1.383643 50.118266
38 1.398029 51.516422
39 1.403282 52.919832
40 1.403371 54.323331
41 1.400587 55.724049
42 1.23384 56.958021
43 1.563132 58.521279
44 1.427268 59.948674
45 1.028126 60.976926
46 1.361705 62.338759
47 1.571625 63.910513
48 1.083055 64.993698
49 0.999506 65.993329
50 1.360397 67.353848
51 1.401082 68.755062
52 1.404973 70.160168
53 1.408583 71.568883
54 1.411166 72.980178
55 1.197532 74.177838
56 1.379524 75.557496
57 1.231406 76.789032
58 1.389604 78.178763
59 1.407422 79.586314
60 1.211912 80.798361
61 1.205847 82.004335
62 1.211512 83.215972
63 1.391766 84.607864
64 1.413376 86.021367
65 1.39568 87.41718
66 1.398537 88.815857
67 1.202095 90.018079
68 1.210549 91.228748
69 1.38644 92.615323
70 1.408285 94.023739
71 1.413656 95.437522
72 1.398849 96.836501
73 1.587487 98.424116
74 1.433591 99.857839
75 1.415965 101.273936
76 1.397457 102.671521
77 1.212302 103.883951
78 1.638323 105.522397
79 1.323114 106.845642
80 1.304731 108.150487
81 0.99755 109.148147
82 1.088642 110.236894
83 0.974146 111.211148
84 1.273796 112.485047
85 0.966562 113.451724
86 1.26849 114.720322
87 1.151402 115.871834
88 0.947699 116.819642
89 1.111874 117.931621
90 1.294444 119.226178
91 1.117515 120.343808
92 1.469831 121.813749
93 1.32103 123.134891
94 1.476151 124.611152
95 1.135829 125.747097
96 1.285378 127.032581
97 1.150553 128.183246
98 1.137269 129.320621
99 1.283887 130.604615
100 0.964642 131.56937
101 1.268952 132.838426
102 0.976159 133.814694
103 1.265369 135.080166
104 1.304383 136.384662
105 1.152994 137.53777
106 1.298028 138.835904
107 0.963682 139.799694
108 1.424255 141.224057
109 1.013847 142.238017
110 0.930519 143.168646
111 1.108621 144.27737
112 0.946494 145.223973
113 1.264407 146.488487
114 1.299155 147.787751
115 1.309729 149.097591
116 1.31339 150.411092
117 1.31279 151.72399
118 1.162151 152.886252
119 1.262981 154.149342
120 1.300637 155.450093
121 1.306249 156.756452
122 1.309775 158.066337
123 1.153653 159.2201
124 0.96068 160.180894
125 1.113238 161.294238
126 1.290587 162.584933
127 1.312545 163.897588
128 1.315669 165.213368
129 1.318588 166.532067
130 1.477407 168.00959
131 1.337618 169.347319
132 1.319104 170.666532
133 1.124542 171.791184
134 1.287598 173.078893
135 1.497001 174.576003
136 1.496962 176.073076
137 1.341576 177.414764
138 1.306987 178.721864
139 1.30693 180.028909
140 1.13827 181.16729
141 1.286311 182.453718
142 1.308969 183.762795
143 1.31102 185.07393
144 1.468055 186.5421
145 1.015504 187.557715
146 1.2722 188.830022
147 1.305737 190.135868
148 1.278171 191.41415
149 1.142163 192.556425
150 1.288622 193.845155
151 1.464009 195.309281
152 1.519614 196.829013
153 1.294548 198.123676
154 1.149932 199.273717
155 1.44241 200.716235
156 1.329521 202.045866
157 1.150708 203.196687
158 1.450981 204.647782
159 1.509053 206.156947
160 1.538755 207.695829
161 1.324557 209.020514
162 1.306544 210.327171
163 0.968033 211.295315
164 0.93913 212.234551
165 1.265807 213.500463
166 1.154288 214.65486
167 1.143987 215.798961
168 1.105034 216.904104
169 1.283616 218.187825
170 1.304176 219.492111
171 1.153586 220.64583
172 1.298107 221.944047
173 1.318464 223.262621
174 1.305915 224.568647
175 1.303716 225.872474
176 1.124052 226.996638
177 1.28819 228.284936
178 1.306739 229.591786
179 1.154187 230.746082
180 1.301224 232.047413
181 1.497844 233.54537
182 1.337071 234.882567
183 1.320475 236.203153
184 1.309382 237.512643
185 1.308051 238.820807
186 1.306824 240.127745
187 1.280484 241.408337
188 1.306827 242.715272
189 1.30959 244.024969
190 1.153401 245.178482
191 1.289582 246.468173
192 1.313082 247.781365
193 1.31802 249.099496
194 0.967548 250.067154
195 1.112094 251.179358
196 1.298875 252.478345
197 1.320532 253.798987
198 1.502589 255.301687
199 1.342424 256.644238
200 1.476094 258.120446
201 1.497884 259.618441
202 1.334289 260.952839
203 0.978838 261.931789
204 1.271299 263.203196
205 1.309563 264.512872
206 1.158002 265.670984
207 0.963245 266.634338
208 1.272238 267.906677
209 1.313004 269.21979
210 1.308237 270.52814
211 1.310606 271.838856
212 1.472996 273.311963
213 1.333161 274.645236
214 0.997374 275.642728
215 1.460197 277.103032
216 1.517177 278.620335
217 1.516612 280.137071
218 1.513822 281.651025
219 1.335523 282.986675
220 1.156215 284.143
221 1.294924 285.438033
222 1.161465 286.59961
223 0.95138 287.551102
224 1.123964 288.675172
225 1.288097 289.963374
226 1.308376 291.271859
227 1.310197 292.582166
228 1.282182 293.864462
229 0.994196 294.858768
230 1.435043 296.293916
231 1.328024 297.622052
232 1.31491 298.937077
233 1.473644 300.410835
234 1.332913 301.743859
235 1.315828 303.059797
236 1.317322 304.377229
237 1.317577 305.69492
238 1.49972 307.194755
239 1.199087 308.393966
240 1.10798 309.502067
241 1.469941 310.972113
242 1.323559 312.295802
243 1.166836 313.462752
244 1.472576 314.935447
245 1.330632 316.266207
246 1.310456 317.576778
247 0.996992 318.573884
248 1.273754 319.847745
249 1.501718 321.349571
250 1.342832 322.692529
251 0.968339 323.660982
252 1.275013 324.936105
253 1.313155 326.249372
254 1.316419 327.565902
255 1.501067 329.06708
256 1.338193 330.405403
257 1.338972 331.744486
258 1.504246 333.248853
259 1.195451 334.444429
260 1.29037 335.734918
261 1.500807 337.23584
262 1.518852 338.754817
263 1.33742 340.092362
264 1.495997 341.588468
265 1.335082 342.923682
266 1.176673 344.100466
267 1.290319 345.390902
268 1.499456 346.890469
269 0.982693 347.87329
270 1.269607 349.143006
271 1.168446 350.311565
272 1.301213 351.612899
273 1.134652 352.747662
274 0.977705 353.725485
275 1.45932 355.184914
276 1.335723 356.520762
277 1.176807 357.697677
278 1.266956 358.964751
279 1.306707 360.271572
280 1.309086 361.580768
281 1.311541 362.892417
282 1.312138 364.204667
283 1.156095 365.360872
284 1.476164 366.837148
285 1.513354 368.350643
286 1.022002 369.372769
287 1.270523 370.643395
288 1.498916 372.142423
289 1.172857 373.31541
290 1.492612 374.808141
291 1.335661 376.143929
292 0.967861 377.111902
293 1.274866 378.386876
294 1.313304 379.700295
295 1.177689 380.878099
296 1.469623 382.347843
297 1.340695 383.688665
298 0.968296 384.657074
299 0.939781 385.596964
300 1.113884 386.710962
301 1.471977 388.18305
302 1.173812 389.356988
303 0.961212 390.318309
304 1.129527 391.447941
305 1.468806 392.916872
306 1.32982 394.246822
307 1.310902 395.557836
308 1.313131 396.871079
309 1.318148 398.189339
310 1.318837 399.508291
311 0.968141 400.476549
312 1.273718 401.750374
313 1.310097 403.060581
314 1.489075 404.549767
315 1.175383 405.725281
316 1.294024 407.019418
317 1.491939 408.511466
318 1.334945 409.846537
319 1.319123 411.165769
320 1.312993 412.478877
321 0.981547 413.460535
322 1.482553 414.943193
323 1.52158 416.464898
324 1.340877 417.805901
325 1.323914 419.12993
326 1.137365 420.267403
327 1.471185 421.738709
328 1.015328 422.754161
329 1.456564 424.210829
330 1.331435 425.542392
331 1.314336 426.856838
332 1.495555 428.352504
333 1.333832 429.686461
334 1.495193 431.181768
335 1.351588 432.533481
336 1.315801 433.849405
337 1.003438 434.852954
338 1.444657 436.29772
339 1.340129 437.637965
340 1.140519 438.778593
341 1.2936 440.072313
342 1.312753 441.385177
343 1.172032 442.557364
344 1.460279 444.017766
345 1.333413 445.351288
346 1.161159 446.512558
347 1.290544 447.803212
348 1.308478 449.1118
349 1.505913 450.617825
350 1.341773 451.959723
351 1.308518 453.26835
352 1.126524 454.394983
353 1.467819 455.862911
354 1.32774 457.190777
355 0.996489 458.187377
356 1.280944 459.468425
357 1.49531 460.963847
358 1.516603 462.480581
359 1.334039 463.814744
360 1.493317 465.308171
361 1.50976 466.818055
362 1.537647 468.355835
363 1.156874 469.512836
364 1.292276 470.805236
365 1.315027 472.120382
366 1.17455 473.295043
367 1.316694 474.611858
368 1.151547 475.763527
369 1.133317 476.896962
370 1.295825 478.192895
371 1.492719 479.685722
372 1.546778 481.232627
373 1.300371 482.533124
374 1.510392 484.043631
375 1.363066 485.406822
376 0.970456 486.377408
377 0.942646 487.320166
378 1.26933 488.589601
379 1.310567 489.900278
380 1.315377 491.215764
381 1.314277 492.530157
382 1.493547 494.023816
383 1.333465 495.357405
384 1.315041 496.672558
385 1.313364 497.986033
386 1.002085 498.988233
387 1.2781 500.266439
388 1.282923 501.549472
389 1.151317 502.700899
390 0.983655 503.684663
391 1.27266 504.957433
392 1.484354 506.441894
393 1.342976 507.784996
394 1.480791 509.265899
395 1.519543 510.785556
396 1.494836 512.280518
397 1.333649 513.61428
398 1.319208 514.9336
399 1.334374 516.268087
400 0.98235 517.250564
401 1.113137 518.363804
402 1.296415 519.660329
403 1.177012 520.837452
404 1.291678 522.12925
405 1.308927 523.438292
406 1.328413 524.766816
407 1.139998 525.906936
408 1.294943 527.202001
409 1.313916 528.516031
410 1.317361 529.833506
411 1.475729 531.309344
412 1.349661 532.659117
413 1.157967 533.817205
414 1.121014 534.93834
415 1.145568 536.084027
416 1.295519 537.379664
417 1.318136 538.697912
418 1.318725 540.016747
419 1.479125 541.495982
420 1.516279 543.012375
421 1.336958 544.34946
422 1.314946 545.664516
423 1.334346 546.998976
424 1.335509 548.334609
425 1.496339 549.831071
426 1.352859 551.184056
427 1.497074 552.681257
428 1.177409 553.858796
429 1.47535 555.334253
430 1.354185 556.688563
431 1.004112 557.692797
432 0.938346 558.631251
433 1.279349 559.910711
434 1.176199 561.087019
435 1.269187 562.356328
436 1.306092 563.662533
437 1.517064 565.179712
438 1.15829 566.338133
439 1.296814 567.635066
440 1.311089 568.946267
441 1.316326 570.262705
442 1.318361 571.581181
443 1.496365 573.077668
444 1.187414 574.265208
445 1.301591 575.566923
446 1.340823 576.907857
447 1.504872 578.412855
448 1.183805 579.59679
449 1.311785 580.908688
450 0.96886 581.877672
451 1.124778 583.002556
452 1.292675 584.295341
453 1.329707 585.625163
454 1.140513 586.765811
455 1.137661 587.903591
456 0.950459 588.854161
457 1.115643 589.96991
458 1.297456 591.267474
459 1.317332 592.584914
460 1.325845 593.910866
461 1.142007 595.052982
462 1.294619 596.347723
463 1.000294 597.348132
464 1.272801 598.621038
465 1.140164 599.761311
466 1.138062 600.899492
467 0.962549 601.862153
468 1.270596 603.132854
469 1.312068 604.445034
470 1.316136 605.761279
471 1.314979 607.076368
472 1.319855 608.396339
473 1.317957 609.714408
474 1.183276 610.897793
475 1.264594 612.162506
476 1.307309 613.469928
477 0.999129 614.469172
478 1.436545 615.905832
479 0.999029 616.904973
480 0.960369 617.865447
481 1.105707 618.971263
482 1.292841 620.264225
483 1.155945 621.420281
484 1.452285 622.872675
485 1.328215 624.201003
486 1.172817 625.373934
487 1.31606 626.690117
488 1.322265 628.012508
489 1.308478 629.321096
490 1.143827 630.465034
491 1.29205 631.757209
492 1.311274 633.068605
493 1.493058 634.561776
494 1.177304 635.739206
495 0.96168 636.701
496 1.114561 637.815664
497 1.154197 638.96997
498 1.305832 640.27592
499 1.127607 641.403637
500 1.468643 642.87239
501 1.533524 644.406042
502 0.98548 645.391646
503 1.451505 646.843258
504 1.35193 648.195316
505 1.15719 649.352633
506 1.145244 650.497988
507 1.482003 651.9801
508 1.520977 653.501205
509 1.343254 654.84461
510 1.321852 656.166577
511 1.322446 657.489134
512 1.125971 658.615227
513 1.498403 660.113736
514 1.14502 661.258884
515 1.154811 662.413823
516 1.302079 663.71602
517 1.137431 664.853561
518 0.973947 665.827615
519 1.138899 666.96662
520 0.955085 667.921826
521 1.277318 669.199251
522 0.965159 670.16452
523 1.292835 671.457459
524 1.313467 672.771057
525 1.170469 673.941634
526 1.483767 675.42552
527 1.516229 676.941875
528 1.337778 678.279787
529 1.314777 679.594674
530 1.319372 680.914156
531 0.982775 681.89704
532 1.274838 683.171982
533 1.313733 684.48583
534 1.312829 685.79877
535 1.31287 687.111752
536 1.160529 688.272392
537 1.304129 689.576634
538 1.323669 690.900417
539 1.142647 692.043175
540 1.308413 693.351707
541 1.316568 694.668398
542 1.003329 695.671841
543 1.465048 697.136998
544 1.519244 698.656369
545 1.338398 699.994892
546 1.501306 701.496307
547 1.338392 702.83483
548 1.497069 704.332011
549 1.336866 705.668998
550 1.495795 707.164904
551 1.339308 708.504337
552 1.492033 709.996481
553 1.53689 711.533496
554 1.364541 712.898162
555 1.324408 714.222696
556 1.138875 715.361697
557 1.295088 716.656909
558 1.314289 717.97131
559 1.49531 719.466731
560 1.194264 720.661121
561 1.318312 721.979556
562 0.968304 722.947988
563 1.293601 724.241701
564 0.999809 725.241633
565 1.274198 726.515937
566 1.125315 727.641363
567 1.311324 728.952797
568 1.492013 730.444939
569 1.536848 731.981912
570 1.343729 733.325769
571 1.329315 734.655206
572 1.307613 735.962945
573 1.283035 737.246093
574 1.312403 738.558607
575 1.312712 739.87143
576 1.316589 741.188131
577 1.525986 742.714226
578 1.30531 744.019665
579 1.31143 745.331206
580 1.155743 746.487064
581 0.961846 747.449022
582 1.472934 748.922064
583 1.142221 750.064412
584 1.500678 751.5652
585 1.330717 752.896056
586 1.486786 754.382953
587 1.362127 755.745205
588 1.324752 757.07009
589 1.311324 758.38154
590 1.124908 759.506562
591 1.148249 760.65492
592 1.31813 761.973168
593 0.966508 762.939811
594 1.273785 764.213701
595 1.169256 765.383071
596 1.122692 766.505881
597 1.496276 768.002264
598 1.345687 769.348077
599 1.330049 770.678241
600 1.126557 771.804924
601 1.451323 773.256359
602 1.516011 774.772482
603 1.159314 775.93191
604 1.137069 777.069101
605 1.154217 778.223428
606 1.124677 779.348224
607 1.50295 780.851292
608 0.989491 781.840908
609 1.277775 783.118792
610 1.4912 784.610104
611 1.356335 785.966567
612 0.982102 786.948792
613 1.266924 788.215824
614 1.166924 789.382863
615 0.960466 790.343445
616 1.474368 791.81792
617 1.324378 793.142423
618 1.313548 794.456083
619 0.970415 795.426611
620 0.94342 796.370136
621 1.455425 797.825668
622 1.15587 798.981651
623 1.291536 800.273307
624 1.331453 801.604872
625 1.316388 802.921384
626 1.314841 804.236337
627 1.477923 805.71437
628 1.513348 807.227833
629 1.179451 808.407412
630 0.962827 809.370348
631 1.475581 810.846033
632 1.521517 812.367681
633 0.98252 813.350332
634 1.274689 814.625128
635 1.485597 816.110843
636 1.016119 817.127088
637 1.279855 818.407049
638 0.96642 819.373583
639 1.274606 820.648293
640 1.312461 821.960866
641 0.980616 822.941591
642 1.132634 824.074332
643 1.313 825.387456
644 1.317246 826.704824
645 1.17496 827.879897
646 1.126736 829.006753
647 1.293544 830.300414
648 1.169794 831.47032
649 1.143599 832.614038
650 1.266791 833.880939
651 1.517766 835.398814
652 1.142879 836.541824
653 0.97941 837.521345
654 1.090864 838.612315
655 1.480221 840.092643
656 1.331601 841.424355
657 1.31003 842.7345
658 0.973407 843.708023
659 1.136653 844.844784
660 1.465492 846.310396
661 1.516639 847.827146
662 1.516915 849.344192
663 1.177324 850.521646
664 1.162158 851.683912
665 1.126638 852.810667
666 0.982793 853.793577
667 1.274218 855.067902
668 1.478847 856.546865
669 1.36105 857.908029
670 1.140709 859.048859
671 1.294576 860.343553
672 1.314352 861.658016
673 1.315708 862.97384
674 1.33313 864.307083
675 1.313096 865.620297
676 0.983216 866.603623
677 1.276753 867.88048
678 1.174123 869.054718
679 1.300294 870.355134
680 1.179296 871.534538
681 0.956084 872.490741
682 1.297712 873.788558
683 1.164626 874.953308
684 1.126573 876.079988
685 1.313368 877.393477
686 1.159998 878.553597
687 1.303186 879.856891
688 1.325406 881.182431
689 0.972163 882.154711
690 1.454526 883.609342
691 1.331777 884.941253
692 1.315744 886.257108
693 1.314697 887.571929
694 1.476211 889.048249
695 1.49441 890.54277
696 1.332661 891.875541
697 1.316174 893.191829
698 1.318869 894.510807
699 1.312789 895.823703
700 1.321005 897.144819
701 1.159732 898.304665
702 1.460181 899.764957
703 1.514423 901.279491
704 1.182461 902.462078
705 1.303609 903.765796
706 1.320662 905.086571
707 1.343353 906.430034
708 1.486257 907.916414
709 1.363193 909.279718
710 1.329791 910.609643
711 1.311481 911.921234
712 0.969261 912.890608
713 0.941969 913.832683
714 1.479654 915.312442
715 1.327324 916.639896
716 1.311787 917.951799
717 1.144068 919.095978
718 1.295005 920.3911
719 1.487545 921.878755
720 1.352646 923.231537
721 1.315896 924.547559
722 1.476669 926.02434
723 1.350958 927.375413
724 1.331663 928.707199
725 1.162795 929.87012
726 1.298996 931.169226
727 1.164138 932.333476
728 1.486209 933.819795
729 1.36204 935.181963
730 1.485142 936.667232
731 1.50203 938.169373
732 1.344243 939.513727
733 0.987783 940.501621
734 0.964303 941.466033
735 1.282169 942.748316
736 1.308529 944.056958
737 1.506565 945.563633
738 1.52058 947.084339
739 1.495667 948.580136
740 1.515925 950.096176
741 1.546513 951.642813
742 1.350108 952.993045
743 1.129514 954.122688
744 1.474624 955.597421
745 1.328604 956.926151
746 1.332624 958.258886
747 1.336156 959.595172
748 1.317281 960.91258
749 1.158931 962.071619
750 1.457236 963.528963
751 1.335131 964.864207
752 1.321042 966.185369
753 1.478654 967.664137
754 1.337006 969.001255
755 0.983969 969.985341
756 1.127083 971.112529
757 1.138304 972.250952
758 1.303374 973.554441
759 1.323092 974.87764
760 1.139754 976.017505
761 1.482718 977.500342
762 1.318006 978.818461
763 1.51868 980.337268
764 1.523337 981.860731
765 1.361525 983.222385
766 1.507067 984.729574
767 1.517552 986.247256
768 1.356645 987.604024
769 1.335452 988.939597
770 1.340089 990.27981
771 1.340633 991.620571
772 1.164722 992.785418
773 1.488934 994.27446
774 1.341867 995.61645
775 1.347526 996.964089
776 1.334777 998.298989
777 1.506522 999.805635
778 1.365288 1001.171047
779 1.143069 1002.314242
780 1.137592 1003.451955
781 1.298939 1004.751002
782 1.179155 1005.930267
783 1.111698 1007.042086
784 1.470064 1008.512259
785 1.33159 1009.843979
786 1.332153 1011.176242
787 1.338118 1012.514481
788 1.499515 1014.014116
789 1.54344 1015.557687
790 1.368233 1016.926047
791 1.330706 1018.256876
792 1.331476 1019.588473
793 1.510752 1021.099352
794 1.524037 1022.623514
795 1.359786 1023.983425
796 0.970405 1024.953951
797 1.26965 1026.223709
798 1.332551 1027.556376
799 1.495966 1029.052467
800 1.337601 1030.390193
801 1.161066 1031.551369
802 1.31913 1032.870611
803 1.168204 1034.038941
804 1.476902 1035.51595
805 1.520761 1037.036836
806 1.519363 1038.556326
807 1.35417 1039.910628
808 1.336675 1041.247423
809 1.339753 1042.5873
810 1.341824 1043.929246
811 1.506831 1045.436202
812 1.199465 1046.635796
813 1.31152 1047.94744
814 0.971753 1048.919318
815 0.943363 1049.862785
816 1.291446 1051.154338
817 1.174099 1052.32856
818 1.319813 1053.648495
819 1.179549 1054.828174
820 1.490413 1056.318705
821 0.989049 1057.307879
822 1.291174 1058.599161
823 1.335598 1059.934881
824 1.338972 1061.273977
825 1.166793 1062.440893
826 1.313771 1063.754772
827 1.329121 1065.084016
828 1.491658 1066.5758
829 1.158343 1067.734272
830 1.313696 1069.048087
831 1.313757 1070.361964
832 1.332179 1071.694256
833 1.493309 1073.187693
834 1.540272 1074.728093
835 1.527095 1076.255315
836 1.362082 1077.617525
837 0.971297 1078.588945
838 1.294214 1079.88327
839 1.160706 1081.0441
840 1.481101 1082.525313
841 1.00459 1083.530031
842 1.293963 1084.824101
843 1.326382 1086.150612
844 1.33364 1087.484374
845 1.497582 1088.982078
846 1.354622 1090.336825
847 1.529594 1091.866547
848 1.512883 1093.379557
849 1.143513 1094.523198
850 1.313551 1095.836858
851 1.33488 1097.171866
852 1.332434 1098.504424
853 1.334672 1099.839221
854 1.337948 1101.177295
855 1.336983 1102.514405
856 1.163528 1103.678062
857 1.327225 1105.005414
858 1.507552 1106.513091
859 1.36313 1107.876357
860 1.144065 1109.020549
861 1.480884 1110.501552
862 1.34646 1111.848127
863 1.332434 1113.180683
864 1.306251 1114.487062
865 1.495365 1115.982551
866 1.365724 1117.348387
867 1.335188 1118.683703
868 0.972023 1119.655851
869 1.433626 1121.089588
870 1.17678 1122.266483
871 1.320724 1123.587318
872 1.333379 1124.920822
873 1.325774 1126.246723
874 1.329485 1127.576336
875 1.507492 1129.083952
876 1.362167 1130.446253
877 1.346379 1131.792756
878 1.334923 1133.127808
879 1.331805 1134.459739
880 1.143528 1135.603388
881 1.312432 1136.915941
882 1.332019 1138.248087
883 1.33553 1139.583747
884 0.985685 1140.569555
885 1.135376 1141.705037
886 1.455385 1143.160546
887 1.188923 1144.349583
888 1.161334 1145.511041
889 1.126864 1146.638027
890 1.312979 1147.951127
891 1.333705 1149.28496
892 0.982632 1150.267719
893 1.27212 1151.539946
894 1.336477 1152.876536
895 1.508619 1154.385281
896 1.162523 1155.547916
897 1.315102 1156.863142
898 1.316763 1158.180028
899 1.318445 1159.498584
900 1.337084 1160.83578
901 1.342002 1162.177912
902 1.345515 1163.523551
903 1.506052 1165.029727
904 1.203334 1166.233188
905 1.312739 1167.546059
906 1.301191 1168.847378
907 1.330672 1170.178173
908 1.522181 1171.700478
909 0.98656 1172.687164
910 1.298255 1173.98553
911 1.31982 1175.305481
912 1.502919 1176.808512
913 1.35449 1178.163131
914 1.178672 1179.341929
915 1.123433 1180.465486
916 1.311965 1181.777572
917 1.308068 1183.085765
918 1.336657 1184.422535
919 1.498508 1185.92117
920 1.336316 1187.257628
921 1.007169 1188.264912
922 1.307473 1189.572491
923 1.506493 1191.07911
924 1.361877 1192.441118
925 1.506932 1193.948182
926 1.521696 1195.470006
927 1.359173 1196.829307
928 1.338728 1198.168161
929 1.181063 1199.349349
930 1.127155 1200.476627
931 1.31073 1201.787478
932 1.172696 1202.960296
933 1.321863 1204.282281
934 1.342869 1205.625274
935 1.346194 1206.971591
936 1.315198 1208.286914
937 1.506702 1209.793736
938 1.364596 1211.158463
939 1.144369 1212.302958
940 1.314812 1213.61789
941 1.527803 1215.145818
942 1.163962 1216.309914
943 1.156097 1217.466137
944 0.952389 1218.418646
945 1.450908 1219.869661
946 1.344061 1221.213852
947 1.32971 1222.543685
948 1.334438 1223.878256
949 1.529227 1225.407606
950 1.32085 1226.728583
951 1.000498 1227.729203
952 1.460233 1229.189555
953 1.337666 1230.527346
954 0.984092 1231.511549
955 1.296402 1232.80806
956 1.337401 1234.145588
957 1.330861 1235.476577
958 1.336922 1236.813624
959 1.336821 1238.150568
960 1.17607 1239.326757
961 1.323497 1240.650381
962 1.314463 1241.964966
963 1.331467 1243.296544
964 1.506372 1244.80304
965 1.361229 1246.164395
966 1.327895 1247.492414
967 1.508945 1249.001469
968 1.177558 1250.179156
969 1.310271 1251.489549
970 1.315003 1252.804678
971 1.336014 1254.14081
972 1.175292 1255.316228
973 1.317603 1256.633951
974 1.321006 1257.955087
975 1.507174 1259.46238
976 1.203886 1260.666397
977 1.318767 1261.985286
978 1.285414 1263.270822
979 1.330955 1264.601893
980 1.314928 1265.916948
981 1.171893 1267.088952
982 1.156744 1268.245818
983 1.125649 1269.371588
984 1.501799 1270.873505
985 1.3464 1272.220035
986 1.143643 1273.363803
987 1.294932 1274.658854
988 1.491631 1276.150596
989 1.024503 1277.175231
990 0.938657 1278.113993
991 1.293977 1279.408079
992 1.314644 1280.722853
993 1.498727 1282.221692
994 1.356741 1283.578562
995 1.335854 1284.91454
996 0.984626 1285.89929
997 1.481674 1287.381069
998 1.345531 1288.726734
999 1.335466 1290.062318
1000 1.332054 1291.394496
1001 0.974214 1292.368835
1002 0.932795 1293.301739
1003 0.962368 1294.264216
1004 0.938728 1295.203054
1005 1.452381 1296.655546
1006 1.545134 1298.200808
1007 1.527045 1299.727981
1008 1.157272 1300.885378
1009 1.293409 1302.178911
1010 1.311142 1303.490165
1011 1.531555 1305.02183
1012 1.52679 1306.548746
1013 1.362463 1307.911336
1014 1.332208 1309.24367
1015 0.968109 1310.211904
1016 1.294423 1311.506437
1017 1.499287 1313.005846
1018 1.354831 1314.360806
1019 1.497406 1315.85834
1020 1.35601 1317.214478
1021 1.334118 1318.548737
1022 1.337948 1319.886807
1023 1.335221 1321.222155
1024 1.179117 1322.401396
1025 1.123303 1323.524819
1026 1.313493 1324.838433
1027 1.334915 1326.173472
1028 1.498678 1327.672278
1029 1.192026 1328.864427
1030 1.319745 1330.184291
1031 1.496564 1331.680977
1032 1.496671 1333.17778
1033 1.193243 1334.371139
1034 1.158667 1335.529927
1035 1.327271 1336.857317
1036 1.34408 1338.201523
1037 1.145732 1339.347382
1038 1.48698 1340.834486
1039 1.348585 1342.183186
1040 1.147368 1343.330676
1041 1.155766 1344.486568
1042 1.479822 1345.966513
1043 1.35817 1347.324809
1044 0.985836 1348.310771
1045 0.975535 1349.286414
1046 1.284703 1350.571234
1047 1.504822 1352.076166
1048 1.524217 1353.60051
1049 1.340103 1354.94074
1050 0.998901 1355.939758
1051 0.978509 1356.918387
1052 1.109492 1358.027995
1053 1.311974 1359.340088
1054 1.336109 1360.676322
1055 1.333452 1362.0099
1056 1.334066 1363.344096
1057 1.177439 1364.521662
1058 0.965319 1365.487101
1059 1.274019 1366.761239
1060 1.49033 1368.251688
1061 1.194369 1369.446188
1062 1.299143 1370.745452
1063 1.323337 1372.068903
1064 1.342758 1373.411772
1065 1.330583 1374.742483
1066 1.332129 1376.074728
1067 0.973715 1377.048566
1068 1.279681 1378.328354
1069 1.337219 1379.665684
1070 1.337497 1381.003308
1071 1.500789 1382.504225
1072 1.200669 1383.705023
1073 1.486804 1385.191946
1074 1.360637 1386.552716
1075 1.32954 1387.882382
1076 1.310379 1389.192882
1077 1.333395 1390.526389
1078 1.286137 1391.812649
1079 1.518512 1393.331275
1080 1.157418 1394.488823
1081 1.313756 1395.802697
1082 1.176029 1396.978849
1083 1.458332 1398.437308
1084 1.194097 1399.631518
1085 1.301165 1400.932802
1086 1.322336 1402.255247
1087 1.328056 1403.583424
1088 1.507817 1405.091356
1089 1.366464 1406.457946
1090 1.488784 1407.946853
1091 1.344619 1409.291586
1092 1.158644 1410.450347
1093 1.293115 1411.743581
1094 1.329259 1413.072952
1095 1.319562 1414.392639
1096 1.173923 1415.566673
1097 1.303235 1416.870035
1098 1.156241 1418.026387
1099 1.312431 1419.338939
1100 1.515467 1420.854531
1101 1.327593 1422.182256
1102 1.146578 1423.328948
1103 1.297835 1424.626901
1104 1.314991 1425.942006
1105 1.173755 1427.115872
1106 1.32532 1428.441312
1107 1.341969 1429.78341
1108 1.509591 1431.293126
1109 1.36339 1432.65665
1110 0.974071 1433.630848
1111 1.13565 1434.766608
1112 1.137797 1435.904526
1113 1.290554 1437.1952
1114 1.159244 1438.354556
1115 0.963736 1439.3184
1116 1.275932 1440.594441
1117 1.315365 1441.909919
1118 1.338116 1443.248144
1119 1.318351 1444.56662
1120 1.336425 1445.903156
1121 1.321028 1447.224311
1122 1.3225 1448.546927
1123 1.166383 1449.713423
1124 1.114603 1450.828132
1125 1.294531 1452.122772
1126 1.316038 1453.438926
1127 1.172651 1454.611691
1128 1.138749 1455.750562
1129 1.290109 1457.040794
1130 0.999888 1458.040794
1131 0.935259 1458.976166
1132 0.961713 1459.937987
1133 1.275993 1461.214086
1134 1.140312 1462.354509
1135 1.314601 1463.669232
1136 1.310645 1464.980007
1137 1.31917 1466.29929
1138 1.179888 1467.479288
1139 1.331266 1468.810677
1140 1.332311 1470.143117
1141 1.144062 1471.287304
1142 1.300701 1472.588127
1143 1.002917 1473.591156
1144 1.112174 1474.703439
1145 0.980709 1475.684267
1146 1.105597 1476.789978
1147 1.294242 1478.08434
1148 1.176137 1479.260589
1149 1.302639 1480.563347
1150 0.966548 1481.530007
1151 0.961463 1482.491578
1152 1.305582 1483.797271
1153 0.973181 1484.770584
1154 1.433503 1486.204194
1155 1.333029 1487.537335
1156 1.174006 1488.711458
1157 1.30552 1490.017101
1158 1.327668 1491.344881
1159 1.333719 1492.678712
1160 1.146138 1493.824976
1161 0.984182 1494.80928
1162 1.305656 1496.115056
1163 1.316771 1497.431952
1164 1.142631 1498.574693
1165 1.308811 1499.883622
1166 1.332955 1501.216705
1167 1.177484 1502.394312
1168 1.325594 1503.720029
1169 1.143195 1504.863347
1170 1.31678 1506.180248
1171 1.170755 1507.351132
1172 1.321836 1508.673088
1173 1.341093 1510.014305
1174 1.342253 1511.356683
1175 1.508154 1512.864969
1176 1.174493 1514.039592
1177 1.313553 1515.353263
1178 1.333227 1516.686616
1179 1.334136 1518.020876
1180 1.337563 1519.358591
1181 1.005443 1520.364157
1182 1.447021 1521.811283
1183 1.362193 1523.173591
1184 0.971277 1524.144998
1185 1.133981 1525.279089
1186 1.323491 1526.602701
1187 1.341637 1527.944461
1188 1.507385 1529.451971
1189 1.366428 1530.818533
1190 1.142275 1531.96093
1191 1.500498 1533.461547
1192 1.346791 1534.808464
1193 1.333313 1536.141902
1194 1.140796 1537.282826
1195 1.140044 1538.422993
1196 1.484789 1539.907892
1197 1.195898 1541.103916
1198 1.484674 1542.588706
1199 1.358096 1543.946938
1200 1.344818 1545.291879
1201 1.343444 1546.635447
1202 1.507794 1548.143363
1203 1.36448 1549.507969
1204 1.511382 1551.01948
1205 1.521314 1552.540921
1206 1.02918 1553.570226
1207 1.468866 1555.039199
1208 0.987226 1556.026556
1209 1.458641 1557.485304
1210 1.545048 1559.03048
1211 1.351485 1560.382091
1212 1.334724 1561.716943
1213 1.143375 1562.860444
1214 1.315437 1564.176002
1215 1.492238 1565.668365
1216 1.353207 1567.021698
1217 1.530144 1568.55197
1218 1.512121 1570.064221
1219 1.161006 1571.225353
1220 1.152587 1572.37806
1221 1.316067 1573.69425
1222 0.984915 1574.679288
1223 1.485446 1576.164847
1224 1.347527 1577.512503
1225 1.312877 1578.825504
1226 1.509716 1580.335332
1227 1.347149 1581.682609
1228 1.350126 1583.032847
1229 1.317142 1584.35011
1230 0.975679 1585.3259
1231 1.300235 1586.626246
1232 1.182987 1587.80936
1233 1.128315 1588.937795
1234 1.296905 1590.23482
1235 1.319409 1591.554339
1236 1.335382 1592.889833
1237 1.499692 1594.389652
1238 1.024383 1595.414162
1239 1.282906 1596.697174
1240 1.506182 1598.203487
1241 1.142994 1599.346611
1242 1.479295 1600.826018
1243 1.344737 1602.170867
1244 1.315333 1603.486325
1245 1.143768 1604.630213
1246 1.138444 1605.768781
1247 1.304751 1607.07364
1248 1.340056 1608.413809
1249 1.345112 1609.759043
1250 1.329755 1611.088928
1251 1.33325 1612.422302
1252 0.975619 1613.398045
1253 1.298627 1614.69678
1254 1.497986 1616.19489
1255 1.339919 1617.534938
1256 1.496901 1619.031951
1257 1.352979 1620.385058
1258 1.334879 1621.720059
1259 1.501372 1623.221557
1260 1.35978 1624.581462
1261 1.337119 1625.918703
1262 1.476435 1627.395262
1263 1.553364 1628.948743
1264 1.353721 1630.302596
1265 1.304789 1631.607508
1266 1.001819 1632.609449
1267 1.126956 1633.73651
1268 0.955832 1634.692453
1269 1.14206 1635.834629
1270 1.314379 1637.149131
1271 1.287022 1638.436291
1272 1.010046 1639.44645
1273 1.299898 1640.746464
1274 1.501201 1642.24779
1275 1.358095 1643.606011
1276 1.341144 1644.94728
1277 1.34448 1646.291888
1278 1.144192 1647.436206
1279 1.151642 1648.587968
1280 1.314216 1649.902304
1281 1.317731 1651.220158
1282 0.981206 1652.201474
1283 1.273271 1653.474868
1284 1.312747 1654.787727
1285 1.496112 1656.283952
1286 1.194762 1657.478841
1287 1.319638 1658.798603
1288 1.475162 1660.273893
1289 1.338802 1661.612807
1290 1.498455 1663.111376
1291 1.197514 1664.309018
1292 1.303115 1665.612255
1293 1.319824 1666.932195
1294 1.503624 1668.435931
1295 1.016231 1669.452293
1296 1.297648 1670.750059
1297 1.524361 1672.274548
1298 1.160449 1673.435123
1299 1.300867 1674.73611
1300 1.333925 1676.070146
1301 1.336405 1677.406674
1302 0.997854 1678.404655
1303 1.135089 1679.539867
1304 1.154248 1680.694236
1305 0.968288 1681.662645
1306 1.135243 1682.798006
1307 1.136794 1683.934921
1308 1.290079 1685.225124
1309 1.333366 1686.558607
1310 1.335896 1687.894627
1311 1.335866 1689.230617
