#secondnet
init 0 0
1 0.000163 0.000163
2 0.000124 0.000287
3 0.000100 0.000387
4 0.000088 0.000475
5 0.000097 0.000572
6 0.000085 0.000657
7 0.000083 0.000740
8 0.000093 0.000833
9 0.000094 0.000927
10 0.000084 0.001011
11 0.000096 0.001107
12 0.000082 0.001189
13 0.000092 0.001281
14 0.000101 0.001382
15 0.000083 0.001465
16 0.000100 0.001565
17 0.000092 0.001657
18 0.000088 0.001745
19 0.000099 0.001844
20 0.000091 0.001935
21 0.000096 0.002031
22 0.000092 0.002123
23 0.000095 0.002218
24 0.000097 0.002315
25 0.000082 0.002397
26 0.000099 0.002496
27 0.000090 0.002586
28 0.000109 0.002695
29 0.000097 0.002792
30 0.000099 0.002891
31 0.000090 0.002981
32 0.000101 0.003082
33 0.000088 0.003170
34 0.000089 0.003259
35 0.000085 0.003344
36 0.000094 0.003438
37 0.000091 0.003529
38 0.000100 0.003629
39 0.000094 0.003723
40 0.000098 0.003821
41 0.000092 0.003913
42 0.000097 0.004010
43 0.000083 0.004093
44 0.000097 0.004190
45 0.000092 0.004282
46 0.000092 0.004374
47 0.000095 0.004469
48 0.000095 0.004564
49 0.000099 0.004663
50 0.000098 0.004761
51 0.000084 0.004845
52 0.000097 0.004942
53 0.000083 0.005025
54 0.000100 0.005125
55 0.000089 0.005214
56 0.000099 0.005313
57 0.000094 0.005407
58 0.000096 0.005503
59 0.000086 0.005589
60 0.000101 0.005690
61 0.000099 0.005789
62 0.000083 0.005872
63 0.000089 0.005961
64 0.000083 0.006044
65 0.000098 0.006142
66 0.000091 0.006233
67 0.000100 0.006333
68 0.000093 0.006426
69 0.000089 0.006515
70 0.000094 0.006609
71 0.000100 0.006709
72 0.000093 0.006802
73 0.000099 0.006901
74 0.000099 0.007000
75 0.000096 0.007096
76 0.000088 0.007184
77 0.000091 0.007275
78 0.000094 0.007369
79 0.000091 0.007460
80 0.000094 0.007554
81 0.000097 0.007651
82 0.000100 0.007751
83 0.000094 0.007845
84 0.000109 0.007954
85 0.000096 0.008050
86 0.000101 0.008151
87 0.000085 0.008236
88 0.000088 0.008324
89 0.000092 0.008416
90 0.000098 0.008514
91 0.000098 0.008612
92 0.000089 0.008701
93 0.000098 0.008799
94 0.000107 0.008906
95 0.000086 0.008992
96 0.000092 0.009084
97 0.000093 0.009177
98 0.000089 0.009266
99 0.000091 0.009357
100 0.000099 0.009456
101 0.000085 0.009541
102 0.000087 0.009628
103 0.000102 0.009730
104 0.000092 0.009822
105 0.000087 0.009909
106 0.000099 0.010008
107 0.000094 0.010102
108 0.000102 0.010204
109 0.000095 0.010299
110 0.000106 0.010405
111 0.000097 0.010502
112 0.000103 0.010605
113 0.000099 0.010704
114 0.000087 0.010791
115 0.000097 0.010888
116 0.000133 0.011021
117 0.000095 0.011116
118 0.000092 0.011208
119 0.000100 0.011308
120 0.000086 0.011394
121 0.000095 0.011489
122 0.000099 0.011588
123 0.000089 0.011677
124 0.000098 0.011775
125 0.000089 0.011864
126 0.000090 0.011954
127 0.000098 0.012052
128 0.000096 0.012148
129 0.000100 0.012248
130 0.000089 0.012337
131 0.000088 0.012425
132 0.000101 0.012526
133 0.000105 0.012631
134 0.000092 0.012723
135 0.000101 0.012824
136 0.000101 0.012925
137 0.000105 0.013030
138 0.000109 0.013139
139 0.000087 0.013226
140 0.000103 0.013329
141 0.000098 0.013427
142 0.000108 0.013535
143 0.000098 0.013633
144 0.000097 0.013730
145 0.000090 0.013820
146 0.000090 0.013910
147 0.000089 0.013999
148 0.000103 0.014102
149 0.000102 0.014204
150 0.000103 0.014307
151 0.000101 0.014408
152 0.000101 0.014509
153 0.000088 0.014597
154 0.000098 0.014695
155 0.000092 0.014787
156 0.000101 0.014888
157 0.000105 0.014993
158 0.000105 0.015098
159 0.000106 0.015204
160 0.000100 0.015304
161 0.000095 0.015399
162 0.000095 0.015494
163 0.000094 0.015588
164 0.000098 0.015686
165 0.000105 0.015791
166 0.000106 0.015897
167 0.000096 0.015993
168 0.000101 0.016094
169 0.000099 0.016193
170 0.000097 0.016290
171 0.000098 0.016388
172 0.000091 0.016479
173 0.000100 0.016579
174 0.000100 0.016679
175 0.000088 0.016767
176 0.000097 0.016864
177 0.000091 0.016955
178 0.000099 0.017054
179 0.000102 0.017156
180 0.000089 0.017245
181 0.000100 0.017345
182 0.000091 0.017436
183 0.000103 0.017539
184 0.000104 0.017643
185 0.000093 0.017736
186 0.000095 0.017831
187 0.000101 0.017932
188 0.000095 0.018027
189 0.000104 0.018131
190 0.000103 0.018234
191 0.000105 0.018339
192 0.000111 0.018450
193 0.000102 0.018552
194 0.000102 0.018654
195 0.000096 0.018750
196 0.000100 0.018850
197 0.000097 0.018947
198 0.000114 0.019061
199 0.000095 0.019156
200 0.000099 0.019255
201 0.000092 0.019347
202 0.000100 0.019447
203 0.000102 0.019549
204 0.000105 0.019654
205 0.000104 0.019758
206 0.000101 0.019859
207 0.000096 0.019955
208 0.000099 0.020054
209 0.000095 0.020149
210 0.000112 0.020261
211 0.000098 0.020359
212 0.000091 0.020450
213 0.000094 0.020544
214 0.000105 0.020649
215 0.000096 0.020745
216 0.000101 0.020846
217 0.000099 0.020945
218 0.000094 0.021039
219 0.000108 0.021147
220 0.000096 0.021243
221 0.000094 0.021337
222 0.000089 0.021426
223 0.000105 0.021531
224 0.000091 0.021622
225 0.000089 0.021711
226 0.000100 0.021811
227 0.000102 0.021913
228 0.000097 0.022010
229 0.000094 0.022104
230 0.000101 0.022205
231 0.000096 0.022301
232 0.000096 0.022397
233 0.000092 0.022489
234 0.000093 0.022582
235 0.000089 0.022671
236 0.000091 0.022762
237 0.000098 0.022860
238 0.000104 0.022964
239 0.000097 0.023061
240 0.000104 0.023165
241 0.000106 0.023271
242 0.000099 0.023370
243 0.000093 0.023463
244 0.000098 0.023561
245 0.000090 0.023651
246 0.000091 0.023742
247 0.000111 0.023853
248 0.000096 0.023949
249 0.000104 0.024053
250 0.000090 0.024143
251 0.000104 0.024247
252 0.000096 0.024343
253 0.000099 0.024442
254 0.000097 0.024539
255 0.000099 0.024638
256 0.000089 0.024727
257 0.000098 0.024825
258 0.000096 0.024921
259 0.000104 0.025025
260 0.000099 0.025124
261 0.000094 0.025218
262 0.000093 0.025311
263 0.000096 0.025407
264 0.000093 0.025500
265 0.000111 0.025611
266 0.000101 0.025712
267 0.000102 0.025814
268 0.000101 0.025915
269 0.000092 0.026007
270 0.000102 0.026109
271 0.000101 0.026210
272 0.000103 0.026313
273 0.000093 0.026406
274 0.000103 0.026509
275 0.000109 0.026618
276 0.000091 0.026709
277 0.000096 0.026805
278 0.000097 0.026902
279 0.000100 0.027002
280 0.000097 0.027099
281 0.000090 0.027189
282 0.000097 0.027286
283 0.000099 0.027385
284 0.000101 0.027486
285 0.000096 0.027582
286 0.000099 0.027681
287 0.000100 0.027781
288 0.000091 0.027872
289 0.000099 0.027971
290 0.000101 0.028072
291 0.000098 0.028170
292 0.000097 0.028267
293 0.000098 0.028365
294 0.000087 0.028452
295 0.000099 0.028551
296 0.000088 0.028639
297 0.000092 0.028731
298 0.000090 0.028821
299 0.000098 0.028919
300 0.000088 0.029007
301 0.000101 0.029108
302 0.000095 0.029203
303 0.000092 0.029295
304 0.000098 0.029393
305 0.000102 0.029495
306 0.000101 0.029596
307 0.000098 0.029694
308 0.000096 0.029790
309 0.000091 0.029881
310 0.000103 0.029984
311 0.000097 0.030081
312 0.000103 0.030184
313 0.000101 0.030285
314 0.000096 0.030381
315 0.000100 0.030481
316 0.000106 0.030587
317 0.000095 0.030682
318 0.000099 0.030781
319 0.000096 0.030877
320 0.000102 0.030979
321 0.000120 0.031099
322 0.000101 0.031200
323 0.000092 0.031292
324 0.000101 0.031393
325 0.000101 0.031494
326 0.000098 0.031592
327 0.000102 0.031694
328 0.000094 0.031788
329 0.000108 0.031896
330 0.000098 0.031994
331 0.000096 0.032090
332 0.000095 0.032185
333 0.000099 0.032284
334 0.000095 0.032379
335 0.000100 0.032479
336 0.000110 0.032589
337 0.000088 0.032677
338 0.000096 0.032773
339 0.000104 0.032877
340 0.000087 0.032964
341 0.000095 0.033059
342 0.000100 0.033159
343 0.000101 0.033260
344 0.000104 0.033364
345 0.000093 0.033457
346 0.000100 0.033557
347 0.000097 0.033654
348 0.000096 0.033750
349 0.000101 0.033851
350 0.000091 0.033942
351 0.000101 0.034043
352 0.000104 0.034147
353 0.000105 0.034252
354 0.000088 0.034340
355 0.000090 0.034430
356 0.000106 0.034536
357 0.000097 0.034633
358 0.000087 0.034720
359 0.000102 0.034822
360 0.000095 0.034917
361 0.000094 0.035011
362 0.000096 0.035107
363 0.000100 0.035207
364 0.000087 0.035294
365 0.000096 0.035390
366 0.000111 0.035501
367 0.000098 0.035599
368 0.000100 0.035699
369 0.000104 0.035803
370 0.000106 0.035909
371 0.000096 0.036005
372 0.000102 0.036107
373 0.000097 0.036204
374 0.000099 0.036303
375 0.000088 0.036391
376 0.000097 0.036488
377 0.000097 0.036585
378 0.000098 0.036683
379 0.000100 0.036783
380 0.000094 0.036877
381 0.000107 0.036984
382 0.000099 0.037083
383 0.000112 0.037195
384 0.000095 0.037290
385 0.000098 0.037388
386 0.000097 0.037485
387 0.000098 0.037583
388 0.000090 0.037673
389 0.000102 0.037775
390 0.000096 0.037871
391 0.000106 0.037977
392 0.000089 0.038066
393 0.000097 0.038163
394 0.000104 0.038267
395 0.000091 0.038358
396 0.000095 0.038453
397 0.000100 0.038553
398 0.000096 0.038649
399 0.000095 0.038744
400 0.000096 0.038840
401 0.000090 0.038930
402 0.000096 0.039026
403 0.000103 0.039129
404 0.000093 0.039222
405 0.000106 0.039328
406 0.000098 0.039426
407 0.000104 0.039530
408 0.000088 0.039618
409 0.000096 0.039714
410 0.000108 0.039822
411 0.000088 0.039910
412 0.000097 0.040007
413 0.000091 0.040098
414 0.000103 0.040201
415 0.000102 0.040303
416 0.000097 0.040400
417 0.000094 0.040494
418 0.000100 0.040594
419 0.000102 0.040696
420 0.000087 0.040783
421 0.000113 0.040896
422 0.000108 0.041004
423 0.000103 0.041107
424 0.000103 0.041210
425 0.000098 0.041308
426 0.000099 0.041407
427 0.000100 0.041507
428 0.000103 0.041610
429 0.000101 0.041711
430 0.000095 0.041806
431 0.000101 0.041907
432 0.000096 0.042003
433 0.000106 0.042109
434 0.000093 0.042202
435 0.000094 0.042296
436 0.000103 0.042399
437 0.000095 0.042494
438 0.000094 0.042588
439 0.000089 0.042677
440 0.000097 0.042774
441 0.000088 0.042862
442 0.000093 0.042955
443 0.000108 0.043063
444 0.000098 0.043161
445 0.000100 0.043261
446 0.000096 0.043357
447 0.000103 0.043460
448 0.000109 0.043569
449 0.000101 0.043670
450 0.000095 0.043765
451 0.000097 0.043862
452 0.000109 0.043971
453 0.000101 0.044072
454 0.000095 0.044167
455 0.000096 0.044263
456 0.000098 0.044361
457 0.000096 0.044457
458 0.000100 0.044557
459 0.000086 0.044643
460 0.000090 0.044733
461 0.000096 0.044829
462 0.000097 0.044926
463 0.000104 0.045030
464 0.000090 0.045120
465 0.000095 0.045215
466 0.000092 0.045307
467 0.000089 0.045396
468 0.000100 0.045496
469 0.000093 0.045589
470 0.000102 0.045691
471 0.000097 0.045788
472 0.000086 0.045874
473 0.000094 0.045968
474 0.000106 0.046074
475 0.000095 0.046169
476 0.000097 0.046266
477 0.000095 0.046361
478 0.000107 0.046468
479 0.000096 0.046564
480 0.000102 0.046666
481 0.000096 0.046762
482 0.000086 0.046848
483 0.000095 0.046943
484 0.000121 0.047064
485 0.000101 0.047165
486 0.000098 0.047263
487 0.000094 0.047357
488 0.000103 0.047460
489 0.000096 0.047556
490 0.000096 0.047652
491 0.000087 0.047739
492 0.000108 0.047847
493 0.000090 0.047937
494 0.000101 0.048038
495 0.000096 0.048134
496 0.000097 0.048231
497 0.000116 0.048347
498 0.000097 0.048444
499 0.000104 0.048548
500 0.000093 0.048641
501 0.000097 0.048738
502 0.000108 0.048846
503 0.000102 0.048948
504 0.000094 0.049042
505 0.000093 0.049135
506 0.000090 0.049225
507 0.000097 0.049322
508 0.000087 0.049409
509 0.000088 0.049497
510 0.000097 0.049594
511 0.000107 0.049701
512 0.000100 0.049801
513 0.000099 0.049900
514 0.000098 0.049998
515 0.000094 0.050092
516 0.000098 0.050190
517 0.000087 0.050277
518 0.000100 0.050377
519 0.000091 0.050468
520 0.000110 0.050578
521 0.000097 0.050675
522 0.000132 0.050807
523 0.000094 0.050901
524 0.000106 0.051007
525 0.000102 0.051109
526 0.000100 0.051209
527 0.000090 0.051299
528 0.000128 0.051427
529 0.000097 0.051524
530 0.000095 0.051619
531 0.000095 0.051714
532 0.000102 0.051816
533 0.000095 0.051911
534 0.000101 0.052012
535 0.000085 0.052097
536 0.000100 0.052197
537 0.000089 0.052286
538 0.000098 0.052384
539 0.000094 0.052478
540 0.000112 0.052590
541 0.000101 0.052691
542 0.000101 0.052792
543 0.000101 0.052893
544 0.000094 0.052987
545 0.000099 0.053086
546 0.000098 0.053184
547 0.000101 0.053285
548 0.000105 0.053390
549 0.000096 0.053486
550 0.000100 0.053586
551 0.000133 0.053719
552 0.000089 0.053808
553 0.000103 0.053911
554 0.000096 0.054007
555 0.000102 0.054109
556 0.000093 0.054202
557 0.000095 0.054297
558 0.000098 0.054395
559 0.000109 0.054504
560 0.000102 0.054606
561 0.000097 0.054703
562 0.000092 0.054795
563 0.000097 0.054892
564 0.000113 0.055005
565 0.000100 0.055105
566 0.000095 0.055200
567 0.000091 0.055291
568 0.000091 0.055382
569 0.000102 0.055484
570 0.000095 0.055579
571 0.000099 0.055678
572 0.000096 0.055774
573 0.000108 0.055882
574 0.000099 0.055981
575 0.000100 0.056081
576 0.000094 0.056175
577 0.000109 0.056284
578 0.000096 0.056380
579 0.000098 0.056478
580 0.000094 0.056572
581 0.000090 0.056662
582 0.000094 0.056756
583 0.000101 0.056857
584 0.000094 0.056951
585 0.000096 0.057047
586 0.000097 0.057144
587 0.000101 0.057245
588 0.000087 0.057332
589 0.000103 0.057435
590 0.000097 0.057532
591 0.000099 0.057631
592 0.000094 0.057725
593 0.000108 0.057833
594 0.000096 0.057929
595 0.000095 0.058024
596 0.000092 0.058116
597 0.000094 0.058210
598 0.000104 0.058314
599 0.000105 0.058419
600 0.000095 0.058514
601 0.000104 0.058618
602 0.000098 0.058716
603 0.000101 0.058817
604 0.000093 0.058910
605 0.000109 0.059019
606 0.000088 0.059107
607 0.000099 0.059206
608 0.000100 0.059306
609 0.000107 0.059413
610 0.000101 0.059514
611 0.000095 0.059609
612 0.000101 0.059710
613 0.000102 0.059812
614 0.000106 0.059918
615 0.000097 0.060015
616 0.000104 0.060119
617 0.000097 0.060216
618 0.000095 0.060311
619 0.000099 0.060410
620 0.000098 0.060508
621 0.000118 0.060626
622 0.000129 0.060755
623 0.000116 0.060871
624 0.000098 0.060969
625 0.000098 0.061067
626 0.000107 0.061174
627 0.000139 0.061313
628 0.000089 0.061402
629 0.000092 0.061494
630 0.000091 0.061585
631 0.000098 0.061683
632 0.000106 0.061789
633 0.000105 0.061894
634 0.000098 0.061992
635 0.000099 0.062091
636 0.000096 0.062187
637 0.000097 0.062284
638 0.000099 0.062383
639 0.000097 0.062480
640 0.000103 0.062583
641 0.000086 0.062669
642 0.000112 0.062781
643 0.000099 0.062880
644 0.000117 0.062997
645 0.000129 0.063126
646 0.000125 0.063251
647 0.000116 0.063367
648 0.000122 0.063489
649 0.000109 0.063598
650 0.000109 0.063707
651 0.000101 0.063808
652 0.000111 0.063919
653 0.000112 0.064031
654 0.000117 0.064148
655 0.000112 0.064260
656 0.000130 0.064390
657 0.000116 0.064506
658 0.000110 0.064616
659 0.000134 0.064750
660 0.000119 0.064869
661 0.000139 0.065008
662 0.000114 0.065122
663 0.000113 0.065235
664 0.000151 0.065386
665 0.000122 0.065508
666 0.000101 0.065609
667 0.000113 0.065722
668 0.000128 0.065850
669 0.000139 0.065989
670 0.000138 0.066127
671 0.000139 0.066266
672 0.000114 0.066380
673 0.000155 0.066535
674 0.000114 0.066649
675 0.000110 0.066759
676 0.000115 0.066874
677 0.000130 0.067004
678 0.000103 0.067107
679 0.000099 0.067206
680 0.000117 0.067323
681 0.000114 0.067437
682 0.000101 0.067538
683 0.000128 0.067666
684 0.000110 0.067776
685 0.000103 0.067879
686 0.000121 0.068000
687 0.000117 0.068117
688 0.000113 0.068230
689 0.000110 0.068340
690 0.000151 0.068491
691 0.000117 0.068608
692 0.000115 0.068723
693 0.000102 0.068825
694 0.000113 0.068938
695 0.000116 0.069054
696 0.000126 0.069180
697 0.000116 0.069296
698 0.000124 0.069420
699 0.000112 0.069532
700 0.000116 0.069648
701 0.000122 0.069770
702 0.000107 0.069877
703 0.000116 0.069993
704 0.000113 0.070106
705 0.000110 0.070216
706 0.000118 0.070334
707 0.000113 0.070447
708 0.000111 0.070558
709 0.000141 0.070699
710 0.000170 0.070869
711 0.000174 0.071043
712 0.000171 0.071214
713 0.000155 0.071369
714 0.000177 0.071546
715 0.000133 0.071679
716 0.000138 0.071817
717 0.000145 0.071962
718 0.000183 0.072145
719 0.000109 0.072254
720 0.000134 0.072388
721 0.000148 0.072536
722 0.000142 0.072678
723 0.000124 0.072802
724 0.000159 0.072961
725 0.000140 0.073101
726 0.000149 0.073250
727 0.000090 0.073340
728 0.000126 0.073466
729 0.000095 0.073561
730 0.000102 0.073663
731 0.000094 0.073757
732 0.000099 0.073856
733 0.000101 0.073957
734 0.000105 0.074062
735 0.000088 0.074150
736 0.000103 0.074253
737 0.000090 0.074343
738 0.000094 0.074437
739 0.000090 0.074527
740 0.000118 0.074645
741 0.000090 0.074735
742 0.000088 0.074823
743 0.000137 0.074960
744 0.000121 0.075081
745 0.000118 0.075199
746 0.000100 0.075299
747 0.000097 0.075396
748 0.000090 0.075486
749 0.000101 0.075587
750 0.000104 0.075691
751 0.000092 0.075783
752 0.000096 0.075879
753 0.000102 0.075981
754 0.000096 0.076077
755 0.000097 0.076174
756 0.000099 0.076273
757 0.000097 0.076370
758 0.000102 0.076472
759 0.000095 0.076567
760 0.000087 0.076654
761 0.000101 0.076755
762 0.000096 0.076851
763 0.000102 0.076953
764 0.000100 0.077053
765 0.000093 0.077146
766 0.000096 0.077242
767 0.000097 0.077339
768 0.000098 0.077437
769 0.000097 0.077534
770 0.000097 0.077631
771 0.000102 0.077733
772 0.000096 0.077829
773 0.000097 0.077926
774 0.000094 0.078020
775 0.000103 0.078123
776 0.000104 0.078227
777 0.000092 0.078319
778 0.000102 0.078421
779 0.000090 0.078511
780 0.000092 0.078603
781 0.000102 0.078705
782 0.000112 0.078817
783 0.000116 0.078933
784 0.000117 0.079050
785 0.000155 0.079205
786 0.000113 0.079318
787 0.000110 0.079428
788 0.000091 0.079519
789 0.000092 0.079611
790 0.000100 0.079711
791 0.000097 0.079808
792 0.000116 0.079924
793 0.000112 0.080036
794 0.000115 0.080151
795 0.000111 0.080262
796 0.000115 0.080377
797 0.000114 0.080491
798 0.000106 0.080597
799 0.000099 0.080696
800 0.000095 0.080791
801 0.000100 0.080891
802 0.000103 0.080994
803 0.000091 0.081085
804 0.000095 0.081180
805 0.000112 0.081292
806 0.000118 0.081410
807 0.000095 0.081505
808 0.000088 0.081593
809 0.000104 0.081697
810 0.000100 0.081797
811 0.000100 0.081897
812 0.000105 0.082002
813 0.000094 0.082096
814 0.000096 0.082192
815 0.000094 0.082286
816 0.000090 0.082376
817 0.000091 0.082467
818 0.000103 0.082570
819 0.000107 0.082677
820 0.000103 0.082780
821 0.000088 0.082868
822 0.000106 0.082974
823 0.000092 0.083066
824 0.000095 0.083161
825 0.000099 0.083260
826 0.000098 0.083358
827 0.000105 0.083463
828 0.000099 0.083562
829 0.000112 0.083674
830 0.000096 0.083770
831 0.000101 0.083871
832 0.000102 0.083973
833 0.000103 0.084076
834 0.000102 0.084178
835 0.000089 0.084267
836 0.000102 0.084369
837 0.000096 0.084465
838 0.000098 0.084563
839 0.000088 0.084651
840 0.000096 0.084747
841 0.000107 0.084854
842 0.000096 0.084950
843 0.000092 0.085042
844 0.000098 0.085140
845 0.000099 0.085239
846 0.000095 0.085334
847 0.000092 0.085426
848 0.000098 0.085524
849 0.000104 0.085628
850 0.000097 0.085725
851 0.000097 0.085822
852 0.000099 0.085921
853 0.000094 0.086015
854 0.000088 0.086103
855 0.000125 0.086228
856 0.000128 0.086356
857 0.000105 0.086461
858 0.000102 0.086563
859 0.000094 0.086657
860 0.000096 0.086753
861 0.000135 0.086888
862 0.000161 0.087049
863 0.000175 0.087224
864 0.000122 0.087346
865 0.000127 0.087473
866 0.000140 0.087613
867 0.000141 0.087754
868 0.000122 0.087876
869 0.000144 0.088020
870 0.000135 0.088155
871 0.000133 0.088288
872 0.000149 0.088437
873 0.000152 0.088589
874 0.000121 0.088710
875 0.000115 0.088825
876 0.000118 0.088943
877 0.000133 0.089076
878 0.000120 0.089196
879 0.000118 0.089314
880 0.000112 0.089426
881 0.000105 0.089531
882 0.000102 0.089633
883 0.000102 0.089735
884 0.000105 0.089840
885 0.000099 0.089939
886 0.000098 0.090037
887 0.000102 0.090139
888 0.000101 0.090240
889 0.000103 0.090343
890 0.000093 0.090436
891 0.000093 0.090529
892 0.000101 0.090630
893 0.000098 0.090728
894 0.000102 0.090830
895 0.000085 0.090915
896 0.000128 0.091043
897 0.000121 0.091164
898 0.000093 0.091257
899 0.000101 0.091358
900 0.000090 0.091448
901 0.000096 0.091544
902 0.000115 0.091659
903 0.000104 0.091763
904 0.000133 0.091896
905 0.000132 0.092028
906 0.000127 0.092155
907 0.000161 0.092316
908 0.000135 0.092451
909 0.000098 0.092549
910 0.000155 0.092704
911 0.000111 0.092815
912 0.000138 0.092953
913 0.000145 0.093098
914 0.000111 0.093209
915 0.000149 0.093358
916 0.000116 0.093474
917 0.000111 0.093585
918 0.000139 0.093724
919 0.000125 0.093849
920 0.000127 0.093976
921 0.000154 0.094130
922 0.000158 0.094288
923 0.000130 0.094418
924 0.000139 0.094557
925 0.000136 0.094693
926 0.000124 0.094817
927 0.000136 0.094953
928 0.000156 0.095109
929 0.000155 0.095264
930 0.000139 0.095403
931 0.000173 0.095576
932 0.000166 0.095742
933 0.000153 0.095895
934 0.000154 0.096049
935 0.000160 0.096209
936 0.000158 0.096367
937 0.000130 0.096497
938 0.000141 0.096638
939 0.000134 0.096772
940 0.000151 0.096923
941 0.000158 0.097081
942 0.000150 0.097231
943 0.000165 0.097396
944 0.000157 0.097553
945 0.000166 0.097719
946 0.000139 0.097858
947 0.000121 0.097979
948 0.000119 0.098098
949 0.000137 0.098235
950 0.000180 0.098415
951 0.000138 0.098553
952 0.000125 0.098678
953 0.000119 0.098797
954 0.000178 0.098975
955 0.000139 0.099114
956 0.000144 0.099258
957 0.000142 0.099400
958 0.000150 0.099550
959 0.000140 0.099690
960 0.000141 0.099831
961 0.000133 0.099964
962 0.000148 0.100112
963 0.000092 0.100204
964 0.000149 0.100353
965 0.000139 0.100492
966 0.000156 0.100648
967 0.000147 0.100795
968 0.000139 0.100934
969 0.000142 0.101076
970 0.000141 0.101217
971 0.000181 0.101398
972 0.000130 0.101528
973 0.000142 0.101670
974 0.000128 0.101798
975 0.000120 0.101918
976 0.000132 0.102050
977 0.000170 0.102220
978 0.000170 0.102390
979 0.000131 0.102521
980 0.000130 0.102651
981 0.000118 0.102769
982 0.000117 0.102886
983 0.000146 0.103032
984 0.000129 0.103161
985 0.000133 0.103294
986 0.000112 0.103406
987 0.000120 0.103526
988 0.000120 0.103646
989 0.000115 0.103761
990 0.000130 0.103891
991 0.000137 0.104028
992 0.000118 0.104146
993 0.000109 0.104255
994 0.000114 0.104369
995 0.000102 0.104471
996 0.000116 0.104587
997 0.000145 0.104732
998 0.000157 0.104889
999 0.000119 0.105008
1000 0.000125 0.105133
1001 0.000128 0.105261
1002 0.000138 0.105399
1003 0.000154 0.105553
1004 0.000170 0.105723
1005 0.000186 0.105909
1006 0.000215 0.106124
1007 0.000149 0.106273
1008 0.000145 0.106418
1009 0.000140 0.106558
1010 0.000145 0.106703
1011 0.000135 0.106838
1012 0.000147 0.106985
1013 0.000136 0.107121
1014 0.000177 0.107298
1015 0.000106 0.107404
1016 0.000141 0.107545
1017 0.000143 0.107688
1018 0.000164 0.107852
1019 0.000144 0.107996
1020 0.000196 0.108192
1021 0.000181 0.108373
1022 0.000145 0.108518
1023 0.000148 0.108666
1024 0.000165 0.108831
1025 0.000128 0.108959
1026 0.000138 0.109097
1027 0.000139 0.109236
1028 0.000154 0.109390
1029 0.000188 0.109578
1030 0.000161 0.109739
1031 0.000182 0.109921
1032 0.000176 0.110097
1033 0.000199 0.110296
1034 0.000156 0.110452
1035 0.000168 0.110620
1036 0.000104 0.110724
1037 0.000164 0.110888
1038 0.000197 0.111085
1039 0.000120 0.111205
1040 0.000129 0.111334
1041 0.000142 0.111476
1042 0.000182 0.111658
1043 0.000126 0.111784
1044 0.000148 0.111932
1045 0.000149 0.112081
1046 0.000148 0.112229
1047 0.000175 0.112404
1048 0.000138 0.112542
1049 0.000132 0.112674
1050 0.000127 0.112801
1051 0.000137 0.112938
1052 0.000137 0.113075
1053 0.000235 0.113310
1054 0.000124 0.113434
1055 0.000180 0.113614
1056 0.000177 0.113791
1057 0.000131 0.113922
1058 0.000164 0.114086
1059 0.000133 0.114219
1060 0.000131 0.114350
1061 0.000110 0.114460
1062 0.000107 0.114567
1063 0.000112 0.114679
1064 0.000115 0.114794
1065 0.000123 0.114917
1066 0.000161 0.115078
1067 0.000144 0.115222
1068 0.000125 0.115347
1069 0.000106 0.115453
1070 0.000145 0.115598
1071 0.000166 0.115764
1072 0.000160 0.115924
1073 0.000211 0.116135
1074 0.000167 0.116302
1075 0.000149 0.116451
1076 0.000151 0.116602
1077 0.000146 0.116748
1078 0.000153 0.116901
1079 0.000167 0.117068
1080 0.000158 0.117226
1081 0.000155 0.117381
1082 0.000153 0.117534
1083 0.000172 0.117706
1084 0.000154 0.117860
1085 0.000147 0.118007
1086 0.000141 0.118148
1087 0.000141 0.118289
1088 0.000135 0.118424
1089 0.000140 0.118564
1090 0.000148 0.118712
1091 0.000135 0.118847
1092 0.000182 0.119029
1093 0.000166 0.119195
1094 0.000142 0.119337
1095 0.000150 0.119487
1096 0.000236 0.119723
1097 0.000176 0.119899
1098 0.000142 0.120041
1099 0.000133 0.120174
1100 0.000185 0.120359
1101 0.000145 0.120504
1102 0.000126 0.120630
1103 0.000136 0.120766
1104 0.000145 0.120911
1105 0.000145 0.121056
1106 0.000144 0.121200
1107 0.000156 0.121356
1108 0.000159 0.121515
1109 0.000152 0.121667
1110 0.000178 0.121845
1111 0.000164 0.122009
1112 0.000174 0.122183
1113 0.000157 0.122340
1114 0.000159 0.122499
1115 0.000135 0.122634
1116 0.000153 0.122787
1117 0.000194 0.122981
1118 0.000154 0.123135
1119 0.000171 0.123306
1120 0.000178 0.123484
1121 0.000196 0.123680
1122 0.000131 0.123811
1123 0.000159 0.123970
1124 0.000145 0.124115
1125 0.000159 0.124274
1126 0.000131 0.124405
1127 0.000153 0.124558
1128 0.000214 0.124772
1129 0.000162 0.124934
1130 0.000214 0.125148
1131 0.000190 0.125338
1132 0.000196 0.125534
1133 0.000129 0.125663
1134 0.000148 0.125811
1135 0.000164 0.125975
1136 0.000172 0.126147
1137 0.000194 0.126341
1138 0.000130 0.126471
1139 0.000134 0.126605
1140 0.000150 0.126755
1141 0.000155 0.126910
1142 0.000179 0.127089
1143 0.000146 0.127235
1144 0.000124 0.127359
1145 0.000120 0.127479
1146 0.000149 0.127628
1147 0.000169 0.127797
1148 0.000129 0.127926
1149 0.000158 0.128084
1150 0.000124 0.128208
1151 0.000128 0.128336
1152 0.000159 0.128495
1153 0.000178 0.128673
1154 0.000174 0.128847
1155 0.000167 0.129014
1156 0.000158 0.129172
1157 0.000161 0.129333
1158 0.000144 0.129477
1159 0.000177 0.129654
1160 0.000186 0.129840
1161 0.000158 0.129998
1162 0.000133 0.130131
1163 0.000206 0.130337
1164 0.000114 0.130451
1165 0.000142 0.130593
1166 0.000153 0.130746
1167 0.000180 0.130926
1168 0.000161 0.131087
1169 0.000182 0.131269
1170 0.000171 0.131440
1171 0.000210 0.131650
1172 0.000112 0.131762
1173 0.000198 0.131960
1174 0.000248 0.132208
1175 0.000158 0.132366
1176 0.000126 0.132492
1177 0.000131 0.132623
1178 0.000172 0.132795
1179 0.000156 0.132951
1180 0.000144 0.133095
1181 0.000167 0.133262
1182 0.000175 0.133437
1183 0.000237 0.133674
1184 0.000155 0.133829
1185 0.000171 0.134000
1186 0.000192 0.134192
1187 0.000158 0.134350
1188 0.000173 0.134523
1189 0.000144 0.134667
1190 0.000145 0.134812
1191 0.000140 0.134952
1192 0.000154 0.135106
1193 0.000088 0.135194
1194 0.000183 0.135377
1195 0.000143 0.135520
1196 0.000157 0.135677
1197 0.000146 0.135823
1198 0.000182 0.136005
1199 0.000229 0.136234
1200 0.000269 0.136503
1201 0.000188 0.136691
1202 0.000144 0.136835
1203 0.000166 0.137001
1204 0.000131 0.137132
1205 0.000297 0.137429
1206 0.000133 0.137562
1207 0.000173 0.137735
1208 0.000181 0.137916
1209 0.000210 0.138126
1210 0.000203 0.138329
1211 0.000232 0.138561
1212 0.000121 0.138682
1213 0.000227 0.138909
1214 0.000218 0.139127
1215 0.000214 0.139341
1216 0.000207 0.139548
1217 0.000224 0.139772
1218 0.000165 0.139937
1219 0.000261 0.140198
1220 0.000118 0.140316
1221 0.000249 0.140565
1222 0.000186 0.140751
1223 0.000190 0.140941
1224 0.000198 0.141139
1225 0.000199 0.141338
1226 0.000184 0.141522
1227 0.000207 0.141729
1228 0.000261 0.141990
1229 0.000229 0.142219
1230 0.000239 0.142458
1231 0.000193 0.142651
1232 0.000209 0.142860
1233 0.000124 0.142984
1234 0.000201 0.143185
1235 0.000207 0.143392
1236 0.000162 0.143554
1237 0.000209 0.143763
1238 0.000180 0.143943
1239 0.000155 0.144098
1240 0.000180 0.144278
1241 0.000145 0.144423
1242 0.000158 0.144581
1243 0.000161 0.144742
1244 0.000163 0.144905
1245 0.000155 0.145060
1246 0.000156 0.145216
1247 0.000153 0.145369
1248 0.000154 0.145523
1249 0.000160 0.145683
1250 0.000153 0.145836
1251 0.000171 0.146007
1252 0.000166 0.146173
1253 0.000171 0.146344
1254 0.000178 0.146522
1255 0.000191 0.146713
1256 0.000168 0.146881
1257 0.000234 0.147115
1258 0.000166 0.147281
1259 0.000178 0.147459
1260 0.000180 0.147639
1261 0.000230 0.147869
1262 0.000200 0.148069
1263 0.000222 0.148291
1264 0.000324 0.148615
1265 0.000202 0.148817
1266 0.000210 0.149027
1267 0.000232 0.149259
1268 0.000256 0.149515
1269 0.000292 0.149807
1270 0.000214 0.150021
1271 0.000213 0.150234
1272 0.000157 0.150391
1273 0.000154 0.150545
1274 0.000187 0.150732
1275 0.000250 0.150982
1276 0.000190 0.151172
1277 0.000196 0.151368
1278 0.000170 0.151538
1279 0.000269 0.151807
1280 0.000225 0.152032
1281 0.000233 0.152265
1282 0.000229 0.152494
1283 0.000247 0.152741
1284 0.000207 0.152948
1285 0.000215 0.153163
1286 0.000246 0.153409
1287 0.000234 0.153643
1288 0.000254 0.153897
1289 0.000127 0.154024
1290 0.000219 0.154243
1291 0.000186 0.154429
1292 0.000206 0.154635
1293 0.000196 0.154831
1294 0.000220 0.155051
1295 0.000232 0.155283
1296 0.000121 0.155404
1297 0.000255 0.155659
1298 0.000244 0.155903
1299 0.000207 0.156110
1300 0.000269 0.156379
1301 0.000202 0.156581
1302 0.000197 0.156778
1303 0.000196 0.156974
1304 0.000260 0.157234
1305 0.000202 0.157436
1306 0.000203 0.157639
1307 0.000222 0.157861
1308 0.000222 0.158083
1309 0.000233 0.158316
1310 0.000189 0.158505
1311 0.000300 0.158805
1312 0.000231 0.159036
1313 0.000201 0.159237
1314 0.000122 0.159359
1315 0.000184 0.159543
1316 0.000189 0.159732
1317 0.000178 0.159910
1318 0.000199 0.160109
1319 0.000202 0.160311
1320 0.000209 0.160520
1321 0.000213 0.160733
1322 0.000194 0.160927
1323 0.000377 0.161304
1324 0.000241 0.161545
1325 0.000234 0.161779
1326 0.000265 0.162044
1327 0.000290 0.162334
1328 0.000334 0.162668
1329 0.000274 0.162942
1330 0.000231 0.163173
1331 0.000218 0.163391
1332 0.000243 0.163634
1333 0.000277 0.163911
1334 0.000314 0.164225
1335 0.000217 0.164442
1336 0.000272 0.164714
1337 0.000261 0.164975
1338 0.000335 0.165310
1339 0.000160 0.165470
1340 0.000309 0.165779
1341 0.000182 0.165961
1342 0.000164 0.166125
1343 0.000203 0.166328
1344 0.000210 0.166538
1345 0.000219 0.166757
1346 0.000142 0.166899
1347 0.000261 0.167160
1348 0.000138 0.167298
1349 0.000124 0.167422
1350 0.000166 0.167588
1351 0.000186 0.167774
1352 0.000196 0.167970
1353 0.000193 0.168163
1354 0.000171 0.168334
1355 0.000194 0.168528
1356 0.000214 0.168742
1357 0.000156 0.168898
1358 0.000148 0.169046
1359 0.000194 0.169240
1360 0.000188 0.169428
1361 0.000157 0.169585
1362 0.000277 0.169862
1363 0.000192 0.170054
1364 0.000246 0.170300
1365 0.000250 0.170550
1366 0.000275 0.170825
1367 0.000263 0.171088
1368 0.000253 0.171341
1369 0.000217 0.171558
1370 0.000262 0.171820
1371 0.000270 0.172090
1372 0.000207 0.172297
1373 0.000236 0.172533
1374 0.000240 0.172773
1375 0.000251 0.173024
1376 0.000230 0.173254
1377 0.000276 0.173530
1378 0.000277 0.173807
1379 0.000475 0.174282
1380 0.000308 0.174590
1381 0.000348 0.174938
1382 0.000351 0.175289
1383 0.000240 0.175529
1384 0.000561 0.176090
1385 0.000334 0.176424
1386 0.000456 0.176880
1387 0.000478 0.177358
1388 0.000520 0.177878
1389 0.000201 0.178079
1390 0.000267 0.178346
1391 0.000338 0.178684
1392 0.000389 0.179073
1393 0.000438 0.179511
1394 0.000220 0.179731
1395 0.000329 0.180060
1396 0.000341 0.180401
1397 0.000366 0.180767
1398 0.000315 0.181082
1399 0.000278 0.181360
1400 0.000342 0.181702
1401 0.000385 0.182087
1402 0.000291 0.182378
1403 0.000395 0.182773
1404 0.000341 0.183114
1405 0.000318 0.183432
1406 0.000336 0.183768
1407 0.000315 0.184083
1408 0.000389 0.184472
1409 0.000285 0.184757
1410 0.000292 0.185049
1411 0.000311 0.185360
1412 0.000332 0.185692
1413 0.000288 0.185980
1414 0.000293 0.186273
1415 0.000283 0.186556
1416 0.000342 0.186898
1417 0.000470 0.187368
1418 0.000335 0.187703
1419 0.000418 0.188121
1420 0.000352 0.188473
1421 0.000377 0.188850
1422 0.000235 0.189085
1423 0.000433 0.189518
1424 0.000517 0.190035
1425 0.000307 0.190342
1426 0.000353 0.190695
1427 0.000460 0.191155
1428 0.000557 0.191712
1429 0.000281 0.191993
1430 0.000378 0.192371
1431 0.000309 0.192680
1432 0.000342 0.193022
1433 0.000556 0.193578
1434 0.000348 0.193926
1435 0.000401 0.194327
1436 0.000380 0.194707
1437 0.000355 0.195062
1438 0.000431 0.195493
1439 0.000397 0.195890
1440 0.000372 0.196262
1441 0.000455 0.196717
1442 0.000335 0.197052
1443 0.000436 0.197488
1444 0.000609 0.198097
1445 0.000408 0.198505
1446 0.000498 0.199003
1447 0.000499 0.199502
1448 0.000515 0.200017
1449 0.000603 0.200620
1450 0.000389 0.201009
1451 0.000436 0.201445
1452 0.000526 0.201971
1453 0.000424 0.202395
1454 0.000666 0.203061
1455 0.000569 0.203630
1456 0.000585 0.204215
1457 0.000603 0.204818
1458 0.000680 0.205498
1459 0.000758 0.206256
1460 0.000742 0.206998
1461 0.000781 0.207779
1462 0.000729 0.208508
1463 0.000477 0.208985
1464 0.000704 0.209689
1465 0.000695 0.210384
1466 0.000441 0.210825
1467 0.000668 0.211493
1468 0.000965 0.212458
1469 0.000555 0.213013
1470 0.000987 0.214000
1471 0.000678 0.214678
1472 0.000769 0.215447
1473 0.000884 0.216331
1474 0.000876 0.217207
1475 0.000897 0.218104
1476 0.000897 0.219001
1477 0.000746 0.219747
1478 0.000833 0.220580
1479 0.000823 0.221403
1480 0.000760 0.222163
1481 0.000739 0.222902
1482 0.000852 0.223754
1483 0.000849 0.224603
1484 0.000905 0.225508
1485 0.000908 0.226416
1486 0.000944 0.227360
1487 0.000508 0.227868
1488 0.000782 0.228650
1489 0.000844 0.229494
1490 0.000838 0.230332
1491 0.000870 0.231202
1492 0.000938 0.232140
1493 0.000607 0.232747
1494 0.000959 0.233706
1495 0.001059 0.234765
1496 0.001059 0.235824
1497 0.001062 0.236886
1498 0.001020 0.237906
1499 0.001068 0.238974
1500 0.001075 0.240049
1501 0.000744 0.240793
1502 0.001055 0.241848
1503 0.000974 0.242822
1504 0.001133 0.243955
1505 0.000357 0.244312
1506 0.000698 0.245010
1507 0.001239 0.246249
1508 0.000703 0.246952
1509 0.000927 0.247879
1510 0.001274 0.249153
1511 0.001173 0.250326
1512 0.000908 0.251234
1513 0.001220 0.252454
1514 0.000680 0.253134
1515 0.001187 0.254321
1516 0.000314 0.254635
1517 0.000907 0.255542
1518 0.001006 0.256548
1519 0.000777 0.257325
1520 0.001080 0.258405
1521 0.001050 0.259455
1522 0.001072 0.260527
1523 0.001060 0.261587
1524 0.001250 0.262837
1525 0.001074 0.263911
1526 0.001315 0.265226
1527 0.001125 0.266351
1528 0.001610 0.267961
1529 0.001254 0.269215
1530 0.001052 0.270267
1531 0.001117 0.271384
1532 0.001093 0.272477
1533 0.001146 0.273623
1534 0.001172 0.274795
1535 0.001281 0.276076
1536 0.001096 0.277172
1537 0.001415 0.278587
1538 0.001381 0.279968
1539 0.001171 0.281139
1540 0.001358 0.282497
1541 0.001337 0.283834
1542 0.001251 0.285085
1543 0.001376 0.286461
1544 0.001475 0.287936
1545 0.001384 0.289320
1546 0.001285 0.290605
1547 0.001412 0.292017
1548 0.001491 0.293508
1549 0.001379 0.294887
1550 0.001397 0.296284
1551 0.001425 0.297709
1552 0.001471 0.299180
1553 0.001429 0.300609
1554 0.001575 0.302184
1555 0.001526 0.303710
1556 0.001594 0.305304
1557 0.000883 0.306187
1558 0.002138 0.308325
1559 0.000412 0.308737
1560 0.001567 0.310304
1561 0.001497 0.311801
1562 0.001485 0.313286
1563 0.001414 0.314700
1564 0.001571 0.316271
1565 0.001669 0.317940
1566 0.001326 0.319266
1567 0.001466 0.320732
1568 0.001595 0.322327
1569 0.000878 0.323205
1570 0.001611 0.324816
1571 0.001538 0.326354
1572 0.000461 0.326815
1573 0.001217 0.328032
1574 0.001452 0.329484
1575 0.001073 0.330557
1576 0.001238 0.331795
1577 0.001469 0.333264
1578 0.001541 0.334805
1579 0.001639 0.336444
1580 0.001144 0.337588
1581 0.001662 0.339250
1582 0.001292 0.340542
1583 0.001798 0.342340
1584 0.001771 0.344111
1585 0.001621 0.345732
1586 0.001385 0.347117
1587 0.001198 0.348315
1588 0.001572 0.349887
1589 0.001653 0.351540
1590 0.001629 0.353169
1591 0.001648 0.354817
1592 0.002145 0.356962
1593 0.002017 0.358979
1594 0.001803 0.360782
1595 0.002080 0.362862
1596 0.001989 0.364851
1597 0.002184 0.367035
1598 0.001567 0.368602
1599 0.001242 0.369844
1600 0.002095 0.371939
1601 0.001740 0.373679
1602 0.001880 0.375559
1603 0.001474 0.377033
1604 0.002188 0.379221
1605 0.001740 0.380961
1606 0.001520 0.382481
1607 0.001819 0.384300
1608 0.002226 0.386526
1609 0.003328 0.389854
1610 0.002146 0.392000
1611 0.002070 0.394070
1612 0.001739 0.395809
1613 0.003204 0.399013
1614 0.001942 0.400955
1615 0.002052 0.403007
1616 0.001644 0.404651
1617 0.001748 0.406399
1618 0.003191 0.409590
1619 0.002002 0.411592
1620 0.002008 0.413600
1621 0.003069 0.416669
1622 0.001767 0.418436
1623 0.001708 0.420144
1624 0.002321 0.422465
1625 0.002722 0.425187
1626 0.002734 0.427921
1627 0.002691 0.430612
1628 0.002425 0.433037
1629 0.002880 0.435917
1630 0.003158 0.439075
1631 0.002872 0.441947
1632 0.002499 0.444446
1633 0.002001 0.446447
1634 0.003008 0.449455
1635 0.001511 0.450966
1636 0.002859 0.453825
1637 0.002716 0.456541
1638 0.002431 0.458972
1639 0.002806 0.461778
1640 0.003102 0.464880
1641 0.002661 0.467541
1642 0.003216 0.470757
1643 0.002830 0.473587
1644 0.002735 0.476322
1645 0.002652 0.478974
1646 0.002720 0.481694
1647 0.003286 0.484980
1648 0.002702 0.487682
1649 0.002684 0.490366
1650 0.002848 0.493214
1651 0.001382 0.494596
1652 0.003487 0.498083
1653 0.002578 0.500661
done 1653 0.003922 0.504583
