#secondnet
init 0 0
1 0.000184 0.000184
2 0.000155 0.000339
3 0.000147 0.000486
4 0.000180 0.000666
5 0.000132 0.000798
6 0.000135 0.000933
7 0.000140 0.001073
8 0.000132 0.001205
9 0.000135 0.001340
10 0.000130 0.001470
11 0.000138 0.001608
12 0.000150 0.001758
13 0.000141 0.001899
14 0.000140 0.002039
15 0.000147 0.002186
16 0.000143 0.002329
17 0.000139 0.002468
18 0.000140 0.002608
19 0.000135 0.002743
20 0.000149 0.002892
21 0.000149 0.003041
22 0.000135 0.003176
23 0.000149 0.003325
24 0.000136 0.003461
25 0.000144 0.003605
26 0.000145 0.003750
27 0.000148 0.003898
28 0.000151 0.004049
29 0.000146 0.004195
30 0.000136 0.004331
31 0.000159 0.004490
32 0.000142 0.004632
33 0.000162 0.004794
34 0.000146 0.004940
35 0.000354 0.005294
36 0.000338 0.005632
37 0.000141 0.005773
38 0.000338 0.006111
done 38 0.000297 0.006408
