#secondnet
init 0 0
1 0.000307 0.000307
2 0.000264 0.000571
3 0.000201 0.000772
4 0.000184 0.000956
5 0.000203 0.001159
6 0.000190 0.001349
7 0.000193 0.001542
8 0.000186 0.001728
9 0.000185 0.001913
10 0.000191 0.002104
11 0.000184 0.002288
12 0.000201 0.002489
13 0.000208 0.002697
14 0.000212 0.002909
15 0.000193 0.003102
16 0.000191 0.003293
17 0.000193 0.003486
18 0.000192 0.003678
19 0.000180 0.003858
20 0.000195 0.004053
21 0.000181 0.004234
22 0.000204 0.004438
23 0.000182 0.004620
24 0.000193 0.004813
25 0.000180 0.004993
26 0.000186 0.005179
27 0.000195 0.005374
28 0.000181 0.005555
29 0.000184 0.005739
30 0.000199 0.005938
31 0.000197 0.006135
32 0.000212 0.006347
33 0.000216 0.006563
34 0.000215 0.006778
35 0.000217 0.006995
36 0.000187 0.007182
37 0.000192 0.007374
38 0.000184 0.007558
39 0.000202 0.007760
40 0.000191 0.007951
41 0.000201 0.008152
42 0.000210 0.008362
43 0.000199 0.008561
44 0.000193 0.008754
45 0.000189 0.008943
46 0.000211 0.009154
47 0.000196 0.009350
48 0.000189 0.009539
49 0.000194 0.009733
50 0.000192 0.009925
51 0.000194 0.010119
52 0.000203 0.010322
53 0.000217 0.010539
54 0.000199 0.010738
55 0.000189 0.010927
56 0.000193 0.011120
57 0.000177 0.011297
58 0.000186 0.011483
59 0.000185 0.011668
60 0.000191 0.011859
61 0.000204 0.012063
62 0.000190 0.012253
63 0.000213 0.012466
64 0.000198 0.012664
65 0.000178 0.012842
66 0.000191 0.013033
67 0.000208 0.013241
68 0.000200 0.013441
69 0.000193 0.013634
70 0.000199 0.013833
71 0.000198 0.014031
72 0.000205 0.014236
73 0.000194 0.014430
74 0.000242 0.014672
75 0.000198 0.014870
76 0.000186 0.015056
77 0.000179 0.015235
78 0.000189 0.015424
79 0.000190 0.015614
80 0.000189 0.015803
81 0.000187 0.015990
82 0.000183 0.016173
83 0.000217 0.016390
84 0.000182 0.016572
85 0.000195 0.016767
86 0.000196 0.016963
87 0.000213 0.017176
88 0.000212 0.017388
89 0.000218 0.017606
90 0.000211 0.017817
91 0.000201 0.018018
92 0.000196 0.018214
93 0.000216 0.018430
94 0.000206 0.018636
95 0.000207 0.018843
96 0.000198 0.019041
97 0.000211 0.019252
98 0.000202 0.019454
99 0.000191 0.019645
100 0.000218 0.019863
101 0.000181 0.020044
102 0.000192 0.020236
103 0.000188 0.020424
104 0.000200 0.020624
105 0.000200 0.020824
106 0.000192 0.021016
107 0.000215 0.021231
108 0.000195 0.021426
109 0.000183 0.021609
110 0.000191 0.021800
111 0.000194 0.021994
112 0.000192 0.022186
113 0.000185 0.022371
114 0.000201 0.022572
115 0.000189 0.022761
116 0.000176 0.022937
117 0.000187 0.023124
118 0.000206 0.023330
119 0.000192 0.023522
120 0.000194 0.023716
121 0.000197 0.023913
122 0.000212 0.024125
123 0.000200 0.024325
124 0.000193 0.024518
125 0.000195 0.024713
126 0.000200 0.024913
127 0.000205 0.025118
128 0.000185 0.025303
129 0.000204 0.025507
130 0.000201 0.025708
131 0.000208 0.025916
132 0.000185 0.026101
133 0.000223 0.026324
134 0.000196 0.026520
135 0.000194 0.026714
136 0.000187 0.026901
137 0.000192 0.027093
138 0.000204 0.027297
139 0.000200 0.027497
140 0.000219 0.027716
141 0.000200 0.027916
142 0.000189 0.028105
143 0.000211 0.028316
144 0.000196 0.028512
145 0.000198 0.028710
146 0.000210 0.028920
147 0.000212 0.029132
148 0.000191 0.029323
149 0.000200 0.029523
150 0.000223 0.029746
151 0.000182 0.029928
152 0.000196 0.030124
153 0.000193 0.030317
154 0.000194 0.030511
155 0.000189 0.030700
156 0.000212 0.030912
157 0.000179 0.031091
158 0.000205 0.031296
159 0.000195 0.031491
160 0.000188 0.031679
161 0.000201 0.031880
162 0.000207 0.032087
163 0.000191 0.032278
164 0.000199 0.032477
165 0.000179 0.032656
166 0.000204 0.032860
167 0.000196 0.033056
168 0.000208 0.033264
169 0.000196 0.033460
170 0.000208 0.033668
171 0.000180 0.033848
172 0.000192 0.034040
173 0.000207 0.034247
174 0.000223 0.034470
175 0.000195 0.034665
176 0.000183 0.034848
177 0.000199 0.035047
178 0.000206 0.035253
179 0.000195 0.035448
180 0.000219 0.035667
181 0.000199 0.035866
182 0.000194 0.036060
183 0.000198 0.036258
184 0.000202 0.036460
185 0.000180 0.036640
186 0.000188 0.036828
187 0.000182 0.037010
188 0.000205 0.037215
189 0.000201 0.037416
190 0.000198 0.037614
191 0.000218 0.037832
192 0.000207 0.038039
193 0.000181 0.038220
194 0.000183 0.038403
195 0.000223 0.038626
196 0.000221 0.038847
197 0.000195 0.039042
198 0.000205 0.039247
199 0.000202 0.039449
200 0.000200 0.039649
201 0.000192 0.039841
202 0.000210 0.040051
203 0.000208 0.040259
204 0.000201 0.040460
205 0.000189 0.040649
206 0.000200 0.040849
207 0.000218 0.041067
208 0.000191 0.041258
209 0.000223 0.041481
210 0.000200 0.041681
211 0.000200 0.041881
212 0.000189 0.042070
213 0.000201 0.042271
214 0.000197 0.042468
215 0.000215 0.042683
216 0.000179 0.042862
217 0.000182 0.043044
218 0.000180 0.043224
219 0.000222 0.043446
220 0.000196 0.043642
221 0.000197 0.043839
222 0.000198 0.044037
223 0.000214 0.044251
224 0.000212 0.044463
225 0.000203 0.044666
226 0.000186 0.044852
227 0.000209 0.045061
228 0.000190 0.045251
229 0.000189 0.045440
230 0.000190 0.045630
231 0.000227 0.045857
232 0.000189 0.046046
233 0.000194 0.046240
234 0.000212 0.046452
235 0.000219 0.046671
236 0.000203 0.046874
237 0.000196 0.047070
238 0.000188 0.047258
239 0.000204 0.047462
240 0.000202 0.047664
241 0.000201 0.047865
242 0.000192 0.048057
243 0.000209 0.048266
244 0.000181 0.048447
245 0.000196 0.048643
246 0.000192 0.048835
247 0.000213 0.049048
248 0.000195 0.049243
249 0.000199 0.049442
250 0.000200 0.049642
251 0.000196 0.049838
252 0.000214 0.050052
253 0.000200 0.050252
254 0.000181 0.050433
255 0.000202 0.050635
256 0.000194 0.050829
257 0.000192 0.051021
258 0.000202 0.051223
259 0.000204 0.051427
260 0.000206 0.051633
261 0.000197 0.051830
262 0.000194 0.052024
263 0.000186 0.052210
264 0.000179 0.052389
265 0.000211 0.052600
266 0.000182 0.052782
267 0.000198 0.052980
268 0.000195 0.053175
269 0.000212 0.053387
270 0.000195 0.053582
271 0.000191 0.053773
272 0.000179 0.053952
273 0.000210 0.054162
274 0.000207 0.054369
275 0.000220 0.054589
276 0.000217 0.054806
277 0.000208 0.055014
278 0.000189 0.055203
279 0.000218 0.055421
280 0.000187 0.055608
281 0.000216 0.055824
282 0.000222 0.056046
283 0.000202 0.056248
284 0.000198 0.056446
285 0.000202 0.056648
286 0.000194 0.056842
287 0.000215 0.057057
288 0.000186 0.057243
289 0.000185 0.057428
290 0.000187 0.057615
291 0.000205 0.057820
292 0.000218 0.058038
293 0.000212 0.058250
294 0.000200 0.058450
295 0.000205 0.058655
296 0.000199 0.058854
297 0.000192 0.059046
298 0.000203 0.059249
299 0.000208 0.059457
300 0.000190 0.059647
301 0.000199 0.059846
302 0.000204 0.060050
303 0.000219 0.060269
304 0.000198 0.060467
305 0.000212 0.060679
306 0.000198 0.060877
307 0.000195 0.061072
308 0.000196 0.061268
309 0.000221 0.061489
310 0.000197 0.061686
311 0.000212 0.061898
312 0.000208 0.062106
313 0.000202 0.062308
314 0.000198 0.062506
315 0.000186 0.062692
316 0.000217 0.062909
317 0.000206 0.063115
318 0.000196 0.063311
319 0.000192 0.063503
320 0.000187 0.063690
321 0.000199 0.063889
322 0.000205 0.064094
323 0.000198 0.064292
324 0.000186 0.064478
325 0.000205 0.064683
326 0.000200 0.064883
327 0.000209 0.065092
328 0.000204 0.065296
329 0.000212 0.065508
330 0.000193 0.065701
331 0.000198 0.065899
332 0.000202 0.066101
333 0.000196 0.066297
334 0.000214 0.066511
335 0.000215 0.066726
336 0.000195 0.066921
337 0.000204 0.067125
338 0.000207 0.067332
339 0.000195 0.067527
340 0.000193 0.067720
341 0.000182 0.067902
342 0.000193 0.068095
343 0.000186 0.068281
344 0.000190 0.068471
345 0.000200 0.068671
346 0.000228 0.068899
347 0.000200 0.069099
348 0.000198 0.069297
349 0.000196 0.069493
350 0.000185 0.069678
351 0.000199 0.069877
352 0.000227 0.070104
353 0.000187 0.070291
354 0.000192 0.070483
355 0.000216 0.070699
356 0.000201 0.070900
357 0.000201 0.071101
358 0.000205 0.071306
359 0.000211 0.071517
360 0.000200 0.071717
361 0.000198 0.071915
362 0.000218 0.072133
363 0.000205 0.072338
364 0.000194 0.072532
365 0.000211 0.072743
366 0.000186 0.072929
367 0.000201 0.073130
368 0.000193 0.073323
369 0.000187 0.073510
370 0.000195 0.073705
371 0.000216 0.073921
372 0.000200 0.074121
373 0.000196 0.074317
374 0.000225 0.074542
375 0.000199 0.074741
376 0.000218 0.074959
377 0.000187 0.075146
378 0.000216 0.075362
379 0.000196 0.075558
380 0.000198 0.075756
381 0.000201 0.075957
382 0.000207 0.076164
383 0.000217 0.076381
384 0.000198 0.076579
385 0.000208 0.076787
386 0.000186 0.076973
387 0.000200 0.077173
388 0.000202 0.077375
389 0.000201 0.077576
390 0.000215 0.077791
391 0.000200 0.077991
392 0.000189 0.078180
393 0.000204 0.078384
394 0.000206 0.078590
395 0.000211 0.078801
396 0.000200 0.079001
397 0.000218 0.079219
398 0.000201 0.079420
399 0.000190 0.079610
400 0.000204 0.079814
401 0.000209 0.080023
402 0.000193 0.080216
403 0.000194 0.080410
404 0.000195 0.080605
405 0.000216 0.080821
406 0.000206 0.081027
407 0.000197 0.081224
408 0.000196 0.081420
409 0.000226 0.081646
410 0.000203 0.081849
411 0.000189 0.082038
412 0.000201 0.082239
413 0.000218 0.082457
414 0.000211 0.082668
415 0.000210 0.082878
416 0.000217 0.083095
417 0.000202 0.083297
418 0.000186 0.083483
419 0.000188 0.083671
420 0.000205 0.083876
421 0.000221 0.084097
422 0.000226 0.084323
423 0.000199 0.084522
424 0.000202 0.084724
425 0.000209 0.084933
426 0.000208 0.085141
427 0.000193 0.085334
428 0.000211 0.085545
429 0.000199 0.085744
430 0.000203 0.085947
431 0.000211 0.086158
432 0.000210 0.086368
433 0.000233 0.086601
434 0.000210 0.086811
435 0.000187 0.086998
436 0.000199 0.087197
437 0.000210 0.087407
438 0.000195 0.087602
439 0.000201 0.087803
440 0.000216 0.088019
441 0.000208 0.088227
442 0.000201 0.088428
443 0.000219 0.088647
444 0.000212 0.088859
445 0.000199 0.089058
446 0.000204 0.089262
447 0.000216 0.089478
448 0.000185 0.089663
449 0.000198 0.089861
450 0.000201 0.090062
451 0.000193 0.090255
452 0.000184 0.090439
453 0.000226 0.090665
454 0.000196 0.090861
455 0.000196 0.091057
456 0.000205 0.091262
457 0.000205 0.091467
458 0.000195 0.091662
459 0.000218 0.091880
460 0.000207 0.092087
461 0.000211 0.092298
462 0.000186 0.092484
463 0.000211 0.092695
464 0.000192 0.092887
465 0.000207 0.093094
466 0.000226 0.093320
467 0.000217 0.093537
468 0.000195 0.093732
469 0.000187 0.093919
470 0.000207 0.094126
471 0.000196 0.094322
472 0.000205 0.094527
473 0.000199 0.094726
474 0.000186 0.094912
475 0.000184 0.095096
476 0.000206 0.095302
477 0.000194 0.095496
478 0.000213 0.095709
479 0.000197 0.095906
480 0.000216 0.096122
481 0.000198 0.096320
482 0.000200 0.096520
483 0.000199 0.096719
484 0.000200 0.096919
485 0.000219 0.097138
486 0.000196 0.097334
487 0.000198 0.097532
488 0.000193 0.097725
489 0.000185 0.097910
490 0.000221 0.098131
491 0.000218 0.098349
492 0.000210 0.098559
493 0.000215 0.098774
494 0.000202 0.098976
495 0.000210 0.099186
496 0.000219 0.099405
497 0.000215 0.099620
498 0.000207 0.099827
499 0.000207 0.100034
500 0.000206 0.100240
501 0.000197 0.100437
502 0.000197 0.100634
503 0.000203 0.100837
504 0.000216 0.101053
505 0.000194 0.101247
506 0.000182 0.101429
507 0.000199 0.101628
508 0.000185 0.101813
509 0.000191 0.102004
510 0.000225 0.102229
511 0.000198 0.102427
512 0.000204 0.102631
513 0.000210 0.102841
514 0.000197 0.103038
515 0.000186 0.103224
516 0.000220 0.103444
517 0.000199 0.103643
518 0.000205 0.103848
519 0.000210 0.104058
520 0.000197 0.104255
521 0.000203 0.104458
522 0.000200 0.104658
523 0.000223 0.104881
524 0.000220 0.105101
525 0.000204 0.105305
526 0.000208 0.105513
527 0.000204 0.105717
528 0.000207 0.105924
529 0.000221 0.106145
530 0.000194 0.106339
531 0.000205 0.106544
532 0.000196 0.106740
533 0.000201 0.106941
534 0.000188 0.107129
535 0.000210 0.107339
536 0.000189 0.107528
537 0.000224 0.107752
538 0.000199 0.107951
539 0.000196 0.108147
540 0.000213 0.108360
541 0.000190 0.108550
542 0.000210 0.108760
543 0.000204 0.108964
544 0.000196 0.109160
545 0.000201 0.109361
546 0.000199 0.109560
547 0.000209 0.109769
548 0.000208 0.109977
549 0.000218 0.110195
550 0.000207 0.110402
551 0.000218 0.110620
552 0.000203 0.110823
553 0.000195 0.111018
554 0.000210 0.111228
555 0.000193 0.111421
556 0.000211 0.111632
557 0.000212 0.111844
558 0.000198 0.112042
559 0.000203 0.112245
560 0.000193 0.112438
561 0.000224 0.112662
562 0.000203 0.112865
563 0.000212 0.113077
564 0.000198 0.113275
565 0.000204 0.113479
566 0.000211 0.113690
567 0.000193 0.113883
568 0.000216 0.114099
569 0.000215 0.114314
570 0.000217 0.114531
571 0.000185 0.114716
572 0.000222 0.114938
573 0.000207 0.115145
574 0.000208 0.115353
575 0.000201 0.115554
576 0.000205 0.115759
577 0.000200 0.115959
578 0.000196 0.116155
579 0.000204 0.116359
580 0.000214 0.116573
581 0.000202 0.116775
582 0.000202 0.116977
583 0.000187 0.117164
584 0.000198 0.117362
585 0.000198 0.117560
586 0.000218 0.117778
587 0.000185 0.117963
588 0.000195 0.118158
589 0.000203 0.118361
590 0.000201 0.118562
591 0.000200 0.118762
592 0.000205 0.118967
593 0.000209 0.119176
594 0.000219 0.119395
595 0.000186 0.119581
596 0.000212 0.119793
597 0.000199 0.119992
598 0.000200 0.120192
599 0.000239 0.120431
600 0.000188 0.120619
601 0.000193 0.120812
602 0.000209 0.121021
603 0.000199 0.121220
604 0.000194 0.121414
605 0.000199 0.121613
606 0.000193 0.121806
607 0.000204 0.122010
608 0.000188 0.122198
609 0.000215 0.122413
610 0.000222 0.122635
611 0.000193 0.122828
612 0.000207 0.123035
613 0.000213 0.123248
614 0.000198 0.123446
615 0.000214 0.123660
616 0.000299 0.123959
617 0.000200 0.124159
618 0.000208 0.124367
619 0.000222 0.124589
620 0.000186 0.124775
621 0.000196 0.124971
622 0.000210 0.125181
623 0.000188 0.125369
624 0.000201 0.125570
625 0.000214 0.125784
626 0.000199 0.125983
627 0.000190 0.126173
628 0.000219 0.126392
629 0.000210 0.126602
630 0.000208 0.126810
631 0.000203 0.127013
632 0.000205 0.127218
633 0.000199 0.127417
634 0.000185 0.127602
635 0.000200 0.127802
636 0.000196 0.127998
637 0.000194 0.128192
638 0.000198 0.128390
639 0.000202 0.128592
640 0.000199 0.128791
641 0.000196 0.128987
642 0.000194 0.129181
643 0.000201 0.129382
644 0.000194 0.129576
645 0.000212 0.129788
646 0.000208 0.129996
647 0.000200 0.130196
648 0.000189 0.130385
649 0.000232 0.130617
650 0.000214 0.130831
651 0.000210 0.131041
652 0.000210 0.131251
653 0.000202 0.131453
654 0.000213 0.131666
655 0.000196 0.131862
656 0.000257 0.132119
657 0.000196 0.132315
658 0.000203 0.132518
659 0.000195 0.132713
660 0.000199 0.132912
661 0.000202 0.133114
662 0.000216 0.133330
663 0.000185 0.133515
664 0.000185 0.133700
665 0.000203 0.133903
666 0.000185 0.134088
667 0.000194 0.134282
668 0.000230 0.134512
669 0.000202 0.134714
670 0.000196 0.134910
671 0.000223 0.135133
672 0.000195 0.135328
673 0.000207 0.135535
674 0.000185 0.135720
675 0.000213 0.135933
676 0.000187 0.136120
677 0.000195 0.136315
678 0.000196 0.136511
679 0.000184 0.136695
680 0.000202 0.136897
681 0.000202 0.137099
682 0.000207 0.137306
683 0.000196 0.137502
684 0.000194 0.137696
685 0.000201 0.137897
686 0.000206 0.138103
687 0.000210 0.138313
688 0.000225 0.138538
689 0.000186 0.138724
690 0.000203 0.138927
691 0.000203 0.139130
692 0.000199 0.139329
693 0.000193 0.139522
694 0.000219 0.139741
695 0.000198 0.139939
696 0.000197 0.140136
697 0.000200 0.140336
698 0.000205 0.140541
699 0.000193 0.140734
700 0.000211 0.140945
701 0.000192 0.141137
702 0.000202 0.141339
703 0.000221 0.141560
704 0.000207 0.141767
705 0.000203 0.141970
706 0.000187 0.142157
707 0.000198 0.142355
708 0.000236 0.142591
709 0.000188 0.142779
710 0.000205 0.142984
711 0.000199 0.143183
712 0.000201 0.143384
713 0.000199 0.143583
714 0.000233 0.143816
715 0.000204 0.144020
716 0.000190 0.144210
717 0.000212 0.144422
718 0.000198 0.144620
719 0.000214 0.144834
720 0.000195 0.145029
721 0.000204 0.145233
722 0.000198 0.145431
723 0.000213 0.145644
724 0.000209 0.145853
725 0.000204 0.146057
726 0.000204 0.146261
727 0.000198 0.146459
728 0.000218 0.146677
729 0.000201 0.146878
730 0.000198 0.147076
731 0.000209 0.147285
732 0.000216 0.147501
733 0.000224 0.147725
734 0.000186 0.147911
735 0.000202 0.148113
736 0.000186 0.148299
737 0.000201 0.148500
738 0.000189 0.148689
739 0.000216 0.148905
740 0.000195 0.149100
741 0.000202 0.149302
742 0.000192 0.149494
743 0.000188 0.149682
744 0.000231 0.149913
745 0.000193 0.150106
746 0.000198 0.150304
747 0.000196 0.150500
748 0.000211 0.150711
749 0.000196 0.150907
750 0.000217 0.151124
751 0.000225 0.151349
752 0.000202 0.151551
753 0.000203 0.151754
754 0.000188 0.151942
755 0.000219 0.152161
756 0.000198 0.152359
757 0.000192 0.152551
758 0.000236 0.152787
759 0.000187 0.152974
760 0.000195 0.153169
761 0.000202 0.153371
762 0.000203 0.153574
763 0.000202 0.153776
764 0.000202 0.153978
765 0.000208 0.154186
766 0.000205 0.154391
767 0.000241 0.154632
768 0.000188 0.154820
769 0.000195 0.155015
770 0.000202 0.155217
771 0.000222 0.155439
772 0.000206 0.155645
773 0.000202 0.155847
774 0.000187 0.156034
775 0.000199 0.156233
776 0.000204 0.156437
777 0.000240 0.156677
778 0.000195 0.156872
779 0.000199 0.157071
780 0.000215 0.157286
781 0.000206 0.157492
782 0.000213 0.157705
783 0.000201 0.157906
784 0.000222 0.158128
785 0.000197 0.158325
786 0.000214 0.158539
787 0.000203 0.158742
788 0.000196 0.158938
789 0.000212 0.159150
790 0.000187 0.159337
791 0.000194 0.159531
792 0.000194 0.159725
793 0.000195 0.159920
794 0.000209 0.160129
795 0.000209 0.160338
796 0.000194 0.160532
797 0.000195 0.160727
798 0.000186 0.160913
799 0.000188 0.161101
800 0.000195 0.161296
801 0.000216 0.161512
802 0.000187 0.161699
803 0.000199 0.161898
804 0.000205 0.162103
805 0.000208 0.162311
806 0.000204 0.162515
807 0.000192 0.162707
808 0.000208 0.162915
809 0.000202 0.163117
810 0.000189 0.163306
811 0.000217 0.163523
812 0.000202 0.163725
813 0.000219 0.163944
814 0.000236 0.164180
815 0.000195 0.164375
816 0.000192 0.164567
817 0.000199 0.164766
818 0.000192 0.164958
819 0.000201 0.165159
820 0.000212 0.165371
821 0.000213 0.165584
822 0.000208 0.165792
823 0.000192 0.165984
824 0.000210 0.166194
825 0.000201 0.166395
826 0.000223 0.166618
827 0.000187 0.166805
828 0.000210 0.167015
829 0.000224 0.167239
830 0.000232 0.167471
831 0.000193 0.167664
832 0.000199 0.167863
833 0.000210 0.168073
834 0.000195 0.168268
835 0.000217 0.168485
836 0.000187 0.168672
837 0.000204 0.168876
838 0.000196 0.169072
839 0.000200 0.169272
840 0.000198 0.169470
841 0.000207 0.169677
842 0.000203 0.169880
843 0.000195 0.170075
844 0.000207 0.170282
845 0.000218 0.170500
846 0.000201 0.170701
847 0.000204 0.170905
848 0.000225 0.171130
849 0.000205 0.171335
850 0.000190 0.171525
851 0.000205 0.171730
852 0.000192 0.171922
853 0.000216 0.172138
854 0.000192 0.172330
855 0.000214 0.172544
856 0.000222 0.172766
857 0.000201 0.172967
858 0.000217 0.173184
859 0.000253 0.173437
860 0.000197 0.173634
861 0.000206 0.173840
862 0.000206 0.174046
863 0.000219 0.174265
864 0.000211 0.174476
865 0.000204 0.174680
866 0.000199 0.174879
867 0.000192 0.175071
868 0.000207 0.175278
869 0.000209 0.175487
870 0.000197 0.175684
871 0.000200 0.175884
872 0.000194 0.176078
873 0.000211 0.176289
874 0.000200 0.176489
875 0.000198 0.176687
876 0.000195 0.176882
877 0.000187 0.177069
878 0.000200 0.177269
879 0.000211 0.177480
880 0.000201 0.177681
881 0.000200 0.177881
882 0.000202 0.178083
883 0.000209 0.178292
884 0.000211 0.178503
885 0.000210 0.178713
886 0.000247 0.178960
887 0.000204 0.179164
888 0.000187 0.179351
889 0.000193 0.179544
890 0.000220 0.179764
891 0.000218 0.179982
892 0.000198 0.180180
893 0.000198 0.180378
894 0.000203 0.180581
895 0.000234 0.180815
896 0.000286 0.181101
897 0.000260 0.181361
898 0.000262 0.181623
899 0.000261 0.181884
900 0.000193 0.182077
901 0.000208 0.182285
902 0.000205 0.182490
903 0.000192 0.182682
904 0.000197 0.182879
905 0.000204 0.183083
906 0.000231 0.183314
907 0.000206 0.183520
908 0.000198 0.183718
909 0.000208 0.183926
910 0.000197 0.184123
911 0.000211 0.184334
912 0.000186 0.184520
913 0.000212 0.184732
914 0.000196 0.184928
915 0.000200 0.185128
916 0.000201 0.185329
917 0.000199 0.185528
918 0.000218 0.185746
919 0.000214 0.185960
920 0.000202 0.186162
921 0.000193 0.186355
922 0.000197 0.186552
923 0.000199 0.186751
924 0.000200 0.186951
925 0.000199 0.187150
926 0.000231 0.187381
927 0.000202 0.187583
928 0.000200 0.187783
929 0.000206 0.187989
930 0.000199 0.188188
931 0.000219 0.188407
932 0.000199 0.188606
933 0.000207 0.188813
934 0.000201 0.189014
935 0.000212 0.189226
936 0.000206 0.189432
937 0.000212 0.189644
938 0.000232 0.189876
939 0.000201 0.190077
940 0.000188 0.190265
941 0.000225 0.190490
942 0.000209 0.190699
943 0.000207 0.190906
944 0.000209 0.191115
945 0.000206 0.191321
946 0.000187 0.191508
947 0.000200 0.191708
948 0.000220 0.191928
949 0.000209 0.192137
950 0.000207 0.192344
951 0.000221 0.192565
952 0.000212 0.192777
953 0.000202 0.192979
954 0.000207 0.193186
955 0.000211 0.193397
956 0.000220 0.193617
957 0.000192 0.193809
958 0.000235 0.194044
959 0.000203 0.194247
960 0.000185 0.194432
961 0.000227 0.194659
962 0.000203 0.194862
963 0.000207 0.195069
964 0.000202 0.195271
965 0.000210 0.195481
966 0.000208 0.195689
967 0.000201 0.195890
968 0.000218 0.196108
969 0.000203 0.196311
970 0.000213 0.196524
971 0.000220 0.196744
972 0.000208 0.196952
973 0.000195 0.197147
974 0.000194 0.197341
975 0.000209 0.197550
976 0.000201 0.197751
977 0.000201 0.197952
978 0.000209 0.198161
979 0.000196 0.198357
980 0.000204 0.198561
981 0.000199 0.198760
982 0.000221 0.198981
983 0.000203 0.199184
984 0.000193 0.199377
985 0.000211 0.199588
986 0.000229 0.199817
987 0.000256 0.200073
988 0.000230 0.200303
989 0.000206 0.200509
990 0.000190 0.200699
991 0.000342 0.201041
992 0.000195 0.201236
993 0.000244 0.201480
994 0.000255 0.201735
995 0.000233 0.201968
996 0.000238 0.202206
997 0.000204 0.202410
998 0.000194 0.202604
999 0.000211 0.202815
1000 0.000196 0.203011
1001 0.000221 0.203232
1002 0.000209 0.203441
1003 0.000188 0.203629
1004 0.000207 0.203836
1005 0.000213 0.204049
1006 0.000201 0.204250
1007 0.000214 0.204464
1008 0.000186 0.204650
1009 0.000272 0.204922
1010 0.000247 0.205169
1011 0.000262 0.205431
1012 0.000275 0.205706
1013 0.000225 0.205931
1014 0.000208 0.206139
1015 0.000257 0.206396
1016 0.000214 0.206610
1017 0.000219 0.206829
1018 0.000197 0.207026
1019 0.000202 0.207228
1020 0.000224 0.207452
1021 0.000207 0.207659
1022 0.000255 0.207914
1023 0.000263 0.208177
1024 0.000242 0.208419
1025 0.000239 0.208658
1026 0.000198 0.208856
1027 0.000199 0.209055
1028 0.000210 0.209265
1029 0.000194 0.209459
1030 0.000201 0.209660
1031 0.000206 0.209866
1032 0.000201 0.210067
1033 0.000211 0.210278
1034 0.000270 0.210548
1035 0.000195 0.210743
1036 0.000198 0.210941
1037 0.000200 0.211141
1038 0.000199 0.211340
1039 0.000205 0.211545
1040 0.000205 0.211750
1041 0.000226 0.211976
1042 0.000196 0.212172
1043 0.000199 0.212371
1044 0.000204 0.212575
1045 0.000201 0.212776
1046 0.000197 0.212973
1047 0.000197 0.213170
1048 0.000254 0.213424
1049 0.000267 0.213691
1050 0.000247 0.213938
1051 0.000256 0.214194
1052 0.000294 0.214488
1053 0.000305 0.214793
1054 0.000265 0.215058
1055 0.000211 0.215269
1056 0.000232 0.215501
1057 0.000231 0.215732
1058 0.000221 0.215953
1059 0.000236 0.216189
1060 0.000250 0.216439
1061 0.000255 0.216694
1062 0.000225 0.216919
1063 0.000279 0.217198
1064 0.000231 0.217429
1065 0.000246 0.217675
1066 0.000256 0.217931
1067 0.000230 0.218161
1068 0.000241 0.218402
1069 0.000246 0.218648
1070 0.000257 0.218905
1071 0.000255 0.219160
1072 0.000295 0.219455
1073 0.000261 0.219716
1074 0.000245 0.219961
1075 0.000228 0.220189
1076 0.000235 0.220424
1077 0.000224 0.220648
1078 0.000224 0.220872
1079 0.000222 0.221094
1080 0.000250 0.221344
1081 0.000233 0.221577
1082 0.000227 0.221804
1083 0.000243 0.222047
1084 0.000227 0.222274
1085 0.000261 0.222535
1086 0.000227 0.222762
1087 0.000228 0.222990
1088 0.000225 0.223215
1089 0.000239 0.223454
1090 0.000234 0.223688
1091 0.000306 0.223994
1092 0.000239 0.224233
1093 0.000225 0.224458
1094 0.000239 0.224697
1095 0.000294 0.224991
1096 0.000246 0.225237
1097 0.000261 0.225498
1098 0.000251 0.225749
1099 0.000302 0.226051
1100 0.000311 0.226362
1101 0.000238 0.226600
1102 0.000232 0.226832
1103 0.000256 0.227088
1104 0.000252 0.227340
1105 0.000226 0.227566
1106 0.000229 0.227795
1107 0.000237 0.228032
1108 0.000229 0.228261
1109 0.000326 0.228587
1110 0.000244 0.228831
1111 0.000257 0.229088
1112 0.000251 0.229339
1113 0.000254 0.229593
1114 0.000261 0.229854
1115 0.000264 0.230118
1116 0.000268 0.230386
1117 0.000267 0.230653
1118 0.000248 0.230901
1119 0.000234 0.231135
1120 0.000232 0.231367
1121 0.000295 0.231662
1122 0.000231 0.231893
1123 0.000234 0.232127
1124 0.000252 0.232379
1125 0.000226 0.232605
1126 0.000226 0.232831
1127 0.000256 0.233087
1128 0.000229 0.233316
1129 0.000226 0.233542
1130 0.000231 0.233773
1131 0.000254 0.234027
1132 0.000230 0.234257
1133 0.000249 0.234506
1134 0.000233 0.234739
1135 0.000375 0.235114
1136 0.000223 0.235337
1137 0.000295 0.235632
1138 0.000249 0.235881
1139 0.000229 0.236110
1140 0.000387 0.236497
1141 0.000227 0.236724
1142 0.000330 0.237054
1143 0.000329 0.237383
1144 0.000217 0.237600
1145 0.000253 0.237853
1146 0.000222 0.238075
1147 0.000262 0.238337
1148 0.000267 0.238604
1149 0.000285 0.238889
1150 0.000294 0.239183
1151 0.000267 0.239450
1152 0.000255 0.239705
1153 0.000303 0.240008
1154 0.000268 0.240276
1155 0.000310 0.240586
1156 0.000260 0.240846
1157 0.000268 0.241114
1158 0.000275 0.241389
1159 0.000306 0.241695
1160 0.000350 0.242045
1161 0.000242 0.242287
1162 0.000234 0.242521
1163 0.000229 0.242750
1164 0.000246 0.242996
1165 0.000229 0.243225
1166 0.000380 0.243605
1167 0.000225 0.243830
1168 0.000269 0.244099
1169 0.000249 0.244348
1170 0.000269 0.244617
1171 0.000261 0.244878
1172 0.000227 0.245105
1173 0.000240 0.245345
1174 0.000237 0.245582
1175 0.000285 0.245867
1176 0.000216 0.246083
1177 0.000264 0.246347
1178 0.000228 0.246575
1179 0.000256 0.246831
1180 0.000229 0.247060
1181 0.000231 0.247291
1182 0.000233 0.247524
1183 0.000271 0.247795
1184 0.000231 0.248026
1185 0.000255 0.248281
1186 0.000223 0.248504
1187 0.000238 0.248742
1188 0.000238 0.248980
1189 0.000241 0.249221
1190 0.000259 0.249480
1191 0.000247 0.249727
1192 0.000282 0.250009
1193 0.000267 0.250276
1194 0.000355 0.250631
1195 0.000262 0.250893
1196 0.000228 0.251121
1197 0.000271 0.251392
1198 0.000247 0.251639
1199 0.000228 0.251867
1200 0.000235 0.252102
1201 0.000238 0.252340
1202 0.000225 0.252565
1203 0.000260 0.252825
1204 0.000219 0.253044
1205 0.000231 0.253275
1206 0.000308 0.253583
1207 0.000225 0.253808
1208 0.000232 0.254040
1209 0.000222 0.254262
1210 0.000262 0.254524
1211 0.000236 0.254760
1212 0.000235 0.254995
1213 0.000240 0.255235
1214 0.000231 0.255466
1215 0.000250 0.255716
1216 0.000232 0.255948
1217 0.000227 0.256175
1218 0.000265 0.256440
1219 0.000306 0.256746
1220 0.000273 0.257019
1221 0.000266 0.257285
1222 0.000243 0.257528
1223 0.000279 0.257807
1224 0.000229 0.258036
1225 0.000251 0.258287
1226 0.000242 0.258529
1227 0.000256 0.258785
1228 0.000237 0.259022
1229 0.000246 0.259268
1230 0.000253 0.259521
1231 0.000237 0.259758
1232 0.000240 0.259998
1233 0.000228 0.260226
1234 0.000229 0.260455
1235 0.000221 0.260676
1236 0.000259 0.260935
1237 0.000228 0.261163
1238 0.000290 0.261453
1239 0.000249 0.261702
1240 0.000254 0.261956
1241 0.000303 0.262259
1242 0.000358 0.262617
1243 0.000305 0.262922
1244 0.000295 0.263217
1245 0.000355 0.263572
1246 0.000298 0.263870
1247 0.000237 0.264107
1248 0.000299 0.264406
1249 0.000257 0.264663
1250 0.000297 0.264960
1251 0.000272 0.265232
1252 0.000337 0.265569
1253 0.000266 0.265835
1254 0.000353 0.266188
1255 0.000325 0.266513
1256 0.000343 0.266856
1257 0.000236 0.267092
1258 0.000232 0.267324
1259 0.000230 0.267554
1260 0.000341 0.267895
1261 0.000256 0.268151
1262 0.000279 0.268430
1263 0.000222 0.268652
1264 0.000220 0.268872
1265 0.000232 0.269104
1266 0.000255 0.269359
1267 0.000237 0.269596
1268 0.000232 0.269828
1269 0.000232 0.270060
1270 0.000230 0.270290
1271 0.000242 0.270532
1272 0.000344 0.270876
1273 0.000224 0.271100
1274 0.000318 0.271418
1275 0.000221 0.271639
1276 0.000231 0.271870
1277 0.000253 0.272123
1278 0.000227 0.272350
1279 0.000237 0.272587
1280 0.000316 0.272903
1281 0.000221 0.273124
1282 0.000237 0.273361
1283 0.000251 0.273612
1284 0.000224 0.273836
1285 0.000279 0.274115
1286 0.000368 0.274483
1287 0.000362 0.274845
1288 0.000352 0.275197
1289 0.000341 0.275538
1290 0.000357 0.275895
1291 0.000213 0.276108
1292 0.000220 0.276328
1293 0.000300 0.276628
1294 0.000217 0.276845
1295 0.000247 0.277092
1296 0.000262 0.277354
1297 0.000316 0.277670
1298 0.000211 0.277881
1299 0.000273 0.278154
1300 0.000260 0.278414
1301 0.000213 0.278627
1302 0.000192 0.278819
1303 0.000235 0.279054
1304 0.000223 0.279277
1305 0.000235 0.279512
1306 0.000203 0.279715
1307 0.000274 0.279989
1308 0.000301 0.280290
1309 0.000251 0.280541
1310 0.000251 0.280792
1311 0.000313 0.281105
1312 0.000267 0.281372
1313 0.000190 0.281562
1314 0.000189 0.281751
1315 0.000212 0.281963
1316 0.000203 0.282166
1317 0.000191 0.282357
1318 0.000232 0.282589
1319 0.000190 0.282779
1320 0.000198 0.282977
1321 0.000188 0.283165
1322 0.000194 0.283359
1323 0.000202 0.283561
1324 0.000224 0.283785
1325 0.000274 0.284059
1326 0.000213 0.284272
1327 0.000233 0.284505
1328 0.000251 0.284756
1329 0.000379 0.285135
1330 0.000209 0.285344
1331 0.000299 0.285643
1332 0.000387 0.286030
1333 0.000333 0.286363
1334 0.000267 0.286630
1335 0.000214 0.286844
1336 0.000241 0.287085
1337 0.000242 0.287327
1338 0.000275 0.287602
1339 0.000324 0.287926
1340 0.000299 0.288225
1341 0.000237 0.288462
1342 0.000241 0.288703
1343 0.000257 0.288960
1344 0.000261 0.289221
1345 0.000263 0.289484
1346 0.000357 0.289841
1347 0.000303 0.290144
1348 0.000265 0.290409
1349 0.000320 0.290729
1350 0.000329 0.291058
1351 0.000247 0.291305
1352 0.000265 0.291570
1353 0.000314 0.291884
1354 0.000241 0.292125
1355 0.000253 0.292378
1356 0.000322 0.292700
1357 0.000328 0.293028
1358 0.000346 0.293374
1359 0.000315 0.293689
1360 0.000372 0.294061
1361 0.000360 0.294421
1362 0.000292 0.294713
1363 0.000308 0.295021
1364 0.000323 0.295344
1365 0.000347 0.295691
1366 0.000351 0.296042
1367 0.000329 0.296371
1368 0.000331 0.296702
1369 0.000352 0.297054
1370 0.000331 0.297385
1371 0.000420 0.297805
1372 0.000514 0.298319
1373 0.000388 0.298707
1374 0.000462 0.299169
1375 0.000493 0.299662
1376 0.000425 0.300087
1377 0.000545 0.300632
1378 0.000301 0.300933
1379 0.000321 0.301254
1380 0.000322 0.301576
1381 0.000342 0.301918
1382 0.000316 0.302234
1383 0.000396 0.302630
1384 0.000428 0.303058
1385 0.000392 0.303450
1386 0.000459 0.303909
1387 0.000446 0.304355
1388 0.000486 0.304841
1389 0.000525 0.305366
1390 0.000399 0.305765
1391 0.000435 0.306200
1392 0.000589 0.306789
1393 0.000396 0.307185
1394 0.000544 0.307729
1395 0.000458 0.308187
1396 0.000492 0.308679
1397 0.000447 0.309126
1398 0.000564 0.309690
1399 0.000477 0.310167
1400 0.000657 0.310824
1401 0.000492 0.311316
1402 0.000490 0.311806
1403 0.000322 0.312128
1404 0.000504 0.312632
1405 0.000512 0.313144
1406 0.000474 0.313618
1407 0.000399 0.314017
1408 0.000404 0.314421
1409 0.000433 0.314854
1410 0.000431 0.315285
1411 0.000396 0.315681
1412 0.000518 0.316199
1413 0.000398 0.316597
1414 0.000463 0.317060
1415 0.000499 0.317559
1416 0.000380 0.317939
1417 0.000382 0.318321
1418 0.000406 0.318727
1419 0.000423 0.319150
1420 0.000445 0.319595
1421 0.000403 0.319998
1422 0.000391 0.320389
1423 0.000457 0.320846
1424 0.000387 0.321233
1425 0.000391 0.321624
1426 0.000480 0.322104
1427 0.000420 0.322524
1428 0.000438 0.322962
1429 0.000457 0.323419
1430 0.000420 0.323839
1431 0.000445 0.324284
1432 0.000462 0.324746
1433 0.000489 0.325235
1434 0.000476 0.325711
1435 0.000476 0.326187
1436 0.000380 0.326567
1437 0.000466 0.327033
1438 0.000454 0.327487
1439 0.000351 0.327838
1440 0.000401 0.328239
1441 0.000457 0.328696
1442 0.000424 0.329120
1443 0.000405 0.329525
1444 0.000440 0.329965
1445 0.000367 0.330332
1446 0.000403 0.330735
1447 0.000349 0.331084
1448 0.000374 0.331458
1449 0.000431 0.331889
1450 0.000340 0.332229
1451 0.000390 0.332619
1452 0.000386 0.333005
1453 0.000411 0.333416
1454 0.000354 0.333770
1455 0.000222 0.333992
1456 0.000320 0.334312
1457 0.000398 0.334710
1458 0.000377 0.335087
1459 0.000413 0.335500
1460 0.000403 0.335903
1461 0.000347 0.336250
1462 0.000302 0.336552
1463 0.000322 0.336874
1464 0.000303 0.337177
1465 0.000450 0.337627
1466 0.000435 0.338062
1467 0.000353 0.338415
1468 0.000405 0.338820
1469 0.000397 0.339217
1470 0.000344 0.339561
1471 0.000381 0.339942
1472 0.000338 0.340280
1473 0.000323 0.340603
1474 0.000348 0.340951
1475 0.000346 0.341297
1476 0.000342 0.341639
1477 0.000339 0.341978
1478 0.000420 0.342398
1479 0.000408 0.342806
1480 0.000315 0.343121
1481 0.000395 0.343516
1482 0.000407 0.343923
1483 0.000348 0.344271
1484 0.000349 0.344620
1485 0.000394 0.345014
1486 0.000359 0.345373
1487 0.000371 0.345744
1488 0.000371 0.346115
1489 0.000385 0.346500
1490 0.000337 0.346837
1491 0.000347 0.347184
1492 0.000340 0.347524
1493 0.000491 0.348015
1494 0.000476 0.348491
1495 0.000405 0.348896
1496 0.000557 0.349453
1497 0.000347 0.349800
1498 0.000445 0.350245
1499 0.000474 0.350719
1500 0.000358 0.351077
1501 0.000354 0.351431
1502 0.000347 0.351778
1503 0.000331 0.352109
1504 0.000376 0.352485
1505 0.000387 0.352872
1506 0.000440 0.353312
1507 0.000354 0.353666
1508 0.000332 0.353998
1509 0.000390 0.354388
1510 0.000350 0.354738
1511 0.000371 0.355109
1512 0.000341 0.355450
1513 0.000396 0.355846
1514 0.000361 0.356207
1515 0.000395 0.356602
1516 0.000374 0.356976
1517 0.000324 0.357300
1518 0.000335 0.357635
1519 0.000380 0.358015
1520 0.000448 0.358463
1521 0.000422 0.358885
1522 0.000466 0.359351
1523 0.000369 0.359720
1524 0.000419 0.360139
1525 0.000397 0.360536
1526 0.000362 0.360898
1527 0.000459 0.361357
1528 0.000423 0.361780
1529 0.000358 0.362138
1530 0.000340 0.362478
1531 0.000414 0.362892
1532 0.000287 0.363179
1533 0.000380 0.363559
1534 0.000354 0.363913
1535 0.000349 0.364262
1536 0.000326 0.364588
1537 0.000317 0.364905
1538 0.000331 0.365236
1539 0.000332 0.365568
1540 0.000325 0.365893
1541 0.000362 0.366255
1542 0.000409 0.366664
1543 0.000350 0.367014
1544 0.000372 0.367386
1545 0.000378 0.367764
1546 0.000348 0.368112
1547 0.000347 0.368459
1548 0.000445 0.368904
1549 0.000419 0.369323
1550 0.000298 0.369621
1551 0.000453 0.370074
1552 0.000480 0.370554
1553 0.000448 0.371002
1554 0.000307 0.371309
1555 0.000413 0.371722
1556 0.000355 0.372077
1557 0.000393 0.372470
1558 0.000402 0.372872
1559 0.000377 0.373249
1560 0.000384 0.373633
1561 0.000443 0.374076
1562 0.000335 0.374411
1563 0.000343 0.374754
1564 0.000351 0.375105
1565 0.000489 0.375594
1566 0.000383 0.375977
1567 0.000390 0.376367
1568 0.000389 0.376756
1569 0.000413 0.377169
1570 0.000393 0.377562
1571 0.000422 0.377984
1572 0.000305 0.378289
1573 0.000336 0.378625
1574 0.000361 0.378986
1575 0.000300 0.379286
1576 0.000403 0.379689
1577 0.000307 0.379996
1578 0.000285 0.380281
1579 0.000358 0.380639
1580 0.000328 0.380967
1581 0.000300 0.381267
1582 0.000325 0.381592
1583 0.000356 0.381948
1584 0.000313 0.382261
1585 0.000338 0.382599
1586 0.000311 0.382910
1587 0.000303 0.383213
1588 0.000349 0.383562
1589 0.000326 0.383888
1590 0.000384 0.384272
1591 0.000381 0.384653
1592 0.000421 0.385074
1593 0.000367 0.385441
1594 0.000447 0.385888
1595 0.000430 0.386318
1596 0.000408 0.386726
1597 0.000406 0.387132
1598 0.000318 0.387450
1599 0.000386 0.387836
1600 0.000361 0.388197
1601 0.000275 0.388472
1602 0.000354 0.388826
1603 0.000247 0.389073
1604 0.000287 0.389360
1605 0.000334 0.389694
1606 0.000340 0.390034
1607 0.000350 0.390384
1608 0.000332 0.390716
1609 0.000396 0.391112
1610 0.000389 0.391501
1611 0.000469 0.391970
1612 0.000496 0.392466
1613 0.000385 0.392851
1614 0.000344 0.393195
1615 0.000317 0.393512
1616 0.000318 0.393830
1617 0.000357 0.394187
1618 0.000453 0.394640
1619 0.000386 0.395026
1620 0.000388 0.395414
1621 0.000404 0.395818
1622 0.000371 0.396189
1623 0.000398 0.396587
1624 0.000346 0.396933
1625 0.000347 0.397280
1626 0.000363 0.397643
1627 0.000406 0.398049
1628 0.000363 0.398412
1629 0.000385 0.398797
1630 0.000350 0.399147
1631 0.000499 0.399646
1632 0.000386 0.400032
1633 0.000397 0.400429
1634 0.000463 0.400892
1635 0.000392 0.401284
1636 0.000445 0.401729
1637 0.000497 0.402226
1638 0.000570 0.402796
1639 0.000446 0.403242
1640 0.000424 0.403666
1641 0.000350 0.404016
1642 0.000357 0.404373
1643 0.000349 0.404722
1644 0.000374 0.405096
1645 0.000396 0.405492
1646 0.000387 0.405879
1647 0.000307 0.406186
1648 0.000353 0.406539
1649 0.000297 0.406836
1650 0.000409 0.407245
1651 0.000301 0.407546
1652 0.000361 0.407907
1653 0.000359 0.408266
1654 0.000395 0.408661
1655 0.000438 0.409099
1656 0.000386 0.409485
1657 0.000425 0.409910
1658 0.000400 0.410310
1659 0.000395 0.410705
1660 0.000364 0.411069
1661 0.000373 0.411442
1662 0.000348 0.411790
1663 0.000442 0.412232
1664 0.000355 0.412587
1665 0.000402 0.412989
1666 0.000390 0.413379
1667 0.000439 0.413818
1668 0.000196 0.414014
1669 0.000372 0.414386
1670 0.000374 0.414760
1671 0.000410 0.415170
1672 0.000350 0.415520
1673 0.000380 0.415900
1674 0.000375 0.416275
1675 0.000349 0.416624
1676 0.000350 0.416974
1677 0.000254 0.417228
1678 0.000352 0.417580
1679 0.000354 0.417934
1680 0.000292 0.418226
1681 0.000313 0.418539
1682 0.000320 0.418859
1683 0.000301 0.419160
1684 0.000337 0.419497
1685 0.000347 0.419844
1686 0.000361 0.420205
1687 0.000341 0.420546
1688 0.000286 0.420832
1689 0.000346 0.421178
1690 0.000350 0.421528
1691 0.000336 0.421864
1692 0.000347 0.422211
1693 0.000389 0.422600
1694 0.000446 0.423046
1695 0.000359 0.423405
1696 0.000379 0.423784
1697 0.000393 0.424177
1698 0.000421 0.424598
1699 0.000325 0.424923
1700 0.000380 0.425303
1701 0.000301 0.425604
1702 0.000362 0.425966
1703 0.000346 0.426312
1704 0.000385 0.426697
1705 0.000337 0.427034
1706 0.000302 0.427336
1707 0.000397 0.427733
1708 0.000346 0.428079
1709 0.000350 0.428429
1710 0.000305 0.428734
1711 0.000360 0.429094
1712 0.000427 0.429521
1713 0.000387 0.429908
1714 0.000309 0.430217
1715 0.000312 0.430529
1716 0.000497 0.431026
1717 0.000364 0.431390
1718 0.000436 0.431826
1719 0.000389 0.432215
1720 0.000418 0.432633
1721 0.000425 0.433058
1722 0.000426 0.433484
1723 0.000407 0.433891
1724 0.000397 0.434288
1725 0.000404 0.434692
1726 0.000323 0.435015
1727 0.000373 0.435388
1728 0.000370 0.435758
1729 0.000427 0.436185
1730 0.000361 0.436546
1731 0.000499 0.437045
1732 0.000442 0.437487
1733 0.000391 0.437878
1734 0.000341 0.438219
1735 0.000439 0.438658
1736 0.000488 0.439146
1737 0.000413 0.439559
1738 0.000419 0.439978
1739 0.000397 0.440375
1740 0.000421 0.440796
1741 0.000381 0.441177
1742 0.000383 0.441560
1743 0.000361 0.441921
1744 0.000362 0.442283
1745 0.000220 0.442503
1746 0.000373 0.442876
1747 0.000351 0.443227
1748 0.000361 0.443588
1749 0.000387 0.443975
1750 0.000405 0.444380
1751 0.000361 0.444741
1752 0.000368 0.445109
1753 0.000395 0.445504
1754 0.000321 0.445825
1755 0.000376 0.446201
1756 0.000478 0.446679
1757 0.000188 0.446867
1758 0.000305 0.447172
1759 0.000289 0.447461
1760 0.000284 0.447745
1761 0.000450 0.448195
1762 0.000434 0.448629
1763 0.000429 0.449058
1764 0.000400 0.449458
1765 0.000472 0.449930
1766 0.000378 0.450308
1767 0.000434 0.450742
1768 0.000565 0.451307
1769 0.000453 0.451760
1770 0.000505 0.452265
1771 0.000347 0.452612
1772 0.000372 0.452984
1773 0.000434 0.453418
1774 0.000373 0.453791
1775 0.000383 0.454174
1776 0.000389 0.454563
1777 0.000400 0.454963
1778 0.000398 0.455361
1779 0.000365 0.455726
1780 0.000290 0.456016
1781 0.000368 0.456384
1782 0.000307 0.456691
1783 0.000335 0.457026
1784 0.000296 0.457322
1785 0.000297 0.457619
1786 0.000292 0.457911
1787 0.000397 0.458308
1788 0.000436 0.458744
1789 0.000452 0.459196
1790 0.000298 0.459494
1791 0.000351 0.459845
1792 0.000382 0.460227
1793 0.000300 0.460527
1794 0.000395 0.460922
1795 0.000428 0.461350
1796 0.000297 0.461647
1797 0.000312 0.461959
1798 0.000324 0.462283
1799 0.000352 0.462635
1800 0.000351 0.462986
1801 0.000363 0.463349
1802 0.000415 0.463764
1803 0.000381 0.464145
1804 0.000322 0.464467
1805 0.000294 0.464761
1806 0.000272 0.465033
1807 0.000315 0.465348
1808 0.000305 0.465653
1809 0.000315 0.465968
1810 0.000337 0.466305
1811 0.000338 0.466643
1812 0.000361 0.467004
1813 0.000337 0.467341
1814 0.000315 0.467656
1815 0.000327 0.467983
1816 0.000389 0.468372
1817 0.000327 0.468699
1818 0.000383 0.469082
1819 0.000325 0.469407
1820 0.000379 0.469786
1821 0.000497 0.470283
1822 0.000337 0.470620
1823 0.000388 0.471008
1824 0.000334 0.471342
1825 0.000438 0.471780
1826 0.000298 0.472078
1827 0.000318 0.472396
1828 0.000370 0.472766
1829 0.000374 0.473140
1830 0.000323 0.473463
1831 0.000322 0.473785
1832 0.000374 0.474159
1833 0.000329 0.474488
1834 0.000320 0.474808
1835 0.000323 0.475131
1836 0.000367 0.475498
1837 0.000311 0.475809
1838 0.000345 0.476154
1839 0.000338 0.476492
1840 0.000289 0.476781
1841 0.000298 0.477079
1842 0.000287 0.477366
1843 0.000302 0.477668
1844 0.000287 0.477955
1845 0.000272 0.478227
1846 0.000375 0.478602
1847 0.000376 0.478978
1848 0.000428 0.479406
1849 0.000481 0.479887
1850 0.000397 0.480284
1851 0.000423 0.480707
1852 0.000321 0.481028
1853 0.000443 0.481471
1854 0.000443 0.481914
1855 0.000340 0.482254
1856 0.000327 0.482581
1857 0.000372 0.482953
1858 0.000316 0.483269
1859 0.000331 0.483600
1860 0.000363 0.483963
1861 0.000372 0.484335
1862 0.000227 0.484562
1863 0.000288 0.484850
1864 0.000320 0.485170
1865 0.000313 0.485483
1866 0.000305 0.485788
1867 0.000285 0.486073
1868 0.000318 0.486391
1869 0.000360 0.486751
1870 0.000360 0.487111
1871 0.000376 0.487487
1872 0.000369 0.487856
1873 0.000390 0.488246
1874 0.000405 0.488651
1875 0.000363 0.489014
1876 0.000424 0.489438
1877 0.000381 0.489819
1878 0.000408 0.490227
1879 0.000390 0.490617
1880 0.000490 0.491107
1881 0.000479 0.491586
1882 0.000459 0.492045
1883 0.000443 0.492488
1884 0.000436 0.492924
1885 0.000454 0.493378
1886 0.000573 0.493951
1887 0.000495 0.494446
1888 0.000629 0.495075
1889 0.000506 0.495581
1890 0.000486 0.496067
1891 0.000466 0.496533
1892 0.000638 0.497171
1893 0.000500 0.497671
1894 0.000588 0.498259
1895 0.000556 0.498815
1896 0.000457 0.499272
1897 0.000595 0.499867
1898 0.000645 0.500512
1899 0.000564 0.501076
1900 0.000516 0.501592
1901 0.000627 0.502219
1902 0.000673 0.502892
1903 0.000739 0.503631
1904 0.000331 0.503962
1905 0.000563 0.504525
1906 0.000637 0.505162
1907 0.000518 0.505680
1908 0.000448 0.506128
1909 0.000515 0.506643
1910 0.000557 0.507200
1911 0.000627 0.507827
1912 0.000470 0.508297
1913 0.000544 0.508841
1914 0.000560 0.509401
1915 0.000544 0.509945
1916 0.000643 0.510588
1917 0.000467 0.511055
1918 0.000598 0.511653
1919 0.000568 0.512221
1920 0.000363 0.512584
1921 0.000547 0.513131
1922 0.000490 0.513621
1923 0.000533 0.514154
1924 0.000466 0.514620
1925 0.000543 0.515163
1926 0.000532 0.515695
1927 0.000532 0.516227
1928 0.000461 0.516688
1929 0.000448 0.517136
1930 0.000471 0.517607
1931 0.000744 0.518351
1932 0.000402 0.518753
1933 0.000356 0.519109
1934 0.000519 0.519628
1935 0.000338 0.519966
1936 0.000467 0.520433
1937 0.000411 0.520844
1938 0.000541 0.521385
1939 0.000439 0.521824
1940 0.000575 0.522399
1941 0.000367 0.522766
1942 0.000464 0.523230
1943 0.000457 0.523687
1944 0.000435 0.524122
1945 0.000397 0.524519
1946 0.000427 0.524946
1947 0.000456 0.525402
1948 0.000462 0.525864
1949 0.000473 0.526337
1950 0.000462 0.526799
1951 0.000433 0.527232
1952 0.000477 0.527709
1953 0.000464 0.528173
1954 0.000473 0.528646
1955 0.000457 0.529103
1956 0.000457 0.529560
1957 0.000477 0.530037
1958 0.000629 0.530666
1959 0.000442 0.531108
1960 0.000439 0.531547
1961 0.000454 0.532001
1962 0.000511 0.532512
1963 0.000546 0.533058
1964 0.000589 0.533647
1965 0.000477 0.534124
1966 0.000544 0.534668
1967 0.000717 0.535385
1968 0.000387 0.535772
1969 0.000518 0.536290
1970 0.000496 0.536786
1971 0.000496 0.537282
1972 0.000495 0.537777
1973 0.000484 0.538261
1974 0.000525 0.538786
1975 0.000525 0.539311
1976 0.000498 0.539809
1977 0.000518 0.540327
1978 0.000506 0.540833
1979 0.000626 0.541459
1980 0.000601 0.542060
1981 0.000561 0.542621
1982 0.000519 0.543140
1983 0.000529 0.543669
1984 0.000491 0.544160
1985 0.000506 0.544666
1986 0.000529 0.545195
1987 0.000549 0.545744
1988 0.000562 0.546306
1989 0.000552 0.546858
1990 0.000532 0.547390
1991 0.000554 0.547944
1992 0.000535 0.548479
1993 0.000566 0.549045
1994 0.000572 0.549617
1995 0.000556 0.550173
1996 0.000582 0.550755
1997 0.000533 0.551288
1998 0.000491 0.551779
1999 0.000554 0.552333
2000 0.000597 0.552930
2001 0.000595 0.553525
2002 0.000677 0.554202
2003 0.000749 0.554951
2004 0.000844 0.555795
2005 0.000621 0.556416
2006 0.000577 0.556993
2007 0.000636 0.557629
2008 0.000872 0.558501
2009 0.000576 0.559077
2010 0.000697 0.559774
2011 0.000769 0.560543
2012 0.000524 0.561067
2013 0.000622 0.561689
2014 0.000669 0.562358
2015 0.000606 0.562964
2016 0.000571 0.563535
2017 0.000583 0.564118
2018 0.000622 0.564740
2019 0.000607 0.565347
2020 0.000594 0.565941
2021 0.000723 0.566664
2022 0.000644 0.567308
2023 0.000637 0.567945
2024 0.000691 0.568636
2025 0.000662 0.569298
2026 0.000205 0.569503
2027 0.000650 0.570153
2028 0.000731 0.570884
2029 0.000729 0.571613
2030 0.000597 0.572210
2031 0.000675 0.572885
2032 0.000638 0.573523
2033 0.000648 0.574171
2034 0.000602 0.574773
2035 0.000571 0.575344
2036 0.000646 0.575990
2037 0.000633 0.576623
2038 0.000576 0.577199
2039 0.000532 0.577731
2040 0.000635 0.578366
2041 0.000652 0.579018
2042 0.000496 0.579514
2043 0.000645 0.580159
2044 0.000606 0.580765
2045 0.000586 0.581351
2046 0.000589 0.581940
2047 0.000583 0.582523
2048 0.000621 0.583144
2049 0.000591 0.583735
2050 0.000506 0.584241
2051 0.000542 0.584783
2052 0.000538 0.585321
2053 0.000544 0.585865
2054 0.000599 0.586464
2055 0.000624 0.587088
2056 0.000565 0.587653
2057 0.000659 0.588312
2058 0.000682 0.588994
2059 0.000594 0.589588
2060 0.000575 0.590163
2061 0.000562 0.590725
2062 0.000586 0.591311
2063 0.000533 0.591844
2064 0.000680 0.592524
2065 0.000545 0.593069
2066 0.000584 0.593653
2067 0.000616 0.594269
2068 0.000636 0.594905
2069 0.000659 0.595564
2070 0.000653 0.596217
2071 0.000608 0.596825
2072 0.000190 0.597015
2073 0.000499 0.597514
2074 0.000503 0.598017
2075 0.000521 0.598538
2076 0.000531 0.599069
2077 0.000533 0.599602
2078 0.000542 0.600144
2079 0.000640 0.600784
2080 0.000571 0.601355
2081 0.000618 0.601973
2082 0.000560 0.602533
2083 0.000572 0.603105
2084 0.000542 0.603647
2085 0.000546 0.604193
2086 0.000618 0.604811
2087 0.000637 0.605448
2088 0.000555 0.606003
2089 0.000487 0.606490
2090 0.000536 0.607026
2091 0.000576 0.607602
2092 0.000466 0.608068
2093 0.000462 0.608530
2094 0.000672 0.609202
2095 0.000542 0.609744
2096 0.000454 0.610198
2097 0.000517 0.610715
2098 0.000504 0.611219
2099 0.000500 0.611719
2100 0.000579 0.612298
2101 0.000509 0.612807
2102 0.000514 0.613321
2103 0.000653 0.613974
2104 0.000507 0.614481
2105 0.000316 0.614797
2106 0.000519 0.615316
2107 0.000556 0.615872
2108 0.000603 0.616475
2109 0.000617 0.617092
2110 0.000675 0.617767
2111 0.000581 0.618348
2112 0.000586 0.618934
2113 0.000605 0.619539
2114 0.000552 0.620091
2115 0.000584 0.620675
2116 0.000512 0.621187
2117 0.000326 0.621513
2118 0.000542 0.622055
2119 0.000628 0.622683
2120 0.000613 0.623296
2121 0.000668 0.623964
2122 0.000579 0.624543
2123 0.000267 0.624810
2124 0.000620 0.625430
2125 0.000453 0.625883
2126 0.000601 0.626484
2127 0.000828 0.627312
2128 0.000621 0.627933
2129 0.000622 0.628555
2130 0.000576 0.629131
2131 0.000641 0.629772
2132 0.000509 0.630281
2133 0.000564 0.630845
2134 0.000658 0.631503
2135 0.000569 0.632072
2136 0.000695 0.632767
2137 0.000697 0.633464
2138 0.000880 0.634344
2139 0.000694 0.635038
2140 0.000607 0.635645
2141 0.000789 0.636434
2142 0.000637 0.637071
2143 0.001012 0.638083
2144 0.000797 0.638880
2145 0.000544 0.639424
2146 0.000635 0.640059
2147 0.000684 0.640743
2148 0.000581 0.641324
2149 0.000653 0.641977
2150 0.000651 0.642628
2151 0.000645 0.643273
2152 0.000674 0.643947
2153 0.000825 0.644772
2154 0.000747 0.645519
2155 0.000649 0.646168
2156 0.000701 0.646869
2157 0.000779 0.647648
2158 0.000691 0.648339
2159 0.000722 0.649061
2160 0.000849 0.649910
2161 0.000729 0.650639
2162 0.000771 0.651410
2163 0.000856 0.652266
2164 0.000287 0.652553
2165 0.000801 0.653354
2166 0.000696 0.654050
2167 0.000816 0.654866
2168 0.000683 0.655549
2169 0.000475 0.656024
2170 0.000809 0.656833
2171 0.000704 0.657537
2172 0.000660 0.658197
2173 0.000734 0.658931
2174 0.000726 0.659657
2175 0.000698 0.660355
2176 0.000539 0.660894
2177 0.000464 0.661358
2178 0.000599 0.661957
2179 0.000669 0.662626
2180 0.000219 0.662845
2181 0.000504 0.663349
2182 0.000539 0.663888
2183 0.000522 0.664410
2184 0.000456 0.664866
2185 0.000433 0.665299
2186 0.000442 0.665741
2187 0.000500 0.666241
2188 0.000571 0.666812
2189 0.000568 0.667380
2190 0.000490 0.667870
2191 0.000653 0.668523
2192 0.000805 0.669328
2193 0.000792 0.670120
2194 0.000851 0.670971
2195 0.000450 0.671421
2196 0.000767 0.672188
2197 0.000982 0.673170
2198 0.000526 0.673696
2199 0.001071 0.674767
2200 0.000568 0.675335
2201 0.000592 0.675927
2202 0.000848 0.676775
2203 0.000653 0.677428
2204 0.000735 0.678163
2205 0.000768 0.678931
2206 0.000783 0.679714
2207 0.000796 0.680510
2208 0.000846 0.681356
2209 0.000854 0.682210
2210 0.000571 0.682781
2211 0.000837 0.683618
2212 0.001017 0.684635
2213 0.000783 0.685418
2214 0.000875 0.686293
2215 0.000780 0.687073
2216 0.000815 0.687888
2217 0.000766 0.688654
2218 0.000832 0.689486
2219 0.000759 0.690245
2220 0.000836 0.691081
2221 0.000779 0.691860
2222 0.000789 0.692649
2223 0.000759 0.693408
2224 0.000748 0.694156
2225 0.000800 0.694956
2226 0.000782 0.695738
2227 0.000835 0.696573
2228 0.000900 0.697473
2229 0.000950 0.698423
2230 0.000949 0.699372
2231 0.001008 0.700380
2232 0.000963 0.701343
2233 0.000881 0.702224
2234 0.000899 0.703123
2235 0.000837 0.703960
2236 0.000818 0.704778
2237 0.000842 0.705620
2238 0.000921 0.706541
2239 0.000938 0.707479
2240 0.000877 0.708356
2241 0.000893 0.709249
2242 0.000926 0.710175
2243 0.001040 0.711215
2244 0.001130 0.712345
2245 0.001106 0.713451
2246 0.000919 0.714370
2247 0.000819 0.715189
2248 0.000949 0.716138
2249 0.000868 0.717006
2250 0.000887 0.717893
2251 0.000910 0.718803
2252 0.000910 0.719713
2253 0.000947 0.720660
2254 0.000192 0.720852
2255 0.000349 0.721201
2256 0.000936 0.722137
2257 0.000698 0.722835
2258 0.000986 0.723821
2259 0.000942 0.724763
2260 0.000941 0.725704
2261 0.000834 0.726538
2262 0.000836 0.727374
2263 0.000921 0.728295
2264 0.000895 0.729190
2265 0.000862 0.730052
2266 0.000846 0.730898
2267 0.000789 0.731687
2268 0.000797 0.732484
2269 0.000782 0.733266
2270 0.000847 0.734113
2271 0.000876 0.734989
2272 0.000858 0.735847
2273 0.000923 0.736770
2274 0.000256 0.737026
2275 0.000635 0.737661
2276 0.000305 0.737966
2277 0.000704 0.738670
2278 0.000587 0.739257
2279 0.000647 0.739904
2280 0.000656 0.740560
2281 0.000700 0.741260
2282 0.000711 0.741971
2283 0.000729 0.742700
2284 0.000725 0.743425
2285 0.000671 0.744096
2286 0.000736 0.744832
2287 0.000627 0.745459
2288 0.000652 0.746111
2289 0.000717 0.746828
2290 0.000644 0.747472
2291 0.000684 0.748156
2292 0.000611 0.748767
2293 0.000698 0.749465
2294 0.000592 0.750057
2295 0.000716 0.750773
2296 0.000681 0.751454
2297 0.000682 0.752136
2298 0.000646 0.752782
2299 0.000719 0.753501
2300 0.000828 0.754329
2301 0.000769 0.755098
2302 0.000775 0.755873
2303 0.000770 0.756643
2304 0.000993 0.757636
2305 0.000568 0.758204
2306 0.000938 0.759142
2307 0.000937 0.760079
2308 0.000623 0.760702
2309 0.000778 0.761480
2310 0.000742 0.762222
2311 0.000823 0.763045
2312 0.000862 0.763907
2313 0.000840 0.764747
2314 0.000767 0.765514
2315 0.000797 0.766311
2316 0.000767 0.767078
2317 0.000756 0.767834
2318 0.000829 0.768663
2319 0.000726 0.769389
2320 0.000770 0.770159
2321 0.000821 0.770980
2322 0.000799 0.771779
2323 0.000811 0.772590
2324 0.000793 0.773383
2325 0.000859 0.774242
2326 0.000861 0.775103
2327 0.000853 0.775956
2328 0.000931 0.776887
2329 0.000886 0.777773
2330 0.000732 0.778505
2331 0.000839 0.779344
2332 0.000829 0.780173
2333 0.000867 0.781040
2334 0.000755 0.781795
2335 0.000811 0.782606
2336 0.000768 0.783374
2337 0.000815 0.784189
2338 0.000861 0.785050
2339 0.000839 0.785889
2340 0.001137 0.787026
2341 0.000845 0.787871
2342 0.000336 0.788207
2343 0.000911 0.789118
2344 0.000903 0.790021
2345 0.000903 0.790924
2346 0.000892 0.791816
2347 0.000785 0.792601
2348 0.000923 0.793524
2349 0.000962 0.794486
2350 0.000853 0.795339
2351 0.001156 0.796495
2352 0.000819 0.797314
2353 0.000941 0.798255
2354 0.000981 0.799236
2355 0.001022 0.800258
2356 0.001133 0.801391
2357 0.001042 0.802433
2358 0.000489 0.802922
2359 0.001030 0.803952
2360 0.000943 0.804895
2361 0.001053 0.805948
2362 0.000915 0.806863
2363 0.000947 0.807810
2364 0.000947 0.808757
2365 0.000730 0.809487
2366 0.001005 0.810492
2367 0.001077 0.811569
2368 0.000887 0.812456
2369 0.000973 0.813429
2370 0.000947 0.814376
2371 0.000895 0.815271
2372 0.000921 0.816192
2373 0.000869 0.817061
2374 0.000911 0.817972
2375 0.000868 0.818840
2376 0.000833 0.819673
2377 0.000964 0.820637
2378 0.000942 0.821579
2379 0.000941 0.822520
2380 0.001002 0.823522
2381 0.000946 0.824468
2382 0.000992 0.825460
2383 0.000951 0.826411
2384 0.000815 0.827226
2385 0.001079 0.828305
2386 0.000939 0.829244
2387 0.000866 0.830110
2388 0.001000 0.831110
2389 0.000930 0.832040
2390 0.000893 0.832933
2391 0.001043 0.833976
2392 0.000922 0.834898
2393 0.000988 0.835886
2394 0.000965 0.836851
2395 0.000817 0.837668
2396 0.000865 0.838533
2397 0.000927 0.839460
2398 0.000665 0.840125
2399 0.000798 0.840923
2400 0.000857 0.841780
2401 0.001039 0.842819
2402 0.001007 0.843826
2403 0.000866 0.844692
2404 0.001051 0.845743
2405 0.000947 0.846690
2406 0.001193 0.847883
2407 0.001022 0.848905
2408 0.000640 0.849545
2409 0.000260 0.849805
2410 0.000845 0.850650
2411 0.000835 0.851485
2412 0.000571 0.852056
2413 0.000674 0.852730
2414 0.000847 0.853577
2415 0.000727 0.854304
2416 0.000674 0.854978
2417 0.000741 0.855719
2418 0.000670 0.856389
2419 0.000852 0.857241
2420 0.000733 0.857974
2421 0.000871 0.858845
2422 0.000915 0.859760
2423 0.000742 0.860502
2424 0.000869 0.861371
2425 0.000873 0.862244
2426 0.000810 0.863054
2427 0.000820 0.863874
2428 0.000728 0.864602
2429 0.000725 0.865327
2430 0.000803 0.866130
2431 0.000737 0.866867
2432 0.000266 0.867133
2433 0.000637 0.867770
2434 0.000628 0.868398
2435 0.000749 0.869147
2436 0.000637 0.869784
2437 0.000590 0.870374
2438 0.000593 0.870967
2439 0.000553 0.871520
2440 0.000606 0.872126
2441 0.000597 0.872723
2442 0.000664 0.873387
2443 0.000643 0.874030
2444 0.000758 0.874788
2445 0.000717 0.875505
2446 0.000686 0.876191
2447 0.000650 0.876841
2448 0.000665 0.877506
2449 0.000717 0.878223
2450 0.000652 0.878875
2451 0.000691 0.879566
2452 0.000846 0.880412
2453 0.000731 0.881143
2454 0.000836 0.881979
2455 0.000787 0.882766
2456 0.000716 0.883482
2457 0.000729 0.884211
2458 0.000809 0.885020
2459 0.000692 0.885712
2460 0.000705 0.886417
2461 0.000803 0.887220
2462 0.000650 0.887870
2463 0.000711 0.888581
2464 0.000654 0.889235
2465 0.000728 0.889963
2466 0.000740 0.890703
2467 0.000746 0.891449
2468 0.001044 0.892493
2469 0.000748 0.893241
2470 0.001050 0.894291
2471 0.000763 0.895054
2472 0.000751 0.895805
2473 0.000770 0.896575
2474 0.000607 0.897182
2475 0.000644 0.897826
2476 0.000667 0.898493
2477 0.000702 0.899195
2478 0.000588 0.899783
2479 0.000802 0.900585
2480 0.000670 0.901255
2481 0.000684 0.901939
2482 0.000740 0.902679
2483 0.000724 0.903403
2484 0.000773 0.904176
2485 0.000765 0.904941
2486 0.000759 0.905700
2487 0.000790 0.906490
2488 0.000666 0.907156
2489 0.000832 0.907988
2490 0.000870 0.908858
2491 0.000724 0.909582
2492 0.000872 0.910454
2493 0.000271 0.910725
2494 0.000579 0.911304
2495 0.000684 0.911988
2496 0.000693 0.912681
2497 0.000553 0.913234
2498 0.000646 0.913880
2499 0.000653 0.914533
2500 0.000667 0.915200
2501 0.000651 0.915851
2502 0.000644 0.916495
2503 0.000625 0.917120
2504 0.000289 0.917409
2505 0.000614 0.918023
2506 0.000648 0.918671
2507 0.000605 0.919276
2508 0.000595 0.919871
2509 0.000602 0.920473
2510 0.000643 0.921116
2511 0.000464 0.921580
2512 0.000660 0.922240
2513 0.000597 0.922837
2514 0.000608 0.923445
2515 0.000578 0.924023
2516 0.000799 0.924822
2517 0.000560 0.925382
2518 0.000583 0.925965
2519 0.000598 0.926563
2520 0.000754 0.927317
2521 0.000618 0.927935
2522 0.000700 0.928635
2523 0.000604 0.929239
2524 0.000635 0.929874
2525 0.000676 0.930550
2526 0.000622 0.931172
2527 0.000643 0.931815
2528 0.000692 0.932507
2529 0.000791 0.933298
2530 0.000748 0.934046
2531 0.000819 0.934865
2532 0.000868 0.935733
2533 0.000655 0.936388
2534 0.000542 0.936930
2535 0.000636 0.937566
2536 0.000735 0.938301
2537 0.000706 0.939007
2538 0.000528 0.939535
2539 0.000625 0.940160
2540 0.000457 0.940617
2541 0.000557 0.941174
2542 0.000550 0.941724
2543 0.000562 0.942286
2544 0.000546 0.942832
2545 0.000526 0.943358
2546 0.000519 0.943877
2547 0.000210 0.944087
2548 0.000409 0.944496
2549 0.000393 0.944889
2550 0.000457 0.945346
2551 0.000419 0.945765
2552 0.000431 0.946196
2553 0.000436 0.946632
2554 0.000421 0.947053
2555 0.000525 0.947578
2556 0.000394 0.947972
2557 0.000438 0.948410
2558 0.000508 0.948918
2559 0.000445 0.949363
2560 0.000522 0.949885
2561 0.000536 0.950421
2562 0.000599 0.951020
2563 0.000393 0.951413
2564 0.000675 0.952088
2565 0.000480 0.952568
2566 0.000518 0.953086
2567 0.000535 0.953621
2568 0.000666 0.954287
2569 0.000615 0.954902
2570 0.000544 0.955446
2571 0.000544 0.955990
2572 0.000554 0.956544
2573 0.000610 0.957154
2574 0.000518 0.957672
2575 0.000534 0.958206
2576 0.000579 0.958785
2577 0.000550 0.959335
2578 0.000594 0.959929
2579 0.000583 0.960512
2580 0.000885 0.961397
2581 0.000627 0.962024
2582 0.000719 0.962743
2583 0.000828 0.963571
2584 0.000809 0.964380
2585 0.000956 0.965336
2586 0.000562 0.965898
2587 0.000687 0.966585
2588 0.000543 0.967128
2589 0.001008 0.968136
2590 0.000604 0.968740
2591 0.000844 0.969584
2592 0.000943 0.970527
2593 0.000855 0.971382
2594 0.000541 0.971923
2595 0.000815 0.972738
2596 0.000917 0.973655
2597 0.000862 0.974517
2598 0.000838 0.975355
2599 0.000865 0.976220
2600 0.000791 0.977011
2601 0.000938 0.977949
2602 0.001002 0.978951
2603 0.000850 0.979801
2604 0.000835 0.980636
2605 0.000904 0.981540
2606 0.001131 0.982671
2607 0.000952 0.983623
2608 0.001165 0.984788
2609 0.000859 0.985647
2610 0.001196 0.986843
2611 0.000995 0.987838
2612 0.001020 0.988858
2613 0.001142 0.990000
2614 0.000900 0.990900
2615 0.000538 0.991438
2616 0.000797 0.992235
2617 0.000934 0.993169
2618 0.000972 0.994141
2619 0.000567 0.994708
2620 0.000803 0.995511
2621 0.000932 0.996443
2622 0.000814 0.997257
2623 0.000885 0.998142
2624 0.000894 0.999036
2625 0.001375 1.000411
2626 0.000943 1.001354
2627 0.000892 1.002246
2628 0.000936 1.003182
2629 0.000755 1.003937
2630 0.000841 1.004778
2631 0.000197 1.004975
2632 0.000783 1.005758
2633 0.000936 1.006694
2634 0.000865 1.007559
2635 0.000860 1.008419
2636 0.000848 1.009267
2637 0.000866 1.010133
2638 0.000901 1.011034
2639 0.000706 1.011740
2640 0.000783 1.012523
2641 0.000842 1.013365
2642 0.000908 1.014273
2643 0.001195 1.015468
2644 0.001107 1.016575
2645 0.001282 1.017857
2646 0.001389 1.019246
2647 0.001182 1.020428
2648 0.000886 1.021314
2649 0.000808 1.022122
2650 0.000894 1.023016
2651 0.001026 1.024042
2652 0.001111 1.025153
2653 0.001190 1.026343
2654 0.001028 1.027371
2655 0.000990 1.028361
2656 0.000920 1.029281
2657 0.001169 1.030450
2658 0.001033 1.031483
2659 0.001128 1.032611
2660 0.001108 1.033719
2661 0.001299 1.035018
2662 0.001158 1.036176
2663 0.001224 1.037400
2664 0.001142 1.038542
2665 0.001193 1.039735
2666 0.000449 1.040184
2667 0.001030 1.041214
2668 0.001306 1.042520
2669 0.000812 1.043332
2670 0.001286 1.044618
2671 0.001127 1.045745
2672 0.000967 1.046712
2673 0.001158 1.047870
2674 0.001031 1.048901
2675 0.001106 1.050007
2676 0.001048 1.051055
2677 0.000303 1.051358
2678 0.001240 1.052598
2679 0.001234 1.053832
2680 0.001124 1.054956
2681 0.000478 1.055434
2682 0.001246 1.056680
2683 0.001164 1.057844
2684 0.001155 1.058999
2685 0.000833 1.059832
2686 0.001093 1.060925
2687 0.001140 1.062065
2688 0.000893 1.062958
2689 0.001156 1.064114
2690 0.000960 1.065074
2691 0.000496 1.065570
2692 0.000882 1.066452
2693 0.000926 1.067378
2694 0.001031 1.068409
2695 0.000933 1.069342
2696 0.001134 1.070476
2697 0.001075 1.071551
2698 0.000957 1.072508
2699 0.001109 1.073617
2700 0.001043 1.074660
2701 0.001075 1.075735
2702 0.000980 1.076715
2703 0.001090 1.077805
2704 0.001075 1.078880
2705 0.001519 1.080399
2706 0.001151 1.081550
2707 0.001045 1.082595
2708 0.001028 1.083623
2709 0.001050 1.084673
2710 0.001171 1.085844
2711 0.001109 1.086953
2712 0.001109 1.088062
2713 0.001165 1.089227
2714 0.001360 1.090587
2715 0.001207 1.091794
2716 0.001374 1.093168
2717 0.000265 1.093433
2718 0.001296 1.094729
2719 0.000907 1.095636
2720 0.001228 1.096864
2721 0.000721 1.097585
2722 0.000866 1.098451
2723 0.001212 1.099663
2724 0.000662 1.100325
2725 0.001054 1.101379
2726 0.000572 1.101951
2727 0.000310 1.102261
2728 0.000857 1.103118
2729 0.001014 1.104132
2730 0.000872 1.105004
2731 0.000556 1.105560
2732 0.000754 1.106314
2733 0.000810 1.107124
2734 0.000670 1.107794
2735 0.000896 1.108690
2736 0.000829 1.109519
2737 0.000859 1.110378
2738 0.001068 1.111446
2739 0.001027 1.112473
2740 0.001319 1.113792
2741 0.000719 1.114511
2742 0.001156 1.115667
2743 0.001081 1.116748
2744 0.001031 1.117779
2745 0.000648 1.118427
2746 0.001229 1.119656
2747 0.001130 1.120786
2748 0.001143 1.121929
2749 0.001124 1.123053
2750 0.001076 1.124129
2751 0.001195 1.125324
2752 0.001259 1.126583
2753 0.001171 1.127754
2754 0.001093 1.128847
2755 0.001143 1.129990
2756 0.001440 1.131430
2757 0.001079 1.132509
2758 0.001004 1.133513
2759 0.000820 1.134333
2760 0.001178 1.135511
2761 0.001319 1.136830
2762 0.001080 1.137910
2763 0.001163 1.139073
2764 0.001318 1.140391
2765 0.000803 1.141194
2766 0.001228 1.142422
2767 0.001400 1.143822
2768 0.000706 1.144528
2769 0.001443 1.145971
2770 0.001297 1.147268
2771 0.001148 1.148416
2772 0.001260 1.149676
2773 0.001266 1.150942
2774 0.001253 1.152195
2775 0.000551 1.152746
2776 0.001134 1.153880
2777 0.001364 1.155244
2778 0.000992 1.156236
2779 0.001290 1.157526
2780 0.000659 1.158185
2781 0.000893 1.159078
2782 0.001340 1.160418
2783 0.001354 1.161772
2784 0.001084 1.162856
2785 0.001189 1.164045
2786 0.001214 1.165259
2787 0.001157 1.166416
2788 0.001114 1.167530
2789 0.001246 1.168776
2790 0.001139 1.169915
2791 0.001100 1.171015
2792 0.001400 1.172415
2793 0.001199 1.173614
2794 0.001443 1.175057
2795 0.001108 1.176165
2796 0.001414 1.177579
2797 0.001107 1.178686
2798 0.001363 1.180049
2799 0.001184 1.181233
2800 0.001562 1.182795
2801 0.001097 1.183892
2802 0.001285 1.185177
2803 0.001042 1.186219
2804 0.001029 1.187248
2805 0.001236 1.188484
2806 0.001123 1.189607
2807 0.001076 1.190683
2808 0.001229 1.191912
2809 0.001163 1.193075
2810 0.001248 1.194323
2811 0.001259 1.195582
2812 0.001147 1.196729
2813 0.001147 1.197876
2814 0.001184 1.199060
2815 0.001449 1.200509
2816 0.001395 1.201904
2817 0.001606 1.203510
2818 0.001526 1.205036
2819 0.001421 1.206457
2820 0.001629 1.208086
2821 0.001721 1.209807
2822 0.001499 1.211306
2823 0.001440 1.212746
2824 0.000960 1.213706
2825 0.001534 1.215240
2826 0.001523 1.216763
2827 0.001499 1.218262
2828 0.001658 1.219920
2829 0.001662 1.221582
2830 0.001622 1.223204
2831 0.001912 1.225116
2832 0.001954 1.227070
2833 0.001824 1.228894
2834 0.001542 1.230436
2835 0.001774 1.232210
2836 0.001598 1.233808
2837 0.001473 1.235281
2838 0.001705 1.236986
2839 0.001609 1.238595
2840 0.001045 1.239640
2841 0.001615 1.241255
2842 0.001130 1.242385
2843 0.001363 1.243748
2844 0.001379 1.245127
2845 0.001302 1.246429
2846 0.001190 1.247619
2847 0.001189 1.248808
2848 0.001324 1.250132
2849 0.000664 1.250796
2850 0.001353 1.252149
2851 0.001237 1.253386
2852 0.001418 1.254804
2853 0.001375 1.256179
2854 0.001270 1.257449
2855 0.001271 1.258720
2856 0.001229 1.259949
2857 0.000442 1.260391
2858 0.001352 1.261743
2859 0.001287 1.263030
2860 0.001449 1.264479
2861 0.001418 1.265897
2862 0.001428 1.267325
2863 0.000258 1.267583
2864 0.001444 1.269027
2865 0.000978 1.270005
2866 0.001350 1.271355
2867 0.001330 1.272685
2868 0.001475 1.274160
2869 0.000958 1.275118
2870 0.001046 1.276164
2871 0.000721 1.276885
2872 0.001307 1.278192
2873 0.001039 1.279231
2874 0.001092 1.280323
2875 0.001429 1.281752
2876 0.001228 1.282980
2877 0.001208 1.284188
2878 0.000907 1.285095
2879 0.000998 1.286093
2880 0.001108 1.287201
2881 0.001299 1.288500
2882 0.001242 1.289742
2883 0.001115 1.290857
2884 0.001229 1.292086
2885 0.001152 1.293238
2886 0.001509 1.294747
2887 0.001581 1.296328
2888 0.001355 1.297683
2889 0.001492 1.299175
2890 0.001543 1.300718
2891 0.002300 1.303018
2892 0.001857 1.304875
2893 0.001513 1.306388
2894 0.001721 1.308109
2895 0.001365 1.309474
2896 0.001501 1.310975
2897 0.001583 1.312558
2898 0.001601 1.314159
2899 0.001426 1.315585
2900 0.001422 1.317007
2901 0.001506 1.318513
2902 0.001336 1.319849
2903 0.001455 1.321304
2904 0.001593 1.322897
2905 0.001574 1.324471
2906 0.001625 1.326096
2907 0.001460 1.327556
2908 0.001532 1.329088
2909 0.001448 1.330536
2910 0.000687 1.331223
2911 0.001364 1.332587
2912 0.001809 1.334396
2913 0.001787 1.336183
2914 0.001417 1.337600
2915 0.001745 1.339345
2916 0.001911 1.341256
2917 0.001633 1.342889
2918 0.001548 1.344437
2919 0.001813 1.346250
2920 0.000822 1.347072
2921 0.001902 1.348974
2922 0.001359 1.350333
2923 0.001628 1.351961
2924 0.001510 1.353471
2925 0.001591 1.355062
2926 0.002059 1.357121
2927 0.001311 1.358432
2928 0.002940 1.361372
2929 0.001718 1.363090
2930 0.001260 1.364350
2931 0.002688 1.367038
2932 0.000349 1.367387
2933 0.001090 1.368477
2934 0.001429 1.369906
2935 0.001558 1.371464
2936 0.002564 1.374028
2937 0.001840 1.375868
2938 0.002230 1.378098
2939 0.001388 1.379486
2940 0.001794 1.381280
2941 0.001799 1.383079
2942 0.000417 1.383496
2943 0.001944 1.385440
2944 0.001070 1.386510
2945 0.000560 1.387070
2946 0.002118 1.389188
2947 0.000378 1.389566
2948 0.001126 1.390692
2949 0.000447 1.391139
2950 0.001949 1.393088
2951 0.001772 1.394860
2952 0.001515 1.396375
2953 0.000770 1.397145
2954 0.002040 1.399185
2955 0.002220 1.401405
2956 0.001589 1.402994
2957 0.001650 1.404644
2958 0.001181 1.405825
2959 0.001477 1.407302
2960 0.000925 1.408227
2961 0.001647 1.409874
2962 0.001614 1.411488
2963 0.001813 1.413301
2964 0.001804 1.415105
2965 0.002123 1.417228
2966 0.001221 1.418449
2967 0.002217 1.420666
2968 0.000996 1.421662
2969 0.002387 1.424049
2970 0.001025 1.425074
2971 0.001034 1.426108
2972 0.001260 1.427368
2973 0.001346 1.428714
2974 0.001869 1.430583
2975 0.001866 1.432449
2976 0.001759 1.434208
2977 0.001851 1.436059
2978 0.001852 1.437911
2979 0.000708 1.438619
2980 0.001844 1.440463
2981 0.000854 1.441317
2982 0.002257 1.443574
2983 0.001849 1.445423
2984 0.001554 1.446977
2985 0.000455 1.447432
2986 0.002253 1.449685
2987 0.001543 1.451228
2988 0.001545 1.452773
2989 0.000704 1.453477
2990 0.001226 1.454703
2991 0.002008 1.456711
2992 0.002078 1.458789
2993 0.001971 1.460760
2994 0.001327 1.462087
2995 0.002363 1.464450
2996 0.002177 1.466627
2997 0.001180 1.467807
2998 0.000830 1.468637
2999 0.002080 1.470717
3000 0.001135 1.471852
3001 0.001799 1.473651
3002 0.001311 1.474962
3003 0.001891 1.476853
3004 0.002036 1.478889
3005 0.001871 1.480760
3006 0.001224 1.481984
3007 0.002174 1.484158
3008 0.002172 1.486330
3009 0.001195 1.487525
3010 0.001681 1.489206
3011 0.001814 1.491020
3012 0.002384 1.493404
3013 0.003088 1.496492
3014 0.003513 1.500005
3015 0.003686 1.503691
3016 0.002648 1.506339
3017 0.001609 1.507948
3018 0.001630 1.509578
3019 0.003705 1.513283
3020 0.003037 1.516320
3021 0.003252 1.519572
3022 0.002550 1.522122
3023 0.001962 1.524084
3024 0.002580 1.526664
3025 0.003631 1.530295
3026 0.001488 1.531783
3027 0.001442 1.533225
3028 0.001617 1.534842
3029 0.002622 1.537464
3030 0.001774 1.539238
3031 0.003227 1.542465
3032 0.002583 1.545048
3033 0.001750 1.546798
3034 0.002364 1.549162
3035 0.000386 1.549548
3036 0.002091 1.551639
3037 0.003766 1.555405
3038 0.001358 1.556763
3039 0.002300 1.559063
3040 0.002319 1.561382
3041 0.002922 1.564304
3042 0.002725 1.567029
3043 0.002211 1.569240
3044 0.002395 1.571635
3045 0.003195 1.574830
3046 0.002923 1.577753
3047 0.001190 1.578943
3048 0.000638 1.579581
3049 0.001934 1.581515
3050 0.001178 1.582693
3051 0.002637 1.585330
3052 0.002532 1.587862
3053 0.002342 1.590204
3054 0.002018 1.592222
3055 0.002062 1.594284
3056 0.002470 1.596754
3057 0.001403 1.598157
3058 0.002381 1.600538
3059 0.002401 1.602939
3060 0.002189 1.605128
3061 0.002419 1.607547
3062 0.002541 1.610088
3063 0.001968 1.612056
3064 0.002481 1.614537
3065 0.002589 1.617126
3066 0.003167 1.620293
3067 0.002745 1.623038
3068 0.002965 1.626003
3069 0.003488 1.629491
3070 0.002936 1.632427
3071 0.002191 1.634618
3072 0.003246 1.637864
3073 0.001628 1.639492
3074 0.002035 1.641527
3075 0.002001 1.643528
3076 0.002436 1.645964
3077 0.003599 1.649563
3078 0.002216 1.651779
3079 0.002394 1.654173
3080 0.002948 1.657121
3081 0.003348 1.660469
3082 0.003020 1.663489
3083 0.002969 1.666458
3084 0.002062 1.668520
3085 0.003576 1.672096
3086 0.003792 1.675888
3087 0.001472 1.677360
3088 0.003245 1.680605
3089 0.001906 1.682511
3090 0.000240 1.682751
3091 0.001971 1.684722
3092 0.002603 1.687325
3093 0.000506 1.687831
3094 0.001656 1.689487
3095 0.001829 1.691316
3096 0.003082 1.694398
3097 0.000979 1.695377
3098 0.001766 1.697143
3099 0.002979 1.700122
3100 0.002471 1.702593
3101 0.002637 1.705230
3102 0.002754 1.707984
3103 0.002633 1.710617
3104 0.002719 1.713336
3105 0.002878 1.716214
3106 0.002601 1.718815
3107 0.001313 1.720128
3108 0.002840 1.722968
3109 0.002607 1.725575
3110 0.001776 1.727351
3111 0.002105 1.729456
3112 0.002689 1.732145
3113 0.003113 1.735258
3114 0.002748 1.738006
3115 0.001899 1.739905
3116 0.001957 1.741862
3117 0.002863 1.744725
3118 0.002708 1.747433
3119 0.002283 1.749716
3120 0.002372 1.752088
3121 0.002593 1.754681
3122 0.001298 1.755979
3123 0.002628 1.758607
3124 0.001300 1.759907
3125 0.002568 1.762475
3126 0.001894 1.764369
3127 0.000653 1.765022
3128 0.001089 1.766111
3129 0.002028 1.768139
3130 0.002320 1.770459
3131 0.001981 1.772440
3132 0.001557 1.773997
3133 0.001357 1.775354
3134 0.001791 1.777145
3135 0.001533 1.778678
3136 0.001784 1.780462
3137 0.002232 1.782694
3138 0.001716 1.784410
3139 0.002118 1.786528
3140 0.000368 1.786896
3141 0.001834 1.788730
3142 0.001844 1.790574
3143 0.001980 1.792554
3144 0.000499 1.793053
3145 0.001507 1.794560
3146 0.001631 1.796191
3147 0.002113 1.798304
3148 0.002385 1.800689
3149 0.002351 1.803040
3150 0.002643 1.805683
3151 0.001232 1.806915
3152 0.001128 1.808043
3153 0.001301 1.809344
3154 0.002990 1.812334
3155 0.003435 1.815769
3156 0.004193 1.819962
3157 0.001575 1.821537
3158 0.000338 1.821875
3159 0.000335 1.822210
3160 0.003816 1.826026
3161 0.000588 1.826614
3162 0.004297 1.830911
3163 0.002902 1.833813
3164 0.001342 1.835155
3165 0.002519 1.837674
3166 0.001870 1.839544
3167 0.003049 1.842593
3168 0.003286 1.845879
3169 0.003358 1.849237
3170 0.004363 1.853600
3171 0.004106 1.857706
3172 0.001718 1.859424
3173 0.001868 1.861292
3174 0.002295 1.863587
3175 0.002622 1.866209
3176 0.003213 1.869422
3177 0.000505 1.869927
3178 0.001284 1.871211
3179 0.002282 1.873493
3180 0.002161 1.875654
3181 0.001984 1.877638
3182 0.002913 1.880551
3183 0.004417 1.884968
3184 0.001587 1.886555
3185 0.004730 1.891285
3186 0.003952 1.895237
3187 0.002780 1.898017
3188 0.004549 1.902566
3189 0.002187 1.904753
3190 0.003840 1.908593
3191 0.002979 1.911572
3192 0.002328 1.913900
3193 0.004071 1.917971
3194 0.003932 1.921903
3195 0.004496 1.926399
3196 0.003969 1.930368
3197 0.001637 1.932005
3198 0.003963 1.935968
3199 0.002501 1.938469
3200 0.000483 1.938952
3201 0.004606 1.943558
3202 0.002157 1.945715
3203 0.004425 1.950140
3204 0.004279 1.954419
3205 0.003336 1.957755
3206 0.003841 1.961596
3207 0.003855 1.965451
3208 0.001787 1.967238
3209 0.004140 1.971378
3210 0.003999 1.975377
3211 0.000928 1.976305
3212 0.004205 1.980510
3213 0.004437 1.984947
3214 0.002605 1.987552
3215 0.000637 1.988189
3216 0.005273 1.993462
3217 0.002496 1.995958
3218 0.004648 2.000606
3219 0.004597 2.005203
3220 0.005212 2.010415
3221 0.006359 2.016774
3222 0.002718 2.019492
3223 0.006034 2.025526
3224 0.005848 2.031374
3225 0.000549 2.031923
3226 0.002618 2.034541
3227 0.005793 2.040334
3228 0.004313 2.044647
3229 0.002796 2.047443
3230 0.006728 2.054171
3231 0.000604 2.054775
3232 0.003955 2.058730
3233 0.002016 2.060746
3234 0.001869 2.062615
3235 0.003614 2.066229
3236 0.003551 2.069780
3237 0.002484 2.072264
3238 0.005534 2.077798
3239 0.002367 2.080165
3240 0.004488 2.084653
3241 0.007478 2.092131
3242 0.001367 2.093498
3243 0.002241 2.095739
3244 0.004715 2.100454
3245 0.002928 2.103382
3246 0.005192 2.108574
3247 0.005753 2.114327
3248 0.004193 2.118520
3249 0.002343 2.120863
3250 0.004369 2.125232
3251 0.006404 2.131636
3252 0.003324 2.134960
3253 0.006747 2.141707
3254 0.004439 2.146146
3255 0.004890 2.151036
3256 0.008006 2.159042
3257 0.006845 2.165887
3258 0.002506 2.168393
3259 0.003820 2.172213
3260 0.002572 2.174785
3261 0.004461 2.179246
3262 0.001623 2.180869
3263 0.004621 2.185490
3264 0.001999 2.187489
3265 0.005623 2.193112
3266 0.008024 2.201136
3267 0.006287 2.207423
3268 0.003679 2.211102
3269 0.003756 2.214858
3270 0.003442 2.218300
3271 0.003830 2.222130
3272 0.003426 2.225556
3273 0.003677 2.229233
3274 0.003313 2.232546
3275 0.003539 2.236085
3276 0.006896 2.242981
3277 0.001191 2.244172
3278 0.005941 2.250113
3279 0.004268 2.254381
3280 0.003599 2.257980
3281 0.004412 2.262392
3282 0.005220 2.267612
3283 0.000457 2.268069
3284 0.003261 2.271330
3285 0.006778 2.278108
3286 0.001469 2.279577
3287 0.004919 2.284496
3288 0.006040 2.290536
3289 0.005008 2.295544
3290 0.002782 2.298326
3291 0.003857 2.302183
3292 0.004209 2.306392
3293 0.004633 2.311025
3294 0.005992 2.317017
3295 0.003454 2.320471
3296 0.006377 2.326848
3297 0.005855 2.332703
3298 0.003377 2.336080
3299 0.005953 2.342033
3300 0.003363 2.345396
3301 0.006888 2.352284
3302 0.001289 2.353573
3303 0.004308 2.357881
3304 0.003753 2.361634
3305 0.006610 2.368244
3306 0.005095 2.373339
3307 0.003032 2.376371
3308 0.003358 2.379729
3309 0.003326 2.383055
3310 0.007165 2.390220
3311 0.005619 2.395839
3312 0.004713 2.400552
3313 0.007200 2.407752
3314 0.000359 2.408111
3315 0.005829 2.413940
3316 0.001685 2.415625
3317 0.005188 2.420813
3318 0.004948 2.425761
3319 0.002155 2.427916
3320 0.004807 2.432723
3321 0.005417 2.438140
3322 0.005513 2.443653
3323 0.002862 2.446515
3324 0.001501 2.448016
3325 0.003275 2.451291
3326 0.003382 2.454673
3327 0.007023 2.461696
3328 0.006370 2.468066
3329 0.003372 2.471438
3330 0.003601 2.475039
3331 0.006260 2.481299
3332 0.006428 2.487727
3333 0.006366 2.494093
3334 0.002243 2.496336
3335 0.001979 2.498315
3336 0.006788 2.505103
3337 0.004020 2.509123
3338 0.008082 2.517205
3339 0.008179 2.525384
3340 0.002892 2.528276
3341 0.004205 2.532481
3342 0.001928 2.534409
3343 0.009183 2.543592
3344 0.003986 2.547578
3345 0.002300 2.549878
3346 0.004218 2.554096
3347 0.008343 2.562439
3348 0.003626 2.566065
3349 0.005603 2.571668
3350 0.007524 2.579192
3351 0.007775 2.586967
3352 0.004416 2.591383
3353 0.005261 2.596644
3354 0.004830 2.601474
3355 0.002612 2.604086
3356 0.002647 2.606733
3357 0.003437 2.610170
3358 0.007204 2.617374
3359 0.008869 2.626243
3360 0.002225 2.628468
3361 0.000818 2.629286
3362 0.003152 2.632438
3363 0.006180 2.638618
3364 0.004824 2.643442
3365 0.003322 2.646764
3366 0.007050 2.653814
3367 0.000937 2.654751
3368 0.004221 2.658972
3369 0.002183 2.661155
3370 0.004257 2.665412
3371 0.001853 2.667265
3372 0.001981 2.669246
3373 0.003537 2.672783
3374 0.004220 2.677003
3375 0.004921 2.681924
3376 0.004892 2.686816
3377 0.004873 2.691689
3378 0.001814 2.693503
3379 0.000854 2.694357
3380 0.007563 2.701920
3381 0.008553 2.710473
3382 0.000807 2.711280
3383 0.002521 2.713801
3384 0.001187 2.714988
3385 0.005036 2.720024
3386 0.008761 2.728785
3387 0.001963 2.730748
3388 0.002721 2.733469
3389 0.001831 2.735300
3390 0.004173 2.739473
3391 0.001810 2.741283
3392 0.000474 2.741757
3393 0.009657 2.751414
3394 0.006019 2.757433
3395 0.002629 2.760062
3396 0.008430 2.768492
3397 0.001346 2.769838
3398 0.002116 2.771954
3399 0.004822 2.776776
3400 0.006034 2.782810
3401 0.009500 2.792310
3402 0.000731 2.793041
3403 0.008619 2.801660
3404 0.008674 2.810334
3405 0.001812 2.812146
3406 0.000940 2.813086
3407 0.002943 2.816029
3408 0.008172 2.824201
3409 0.006208 2.830409
3410 0.001253 2.831662
3411 0.009241 2.840903
3412 0.002551 2.843454
3413 0.002475 2.845929
3414 0.005871 2.851800
3415 0.007812 2.859612
3416 0.002835 2.862447
3417 0.002510 2.864957
3418 0.002486 2.867443
3419 0.002872 2.870315
3420 0.010380 2.880695
3421 0.003172 2.883867
3422 0.011201 2.895068
3423 0.002771 2.897839
3424 0.002953 2.900792
3425 0.001456 2.902248
3426 0.007946 2.910194
3427 0.007610 2.917804
3428 0.007878 2.925682
3429 0.010633 2.936315
3430 0.012400 2.948715
3431 0.003946 2.952661
3432 0.001049 2.953710
3433 0.011858 2.965568
3434 0.003308 2.968876
3435 0.006301 2.975177
3436 0.004462 2.979639
3437 0.009817 2.989456
3438 0.009322 2.998778
3439 0.011314 3.010092
3440 0.002870 3.012962
3441 0.010313 3.023275
3442 0.011538 3.034813
3443 0.012149 3.046962
3444 0.003985 3.050947
3445 0.002638 3.053585
3446 0.013121 3.066706
3447 0.002931 3.069637
3448 0.003444 3.073081
3449 0.004925 3.078006
3450 0.002914 3.080920
3451 0.005902 3.086822
3452 0.007910 3.094732
3453 0.005040 3.099772
3454 0.005840 3.105612
3455 0.009203 3.114815
3456 0.000873 3.115688
3457 0.003382 3.119070
3458 0.007227 3.126297
3459 0.005949 3.132246
3460 0.002283 3.134529
3461 0.007672 3.142201
3462 0.009745 3.151946
3463 0.009301 3.161247
3464 0.004537 3.165784
3465 0.006295 3.172079
3466 0.008820 3.180899
3467 0.003433 3.184332
3468 0.009711 3.194043
3469 0.009617 3.203660
3470 0.009915 3.213575
3471 0.010639 3.224214
3472 0.007947 3.232161
3473 0.007277 3.239438
3474 0.008708 3.248146
3475 0.007841 3.255987
3476 0.002990 3.258977
3477 0.003909 3.262886
3478 0.000501 3.263387
3479 0.003380 3.266767
3480 0.009024 3.275791
3481 0.004319 3.280110
3482 0.008836 3.288946
3483 0.002379 3.291325
3484 0.003974 3.295299
3485 0.011284 3.306583
3486 0.007173 3.313756
3487 0.007423 3.321179
3488 0.008363 3.329542
3489 0.004208 3.333750
3490 0.009411 3.343161
3491 0.002686 3.345847
3492 0.005851 3.351698
3493 0.009413 3.361111
3494 0.010357 3.371468
3495 0.012663 3.384131
3496 0.001782 3.385913
3497 0.006345 3.392258
3498 0.009635 3.401893
3499 0.002671 3.404564
3500 0.010032 3.414596
3501 0.014571 3.429167
3502 0.007799 3.436966
3503 0.010509 3.447475
3504 0.013583 3.461058
3505 0.006664 3.467722
3506 0.004353 3.472075
3507 0.003018 3.475093
3508 0.010725 3.485818
3509 0.006814 3.492632
3510 0.006361 3.498993
3511 0.009840 3.508833
3512 0.009490 3.518323
3513 0.006526 3.524849
3514 0.004593 3.529442
3515 0.005046 3.534488
3516 0.013954 3.548442
3517 0.006285 3.554727
3518 0.006325 3.561052
3519 0.001900 3.562952
3520 0.014708 3.577660
3521 0.010734 3.588394
3522 0.005833 3.594227
3523 0.004723 3.598950
3524 0.009170 3.608120
3525 0.001600 3.609720
3526 0.002530 3.612250
3527 0.015318 3.627568
3528 0.006278 3.633846
3529 0.000714 3.634560
3530 0.010507 3.645067
3531 0.003741 3.648808
3532 0.022673 3.671481
3533 0.017797 3.689278
3534 0.010536 3.699814
3535 0.017232 3.717046
3536 0.021446 3.738492
3537 0.017028 3.755520
3538 0.010430 3.765950
3539 0.004336 3.770286
3540 0.002985 3.773271
3541 0.027527 3.800798
3542 0.008740 3.809538
3543 0.008138 3.817676
3544 0.010991 3.828667
3545 0.003977 3.832644
3546 0.005433 3.838077
3547 0.002911 3.840988
3548 0.002529 3.843517
3549 0.020611 3.864128
3550 0.009605 3.873733
3551 0.003188 3.876921
3552 0.006670 3.883591
3553 0.008573 3.892164
3554 0.025652 3.917816
3555 0.015533 3.933349
3556 0.002709 3.936058
3557 0.012558 3.948616
3558 0.016043 3.964659
3559 0.025791 3.990450
done 3559 0.029067 4.019517
