#secondnet
init 0 0
1 0.000205 0.000205
2 0.000172 0.000377
3 0.000122 0.000499
4 0.000111 0.000610
5 0.000115 0.000725
6 0.000102 0.000827
7 0.000109 0.000936
8 0.000113 0.001049
9 0.000116 0.001165
10 0.000104 0.001269
11 0.000129 0.001398
12 0.000105 0.001503
13 0.000114 0.001617
14 0.000129 0.001746
15 0.000107 0.001853
16 0.000121 0.001974
17 0.000119 0.002093
18 0.000111 0.002204
19 0.000116 0.002320
20 0.000118 0.002438
21 0.000115 0.002553
22 0.000120 0.002673
23 0.000113 0.002786
24 0.000121 0.002907
25 0.000103 0.003010
26 0.000121 0.003131
27 0.000118 0.003249
28 0.000115 0.003364
29 0.000113 0.003477
30 0.000120 0.003597
31 0.000107 0.003704
32 0.000098 0.003802
33 0.000102 0.003904
34 0.000099 0.004003
35 0.000099 0.004102
36 0.000115 0.004217
37 0.000102 0.004319
38 0.000109 0.004428
39 0.000112 0.004540
40 0.000111 0.004651
41 0.000108 0.004759
42 0.000112 0.004871
43 0.000100 0.004971
44 0.000113 0.005084
45 0.000109 0.005193
46 0.000144 0.005337
47 0.000126 0.005463
48 0.000112 0.005575
49 0.000127 0.005702
50 0.000115 0.005817
51 0.000110 0.005927
52 0.000115 0.006042
53 0.000105 0.006147
54 0.000111 0.006258
55 0.000104 0.006362
56 0.000121 0.006483
57 0.000110 0.006593
58 0.000114 0.006707
59 0.000100 0.006807
60 0.000108 0.006915
61 0.000114 0.007029
62 0.000107 0.007136
63 0.000102 0.007238
64 0.000098 0.007336
65 0.000114 0.007450
66 0.000116 0.007566
67 0.000116 0.007682
68 0.000118 0.007800
69 0.000102 0.007902
70 0.000113 0.008015
71 0.000117 0.008132
72 0.000117 0.008249
73 0.000125 0.008374
74 0.000114 0.008488
75 0.000115 0.008603
76 0.000109 0.008712
77 0.000110 0.008822
78 0.000112 0.008934
79 0.000105 0.009039
80 0.000117 0.009156
81 0.000124 0.009280
82 0.000122 0.009402
83 0.000109 0.009511
84 0.000120 0.009631
85 0.000115 0.009746
86 0.000112 0.009858
87 0.000109 0.009967
88 0.000102 0.010069
89 0.000117 0.010186
90 0.000113 0.010299
91 0.000118 0.010417
92 0.000103 0.010520
93 0.000125 0.010645
94 0.000116 0.010761
95 0.000107 0.010868
96 0.000106 0.010974
97 0.000116 0.011090
98 0.000113 0.011203
99 0.000115 0.011318
100 0.000115 0.011433
101 0.000104 0.011537
102 0.000101 0.011638
103 0.000124 0.011762
104 0.000114 0.011876
105 0.000105 0.011981
106 0.000116 0.012097
107 0.000104 0.012201
108 0.000116 0.012317
109 0.000120 0.012437
110 0.000119 0.012556
111 0.000116 0.012672
112 0.000114 0.012786
113 0.000127 0.012913
114 0.000102 0.013015
115 0.000119 0.013134
116 0.000120 0.013254
117 0.000121 0.013375
118 0.000108 0.013483
119 0.000114 0.013597
120 0.000099 0.013696
121 0.000117 0.013813
122 0.000116 0.013929
123 0.000107 0.014036
124 0.000113 0.014149
125 0.000113 0.014262
126 0.000103 0.014365
127 0.000112 0.014477
128 0.000110 0.014587
129 0.000116 0.014703
130 0.000101 0.014804
131 0.000111 0.014915
132 0.000117 0.015032
133 0.000127 0.015159
134 0.000106 0.015265
135 0.000128 0.015393
136 0.000121 0.015514
137 0.000123 0.015637
138 0.000121 0.015758
139 0.000111 0.015869
140 0.000115 0.015984
141 0.000119 0.016103
142 0.000115 0.016218
143 0.000113 0.016331
144 0.000113 0.016444
145 0.000107 0.016551
146 0.000119 0.016670
147 0.000107 0.016777
148 0.000121 0.016898
149 0.000123 0.017021
150 0.000113 0.017134
151 0.000120 0.017254
152 0.000125 0.017379
153 0.000110 0.017489
154 0.000107 0.017596
155 0.000110 0.017706
156 0.000112 0.017818
157 0.000117 0.017935
158 0.000113 0.018048
159 0.000116 0.018164
160 0.000116 0.018280
161 0.000112 0.018392
162 0.000105 0.018497
163 0.000117 0.018614
164 0.000118 0.018732
165 0.000122 0.018854
166 0.000122 0.018976
167 0.000109 0.019085
168 0.000115 0.019200
169 0.000118 0.019318
170 0.000124 0.019442
171 0.000110 0.019552
172 0.000118 0.019670
173 0.000121 0.019791
174 0.000122 0.019913
175 0.000102 0.020015
176 0.000118 0.020133
177 0.000110 0.020243
178 0.000124 0.020367
179 0.000116 0.020483
180 0.000108 0.020591
181 0.000119 0.020710
182 0.000107 0.020817
183 0.000117 0.020934
184 0.000122 0.021056
185 0.000104 0.021160
186 0.000127 0.021287
187 0.000117 0.021404
188 0.000124 0.021528
189 0.000116 0.021644
190 0.000130 0.021774
191 0.000123 0.021897
192 0.000127 0.022024
193 0.000133 0.022157
194 0.000123 0.022280
195 0.000113 0.022393
196 0.000123 0.022516
197 0.000116 0.022632
198 0.000116 0.022748
199 0.000113 0.022861
200 0.000121 0.022982
201 0.000118 0.023100
202 0.000115 0.023215
203 0.000127 0.023342
204 0.000122 0.023464
205 0.000126 0.023590
206 0.000119 0.023709
207 0.000120 0.023829
208 0.000114 0.023943
209 0.000115 0.024058
210 0.000117 0.024175
211 0.000127 0.024302
212 0.000106 0.024408
213 0.000119 0.024527
214 0.000116 0.024643
215 0.000118 0.024761
216 0.000124 0.024885
217 0.000118 0.025003
218 0.000122 0.025125
219 0.000120 0.025245
220 0.000127 0.025372
221 0.000112 0.025484
222 0.000112 0.025596
223 0.000125 0.025721
224 0.000122 0.025843
225 0.000104 0.025947
226 0.000125 0.026072
227 0.000119 0.026191
228 0.000123 0.026314
229 0.000110 0.026424
230 0.000123 0.026547
231 0.000109 0.026656
232 0.000114 0.026770
233 0.000116 0.026886
234 0.000114 0.027000
235 0.000103 0.027103
236 0.000117 0.027220
237 0.000103 0.027323
238 0.000112 0.027435
239 0.000114 0.027549
240 0.000123 0.027672
241 0.000126 0.027798
242 0.000121 0.027919
243 0.000117 0.028036
244 0.000122 0.028158
245 0.000103 0.028261
246 0.000122 0.028383
247 0.000128 0.028511
248 0.000114 0.028625
249 0.000122 0.028747
250 0.000113 0.028860
251 0.000119 0.028979
252 0.000119 0.029098
253 0.000114 0.029212
254 0.000134 0.029346
255 0.000119 0.029465
256 0.000105 0.029570
257 0.000120 0.029690
258 0.000122 0.029812
259 0.000123 0.029935
260 0.000119 0.030054
261 0.000106 0.030160
262 0.000120 0.030280
263 0.000115 0.030395
264 0.000111 0.030506
265 0.000120 0.030626
266 0.000117 0.030743
267 0.000116 0.030859
268 0.000117 0.030976
269 0.000113 0.031089
270 0.000122 0.031211
271 0.000127 0.031338
272 0.000140 0.031478
273 0.000117 0.031595
274 0.000125 0.031720
275 0.000128 0.031848
276 0.000118 0.031966
277 0.000110 0.032076
278 0.000120 0.032196
279 0.000104 0.032300
280 0.000118 0.032418
281 0.000110 0.032528
282 0.000122 0.032650
283 0.000117 0.032767
284 0.000122 0.032889
285 0.000102 0.032991
286 0.000122 0.033113
287 0.000116 0.033229
288 0.000119 0.033348
289 0.000118 0.033466
290 0.000122 0.033588
291 0.000113 0.033701
292 0.000117 0.033818
293 0.000118 0.033936
294 0.000104 0.034040
295 0.000118 0.034158
296 0.000110 0.034268
297 0.000105 0.034373
298 0.000107 0.034480
299 0.000130 0.034610
300 0.000119 0.034729
301 0.000108 0.034837
302 0.000123 0.034960
303 0.000105 0.035065
304 0.000118 0.035183
305 0.000125 0.035308
306 0.000120 0.035428
307 0.000119 0.035547
308 0.000117 0.035664
309 0.000110 0.035774
310 0.000120 0.035894
311 0.000116 0.036010
312 0.000113 0.036123
313 0.000115 0.036238
314 0.000120 0.036358
315 0.000115 0.036473
316 0.000116 0.036589
317 0.000122 0.036711
318 0.000118 0.036829
319 0.000115 0.036944
320 0.000119 0.037063
321 0.000124 0.037187
322 0.000142 0.037329
323 0.000114 0.037443
324 0.000126 0.037569
325 0.000125 0.037694
326 0.000127 0.037821
327 0.000121 0.037942
328 0.000118 0.038060
329 0.000117 0.038177
330 0.000120 0.038297
331 0.000114 0.038411
332 0.000118 0.038529
333 0.000118 0.038647
334 0.000120 0.038767
335 0.000115 0.038882
336 0.000123 0.039005
337 0.000102 0.039107
338 0.000113 0.039220
339 0.000117 0.039337
340 0.000102 0.039439
341 0.000121 0.039560
342 0.000118 0.039678
343 0.000120 0.039798
344 0.000117 0.039915
345 0.000118 0.040033
346 0.000118 0.040151
347 0.000123 0.040274
348 0.000116 0.040390
349 0.000117 0.040507
350 0.000109 0.040616
351 0.000120 0.040736
352 0.000128 0.040864
353 0.000136 0.041000
354 0.000108 0.041108
355 0.000111 0.041219
356 0.000132 0.041351
357 0.000115 0.041466
358 0.000114 0.041580
359 0.000114 0.041694
360 0.000117 0.041811
361 0.000109 0.041920
362 0.000107 0.042027
363 0.000126 0.042153
364 0.000103 0.042256
365 0.000118 0.042374
366 0.000125 0.042499
367 0.000121 0.042620
368 0.000123 0.042743
369 0.000114 0.042857
370 0.000126 0.042983
371 0.000130 0.043113
372 0.000119 0.043232
373 0.000118 0.043350
374 0.000120 0.043470
375 0.000107 0.043577
376 0.000109 0.043686
377 0.000117 0.043803
378 0.000122 0.043925
379 0.000118 0.044043
380 0.000129 0.044172
381 0.000119 0.044291
382 0.000127 0.044418
383 0.000122 0.044540
384 0.000112 0.044652
385 0.000110 0.044762
386 0.000124 0.044886
387 0.000117 0.045003
388 0.000106 0.045109
389 0.000117 0.045226
390 0.000149 0.045375
391 0.000131 0.045506
392 0.000112 0.045618
393 0.000115 0.045733
394 0.000123 0.045856
395 0.000105 0.045961
396 0.000115 0.046076
397 0.000115 0.046191
398 0.000122 0.046313
399 0.000107 0.046420
400 0.000116 0.046536
401 0.000103 0.046639
402 0.000113 0.046752
403 0.000116 0.046868
404 0.000112 0.046980
405 0.000124 0.047104
406 0.000120 0.047224
407 0.000139 0.047363
408 0.000108 0.047471
409 0.000121 0.047592
410 0.000123 0.047715
411 0.000104 0.047819
412 0.000123 0.047942
413 0.000107 0.048049
414 0.000124 0.048173
415 0.000120 0.048293
416 0.000120 0.048413
417 0.000116 0.048529
418 0.000128 0.048657
419 0.000117 0.048774
420 0.000106 0.048880
421 0.000123 0.049003
422 0.000125 0.049128
423 0.000116 0.049244
424 0.000132 0.049376
425 0.000121 0.049497
426 0.000120 0.049617
427 0.000117 0.049734
428 0.000119 0.049853
429 0.000116 0.049969
430 0.000120 0.050089
431 0.000117 0.050206
432 0.000120 0.050326
433 0.000128 0.050454
434 0.000109 0.050563
435 0.000110 0.050673
436 0.000133 0.050806
437 0.000112 0.050918
438 0.000109 0.051027
439 0.000104 0.051131
440 0.000114 0.051245
441 0.000105 0.051350
442 0.000118 0.051468
443 0.000116 0.051584
444 0.000123 0.051707
445 0.000113 0.051820
446 0.000110 0.051930
447 0.000124 0.052054
448 0.000127 0.052181
449 0.000120 0.052301
450 0.000120 0.052421
451 0.000126 0.052547
452 0.000124 0.052671
453 0.000123 0.052794
454 0.000119 0.052913
455 0.000110 0.053023
456 0.000120 0.053143
457 0.000115 0.053258
458 0.000129 0.053387
459 0.000120 0.053507
460 0.000102 0.053609
461 0.000121 0.053730
462 0.000120 0.053850
463 0.000122 0.053972
464 0.000127 0.054099
465 0.000107 0.054206
466 0.000110 0.054316
467 0.000105 0.054421
468 0.000120 0.054541
469 0.000115 0.054656
470 0.000125 0.054781
471 0.000116 0.054897
472 0.000104 0.055001
473 0.000105 0.055106
474 0.000132 0.055238
475 0.000117 0.055355
476 0.000110 0.055465
477 0.000111 0.055576
478 0.000122 0.055698
479 0.000117 0.055815
480 0.000119 0.055934
481 0.000114 0.056048
482 0.000101 0.056149
483 0.000108 0.056257
484 0.000110 0.056367
485 0.000120 0.056487
486 0.000117 0.056604
487 0.000114 0.056718
488 0.000133 0.056851
489 0.000110 0.056961
490 0.000115 0.057076
491 0.000107 0.057183
492 0.000128 0.057311
493 0.000107 0.057418
494 0.000120 0.057538
495 0.000114 0.057652
496 0.000122 0.057774
497 0.000108 0.057882
498 0.000108 0.057990
499 0.000117 0.058107
500 0.000111 0.058218
501 0.000117 0.058335
502 0.000125 0.058460
503 0.000120 0.058580
504 0.000117 0.058697
505 0.000111 0.058808
506 0.000107 0.058915
507 0.000122 0.059037
508 0.000105 0.059142
509 0.000102 0.059244
510 0.000118 0.059362
511 0.000123 0.059485
512 0.000120 0.059605
513 0.000118 0.059723
514 0.000125 0.059848
515 0.000112 0.059960
516 0.000119 0.060079
517 0.000106 0.060185
518 0.000132 0.060317
519 0.000110 0.060427
520 0.000122 0.060549
521 0.000118 0.060667
522 0.000122 0.060789
523 0.000119 0.060908
524 0.000114 0.061022
525 0.000110 0.061132
526 0.000127 0.061259
527 0.000118 0.061377
528 0.000118 0.061495
529 0.000126 0.061621
530 0.000105 0.061726
531 0.000115 0.061841
532 0.000116 0.061957
533 0.000122 0.062079
534 0.000115 0.062194
535 0.000102 0.062296
536 0.000125 0.062421
537 0.000112 0.062533
538 0.000129 0.062662
539 0.000115 0.062777
540 0.000126 0.062903
541 0.000118 0.063021
542 0.000122 0.063143
543 0.000127 0.063270
544 0.000118 0.063388
545 0.000114 0.063502
546 0.000123 0.063625
547 0.000119 0.063744
548 0.000124 0.063868
549 0.000117 0.063985
550 0.000109 0.064094
551 0.000123 0.064217
552 0.000112 0.064329
553 0.000117 0.064446
554 0.000114 0.064560
555 0.000117 0.064677
556 0.000113 0.064790
557 0.000116 0.064906
558 0.000118 0.065024
559 0.000133 0.065157
560 0.000147 0.065304
561 0.000118 0.065422
562 0.000105 0.065527
563 0.000135 0.065662
564 0.000126 0.065788
565 0.000120 0.065908
566 0.000110 0.066018
567 0.000113 0.066131
568 0.000108 0.066239
569 0.000128 0.066367
570 0.000114 0.066481
571 0.000116 0.066597
572 0.000116 0.066713
573 0.000135 0.066848
574 0.000116 0.066964
575 0.000124 0.067088
576 0.000110 0.067198
577 0.000111 0.067309
578 0.000111 0.067420
579 0.000120 0.067540
580 0.000109 0.067649
581 0.000111 0.067760
582 0.000117 0.067877
583 0.000117 0.067994
584 0.000114 0.068108
585 0.000114 0.068222
586 0.000116 0.068338
587 0.000116 0.068454
588 0.000112 0.068566
589 0.000129 0.068695
590 0.000130 0.068825
591 0.000117 0.068942
592 0.000112 0.069054
593 0.000122 0.069176
594 0.000125 0.069301
595 0.000120 0.069421
596 0.000115 0.069536
597 0.000112 0.069648
598 0.000128 0.069776
599 0.000120 0.069896
600 0.000126 0.070022
601 0.000111 0.070133
602 0.000119 0.070252
603 0.000115 0.070367
604 0.000116 0.070483
605 0.000102 0.070585
606 0.000101 0.070686
607 0.000115 0.070801
608 0.000131 0.070932
609 0.000125 0.071057
610 0.000120 0.071177
611 0.000116 0.071293
612 0.000133 0.071426
613 0.000125 0.071551
614 0.000127 0.071678
615 0.000121 0.071799
616 0.000128 0.071927
617 0.000118 0.072045
618 0.000115 0.072160
619 0.000123 0.072283
620 0.000122 0.072405
621 0.000117 0.072522
622 0.000128 0.072650
623 0.000115 0.072765
624 0.000119 0.072884
625 0.000121 0.073005
626 0.000118 0.073123
627 0.000142 0.073265
628 0.000108 0.073373
629 0.000106 0.073479
630 0.000104 0.073583
631 0.000124 0.073707
632 0.000121 0.073828
633 0.000118 0.073946
634 0.000110 0.074056
635 0.000125 0.074181
636 0.000110 0.074291
637 0.000123 0.074414
638 0.000116 0.074530
639 0.000117 0.074647
640 0.000118 0.074765
641 0.000108 0.074873
642 0.000126 0.074999
643 0.000117 0.075116
644 0.000114 0.075230
645 0.000117 0.075347
646 0.000120 0.075467
647 0.000107 0.075574
648 0.000120 0.075694
649 0.000121 0.075815
650 0.000114 0.075929
651 0.000107 0.076036
652 0.000116 0.076152
653 0.000114 0.076266
654 0.000119 0.076385
655 0.000127 0.076512
656 0.000118 0.076630
657 0.000127 0.076757
658 0.000108 0.076865
659 0.000119 0.076984
660 0.000115 0.077099
661 0.000146 0.077245
662 0.000114 0.077359
663 0.000119 0.077478
664 0.000124 0.077602
665 0.000115 0.077717
666 0.000104 0.077821
667 0.000116 0.077937
668 0.000133 0.078070
669 0.000118 0.078188
670 0.000118 0.078306
671 0.000126 0.078432
672 0.000117 0.078549
673 0.000132 0.078681
674 0.000112 0.078793
675 0.000118 0.078911
676 0.000112 0.079023
677 0.000118 0.079141
678 0.000110 0.079251
679 0.000102 0.079353
680 0.000119 0.079472
681 0.000118 0.079590
682 0.000107 0.079697
683 0.000117 0.079814
684 0.000106 0.079920
685 0.000102 0.080022
686 0.000118 0.080140
687 0.000122 0.080262
688 0.000113 0.080375
689 0.000109 0.080484
690 0.000119 0.080603
691 0.000127 0.080730
692 0.000113 0.080843
693 0.000106 0.080949
694 0.000125 0.081074
695 0.000123 0.081197
696 0.000134 0.081331
697 0.000115 0.081446
698 0.000124 0.081570
699 0.000109 0.081679
700 0.000118 0.081797
701 0.000118 0.081915
702 0.000104 0.082019
703 0.000117 0.082136
704 0.000120 0.082256
705 0.000114 0.082370
706 0.000119 0.082489
707 0.000114 0.082603
708 0.000112 0.082715
709 0.000126 0.082841
710 0.000124 0.082965
711 0.000120 0.083085
712 0.000115 0.083200
713 0.000123 0.083323
714 0.000115 0.083438
715 0.000111 0.083549
716 0.000102 0.083651
717 0.000121 0.083772
718 0.000117 0.083889
719 0.000125 0.084014
720 0.000116 0.084130
721 0.000126 0.084256
722 0.000122 0.084378
723 0.000107 0.084485
724 0.000124 0.084609
725 0.000119 0.084728
726 0.000117 0.084845
727 0.000112 0.084957
728 0.000117 0.085074
729 0.000117 0.085191
730 0.000125 0.085316
731 0.000121 0.085437
732 0.000111 0.085548
733 0.000121 0.085669
734 0.000124 0.085793
735 0.000112 0.085905
736 0.000128 0.086033
737 0.000111 0.086144
738 0.000111 0.086255
739 0.000111 0.086366
740 0.000114 0.086480
741 0.000106 0.086586
742 0.000112 0.086698
743 0.000121 0.086819
744 0.000110 0.086929
745 0.000118 0.087047
746 0.000120 0.087167
747 0.000116 0.087283
748 0.000108 0.087391
749 0.000124 0.087515
750 0.000115 0.087630
751 0.000116 0.087746
752 0.000108 0.087854
753 0.000124 0.087978
754 0.000117 0.088095
755 0.000123 0.088218
756 0.000115 0.088333
757 0.000112 0.088445
758 0.000133 0.088578
759 0.000109 0.088687
760 0.000105 0.088792
761 0.000116 0.088908
762 0.000118 0.089026
763 0.000121 0.089147
764 0.000132 0.089279
765 0.000112 0.089391
766 0.000117 0.089508
767 0.000114 0.089622
768 0.000118 0.089740
769 0.000123 0.089863
770 0.000112 0.089975
771 0.000115 0.090090
772 0.000120 0.090210
773 0.000111 0.090321
774 0.000118 0.090439
775 0.000137 0.090576
776 0.000111 0.090687
777 0.000108 0.090795
778 0.000126 0.090921
779 0.000112 0.091033
780 0.000112 0.091145
781 0.000121 0.091266
782 0.000127 0.091393
783 0.000124 0.091517
784 0.000116 0.091633
785 0.000126 0.091759
786 0.000150 0.091909
787 0.000121 0.092030
788 0.000106 0.092136
789 0.000114 0.092250
790 0.000119 0.092369
791 0.000132 0.092501
792 0.000116 0.092617
793 0.000120 0.092737
794 0.000128 0.092865
795 0.000118 0.092983
796 0.000128 0.093111
797 0.000140 0.093251
798 0.000126 0.093377
799 0.000111 0.093488
800 0.000122 0.093610
801 0.000124 0.093734
802 0.000126 0.093860
803 0.000104 0.093964
804 0.000119 0.094083
805 0.000116 0.094199
806 0.000122 0.094321
807 0.000117 0.094438
808 0.000106 0.094544
809 0.000127 0.094671
810 0.000114 0.094785
811 0.000122 0.094907
812 0.000118 0.095025
813 0.000116 0.095141
814 0.000117 0.095258
815 0.000110 0.095368
816 0.000107 0.095475
817 0.000109 0.095584
818 0.000135 0.095719
819 0.000123 0.095842
820 0.000126 0.095968
821 0.000108 0.096076
822 0.000118 0.096194
823 0.000117 0.096311
824 0.000106 0.096417
825 0.000115 0.096532
826 0.000119 0.096651
827 0.000128 0.096779
828 0.000126 0.096905
829 0.000113 0.097018
830 0.000110 0.097128
831 0.000121 0.097249
832 0.000118 0.097367
833 0.000130 0.097497
834 0.000120 0.097617
835 0.000110 0.097727
836 0.000115 0.097842
837 0.000122 0.097964
838 0.000109 0.098073
839 0.000116 0.098189
840 0.000119 0.098308
841 0.000121 0.098429
842 0.000120 0.098549
843 0.000106 0.098655
844 0.000119 0.098774
845 0.000120 0.098894
846 0.000121 0.099015
847 0.000105 0.099120
848 0.000125 0.099245
849 0.000119 0.099364
850 0.000121 0.099485
851 0.000113 0.099598
852 0.000122 0.099720
853 0.000103 0.099823
854 0.000120 0.099943
855 0.000131 0.100074
856 0.000129 0.100203
857 0.000115 0.100318
858 0.000118 0.100436
859 0.000104 0.100540
860 0.000120 0.100660
861 0.000106 0.100766
862 0.000121 0.100887
863 0.000123 0.101010
864 0.000119 0.101129
865 0.000116 0.101245
866 0.000129 0.101374
867 0.000117 0.101491
868 0.000110 0.101601
869 0.000115 0.101716
870 0.000119 0.101835
871 0.000117 0.101952
872 0.000118 0.102070
873 0.000122 0.102192
874 0.000126 0.102318
875 0.000118 0.102436
876 0.000113 0.102549
877 0.000131 0.102680
878 0.000115 0.102795
879 0.000119 0.102914
880 0.000120 0.103034
881 0.000104 0.103138
882 0.000111 0.103249
883 0.000169 0.103418
884 0.000113 0.103531
885 0.000120 0.103651
886 0.000118 0.103769
887 0.000121 0.103890
888 0.000121 0.104011
889 0.000119 0.104130
890 0.000119 0.104249
891 0.000107 0.104356
892 0.000106 0.104462
893 0.000106 0.104568
894 0.000118 0.104686
895 0.000101 0.104787
896 0.000115 0.104902
897 0.000125 0.105027
898 0.000111 0.105138
899 0.000152 0.105290
900 0.000117 0.105407
901 0.000102 0.105509
902 0.000137 0.105646
903 0.000116 0.105762
904 0.000118 0.105880
905 0.000123 0.106003
906 0.000122 0.106125
907 0.000116 0.106241
908 0.000119 0.106360
909 0.000130 0.106490
910 0.000115 0.106605
911 0.000124 0.106729
912 0.000125 0.106854
913 0.000121 0.106975
914 0.000105 0.107080
915 0.000115 0.107195
916 0.000119 0.107314
917 0.000120 0.107434
918 0.000106 0.107540
919 0.000106 0.107646
920 0.000111 0.107757
921 0.000117 0.107874
922 0.000123 0.107997
923 0.000102 0.108099
924 0.000127 0.108226
925 0.000135 0.108361
926 0.000132 0.108493
927 0.000132 0.108625
928 0.000133 0.108758
929 0.000140 0.108898
930 0.000131 0.109029
931 0.000150 0.109179
932 0.000140 0.109319
933 0.000121 0.109440
934 0.000128 0.109568
935 0.000125 0.109693
936 0.000118 0.109811
937 0.000117 0.109928
938 0.000123 0.110051
939 0.000123 0.110174
940 0.000115 0.110289
941 0.000122 0.110411
942 0.000122 0.110533
943 0.000116 0.110649
944 0.000120 0.110769
945 0.000107 0.110876
946 0.000118 0.110994
947 0.000103 0.111097
948 0.000106 0.111203
949 0.000133 0.111336
950 0.000164 0.111500
951 0.000138 0.111638
952 0.000127 0.111765
953 0.000109 0.111874
954 0.000124 0.111998
955 0.000117 0.112115
956 0.000108 0.112223
957 0.000108 0.112331
958 0.000121 0.112452
959 0.000110 0.112562
960 0.000130 0.112692
961 0.000110 0.112802
962 0.000125 0.112927
963 0.000102 0.113029
964 0.000128 0.113157
965 0.000116 0.113273
966 0.000122 0.113395
967 0.000117 0.113512
968 0.000115 0.113627
969 0.000114 0.113741
970 0.000113 0.113854
971 0.000124 0.113978
972 0.000121 0.114099
973 0.000113 0.114212
974 0.000115 0.114327
975 0.000103 0.114430
976 0.000123 0.114553
977 0.000119 0.114672
978 0.000120 0.114792
979 0.000116 0.114908
980 0.000126 0.115034
981 0.000105 0.115139
982 0.000132 0.115271
983 0.000152 0.115423
984 0.000125 0.115548
985 0.000154 0.115702
986 0.000144 0.115846
987 0.000166 0.116012
988 0.000171 0.116183
989 0.000201 0.116384
990 0.000188 0.116572
991 0.000166 0.116738
992 0.000148 0.116886
993 0.000154 0.117040
994 0.000159 0.117199
995 0.000104 0.117303
996 0.000137 0.117440
997 0.000130 0.117570
998 0.000146 0.117716
999 0.000137 0.117853
1000 0.000134 0.117987
1001 0.000131 0.118118
1002 0.000131 0.118249
1003 0.000144 0.118393
1004 0.000154 0.118547
1005 0.000152 0.118699
1006 0.000151 0.118850
1007 0.000132 0.118982
1008 0.000148 0.119130
1009 0.000113 0.119243
1010 0.000121 0.119364
1011 0.000118 0.119482
1012 0.000118 0.119600
1013 0.000133 0.119733
1014 0.000121 0.119854
1015 0.000118 0.119972
1016 0.000108 0.120080
1017 0.000114 0.120194
1018 0.000113 0.120307
1019 0.000113 0.120420
1020 0.000123 0.120543
1021 0.000122 0.120665
1022 0.000123 0.120788
1023 0.000117 0.120905
1024 0.000115 0.121020
1025 0.000146 0.121166
1026 0.000130 0.121296
1027 0.000128 0.121424
1028 0.000113 0.121537
1029 0.000118 0.121655
1030 0.000124 0.121779
1031 0.000121 0.121900
1032 0.000113 0.122013
1033 0.000126 0.122139
1034 0.000113 0.122252
1035 0.000108 0.122360
1036 0.000109 0.122469
1037 0.000109 0.122578
1038 0.000130 0.122708
1039 0.000117 0.122825
1040 0.000121 0.122946
1041 0.000118 0.123064
1042 0.000131 0.123195
1043 0.000115 0.123310
1044 0.000109 0.123419
1045 0.000119 0.123538
1046 0.000115 0.123653
1047 0.000132 0.123785
1048 0.000115 0.123900
1049 0.000108 0.124008
1050 0.000102 0.124110
1051 0.000124 0.124234
1052 0.000106 0.124340
1053 0.000170 0.124510
1054 0.000105 0.124615
1055 0.000103 0.124718
1056 0.000124 0.124842
1057 0.000140 0.124982
1058 0.000122 0.125104
1059 0.000129 0.125233
1060 0.000120 0.125353
1061 0.000105 0.125458
1062 0.000108 0.125566
1063 0.000125 0.125691
1064 0.000120 0.125811
1065 0.000134 0.125945
1066 0.000112 0.126057
1067 0.000116 0.126173
1068 0.000120 0.126293
1069 0.000107 0.126400
1070 0.000141 0.126541
1071 0.000142 0.126683
1072 0.000121 0.126804
1073 0.000127 0.126931
1074 0.000121 0.127052
1075 0.000112 0.127164
1076 0.000108 0.127272
1077 0.000116 0.127388
1078 0.000107 0.127495
1079 0.000122 0.127617
1080 0.000104 0.127721
1081 0.000114 0.127835
1082 0.000118 0.127953
1083 0.000118 0.128071
1084 0.000121 0.128192
1085 0.000118 0.128310
1086 0.000122 0.128432
1087 0.000127 0.128559
1088 0.000119 0.128678
1089 0.000113 0.128791
1090 0.000125 0.128916
1091 0.000110 0.129026
1092 0.000126 0.129152
1093 0.000104 0.129256
1094 0.000113 0.129369
1095 0.000118 0.129487
1096 0.000124 0.129611
1097 0.000132 0.129743
1098 0.000105 0.129848
1099 0.000116 0.129964
1100 0.000112 0.130076
1101 0.000109 0.130185
1102 0.000117 0.130302
1103 0.000108 0.130410
1104 0.000121 0.130531
1105 0.000119 0.130650
1106 0.000119 0.130769
1107 0.000110 0.130879
1108 0.000120 0.130999
1109 0.000116 0.131115
1110 0.000124 0.131239
1111 0.000115 0.131354
1112 0.000120 0.131474
1113 0.000115 0.131589
1114 0.000117 0.131706
1115 0.000119 0.131825
1116 0.000116 0.131941
1117 0.000128 0.132069
1118 0.000126 0.132195
1119 0.000125 0.132320
1120 0.000119 0.132439
1121 0.000120 0.132559
1122 0.000124 0.132683
1123 0.000124 0.132807
1124 0.000110 0.132917
1125 0.000121 0.133038
1126 0.000131 0.133169
1127 0.000108 0.133277
1128 0.000113 0.133390
1129 0.000105 0.133495
1130 0.000116 0.133611
1131 0.000113 0.133724
1132 0.000127 0.133851
1133 0.000107 0.133958
1134 0.000108 0.134066
1135 0.000115 0.134181
1136 0.000123 0.134304
1137 0.000120 0.134424
1138 0.000112 0.134536
1139 0.000104 0.134640
1140 0.000112 0.134752
1141 0.000128 0.134880
1142 0.000125 0.135005
1143 0.000124 0.135129
1144 0.000118 0.135247
1145 0.000121 0.135368
1146 0.000113 0.135481
1147 0.000155 0.135636
1148 0.000118 0.135754
1149 0.000138 0.135892
1150 0.000117 0.136009
1151 0.000104 0.136113
1152 0.000111 0.136224
1153 0.000118 0.136342
1154 0.000125 0.136467
1155 0.000150 0.136617
1156 0.000137 0.136754
1157 0.000133 0.136887
1158 0.000147 0.137034
1159 0.000155 0.137189
1160 0.000143 0.137332
1161 0.000150 0.137482
1162 0.000150 0.137632
1163 0.000153 0.137785
1164 0.000102 0.137887
1165 0.000120 0.138007
1166 0.000149 0.138156
1167 0.000136 0.138292
1168 0.000151 0.138443
1169 0.000173 0.138616
1170 0.000162 0.138778
1171 0.000179 0.138957
1172 0.000144 0.139101
1173 0.000134 0.139235
1174 0.000147 0.139382
1175 0.000118 0.139500
1176 0.000119 0.139619
1177 0.000125 0.139744
1178 0.000125 0.139869
1179 0.000118 0.139987
1180 0.000137 0.140124
1181 0.000119 0.140243
1182 0.000109 0.140352
1183 0.000123 0.140475
1184 0.000108 0.140583
1185 0.000156 0.140739
1186 0.000124 0.140863
1187 0.000116 0.140979
1188 0.000115 0.141094
1189 0.000112 0.141206
1190 0.000120 0.141326
1191 0.000119 0.141445
1192 0.000117 0.141562
1193 0.000103 0.141665
1194 0.000126 0.141791
1195 0.000116 0.141907
1196 0.000105 0.142012
1197 0.000128 0.142140
1198 0.000113 0.142253
1199 0.000113 0.142366
1200 0.000115 0.142481
1201 0.000143 0.142624
1202 0.000111 0.142735
1203 0.000120 0.142855
1204 0.000108 0.142963
1205 0.000120 0.143083
1206 0.000117 0.143200
1207 0.000144 0.143344
1208 0.000129 0.143473
1209 0.000117 0.143590
1210 0.000123 0.143713
1211 0.000122 0.143835
1212 0.000111 0.143946
1213 0.000111 0.144057
1214 0.000125 0.144182
1215 0.000123 0.144305
1216 0.000114 0.144419
1217 0.000119 0.144538
1218 0.000124 0.144662
1219 0.000140 0.144802
1220 0.000127 0.144929
1221 0.000120 0.145049
1222 0.000146 0.145195
1223 0.000121 0.145316
1224 0.000142 0.145458
1225 0.000116 0.145574
1226 0.000117 0.145691
1227 0.000118 0.145809
1228 0.000119 0.145928
1229 0.000125 0.146053
1230 0.000122 0.146175
1231 0.000123 0.146298
1232 0.000115 0.146413
1233 0.000156 0.146569
1234 0.000115 0.146684
1235 0.000117 0.146801
1236 0.000108 0.146909
1237 0.000161 0.147070
1238 0.000113 0.147183
1239 0.000118 0.147301
1240 0.000117 0.147418
1241 0.000102 0.147520
1242 0.000115 0.147635
1243 0.000122 0.147757
1244 0.000120 0.147877
1245 0.000125 0.148002
1246 0.000117 0.148119
1247 0.000129 0.148248
1248 0.000122 0.148370
1249 0.000115 0.148485
1250 0.000117 0.148602
1251 0.000129 0.148731
1252 0.000114 0.148845
1253 0.000105 0.148950
1254 0.000121 0.149071
1255 0.000113 0.149184
1256 0.000124 0.149308
1257 0.000136 0.149444
1258 0.000104 0.149548
1259 0.000120 0.149668
1260 0.000110 0.149778
1261 0.000121 0.149899
1262 0.000111 0.150010
1263 0.000114 0.150124
1264 0.000153 0.150277
1265 0.000113 0.150390
1266 0.000116 0.150506
1267 0.000120 0.150626
1268 0.000118 0.150744
1269 0.000125 0.150869
1270 0.000151 0.151020
1271 0.000148 0.151168
1272 0.000149 0.151317
1273 0.000125 0.151442
1274 0.000169 0.151611
1275 0.000169 0.151780
1276 0.000152 0.151932
1277 0.000144 0.152076
1278 0.000115 0.152191
1279 0.000125 0.152316
1280 0.000112 0.152428
1281 0.000115 0.152543
1282 0.000118 0.152661
1283 0.000120 0.152781
1284 0.000117 0.152898
1285 0.000125 0.153023
1286 0.000124 0.153147
1287 0.000130 0.153277
1288 0.000116 0.153393
1289 0.000124 0.153517
1290 0.000106 0.153623
1291 0.000120 0.153743
1292 0.000119 0.153862
1293 0.000116 0.153978
1294 0.000114 0.154092
1295 0.000131 0.154223
1296 0.000102 0.154325
1297 0.000121 0.154446
1298 0.000131 0.154577
1299 0.000118 0.154695
1300 0.000113 0.154808
1301 0.000119 0.154927
1302 0.000141 0.155068
1303 0.000127 0.155195
1304 0.000119 0.155314
1305 0.000116 0.155430
1306 0.000099 0.155529
1307 0.000123 0.155652
1308 0.000112 0.155764
1309 0.000119 0.155883
1310 0.000102 0.155985
1311 0.000131 0.156116
1312 0.000125 0.156241
1313 0.000124 0.156365
1314 0.000108 0.156473
1315 0.000118 0.156591
1316 0.000122 0.156713
1317 0.000107 0.156820
1318 0.000117 0.156937
1319 0.000116 0.157053
1320 0.000127 0.157180
1321 0.000120 0.157300
1322 0.000117 0.157417
1323 0.000125 0.157542
1324 0.000109 0.157651
1325 0.000118 0.157769
1326 0.000118 0.157887
1327 0.000113 0.158000
1328 0.000117 0.158117
1329 0.000121 0.158238
1330 0.000120 0.158358
1331 0.000120 0.158478
1332 0.000121 0.158599
1333 0.000152 0.158751
1334 0.000151 0.158902
1335 0.000110 0.159012
1336 0.000116 0.159128
1337 0.000177 0.159305
1338 0.000127 0.159432
1339 0.000111 0.159543
1340 0.000119 0.159662
1341 0.000125 0.159787
1342 0.000107 0.159894
1343 0.000112 0.160006
1344 0.000109 0.160115
1345 0.000115 0.160230
1346 0.000102 0.160332
1347 0.000121 0.160453
1348 0.000117 0.160570
1349 0.000111 0.160681
1350 0.000101 0.160782
1351 0.000128 0.160910
1352 0.000109 0.161019
1353 0.000182 0.161201
1354 0.000121 0.161322
1355 0.000106 0.161428
1356 0.000162 0.161590
1357 0.000120 0.161710
1358 0.000131 0.161841
1359 0.000192 0.162033
1360 0.000103 0.162136
1361 0.000115 0.162251
1362 0.000142 0.162393
1363 0.000130 0.162523
1364 0.000142 0.162665
1365 0.000137 0.162802
1366 0.000148 0.162950
1367 0.000144 0.163094
1368 0.000138 0.163232
1369 0.000132 0.163364
1370 0.000135 0.163499
1371 0.000143 0.163642
1372 0.000131 0.163773
1373 0.000148 0.163921
1374 0.000156 0.164077
1375 0.000161 0.164238
1376 0.000148 0.164386
1377 0.000158 0.164544
1378 0.000159 0.164703
1379 0.000151 0.164854
1380 0.000137 0.164991
1381 0.000138 0.165129
1382 0.000121 0.165250
1383 0.000144 0.165394
1384 0.000143 0.165537
1385 0.000152 0.165689
1386 0.000161 0.165850
1387 0.000159 0.166009
1388 0.000163 0.166172
1389 0.000171 0.166343
1390 0.000164 0.166507
1391 0.000162 0.166669
1392 0.000136 0.166805
1393 0.000141 0.166946
1394 0.000170 0.167116
1395 0.000169 0.167285
1396 0.000166 0.167451
1397 0.000148 0.167599
1398 0.000143 0.167742
1399 0.000132 0.167874
1400 0.000144 0.168018
1401 0.000147 0.168165
1402 0.000120 0.168285
1403 0.000141 0.168426
1404 0.000132 0.168558
1405 0.000152 0.168710
1406 0.000133 0.168843
1407 0.000138 0.168981
1408 0.000148 0.169129
1409 0.000155 0.169284
1410 0.000157 0.169441
1411 0.000119 0.169560
1412 0.000154 0.169714
1413 0.000187 0.169901
1414 0.000135 0.170036
1415 0.000143 0.170179
1416 0.000127 0.170306
1417 0.000139 0.170445
1418 0.000138 0.170583
1419 0.000200 0.170783
1420 0.000135 0.170918
1421 0.000158 0.171076
1422 0.000161 0.171237
1423 0.000144 0.171381
1424 0.000155 0.171536
1425 0.000128 0.171664
1426 0.000128 0.171792
1427 0.000132 0.171924
1428 0.000143 0.172067
1429 0.000118 0.172185
1430 0.000141 0.172326
1431 0.000148 0.172474
1432 0.000159 0.172633
1433 0.000155 0.172788
1434 0.000156 0.172944
1435 0.000133 0.173077
1436 0.000154 0.173231
1437 0.000125 0.173356
1438 0.000167 0.173523
1439 0.000161 0.173684
1440 0.000168 0.173852
1441 0.000129 0.173981
1442 0.000142 0.174123
1443 0.000128 0.174251
1444 0.000145 0.174396
1445 0.000148 0.174544
1446 0.000179 0.174723
1447 0.000149 0.174872
1448 0.000172 0.175044
1449 0.000147 0.175191
1450 0.000129 0.175320
1451 0.000121 0.175441
1452 0.000129 0.175570
1453 0.000124 0.175694
1454 0.000143 0.175837
1455 0.000136 0.175973
1456 0.000135 0.176108
1457 0.000177 0.176285
1458 0.000136 0.176421
1459 0.000166 0.176587
1460 0.000192 0.176779
1461 0.000159 0.176938
1462 0.000190 0.177128
1463 0.000126 0.177254
1464 0.000150 0.177404
1465 0.000148 0.177552
1466 0.000132 0.177684
1467 0.000171 0.177855
1468 0.000184 0.178039
1469 0.000122 0.178161
1470 0.000176 0.178337
1471 0.000169 0.178506
1472 0.000225 0.178731
1473 0.000256 0.178987
1474 0.000203 0.179190
1475 0.000177 0.179367
1476 0.000141 0.179508
1477 0.000145 0.179653
1478 0.000147 0.179800
1479 0.000149 0.179949
1480 0.000179 0.180128
1481 0.000265 0.180393
1482 0.000128 0.180521
1483 0.000140 0.180661
1484 0.000136 0.180797
1485 0.000132 0.180929
1486 0.000135 0.181064
1487 0.000130 0.181194
1488 0.000128 0.181322
1489 0.000127 0.181449
1490 0.000130 0.181579
1491 0.000135 0.181714
1492 0.000136 0.181850
1493 0.000162 0.182012
1494 0.000170 0.182182
1495 0.000193 0.182375
1496 0.000154 0.182529
1497 0.000145 0.182674
1498 0.000113 0.182787
1499 0.000149 0.182936
1500 0.000147 0.183083
1501 0.000116 0.183199
1502 0.000120 0.183319
1503 0.000115 0.183434
1504 0.000187 0.183621
1505 0.000160 0.183781
1506 0.000181 0.183962
1507 0.000141 0.184103
1508 0.000111 0.184214
1509 0.000101 0.184315
1510 0.000145 0.184460
1511 0.000129 0.184589
1512 0.000128 0.184717
1513 0.000142 0.184859
1514 0.000149 0.185008
1515 0.000177 0.185185
1516 0.000125 0.185310
1517 0.000130 0.185440
1518 0.000147 0.185587
1519 0.000132 0.185719
1520 0.000119 0.185838
1521 0.000141 0.185979
1522 0.000216 0.186195
1523 0.000129 0.186324
1524 0.000131 0.186455
1525 0.000136 0.186591
1526 0.000133 0.186724
1527 0.000157 0.186881
1528 0.000169 0.187050
1529 0.000163 0.187213
1530 0.000132 0.187345
1531 0.000128 0.187473
1532 0.000193 0.187666
1533 0.000121 0.187787
1534 0.000126 0.187913
1535 0.000128 0.188041
1536 0.000124 0.188165
1537 0.000154 0.188319
1538 0.000162 0.188481
1539 0.000129 0.188610
1540 0.000168 0.188778
1541 0.000164 0.188942
1542 0.000195 0.189137
1543 0.000135 0.189272
1544 0.000165 0.189437
1545 0.000146 0.189583
1546 0.000159 0.189742
1547 0.000141 0.189883
1548 0.000170 0.190053
1549 0.000133 0.190186
1550 0.000157 0.190343
1551 0.000132 0.190475
1552 0.000139 0.190614
1553 0.000138 0.190752
1554 0.000155 0.190907
1555 0.000173 0.191080
1556 0.000174 0.191254
1557 0.000134 0.191388
1558 0.000155 0.191543
1559 0.000144 0.191687
1560 0.000145 0.191832
1561 0.000131 0.191963
1562 0.000134 0.192097
1563 0.000136 0.192233
1564 0.000143 0.192376
1565 0.000133 0.192509
1566 0.000129 0.192638
1567 0.000144 0.192782
1568 0.000138 0.192920
1569 0.000127 0.193047
1570 0.000154 0.193201
1571 0.000130 0.193331
1572 0.000145 0.193476
1573 0.000138 0.193614
1574 0.000133 0.193747
1575 0.000128 0.193875
1576 0.000126 0.194001
1577 0.000175 0.194176
1578 0.000196 0.194372
1579 0.000156 0.194528
1580 0.000140 0.194668
1581 0.000156 0.194824
1582 0.000176 0.195000
1583 0.000173 0.195173
1584 0.000157 0.195330
1585 0.000168 0.195498
1586 0.000159 0.195657
1587 0.000103 0.195760
1588 0.000139 0.195899
1589 0.000150 0.196049
1590 0.000122 0.196171
1591 0.000171 0.196342
1592 0.000232 0.196574
1593 0.000133 0.196707
1594 0.000151 0.196858
1595 0.000166 0.197024
1596 0.000192 0.197216
1597 0.000184 0.197400
1598 0.000140 0.197540
1599 0.000158 0.197698
1600 0.000170 0.197868
1601 0.000152 0.198020
1602 0.000179 0.198199
1603 0.000121 0.198320
1604 0.000134 0.198454
1605 0.000136 0.198590
1606 0.000152 0.198742
1607 0.000153 0.198895
1608 0.000155 0.199050
1609 0.000238 0.199288
1610 0.000151 0.199439
1611 0.000149 0.199588
1612 0.000137 0.199725
1613 0.000164 0.199889
1614 0.000138 0.200027
1615 0.000159 0.200186
1616 0.000142 0.200328
1617 0.000119 0.200447
1618 0.000234 0.200681
1619 0.000110 0.200791
1620 0.000158 0.200949
1621 0.000200 0.201149
1622 0.000140 0.201289
1623 0.000168 0.201457
1624 0.000158 0.201615
1625 0.000112 0.201727
1626 0.000232 0.201959
1627 0.000147 0.202106
1628 0.000161 0.202267
1629 0.000165 0.202432
1630 0.000179 0.202611
1631 0.000179 0.202790
1632 0.000212 0.203002
1633 0.000213 0.203215
1634 0.000225 0.203440
1635 0.000101 0.203541
1636 0.000205 0.203746
1637 0.000107 0.203853
1638 0.000175 0.204028
1639 0.000159 0.204187
1640 0.000188 0.204375
1641 0.000171 0.204546
1642 0.000188 0.204734
1643 0.000187 0.204921
1644 0.000333 0.205254
1645 0.000188 0.205442
1646 0.000187 0.205629
1647 0.000180 0.205809
1648 0.000185 0.205994
1649 0.000184 0.206178
1650 0.000184 0.206362
1651 0.000121 0.206483
1652 0.000212 0.206695
1653 0.000172 0.206867
1654 0.000210 0.207077
1655 0.000179 0.207256
1656 0.000173 0.207429
1657 0.000178 0.207607
1658 0.000204 0.207811
1659 0.000188 0.207999
1660 0.000169 0.208168
1661 0.000170 0.208338
1662 0.000176 0.208514
1663 0.000203 0.208717
1664 0.000247 0.208964
1665 0.000168 0.209132
1666 0.000168 0.209300
1667 0.000170 0.209470
1668 0.000165 0.209635
1669 0.000221 0.209856
1670 0.000203 0.210059
1671 0.000162 0.210221
1672 0.000187 0.210408
1673 0.000196 0.210604
1674 0.000179 0.210783
1675 0.000216 0.210999
1676 0.000213 0.211212
1677 0.000209 0.211421
1678 0.000189 0.211610
1679 0.000197 0.211807
1680 0.000199 0.212006
1681 0.000201 0.212207
1682 0.000192 0.212399
1683 0.000176 0.212575
1684 0.000175 0.212750
1685 0.000182 0.212932
1686 0.000201 0.213133
1687 0.000190 0.213323
1688 0.000176 0.213499
1689 0.000178 0.213677
1690 0.000157 0.213834
1691 0.000196 0.214030
1692 0.000213 0.214243
1693 0.000180 0.214423
1694 0.000176 0.214599
1695 0.000176 0.214775
1696 0.000175 0.214950
1697 0.000175 0.215125
1698 0.000222 0.215347
1699 0.000164 0.215511
1700 0.000170 0.215681
1701 0.000172 0.215853
1702 0.000183 0.216036
1703 0.000153 0.216189
1704 0.000159 0.216348
1705 0.000161 0.216509
1706 0.000162 0.216671
1707 0.000177 0.216848
1708 0.000189 0.217037
1709 0.000181 0.217218
1710 0.000152 0.217370
1711 0.000203 0.217573
1712 0.000166 0.217739
1713 0.000142 0.217881
1714 0.000171 0.218052
1715 0.000167 0.218219
1716 0.000157 0.218376
1717 0.000159 0.218535
1718 0.000156 0.218691
1719 0.000136 0.218827
1720 0.000166 0.218993
1721 0.000146 0.219139
1722 0.000143 0.219282
1723 0.000164 0.219446
1724 0.000159 0.219605
1725 0.000177 0.219782
1726 0.000190 0.219972
1727 0.000212 0.220184
1728 0.000137 0.220321
1729 0.000160 0.220481
1730 0.000164 0.220645
1731 0.000176 0.220821
1732 0.000173 0.220994
1733 0.000188 0.221182
1734 0.000165 0.221347
1735 0.000211 0.221558
1736 0.000133 0.221691
1737 0.000138 0.221829
1738 0.000148 0.221977
1739 0.000171 0.222148
1740 0.000114 0.222262
1741 0.000118 0.222380
1742 0.000175 0.222555
1743 0.000146 0.222701
1744 0.000224 0.222925
1745 0.000160 0.223085
1746 0.000182 0.223267
1747 0.000164 0.223431
1748 0.000205 0.223636
1749 0.000158 0.223794
1750 0.000160 0.223954
1751 0.000160 0.224114
1752 0.000183 0.224297
1753 0.000196 0.224493
1754 0.000259 0.224752
1755 0.000166 0.224918
1756 0.000166 0.225084
1757 0.000160 0.225244
1758 0.000172 0.225416
1759 0.000127 0.225543
1760 0.000130 0.225673
1761 0.000105 0.225778
1762 0.000128 0.225906
1763 0.000161 0.226067
1764 0.000168 0.226235
1765 0.000143 0.226378
1766 0.000144 0.226522
1767 0.000151 0.226673
1768 0.000167 0.226840
1769 0.000149 0.226989
1770 0.000140 0.227129
1771 0.000159 0.227288
1772 0.000186 0.227474
1773 0.000170 0.227644
1774 0.000169 0.227813
1775 0.000165 0.227978
1776 0.000174 0.228152
1777 0.000180 0.228332
1778 0.000166 0.228498
1779 0.000165 0.228663
1780 0.000164 0.228827
1781 0.000172 0.228999
1782 0.000177 0.229176
1783 0.000165 0.229341
1784 0.000170 0.229511
1785 0.000180 0.229691
1786 0.000177 0.229868
1787 0.000205 0.230073
1788 0.000184 0.230257
1789 0.000188 0.230445
1790 0.000206 0.230651
1791 0.000216 0.230867
1792 0.000192 0.231059
1793 0.000168 0.231227
1794 0.000180 0.231407
1795 0.000173 0.231580
1796 0.000263 0.231843
1797 0.000177 0.232020
1798 0.000210 0.232230
1799 0.000220 0.232450
1800 0.000199 0.232649
1801 0.000228 0.232877
1802 0.000253 0.233130
1803 0.000219 0.233349
1804 0.000249 0.233598
1805 0.000247 0.233845
1806 0.000241 0.234086
1807 0.000250 0.234336
1808 0.000222 0.234558
1809 0.000189 0.234747
1810 0.000259 0.235006
1811 0.000206 0.235212
1812 0.000224 0.235436
1813 0.000223 0.235659
1814 0.000255 0.235914
1815 0.000228 0.236142
1816 0.000203 0.236345
1817 0.000187 0.236532
1818 0.000200 0.236732
1819 0.000217 0.236949
1820 0.000213 0.237162
1821 0.000223 0.237385
1822 0.000153 0.237538
1823 0.000174 0.237712
1824 0.000242 0.237954
1825 0.000222 0.238176
1826 0.000211 0.238387
1827 0.000243 0.238630
1828 0.000164 0.238794
1829 0.000244 0.239038
1830 0.000257 0.239295
1831 0.000196 0.239491
1832 0.000245 0.239736
1833 0.000207 0.239943
1834 0.000249 0.240192
1835 0.000214 0.240406
1836 0.000220 0.240626
1837 0.000196 0.240822
1838 0.000196 0.241018
1839 0.000240 0.241258
1840 0.000260 0.241518
1841 0.000193 0.241711
1842 0.000190 0.241901
1843 0.000204 0.242105
1844 0.000273 0.242378
1845 0.000257 0.242635
1846 0.000231 0.242866
1847 0.000232 0.243098
1848 0.000228 0.243326
1849 0.000264 0.243590
1850 0.000239 0.243829
1851 0.000206 0.244035
1852 0.000242 0.244277
1853 0.000251 0.244528
1854 0.000253 0.244781
1855 0.000231 0.245012
1856 0.000297 0.245309
1857 0.000192 0.245501
1858 0.000208 0.245709
1859 0.000220 0.245929
1860 0.000184 0.246113
1861 0.000209 0.246322
1862 0.000196 0.246518
1863 0.000208 0.246726
1864 0.000172 0.246898
1865 0.000184 0.247082
1866 0.000186 0.247268
1867 0.000217 0.247485
1868 0.000224 0.247709
1869 0.000205 0.247914
1870 0.000213 0.248127
1871 0.000255 0.248382
1872 0.000262 0.248644
1873 0.000266 0.248910
1874 0.000217 0.249127
1875 0.000219 0.249346
1876 0.000225 0.249571
1877 0.000284 0.249855
1878 0.000248 0.250103
1879 0.000205 0.250308
1880 0.000219 0.250527
1881 0.000235 0.250762
1882 0.000104 0.250866
1883 0.000251 0.251117
1884 0.000191 0.251308
1885 0.000261 0.251569
1886 0.000159 0.251728
1887 0.000187 0.251915
1888 0.000204 0.252119
1889 0.000219 0.252338
1890 0.000216 0.252554
1891 0.000232 0.252786
1892 0.000343 0.253129
1893 0.000264 0.253393
1894 0.000241 0.253634
1895 0.000205 0.253839
1896 0.000201 0.254040
1897 0.000269 0.254309
1898 0.000230 0.254539
1899 0.000197 0.254736
1900 0.000228 0.254964
1901 0.000244 0.255208
1902 0.000220 0.255428
1903 0.000177 0.255605
1904 0.000210 0.255815
1905 0.000242 0.256057
1906 0.000201 0.256258
1907 0.000210 0.256468
1908 0.000207 0.256675
1909 0.000206 0.256881
1910 0.000325 0.257206
1911 0.000211 0.257417
1912 0.000202 0.257619
1913 0.000224 0.257843
1914 0.000224 0.258067
1915 0.000155 0.258222
1916 0.000236 0.258458
1917 0.000117 0.258575
1918 0.000213 0.258788
1919 0.000186 0.258974
1920 0.000228 0.259202
1921 0.000209 0.259411
1922 0.000251 0.259662
1923 0.000225 0.259887
1924 0.000230 0.260117
1925 0.000189 0.260306
1926 0.000212 0.260518
1927 0.000212 0.260730
1928 0.000211 0.260941
1929 0.000232 0.261173
1930 0.000245 0.261418
1931 0.000184 0.261602
1932 0.000173 0.261775
1933 0.000323 0.262098
1934 0.000193 0.262291
1935 0.000189 0.262480
1936 0.000193 0.262673
1937 0.000210 0.262883
1938 0.000199 0.263082
1939 0.000225 0.263307
1940 0.000231 0.263538
1941 0.000247 0.263785
1942 0.000268 0.264053
1943 0.000253 0.264306
1944 0.000206 0.264512
1945 0.000267 0.264779
1946 0.000224 0.265003
1947 0.000296 0.265299
1948 0.000225 0.265524
1949 0.000217 0.265741
1950 0.000221 0.265962
1951 0.000208 0.266170
1952 0.000273 0.266443
1953 0.000235 0.266678
1954 0.000292 0.266970
1955 0.000236 0.267206
1956 0.000251 0.267457
1957 0.000299 0.267756
1958 0.000179 0.267935
1959 0.000189 0.268124
1960 0.000267 0.268391
1961 0.000233 0.268624
1962 0.000193 0.268817
1963 0.000166 0.268983
1964 0.000234 0.269217
1965 0.000195 0.269412
1966 0.000146 0.269558
1967 0.000155 0.269713
1968 0.000173 0.269886
1969 0.000196 0.270082
1970 0.000149 0.270231
1971 0.000222 0.270453
1972 0.000235 0.270688
1973 0.000284 0.270972
1974 0.000265 0.271237
1975 0.000244 0.271481
1976 0.000244 0.271725
1977 0.000160 0.271885
1978 0.000280 0.272165
1979 0.000148 0.272313
1980 0.000250 0.272563
1981 0.000135 0.272698
1982 0.000172 0.272870
1983 0.000185 0.273055
1984 0.000267 0.273322
1985 0.000175 0.273497
1986 0.000194 0.273691
1987 0.000185 0.273876
1988 0.000190 0.274066
1989 0.000204 0.274270
1990 0.000212 0.274482
1991 0.000195 0.274677
1992 0.000238 0.274915
1993 0.000266 0.275181
1994 0.000158 0.275339
1995 0.000231 0.275570
1996 0.000263 0.275833
1997 0.000213 0.276046
1998 0.000230 0.276276
1999 0.000234 0.276510
2000 0.000272 0.276782
2001 0.000217 0.276999
2002 0.000262 0.277261
2003 0.000214 0.277475
2004 0.000225 0.277700
2005 0.000134 0.277834
2006 0.000196 0.278030
2007 0.000218 0.278248
2008 0.000202 0.278450
2009 0.000185 0.278635
2010 0.000190 0.278825
2011 0.000213 0.279038
2012 0.000193 0.279231
2013 0.000184 0.279415
2014 0.000194 0.279609
2015 0.000183 0.279792
2016 0.000178 0.279970
2017 0.000186 0.280156
2018 0.000220 0.280376
2019 0.000239 0.280615
2020 0.000233 0.280848
2021 0.000311 0.281159
2022 0.000189 0.281348
2023 0.000261 0.281609
2024 0.000213 0.281822
2025 0.000187 0.282009
2026 0.000210 0.282219
2027 0.000209 0.282428
2028 0.000262 0.282690
2029 0.000263 0.282953
2030 0.000273 0.283226
2031 0.000277 0.283503
2032 0.000207 0.283710
2033 0.000214 0.283924
2034 0.000203 0.284127
2035 0.000213 0.284340
2036 0.000291 0.284631
2037 0.000232 0.284863
2038 0.000254 0.285117
2039 0.000228 0.285345
2040 0.000287 0.285632
2041 0.000217 0.285849
2042 0.000213 0.286062
2043 0.000227 0.286289
2044 0.000224 0.286513
2045 0.000213 0.286726
2046 0.000172 0.286898
2047 0.000207 0.287105
2048 0.000232 0.287337
2049 0.000205 0.287542
2050 0.000195 0.287737
2051 0.000227 0.287964
2052 0.000261 0.288225
2053 0.000284 0.288509
2054 0.000192 0.288701
2055 0.000214 0.288915
2056 0.000271 0.289186
2057 0.000269 0.289455
2058 0.000154 0.289609
2059 0.000157 0.289766
2060 0.000189 0.289955
2061 0.000215 0.290170
2062 0.000308 0.290478
2063 0.000328 0.290806
2064 0.000341 0.291147
2065 0.000175 0.291322
2066 0.000332 0.291654
2067 0.000292 0.291946
2068 0.000284 0.292230
2069 0.000299 0.292529
2070 0.000231 0.292760
2071 0.000275 0.293035
2072 0.000314 0.293349
2073 0.000228 0.293577
2074 0.000250 0.293827
2075 0.000244 0.294071
2076 0.000292 0.294363
2077 0.000218 0.294581
2078 0.000244 0.294825
2079 0.000308 0.295133
2080 0.000248 0.295381
2081 0.000254 0.295635
2082 0.000276 0.295911
2083 0.000323 0.296234
2084 0.000228 0.296462
2085 0.000309 0.296771
2086 0.000324 0.297095
2087 0.000225 0.297320
2088 0.000292 0.297612
2089 0.000322 0.297934
2090 0.000291 0.298225
2091 0.000249 0.298474
2092 0.000376 0.298850
2093 0.000269 0.299119
2094 0.000224 0.299343
2095 0.000253 0.299596
2096 0.000215 0.299811
2097 0.000232 0.300043
2098 0.000226 0.300269
2099 0.000254 0.300523
2100 0.000241 0.300764
2101 0.000299 0.301063
2102 0.000263 0.301326
2103 0.000274 0.301600
2104 0.000334 0.301934
2105 0.000325 0.302259
2106 0.000300 0.302559
2107 0.000307 0.302866
2108 0.000323 0.303189
2109 0.000318 0.303507
2110 0.000378 0.303885
2111 0.000317 0.304202
2112 0.000300 0.304502
2113 0.000303 0.304805
2114 0.000305 0.305110
2115 0.000345 0.305455
2116 0.000356 0.305811
2117 0.000314 0.306125
2118 0.000273 0.306398
2119 0.000394 0.306792
2120 0.000315 0.307107
2121 0.000393 0.307500
2122 0.000283 0.307783
2123 0.000311 0.308094
2124 0.000337 0.308431
2125 0.000279 0.308710
2126 0.000331 0.309041
2127 0.000324 0.309365
2128 0.000369 0.309734
2129 0.000406 0.310140
2130 0.000395 0.310535
2131 0.000327 0.310862
2132 0.000325 0.311187
2133 0.000328 0.311515
2134 0.000339 0.311854
2135 0.000314 0.312168
2136 0.000330 0.312498
2137 0.000317 0.312815
2138 0.000387 0.313202
2139 0.000372 0.313574
2140 0.000395 0.313969
2141 0.000450 0.314419
2142 0.000327 0.314746
2143 0.000385 0.315131
2144 0.000422 0.315553
2145 0.000428 0.315981
2146 0.000427 0.316408
2147 0.000438 0.316846
2148 0.000453 0.317299
2149 0.000435 0.317734
2150 0.000411 0.318145
2151 0.000391 0.318536
2152 0.000399 0.318935
2153 0.000365 0.319300
2154 0.000396 0.319696
2155 0.000383 0.320079
2156 0.000362 0.320441
2157 0.000347 0.320788
2158 0.000366 0.321154
2159 0.000358 0.321512
2160 0.000390 0.321902
2161 0.000377 0.322279
2162 0.000450 0.322729
2163 0.000368 0.323097
2164 0.000342 0.323439
2165 0.000397 0.323836
2166 0.000383 0.324219
2167 0.000347 0.324566
2168 0.000370 0.324936
2169 0.000458 0.325394
2170 0.000401 0.325795
2171 0.000398 0.326193
2172 0.000445 0.326638
2173 0.000374 0.327012
2174 0.000356 0.327368
2175 0.000427 0.327795
2176 0.000465 0.328260
2177 0.000449 0.328709
2178 0.000402 0.329111
2179 0.000347 0.329458
2180 0.000411 0.329869
2181 0.000452 0.330321
2182 0.000436 0.330757
2183 0.000426 0.331183
2184 0.000468 0.331651
2185 0.000412 0.332063
2186 0.000450 0.332513
2187 0.000407 0.332920
2188 0.000448 0.333368
2189 0.000448 0.333816
2190 0.000469 0.334285
2191 0.000409 0.334694
2192 0.000458 0.335152
2193 0.000355 0.335507
2194 0.000400 0.335907
2195 0.000584 0.336491
2196 0.000592 0.337083
2197 0.000388 0.337471
2198 0.000523 0.337994
2199 0.000582 0.338576
2200 0.000268 0.338844
2201 0.000336 0.339180
2202 0.000513 0.339693
2203 0.000338 0.340031
2204 0.000490 0.340521
2205 0.000334 0.340855
2206 0.000411 0.341266
2207 0.000306 0.341572
2208 0.000383 0.341955
2209 0.000354 0.342309
2210 0.000299 0.342608
2211 0.000372 0.342980
2212 0.000275 0.343255
2213 0.000311 0.343566
2214 0.000331 0.343897
2215 0.000347 0.344244
2216 0.000268 0.344512
2217 0.000339 0.344851
2218 0.000378 0.345229
2219 0.000339 0.345568
2220 0.000299 0.345867
2221 0.000278 0.346145
2222 0.000280 0.346425
2223 0.000563 0.346988
2224 0.000290 0.347278
2225 0.000620 0.347898
2226 0.000608 0.348506
2227 0.000678 0.349184
2228 0.000672 0.349856
2229 0.000362 0.350218
2230 0.000314 0.350532
2231 0.000320 0.350852
2232 0.000347 0.351199
2233 0.000574 0.351773
2234 0.000780 0.352553
2235 0.000805 0.353358
2236 0.000364 0.353722
2237 0.000525 0.354247
2238 0.000545 0.354792
2239 0.000557 0.355349
2240 0.000500 0.355849
2241 0.000366 0.356215
2242 0.000576 0.356791
2243 0.000526 0.357317
2244 0.000599 0.357916
2245 0.000451 0.358367
2246 0.000541 0.358908
2247 0.000558 0.359466
2248 0.000686 0.360152
2249 0.000588 0.360740
2250 0.000374 0.361114
2251 0.000539 0.361653
2252 0.000561 0.362214
2253 0.000507 0.362721
2254 0.000265 0.362986
2255 0.000521 0.363507
2256 0.000517 0.364024
2257 0.000520 0.364544
2258 0.000498 0.365042
2259 0.000482 0.365524
2260 0.000440 0.365964
2261 0.000274 0.366238
2262 0.000445 0.366683
2263 0.000351 0.367034
2264 0.000472 0.367506
2265 0.000445 0.367951
2266 0.000425 0.368376
2267 0.000418 0.368794
2268 0.000539 0.369333
2269 0.000407 0.369740
2270 0.000591 0.370331
2271 0.000636 0.370967
2272 0.000423 0.371390
2273 0.000693 0.372083
2274 0.000178 0.372261
2275 0.000525 0.372786
2276 0.000686 0.373472
2277 0.000685 0.374157
2278 0.000633 0.374790
2279 0.000704 0.375494
2280 0.000656 0.376150
2281 0.000315 0.376465
2282 0.000702 0.377167
2283 0.000636 0.377803
2284 0.000708 0.378511
2285 0.000288 0.378799
2286 0.000369 0.379168
2287 0.000617 0.379785
2288 0.000640 0.380425
2289 0.000656 0.381081
2290 0.000701 0.381782
2291 0.000587 0.382369
2292 0.000495 0.382864
2293 0.000552 0.383416
2294 0.000556 0.383972
2295 0.000597 0.384569
2296 0.000593 0.385162
2297 0.000651 0.385813
2298 0.000387 0.386200
2299 0.000607 0.386807
2300 0.000619 0.387426
2301 0.000569 0.387995
2302 0.000739 0.388734
2303 0.000692 0.389426
2304 0.000809 0.390235
2305 0.000533 0.390768
2306 0.000344 0.391112
2307 0.000538 0.391650
2308 0.000524 0.392174
2309 0.000610 0.392784
2310 0.000503 0.393287
2311 0.000639 0.393926
2312 0.000827 0.394753
2313 0.000754 0.395507
2314 0.000610 0.396117
2315 0.000398 0.396515
2316 0.000634 0.397149
2317 0.000496 0.397645
2318 0.000555 0.398200
2319 0.000626 0.398826
2320 0.000659 0.399485
2321 0.000785 0.400270
2322 0.000398 0.400668
2323 0.000306 0.400974
2324 0.000595 0.401569
2325 0.000561 0.402130
2326 0.000586 0.402716
2327 0.000506 0.403222
2328 0.000752 0.403974
2329 0.000523 0.404497
2330 0.000673 0.405170
2331 0.000937 0.406107
2332 0.000509 0.406616
2333 0.000632 0.407248
2334 0.000650 0.407898
2335 0.000773 0.408671
2336 0.000458 0.409129
2337 0.000328 0.409457
2338 0.000748 0.410205
2339 0.000518 0.410723
2340 0.000515 0.411238
2341 0.000595 0.411833
2342 0.000640 0.412473
2343 0.000689 0.413162
2344 0.000645 0.413807
2345 0.000556 0.414363
2346 0.000682 0.415045
2347 0.000766 0.415811
2348 0.000351 0.416162
2349 0.000792 0.416954
2350 0.000654 0.417608
2351 0.000741 0.418349
2352 0.000678 0.419027
2353 0.000634 0.419661
2354 0.000258 0.419919
2355 0.000682 0.420601
2356 0.000658 0.421259
2357 0.000772 0.422031
2358 0.000809 0.422840
2359 0.000672 0.423512
2360 0.000762 0.424274
2361 0.000767 0.425041
2362 0.000558 0.425599
2363 0.000597 0.426196
2364 0.000778 0.426974
2365 0.000647 0.427621
2366 0.000677 0.428298
2367 0.000696 0.428994
2368 0.000494 0.429488
2369 0.000622 0.430110
2370 0.000672 0.430782
2371 0.000559 0.431341
2372 0.000672 0.432013
2373 0.000606 0.432619
2374 0.000693 0.433312
2375 0.000671 0.433983
2376 0.000608 0.434591
2377 0.000825 0.435416
2378 0.000917 0.436333
2379 0.000675 0.437008
2380 0.000400 0.437408
2381 0.000671 0.438079
2382 0.000946 0.439025
2383 0.000705 0.439730
2384 0.000569 0.440299
2385 0.000392 0.440691
2386 0.000199 0.440890
2387 0.000623 0.441513
2388 0.000225 0.441738
2389 0.000296 0.442034
2390 0.000626 0.442660
2391 0.000527 0.443187
2392 0.000701 0.443888
2393 0.000577 0.444465
2394 0.000731 0.445196
2395 0.000472 0.445668
2396 0.000691 0.446359
2397 0.000635 0.446994
2398 0.000549 0.447543
2399 0.000644 0.448187
2400 0.000685 0.448872
2401 0.000757 0.449629
2402 0.000748 0.450377
2403 0.000638 0.451015
2404 0.000284 0.451299
2405 0.000699 0.451998
2406 0.000665 0.452663
2407 0.000671 0.453334
2408 0.000501 0.453835
2409 0.000842 0.454677
2410 0.000824 0.455501
2411 0.000567 0.456068
2412 0.000545 0.456613
2413 0.000617 0.457230
2414 0.000279 0.457509
2415 0.000819 0.458328
2416 0.000902 0.459230
2417 0.000649 0.459879
2418 0.000420 0.460299
2419 0.000790 0.461089
2420 0.000582 0.461671
2421 0.000568 0.462239
2422 0.000459 0.462698
2423 0.000710 0.463408
2424 0.000760 0.464168
2425 0.000857 0.465025
2426 0.000842 0.465867
2427 0.000749 0.466616
2428 0.000765 0.467381
2429 0.000787 0.468168
2430 0.000829 0.468997
2431 0.000719 0.469716
2432 0.000375 0.470091
2433 0.000929 0.471020
2434 0.000867 0.471887
2435 0.000683 0.472570
2436 0.001025 0.473595
2437 0.000806 0.474401
2438 0.000729 0.475130
2439 0.000822 0.475952
2440 0.000791 0.476743
2441 0.001142 0.477885
2442 0.000756 0.478641
2443 0.000763 0.479404
2444 0.000879 0.480283
2445 0.000444 0.480727
2446 0.000566 0.481293
2447 0.000690 0.481983
2448 0.000760 0.482743
2449 0.000412 0.483155
2450 0.001045 0.484200
2451 0.000822 0.485022
2452 0.000923 0.485945
2453 0.000663 0.486608
2454 0.000819 0.487427
2455 0.000864 0.488291
2456 0.000986 0.489277
2457 0.001068 0.490345
2458 0.001065 0.491410
2459 0.000927 0.492337
2460 0.001145 0.493482
2461 0.001155 0.494637
2462 0.000579 0.495216
2463 0.001399 0.496615
2464 0.001088 0.497703
2465 0.001395 0.499098
2466 0.000880 0.499978
2467 0.001064 0.501042
2468 0.000763 0.501805
2469 0.001184 0.502989
2470 0.001138 0.504127
2471 0.000547 0.504674
2472 0.000961 0.505635
2473 0.000858 0.506493
2474 0.001217 0.507710
2475 0.000874 0.508584
2476 0.001285 0.509869
2477 0.000887 0.510756
2478 0.000216 0.510972
2479 0.000919 0.511891
2480 0.000831 0.512722
2481 0.000875 0.513597
2482 0.001060 0.514657
2483 0.000815 0.515472
2484 0.000601 0.516073
2485 0.001046 0.517119
2486 0.000986 0.518105
2487 0.000997 0.519102
2488 0.001002 0.520104
2489 0.001059 0.521163
2490 0.001046 0.522209
2491 0.001081 0.523290
2492 0.000890 0.524180
2493 0.000932 0.525112
2494 0.001045 0.526157
2495 0.000980 0.527137
2496 0.001274 0.528411
2497 0.001094 0.529505
2498 0.001302 0.530807
2499 0.000510 0.531317
2500 0.001043 0.532360
2501 0.001180 0.533540
2502 0.001237 0.534777
2503 0.001306 0.536083
2504 0.001105 0.537188
2505 0.000915 0.538103
2506 0.000931 0.539034
2507 0.001342 0.540376
2508 0.001252 0.541628
2509 0.001251 0.542879
2510 0.001240 0.544119
2511 0.000689 0.544808
2512 0.001377 0.546185
2513 0.000878 0.547063
2514 0.000979 0.548042
2515 0.001168 0.549210
2516 0.001197 0.550407
2517 0.001144 0.551551
2518 0.001346 0.552897
2519 0.001220 0.554117
2520 0.001280 0.555397
2521 0.001419 0.556816
2522 0.001464 0.558280
2523 0.001600 0.559880
2524 0.001319 0.561199
2525 0.001056 0.562255
2526 0.000965 0.563220
2527 0.001419 0.564639
2528 0.001075 0.565714
2529 0.001468 0.567182
2530 0.000919 0.568101
2531 0.001199 0.569300
2532 0.001299 0.570599
2533 0.000705 0.571304
2534 0.001645 0.572949
2535 0.000711 0.573660
2536 0.001116 0.574776
2537 0.000661 0.575437
2538 0.001255 0.576692
2539 0.001592 0.578284
2540 0.001655 0.579939
2541 0.000739 0.580678
2542 0.001661 0.582339
2543 0.001082 0.583421
2544 0.000895 0.584316
2545 0.001460 0.585776
2546 0.001319 0.587095
2547 0.001119 0.588214
2548 0.001418 0.589632
2549 0.001414 0.591046
2550 0.001569 0.592615
2551 0.001496 0.594111
2552 0.000865 0.594976
2553 0.001451 0.596427
2554 0.001622 0.598049
2555 0.000851 0.598900
2556 0.001255 0.600155
2557 0.000910 0.601065
2558 0.001466 0.602531
2559 0.001518 0.604049
2560 0.001228 0.605277
2561 0.001477 0.606754
2562 0.001556 0.608310
2563 0.001646 0.609956
2564 0.001727 0.611683
2565 0.001348 0.613031
2566 0.000992 0.614023
2567 0.000539 0.614562
2568 0.000948 0.615510
2569 0.001488 0.616998
2570 0.001694 0.618692
2571 0.001760 0.620452
2572 0.001628 0.622080
2573 0.001916 0.623996
2574 0.000897 0.624893
2575 0.000905 0.625798
2576 0.001552 0.627350
2577 0.001468 0.628818
2578 0.000261 0.629079
2579 0.001537 0.630616
2580 0.001729 0.632345
2581 0.001272 0.633617
2582 0.001710 0.635327
2583 0.001722 0.637049
2584 0.001651 0.638700
2585 0.001614 0.640314
2586 0.001677 0.641991
2587 0.001624 0.643615
2588 0.000540 0.644155
2589 0.002083 0.646238
2590 0.001691 0.647929
2591 0.000841 0.648770
2592 0.001333 0.650103
2593 0.001612 0.651715
2594 0.000868 0.652583
2595 0.001082 0.653665
2596 0.001977 0.655642
2597 0.000991 0.656633
2598 0.000447 0.657080
2599 0.000677 0.657757
2600 0.001900 0.659657
2601 0.001574 0.661231
2602 0.001965 0.663196
2603 0.000498 0.663694
2604 0.001679 0.665373
2605 0.000728 0.666101
2606 0.001416 0.667517
2607 0.001439 0.668956
2608 0.000926 0.669882
2609 0.001595 0.671477
2610 0.001418 0.672895
2611 0.000710 0.673605
2612 0.001093 0.674698
2613 0.001581 0.676279
2614 0.001543 0.677822
2615 0.000264 0.678086
2616 0.001358 0.679444
2617 0.001461 0.680905
2618 0.001172 0.682077
2619 0.001356 0.683433
2620 0.001551 0.684984
2621 0.001699 0.686683
2622 0.001596 0.688279
2623 0.000633 0.688912
2624 0.001294 0.690206
2625 0.001579 0.691785
2626 0.002357 0.694142
2627 0.001408 0.695550
2628 0.000759 0.696309
2629 0.001733 0.698042
2630 0.001839 0.699881
2631 0.002668 0.702549
2632 0.001401 0.703950
2633 0.001914 0.705864
2634 0.002661 0.708525
2635 0.001619 0.710144
2636 0.001413 0.711557
2637 0.002794 0.714351
2638 0.001945 0.716296
2639 0.001951 0.718247
2640 0.000556 0.718803
2641 0.001392 0.720195
2642 0.000778 0.720973
2643 0.000543 0.721516
2644 0.001939 0.723455
2645 0.002174 0.725629
2646 0.001356 0.726985
2647 0.001966 0.728951
2648 0.000856 0.729807
2649 0.000667 0.730474
2650 0.001394 0.731868
2651 0.000587 0.732455
2652 0.001992 0.734447
2653 0.001496 0.735943
2654 0.002300 0.738243
2655 0.001775 0.740018
2656 0.001905 0.741923
2657 0.001739 0.743662
2658 0.000940 0.744602
2659 0.000782 0.745384
2660 0.001770 0.747154
2661 0.001837 0.748991
2662 0.002007 0.750998
2663 0.001501 0.752499
2664 0.002407 0.754906
2665 0.001773 0.756679
2666 0.001804 0.758483
2667 0.002002 0.760485
2668 0.001999 0.762484
2669 0.001290 0.763774
2670 0.002147 0.765921
2671 0.001947 0.767868
2672 0.000444 0.768312
2673 0.001988 0.770300
2674 0.001738 0.772038
2675 0.001745 0.773783
2676 0.001847 0.775630
2677 0.001167 0.776797
2678 0.002108 0.778905
2679 0.001288 0.780193
2680 0.002365 0.782558
2681 0.002032 0.784590
2682 0.001897 0.786487
2683 0.001685 0.788172
2684 0.001908 0.790080
2685 0.001878 0.791958
2686 0.001107 0.793065
2687 0.001799 0.794864
2688 0.002160 0.797024
2689 0.001871 0.798895
2690 0.002488 0.801383
2691 0.001669 0.803052
2692 0.002022 0.805074
2693 0.002042 0.807116
2694 0.002228 0.809344
2695 0.002166 0.811510
2696 0.002496 0.814006
2697 0.000934 0.814940
2698 0.001754 0.816694
2699 0.001956 0.818650
2700 0.000244 0.818894
2701 0.001632 0.820526
2702 0.002495 0.823021
2703 0.000649 0.823670
2704 0.001802 0.825472
2705 0.001773 0.827245
2706 0.002087 0.829332
2707 0.002813 0.832145
2708 0.002725 0.834870
2709 0.001320 0.836190
2710 0.001858 0.838048
2711 0.001621 0.839669
2712 0.002284 0.841953
2713 0.001587 0.843540
2714 0.002767 0.846307
2715 0.002609 0.848916
2716 0.002755 0.851671
2717 0.001841 0.853512
2718 0.002541 0.856053
2719 0.000557 0.856610
2720 0.002585 0.859195
2721 0.001015 0.860210
2722 0.002630 0.862840
2723 0.001558 0.864398
2724 0.002315 0.866713
2725 0.002682 0.869395
2726 0.001618 0.871013
2727 0.002285 0.873298
2728 0.002051 0.875349
2729 0.002734 0.878083
2730 0.002637 0.880720
2731 0.001776 0.882496
2732 0.002557 0.885053
2733 0.002668 0.887721
2734 0.001527 0.889248
2735 0.002002 0.891250
2736 0.002697 0.893947
2737 0.002994 0.896941
2738 0.002417 0.899358
2739 0.002517 0.901875
2740 0.002366 0.904241
2741 0.002827 0.907068
2742 0.003512 0.910580
2743 0.002830 0.913410
2744 0.002967 0.916377
2745 0.002699 0.919076
2746 0.002992 0.922068
2747 0.003219 0.925287
2748 0.003219 0.928506
2749 0.002225 0.930731
2750 0.003294 0.934025
2751 0.003144 0.937169
2752 0.003160 0.940329
2753 0.003443 0.943772
2754 0.001075 0.944847
2755 0.000802 0.945649
2756 0.003263 0.948912
2757 0.003181 0.952093
2758 0.001749 0.953842
2759 0.003290 0.957132
2760 0.003418 0.960550
2761 0.002134 0.962684
2762 0.003760 0.966444
2763 0.003512 0.969956
2764 0.003601 0.973557
2765 0.000832 0.974389
2766 0.002907 0.977296
2767 0.003411 0.980707
2768 0.003240 0.983947
2769 0.003694 0.987641
2770 0.003585 0.991226
2771 0.002463 0.993689
2772 0.003148 0.996837
2773 0.003508 1.000345
2774 0.003899 1.004244
2775 0.003085 1.007329
2776 0.003695 1.011024
2777 0.004087 1.015111
2778 0.003696 1.018807
2779 0.002185 1.020992
2780 0.004344 1.025336
2781 0.004363 1.029699
2782 0.002990 1.032689
2783 0.004289 1.036978
2784 0.001475 1.038453
2785 0.003543 1.041996
2786 0.004190 1.046186
2787 0.004624 1.050810
2788 0.005178 1.055988
2789 0.001114 1.057102
2790 0.003722 1.060824
2791 0.003587 1.064411
2792 0.004119 1.068530
2793 0.002996 1.071526
2794 0.003347 1.074873
2795 0.002566 1.077439
2796 0.003736 1.081175
2797 0.004141 1.085316
2798 0.004418 1.089734
2799 0.001960 1.091694
2800 0.005427 1.097121
2801 0.002851 1.099972
2802 0.003607 1.103579
2803 0.003809 1.107388
2804 0.004298 1.111686
2805 0.004583 1.116269
2806 0.003702 1.119971
2807 0.004397 1.124368
2808 0.004440 1.128808
2809 0.004190 1.132998
2810 0.004689 1.137687
2811 0.004661 1.142348
2812 0.003920 1.146268
2813 0.003897 1.150165
2814 0.004109 1.154274
2815 0.004353 1.158627
2816 0.004338 1.162965
2817 0.003216 1.166181
2818 0.003923 1.170104
2819 0.004318 1.174422
2820 0.005014 1.179436
2821 0.004951 1.184387
2822 0.004371 1.188758
2823 0.005144 1.193902
2824 0.002512 1.196414
2825 0.004504 1.200918
2826 0.005139 1.206057
2827 0.001500 1.207557
2828 0.000554 1.208111
2829 0.004712 1.212823
2830 0.004714 1.217537
2831 0.004841 1.222378
2832 0.005397 1.227775
2833 0.001679 1.229454
2834 0.005461 1.234915
2835 0.000409 1.235324
2836 0.004686 1.240010
2837 0.005472 1.245482
2838 0.004897 1.250379
2839 0.005266 1.255645
2840 0.005119 1.260764
2841 0.004104 1.264868
2842 0.004946 1.269814
2843 0.004739 1.274553
2844 0.005023 1.279576
2845 0.006795 1.286371
done 2845 0.006787 1.293158
