#secondnet
init 0 0
1 0.000159 0.000159
2 0.000120 0.000279
3 0.000097 0.000376
4 0.000092 0.000468
5 0.000097 0.000565
6 0.000081 0.000646
7 0.000085 0.000731
8 0.000092 0.000823
9 0.000091 0.000914
10 0.000088 0.001002
11 0.000093 0.001095
12 0.000087 0.001182
13 0.000091 0.001273
14 0.000103 0.001376
15 0.000087 0.001463
16 0.000104 0.001567
17 0.000100 0.001667
18 0.000095 0.001762
19 0.000101 0.001863
20 0.000098 0.001961
21 0.000097 0.002058
22 0.000099 0.002157
23 0.000092 0.002249
24 0.000102 0.002351
25 0.000085 0.002436
26 0.000097 0.002533
27 0.000096 0.002629
28 0.000111 0.002740
29 0.000101 0.002841
30 0.000102 0.002943
31 0.000101 0.003044
32 0.000085 0.003129
33 0.000092 0.003221
34 0.000088 0.003309
35 0.000085 0.003394
36 0.000095 0.003489
37 0.000092 0.003581
38 0.000096 0.003677
39 0.000101 0.003778
40 0.000103 0.003881
41 0.000096 0.003977
42 0.000101 0.004078
43 0.000084 0.004162
44 0.000096 0.004258
45 0.000102 0.004360
46 0.000101 0.004461
47 0.000095 0.004556
48 0.000086 0.004642
49 0.000106 0.004748
50 0.000102 0.004850
51 0.000090 0.004940
52 0.000108 0.005048
53 0.000097 0.005145
54 0.000106 0.005251
55 0.000095 0.005346
56 0.000101 0.005447
57 0.000101 0.005548
58 0.000107 0.005655
59 0.000089 0.005744
60 0.000100 0.005844
61 0.000101 0.005945
62 0.000087 0.006032
63 0.000092 0.006124
64 0.000092 0.006216
65 0.000103 0.006319
66 0.000103 0.006422
67 0.000104 0.006526
68 0.000101 0.006627
69 0.000096 0.006723
70 0.000105 0.006828
71 0.000102 0.006930
72 0.000096 0.007026
73 0.000104 0.007130
74 0.000103 0.007233
75 0.000096 0.007329
76 0.000106 0.007435
77 0.000096 0.007531
78 0.000105 0.007636
79 0.000096 0.007732
80 0.000109 0.007841
81 0.000102 0.007943
82 0.000102 0.008045
83 0.000101 0.008146
84 0.000114 0.008260
85 0.000111 0.008371
86 0.000113 0.008484
87 0.000097 0.008581
88 0.000089 0.008670
89 0.000108 0.008778
90 0.000106 0.008884
91 0.000107 0.008991
92 0.000092 0.009083
93 0.000105 0.009188
94 0.000102 0.009290
95 0.000091 0.009381
96 0.000090 0.009471
97 0.000099 0.009570
98 0.000091 0.009661
99 0.000096 0.009757
100 0.000104 0.009861
101 0.000092 0.009953
102 0.000100 0.010053
103 0.000103 0.010156
104 0.000099 0.010255
105 0.000088 0.010343
106 0.000105 0.010448
107 0.000086 0.010534
108 0.000105 0.010639
109 0.000106 0.010745
110 0.000117 0.010862
111 0.000109 0.010971
112 0.000103 0.011074
113 0.000111 0.011185
114 0.000095 0.011280
115 0.000097 0.011377
116 0.000110 0.011487
117 0.000098 0.011585
118 0.000094 0.011679
119 0.000106 0.011785
120 0.000088 0.011873
121 0.000100 0.011973
122 0.000095 0.012068
123 0.000091 0.012159
124 0.000100 0.012259
125 0.000111 0.012370
126 0.000096 0.012466
127 0.000102 0.012568
128 0.000109 0.012677
129 0.000096 0.012773
130 0.000097 0.012870
131 0.000090 0.012960
132 0.000114 0.013074
133 0.000108 0.013182
134 0.000099 0.013281
135 0.000101 0.013382
136 0.000110 0.013492
137 0.000107 0.013599
138 0.000123 0.013722
139 0.000093 0.013815
140 0.000107 0.013922
141 0.000105 0.014027
142 0.000100 0.014127
143 0.000101 0.014228
144 0.000106 0.014334
145 0.000096 0.014430
146 0.000093 0.014523
147 0.000094 0.014617
148 0.000102 0.014719
149 0.000106 0.014825
150 0.000104 0.014929
151 0.000100 0.015029
152 0.000107 0.015136
153 0.000100 0.015236
154 0.000100 0.015336
155 0.000097 0.015433
156 0.000103 0.015536
157 0.000100 0.015636
158 0.000105 0.015741
159 0.000104 0.015845
160 0.000100 0.015945
161 0.000106 0.016051
162 0.000095 0.016146
163 0.000097 0.016243
164 0.000108 0.016351
165 0.000114 0.016465
166 0.000105 0.016570
167 0.000103 0.016673
168 0.000104 0.016777
169 0.000101 0.016878
170 0.000101 0.016979
171 0.000095 0.017074
172 0.000097 0.017171
173 0.000106 0.017277
174 0.000104 0.017381
175 0.000091 0.017472
176 0.000098 0.017570
177 0.000098 0.017668
178 0.000104 0.017772
179 0.000112 0.017884
180 0.000101 0.017985
181 0.000110 0.018095
182 0.000100 0.018195
183 0.000103 0.018298
184 0.000098 0.018396
185 0.000092 0.018488
186 0.000108 0.018596
187 0.000102 0.018698
188 0.000103 0.018801
189 0.000100 0.018901
190 0.000106 0.019007
191 0.000107 0.019114
192 0.000122 0.019236
193 0.000113 0.019349
194 0.000103 0.019452
195 0.000102 0.019554
196 0.000106 0.019660
197 0.000097 0.019757
198 0.000094 0.019851
199 0.000099 0.019950
200 0.000102 0.020052
201 0.000099 0.020151
202 0.000095 0.020246
203 0.000122 0.020368
204 0.000112 0.020480
205 0.000119 0.020599
206 0.000107 0.020706
207 0.000100 0.020806
208 0.000098 0.020904
209 0.000101 0.021005
210 0.000104 0.021109
211 0.000103 0.021212
212 0.000098 0.021310
213 0.000095 0.021405
214 0.000101 0.021506
215 0.000102 0.021608
216 0.000102 0.021710
217 0.000102 0.021812
218 0.000094 0.021906
219 0.000105 0.022011
220 0.000113 0.022124
221 0.000098 0.022222
222 0.000096 0.022318
223 0.000105 0.022423
224 0.000097 0.022520
225 0.000090 0.022610
226 0.000104 0.022714
227 0.000104 0.022818
228 0.000107 0.022925
229 0.000102 0.023027
230 0.000111 0.023138
231 0.000097 0.023235
232 0.000103 0.023338
233 0.000101 0.023439
234 0.000097 0.023536
235 0.000095 0.023631
236 0.000099 0.023730
237 0.000096 0.023826
238 0.000102 0.023928
239 0.000090 0.024018
240 0.000110 0.024128
241 0.000109 0.024237
242 0.000109 0.024346
243 0.000095 0.024441
244 0.000107 0.024548
245 0.000090 0.024638
246 0.000099 0.024737
247 0.000123 0.024860
248 0.000100 0.024960
249 0.000104 0.025064
250 0.000101 0.025165
251 0.000101 0.025266
252 0.000101 0.025367
253 0.000102 0.025469
254 0.000110 0.025579
255 0.000180 0.025759
256 0.000095 0.025854
257 0.000103 0.025957
258 0.000099 0.026056
259 0.000103 0.026159
260 0.000105 0.026264
261 0.000092 0.026356
262 0.000101 0.026457
263 0.000101 0.026558
264 0.000096 0.026654
265 0.000098 0.026752
266 0.000101 0.026853
267 0.000106 0.026959
268 0.000108 0.027067
269 0.000100 0.027167
270 0.000102 0.027269
271 0.000102 0.027371
272 0.000114 0.027485
273 0.000094 0.027579
274 0.000146 0.027725
275 0.000108 0.027833
276 0.000100 0.027933
277 0.000093 0.028026
278 0.000108 0.028134
279 0.000103 0.028237
280 0.000126 0.028363
281 0.000102 0.028465
282 0.000102 0.028567
283 0.000107 0.028674
284 0.000101 0.028775
285 0.000088 0.028863
286 0.000103 0.028966
287 0.000106 0.029072
288 0.000096 0.029168
289 0.000107 0.029275
290 0.000098 0.029373
291 0.000098 0.029471
292 0.000103 0.029574
293 0.000098 0.029672
294 0.000088 0.029760
295 0.000102 0.029862
296 0.000090 0.029952
297 0.000093 0.030045
298 0.000097 0.030142
299 0.000099 0.030241
300 0.000094 0.030335
301 0.000102 0.030437
302 0.000102 0.030539
303 0.000091 0.030630
304 0.000109 0.030739
305 0.000113 0.030852
306 0.000102 0.030954
307 0.000111 0.031065
308 0.000103 0.031168
309 0.000100 0.031268
310 0.000101 0.031369
311 0.000103 0.031472
312 0.000113 0.031585
313 0.000104 0.031689
314 0.000097 0.031786
315 0.000102 0.031888
316 0.000106 0.031994
317 0.000124 0.032118
318 0.000129 0.032247
319 0.000112 0.032359
320 0.000104 0.032463
321 0.000104 0.032567
322 0.000106 0.032673
323 0.000096 0.032769
324 0.000105 0.032874
325 0.000144 0.033018
326 0.000147 0.033165
327 0.000131 0.033296
328 0.000097 0.033393
329 0.000114 0.033507
330 0.000101 0.033608
331 0.000105 0.033713
332 0.000123 0.033836
333 0.000106 0.033942
334 0.000104 0.034046
335 0.000147 0.034193
336 0.000100 0.034293
337 0.000096 0.034389
338 0.000098 0.034487
339 0.000104 0.034591
340 0.000092 0.034683
341 0.000098 0.034781
342 0.000137 0.034918
343 0.000105 0.035023
344 0.000104 0.035127
345 0.000102 0.035229
346 0.000102 0.035331
347 0.000118 0.035449
348 0.000107 0.035556
349 0.000132 0.035688
350 0.000094 0.035782
351 0.000152 0.035934
352 0.000141 0.036075
353 0.000187 0.036262
354 0.000117 0.036379
355 0.000094 0.036473
356 0.000119 0.036592
357 0.000129 0.036721
358 0.000118 0.036839
359 0.000140 0.036979
360 0.000133 0.037112
361 0.000094 0.037206
362 0.000095 0.037301
363 0.000107 0.037408
364 0.000092 0.037500
365 0.000099 0.037599
366 0.000112 0.037711
367 0.000107 0.037818
368 0.000123 0.037941
369 0.000101 0.038042
370 0.000143 0.038185
371 0.000152 0.038337
372 0.000102 0.038439
373 0.000106 0.038545
374 0.000134 0.038679
375 0.000122 0.038801
376 0.000094 0.038895
377 0.000105 0.039000
378 0.000105 0.039105
379 0.000103 0.039208
380 0.000133 0.039341
381 0.000109 0.039450
382 0.000145 0.039595
383 0.000102 0.039697
384 0.000105 0.039802
385 0.000101 0.039903
386 0.000134 0.040037
387 0.000101 0.040138
388 0.000096 0.040234
389 0.000113 0.040347
390 0.000160 0.040507
391 0.000223 0.040730
392 0.000127 0.040857
393 0.000127 0.040984
394 0.000205 0.041189
395 0.000116 0.041305
396 0.000201 0.041506
397 0.000224 0.041730
398 0.000178 0.041908
399 0.000116 0.042024
400 0.000138 0.042162
401 0.000096 0.042258
402 0.000144 0.042402
403 0.000197 0.042599
404 0.000099 0.042698
405 0.000210 0.042908
406 0.000263 0.043171
407 0.000283 0.043454
408 0.000096 0.043550
409 0.000202 0.043752
410 0.000105 0.043857
411 0.000129 0.043986
412 0.000203 0.044189
413 0.000152 0.044341
414 0.000148 0.044489
415 0.000245 0.044734
416 0.000134 0.044868
417 0.000148 0.045016
418 0.000378 0.045394
419 0.000106 0.045500
420 0.000097 0.045597
421 0.000270 0.045867
422 0.000110 0.045977
423 0.000135 0.046112
424 0.000135 0.046247
425 0.000103 0.046350
426 0.000103 0.046453
427 0.000104 0.046557
428 0.000105 0.046662
429 0.000111 0.046773
430 0.000132 0.046905
431 0.000132 0.047037
432 0.000129 0.047166
433 0.000160 0.047326
434 0.000102 0.047428
435 0.000108 0.047536
436 0.000611 0.048147
437 0.000200 0.048347
438 0.000144 0.048491
439 0.000181 0.048672
440 0.000136 0.048808
441 0.000100 0.048908
442 0.000103 0.049011
443 0.000105 0.049116
444 0.000107 0.049223
445 0.000136 0.049359
446 0.000133 0.049492
447 0.000157 0.049649
448 0.000228 0.049877
449 0.000189 0.050066
450 0.000132 0.050198
451 0.000197 0.050395
452 0.000296 0.050691
453 0.000139 0.050830
454 0.000108 0.050938
455 0.000207 0.051145
456 0.000153 0.051298
457 0.000189 0.051487
458 0.000249 0.051736
459 0.000183 0.051919
460 0.000190 0.052109
461 0.000176 0.052285
462 0.000207 0.052492
463 0.000186 0.052678
464 0.000180 0.052858
465 0.000161 0.053019
466 0.000226 0.053245
467 0.000233 0.053478
468 0.000113 0.053591
469 0.000202 0.053793
470 0.000134 0.053927
471 0.000363 0.054290
472 0.000172 0.054462
473 0.000094 0.054556
474 0.000318 0.054874
475 0.000184 0.055058
476 0.000132 0.055190
477 0.000250 0.055440
478 0.000185 0.055625
479 0.000132 0.055757
480 0.000250 0.056007
481 0.000101 0.056108
482 0.000121 0.056229
483 0.000103 0.056332
484 0.000124 0.056456
485 0.000172 0.056628
486 0.000150 0.056778
487 0.000188 0.056966
488 0.000235 0.057201
489 0.000100 0.057301
490 0.000151 0.057452
491 0.000097 0.057549
492 0.000176 0.057725
493 0.000129 0.057854
494 0.000266 0.058120
495 0.000174 0.058294
496 0.000195 0.058489
497 0.000172 0.058661
498 0.000120 0.058781
499 0.000364 0.059145
500 0.000154 0.059299
501 0.000186 0.059485
done 501 0.000902 0.060387
