#secondnet
init 0 0
1 0.000286 0.000286
2 0.000220 0.000506
3 0.000182 0.000688
4 0.000202 0.000890
5 0.000187 0.001077
6 0.000205 0.001282
7 0.000190 0.001472
8 0.000214 0.001686
9 0.000181 0.001867
10 0.000176 0.002043
11 0.000184 0.002227
12 0.000189 0.002416
13 0.000188 0.002604
14 0.000180 0.002784
15 0.000169 0.002953
16 0.000187 0.003140
17 0.000188 0.003328
18 0.000172 0.003500
19 0.000184 0.003684
20 0.000210 0.003894
21 0.000193 0.004087
22 0.000172 0.004259
23 0.000218 0.004477
24 0.000188 0.004665
25 0.000204 0.004869
26 0.000235 0.005104
27 0.000210 0.005314
28 0.000205 0.005519
29 0.000207 0.005726
30 0.000186 0.005912
31 0.000211 0.006123
32 0.000205 0.006328
33 0.000188 0.006516
34 0.000187 0.006703
35 0.000183 0.006886
36 0.000233 0.007119
37 0.000200 0.007319
38 0.000190 0.007509
39 0.000184 0.007693
40 0.000234 0.007927
41 0.000216 0.008143
42 0.000213 0.008356
43 0.000200 0.008556
44 0.000200 0.008756
45 0.000189 0.008945
46 0.000208 0.009153
47 0.000197 0.009350
48 0.000198 0.009548
49 0.000222 0.009770
50 0.000188 0.009958
51 0.000204 0.010162
52 0.000181 0.010343
53 0.000213 0.010556
54 0.000222 0.010778
55 0.000206 0.010984
56 0.000179 0.011163
57 0.000209 0.011372
58 0.000207 0.011579
59 0.000186 0.011765
60 0.000229 0.011994
61 0.000197 0.012191
62 0.000203 0.012394
63 0.000192 0.012586
64 0.000214 0.012800
65 0.000219 0.013019
66 0.000177 0.013196
67 0.000208 0.013404
68 0.000212 0.013616
69 0.000205 0.013821
70 0.000189 0.014010
71 0.000205 0.014215
72 0.000233 0.014448
73 0.000211 0.014659
74 0.000226 0.014885
75 0.000193 0.015078
76 0.000197 0.015275
77 0.000206 0.015481
78 0.000220 0.015701
79 0.000215 0.015916
80 0.000229 0.016145
81 0.000216 0.016361
82 0.000227 0.016588
83 0.000212 0.016800
84 0.000226 0.017026
85 0.000245 0.017271
86 0.000258 0.017529
87 0.000253 0.017782
88 0.000231 0.018013
89 0.000243 0.018256
90 0.000220 0.018476
91 0.000232 0.018708
92 0.000215 0.018923
93 0.000208 0.019131
94 0.000236 0.019367
95 0.000197 0.019564
96 0.000208 0.019772
97 0.000201 0.019973
98 0.000212 0.020185
99 0.000200 0.020385
100 0.000221 0.020606
101 0.000235 0.020841
102 0.000238 0.021079
103 0.000237 0.021316
104 0.000217 0.021533
105 0.000235 0.021768
106 0.000217 0.021985
107 0.000204 0.022189
108 0.000200 0.022389
109 0.000227 0.022616
110 0.000194 0.022810
111 0.000234 0.023044
112 0.000223 0.023267
113 0.000206 0.023473
114 0.000211 0.023684
115 0.000210 0.023894
116 0.000210 0.024104
117 0.000206 0.024310
118 0.000192 0.024502
119 0.000215 0.024717
120 0.000200 0.024917
121 0.000228 0.025145
122 0.000216 0.025361
123 0.000238 0.025599
124 0.000213 0.025812
125 0.000214 0.026026
126 0.000214 0.026240
127 0.000211 0.026451
128 0.000242 0.026693
129 0.000238 0.026931
130 0.000207 0.027138
131 0.000221 0.027359
132 0.000203 0.027562
133 0.000229 0.027791
134 0.000233 0.028024
135 0.000227 0.028251
136 0.000200 0.028451
137 0.000207 0.028658
138 0.000207 0.028865
139 0.000241 0.029106
140 0.000262 0.029368
141 0.000213 0.029581
142 0.000239 0.029820
143 0.000225 0.030045
144 0.000227 0.030272
145 0.000240 0.030512
146 0.000208 0.030720
147 0.000212 0.030932
148 0.000223 0.031155
149 0.000218 0.031373
150 0.000217 0.031590
151 0.000212 0.031802
152 0.000254 0.032056
153 0.000188 0.032244
154 0.000207 0.032451
155 0.000244 0.032695
156 0.000202 0.032897
157 0.000231 0.033128
158 0.000194 0.033322
159 0.000221 0.033543
160 0.000212 0.033755
161 0.000210 0.033965
162 0.000223 0.034188
163 0.000240 0.034428
164 0.000204 0.034632
165 0.000222 0.034854
166 0.000222 0.035076
167 0.000231 0.035307
168 0.000224 0.035531
169 0.000200 0.035731
170 0.000218 0.035949
171 0.000248 0.036197
172 0.000210 0.036407
173 0.000216 0.036623
174 0.000229 0.036852
175 0.000240 0.037092
176 0.000211 0.037303
177 0.000229 0.037532
178 0.000231 0.037763
179 0.000209 0.037972
180 0.000227 0.038199
181 0.000234 0.038433
182 0.000219 0.038652
183 0.000207 0.038859
184 0.000247 0.039106
185 0.000217 0.039323
186 0.000219 0.039542
187 0.000222 0.039764
188 0.000232 0.039996
189 0.000204 0.040200
190 0.000201 0.040401
191 0.000253 0.040654
192 0.000256 0.040910
193 0.000219 0.041129
194 0.000225 0.041354
195 0.000219 0.041573
196 0.000224 0.041797
197 0.000217 0.042014
198 0.000219 0.042233
199 0.000233 0.042466
200 0.000243 0.042709
201 0.000215 0.042924
202 0.000249 0.043173
203 0.000209 0.043382
204 0.000241 0.043623
205 0.000229 0.043852
206 0.000244 0.044096
207 0.000204 0.044300
208 0.000232 0.044532
209 0.000224 0.044756
210 0.000241 0.044997
211 0.000233 0.045230
212 0.000242 0.045472
213 0.000229 0.045701
214 0.000242 0.045943
215 0.000253 0.046196
216 0.000221 0.046417
217 0.000258 0.046675
218 0.000242 0.046917
219 0.000209 0.047126
220 0.000227 0.047353
221 0.000215 0.047568
222 0.000229 0.047797
223 0.000216 0.048013
224 0.000251 0.048264
225 0.000238 0.048502
226 0.000218 0.048720
227 0.000223 0.048943
228 0.000249 0.049192
229 0.000233 0.049425
230 0.000222 0.049647
231 0.000276 0.049923
232 0.000240 0.050163
233 0.000212 0.050375
234 0.000214 0.050589
235 0.000239 0.050828
236 0.000253 0.051081
237 0.000225 0.051306
238 0.000213 0.051519
239 0.000227 0.051746
240 0.000209 0.051955
241 0.000215 0.052170
242 0.000223 0.052393
243 0.000207 0.052600
244 0.000239 0.052839
245 0.000213 0.053052
246 0.000229 0.053281
247 0.000261 0.053542
248 0.000224 0.053766
249 0.000241 0.054007
250 0.000347 0.054354
251 0.000204 0.054558
252 0.000240 0.054798
253 0.000260 0.055058
254 0.000215 0.055273
255 0.000395 0.055668
256 0.000235 0.055903
257 0.000240 0.056143
258 0.000246 0.056389
259 0.000267 0.056656
260 0.000203 0.056859
261 0.000231 0.057090
262 0.000234 0.057324
done 262 0.001167 0.058491
