#secondnet
init 0 0
1 0.000253 0.000253
2 0.000204 0.000457
3 0.000153 0.000610
4 0.000136 0.000746
5 0.000159 0.000905
6 0.000141 0.001046
7 0.000145 0.001191
8 0.000138 0.001329
9 0.000141 0.001470
10 0.000138 0.001608
11 0.000138 0.001746
12 0.000147 0.001893
13 0.000147 0.002040
14 0.000145 0.002185
15 0.000142 0.002327
16 0.000140 0.002467
17 0.000142 0.002609
18 0.000134 0.002743
19 0.000138 0.002881
20 0.000138 0.003019
21 0.000133 0.003152
22 0.000136 0.003288
23 0.000139 0.003427
24 0.000139 0.003566
25 0.000126 0.003692
26 0.000134 0.003826
27 0.000150 0.003976
28 0.000129 0.004105
29 0.000126 0.004231
30 0.000134 0.004365
31 0.000138 0.004503
32 0.000142 0.004645
33 0.000156 0.004801
34 0.000160 0.004961
35 0.000132 0.005093
36 0.000141 0.005234
37 0.000141 0.005375
38 0.000141 0.005516
39 0.000140 0.005656
40 0.000144 0.005800
41 0.000145 0.005945
42 0.000151 0.006096
43 0.000128 0.006224
44 0.000145 0.006369
45 0.000142 0.006511
46 0.000157 0.006668
47 0.000138 0.006806
48 0.000147 0.006953
49 0.000135 0.007088
50 0.000141 0.007229
51 0.000151 0.007380
52 0.000148 0.007528
53 0.000144 0.007672
54 0.000158 0.007830
55 0.000139 0.007969
56 0.000146 0.008115
57 0.000132 0.008247
58 0.000141 0.008388
59 0.000138 0.008526
60 0.000136 0.008662
61 0.000146 0.008808
62 0.000167 0.008975
63 0.000149 0.009124
64 0.000139 0.009263
65 0.000138 0.009401
66 0.000129 0.009530
67 0.000146 0.009676
68 0.000143 0.009819
69 0.000149 0.009968
70 0.000146 0.010114
71 0.000149 0.010263
72 0.000144 0.010407
73 0.000152 0.010559
74 0.000138 0.010697
75 0.000147 0.010844
76 0.000138 0.010982
77 0.000136 0.011118
78 0.000140 0.011258
79 0.000154 0.011412
80 0.000144 0.011556
81 0.000148 0.011704
82 0.000138 0.011842
83 0.000145 0.011987
84 0.000133 0.012120
85 0.000156 0.012276
86 0.000142 0.012418
87 0.000150 0.012568
88 0.000141 0.012709
89 0.000158 0.012867
90 0.000146 0.013013
91 0.000149 0.013162
92 0.000142 0.013304
93 0.000156 0.013460
94 0.000137 0.013597
95 0.000146 0.013743
96 0.000139 0.013882
97 0.000156 0.014038
98 0.000148 0.014186
99 0.000135 0.014321
100 0.000145 0.014466
101 0.000144 0.014610
102 0.000154 0.014764
103 0.000135 0.014899
104 0.000153 0.015052
105 0.000135 0.015187
106 0.000143 0.015330
107 0.000140 0.015470
108 0.000162 0.015632
109 0.000133 0.015765
110 0.000153 0.015918
111 0.000134 0.016052
112 0.000144 0.016196
113 0.000136 0.016332
114 0.000148 0.016480
115 0.000138 0.016618
116 0.000140 0.016758
117 0.000148 0.016906
118 0.000150 0.017056
119 0.000144 0.017200
120 0.000153 0.017353
121 0.000156 0.017509
122 0.000144 0.017653
123 0.000152 0.017805
124 0.000131 0.017936
125 0.000150 0.018086
126 0.000144 0.018230
127 0.000154 0.018384
128 0.000138 0.018522
129 0.000147 0.018669
130 0.000150 0.018819
131 0.000145 0.018964
132 0.000150 0.019114
133 0.000137 0.019251
134 0.000160 0.019411
135 0.000148 0.019559
136 0.000138 0.019697
137 0.000148 0.019845
138 0.000157 0.020002
139 0.000149 0.020151
140 0.000147 0.020298
141 0.000159 0.020457
142 0.000141 0.020598
143 0.000148 0.020746
144 0.000161 0.020907
145 0.000156 0.021063
146 0.000142 0.021205
147 0.000143 0.021348
148 0.000139 0.021487
149 0.000147 0.021634
150 0.000140 0.021774
151 0.000145 0.021919
152 0.000150 0.022069
153 0.000133 0.022202
154 0.000130 0.022332
155 0.000139 0.022471
156 0.000154 0.022625
157 0.000144 0.022769
158 0.000137 0.022906
159 0.000157 0.023063
160 0.000139 0.023202
161 0.000156 0.023358
162 0.000141 0.023499
163 0.000147 0.023646
164 0.000152 0.023798
165 0.000136 0.023934
166 0.000138 0.024072
167 0.000144 0.024216
168 0.000141 0.024357
169 0.000154 0.024511
170 0.000156 0.024667
171 0.000135 0.024802
172 0.000154 0.024956
173 0.000158 0.025114
174 0.000154 0.025268
175 0.000152 0.025420
176 0.000153 0.025573
177 0.000160 0.025733
178 0.000147 0.025880
179 0.000152 0.026032
180 0.000141 0.026173
181 0.000150 0.026323
182 0.000144 0.026467
183 0.000152 0.026619
184 0.000140 0.026759
185 0.000141 0.026900
186 0.000141 0.027041
187 0.000140 0.027181
188 0.000160 0.027341
189 0.000151 0.027492
190 0.000148 0.027640
191 0.000161 0.027801
192 0.000160 0.027961
193 0.000138 0.028099
194 0.000141 0.028240
195 0.000160 0.028400
196 0.000153 0.028553
197 0.000150 0.028703
198 0.000164 0.028867
199 0.000158 0.029025
200 0.000148 0.029173
201 0.000151 0.029324
202 0.000149 0.029473
203 0.000149 0.029622
204 0.000147 0.029769
205 0.000151 0.029920
206 0.000150 0.030070
207 0.000142 0.030212
208 0.000148 0.030360
209 0.000150 0.030510
210 0.000155 0.030665
211 0.000145 0.030810
212 0.000137 0.030947
213 0.000158 0.031105
214 0.000162 0.031267
215 0.000150 0.031417
216 0.000145 0.031562
217 0.000138 0.031700
218 0.000135 0.031835
219 0.000142 0.031977
220 0.000148 0.032125
221 0.000144 0.032269
222 0.000148 0.032417
223 0.000150 0.032567
224 0.000146 0.032713
225 0.000155 0.032868
226 0.000141 0.033009
227 0.000149 0.033158
228 0.000152 0.033310
229 0.000141 0.033451
230 0.000152 0.033603
231 0.000145 0.033748
232 0.000143 0.033891
233 0.000153 0.034044
234 0.000161 0.034205
235 0.000148 0.034353
236 0.000155 0.034508
237 0.000146 0.034654
238 0.000149 0.034803
239 0.000151 0.034954
240 0.000146 0.035100
241 0.000150 0.035250
242 0.000147 0.035397
243 0.000148 0.035545
244 0.000138 0.035683
245 0.000154 0.035837
246 0.000135 0.035972
247 0.000149 0.036121
248 0.000147 0.036268
249 0.000138 0.036406
250 0.000156 0.036562
251 0.000150 0.036712
252 0.000163 0.036875
253 0.000158 0.037033
254 0.000145 0.037178
255 0.000151 0.037329
256 0.000148 0.037477
257 0.000139 0.037616
258 0.000147 0.037763
259 0.000152 0.037915
260 0.000145 0.038060
261 0.000155 0.038215
262 0.000144 0.038359
263 0.000138 0.038497
264 0.000139 0.038636
265 0.000146 0.038782
266 0.000140 0.038922
267 0.000156 0.039078
268 0.000159 0.039237
269 0.000158 0.039395
270 0.000146 0.039541
271 0.000152 0.039693
272 0.000143 0.039836
273 0.000156 0.039992
274 0.000146 0.040138
275 0.000148 0.040286
276 0.000145 0.040431
277 0.000154 0.040585
278 0.000141 0.040726
279 0.000165 0.040891
280 0.000142 0.041033
281 0.000157 0.041190
282 0.000147 0.041337
283 0.000155 0.041492
284 0.000146 0.041638
285 0.000158 0.041796
286 0.000147 0.041943
287 0.000148 0.042091
288 0.000143 0.042234
289 0.000133 0.042367
290 0.000141 0.042508
291 0.000149 0.042657
292 0.000166 0.042823
293 0.000169 0.042992
294 0.000151 0.043143
295 0.000150 0.043293
296 0.000150 0.043443
297 0.000142 0.043585
298 0.000152 0.043737
299 0.000140 0.043877
300 0.000147 0.044024
301 0.000143 0.044167
302 0.000142 0.044309
303 0.000151 0.044460
304 0.000147 0.044607
305 0.000149 0.044756
306 0.000158 0.044914
307 0.000153 0.045067
308 0.000143 0.045210
309 0.000144 0.045354
310 0.000151 0.045505
311 0.000147 0.045652
312 0.000148 0.045800
313 0.000152 0.045952
314 0.000141 0.046093
315 0.000143 0.046236
316 0.000149 0.046385
317 0.000147 0.046532
318 0.000145 0.046677
319 0.000145 0.046822
320 0.000138 0.046960
321 0.000155 0.047115
322 0.000146 0.047261
323 0.000152 0.047413
324 0.000135 0.047548
325 0.000148 0.047696
326 0.000139 0.047835
327 0.000141 0.047976
328 0.000147 0.048123
329 0.000141 0.048264
330 0.000148 0.048412
331 0.000151 0.048563
332 0.000144 0.048707
333 0.000166 0.048873
334 0.000139 0.049012
335 0.000150 0.049162
336 0.000148 0.049310
337 0.000149 0.049459
338 0.000150 0.049609
339 0.000137 0.049746
340 0.000142 0.049888
341 0.000134 0.050022
342 0.000148 0.050170
343 0.000137 0.050307
344 0.000146 0.050453
345 0.000136 0.050589
346 0.000145 0.050734
347 0.000147 0.050881
348 0.000159 0.051040
349 0.000156 0.051196
350 0.000139 0.051335
351 0.000145 0.051480
352 0.000145 0.051625
353 0.000143 0.051768
354 0.000139 0.051907
355 0.000155 0.052062
356 0.000144 0.052206
357 0.000154 0.052360
358 0.000143 0.052503
359 0.000152 0.052655
360 0.000146 0.052801
361 0.000163 0.052964
362 0.000138 0.053102
363 0.000157 0.053259
364 0.000133 0.053392
365 0.000147 0.053539
366 0.000138 0.053677
367 0.000144 0.053821
368 0.000143 0.053964
369 0.000145 0.054109
370 0.000162 0.054271
371 0.000146 0.054417
372 0.000144 0.054561
373 0.000152 0.054713
374 0.000151 0.054864
375 0.000156 0.055020
376 0.000150 0.055170
377 0.000140 0.055310
378 0.000164 0.055474
379 0.000145 0.055619
380 0.000155 0.055774
381 0.000145 0.055919
382 0.000147 0.056066
383 0.000147 0.056213
384 0.000153 0.056366
385 0.000140 0.056506
386 0.000140 0.056646
387 0.000150 0.056796
388 0.000161 0.056957
389 0.000163 0.057120
390 0.000159 0.057279
391 0.000151 0.057430
392 0.000146 0.057576
393 0.000154 0.057730
394 0.000150 0.057880
395 0.000150 0.058030
396 0.000228 0.058258
397 0.000152 0.058410
398 0.000153 0.058563
399 0.000139 0.058702
400 0.000152 0.058854
401 0.000147 0.059001
402 0.000144 0.059145
403 0.000145 0.059290
404 0.000142 0.059432
405 0.000147 0.059579
406 0.000144 0.059723
407 0.000145 0.059868
408 0.000144 0.060012
409 0.000165 0.060177
410 0.000150 0.060327
411 0.000148 0.060475
412 0.000144 0.060619
413 0.000156 0.060775
414 0.000155 0.060930
415 0.000143 0.061073
416 0.000143 0.061216
417 0.000153 0.061369
418 0.000133 0.061502
419 0.000145 0.061647
420 0.000140 0.061787
421 0.000152 0.061939
422 0.000144 0.062083
423 0.000143 0.062226
424 0.000150 0.062376
425 0.000146 0.062522
426 0.000141 0.062663
427 0.000157 0.062820
428 0.000156 0.062976
429 0.000154 0.063130
430 0.000144 0.063274
431 0.000150 0.063424
432 0.000140 0.063564
433 0.000150 0.063714
434 0.000144 0.063858
435 0.000141 0.063999
436 0.000144 0.064143
437 0.000150 0.064293
438 0.000141 0.064434
439 0.000144 0.064578
440 0.000143 0.064721
441 0.000171 0.064892
442 0.000144 0.065036
443 0.000154 0.065190
444 0.000143 0.065333
445 0.000138 0.065471
446 0.000155 0.065626
447 0.000162 0.065788
448 0.000135 0.065923
449 0.000150 0.066073
450 0.000144 0.066217
451 0.000154 0.066371
452 0.000139 0.066510
453 0.000143 0.066653
454 0.000142 0.066795
455 0.000157 0.066952
456 0.000145 0.067097
457 0.000147 0.067244
458 0.000143 0.067387
459 0.000154 0.067541
460 0.000145 0.067686
461 0.000144 0.067830
462 0.000135 0.067965
463 0.000160 0.068125
464 0.000138 0.068263
465 0.000149 0.068412
466 0.000153 0.068565
467 0.000147 0.068712
468 0.000155 0.068867
469 0.000138 0.069005
470 0.000150 0.069155
471 0.000145 0.069300
472 0.000142 0.069442
473 0.000147 0.069589
474 0.000138 0.069727
475 0.000142 0.069869
476 0.000154 0.070023
477 0.000142 0.070165
478 0.000147 0.070312
479 0.000151 0.070463
480 0.000144 0.070607
481 0.000146 0.070753
482 0.000154 0.070907
483 0.000134 0.071041
484 0.000152 0.071193
485 0.000158 0.071351
486 0.000163 0.071514
487 0.000143 0.071657
488 0.000152 0.071809
489 0.000136 0.071945
490 0.000144 0.072089
491 0.000149 0.072238
492 0.000156 0.072394
493 0.000151 0.072545
494 0.000144 0.072689
495 0.000178 0.072867
496 0.000151 0.073018
497 0.000145 0.073163
498 0.000167 0.073330
499 0.000140 0.073470
500 0.000199 0.073669
501 0.000150 0.073819
502 0.000145 0.073964
503 0.000149 0.074113
504 0.000163 0.074276
505 0.000152 0.074428
506 0.000179 0.074607
507 0.000210 0.074817
508 0.000172 0.074989
509 0.000192 0.075181
510 0.000169 0.075350
511 0.000193 0.075543
512 0.000187 0.075730
513 0.000143 0.075873
514 0.000142 0.076015
515 0.000141 0.076156
516 0.000141 0.076297
517 0.000146 0.076443
518 0.000147 0.076590
519 0.000146 0.076736
520 0.000143 0.076879
521 0.000153 0.077032
522 0.000135 0.077167
523 0.000152 0.077319
524 0.000150 0.077469
525 0.000150 0.077619
526 0.000160 0.077779
527 0.000210 0.077989
528 0.000152 0.078141
529 0.000199 0.078340
530 0.000142 0.078482
531 0.000146 0.078628
532 0.000152 0.078780
533 0.000145 0.078925
534 0.000140 0.079065
535 0.000148 0.079213
536 0.000154 0.079367
537 0.000143 0.079510
538 0.000150 0.079660
539 0.000144 0.079804
540 0.000150 0.079954
541 0.000139 0.080093
542 0.000145 0.080238
543 0.000157 0.080395
544 0.000149 0.080544
545 0.000150 0.080694
546 0.000160 0.080854
547 0.000150 0.081004
548 0.000143 0.081147
549 0.000152 0.081299
550 0.000163 0.081462
551 0.000149 0.081611
552 0.000178 0.081789
553 0.000178 0.081967
554 0.000146 0.082113
555 0.000143 0.082256
556 0.000207 0.082463
557 0.000141 0.082604
558 0.000141 0.082745
559 0.000153 0.082898
560 0.000143 0.083041
561 0.000151 0.083192
562 0.000161 0.083353
563 0.000149 0.083502
564 0.000155 0.083657
565 0.000148 0.083805
566 0.000157 0.083962
567 0.000146 0.084108
568 0.000152 0.084260
569 0.000144 0.084404
570 0.000158 0.084562
571 0.000176 0.084738
572 0.000183 0.084921
573 0.000169 0.085090
574 0.000182 0.085272
575 0.000181 0.085453
576 0.000167 0.085620
577 0.000173 0.085793
578 0.000179 0.085972
579 0.000174 0.086146
580 0.000173 0.086319
581 0.000184 0.086503
582 0.000143 0.086646
583 0.000142 0.086788
584 0.000151 0.086939
585 0.000145 0.087084
586 0.000150 0.087234
587 0.000140 0.087374
588 0.000136 0.087510
589 0.000152 0.087662
590 0.000149 0.087811
591 0.000141 0.087952
592 0.000148 0.088100
593 0.000149 0.088249
594 0.000160 0.088409
595 0.000139 0.088548
596 0.000146 0.088694
597 0.000202 0.088896
598 0.000174 0.089070
599 0.000190 0.089260
600 0.000143 0.089403
601 0.000147 0.089550
602 0.000146 0.089696
603 0.000153 0.089849
604 0.000143 0.089992
605 0.000141 0.090133
606 0.000143 0.090276
607 0.000163 0.090439
608 0.000135 0.090574
609 0.000161 0.090735
610 0.000145 0.090880
611 0.000133 0.091013
612 0.000148 0.091161
613 0.000147 0.091308
614 0.000160 0.091468
615 0.000189 0.091657
616 0.000156 0.091813
617 0.000144 0.091957
618 0.000155 0.092112
619 0.000160 0.092272
620 0.000135 0.092407
621 0.000149 0.092556
622 0.000149 0.092705
623 0.000148 0.092853
624 0.000136 0.092989
625 0.000154 0.093143
626 0.000146 0.093289
627 0.000149 0.093438
628 0.000185 0.093623
629 0.000172 0.093795
630 0.000187 0.093982
631 0.000184 0.094166
632 0.000209 0.094375
633 0.000175 0.094550
634 0.000171 0.094721
635 0.000147 0.094868
636 0.000147 0.095015
637 0.000137 0.095152
638 0.000159 0.095311
639 0.000149 0.095460
640 0.000151 0.095611
641 0.000152 0.095763
642 0.000134 0.095897
643 0.000147 0.096044
644 0.000180 0.096224
645 0.000191 0.096415
646 0.000202 0.096617
647 0.000181 0.096798
648 0.000142 0.096940
649 0.000152 0.097092
650 0.000142 0.097234
651 0.000161 0.097395
652 0.000137 0.097532
653 0.000150 0.097682
654 0.000144 0.097826
655 0.000142 0.097968
656 0.000207 0.098175
657 0.000187 0.098362
658 0.000149 0.098511
659 0.000151 0.098662
660 0.000142 0.098804
661 0.000150 0.098954
662 0.000149 0.099103
663 0.000145 0.099248
664 0.000134 0.099382
665 0.000209 0.099591
666 0.000139 0.099730
667 0.000147 0.099877
668 0.000144 0.100021
669 0.000154 0.100175
670 0.000142 0.100317
671 0.000145 0.100462
672 0.000142 0.100604
673 0.000150 0.100754
674 0.000145 0.100899
675 0.000149 0.101048
676 0.000148 0.101196
677 0.000142 0.101338
678 0.000149 0.101487
679 0.000171 0.101658
680 0.000211 0.101869
681 0.000206 0.102075
682 0.000151 0.102226
683 0.000186 0.102412
684 0.000180 0.102592
685 0.000154 0.102746
686 0.000146 0.102892
687 0.000154 0.103046
688 0.000191 0.103237
689 0.000187 0.103424
690 0.000171 0.103595
691 0.000196 0.103791
692 0.000137 0.103928
693 0.000148 0.104076
694 0.000186 0.104262
695 0.000162 0.104424
696 0.000213 0.104637
697 0.000213 0.104850
698 0.000219 0.105069
699 0.000145 0.105214
700 0.000147 0.105361
701 0.000141 0.105502
702 0.000150 0.105652
703 0.000148 0.105800
704 0.000142 0.105942
705 0.000137 0.106079
706 0.000143 0.106222
707 0.000134 0.106356
708 0.000150 0.106506
709 0.000136 0.106642
710 0.000176 0.106818
711 0.000177 0.106995
712 0.000177 0.107172
713 0.000182 0.107354
714 0.000179 0.107533
715 0.000192 0.107725
716 0.000211 0.107936
717 0.000188 0.108124
718 0.000201 0.108325
719 0.000195 0.108520
720 0.000208 0.108728
721 0.000202 0.108930
722 0.000196 0.109126
723 0.000196 0.109322
724 0.000199 0.109521
725 0.000199 0.109720
726 0.000268 0.109988
727 0.000201 0.110189
728 0.000285 0.110474
729 0.000152 0.110626
730 0.000249 0.110875
731 0.000247 0.111122
732 0.000229 0.111351
733 0.000237 0.111588
734 0.000199 0.111787
735 0.000208 0.111995
736 0.000202 0.112197
737 0.000211 0.112408
738 0.000198 0.112606
739 0.000216 0.112822
740 0.000196 0.113018
741 0.000173 0.113191
742 0.000193 0.113384
743 0.000241 0.113625
744 0.000229 0.113854
745 0.000212 0.114066
746 0.000136 0.114202
747 0.000171 0.114373
748 0.000180 0.114553
749 0.000184 0.114737
750 0.000172 0.114909
751 0.000148 0.115057
752 0.000296 0.115353
753 0.000289 0.115642
754 0.000137 0.115779
755 0.000154 0.115933
756 0.000145 0.116078
757 0.000148 0.116226
758 0.000147 0.116373
759 0.000137 0.116510
760 0.000143 0.116653
761 0.000170 0.116823
762 0.000146 0.116969
763 0.000146 0.117115
764 0.000147 0.117262
765 0.000146 0.117408
766 0.000155 0.117563
767 0.000150 0.117713
768 0.000143 0.117856
769 0.000143 0.117999
770 0.000201 0.118200
771 0.000159 0.118359
772 0.000162 0.118521
773 0.000145 0.118666
774 0.000171 0.118837
775 0.000177 0.119014
776 0.000192 0.119206
777 0.000256 0.119462
778 0.000235 0.119697
779 0.000242 0.119939
780 0.000231 0.120170
781 0.000321 0.120491
782 0.000337 0.120828
783 0.000299 0.121127
784 0.000285 0.121412
785 0.000237 0.121649
786 0.000229 0.121878
787 0.000206 0.122084
788 0.000177 0.122261
789 0.000174 0.122435
790 0.000159 0.122594
791 0.000179 0.122773
792 0.000180 0.122953
793 0.000140 0.123093
794 0.000149 0.123242
795 0.000144 0.123386
796 0.000151 0.123537
797 0.000190 0.123727
798 0.000162 0.123889
799 0.000137 0.124026
800 0.000149 0.124175
801 0.000134 0.124309
802 0.000139 0.124448
803 0.000141 0.124589
804 0.000148 0.124737
805 0.000160 0.124897
806 0.000153 0.125050
807 0.000171 0.125221
808 0.000178 0.125399
809 0.000175 0.125574
810 0.000181 0.125755
811 0.000186 0.125941
812 0.000154 0.126095
813 0.000149 0.126244
814 0.000152 0.126396
815 0.000148 0.126544
816 0.000142 0.126686
817 0.000149 0.126835
818 0.000166 0.127001
819 0.000197 0.127198
820 0.000187 0.127385
821 0.000231 0.127616
822 0.000149 0.127765
823 0.000160 0.127925
824 0.000175 0.128100
825 0.000145 0.128245
826 0.000145 0.128390
827 0.000138 0.128528
828 0.000180 0.128708
829 0.000232 0.128940
830 0.000203 0.129143
831 0.000190 0.129333
832 0.000197 0.129530
833 0.000207 0.129737
834 0.000218 0.129955
835 0.000289 0.130244
836 0.000238 0.130482
837 0.000218 0.130700
838 0.000220 0.130920
839 0.000199 0.131119
840 0.000177 0.131296
841 0.000148 0.131444
842 0.000180 0.131624
843 0.000187 0.131811
844 0.000184 0.131995
845 0.000217 0.132212
846 0.000237 0.132449
847 0.000216 0.132665
848 0.000254 0.132919
849 0.000246 0.133165
850 0.000206 0.133371
851 0.000193 0.133564
852 0.000202 0.133766
853 0.000201 0.133967
854 0.000185 0.134152
855 0.000219 0.134371
856 0.000218 0.134589
857 0.000199 0.134788
858 0.000205 0.134993
859 0.000216 0.135209
860 0.000206 0.135415
861 0.000212 0.135627
862 0.000207 0.135834
863 0.000201 0.136035
864 0.000196 0.136231
865 0.000195 0.136426
866 0.000193 0.136619
867 0.000292 0.136911
868 0.000257 0.137168
869 0.000281 0.137449
870 0.000261 0.137710
871 0.000255 0.137965
872 0.000197 0.138162
873 0.000242 0.138404
874 0.000239 0.138643
875 0.000251 0.138894
876 0.000237 0.139131
877 0.000251 0.139382
878 0.000230 0.139612
879 0.000250 0.139862
880 0.000140 0.140002
881 0.000222 0.140224
882 0.000206 0.140430
883 0.000215 0.140645
884 0.000199 0.140844
885 0.000219 0.141063
886 0.000238 0.141301
887 0.000210 0.141511
888 0.000139 0.141650
889 0.000148 0.141798
890 0.000144 0.141942
891 0.000199 0.142141
892 0.000152 0.142293
893 0.000143 0.142436
894 0.000152 0.142588
895 0.000170 0.142758
896 0.000191 0.142949
897 0.000198 0.143147
898 0.000184 0.143331
899 0.000208 0.143539
900 0.000206 0.143745
901 0.000187 0.143932
902 0.000196 0.144128
903 0.000209 0.144337
904 0.000191 0.144528
905 0.000213 0.144741
906 0.000235 0.144976
907 0.000264 0.145240
908 0.000183 0.145423
909 0.000180 0.145603
910 0.000205 0.145808
911 0.000185 0.145993
912 0.000206 0.146199
913 0.000192 0.146391
914 0.000176 0.146567
915 0.000186 0.146753
916 0.000221 0.146974
917 0.000251 0.147225
918 0.000246 0.147471
919 0.000232 0.147703
920 0.000282 0.147985
921 0.000213 0.148198
922 0.000185 0.148383
923 0.000226 0.148609
924 0.000228 0.148837
925 0.000215 0.149052
926 0.000231 0.149283
927 0.000269 0.149552
928 0.000308 0.149860
929 0.000289 0.150149
930 0.000221 0.150370
931 0.000249 0.150619
932 0.000221 0.150840
933 0.000258 0.151098
934 0.000263 0.151361
935 0.000289 0.151650
936 0.000182 0.151832
937 0.000226 0.152058
938 0.000217 0.152275
939 0.000227 0.152502
940 0.000191 0.152693
941 0.000236 0.152929
942 0.000239 0.153168
943 0.000271 0.153439
944 0.000198 0.153637
945 0.000203 0.153840
946 0.000212 0.154052
947 0.000250 0.154302
948 0.000220 0.154522
949 0.000252 0.154774
950 0.000257 0.155031
951 0.000213 0.155244
952 0.000198 0.155442
953 0.000193 0.155635
954 0.000268 0.155903
955 0.000294 0.156197
956 0.000251 0.156448
957 0.000242 0.156690
958 0.000280 0.156970
959 0.000203 0.157173
960 0.000235 0.157408
961 0.000265 0.157673
962 0.000248 0.157921
963 0.000199 0.158120
964 0.000248 0.158368
965 0.000249 0.158617
966 0.000225 0.158842
967 0.000194 0.159036
968 0.000246 0.159282
969 0.000193 0.159475
970 0.000216 0.159691
971 0.000231 0.159922
972 0.000216 0.160138
973 0.000229 0.160367
974 0.000239 0.160606
975 0.000251 0.160857
976 0.000230 0.161087
977 0.000197 0.161284
978 0.000216 0.161500
979 0.000235 0.161735
980 0.000434 0.162169
981 0.000430 0.162599
982 0.000230 0.162829
983 0.000304 0.163133
984 0.000204 0.163337
985 0.000263 0.163600
986 0.000245 0.163845
987 0.000275 0.164120
988 0.000313 0.164433
989 0.000277 0.164710
990 0.000282 0.164992
991 0.000269 0.165261
992 0.000263 0.165524
993 0.000233 0.165757
994 0.000201 0.165958
995 0.000208 0.166166
996 0.000197 0.166363
997 0.000181 0.166544
998 0.000179 0.166723
999 0.000224 0.166947
1000 0.000218 0.167165
1001 0.000220 0.167385
1002 0.000323 0.167708
1003 0.000226 0.167934
1004 0.000378 0.168312
1005 0.000171 0.168483
1006 0.000150 0.168633
1007 0.000187 0.168820
1008 0.000171 0.168991
1009 0.000208 0.169199
1010 0.000225 0.169424
1011 0.000224 0.169648
1012 0.000165 0.169813
1013 0.000219 0.170032
1014 0.000203 0.170235
1015 0.000213 0.170448
1016 0.000234 0.170682
1017 0.000218 0.170900
1018 0.000225 0.171125
1019 0.000343 0.171468
1020 0.000357 0.171825
1021 0.000190 0.172015
1022 0.000281 0.172296
1023 0.000291 0.172587
1024 0.000290 0.172877
1025 0.000310 0.173187
1026 0.000217 0.173404
1027 0.000295 0.173699
1028 0.000193 0.173892
1029 0.000249 0.174141
1030 0.000241 0.174382
1031 0.000241 0.174623
1032 0.000142 0.174765
1033 0.000197 0.174962
1034 0.000279 0.175241
1035 0.000213 0.175454
1036 0.000203 0.175657
1037 0.000191 0.175848
1038 0.000228 0.176076
1039 0.000219 0.176295
1040 0.000247 0.176542
1041 0.000261 0.176803
1042 0.000252 0.177055
1043 0.000307 0.177362
1044 0.000311 0.177673
1045 0.000343 0.178016
1046 0.000396 0.178412
1047 0.000350 0.178762
1048 0.000468 0.179230
1049 0.000429 0.179659
1050 0.000457 0.180116
1051 0.000204 0.180320
1052 0.000472 0.180792
1053 0.000579 0.181371
1054 0.000183 0.181554
1055 0.000286 0.181840
1056 0.000372 0.182212
1057 0.000246 0.182458
1058 0.000296 0.182754
1059 0.000167 0.182921
1060 0.000208 0.183129
1061 0.000320 0.183449
1062 0.000290 0.183739
1063 0.000362 0.184101
1064 0.000205 0.184306
1065 0.000254 0.184560
1066 0.000269 0.184829
1067 0.000382 0.185211
1068 0.000235 0.185446
1069 0.000271 0.185717
1070 0.000336 0.186053
1071 0.000236 0.186289
1072 0.000232 0.186521
1073 0.000275 0.186796
1074 0.000172 0.186968
1075 0.000246 0.187214
1076 0.000229 0.187443
1077 0.000215 0.187658
1078 0.000206 0.187864
1079 0.000172 0.188036
1080 0.000178 0.188214
1081 0.000180 0.188394
1082 0.000196 0.188590
1083 0.000180 0.188770
1084 0.000172 0.188942
1085 0.000194 0.189136
1086 0.000267 0.189403
1087 0.000262 0.189665
1088 0.000451 0.190116
1089 0.000236 0.190352
1090 0.000176 0.190528
1091 0.000173 0.190701
1092 0.000224 0.190925
1093 0.000222 0.191147
1094 0.000225 0.191372
1095 0.000264 0.191636
1096 0.000270 0.191906
1097 0.000294 0.192200
1098 0.000276 0.192476
1099 0.000245 0.192721
1100 0.000408 0.193129
1101 0.000348 0.193477
1102 0.000273 0.193750
1103 0.000394 0.194144
1104 0.000314 0.194458
1105 0.000193 0.194651
1106 0.000323 0.194974
1107 0.000277 0.195251
1108 0.000468 0.195719
1109 0.000582 0.196301
1110 0.000180 0.196481
1111 0.000324 0.196805
1112 0.000455 0.197260
1113 0.000175 0.197435
1114 0.000339 0.197774
1115 0.000209 0.197983
1116 0.000199 0.198182
1117 0.000316 0.198498
1118 0.000279 0.198777
1119 0.000247 0.199024
1120 0.000202 0.199226
1121 0.000248 0.199474
1122 0.000180 0.199654
1123 0.000229 0.199883
1124 0.000199 0.200082
1125 0.000172 0.200254
1126 0.000230 0.200484
1127 0.000307 0.200791
1128 0.000316 0.201107
1129 0.000219 0.201326
1130 0.000238 0.201564
1131 0.000217 0.201781
1132 0.000395 0.202176
1133 0.000241 0.202417
1134 0.000280 0.202697
1135 0.000245 0.202942
1136 0.000259 0.203201
1137 0.000271 0.203472
1138 0.000313 0.203785
1139 0.000288 0.204073
1140 0.000252 0.204325
1141 0.000254 0.204579
1142 0.000188 0.204767
1143 0.000162 0.204929
1144 0.000260 0.205189
1145 0.000486 0.205675
1146 0.000221 0.205896
1147 0.000338 0.206234
1148 0.000401 0.206635
1149 0.000396 0.207031
1150 0.000423 0.207454
1151 0.000347 0.207801
1152 0.000389 0.208190
1153 0.000196 0.208386
1154 0.000369 0.208755
1155 0.000462 0.209217
1156 0.000411 0.209628
1157 0.000480 0.210108
1158 0.000180 0.210288
1159 0.000452 0.210740
1160 0.000462 0.211202
1161 0.000418 0.211620
1162 0.000443 0.212063
1163 0.000842 0.212905
1164 0.000454 0.213359
1165 0.000566 0.213925
1166 0.000800 0.214725
1167 0.000654 0.215379
1168 0.000359 0.215738
1169 0.000321 0.216059
1170 0.000823 0.216882
1171 0.000563 0.217445
1172 0.000576 0.218021
1173 0.000189 0.218210
1174 0.000408 0.218618
1175 0.000548 0.219166
1176 0.000229 0.219395
1177 0.000261 0.219656
1178 0.000438 0.220094
1179 0.000482 0.220576
1180 0.000574 0.221150
1181 0.000513 0.221663
1182 0.000497 0.222160
1183 0.000405 0.222565
1184 0.000677 0.223242
1185 0.000426 0.223668
1186 0.000398 0.224066
1187 0.000461 0.224527
1188 0.000511 0.225038
1189 0.000428 0.225466
1190 0.000455 0.225921
1191 0.000487 0.226408
1192 0.000435 0.226843
1193 0.000640 0.227483
1194 0.000671 0.228154
1195 0.000516 0.228670
1196 0.000549 0.229219
1197 0.000626 0.229845
1198 0.000638 0.230483
1199 0.000458 0.230941
1200 0.000467 0.231408
1201 0.000306 0.231714
1202 0.000533 0.232247
1203 0.000767 0.233014
1204 0.000505 0.233519
1205 0.000679 0.234198
1206 0.000671 0.234869
1207 0.000764 0.235633
1208 0.000541 0.236174
1209 0.000437 0.236611
1210 0.000649 0.237260
1211 0.000464 0.237724
1212 0.000313 0.238037
1213 0.000491 0.238528
1214 0.000478 0.239006
1215 0.000223 0.239229
1216 0.000380 0.239609
1217 0.000448 0.240057
1218 0.000620 0.240677
1219 0.000498 0.241175
1220 0.000492 0.241667
1221 0.000558 0.242225
1222 0.000596 0.242821
1223 0.000988 0.243809
1224 0.000404 0.244213
1225 0.000565 0.244778
1226 0.000865 0.245643
1227 0.000463 0.246106
1228 0.000577 0.246683
1229 0.000272 0.246955
1230 0.000812 0.247767
1231 0.000286 0.248053
1232 0.000345 0.248398
1233 0.000466 0.248864
1234 0.000582 0.249446
1235 0.000579 0.250025
1236 0.000173 0.250198
1237 0.000635 0.250833
1238 0.000686 0.251519
1239 0.000798 0.252317
1240 0.000885 0.253202
1241 0.000981 0.254183
1242 0.000640 0.254823
1243 0.000430 0.255253
1244 0.000469 0.255722
1245 0.000785 0.256507
1246 0.000551 0.257058
1247 0.000380 0.257438
1248 0.000816 0.258254
1249 0.000440 0.258694
1250 0.000658 0.259352
1251 0.000592 0.259944
1252 0.000418 0.260362
1253 0.000268 0.260630
1254 0.000467 0.261097
1255 0.000572 0.261669
1256 0.000685 0.262354
1257 0.000425 0.262779
1258 0.000935 0.263714
1259 0.000239 0.263953
1260 0.000777 0.264730
1261 0.000814 0.265544
1262 0.001031 0.266575
1263 0.000606 0.267181
1264 0.000503 0.267684
1265 0.001255 0.268939
1266 0.000180 0.269119
1267 0.000726 0.269845
1268 0.000479 0.270324
1269 0.000566 0.270890
1270 0.000990 0.271880
1271 0.001017 0.272897
1272 0.000516 0.273413
1273 0.000993 0.274406
1274 0.000921 0.275327
1275 0.000696 0.276023
1276 0.000777 0.276800
1277 0.001196 0.277996
1278 0.000942 0.278938
1279 0.001510 0.280448
1280 0.001498 0.281946
1281 0.000578 0.282524
1282 0.000821 0.283345
1283 0.000802 0.284147
1284 0.000494 0.284641
1285 0.000721 0.285362
1286 0.001288 0.286650
1287 0.001728 0.288378
1288 0.001438 0.289816
1289 0.001547 0.291363
1290 0.001559 0.292922
1291 0.000274 0.293196
1292 0.000522 0.293718
1293 0.000833 0.294551
1294 0.000332 0.294883
1295 0.001340 0.296223
1296 0.001264 0.297487
1297 0.001710 0.299197
1298 0.000602 0.299799
1299 0.001275 0.301074
1300 0.001016 0.302090
1301 0.000472 0.302562
1302 0.000700 0.303262
1303 0.000239 0.303501
1304 0.002076 0.305577
1305 0.002159 0.307736
1306 0.001288 0.309024
1307 0.002102 0.311126
1308 0.000995 0.312121
1309 0.000397 0.312518
1310 0.001200 0.313718
1311 0.000581 0.314299
1312 0.001213 0.315512
1313 0.000413 0.315925
1314 0.000803 0.316728
1315 0.000523 0.317251
1316 0.001140 0.318391
1317 0.000943 0.319334
1318 0.000594 0.319928
1319 0.001095 0.321023
1320 0.000573 0.321596
1321 0.000601 0.322197
1322 0.000914 0.323111
1323 0.000912 0.324023
1324 0.000695 0.324718
1325 0.001696 0.326414
1326 0.001107 0.327521
1327 0.001386 0.328907
1328 0.000821 0.329728
1329 0.001193 0.330921
1330 0.000880 0.331801
1331 0.000894 0.332695
1332 0.001204 0.333899
1333 0.002176 0.336075
1334 0.000975 0.337050
1335 0.000935 0.337985
1336 0.001439 0.339424
1337 0.001838 0.341262
1338 0.000827 0.342089
1339 0.000946 0.343035
1340 0.001247 0.344282
1341 0.001291 0.345573
1342 0.001689 0.347262
1343 0.000489 0.347751
1344 0.000659 0.348410
1345 0.000456 0.348866
1346 0.000827 0.349693
1347 0.001119 0.350812
1348 0.001371 0.352183
1349 0.000498 0.352681
1350 0.001546 0.354227
1351 0.000501 0.354728
1352 0.001289 0.356017
1353 0.001360 0.357377
1354 0.000979 0.358356
1355 0.002519 0.360875
1356 0.001076 0.361951
1357 0.001482 0.363433
1358 0.000697 0.364130
1359 0.004016 0.368146
1360 0.001489 0.369635
1361 0.000661 0.370296
1362 0.000837 0.371133
1363 0.001191 0.372324
1364 0.001129 0.373453
1365 0.003066 0.376519
1366 0.001362 0.377881
1367 0.001222 0.379103
1368 0.000408 0.379511
1369 0.001521 0.381032
1370 0.001166 0.382198
1371 0.005576 0.387774
1372 0.005920 0.393694
1373 0.000439 0.394133
1374 0.000673 0.394806
1375 0.000953 0.395759
1376 0.002625 0.398384
1377 0.002628 0.401012
1378 0.001610 0.402622
1379 0.001166 0.403788
1380 0.001677 0.405465
1381 0.001643 0.407108
1382 0.001240 0.408348
1383 0.001024 0.409372
1384 0.004978 0.414350
1385 0.001415 0.415765
1386 0.012392 0.428157
1387 0.012590 0.440747
1388 0.012614 0.453361
1389 0.002236 0.455597
1390 0.000839 0.456436
1391 0.001064 0.457500
1392 0.003360 0.460860
1393 0.002639 0.463499
1394 0.006391 0.469890
1395 0.000857 0.470747
1396 0.000996 0.471743
1397 0.001867 0.473610
1398 0.005928 0.479538
1399 0.001747 0.481285
1400 0.005675 0.486960
1401 0.001555 0.488515
1402 0.006818 0.495333
1403 0.000474 0.495807
1404 0.000895 0.496702
1405 0.002078 0.498780
1406 0.008082 0.506862
1407 0.002442 0.509304
1408 0.000767 0.510071
1409 0.001121 0.511192
1410 0.003686 0.514878
1411 0.002265 0.517143
1412 0.000903 0.518046
1413 0.003985 0.522031
1414 0.005680 0.527711
1415 0.002991 0.530702
1416 0.001186 0.531888
1417 0.001991 0.533879
1418 0.002110 0.535989
1419 0.003461 0.539450
1420 0.003793 0.543243
1421 0.002931 0.546174
1422 0.004006 0.550180
1423 0.004718 0.554898
1424 0.001742 0.556640
1425 0.004724 0.561364
1426 0.005617 0.566981
1427 0.002436 0.569417
1428 0.003036 0.572453
1429 0.012788 0.585241
1430 0.000788 0.586029
1431 0.005648 0.591677
1432 0.002954 0.594631
1433 0.003078 0.597709
1434 0.001728 0.599437
1435 0.006476 0.605913
1436 0.009881 0.615794
1437 0.003431 0.619225
1438 0.002061 0.621286
1439 0.004836 0.626122
1440 0.003678 0.629800
1441 0.005126 0.634926
1442 0.009371 0.644297
1443 0.005202 0.649499
1444 0.001660 0.651159
1445 0.002740 0.653899
1446 0.003595 0.657494
1447 0.012034 0.669528
1448 0.000549 0.670077
1449 0.000467 0.670544
1450 0.000149 0.670693
1451 0.000895 0.671588
1452 0.000735 0.672323
1453 0.003221 0.675544
1454 0.002945 0.678489
1455 0.000633 0.679122
1456 0.010593 0.689715
1457 0.002021 0.691736
1458 0.002907 0.694643
1459 0.001724 0.696367
1460 0.001865 0.698232
1461 0.003957 0.702189
1462 0.001786 0.703975
1463 0.006923 0.710898
1464 0.002268 0.713166
1465 0.001264 0.714430
1466 0.003492 0.717922
1467 0.004045 0.721967
1468 0.009203 0.731170
1469 0.000417 0.731587
1470 0.002831 0.734418
1471 0.003009 0.737427
1472 0.000274 0.737701
1473 0.003404 0.741105
1474 0.003610 0.744715
1475 0.005846 0.750561
1476 0.013041 0.763602
1477 0.004139 0.767741
1478 0.000619 0.768360
1479 0.012848 0.781208
1480 0.004065 0.785273
1481 0.014312 0.799585
1482 0.003156 0.802741
1483 0.001335 0.804076
1484 0.003555 0.807631
1485 0.004872 0.812503
1486 0.006806 0.819309
1487 0.001387 0.820696
1488 0.008010 0.828706
1489 0.003874 0.832580
1490 0.002025 0.834605
1491 0.001353 0.835958
1492 0.002459 0.838417
1493 0.002469 0.840886
1494 0.003024 0.843910
1495 0.004635 0.848545
1496 0.005743 0.854288
1497 0.002695 0.856983
1498 0.002320 0.859303
1499 0.005867 0.865170
1500 0.001762 0.866932
1501 0.002577 0.869509
1502 0.005654 0.875163
1503 0.001178 0.876341
1504 0.008204 0.884545
1505 0.008693 0.893238
1506 0.001115 0.894353
1507 0.010015 0.904368
1508 0.002988 0.907356
1509 0.004590 0.911946
1510 0.013056 0.925002
1511 0.005725 0.930727
1512 0.011834 0.942561
1513 0.012423 0.954984
1514 0.011957 0.966941
1515 0.012838 0.979779
1516 0.003250 0.983029
1517 0.004866 0.987895
1518 0.004658 0.992553
1519 0.013345 1.005898
1520 0.012441 1.018339
1521 0.014290 1.032629
1522 0.012239 1.044868
1523 0.009352 1.054220
1524 0.003479 1.057699
1525 0.013752 1.071451
1526 0.001581 1.073032
1527 0.001046 1.074078
1528 0.002376 1.076454
1529 0.000474 1.076928
1530 0.004154 1.081082
1531 0.006705 1.087787
1532 0.005293 1.093080
1533 0.000634 1.093714
1534 0.002733 1.096447
1535 0.011962 1.108409
1536 0.000287 1.108696
1537 0.013003 1.121699
done 1537 0.014125 1.135824
