#secondnet
init 0 0
1 0.000114 0.000114
2 0.000105 0.000219
3 0.000068 0.000287
4 0.000061 0.000348
5 0.000058 0.000406
6 0.000061 0.000467
7 0.000061 0.000528
8 0.000056 0.000584
9 0.000060 0.000644
10 0.000053 0.000697
11 0.000063 0.000760
12 0.000058 0.000818
13 0.000058 0.000876
14 0.000061 0.000937
15 0.000057 0.000994
16 0.000059 0.001053
17 0.000058 0.001111
18 0.000058 0.001169
19 0.000061 0.001230
20 0.000060 0.001290
21 0.000056 0.001346
22 0.000056 0.001402
23 0.000058 0.001460
24 0.000062 0.001522
25 0.000057 0.001579
26 0.000050 0.001629
27 0.000057 0.001686
28 0.000058 0.001744
29 0.000060 0.001804
30 0.000056 0.001860
31 0.000056 0.001916
32 0.000058 0.001974
33 0.000056 0.002030
34 0.000059 0.002089
35 0.000058 0.002147
36 0.000054 0.002201
37 0.000062 0.002263
38 0.000061 0.002324
39 0.000057 0.002381
40 0.000056 0.002437
41 0.000064 0.002501
42 0.000060 0.002561
43 0.000059 0.002620
44 0.000054 0.002674
45 0.000057 0.002731
46 0.000056 0.002787
47 0.000064 0.002851
48 0.000058 0.002909
49 0.000051 0.002960
50 0.000060 0.003020
51 0.000057 0.003077
52 0.000069 0.003146
53 0.000059 0.003205
54 0.000065 0.003270
55 0.000053 0.003323
56 0.000067 0.003390
57 0.000054 0.003444
58 0.000056 0.003500
59 0.000058 0.003558
60 0.000055 0.003613
61 0.000054 0.003667
62 0.000056 0.003723
63 0.000058 0.003781
64 0.000063 0.003844
65 0.000057 0.003901
66 0.000059 0.003960
67 0.000053 0.004013
68 0.000057 0.004070
69 0.000055 0.004125
70 0.000055 0.004180
71 0.000057 0.004237
72 0.000058 0.004295
73 0.000058 0.004353
74 0.000057 0.004410
75 0.000056 0.004466
76 0.000057 0.004523
77 0.000054 0.004577
78 0.000060 0.004637
79 0.000057 0.004694
80 0.000059 0.004753
81 0.000054 0.004807
82 0.000057 0.004864
83 0.000057 0.004921
84 0.000059 0.004980
85 0.000055 0.005035
86 0.000062 0.005097
87 0.000055 0.005152
88 0.000053 0.005205
89 0.000062 0.005267
90 0.000059 0.005326
91 0.000063 0.005389
92 0.000065 0.005454
93 0.000057 0.005511
94 0.000059 0.005570
95 0.000059 0.005629
96 0.000056 0.005685
97 0.000057 0.005742
98 0.000052 0.005794
99 0.000056 0.005850
100 0.000055 0.005905
101 0.000056 0.005961
102 0.000049 0.006010
103 0.000060 0.006070
104 0.000055 0.006125
105 0.000054 0.006179
106 0.000059 0.006238
107 0.000053 0.006291
108 0.000062 0.006353
109 0.000056 0.006409
110 0.000053 0.006462
111 0.000061 0.006523
112 0.000056 0.006579
113 0.000059 0.006638
114 0.000057 0.006695
115 0.000061 0.006756
116 0.000060 0.006816
117 0.000062 0.006878
118 0.000055 0.006933
119 0.000058 0.006991
120 0.000057 0.007048
121 0.000067 0.007115
122 0.000061 0.007176
123 0.000058 0.007234
124 0.000051 0.007285
125 0.000054 0.007339
126 0.000059 0.007398
127 0.000060 0.007458
128 0.000056 0.007514
129 0.000059 0.007573
130 0.000059 0.007632
131 0.000060 0.007692
132 0.000057 0.007749
133 0.000056 0.007805
134 0.000062 0.007867
135 0.000065 0.007932
136 0.000064 0.007996
137 0.000060 0.008056
138 0.000064 0.008120
139 0.000066 0.008186
140 0.000055 0.008241
141 0.000061 0.008302
142 0.000061 0.008363
143 0.000060 0.008423
144 0.000073 0.008496
145 0.000053 0.008549
146 0.000057 0.008606
147 0.000066 0.008672
148 0.000063 0.008735
149 0.000058 0.008793
150 0.000062 0.008855
151 0.000062 0.008917
152 0.000060 0.008977
153 0.000062 0.009039
154 0.000055 0.009094
155 0.000068 0.009162
156 0.000059 0.009221
157 0.000059 0.009280
158 0.000062 0.009342
159 0.000061 0.009403
160 0.000064 0.009467
161 0.000063 0.009530
162 0.000058 0.009588
163 0.000052 0.009640
164 0.000054 0.009694
165 0.000061 0.009755
166 0.000061 0.009816
167 0.000057 0.009873
168 0.000058 0.009931
169 0.000059 0.009990
170 0.000061 0.010051
171 0.000056 0.010107
172 0.000057 0.010164
173 0.000058 0.010222
174 0.000056 0.010278
175 0.000057 0.010335
176 0.000057 0.010392
177 0.000058 0.010450
178 0.000059 0.010509
179 0.000057 0.010566
180 0.000058 0.010624
181 0.000060 0.010684
182 0.000056 0.010740
183 0.000058 0.010798
184 0.000056 0.010854
185 0.000059 0.010913
186 0.000058 0.010971
187 0.000063 0.011034
188 0.000058 0.011092
189 0.000069 0.011161
190 0.000056 0.011217
191 0.000064 0.011281
192 0.000072 0.011353
193 0.000057 0.011410
194 0.000059 0.011469
195 0.000058 0.011527
196 0.000061 0.011588
197 0.000059 0.011647
198 0.000067 0.011714
199 0.000059 0.011773
200 0.000060 0.011833
201 0.000065 0.011898
202 0.000056 0.011954
203 0.000057 0.012011
204 0.000061 0.012072
205 0.000057 0.012129
206 0.000061 0.012190
207 0.000056 0.012246
208 0.000055 0.012301
209 0.000058 0.012359
210 0.000076 0.012435
211 0.000061 0.012496
212 0.000063 0.012559
213 0.000057 0.012616
214 0.000052 0.012668
215 0.000065 0.012733
216 0.000063 0.012796
217 0.000063 0.012859
218 0.000061 0.012920
219 0.000062 0.012982
220 0.000055 0.013037
221 0.000063 0.013100
222 0.000059 0.013159
223 0.000053 0.013212
224 0.000054 0.013266
225 0.000061 0.013327
226 0.000056 0.013383
227 0.000059 0.013442
228 0.000058 0.013500
229 0.000052 0.013552
230 0.000061 0.013613
231 0.000058 0.013671
232 0.000058 0.013729
233 0.000061 0.013790
234 0.000056 0.013846
235 0.000058 0.013904
236 0.000059 0.013963
237 0.000057 0.014020
238 0.000061 0.014081
239 0.000054 0.014135
240 0.000053 0.014188
241 0.000059 0.014247
242 0.000058 0.014305
243 0.000054 0.014359
244 0.000061 0.014420
245 0.000059 0.014479
246 0.000057 0.014536
247 0.000051 0.014587
248 0.000063 0.014650
249 0.000061 0.014711
250 0.000063 0.014774
251 0.000052 0.014826
252 0.000058 0.014884
253 0.000060 0.014944
254 0.000061 0.015005
255 0.000061 0.015066
256 0.000107 0.015173
257 0.000068 0.015241
258 0.000059 0.015300
259 0.000058 0.015358
260 0.000059 0.015417
261 0.000058 0.015475
262 0.000067 0.015542
263 0.000059 0.015601
264 0.000064 0.015665
265 0.000062 0.015727
266 0.000054 0.015781
267 0.000063 0.015844
268 0.000060 0.015904
269 0.000051 0.015955
270 0.000062 0.016017
271 0.000059 0.016076
272 0.000055 0.016131
273 0.000058 0.016189
274 0.000053 0.016242
275 0.000069 0.016311
276 0.000064 0.016375
277 0.000055 0.016430
278 0.000060 0.016490
279 0.000059 0.016549
280 0.000057 0.016606
281 0.000061 0.016667
282 0.000062 0.016729
283 0.000054 0.016783
284 0.000060 0.016843
285 0.000063 0.016906
286 0.000052 0.016958
287 0.000058 0.017016
288 0.000069 0.017085
289 0.000055 0.017140
290 0.000060 0.017200
291 0.000057 0.017257
292 0.000051 0.017308
293 0.000057 0.017365
294 0.000057 0.017422
295 0.000055 0.017477
296 0.000060 0.017537
297 0.000058 0.017595
298 0.000052 0.017647
299 0.000051 0.017698
300 0.000054 0.017752
301 0.000059 0.017811
302 0.000054 0.017865
303 0.000057 0.017922
304 0.000055 0.017977
305 0.000061 0.018038
306 0.000057 0.018095
307 0.000058 0.018153
308 0.000059 0.018212
309 0.000056 0.018268
310 0.000058 0.018326
311 0.000051 0.018377
312 0.000062 0.018439
313 0.000058 0.018497
314 0.000061 0.018558
315 0.000055 0.018613
316 0.000063 0.018676
317 0.000061 0.018737
318 0.000059 0.018796
319 0.000064 0.018860
320 0.000056 0.018916
321 0.000051 0.018967
322 0.000064 0.019031
323 0.000086 0.019117
324 0.000061 0.019178
325 0.000058 0.019236
326 0.000056 0.019292
327 0.000066 0.019358
328 0.000052 0.019410
329 0.000060 0.019470
330 0.000063 0.019533
331 0.000069 0.019602
332 0.000061 0.019663
333 0.000058 0.019721
334 0.000064 0.019785
335 0.000058 0.019843
336 0.000061 0.019904
337 0.000054 0.019958
338 0.000062 0.020020
339 0.000064 0.020084
340 0.000056 0.020140
341 0.000056 0.020196
342 0.000061 0.020257
343 0.000056 0.020313
344 0.000063 0.020376
345 0.000057 0.020433
346 0.000055 0.020488
347 0.000061 0.020549
348 0.000059 0.020608
349 0.000065 0.020673
350 0.000057 0.020730
351 0.000059 0.020789
352 0.000055 0.020844
353 0.000059 0.020903
354 0.000059 0.020962
355 0.000051 0.021013
356 0.000058 0.021071
357 0.000061 0.021132
358 0.000067 0.021199
359 0.000057 0.021256
360 0.000067 0.021323
361 0.000066 0.021389
362 0.000065 0.021454
363 0.000056 0.021510
364 0.000061 0.021571
365 0.000058 0.021629
366 0.000060 0.021689
367 0.000064 0.021753
368 0.000056 0.021809
369 0.000062 0.021871
370 0.000058 0.021929
371 0.000067 0.021996
372 0.000060 0.022056
373 0.000058 0.022114
374 0.000068 0.022182
375 0.000069 0.022251
376 0.000054 0.022305
377 0.000057 0.022362
378 0.000068 0.022430
379 0.000066 0.022496
380 0.000060 0.022556
381 0.000058 0.022614
382 0.000069 0.022683
383 0.000062 0.022745
384 0.000060 0.022805
385 0.000063 0.022868
386 0.000059 0.022927
387 0.000060 0.022987
388 0.000061 0.023048
389 0.000082 0.023130
390 0.000061 0.023191
391 0.000060 0.023251
392 0.000062 0.023313
393 0.000063 0.023376
394 0.000062 0.023438
395 0.000065 0.023503
396 0.000061 0.023564
397 0.000057 0.023621
398 0.000061 0.023682
399 0.000058 0.023740
400 0.000051 0.023791
401 0.000054 0.023845
402 0.000057 0.023902
403 0.000054 0.023956
404 0.000057 0.024013
405 0.000058 0.024071
406 0.000056 0.024127
407 0.000054 0.024181
408 0.000059 0.024240
409 0.000055 0.024295
410 0.000057 0.024352
411 0.000060 0.024412
412 0.000056 0.024468
413 0.000060 0.024528
414 0.000056 0.024584
415 0.000053 0.024637
416 0.000057 0.024694
417 0.000057 0.024751
418 0.000059 0.024810
419 0.000062 0.024872
420 0.000060 0.024932
421 0.000058 0.024990
422 0.000063 0.025053
423 0.000062 0.025115
424 0.000058 0.025173
425 0.000075 0.025248
426 0.000059 0.025307
427 0.000060 0.025367
428 0.000059 0.025426
429 0.000061 0.025487
430 0.000059 0.025546
431 0.000057 0.025603
432 0.000052 0.025655
433 0.000062 0.025717
434 0.000055 0.025772
435 0.000056 0.025828
436 0.000061 0.025889
437 0.000060 0.025949
438 0.000054 0.026003
439 0.000065 0.026068
440 0.000058 0.026126
441 0.000067 0.026193
442 0.000058 0.026251
443 0.000061 0.026312
444 0.000058 0.026370
445 0.000059 0.026429
446 0.000059 0.026488
447 0.000065 0.026553
448 0.000054 0.026607
449 0.000059 0.026666
450 0.000055 0.026721
451 0.000053 0.026774
452 0.000061 0.026835
453 0.000058 0.026893
454 0.000054 0.026947
455 0.000060 0.027007
456 0.000053 0.027060
457 0.000062 0.027122
458 0.000061 0.027183
459 0.000063 0.027246
460 0.000057 0.027303
461 0.000056 0.027359
462 0.000057 0.027416
463 0.000052 0.027468
464 0.000058 0.027526
465 0.000055 0.027581
466 0.000056 0.027637
467 0.000052 0.027689
468 0.000066 0.027755
469 0.000063 0.027818
470 0.000068 0.027886
471 0.000059 0.027945
472 0.000064 0.028009
473 0.000063 0.028072
474 0.000054 0.028126
475 0.000064 0.028190
476 0.000062 0.028252
477 0.000057 0.028309
478 0.000061 0.028370
479 0.000053 0.028423
480 0.000056 0.028479
481 0.000056 0.028535
482 0.000059 0.028594
483 0.000053 0.028647
484 0.000065 0.028712
485 0.000059 0.028771
486 0.000056 0.028827
487 0.000062 0.028889
488 0.000059 0.028948
489 0.000062 0.029010
490 0.000054 0.029064
491 0.000059 0.029123
492 0.000061 0.029184
493 0.000061 0.029245
494 0.000055 0.029300
495 0.000056 0.029356
496 0.000062 0.029418
497 0.000059 0.029477
498 0.000062 0.029539
499 0.000056 0.029595
500 0.000066 0.029661
501 0.000061 0.029722
502 0.000055 0.029777
503 0.000064 0.029841
504 0.000060 0.029901
505 0.000060 0.029961
506 0.000057 0.030018
507 0.000062 0.030080
508 0.000062 0.030142
509 0.000058 0.030200
510 0.000059 0.030259
511 0.000061 0.030320
512 0.000055 0.030375
513 0.000062 0.030437
514 0.000057 0.030494
515 0.000056 0.030550
516 0.000060 0.030610
517 0.000060 0.030670
518 0.000053 0.030723
519 0.000059 0.030782
520 0.000053 0.030835
521 0.000063 0.030898
522 0.000052 0.030950
523 0.000064 0.031014
524 0.000074 0.031088
525 0.000065 0.031153
526 0.000065 0.031218
527 0.000062 0.031280
528 0.000058 0.031338
529 0.000063 0.031401
530 0.000059 0.031460
531 0.000052 0.031512
532 0.000063 0.031575
533 0.000061 0.031636
534 0.000064 0.031700
535 0.000062 0.031762
536 0.000056 0.031818
537 0.000063 0.031881
538 0.000060 0.031941
539 0.000057 0.031998
540 0.000062 0.032060
541 0.000058 0.032118
542 0.000058 0.032176
543 0.000063 0.032239
544 0.000066 0.032305
545 0.000060 0.032365
546 0.000061 0.032426
547 0.000070 0.032496
548 0.000068 0.032564
549 0.000062 0.032626
550 0.000062 0.032688
551 0.000067 0.032755
552 0.000063 0.032818
553 0.000073 0.032891
554 0.000059 0.032950
555 0.000061 0.033011
556 0.000056 0.033067
557 0.000058 0.033125
558 0.000059 0.033184
559 0.000060 0.033244
560 0.000057 0.033301
561 0.000068 0.033369
562 0.000054 0.033423
563 0.000063 0.033486
564 0.000061 0.033547
565 0.000060 0.033607
566 0.000061 0.033668
567 0.000065 0.033733
568 0.000066 0.033799
569 0.000068 0.033867
570 0.000060 0.033927
571 0.000060 0.033987
572 0.000060 0.034047
573 0.000063 0.034110
574 0.000059 0.034169
575 0.000061 0.034230
576 0.000062 0.034292
577 0.000104 0.034396
578 0.000069 0.034465
579 0.000059 0.034524
580 0.000056 0.034580
581 0.000057 0.034637
582 0.000061 0.034698
583 0.000060 0.034758
584 0.000066 0.034824
585 0.000065 0.034889
586 0.000071 0.034960
587 0.000077 0.035037
588 0.000095 0.035132
589 0.000061 0.035193
590 0.000063 0.035256
591 0.000060 0.035316
592 0.000070 0.035386
593 0.000057 0.035443
594 0.000059 0.035502
595 0.000060 0.035562
596 0.000057 0.035619
597 0.000068 0.035687
598 0.000060 0.035747
599 0.000077 0.035824
600 0.000056 0.035880
601 0.000072 0.035952
602 0.000091 0.036043
603 0.000061 0.036104
604 0.000062 0.036166
605 0.000064 0.036230
606 0.000069 0.036299
607 0.000089 0.036388
608 0.000059 0.036447
609 0.000059 0.036506
610 0.000086 0.036592
611 0.000066 0.036658
612 0.000064 0.036722
613 0.000070 0.036792
614 0.000061 0.036853
615 0.000061 0.036914
616 0.000078 0.036992
617 0.000070 0.037062
618 0.000060 0.037122
619 0.000060 0.037182
620 0.000064 0.037246
621 0.000068 0.037314
622 0.000063 0.037377
623 0.000060 0.037437
624 0.000058 0.037495
625 0.000061 0.037556
626 0.000067 0.037623
627 0.000105 0.037728
628 0.000265 0.037993
629 0.000062 0.038055
630 0.000062 0.038117
631 0.000251 0.038368
632 0.000390 0.038758
633 0.000073 0.038831
634 0.000062 0.038893
635 0.000418 0.039311
636 0.000067 0.039378
637 0.000087 0.039465
638 0.000059 0.039524
639 0.000090 0.039614
640 0.000087 0.039701
641 0.000056 0.039757
642 0.000059 0.039816
643 0.000066 0.039882
644 0.000059 0.039941
645 0.000064 0.040005
646 0.000061 0.040066
647 0.000082 0.040148
648 0.000057 0.040205
649 0.000063 0.040268
650 0.000063 0.040331
651 0.000290 0.040621
652 0.000058 0.040679
653 0.000067 0.040746
654 0.000064 0.040810
655 0.000406 0.041216
656 0.000101 0.041317
657 0.000106 0.041423
658 0.000059 0.041482
659 0.000077 0.041559
660 0.000377 0.041936
661 0.000393 0.042329
662 0.000387 0.042716
663 0.000070 0.042786
664 0.000069 0.042855
665 0.000072 0.042927
666 0.000067 0.042994
667 0.000182 0.043176
668 0.000356 0.043532
669 0.000074 0.043606
670 0.000096 0.043702
671 0.000402 0.044104
672 0.000085 0.044189
673 0.000114 0.044303
674 0.000083 0.044386
675 0.000107 0.044493
676 0.000085 0.044578
677 0.000104 0.044682
678 0.000074 0.044756
679 0.000091 0.044847
680 0.000097 0.044944
681 0.000104 0.045048
682 0.000097 0.045145
683 0.000092 0.045237
684 0.000087 0.045324
685 0.000085 0.045409
686 0.000094 0.045503
687 0.000373 0.045876
688 0.000104 0.045980
689 0.000104 0.046084
690 0.000355 0.046439
691 0.000129 0.046568
692 0.000128 0.046696
693 0.000125 0.046821
694 0.000339 0.047160
695 0.000361 0.047521
696 0.000151 0.047672
697 0.000381 0.048053
698 0.000134 0.048187
699 0.000132 0.048319
700 0.000149 0.048468
701 0.000146 0.048614
702 0.000348 0.048962
703 0.000331 0.049293
704 0.000178 0.049471
705 0.000368 0.049839
706 0.000182 0.050021
707 0.000342 0.050363
708 0.000353 0.050716
709 0.000554 0.051270
710 0.000403 0.051673
711 0.000396 0.052069
712 0.000083 0.052152
713 0.000131 0.052283
714 0.000352 0.052635
715 0.000234 0.052869
716 0.000477 0.053346
717 0.000094 0.053440
718 0.000555 0.053995
done 718 0.000521 0.054516
