[runlim] version:		1.7
[runlim] time limit:		3600 seconds
[runlim] real time limit:	311040000 seconds
[runlim] space limit:		80000 MB
[runlim] argv[0]:		./vdcalloc_print_final_pn
[runlim] argv[1]:		../../../instances/fattree-bcube/instance_list_9vm_rnd.txt
[runlim] argv[2]:		0
[runlim] argv[3]:		8
[runlim] argv[4]:		2
[runlim] argv[5]:		10
[runlim] argv[6]:		16
[runlim] argv[7]:		timelogs/results.BCube_n8_k2_bw10_cpu16.pn.instance_list_9vm_rnd.txt.log
[runlim] start:			Mon Sep 30 01:47:14 2019
[runlim] main pid:		7133
Running Secondnet on ../../../instances/fattree-bcube/instance_list_9vm_rnd.txt
Read 5120 instances
Running Secondnet on BCube, with n=8, k=2, bandwidth=10, #cpus=16
Allocating ../../../instances/fattree-bcube/vn2_3.10.vn
3
4, 3
1: 9
VDC id:1, size 9
yes
0.99922
0.99922
30696.00000 15348.00000
Memory 0.00129
116
Allocating ../../../instances/fattree-bcube/vn2_3.8.vn
3
4, 3
2: 9
VDC id:2, size 9
yes
0.99863
0.99863
30678.00000 15339.00000
Memory 0.00235
64
Allocating ../../../instances/fattree-bcube/vn2_3.2.vn
3
4, 3
3: 9
VDC id:3, size 9
yes
0.99779
0.99779
30652.00000 15326.00000
Memory 0.00364
66
Allocating ../../../instances/fattree-bcube/vn2_3.1.vn
3
4, 3
4: 9
VDC id:4, size 9
yes
0.99733
0.99733
30638.00000 15319.00000
Memory 0.00462
58
Allocating ../../../instances/fattree-bcube/vn2_3.2.vn
3
4, 3
5: 9
VDC id:5, size 9
yes
0.99648
0.99648
30612.00000 15306.00000
Memory 0.00591
68
Allocating ../../../instances/fattree-bcube/vn2_3.1.vn
3
4, 3
6: 9
VDC id:6, size 9
yes
0.99603
0.99603
30598.00000 15299.00000
Memory 0.00690
55
Allocating ../../../instances/fattree-bcube/vn2_3.8.vn
3
4, 3
7: 9
VDC id:7, size 9
yes
0.99544
0.99544
30580.00000 15290.00000
Memory 0.00796
59
Allocating ../../../instances/fattree-bcube/vn2_3.2.vn
3
4, 3
8: 9
VDC id:8, size 9
yes
0.99453
0.99453
30552.00000 15276.00000
Memory 0.00928
65
Allocating ../../../instances/fattree-bcube/vn2_3.6.vn
3
4, 3
9: 9
VDC id:9, size 9
yes
0.99362
0.99362
30524.00000 15262.00000
Memory 0.01055
64
Allocating ../../../instances/fattree-bcube/vn2_3.8.vn
3
4, 3
10: 9
VDC id:10, size 9
yes
0.99290
0.99290
30502.00000 15251.00000
Memory 0.01167
64
Allocating ../../../instances/fattree-bcube/vn2_3.2.vn
3
4, 3
11: 9
VDC id:11, size 9
yes
0.99199
0.99199
30474.00000 15237.00000
Memory 0.01299
65
Allocating ../../../instances/fattree-bcube/vn2_3.1.vn
3
4, 3
12: 9
VDC id:12, size 9
yes
0.99147
0.99147
30458.00000 15229.00000
Memory 0.01401
63
Allocating ../../../instances/fattree-bcube/vn2_3.2.vn
3
4, 3
13: 9
VDC id:13, size 9
yes
0.99056
0.99056
30430.00000 15215.00000
Memory 0.01533
65
Allocating ../../../instances/fattree-bcube/vn2_3.5.vn
3
4, 3
14: 9
VDC id:14, size 9
yes
0.98906
0.98906
30384.00000 15192.00000
Memory 0.01686
76
Allocating ../../../instances/fattree-bcube/vn2_3.8.vn
3
4, 3
15: 9
VDC id:15, size 9
yes
0.98848
0.98848
30366.00000 15183.00000
Memory 0.01795
62
Allocating ../../../instances/fattree-bcube/vn2_3.5.vn
3
4, 3
16: 9
VDC id:16, size 9
yes
0.98685
0.98685
30316.00000 15158.00000
Memory 0.01952
78
Allocating ../../../instances/fattree-bcube/vn2_3.9.vn
3
4, 3
17: 9
VDC id:17, size 9
yes
0.98587
0.98587
30286.00000 15143.00000
Memory 0.02090
74
Allocating ../../../instances/fattree-bcube/vn2_3.6.vn
3
4, 3
18: 9
VDC id:18, size 9
yes
0.98457
0.98457
30246.00000 15123.00000
Memory 0.02226
70
Allocating ../../../instances/fattree-bcube/vn2_3.3.vn
3
4, 3
19: 9
VDC id:19, size 9
yes
0.98333
0.98333
30208.00000 15104.00000
Memory 0.02364
75
Allocating ../../../instances/fattree-bcube/vn2_3.9.vn
3
4, 3
20: 9
VDC id:20, size 9
yes
0.98229
0.98229
30176.00000 15088.00000
Memory 0.02502
74
Allocating ../../../instances/fattree-bcube/vn2_3.2.vn
3
4, 3
21: 9
VDC id:21, size 9
yes
0.98138
0.98138
30148.00000 15074.00000
Memory 0.02634
70
Allocating ../../../instances/fattree-bcube/vn2_3.3.vn
3
4, 3
22: 9
VDC id:22, size 9
yes
0.98001
0.98001
30106.00000 15053.00000
Memory 0.02773
74
Allocating ../../../instances/fattree-bcube/vn2_3.10.vn
3
4, 3
23: 9
VDC id:23, size 9
yes
0.97897
0.97897
30074.00000 15037.00000
Memory 0.02908
66
Allocating ../../../instances/fattree-bcube/vn2_3.5.vn
3
4, 3
24: 9
VDC id:24, size 9
yes
0.97754
0.97754
30030.00000 15015.00000
Memory 0.03058
77
Allocating ../../../instances/fattree-bcube/vn2_3.8.vn
3
4, 3
25: 9
VDC id:25, size 9
yes
0.97695
0.97695
30012.00000 15006.00000
Memory 0.03167
61
Allocating ../../../instances/fattree-bcube/vn2_3.10.vn
3
4, 3
26: 9
VDC id:26, size 9
yes
0.97598
0.97598
29982.00000 14991.00000
Memory 0.03302
73
Allocating ../../../instances/fattree-bcube/vn2_3.6.vn
3
4, 3
27: 9
VDC id:27, size 9
yes
0.97480
0.97480
29946.00000 14973.00000
Memory 0.03436
81
Allocating ../../../instances/fattree-bcube/vn2_3.10.vn
3
4, 3
28: 9
VDC id:28, size 9
yes
0.97383
0.97383
29916.00000 14958.00000
Memory 0.03571
73
Allocating ../../../instances/fattree-bcube/vn2_3.3.vn
3
4, 3
29: 9
VDC id:29, size 9
yes
0.97292
0.97292
29888.00000 14944.00000
Memory 0.03699
66
Allocating ../../../instances/fattree-bcube/vn2_3.3.vn
3
4, 3
30: 9
VDC id:30, size 9
yes
0.97168
0.97168
29850.00000 14925.00000
Memory 0.03835
76
Allocating ../../../instances/fattree-bcube/vn2_3.4.vn
3
4, 3
31: 9
VDC id:31, size 9
yes
0.97116
0.97116
29834.00000 14917.00000
Memory 0.03945
66
Allocating ../../../instances/fattree-bcube/vn2_3.1.vn
3
4, 3
32: 9
VDC id:32, size 9
yes
0.97051
0.97051
29814.00000 14907.00000
Memory 0.04050
59
Allocating ../../../instances/fattree-bcube/vn2_3.8.vn
3
4, 3
33: 9
VDC id:33, size 9
yes
0.96973
0.96973
29790.00000 14895.00000
Memory 0.04165
69
Allocating ../../../instances/fattree-bcube/vn2_3.8.vn
3
4, 3
34: 9
VDC id:34, size 9
yes
0.96914
0.96914
29772.00000 14886.00000
Memory 0.04271
63
Allocating ../../../instances/fattree-bcube/vn2_3.8.vn
3
4, 3
35: 9
VDC id:35, size 9
yes
0.96849
0.96849
29752.00000 14876.00000
Memory 0.04383
62
Allocating ../../../instances/fattree-bcube/vn2_3.7.vn
3
4, 3
36: 9
VDC id:36, size 9
yes
0.96764
0.96764
29726.00000 14863.00000
Memory 0.04510
70
Allocating ../../../instances/fattree-bcube/vn2_3.8.vn
3
4, 3
37: 9
VDC id:37, size 9
yes
0.96686
0.96686
29702.00000 14851.00000
Memory 0.04626
69
Allocating ../../../instances/fattree-bcube/vn2_3.10.vn
3
4, 3
38: 9
VDC id:38, size 9
yes
0.96589
0.96589
29672.00000 14836.00000
Memory 0.04764
71
Allocating ../../../instances/fattree-bcube/vn2_3.3.vn
3
4, 3
39: 9
VDC id:39, size 9
yes
0.96452
0.96452
29630.00000 14815.00000
Memory 0.04902
75
Allocating ../../../instances/fattree-bcube/vn2_3.2.vn
3
4, 3
40: 9
VDC id:40, size 9
yes
0.96335
0.96335
29594.00000 14797.00000
Memory 0.05046
77
Allocating ../../../instances/fattree-bcube/vn2_3.7.vn
3
4, 3
41: 9
VDC id:41, size 9
yes
0.96243
0.96243
29566.00000 14783.00000
Memory 0.05173
71
Allocating ../../../instances/fattree-bcube/vn2_3.7.vn
3
4, 3
42: 9
VDC id:42, size 9
yes
0.96159
0.96159
29540.00000 14770.00000
Memory 0.05301
76
Allocating ../../../instances/fattree-bcube/vn2_3.1.vn
3
4, 3
43: 9
VDC id:43, size 9
yes
0.96107
0.96107
29524.00000 14762.00000
Memory 0.05402
59
Allocating ../../../instances/fattree-bcube/vn2_3.2.vn
3
4, 3
44: 9
VDC id:44, size 9
yes
0.96022
0.96022
29498.00000 14749.00000
Memory 0.05534
71
Allocating ../../../instances/fattree-bcube/vn2_3.6.vn
3
4, 3
45: 9
VDC id:45, size 9
yes
0.95937
0.95937
29472.00000 14736.00000
Memory 0.05659
80
Allocating ../../../instances/fattree-bcube/vn2_3.4.vn
3
4, 3
46: 9
VDC id:46, size 9
yes
0.95853
0.95853
29446.00000 14723.00000
Memory 0.05785
74
Allocating ../../../instances/fattree-bcube/vn2_3.2.vn
3
4, 3
47: 9
VDC id:47, size 9
yes
0.95768
0.95768
29420.00000 14710.00000
Memory 0.05917
69
Allocating ../../../instances/fattree-bcube/vn2_3.8.vn
3
4, 3
48: 9
VDC id:48, size 9
yes
0.95710
0.95710
29402.00000 14701.00000
Memory 0.06026
63
Allocating ../../../instances/fattree-bcube/vn2_3.5.vn
3
4, 3
49: 9
VDC id:49, size 9
yes
0.95521
0.95521
29344.00000 14672.00000
Memory 0.06191
80
Allocating ../../../instances/fattree-bcube/vn2_3.9.vn
3
4, 3
50: 9
VDC id:50, size 9
yes
0.95410
0.95410
29310.00000 14655.00000
Memory 0.06332
78
Allocating ../../../instances/fattree-bcube/vn2_3.8.vn
3
4, 3
51: 9
VDC id:51, size 9
yes
0.95332
0.95332
29286.00000 14643.00000
Memory 0.06448
66
Allocating ../../../instances/fattree-bcube/vn2_3.3.vn
3
4, 3
52: 9
VDC id:52, size 9
yes
0.95215
0.95215
29250.00000 14625.00000
Memory 0.06586
77
Allocating ../../../instances/fattree-bcube/vn2_3.1.vn
3
4, 3
53: 9
VDC id:53, size 9
yes
0.95156
0.95156
29232.00000 14616.00000
Memory 0.06690
67
Allocating ../../../instances/fattree-bcube/vn2_3.9.vn
3
4, 3
54: 9
VDC id:54, size 9
yes
0.95033
0.95033
29194.00000 14597.00000
Memory 0.06837
80
Allocating ../../../instances/fattree-bcube/vn2_3.1.vn
3
4, 3
55: 9
VDC id:55, size 9
yes
0.94961
0.94961
29172.00000 14586.00000
Memory 0.06945
65
Allocating ../../../instances/fattree-bcube/vn2_3.2.vn
3
4, 3
56: 9
VDC id:56, size 9
yes
0.94857
0.94857
29140.00000 14570.00000
Memory 0.07083
75
Allocating ../../../instances/fattree-bcube/vn2_3.7.vn
3
4, 3
57: 9
VDC id:57, size 9
yes
0.94772
0.94772
29114.00000 14557.00000
Memory 0.07211
77
Allocating ../../../instances/fattree-bcube/vn2_3.10.vn
3
4, 3
58: 9
VDC id:58, size 9
yes
0.94655
0.94655
29078.00000 14539.00000
Memory 0.07355
81
Allocating ../../../instances/fattree-bcube/vn2_3.1.vn
3
4, 3
59: 9
VDC id:59, size 9
yes
0.94603
0.94603
29062.00000 14531.00000
Memory 0.07456
65
Allocating ../../../instances/fattree-bcube/vn2_3.7.vn
3
4, 3
60: 9
VDC id:60, size 9
yes
0.94505
0.94505
29032.00000 14516.00000
Memory 0.07587
75
Allocating ../../../instances/fattree-bcube/vn2_3.9.vn
3
4, 3
61: 9
VDC id:61, size 9
yes
0.94395
0.94395
28998.00000 14499.00000
Memory 0.07725
77
Allocating ../../../instances/fattree-bcube/vn2_3.1.vn
3
4, 3
62: 9
VDC id:62, size 9
yes
0.94349
0.94349
28984.00000 14492.00000
Memory 0.07823
62
Allocating ../../../instances/fattree-bcube/vn2_3.8.vn
3
4, 3
63: 9
VDC id:63, size 9
yes
0.94284
0.94284
28964.00000 14482.00000
Memory 0.07935
68
Allocating ../../../instances/fattree-bcube/vn2_3.1.vn
3
4, 3
64: 9
VDC id:64, size 9
yes
0.94206
0.94206
28940.00000 14470.00000
Memory 0.08046
67
Allocating ../../../instances/fattree-bcube/vn2_3.10.vn
3
4, 3
65: 9
VDC id:65, size 9
yes
0.94095
0.94095
28906.00000 14453.00000
Memory 0.08187
78
Allocating ../../../instances/fattree-bcube/vn2_3.6.vn
3
4, 3
66: 9
VDC id:66, size 9
yes
0.93978
0.93978
28870.00000 14435.00000
Memory 0.08321
78
Allocating ../../../instances/fattree-bcube/vn2_3.10.vn
3
4, 3
67: 9
VDC id:67, size 9
yes
0.93848
0.93848
28830.00000 14415.00000
Memory 0.08468
79
Allocating ../../../instances/fattree-bcube/vn2_3.10.vn
3
4, 3
68: 9
VDC id:68, size 9
yes
0.93750
0.93750
28800.00000 14400.00000
Memory 0.08606
77
Allocating ../../../instances/fattree-bcube/vn2_3.8.vn
3
4, 3
69: 9
VDC id:69, size 9
yes
0.93659
0.93659
28772.00000 14386.00000
Memory 0.08727
73
Allocating ../../../instances/fattree-bcube/vn2_3.9.vn
3
4, 3
70: 9
VDC id:70, size 9
yes
0.93555
0.93555
28740.00000 14370.00000
Memory 0.08865
80
Allocating ../../../instances/fattree-bcube/vn2_3.3.vn
3
4, 3
71: 9
VDC id:71, size 9
yes
0.93418
0.93418
28698.00000 14349.00000
Memory 0.09010
76
Allocating ../../../instances/fattree-bcube/vn2_3.3.vn
3
4, 3
72: 9
VDC id:72, size 9
yes
0.93320
0.93320
28668.00000 14334.00000
Memory 0.09142
70
Allocating ../../../instances/fattree-bcube/vn2_3.10.vn
3
4, 3
73: 9
VDC id:73, size 9
yes
0.93203
0.93203
28632.00000 14316.00000
Memory 0.09286
79
Allocating ../../../instances/fattree-bcube/vn2_3.3.vn
3
4, 3
74: 9
VDC id:74, size 9
yes
0.93066
0.93066
28590.00000 14295.00000
Memory 0.09430
77
Allocating ../../../instances/fattree-bcube/vn2_3.6.vn
3
4, 3
75: 9
VDC id:75, size 9
yes
0.92936
0.92936
28550.00000 14275.00000
Memory 0.09566
71
Allocating ../../../instances/fattree-bcube/vn2_3.6.vn
3
4, 3
76: 9
VDC id:76, size 9
yes
0.92812
0.92812
28512.00000 14256.00000
Memory 0.09703
77
Allocating ../../../instances/fattree-bcube/vn2_3.8.vn
3
4, 3
77: 9
VDC id:77, size 9
yes
0.92734
0.92734
28488.00000 14244.00000
Memory 0.09818
72
Allocating ../../../instances/fattree-bcube/vn2_3.7.vn
3
4, 3
78: 9
VDC id:78, size 9
yes
0.92624
0.92624
28454.00000 14227.00000
Memory 0.09952
74
Allocating ../../../instances/fattree-bcube/vn2_3.8.vn
3
4, 3
79: 9
VDC id:79, size 9
yes
0.92552
0.92552
28432.00000 14216.00000
Memory 0.10067
72
Allocating ../../../instances/fattree-bcube/vn2_3.2.vn
3
4, 3
80: 9
VDC id:80, size 9
yes
0.92409
0.92409
28388.00000 14194.00000
Memory 0.10220
83
Allocating ../../../instances/fattree-bcube/vn2_3.9.vn
3
4, 3
81: 9
VDC id:81, size 9
yes
0.92298
0.92298
28354.00000 14177.00000
Memory 0.10361
76
Allocating ../../../instances/fattree-bcube/vn2_3.10.vn
3
4, 3
82: 9
VDC id:82, size 9
yes
0.92194
0.92194
28322.00000 14161.00000
Memory 0.10500
83
Allocating ../../../instances/fattree-bcube/vn2_3.8.vn
3
4, 3
83: 9
VDC id:83, size 9
yes
0.92116
0.92116
28298.00000 14149.00000
Memory 0.10615
72
Allocating ../../../instances/fattree-bcube/vn2_3.5.vn
3
4, 3
84: 9
VDC id:84, size 9
yes
0.91940
0.91940
28244.00000 14122.00000
Memory 0.10777
86
Allocating ../../../instances/fattree-bcube/vn2_3.9.vn
3
4, 3
85: 9
VDC id:85, size 9
yes
0.91829
0.91829
28210.00000 14105.00000
Memory 0.10921
87
Allocating ../../../instances/fattree-bcube/vn2_3.9.vn
3
4, 3
86: 9
VDC id:86, size 9
yes
0.91706
0.91706
28172.00000 14086.00000
Memory 0.11069
87
Allocating ../../../instances/fattree-bcube/vn2_3.1.vn
3
4, 3
87: 9
VDC id:87, size 9
yes
0.91628
0.91628
28148.00000 14074.00000
Memory 0.11179
71
Allocating ../../../instances/fattree-bcube/vn2_3.8.vn
3
4, 3
88: 9
VDC id:88, size 9
yes
0.91563
0.91563
28128.00000 14064.00000
Memory 0.11292
64
Allocating ../../../instances/fattree-bcube/vn2_3.6.vn
3
4, 3
89: 9
VDC id:89, size 9
yes
0.91419
0.91419
28084.00000 14042.00000
Memory 0.11434
82
Allocating ../../../instances/fattree-bcube/vn2_3.9.vn
3
4, 3
90: 9
VDC id:90, size 9
yes
0.91296
0.91296
28046.00000 14023.00000
Memory 0.11581
81
Allocating ../../../instances/fattree-bcube/vn2_3.3.vn
3
4, 3
91: 9
VDC id:91, size 9
yes
0.91152
0.91152
28002.00000 14001.00000
Memory 0.11726
80
Allocating ../../../instances/fattree-bcube/vn2_3.8.vn
3
4, 3
92: 9
VDC id:92, size 9
yes
0.91074
0.91074
27978.00000 13989.00000
Memory 0.11844
68
Allocating ../../../instances/fattree-bcube/vn2_3.2.vn
3
4, 3
93: 9
VDC id:93, size 9
yes
0.90964
0.90964
27944.00000 13972.00000
Memory 0.11985
78
Allocating ../../../instances/fattree-bcube/vn2_3.10.vn
3
4, 3
94: 9
VDC id:94, size 9
yes
0.90853
0.90853
27910.00000 13955.00000
Memory 0.12126
78
Allocating ../../../instances/fattree-bcube/vn2_3.8.vn
3
4, 3
95: 9
VDC id:95, size 9
yes
0.90781
0.90781
27888.00000 13944.00000
Memory 0.12238
66
Allocating ../../../instances/fattree-bcube/vn2_3.4.vn
3
4, 3
96: 9
VDC id:96, size 9
yes
0.90723
0.90723
27870.00000 13935.00000
Memory 0.12352
66
Allocating ../../../instances/fattree-bcube/vn2_3.7.vn
3
4, 3
97: 9
VDC id:97, size 9
yes
0.90612
0.90612
27836.00000 13918.00000
Memory 0.12486
74
Allocating ../../../instances/fattree-bcube/vn2_3.1.vn
3
4, 3
98: 9
VDC id:98, size 9
yes
0.90540
0.90540
27814.00000 13907.00000
Memory 0.12593
67
Allocating ../../../instances/fattree-bcube/vn2_3.6.vn
3
4, 3
99: 9
VDC id:99, size 9
yes
0.90436
0.90436
27782.00000 13891.00000
Memory 0.12724
72
Allocating ../../../instances/fattree-bcube/vn2_3.10.vn
3
4, 3
100: 9
VDC id:100, size 9
yes
0.90312
0.90312
27744.00000 13872.00000
Memory 0.12871
79
Allocating ../../../instances/fattree-bcube/vn2_3.1.vn
3
4, 3
101: 9
VDC id:101, size 9
yes
0.90260
0.90260
27728.00000 13864.00000
Memory 0.12972
69
Allocating ../../../instances/fattree-bcube/vn2_3.8.vn
3
4, 3
102: 9
VDC id:102, size 9
yes
0.90169
0.90169
27700.00000 13850.00000
Memory 0.13094
69
Allocating ../../../instances/fattree-bcube/vn2_3.2.vn
3
4, 3
103: 9
VDC id:103, size 9
yes
0.90052
0.90052
27664.00000 13832.00000
Memory 0.13235
76
Allocating ../../../instances/fattree-bcube/vn2_3.7.vn
3
4, 3
104: 9
VDC id:104, size 9
yes
0.89961
0.89961
27636.00000 13818.00000
Memory 0.13362
75
Allocating ../../../instances/fattree-bcube/vn2_3.1.vn
3
4, 3
105: 9
VDC id:105, size 9
yes
0.89889
0.89889
27614.00000 13807.00000
Memory 0.13470
63
Allocating ../../../instances/fattree-bcube/vn2_3.2.vn
3
4, 3
106: 9
VDC id:106, size 9
yes
0.89753
0.89753
27572.00000 13786.00000
Memory 0.13620
79
Allocating ../../../instances/fattree-bcube/vn2_3.1.vn
3
4, 3
107: 9
VDC id:107, size 9
yes
0.89694
0.89694
27554.00000 13777.00000
Memory 0.13721
61
Allocating ../../../instances/fattree-bcube/vn2_3.2.vn
3
4, 3
108: 9
VDC id:108, size 9
yes
0.89564
0.89564
27514.00000 13757.00000
Memory 0.13869
80
Allocating ../../../instances/fattree-bcube/vn2_3.9.vn
3
4, 3
109: 9
VDC id:109, size 9
yes
0.89434
0.89434
27474.00000 13737.00000
Memory 0.14016
80
Allocating ../../../instances/fattree-bcube/vn2_3.9.vn
3
4, 3
110: 9
VDC id:110, size 9
yes
0.89316
0.89316
27438.00000 13719.00000
Memory 0.14157
85
Allocating ../../../instances/fattree-bcube/vn2_3.2.vn
3
4, 3
111: 9
VDC id:111, size 9
yes
0.89186
0.89186
27398.00000 13699.00000
Memory 0.14307
80
Allocating ../../../instances/fattree-bcube/vn2_3.10.vn
3
4, 3
112: 9
VDC id:112, size 9
yes
0.89082
0.89082
27366.00000 13683.00000
Memory 0.14445
78
Allocating ../../../instances/fattree-bcube/vn2_3.5.vn
3
4, 3
113: 9
VDC id:113, size 9
yes
0.88900
0.88900
27310.00000 13655.00000
Memory 0.14608
85
Allocating ../../../instances/fattree-bcube/vn2_3.1.vn
3
4, 3
114: 9
VDC id:114, size 9
yes
0.88835
0.88835
27290.00000 13645.00000
Memory 0.14713
70
Allocating ../../../instances/fattree-bcube/vn2_3.6.vn
3
4, 3
115: 9
VDC id:115, size 9
yes
0.88717
0.88717
27254.00000 13627.00000
Memory 0.14846
72
Allocating ../../../instances/fattree-bcube/vn2_3.5.vn
3
4, 3
116: 9
VDC id:116, size 9
yes
0.88542
0.88542
27200.00000 13600.00000
Memory 0.15005
85
Allocating ../../../instances/fattree-bcube/vn2_3.8.vn
3
4, 3
117: 9
VDC id:117, size 9
yes
0.88457
0.88457
27174.00000 13587.00000
Memory 0.15124
74
Allocating ../../../instances/fattree-bcube/vn2_3.4.vn
3
4, 3
118: 9
VDC id:118, size 9
yes
0.88372
0.88372
27148.00000 13574.00000
Memory 0.15247
69
Allocating ../../../instances/fattree-bcube/vn2_3.2.vn
3
4, 3
119: 9
VDC id:119, size 9
yes
0.88255
0.88255
27112.00000 13556.00000
Memory 0.15394
79
Allocating ../../../instances/fattree-bcube/vn2_3.1.vn
3
4, 3
120: 9
VDC id:120, size 9
yes
0.88184
0.88184
27090.00000 13545.00000
Memory 0.15501
64
Allocating ../../../instances/fattree-bcube/vn2_3.6.vn
3
4, 3
121: 9
VDC id:121, size 9
yes
0.88066
0.88066
27054.00000 13527.00000
Memory 0.15635
75
Allocating ../../../instances/fattree-bcube/vn2_3.6.vn
3
4, 3
122: 9
VDC id:122, size 9
yes
0.87962
0.87962
27022.00000 13511.00000
Memory 0.15765
70
Allocating ../../../instances/fattree-bcube/vn2_3.8.vn
3
4, 3
123: 9
VDC id:123, size 9
yes
0.87878
0.87878
26996.00000 13498.00000
Memory 0.15884
67
Allocating ../../../instances/fattree-bcube/vn2_3.10.vn
3
4, 3
124: 9
VDC id:124, size 9
yes
0.87767
0.87767
26962.00000 13481.00000
Memory 0.16025
74
Allocating ../../../instances/fattree-bcube/vn2_3.4.vn
3
4, 3
125: 9
VDC id:125, size 9
yes
0.87682
0.87682
26936.00000 13468.00000
Memory 0.16148
82
Allocating ../../../instances/fattree-bcube/vn2_3.8.vn
3
4, 3
126: 9
VDC id:126, size 9
yes
0.87611
0.87611
26914.00000 13457.00000
Memory 0.16263
69
Allocating ../../../instances/fattree-bcube/vn2_3.6.vn
3
4, 3
127: 9
VDC id:127, size 9
yes
0.87487
0.87487
26876.00000 13438.00000
Memory 0.16396
77
Allocating ../../../instances/fattree-bcube/vn2_3.6.vn
3
4, 3
128: 9
VDC id:128, size 9
yes
0.87376
0.87376
26842.00000 13421.00000
Memory 0.16530
76
Allocating ../../../instances/fattree-bcube/vn2_3.6.vn
3
4, 3
129: 9
VDC id:129, size 9
yes
0.87272
0.87272
26810.00000 13405.00000
Memory 0.16660
71
Allocating ../../../instances/fattree-bcube/vn2_3.8.vn
3
4, 3
130: 9
VDC id:130, size 9
yes
0.87207
0.87207
26790.00000 13395.00000
Memory 0.16772
73
Allocating ../../../instances/fattree-bcube/vn2_3.8.vn
3
4, 3
131: 9
VDC id:131, size 9
yes
0.87135
0.87135
26768.00000 13384.00000
Memory 0.16885
66
Allocating ../../../instances/fattree-bcube/vn2_3.2.vn
3
4, 3
132: 9
VDC id:132, size 9
yes
0.87012
0.87012
26730.00000 13365.00000
Memory 0.17032
87
Allocating ../../../instances/fattree-bcube/vn2_3.5.vn
3
4, 3
133: 9
VDC id:133, size 9
yes
0.86849
0.86849
26680.00000 13340.00000
Memory 0.17188
82
Allocating ../../../instances/fattree-bcube/vn2_3.4.vn
3
4, 3
134: 9
VDC id:134, size 9
yes
0.86777
0.86777
26658.00000 13329.00000
Memory 0.17308
75
Allocating ../../../instances/fattree-bcube/vn2_3.2.vn
3
4, 3
135: 9
VDC id:135, size 9
yes
0.86654
0.86654
26620.00000 13310.00000
Memory 0.17455
74
Allocating ../../../instances/fattree-bcube/vn2_3.5.vn
3
4, 3
136: 9
VDC id:136, size 9
yes
0.86478
0.86478
26566.00000 13283.00000
Memory 0.17618
83
Allocating ../../../instances/fattree-bcube/vn2_3.3.vn
3
4, 3
137: 9
VDC id:137, size 9
yes
0.86328
0.86328
26520.00000 13260.00000
Memory 0.17765
87
Allocating ../../../instances/fattree-bcube/vn2_3.5.vn
3
4, 3
138: 9
VDC id:138, size 9
yes
0.86159
0.86159
26468.00000 13234.00000
Memory 0.17924
87
Allocating ../../../instances/fattree-bcube/vn2_3.8.vn
3
4, 3
139: 9
VDC id:139, size 9
yes
0.86081
0.86081
26444.00000 13222.00000
Memory 0.18040
69
Allocating ../../../instances/fattree-bcube/vn2_3.2.vn
3
4, 3
140: 9
VDC id:140, size 9
yes
0.85957
0.85957
26406.00000 13203.00000
Memory 0.18187
81
Allocating ../../../instances/fattree-bcube/vn2_3.2.vn
3
4, 3
141: 9
VDC id:141, size 9
yes
0.85859
0.85859
26376.00000 13188.00000
Memory 0.18325
78
Allocating ../../../instances/fattree-bcube/vn2_3.9.vn
3
4, 3
142: 9
VDC id:142, size 9
yes
0.85775
0.85775
26350.00000 13175.00000
Memory 0.18457
74
Allocating ../../../instances/fattree-bcube/vn2_3.9.vn
3
4, 3
143: 9
VDC id:143, size 9
yes
0.85671
0.85671
26318.00000 13159.00000
Memory 0.18595
77
Allocating ../../../instances/fattree-bcube/vn2_3.6.vn
3
4, 3
144: 9
VDC id:144, size 9
yes
0.85527
0.85527
26274.00000 13137.00000
Memory 0.18738
80
Allocating ../../../instances/fattree-bcube/vn2_3.4.vn
3
4, 3
145: 9
VDC id:145, size 9
yes
0.85423
0.85423
26242.00000 13121.00000
Memory 0.18870
72
Allocating ../../../instances/fattree-bcube/vn2_3.8.vn
3
4, 3
146: 9
VDC id:146, size 9
yes
0.85358
0.85358
26222.00000 13111.00000
Memory 0.18982
68
Allocating ../../../instances/fattree-bcube/vn2_3.8.vn
3
4, 3
147: 9
VDC id:147, size 9
yes
0.85267
0.85267
26194.00000 13097.00000
Memory 0.19103
70
Allocating ../../../instances/fattree-bcube/vn2_3.3.vn
3
4, 3
148: 9
VDC id:148, size 9
yes
0.85130
0.85130
26152.00000 13076.00000
Memory 0.19247
78
Allocating ../../../instances/fattree-bcube/vn2_3.5.vn
3
4, 3
149: 9
VDC id:149, size 9
yes
0.84954
0.84954
26098.00000 13049.00000
Memory 0.19407
80
Allocating ../../../instances/fattree-bcube/vn2_3.2.vn
3
4, 3
150: 9
VDC id:150, size 9
yes
0.84850
0.84850
26066.00000 13033.00000
Memory 0.19545
77
Allocating ../../../instances/fattree-bcube/vn2_3.9.vn
3
4, 3
151: 9
VDC id:151, size 9
yes
0.84740
0.84740
26032.00000 13016.00000
Memory 0.19686
74
Allocating ../../../instances/fattree-bcube/vn2_3.10.vn
3
4, 3
152: 9
VDC id:152, size 9
yes
0.84622
0.84622
25996.00000 12998.00000
Memory 0.19830
79
Allocating ../../../instances/fattree-bcube/vn2_3.8.vn
3
4, 3
153: 9
VDC id:153, size 9
yes
0.84551
0.84551
25974.00000 12987.00000
Memory 0.19946
72
Allocating ../../../instances/fattree-bcube/vn2_3.7.vn
3
4, 3
154: 9
VDC id:154, size 9
yes
0.84434
0.84434
25938.00000 12969.00000
Memory 0.20082
72
Allocating ../../../instances/fattree-bcube/vn2_3.4.vn
3
4, 3
155: 9
VDC id:155, size 9
yes
0.84355
0.84355
25914.00000 12957.00000
Memory 0.20202
73
Allocating ../../../instances/fattree-bcube/vn2_3.10.vn
3
4, 3
156: 9
VDC id:156, size 9
yes
0.84238
0.84238
25878.00000 12939.00000
Memory 0.20346
78
Allocating ../../../instances/fattree-bcube/vn2_3.2.vn
3
4, 3
157: 9
VDC id:157, size 9
yes
0.84128
0.84128
25844.00000 12922.00000
Memory 0.20487
73
Allocating ../../../instances/fattree-bcube/vn2_3.3.vn
3
4, 3
158: 9
VDC id:158, size 9
yes
0.83978
0.83978
25798.00000 12899.00000
Memory 0.20634
79
Allocating ../../../instances/fattree-bcube/vn2_3.9.vn
3
4, 3
159: 9
VDC id:159, size 9
yes
0.83854
0.83854
25760.00000 12880.00000
Memory 0.20779
79
Allocating ../../../instances/fattree-bcube/vn2_3.9.vn
3
4, 3
160: 9
VDC id:160, size 9
yes
0.83737
0.83737
25724.00000 12862.00000
Memory 0.20923
75
Allocating ../../../instances/fattree-bcube/vn2_3.9.vn
3
4, 3
161: 9
VDC id:161, size 9
yes
0.83607
0.83607
25684.00000 12842.00000
Memory 0.21073
81
Allocating ../../../instances/fattree-bcube/vn2_3.8.vn
3
4, 3
162: 9
VDC id:162, size 9
yes
0.83548
0.83548
25666.00000 12833.00000
Memory 0.21182
71
Allocating ../../../instances/fattree-bcube/vn2_3.6.vn
3
4, 3
163: 9
VDC id:163, size 9
yes
0.83451
0.83451
25636.00000 12818.00000
Memory 0.21313
72
Allocating ../../../instances/fattree-bcube/vn2_3.6.vn
3
4, 3
164: 9
VDC id:164, size 9
yes
0.83333
0.83333
25600.00000 12800.00000
Memory 0.21446
84
Allocating ../../../instances/fattree-bcube/vn2_3.3.vn
3
4, 3
165: 9
VDC id:165, size 9
yes
0.83197
0.83197
25558.00000 12779.00000
Memory 0.21590
81
Allocating ../../../instances/fattree-bcube/vn2_3.5.vn
3
4, 3
166: 9
VDC id:166, size 9
yes
0.83047
0.83047
25512.00000 12756.00000
Memory 0.21744
78
Allocating ../../../instances/fattree-bcube/vn2_3.7.vn
3
4, 3
167: 9
VDC id:167, size 9
yes
0.82943
0.82943
25480.00000 12740.00000
Memory 0.21877
78
Allocating ../../../instances/fattree-bcube/vn2_3.6.vn
3
4, 3
168: 9
VDC id:168, size 9
yes
0.82806
0.82806
25438.00000 12719.00000
Memory 0.22017
79
Allocating ../../../instances/fattree-bcube/vn2_3.9.vn
3
4, 3
169: 9
VDC id:169, size 9
yes
0.82682
0.82682
25400.00000 12700.00000
Memory 0.22161
76
Allocating ../../../instances/fattree-bcube/vn2_3.6.vn
3
4, 3
170: 9
VDC id:170, size 9
yes
0.82559
0.82559
25362.00000 12681.00000
Memory 0.22295
77
Allocating ../../../instances/fattree-bcube/vn2_3.7.vn
3
4, 3
171: 9
VDC id:171, size 9
yes
0.82467
0.82467
25334.00000 12667.00000
Memory 0.22422
69
Allocating ../../../instances/fattree-bcube/vn2_3.7.vn
3
4, 3
172: 9
VDC id:172, size 9
yes
0.82350
0.82350
25298.00000 12649.00000
Memory 0.22559
73
Allocating ../../../instances/fattree-bcube/vn2_3.5.vn
3
4, 3
173: 9
VDC id:173, size 9
yes
0.82155
0.82155
25238.00000 12619.00000
Memory 0.22724
81
Allocating ../../../instances/fattree-bcube/vn2_3.10.vn
3
4, 3
174: 9
VDC id:174, size 9
yes
0.82044
0.82044
25204.00000 12602.00000
Memory 0.22865
79
Allocating ../../../instances/fattree-bcube/vn2_3.8.vn
3
4, 3
175: 9
VDC id:175, size 9
yes
0.81979
0.81979
25184.00000 12592.00000
Memory 0.22977
67
Allocating ../../../instances/fattree-bcube/vn2_3.9.vn
3
4, 3
176: 9
VDC id:176, size 9
yes
0.81888
0.81888
25156.00000 12578.00000
Memory 0.23112
72
Allocating ../../../instances/fattree-bcube/vn2_3.4.vn
3
4, 3
177: 9
VDC id:177, size 9
yes
0.81803
0.81803
25130.00000 12565.00000
Memory 0.23235
75
Allocating ../../../instances/fattree-bcube/vn2_3.6.vn
3
4, 3
178: 9
VDC id:178, size 9
yes
0.81673
0.81673
25090.00000 12545.00000
Memory 0.23375
74
Allocating ../../../instances/fattree-bcube/vn2_3.2.vn
3
4, 3
179: 9
VDC id:179, size 9
yes
0.81556
0.81556
25054.00000 12527.00000
Memory 0.23516
85
Allocating ../../../instances/fattree-bcube/vn2_3.8.vn
3
4, 3
180: 9
VDC id:180, size 9
yes
0.81484
0.81484
25032.00000 12516.00000
Memory 0.23631
68
Allocating ../../../instances/fattree-bcube/vn2_3.3.vn
3
4, 3
181: 9
VDC id:181, size 9
yes
0.81328
0.81328
24984.00000 12492.00000
Memory 0.23779
82
Allocating ../../../instances/fattree-bcube/vn2_3.4.vn
3
4, 3
182: 9
VDC id:182, size 9
yes
0.81230
0.81230
24954.00000 12477.00000
Memory 0.23907
76
Allocating ../../../instances/fattree-bcube/vn2_3.2.vn
3
4, 3
183: 9
VDC id:183, size 9
yes
0.81126
0.81126
24922.00000 12461.00000
Memory 0.24046
76
Allocating ../../../instances/fattree-bcube/vn2_3.3.vn
3
4, 3
184: 9
VDC id:184, size 9
yes
0.80990
0.80990
24880.00000 12440.00000
Memory 0.24187
72
Allocating ../../../instances/fattree-bcube/vn2_3.1.vn
3
4, 3
185: 9
VDC id:185, size 9
yes
0.80918
0.80918
24858.00000 12429.00000
Memory 0.24294
67
Allocating ../../../instances/fattree-bcube/vn2_3.10.vn
3
4, 3
186: 9
VDC id:186, size 9
yes
0.80781
0.80781
24816.00000 12408.00000
Memory 0.24445
83
Allocating ../../../instances/fattree-bcube/vn2_3.9.vn
3
4, 3
187: 9
VDC id:187, size 9
yes
0.80677
0.80677
24784.00000 12392.00000
Memory 0.24586
76
Allocating ../../../instances/fattree-bcube/vn2_3.10.vn
3
4, 3
188: 9
VDC id:188, size 9
yes
0.80560
0.80560
24748.00000 12374.00000
Memory 0.24727
78
Allocating ../../../instances/fattree-bcube/vn2_3.9.vn
3
4, 3
189: 9
VDC id:189, size 9
yes
0.80475
0.80475
24722.00000 12361.00000
Memory 0.24859
75
Allocating ../../../instances/fattree-bcube/vn2_3.5.vn
3
4, 3
190: 9
VDC id:190, size 9
yes
0.80306
0.80306
24670.00000 12335.00000
Memory 0.25021
80
Allocating ../../../instances/fattree-bcube/vn2_3.3.vn
3
4, 3
191: 9
VDC id:191, size 9
yes
0.80156
0.80156
24624.00000 12312.00000
Memory 0.25166
88
Allocating ../../../instances/fattree-bcube/vn2_3.2.vn
3
4, 3
192: 9
VDC id:192, size 9
yes
0.80033
0.80033
24586.00000 12293.00000
Memory 0.25313
82
Allocating ../../../instances/fattree-bcube/vn2_3.5.vn
3
4, 3
193: 9
VDC id:193, size 9
yes
0.79837
0.79837
24526.00000 12263.00000
Memory 0.25481
87
Allocating ../../../instances/fattree-bcube/vn2_3.2.vn
3
4, 3
194: 9
VDC id:194, size 9
yes
0.79707
0.79707
24486.00000 12243.00000
Memory 0.25629
77
Allocating ../../../instances/fattree-bcube/vn2_3.6.vn
3
4, 3
195: 9
VDC id:195, size 9
yes
0.79590
0.79590
24450.00000 12225.00000
Memory 0.25762
77
Allocating ../../../instances/fattree-bcube/vn2_3.2.vn
3
4, 3
196: 9
VDC id:196, size 9
yes
0.79466
0.79466
24412.00000 12206.00000
Memory 0.25906
79
Allocating ../../../instances/fattree-bcube/vn2_3.9.vn
3
4, 3
197: 9
VDC id:197, size 9
yes
0.79375
0.79375
24384.00000 12192.00000
Memory 0.26041
71
Allocating ../../../instances/fattree-bcube/vn2_3.4.vn
3
4, 3
198: 9
VDC id:198, size 9
yes
0.79284
0.79284
24356.00000 12178.00000
Memory 0.26167
70
Allocating ../../../instances/fattree-bcube/vn2_3.6.vn
3
4, 3
199: 9
VDC id:199, size 9
yes
0.79154
0.79154
24316.00000 12158.00000
Memory 0.26307
74
Allocating ../../../instances/fattree-bcube/vn2_3.2.vn
3
4, 3
200: 9
VDC id:200, size 9
yes
0.79023
0.79023
24276.00000 12138.00000
Memory 0.26454
77
Allocating ../../../instances/fattree-bcube/vn2_3.4.vn
3
4, 3
201: 9
VDC id:201, size 9
yes
0.78932
0.78932
24248.00000 12124.00000
Memory 0.26580
75
Allocating ../../../instances/fattree-bcube/vn2_3.7.vn
3
4, 3
202: 9
VDC id:202, size 9
yes
0.78841
0.78841
24220.00000 12110.00000
Memory 0.26711
69
Allocating ../../../instances/fattree-bcube/vn2_3.5.vn
3
4, 3
203: 9
VDC id:203, size 9
yes
0.78652
0.78652
24162.00000 12081.00000
Memory 0.26876
95
Allocating ../../../instances/fattree-bcube/vn2_3.5.vn
3
4, 3
204: 9
VDC id:204, size 9
yes
0.78451
0.78451
24100.00000 12050.00000
Memory 0.27045
84
Allocating ../../../instances/fattree-bcube/vn2_3.5.vn
3
4, 3
205: 9
VDC id:205, size 9
yes
0.78249
0.78249
24038.00000 12019.00000
Memory 0.27210
87
Allocating ../../../instances/fattree-bcube/vn2_3.3.vn
3
4, 3
206: 9
VDC id:206, size 9
yes
0.78099
0.78099
23992.00000 11996.00000
Memory 0.27357
81
Allocating ../../../instances/fattree-bcube/vn2_3.10.vn
3
4, 3
207: 9
VDC id:207, size 9
yes
0.78001
0.78001
23962.00000 11981.00000
Memory 0.27496
74
Allocating ../../../instances/fattree-bcube/vn2_3.7.vn
3
4, 3
208: 9
VDC id:208, size 9
yes
0.77897
0.77897
23930.00000 11965.00000
Memory 0.27629
74
Allocating ../../../instances/fattree-bcube/vn2_3.7.vn
3
4, 3
209: 9
VDC id:209, size 9
yes
0.77793
0.77793
23898.00000 11949.00000
Memory 0.27760
76
Allocating ../../../instances/fattree-bcube/vn2_3.2.vn
3
4, 3
210: 9
VDC id:210, size 9
yes
0.77650
0.77650
23854.00000 11927.00000
Memory 0.27913
77
Allocating ../../../instances/fattree-bcube/vn2_3.10.vn
3
4, 3
211: 9
VDC id:211, size 9
yes
0.77552
0.77552
23824.00000 11912.00000
Memory 0.28051
78
Allocating ../../../instances/fattree-bcube/vn2_3.8.vn
3
4, 3
212: 9
VDC id:212, size 9
yes
0.77467
0.77467
23798.00000 11899.00000
Memory 0.28169
72
Allocating ../../../instances/fattree-bcube/vn2_3.7.vn
3
4, 3
213: 9
VDC id:213, size 9
yes
0.77376
0.77376
23770.00000 11885.00000
Memory 0.28300
70
Allocating ../../../instances/fattree-bcube/vn2_3.10.vn
3
4, 3
214: 9
VDC id:214, size 9
yes
0.77259
0.77259
23734.00000 11867.00000
Memory 0.28441
76
Allocating ../../../instances/fattree-bcube/vn2_3.10.vn
3
4, 3
215: 9
VDC id:215, size 9
yes
0.77148
0.77148
23700.00000 11850.00000
Memory 0.28579
77
Allocating ../../../instances/fattree-bcube/vn2_3.3.vn
3
4, 3
216: 9
VDC id:216, size 9
yes
0.76999
0.76999
23654.00000 11827.00000
Memory 0.28723
76
Allocating ../../../instances/fattree-bcube/vn2_3.7.vn
3
4, 3
217: 9
VDC id:217, size 9
yes
0.76895
0.76895
23622.00000 11811.00000
Memory 0.28857
77
Allocating ../../../instances/fattree-bcube/vn2_3.6.vn
3
4, 3
218: 9
VDC id:218, size 9
yes
0.76790
0.76790
23590.00000 11795.00000
Memory 0.28984
69
Allocating ../../../instances/fattree-bcube/vn2_3.3.vn
3
4, 3
219: 9
VDC id:219, size 9
yes
0.76654
0.76654
23548.00000 11774.00000
Memory 0.29128
84
Allocating ../../../instances/fattree-bcube/vn2_3.7.vn
3
4, 3
220: 9
VDC id:220, size 9
yes
0.76543
0.76543
23514.00000 11757.00000
Memory 0.29265
83
Allocating ../../../instances/fattree-bcube/vn2_3.4.vn
3
4, 3
221: 9
VDC id:221, size 9
yes
0.76452
0.76452
23486.00000 11743.00000
Memory 0.29391
74
Allocating ../../../instances/fattree-bcube/vn2_3.4.vn
3
4, 3
222: 9
VDC id:222, size 9
yes
0.76348
0.76348
23454.00000 11727.00000
Memory 0.29523
71
Allocating ../../../instances/fattree-bcube/vn2_3.5.vn
3
4, 3
223: 9
VDC id:223, size 9
yes
0.76159
0.76159
23396.00000 11698.00000
Memory 0.29685
79
Allocating ../../../instances/fattree-bcube/vn2_3.4.vn
3
4, 3
224: 9
VDC id:224, size 9
yes
0.76068
0.76068
23368.00000 11684.00000
Memory 0.29814
74
Allocating ../../../instances/fattree-bcube/vn2_3.1.vn
3
4, 3
225: 9
VDC id:225, size 9
yes
0.76022
0.76022
23354.00000 11677.00000
Memory 0.29913
64
Allocating ../../../instances/fattree-bcube/vn2_3.5.vn
3
4, 3
226: 9
VDC id:226, size 9
yes
0.75853
0.75853
23302.00000 11651.00000
Memory 0.30072
78
Allocating ../../../instances/fattree-bcube/vn2_3.3.vn
3
4, 3
227: 9
VDC id:227, size 9
yes
0.75684
0.75684
23250.00000 11625.00000
Memory 0.30225
77
Allocating ../../../instances/fattree-bcube/vn2_3.2.vn
3
4, 3
228: 9
VDC id:228, size 9
yes
0.75573
0.75573
23216.00000 11608.00000
Memory 0.30367
77
Allocating ../../../instances/fattree-bcube/vn2_3.8.vn
3
4, 3
229: 9
VDC id:229, size 9
yes
0.75488
0.75488
23190.00000 11595.00000
Memory 0.30485
72
Allocating ../../../instances/fattree-bcube/vn2_3.5.vn
3
4, 3
230: 9
VDC id:230, size 9
yes
0.75306
0.75306
23134.00000 11567.00000
Memory 0.30647
85
Allocating ../../../instances/fattree-bcube/vn2_3.4.vn
3
4, 3
231: 9
VDC id:231, size 9
yes
0.75215
0.75215
23106.00000 11553.00000
Memory 0.30773
72
Allocating ../../../instances/fattree-bcube/vn2_3.7.vn
3
4, 3
232: 9
VDC id:232, size 9
yes
0.75124
0.75124
23078.00000 11539.00000
Memory 0.30904
78
Allocating ../../../instances/fattree-bcube/vn2_3.4.vn
3
4, 3
233: 9
VDC id:233, size 9
yes
0.75026
0.75026
23048.00000 11524.00000
Memory 0.31033
77
Allocating ../../../instances/fattree-bcube/vn2_3.7.vn
3
4, 3
234: 9
VDC id:234, size 9
yes
0.74928
0.74928
23018.00000 11509.00000
Memory 0.31163
71
Allocating ../../../instances/fattree-bcube/vn2_3.1.vn
3
4, 3
235: 9
VDC id:235, size 9
yes
0.74857
0.74857
22996.00000 11498.00000
Memory 0.31271
70
Allocating ../../../instances/fattree-bcube/vn2_3.6.vn
3
4, 3
236: 9
VDC id:236, size 9
yes
0.74714
0.74714
22952.00000 11476.00000
Memory 0.31413
74
Allocating ../../../instances/fattree-bcube/vn2_3.1.vn
3
4, 3
237: 9
VDC id:237, size 9
yes
0.74635
0.74635
22928.00000 11464.00000
Memory 0.31524
71
Allocating ../../../instances/fattree-bcube/vn2_3.6.vn
3
4, 3
238: 9
VDC id:238, size 9
yes
0.74499
0.74499
22886.00000 11443.00000
Memory 0.31664
77
Allocating ../../../instances/fattree-bcube/vn2_3.8.vn
3
4, 3
239: 9
VDC id:239, size 9
yes
0.74421
0.74421
22862.00000 11431.00000
Memory 0.31779
67
Allocating ../../../instances/fattree-bcube/vn2_3.5.vn
3
4, 3
240: 9
VDC id:240, size 9
yes
0.74251
0.74251
22810.00000 11405.00000
Memory 0.31938
84
Allocating ../../../instances/fattree-bcube/vn2_3.5.vn
3
4, 3
241: 9
VDC id:241, size 9
yes
0.74062
0.74062
22752.00000 11376.00000
Memory 0.32101
84
Allocating ../../../instances/fattree-bcube/vn2_3.9.vn
3
4, 3
242: 9
VDC id:242, size 9
yes
0.73932
0.73932
22712.00000 11356.00000
Memory 0.32248
84
Allocating ../../../instances/fattree-bcube/vn2_3.8.vn
3
4, 3
243: 9
VDC id:243, size 9
yes
0.73861
0.73861
22690.00000 11345.00000
Memory 0.32363
70
Allocating ../../../instances/fattree-bcube/vn2_3.2.vn
3
4, 3
244: 9
VDC id:244, size 9
yes
0.73730
0.73730
22650.00000 11325.00000
Memory 0.32510
80
Allocating ../../../instances/fattree-bcube/vn2_3.1.vn
3
4, 3
245: 9
VDC id:245, size 9
yes
0.73659
0.73659
22628.00000 11314.00000
Memory 0.32618
65
Allocating ../../../instances/fattree-bcube/vn2_3.4.vn
3
4, 3
246: 9
VDC id:246, size 9
yes
0.73561
0.73561
22598.00000 11299.00000
Memory 0.32747
83
Allocating ../../../instances/fattree-bcube/vn2_3.5.vn
3
4, 3
247: 9
VDC id:247, size 9
yes
0.73405
0.73405
22550.00000 11275.00000
Memory 0.32903
87
Allocating ../../../instances/fattree-bcube/vn2_3.7.vn
3
4, 3
248: 9
VDC id:248, size 9
yes
0.73294
0.73294
22516.00000 11258.00000
Memory 0.33037
74
Allocating ../../../instances/fattree-bcube/vn2_3.3.vn
3
4, 3
249: 9
VDC id:249, size 9
yes
0.73145
0.73145
22470.00000 11235.00000
Memory 0.33184
77
Allocating ../../../instances/fattree-bcube/vn2_3.4.vn
3
4, 3
250: 9
VDC id:250, size 9
yes
0.73040
0.73040
22438.00000 11219.00000
Memory 0.33316
77
Allocating ../../../instances/fattree-bcube/vn2_3.9.vn
3
4, 3
251: 9
VDC id:251, size 9
yes
0.72936
0.72936
22406.00000 11203.00000
Memory 0.33454
74
Allocating ../../../instances/fattree-bcube/vn2_3.10.vn
3
4, 3
252: 9
VDC id:252, size 9
yes
0.72813
0.72813
22368.00000 11184.00000
Memory 0.33601
76
Allocating ../../../instances/fattree-bcube/vn2_3.7.vn
3
4, 3
253: 9
VDC id:253, size 9
yes
0.72702
0.72702
22334.00000 11167.00000
Memory 0.33735
77
Allocating ../../../instances/fattree-bcube/vn2_3.2.vn
3
4, 3
254: 9
VDC id:254, size 9
yes
0.72578
0.72578
22296.00000 11148.00000
Memory 0.33879
78
Allocating ../../../instances/fattree-bcube/vn2_3.3.vn
3
4, 3
255: 9
VDC id:255, size 9
yes
0.72428
0.72428
22250.00000 11125.00000
Memory 0.34026
154
Allocating ../../../instances/fattree-bcube/vn2_3.8.vn
3
4, 3
256: 9
VDC id:256, size 9
yes
0.72357
0.72357
22228.00000 11114.00000
Memory 0.34142
71
Allocating ../../../instances/fattree-bcube/vn2_3.10.vn
3
4, 3
257: 9
VDC id:257, size 9
yes
0.72240
0.72240
22192.00000 11096.00000
Memory 0.34283
77
Allocating ../../../instances/fattree-bcube/vn2_3.10.vn
3
4, 3
258: 9
VDC id:258, size 9
yes
0.72122
0.72122
22156.00000 11078.00000
Memory 0.34424
73
Allocating ../../../instances/fattree-bcube/vn2_3.9.vn
3
4, 3
259: 9
VDC id:259, size 9
yes
0.72005
0.72005
22120.00000 11060.00000
Memory 0.34565
78
Allocating ../../../instances/fattree-bcube/vn2_3.3.vn
3
4, 3
260: 9
VDC id:260, size 9
yes
0.71849
0.71849
22072.00000 11036.00000
Memory 0.34712
79
Allocating ../../../instances/fattree-bcube/vn2_3.8.vn
3
4, 3
261: 9
VDC id:261, size 9
yes
0.71771
0.71771
22048.00000 11024.00000
Memory 0.34830
68
Allocating ../../../instances/fattree-bcube/vn2_3.6.vn
3
4, 3
262: 9
VDC id:262, size 9
yes
0.71654
0.71654
22012.00000 11006.00000
Memory 0.34964
77
Allocating ../../../instances/fattree-bcube/vn2_3.7.vn
3
4, 3
263: 9
VDC id:263, size 9
yes
0.71543
0.71543
21978.00000 10989.00000
Memory 0.35098
77
Allocating ../../../instances/fattree-bcube/vn2_3.4.vn
3
4, 3
264: 9
VDC id:264, size 9
yes
0.71452
0.71452
21950.00000 10975.00000
Memory 0.35223
71
Allocating ../../../instances/fattree-bcube/vn2_3.7.vn
3
4, 3
265: 9
VDC id:265, size 9
yes
0.71341
0.71341
21916.00000 10958.00000
Memory 0.35360
73
Allocating ../../../instances/fattree-bcube/vn2_3.9.vn
3
4, 3
266: 9
VDC id:266, size 9
yes
0.71243
0.71243
21886.00000 10943.00000
Memory 0.35498
76
Allocating ../../../instances/fattree-bcube/vn2_3.9.vn
3
4, 3
267: 9
VDC id:267, size 9
yes
0.71120
0.71120
21848.00000 10924.00000
Memory 0.35645
81
Allocating ../../../instances/fattree-bcube/vn2_3.10.vn
3
4, 3
268: 9
VDC id:268, size 9
yes
0.70996
0.70996
21810.00000 10905.00000
Memory 0.35793
84
Allocating ../../../instances/fattree-bcube/vn2_3.6.vn
3
4, 3
269: 9
VDC id:269, size 9
yes
0.70866
0.70866
21770.00000 10885.00000
Memory 0.35932
75
Allocating ../../../instances/fattree-bcube/vn2_3.10.vn
3
4, 3
270: 9
VDC id:270, size 9
yes
0.70749
0.70749
21734.00000 10867.00000
Memory 0.36076
77
Allocating ../../../instances/fattree-bcube/vn2_3.9.vn
3
4, 3
271: 9
VDC id:271, size 9
yes
0.70632
0.70632
21698.00000 10849.00000
Memory 0.36221
77
Allocating ../../../instances/fattree-bcube/vn2_3.5.vn
3
4, 3
272: 9
VDC id:272, size 9
yes
0.70456
0.70456
21644.00000 10822.00000
Memory 0.36383
85
Allocating ../../../instances/fattree-bcube/vn2_3.4.vn
3
4, 3
273: 9
VDC id:273, size 9
yes
0.70371
0.70371
21618.00000 10809.00000
Memory 0.36506
69
Allocating ../../../instances/fattree-bcube/vn2_3.2.vn
3
4, 3
274: 9
VDC id:274, size 9
yes
0.70241
0.70241
21578.00000 10789.00000
Memory 0.36653
115
Allocating ../../../instances/fattree-bcube/vn2_3.5.vn
3
4, 3
275: 9
VDC id:275, size 9
yes
0.70052
0.70052
21520.00000 10760.00000
Memory 0.36819
81
Allocating ../../../instances/fattree-bcube/vn2_3.4.vn
3
4, 3
276: 9
VDC id:276, size 9
yes
0.69961
0.69961
21492.00000 10746.00000
Memory 0.36945
77
Allocating ../../../instances/fattree-bcube/vn2_3.4.vn
3
4, 3
277: 9
VDC id:277, size 9
yes
0.69883
0.69883
21468.00000 10734.00000
Memory 0.37067
68
Allocating ../../../instances/fattree-bcube/vn2_3.10.vn
3
4, 3
278: 9
VDC id:278, size 9
yes
0.69759
0.69759
21430.00000 10715.00000
Memory 0.37215
79
Allocating ../../../instances/fattree-bcube/vn2_3.1.vn
3
4, 3
279: 9
VDC id:279, size 9
yes
0.69681
0.69681
21406.00000 10703.00000
Memory 0.37325
66
Allocating ../../../instances/fattree-bcube/vn2_3.10.vn
3
4, 3
280: 9
VDC id:280, size 9
yes
0.69564
0.69564
21370.00000 10685.00000
Memory 0.37469
81
Allocating ../../../instances/fattree-bcube/vn2_3.4.vn
3
4, 3
281: 9
VDC id:281, size 9
yes
0.69460
0.69460
21338.00000 10669.00000
Memory 0.37601
75
Allocating ../../../instances/fattree-bcube/vn2_3.10.vn
3
4, 3
282: 9
VDC id:282, size 9
yes
0.69329
0.69329
21298.00000 10649.00000
Memory 0.37749
76
Allocating ../../../instances/fattree-bcube/vn2_3.3.vn
3
4, 3
283: 9
VDC id:283, size 9
yes
0.69193
0.69193
21256.00000 10628.00000
Memory 0.37893
80
Allocating ../../../instances/fattree-bcube/vn2_3.2.vn
3
4, 3
284: 9
VDC id:284, size 9
yes
0.69095
0.69095
21226.00000 10613.00000
Memory 0.38031
75
Allocating ../../../instances/fattree-bcube/vn2_3.1.vn
3
4, 3
285: 9
VDC id:285, size 9
yes
0.69030
0.69030
21206.00000 10603.00000
Memory 0.38136
63
Allocating ../../../instances/fattree-bcube/vn2_3.3.vn
3
4, 3
286: 9
VDC id:286, size 9
yes
0.68887
0.68887
21162.00000 10581.00000
Memory 0.38283
77
Allocating ../../../instances/fattree-bcube/vn2_3.3.vn
3
4, 3
287: 9
VDC id:287, size 9
yes
0.68737
0.68737
21116.00000 10558.00000
Memory 0.38430
79
Allocating ../../../instances/fattree-bcube/vn2_3.4.vn
3
4, 3
288: 9
VDC id:288, size 9
yes
0.68639
0.68639
21086.00000 10543.00000
Memory 0.38559
71
Allocating ../../../instances/fattree-bcube/vn2_3.3.vn
3
4, 3
289: 9
VDC id:289, size 9
yes
0.68490
0.68490
21040.00000 10520.00000
Memory 0.38706
81
Allocating ../../../instances/fattree-bcube/vn2_3.7.vn
3
4, 3
290: 9
VDC id:290, size 9
yes
0.68398
0.68398
21012.00000 10506.00000
Memory 0.38834
74
Allocating ../../../instances/fattree-bcube/vn2_3.7.vn
3
4, 3
291: 9
VDC id:291, size 9
yes
0.68288
0.68288
20978.00000 10489.00000
Memory 0.38967
74
Allocating ../../../instances/fattree-bcube/vn2_3.10.vn
3
4, 3
292: 9
VDC id:292, size 9
yes
0.68171
0.68171
20942.00000 10471.00000
Memory 0.39111
78
Allocating ../../../instances/fattree-bcube/vn2_3.4.vn
3
4, 3
293: 9
VDC id:293, size 9
yes
0.68092
0.68092
20918.00000 10459.00000
Memory 0.39234
73
Allocating ../../../instances/fattree-bcube/vn2_3.1.vn
3
4, 3
294: 9
VDC id:294, size 9
yes
0.68034
0.68034
20900.00000 10450.00000
Memory 0.39339
63
Allocating ../../../instances/fattree-bcube/vn2_3.9.vn
3
4, 3
295: 9
VDC id:295, size 9
yes
0.67917
0.67917
20864.00000 10432.00000
Memory 0.39483
77
Allocating ../../../instances/fattree-bcube/vn2_3.8.vn
3
4, 3
296: 9
VDC id:296, size 9
yes
0.67839
0.67839
20840.00000 10420.00000
Memory 0.39598
66
Allocating ../../../instances/fattree-bcube/vn2_3.8.vn
3
4, 3
297: 9
VDC id:297, size 9
yes
0.67760
0.67760
20816.00000 10408.00000
Memory 0.39713
70
Allocating ../../../instances/fattree-bcube/vn2_3.4.vn
3
4, 3
298: 9
VDC id:298, size 9
yes
0.67663
0.67663
20786.00000 10393.00000
Memory 0.39842
72
Allocating ../../../instances/fattree-bcube/vn2_3.7.vn
3
4, 3
299: 9
VDC id:299, size 9
yes
0.67539
0.67539
20748.00000 10374.00000
Memory 0.39982
75
Allocating ../../../instances/fattree-bcube/vn2_3.4.vn
3
4, 3
300: 9
VDC id:300, size 9
yes
0.67461
0.67461
20724.00000 10362.00000
Memory 0.40105
69
Allocating ../../../instances/fattree-bcube/vn2_3.4.vn
3
4, 3
301: 9
VDC id:301, size 9
yes
0.67363
0.67363
20694.00000 10347.00000
Memory 0.40234
72
Allocating ../../../instances/fattree-bcube/vn2_3.10.vn
3
4, 3
302: 9
VDC id:302, size 9
yes
0.67259
0.67259
20662.00000 10331.00000
Memory 0.40375
78
Allocating ../../../instances/fattree-bcube/vn2_3.1.vn
3
4, 3
303: 9
VDC id:303, size 9
yes
0.67201
0.67201
20644.00000 10322.00000
Memory 0.40479
65
Allocating ../../../instances/fattree-bcube/vn2_3.2.vn
3
4, 3
304: 9
VDC id:304, size 9
yes
0.67064
0.67064
20602.00000 10301.00000
Memory 0.40630
79
Allocating ../../../instances/fattree-bcube/vn2_3.5.vn
3
4, 3
305: 9
VDC id:305, size 9
yes
0.66882
0.66882
20546.00000 10273.00000
Memory 0.40795
88
Allocating ../../../instances/fattree-bcube/vn2_3.7.vn
3
4, 3
306: 9
VDC id:306, size 9
yes
0.66784
0.66784
20516.00000 10258.00000
Memory 0.40926
77
Allocating ../../../instances/fattree-bcube/vn2_3.2.vn
3
4, 3
307: 9
VDC id:307, size 9
yes
0.66660
0.66660
20478.00000 10239.00000
Memory 0.41073
79
Allocating ../../../instances/fattree-bcube/vn2_3.7.vn
3
4, 3
308: 9
VDC id:308, size 9
yes
0.66536
0.66536
20440.00000 10220.00000
Memory 0.41212
77
Allocating ../../../instances/fattree-bcube/vn2_3.4.vn
3
4, 3
309: 9
VDC id:309, size 9
yes
0.66439
0.66439
20410.00000 10205.00000
Memory 0.41341
75
Allocating ../../../instances/fattree-bcube/vn2_3.2.vn
3
4, 3
310: 9
VDC id:310, size 9
yes
0.66328
0.66328
20376.00000 10188.00000
Memory 0.41483
75
Allocating ../../../instances/fattree-bcube/vn2_3.10.vn
3
4, 3
311: 9
VDC id:311, size 9
yes
0.66198
0.66198
20336.00000 10168.00000
Memory 0.41630
77
Allocating ../../../instances/fattree-bcube/vn2_3.3.vn
3
4, 3
312: 9
VDC id:312, size 9
yes
0.66055
0.66055
20292.00000 10146.00000
Memory 0.41777
87
Allocating ../../../instances/fattree-bcube/vn2_3.9.vn
3
4, 3
313: 9
VDC id:313, size 9
yes
0.65951
0.65951
20260.00000 10130.00000
Memory 0.41915
79
Allocating ../../../instances/fattree-bcube/vn2_3.6.vn
3
4, 3
314: 9
VDC id:314, size 9
yes
0.65840
0.65840
20226.00000 10113.00000
Memory 0.42046
72
Allocating ../../../instances/fattree-bcube/vn2_3.9.vn
3
4, 3
315: 9
VDC id:315, size 9
yes
0.65729
0.65729
20192.00000 10096.00000
Memory 0.42187
77
Allocating ../../../instances/fattree-bcube/vn2_3.2.vn
3
4, 3
316: 9
VDC id:316, size 9
yes
0.65599
0.65599
20152.00000 10076.00000
Memory 0.42334
80
Allocating ../../../instances/fattree-bcube/vn2_3.7.vn
3
4, 3
317: 9
VDC id:317, size 9
yes
0.65482
0.65482
20116.00000 10058.00000
Memory 0.42471
99
Allocating ../../../instances/fattree-bcube/vn2_3.9.vn
3
4, 3
318: 9
VDC id:318, size 9
yes
0.65358
0.65358
20078.00000 10039.00000
Memory 0.42615
105
Allocating ../../../instances/fattree-bcube/vn2_3.10.vn
3
4, 3
319: 9
VDC id:319, size 9
yes
0.65247
0.65247
20044.00000 10022.00000
Memory 0.42756
81
Allocating ../../../instances/fattree-bcube/vn2_3.9.vn
3
4, 3
320: 9
VDC id:320, size 9
yes
0.65117
0.65117
20004.00000 10002.00000
Memory 0.42903
77
Allocating ../../../instances/fattree-bcube/vn2_3.10.vn
3
4, 3
321: 9
VDC id:321, size 9
yes
0.64987
0.64987
19964.00000 9982.00000
Memory 0.43053
80
Allocating ../../../instances/fattree-bcube/vn2_3.9.vn
3
4, 3
322: 9
VDC id:322, size 9
yes
0.64870
0.64870
19928.00000 9964.00000
Memory 0.43198
80
Allocating ../../../instances/fattree-bcube/vn2_3.4.vn
3
4, 3
323: 9
VDC id:323, size 9
yes
0.64772
0.64772
19898.00000 9949.00000
Memory 0.43327
71
Allocating ../../../instances/fattree-bcube/vn2_3.3.vn
3
4, 3
324: 9
VDC id:324, size 9
yes
0.64622
0.64622
19852.00000 9926.00000
Memory 0.43471
78
Allocating ../../../instances/fattree-bcube/vn2_3.3.vn
3
4, 3
325: 9
VDC id:325, size 9
yes
0.64505
0.64505
19816.00000 9908.00000
Memory 0.43606
118
Allocating ../../../instances/fattree-bcube/vn2_3.3.vn
3
4, 3
326: 9
VDC id:326, size 9
yes
0.64349
0.64349
19768.00000 9884.00000
Memory 0.43753
121
Allocating ../../../instances/fattree-bcube/vn2_3.9.vn
3
4, 3
327: 9
VDC id:327, size 9
yes
0.64225
0.64225
19730.00000 9865.00000
Memory 0.43900
105
Allocating ../../../instances/fattree-bcube/vn2_3.7.vn
3
4, 3
328: 9
VDC id:328, size 9
yes
0.64121
0.64121
19698.00000 9849.00000
Memory 0.44034
76
Allocating ../../../instances/fattree-bcube/vn2_3.2.vn
3
4, 3
329: 9
VDC id:329, size 9
yes
0.64004
0.64004
19662.00000 9831.00000
Memory 0.44178
82
Allocating ../../../instances/fattree-bcube/vn2_3.10.vn
3
4, 3
330: 9
VDC id:330, size 9
yes
0.63887
0.63887
19626.00000 9813.00000
Memory 0.44319
76
Allocating ../../../instances/fattree-bcube/vn2_3.8.vn
3
4, 3
331: 9
VDC id:331, size 9
yes
0.63822
0.63822
19606.00000 9803.00000
Memory 0.44431
71
Allocating ../../../instances/fattree-bcube/vn2_3.9.vn
3
4, 3
332: 9
VDC id:332, size 9
yes
0.63704
0.63704
19570.00000 9785.00000
Memory 0.44576
99
Allocating ../../../instances/fattree-bcube/vn2_3.2.vn
3
4, 3
333: 9
VDC id:333, size 9
yes
0.63574
0.63574
19530.00000 9765.00000
Memory 0.44723
80
Allocating ../../../instances/fattree-bcube/vn2_3.6.vn
3
4, 3
334: 9
VDC id:334, size 9
yes
0.63457
0.63457
19494.00000 9747.00000
Memory 0.44856
78
Allocating ../../../instances/fattree-bcube/vn2_3.3.vn
3
4, 3
335: 9
VDC id:335, size 9
yes
0.63320
0.63320
19452.00000 9726.00000
Memory 0.45000
121
Allocating ../../../instances/fattree-bcube/vn2_3.10.vn
3
4, 3
336: 9
VDC id:336, size 9
yes
0.63203
0.63203
19416.00000 9708.00000
Memory 0.45145
75
Allocating ../../../instances/fattree-bcube/vn2_3.1.vn
3
4, 3
337: 9
VDC id:337, size 9
yes
0.63132
0.63132
19394.00000 9697.00000
Memory 0.45252
72
Allocating ../../../instances/fattree-bcube/vn2_3.7.vn
3
4, 3
338: 9
VDC id:338, size 9
yes
0.63014
0.63014
19358.00000 9679.00000
Memory 0.45389
72
Allocating ../../../instances/fattree-bcube/vn2_3.10.vn
3
4, 3
339: 9
VDC id:339, size 9
yes
0.62904
0.62904
19324.00000 9662.00000
Memory 0.45530
79
Allocating ../../../instances/fattree-bcube/vn2_3.1.vn
3
4, 3
340: 9
VDC id:340, size 9
yes
0.62845
0.62845
19306.00000 9653.00000
Memory 0.45631
67
Allocating ../../../instances/fattree-bcube/vn2_3.6.vn
3
4, 3
341: 9
VDC id:341, size 9
yes
0.62734
0.62734
19272.00000 9636.00000
Memory 0.45765
73
Allocating ../../../instances/fattree-bcube/vn2_3.3.vn
3
4, 3
342: 9
VDC id:342, size 9
yes
0.62565
0.62565
19220.00000 9610.00000
Memory 0.45918
112
Allocating ../../../instances/fattree-bcube/vn2_3.2.vn
3
4, 3
343: 9
VDC id:343, size 9
yes
0.62448
0.62448
19184.00000 9592.00000
Memory 0.46062
79
Allocating ../../../instances/fattree-bcube/vn2_3.3.vn
3
4, 3
344: 9
VDC id:344, size 9
yes
0.62285
0.62285
19134.00000 9567.00000
Memory 0.46213
77
Allocating ../../../instances/fattree-bcube/vn2_3.6.vn
3
4, 3
345: 9
VDC id:345, size 9
yes
0.62155
0.62155
19094.00000 9547.00000
Memory 0.46349
77
Allocating ../../../instances/fattree-bcube/vn2_3.10.vn
3
4, 3
346: 9
VDC id:346, size 9
yes
0.62057
0.62057
19064.00000 9532.00000
Memory 0.46484
76
Allocating ../../../instances/fattree-bcube/vn2_3.7.vn
3
4, 3
347: 9
VDC id:347, size 9
yes
0.61960
0.61960
19034.00000 9517.00000
Memory 0.46612
93
Allocating ../../../instances/fattree-bcube/vn2_3.3.vn
3
4, 3
348: 9
VDC id:348, size 9
yes
0.61829
0.61829
18994.00000 9497.00000
Memory 0.46756
81
Allocating ../../../instances/fattree-bcube/vn2_3.9.vn
3
4, 3
349: 9
VDC id:349, size 9
yes
0.61699
0.61699
18954.00000 9477.00000
Memory 0.46903
106
Allocating ../../../instances/fattree-bcube/vn2_3.4.vn
3
4, 3
350: 9
VDC id:350, size 9
yes
0.61621
0.61621
18930.00000 9465.00000
Memory 0.47023
69
Allocating ../../../instances/fattree-bcube/vn2_3.3.vn
3
4, 3
351: 9
VDC id:351, size 9
yes
0.61491
0.61491
18890.00000 9445.00000
Memory 0.47164
127
Allocating ../../../instances/fattree-bcube/vn2_3.5.vn
3
4, 3
352: 9
VDC id:352, size 9
yes
0.61315
0.61315
18836.00000 9418.00000
Memory 0.47324
114
Allocating ../../../instances/fattree-bcube/vn2_3.3.vn
3
4, 3
353: 9
VDC id:353, size 9
yes
0.61165
0.61165
18790.00000 9395.00000
Memory 0.47471
166
Allocating ../../../instances/fattree-bcube/vn2_3.8.vn
3
4, 3
354: 9
VDC id:354, size 9
yes
0.61094
0.61094
18768.00000 9384.00000
Memory 0.47583
86
Allocating ../../../instances/fattree-bcube/vn2_3.1.vn
3
4, 3
355: 9
VDC id:355, size 9
yes
0.61029
0.61029
18748.00000 9374.00000
Memory 0.47688
65
Allocating ../../../instances/fattree-bcube/vn2_3.5.vn
3
4, 3
356: 9
VDC id:356, size 9
yes
0.60833
0.60833
18688.00000 9344.00000
Memory 0.47853
84
Allocating ../../../instances/fattree-bcube/vn2_3.7.vn
3
4, 3
357: 9
VDC id:357, size 9
yes
0.60736
0.60736
18658.00000 9329.00000
Memory 0.47984
98
Allocating ../../../instances/fattree-bcube/vn2_3.8.vn
3
4, 3
358: 9
VDC id:358, size 9
yes
0.60671
0.60671
18638.00000 9319.00000
Memory 0.48096
93
Allocating ../../../instances/fattree-bcube/vn2_3.3.vn
3
4, 3
359: 9
VDC id:359, size 9
yes
0.60527
0.60527
18594.00000 9297.00000
Memory 0.48240
113
Allocating ../../../instances/fattree-bcube/vn2_3.3.vn
3
4, 3
360: 9
VDC id:360, size 9
yes
0.60378
0.60378
18548.00000 9274.00000
Memory 0.48387
108
Allocating ../../../instances/fattree-bcube/vn2_3.1.vn
3
4, 3
361: 9
VDC id:361, size 9
yes
0.60306
0.60306
18526.00000 9263.00000
Memory 0.48495
68
Allocating ../../../instances/fattree-bcube/vn2_3.4.vn
3
4, 3
362: 9
VDC id:362, size 9
yes
0.60202
0.60202
18494.00000 9247.00000
Memory 0.48627
70
Allocating ../../../instances/fattree-bcube/vn2_3.5.vn
3
4, 3
363: 9
VDC id:363, size 9
yes
0.60046
0.60046
18446.00000 9223.00000
Memory 0.48783
82
Allocating ../../../instances/fattree-bcube/vn2_3.1.vn
3
4, 3
364: 9
VDC id:364, size 9
yes
0.59980
0.59980
18426.00000 9213.00000
Memory 0.48888
67
Allocating ../../../instances/fattree-bcube/vn2_3.7.vn
3
4, 3
365: 9
VDC id:365, size 9
yes
0.59870
0.59870
18392.00000 9196.00000
Memory 0.49021
74
Allocating ../../../instances/fattree-bcube/vn2_3.5.vn
3
4, 3
366: 9
VDC id:366, size 9
yes
0.59681
0.59681
18334.00000 9167.00000
Memory 0.49187
87
Allocating ../../../instances/fattree-bcube/vn2_3.2.vn
3
4, 3
367: 9
VDC id:367, size 9
yes
0.59564
0.59564
18298.00000 9149.00000
Memory 0.49331
81
Allocating ../../../instances/fattree-bcube/vn2_3.9.vn
3
4, 3
368: 9
VDC id:368, size 9
yes
0.59434
0.59434
18258.00000 9129.00000
Memory 0.49478
99
Allocating ../../../instances/fattree-bcube/vn2_3.6.vn
3
4, 3
369: 9
VDC id:369, size 9
yes
0.59323
0.59323
18224.00000 9112.00000
Memory 0.49612
75
Allocating ../../../instances/fattree-bcube/vn2_3.5.vn
3
4, 3
370: 9
VDC id:370, size 9
yes
0.59108
0.59108
18158.00000 9079.00000
Memory 0.49783
117
Allocating ../../../instances/fattree-bcube/vn2_3.3.vn
3
4, 3
371: 9
VDC id:371, size 9
yes
0.58958
0.58958
18112.00000 9056.00000
Memory 0.49931
125
Allocating ../../../instances/fattree-bcube/vn2_3.2.vn
3
4, 3
372: 9
VDC id:372, size 9
yes
0.58848
0.58848
18078.00000 9039.00000
Memory 0.50072
77
Allocating ../../../instances/fattree-bcube/vn2_3.2.vn
3
4, 3
373: 9
VDC id:373, size 9
yes
0.58711
0.58711
18036.00000 9018.00000
Memory 0.50222
80
Allocating ../../../instances/fattree-bcube/vn2_3.6.vn
3
4, 3
374: 9
VDC id:374, size 9
yes
0.58574
0.58574
17994.00000 8997.00000
Memory 0.50362
108
Allocating ../../../instances/fattree-bcube/vn2_3.8.vn
3
4, 3
375: 9
VDC id:375, size 9
yes
0.58483
0.58483
17966.00000 8983.00000
Memory 0.50483
99
Allocating ../../../instances/fattree-bcube/vn2_3.4.vn
3
4, 3
376: 9
VDC id:376, size 9
yes
0.58392
0.58392
17938.00000 8969.00000
Memory 0.50609
69
Allocating ../../../instances/fattree-bcube/vn2_3.9.vn
3
4, 3
377: 9
VDC id:377, size 9
yes
0.58281
0.58281
17904.00000 8952.00000
Memory 0.50750
87
Allocating ../../../instances/fattree-bcube/vn2_3.4.vn
3
4, 3
378: 9
VDC id:378, size 9
yes
0.58190
0.58190
17876.00000 8938.00000
Memory 0.50876
72
Allocating ../../../instances/fattree-bcube/vn2_3.10.vn
3
4, 3
379: 9
VDC id:379, size 9
yes
0.58066
0.58066
17838.00000 8919.00000
Memory 0.51023
77
Allocating ../../../instances/fattree-bcube/vn2_3.7.vn
3
4, 3
380: 9
VDC id:380, size 9
yes
0.57949
0.57949
17802.00000 8901.00000
Memory 0.51160
108
Allocating ../../../instances/fattree-bcube/vn2_3.3.vn
3
4, 3
381: 9
VDC id:381, size 9
yes
0.57812
0.57812
17760.00000 8880.00000
Memory 0.51304
76
Allocating ../../../instances/fattree-bcube/vn2_3.2.vn
3
4, 3
382: 9
VDC id:382, size 9
yes
0.57689
0.57689
17722.00000 8861.00000
Memory 0.51448
119
Allocating ../../../instances/fattree-bcube/vn2_3.10.vn
3
4, 3
383: 9
VDC id:383, size 9
yes
0.57591
0.57591
17692.00000 8846.00000
Memory 0.51586
80
Allocating ../../../instances/fattree-bcube/vn2_3.6.vn
3
4, 3
384: 9
VDC id:384, size 9
yes
0.57467
0.57467
17654.00000 8827.00000
Memory 0.51723
74
Allocating ../../../instances/fattree-bcube/vn2_3.4.vn
3
4, 3
385: 9
VDC id:385, size 9
yes
0.57376
0.57376
17626.00000 8813.00000
Memory 0.51849
76
Allocating ../../../instances/fattree-bcube/vn2_3.2.vn
3
4, 3
386: 9
VDC id:386, size 9
yes
0.57240
0.57240
17584.00000 8792.00000
Memory 0.51999
109
Allocating ../../../instances/fattree-bcube/vn2_3.10.vn
3
4, 3
387: 9
VDC id:387, size 9
yes
0.57122
0.57122
17548.00000 8774.00000
Memory 0.52143
74
Allocating ../../../instances/fattree-bcube/vn2_3.8.vn
3
4, 3
388: 9
VDC id:388, size 9
yes
0.57038
0.57038
17522.00000 8761.00000
Memory 0.52261
73
Allocating ../../../instances/fattree-bcube/vn2_3.3.vn
3
4, 3
389: 9
VDC id:389, size 9
yes
0.56908
0.56908
17482.00000 8741.00000
Memory 0.52399
79
Allocating ../../../instances/fattree-bcube/vn2_3.10.vn
3
4, 3
390: 9
VDC id:390, size 9
yes
0.56803
0.56803
17450.00000 8725.00000
Memory 0.52538
132
Allocating ../../../instances/fattree-bcube/vn2_3.5.vn
3
4, 3
391: 9
VDC id:391, size 9
yes
0.56615
0.56615
17392.00000 8696.00000
Memory 0.52703
197
Allocating ../../../instances/fattree-bcube/vn2_3.8.vn
3
4, 3
392: 9
VDC id:392, size 9
yes
0.56543
0.56543
17370.00000 8685.00000
Memory 0.52818
101
Allocating ../../../instances/fattree-bcube/vn2_3.7.vn
3
4, 3
393: 9
VDC id:393, size 9
yes
0.56445
0.56445
17340.00000 8670.00000
Memory 0.52949
101
Allocating ../../../instances/fattree-bcube/vn2_3.2.vn
3
4, 3
394: 9
VDC id:394, size 9
yes
0.56322
0.56322
17302.00000 8651.00000
Memory 0.53093
179
Allocating ../../../instances/fattree-bcube/vn2_3.1.vn
3
4, 3
395: 9
VDC id:395, size 9
yes
0.56263
0.56263
17284.00000 8642.00000
Memory 0.53194
91
Allocating ../../../instances/fattree-bcube/vn2_3.9.vn
3
4, 3
396: 9
VDC id:396, size 9
yes
0.56152
0.56152
17250.00000 8625.00000
Memory 0.53336
174
Allocating ../../../instances/fattree-bcube/vn2_3.2.vn
3
4, 3
397: 9
VDC id:397, size 9
yes
0.56029
0.56029
17212.00000 8606.00000
Memory 0.53480
198
Allocating ../../../instances/fattree-bcube/vn2_3.10.vn
3
4, 3
398: 9
VDC id:398, size 9
yes
0.55911
0.55911
17176.00000 8588.00000
Memory 0.53624
152
Allocating ../../../instances/fattree-bcube/vn2_3.8.vn
3
4, 3
399: 9
VDC id:399, size 9
yes
0.55820
0.55820
17148.00000 8574.00000
Memory 0.53745
90
Allocating ../../../instances/fattree-bcube/vn2_3.9.vn
3
4, 3
400: 9
VDC id:400, size 9
yes
0.55703
0.55703
17112.00000 8556.00000
Memory 0.53889
113
Allocating ../../../instances/fattree-bcube/vn2_3.1.vn
3
4, 3
401: 9
VDC id:401, size 9
yes
0.55625
0.55625
17088.00000 8544.00000
Memory 0.54000
69
Allocating ../../../instances/fattree-bcube/vn2_3.8.vn
3
4, 3
402: 9
VDC id:402, size 9
yes
0.55547
0.55547
17064.00000 8532.00000
Memory 0.54115
120
Allocating ../../../instances/fattree-bcube/vn2_3.3.vn
3
4, 3
403: 9
VDC id:403, size 9
yes
0.55417
0.55417
17024.00000 8512.00000
Memory 0.54253
169
Allocating ../../../instances/fattree-bcube/vn2_3.4.vn
3
4, 3
404: 9
VDC id:404, size 9
yes
0.55319
0.55319
16994.00000 8497.00000
Memory 0.54382
74
Allocating ../../../instances/fattree-bcube/vn2_3.5.vn
3
4, 3
405: 9
VDC id:405, size 9
yes
0.55111
0.55111
16930.00000 8465.00000
Memory 0.54551
180
Allocating ../../../instances/fattree-bcube/vn2_3.3.vn
3
4, 3
406: 9
VDC id:406, size 9
yes
0.54961
0.54961
16884.00000 8442.00000
Memory 0.54698
236
Allocating ../../../instances/fattree-bcube/vn2_3.3.vn
3
4, 3
407: 9
VDC id:407, size 9
yes
0.54805
0.54805
16836.00000 8418.00000
Memory 0.54848
249
Allocating ../../../instances/fattree-bcube/vn2_3.1.vn
3
4, 3
408: 9
VDC id:408, size 9
yes
0.54740
0.54740
16816.00000 8408.00000
Memory 0.54953
69
Allocating ../../../instances/fattree-bcube/vn2_3.3.vn
3
4, 3
409: 9
VDC id:409, size 9
yes
0.54616
0.54616
16778.00000 8389.00000
Memory 0.55091
176
Allocating ../../../instances/fattree-bcube/vn2_3.10.vn
3
4, 3
410: 9
VDC id:410, size 9
yes
0.54492
0.54492
16740.00000 8370.00000
Memory 0.55235
77
Allocating ../../../instances/fattree-bcube/vn2_3.1.vn
3
4, 3
411: 9
VDC id:411, size 9
yes
0.54421
0.54421
16718.00000 8359.00000
Memory 0.55343
97
Allocating ../../../instances/fattree-bcube/vn2_3.3.vn
3
4, 3
412: 9
VDC id:412, size 9
yes
0.54290
0.54290
16678.00000 8339.00000
Memory 0.55484
176
Allocating ../../../instances/fattree-bcube/vn2_3.1.vn
3
4, 3
413: 9
VDC id:413, size 9
yes
0.54225
0.54225
16658.00000 8329.00000
Memory 0.55589
128
Allocating ../../../instances/fattree-bcube/vn2_3.5.vn
3
4, 3
414: 9
VDC id:414, size 9
yes
0.54036
0.54036
16600.00000 8300.00000
Memory 0.55754
118
Allocating ../../../instances/fattree-bcube/vn2_3.9.vn
3
4, 3
415: 9
VDC id:415, size 9
yes
0.53906
0.53906
16560.00000 8280.00000
Memory 0.55901
220
Allocating ../../../instances/fattree-bcube/vn2_3.3.vn
3
4, 3
416: 9
VDC id:416, size 9
yes
0.53750
0.53750
16512.00000 8256.00000
Memory 0.56052
106
Allocating ../../../instances/fattree-bcube/vn2_3.8.vn
3
4, 3
417: 9
VDC id:417, size 9
yes
0.53678
0.53678
16490.00000 8245.00000
Memory 0.56167
123
Allocating ../../../instances/fattree-bcube/vn2_3.5.vn
3
4, 3
418: 9
VDC id:418, size 9
yes
0.53483
0.53483
16430.00000 8215.00000
Memory 0.56335
352
Allocating ../../../instances/fattree-bcube/vn2_3.2.vn
3
4, 3
419: 9
VDC id:419, size 9
yes
0.53372
0.53372
16396.00000 8198.00000
Memory 0.56480
79
Allocating ../../../instances/fattree-bcube/vn2_3.8.vn
3
4, 3
420: 9
VDC id:420, size 9
yes
0.53307
0.53307
16376.00000 8188.00000
Memory 0.56592
72
Allocating ../../../instances/fattree-bcube/vn2_3.5.vn
3
4, 3
421: 9
VDC id:421, size 9
yes
0.53118
0.53118
16318.00000 8159.00000
Memory 0.56757
244
Allocating ../../../instances/fattree-bcube/vn2_3.9.vn
3
4, 3
422: 9
VDC id:422, size 9
yes
0.53008
0.53008
16284.00000 8142.00000
Memory 0.56898
83
Allocating ../../../instances/fattree-bcube/vn2_3.9.vn
3
4, 3
423: 9
VDC id:423, size 9
yes
0.52884
0.52884
16246.00000 8123.00000
Memory 0.57046
109
Allocating ../../../instances/fattree-bcube/vn2_3.5.vn
3
4, 3
424: 9
VDC id:424, size 9
yes
0.52708
0.52708
16192.00000 8096.00000
Memory 0.57205
109
Allocating ../../../instances/fattree-bcube/vn2_3.3.vn
3
4, 3
425: 9
VDC id:425, size 9
yes
0.52585
0.52585
16154.00000 8077.00000
Memory 0.57346
75
Allocating ../../../instances/fattree-bcube/vn2_3.7.vn
3
4, 3
426: 9
VDC id:426, size 9
yes
0.52461
0.52461
16116.00000 8058.00000
Memory 0.57486
79
Allocating ../../../instances/fattree-bcube/vn2_3.3.vn
3
4, 3
427: 9
VDC id:427, size 9
yes
0.52337
0.52337
16078.00000 8039.00000
Memory 0.57624
77
Allocating ../../../instances/fattree-bcube/vn2_3.4.vn
3
4, 3
428: 9
VDC id:428, size 9
yes
0.52240
0.52240
16048.00000 8024.00000
Memory 0.57753
81
Allocating ../../../instances/fattree-bcube/vn2_3.10.vn
3
4, 3
429: 9
VDC id:429, size 9
yes
0.52116
0.52116
16010.00000 8005.00000
Memory 0.57900
85
Allocating ../../../instances/fattree-bcube/vn2_3.9.vn
3
4, 3
430: 9
VDC id:430, size 9
yes
0.51986
0.51986
15970.00000 7985.00000
Memory 0.58047
102
Allocating ../../../instances/fattree-bcube/vn2_3.10.vn
3
4, 3
431: 9
VDC id:431, size 9
yes
0.51849
0.51849
15928.00000 7964.00000
Memory 0.58198
107
Allocating ../../../instances/fattree-bcube/vn2_3.6.vn
3
4, 3
432: 9
VDC id:432, size 9
yes
0.51732
0.51732
15892.00000 7946.00000
Memory 0.58331
98
Allocating ../../../instances/fattree-bcube/vn2_3.5.vn
3
4, 3
433: 9
VDC id:433, size 9
yes
0.51562
0.51562
15840.00000 7920.00000
Memory 0.58491
122
Allocating ../../../instances/fattree-bcube/vn2_3.4.vn
3
4, 3
434: 9
VDC id:434, size 9
yes
0.51471
0.51471
15812.00000 7906.00000
Memory 0.58617
88
Allocating ../../../instances/fattree-bcube/vn2_3.8.vn
3
4, 3
435: 9
VDC id:435, size 9
yes
0.51400
0.51400
15790.00000 7895.00000
Memory 0.58732
71
Allocating ../../../instances/fattree-bcube/vn2_3.5.vn
3
4, 3
436: 9
VDC id:436, size 9
yes
0.51204
0.51204
15730.00000 7865.00000
Memory 0.58900
587
Allocating ../../../instances/fattree-bcube/vn2_3.7.vn
3
4, 3
437: 9
VDC id:437, size 9
yes
0.51087
0.51087
15694.00000 7847.00000
Memory 0.59037
176
Allocating ../../../instances/fattree-bcube/vn2_3.8.vn
3
4, 3
438: 9
VDC id:438, size 9
yes
0.51003
0.51003
15668.00000 7834.00000
Memory 0.59155
105
Allocating ../../../instances/fattree-bcube/vn2_3.8.vn
3
4, 3
439: 9
VDC id:439, size 9
yes
0.50924
0.50924
15644.00000 7822.00000
Memory 0.59270
155
Allocating ../../../instances/fattree-bcube/vn2_3.7.vn
3
4, 3
440: 9
VDC id:440, size 9
yes
0.50801
0.50801
15606.00000 7803.00000
Memory 0.59410
107
Allocating ../../../instances/fattree-bcube/vn2_3.8.vn
3
4, 3
441: 9
VDC id:441, size 9
yes
0.50716
0.50716
15580.00000 7790.00000
Memory 0.59528
75
Allocating ../../../instances/fattree-bcube/vn2_3.7.vn
3
4, 3
442: 9
VDC id:442, size 9
yes
0.50625
0.50625
15552.00000 7776.00000
Memory 0.59659
77
Allocating ../../../instances/fattree-bcube/vn2_3.10.vn
3
4, 3
443: 9
VDC id:443, size 9
yes
0.50495
0.50495
15512.00000 7756.00000
Memory 0.59806
79
Allocating ../../../instances/fattree-bcube/vn2_3.9.vn
3
4, 3
444: 9
VDC id:444, size 9
yes
0.50378
0.50378
15476.00000 7738.00000
Memory 0.59947
82
Allocating ../../../instances/fattree-bcube/vn2_3.7.vn
3
4, 3
445: 9
VDC id:445, size 9
yes
0.50260
0.50260
15440.00000 7720.00000
Memory 0.60087
112
Allocating ../../../instances/fattree-bcube/vn2_3.7.vn
3
4, 3
446: 9
VDC id:446, size 9
yes
0.50143
0.50143
15404.00000 7702.00000
Memory 0.60223
108
Allocating ../../../instances/fattree-bcube/vn2_3.2.vn
3
4, 3
447: 9
VDC id:447, size 9
yes
0.50020
0.50020
15366.00000 7683.00000
Memory 0.60368
130
Allocating ../../../instances/fattree-bcube/vn2_3.5.vn
3
4, 3
448: 9
VDC id:448, size 9
yes
0.49824
0.49824
15306.00000 7653.00000
Memory 0.60536
201
Allocating ../../../instances/fattree-bcube/vn2_3.3.vn
3
4, 3
449: 9
VDC id:449, size 9
yes
0.49681
0.49681
15262.00000 7631.00000
Memory 0.60683
161
Allocating ../../../instances/fattree-bcube/vn2_3.10.vn
3
4, 3
450: 9
VDC id:450, size 9
yes
0.49564
0.49564
15226.00000 7613.00000
Memory 0.60831
107
Allocating ../../../instances/fattree-bcube/vn2_3.2.vn
3
4, 3
451: 9
VDC id:451, size 9
yes
0.49460
0.49460
15194.00000 7597.00000
Memory 0.60969
169
Allocating ../../../instances/fattree-bcube/vn2_3.5.vn
3
4, 3
452: 9
VDC id:452, size 9
yes
0.49264
0.49264
15134.00000 7567.00000
Memory 0.61137
269
Allocating ../../../instances/fattree-bcube/vn2_3.9.vn
3
4, 3
453: 9
VDC id:453, size 9
yes
0.49134
0.49134
15094.00000 7547.00000
Memory 0.61285
112
Allocating ../../../instances/fattree-bcube/vn2_3.10.vn
3
4, 3
454: 9
VDC id:454, size 9
yes
0.49023
0.49023
15060.00000 7530.00000
Memory 0.61426
82
Allocating ../../../instances/fattree-bcube/vn2_3.4.vn
3
4, 3
455: 9
VDC id:455, size 9
yes
0.48952
0.48952
15038.00000 7519.00000
Memory 0.61546
180
Allocating ../../../instances/fattree-bcube/vn2_3.2.vn
3
4, 3
456: 9
VDC id:456, size 9
yes
0.48848
0.48848
15006.00000 7503.00000
Memory 0.61684
126
Allocating ../../../instances/fattree-bcube/vn2_3.6.vn
3
4, 3
457: 9
VDC id:457, size 9
yes
0.48743
0.48743
14974.00000 7487.00000
Memory 0.61817
159
Allocating ../../../instances/fattree-bcube/vn2_3.2.vn
3
4, 3
458: 9
VDC id:458, size 9
yes
0.48613
0.48613
14934.00000 7467.00000
Memory 0.61964
222
Allocating ../../../instances/fattree-bcube/vn2_3.1.vn
3
4, 3
459: 9
VDC id:459, size 9
yes
0.48542
0.48542
14912.00000 7456.00000
Memory 0.62072
149
Allocating ../../../instances/fattree-bcube/vn2_3.1.vn
3
4, 3
460: 9
VDC id:460, size 9
yes
0.48470
0.48470
14890.00000 7445.00000
Memory 0.62180
165
Allocating ../../../instances/fattree-bcube/vn2_3.10.vn
3
4, 3
461: 9
VDC id:461, size 9
yes
0.48359
0.48359
14856.00000 7428.00000
Memory 0.62321
147
Allocating ../../../instances/fattree-bcube/vn2_3.9.vn
3
4, 3
462: 9
VDC id:462, size 9
yes
0.48255
0.48255
14824.00000 7412.00000
Memory 0.62459
179
Allocating ../../../instances/fattree-bcube/vn2_3.2.vn
3
4, 3
463: 9
VDC id:463, size 9
yes
0.48125
0.48125
14784.00000 7392.00000
Memory 0.62606
158
Allocating ../../../instances/fattree-bcube/vn2_3.4.vn
3
4, 3
464: 9
VDC id:464, size 9
yes
0.48066
0.48066
14766.00000 7383.00000
Memory 0.62720
155
Allocating ../../../instances/fattree-bcube/vn2_3.8.vn
3
4, 3
465: 9
VDC id:465, size 9
yes
0.47982
0.47982
14740.00000 7370.00000
Memory 0.62838
146
Allocating ../../../instances/fattree-bcube/vn2_3.8.vn
3
4, 3
466: 9
VDC id:466, size 9
yes
0.47910
0.47910
14718.00000 7359.00000
Memory 0.62950
188
Allocating ../../../instances/fattree-bcube/vn2_3.8.vn
3
4, 3
467: 9
VDC id:467, size 9
yes
0.47839
0.47839
14696.00000 7348.00000
Memory 0.63065
206
Allocating ../../../instances/fattree-bcube/vn2_3.3.vn
3
4, 3
468: 9
VDC id:468, size 9
yes
0.47708
0.47708
14656.00000 7328.00000
Memory 0.63210
83
Allocating ../../../instances/fattree-bcube/vn2_3.6.vn
3
4, 3
469: 9
VDC id:469, size 9
yes
0.47598
0.47598
14622.00000 7311.00000
Memory 0.63340
177
Allocating ../../../instances/fattree-bcube/vn2_3.10.vn
3
4, 3
470: 9
VDC id:470, size 9
yes
0.47480
0.47480
14586.00000 7293.00000
Memory 0.63484
107
Allocating ../../../instances/fattree-bcube/vn2_3.9.vn
3
4, 3
471: 9
VDC id:471, size 9
yes
0.47376
0.47376
14554.00000 7277.00000
Memory 0.63622
337
Allocating ../../../instances/fattree-bcube/vn2_3.1.vn
3
4, 3
472: 9
VDC id:472, size 9
yes
0.47305
0.47305
14532.00000 7266.00000
Memory 0.63730
145
Allocating ../../../instances/fattree-bcube/vn2_3.8.vn
3
4, 3
473: 9
VDC id:473, size 9
yes
0.47233
0.47233
14510.00000 7255.00000
Memory 0.63845
68
Allocating ../../../instances/fattree-bcube/vn2_3.5.vn
3
4, 3
474: 9
VDC id:474, size 9
yes
0.47064
0.47064
14458.00000 7229.00000
Memory 0.64005
291
Allocating ../../../instances/fattree-bcube/vn2_3.9.vn
3
4, 3
475: 9
VDC id:475, size 9
yes
0.46927
0.46927
14416.00000 7208.00000
Memory 0.64155
157
Allocating ../../../instances/fattree-bcube/vn2_3.4.vn
3
4, 3
476: 9
VDC id:476, size 9
yes
0.46829
0.46829
14386.00000 7193.00000
Memory 0.64284
107
Allocating ../../../instances/fattree-bcube/vn2_3.7.vn
3
4, 3
477: 9
VDC id:477, size 9
yes
0.46732
0.46732
14356.00000 7178.00000
Memory 0.64414
224
Allocating ../../../instances/fattree-bcube/vn2_3.9.vn
3
4, 3
478: 9
VDC id:478, size 9
yes
0.46595
0.46595
14314.00000 7157.00000
Memory 0.64565
158
Allocating ../../../instances/fattree-bcube/vn2_3.10.vn
3
4, 3
479: 9
VDC id:479, size 9
yes
0.46484
0.46484
14280.00000 7140.00000
Memory 0.64706
104
Allocating ../../../instances/fattree-bcube/vn2_3.2.vn
3
4, 3
480: 9
VDC id:480, size 9
yes
0.46361
0.46361
14242.00000 7121.00000
Memory 0.64850
223
Allocating ../../../instances/fattree-bcube/vn2_3.4.vn
3
4, 3
481: 9
VDC id:481, size 9
yes
0.46276
0.46276
14216.00000 7108.00000
Memory 0.64973
74
Allocating ../../../instances/fattree-bcube/vn2_3.1.vn
3
4, 3
482: 9
VDC id:482, size 9
yes
0.46204
0.46204
14194.00000 7097.00000
Memory 0.65080
96
Allocating ../../../instances/fattree-bcube/vn2_3.4.vn
3
4, 3
483: 9
VDC id:483, size 9
yes
0.46107
0.46107
14164.00000 7082.00000
Memory 0.65209
76
Allocating ../../../instances/fattree-bcube/vn2_3.4.vn
3
4, 3
484: 9
VDC id:484, size 9
yes
0.46009
0.46009
14134.00000 7067.00000
Memory 0.65338
95
Allocating ../../../instances/fattree-bcube/vn2_3.10.vn
3
4, 3
485: 9
VDC id:485, size 9
yes
0.45885
0.45885
14096.00000 7048.00000
Memory 0.65485
145
Allocating ../../../instances/fattree-bcube/vn2_3.6.vn
3
4, 3
486: 9
VDC id:486, size 9
yes
0.45755
0.45755
14056.00000 7028.00000
Memory 0.65625
107
Allocating ../../../instances/fattree-bcube/vn2_3.7.vn
3
4, 3
487: 9
VDC id:487, size 9
yes
0.45638
0.45638
14020.00000 7010.00000
Memory 0.65762
161
Allocating ../../../instances/fattree-bcube/vn2_3.5.vn
3
4, 3
488: 9
VDC id:488, size 9
yes
0.45462
0.45462
13966.00000 6983.00000
Memory 0.65924
209
Allocating ../../../instances/fattree-bcube/vn2_3.4.vn
3
4, 3
489: 9
VDC id:489, size 9
yes
0.45384
0.45384
13942.00000 6971.00000
Memory 0.66047
74
Allocating ../../../instances/fattree-bcube/vn2_3.6.vn
3
4, 3
490: 9
VDC id:490, size 9
yes
0.45260
0.45260
13904.00000 6952.00000
Memory 0.66183
125
Allocating ../../../instances/fattree-bcube/vn2_3.1.vn
3
4, 3
491: 9
VDC id:491, size 9
yes
0.45195
0.45195
13884.00000 6942.00000
Memory 0.66288
72
Allocating ../../../instances/fattree-bcube/vn2_3.2.vn
3
4, 3
492: 9
VDC id:492, size 9
yes
0.45065
0.45065
13844.00000 6922.00000
Memory 0.66435
150
Allocating ../../../instances/fattree-bcube/vn2_3.8.vn
3
4, 3
493: 9
VDC id:493, size 9
yes
0.44980
0.44980
13818.00000 6909.00000
Memory 0.66553
94
Allocating ../../../instances/fattree-bcube/vn2_3.9.vn
3
4, 3
494: 9
VDC id:494, size 9
yes
0.44876
0.44876
13786.00000 6893.00000
Memory 0.66695
241
Allocating ../../../instances/fattree-bcube/vn2_3.7.vn
3
4, 3
495: 9
VDC id:495, size 9
yes
0.44785
0.44785
13758.00000 6879.00000
Memory 0.66825
148
Allocating ../../../instances/fattree-bcube/vn2_3.7.vn
3
4, 3
496: 9
VDC id:496, size 9
yes
0.44674
0.44674
13724.00000 6862.00000
Memory 0.66959
169
Allocating ../../../instances/fattree-bcube/vn2_3.4.vn
3
4, 3
497: 9
VDC id:497, size 9
yes
0.44596
0.44596
13700.00000 6850.00000
Memory 0.67081
147
Allocating ../../../instances/fattree-bcube/vn2_3.8.vn
3
4, 3
498: 9
VDC id:498, size 9
yes
0.44512
0.44512
13674.00000 6837.00000
Memory 0.67200
94
Allocating ../../../instances/fattree-bcube/vn2_3.2.vn
3
4, 3
499: 9
VDC id:499, size 9
yes
0.44401
0.44401
13640.00000 6820.00000
Memory 0.67341
337
Allocating ../../../instances/fattree-bcube/vn2_3.1.vn
3
4, 3
500: 9
VDC id:500, size 9
yes
0.44336
0.44336
13620.00000 6810.00000
Memory 0.67445
128
Allocating ../../../instances/fattree-bcube/vn2_3.3.vn
3
4, 3
501: 9
VDC id:501, size 9
yes
0.44173
0.44173
13570.00000 6785.00000
Memory 0.67596
159
Allocating ../../../instances/fattree-bcube/vn2_3.5.vn
3
4, 3
502: 9
VDC id:502, size 9
no
0.44173
0.44173
13570.00000 6785.00000
Memory 0.67629
861
Allocated 501 VDCs
[runlim] end:			Mon Sep 30 01:47:14 2019
[runlim] status:		ok
[runlim] result:		0
[runlim] children:		0
[runlim] real:			0.26 seconds
[runlim] time:			0.00 seconds
[runlim] space:			0.0 MB
[runlim] samples:		0
