#secondnet
init 0 0
1 0.000099 0.000099
2 0.000086 0.000185
3 0.000062 0.000247
4 0.000059 0.000306
5 0.000053 0.000359
6 0.000061 0.000420
7 0.000066 0.000486
8 0.000059 0.000545
9 0.000058 0.000603
10 0.000052 0.000655
11 0.000062 0.000717
12 0.000061 0.000778
13 0.000057 0.000835
14 0.000060 0.000895
15 0.000053 0.000948
16 0.000055 0.001003
17 0.000056 0.001059
18 0.000054 0.001113
19 0.000056 0.001169
20 0.000055 0.001224
21 0.000056 0.001280
22 0.000056 0.001336
23 0.000052 0.001388
24 0.000064 0.001452
25 0.000059 0.001511
26 0.000048 0.001559
27 0.000058 0.001617
28 0.000060 0.001677
29 0.000057 0.001734
30 0.000058 0.001792
31 0.000057 0.001849
32 0.000055 0.001904
33 0.000059 0.001963
34 0.000061 0.002024
35 0.000062 0.002086
36 0.000054 0.002140
37 0.000059 0.002199
38 0.000055 0.002254
39 0.000059 0.002313
40 0.000058 0.002371
41 0.000055 0.002426
42 0.000055 0.002481
43 0.000063 0.002544
44 0.000066 0.002610
45 0.000055 0.002665
46 0.000061 0.002726
47 0.000060 0.002786
48 0.000059 0.002845
49 0.000054 0.002899
50 0.000062 0.002961
51 0.000058 0.003019
52 0.000056 0.003075
53 0.000061 0.003136
54 0.000060 0.003196
55 0.000059 0.003255
56 0.000063 0.003318
57 0.000057 0.003375
58 0.000056 0.003431
59 0.000059 0.003490
60 0.000058 0.003548
61 0.000053 0.003601
62 0.000054 0.003655
63 0.000064 0.003719
64 0.000059 0.003778
65 0.000060 0.003838
66 0.000057 0.003895
67 0.000057 0.003952
68 0.000057 0.004009
69 0.000055 0.004064
70 0.000061 0.004125
71 0.000058 0.004183
72 0.000060 0.004243
73 0.000061 0.004304
74 0.000061 0.004365
75 0.000054 0.004419
76 0.000060 0.004479
77 0.000056 0.004535
78 0.000060 0.004595
79 0.000059 0.004654
80 0.000055 0.004709
81 0.000051 0.004760
82 0.000055 0.004815
83 0.000050 0.004865
84 0.000063 0.004928
85 0.000055 0.004983
86 0.000059 0.005042
87 0.000055 0.005097
88 0.000049 0.005146
89 0.000054 0.005200
90 0.000061 0.005261
91 0.000068 0.005329
92 0.000063 0.005392
93 0.000057 0.005449
94 0.000065 0.005514
95 0.000058 0.005572
96 0.000055 0.005627
97 0.000054 0.005681
98 0.000058 0.005739
99 0.000055 0.005794
100 0.000050 0.005844
101 0.000054 0.005898
102 0.000055 0.005953
103 0.000058 0.006011
104 0.000062 0.006073
105 0.000053 0.006126
106 0.000055 0.006181
107 0.000053 0.006234
108 0.000059 0.006293
109 0.000054 0.006347
110 0.000050 0.006397
111 0.000055 0.006452
112 0.000061 0.006513
113 0.000067 0.006580
114 0.000069 0.006649
115 0.000058 0.006707
116 0.000056 0.006763
117 0.000063 0.006826
118 0.000053 0.006879
119 0.000063 0.006942
120 0.000055 0.006997
121 0.000060 0.007057
122 0.000057 0.007114
123 0.000052 0.007166
124 0.000048 0.007214
125 0.000053 0.007267
126 0.000057 0.007324
127 0.000055 0.007379
128 0.000057 0.007436
129 0.000059 0.007495
130 0.000067 0.007562
131 0.000059 0.007621
132 0.000059 0.007680
133 0.000062 0.007742
134 0.000058 0.007800
135 0.000059 0.007859
136 0.000069 0.007928
137 0.000058 0.007986
138 0.000068 0.008054
139 0.000058 0.008112
140 0.000064 0.008176
141 0.000059 0.008235
142 0.000057 0.008292
143 0.000060 0.008352
144 0.000060 0.008412
145 0.000053 0.008465
146 0.000055 0.008520
147 0.000062 0.008582
148 0.000058 0.008640
149 0.000055 0.008695
150 0.000061 0.008756
151 0.000061 0.008817
152 0.000061 0.008878
153 0.000061 0.008939
154 0.000051 0.008990
155 0.000062 0.009052
156 0.000055 0.009107
157 0.000058 0.009165
158 0.000060 0.009225
159 0.000066 0.009291
160 0.000063 0.009354
161 0.000059 0.009413
162 0.000061 0.009474
163 0.000051 0.009525
164 0.000055 0.009580
165 0.000056 0.009636
166 0.000053 0.009689
167 0.000053 0.009742
168 0.000061 0.009803
169 0.000058 0.009861
170 0.000056 0.009917
171 0.000057 0.009974
172 0.000059 0.010033
173 0.000062 0.010095
174 0.000065 0.010160
175 0.000057 0.010217
176 0.000060 0.010277
177 0.000066 0.010343
178 0.000061 0.010404
179 0.000057 0.010461
180 0.000067 0.010528
181 0.000077 0.010605
182 0.000063 0.010668
183 0.000072 0.010740
184 0.000061 0.010801
185 0.000059 0.010860
186 0.000060 0.010920
187 0.000061 0.010981
188 0.000062 0.011043
189 0.000059 0.011102
190 0.000058 0.011160
191 0.000060 0.011220
192 0.000067 0.011287
193 0.000064 0.011351
194 0.000053 0.011404
195 0.000053 0.011457
196 0.000067 0.011524
197 0.000059 0.011583
198 0.000066 0.011649
199 0.000059 0.011708
200 0.000062 0.011770
201 0.000064 0.011834
202 0.000058 0.011892
203 0.000057 0.011949
204 0.000061 0.012010
205 0.000057 0.012067
206 0.000065 0.012132
207 0.000053 0.012185
208 0.000068 0.012253
209 0.000064 0.012317
done 209 0.000167 0.012484
