#secondnet
init 0 0
1 0.000151 0.000151
2 0.000131 0.000282
3 0.000098 0.000380
4 0.000082 0.000462
5 0.000090 0.000552
6 0.000083 0.000635
7 0.000083 0.000718
8 0.000090 0.000808
9 0.000089 0.000897
10 0.000085 0.000982
11 0.000086 0.001068
12 0.000080 0.001148
13 0.000098 0.001246
14 0.000103 0.001349
15 0.000088 0.001437
16 0.000103 0.001540
17 0.000099 0.001639
18 0.000095 0.001734
19 0.000086 0.001820
20 0.000094 0.001914
21 0.000090 0.002004
22 0.000085 0.002089
23 0.000099 0.002188
24 0.000104 0.002292
25 0.000087 0.002379
26 0.000092 0.002471
27 0.000095 0.002566
28 0.000104 0.002670
29 0.000097 0.002767
30 0.000099 0.002866
31 0.000085 0.002951
32 0.000081 0.003032
33 0.000080 0.003112
34 0.000084 0.003196
35 0.000080 0.003276
36 0.000092 0.003368
37 0.000084 0.003452
38 0.000099 0.003551
39 0.000108 0.003659
40 0.000103 0.003762
41 0.000089 0.003851
42 0.000087 0.003938
43 0.000080 0.004018
44 0.000095 0.004113
45 0.000098 0.004211
46 0.000100 0.004311
47 0.000101 0.004412
48 0.000086 0.004498
49 0.000102 0.004600
50 0.000106 0.004706
51 0.000086 0.004792
52 0.000104 0.004896
53 0.000085 0.004981
54 0.000097 0.005078
55 0.000087 0.005165
56 0.000108 0.005273
57 0.000093 0.005366
58 0.000102 0.005468
59 0.000088 0.005556
60 0.000090 0.005646
61 0.000095 0.005741
62 0.000082 0.005823
63 0.000083 0.005906
64 0.000089 0.005995
65 0.000096 0.006091
66 0.000093 0.006184
67 0.000096 0.006280
68 0.000100 0.006380
69 0.000086 0.006466
70 0.000098 0.006564
71 0.000095 0.006659
72 0.000104 0.006763
73 0.000111 0.006874
74 0.000103 0.006977
75 0.000098 0.007075
76 0.000099 0.007174
77 0.000088 0.007262
78 0.000095 0.007357
79 0.000094 0.007451
80 0.000103 0.007554
81 0.000111 0.007665
82 0.000103 0.007768
83 0.000088 0.007856
84 0.000118 0.007974
85 0.000102 0.008076
86 0.000106 0.008182
87 0.000080 0.008262
88 0.000088 0.008350
89 0.000089 0.008439
90 0.000102 0.008541
91 0.000104 0.008645
92 0.000087 0.008732
93 0.000103 0.008835
94 0.000093 0.008928
95 0.000088 0.009016
96 0.000091 0.009107
97 0.000109 0.009216
98 0.000087 0.009303
99 0.000092 0.009395
100 0.000101 0.009496
101 0.000087 0.009583
102 0.000085 0.009668
103 0.000103 0.009771
104 0.000093 0.009864
105 0.000088 0.009952
106 0.000103 0.010055
107 0.000084 0.010139
108 0.000104 0.010243
109 0.000098 0.010341
110 0.000101 0.010442
111 0.000102 0.010544
112 0.000096 0.010640
113 0.000104 0.010744
114 0.000085 0.010829
115 0.000100 0.010929
116 0.000109 0.011038
117 0.000089 0.011127
118 0.000090 0.011217
119 0.000100 0.011317
120 0.000083 0.011400
121 0.000095 0.011495
122 0.000120 0.011615
123 0.000095 0.011710
124 0.000093 0.011803
125 0.000092 0.011895
126 0.000090 0.011985
127 0.000095 0.012080
128 0.000094 0.012174
129 0.000097 0.012271
130 0.000088 0.012359
131 0.000088 0.012447
132 0.000100 0.012547
133 0.000118 0.012665
134 0.000096 0.012761
135 0.000103 0.012864
136 0.000107 0.012971
137 0.000101 0.013072
138 0.000111 0.013183
139 0.000098 0.013281
140 0.000099 0.013380
141 0.000107 0.013487
142 0.000095 0.013582
143 0.000088 0.013670
144 0.000098 0.013768
145 0.000093 0.013861
146 0.000089 0.013950
147 0.000095 0.014045
148 0.000096 0.014141
149 0.000104 0.014245
150 0.000099 0.014344
151 0.000092 0.014436
152 0.000098 0.014534
153 0.000092 0.014626
154 0.000096 0.014722
155 0.000094 0.014816
156 0.000100 0.014916
157 0.000102 0.015018
158 0.000103 0.015121
159 0.000096 0.015217
160 0.000096 0.015313
161 0.000091 0.015404
162 0.000087 0.015491
163 0.000097 0.015588
164 0.000104 0.015692
165 0.000094 0.015786
166 0.000114 0.015900
167 0.000087 0.015987
168 0.000090 0.016077
169 0.000101 0.016178
170 0.000103 0.016281
171 0.000098 0.016379
172 0.000093 0.016472
173 0.000114 0.016586
174 0.000099 0.016685
175 0.000084 0.016769
176 0.000097 0.016866
177 0.000098 0.016964
178 0.000093 0.017057
179 0.000104 0.017161
180 0.000088 0.017249
181 0.000095 0.017344
182 0.000095 0.017439
183 0.000102 0.017541
184 0.000106 0.017647
185 0.000085 0.017732
186 0.000102 0.017834
187 0.000097 0.017931
188 0.000104 0.018035
189 0.000099 0.018134
190 0.000111 0.018245
191 0.000098 0.018343
192 0.000105 0.018448
193 0.000110 0.018558
194 0.000103 0.018661
195 0.000104 0.018765
196 0.000106 0.018871
197 0.000101 0.018972
198 0.000091 0.019063
199 0.000096 0.019159
200 0.000099 0.019258
201 0.000084 0.019342
202 0.000096 0.019438
203 0.000113 0.019551
204 0.000115 0.019666
205 0.000115 0.019781
206 0.000103 0.019884
207 0.000104 0.019988
208 0.000092 0.020080
209 0.000093 0.020173
210 0.000103 0.020276
211 0.000101 0.020377
212 0.000089 0.020466
213 0.000090 0.020556
214 0.000095 0.020651
215 0.000095 0.020746
216 0.000101 0.020847
217 0.000094 0.020941
218 0.000096 0.021037
219 0.000106 0.021143
220 0.000096 0.021239
221 0.000101 0.021340
222 0.000099 0.021439
223 0.000115 0.021554
224 0.000093 0.021647
225 0.000087 0.021734
226 0.000110 0.021844
227 0.000104 0.021948
228 0.000105 0.022053
229 0.000088 0.022141
230 0.000108 0.022249
231 0.000095 0.022344
232 0.000091 0.022435
233 0.000092 0.022527
234 0.000097 0.022624
235 0.000081 0.022705
236 0.000100 0.022805
237 0.000080 0.022885
238 0.000094 0.022979
239 0.000085 0.023064
240 0.000106 0.023170
241 0.000113 0.023283
242 0.000097 0.023380
243 0.000092 0.023472
244 0.000098 0.023570
245 0.000092 0.023662
246 0.000093 0.023755
247 0.000158 0.023913
248 0.000109 0.024022
249 0.000109 0.024131
250 0.000091 0.024222
251 0.000100 0.024322
252 0.000102 0.024424
253 0.000097 0.024521
254 0.000106 0.024627
255 0.000106 0.024733
256 0.000080 0.024813
257 0.000099 0.024912
258 0.000098 0.025010
259 0.000103 0.025113
260 0.000107 0.025220
261 0.000086 0.025306
262 0.000095 0.025401
263 0.000096 0.025497
264 0.000092 0.025589
265 0.000089 0.025678
266 0.000111 0.025789
267 0.000105 0.025894
268 0.000103 0.025997
269 0.000109 0.026106
270 0.000099 0.026205
271 0.000102 0.026307
272 0.000115 0.026422
273 0.000093 0.026515
274 0.000099 0.026614
275 0.000113 0.026727
276 0.000096 0.026823
277 0.000088 0.026911
278 0.000102 0.027013
279 0.000085 0.027098
280 0.000101 0.027199
281 0.000093 0.027292
282 0.000103 0.027395
283 0.000119 0.027514
284 0.000116 0.027630
285 0.000087 0.027717
286 0.000104 0.027821
287 0.000104 0.027925
288 0.000093 0.028018
289 0.000104 0.028122
290 0.000093 0.028215
291 0.000088 0.028303
292 0.000100 0.028403
293 0.000097 0.028500
294 0.000089 0.028589
295 0.000101 0.028690
296 0.000083 0.028773
297 0.000083 0.028856
298 0.000091 0.028947
299 0.000091 0.029038
300 0.000090 0.029128
301 0.000092 0.029220
302 0.000100 0.029320
303 0.000091 0.029411
304 0.000104 0.029515
305 0.000114 0.029629
306 0.000097 0.029726
307 0.000101 0.029827
308 0.000099 0.029926
309 0.000088 0.030014
310 0.000101 0.030115
311 0.000102 0.030217
312 0.000105 0.030322
313 0.000100 0.030422
314 0.000102 0.030524
315 0.000101 0.030625
316 0.000099 0.030724
317 0.000102 0.030826
318 0.000106 0.030932
319 0.000098 0.031030
320 0.000099 0.031129
321 0.000106 0.031235
322 0.000106 0.031341
323 0.000097 0.031438
324 0.000105 0.031543
325 0.000107 0.031650
326 0.000117 0.031767
327 0.000102 0.031869
328 0.000097 0.031966
329 0.000105 0.032071
330 0.000105 0.032176
331 0.000098 0.032274
332 0.000103 0.032377
333 0.000106 0.032483
334 0.000101 0.032584
335 0.000111 0.032695
336 0.000105 0.032800
337 0.000086 0.032886
338 0.000098 0.032984
339 0.000104 0.033088
340 0.000080 0.033168
341 0.000096 0.033264
342 0.000103 0.033367
343 0.000101 0.033468
344 0.000164 0.033632
345 0.000097 0.033729
346 0.000112 0.033841
347 0.000105 0.033946
done 347 0.000450 0.034396
