#secondnet
init 0 0
1 0.000174 0.000174
2 0.000139 0.000313
3 0.000109 0.000422
4 0.000090 0.000512
5 0.000102 0.000614
6 0.000096 0.000710
7 0.000093 0.000803
8 0.000097 0.000900
9 0.000116 0.001016
10 0.000098 0.001114
11 0.000102 0.001216
12 0.000086 0.001302
13 0.000104 0.001406
14 0.000107 0.001513
15 0.000090 0.001603
16 0.000105 0.001708
17 0.000116 0.001824
18 0.000114 0.001938
19 0.000106 0.002044
20 0.000113 0.002157
21 0.000104 0.002261
22 0.000121 0.002382
23 0.000106 0.002488
24 0.000131 0.002619
25 0.000100 0.002719
26 0.000111 0.002830
27 0.000104 0.002934
28 0.000115 0.003049
29 0.000107 0.003156
30 0.000120 0.003276
31 0.000096 0.003372
32 0.000096 0.003468
33 0.000095 0.003563
34 0.000094 0.003657
35 0.000094 0.003751
36 0.000104 0.003855
37 0.000096 0.003951
38 0.000106 0.004057
39 0.000114 0.004171
40 0.000107 0.004278
41 0.000100 0.004378
42 0.000103 0.004481
43 0.000093 0.004574
44 0.000128 0.004702
45 0.000114 0.004816
46 0.000119 0.004935
47 0.000111 0.005046
48 0.000099 0.005145
49 0.000127 0.005272
50 0.000113 0.005385
51 0.000102 0.005487
52 0.000125 0.005612
53 0.000096 0.005708
54 0.000110 0.005818
55 0.000104 0.005922
56 0.000099 0.006021
57 0.000104 0.006125
58 0.000116 0.006241
59 0.000103 0.006344
60 0.000101 0.006445
61 0.000117 0.006562
62 0.000097 0.006659
63 0.000091 0.006750
64 0.000099 0.006849
65 0.000126 0.006975
66 0.000112 0.007087
67 0.000108 0.007195
68 0.000103 0.007298
69 0.000100 0.007398
70 0.000114 0.007512
71 0.000114 0.007626
72 0.000116 0.007742
73 0.000119 0.007861
74 0.000109 0.007970
75 0.000112 0.008082
76 0.000105 0.008187
77 0.000093 0.008280
78 0.000113 0.008393
79 0.000107 0.008500
80 0.000109 0.008609
81 0.000153 0.008762
82 0.000107 0.008869
83 0.000103 0.008972
84 0.000120 0.009092
85 0.000114 0.009206
86 0.000111 0.009317
87 0.000104 0.009421
88 0.000098 0.009519
89 0.000109 0.009628
90 0.000108 0.009736
91 0.000120 0.009856
92 0.000101 0.009957
93 0.000109 0.010066
94 0.000122 0.010188
95 0.000110 0.010298
96 0.000107 0.010405
97 0.000102 0.010507
98 0.000102 0.010609
99 0.000103 0.010712
100 0.000119 0.010831
101 0.000096 0.010927
102 0.000102 0.011029
103 0.000110 0.011139
104 0.000107 0.011246
105 0.000093 0.011339
106 0.000129 0.011468
107 0.000097 0.011565
108 0.000114 0.011679
109 0.000109 0.011788
110 0.000112 0.011900
111 0.000124 0.012024
112 0.000109 0.012133
113 0.000140 0.012273
114 0.000113 0.012386
115 0.000114 0.012500
116 0.000136 0.012636
117 0.000119 0.012755
118 0.000114 0.012869
119 0.000107 0.012976
120 0.000102 0.013078
121 0.000110 0.013188
122 0.000123 0.013311
123 0.000101 0.013412
124 0.000128 0.013540
125 0.000115 0.013655
126 0.000105 0.013760
127 0.000112 0.013872
128 0.000112 0.013984
129 0.000119 0.014103
130 0.000105 0.014208
131 0.000109 0.014317
132 0.000129 0.014446
133 0.000140 0.014586
134 0.000120 0.014706
135 0.000126 0.014832
136 0.000138 0.014970
137 0.000125 0.015095
138 0.000148 0.015243
139 0.000105 0.015348
140 0.000130 0.015478
141 0.000131 0.015609
142 0.000123 0.015732
143 0.000105 0.015837
144 0.000121 0.015958
145 0.000113 0.016071
146 0.000115 0.016186
147 0.000104 0.016290
148 0.000138 0.016428
149 0.000135 0.016563
150 0.000124 0.016687
151 0.000119 0.016806
152 0.000111 0.016917
153 0.000119 0.017036
154 0.000110 0.017146
155 0.000114 0.017260
156 0.000116 0.017376
157 0.000122 0.017498
158 0.000110 0.017608
159 0.000128 0.017736
160 0.000127 0.017863
161 0.000138 0.018001
162 0.000116 0.018117
163 0.000120 0.018237
164 0.000115 0.018352
165 0.000140 0.018492
166 0.000141 0.018633
167 0.000118 0.018751
168 0.000114 0.018865
169 0.000120 0.018985
170 0.000108 0.019093
171 0.000111 0.019204
172 0.000111 0.019315
173 0.000146 0.019461
174 0.000115 0.019576
175 0.000107 0.019683
176 0.000117 0.019800
177 0.000106 0.019906
178 0.000107 0.020013
179 0.000127 0.020140
180 0.000114 0.020254
181 0.000116 0.020370
182 0.000103 0.020473
183 0.000126 0.020599
184 0.000121 0.020720
185 0.000106 0.020826
186 0.000134 0.020960
187 0.000119 0.021079
188 0.000117 0.021196
189 0.000120 0.021316
190 0.000129 0.021445
191 0.000107 0.021552
192 0.000140 0.021692
193 0.000143 0.021835
194 0.000123 0.021958
195 0.000118 0.022076
196 0.000122 0.022198
197 0.000120 0.022318
198 0.000114 0.022432
199 0.000115 0.022547
200 0.000121 0.022668
201 0.000106 0.022774
202 0.000111 0.022885
203 0.000123 0.023008
204 0.000129 0.023137
205 0.000139 0.023276
206 0.000131 0.023407
207 0.000115 0.023522
208 0.000118 0.023640
209 0.000110 0.023750
210 0.000123 0.023873
211 0.000128 0.024001
212 0.000118 0.024119
213 0.000110 0.024229
214 0.000113 0.024342
215 0.000123 0.024465
216 0.000110 0.024575
217 0.000120 0.024695
218 0.000125 0.024820
219 0.000118 0.024938
220 0.000106 0.025044
221 0.000116 0.025160
222 0.000103 0.025263
223 0.000128 0.025391
224 0.000103 0.025494
225 0.000113 0.025607
226 0.000133 0.025740
227 0.000112 0.025852
228 0.000111 0.025963
229 0.000097 0.026060
230 0.000129 0.026189
231 0.000107 0.026296
232 0.000114 0.026410
233 0.000107 0.026517
234 0.000106 0.026623
235 0.000101 0.026724
236 0.000112 0.026836
237 0.000103 0.026939
238 0.000113 0.027052
239 0.000116 0.027168
240 0.000129 0.027297
241 0.000121 0.027418
242 0.000120 0.027538
243 0.000102 0.027640
244 0.000126 0.027766
245 0.000099 0.027865
246 0.000116 0.027981
247 0.000148 0.028129
248 0.000128 0.028257
249 0.000114 0.028371
250 0.000108 0.028479
251 0.000107 0.028586
252 0.000162 0.028748
253 0.000118 0.028866
254 0.000116 0.028982
255 0.000117 0.029099
256 0.000104 0.029203
257 0.000118 0.029321
258 0.000121 0.029442
259 0.000117 0.029559
260 0.000124 0.029683
261 0.000106 0.029789
262 0.000114 0.029903
263 0.000112 0.030015
264 0.000108 0.030123
265 0.000139 0.030262
266 0.000123 0.030385
267 0.000119 0.030504
268 0.000116 0.030620
269 0.000110 0.030730
270 0.000134 0.030864
271 0.000113 0.030977
272 0.000137 0.031114
273 0.000107 0.031221
274 0.000122 0.031343
275 0.000131 0.031474
276 0.000108 0.031582
277 0.000121 0.031703
278 0.000110 0.031813
279 0.000102 0.031915
280 0.000105 0.032020
281 0.000100 0.032120
282 0.000128 0.032248
283 0.000119 0.032367
284 0.000127 0.032494
285 0.000106 0.032600
286 0.000116 0.032716
287 0.000115 0.032831
288 0.000111 0.032942
289 0.000146 0.033088
290 0.000122 0.033210
291 0.000110 0.033320
292 0.000119 0.033439
293 0.000114 0.033553
294 0.000098 0.033651
295 0.000127 0.033778
296 0.000104 0.033882
297 0.000110 0.033992
298 0.000104 0.034096
299 0.000107 0.034203
300 0.000114 0.034317
301 0.000120 0.034437
302 0.000119 0.034556
303 0.000106 0.034662
304 0.000115 0.034777
305 0.000129 0.034906
306 0.000116 0.035022
307 0.000128 0.035150
308 0.000111 0.035261
309 0.000109 0.035370
310 0.000120 0.035490
311 0.000121 0.035611
312 0.000119 0.035730
313 0.000129 0.035859
314 0.000121 0.035980
315 0.000122 0.036102
316 0.000127 0.036229
317 0.000109 0.036338
318 0.000130 0.036468
319 0.000116 0.036584
320 0.000123 0.036707
321 0.000114 0.036821
322 0.000117 0.036938
323 0.000129 0.037067
324 0.000116 0.037183
325 0.000111 0.037294
326 0.000109 0.037403
327 0.000111 0.037514
328 0.000105 0.037619
329 0.000114 0.037733
330 0.000134 0.037867
331 0.000104 0.037971
332 0.000111 0.038082
333 0.000110 0.038192
334 0.000118 0.038310
335 0.000110 0.038420
336 0.000127 0.038547
337 0.000093 0.038640
338 0.000114 0.038754
339 0.000121 0.038875
340 0.000104 0.038979
341 0.000123 0.039102
342 0.000118 0.039220
343 0.000115 0.039335
344 0.000112 0.039447
345 0.000116 0.039563
346 0.000131 0.039694
347 0.000122 0.039816
348 0.000118 0.039934
349 0.000114 0.040048
350 0.000111 0.040159
351 0.000116 0.040275
352 0.000139 0.040414
353 0.000130 0.040544
354 0.000119 0.040663
355 0.000103 0.040766
356 0.000125 0.040891
357 0.000105 0.040996
358 0.000113 0.041109
359 0.000128 0.041237
360 0.000117 0.041354
361 0.000100 0.041454
362 0.000107 0.041561
363 0.000126 0.041687
364 0.000104 0.041791
365 0.000113 0.041904
366 0.000128 0.042032
367 0.000129 0.042161
368 0.000118 0.042279
369 0.000113 0.042392
370 0.000125 0.042517
371 0.000120 0.042637
372 0.000108 0.042745
373 0.000124 0.042869
374 0.000117 0.042986
375 0.000118 0.043104
376 0.000124 0.043228
377 0.000114 0.043342
378 0.000115 0.043457
379 0.000121 0.043578
380 0.000111 0.043689
381 0.000120 0.043809
382 0.000115 0.043924
383 0.000127 0.044051
384 0.000111 0.044162
385 0.000124 0.044286
386 0.000137 0.044423
387 0.000118 0.044541
388 0.000109 0.044650
389 0.000128 0.044778
390 0.000113 0.044891
391 0.000118 0.045009
392 0.000114 0.045123
393 0.000112 0.045235
394 0.000123 0.045358
395 0.000102 0.045460
396 0.000113 0.045573
397 0.000133 0.045706
398 0.000123 0.045829
399 0.000117 0.045946
400 0.000106 0.046052
401 0.000102 0.046154
402 0.000100 0.046254
403 0.000117 0.046371
404 0.000122 0.046493
405 0.000126 0.046619
406 0.000124 0.046743
407 0.000121 0.046864
408 0.000099 0.046963
409 0.000128 0.047091
410 0.000122 0.047213
411 0.000097 0.047310
412 0.000124 0.047434
413 0.000107 0.047541
414 0.000133 0.047674
415 0.000123 0.047797
416 0.000119 0.047916
417 0.000105 0.048021
418 0.000121 0.048142
419 0.000133 0.048275
420 0.000112 0.048387
421 0.000140 0.048527
422 0.000129 0.048656
423 0.000118 0.048774
424 0.000140 0.048914
425 0.000113 0.049027
426 0.000127 0.049154
427 0.000113 0.049267
428 0.000111 0.049378
429 0.000120 0.049498
430 0.000118 0.049616
431 0.000124 0.049740
432 0.000113 0.049853
433 0.000130 0.049983
434 0.000109 0.050092
435 0.000101 0.050193
436 0.000139 0.050332
437 0.000115 0.050447
438 0.000116 0.050563
439 0.000106 0.050669
440 0.000121 0.050790
441 0.000110 0.050900
442 0.000115 0.051015
443 0.000122 0.051137
444 0.000114 0.051251
445 0.000119 0.051370
446 0.000105 0.051475
447 0.000124 0.051599
448 0.000117 0.051716
449 0.000120 0.051836
450 0.000118 0.051954
451 0.000124 0.052078
452 0.000123 0.052201
453 0.000138 0.052339
454 0.000113 0.052452
455 0.000104 0.052556
456 0.000121 0.052677
457 0.000115 0.052792
458 0.000136 0.052928
459 0.000100 0.053028
460 0.000096 0.053124
461 0.000122 0.053246
462 0.000114 0.053360
463 0.000122 0.053482
464 0.000123 0.053605
465 0.000110 0.053715
466 0.000095 0.053810
467 0.000100 0.053910
468 0.000126 0.054036
469 0.000131 0.054167
470 0.000127 0.054294
471 0.000122 0.054416
472 0.000100 0.054516
473 0.000112 0.054628
474 0.000132 0.054760
475 0.000132 0.054892
476 0.000107 0.054999
477 0.000116 0.055115
478 0.000116 0.055231
479 0.000119 0.055350
480 0.000130 0.055480
481 0.000107 0.055587
482 0.000108 0.055695
483 0.000112 0.055807
484 0.000094 0.055901
485 0.000122 0.056023
486 0.000117 0.056140
487 0.000115 0.056255
488 0.000130 0.056385
489 0.000119 0.056504
490 0.000125 0.056629
491 0.000099 0.056728
492 0.000127 0.056855
493 0.000105 0.056960
494 0.000126 0.057086
495 0.000121 0.057207
496 0.000122 0.057329
497 0.000122 0.057451
498 0.000111 0.057562
499 0.000119 0.057681
500 0.000095 0.057776
501 0.000127 0.057903
502 0.000136 0.058039
503 0.000135 0.058174
504 0.000106 0.058280
505 0.000115 0.058395
506 0.000104 0.058499
507 0.000122 0.058621
508 0.000095 0.058716
509 0.000100 0.058816
510 0.000125 0.058941
511 0.000129 0.059070
512 0.000129 0.059199
513 0.000131 0.059330
514 0.000120 0.059450
515 0.000115 0.059565
516 0.000132 0.059697
517 0.000106 0.059803
518 0.000115 0.059918
519 0.000108 0.060026
520 0.000131 0.060157
521 0.000113 0.060270
522 0.000130 0.060400
523 0.000127 0.060527
524 0.000143 0.060670
525 0.000107 0.060777
526 0.000129 0.060906
527 0.000104 0.061010
528 0.000119 0.061129
529 0.000134 0.061263
530 0.000109 0.061372
531 0.000118 0.061490
532 0.000118 0.061608
533 0.000110 0.061718
534 0.000134 0.061852
535 0.000116 0.061968
536 0.000119 0.062087
537 0.000106 0.062193
538 0.000118 0.062311
539 0.000121 0.062432
540 0.000136 0.062568
541 0.000131 0.062699
542 0.000121 0.062820
543 0.000136 0.062956
544 0.000111 0.063067
545 0.000122 0.063189
546 0.000110 0.063299
547 0.000114 0.063413
548 0.000127 0.063540
549 0.000120 0.063660
550 0.000104 0.063764
551 0.000136 0.063900
552 0.000094 0.063994
553 0.000126 0.064120
554 0.000116 0.064236
555 0.000115 0.064351
556 0.000136 0.064487
557 0.000127 0.064614
558 0.000121 0.064735
559 0.000132 0.064867
560 0.000134 0.065001
561 0.000130 0.065131
562 0.000092 0.065223
563 0.000129 0.065352
564 0.000134 0.065486
565 0.000122 0.065608
566 0.000116 0.065724
567 0.000122 0.065846
568 0.000110 0.065956
569 0.000135 0.066091
570 0.000113 0.066204
571 0.000122 0.066326
572 0.000117 0.066443
573 0.000142 0.066585
574 0.000114 0.066699
575 0.000129 0.066828
576 0.000109 0.066937
577 0.000125 0.067062
578 0.000121 0.067183
579 0.000124 0.067307
580 0.000116 0.067423
581 0.000100 0.067523
582 0.000117 0.067640
583 0.000130 0.067770
584 0.000136 0.067906
585 0.000097 0.068003
586 0.000118 0.068121
587 0.000125 0.068246
588 0.000117 0.068363
589 0.000141 0.068504
590 0.000133 0.068637
591 0.000119 0.068756
592 0.000120 0.068876
593 0.000128 0.069004
594 0.000134 0.069138
595 0.000114 0.069252
596 0.000117 0.069369
597 0.000114 0.069483
598 0.000134 0.069617
599 0.000127 0.069744
600 0.000144 0.069888
601 0.000115 0.070003
602 0.000124 0.070127
603 0.000118 0.070245
604 0.000123 0.070368
605 0.000112 0.070480
606 0.000097 0.070577
607 0.000126 0.070703
608 0.000120 0.070823
609 0.000140 0.070963
610 0.000126 0.071089
611 0.000143 0.071232
612 0.000127 0.071359
613 0.000134 0.071493
614 0.000134 0.071627
615 0.000122 0.071749
616 0.000127 0.071876
617 0.000124 0.072000
618 0.000117 0.072117
619 0.000119 0.072236
620 0.000128 0.072364
621 0.000124 0.072488
622 0.000161 0.072649
623 0.000111 0.072760
624 0.000124 0.072884
625 0.000132 0.073016
626 0.000120 0.073136
627 0.000137 0.073273
628 0.000106 0.073379
629 0.000108 0.073487
630 0.000104 0.073591
631 0.000136 0.073727
632 0.000123 0.073850
633 0.000122 0.073972
634 0.000104 0.074076
635 0.000132 0.074208
636 0.000124 0.074332
637 0.000127 0.074459
638 0.000119 0.074578
639 0.000130 0.074708
640 0.000125 0.074833
641 0.000106 0.074939
642 0.000142 0.075081
643 0.000131 0.075212
644 0.000105 0.075317
645 0.000133 0.075450
646 0.000122 0.075572
647 0.000129 0.075701
648 0.000134 0.075835
649 0.000127 0.075962
650 0.000119 0.076081
651 0.000103 0.076184
652 0.000128 0.076312
653 0.000123 0.076435
654 0.000137 0.076572
655 0.000142 0.076714
656 0.000126 0.076840
657 0.000128 0.076968
658 0.000113 0.077081
659 0.000154 0.077235
660 0.000122 0.077357
661 0.000122 0.077479
662 0.000139 0.077618
663 0.000143 0.077761
664 0.000128 0.077889
665 0.000121 0.078010
666 0.000110 0.078120
667 0.000124 0.078244
668 0.000138 0.078382
669 0.000131 0.078513
670 0.000133 0.078646
671 0.000134 0.078780
672 0.000119 0.078899
673 0.000145 0.079044
674 0.000125 0.079169
675 0.000119 0.079288
676 0.000122 0.079410
677 0.000121 0.079531
678 0.000108 0.079639
679 0.000113 0.079752
680 0.000131 0.079883
681 0.000119 0.080002
682 0.000111 0.080113
683 0.000113 0.080226
684 0.000104 0.080330
685 0.000103 0.080433
686 0.000149 0.080582
687 0.000143 0.080725
688 0.000122 0.080847
689 0.000110 0.080957
690 0.000144 0.081101
691 0.000139 0.081240
692 0.000128 0.081368
693 0.000093 0.081461
694 0.000138 0.081599
695 0.000148 0.081747
696 0.000161 0.081908
697 0.000133 0.082041
698 0.000136 0.082177
699 0.000104 0.082281
700 0.000141 0.082422
701 0.000128 0.082550
702 0.000110 0.082660
703 0.000133 0.082793
704 0.000128 0.082921
705 0.000129 0.083050
706 0.000124 0.083174
707 0.000128 0.083302
708 0.000119 0.083421
709 0.000133 0.083554
710 0.000116 0.083670
711 0.000145 0.083815
712 0.000144 0.083959
713 0.000128 0.084087
714 0.000122 0.084209
715 0.000118 0.084327
716 0.000114 0.084441
717 0.000168 0.084609
718 0.000119 0.084728
719 0.000132 0.084860
720 0.000112 0.084972
721 0.000160 0.085132
722 0.000131 0.085263
723 0.000115 0.085378
724 0.000145 0.085523
725 0.000144 0.085667
726 0.000136 0.085803
727 0.000118 0.085921
728 0.000134 0.086055
729 0.000128 0.086183
730 0.000136 0.086319
731 0.000141 0.086460
732 0.000129 0.086589
733 0.000148 0.086737
734 0.000151 0.086888
735 0.000113 0.087001
736 0.000166 0.087167
737 0.000124 0.087291
738 0.000115 0.087406
739 0.000116 0.087522
740 0.000120 0.087642
741 0.000127 0.087769
742 0.000113 0.087882
743 0.000153 0.088035
744 0.000122 0.088157
745 0.000130 0.088287
746 0.000118 0.088405
747 0.000104 0.088509
748 0.000114 0.088623
749 0.000161 0.088784
750 0.000120 0.088904
751 0.000130 0.089034
752 0.000122 0.089156
753 0.000141 0.089297
754 0.000138 0.089435
755 0.000120 0.089555
756 0.000161 0.089716
757 0.000143 0.089859
758 0.000166 0.090025
759 0.000113 0.090138
760 0.000112 0.090250
761 0.000137 0.090387
762 0.000132 0.090519
763 0.000143 0.090662
764 0.000135 0.090797
765 0.000110 0.090907
766 0.000132 0.091039
767 0.000135 0.091174
768 0.000130 0.091304
769 0.000139 0.091443
770 0.000143 0.091586
771 0.000149 0.091735
772 0.000127 0.091862
773 0.000130 0.091992
774 0.000142 0.092134
775 0.000136 0.092270
776 0.000127 0.092397
777 0.000103 0.092500
778 0.000175 0.092675
779 0.000106 0.092781
780 0.000134 0.092915
781 0.000138 0.093053
782 0.000248 0.093301
783 0.000129 0.093430
784 0.000126 0.093556
785 0.000331 0.093887
done 785 0.000820 0.094707
