#secondnet
init 0 0
1 0.000242 0.000242
2 0.000189 0.000431
3 0.000159 0.000590
4 0.000139 0.000729
5 0.000149 0.000878
6 0.000134 0.001012
7 0.000140 0.001152
8 0.000138 0.001290
9 0.000130 0.001420
10 0.000145 0.001565
11 0.000131 0.001696
12 0.000147 0.001843
13 0.000148 0.001991
14 0.000150 0.002141
15 0.000149 0.002290
16 0.000141 0.002431
17 0.000142 0.002573
18 0.000150 0.002723
19 0.000145 0.002868
20 0.000145 0.003013
21 0.000126 0.003139
22 0.000131 0.003270
23 0.000129 0.003399
24 0.000145 0.003544
25 0.000132 0.003676
26 0.000139 0.003815
27 0.000138 0.003953
28 0.000124 0.004077
29 0.000125 0.004202
30 0.000142 0.004344
31 0.000139 0.004483
32 0.000141 0.004624
33 0.000155 0.004779
34 0.000151 0.004930
35 0.000139 0.005069
36 0.000129 0.005198
37 0.000149 0.005347
38 0.000130 0.005477
39 0.000134 0.005611
40 0.000143 0.005754
41 0.000149 0.005903
42 0.000151 0.006054
43 0.000131 0.006185
44 0.000135 0.006320
45 0.000151 0.006471
46 0.000152 0.006623
47 0.000151 0.006774
48 0.000143 0.006917
49 0.000132 0.007049
50 0.000138 0.007187
51 0.000156 0.007343
52 0.000172 0.007515
53 0.000162 0.007677
54 0.000150 0.007827
55 0.000147 0.007974
56 0.000139 0.008113
57 0.000133 0.008246
58 0.000146 0.008392
59 0.000145 0.008537
60 0.000130 0.008667
61 0.000143 0.008810
62 0.000126 0.008936
63 0.000134 0.009070
64 0.000142 0.009212
65 0.000132 0.009344
66 0.000137 0.009481
67 0.000158 0.009639
68 0.000138 0.009777
69 0.000150 0.009927
70 0.000155 0.010082
71 0.000148 0.010230
72 0.000161 0.010391
73 0.000150 0.010541
74 0.000148 0.010689
75 0.000147 0.010836
76 0.000145 0.010981
77 0.000140 0.011121
78 0.000146 0.011267
79 0.000143 0.011410
80 0.000150 0.011560
81 0.000155 0.011715
82 0.000148 0.011863
83 0.000183 0.012046
84 0.000147 0.012193
85 0.000160 0.012353
86 0.000163 0.012516
87 0.000173 0.012689
88 0.000151 0.012840
89 0.000166 0.013006
90 0.000169 0.013175
91 0.000157 0.013332
92 0.000162 0.013494
93 0.000174 0.013668
94 0.000146 0.013814
95 0.000160 0.013974
96 0.000179 0.014153
97 0.000173 0.014326
98 0.000172 0.014498
99 0.000162 0.014660
100 0.000156 0.014816
101 0.000157 0.014973
102 0.000162 0.015135
103 0.000163 0.015298
104 0.000158 0.015456
105 0.000178 0.015634
106 0.000169 0.015803
107 0.000155 0.015958
108 0.000181 0.016139
109 0.000151 0.016290
110 0.000171 0.016461
111 0.000142 0.016603
112 0.000165 0.016768
113 0.000146 0.016914
114 0.000163 0.017077
115 0.000144 0.017221
116 0.000156 0.017377
117 0.000160 0.017537
118 0.000178 0.017715
119 0.000160 0.017875
120 0.000166 0.018041
121 0.000163 0.018204
122 0.000176 0.018380
123 0.000156 0.018536
124 0.000156 0.018692
125 0.000170 0.018862
126 0.000171 0.019033
127 0.000164 0.019197
128 0.000152 0.019349
129 0.000163 0.019512
130 0.000159 0.019671
131 0.000160 0.019831
132 0.000164 0.019995
133 0.000154 0.020149
134 0.000152 0.020301
135 0.000185 0.020486
136 0.000166 0.020652
137 0.000153 0.020805
138 0.000165 0.020970
139 0.000171 0.021141
140 0.000166 0.021307
141 0.000164 0.021471
142 0.000160 0.021631
143 0.000163 0.021794
144 0.000161 0.021955
145 0.000165 0.022120
146 0.000169 0.022289
147 0.000144 0.022433
148 0.000157 0.022590
149 0.000159 0.022749
150 0.000170 0.022919
151 0.000147 0.023066
152 0.000159 0.023225
153 0.000150 0.023375
154 0.000179 0.023554
155 0.000139 0.023693
156 0.000169 0.023862
157 0.000151 0.024013
158 0.000161 0.024174
159 0.000165 0.024339
160 0.000152 0.024491
161 0.000165 0.024656
162 0.000154 0.024810
163 0.000177 0.024987
164 0.000149 0.025136
165 0.000150 0.025286
166 0.000171 0.025457
167 0.000159 0.025616
168 0.000157 0.025773
169 0.000168 0.025941
170 0.000159 0.026100
171 0.000171 0.026271
172 0.000175 0.026446
173 0.000168 0.026614
174 0.000172 0.026786
175 0.000153 0.026939
176 0.000160 0.027099
177 0.000159 0.027258
178 0.000173 0.027431
179 0.000160 0.027591
180 0.000145 0.027736
181 0.000162 0.027898
182 0.000146 0.028044
183 0.000163 0.028207
184 0.000143 0.028350
185 0.000163 0.028513
186 0.000143 0.028656
187 0.000144 0.028800
188 0.000171 0.028971
189 0.000167 0.029138
190 0.000175 0.029313
191 0.000171 0.029484
192 0.000170 0.029654
193 0.000147 0.029801
194 0.000162 0.029963
195 0.000163 0.030126
196 0.000163 0.030289
197 0.000158 0.030447
198 0.000157 0.030604
199 0.000178 0.030782
200 0.000158 0.030940
201 0.000151 0.031091
202 0.000157 0.031248
203 0.000175 0.031423
204 0.000169 0.031592
205 0.000160 0.031752
206 0.000167 0.031919
207 0.000152 0.032071
208 0.000182 0.032253
209 0.000163 0.032416
210 0.000174 0.032590
211 0.000160 0.032750
212 0.000148 0.032898
213 0.000158 0.033056
214 0.000155 0.033211
215 0.000156 0.033367
216 0.000166 0.033533
217 0.000168 0.033701
218 0.000159 0.033860
219 0.000153 0.034013
220 0.000158 0.034171
221 0.000157 0.034328
222 0.000166 0.034494
223 0.000172 0.034666
224 0.000171 0.034837
225 0.000167 0.035004
226 0.000153 0.035157
227 0.000166 0.035323
228 0.000182 0.035505
229 0.000164 0.035669
230 0.000157 0.035826
231 0.000159 0.035985
232 0.000151 0.036136
233 0.000165 0.036301
234 0.000172 0.036473
235 0.000169 0.036642
236 0.000171 0.036813
237 0.000163 0.036976
238 0.000159 0.037135
239 0.000168 0.037303
240 0.000169 0.037472
241 0.000159 0.037631
242 0.000152 0.037783
243 0.000179 0.037962
244 0.000181 0.038143
245 0.000169 0.038312
246 0.000150 0.038462
247 0.000149 0.038611
248 0.000180 0.038791
249 0.000151 0.038942
250 0.000171 0.039113
251 0.000169 0.039282
252 0.000193 0.039475
253 0.000142 0.039617
254 0.000153 0.039770
255 0.000162 0.039932
256 0.000160 0.040092
257 0.000149 0.040241
258 0.000172 0.040413
259 0.000157 0.040570
260 0.000169 0.040739
261 0.000176 0.040915
262 0.000159 0.041074
263 0.000159 0.041233
264 0.000143 0.041376
265 0.000171 0.041547
266 0.000147 0.041694
267 0.000167 0.041861
268 0.000172 0.042033
269 0.000180 0.042213
270 0.000173 0.042386
271 0.000162 0.042548
272 0.000155 0.042703
273 0.000168 0.042871
274 0.000183 0.043054
275 0.000163 0.043217
276 0.000186 0.043403
277 0.000172 0.043575
278 0.000158 0.043733
279 0.000183 0.043916
280 0.000171 0.044087
281 0.000188 0.044275
282 0.000170 0.044445
283 0.000173 0.044618
284 0.000165 0.044783
285 0.000149 0.044932
286 0.000167 0.045099
287 0.000168 0.045267
288 0.000160 0.045427
289 0.000148 0.045575
290 0.000158 0.045733
291 0.000167 0.045900
292 0.000184 0.046084
293 0.000179 0.046263
294 0.000171 0.046434
295 0.000163 0.046597
296 0.000165 0.046762
297 0.000185 0.046947
298 0.000174 0.047121
299 0.000160 0.047281
300 0.000181 0.047462
301 0.000165 0.047627
302 0.000171 0.047798
303 0.000160 0.047958
304 0.000177 0.048135
305 0.000163 0.048298
306 0.000169 0.048467
307 0.000162 0.048629
308 0.000170 0.048799
309 0.000155 0.048954
310 0.000183 0.049137
311 0.000175 0.049312
312 0.000150 0.049462
313 0.000172 0.049634
314 0.000158 0.049792
315 0.000156 0.049948
316 0.000178 0.050126
317 0.000190 0.050316
318 0.000159 0.050475
319 0.000167 0.050642
320 0.000149 0.050791
321 0.000173 0.050964
322 0.000157 0.051121
323 0.000171 0.051292
324 0.000164 0.051456
325 0.000169 0.051625
326 0.000165 0.051790
327 0.000175 0.051965
328 0.000170 0.052135
329 0.000169 0.052304
330 0.000168 0.052472
331 0.000159 0.052631
332 0.000162 0.052793
333 0.000160 0.052953
334 0.000159 0.053112
335 0.000166 0.053278
336 0.000162 0.053440
337 0.000173 0.053613
338 0.000174 0.053787
339 0.000145 0.053932
340 0.000161 0.054093
341 0.000154 0.054247
342 0.000171 0.054418
343 0.000153 0.054571
344 0.000156 0.054727
345 0.000153 0.054880
346 0.000171 0.055051
347 0.000176 0.055227
348 0.000196 0.055423
349 0.000170 0.055593
350 0.000146 0.055739
351 0.000173 0.055912
352 0.000182 0.056094
353 0.000169 0.056263
354 0.000145 0.056408
355 0.000183 0.056591
356 0.000160 0.056751
357 0.000158 0.056909
358 0.000166 0.057075
359 0.000179 0.057254
360 0.000170 0.057424
361 0.000177 0.057601
362 0.000145 0.057746
363 0.000177 0.057923
364 0.000151 0.058074
365 0.000172 0.058246
366 0.000154 0.058400
367 0.000179 0.058579
368 0.000164 0.058743
369 0.000149 0.058892
370 0.000160 0.059052
371 0.000168 0.059220
372 0.000178 0.059398
373 0.000187 0.059585
374 0.000183 0.059768
375 0.000172 0.059940
376 0.000186 0.060126
377 0.000153 0.060279
378 0.000200 0.060479
379 0.000167 0.060646
380 0.000176 0.060822
381 0.000165 0.060987
382 0.000172 0.061159
383 0.000185 0.061344
384 0.000168 0.061512
385 0.000162 0.061674
386 0.000151 0.061825
387 0.000181 0.062006
388 0.000185 0.062191
389 0.000176 0.062367
390 0.000191 0.062558
391 0.000183 0.062741
392 0.000172 0.062913
393 0.000195 0.063108
394 0.000180 0.063288
395 0.000198 0.063486
396 0.000178 0.063664
397 0.000183 0.063847
398 0.000193 0.064040
399 0.000169 0.064209
400 0.000200 0.064409
401 0.000184 0.064593
402 0.000160 0.064753
403 0.000177 0.064930
404 0.000176 0.065106
405 0.000217 0.065323
406 0.000181 0.065504
407 0.000175 0.065679
408 0.000179 0.065858
409 0.000182 0.066040
410 0.000181 0.066221
411 0.000175 0.066396
412 0.000174 0.066570
413 0.000197 0.066767
414 0.000170 0.066937
415 0.000174 0.067111
416 0.000178 0.067289
417 0.000199 0.067488
418 0.000161 0.067649
419 0.000173 0.067822
420 0.000174 0.067996
421 0.000194 0.068190
422 0.000292 0.068482
423 0.000157 0.068639
424 0.000171 0.068810
425 0.000186 0.068996
426 0.000215 0.069211
427 0.000178 0.069389
428 0.000308 0.069697
429 0.000304 0.070001
430 0.000181 0.070182
431 0.000192 0.070374
432 0.000383 0.070757
433 0.000188 0.070945
434 0.000188 0.071133
435 0.000164 0.071297
done 435 0.000965 0.072262
