#secondnet
init 0 0
1 0.000116 0.000116
2 0.000093 0.000209
3 0.000084 0.000293
4 0.000071 0.000364
5 0.000080 0.000444
6 0.000076 0.000520
7 0.000068 0.000588
8 0.000079 0.000667
9 0.000076 0.000743
10 0.000068 0.000811
11 0.000079 0.000890
12 0.000065 0.000955
13 0.000079 0.001034
14 0.000089 0.001123
15 0.000066 0.001189
16 0.000084 0.001273
17 0.000084 0.001357
18 0.000076 0.001433
19 0.000082 0.001515
20 0.000077 0.001592
21 0.000079 0.001671
22 0.000078 0.001749
23 0.000080 0.001829
24 0.000086 0.001915
25 0.000068 0.001983
26 0.000079 0.002062
27 0.000076 0.002138
28 0.000089 0.002227
29 0.000081 0.002308
30 0.000078 0.002386
31 0.000075 0.002461
32 0.000071 0.002532
33 0.000071 0.002603
34 0.000067 0.002670
35 0.000069 0.002739
36 0.000080 0.002819
37 0.000072 0.002891
38 0.000083 0.002974
39 0.000083 0.003057
40 0.000080 0.003137
41 0.000075 0.003212
42 0.000070 0.003282
43 0.000066 0.003348
44 0.000082 0.003430
45 0.000078 0.003508
46 0.000072 0.003580
47 0.000082 0.003662
48 0.000080 0.003742
49 0.000084 0.003826
50 0.000074 0.003900
51 0.000067 0.003967
52 0.000081 0.004048
53 0.000069 0.004117
54 0.000082 0.004199
55 0.000076 0.004275
56 0.000092 0.004367
57 0.000075 0.004442
58 0.000078 0.004520
59 0.000069 0.004589
60 0.000075 0.004664
61 0.000080 0.004744
62 0.000067 0.004811
63 0.000070 0.004881
64 0.000071 0.004952
65 0.000078 0.005030
66 0.000076 0.005106
67 0.000078 0.005184
68 0.000075 0.005259
69 0.000074 0.005333
70 0.000079 0.005412
71 0.000082 0.005494
72 0.000081 0.005575
73 0.000080 0.005655
74 0.000086 0.005741
75 0.000074 0.005815
76 0.000074 0.005889
77 0.000069 0.005958
78 0.000075 0.006033
79 0.000077 0.006110
80 0.000080 0.006190
81 0.000082 0.006272
82 0.000086 0.006358
83 0.000073 0.006431
84 0.000090 0.006521
85 0.000081 0.006602
86 0.000080 0.006682
87 0.000069 0.006751
88 0.000071 0.006822
89 0.000074 0.006896
90 0.000081 0.006977
91 0.000084 0.007061
92 0.000069 0.007130
93 0.000087 0.007217
94 0.000080 0.007297
95 0.000070 0.007367
96 0.000076 0.007443
97 0.000085 0.007528
98 0.000067 0.007595
99 0.000074 0.007669
100 0.000113 0.007782
101 0.000075 0.007857
102 0.000071 0.007928
103 0.000082 0.008010
104 0.000076 0.008086
105 0.000067 0.008153
106 0.000082 0.008235
107 0.000074 0.008309
108 0.000077 0.008386
109 0.000084 0.008470
110 0.000082 0.008552
111 0.000077 0.008629
112 0.000087 0.008716
113 0.000275 0.008991
114 0.000071 0.009062
done 114 0.000206 0.009268
