#secondnet
init 0 0
1 0.000141 0.000141
2 0.000119 0.000260
3 0.000082 0.000342
4 0.000078 0.000420
5 0.000073 0.000493
6 0.000078 0.000571
7 0.000073 0.000644
8 0.000071 0.000715
9 0.000071 0.000786
10 0.000071 0.000857
11 0.000075 0.000932
12 0.000072 0.001004
13 0.000073 0.001077
14 0.000078 0.001155
15 0.000070 0.001225
16 0.000074 0.001299
17 0.000074 0.001373
18 0.000081 0.001454
19 0.000073 0.001527
20 0.000073 0.001600
21 0.000072 0.001672
22 0.000082 0.001754
23 0.000077 0.001831
24 0.000077 0.001908
25 0.000075 0.001983
26 0.000069 0.002052
27 0.000070 0.002122
28 0.000083 0.002205
29 0.000075 0.002280
30 0.000073 0.002353
31 0.000074 0.002427
32 0.000074 0.002501
33 0.000072 0.002573
34 0.000075 0.002648
35 0.000075 0.002723
36 0.000070 0.002793
37 0.000078 0.002871
38 0.000074 0.002945
39 0.000078 0.003023
40 0.000074 0.003097
41 0.000079 0.003176
42 0.000073 0.003249
43 0.000077 0.003326
44 0.000082 0.003408
45 0.000071 0.003479
46 0.000073 0.003552
47 0.000078 0.003630
48 0.000069 0.003699
49 0.000067 0.003766
50 0.000080 0.003846
51 0.000078 0.003924
52 0.000076 0.004000
53 0.000085 0.004085
54 0.000076 0.004161
55 0.000078 0.004239
56 0.000079 0.004318
57 0.000073 0.004391
58 0.000074 0.004465
59 0.000082 0.004547
60 0.000084 0.004631
61 0.000075 0.004706
62 0.000078 0.004784
63 0.000077 0.004861
64 0.000080 0.004941
65 0.000082 0.005023
66 0.000075 0.005098
67 0.000072 0.005170
68 0.000076 0.005246
69 0.000076 0.005322
70 0.000074 0.005396
71 0.000081 0.005477
72 0.000076 0.005553
73 0.000081 0.005634
74 0.000080 0.005714
75 0.000087 0.005801
76 0.000078 0.005879
77 0.000078 0.005957
78 0.000079 0.006036
79 0.000076 0.006112
80 0.000081 0.006193
81 0.000070 0.006263
82 0.000072 0.006335
83 0.000080 0.006415
84 0.000077 0.006492
85 0.000070 0.006562
86 0.000075 0.006637
87 0.000073 0.006710
88 0.000069 0.006779
89 0.000077 0.006856
90 0.000077 0.006933
91 0.000073 0.007006
92 0.000077 0.007083
93 0.000081 0.007164
94 0.000082 0.007246
95 0.000074 0.007320
96 0.000080 0.007400
97 0.000079 0.007479
98 0.000072 0.007551
99 0.000090 0.007641
100 0.000075 0.007716
101 0.000077 0.007793
102 0.000076 0.007869
103 0.000077 0.007946
104 0.000077 0.008023
105 0.000078 0.008101
106 0.000076 0.008177
107 0.000071 0.008248
108 0.000084 0.008332
109 0.000071 0.008403
110 0.000076 0.008479
111 0.000080 0.008559
112 0.000070 0.008629
113 0.000075 0.008704
114 0.000083 0.008787
115 0.000077 0.008864
116 0.000077 0.008941
117 0.000079 0.009020
118 0.000074 0.009094
119 0.000079 0.009173
120 0.000083 0.009256
121 0.000079 0.009335
122 0.000077 0.009412
123 0.000077 0.009489
124 0.000070 0.009559
125 0.000075 0.009634
126 0.000075 0.009709
127 0.000108 0.009817
128 0.000078 0.009895
129 0.000081 0.009976
130 0.000081 0.010057
131 0.000076 0.010133
132 0.000077 0.010210
133 0.000077 0.010287
134 0.000079 0.010366
135 0.000087 0.010453
136 0.000081 0.010534
137 0.000077 0.010611
138 0.000087 0.010698
139 0.000078 0.010776
140 0.000078 0.010854
141 0.000082 0.010936
142 0.000076 0.011012
143 0.000086 0.011098
144 0.000090 0.011188
145 0.000072 0.011260
146 0.000081 0.011341
147 0.000077 0.011418
148 0.000079 0.011497
149 0.000079 0.011576
150 0.000075 0.011651
151 0.000081 0.011732
152 0.000085 0.011817
153 0.000083 0.011900
154 0.000076 0.011976
155 0.000078 0.012054
156 0.000082 0.012136
157 0.000076 0.012212
158 0.000081 0.012293
159 0.000087 0.012380
160 0.000079 0.012459
161 0.000085 0.012544
162 0.000083 0.012627
163 0.000073 0.012700
164 0.000072 0.012772
165 0.000084 0.012856
166 0.000077 0.012933
167 0.000076 0.013009
168 0.000075 0.013084
169 0.000078 0.013162
170 0.000079 0.013241
171 0.000075 0.013316
172 0.000077 0.013393
173 0.000079 0.013472
174 0.000087 0.013559
175 0.000080 0.013639
176 0.000075 0.013714
177 0.000091 0.013805
178 0.000082 0.013887
179 0.000076 0.013963
180 0.000077 0.014040
181 0.000083 0.014123
182 0.000082 0.014205
183 0.000080 0.014285
184 0.000083 0.014368
185 0.000083 0.014451
186 0.000077 0.014528
187 0.000081 0.014609
188 0.000083 0.014692
189 0.000079 0.014771
190 0.000078 0.014849
191 0.000083 0.014932
192 0.000092 0.015024
193 0.000088 0.015112
194 0.000077 0.015189
195 0.000075 0.015264
196 0.000084 0.015348
197 0.000083 0.015431
198 0.000084 0.015515
199 0.000083 0.015598
200 0.000085 0.015683
201 0.000082 0.015765
202 0.000084 0.015849
203 0.000080 0.015929
204 0.000079 0.016008
205 0.000083 0.016091
206 0.000075 0.016166
207 0.000073 0.016239
208 0.000082 0.016321
209 0.000078 0.016399
210 0.000079 0.016478
211 0.000082 0.016560
212 0.000083 0.016643
213 0.000079 0.016722
214 0.000072 0.016794
215 0.000079 0.016873
216 0.000080 0.016953
217 0.000082 0.017035
218 0.000081 0.017116
219 0.000081 0.017197
220 0.000081 0.017278
221 0.000080 0.017358
222 0.000076 0.017434
223 0.000074 0.017508
224 0.000075 0.017583
225 0.000079 0.017662
226 0.000088 0.017750
227 0.000079 0.017829
228 0.000081 0.017910
229 0.000073 0.017983
230 0.000080 0.018063
231 0.000078 0.018141
232 0.000077 0.018218
233 0.000081 0.018299
234 0.000078 0.018377
235 0.000086 0.018463
236 0.000084 0.018547
237 0.000081 0.018628
238 0.000081 0.018709
239 0.000076 0.018785
240 0.000080 0.018865
241 0.000081 0.018946
242 0.000079 0.019025
243 0.000079 0.019104
244 0.000081 0.019185
245 0.000092 0.019277
246 0.000079 0.019356
247 0.000077 0.019433
248 0.000083 0.019516
249 0.000085 0.019601
250 0.000078 0.019679
251 0.000077 0.019756
252 0.000080 0.019836
253 0.000080 0.019916
254 0.000082 0.019998
255 0.000085 0.020083
256 0.000078 0.020161
257 0.000084 0.020245
258 0.000087 0.020332
259 0.000076 0.020408
260 0.000080 0.020488
261 0.000085 0.020573
262 0.000081 0.020654
263 0.000093 0.020747
264 0.000082 0.020829
265 0.000079 0.020908
266 0.000079 0.020987
267 0.000082 0.021069
268 0.000080 0.021149
269 0.000075 0.021224
270 0.000080 0.021304
271 0.000075 0.021379
272 0.000079 0.021458
273 0.000078 0.021536
274 0.000078 0.021614
275 0.000082 0.021696
276 0.000118 0.021814
277 0.000079 0.021893
278 0.000085 0.021978
279 0.000079 0.022057
280 0.000079 0.022136
281 0.000080 0.022216
282 0.000082 0.022298
283 0.000076 0.022374
284 0.000079 0.022453
285 0.000088 0.022541
286 0.000075 0.022616
287 0.000077 0.022693
288 0.000084 0.022777
289 0.000075 0.022852
290 0.000079 0.022931
291 0.000084 0.023015
292 0.000072 0.023087
293 0.000077 0.023164
294 0.000083 0.023247
295 0.000073 0.023320
296 0.000081 0.023401
297 0.000081 0.023482
298 0.000073 0.023555
299 0.000082 0.023637
300 0.000077 0.023714
301 0.000087 0.023801
302 0.000081 0.023882
303 0.000076 0.023958
304 0.000074 0.024032
305 0.000080 0.024112
306 0.000081 0.024193
307 0.000077 0.024270
308 0.000079 0.024349
309 0.000080 0.024429
310 0.000078 0.024507
311 0.000072 0.024579
312 0.000082 0.024661
313 0.000078 0.024739
314 0.000081 0.024820
315 0.000083 0.024903
316 0.000079 0.024982
317 0.000086 0.025068
318 0.000078 0.025146
319 0.000077 0.025223
320 0.000081 0.025304
321 0.000076 0.025380
322 0.000080 0.025460
323 0.000083 0.025543
324 0.000091 0.025634
325 0.000080 0.025714
326 0.000084 0.025798
327 0.000083 0.025881
328 0.000072 0.025953
329 0.000087 0.026040
330 0.000078 0.026118
331 0.000079 0.026197
332 0.000083 0.026280
333 0.000080 0.026360
334 0.000080 0.026440
335 0.000079 0.026519
336 0.000078 0.026597
337 0.000071 0.026668
338 0.000081 0.026749
339 0.000083 0.026832
340 0.000076 0.026908
341 0.000175 0.027083
342 0.000104 0.027187
343 0.000095 0.027282
344 0.000103 0.027385
345 0.000098 0.027483
346 0.000095 0.027578
347 0.000099 0.027677
348 0.000099 0.027776
349 0.000103 0.027879
350 0.000102 0.027981
351 0.000101 0.028082
352 0.000098 0.028180
353 0.000101 0.028281
354 0.000105 0.028386
355 0.000096 0.028482
356 0.000106 0.028588
357 0.000111 0.028699
358 0.000105 0.028804
359 0.000100 0.028904
360 0.000113 0.029017
361 0.000104 0.029121
362 0.000103 0.029224
363 0.000094 0.029318
364 0.000103 0.029421
365 0.000099 0.029520
366 0.000093 0.029613
367 0.000105 0.029718
368 0.000121 0.029839
369 0.000096 0.029935
370 0.000105 0.030040
371 0.000105 0.030145
372 0.000103 0.030248
373 0.000108 0.030356
374 0.000102 0.030458
375 0.000098 0.030556
376 0.000099 0.030655
377 0.000091 0.030746
378 0.000110 0.030856
379 0.000105 0.030961
380 0.000101 0.031062
381 0.000101 0.031163
382 0.000108 0.031271
383 0.000109 0.031380
384 0.000099 0.031479
385 0.000103 0.031582
386 0.000094 0.031676
387 0.000100 0.031776
388 0.000099 0.031875
389 0.000101 0.031976
390 0.000097 0.032073
391 0.000099 0.032172
392 0.000102 0.032274
393 0.000104 0.032378
394 0.000105 0.032483
395 0.000101 0.032584
396 0.000103 0.032687
397 0.000097 0.032784
398 0.000097 0.032881
399 0.000097 0.032978
400 0.000091 0.033069
401 0.000098 0.033167
402 0.000101 0.033268
403 0.000096 0.033364
404 0.000110 0.033474
405 0.000106 0.033580
406 0.000099 0.033679
407 0.000110 0.033789
408 0.000092 0.033881
409 0.000081 0.033962
410 0.000082 0.034044
411 0.000134 0.034178
412 0.000086 0.034264
413 0.000079 0.034343
414 0.000079 0.034422
415 0.000083 0.034505
416 0.000111 0.034616
417 0.000108 0.034724
418 0.000104 0.034828
419 0.000103 0.034931
420 0.000114 0.035045
421 0.000082 0.035127
422 0.000100 0.035227
423 0.000103 0.035330
424 0.000104 0.035434
425 0.000103 0.035537
426 0.000099 0.035636
427 0.000107 0.035743
428 0.000095 0.035838
429 0.000108 0.035946
430 0.000119 0.036065
431 0.000077 0.036142
432 0.000075 0.036217
433 0.000085 0.036302
434 0.000104 0.036406
435 0.000099 0.036505
436 0.000102 0.036607
437 0.000102 0.036709
438 0.000104 0.036813
439 0.000081 0.036894
440 0.000082 0.036976
441 0.000081 0.037057
442 0.000095 0.037152
443 0.000103 0.037255
444 0.000096 0.037351
445 0.000099 0.037450
446 0.000098 0.037548
447 0.000100 0.037648
448 0.000115 0.037763
449 0.000085 0.037848
450 0.000075 0.037923
451 0.000080 0.038003
452 0.000098 0.038101
453 0.000088 0.038189
454 0.000092 0.038281
455 0.000087 0.038368
456 0.000082 0.038450
457 0.000089 0.038539
458 0.000092 0.038631
459 0.000089 0.038720
460 0.000104 0.038824
461 0.000080 0.038904
462 0.000086 0.038990
463 0.000091 0.039081
464 0.000089 0.039170
465 0.000111 0.039281
466 0.000084 0.039365
467 0.000075 0.039440
468 0.000089 0.039529
469 0.000088 0.039617
470 0.000080 0.039697
471 0.000084 0.039781
472 0.000093 0.039874
473 0.000097 0.039971
474 0.000091 0.040062
475 0.000093 0.040155
476 0.000092 0.040247
477 0.000088 0.040335
478 0.000095 0.040430
479 0.000089 0.040519
480 0.000079 0.040598
481 0.000097 0.040695
482 0.000104 0.040799
483 0.000080 0.040879
484 0.000090 0.040969
485 0.000082 0.041051
486 0.000080 0.041131
487 0.000085 0.041216
488 0.000082 0.041298
489 0.000079 0.041377
490 0.000079 0.041456
491 0.000087 0.041543
492 0.000091 0.041634
493 0.000117 0.041751
494 0.000085 0.041836
495 0.000078 0.041914
496 0.000078 0.041992
497 0.000078 0.042070
498 0.000083 0.042153
499 0.000080 0.042233
500 0.000086 0.042319
501 0.000085 0.042404
502 0.000074 0.042478
503 0.000084 0.042562
504 0.000083 0.042645
505 0.000078 0.042723
506 0.000079 0.042802
507 0.000085 0.042887
508 0.000086 0.042973
509 0.000083 0.043056
510 0.000083 0.043139
511 0.000084 0.043223
512 0.000079 0.043302
513 0.000086 0.043388
514 0.000078 0.043466
515 0.000084 0.043550
516 0.000085 0.043635
517 0.000079 0.043714
518 0.000075 0.043789
519 0.000089 0.043878
520 0.000083 0.043961
521 0.000082 0.044043
522 0.000076 0.044119
523 0.000086 0.044205
524 0.000081 0.044286
525 0.000080 0.044366
526 0.000090 0.044456
527 0.000092 0.044548
528 0.000082 0.044630
529 0.000085 0.044715
530 0.000086 0.044801
531 0.000075 0.044876
532 0.000080 0.044956
533 0.000091 0.045047
534 0.000094 0.045141
535 0.000088 0.045229
536 0.000082 0.045311
537 0.000081 0.045392
538 0.000083 0.045475
539 0.000082 0.045557
540 0.000083 0.045640
541 0.000090 0.045730
542 0.000083 0.045813
543 0.000083 0.045896
544 0.000084 0.045980
545 0.000090 0.046070
546 0.000085 0.046155
547 0.000086 0.046241
548 0.000092 0.046333
549 0.000082 0.046415
550 0.000084 0.046499
551 0.000096 0.046595
552 0.000086 0.046681
553 0.000084 0.046765
554 0.000082 0.046847
555 0.000080 0.046927
556 0.000078 0.047005
557 0.000081 0.047086
558 0.000082 0.047168
559 0.000085 0.047253
560 0.000079 0.047332
561 0.000081 0.047413
562 0.000076 0.047489
563 0.000081 0.047570
564 0.000091 0.047661
565 0.000083 0.047744
566 0.000080 0.047824
567 0.000092 0.047916
568 0.000086 0.048002
569 0.000085 0.048087
570 0.000090 0.048177
571 0.000081 0.048258
572 0.000082 0.048340
573 0.000083 0.048423
574 0.000091 0.048514
575 0.000082 0.048596
576 0.000086 0.048682
577 0.000088 0.048770
578 0.000083 0.048853
579 0.000087 0.048940
580 0.000088 0.049028
581 0.000075 0.049103
582 0.000103 0.049206
583 0.000093 0.049299
584 0.000086 0.049385
585 0.000089 0.049474
586 0.000086 0.049560
587 0.000097 0.049657
588 0.000106 0.049763
589 0.000090 0.049853
590 0.000080 0.049933
591 0.000078 0.050011
592 0.000086 0.050097
593 0.000076 0.050173
594 0.000081 0.050254
595 0.000083 0.050337
596 0.000079 0.050416
597 0.000086 0.050502
598 0.000090 0.050592
599 0.000082 0.050674
600 0.000083 0.050757
601 0.000091 0.050848
602 0.000092 0.050940
603 0.000080 0.051020
604 0.000077 0.051097
605 0.000086 0.051183
606 0.000079 0.051262
607 0.000084 0.051346
608 0.000076 0.051422
609 0.000082 0.051504
610 0.000086 0.051590
611 0.000082 0.051672
612 0.000075 0.051747
613 0.000083 0.051830
614 0.000083 0.051913
615 0.000078 0.051991
616 0.000085 0.052076
617 0.000088 0.052164
618 0.000086 0.052250
619 0.000076 0.052326
620 0.000075 0.052401
621 0.000088 0.052489
622 0.000078 0.052567
623 0.000080 0.052647
624 0.000092 0.052739
625 0.000087 0.052826
626 0.000083 0.052909
627 0.000092 0.053001
628 0.000089 0.053090
629 0.000085 0.053175
630 0.000086 0.053261
631 0.000088 0.053349
632 0.000086 0.053435
633 0.000079 0.053514
634 0.000085 0.053599
635 0.000099 0.053698
636 0.000110 0.053808
637 0.000085 0.053893
638 0.000080 0.053973
639 0.000080 0.054053
640 0.000083 0.054136
641 0.000078 0.054214
642 0.000078 0.054292
643 0.000082 0.054374
644 0.000088 0.054462
645 0.000080 0.054542
646 0.000079 0.054621
647 0.000084 0.054705
648 0.000078 0.054783
649 0.000078 0.054861
650 0.000081 0.054942
651 0.000092 0.055034
652 0.000079 0.055113
653 0.000076 0.055189
654 0.000076 0.055265
655 0.000082 0.055347
656 0.000088 0.055435
657 0.000084 0.055519
658 0.000077 0.055596
659 0.000077 0.055673
660 0.000083 0.055756
661 0.000086 0.055842
662 0.000084 0.055926
663 0.000080 0.056006
664 0.000078 0.056084
665 0.000078 0.056162
666 0.000074 0.056236
667 0.000082 0.056318
668 0.000085 0.056403
669 0.000087 0.056490
670 0.000083 0.056573
671 0.000083 0.056656
672 0.000081 0.056737
673 0.000083 0.056820
674 0.000084 0.056904
675 0.000084 0.056988
676 0.000081 0.057069
677 0.000082 0.057151
678 0.000077 0.057228
679 0.000087 0.057315
680 0.000081 0.057396
681 0.000075 0.057471
682 0.000081 0.057552
683 0.000089 0.057641
684 0.000098 0.057739
685 0.000086 0.057825
686 0.000076 0.057901
687 0.000083 0.057984
688 0.000079 0.058063
689 0.000073 0.058136
690 0.000102 0.058238
691 0.000082 0.058320
692 0.000080 0.058400
693 0.000087 0.058487
694 0.000086 0.058573
695 0.000085 0.058658
696 0.000094 0.058752
697 0.000078 0.058830
698 0.000078 0.058908
699 0.000083 0.058991
700 0.000078 0.059069
701 0.000075 0.059144
702 0.000085 0.059229
703 0.000083 0.059312
704 0.000075 0.059387
705 0.000085 0.059472
706 0.000079 0.059551
707 0.000082 0.059633
708 0.000081 0.059714
709 0.000078 0.059792
710 0.000077 0.059869
711 0.000095 0.059964
712 0.000073 0.060037
713 0.000073 0.060110
714 0.000083 0.060193
715 0.000080 0.060273
716 0.000078 0.060351
717 0.000075 0.060426
718 0.000091 0.060517
719 0.000083 0.060600
720 0.000081 0.060681
721 0.000082 0.060763
722 0.000085 0.060848
723 0.000079 0.060927
724 0.000078 0.061005
725 0.000078 0.061083
726 0.000084 0.061167
727 0.000075 0.061242
728 0.000085 0.061327
729 0.000085 0.061412
730 0.000110 0.061522
731 0.000087 0.061609
732 0.000105 0.061714
733 0.000074 0.061788
734 0.000073 0.061861
735 0.000081 0.061942
736 0.000077 0.062019
737 0.000083 0.062102
738 0.000092 0.062194
739 0.000087 0.062281
740 0.000084 0.062365
741 0.000081 0.062446
742 0.000083 0.062529
743 0.000080 0.062609
744 0.000081 0.062690
745 0.000078 0.062768
746 0.000084 0.062852
747 0.000079 0.062931
748 0.000078 0.063009
749 0.000081 0.063090
750 0.000090 0.063180
751 0.000079 0.063259
752 0.000083 0.063342
753 0.000083 0.063425
754 0.000078 0.063503
755 0.000074 0.063577
756 0.000074 0.063651
757 0.000075 0.063726
758 0.000080 0.063806
759 0.000078 0.063884
760 0.000075 0.063959
761 0.000082 0.064041
762 0.000079 0.064120
763 0.000081 0.064201
764 0.000090 0.064291
765 0.000087 0.064378
766 0.000083 0.064461
767 0.000087 0.064548
768 0.000080 0.064628
769 0.000081 0.064709
770 0.000082 0.064791
771 0.000077 0.064868
772 0.000079 0.064947
773 0.000087 0.065034
774 0.000078 0.065112
775 0.000083 0.065195
776 0.000085 0.065280
777 0.000085 0.065365
778 0.000079 0.065444
779 0.000079 0.065523
780 0.000075 0.065598
781 0.000090 0.065688
782 0.000076 0.065764
783 0.000089 0.065853
784 0.000082 0.065935
785 0.000079 0.066014
786 0.000078 0.066092
787 0.000084 0.066176
788 0.000084 0.066260
789 0.000084 0.066344
790 0.000079 0.066423
791 0.000081 0.066504
792 0.000082 0.066586
793 0.000091 0.066677
794 0.000082 0.066759
795 0.000081 0.066840
796 0.000075 0.066915
797 0.000077 0.066992
798 0.000081 0.067073
799 0.000082 0.067155
800 0.000080 0.067235
801 0.000075 0.067310
802 0.000077 0.067387
803 0.000074 0.067461
804 0.000083 0.067544
805 0.000081 0.067625
806 0.000079 0.067704
807 0.000085 0.067789
808 0.000077 0.067866
809 0.000078 0.067944
810 0.000082 0.068026
811 0.000087 0.068113
812 0.000075 0.068188
813 0.000078 0.068266
814 0.000080 0.068346
815 0.000074 0.068420
816 0.000077 0.068497
817 0.000078 0.068575
818 0.000079 0.068654
819 0.000076 0.068730
820 0.000089 0.068819
821 0.000078 0.068897
822 0.000080 0.068977
823 0.000082 0.069059
824 0.000086 0.069145
825 0.000088 0.069233
826 0.000080 0.069313
827 0.000088 0.069401
828 0.000083 0.069484
829 0.000075 0.069559
830 0.000107 0.069666
831 0.000082 0.069748
832 0.000080 0.069828
833 0.000086 0.069914
834 0.000083 0.069997
835 0.000082 0.070079
836 0.000082 0.070161
837 0.000072 0.070233
838 0.000080 0.070313
839 0.000076 0.070389
840 0.000091 0.070480
841 0.000076 0.070556
842 0.000078 0.070634
843 0.000078 0.070712
844 0.000081 0.070793
845 0.000081 0.070874
846 0.000079 0.070953
847 0.000088 0.071041
848 0.000080 0.071121
849 0.000076 0.071197
850 0.000078 0.071275
851 0.000079 0.071354
852 0.000077 0.071431
853 0.000078 0.071509
854 0.000077 0.071586
855 0.000084 0.071670
856 0.000075 0.071745
857 0.000079 0.071824
858 0.000081 0.071905
859 0.000084 0.071989
860 0.000078 0.072067
861 0.000083 0.072150
862 0.000082 0.072232
863 0.000078 0.072310
864 0.000079 0.072389
865 0.000086 0.072475
866 0.000081 0.072556
867 0.000083 0.072639
868 0.000077 0.072716
869 0.000092 0.072808
870 0.000076 0.072884
871 0.000081 0.072965
872 0.000080 0.073045
873 0.000079 0.073124
874 0.000088 0.073212
875 0.000084 0.073296
876 0.000079 0.073375
877 0.000087 0.073462
878 0.000085 0.073547
879 0.000084 0.073631
880 0.000083 0.073714
881 0.000081 0.073795
882 0.000080 0.073875
883 0.000082 0.073957
884 0.000076 0.074033
885 0.000077 0.074110
886 0.000086 0.074196
887 0.000077 0.074273
888 0.000075 0.074348
889 0.000078 0.074426
890 0.000082 0.074508
891 0.000077 0.074585
892 0.000075 0.074660
893 0.000082 0.074742
894 0.000077 0.074819
895 0.000086 0.074905
896 0.000082 0.074987
897 0.000083 0.075070
898 0.000082 0.075152
899 0.000079 0.075231
900 0.000078 0.075309
901 0.000080 0.075389
902 0.000094 0.075483
903 0.000082 0.075565
904 0.000076 0.075641
905 0.000080 0.075721
906 0.000079 0.075800
907 0.000079 0.075879
908 0.000084 0.075963
909 0.000073 0.076036
910 0.000079 0.076115
911 0.000079 0.076194
912 0.000083 0.076277
913 0.000080 0.076357
914 0.000074 0.076431
915 0.000076 0.076507
916 0.000079 0.076586
917 0.000079 0.076665
918 0.000079 0.076744
919 0.000081 0.076825
920 0.000080 0.076905
921 0.000073 0.076978
922 0.000078 0.077056
923 0.000081 0.077137
924 0.000080 0.077217
925 0.000084 0.077301
926 0.000083 0.077384
927 0.000079 0.077463
928 0.000079 0.077542
929 0.000099 0.077641
930 0.000077 0.077718
931 0.000080 0.077798
932 0.000081 0.077879
933 0.000079 0.077958
934 0.000082 0.078040
935 0.000079 0.078119
936 0.000087 0.078206
937 0.000087 0.078293
938 0.000084 0.078377
939 0.000074 0.078451
940 0.000081 0.078532
941 0.000092 0.078624
942 0.000076 0.078700
943 0.000078 0.078778
944 0.000077 0.078855
945 0.000081 0.078936
946 0.000082 0.079018
947 0.000083 0.079101
948 0.000078 0.079179
949 0.000096 0.079275
950 0.000079 0.079354
951 0.000073 0.079427
952 0.000087 0.079514
953 0.000083 0.079597
954 0.000071 0.079668
955 0.000087 0.079755
956 0.000093 0.079848
957 0.000078 0.079926
958 0.000081 0.080007
959 0.000083 0.080090
960 0.000078 0.080168
961 0.000082 0.080250
962 0.000084 0.080334
963 0.000078 0.080412
964 0.000085 0.080497
965 0.000085 0.080582
966 0.000080 0.080662
967 0.000090 0.080752
968 0.000078 0.080830
969 0.000083 0.080913
970 0.000080 0.080993
971 0.000079 0.081072
972 0.000077 0.081149
973 0.000080 0.081229
974 0.000078 0.081307
975 0.000083 0.081390
976 0.000076 0.081466
977 0.000080 0.081546
978 0.000089 0.081635
979 0.000080 0.081715
980 0.000079 0.081794
981 0.000076 0.081870
982 0.000076 0.081946
983 0.000080 0.082026
984 0.000082 0.082108
985 0.000077 0.082185
986 0.000077 0.082262
987 0.000078 0.082340
988 0.000081 0.082421
989 0.000074 0.082495
990 0.000072 0.082567
991 0.000077 0.082644
992 0.000079 0.082723
993 0.000083 0.082806
994 0.000079 0.082885
995 0.000091 0.082976
996 0.000072 0.083048
997 0.000082 0.083130
998 0.000080 0.083210
999 0.000077 0.083287
1000 0.000083 0.083370
1001 0.000074 0.083444
1002 0.000072 0.083516
1003 0.000072 0.083588
1004 0.000071 0.083659
1005 0.000088 0.083747
1006 0.000089 0.083836
1007 0.000082 0.083918
1008 0.000076 0.083994
1009 0.000077 0.084071
1010 0.000077 0.084148
1011 0.000101 0.084249
1012 0.000085 0.084334
1013 0.000081 0.084415
1014 0.000084 0.084499
1015 0.000073 0.084572
1016 0.000089 0.084661
1017 0.000087 0.084748
1018 0.000080 0.084828
1019 0.000088 0.084916
1020 0.000078 0.084994
1021 0.000078 0.085072
1022 0.000105 0.085177
1023 0.000095 0.085272
1024 0.000087 0.085359
1025 0.000087 0.085446
1026 0.000107 0.085553
1027 0.000113 0.085666
1028 0.000092 0.085758
1029 0.000096 0.085854
1030 0.000088 0.085942
1031 0.000093 0.086035
1032 0.000104 0.086139
1033 0.000087 0.086226
1034 0.000083 0.086309
1035 0.000093 0.086402
1036 0.000100 0.086502
1037 0.000091 0.086593
1038 0.000110 0.086703
1039 0.000103 0.086806
1040 0.000088 0.086894
1041 0.000079 0.086973
1042 0.000084 0.087057
1043 0.000081 0.087138
1044 0.000074 0.087212
1045 0.000073 0.087285
1046 0.000080 0.087365
1047 0.000083 0.087448
1048 0.000084 0.087532
1049 0.000082 0.087614
1050 0.000073 0.087687
1051 0.000071 0.087758
1052 0.000074 0.087832
1053 0.000079 0.087911
1054 0.000078 0.087989
1055 0.000079 0.088068
1056 0.000077 0.088145
1057 0.000075 0.088220
1058 0.000071 0.088291
1059 0.000076 0.088367
1060 0.000080 0.088447
1061 0.000077 0.088524
1062 0.000078 0.088602
1063 0.000080 0.088682
1064 0.000090 0.088772
1065 0.000082 0.088854
1066 0.000080 0.088934
1067 0.000072 0.089006
1068 0.000077 0.089083
1069 0.000082 0.089165
1070 0.000079 0.089244
1071 0.000083 0.089327
1072 0.000084 0.089411
1073 0.000089 0.089500
1074 0.000090 0.089590
1075 0.000085 0.089675
1076 0.000082 0.089757
1077 0.000079 0.089836
1078 0.000084 0.089920
1079 0.000086 0.090006
1080 0.000075 0.090081
1081 0.000083 0.090164
1082 0.000078 0.090242
1083 0.000080 0.090322
1084 0.000086 0.090408
1085 0.000083 0.090491
1086 0.000078 0.090569
1087 0.000085 0.090654
1088 0.000079 0.090733
1089 0.000079 0.090812
1090 0.000091 0.090903
1091 0.000090 0.090993
1092 0.000077 0.091070
1093 0.000085 0.091155
1094 0.000081 0.091236
1095 0.000086 0.091322
1096 0.000076 0.091398
1097 0.000083 0.091481
1098 0.000077 0.091558
1099 0.000079 0.091637
1100 0.000081 0.091718
1101 0.000080 0.091798
1102 0.000076 0.091874
1103 0.000080 0.091954
1104 0.000079 0.092033
1105 0.000076 0.092109
1106 0.000079 0.092188
1107 0.000078 0.092266
1108 0.000082 0.092348
1109 0.000079 0.092427
1110 0.000073 0.092500
1111 0.000075 0.092575
1112 0.000075 0.092650
1113 0.000078 0.092728
1114 0.000074 0.092802
1115 0.000073 0.092875
1116 0.000078 0.092953
1117 0.000085 0.093038
1118 0.000083 0.093121
1119 0.000080 0.093201
1120 0.000078 0.093279
1121 0.000079 0.093358
1122 0.000081 0.093439
1123 0.000084 0.093523
1124 0.000087 0.093610
1125 0.000079 0.093689
1126 0.000079 0.093768
1127 0.000077 0.093845
1128 0.000075 0.093920
1129 0.000079 0.093999
1130 0.000082 0.094081
1131 0.000071 0.094152
1132 0.000074 0.094226
1133 0.000080 0.094306
1134 0.000079 0.094385
1135 0.000080 0.094465
1136 0.000078 0.094543
1137 0.000079 0.094622
1138 0.000079 0.094701
1139 0.000079 0.094780
1140 0.000082 0.094862
1141 0.000083 0.094945
1142 0.000092 0.095037
1143 0.000074 0.095111
1144 0.000083 0.095194
1145 0.000085 0.095279
1146 0.000077 0.095356
1147 0.000075 0.095431
1148 0.000079 0.095510
1149 0.000079 0.095589
1150 0.000074 0.095663
1151 0.000076 0.095739
1152 0.000079 0.095818
1153 0.000075 0.095893
1154 0.000087 0.095980
1155 0.000079 0.096059
1156 0.000077 0.096136
1157 0.000084 0.096220
1158 0.000081 0.096301
1159 0.000079 0.096380
1160 0.000076 0.096456
1161 0.000077 0.096533
1162 0.000078 0.096611
1163 0.000078 0.096689
1164 0.000080 0.096769
1165 0.000081 0.096850
1166 0.000079 0.096929
1167 0.000082 0.097011
1168 0.000080 0.097091
1169 0.000076 0.097167
1170 0.000079 0.097246
1171 0.000076 0.097322
1172 0.000089 0.097411
1173 0.000091 0.097502
1174 0.000080 0.097582
1175 0.000091 0.097673
1176 0.000076 0.097749
1177 0.000079 0.097828
1178 0.000078 0.097906
1179 0.000079 0.097985
1180 0.000079 0.098064
1181 0.000082 0.098146
1182 0.000084 0.098230
1183 0.000080 0.098310
1184 0.000072 0.098382
1185 0.000079 0.098461
1186 0.000079 0.098540
1187 0.000077 0.098617
1188 0.000086 0.098703
1189 0.000085 0.098788
1190 0.000077 0.098865
1191 0.000085 0.098950
1192 0.000084 0.099034
1193 0.000077 0.099111
1194 0.000081 0.099192
1195 0.000077 0.099269
1196 0.000080 0.099349
1197 0.000084 0.099433
1198 0.000086 0.099519
1199 0.000084 0.099603
1200 0.000088 0.099691
1201 0.000095 0.099786
1202 0.000093 0.099879
1203 0.000092 0.099971
1204 0.000085 0.100056
1205 0.000082 0.100138
1206 0.000077 0.100215
1207 0.000085 0.100300
1208 0.000074 0.100374
1209 0.000084 0.100458
1210 0.000087 0.100545
1211 0.000080 0.100625
1212 0.000087 0.100712
1213 0.000080 0.100792
1214 0.000078 0.100870
1215 0.000087 0.100957
1216 0.000082 0.101039
1217 0.000082 0.101121
1218 0.000085 0.101206
1219 0.000081 0.101287
1220 0.000075 0.101362
1221 0.000077 0.101439
1222 0.000108 0.101547
1223 0.000082 0.101629
1224 0.000079 0.101708
1225 0.000089 0.101797
1226 0.000088 0.101885
1227 0.000083 0.101968
1228 0.000083 0.102051
1229 0.000081 0.102132
1230 0.000071 0.102203
1231 0.000082 0.102285
1232 0.000076 0.102361
1233 0.000076 0.102437
1234 0.000081 0.102518
1235 0.000093 0.102611
1236 0.000079 0.102690
1237 0.000084 0.102774
1238 0.000073 0.102847
1239 0.000078 0.102925
1240 0.000083 0.103008
1241 0.000076 0.103084
1242 0.000082 0.103166
1243 0.000079 0.103245
1244 0.000081 0.103326
1245 0.000077 0.103403
1246 0.000076 0.103479
1247 0.000080 0.103559
1248 0.000080 0.103639
1249 0.000079 0.103718
1250 0.000079 0.103797
1251 0.000080 0.103877
1252 0.000073 0.103950
1253 0.000092 0.104042
1254 0.000084 0.104126
1255 0.000080 0.104206
1256 0.000081 0.104287
1257 0.000078 0.104365
1258 0.000080 0.104445
1259 0.000080 0.104525
1260 0.000081 0.104606
1261 0.000079 0.104685
1262 0.000082 0.104767
1263 0.000084 0.104851
1264 0.000081 0.104932
1265 0.000077 0.105009
1266 0.000075 0.105084
1267 0.000075 0.105159
1268 0.000073 0.105232
1269 0.000083 0.105315
1270 0.000078 0.105393
1271 0.000087 0.105480
1272 0.000078 0.105558
1273 0.000077 0.105635
1274 0.000080 0.105715
1275 0.000079 0.105794
1276 0.000083 0.105877
1277 0.000079 0.105956
1278 0.000080 0.106036
1279 0.000082 0.106118
1280 0.000086 0.106204
1281 0.000087 0.106291
1282 0.000076 0.106367
1283 0.000080 0.106447
1284 0.000084 0.106531
1285 0.000087 0.106618
1286 0.000075 0.106693
1287 0.000085 0.106778
1288 0.000085 0.106863
1289 0.000077 0.106940
1290 0.000084 0.107024
1291 0.000080 0.107104
1292 0.000077 0.107181
1293 0.000082 0.107263
1294 0.000086 0.107349
1295 0.000080 0.107429
1296 0.000087 0.107516
1297 0.000082 0.107598
1298 0.000075 0.107673
1299 0.000086 0.107759
1300 0.000085 0.107844
1301 0.000089 0.107933
1302 0.000073 0.108006
1303 0.000078 0.108084
1304 0.000077 0.108161
1305 0.000072 0.108233
1306 0.000077 0.108310
1307 0.000078 0.108388
1308 0.000079 0.108467
1309 0.000081 0.108548
1310 0.000078 0.108626
1311 0.000079 0.108705
1312 0.000081 0.108786
1313 0.000078 0.108864
1314 0.000072 0.108936
1315 0.000073 0.109009
1316 0.000080 0.109089
1317 0.000081 0.109170
1318 0.000081 0.109251
1319 0.000078 0.109329
1320 0.000089 0.109418
1321 0.000083 0.109501
1322 0.000083 0.109584
1323 0.000077 0.109661
1324 0.000074 0.109735
1325 0.000079 0.109814
1326 0.000079 0.109893
1327 0.000073 0.109966
1328 0.000077 0.110043
1329 0.000078 0.110121
1330 0.000074 0.110195
1331 0.000081 0.110276
1332 0.000080 0.110356
1333 0.000082 0.110438
1334 0.000078 0.110516
1335 0.000084 0.110600
1336 0.000080 0.110680
1337 0.000082 0.110762
1338 0.000087 0.110849
1339 0.000083 0.110932
1340 0.000080 0.111012
1341 0.000078 0.111090
1342 0.000078 0.111168
1343 0.000080 0.111248
1344 0.000072 0.111320
1345 0.000077 0.111397
1346 0.000087 0.111484
1347 0.000092 0.111576
1348 0.000076 0.111652
1349 0.000088 0.111740
1350 0.000073 0.111813
1351 0.000090 0.111903
1352 0.000081 0.111984
1353 0.000079 0.112063
1354 0.000076 0.112139
1355 0.000082 0.112221
1356 0.000084 0.112305
1357 0.000077 0.112382
1358 0.000074 0.112456
1359 0.000084 0.112540
1360 0.000102 0.112642
1361 0.000096 0.112738
1362 0.000098 0.112836
1363 0.000093 0.112929
1364 0.000073 0.113002
1365 0.000077 0.113079
1366 0.000082 0.113161
1367 0.000075 0.113236
1368 0.000082 0.113318
1369 0.000080 0.113398
1370 0.000089 0.113487
1371 0.000081 0.113568
1372 0.000082 0.113650
1373 0.000080 0.113730
1374 0.000075 0.113805
1375 0.000091 0.113896
1376 0.000072 0.113968
1377 0.000072 0.114040
1378 0.000076 0.114116
1379 0.000086 0.114202
1380 0.000081 0.114283
1381 0.000088 0.114371
1382 0.000095 0.114466
1383 0.000086 0.114552
1384 0.000096 0.114648
1385 0.000095 0.114743
1386 0.000084 0.114827
1387 0.000079 0.114906
1388 0.000092 0.114998
1389 0.000095 0.115093
1390 0.000075 0.115168
1391 0.000087 0.115255
1392 0.000083 0.115338
1393 0.000075 0.115413
1394 0.000072 0.115485
1395 0.000082 0.115567
1396 0.000088 0.115655
1397 0.000078 0.115733
1398 0.000088 0.115821
1399 0.000077 0.115898
1400 0.000083 0.115981
1401 0.000092 0.116073
1402 0.000080 0.116153
1403 0.000098 0.116251
1404 0.000102 0.116353
1405 0.000088 0.116441
1406 0.000072 0.116513
1407 0.000079 0.116592
1408 0.000078 0.116670
1409 0.000083 0.116753
1410 0.000084 0.116837
1411 0.000080 0.116917
1412 0.000086 0.117003
1413 0.000079 0.117082
1414 0.000082 0.117164
1415 0.000094 0.117258
1416 0.000077 0.117335
1417 0.000103 0.117438
1418 0.000086 0.117524
1419 0.000083 0.117607
1420 0.000082 0.117689
1421 0.000078 0.117767
1422 0.000079 0.117846
1423 0.000095 0.117941
1424 0.000096 0.118037
1425 0.000079 0.118116
1426 0.000079 0.118195
1427 0.000077 0.118272
1428 0.000082 0.118354
1429 0.000077 0.118431
1430 0.000087 0.118518
1431 0.000082 0.118600
1432 0.000083 0.118683
1433 0.000084 0.118767
1434 0.000075 0.118842
1435 0.000080 0.118922
1436 0.000082 0.119004
1437 0.000085 0.119089
1438 0.000085 0.119174
1439 0.000083 0.119257
1440 0.000078 0.119335
1441 0.000086 0.119421
1442 0.000086 0.119507
1443 0.000082 0.119589
1444 0.000085 0.119674
1445 0.000082 0.119756
1446 0.000093 0.119849
1447 0.000081 0.119930
1448 0.000089 0.120019
1449 0.000082 0.120101
1450 0.000078 0.120179
1451 0.000084 0.120263
1452 0.000085 0.120348
1453 0.000090 0.120438
1454 0.000084 0.120522
1455 0.000083 0.120605
1456 0.000080 0.120685
1457 0.000083 0.120768
1458 0.000081 0.120849
1459 0.000082 0.120931
1460 0.000082 0.121013
1461 0.000105 0.121118
1462 0.000078 0.121196
1463 0.000080 0.121276
1464 0.000086 0.121362
1465 0.000097 0.121459
1466 0.000100 0.121559
1467 0.000095 0.121654
1468 0.000101 0.121755
1469 0.000076 0.121831
1470 0.000081 0.121912
1471 0.000076 0.121988
1472 0.000082 0.122070
1473 0.000095 0.122165
1474 0.000077 0.122242
1475 0.000083 0.122325
1476 0.000085 0.122410
1477 0.000080 0.122490
1478 0.000104 0.122594
1479 0.000072 0.122666
1480 0.000082 0.122748
1481 0.000083 0.122831
1482 0.000085 0.122916
1483 0.000081 0.122997
1484 0.000081 0.123078
1485 0.000082 0.123160
1486 0.000086 0.123246
1487 0.000082 0.123328
1488 0.000088 0.123416
1489 0.000080 0.123496
1490 0.000088 0.123584
1491 0.000089 0.123673
1492 0.000090 0.123763
1493 0.000082 0.123845
1494 0.000129 0.123974
1495 0.000082 0.124056
1496 0.000085 0.124141
1497 0.000098 0.124239
1498 0.000095 0.124334
1499 0.000093 0.124427
1500 0.000081 0.124508
1501 0.000090 0.124598
1502 0.000077 0.124675
1503 0.000082 0.124757
1504 0.000080 0.124837
1505 0.000083 0.124920
1506 0.000080 0.125000
1507 0.000083 0.125083
1508 0.000082 0.125165
1509 0.000079 0.125244
1510 0.000083 0.125327
1511 0.000087 0.125414
1512 0.000098 0.125512
1513 0.000097 0.125609
1514 0.000087 0.125696
1515 0.000094 0.125790
1516 0.000122 0.125912
1517 0.000127 0.126039
1518 0.000096 0.126135
1519 0.000091 0.126226
1520 0.000084 0.126310
1521 0.000097 0.126407
1522 0.000082 0.126489
1523 0.000079 0.126568
1524 0.000080 0.126648
1525 0.000072 0.126720
1526 0.000085 0.126805
1527 0.000071 0.126876
1528 0.000079 0.126955
1529 0.000104 0.127059
1530 0.000082 0.127141
1531 0.000076 0.127217
1532 0.000082 0.127299
1533 0.000078 0.127377
1534 0.000078 0.127455
1535 0.000079 0.127534
1536 0.000077 0.127611
1537 0.000076 0.127687
1538 0.000073 0.127760
1539 0.000080 0.127840
1540 0.000079 0.127919
1541 0.000083 0.128002
1542 0.000079 0.128081
1543 0.000079 0.128160
1544 0.000079 0.128239
1545 0.000079 0.128318
1546 0.000079 0.128397
1547 0.000082 0.128479
1548 0.000081 0.128560
1549 0.000083 0.128643
1550 0.000087 0.128730
1551 0.000080 0.128810
1552 0.000076 0.128886
1553 0.000082 0.128968
1554 0.000079 0.129047
1555 0.000093 0.129140
1556 0.000108 0.129248
1557 0.000090 0.129338
1558 0.000080 0.129418
1559 0.000076 0.129494
1560 0.000097 0.129591
1561 0.000084 0.129675
1562 0.000076 0.129751
1563 0.000084 0.129835
1564 0.000080 0.129915
1565 0.000080 0.129995
1566 0.000082 0.130077
1567 0.000085 0.130162
1568 0.000077 0.130239
1569 0.000071 0.130310
1570 0.000076 0.130386
1571 0.000094 0.130480
1572 0.000084 0.130564
1573 0.000094 0.130658
1574 0.000103 0.130761
1575 0.000108 0.130869
1576 0.000109 0.130978
1577 0.000104 0.131082
1578 0.000090 0.131172
1579 0.000090 0.131262
1580 0.000097 0.131359
1581 0.000082 0.131441
1582 0.000090 0.131531
1583 0.000109 0.131640
1584 0.000081 0.131721
1585 0.000081 0.131802
1586 0.000084 0.131886
1587 0.000077 0.131963
1588 0.000090 0.132053
1589 0.000094 0.132147
1590 0.000118 0.132265
1591 0.000087 0.132352
1592 0.000081 0.132433
1593 0.000080 0.132513
1594 0.000075 0.132588
1595 0.000083 0.132671
1596 0.000079 0.132750
1597 0.000073 0.132823
1598 0.000080 0.132903
1599 0.000075 0.132978
1600 0.000107 0.133085
1601 0.000073 0.133158
1602 0.000088 0.133246
1603 0.000079 0.133325
1604 0.000104 0.133429
1605 0.000099 0.133528
1606 0.000095 0.133623
1607 0.000115 0.133738
1608 0.000071 0.133809
1609 0.000075 0.133884
1610 0.000082 0.133966
1611 0.000077 0.134043
1612 0.000074 0.134117
1613 0.000080 0.134197
1614 0.000088 0.134285
1615 0.000081 0.134366
1616 0.000079 0.134445
1617 0.000077 0.134522
1618 0.000086 0.134608
1619 0.000079 0.134687
1620 0.000079 0.134766
1621 0.000076 0.134842
1622 0.000102 0.134944
1623 0.000089 0.135033
1624 0.000095 0.135128
1625 0.000083 0.135211
1626 0.000083 0.135294
1627 0.000093 0.135387
1628 0.000099 0.135486
1629 0.000092 0.135578
1630 0.000100 0.135678
1631 0.000095 0.135773
1632 0.000105 0.135878
1633 0.000096 0.135974
1634 0.000098 0.136072
1635 0.000084 0.136156
1636 0.000102 0.136258
1637 0.000082 0.136340
1638 0.000076 0.136416
1639 0.000087 0.136503
1640 0.000079 0.136582
1641 0.000075 0.136657
1642 0.000087 0.136744
1643 0.000102 0.136846
1644 0.000118 0.136964
1645 0.000082 0.137046
1646 0.000078 0.137124
1647 0.000079 0.137203
1648 0.000085 0.137288
1649 0.000108 0.137396
1650 0.000082 0.137478
1651 0.000082 0.137560
1652 0.000101 0.137661
1653 0.000074 0.137735
1654 0.000081 0.137816
1655 0.000072 0.137888
1656 0.000079 0.137967
1657 0.000082 0.138049
1658 0.000078 0.138127
1659 0.000088 0.138215
1660 0.000096 0.138311
1661 0.000095 0.138406
1662 0.000098 0.138504
1663 0.000086 0.138590
1664 0.000093 0.138683
1665 0.000103 0.138786
1666 0.000072 0.138858
1667 0.000079 0.138937
1668 0.000082 0.139019
1669 0.000074 0.139093
1670 0.000080 0.139173
1671 0.000077 0.139250
1672 0.000083 0.139333
1673 0.000078 0.139411
1674 0.000082 0.139493
1675 0.000080 0.139573
1676 0.000083 0.139656
1677 0.000087 0.139743
1678 0.000079 0.139822
1679 0.000078 0.139900
1680 0.000087 0.139987
1681 0.000083 0.140070
1682 0.000079 0.140149
1683 0.000084 0.140233
1684 0.000082 0.140315
1685 0.000075 0.140390
1686 0.000081 0.140471
1687 0.000081 0.140552
1688 0.000079 0.140631
1689 0.000087 0.140718
1690 0.000080 0.140798
1691 0.000089 0.140887
1692 0.000096 0.140983
1693 0.000099 0.141082
1694 0.000072 0.141154
1695 0.000081 0.141235
1696 0.000078 0.141313
1697 0.000088 0.141401
1698 0.000096 0.141497
1699 0.000089 0.141586
1700 0.000087 0.141673
1701 0.000075 0.141748
1702 0.000098 0.141846
1703 0.000089 0.141935
1704 0.000091 0.142026
1705 0.000086 0.142112
1706 0.000076 0.142188
1707 0.000083 0.142271
1708 0.000086 0.142357
1709 0.000089 0.142446
1710 0.000098 0.142544
1711 0.000113 0.142657
1712 0.000089 0.142746
1713 0.000091 0.142837
1714 0.000092 0.142929
1715 0.000078 0.143007
1716 0.000075 0.143082
1717 0.000078 0.143160
1718 0.000076 0.143236
1719 0.000076 0.143312
1720 0.000073 0.143385
1721 0.000076 0.143461
1722 0.000075 0.143536
1723 0.000076 0.143612
1724 0.000078 0.143690
1725 0.000081 0.143771
1726 0.000080 0.143851
1727 0.000073 0.143924
1728 0.000077 0.144001
1729 0.000078 0.144079
1730 0.000075 0.144154
1731 0.000078 0.144232
1732 0.000092 0.144324
1733 0.000089 0.144413
1734 0.000092 0.144505
1735 0.000094 0.144599
1736 0.000097 0.144696
1737 0.000099 0.144795
1738 0.000117 0.144912
1739 0.000083 0.144995
1740 0.000091 0.145086
1741 0.000129 0.145215
1742 0.000109 0.145324
1743 0.000090 0.145414
1744 0.000092 0.145506
1745 0.000087 0.145593
1746 0.000105 0.145698
1747 0.000127 0.145825
1748 0.000086 0.145911
1749 0.000115 0.146026
1750 0.000101 0.146127
1751 0.000108 0.146235
1752 0.000101 0.146336
1753 0.000098 0.146434
1754 0.000096 0.146530
1755 0.000105 0.146635
1756 0.000102 0.146737
1757 0.000078 0.146815
1758 0.000097 0.146912
1759 0.000083 0.146995
1760 0.000088 0.147083
1761 0.000091 0.147174
1762 0.000094 0.147268
1763 0.000089 0.147357
1764 0.000105 0.147462
1765 0.000121 0.147583
1766 0.000119 0.147702
1767 0.000120 0.147822
1768 0.000075 0.147897
1769 0.000101 0.147998
1770 0.000081 0.148079
1771 0.000093 0.148172
1772 0.000089 0.148261
1773 0.000076 0.148337
1774 0.000077 0.148414
1775 0.000077 0.148491
1776 0.000075 0.148566
1777 0.000078 0.148644
1778 0.000072 0.148716
1779 0.000077 0.148793
1780 0.000073 0.148866
1781 0.000082 0.148948
1782 0.000075 0.149023
1783 0.000083 0.149106
1784 0.000083 0.149189
1785 0.000076 0.149265
1786 0.000088 0.149353
1787 0.000084 0.149437
1788 0.000085 0.149522
1789 0.000078 0.149600
1790 0.000076 0.149676
1791 0.000093 0.149769
1792 0.000094 0.149863
1793 0.000108 0.149971
1794 0.000115 0.150086
1795 0.000102 0.150188
1796 0.000122 0.150310
1797 0.000134 0.150444
1798 0.000109 0.150553
1799 0.000110 0.150663
1800 0.000083 0.150746
1801 0.000102 0.150848
1802 0.000095 0.150943
1803 0.000082 0.151025
1804 0.000108 0.151133
1805 0.000102 0.151235
1806 0.000121 0.151356
1807 0.000128 0.151484
1808 0.000124 0.151608
1809 0.000135 0.151743
1810 0.000133 0.151876
1811 0.000147 0.152023
1812 0.000130 0.152153
1813 0.000141 0.152294
1814 0.000135 0.152429
1815 0.000134 0.152563
1816 0.000124 0.152687
1817 0.000090 0.152777
1818 0.000114 0.152891
1819 0.000114 0.153005
1820 0.000114 0.153119
1821 0.000111 0.153230
1822 0.000123 0.153353
1823 0.000115 0.153468
1824 0.000122 0.153590
1825 0.000121 0.153711
1826 0.000094 0.153805
1827 0.000105 0.153910
1828 0.000110 0.154020
1829 0.000118 0.154138
1830 0.000138 0.154276
1831 0.000116 0.154392
1832 0.000136 0.154528
1833 0.000117 0.154645
1834 0.000133 0.154778
1835 0.000154 0.154932
1836 0.000121 0.155053
1837 0.000109 0.155162
1838 0.000107 0.155269
1839 0.000109 0.155378
1840 0.000097 0.155475
1841 0.000103 0.155578
1842 0.000147 0.155725
1843 0.000151 0.155876
1844 0.000109 0.155985
1845 0.000115 0.156100
1846 0.000115 0.156215
1847 0.000110 0.156325
1848 0.000084 0.156409
1849 0.000078 0.156487
1850 0.000079 0.156566
1851 0.000076 0.156642
1852 0.000118 0.156760
1853 0.000111 0.156871
1854 0.000107 0.156978
1855 0.000112 0.157090
1856 0.000107 0.157197
1857 0.000092 0.157289
1858 0.000109 0.157398
1859 0.000120 0.157518
1860 0.000125 0.157643
1861 0.000133 0.157776
1862 0.000127 0.157903
1863 0.000103 0.158006
1864 0.000095 0.158101
1865 0.000116 0.158217
1866 0.000090 0.158307
1867 0.000093 0.158400
1868 0.000086 0.158486
1869 0.000104 0.158590
1870 0.000071 0.158661
1871 0.000085 0.158746
1872 0.000093 0.158839
1873 0.000085 0.158924
1874 0.000092 0.159016
1875 0.000085 0.159101
1876 0.000096 0.159197
1877 0.000108 0.159305
1878 0.000115 0.159420
1879 0.000116 0.159536
1880 0.000079 0.159615
1881 0.000101 0.159716
1882 0.000104 0.159820
1883 0.000106 0.159926
1884 0.000102 0.160028
1885 0.000093 0.160121
1886 0.000103 0.160224
1887 0.000123 0.160347
1888 0.000107 0.160454
1889 0.000099 0.160553
1890 0.000110 0.160663
1891 0.000108 0.160771
1892 0.000115 0.160886
1893 0.000110 0.160996
1894 0.000071 0.161067
1895 0.000085 0.161152
1896 0.000108 0.161260
1897 0.000115 0.161375
1898 0.000095 0.161470
1899 0.000098 0.161568
1900 0.000109 0.161677
1901 0.000112 0.161789
1902 0.000100 0.161889
1903 0.000138 0.162027
1904 0.000114 0.162141
1905 0.000123 0.162264
1906 0.000128 0.162392
1907 0.000117 0.162509
1908 0.000071 0.162580
1909 0.000114 0.162694
1910 0.000144 0.162838
1911 0.000126 0.162964
1912 0.000120 0.163084
1913 0.000090 0.163174
1914 0.000114 0.163288
1915 0.000145 0.163433
1916 0.000077 0.163510
1917 0.000094 0.163604
1918 0.000100 0.163704
1919 0.000089 0.163793
1920 0.000077 0.163870
1921 0.000095 0.163965
1922 0.000075 0.164040
1923 0.000109 0.164149
1924 0.000121 0.164270
1925 0.000108 0.164378
1926 0.000107 0.164485
1927 0.000102 0.164587
1928 0.000111 0.164698
1929 0.000129 0.164827
1930 0.000078 0.164905
1931 0.000128 0.165033
1932 0.000085 0.165118
1933 0.000125 0.165243
1934 0.000165 0.165408
1935 0.000107 0.165515
1936 0.000109 0.165624
1937 0.000092 0.165716
1938 0.000126 0.165842
1939 0.000105 0.165947
1940 0.000117 0.166064
1941 0.000122 0.166186
1942 0.000152 0.166338
1943 0.000151 0.166489
1944 0.000137 0.166626
1945 0.000134 0.166760
1946 0.000152 0.166912
1947 0.000125 0.167037
1948 0.000115 0.167152
1949 0.000121 0.167273
1950 0.000120 0.167393
1951 0.000109 0.167502
1952 0.000106 0.167608
1953 0.000097 0.167705
1954 0.000116 0.167821
1955 0.000123 0.167944
1956 0.000109 0.168053
1957 0.000094 0.168147
1958 0.000107 0.168254
1959 0.000106 0.168360
1960 0.000079 0.168439
1961 0.000093 0.168532
1962 0.000091 0.168623
1963 0.000088 0.168711
1964 0.000108 0.168819
1965 0.000098 0.168917
1966 0.000091 0.169008
1967 0.000088 0.169096
1968 0.000095 0.169191
1969 0.000101 0.169292
1970 0.000110 0.169402
1971 0.000106 0.169508
1972 0.000102 0.169610
1973 0.000105 0.169715
1974 0.000103 0.169818
1975 0.000119 0.169937
1976 0.000116 0.170053
1977 0.000108 0.170161
1978 0.000128 0.170289
1979 0.000118 0.170407
1980 0.000135 0.170542
1981 0.000126 0.170668
1982 0.000123 0.170791
1983 0.000122 0.170913
1984 0.000144 0.171057
1985 0.000114 0.171171
1986 0.000119 0.171290
1987 0.000094 0.171384
1988 0.000101 0.171485
1989 0.000143 0.171628
1990 0.000146 0.171774
1991 0.000117 0.171891
1992 0.000142 0.172033
1993 0.000205 0.172238
1994 0.000125 0.172363
1995 0.000148 0.172511
1996 0.000102 0.172613
1997 0.000148 0.172761
1998 0.000146 0.172907
1999 0.000139 0.173046
2000 0.000128 0.173174
2001 0.000082 0.173256
2002 0.000145 0.173401
2003 0.000130 0.173531
2004 0.000186 0.173717
2005 0.000138 0.173855
2006 0.000096 0.173951
2007 0.000145 0.174096
2008 0.000136 0.174232
2009 0.000142 0.174374
2010 0.000138 0.174512
2011 0.000181 0.174693
2012 0.000102 0.174795
2013 0.000119 0.174914
2014 0.000131 0.175045
2015 0.000125 0.175170
2016 0.000125 0.175295
2017 0.000109 0.175404
2018 0.000134 0.175538
2019 0.000147 0.175685
2020 0.000124 0.175809
2021 0.000103 0.175912
2022 0.000106 0.176018
2023 0.000103 0.176121
2024 0.000097 0.176218
2025 0.000112 0.176330
2026 0.000125 0.176455
2027 0.000123 0.176578
2028 0.000127 0.176705
2029 0.000147 0.176852
2030 0.000135 0.176987
2031 0.000113 0.177100
2032 0.000122 0.177222
2033 0.000124 0.177346
2034 0.000187 0.177533
2035 0.000118 0.177651
2036 0.000121 0.177772
2037 0.000124 0.177896
2038 0.000113 0.178009
2039 0.000116 0.178125
2040 0.000142 0.178267
2041 0.000123 0.178390
2042 0.000148 0.178538
2043 0.000145 0.178683
2044 0.000149 0.178832
2045 0.000155 0.178987
2046 0.000139 0.179126
2047 0.000139 0.179265
2048 0.000120 0.179385
2049 0.000125 0.179510
2050 0.000129 0.179639
2051 0.000125 0.179764
2052 0.000169 0.179933
2053 0.000156 0.180089
2054 0.000140 0.180229
2055 0.000132 0.180361
2056 0.000138 0.180499
2057 0.000185 0.180684
2058 0.000128 0.180812
2059 0.000156 0.180968
2060 0.000133 0.181101
2061 0.000190 0.181291
2062 0.000234 0.181525
2063 0.000158 0.181683
2064 0.000141 0.181824
2065 0.000172 0.181996
2066 0.000173 0.182169
2067 0.000207 0.182376
2068 0.000126 0.182502
2069 0.000157 0.182659
2070 0.000126 0.182785
2071 0.000124 0.182909
2072 0.000170 0.183079
2073 0.000193 0.183272
2074 0.000176 0.183448
2075 0.000188 0.183636
2076 0.000185 0.183821
2077 0.000182 0.184003
2078 0.000170 0.184173
2079 0.000191 0.184364
2080 0.000167 0.184531
2081 0.000196 0.184727
2082 0.000186 0.184913
2083 0.000193 0.185106
2084 0.000164 0.185270
2085 0.000179 0.185449
2086 0.000176 0.185625
2087 0.000153 0.185778
2088 0.000141 0.185919
2089 0.000155 0.186074
2090 0.000173 0.186247
2091 0.000180 0.186427
2092 0.000164 0.186591
2093 0.000168 0.186759
2094 0.000143 0.186902
2095 0.000142 0.187044
2096 0.000148 0.187192
2097 0.000173 0.187365
2098 0.000165 0.187530
2099 0.000169 0.187699
2100 0.000205 0.187904
2101 0.000213 0.188117
2102 0.000173 0.188290
2103 0.000196 0.188486
2104 0.000170 0.188656
2105 0.000170 0.188826
2106 0.000172 0.188998
2107 0.000183 0.189181
2108 0.000177 0.189358
2109 0.000150 0.189508
2110 0.000198 0.189706
2111 0.000167 0.189873
2112 0.000173 0.190046
2113 0.000237 0.190283
2114 0.000209 0.190492
2115 0.000203 0.190695
2116 0.000202 0.190897
2117 0.000196 0.191093
2118 0.000198 0.191291
2119 0.000207 0.191498
2120 0.000187 0.191685
2121 0.000210 0.191895
2122 0.000201 0.192096
2123 0.000176 0.192272
2124 0.000193 0.192465
2125 0.000184 0.192649
2126 0.000182 0.192831
2127 0.000179 0.193010
2128 0.000195 0.193205
2129 0.000208 0.193413
2130 0.000178 0.193591
2131 0.000140 0.193731
2132 0.000145 0.193876
2133 0.000153 0.194029
2134 0.000188 0.194217
2135 0.000091 0.194308
2136 0.000169 0.194477
2137 0.000196 0.194673
2138 0.000164 0.194837
2139 0.000170 0.195007
2140 0.000158 0.195165
2141 0.000146 0.195311
2142 0.000148 0.195459
2143 0.000149 0.195608
2144 0.000150 0.195758
2145 0.000151 0.195909
2146 0.000159 0.196068
2147 0.000197 0.196265
2148 0.000160 0.196425
2149 0.000171 0.196596
2150 0.000187 0.196783
2151 0.000172 0.196955
2152 0.000172 0.197127
2153 0.000201 0.197328
2154 0.000159 0.197487
2155 0.000165 0.197652
2156 0.000145 0.197797
2157 0.000173 0.197970
2158 0.000157 0.198127
2159 0.000162 0.198289
2160 0.000131 0.198420
2161 0.000144 0.198564
2162 0.000138 0.198702
2163 0.000157 0.198859
2164 0.000166 0.199025
2165 0.000150 0.199175
2166 0.000176 0.199351
2167 0.000185 0.199536
2168 0.000165 0.199701
2169 0.000166 0.199867
2170 0.000162 0.200029
2171 0.000176 0.200205
2172 0.000182 0.200387
2173 0.000162 0.200549
2174 0.000187 0.200736
2175 0.000176 0.200912
2176 0.000161 0.201073
2177 0.000159 0.201232
2178 0.000233 0.201465
2179 0.000255 0.201720
2180 0.000204 0.201924
2181 0.000248 0.202172
2182 0.000205 0.202377
2183 0.000136 0.202513
2184 0.000214 0.202727
2185 0.000074 0.202801
2186 0.000207 0.203008
2187 0.000180 0.203188
2188 0.000173 0.203361
2189 0.000201 0.203562
2190 0.000176 0.203738
2191 0.000237 0.203975
2192 0.000243 0.204218
2193 0.000210 0.204428
2194 0.000111 0.204539
2195 0.000199 0.204738
2196 0.000212 0.204950
2197 0.000117 0.205067
2198 0.000179 0.205246
2199 0.000129 0.205375
2200 0.000190 0.205565
2201 0.000172 0.205737
2202 0.000133 0.205870
2203 0.000154 0.206024
2204 0.000168 0.206192
2205 0.000178 0.206370
2206 0.000171 0.206541
2207 0.000175 0.206716
2208 0.000226 0.206942
2209 0.000114 0.207056
2210 0.000217 0.207273
2211 0.000145 0.207418
2212 0.000171 0.207589
2213 0.000158 0.207747
2214 0.000185 0.207932
2215 0.000145 0.208077
2216 0.000225 0.208302
2217 0.000169 0.208471
2218 0.000165 0.208636
2219 0.000165 0.208801
2220 0.000210 0.209011
2221 0.000199 0.209210
2222 0.000238 0.209448
2223 0.000185 0.209633
2224 0.000201 0.209834
2225 0.000230 0.210064
2226 0.000230 0.210294
2227 0.000165 0.210459
2228 0.000171 0.210630
2229 0.000210 0.210840
2230 0.000180 0.211020
2231 0.000179 0.211199
2232 0.000212 0.211411
2233 0.000207 0.211618
2234 0.000206 0.211824
2235 0.000273 0.212097
2236 0.000249 0.212346
2237 0.000256 0.212602
2238 0.000159 0.212761
2239 0.000124 0.212885
2240 0.000197 0.213082
2241 0.000170 0.213252
2242 0.000310 0.213562
2243 0.000202 0.213764
2244 0.000263 0.214027
2245 0.000293 0.214320
2246 0.000269 0.214589
2247 0.000191 0.214780
2248 0.000273 0.215053
2249 0.000295 0.215348
2250 0.000274 0.215622
2251 0.000253 0.215875
2252 0.000147 0.216022
2253 0.000277 0.216299
2254 0.000224 0.216523
2255 0.000235 0.216758
2256 0.000254 0.217012
2257 0.000250 0.217262
2258 0.000308 0.217570
2259 0.000231 0.217801
2260 0.000305 0.218106
2261 0.000255 0.218361
2262 0.000262 0.218623
2263 0.000382 0.219005
2264 0.000436 0.219441
2265 0.000285 0.219726
2266 0.000176 0.219902
2267 0.000381 0.220283
2268 0.000239 0.220522
2269 0.000345 0.220867
2270 0.000327 0.221194
2271 0.000411 0.221605
2272 0.000322 0.221927
2273 0.000311 0.222238
2274 0.000294 0.222532
2275 0.000146 0.222678
2276 0.000316 0.222994
2277 0.000255 0.223249
2278 0.000328 0.223577
2279 0.000282 0.223859
2280 0.000323 0.224182
2281 0.000178 0.224360
2282 0.000349 0.224709
2283 0.000299 0.225008
2284 0.000317 0.225325
2285 0.000258 0.225583
2286 0.000307 0.225890
2287 0.000294 0.226184
2288 0.000151 0.226335
2289 0.000287 0.226622
2290 0.000278 0.226900
2291 0.000220 0.227120
2292 0.000289 0.227409
2293 0.000300 0.227709
2294 0.000313 0.228022
2295 0.000193 0.228215
2296 0.000293 0.228508
2297 0.000293 0.228801
2298 0.000288 0.229089
2299 0.000310 0.229399
2300 0.000316 0.229715
2301 0.000260 0.229975
2302 0.000205 0.230180
2303 0.000298 0.230478
2304 0.000267 0.230745
2305 0.000258 0.231003
2306 0.000285 0.231288
2307 0.000252 0.231540
2308 0.000299 0.231839
2309 0.000284 0.232123
2310 0.000332 0.232455
2311 0.000305 0.232760
2312 0.000282 0.233042
2313 0.000332 0.233374
2314 0.000289 0.233663
2315 0.000290 0.233953
2316 0.000349 0.234302
2317 0.000369 0.234671
2318 0.000391 0.235062
2319 0.000344 0.235406
2320 0.000361 0.235767
2321 0.000268 0.236035
2322 0.000330 0.236365
2323 0.000340 0.236705
2324 0.000396 0.237101
2325 0.000346 0.237447
2326 0.000320 0.237767
2327 0.000374 0.238141
2328 0.000350 0.238491
2329 0.000406 0.238897
2330 0.000215 0.239112
2331 0.000245 0.239357
2332 0.000242 0.239599
2333 0.000339 0.239938
2334 0.000333 0.240271
2335 0.000273 0.240544
2336 0.000347 0.240891
2337 0.000290 0.241181
2338 0.000302 0.241483
2339 0.000335 0.241818
2340 0.000344 0.242162
2341 0.000323 0.242485
2342 0.000323 0.242808
2343 0.000300 0.243108
2344 0.000300 0.243408
2345 0.000327 0.243735
2346 0.000284 0.244019
2347 0.000298 0.244317
2348 0.000286 0.244603
2349 0.000301 0.244904
2350 0.000395 0.245299
2351 0.000331 0.245630
2352 0.000276 0.245906
2353 0.000321 0.246227
2354 0.000293 0.246520
2355 0.000308 0.246828
2356 0.000230 0.247058
2357 0.000307 0.247365
2358 0.000302 0.247667
2359 0.000316 0.247983
2360 0.000312 0.248295
2361 0.000223 0.248518
2362 0.000250 0.248768
2363 0.000311 0.249079
2364 0.000289 0.249368
2365 0.000282 0.249650
2366 0.000261 0.249911
2367 0.000320 0.250231
2368 0.000318 0.250549
2369 0.000324 0.250873
2370 0.000252 0.251125
2371 0.000297 0.251422
2372 0.000309 0.251731
2373 0.000259 0.251990
2374 0.000274 0.252264
2375 0.000378 0.252642
2376 0.000379 0.253021
2377 0.000342 0.253363
2378 0.000359 0.253722
2379 0.000396 0.254118
2380 0.000432 0.254550
2381 0.000423 0.254973
2382 0.000421 0.255394
2383 0.000329 0.255723
2384 0.000390 0.256113
2385 0.000372 0.256485
2386 0.000210 0.256695
2387 0.000361 0.257056
2388 0.000364 0.257420
2389 0.000406 0.257826
2390 0.000398 0.258224
2391 0.000288 0.258512
2392 0.000392 0.258904
2393 0.000370 0.259274
2394 0.000312 0.259586
2395 0.000359 0.259945
2396 0.000391 0.260336
2397 0.000393 0.260729
2398 0.000378 0.261107
2399 0.000393 0.261500
2400 0.000395 0.261895
2401 0.000397 0.262292
2402 0.000422 0.262714
2403 0.000413 0.263127
2404 0.000453 0.263580
2405 0.000375 0.263955
2406 0.000296 0.264251
2407 0.000424 0.264675
2408 0.000442 0.265117
2409 0.000319 0.265436
2410 0.000393 0.265829
2411 0.000401 0.266230
2412 0.000380 0.266610
2413 0.000385 0.266995
2414 0.000421 0.267416
2415 0.000400 0.267816
2416 0.000378 0.268194
2417 0.000388 0.268582
2418 0.000390 0.268972
2419 0.000418 0.269390
2420 0.000391 0.269781
2421 0.000428 0.270209
2422 0.000431 0.270640
2423 0.000421 0.271061
2424 0.000548 0.271609
2425 0.000498 0.272107
2426 0.000511 0.272618
2427 0.000568 0.273186
2428 0.000522 0.273708
2429 0.000506 0.274214
2430 0.000495 0.274709
2431 0.000473 0.275182
2432 0.000552 0.275734
2433 0.000478 0.276212
2434 0.000489 0.276701
2435 0.000511 0.277212
2436 0.000567 0.277779
2437 0.000574 0.278353
2438 0.000572 0.278925
2439 0.000546 0.279471
2440 0.000620 0.280091
2441 0.000419 0.280510
2442 0.000523 0.281033
2443 0.000550 0.281583
2444 0.000577 0.282160
2445 0.000517 0.282677
2446 0.000459 0.283136
2447 0.000554 0.283690
2448 0.000562 0.284252
2449 0.000524 0.284776
2450 0.000575 0.285351
2451 0.000500 0.285851
2452 0.000579 0.286430
2453 0.000454 0.286884
2454 0.000618 0.287502
2455 0.000477 0.287979
2456 0.000524 0.288503
2457 0.000559 0.289062
2458 0.000519 0.289581
2459 0.000538 0.290119
2460 0.000512 0.290631
2461 0.000577 0.291208
2462 0.000613 0.291821
2463 0.000571 0.292392
2464 0.000593 0.292985
2465 0.000623 0.293608
2466 0.000562 0.294170
2467 0.000529 0.294699
2468 0.000545 0.295244
2469 0.000565 0.295809
2470 0.000567 0.296376
2471 0.000572 0.296948
2472 0.000616 0.297564
2473 0.000603 0.298167
2474 0.000563 0.298730
2475 0.000265 0.298995
2476 0.000495 0.299490
2477 0.000539 0.300029
2478 0.000527 0.300556
2479 0.000527 0.301083
2480 0.000565 0.301648
2481 0.000584 0.302232
2482 0.000629 0.302861
2483 0.000542 0.303403
2484 0.000589 0.303992
2485 0.000565 0.304557
2486 0.000586 0.305143
2487 0.000559 0.305702
2488 0.000666 0.306368
2489 0.000624 0.306992
2490 0.000706 0.307698
2491 0.000745 0.308443
2492 0.000621 0.309064
2493 0.000606 0.309670
2494 0.000664 0.310334
2495 0.000703 0.311037
2496 0.000658 0.311695
2497 0.000750 0.312445
2498 0.000633 0.313078
2499 0.000681 0.313759
2500 0.000709 0.314468
2501 0.000758 0.315226
2502 0.000452 0.315678
2503 0.000767 0.316445
2504 0.000754 0.317199
2505 0.000782 0.317981
2506 0.000635 0.318616
2507 0.000660 0.319276
2508 0.000735 0.320011
2509 0.000788 0.320799
2510 0.000742 0.321541
2511 0.000780 0.322321
2512 0.000754 0.323075
2513 0.000762 0.323837
2514 0.000740 0.324577
2515 0.000617 0.325194
2516 0.000746 0.325940
2517 0.000797 0.326737
2518 0.000799 0.327536
2519 0.000841 0.328377
2520 0.000844 0.329221
2521 0.000881 0.330102
2522 0.000874 0.330976
2523 0.000933 0.331909
2524 0.000758 0.332667
2525 0.000920 0.333587
2526 0.000888 0.334475
2527 0.000764 0.335239
2528 0.000972 0.336211
2529 0.000914 0.337125
2530 0.000879 0.338004
2531 0.000920 0.338924
2532 0.001015 0.339939
2533 0.001073 0.341012
2534 0.001107 0.342119
2535 0.001102 0.343221
2536 0.001213 0.344434
2537 0.001157 0.345591
2538 0.000868 0.346459
2539 0.000990 0.347449
2540 0.001121 0.348570
2541 0.000897 0.349467
2542 0.001094 0.350561
2543 0.001084 0.351645
2544 0.001005 0.352650
2545 0.001063 0.353713
2546 0.001058 0.354771
2547 0.001096 0.355867
2548 0.001075 0.356942
2549 0.001138 0.358080
2550 0.001187 0.359267
2551 0.001146 0.360413
2552 0.001194 0.361607
2553 0.001060 0.362667
2554 0.001122 0.363789
2555 0.001096 0.364885
2556 0.001153 0.366038
2557 0.001130 0.367168
2558 0.001170 0.368338
2559 0.001200 0.369538
2560 0.001181 0.370719
2561 0.001174 0.371893
2562 0.001213 0.373106
2563 0.001260 0.374366
2564 0.001231 0.375597
2565 0.001381 0.376978
2566 0.001463 0.378441
2567 0.001614 0.380055
2568 0.001645 0.381700
2569 0.001262 0.382962
2570 0.001321 0.384283
2571 0.001491 0.385774
2572 0.001521 0.387295
2573 0.001553 0.388848
2574 0.001523 0.390371
2575 0.001532 0.391903
2576 0.001521 0.393424
2577 0.001494 0.394918
2578 0.001485 0.396403
2579 0.001648 0.398051
2580 0.001649 0.399700
2581 0.001508 0.401208
2582 0.001528 0.402736
2583 0.001530 0.404266
2584 0.001506 0.405772
2585 0.001509 0.407281
2586 0.001576 0.408857
2587 0.001595 0.410452
2588 0.001750 0.412202
2589 0.001674 0.413876
2590 0.001503 0.415379
2591 0.001532 0.416911
2592 0.001652 0.418563
2593 0.001496 0.420059
2594 0.001791 0.421850
2595 0.001636 0.423486
2596 0.001535 0.425021
2597 0.001594 0.426615
2598 0.001629 0.428244
2599 0.000315 0.428559
2600 0.001446 0.430005
2601 0.001466 0.431471
2602 0.001593 0.433064
2603 0.001363 0.434427
2604 0.001347 0.435774
2605 0.001530 0.437304
2606 0.001457 0.438761
2607 0.001324 0.440085
2608 0.001523 0.441608
2609 0.001532 0.443140
2610 0.001563 0.444703
2611 0.001574 0.446277
2612 0.001257 0.447534
2613 0.001549 0.449083
2614 0.001492 0.450575
2615 0.001511 0.452086
2616 0.001546 0.453632
2617 0.001337 0.454969
2618 0.001445 0.456414
2619 0.001595 0.458009
2620 0.001230 0.459239
2621 0.001333 0.460572
2622 0.001531 0.462103
2623 0.001583 0.463686
2624 0.001177 0.464863
2625 0.001212 0.466075
2626 0.001187 0.467262
2627 0.001499 0.468761
2628 0.001310 0.470071
2629 0.001298 0.471369
2630 0.001431 0.472800
2631 0.001458 0.474258
2632 0.001245 0.475503
2633 0.001121 0.476624
2634 0.001342 0.477966
2635 0.001326 0.479292
2636 0.001086 0.480378
2637 0.001369 0.481747
2638 0.001169 0.482916
2639 0.001221 0.484137
2640 0.001615 0.485752
2641 0.001046 0.486798
2642 0.001258 0.488056
2643 0.001346 0.489402
2644 0.001440 0.490842
2645 0.001010 0.491852
2646 0.001232 0.493084
2647 0.000966 0.494050
2648 0.001341 0.495391
2649 0.001330 0.496721
2650 0.001328 0.498049
2651 0.001040 0.499089
2652 0.001321 0.500410
2653 0.001081 0.501491
2654 0.001250 0.502741
2655 0.001309 0.504050
2656 0.001472 0.505522
2657 0.001438 0.506960
2658 0.001524 0.508484
2659 0.001274 0.509758
2660 0.001361 0.511119
done 2660 0.001761 0.512880
