#secondnet
init 0 0
1 0.000117 0.000117
2 0.000100 0.000217
3 0.000078 0.000295
4 0.000074 0.000369
5 0.000063 0.000432
6 0.000070 0.000502
7 0.000070 0.000572
8 0.000064 0.000636
9 0.000063 0.000699
10 0.000077 0.000776
11 0.000069 0.000845
12 0.000066 0.000911
13 0.000074 0.000985
14 0.000067 0.001052
15 0.000060 0.001112
16 0.000068 0.001180
17 0.000066 0.001246
18 0.000066 0.001312
19 0.000067 0.001379
20 0.000066 0.001445
21 0.000069 0.001514
22 0.000070 0.001584
23 0.000063 0.001647
24 0.000069 0.001716
25 0.000070 0.001786
26 0.000060 0.001846
27 0.000062 0.001908
28 0.000069 0.001977
29 0.000064 0.002041
30 0.000065 0.002106
31 0.000068 0.002174
32 0.000063 0.002237
33 0.000064 0.002301
34 0.000075 0.002376
35 0.000072 0.002448
36 0.000063 0.002511
37 0.000065 0.002576
38 0.000066 0.002642
39 0.000067 0.002709
40 0.000065 0.002774
41 0.000071 0.002845
42 0.000071 0.002916
43 0.000071 0.002987
44 0.000071 0.003058
45 0.000059 0.003117
46 0.000066 0.003183
47 0.000072 0.003255
48 0.000059 0.003314
49 0.000059 0.003373
50 0.000069 0.003442
51 0.000065 0.003507
52 0.000066 0.003573
53 0.000087 0.003660
54 0.000078 0.003738
55 0.000070 0.003808
56 0.000073 0.003881
57 0.000062 0.003943
58 0.000066 0.004009
59 0.000068 0.004077
60 0.000061 0.004138
61 0.000068 0.004206
62 0.000068 0.004274
63 0.000066 0.004340
64 0.000064 0.004404
65 0.000070 0.004474
66 0.000065 0.004539
67 0.000061 0.004600
68 0.000063 0.004663
69 0.000064 0.004727
70 0.000065 0.004792
71 0.000081 0.004873
72 0.000068 0.004941
73 0.000069 0.005010
74 0.000078 0.005088
75 0.000070 0.005158
76 0.000066 0.005224
77 0.000063 0.005287
78 0.000073 0.005360
79 0.000065 0.005425
80 0.000069 0.005494
81 0.000070 0.005564
82 0.000066 0.005630
83 0.000064 0.005694
84 0.000070 0.005764
85 0.000063 0.005827
86 0.000077 0.005904
87 0.000068 0.005972
88 0.000063 0.006035
89 0.000063 0.006098
90 0.000067 0.006165
91 0.000065 0.006230
92 0.000067 0.006297
93 0.000074 0.006371
94 0.000073 0.006444
95 0.000062 0.006506
96 0.000068 0.006574
97 0.000066 0.006640
98 0.000072 0.006712
99 0.000070 0.006782
100 0.000066 0.006848
101 0.000065 0.006913
102 0.000064 0.006977
103 0.000066 0.007043
104 0.000065 0.007108
105 0.000062 0.007170
106 0.000064 0.007234
107 0.000058 0.007292
108 0.000079 0.007371
109 0.000060 0.007431
110 0.000058 0.007489
111 0.000066 0.007555
112 0.000058 0.007613
113 0.000067 0.007680
114 0.000065 0.007745
115 0.000066 0.007811
116 0.000064 0.007875
117 0.000066 0.007941
118 0.000062 0.008003
119 0.000066 0.008069
120 0.000065 0.008134
121 0.000095 0.008229
122 0.000069 0.008298
123 0.000062 0.008360
124 0.000058 0.008418
125 0.000074 0.008492
126 0.000066 0.008558
127 0.000066 0.008624
128 0.000065 0.008689
129 0.000068 0.008757
130 0.000085 0.008842
131 0.000075 0.008917
132 0.000067 0.008984
133 0.000068 0.009052
134 0.000071 0.009123
135 0.000071 0.009194
136 0.000069 0.009263
137 0.000070 0.009333
138 0.000082 0.009415
139 0.000068 0.009483
140 0.000071 0.009554
141 0.000067 0.009621
142 0.000067 0.009688
143 0.000082 0.009770
144 0.000078 0.009848
145 0.000061 0.009909
146 0.000067 0.009976
147 0.000072 0.010048
148 0.000066 0.010114
149 0.000065 0.010179
150 0.000072 0.010251
151 0.000079 0.010330
152 0.000082 0.010412
153 0.000079 0.010491
154 0.000066 0.010557
155 0.000070 0.010627
156 0.000065 0.010692
157 0.000067 0.010759
158 0.000069 0.010828
159 0.000069 0.010897
160 0.000076 0.010973
161 0.000067 0.011040
162 0.000067 0.011107
163 0.000074 0.011181
164 0.000062 0.011243
165 0.000068 0.011311
166 0.000069 0.011380
167 0.000064 0.011444
168 0.000068 0.011512
169 0.000068 0.011580
170 0.000067 0.011647
171 0.000067 0.011714
172 0.000068 0.011782
173 0.000066 0.011848
174 0.000070 0.011918
175 0.000067 0.011985
176 0.000063 0.012048
177 0.000066 0.012114
178 0.000077 0.012191
179 0.000076 0.012267
180 0.000074 0.012341
181 0.000075 0.012416
182 0.000065 0.012481
183 0.000072 0.012553
184 0.000073 0.012626
185 0.000080 0.012706
186 0.000074 0.012780
187 0.000066 0.012846
188 0.000066 0.012912
189 0.000071 0.012983
190 0.000065 0.013048
191 0.000068 0.013116
192 0.000077 0.013193
193 0.000073 0.013266
194 0.000065 0.013331
195 0.000069 0.013400
196 0.000066 0.013466
197 0.000078 0.013544
198 0.000075 0.013619
199 0.000067 0.013686
200 0.000070 0.013756
201 0.000073 0.013829
202 0.000067 0.013896
203 0.000060 0.013956
204 0.000071 0.014027
205 0.000066 0.014093
206 0.000075 0.014168
207 0.000063 0.014231
208 0.000075 0.014306
209 0.000067 0.014373
210 0.000068 0.014441
211 0.000065 0.014506
212 0.000069 0.014575
213 0.000065 0.014640
214 0.000060 0.014700
215 0.000071 0.014771
216 0.000076 0.014847
217 0.000077 0.014924
218 0.000083 0.015007
219 0.000068 0.015075
220 0.000067 0.015142
221 0.000070 0.015212
222 0.000064 0.015276
223 0.000060 0.015336
224 0.000063 0.015399
225 0.000072 0.015471
226 0.000067 0.015538
227 0.000074 0.015612
228 0.000067 0.015679
229 0.000061 0.015740
230 0.000082 0.015822
231 0.000071 0.015893
232 0.000067 0.015960
233 0.000075 0.016035
234 0.000076 0.016111
235 0.000085 0.016196
236 0.000086 0.016282
237 0.000069 0.016351
238 0.000079 0.016430
239 0.000069 0.016499
240 0.000064 0.016563
241 0.000071 0.016634
242 0.000071 0.016705
243 0.000063 0.016768
244 0.000070 0.016838
245 0.000073 0.016911
246 0.000069 0.016980
247 0.000061 0.017041
248 0.000071 0.017112
249 0.000074 0.017186
250 0.000077 0.017263
251 0.000063 0.017326
252 0.000070 0.017396
253 0.000066 0.017462
254 0.000068 0.017530
255 0.000071 0.017601
256 0.000065 0.017666
257 0.000067 0.017733
258 0.000070 0.017803
259 0.000065 0.017868
260 0.000068 0.017936
261 0.000081 0.018017
262 0.000070 0.018087
263 0.000066 0.018153
264 0.000075 0.018228
265 0.000068 0.018296
266 0.000064 0.018360
267 0.000071 0.018431
268 0.000071 0.018502
269 0.000061 0.018563
270 0.000068 0.018631
271 0.000082 0.018713
272 0.000067 0.018780
273 0.000065 0.018845
274 0.000063 0.018908
275 0.000070 0.018978
276 0.000072 0.019050
277 0.000067 0.019117
278 0.000079 0.019196
279 0.000067 0.019263
280 0.000084 0.019347
281 0.000067 0.019414
282 0.000067 0.019481
283 0.000072 0.019553
284 0.000072 0.019625
285 0.000071 0.019696
286 0.000067 0.019763
287 0.000070 0.019833
288 0.000069 0.019902
289 0.000069 0.019971
290 0.000085 0.020056
291 0.000068 0.020124
292 0.000071 0.020195
293 0.000077 0.020272
294 0.000066 0.020338
295 0.000064 0.020402
296 0.000075 0.020477
297 0.000075 0.020552
298 0.000062 0.020614
299 0.000060 0.020674
300 0.000068 0.020742
301 0.000082 0.020824
302 0.000066 0.020890
303 0.000072 0.020962
304 0.000064 0.021026
305 0.000070 0.021096
306 0.000069 0.021165
307 0.000067 0.021232
308 0.000066 0.021298
309 0.000067 0.021365
310 0.000086 0.021451
311 0.000071 0.021522
312 0.000069 0.021591
313 0.000067 0.021658
314 0.000070 0.021728
315 0.000064 0.021792
316 0.000067 0.021859
317 0.000071 0.021930
318 0.000066 0.021996
319 0.000066 0.022062
320 0.000066 0.022128
321 0.000061 0.022189
322 0.000080 0.022269
323 0.000070 0.022339
324 0.000068 0.022407
325 0.000066 0.022473
326 0.000065 0.022538
327 0.000070 0.022608
328 0.000061 0.022669
329 0.000076 0.022745
330 0.000077 0.022822
331 0.000074 0.022896
332 0.000082 0.022978
333 0.000068 0.023046
334 0.000071 0.023117
335 0.000068 0.023185
336 0.000075 0.023260
337 0.000061 0.023321
338 0.000070 0.023391
339 0.000081 0.023472
340 0.000070 0.023542
341 0.000085 0.023627
342 0.000068 0.023695
343 0.000064 0.023759
344 0.000075 0.023834
345 0.000066 0.023900
346 0.000064 0.023964
347 0.000071 0.024035
348 0.000066 0.024101
349 0.000070 0.024171
350 0.000102 0.024273
351 0.000068 0.024341
352 0.000075 0.024416
353 0.000079 0.024495
354 0.000067 0.024562
355 0.000061 0.024623
356 0.000071 0.024694
357 0.000070 0.024764
358 0.000076 0.024840
359 0.000068 0.024908
360 0.000074 0.024982
361 0.000071 0.025053
362 0.000080 0.025133
363 0.000068 0.025201
364 0.000068 0.025269
365 0.000066 0.025335
366 0.000067 0.025402
367 0.000071 0.025473
368 0.000064 0.025537
369 0.000063 0.025600
370 0.000065 0.025665
371 0.000070 0.025735
372 0.000079 0.025814
373 0.000068 0.025882
374 0.000075 0.025957
375 0.000068 0.026025
376 0.000064 0.026089
377 0.000061 0.026150
378 0.000077 0.026227
379 0.000069 0.026296
380 0.000073 0.026369
381 0.000067 0.026436
382 0.000092 0.026528
383 0.000079 0.026607
384 0.000071 0.026678
385 0.000069 0.026747
386 0.000068 0.026815
387 0.000070 0.026885
388 0.000068 0.026953
389 0.000064 0.027017
390 0.000070 0.027087
391 0.000077 0.027164
392 0.000081 0.027245
393 0.000071 0.027316
394 0.000070 0.027386
395 0.000073 0.027459
396 0.000075 0.027534
397 0.000066 0.027600
398 0.000066 0.027666
399 0.000066 0.027732
400 0.000064 0.027796
401 0.000074 0.027870
402 0.000065 0.027935
403 0.000068 0.028003
404 0.000066 0.028069
405 0.000067 0.028136
406 0.000079 0.028215
407 0.000066 0.028281
408 0.000068 0.028349
409 0.000071 0.028420
410 0.000068 0.028488
411 0.000071 0.028559
412 0.000083 0.028642
413 0.000071 0.028713
414 0.000065 0.028778
415 0.000064 0.028842
416 0.000066 0.028908
417 0.000066 0.028974
418 0.000067 0.029041
419 0.000071 0.029112
420 0.000082 0.029194
421 0.000069 0.029263
422 0.000082 0.029345
423 0.000070 0.029415
424 0.000066 0.029481
425 0.000072 0.029553
426 0.000068 0.029621
427 0.000070 0.029691
428 0.000064 0.029755
429 0.000074 0.029829
430 0.000069 0.029898
431 0.000062 0.029960
432 0.000072 0.030032
433 0.000070 0.030102
434 0.000064 0.030166
435 0.000064 0.030230
436 0.000077 0.030307
437 0.000074 0.030381
438 0.000065 0.030446
439 0.000070 0.030516
440 0.000085 0.030601
441 0.000068 0.030669
442 0.000079 0.030748
443 0.000073 0.030821
444 0.000064 0.030885
445 0.000072 0.030957
446 0.000070 0.031027
447 0.000068 0.031095
448 0.000067 0.031162
449 0.000069 0.031231
450 0.000061 0.031292
451 0.000066 0.031358
452 0.000081 0.031439
453 0.000069 0.031508
454 0.000067 0.031575
455 0.000067 0.031642
456 0.000060 0.031702
457 0.000068 0.031770
458 0.000076 0.031846
459 0.000075 0.031921
460 0.000069 0.031990
461 0.000078 0.032068
462 0.000077 0.032145
463 0.000068 0.032213
464 0.000069 0.032282
465 0.000064 0.032346
466 0.000064 0.032410
467 0.000061 0.032471
468 0.000071 0.032542
469 0.000068 0.032610
470 0.000067 0.032677
471 0.000066 0.032743
472 0.000067 0.032810
473 0.000068 0.032878
474 0.000062 0.032940
475 0.000067 0.033007
476 0.000067 0.033074
477 0.000059 0.033133
478 0.000072 0.033205
479 0.000060 0.033265
480 0.000060 0.033325
481 0.000064 0.033389
482 0.000067 0.033456
483 0.000064 0.033520
484 0.000069 0.033589
485 0.000067 0.033656
486 0.000064 0.033720
487 0.000068 0.033788
488 0.000078 0.033866
489 0.000069 0.033935
490 0.000063 0.033998
491 0.000073 0.034071
492 0.000068 0.034139
493 0.000072 0.034211
494 0.000065 0.034276
495 0.000065 0.034341
496 0.000064 0.034405
497 0.000064 0.034469
498 0.000073 0.034542
499 0.000072 0.034614
500 0.000069 0.034683
501 0.000071 0.034754
502 0.000075 0.034829
503 0.000070 0.034899
504 0.000077 0.034976
505 0.000069 0.035045
506 0.000076 0.035121
507 0.000072 0.035193
508 0.000073 0.035266
509 0.000070 0.035336
510 0.000068 0.035404
511 0.000071 0.035475
512 0.000069 0.035544
513 0.000068 0.035612
514 0.000070 0.035682
515 0.000075 0.035757
516 0.000067 0.035824
517 0.000073 0.035897
518 0.000063 0.035960
519 0.000062 0.036022
520 0.000059 0.036081
521 0.000070 0.036151
522 0.000085 0.036236
523 0.000074 0.036310
524 0.000072 0.036382
525 0.000077 0.036459
526 0.000070 0.036529
527 0.000074 0.036603
528 0.000070 0.036673
529 0.000067 0.036740
530 0.000071 0.036811
531 0.000064 0.036875
532 0.000066 0.036941
533 0.000073 0.037014
534 0.000069 0.037083
535 0.000066 0.037149
536 0.000076 0.037225
537 0.000071 0.037296
538 0.000068 0.037364
539 0.000063 0.037427
540 0.000069 0.037496
541 0.000066 0.037562
542 0.000060 0.037622
543 0.000073 0.037695
544 0.000068 0.037763
545 0.000066 0.037829
546 0.000072 0.037901
547 0.000076 0.037977
548 0.000080 0.038057
549 0.000070 0.038127
550 0.000074 0.038201
551 0.000071 0.038272
552 0.000070 0.038342
553 0.000069 0.038411
554 0.000070 0.038481
555 0.000080 0.038561
556 0.000073 0.038634
557 0.000067 0.038701
558 0.000068 0.038769
559 0.000080 0.038849
560 0.000065 0.038914
561 0.000067 0.038981
562 0.000060 0.039041
563 0.000066 0.039107
564 0.000070 0.039177
565 0.000068 0.039245
566 0.000064 0.039309
567 0.000067 0.039376
568 0.000079 0.039455
569 0.000071 0.039526
570 0.000067 0.039593
571 0.000066 0.039659
572 0.000066 0.039725
573 0.000066 0.039791
574 0.000067 0.039858
575 0.000067 0.039925
576 0.000065 0.039990
577 0.000069 0.040059
578 0.000081 0.040140
579 0.000076 0.040216
580 0.000065 0.040281
581 0.000061 0.040342
582 0.000071 0.040413
583 0.000063 0.040476
584 0.000071 0.040547
585 0.000067 0.040614
586 0.000072 0.040686
587 0.000067 0.040753
588 0.000066 0.040819
589 0.000079 0.040898
590 0.000064 0.040962
591 0.000063 0.041025
592 0.000066 0.041091
593 0.000060 0.041151
594 0.000064 0.041215
595 0.000072 0.041287
596 0.000068 0.041355
597 0.000070 0.041425
598 0.000065 0.041490
599 0.000065 0.041555
600 0.000067 0.041622
601 0.000071 0.041693
602 0.000082 0.041775
603 0.000077 0.041852
604 0.000065 0.041917
605 0.000070 0.041987
606 0.000068 0.042055
607 0.000070 0.042125
608 0.000060 0.042185
609 0.000072 0.042257
610 0.000070 0.042327
611 0.000066 0.042393
612 0.000060 0.042453
613 0.000084 0.042537
614 0.000064 0.042601
615 0.000061 0.042662
616 0.000069 0.042731
617 0.000076 0.042807
618 0.000068 0.042875
619 0.000059 0.042934
620 0.000062 0.042996
621 0.000069 0.043065
622 0.000062 0.043127
623 0.000066 0.043193
624 0.000081 0.043274
625 0.000067 0.043341
626 0.000066 0.043407
627 0.000072 0.043479
628 0.000071 0.043550
629 0.000063 0.043613
630 0.000064 0.043677
631 0.000071 0.043748
632 0.000068 0.043816
633 0.000066 0.043882
634 0.000067 0.043949
635 0.000084 0.044033
636 0.000072 0.044105
637 0.000068 0.044173
638 0.000071 0.044244
639 0.000067 0.044311
640 0.000067 0.044378
641 0.000064 0.044442
642 0.000068 0.044510
643 0.000076 0.044586
644 0.000068 0.044654
645 0.000072 0.044726
646 0.000062 0.044788
647 0.000074 0.044862
648 0.000071 0.044933
649 0.000064 0.044997
650 0.000072 0.045069
651 0.000070 0.045139
652 0.000064 0.045203
653 0.000060 0.045263
654 0.000069 0.045332
655 0.000069 0.045401
656 0.000066 0.045467
657 0.000081 0.045548
658 0.000062 0.045610
659 0.000064 0.045674
660 0.000080 0.045754
661 0.000071 0.045825
662 0.000070 0.045895
663 0.000071 0.045966
664 0.000063 0.046029
665 0.000072 0.046101
666 0.000065 0.046166
667 0.000068 0.046234
668 0.000079 0.046313
669 0.000072 0.046385
670 0.000064 0.046449
671 0.000067 0.046516
672 0.000070 0.046586
673 0.000066 0.046652
674 0.000067 0.046719
675 0.000069 0.046788
676 0.000060 0.046848
677 0.000065 0.046913
678 0.000074 0.046987
679 0.000068 0.047055
680 0.000063 0.047118
681 0.000065 0.047183
682 0.000067 0.047250
683 0.000064 0.047314
684 0.000068 0.047382
685 0.000067 0.047449
686 0.000064 0.047513
687 0.000079 0.047592
688 0.000072 0.047664
689 0.000060 0.047724
690 0.000080 0.047804
691 0.000073 0.047877
692 0.000068 0.047945
693 0.000069 0.048014
694 0.000069 0.048083
695 0.000070 0.048153
696 0.000078 0.048231
697 0.000077 0.048308
698 0.000067 0.048375
699 0.000080 0.048455
700 0.000069 0.048524
701 0.000065 0.048589
702 0.000078 0.048667
703 0.000071 0.048738
704 0.000064 0.048802
705 0.000070 0.048872
706 0.000067 0.048939
707 0.000067 0.049006
708 0.000076 0.049082
709 0.000080 0.049162
710 0.000069 0.049231
711 0.000072 0.049303
712 0.000060 0.049363
713 0.000060 0.049423
714 0.000073 0.049496
715 0.000073 0.049569
716 0.000069 0.049638
717 0.000079 0.049717
718 0.000080 0.049797
719 0.000071 0.049868
720 0.000072 0.049940
721 0.000067 0.050007
722 0.000069 0.050076
723 0.000071 0.050147
724 0.000067 0.050214
725 0.000063 0.050277
726 0.000068 0.050345
727 0.000071 0.050416
728 0.000083 0.050499
729 0.000069 0.050568
730 0.000069 0.050637
731 0.000070 0.050707
732 0.000070 0.050777
733 0.000061 0.050838
734 0.000063 0.050901
735 0.000071 0.050972
736 0.000067 0.051039
737 0.000077 0.051116
738 0.000070 0.051186
739 0.000078 0.051264
740 0.000081 0.051345
741 0.000076 0.051421
742 0.000068 0.051489
743 0.000073 0.051562
744 0.000071 0.051633
745 0.000066 0.051699
746 0.000071 0.051770
747 0.000066 0.051836
748 0.000067 0.051903
749 0.000077 0.051980
750 0.000078 0.052058
751 0.000067 0.052125
752 0.000098 0.052223
753 0.000074 0.052297
754 0.000071 0.052368
755 0.000065 0.052433
756 0.000074 0.052507
757 0.000064 0.052571
758 0.000082 0.052653
759 0.000069 0.052722
760 0.000063 0.052785
761 0.000069 0.052854
762 0.000067 0.052921
763 0.000069 0.052990
764 0.000070 0.053060
765 0.000064 0.053124
766 0.000078 0.053202
767 0.000071 0.053273
768 0.000068 0.053341
769 0.000076 0.053417
770 0.000073 0.053490
771 0.000070 0.053560
772 0.000064 0.053624
773 0.000070 0.053694
774 0.000071 0.053765
775 0.000067 0.053832
776 0.000066 0.053898
777 0.000076 0.053974
778 0.000068 0.054042
779 0.000073 0.054115
780 0.000064 0.054179
781 0.000070 0.054249
782 0.000063 0.054312
783 0.000063 0.054375
784 0.000072 0.054447
785 0.000069 0.054516
786 0.000067 0.054583
787 0.000070 0.054653
788 0.000083 0.054736
789 0.000070 0.054806
790 0.000085 0.054891
791 0.000081 0.054972
792 0.000068 0.055040
793 0.000075 0.055115
794 0.000073 0.055188
795 0.000067 0.055255
796 0.000063 0.055318
797 0.000069 0.055387
798 0.000083 0.055470
799 0.000073 0.055543
800 0.000071 0.055614
801 0.000063 0.055677
802 0.000069 0.055746
803 0.000068 0.055814
804 0.000070 0.055884
805 0.000075 0.055959
806 0.000073 0.056032
807 0.000067 0.056099
808 0.000078 0.056177
809 0.000082 0.056259
810 0.000067 0.056326
811 0.000069 0.056395
812 0.000074 0.056469
813 0.000066 0.056535
814 0.000060 0.056595
815 0.000065 0.056660
816 0.000065 0.056725
817 0.000064 0.056789
818 0.000068 0.056857
819 0.000062 0.056919
820 0.000068 0.056987
821 0.000073 0.057060
822 0.000066 0.057126
823 0.000066 0.057192
824 0.000069 0.057261
825 0.000067 0.057328
826 0.000070 0.057398
827 0.000066 0.057464
828 0.000069 0.057533
829 0.000068 0.057601
830 0.000068 0.057669
831 0.000067 0.057736
832 0.000067 0.057803
833 0.000074 0.057877
834 0.000070 0.057947
835 0.000070 0.058017
836 0.000069 0.058086
837 0.000061 0.058147
838 0.000066 0.058213
839 0.000063 0.058276
840 0.000080 0.058356
841 0.000061 0.058417
842 0.000067 0.058484
843 0.000067 0.058551
844 0.000065 0.058616
845 0.000070 0.058686
846 0.000067 0.058753
847 0.000081 0.058834
848 0.000071 0.058905
849 0.000063 0.058968
850 0.000067 0.059035
851 0.000067 0.059102
852 0.000066 0.059168
853 0.000070 0.059238
854 0.000067 0.059305
855 0.000066 0.059371
856 0.000064 0.059435
857 0.000067 0.059502
858 0.000079 0.059581
859 0.000067 0.059648
860 0.000063 0.059711
861 0.000070 0.059781
862 0.000066 0.059847
863 0.000066 0.059913
864 0.000066 0.059979
865 0.000070 0.060049
866 0.000065 0.060114
867 0.000073 0.060187
868 0.000063 0.060250
869 0.000082 0.060332
870 0.000064 0.060396
871 0.000066 0.060462
872 0.000073 0.060535
873 0.000067 0.060602
874 0.000067 0.060669
875 0.000073 0.060742
876 0.000066 0.060808
877 0.000067 0.060875
878 0.000072 0.060947
879 0.000079 0.061026
880 0.000077 0.061103
881 0.000070 0.061173
882 0.000070 0.061243
883 0.000066 0.061309
884 0.000069 0.061378
885 0.000064 0.061442
886 0.000075 0.061517
887 0.000063 0.061580
888 0.000065 0.061645
889 0.000065 0.061710
890 0.000065 0.061775
891 0.000066 0.061841
892 0.000076 0.061917
893 0.000067 0.061984
894 0.000077 0.062061
895 0.000077 0.062138
896 0.000065 0.062203
897 0.000066 0.062269
898 0.000070 0.062339
899 0.000068 0.062407
900 0.000067 0.062474
901 0.000080 0.062554
902 0.000068 0.062622
903 0.000073 0.062695
904 0.000069 0.062764
905 0.000067 0.062831
906 0.000066 0.062897
907 0.000077 0.062974
908 0.000073 0.063047
909 0.000062 0.063109
910 0.000072 0.063181
911 0.000077 0.063258
912 0.000070 0.063328
913 0.000075 0.063403
914 0.000065 0.063468
915 0.000064 0.063532
916 0.000067 0.063599
917 0.000067 0.063666
918 0.000065 0.063731
919 0.000074 0.063805
920 0.000067 0.063872
921 0.000061 0.063933
922 0.000077 0.064010
923 0.000070 0.064080
924 0.000090 0.064170
925 0.000088 0.064258
926 0.000070 0.064328
927 0.000071 0.064399
928 0.000066 0.064465
929 0.000063 0.064528
930 0.000067 0.064595
931 0.000072 0.064667
932 0.000062 0.064729
933 0.000072 0.064801
934 0.000079 0.064880
935 0.000082 0.064962
936 0.000081 0.065043
937 0.000070 0.065113
938 0.000067 0.065180
939 0.000074 0.065254
940 0.000071 0.065325
941 0.000070 0.065395
942 0.000066 0.065461
943 0.000069 0.065530
944 0.000059 0.065589
945 0.000073 0.065662
946 0.000070 0.065732
947 0.000077 0.065809
948 0.000073 0.065882
949 0.000072 0.065954
950 0.000065 0.066019
951 0.000062 0.066081
952 0.000074 0.066155
953 0.000066 0.066221
954 0.000063 0.066284
955 0.000072 0.066356
956 0.000075 0.066431
957 0.000073 0.066504
958 0.000067 0.066571
959 0.000067 0.066638
960 0.000063 0.066701
961 0.000066 0.066767
962 0.000073 0.066840
963 0.000066 0.066906
964 0.000071 0.066977
965 0.000069 0.067046
966 0.000067 0.067113
967 0.000070 0.067183
968 0.000066 0.067249
969 0.000066 0.067315
970 0.000067 0.067382
971 0.000065 0.067447
972 0.000064 0.067511
973 0.000068 0.067579
974 0.000066 0.067645
975 0.000070 0.067715
976 0.000062 0.067777
977 0.000070 0.067847
978 0.000067 0.067914
979 0.000066 0.067980
980 0.000065 0.068045
981 0.000063 0.068108
982 0.000070 0.068178
983 0.000066 0.068244
984 0.000070 0.068314
985 0.000067 0.068381
986 0.000065 0.068446
987 0.000070 0.068516
988 0.000072 0.068588
989 0.000060 0.068648
990 0.000068 0.068716
991 0.000067 0.068783
992 0.000079 0.068862
993 0.000076 0.068938
994 0.000076 0.069014
995 0.000067 0.069081
996 0.000072 0.069153
997 0.000069 0.069222
998 0.000068 0.069290
999 0.000081 0.069371
1000 0.000069 0.069440
1001 0.000077 0.069517
1002 0.000061 0.069578
1003 0.000060 0.069638
1004 0.000062 0.069700
1005 0.000073 0.069773
1006 0.000073 0.069846
1007 0.000074 0.069920
1008 0.000069 0.069989
1009 0.000068 0.070057
1010 0.000069 0.070126
1011 0.000074 0.070200
1012 0.000072 0.070272
1013 0.000067 0.070339
1014 0.000073 0.070412
1015 0.000061 0.070473
1016 0.000066 0.070539
1017 0.000078 0.070617
1018 0.000067 0.070684
1019 0.000070 0.070754
1020 0.000071 0.070825
1021 0.000073 0.070898
1022 0.000077 0.070975
1023 0.000068 0.071043
1024 0.000070 0.071113
1025 0.000065 0.071178
1026 0.000068 0.071246
1027 0.000070 0.071316
1028 0.000070 0.071386
1029 0.000065 0.071451
1030 0.000067 0.071518
1031 0.000069 0.071587
1032 0.000072 0.071659
1033 0.000075 0.071734
1034 0.000065 0.071799
1035 0.000071 0.071870
1036 0.000072 0.071942
1037 0.000069 0.072011
1038 0.000071 0.072082
1039 0.000092 0.072174
1040 0.000068 0.072242
1041 0.000069 0.072311
1042 0.000083 0.072394
1043 0.000072 0.072466
1044 0.000071 0.072537
1045 0.000070 0.072607
1046 0.000068 0.072675
1047 0.000075 0.072750
1048 0.000072 0.072822
1049 0.000070 0.072892
1050 0.000066 0.072958
1051 0.000072 0.073030
1052 0.000075 0.073105
1053 0.000075 0.073180
1054 0.000068 0.073248
1055 0.000068 0.073316
1056 0.000070 0.073386
1057 0.000066 0.073452
1058 0.000061 0.073513
1059 0.000070 0.073583
1060 0.000071 0.073654
1061 0.000065 0.073719
1062 0.000073 0.073792
1063 0.000077 0.073869
1064 0.000069 0.073938
1065 0.000074 0.074012
1066 0.000065 0.074077
1067 0.000062 0.074139
1068 0.000069 0.074208
1069 0.000068 0.074276
1070 0.000066 0.074342
1071 0.000077 0.074419
1072 0.000064 0.074483
1073 0.000079 0.074562
1074 0.000069 0.074631
1075 0.000069 0.074700
1076 0.000072 0.074772
1077 0.000068 0.074840
1078 0.000068 0.074908
1079 0.000073 0.074981
1080 0.000064 0.075045
1081 0.000066 0.075111
1082 0.000069 0.075180
1083 0.000093 0.075273
1084 0.000065 0.075338
1085 0.000068 0.075406
1086 0.000068 0.075474
1087 0.000070 0.075544
1088 0.000072 0.075616
1089 0.000073 0.075689
1090 0.000073 0.075762
1091 0.000077 0.075839
1092 0.000081 0.075920
1093 0.000072 0.075992
1094 0.000076 0.076068
1095 0.000078 0.076146
1096 0.000070 0.076216
1097 0.000068 0.076284
1098 0.000072 0.076356
1099 0.000073 0.076429
1100 0.000069 0.076498
1101 0.000077 0.076575
1102 0.000065 0.076640
1103 0.000084 0.076724
1104 0.000070 0.076794
1105 0.000068 0.076862
1106 0.000069 0.076931
1107 0.000067 0.076998
1108 0.000075 0.077073
1109 0.000066 0.077139
1110 0.000062 0.077201
1111 0.000067 0.077268
1112 0.000075 0.077343
1113 0.000077 0.077420
1114 0.000070 0.077490
1115 0.000060 0.077550
1116 0.000069 0.077619
1117 0.000081 0.077700
1118 0.000068 0.077768
1119 0.000067 0.077835
1120 0.000068 0.077903
1121 0.000068 0.077971
1122 0.000067 0.078038
1123 0.000065 0.078103
1124 0.000074 0.078177
1125 0.000074 0.078251
1126 0.000068 0.078319
1127 0.000064 0.078383
1128 0.000063 0.078446
1129 0.000068 0.078514
1130 0.000061 0.078575
1131 0.000061 0.078636
1132 0.000060 0.078696
1133 0.000067 0.078763
1134 0.000065 0.078828
1135 0.000076 0.078904
1136 0.000069 0.078973
1137 0.000072 0.079045
1138 0.000065 0.079110
1139 0.000068 0.079178
1140 0.000067 0.079245
1141 0.000070 0.079315
1142 0.000073 0.079388
1143 0.000062 0.079450
1144 0.000065 0.079515
1145 0.000062 0.079577
1146 0.000073 0.079650
1147 0.000071 0.079721
1148 0.000064 0.079785
1149 0.000072 0.079857
1150 0.000065 0.079922
1151 0.000062 0.079984
1152 0.000068 0.080052
1153 0.000093 0.080145
1154 0.000084 0.080229
1155 0.000068 0.080297
1156 0.000076 0.080373
1157 0.000068 0.080441
1158 0.000069 0.080510
1159 0.000066 0.080576
1160 0.000069 0.080645
1161 0.000062 0.080707
1162 0.000068 0.080775
1163 0.000070 0.080845
1164 0.000068 0.080913
1165 0.000069 0.080982
1166 0.000078 0.081060
1167 0.000070 0.081130
1168 0.000068 0.081198
1169 0.000073 0.081271
1170 0.000083 0.081354
1171 0.000065 0.081419
1172 0.000068 0.081487
1173 0.000069 0.081556
1174 0.000071 0.081627
1175 0.000072 0.081699
1176 0.000075 0.081774
1177 0.000083 0.081857
1178 0.000068 0.081925
1179 0.000068 0.081993
1180 0.000073 0.082066
1181 0.000062 0.082128
1182 0.000070 0.082198
1183 0.000069 0.082267
1184 0.000066 0.082333
1185 0.000065 0.082398
1186 0.000068 0.082466
1187 0.000069 0.082535
1188 0.000086 0.082621
1189 0.000068 0.082689
1190 0.000064 0.082753
1191 0.000073 0.082826
1192 0.000067 0.082893
1193 0.000067 0.082960
1194 0.000068 0.083028
1195 0.000069 0.083097
1196 0.000075 0.083172
1197 0.000077 0.083249
1198 0.000083 0.083332
1199 0.000069 0.083401
1200 0.000068 0.083469
1201 0.000073 0.083542
1202 0.000072 0.083614
1203 0.000066 0.083680
1204 0.000074 0.083754
1205 0.000071 0.083825
1206 0.000061 0.083886
1207 0.000077 0.083963
1208 0.000073 0.084036
1209 0.000077 0.084113
1210 0.000083 0.084196
1211 0.000069 0.084265
1212 0.000068 0.084333
1213 0.000069 0.084402
1214 0.000067 0.084469
1215 0.000080 0.084549
1216 0.000072 0.084621
1217 0.000081 0.084702
1218 0.000073 0.084775
1219 0.000068 0.084843
1220 0.000064 0.084907
1221 0.000068 0.084975
1222 0.000065 0.085040
1223 0.000070 0.085110
1224 0.000066 0.085176
1225 0.000068 0.085244
1226 0.000073 0.085317
1227 0.000065 0.085382
1228 0.000082 0.085464
1229 0.000075 0.085539
1230 0.000061 0.085600
1231 0.000067 0.085667
1232 0.000065 0.085732
1233 0.000072 0.085804
1234 0.000074 0.085878
1235 0.000067 0.085945
1236 0.000068 0.086013
1237 0.000082 0.086095
1238 0.000072 0.086167
1239 0.000079 0.086246
1240 0.000073 0.086319
1241 0.000065 0.086384
1242 0.000071 0.086455
1243 0.000071 0.086526
1244 0.000068 0.086594
1245 0.000064 0.086658
1246 0.000064 0.086722
1247 0.000072 0.086794
1248 0.000079 0.086873
1249 0.000080 0.086953
1250 0.000073 0.087026
1251 0.000066 0.087092
1252 0.000062 0.087154
1253 0.000075 0.087229
1254 0.000070 0.087299
1255 0.000068 0.087367
1256 0.000072 0.087439
1257 0.000070 0.087509
1258 0.000072 0.087581
1259 0.000081 0.087662
1260 0.000069 0.087731
1261 0.000076 0.087807
1262 0.000071 0.087878
1263 0.000072 0.087950
1264 0.000071 0.088021
1265 0.000069 0.088090
1266 0.000069 0.088159
1267 0.000068 0.088227
1268 0.000079 0.088306
1269 0.000066 0.088372
1270 0.000068 0.088440
1271 0.000066 0.088506
1272 0.000060 0.088566
1273 0.000071 0.088637
1274 0.000078 0.088715
1275 0.000066 0.088781
1276 0.000067 0.088848
1277 0.000068 0.088916
1278 0.000071 0.088987
1279 0.000066 0.089053
1280 0.000082 0.089135
1281 0.000067 0.089202
1282 0.000061 0.089263
1283 0.000071 0.089334
1284 0.000069 0.089403
1285 0.000071 0.089474
1286 0.000071 0.089545
1287 0.000069 0.089614
1288 0.000075 0.089689
1289 0.000081 0.089770
1290 0.000082 0.089852
1291 0.000065 0.089917
1292 0.000072 0.089989
1293 0.000069 0.090058
1294 0.000071 0.090129
1295 0.000073 0.090202
1296 0.000068 0.090270
1297 0.000072 0.090342
1298 0.000072 0.090414
1299 0.000068 0.090482
1300 0.000068 0.090550
1301 0.000080 0.090630
1302 0.000062 0.090692
1303 0.000063 0.090755
1304 0.000066 0.090821
1305 0.000065 0.090886
1306 0.000066 0.090952
1307 0.000063 0.091015
1308 0.000066 0.091081
1309 0.000068 0.091149
1310 0.000078 0.091227
1311 0.000077 0.091304
1312 0.000072 0.091376
1313 0.000065 0.091441
1314 0.000068 0.091509
1315 0.000072 0.091581
1316 0.000068 0.091649
1317 0.000070 0.091719
1318 0.000072 0.091791
1319 0.000081 0.091872
1320 0.000071 0.091943
1321 0.000072 0.092015
1322 0.000069 0.092084
1323 0.000089 0.092173
1324 0.000069 0.092242
1325 0.000070 0.092312
1326 0.000068 0.092380
1327 0.000069 0.092449
1328 0.000068 0.092517
1329 0.000068 0.092585
1330 0.000062 0.092647
1331 0.000075 0.092722
1332 0.000069 0.092791
1333 0.000072 0.092863
1334 0.000067 0.092930
1335 0.000070 0.093000
1336 0.000068 0.093068
1337 0.000076 0.093144
1338 0.000077 0.093221
1339 0.000079 0.093300
1340 0.000073 0.093373
1341 0.000067 0.093440
1342 0.000074 0.093514
1343 0.000069 0.093583
1344 0.000062 0.093645
1345 0.000067 0.093712
1346 0.000085 0.093797
1347 0.000070 0.093867
1348 0.000066 0.093933
1349 0.000070 0.094003
1350 0.000061 0.094064
1351 0.000068 0.094132
1352 0.000063 0.094195
1353 0.000067 0.094262
1354 0.000065 0.094327
1355 0.000076 0.094403
1356 0.000071 0.094474
1357 0.000075 0.094549
1358 0.000066 0.094615
1359 0.000068 0.094683
1360 0.000073 0.094756
1361 0.000069 0.094825
1362 0.000078 0.094903
1363 0.000072 0.094975
1364 0.000062 0.095037
1365 0.000069 0.095106
1366 0.000079 0.095185
1367 0.000063 0.095248
1368 0.000080 0.095328
1369 0.000072 0.095400
1370 0.000068 0.095468
1371 0.000066 0.095534
1372 0.000065 0.095599
1373 0.000073 0.095672
1374 0.000066 0.095738
1375 0.000068 0.095806
1376 0.000068 0.095874
1377 0.000061 0.095935
1378 0.000078 0.096013
1379 0.000078 0.096091
1380 0.000074 0.096165
1381 0.000063 0.096228
1382 0.000069 0.096297
1383 0.000063 0.096360
1384 0.000070 0.096430
1385 0.000067 0.096497
1386 0.000074 0.096571
1387 0.000069 0.096640
1388 0.000074 0.096714
1389 0.000072 0.096786
1390 0.000065 0.096851
1391 0.000068 0.096919
1392 0.000067 0.096986
1393 0.000063 0.097049
1394 0.000061 0.097110
1395 0.000066 0.097176
1396 0.000070 0.097246
1397 0.000070 0.097316
1398 0.000069 0.097385
1399 0.000085 0.097470
1400 0.000080 0.097550
1401 0.000069 0.097619
1402 0.000078 0.097697
1403 0.000075 0.097772
1404 0.000072 0.097844
1405 0.000069 0.097913
1406 0.000061 0.097974
1407 0.000069 0.098043
1408 0.000076 0.098119
1409 0.000075 0.098194
1410 0.000083 0.098277
1411 0.000065 0.098342
1412 0.000075 0.098417
1413 0.000067 0.098484
1414 0.000071 0.098555
1415 0.000076 0.098631
1416 0.000064 0.098695
1417 0.000066 0.098761
1418 0.000076 0.098837
1419 0.000072 0.098909
1420 0.000068 0.098977
1421 0.000077 0.099054
1422 0.000067 0.099121
1423 0.000078 0.099199
1424 0.000072 0.099271
1425 0.000072 0.099343
1426 0.000067 0.099410
1427 0.000069 0.099479
1428 0.000083 0.099562
1429 0.000065 0.099627
1430 0.000078 0.099705
1431 0.000084 0.099789
1432 0.000071 0.099860
1433 0.000068 0.099928
1434 0.000068 0.099996
1435 0.000070 0.100066
1436 0.000075 0.100141
1437 0.000080 0.100221
1438 0.000067 0.100288
1439 0.000070 0.100358
1440 0.000072 0.100430
1441 0.000067 0.100497
1442 0.000078 0.100575
1443 0.000077 0.100652
1444 0.000067 0.100719
1445 0.000069 0.100788
1446 0.000075 0.100863
1447 0.000066 0.100929
1448 0.000069 0.100998
1449 0.000073 0.101071
1450 0.000067 0.101138
1451 0.000080 0.101218
1452 0.000076 0.101294
1453 0.000068 0.101362
1454 0.000079 0.101441
1455 0.000081 0.101522
1456 0.000085 0.101607
1457 0.000069 0.101676
1458 0.000079 0.101755
1459 0.000085 0.101840
1460 0.000066 0.101906
1461 0.000105 0.102011
1462 0.000085 0.102096
1463 0.000062 0.102158
1464 0.000072 0.102230
1465 0.000068 0.102298
1466 0.000068 0.102366
1467 0.000088 0.102454
1468 0.000095 0.102549
1469 0.000066 0.102615
1470 0.000076 0.102691
1471 0.000065 0.102756
1472 0.000080 0.102836
1473 0.000087 0.102923
1474 0.000068 0.102991
1475 0.000073 0.103064
1476 0.000089 0.103153
1477 0.000077 0.103230
1478 0.000071 0.103301
1479 0.000063 0.103364
1480 0.000071 0.103435
1481 0.000081 0.103516
1482 0.000071 0.103587
1483 0.000071 0.103658
1484 0.000078 0.103736
1485 0.000073 0.103809
1486 0.000073 0.103882
1487 0.000080 0.103962
1488 0.000081 0.104043
1489 0.000084 0.104127
1490 0.000080 0.104207
1491 0.000090 0.104297
1492 0.000080 0.104377
1493 0.000063 0.104440
1494 0.000077 0.104517
1495 0.000072 0.104589
1496 0.000066 0.104655
1497 0.000072 0.104727
1498 0.000071 0.104798
1499 0.000067 0.104865
1500 0.000095 0.104960
1501 0.000138 0.105098
1502 0.000068 0.105166
1503 0.000085 0.105251
1504 0.000077 0.105328
1505 0.000108 0.105436
1506 0.000081 0.105517
1507 0.000072 0.105589
1508 0.000076 0.105665
1509 0.000075 0.105740
1510 0.000073 0.105813
1511 0.000080 0.105893
1512 0.000081 0.105974
1513 0.000080 0.106054
1514 0.000073 0.106127
1515 0.000078 0.106205
1516 0.000069 0.106274
1517 0.000068 0.106342
1518 0.000072 0.106414
1519 0.000080 0.106494
1520 0.000072 0.106566
1521 0.000094 0.106660
1522 0.000065 0.106725
1523 0.000068 0.106793
1524 0.000087 0.106880
1525 0.000064 0.106944
1526 0.000092 0.107036
1527 0.000063 0.107099
1528 0.000068 0.107167
1529 0.000072 0.107239
1530 0.000079 0.107318
1531 0.000074 0.107392
1532 0.000092 0.107484
1533 0.000066 0.107550
1534 0.000070 0.107620
1535 0.000070 0.107690
1536 0.000061 0.107751
1537 0.000084 0.107835
1538 0.000061 0.107896
1539 0.000066 0.107962
1540 0.000080 0.108042
1541 0.000098 0.108140
1542 0.000065 0.108205
1543 0.000076 0.108281
1544 0.000110 0.108391
1545 0.000063 0.108454
1546 0.000082 0.108536
1547 0.000106 0.108642
1548 0.000084 0.108726
1549 0.000094 0.108820
1550 0.000074 0.108894
1551 0.000081 0.108975
1552 0.000065 0.109040
1553 0.000064 0.109104
1554 0.000075 0.109179
1555 0.000083 0.109262
1556 0.000106 0.109368
1557 0.000070 0.109438
1558 0.000061 0.109499
1559 0.000076 0.109575
1560 0.000192 0.109767
1561 0.000489 0.110256
1562 0.000103 0.110359
1563 0.000092 0.110451
1564 0.000086 0.110537
1565 0.000094 0.110631
1566 0.000649 0.111280
1567 0.000080 0.111360
1568 0.000085 0.111445
1569 0.000081 0.111526
1570 0.000073 0.111599
1571 0.000071 0.111670
1572 0.000063 0.111733
1573 0.000077 0.111810
1574 0.000654 0.112464
1575 0.000085 0.112549
1576 0.000103 0.112652
1577 0.000107 0.112759
1578 0.000157 0.112916
1579 0.000167 0.113083
1580 0.000255 0.113338
1581 0.000118 0.113456
1582 0.000258 0.113714
1583 0.000434 0.114148
1584 0.000196 0.114344
1585 0.000270 0.114614
1586 0.000074 0.114688
1587 0.000068 0.114756
1588 0.000366 0.115122
1589 0.000706 0.115828
1590 0.000248 0.116076
1591 0.000751 0.116827
1592 0.000087 0.116914
1593 0.000804 0.117718
1594 0.000081 0.117799
1595 0.000103 0.117902
done 1595 0.001322 0.119224
