[runlim] version:		1.7
[runlim] time limit:		3600 seconds
[runlim] real time limit:	311040000 seconds
[runlim] space limit:		80000 MB
[runlim] argv[0]:		python3.6
[runlim] argv[1]:		./netsolver-gurobi-incremental.py
[runlim] argv[2]:		../../../instances/fmcad/in_json/tree_200.20.pn
[runlim] argv[3]:		../../../instances/fmcad/in_json/instance_list_vn2_5.3
[runlim] argv[4]:		True
[runlim] argv[5]:		15
[runlim] argv[6]:		False
[runlim] argv[7]:		results.tree_200.20.vn5.3
[runlim] start:			Tue Sep 17 13:49:03 2019
[runlim] main pid:		30591
Academic license - for non-commercial use only
[runlim] sample:		10.5 seconds, 67.4 MB
19.021003
53
Median time: 0.254412 s
[runlim] end:			Tue Sep 17 13:49:22 2019
[runlim] status:		ok
[runlim] result:		0
[runlim] children:		0
[runlim] real:			19.33 seconds
[runlim] time:			19.83 seconds
[runlim] space:			67.6 MB
[runlim] samples:		193
