[runlim] version:		1.7
[runlim] time limit:		3600 seconds
[runlim] real time limit:	311040000 seconds
[runlim] space limit:		80000 MB
[runlim] argv[0]:		python3.6
[runlim] argv[1]:		./netsolver-gurobi-incremental.py
[runlim] argv[2]:		../../../instances/fmcad/in_json/tree16_200.20.pn
[runlim] argv[3]:		../../../instances/fmcad/in_json/instance_list_vn2_3.2
[runlim] argv[4]:		True
[runlim] argv[5]:		9
[runlim] argv[6]:		False
[runlim] argv[7]:		results.tree16_200.20.vn3.2
[runlim] start:			Tue Sep 17 13:43:06 2019
[runlim] main pid:		30500
Academic license - for non-commercial use only
[runlim] sample:		10.6 seconds, 55.2 MB
[runlim] sample:		20.6 seconds, 55.9 MB
[runlim] sample:		30.6 seconds, 55.8 MB
[runlim] sample:		40.6 seconds, 55.8 MB
44.19681
354
Median time: 0.120469 s
[runlim] end:			Tue Sep 17 13:43:50 2019
[runlim] status:		ok
[runlim] result:		0
[runlim] children:		0
[runlim] real:			44.98 seconds
[runlim] time:			45.07 seconds
[runlim] space:			56.2 MB
[runlim] samples:		445
