[runlim] version:		1.7
[runlim] time limit:		3600 seconds
[runlim] real time limit:	311040000 seconds
[runlim] space limit:		80000 MB
[runlim] argv[0]:		python3.6
[runlim] argv[1]:		./netsolver-gurobi-incremental.py
[runlim] argv[2]:		../../../instances/fmcad/in_json/tree16_400.20.pn
[runlim] argv[3]:		../../../instances/fmcad/in_json/instance_list_vn2_3.1
[runlim] argv[4]:		True
[runlim] argv[5]:		9
[runlim] argv[6]:		False
[runlim] argv[7]:		results.tree16_400.20.vn3.1
[runlim] start:			Tue Sep 17 13:21:48 2019
[runlim] main pid:		30436
Academic license - for non-commercial use only
[runlim] sample:		10.7 seconds, 66.7 MB
[runlim] sample:		20.7 seconds, 72.6 MB
[runlim] sample:		30.7 seconds, 72.4 MB
[runlim] sample:		40.7 seconds, 72.6 MB
[runlim] sample:		50.7 seconds, 72.4 MB
[runlim] sample:		60.7 seconds, 72.5 MB
[runlim] sample:		70.7 seconds, 72.5 MB
[runlim] sample:		80.7 seconds, 72.5 MB
[runlim] sample:		90.7 seconds, 72.5 MB
[runlim] sample:		100.7 seconds, 72.5 MB
[runlim] sample:		110.7 seconds, 72.2 MB
[runlim] sample:		120.7 seconds, 69.3 MB
[runlim] sample:		130.7 seconds, 72.3 MB
[runlim] sample:		140.7 seconds, 72.5 MB
[runlim] sample:		150.7 seconds, 72.5 MB
[runlim] sample:		160.7 seconds, 72.3 MB
[runlim] sample:		170.7 seconds, 72.3 MB
176.846883
711
Median time: 0.245132 s
[runlim] end:			Tue Sep 17 13:24:45 2019
[runlim] status:		ok
[runlim] result:		0
[runlim] children:		0
[runlim] real:			177.82 seconds
[runlim] time:			177.86 seconds
[runlim] space:			72.6 MB
[runlim] samples:		1772
