[runlim] version:		1.7
[runlim] time limit:		3600 seconds
[runlim] real time limit:	311040000 seconds
[runlim] space limit:		80000 MB
[runlim] argv[0]:		python3.6
[runlim] argv[1]:		./netsolver-gurobi-incremental.py
[runlim] argv[2]:		../../../instances/fmcad/in_json/tree_200.20.pn
[runlim] argv[3]:		../../../instances/fmcad/in_json/instance_list_vn2_5.1
[runlim] argv[4]:		True
[runlim] argv[5]:		15
[runlim] argv[6]:		False
[runlim] argv[7]:		results.tree_200.20.vn5.1
[runlim] start:			Tue Sep 17 13:48:22 2019
[runlim] main pid:		30573
Academic license - for non-commercial use only
[runlim] sample:		10.7 seconds, 67.3 MB
19.507058
53
Median time: 0.263172 s
[runlim] end:			Tue Sep 17 13:48:42 2019
[runlim] status:		ok
[runlim] result:		0
[runlim] children:		0
[runlim] real:			20.42 seconds
[runlim] time:			20.48 seconds
[runlim] space:			67.7 MB
[runlim] samples:		198
