[runlim] version:		1.7
[runlim] time limit:		3600 seconds
[runlim] real time limit:	311040000 seconds
[runlim] space limit:		80000 MB
[runlim] argv[0]:		python3.6
[runlim] argv[1]:		./netsolver-gurobi-incremental.py
[runlim] argv[2]:		../../../instances/fmcad/in_json/tree16_2000.20.pn
[runlim] argv[3]:		../../../instances/fmcad/in_json/instance_list_vn2_3.2
[runlim] argv[4]:		True
[runlim] argv[5]:		9
[runlim] argv[6]:		False
[runlim] argv[7]:		results.tree16_2000.20.vn3.2
[runlim] start:			Tue Sep 17 08:21:50 2019
[runlim] main pid:		30296
Academic license - for non-commercial use only
[runlim] sample:		10.5 seconds, 94.9 MB
[runlim] sample:		20.5 seconds, 162.4 MB
[runlim] sample:		30.5 seconds, 208.8 MB
[runlim] sample:		40.5 seconds, 208.7 MB
[runlim] sample:		50.5 seconds, 208.0 MB
[runlim] sample:		60.5 seconds, 208.0 MB
[runlim] sample:		70.5 seconds, 207.9 MB
[runlim] sample:		80.5 seconds, 208.1 MB
[runlim] sample:		90.5 seconds, 195.6 MB
[runlim] sample:		100.5 seconds, 208.9 MB
[runlim] sample:		110.5 seconds, 207.9 MB
[runlim] sample:		120.5 seconds, 208.9 MB
[runlim] sample:		130.5 seconds, 208.2 MB
[runlim] sample:		140.5 seconds, 208.6 MB
[runlim] sample:		150.5 seconds, 208.0 MB
[runlim] sample:		160.5 seconds, 208.0 MB
[runlim] sample:		170.5 seconds, 208.7 MB
[runlim] sample:		180.5 seconds, 201.0 MB
[runlim] sample:		190.5 seconds, 207.9 MB
[runlim] sample:		200.5 seconds, 208.0 MB
[runlim] sample:		210.5 seconds, 208.1 MB
[runlim] sample:		220.5 seconds, 200.4 MB
[runlim] sample:		230.5 seconds, 208.0 MB
[runlim] sample:		240.5 seconds, 208.8 MB
[runlim] sample:		250.5 seconds, 208.2 MB
[runlim] sample:		260.5 seconds, 208.0 MB
[runlim] sample:		270.5 seconds, 208.2 MB
[runlim] sample:		280.5 seconds, 209.0 MB
[runlim] sample:		290.5 seconds, 208.2 MB
[runlim] sample:		300.5 seconds, 208.0 MB
[runlim] sample:		310.5 seconds, 208.0 MB
[runlim] sample:		320.5 seconds, 208.8 MB
[runlim] sample:		330.5 seconds, 208.2 MB
[runlim] sample:		340.5 seconds, 207.9 MB
[runlim] sample:		350.5 seconds, 208.2 MB
[runlim] sample:		360.5 seconds, 207.8 MB
[runlim] sample:		370.5 seconds, 208.8 MB
[runlim] sample:		380.5 seconds, 208.7 MB
[runlim] sample:		390.5 seconds, 208.5 MB
[runlim] sample:		400.5 seconds, 208.1 MB
[runlim] sample:		410.5 seconds, 207.5 MB
[runlim] sample:		420.5 seconds, 208.1 MB
[runlim] sample:		430.5 seconds, 207.7 MB
[runlim] sample:		440.5 seconds, 208.8 MB
[runlim] sample:		450.5 seconds, 207.5 MB
[runlim] sample:		460.5 seconds, 208.1 MB
[runlim] sample:		470.5 seconds, 207.9 MB
[runlim] sample:		480.5 seconds, 208.8 MB
[runlim] sample:		490.5 seconds, 207.8 MB
[runlim] sample:		500.5 seconds, 209.0 MB
[runlim] sample:		510.5 seconds, 209.0 MB
[runlim] sample:		520.5 seconds, 208.0 MB
[runlim] sample:		530.5 seconds, 208.7 MB
[runlim] sample:		540.5 seconds, 201.1 MB
[runlim] sample:		550.5 seconds, 208.7 MB
[runlim] sample:		560.5 seconds, 207.7 MB
[runlim] sample:		570.5 seconds, 207.8 MB
[runlim] sample:		580.5 seconds, 207.7 MB
[runlim] sample:		590.5 seconds, 207.5 MB
[runlim] sample:		600.5 seconds, 192.8 MB
[runlim] sample:		610.5 seconds, 208.3 MB
[runlim] sample:		620.5 seconds, 207.6 MB
[runlim] sample:		630.5 seconds, 207.5 MB
[runlim] sample:		640.5 seconds, 207.7 MB
[runlim] sample:		650.5 seconds, 207.3 MB
[runlim] sample:		660.5 seconds, 208.3 MB
[runlim] sample:		670.5 seconds, 208.5 MB
[runlim] sample:		680.5 seconds, 208.5 MB
[runlim] sample:		690.5 seconds, 208.5 MB
[runlim] sample:		700.5 seconds, 208.5 MB
[runlim] sample:		710.5 seconds, 208.5 MB
[runlim] sample:		720.5 seconds, 208.5 MB
[runlim] sample:		730.5 seconds, 208.5 MB
[runlim] sample:		740.5 seconds, 208.8 MB
[runlim] sample:		750.5 seconds, 208.8 MB
[runlim] sample:		760.5 seconds, 208.8 MB
[runlim] sample:		770.5 seconds, 208.8 MB
[runlim] sample:		780.5 seconds, 208.8 MB
[runlim] sample:		790.5 seconds, 208.8 MB
[runlim] sample:		800.5 seconds, 208.8 MB
[runlim] sample:		810.5 seconds, 208.8 MB
[runlim] sample:		820.5 seconds, 208.8 MB
[runlim] sample:		830.5 seconds, 208.8 MB
[runlim] sample:		840.5 seconds, 208.8 MB
[runlim] sample:		850.5 seconds, 207.0 MB
[runlim] sample:		860.5 seconds, 207.7 MB
[runlim] sample:		870.5 seconds, 190.3 MB
[runlim] sample:		880.5 seconds, 207.8 MB
[runlim] sample:		890.5 seconds, 207.0 MB
[runlim] sample:		900.5 seconds, 206.3 MB
[runlim] sample:		910.5 seconds, 208.0 MB
[runlim] sample:		920.5 seconds, 207.0 MB
[runlim] sample:		930.5 seconds, 207.1 MB
[runlim] sample:		940.5 seconds, 207.6 MB
[runlim] sample:		950.5 seconds, 207.6 MB
[runlim] sample:		960.5 seconds, 206.8 MB
[runlim] sample:		970.5 seconds, 201.3 MB
[runlim] sample:		980.5 seconds, 207.7 MB
[runlim] sample:		990.5 seconds, 206.8 MB
[runlim] sample:		1000.5 seconds, 208.1 MB
[runlim] sample:		1010.5 seconds, 207.6 MB
[runlim] sample:		1020.5 seconds, 207.7 MB
[runlim] sample:		1030.5 seconds, 206.9 MB
[runlim] sample:		1040.5 seconds, 198.4 MB
[runlim] sample:		1050.5 seconds, 207.5 MB
[runlim] sample:		1060.5 seconds, 206.7 MB
[runlim] sample:		1070.5 seconds, 206.7 MB
[runlim] sample:		1080.5 seconds, 209.0 MB
[runlim] sample:		1090.5 seconds, 205.6 MB
[runlim] sample:		1100.5 seconds, 206.7 MB
[runlim] sample:		1110.5 seconds, 197.3 MB
[runlim] sample:		1120.5 seconds, 206.8 MB
[runlim] sample:		1130.5 seconds, 206.9 MB
[runlim] sample:		1140.5 seconds, 206.7 MB
[runlim] sample:		1150.5 seconds, 206.8 MB
[runlim] sample:		1160.5 seconds, 206.8 MB
[runlim] sample:		1170.5 seconds, 206.8 MB
[runlim] sample:		1180.5 seconds, 202.1 MB
[runlim] sample:		1190.5 seconds, 206.7 MB
[runlim] sample:		1200.5 seconds, 192.4 MB
[runlim] sample:		1210.5 seconds, 206.7 MB
[runlim] sample:		1220.5 seconds, 207.7 MB
[runlim] sample:		1230.5 seconds, 208.0 MB
[runlim] sample:		1240.5 seconds, 208.0 MB
[runlim] sample:		1250.5 seconds, 208.2 MB
[runlim] sample:		1260.5 seconds, 208.2 MB
[runlim] sample:		1270.5 seconds, 208.2 MB
[runlim] sample:		1280.5 seconds, 208.2 MB
[runlim] sample:		1290.5 seconds, 208.2 MB
[runlim] sample:		1300.5 seconds, 208.5 MB
[runlim] sample:		1310.5 seconds, 208.5 MB
[runlim] sample:		1320.5 seconds, 208.5 MB
[runlim] sample:		1330.5 seconds, 208.5 MB
[runlim] sample:		1340.5 seconds, 208.5 MB
[runlim] sample:		1350.5 seconds, 208.5 MB
[runlim] sample:		1360.4 seconds, 208.5 MB
[runlim] sample:		1370.5 seconds, 208.5 MB
[runlim] sample:		1380.5 seconds, 208.5 MB
[runlim] sample:		1390.4 seconds, 208.5 MB
[runlim] sample:		1400.4 seconds, 208.5 MB
[runlim] sample:		1410.4 seconds, 208.5 MB
[runlim] sample:		1420.4 seconds, 208.7 MB
[runlim] sample:		1430.4 seconds, 208.7 MB
[runlim] sample:		1440.4 seconds, 208.7 MB
[runlim] sample:		1450.4 seconds, 208.7 MB
[runlim] sample:		1460.5 seconds, 208.7 MB
[runlim] sample:		1470.5 seconds, 208.7 MB
[runlim] sample:		1480.5 seconds, 208.7 MB
[runlim] sample:		1490.5 seconds, 208.7 MB
[runlim] sample:		1500.5 seconds, 208.7 MB
[runlim] sample:		1510.5 seconds, 208.7 MB
[runlim] sample:		1520.5 seconds, 208.7 MB
[runlim] sample:		1530.5 seconds, 208.7 MB
[runlim] sample:		1540.5 seconds, 208.7 MB
[runlim] sample:		1550.5 seconds, 208.7 MB
[runlim] sample:		1560.5 seconds, 208.7 MB
[runlim] sample:		1570.5 seconds, 208.7 MB
[runlim] sample:		1580.5 seconds, 208.7 MB
[runlim] sample:		1590.5 seconds, 208.7 MB
[runlim] sample:		1600.5 seconds, 208.7 MB
[runlim] sample:		1610.5 seconds, 208.7 MB
[runlim] sample:		1620.5 seconds, 208.7 MB
[runlim] sample:		1630.5 seconds, 208.7 MB
[runlim] sample:		1640.5 seconds, 208.7 MB
[runlim] sample:		1650.5 seconds, 208.7 MB
[runlim] sample:		1660.5 seconds, 208.7 MB
[runlim] sample:		1670.5 seconds, 208.7 MB
[runlim] sample:		1680.5 seconds, 208.7 MB
[runlim] sample:		1690.5 seconds, 208.7 MB
[runlim] sample:		1700.4 seconds, 208.7 MB
[runlim] sample:		1710.5 seconds, 208.7 MB
[runlim] sample:		1720.4 seconds, 208.7 MB
[runlim] sample:		1730.4 seconds, 208.7 MB
[runlim] sample:		1740.5 seconds, 208.7 MB
[runlim] sample:		1750.4 seconds, 208.7 MB
[runlim] sample:		1760.4 seconds, 208.7 MB
[runlim] sample:		1770.5 seconds, 208.7 MB
[runlim] sample:		1780.5 seconds, 208.7 MB
[runlim] sample:		1790.4 seconds, 208.7 MB
[runlim] sample:		1800.4 seconds, 208.7 MB
[runlim] sample:		1810.4 seconds, 208.7 MB
[runlim] sample:		1820.4 seconds, 208.7 MB
[runlim] sample:		1830.4 seconds, 208.7 MB
[runlim] sample:		1840.4 seconds, 208.7 MB
[runlim] sample:		1850.4 seconds, 208.7 MB
[runlim] sample:		1860.4 seconds, 208.7 MB
[runlim] sample:		1870.4 seconds, 208.7 MB
[runlim] sample:		1880.4 seconds, 208.7 MB
[runlim] sample:		1890.4 seconds, 208.7 MB
[runlim] sample:		1900.4 seconds, 208.7 MB
[runlim] sample:		1910.4 seconds, 208.7 MB
[runlim] sample:		1920.4 seconds, 208.7 MB
[runlim] sample:		1930.4 seconds, 208.7 MB
[runlim] sample:		1940.4 seconds, 208.7 MB
[runlim] sample:		1950.5 seconds, 208.7 MB
[runlim] sample:		1960.4 seconds, 207.9 MB
[runlim] sample:		1970.4 seconds, 208.1 MB
[runlim] sample:		1980.4 seconds, 208.1 MB
[runlim] sample:		1990.5 seconds, 208.1 MB
[runlim] sample:		2000.5 seconds, 208.1 MB
[runlim] sample:		2010.4 seconds, 210.4 MB
[runlim] sample:		2020.5 seconds, 210.6 MB
[runlim] sample:		2030.5 seconds, 210.6 MB
[runlim] sample:		2040.5 seconds, 210.7 MB
[runlim] sample:		2050.4 seconds, 210.7 MB
[runlim] sample:		2060.4 seconds, 208.5 MB
[runlim] sample:		2070.4 seconds, 210.9 MB
[runlim] sample:		2080.4 seconds, 210.7 MB
[runlim] sample:		2090.4 seconds, 209.7 MB
[runlim] sample:		2100.4 seconds, 210.7 MB
[runlim] sample:		2110.4 seconds, 207.4 MB
[runlim] sample:		2120.4 seconds, 208.4 MB
[runlim] sample:		2130.4 seconds, 208.4 MB
[runlim] sample:		2140.4 seconds, 211.0 MB
[runlim] sample:		2150.4 seconds, 211.0 MB
[runlim] sample:		2160.4 seconds, 210.7 MB
[runlim] sample:		2170.4 seconds, 211.0 MB
[runlim] sample:		2180.4 seconds, 210.2 MB
[runlim] sample:		2190.4 seconds, 209.7 MB
[runlim] sample:		2200.4 seconds, 211.0 MB
[runlim] sample:		2210.4 seconds, 211.0 MB
[runlim] sample:		2220.4 seconds, 211.0 MB
[runlim] sample:		2230.4 seconds, 209.7 MB
[runlim] sample:		2240.4 seconds, 209.7 MB
[runlim] sample:		2250.4 seconds, 210.0 MB
[runlim] sample:		2260.4 seconds, 210.0 MB
[runlim] sample:		2270.4 seconds, 206.7 MB
[runlim] sample:		2280.4 seconds, 211.3 MB
[runlim] sample:		2290.4 seconds, 211.0 MB
[runlim] sample:		2300.4 seconds, 211.0 MB
[runlim] sample:		2310.4 seconds, 211.0 MB
[runlim] sample:		2320.4 seconds, 211.2 MB
[runlim] sample:		2330.4 seconds, 211.2 MB
[runlim] sample:		2340.4 seconds, 211.5 MB
[runlim] sample:		2350.4 seconds, 211.5 MB
[runlim] sample:		2360.4 seconds, 211.5 MB
[runlim] sample:		2370.4 seconds, 211.5 MB
[runlim] sample:		2380.4 seconds, 211.5 MB
[runlim] sample:		2390.4 seconds, 211.5 MB
[runlim] sample:		2400.4 seconds, 211.5 MB
[runlim] sample:		2410.4 seconds, 211.5 MB
[runlim] sample:		2420.4 seconds, 211.5 MB
[runlim] sample:		2430.4 seconds, 211.5 MB
[runlim] sample:		2440.4 seconds, 211.5 MB
[runlim] sample:		2450.4 seconds, 211.5 MB
[runlim] sample:		2460.4 seconds, 211.5 MB
[runlim] sample:		2470.4 seconds, 211.5 MB
[runlim] sample:		2480.4 seconds, 211.5 MB
[runlim] sample:		2490.4 seconds, 211.5 MB
[runlim] sample:		2500.4 seconds, 211.5 MB
[runlim] sample:		2510.4 seconds, 211.5 MB
[runlim] sample:		2520.4 seconds, 211.5 MB
[runlim] sample:		2530.4 seconds, 211.5 MB
[runlim] sample:		2540.4 seconds, 208.5 MB
[runlim] sample:		2550.4 seconds, 208.5 MB
[runlim] sample:		2560.4 seconds, 208.5 MB
[runlim] sample:		2570.4 seconds, 208.5 MB
[runlim] sample:		2580.4 seconds, 208.5 MB
[runlim] sample:		2590.4 seconds, 208.5 MB
[runlim] sample:		2600.4 seconds, 208.5 MB
[runlim] sample:		2610.4 seconds, 208.5 MB
[runlim] sample:		2620.4 seconds, 208.5 MB
[runlim] sample:		2630.4 seconds, 208.5 MB
[runlim] sample:		2640.4 seconds, 208.5 MB
[runlim] sample:		2650.4 seconds, 208.5 MB
[runlim] sample:		2660.4 seconds, 208.5 MB
[runlim] sample:		2670.4 seconds, 208.5 MB
[runlim] sample:		2680.4 seconds, 208.5 MB
[runlim] sample:		2690.4 seconds, 208.8 MB
[runlim] sample:		2700.4 seconds, 208.8 MB
[runlim] sample:		2710.4 seconds, 208.8 MB
[runlim] sample:		2720.4 seconds, 208.8 MB
[runlim] sample:		2730.4 seconds, 208.8 MB
[runlim] sample:		2740.4 seconds, 208.8 MB
[runlim] sample:		2750.4 seconds, 208.8 MB
[runlim] sample:		2760.4 seconds, 208.8 MB
[runlim] sample:		2770.4 seconds, 208.8 MB
[runlim] sample:		2780.4 seconds, 208.8 MB
[runlim] sample:		2790.4 seconds, 206.4 MB
[runlim] sample:		2800.4 seconds, 208.1 MB
[runlim] sample:		2810.4 seconds, 208.2 MB
[runlim] sample:		2820.4 seconds, 206.5 MB
[runlim] sample:		2830.4 seconds, 206.5 MB
[runlim] sample:		2840.4 seconds, 195.4 MB
[runlim] sample:		2850.4 seconds, 207.5 MB
[runlim] sample:		2860.4 seconds, 201.5 MB
[runlim] sample:		2870.4 seconds, 208.2 MB
[runlim] sample:		2880.4 seconds, 207.0 MB
[runlim] sample:		2890.4 seconds, 206.3 MB
[runlim] sample:		2900.4 seconds, 206.3 MB
[runlim] sample:		2910.4 seconds, 208.2 MB
[runlim] sample:		2920.4 seconds, 208.3 MB
[runlim] sample:		2930.4 seconds, 206.3 MB
[runlim] sample:		2940.4 seconds, 206.3 MB
[runlim] sample:		2950.4 seconds, 207.5 MB
[runlim] sample:		2960.4 seconds, 208.2 MB
[runlim] sample:		2970.4 seconds, 208.1 MB
[runlim] sample:		2980.4 seconds, 208.3 MB
[runlim] sample:		2990.4 seconds, 208.0 MB
[runlim] sample:		3000.4 seconds, 208.0 MB
[runlim] sample:		3010.4 seconds, 206.4 MB
[runlim] sample:		3020.4 seconds, 206.4 MB
[runlim] sample:		3030.4 seconds, 196.5 MB
[runlim] sample:		3040.4 seconds, 206.8 MB
[runlim] sample:		3050.4 seconds, 201.6 MB
[runlim] sample:		3060.4 seconds, 208.0 MB
[runlim] sample:		3070.4 seconds, 206.4 MB
[runlim] sample:		3080.4 seconds, 206.4 MB
[runlim] sample:		3090.4 seconds, 206.4 MB
[runlim] sample:		3100.4 seconds, 208.3 MB
[runlim] sample:		3110.4 seconds, 208.0 MB
[runlim] sample:		3120.4 seconds, 206.4 MB
[runlim] sample:		3130.4 seconds, 206.3 MB
[runlim] sample:		3140.4 seconds, 208.1 MB
[runlim] sample:		3150.4 seconds, 207.2 MB
[runlim] sample:		3160.4 seconds, 206.4 MB
[runlim] sample:		3170.4 seconds, 206.2 MB
[runlim] sample:		3180.4 seconds, 208.4 MB
[runlim] sample:		3190.4 seconds, 204.5 MB
[runlim] sample:		3200.4 seconds, 208.2 MB
[runlim] sample:		3210.4 seconds, 210.8 MB
[runlim] sample:		3220.4 seconds, 207.5 MB
[runlim] sample:		3230.4 seconds, 206.2 MB
[runlim] sample:		3240.4 seconds, 206.3 MB
[runlim] sample:		3250.4 seconds, 208.6 MB
[runlim] sample:		3260.4 seconds, 207.3 MB
[runlim] sample:		3270.4 seconds, 206.3 MB
[runlim] sample:		3280.4 seconds, 206.3 MB
[runlim] sample:		3290.4 seconds, 207.2 MB
[runlim] sample:		3300.4 seconds, 208.2 MB
[runlim] sample:		3310.4 seconds, 207.9 MB
[runlim] sample:		3320.4 seconds, 208.1 MB
[runlim] sample:		3330.4 seconds, 208.1 MB
[runlim] sample:		3340.4 seconds, 208.2 MB
[runlim] sample:		3350.4 seconds, 206.3 MB
[runlim] sample:		3360.4 seconds, 208.2 MB
[runlim] sample:		3370.4 seconds, 191.6 MB
[runlim] sample:		3380.4 seconds, 208.0 MB
[runlim] sample:		3390.4 seconds, 206.4 MB
[runlim] sample:		3400.4 seconds, 210.4 MB
[runlim] sample:		3410.4 seconds, 210.9 MB
[runlim] sample:		3420.4 seconds, 210.4 MB
[runlim] sample:		3430.4 seconds, 210.9 MB
[runlim] sample:		3440.4 seconds, 210.6 MB
[runlim] sample:		3450.4 seconds, 187.7 MB
[runlim] sample:		3460.4 seconds, 202.6 MB
[runlim] sample:		3470.4 seconds, 211.7 MB
[runlim] sample:		3480.4 seconds, 210.7 MB
[runlim] sample:		3490.4 seconds, 210.6 MB
[runlim] sample:		3500.4 seconds, 210.9 MB
[runlim] sample:		3510.4 seconds, 210.7 MB
[runlim] sample:		3520.4 seconds, 210.9 MB
[runlim] sample:		3530.4 seconds, 210.4 MB
[runlim] sample:		3540.4 seconds, 211.0 MB
[runlim] sample:		3550.4 seconds, 199.0 MB
[runlim] sample:		3560.4 seconds, 206.3 MB
[runlim] sample:		3570.4 seconds, 208.0 MB
[runlim] sample:		3580.4 seconds, 206.7 MB
[runlim] sample:		3590.4 seconds, 206.7 MB
[runlim] end:			Tue Sep 17 09:21:49 2019
[runlim] status:		out of time
[runlim] result:		1
[runlim] children:		0
[runlim] real:			3599.87 seconds
[runlim] time:			3600.02 seconds
[runlim] space:			211.9 MB
[runlim] samples:		35996
