#fmcad13 z3 encoding datacenter tree16_400.20, instance vn2_5.1
init 0 0
1 7.768405 7.768405
2 7.831786 15.600191
3 7.767863 23.368054
4 7.679541 31.047595
5 7.927830 38.975425
6 7.749196 46.724621
7 7.692789 54.417410
8 7.868245 62.285655
9 7.641372 69.927027
10 7.585483 77.512510
11 7.454916 84.967426
12 7.816746 92.784172
13 7.440991 100.225163
14 7.620750 107.845913
15 7.636828 115.482741
16 7.389806 122.872547
17 7.280929 130.153476
18 7.408464 137.561940
19 7.383833 144.945773
20 7.430044 152.375817
21 7.391908 159.767725
22 7.209449 166.977174
23 7.250429 174.227603
24 7.256642 181.484245
25 7.230682 188.714927
26 16.566619 205.281546
27 15.166933 220.448479
28 33.396854 253.845333
29 20.800312 274.645645
30 35.588855 310.234500
31 15.115788 325.350288
32 33.473462 358.823750
33 38.640261 397.464011
34 32.969465 430.433476
35 16.079704 446.513180
36 50.081492 496.594672
37 15.353165 511.947837
38 28.635390 540.583227
39 16.293800 556.877027
40 35.523099 592.400126
41 14.895229 607.295355
42 33.951477 641.246832
43 35.503862 676.750694
44 15.909615 692.660309
45 7.848063 700.508372
46 7.309378 707.817750
47 7.443754 715.261504
48 7.222629 722.484133
49 7.277653 729.761786
50 7.389249 737.151035
51 7.373520 744.524555
52 7.248278 751.772833
53 7.332049 759.104882
54 7.270382 766.375264
55 7.389580 773.764844
56 7.357008 781.121852
57 125.931260 907.053112
58 147.671944 1054.725056
59 49.030454 1103.755510
60 42.414126 1146.169636
61 1562.491261 2708.660897
62 239.758760 2948.419657
