#fmcad13 z3 encoding datacenter tree16_400.20, instance vn2_3.3
init 0 0
1 2.689043 2.689043
2 2.865527 5.554570
3 2.793490 8.348060
4 2.883417 11.231477
5 2.890918 14.122395
6 2.843749 16.966144
7 3.012278 19.978422
8 2.702361 22.680783
9 3.042960 25.723743
10 2.765007 28.488750
11 2.891532 31.380282
12 2.920534 34.300816
13 3.045875 37.346691
14 2.989945 40.336636
15 3.073360 43.409996
16 3.049799 46.459795
17 2.866763 49.326558
18 2.865463 52.192021
19 2.843224 55.035245
20 2.920920 57.956165
21 2.887967 60.844132
22 3.045045 63.889177
23 2.989842 66.879019
24 2.966254 69.845273
25 2.894790 72.740063
26 2.831946 75.572009
27 2.864659 78.436668
28 2.860733 81.297401
29 3.000491 84.297892
30 3.004704 87.302596
31 3.034005 90.336601
32 2.989190 93.325791
33 3.043951 96.369742
34 2.971498 99.341240
35 2.830450 102.171690
36 2.987007 105.158697
37 2.935135 108.093832
38 2.853352 110.947184
39 2.973945 113.921129
40 2.987509 116.908638
41 2.889426 119.798064
42 2.902296 122.700360
43 2.947449 125.647809
44 2.909581 128.557390
45 2.822809 131.380199
46 2.984263 134.364462
47 2.982300 137.346762
48 2.974164 140.320926
49 2.936849 143.257775
50 11.676662 154.934437
51 5.464245 160.398682
52 5.586242 165.984924
53 190.073783 356.058707
54 2.956440 359.015147
55 222.502695 581.517842
56 5.726933 587.244775
57 218.256050 805.500825
58 7.644511 813.145336
59 133.309189 946.454525
60 242.356725 1188.811250
61 7.690511 1196.501761
62 490.404841 1686.906602
63 23.149169 1710.055771
64 3.103712 1713.159483
65 3.108233 1716.267716
66 67.069137 1783.336853
67 6.194585 1789.531438
68 73.163593 1862.695031
69 3.064506 1865.759537
70 5.678924 1871.438461
71 90.252944 1961.691405
72 5.860339 1967.551744
73 152.108770 2119.660514
74 88.629219 2208.289733
75 77.994039 2286.283772
76 144.034950 2430.318722
77 5.831031 2436.149753
78 152.283995 2588.433748
79 14.917056 2603.350804
80 229.622459 2832.973263
81 32.639756 2865.613019
82 8.092639 2873.705658
83 223.413917 3097.119575
84 5.867432 3102.987007
85 252.949761 3355.936768
86 125.579720 3481.516488
