#fmcad13 z3 encoding datacenter tree_200.20, instance vn2_3.2
init 0 0
1 1.216757 1.216757
2 1.154637 2.371394
3 1.156315 3.527709
4 1.136266 4.663975
5 1.149869 5.813844
6 1.127690 6.941534
7 1.145688 8.087222
8 1.108694 9.195916
9 1.142905 10.338821
10 1.061964 11.400785
11 1.057365 12.458150
12 1.068540 13.526690
13 1.058882 14.585572
14 1.058677 15.644249
15 1.034555 16.678804
16 0.981919 17.660723
17 1.018487 18.679210
18 1.000152 19.679362
19 0.982510 20.661872
20 0.985430 21.647302
21 0.988048 22.635350
22 1.003937 23.639287
23 0.973780 24.613067
24 0.932747 25.545814
25 0.957112 26.502926
26 0.940733 27.443659
27 0.940134 28.383793
28 0.944185 29.327978
29 0.942338 30.270316
30 0.936931 31.207247
31 0.942375 32.149622
32 0.895608 33.045230
33 0.890530 33.935760
34 0.890420 34.826180
35 0.869547 35.695727
36 0.889021 36.584748
37 0.874401 37.459149
38 0.852753 38.311902
39 0.839419 39.151321
40 0.853922 40.005243
41 0.842469 40.847712
42 0.825352 41.673064
43 0.836516 42.509580
44 0.833187 43.342767
45 0.829085 44.171852
46 0.827563 44.999415
47 0.803793 45.803208
48 0.807293 46.610501
49 0.816399 47.426900
50 0.826138 48.253038
51 0.779855 49.032893
52 0.782739 49.815632
53 0.765586 50.581218
54 0.793142 51.374360
55 0.768276 52.142636
56 0.735295 52.877931
57 0.775723 53.653654
58 0.719814 54.373468
59 0.708300 55.081768
60 0.690617 55.772385
61 0.699261 56.471646
62 0.690987 57.162633
63 0.653777 57.816410
64 0.662032 58.478442
65 0.652685 59.131127
66 0.667835 59.798962
67 0.637916 60.436878
68 0.625737 61.062615
69 0.641265 61.703880
70 0.615717 62.319597
71 0.609253 62.928850
72 0.591636 63.520486
73 0.606455 64.126941
74 0.604107 64.731048
75 0.611696 65.342744
76 0.635995 65.978739
77 0.594274 66.573013
78 0.548781 67.121794
79 0.566665 67.688459
80 0.554736 68.243195
81 0.569858 68.813053
82 0.566699 69.379752
83 0.535434 69.915186
84 0.533032 70.448218
85 0.503186 70.951404
86 0.509052 71.460456
87 0.502599 71.963055
88 0.457829 72.420884
done 88 0.058007 72.478891
