#fmcad13 z3 encoding datacenter tree16_2000.20, instance vn2_3.3
init 0 0
1 31.788362 31.788362
2 35.425809 67.214171
3 33.293173 100.507344
4 35.085122 135.592466
5 35.586540 171.179006
6 36.027833 207.206839
7 35.696223 242.903062
8 37.516441 280.419503
9 34.973170 315.392673
10 35.385271 350.777944
11 34.979460 385.757404
12 42.151101 427.908505
13 36.185591 464.094096
14 35.501731 499.595827
15 34.284711 533.880538
16 34.909248 568.789786
17 34.609655 603.399441
18 35.003143 638.402584
19 35.938130 674.340714
20 34.917309 709.258023
21 34.070891 743.328914
22 35.950238 779.279152
23 34.911484 814.190636
24 35.501170 849.691806
25 34.781792 884.473598
26 36.076241 920.549839
27 35.831116 956.380955
28 35.590079 991.971034
29 36.600878 1028.571912
30 35.509612 1064.081524
31 35.308603 1099.390127
32 35.273845 1134.663972
33 35.491285 1170.155257
34 35.951710 1206.106967
35 35.047901 1241.154868
36 35.293813 1276.448681
37 36.043346 1312.492027
38 36.321506 1348.813533
39 36.732664 1385.546197
40 35.319532 1420.865729
41 35.680828 1456.546557
42 35.715929 1492.262486
43 35.711241 1527.973727
44 36.512069 1564.485796
45 37.605794 1602.091590
46 37.845049 1639.936639
47 37.611326 1677.547965
48 35.367070 1712.915035
49 35.253235 1748.168270
50 36.405833 1784.574103
51 36.040090 1820.614193
52 36.025531 1856.639724
53 35.727738 1892.367462
54 37.982665 1930.350127
55 35.853119 1966.203246
56 35.749785 2001.953031
57 35.859618 2037.812649
58 35.359705 2073.172354
59 34.727361 2107.899715
60 35.118362 2143.018077
61 35.084546 2178.102623
62 34.635841 2212.738464
63 34.647959 2247.386423
64 34.833108 2282.219531
65 38.890403 2321.109934
66 41.425453 2362.535387
67 34.687946 2397.223333
68 35.024913 2432.248246
69 34.913043 2467.161289
70 34.818853 2501.980142
71 34.993762 2536.973904
72 34.884862 2571.858766
73 34.834579 2606.693345
74 36.721097 2643.414442
75 40.870035 2684.284477
76 35.068673 2719.353150
77 35.152971 2754.506121
78 35.435162 2789.941283
79 34.767865 2824.709148
80 41.637008 2866.346156
81 53.080975 2919.427131
82 41.087394 2960.514525
83 41.539740 3002.054265
84 40.680540 3042.734805
85 96.954325 3139.689130
86 37.476563 3177.165693
87 89.175551 3266.341244
88 36.216609 3302.557853
89 42.932737 3345.490590
90 41.492670 3386.983260
91 49.026870 3436.010130
92 41.520979 3477.531109
93 41.391749 3518.922858
94 36.042383 3554.965241
