#fmcad13 z3 encoding datacenter tree16_2000.20, instance vn2_5.3
init 0 0
1 65.012175 65.012175
2 67.467416 132.479591
3 64.683871 197.163462
4 67.888244 265.051706
5 64.935098 329.986804
6 68.893982 398.880786
7 65.162802 464.043588
8 66.814975 530.858563
9 66.393395 597.251958
10 66.070651 663.322609
11 66.195555 729.518164
12 67.936525 797.454689
13 65.732686 863.187375
14 67.178400 930.365775
15 66.097072 996.462847
16 67.533324 1063.996171
17 67.846196 1131.842367
18 67.433121 1199.275488
19 67.578815 1266.854303
20 67.647763 1334.502066
21 68.828086 1403.330152
22 68.618935 1471.949087
23 68.717577 1540.666664
24 69.019298 1609.685962
25 69.595847 1679.281809
26 68.712872 1747.994681
27 69.014763 1817.009444
28 69.399747 1886.409191
29 69.029118 1955.438309
30 69.600696 2025.039005
31 69.146535 2094.185540
32 68.362208 2162.547748
33 68.907737 2231.455485
34 68.956236 2300.411721
35 67.856255 2368.267976
36 69.717335 2437.985311
37 87.358866 2525.344177
38 70.204215 2595.548392
39 67.929544 2663.477936
40 68.207564 2731.685500
41 69.962809 2801.648309
42 68.920652 2870.568961
43 69.817176 2940.386137
44 70.167150 3010.553287
45 68.604245 3079.157532
46 69.314809 3148.472341
47 69.213221 3217.685562
48 69.046479 3286.732041
49 69.472589 3356.204630
50 70.606754 3426.811384
51 70.438951 3497.250335
52 69.433842 3566.684177
