#fmcad13 z3 encoding datacenter tree_200.20, instance vn2_5.3
init 0 0
1 3.421383 3.421383
2 3.455127 6.876510
3 3.495004 10.371514
4 3.394528 13.766042
5 3.362023 17.128065
6 3.312574 20.440639
7 3.106345 23.546984
8 3.176182 26.723166
9 3.100094 29.823260
10 2.961822 32.785082
11 3.001531 35.786613
12 2.938286 38.724899
13 2.888060 41.612959
14 2.877293 44.490252
15 2.855243 47.345495
16 2.724821 50.070316
17 2.637528 52.707844
18 2.741694 55.449538
19 2.624891 58.074429
20 2.511863 60.586292
21 2.636401 63.222693
22 2.385710 65.608403
23 2.433399 68.041802
24 2.452302 70.494104
25 2.315225 72.809329
26 2.285685 75.095014
27 2.262725 77.357739
28 2.373250 79.730989
29 2.158454 81.889443
30 2.130160 84.019603
31 2.134007 86.153610
32 2.271905 88.425515
33 2.048293 90.473808
34 1.980626 92.454434
35 1.969863 94.424297
36 1.786756 96.211053
37 2.030499 98.241552
38 1.995775 100.237327
39 1.882978 102.120305
40 1.783665 103.903970
41 1.585193 105.489163
42 1.557664 107.046827
43 1.481591 108.528418
44 1.587332 110.115750
45 1.616612 111.732362
46 1.449289 113.181651
47 1.490849 114.672500
48 1.294789 115.967289
49 1.246206 117.213495
50 1.214711 118.428206
51 1.230227 119.658433
52 1.175533 120.833966
53 0.996867 121.830833
done 53 0.098334 121.929167
