#fmcad13 z3 encoding datacenter tree16_200.20, instance vn2_5.2
init 0 0
1 3.698873 3.698873
2 3.579344 7.278217
3 3.519495 10.797712
4 3.709278 14.506990
5 3.811666 18.318656
6 3.641567 21.960223
7 3.699161 25.659384
8 3.737616 29.397000
9 3.635217 33.032217
10 3.414924 36.447141
11 3.542616 39.989757
12 3.552426 43.542183
13 3.594565 47.136748
14 3.442540 50.579288
15 3.537345 54.116633
16 3.341910 57.458543
17 3.605728 61.064271
18 3.456314 64.520585
19 9.550500 74.071085
20 9.558878 83.629963
21 7.235620 90.865583
22 9.322217 100.187800
23 8.935703 109.123503
24 8.465391 117.588894
25 6.782913 124.371807
26 759.441021 883.812828
27 7.159822 890.972650
28 10.027545 901.000195
29 8.236977 909.237172
30 7.277947 916.515119
31 545.389653 1461.904772
32 10.456736 1472.361508
33 1594.073781 3066.435289
34 9.695698 3076.130987
35 10.337592 3086.468579
36 9.797814 3096.266393
37 85.710630 3181.977023
38 381.205119 3563.182142
39 10.716770 3573.898912
