#fmcad13 z3 encoding datacenter tree16_400.20, instance vn2_5.3
init 0 0
1 8.455965 8.455965
2 8.482120 16.938085
3 8.469716 25.407801
4 8.684538 34.092339
5 8.502208 42.594547
6 8.658706 51.253253
7 8.455623 59.708876
8 8.458726 68.167602
9 8.487951 76.655553
10 8.370599 85.026152
11 8.258616 93.284768
12 8.183072 101.467840
13 8.364915 109.832755
14 8.174384 118.007139
15 8.380296 126.387435
16 8.305067 134.692502
17 8.220818 142.913320
18 8.095094 151.008414
19 8.288497 159.296911
20 8.188102 167.485013
21 8.232234 175.717247
22 8.163957 183.881204
23 8.197338 192.078542
24 65.020165 257.098707
25 16.666356 273.765063
26 64.087587 337.852650
27 748.569386 1086.422036
28 27.336039 1113.758075
29 22.137713 1135.895788
30 44.191947 1180.087735
31 263.703110 1443.790845
