#fmcad13 z3 encoding datacenter tree_200.20, instance vn2_3.3
init 0 0
1 1.181614 1.181614
2 1.212364 2.393978
3 1.162479 3.556457
4 1.176713 4.733170
5 1.126864 5.860034
6 1.144312 7.004346
7 1.182621 8.186967
8 1.193572 9.380539
9 1.131482 10.512021
10 1.121658 11.633679
11 1.097171 12.730850
12 1.074271 13.805121
13 1.070369 14.875490
14 1.047094 15.922584
15 1.072332 16.994916
16 1.050172 18.045088
17 1.007377 19.052465
18 1.000226 20.052691
19 1.012131 21.064822
20 0.985777 22.050599
21 0.973295 23.023894
22 0.986981 24.010875
23 0.966711 24.977586
24 0.974315 25.951901
25 0.932831 26.884732
26 0.967758 27.852490
27 0.971444 28.823934
28 0.983377 29.807311
29 0.967062 30.774373
30 0.890087 31.664460
31 0.945322 32.609782
32 0.932715 33.542497
33 0.917512 34.460009
34 0.908839 35.368848
35 0.947074 36.315922
36 0.891557 37.207479
37 0.913579 38.121058
38 0.892959 39.014017
39 0.902807 39.916824
40 0.860334 40.777158
41 0.849017 41.626175
42 0.889330 42.515505
43 0.886219 43.401724
44 0.865350 44.267074
45 0.820111 45.087185
46 0.838505 45.925690
47 0.819740 46.745430
48 0.841969 47.587399
49 0.833114 48.420513
50 0.783786 49.204299
51 0.733883 49.938182
52 0.782790 50.720972
53 0.771230 51.492202
54 0.793824 52.286026
55 0.790158 53.076184
56 0.801163 53.877347
57 0.781590 54.658937
58 0.758217 55.417154
59 0.782879 56.200033
60 0.754844 56.954877
61 0.723802 57.678679
62 0.784769 58.463448
63 0.753704 59.217152
64 0.742406 59.959558
65 0.748060 60.707618
66 0.736725 61.444343
67 0.693693 62.138036
68 0.676970 62.815006
69 0.671029 63.486035
70 0.689576 64.175611
71 0.708976 64.884587
72 0.680325 65.564912
73 0.683982 66.248894
74 0.653909 66.902803
75 0.684296 67.587099
76 0.647787 68.234886
77 0.687783 68.922669
78 0.614158 69.536827
79 0.588490 70.125317
80 0.608319 70.733636
81 0.614592 71.348228
82 0.625915 71.974143
83 0.549154 72.523297
84 0.537172 73.060469
85 0.563820 73.624289
86 0.533247 74.157536
87 0.556215 74.713751
88 0.490838 75.204589
done 88 0.056908 75.261497
