#fmcad13 z3 encoding datacenter tree16_400.20, instance vn2_5.2
init 0 0
1 7.862837 7.862837
2 7.834881 15.697718
3 7.997748 23.695466
4 7.862912 31.558378
5 7.838771 39.397149
6 7.745540 47.142689
7 8.060445 55.203134
8 7.920615 63.123749
9 7.848541 70.972290
10 7.667775 78.640065
11 7.620866 86.260931
12 7.685340 93.946271
13 7.531180 101.477451
14 7.553083 109.030534
15 7.560121 116.590655
16 7.597198 124.187853
17 7.605000 131.792853
18 7.497928 139.290781
19 7.437851 146.728632
20 7.370914 154.099546
21 7.417951 161.517497
22 1586.926655 1748.444152
23 223.751698 1972.195850
24 16.350167 1988.546017
25 711.217529 2699.763546
26 168.570452 2868.333998
27 18.031907 2886.365905
