#fmcad13 z3 encoding datacenter tree_200.20, instance vn2_5.2
init 0 0
1 3.578447 3.578447
2 3.591453 7.169900
3 3.510089 10.679989
4 3.423926 14.103915
5 3.218321 17.322236
6 3.248332 20.570568
7 3.568674 24.139242
8 3.523599 27.662841
9 3.350558 31.013399
10 3.143276 34.156675
11 3.235755 37.392430
12 3.151875 40.544305
13 2.997654 43.541959
14 2.974105 46.516064
15 2.902374 49.418438
16 2.807058 52.225496
17 3.108376 55.333872
18 3.051037 58.384909
19 2.552867 60.937776
20 2.656515 63.594291
21 2.516853 66.111144
22 2.395489 68.506633
23 2.394637 70.901270
24 2.345168 73.246438
25 2.287999 75.534437
26 2.184468 77.718905
27 2.235664 79.954569
28 2.317916 82.272485
29 2.138554 84.411039
30 2.055474 86.466513
31 2.209625 88.676138
32 2.229233 90.905371
33 1.996240 92.901611
34 1.948682 94.850293
35 1.984267 96.834560
36 1.844942 98.679502
37 1.808258 100.487760
38 1.814525 102.302285
39 1.709756 104.012041
40 1.773645 105.785686
41 1.680891 107.466577
42 1.574664 109.041241
43 1.507607 110.548848
44 1.545567 112.094415
45 1.393585 113.488000
46 1.319818 114.807818
47 1.276373 116.084191
48 1.251129 117.335320
49 1.185428 118.520748
50 1.127345 119.648093
51 0.989593 120.637686
52 1.007583 121.645269
53 1.056097 122.701366
done 53 0.099701 122.801067
