#fmcad13 z3 encoding datacenter tree_200.20, instance vn2_3.1
init 0 0
1 0.846094 0.846094
2 0.785786 1.631880
3 0.815677 2.447557
4 0.790540 3.238097
5 0.738666 3.976763
6 0.769917 4.746680
7 0.757645 5.504325
8 0.755755 6.260080
9 0.776925 7.037005
10 0.740226 7.777231
11 0.741152 8.518383
12 0.721421 9.239804
13 0.706148 9.945952
14 0.710780 10.656732
15 0.705908 11.362640
16 0.700103 12.062743
17 0.718157 12.780900
18 0.722916 13.503816
19 0.693739 14.197555
20 0.704600 14.902155
21 0.674199 15.576354
22 0.670562 16.246916
23 0.680981 16.927897
24 0.682173 17.610070
25 0.666491 18.276561
26 0.667386 18.943947
27 0.655157 19.599104
28 0.655295 20.254399
29 0.641758 20.896157
30 0.653781 21.549938
31 0.662675 22.212613
32 0.647230 22.859843
33 0.626178 23.486021
34 0.624876 24.110897
35 0.616986 24.727883
36 0.617624 25.345507
37 0.626805 25.972312
38 0.625436 26.597748
39 0.593533 27.191281
40 0.592738 27.784019
41 0.593294 28.377313
42 0.590407 28.967720
43 0.585528 29.553248
44 0.587721 30.140969
45 0.590994 30.731963
46 0.562055 31.294018
47 0.571504 31.865522
48 0.545771 32.411293
49 0.571031 32.982324
50 0.566909 33.549233
51 0.556170 34.105403
52 0.574569 34.679972
53 0.533661 35.213633
54 0.524889 35.738522
55 0.539435 36.277957
56 0.535456 36.813413
57 0.521332 37.334745
58 0.520767 37.855512
59 0.505508 38.361020
60 0.487880 38.848900
61 0.503343 39.352243
62 0.514628 39.866871
63 0.511241 40.378112
64 0.497540 40.875652
65 0.496258 41.371910
66 0.511124 41.883034
67 0.486611 42.369645
68 0.482568 42.852213
69 0.491577 43.343790
70 0.502888 43.846678
71 0.458581 44.305259
72 0.447918 44.753177
73 0.461907 45.215084
74 0.448241 45.663325
75 0.454234 46.117559
76 0.439599 46.557158
77 0.424694 46.981852
78 0.420165 47.402017
79 0.438496 47.840513
80 0.431677 48.272190
81 0.448063 48.720253
82 0.407015 49.127268
83 0.402468 49.529736
84 0.395689 49.925425
85 0.388388 50.313813
86 0.383044 50.696857
87 0.374810 51.071667
88 0.364001 51.435668
done 88 0.043992 51.479660
