#fmcad13 z3 encoding datacenter tree16_400.20, instance vn2_3.1
init 0 0
1 1.701134 1.701134
2 1.763460 3.464594
3 1.810523 5.275117
4 1.829586 7.104703
5 1.812265 8.916968
6 1.689304 10.606272
7 1.758293 12.364565
8 1.814877 14.179442
9 1.791016 15.970458
10 1.820565 17.791023
11 1.805852 19.596875
12 1.718099 21.314974
13 1.753364 23.068338
14 1.797056 24.865394
15 1.674083 26.539477
16 1.757373 28.296850
17 1.711050 30.007900
18 1.730760 31.738660
19 1.744580 33.483240
20 1.764663 35.247903
21 1.729281 36.977184
22 1.762441 38.739625
23 1.751606 40.491231
24 1.738556 42.229787
25 1.713646 43.943433
26 1.709084 45.652517
27 1.725416 47.377933
28 1.725193 49.103126
29 1.702935 50.806061
30 1.718788 52.524849
31 1.699913 54.224762
32 1.682540 55.907302
33 1.687758 57.595060
34 1.703398 59.298458
35 1.647451 60.945909
36 1.698842 62.644751
37 1.688519 64.333270
38 1.690490 66.023760
39 1.693344 67.717104
40 1.672532 69.389636
41 1.702596 71.092232
42 1.701156 72.793388
43 1.683735 74.477123
44 1.671456 76.148579
45 1.677534 77.826113
46 1.645061 79.471174
47 1.659988 81.131162
48 1.636039 82.767201
49 1.666718 84.433919
50 1.636745 86.070664
51 1.643342 87.714006
52 1.630179 89.344185
53 1.611762 90.955947
54 1.636000 92.591947
55 1.633263 94.225210
56 1.631948 95.857158
57 1.624277 97.481435
58 1.607928 99.089363
59 1.641448 100.730811
60 1.614194 102.345005
61 1.617167 103.962172
62 1.630186 105.592358
63 1.624493 107.216851
64 1.612196 108.829047
65 1.636019 110.465066
66 1.629616 112.094682
67 1.619486 113.714168
68 1.631062 115.345230
69 1.617414 116.962644
70 1.625245 118.587889
71 1.620672 120.208561
72 1.627845 121.836406
73 1.614353 123.450759
74 1.621214 125.071973
75 1.620217 126.692190
76 1.609834 128.302024
77 1.603417 129.905441
78 1.606726 131.512167
79 1.618169 133.130336
80 1.619952 134.750288
81 1.601400 136.351688
82 1.616813 137.968501
83 1.622769 139.591270
84 1.602617 141.193887
85 1.613824 142.807711
86 1.600463 144.408174
87 1.597627 146.005801
88 1.650236 147.656037
89 1.614433 149.270470
90 1.609219 150.879689
91 1.599396 152.479085
92 1.601703 154.080788
93 1.597022 155.677810
94 1.623525 157.301335
95 1.602094 158.903429
96 1.602284 160.505713
97 1.587821 162.093534
98 1.602369 163.695903
99 1.590619 165.286522
100 1.580638 166.867160
101 1.578760 168.445920
102 1.587184 170.033104
103 1.582499 171.615603
104 1.595446 173.211049
105 1.583031 174.794080
106 1.579709 176.373789
107 1.573599 177.947388
108 1.580579 179.527967
109 1.579306 181.107273
110 1.563146 182.670419
111 1.610414 184.280833
112 1.562168 185.843001
113 1.562243 187.405244
114 1.579048 188.984292
115 1.565000 190.549292
116 1.587586 192.136878
117 1.575094 193.711972
118 1.571270 195.283242
119 1.558344 196.841586
120 1.568584 198.410170
121 1.569428 199.979598
122 1.560689 201.540287
123 1.568047 203.108334
124 1.574246 204.682580
125 1.568363 206.250943
126 1.558055 207.808998
127 1.548439 209.357437
128 1.556664 210.914101
129 1.556441 212.470542
130 1.554010 214.024552
131 1.570420 215.594972
132 1.554810 217.149782
133 1.555800 218.705582
134 1.580211 220.285793
135 1.559180 221.844973
136 1.559592 223.404565
137 1.556731 224.961296
138 1.559583 226.520879
139 1.543589 228.064468
140 1.552585 229.617053
141 1.536042 231.153095
142 1.542694 232.695789
143 1.550317 234.246106
144 1.547313 235.793419
145 1.534500 237.327919
146 1.550800 238.878719
147 1.560301 240.439020
148 1.536448 241.975468
149 1.548723 243.524191
150 1.525760 245.049951
151 1.530530 246.580481
152 1.531639 248.112120
153 1.539229 249.651349
154 1.529178 251.180527
155 1.523426 252.703953
156 1.527890 254.231843
157 1.520066 255.751909
158 1.525697 257.277606
159 1.536749 258.814355
160 1.521120 260.335475
161 1.517714 261.853189
162 1.519533 263.372722
163 1.524766 264.897488
164 1.515577 266.413065
165 1.540041 267.953106
166 1.550778 269.503884
167 1.531628 271.035512
168 1.518540 272.554052
169 1.528878 274.082930
170 1.520922 275.603852
171 1.510633 277.114485
172 1.519072 278.633557
173 1.528495 280.162052
174 1.510495 281.672547
175 1.505693 283.178240
176 1.511501 284.689741
177 1.495503 286.185244
178 1.480365 287.665609
179 1.504141 289.169750
180 1.503020 290.672770
181 1.490071 292.162841
182 1.479085 293.641926
183 1.506910 295.148836
184 1.489590 296.638426
185 1.484211 298.122637
186 1.485851 299.608488
187 1.478581 301.087069
188 1.476105 302.563174
189 1.473518 304.036692
190 1.491658 305.528350
191 1.475842 307.004192
192 1.478727 308.482919
193 1.458286 309.941205
194 1.474202 311.415407
195 1.472065 312.887472
196 1.460324 314.347796
197 1.458113 315.805909
198 1.483538 317.289447
199 1.456049 318.745496
200 1.462410 320.207906
201 1.451138 321.659044
202 1.450206 323.109250
203 1.458122 324.567372
204 1.453148 326.020520
205 1.463540 327.484060
206 1.461041 328.945101
207 1.473282 330.418383
208 1.449315 331.867698
209 1.459640 333.327338
210 1.453442 334.780780
211 1.451403 336.232183
212 1.441089 337.673272
213 1.443275 339.116547
214 1.438982 340.555529
215 1.468897 342.024426
216 1.440543 343.464969
217 1.438304 344.903273
218 1.441695 346.344968
219 1.447318 347.792286
220 1.441945 349.234231
221 1.444272 350.678503
222 1.443252 352.121755
223 1.430447 353.552202
224 1.440847 354.993049
225 1.431357 356.424406
226 1.442037 357.866443
227 1.428694 359.295137
228 1.428490 360.723627
229 1.431735 362.155362
230 1.424516 363.579878
231 1.416251 364.996129
232 1.423076 366.419205
233 1.427188 367.846393
234 1.413772 369.260165
235 1.417274 370.677439
236 1.407741 372.085180
237 1.413572 373.498752
238 1.425079 374.923831
239 1.420132 376.343963
240 1.411034 377.754997
241 1.399185 379.154182
242 1.404629 380.558811
243 1.407788 381.966599
244 1.408978 383.375577
245 1.399952 384.775529
246 1.423985 386.199514
247 1.399521 387.599035
248 1.386165 388.985200
249 1.404498 390.389698
250 1.386141 391.775839
251 1.394596 393.170435
252 1.383627 394.554062
253 1.383302 395.937364
254 1.395454 397.332818
255 1.395693 398.728511
256 1.390528 400.119039
257 1.389679 401.508718
258 1.372696 402.881414
259 1.390934 404.272348
260 1.373060 405.645408
261 1.377872 407.023280
262 1.369376 408.392656
263 1.383081 409.775737
264 1.393488 411.169225
265 1.368944 412.538169
266 1.371475 413.909644
267 1.374002 415.283646
268 1.364618 416.648264
269 1.370822 418.019086
270 1.344666 419.363752
271 1.343199 420.706951
272 1.338316 422.045267
273 1.359577 423.404844
274 1.343756 424.748600
275 1.361431 426.110031
276 1.345720 427.455751
277 1.351809 428.807560
278 1.352758 430.160318
279 1.355337 431.515655
280 1.344417 432.860072
281 1.334539 434.194611
282 1.344808 435.539419
283 1.331826 436.871245
284 1.352267 438.223512
285 1.340005 439.563517
286 1.334121 440.897638
287 1.352190 442.249828
288 1.350823 443.600651
289 1.339012 444.939663
290 1.328089 446.267752
291 1.335784 447.603536
292 1.340304 448.943840
293 1.326314 450.270154
294 1.325344 451.595498
295 1.351901 452.947399
296 1.324601 454.272000
297 1.336967 455.608967
298 1.373079 456.982046
299 1.320089 458.302135
300 1.307668 459.609803
301 1.302072 460.911875
302 1.314226 462.226101
303 1.308226 463.534327
304 1.301650 464.835977
305 1.299844 466.135821
306 1.299152 467.434973
307 1.304424 468.739397
308 1.290953 470.030350
309 1.293929 471.324279
310 1.306199 472.630478
311 1.291057 473.921535
312 1.287629 475.209164
313 1.315637 476.524801
314 1.304002 477.828803
315 1.296067 479.124870
316 1.291676 480.416546
317 1.283906 481.700452
318 1.284835 482.985287
319 1.281801 484.267088
320 1.259216 485.526304
321 1.276913 486.803217
322 1.263646 488.066863
323 1.265688 489.332551
324 1.270205 490.602756
325 1.271917 491.874673
326 1.260181 493.134854
327 1.269049 494.403903
328 1.251990 495.655893
329 1.244292 496.900185
330 1.249976 498.150161
331 1.283992 499.434153
332 1.267226 500.701379
333 1.255833 501.957212
334 1.245507 503.202719
335 1.237120 504.439839
336 1.251511 505.691350
337 1.256521 506.947871
338 1.241513 508.189384
339 1.242890 509.432274
340 7.786687 517.218961
341 2.292087 519.511048
342 1.296323 520.807371
343 1.228124 522.035495
344 1.228576 523.264071
345 1.259197 524.523268
346 1.240217 525.763485
347 1.247731 527.011216
348 1.220857 528.232073
349 1.254120 529.486193
350 1.230730 530.716923
351 1.225809 531.942732
352 1.236658 533.179390
353 1.220510 534.399900
354 1.225703 535.625603
355 1.231138 536.856741
356 1.224848 538.081589
357 1.223367 539.304956
358 1.217661 540.522617
359 1.222230 541.744847
360 1.224481 542.969328
361 1.222070 544.191398
362 1.225096 545.416494
363 1.215765 546.632259
364 1.221515 547.853774
365 1.210219 549.063993
366 1.223172 550.287165
367 1.215574 551.502739
368 1.214022 552.716761
369 1.221686 553.938447
370 1.240451 555.178898
371 1.197336 556.376234
372 1.196905 557.573139
373 1.183932 558.757071
374 1.187037 559.944108
375 1.180817 561.124925
376 1.184944 562.309869
377 1.187031 563.496900
378 1.200679 564.697579
379 1.186617 565.884196
380 1.190707 567.074903
381 1.185498 568.260401
382 1.204196 569.464597
383 1.189974 570.654571
384 1.190599 571.845170
385 1.204404 573.049574
386 1.187910 574.237484
387 1.186379 575.423863
388 1.188233 576.612096
389 1.189344 577.801440
390 1.160581 578.962021
391 1.164154 580.126175
392 1.174621 581.300796
393 1.170226 582.471022
394 1.172144 583.643166
395 1.166330 584.809496
396 1.166041 585.975537
397 1.161670 587.137207
398 1.152336 588.289543
399 1.147512 589.437055
400 1.145423 590.582478
401 1.152987 591.735465
402 1.157004 592.892469
403 1.147845 594.040314
404 1.159059 595.199373
405 1.151999 596.351372
406 1.143582 597.494954
407 1.158573 598.653527
408 1.146687 599.800214
409 2.095702 601.895916
410 2.105117 604.001033
411 1.172736 605.173769
412 1.148097 606.321866
413 1.138457 607.460323
414 1.149705 608.610028
415 1.139494 609.749522
416 1.141676 610.891198
417 1.170127 612.061325
418 1.137756 613.199081
419 1.120868 614.319949
420 1.123117 615.443066
421 1.119947 616.563013
422 1.112487 617.675500
423 1.107909 618.783409
424 1.109593 619.893002
425 1.116088 621.009090
426 1.107632 622.116722
427 1.110165 623.226887
428 1.107816 624.334703
429 1.103746 625.438449
430 1.100995 626.539444
431 1.102026 627.641470
432 1.098630 628.740100
433 1.116768 629.856868
434 1.112265 630.969133
435 1.099334 632.068467
436 1.084527 633.152994
437 1.114493 634.267487
438 1.086391 635.353878
439 1.109194 636.463072
440 1.104495 637.567567
441 1.100643 638.668210
442 1.088750 639.756960
443 1.115490 640.872450
444 1.087233 641.959683
445 1.095448 643.055131
446 1.095592 644.150723
447 1.079391 645.230114
448 1.085988 646.316102
449 1.082278 647.398380
450 1.079666 648.478046
451 1.076461 649.554507
452 1.115716 650.670223
453 1.071880 651.742103
454 1.072317 652.814420
455 1.067906 653.882326
456 1.071833 654.954159
457 1.075648 656.029807
458 1.079924 657.109731
459 1.075420 658.185151
460 1.065249 659.250400
461 1.062354 660.312754
462 1.099034 661.411788
463 1.071638 662.483426
464 1.052640 663.536066
465 1.046412 664.582478
466 1.049308 665.631786
467 1.050290 666.682076
468 1.051326 667.733402
469 1.036895 668.770297
470 1.039794 669.810091
471 1.037226 670.847317
472 1.048790 671.896107
473 1.048594 672.944701
474 1.048870 673.993571
475 1.041991 675.035562
476 1.038565 676.074127
477 1.049214 677.123341
478 1.045074 678.168415
479 1.041714 679.210129
480 1.039660 680.249789
481 1.037074 681.286863
482 1.037633 682.324496
483 1.027131 683.351627
484 1.033922 684.385549
485 1.058632 685.444181
486 1.035898 686.480079
487 1.030802 687.510881
488 1.042613 688.553494
489 1.031307 689.584801
490 1.038227 690.623028
491 1.034999 691.658027
492 1.022232 692.680259
493 1.034903 693.715162
494 1.012108 694.727270
495 1.023841 695.751111
496 1.016645 696.767756
497 1.008416 697.776172
498 1.019382 698.795554
499 1.006877 699.802431
500 0.996651 700.799082
501 0.997603 701.796685
502 1.007369 702.804054
503 0.999368 703.803422
504 0.992736 704.796158
505 1.000371 705.796529
506 0.989213 706.785742
507 0.991503 707.777245
508 0.982191 708.759436
509 0.999439 709.758875
510 0.989731 710.748606
511 1.004945 711.753551
512 1.004953 712.758504
513 1.011587 713.770091
514 0.992930 714.763021
515 0.997148 715.760169
516 0.985289 716.745458
517 0.985339 717.730797
518 0.977644 718.708441
519 0.981038 719.689479
520 0.972212 720.661691
521 0.967512 721.629203
522 0.966907 722.596110
523 0.959576 723.555686
524 0.966918 724.522604
525 0.967741 725.490345
526 0.973284 726.463629
527 0.964290 727.427919
528 0.957987 728.385906
529 0.954026 729.339932
530 0.990398 730.330330
531 0.961285 731.291615
532 0.964604 732.256219
533 0.969969 733.226188
534 0.951315 734.177503
535 0.961341 735.138844
536 0.985075 736.123919
537 0.969067 737.092986
538 0.976682 738.069668
539 0.945578 739.015246
540 0.962444 739.977690
541 0.951255 740.928945
542 0.962874 741.891819
543 0.981026 742.872845
544 0.961415 743.834260
545 0.955282 744.789542
546 0.946019 745.735561
547 0.956581 746.692142
548 0.932721 747.624863
549 0.939789 748.564652
550 0.935436 749.500088
551 0.937594 750.437682
552 0.930848 751.368530
553 0.926975 752.295505
554 0.925884 753.221389
555 0.929510 754.150899
556 0.930224 755.081123
557 0.926382 756.007505
558 0.935594 756.943099
559 0.936502 757.879601
560 0.918729 758.798330
561 0.924148 759.722478
562 0.919610 760.642088
563 0.906601 761.548689
564 0.910260 762.458949
565 0.913996 763.372945
566 0.907565 764.280510
567 0.905720 765.186230
568 0.906093 766.092323
569 0.917831 767.010154
570 0.903208 767.913362
571 0.896045 768.809407
572 0.900715 769.710122
573 0.896554 770.606676
574 0.893048 771.499724
575 0.900341 772.400065
576 0.903016 773.303081
577 0.897337 774.200418
578 0.896144 775.096562
579 0.912063 776.008625
580 0.895595 776.904220
581 0.888266 777.792486
582 0.905633 778.698119
583 0.900359 779.598478
584 0.882109 780.480587
585 0.892950 781.373537
586 0.887155 782.260692
587 0.882061 783.142753
588 0.886956 784.029709
589 0.885231 784.914940
590 0.882408 785.797348
591 0.887386 786.684734
592 0.883256 787.567990
593 0.882244 788.450234
594 0.872615 789.322849
595 0.874611 790.197460
596 0.867324 791.064784
597 0.872990 791.937774
598 0.878804 792.816578
599 0.859828 793.676406
600 0.859482 794.535888
601 0.863098 795.398986
602 0.866881 796.265867
603 0.861230 797.127097
604 0.876327 798.003424
605 0.861866 798.865290
606 0.859756 799.725046
607 0.854592 800.579638
608 0.876750 801.456388
609 0.867695 802.324083
610 0.863209 803.187292
611 0.866485 804.053777
612 0.860251 804.914028
613 0.860131 805.774159
614 0.846563 806.620722
615 0.861427 807.482149
616 0.852454 808.334603
617 0.849175 809.183778
618 0.843294 810.027072
619 0.832360 810.859432
620 0.839795 811.699227
621 0.830952 812.530179
622 0.837195 813.367374
623 0.830540 814.197914
624 0.834761 815.032675
625 0.830019 815.862694
626 0.824302 816.686996
627 0.839978 817.526974
628 0.826225 818.353199
629 0.819966 819.173165
630 0.819346 819.992511
631 0.824442 820.816953
632 0.826540 821.643493
633 0.822366 822.465859
634 0.828843 823.294702
635 0.830415 824.125117
636 0.812179 824.937296
637 0.820891 825.758187
638 0.819426 826.577613
639 0.815607 827.393220
640 0.824645 828.217865
641 0.816721 829.034586
642 0.805235 829.839821
643 0.806445 830.646266
644 0.798355 831.444621
645 0.802877 832.247498
646 0.798009 833.045507
647 0.799052 833.844559
648 0.804365 834.648924
649 0.795869 835.444793
650 0.793497 836.238290
651 0.799337 837.037627
652 0.807939 837.845566
653 0.808574 838.654140
654 0.808099 839.462239
655 0.809514 840.271753
656 0.799713 841.071466
657 0.789331 841.860797
658 0.786020 842.646817
659 0.787640 843.434457
660 0.785219 844.219676
661 0.790036 845.009712
662 0.779594 845.789306
663 0.786338 846.575644
664 0.773667 847.349311
665 0.780446 848.129757
666 0.777228 848.906985
667 0.776470 849.683455
668 0.772006 850.455461
669 0.778535 851.233996
670 0.782765 852.016761
671 0.770566 852.787327
672 0.766213 853.553540
673 0.762088 854.315628
674 0.777237 855.092865
675 0.777654 855.870519
676 0.772381 856.642900
677 0.770214 857.413114
678 0.768559 858.181673
679 0.762830 858.944503
680 0.753860 859.698363
681 0.753952 860.452315
682 0.754676 861.206991
683 0.752156 861.959147
684 0.749826 862.708973
685 0.737848 863.446821
686 0.763015 864.209836
687 0.734492 864.944328
688 0.736761 865.681089
689 0.736000 866.417089
690 0.752453 867.169542
691 0.755430 867.924972
692 0.730736 868.655708
693 0.732895 869.388603
694 0.731271 870.119874
695 0.722494 870.842368
696 0.735885 871.578253
697 0.709650 872.287903
698 0.706001 872.993904
699 0.709857 873.703761
700 0.701020 874.404781
701 0.710861 875.115642
702 0.693572 875.809214
703 0.696175 876.505389
704 0.689011 877.194400
705 0.691430 877.885830
706 0.686989 878.572819
707 0.687837 879.260656
708 0.685010 879.945666
709 0.679364 880.625030
710 0.679222 881.304252
711 0.677965 881.982217
done 711 0.111980 882.094197
