#fmcad13 z3 encoding datacenter tree16_2000.20, instance vn2_5.1
init 0 0
1 65.581502 65.581502
2 69.901683 135.483185
3 66.735790 202.218975
4 72.145157 274.364132
5 69.776415 344.140547
6 71.756826 415.897373
7 70.962562 486.859935
8 70.951046 557.810981
9 67.791880 625.602861
10 71.920253 697.523114
11 70.374027 767.897141
12 71.657533 839.554674
13 68.071376 907.626050
14 72.229355 979.855405
15 73.234975 1053.090380
16 72.108254 1125.198634
17 72.558968 1197.757602
18 72.423134 1270.180736
19 71.984984 1342.165720
20 70.693675 1412.859395
21 72.344274 1485.203669
22 71.201949 1556.405618
23 71.352148 1627.757766
24 71.642137 1699.399903
25 70.644872 1770.044775
26 71.173561 1841.218336
27 71.632275 1912.850611
28 71.776530 1984.627141
29 70.811765 2055.438906
30 72.956553 2128.395459
31 72.317069 2200.712528
32 72.617331 2273.329859
33 71.535159 2344.865018
34 71.326541 2416.191559
35 71.465679 2487.657238
36 71.065975 2558.723213
37 72.050856 2630.774069
38 71.399350 2702.173419
39 72.205120 2774.378539
40 71.714001 2846.092540
41 72.544293 2918.636833
42 72.693393 2991.330226
43 73.010826 3064.341052
44 70.234627 3134.575679
45 71.218155 3205.793834
46 72.537860 3278.331694
47 72.002176 3350.333870
48 73.674972 3424.008842
49 72.458198 3496.467040
50 73.296769 3569.763809
