[runlim] version:		1.7
[runlim] time limit:		3600 seconds
[runlim] real time limit:	311040000 seconds
[runlim] space limit:		80000 MB
[runlim] argv[0]:		python3.6
[runlim] argv[1]:		./netsolver-gurobi-mod.py
[runlim] argv[2]:		../../../instances/fattree-bcube/BCube_n12_k2_bw10_cpu16.pn
[runlim] argv[3]:		../../../instances/fattree-bcube/instance_list_12vm_rnd.txt
[runlim] argv[4]:		False
[runlim] argv[5]:		True
[runlim] argv[6]:		timelogs/results.BCube_n12_k2_bw10_cpu16.pn.instance_list_12vm_rnd.txt.log
[runlim] start:			Sat Oct  5 04:38:09 2019
[runlim] main pid:		31748
Academic license - for non-commercial use only
[runlim] sample:		10.0 seconds, 287.3 MB
[runlim] sample:		20.0 seconds, 346.5 MB
[runlim] sample:		30.0 seconds, 348.5 MB
[runlim] sample:		40.0 seconds, 407.4 MB
[runlim] sample:		50.0 seconds, 377.3 MB
[runlim] sample:		60.0 seconds, 409.4 MB
[runlim] sample:		70.0 seconds, 425.5 MB
[runlim] sample:		80.0 seconds, 378.1 MB
[runlim] sample:		90.0 seconds, 424.2 MB
[runlim] sample:		100.0 seconds, 392.8 MB
[runlim] sample:		110.0 seconds, 404.6 MB
[runlim] sample:		120.0 seconds, 424.1 MB
[runlim] sample:		130.0 seconds, 428.9 MB
[runlim] sample:		140.0 seconds, 429.1 MB
[runlim] sample:		150.0 seconds, 442.0 MB
[runlim] sample:		160.0 seconds, 469.5 MB
[runlim] sample:		170.0 seconds, 459.0 MB
[runlim] sample:		180.0 seconds, 460.5 MB
[runlim] sample:		190.0 seconds, 454.0 MB
[runlim] sample:		200.0 seconds, 437.7 MB
[runlim] sample:		210.0 seconds, 450.5 MB
[runlim] sample:		220.0 seconds, 455.3 MB
[runlim] sample:		230.0 seconds, 436.4 MB
[runlim] sample:		240.0 seconds, 432.2 MB
[runlim] sample:		250.0 seconds, 432.2 MB
[runlim] sample:		260.0 seconds, 432.2 MB
[runlim] sample:		270.0 seconds, 427.6 MB
[runlim] sample:		280.0 seconds, 432.6 MB
[runlim] sample:		290.0 seconds, 428.1 MB
[runlim] sample:		300.0 seconds, 435.1 MB
[runlim] sample:		310.0 seconds, 414.7 MB
[runlim] sample:		320.0 seconds, 421.5 MB
[runlim] sample:		330.0 seconds, 420.0 MB
[runlim] sample:		340.0 seconds, 415.2 MB
[runlim] sample:		350.0 seconds, 418.5 MB
[runlim] sample:		360.0 seconds, 428.1 MB
[runlim] sample:		370.0 seconds, 446.5 MB
[runlim] sample:		380.0 seconds, 445.4 MB
[runlim] sample:		390.0 seconds, 447.0 MB
[runlim] sample:		400.0 seconds, 459.0 MB
[runlim] sample:		410.0 seconds, 460.0 MB
[runlim] sample:		420.0 seconds, 443.7 MB
[runlim] sample:		431.4 seconds, 435.3 MB
[runlim] sample:		441.4 seconds, 426.0 MB
[runlim] sample:		453.0 seconds, 462.1 MB
[runlim] sample:		464.8 seconds, 478.9 MB
[runlim] sample:		475.0 seconds, 387.4 MB
[runlim] sample:		485.0 seconds, 394.5 MB
[runlim] sample:		495.0 seconds, 412.8 MB
[runlim] sample:		505.0 seconds, 422.8 MB
[runlim] sample:		515.0 seconds, 441.2 MB
[runlim] sample:		525.0 seconds, 435.7 MB
[runlim] sample:		535.0 seconds, 417.1 MB
[runlim] sample:		545.0 seconds, 364.8 MB
[runlim] sample:		555.0 seconds, 383.1 MB
[runlim] sample:		565.0 seconds, 385.3 MB
[runlim] sample:		575.0 seconds, 422.3 MB
[runlim] sample:		585.0 seconds, 370.4 MB
[runlim] sample:		595.0 seconds, 398.5 MB
[runlim] sample:		605.0 seconds, 395.4 MB
[runlim] sample:		615.0 seconds, 405.7 MB
[runlim] sample:		625.0 seconds, 424.9 MB
[runlim] sample:		635.0 seconds, 379.3 MB
[runlim] sample:		645.0 seconds, 379.9 MB
[runlim] sample:		655.0 seconds, 400.9 MB
[runlim] sample:		665.0 seconds, 387.1 MB
[runlim] sample:		675.0 seconds, 406.0 MB
[runlim] sample:		685.0 seconds, 408.3 MB
[runlim] sample:		695.0 seconds, 399.3 MB
[runlim] sample:		705.0 seconds, 394.8 MB
[runlim] sample:		715.0 seconds, 408.2 MB
[runlim] sample:		725.0 seconds, 404.1 MB
[runlim] sample:		735.0 seconds, 401.6 MB
[runlim] sample:		745.0 seconds, 370.3 MB
[runlim] sample:		755.0 seconds, 358.5 MB
[runlim] sample:		765.0 seconds, 370.0 MB
[runlim] sample:		775.0 seconds, 395.9 MB
[runlim] sample:		785.0 seconds, 382.9 MB
[runlim] sample:		795.0 seconds, 383.1 MB
[runlim] sample:		805.0 seconds, 408.5 MB
[runlim] sample:		815.0 seconds, 366.6 MB
[runlim] sample:		825.0 seconds, 358.3 MB
[runlim] sample:		835.0 seconds, 436.6 MB
[runlim] sample:		845.0 seconds, 397.0 MB
[runlim] sample:		855.0 seconds, 384.6 MB
[runlim] sample:		865.0 seconds, 373.8 MB
[runlim] sample:		875.0 seconds, 384.6 MB
[runlim] sample:		885.0 seconds, 378.6 MB
[runlim] sample:		895.0 seconds, 398.8 MB
[runlim] sample:		905.0 seconds, 409.8 MB
[runlim] sample:		915.0 seconds, 399.5 MB
[runlim] sample:		925.0 seconds, 388.4 MB
[runlim] sample:		935.0 seconds, 395.4 MB
[runlim] sample:		945.0 seconds, 412.7 MB
[runlim] sample:		955.0 seconds, 402.6 MB
[runlim] sample:		965.0 seconds, 396.2 MB
[runlim] sample:		975.0 seconds, 401.3 MB
[runlim] sample:		985.0 seconds, 402.3 MB
[runlim] sample:		995.0 seconds, 381.6 MB
[runlim] sample:		1005.0 seconds, 393.2 MB
[runlim] sample:		1015.0 seconds, 414.8 MB
[runlim] sample:		1025.0 seconds, 384.7 MB
[runlim] sample:		1035.0 seconds, 386.9 MB
[runlim] sample:		1045.0 seconds, 428.0 MB
[runlim] sample:		1055.0 seconds, 384.3 MB
[runlim] sample:		1065.0 seconds, 431.3 MB
[runlim] sample:		1075.0 seconds, 398.5 MB
[runlim] sample:		1085.0 seconds, 403.9 MB
[runlim] sample:		1095.0 seconds, 384.6 MB
[runlim] sample:		1105.0 seconds, 393.8 MB
[runlim] sample:		1115.0 seconds, 395.3 MB
[runlim] sample:		1125.0 seconds, 400.8 MB
[runlim] sample:		1135.0 seconds, 394.8 MB
[runlim] sample:		1145.0 seconds, 413.1 MB
[runlim] sample:		1155.0 seconds, 437.3 MB
[runlim] sample:		1165.0 seconds, 408.6 MB
[runlim] sample:		1175.0 seconds, 390.7 MB
[runlim] sample:		1185.0 seconds, 391.8 MB
[runlim] sample:		1195.0 seconds, 398.8 MB
[runlim] sample:		1205.0 seconds, 398.4 MB
[runlim] sample:		1215.0 seconds, 397.2 MB
[runlim] sample:		1225.0 seconds, 410.3 MB
[runlim] sample:		1235.0 seconds, 405.8 MB
[runlim] sample:		1245.0 seconds, 421.4 MB
[runlim] sample:		1255.0 seconds, 417.4 MB
[runlim] sample:		1265.0 seconds, 416.8 MB
[runlim] sample:		1275.0 seconds, 418.9 MB
[runlim] sample:		1285.0 seconds, 422.8 MB
[runlim] sample:		1295.0 seconds, 418.4 MB
[runlim] sample:		1305.0 seconds, 411.1 MB
[runlim] sample:		1315.0 seconds, 365.0 MB
[runlim] sample:		1325.0 seconds, 386.8 MB
[runlim] sample:		1335.0 seconds, 410.0 MB
[runlim] sample:		1345.0 seconds, 406.0 MB
[runlim] sample:		1355.0 seconds, 402.8 MB
[runlim] sample:		1365.0 seconds, 406.5 MB
[runlim] sample:		1375.0 seconds, 401.0 MB
[runlim] sample:		1385.0 seconds, 400.8 MB
[runlim] sample:		1395.0 seconds, 406.5 MB
[runlim] sample:		1405.0 seconds, 411.8 MB
[runlim] sample:		1415.0 seconds, 416.8 MB
[runlim] sample:		1425.0 seconds, 432.7 MB
[runlim] sample:		1435.0 seconds, 427.7 MB
[runlim] sample:		1445.0 seconds, 432.3 MB
[runlim] sample:		1455.0 seconds, 428.9 MB
[runlim] sample:		1465.0 seconds, 370.5 MB
[runlim] sample:		1475.0 seconds, 391.3 MB
[runlim] sample:		1485.0 seconds, 429.7 MB
[runlim] sample:		1495.0 seconds, 378.5 MB
[runlim] sample:		1505.0 seconds, 402.3 MB
[runlim] sample:		1515.0 seconds, 404.6 MB
[runlim] sample:		1525.0 seconds, 403.4 MB
[runlim] sample:		1535.0 seconds, 415.5 MB
[runlim] sample:		1545.0 seconds, 417.2 MB
[runlim] sample:		1555.0 seconds, 422.8 MB
[runlim] sample:		1565.0 seconds, 416.9 MB
[runlim] sample:		1575.0 seconds, 361.0 MB
[runlim] sample:		1585.0 seconds, 399.9 MB
[runlim] sample:		1595.0 seconds, 427.5 MB
[runlim] sample:		1605.0 seconds, 427.9 MB
[runlim] sample:		1615.0 seconds, 370.6 MB
[runlim] sample:		1625.0 seconds, 413.9 MB
[runlim] sample:		1635.0 seconds, 432.4 MB
[runlim] sample:		1645.0 seconds, 379.8 MB
[runlim] sample:		1655.0 seconds, 424.5 MB
[runlim] sample:		1665.0 seconds, 428.5 MB
[runlim] sample:		1675.0 seconds, 379.4 MB
[runlim] sample:		1685.0 seconds, 409.6 MB
[runlim] sample:		1695.0 seconds, 410.5 MB
[runlim] sample:		1705.0 seconds, 410.0 MB
[runlim] sample:		1715.0 seconds, 423.6 MB
[runlim] sample:		1725.0 seconds, 432.5 MB
[runlim] sample:		1735.0 seconds, 379.6 MB
[runlim] sample:		1745.0 seconds, 408.8 MB
[runlim] sample:		1755.0 seconds, 414.1 MB
[runlim] sample:		1765.0 seconds, 423.1 MB
[runlim] sample:		1775.0 seconds, 432.9 MB
[runlim] sample:		1785.0 seconds, 395.0 MB
[runlim] sample:		1795.0 seconds, 394.6 MB
[runlim] sample:		1805.0 seconds, 401.6 MB
[runlim] sample:		1815.0 seconds, 401.4 MB
[runlim] sample:		1825.0 seconds, 400.9 MB
[runlim] sample:		1835.0 seconds, 404.1 MB
[runlim] sample:		1845.0 seconds, 372.3 MB
[runlim] sample:		1855.0 seconds, 392.3 MB
[runlim] sample:		1865.0 seconds, 407.5 MB
[runlim] sample:		1875.0 seconds, 427.3 MB
[runlim] sample:		1885.0 seconds, 378.5 MB
[runlim] sample:		1895.0 seconds, 372.8 MB
[runlim] sample:		1905.0 seconds, 423.3 MB
[runlim] sample:		1915.0 seconds, 422.0 MB
[runlim] sample:		1925.0 seconds, 427.4 MB
[runlim] sample:		1935.0 seconds, 426.8 MB
[runlim] sample:		1945.0 seconds, 416.3 MB
[runlim] sample:		1955.0 seconds, 367.5 MB
[runlim] sample:		1965.0 seconds, 369.9 MB
[runlim] sample:		1975.0 seconds, 416.1 MB
[runlim] sample:		1985.0 seconds, 368.3 MB
[runlim] sample:		1995.0 seconds, 428.7 MB
[runlim] sample:		2005.0 seconds, 378.5 MB
[runlim] sample:		2015.0 seconds, 392.9 MB
[runlim] sample:		2025.0 seconds, 406.4 MB
[runlim] sample:		2035.0 seconds, 427.8 MB
[runlim] sample:		2045.0 seconds, 432.8 MB
[runlim] sample:		2055.0 seconds, 379.6 MB
[runlim] sample:		2065.0 seconds, 409.9 MB
[runlim] sample:		2075.0 seconds, 409.0 MB
[runlim] sample:		2085.0 seconds, 413.9 MB
[runlim] sample:		2095.0 seconds, 416.2 MB
[runlim] sample:		2105.0 seconds, 412.2 MB
[runlim] sample:		2115.0 seconds, 409.7 MB
[runlim] sample:		2125.0 seconds, 409.7 MB
[runlim] sample:		2135.0 seconds, 432.3 MB
[runlim] sample:		2145.0 seconds, 380.3 MB
[runlim] sample:		2155.0 seconds, 418.7 MB
[runlim] sample:		2165.0 seconds, 375.3 MB
[runlim] sample:		2175.0 seconds, 395.6 MB
[runlim] sample:		2185.0 seconds, 404.3 MB
[runlim] sample:		2195.0 seconds, 404.0 MB
[runlim] sample:		2205.0 seconds, 403.8 MB
[runlim] sample:		2215.0 seconds, 398.4 MB
[runlim] sample:		2225.0 seconds, 434.1 MB
[runlim] sample:		2235.0 seconds, 431.9 MB
[runlim] sample:		2245.0 seconds, 392.2 MB
[runlim] sample:		2255.0 seconds, 402.8 MB
[runlim] sample:		2265.0 seconds, 427.0 MB
[runlim] sample:		2275.0 seconds, 372.8 MB
[runlim] sample:		2285.0 seconds, 407.5 MB
[runlim] sample:		2295.0 seconds, 402.1 MB
[runlim] sample:		2305.0 seconds, 396.6 MB
[runlim] sample:		2315.0 seconds, 415.3 MB
[runlim] sample:		2325.0 seconds, 414.4 MB
[runlim] sample:		2335.0 seconds, 420.6 MB
[runlim] sample:		2345.0 seconds, 400.9 MB
[runlim] sample:		2355.0 seconds, 390.5 MB
[runlim] sample:		2365.0 seconds, 417.5 MB
[runlim] sample:		2375.0 seconds, 419.5 MB
[runlim] sample:		2385.0 seconds, 432.6 MB
[runlim] sample:		2395.0 seconds, 389.0 MB
[runlim] sample:		2405.0 seconds, 392.8 MB
[runlim] sample:		2415.0 seconds, 423.1 MB
[runlim] sample:		2425.0 seconds, 419.4 MB
[runlim] sample:		2435.0 seconds, 432.1 MB
[runlim] sample:		2445.0 seconds, 382.7 MB
[runlim] sample:		2455.0 seconds, 423.8 MB
[runlim] sample:		2465.0 seconds, 391.1 MB
[runlim] sample:		2475.0 seconds, 435.3 MB
[runlim] sample:		2485.0 seconds, 386.1 MB
[runlim] sample:		2495.0 seconds, 419.0 MB
[runlim] sample:		2505.0 seconds, 372.3 MB
[runlim] sample:		2515.0 seconds, 413.5 MB
[runlim] sample:		2525.0 seconds, 411.6 MB
[runlim] sample:		2535.0 seconds, 412.9 MB
[runlim] sample:		2545.0 seconds, 412.8 MB
[runlim] sample:		2555.0 seconds, 412.6 MB
[runlim] sample:		2565.0 seconds, 411.8 MB
[runlim] sample:		2575.0 seconds, 411.8 MB
[runlim] sample:		2585.0 seconds, 411.3 MB
[runlim] sample:		2595.0 seconds, 379.3 MB
[runlim] sample:		2605.0 seconds, 407.9 MB
[runlim] sample:		2615.0 seconds, 436.6 MB
[runlim] sample:		2625.0 seconds, 436.7 MB
[runlim] sample:		2635.0 seconds, 433.5 MB
[runlim] sample:		2645.0 seconds, 379.7 MB
[runlim] sample:		2655.0 seconds, 406.4 MB
[runlim] sample:		2665.0 seconds, 404.4 MB
[runlim] sample:		2675.0 seconds, 431.9 MB
[runlim] sample:		2685.0 seconds, 379.3 MB
[runlim] sample:		2695.0 seconds, 403.6 MB
[runlim] sample:		2705.0 seconds, 411.2 MB
[runlim] sample:		2715.0 seconds, 415.4 MB
[runlim] sample:		2725.0 seconds, 411.5 MB
[runlim] sample:		2735.0 seconds, 411.4 MB
[runlim] sample:		2745.0 seconds, 425.6 MB
[runlim] sample:		2755.0 seconds, 439.1 MB
[runlim] sample:		2765.0 seconds, 399.4 MB
[runlim] sample:		2775.0 seconds, 397.3 MB
[runlim] sample:		2785.0 seconds, 393.9 MB
[runlim] sample:		2795.0 seconds, 430.2 MB
[runlim] sample:		2805.0 seconds, 373.0 MB
[runlim] sample:		2815.0 seconds, 423.7 MB
[runlim] sample:		2825.0 seconds, 428.2 MB
[runlim] sample:		2835.0 seconds, 374.5 MB
[runlim] sample:		2845.0 seconds, 406.3 MB
[runlim] sample:		2855.0 seconds, 420.2 MB
[runlim] sample:		2865.0 seconds, 422.8 MB
[runlim] sample:		2875.0 seconds, 373.3 MB
[runlim] sample:		2885.0 seconds, 416.8 MB
[runlim] sample:		2895.0 seconds, 375.0 MB
[runlim] sample:		2905.0 seconds, 411.6 MB
[runlim] sample:		2915.0 seconds, 418.1 MB
[runlim] sample:		2925.0 seconds, 423.2 MB
[runlim] sample:		2935.0 seconds, 373.0 MB
[runlim] sample:		2945.0 seconds, 417.4 MB
[runlim] sample:		2955.0 seconds, 379.5 MB
[runlim] sample:		2965.0 seconds, 406.2 MB
[runlim] sample:		2975.0 seconds, 389.0 MB
[runlim] sample:		2985.0 seconds, 398.8 MB
[runlim] sample:		2995.0 seconds, 398.9 MB
[runlim] sample:		3005.0 seconds, 432.7 MB
[runlim] sample:		3015.0 seconds, 383.9 MB
[runlim] sample:		3025.0 seconds, 399.1 MB
[runlim] sample:		3035.0 seconds, 417.8 MB
[runlim] sample:		3045.0 seconds, 432.2 MB
[runlim] sample:		3055.0 seconds, 380.3 MB
[runlim] sample:		3065.0 seconds, 433.6 MB
[runlim] sample:		3075.0 seconds, 383.5 MB
[runlim] sample:		3085.0 seconds, 412.6 MB
[runlim] sample:		3095.0 seconds, 413.8 MB
[runlim] sample:		3105.0 seconds, 413.6 MB
[runlim] sample:		3115.0 seconds, 414.4 MB
[runlim] sample:		3125.0 seconds, 414.2 MB
[runlim] sample:		3135.0 seconds, 413.7 MB
[runlim] sample:		3145.0 seconds, 436.6 MB
[runlim] sample:		3155.0 seconds, 389.0 MB
[runlim] sample:		3165.0 seconds, 388.5 MB
[runlim] sample:		3175.0 seconds, 430.1 MB
[runlim] sample:		3185.0 seconds, 424.9 MB
[runlim] sample:		3195.0 seconds, 416.9 MB
[runlim] sample:		3205.0 seconds, 416.4 MB
[runlim] sample:		3215.0 seconds, 398.5 MB
[runlim] sample:		3225.0 seconds, 442.6 MB
[runlim] sample:		3235.0 seconds, 389.0 MB
[runlim] sample:		3245.0 seconds, 379.8 MB
[runlim] sample:		3255.0 seconds, 389.2 MB
[runlim] sample:		3265.0 seconds, 420.5 MB
[runlim] sample:		3275.0 seconds, 416.7 MB
[runlim] sample:		3285.0 seconds, 396.7 MB
[runlim] sample:		3295.0 seconds, 420.6 MB
[runlim] sample:		3305.0 seconds, 433.3 MB
[runlim] sample:		3315.0 seconds, 436.2 MB
[runlim] sample:		3325.0 seconds, 432.2 MB
[runlim] sample:		3335.0 seconds, 384.3 MB
[runlim] sample:		3345.0 seconds, 427.8 MB
[runlim] sample:		3355.0 seconds, 378.5 MB
[runlim] sample:		3365.0 seconds, 416.1 MB
[runlim] sample:		3375.0 seconds, 417.4 MB
[runlim] sample:		3385.0 seconds, 378.9 MB
[runlim] sample:		3395.0 seconds, 409.9 MB
[runlim] sample:		3405.0 seconds, 409.7 MB
[runlim] sample:		3415.0 seconds, 409.6 MB
[runlim] sample:		3425.0 seconds, 427.3 MB
[runlim] sample:		3435.0 seconds, 449.0 MB
[runlim] sample:		3445.0 seconds, 454.0 MB
[runlim] sample:		3455.0 seconds, 449.0 MB
[runlim] sample:		3465.0 seconds, 392.4 MB
[runlim] sample:		3475.0 seconds, 418.4 MB
[runlim] sample:		3485.0 seconds, 420.0 MB
[runlim] sample:		3495.0 seconds, 420.5 MB
[runlim] sample:		3505.0 seconds, 421.0 MB
[runlim] sample:		3515.0 seconds, 426.4 MB
[runlim] sample:		3525.0 seconds, 377.5 MB
[runlim] sample:		3535.0 seconds, 409.6 MB
[runlim] sample:		3545.0 seconds, 417.3 MB
[runlim] sample:		3555.0 seconds, 417.9 MB
[runlim] sample:		3565.0 seconds, 439.2 MB
[runlim] sample:		3575.0 seconds, 396.5 MB
[runlim] sample:		3585.0 seconds, 424.0 MB
[runlim] sample:		3595.0 seconds, 432.7 MB
[runlim] end:			Sat Oct  5 05:38:04 2019
[runlim] status:		out of time
[runlim] result:		1
[runlim] children:		0
[runlim] real:			3595.45 seconds
[runlim] time:			3600.01 seconds
[runlim] space:			686.3 MB
[runlim] samples:		35950
