# instance ../../../instances/fattree-bcube/Fattree_n8_k2_bw10_cpu16.pn
# Settings: PN=../../../instances/fattree-bcube/Fattree_n8_k2_bw10_cpu16.pn, VN=../../../instances/fattree-bcube/instance_list_12vm_rnd.txt, multi-thread=True
init 0.007055 0.007055
1 0.890518 0.897573
2 0.853368 1.751063
3 0.895613 2.646798
4 0.688472 3.335391
5 0.757183 4.092674
6 0.789417 4.882213
7 0.829634 5.711967
8 0.809802 6.521888
9 0.804408 7.326417
10 0.782203 8.108741
11 0.81398 8.922824
12 0.926524 9.849468
13 0.890056 10.739644
14 0.894968 11.634736
15 0.905443 12.540303
16 0.842758 13.383184
17 0.880703 14.264009
18 0.849407 15.113541
19 0.749076 15.862741
20 0.890866 16.75373
21 0.695736 17.449588
22 0.893765 18.343451
23 0.781504 19.125078
24 0.869138 19.994338
25 0.743689 20.738145
26 0.79004 21.528306
27 0.806833 22.335267
28 0.802905 23.138297
29 0.802446 23.940869
30 0.90773 24.848724
31 0.928549 25.777397
32 0.95974 26.737266
33 0.958933 27.696333
34 0.9657 28.662169
35 0.819456 29.481752
36 0.877411 30.359286
37 0.911742 31.271155
38 0.812343 32.083624
39 0.760316 32.844065
40 0.893772 33.737948
41 0.94413 34.682207
42 0.962044 35.644381
43 0.843894 36.488403
44 0.914829 37.403354
45 0.776917 38.180398
46 0.925933 39.106438
47 0.79271 39.899284
48 0.842386 40.741773
49 0.747034 41.488929
50 0.760263 42.249315
51 0.970846 43.220264
52 0.921712 44.142103
53 1.028243 45.170473
54 0.958578 46.129183
55 0.909328 47.038644
56 0.914861 47.953632
57 0.799879 48.753638
58 0.918073 49.671834
59 0.794019 50.465983
60 0.748105 51.214214
61 0.878488 52.092826
62 0.750465 52.84342
63 0.837999 53.68154
64 0.862232 54.543896
65 0.688777 55.232796
66 0.808317 56.041217
67 1.020771 57.062116
68 0.828018 57.890259
69 0.987431 58.877813
70 1.030343 59.908284
71 0.785448 60.693857
72 0.832188 61.526153
73 0.816817 62.343079
74 0.868222 63.21141
75 0.984646 64.196186
76 0.938685 65.135006
77 0.692647 65.827782
78 0.941333 66.769223
79 0.967803 67.737152
80 0.687581 68.424858
81 0.940252 69.365216
82 0.828347 70.193692
83 1.081321 71.275131
84 0.843184 72.118441
85 1.010606 73.129166
86 1.016582 74.145871
87 1.024055 75.17005
88 1.040055 76.210229
89 1.001335 77.211694
90 1.066507 78.278327
91 1.061707 79.340159
92 1.013088 80.353372
93 1.052829 81.406326
94 0.893293 82.299745
95 0.954275 83.254147
96 1.047806 84.302073
97 1.093532 85.39573
98 1.092762 86.488618
99 0.848638 87.337395
100 0.915013 88.252538
101 0.822237 89.074906
102 0.971058 90.046089
103 0.938343 90.984556
104 1.021866 92.006544
105 0.86797 92.874641
106 0.770899 93.645664
107 0.933735 94.579511
108 0.989786 95.569424
109 0.695395 96.264945
110 0.932812 97.197863
111 0.803898 98.001884
112 0.917208 98.919213
113 0.886885 99.806224
114 0.930943 100.737293
115 0.809404 101.546818
116 0.801542 102.348483
117 0.885777 103.23438
118 0.932061 104.166559
119 0.933197 105.099878
120 0.993225 106.093232
121 0.980994 107.074353
122 0.99195 108.066427
123 0.909542 108.976093
124 0.800427 109.776634
125 0.982934 110.759691
126 0.949049 111.708864
127 0.955858 112.664849
128 0.837823 113.5028
129 0.926074 114.428997
130 0.939409 115.368528
131 0.997838 116.366489
132 0.865371 117.231986
133 0.814296 118.046408
134 0.939047 118.985576
135 0.977104 119.962801
136 0.92974 120.892663
137 0.925119 121.81793
138 0.975306 122.793359
139 1.008245 123.80174
140 0.97632 124.778187
141 0.976875 125.755191
142 0.892973 126.648301
143 0.899508 127.547931
144 0.89394 128.441993
145 0.9782 129.420319
146 1.020192 130.440643
147 0.914487 131.355259
148 0.930078 132.285458
149 0.983077 133.268651
150 0.944472 134.213268
151 0.76797 134.981359
152 0.824613 135.806098
153 0.810134 136.616358
154 0.754816 137.371287
155 0.819768 138.191172
