# instance ../../../instances/fattree-bcube/BCube_n10_k2_bw10_cpu16.pn
# Settings: PN=../../../instances/fattree-bcube/BCube_n10_k2_bw10_cpu16.pn, VN=../../../instances/fattree-bcube/instance_list_9vm_rnd.txt, multi-thread=True
init 0.060675 0.060675
1 4.191569 4.252244
2 3.458563 7.71095
3 4.404093 12.115167
4 2.903256 15.018553
5 4.404091 19.422768
6 2.922488 22.345388
7 3.386707 25.732209
8 4.532838 30.265179
9 4.216733 34.482037
10 3.55709 38.039258
11 4.668265 42.70766
12 2.882191 45.58998
13 4.680965 50.271064
14 5.34846 55.619653
15 3.59087 59.21066
16 5.332284 64.543074
17 4.616688 69.159898
18 4.27003 73.43006
19 4.517172 77.947361
20 4.764565 82.712059
21 4.592435 87.304624
22 4.83744 92.142197
23 4.579605 96.721931
24 5.378925 102.100988
25 3.578646 105.679772
26 4.499953 110.179852
27 4.209372 114.389354
28 4.567756 118.957239
29 4.748041 123.705414
30 4.626463 128.332005
31 3.862816 132.194958
32 2.861517 135.056602
33 3.337805 138.394528
34 3.389144 141.783805
35 3.412643 145.19658
36 4.123355 149.320063
37 3.455261 152.77546
38 4.495989 157.271576
39 4.578258 161.849968
40 4.70519 166.555287
41 4.297713 170.853133
42 4.169635 175.022896
43 2.917372 177.940404
44 4.417591 182.358112
45 4.246034 186.60428
46 3.859345 190.46377
47 5.054965 195.518864
48 3.565228 199.084222
49 5.838725 204.923083
50 5.232148 210.155361
51 3.846497 214.001987
52 4.951864 218.953977
53 3.242954 222.197063
54 4.944549 227.14174
55 3.205154 230.347021
56 4.481902 234.829054
57 4.740375 239.56956
58 5.070335 244.64002
59 3.387607 248.027759
60 4.615433 252.643323
61 5.013392 257.656838
62 3.45684 261.113805
63 3.661832 264.77576
64 3.303661 268.079556
65 4.985089 273.064767
66 4.734387 277.799278
67 5.118592 282.918003
68 5.102733 288.020868
69 3.9065 291.927502
70 4.985787 296.913415
71 5.120907 302.034457
72 5.201533 307.236125
73 5.117986 312.35425
74 5.133159 317.487547
75 4.753832 322.241515
76 4.753859 326.995503
77 3.79228 330.78792
78 4.600173 335.38822
79 3.828003 339.216356
80 5.039449 344.255953
81 5.142173 349.398257
82 5.162065 354.56045
83 3.881776 358.442356
84 5.954832 364.397321
85 5.188989 369.586448
86 5.149242 374.735826
87 3.413336 378.14929
88 3.721298 381.870722
89 4.565408 386.436254
90 5.096422 391.532826
91 5.161073 396.694031
92 3.885287 400.57945
93 5.06345 405.643024
94 5.108327 410.751485
95 3.881535 414.633153
96 4.176762 418.810046
97 4.667824 423.478002
98 3.370733 426.848866
99 4.576472 431.425471
100 5.048693 436.474292
101 3.46673 439.941152
102 3.68366 443.624947
103 5.024773 448.649848
104 4.756221 453.406202
105 3.388759 456.795095
106 4.936064 461.731289
107 3.462439 465.193851
108 4.897367 470.091351
109 5.191497 475.282967
110 5.123906 480.407002
111 5.090998 485.498131
112 5.160907 490.659168
113 6.066713 496.726006
114 3.498549 500.224684
115 4.515203 504.74
116 6.070859 510.810981
117 3.853783 514.66489
118 4.146052 518.811063
119 5.035789 523.846981
120 3.408858 527.255969
121 4.591924 531.848016
122 4.672397 536.520539
123 3.775773 540.296433
124 4.995164 545.291721
125 4.302745 549.594595
126 3.721727 553.316444
127 4.616288 557.932863
128 4.698059 562.631056
129 4.68312 567.3143
130 3.821404 571.135833
131 3.75916 574.895117
132 5.073226 579.968471
133 5.933321 585.901914
134 4.399651 590.301699
135 5.080658 595.38249
136 6.025897 601.408519
137 5.157556 606.566204
138 6.121333 612.687667
139 3.879231 616.567031
140 5.083473 621.650627
141 5.088451 626.739207
142 5.079562 631.818905
143 5.143804 636.962846
144 4.766116 641.729094
145 4.167375 645.896596
146 3.853981 649.750714
147 3.775612 653.526439
148 5.028224 658.554791
149 6.050121 664.605044
150 5.123057 669.728236
151 5.232534 674.960914
152 5.155544 680.116589
153 3.861906 683.97862
154 4.589221 688.567964
155 4.258603 692.826693
156 5.07074 697.89756
157 5.157111 703.054805
158 5.11822 708.173155
159 5.071076 713.244357
160 5.239252 718.483746
161 5.149528 723.633404
162 3.864276 727.497813
163 4.614463 732.112404
164 4.715809 736.828344
165 5.122258 741.950761
166 6.005589 747.956492
167 4.864565 752.821186
168 4.347997 757.169308
169 5.068204 762.237676
170 4.382459 766.62026
171 4.740452 771.360871
172 4.667605 776.028603
173 5.981285 782.010019
174 5.213823 787.223979
175 3.889915 791.114026
176 5.110279 796.22443
177 4.221739 800.446294
178 4.725282 805.171703
179 5.130059 810.301889
180 3.869532 814.171551
181 4.937735 819.10941
182 4.300502 823.410048
183 5.018917 828.429092
184 5.237309 833.666537
185 3.357573 837.024246
186 5.036209 842.060597
187 5.100837 847.161565
188 5.130493 852.292191
189 5.243729 857.536049
190 6.076287 863.612473
191 5.131801 868.744408
192 5.13382 873.87836
193 6.056894 879.935387
194 5.227941 885.163458
195 4.745494 889.909085
196 5.091452 895.000664
197 5.210601 900.211398
198 4.262897 904.474424
199 4.686773 909.161331
200 5.08737 914.248831
201 4.355128 918.604092
202 4.665762 923.269975
203 6.048447 929.318558
204 6.047889 935.36658
205 6.076317 941.443028
206 5.25998 946.703144
207 5.174283 951.87756
208 4.686197 956.563883
209 4.689961 961.253975
210 5.09883 966.352933
211 5.153441 971.506506
212 3.83073 975.33737
213 4.62817 979.965675
214 5.121327 985.087128
215 5.167851 990.255116
216 5.079068 995.334312
217 4.746208 1000.080653
218 4.710475 1004.791255
219 5.091926 1009.883307
220 4.771544 1014.654976
221 4.2354 1018.890504
222 4.235728 1023.126369
223 5.980645 1029.107145
224 4.311963 1033.419244
225 3.428908 1036.848297
226 5.829053 1042.677512
227 5.260849 1047.938495
228 5.090931 1053.029563
229 3.887776 1056.917467
230 5.904611 1062.822211
231 4.362407 1067.184753
232 4.684391 1071.869271
233 4.17997 1076.049366
234 4.666966 1080.716465
235 3.420161 1084.136763
236 4.525513 1088.662407
237 3.414736 1092.077271
238 4.576332 1096.653732
239 3.87183 1100.525693
240 5.882383 1106.408203
241 6.11432 1112.522657
242 5.151014 1117.673807
243 3.883742 1121.557681
244 5.001254 1126.559061
245 3.46986 1130.029056
246 4.147402 1134.176588
247 5.91106 1140.087777
248 4.827571 1144.915477
249 5.048434 1149.964046
250 4.306612 1154.27079
251 5.031875 1159.302791
252 5.132481 1164.435402
253 4.762244 1169.197778
254 5.097767 1174.295677
255 5.137116 1179.43292
256 3.831758 1183.264809
257 5.092065 1188.356998
258 5.079427 1193.436561
259 5.180583 1198.617278
260 5.096535 1203.713946
261 3.91565 1207.629725
262 4.59861 1212.22847
263 4.66798 1216.896579
264 4.278062 1221.174774
265 4.586661 1225.761564
266 5.10867 1230.870368
267 5.15582 1236.026319
268 5.192392 1241.218846
269 4.79389 1246.012864
270 5.067382 1251.080381
271 5.207288 1256.287811
272 6.051417 1262.339361
273 4.338969 1266.678461
274 5.072258 1271.750923
275 6.103051 1277.854109
276 4.252135 1282.106378
277 4.203949 1286.310456
278 5.128547 1291.439136
279 3.374691 1294.813964
280 5.033166 1299.847262
281 4.201021 1304.048412
282 5.09787 1309.146409
283 5.176908 1314.323451
284 5.103651 1319.427235
285 3.417722 1322.845087
286 5.017692 1327.862905
287 5.156958 1333.020001
288 4.210385 1337.230517
289 5.066512 1342.297197
290 4.714604 1347.011933
291 4.686859 1351.698922
292 5.120019 1356.819071
293 4.255442 1361.074649
294 3.365632 1364.440412
295 5.023918 1369.464463
296 3.800694 1373.265306
297 3.781686 1377.047117
298 4.177583 1381.224833
299 4.646445 1385.871423
300 4.324574 1390.196135
301 4.188315 1394.384579
302 5.060766 1399.445482
303 3.476762 1402.922379
304 4.92208 1407.844586
305 6.030432 1413.875153
306 4.850955 1418.726242
307 5.097126 1423.823497
308 4.812491 1428.636118
309 4.177335 1432.813586
310 5.028995 1437.842706
311 5.245834 1443.088679
312 5.122262 1448.211072
313 5.147939 1453.359148
314 4.797568 1458.15685
315 5.062606 1463.219587
316 5.124268 1468.343984
317 4.782534 1473.126655
318 5.133891 1478.260675
319 5.161155 1483.421961
320 5.178404 1488.600495
321 5.193103 1493.793732
322 5.188674 1498.982542
323 4.272044 1503.254722
324 5.033541 1508.288394
325 5.2088 1513.497333
326 5.132243 1518.629711
327 5.131309 1523.761153
328 4.803465 1528.564752
329 5.035873 1533.600753
330 5.159889 1538.760771
331 3.95 1542.71091
332 5.050127 1547.76117
333 5.057836 1552.819134
334 4.731784 1557.551053
335 5.142819 1562.694004
336 5.182915 1567.877047
337 3.422877 1571.300073
338 4.636954 1575.937156
339 5.073613 1581.010904
340 3.496221 1584.507251
341 4.574972 1589.082357
342 5.133848 1594.216334
343 5.128889 1599.345368
344 5.197218 1604.542715
345 4.794204 1609.337053
346 5.082421 1614.419598
347 4.786661 1619.206387
348 5.119798 1624.326316
349 5.181005 1629.507449
350 4.281723 1633.789306
351 5.05704 1638.846464
352 6.038325 1644.884918
353 5.260267 1650.14532
354 3.897019 1654.042468
355 3.346292 1657.38889
356 5.870895 1663.259917
357 4.790964 1668.051004
358 3.845346 1671.89648
359 5.103049 1676.999659
360 5.120753 1682.120542
361 3.449741 1685.57041
362 4.116898 1689.687435
363 6.002258 1695.68981
364 3.425518 1699.115457
365 4.636193 1703.751776
366 6.017888 1709.769796
367 5.1732 1714.943129
368 5.195907 1720.139169
369 4.641832 1724.781127
370 6.095744 1730.877005
371 5.159213 1736.036351
372 5.227116 1741.263628
373 5.106532 1746.370292
374 4.803123 1751.173543
375 3.808163 1754.981835
376 4.197412 1759.179376
377 5.072686 1764.252192
378 4.318511 1768.570836
379 5.102701 1773.673667
380 4.758339 1778.432133
381 5.105896 1783.538161
382 5.134924 1788.673215
383 5.160864 1793.834209
384 4.813237 1798.647576
385 4.234832 1802.882539
386 5.064119 1807.94679
387 5.125823 1813.072747
388 3.915994 1816.988869
389 5.171677 1822.160728
390 5.157838 1827.318704
391 6.065355 1833.384188
392 3.896597 1837.280916
393 4.691851 1841.972894
394 5.034662 1847.007681
395 3.486281 1850.494097
396 5.025293 1855.519519
397 5.115186 1860.634838
398 5.132788 1865.767756
399 3.943442 1869.711326
400 5.052803 1874.764255
401 3.429864 1878.194261
402 3.763837 1881.958225
403 5.014533 1886.972889
404 4.275395 1891.248424
405 6.068856 1897.317414
406 5.144336 1902.461889
407 5.232957 1907.694985
408 3.425802 1911.120925
409 5.028635 1916.149689
410 5.188617 1921.338441
411 3.380676 1924.719251
412 5.050592 1929.769971
413 3.438145 1933.208253
414 5.851337 1939.059729
415 5.249739 1944.309609
416 5.14464 1949.454384
417 3.907167 1953.361683
418 5.916727 1959.278539
419 5.216558 1964.495228
420 3.879782 1968.37515
421 5.957904 1974.333186
422 5.19653 1979.52985
423 5.255792 1984.78578
424 6.0695 1990.855411
425 5.21341 1996.068951
426 4.723714 2000.7928
427 5.121383 2005.914311
428 4.256236 2010.170683
429 5.072754 2015.243559
430 5.219894 2020.463588
431 5.140249 2025.603967
432 4.774061 2030.378161
433 5.99115 2036.369441
434 4.347339 2040.716908
435 3.816279 2044.533322
436 5.900683 2050.434136
437 4.795895 2055.230166
438 3.867078 2059.097374
439 3.807403 2062.904911
440 4.63063 2067.535666
441 3.833911 2071.369707
442 4.617033 2075.986861
443 5.192584 2081.179577
444 5.10022 2086.279924
445 4.795378 2091.07543
446 4.74159 2095.81714
447 5.071656 2100.888923
448 6.080011 2106.969064
449 5.283302 2112.252492
450 5.129785 2117.382417
451 5.143471 2122.526016
452 6.156066 2128.682213
453 5.154109 2133.836452
454 5.187659 2139.024244
455 4.324963 2143.349353
456 5.027896 2148.377374
457 4.763016 2153.140519
458 5.123136 2158.263782
459 3.409284 2161.673199
460 3.313699 2164.987023
461 5.065491 2170.052649
462 5.09539 2175.148178
463 5.143266 2180.291578
464 4.285111 2184.576826
465 3.772727 2188.349679
466 3.777898 2192.127701
467 3.7869 2195.91473
468 5.083137 2200.997992
469 4.649393 2205.647526
470 5.127729 2210.775389
471 5.151671 2215.927192
472 3.467463 2219.39479
473 3.758 2223.152917
474 5.99237 2229.145418
475 5.136824 2234.282376
476 4.335981 2238.618489
477 4.699131 2243.317756
478 5.064017 2248.381907
479 5.190508 2253.572549
480 5.1213 2258.693982
481 4.336342 2263.030459
482 3.344263 2266.374867
483 4.145816 2270.520808
484 4.226508 2274.747434
485 5.155332 2279.902894
486 4.661591 2284.564607
487 4.775472 2289.340205
488 6.022907 2295.363243
489 4.317864 2299.68124
490 4.65718 2304.338544
491 3.388869 2307.727545
492 5.03087 2312.758538
493 3.86051 2316.619182
494 5.109203 2321.728514
495 4.660006 2326.388649
496 4.78524 2331.174022
497 4.195394 2335.369541
498 3.880371 2339.250038
499 5.036488 2344.286657
500 3.373659 2347.66045
501 5.03314 2352.693714
502 6.020544 2358.714404
503 5.162459 2363.876993
504 4.271424 2368.148543
505 4.236635 2372.38531
506 3.735808 2376.121243
507 4.626332 2380.747705
508 3.415519 2384.163354
509 3.331598 2387.495085
510 4.939538 2392.434748
511 5.062151 2397.497022
512 5.149321 2402.646476
513 5.225307 2407.871913
514 5.193542 2413.06558
515 4.22117 2417.28688
516 5.108158 2422.395168
517 3.859715 2426.255014
518 4.556211 2430.811353
519 4.263945 2435.075427
520 5.048681 2440.124235
521 5.230121 2445.354496
522 5.158659 2450.513285
523 4.762912 2455.276337
524 4.652634 2459.929128
525 4.229483 2464.158733
526 5.090223 2469.249086
527 4.324216 2473.573431
528 5.044733 2478.618294
529 5.204632 2483.823058
530 3.879229 2487.702425
531 5.007883 2492.710444
532 5.086388 2497.796967
533 4.71095 2502.508049
534 5.095268 2507.603445
535 3.374076 2510.977657
536 5.068289 2516.046083
537 4.204874 2520.251092
538 4.689448 2524.940674
539 4.702854 2529.643664
540 6.033476 2535.677277
541 5.13847 2540.815882
542 5.226554 2546.042568
543 6.06187 2552.104573
544 4.30968 2556.414389
545 4.666338 2561.08086
546 5.201976 2566.282962
547 4.659516 2570.942603
548 6.091923 2577.034654
549 4.759089 2581.793894
550 3.87069 2585.664715
551 5.960677 2591.625522
552 3.906528 2595.53219
553 5.108914 2600.641234
554 4.631495 2605.272858
555 5.153959 2610.426948
556 4.781924 2615.209006
557 4.192522 2619.401658
558 5.050063 2624.451855
559 6.020003 2630.471995
560 5.27946 2635.75158
561 5.190676 2640.942391
562 3.423854 2644.366382
563 4.874576 2649.24109
564 5.127374 2654.368584
565 5.229499 2659.598215
566 3.858593 2663.456942
567 4.20788 2667.664952
568 4.173224 2671.838307
569 5.964414 2677.80285
570 4.870969 2682.673951
571 4.736069 2687.410146
572 5.057099 2692.46738
573 6.062163 2698.529674
574 4.803648 2703.333462
575 5.174046 2708.507635
576 4.232636 2712.740412
577 4.659431 2717.399976
578 4.331213 2721.731336
579 5.103167 2726.834636
580 4.252798 2731.087571
581 3.414398 2734.502092
582 5.019186 2739.521407
583 5.136304 2744.65784
584 4.75644 2749.414412
585 4.316936 2753.731481
586 5.108225 2758.839831
587 5.115933 2763.955894
588 3.427387 2767.383413
589 5.918785 2773.302338
590 5.273169 2778.575648
591 4.754779 2783.330562
592 4.785212 2788.115904
593 6.044445 2794.160485
594 4.819854 2798.980472
595 5.134687 2804.115292
596 4.283049 2808.398474
597 4.661878 2813.060486
598 6.101596 2819.162211
599 5.157268 2824.319621
600 4.792042 2829.111805
601 4.746711 2833.858642
602 5.132327 2838.991099
603 5.179383 2844.170631
604 4.28691 2848.457669
605 3.359614 2851.817419
606 3.322275 2855.139822
607 5.023272 2860.16323
608 5.16862 2865.331988
609 6.057708 2871.389831
610 5.204511 2876.594476
611 5.196038 2881.790653
612 5.122405 2886.91319
613 6.041775 2892.955098
614 6.183202 2899.138436
615 5.235114 2904.373685
616 5.180927 2909.554743
617 5.175877 2914.730755
618 4.286067 2919.016952
619 5.091825 2924.108912
620 4.75834 2928.867388
621 5.139496 2934.007015
622 6.078318 2940.085469
623 4.345516 2944.431119
624 5.120093 2949.551346
625 5.249541 2954.801018
626 5.16631 2959.967458
627 6.119629 2966.087204
628 3.50721 2969.594548
629 3.727285 2973.321958
630 3.317597 2976.639687
631 5.017357 2981.65717
632 5.167998 2986.825299
633 5.174352 2991.999782
634 3.837371 2995.837289
635 5.105696 3000.943113
636 4.263084 3005.206328
637 5.087765 3010.294221
638 4.656585 3014.950931
639 5.168336 3020.1194
640 5.169873 3025.289401
641 3.500631 3028.790163
642 5.938126 3034.728418
643 5.057461 3039.78601
644 3.897479 3043.683618
645 5.112771 3048.796515
646 5.089632 3053.886277
647 3.921847 3057.808264
648 5.035286 3062.843716
649 4.749657 3067.593507
650 4.713165 3072.306802
651 3.384603 3075.691535
652 5.072855 3080.764519
653 4.196708 3084.961352
654 5.098921 3090.060409
655 5.241033 3095.30157
656 5.158292 3100.45999
657 5.110972 3105.571094
658 3.877162 3109.448384
659 4.969101 3114.417622
660 4.76543 3119.183181
661 5.100431 3124.283743
662 4.745399 3129.02927
663 5.179783 3134.20918
664 5.156476 3139.365784
665 5.173667 3144.539578
666 3.432257 3147.971966
667 5.034997 3153.007106
668 5.107008 3158.114248
669 4.784681 3162.899059
670 5.065637 3167.964825
671 6.156944 3174.121899
672 4.766733 3178.888766
673 5.982174 3184.871066
674 4.364873 3189.236068
675 4.652414 3193.888612
676 4.693412 3198.582149
677 4.778618 3203.360893
678 3.412728 3206.773751
679 3.254597 3210.028478
680 4.949692 3214.978297
681 5.121084 3220.099517
682 3.426686 3223.526335
683 4.645855 3228.172321
684 3.810468 3231.982951
685 3.263439 3235.246514
686 5.025948 3240.272597
687 4.690596 3244.963323
