# instance ../../../instances/fattree-bcube/Fattree_n12_k2_bw10_cpu16.pn
# Settings: PN=../../../instances/fattree-bcube/Fattree_n12_k2_bw10_cpu16.pn, VN=../../../instances/fattree-bcube/instance_list_12vm_rnd.txt, multi-thread=True
init 0.023064 0.023064
1 2.796118 2.819182
2 3.006568 5.825863
3 3.137649 8.963635
4 2.64191 11.605673
5 2.942764 14.548569
6 2.771631 17.320334
7 2.959229 20.279691
8 2.845406 23.125221
9 2.770177 25.895527
10 2.994338 28.889999
11 2.793541 31.683666
12 3.052788 34.736577
13 3.271648 38.008347
14 3.21827 41.226754
15 3.549128 44.776013
16 3.346478 48.12262
17 3.497109 51.619858
18 3.314878 54.934867
19 2.824333 57.759367
20 3.49937 61.258867
21 2.684246 63.94327
22 3.318744 67.262157
23 2.639007 69.901299
24 3.307946 73.209384
25 2.64431 75.853823
26 3.070562 78.924525
27 2.625315 81.54998
28 2.63788 84.187996
29 2.626265 86.814408
30 3.288177 90.102729
31 3.305233 93.408085
32 3.454488 96.862698
33 3.565284 100.42811
34 3.591572 104.019804
35 2.858493 106.878423
36 3.015815 109.89437
37 3.314456 113.208932
38 2.834007 116.043062
39 3.279468 119.322658
40 3.254476 122.577259
41 3.066157 125.643546
42 3.868256 129.511935
43 2.966552 132.478607
44 3.36394 135.84267
45 3.33831 139.1811
46 3.596883 142.778108
47 3.393323 146.171555
48 3.403791 149.575486
49 2.916222 152.491841
50 3.312334 155.804296
51 3.605883 159.410307
52 3.376208 162.786647
53 3.816933 166.603706
54 3.725028 170.328864
55 3.430114 173.759105
56 3.377573 177.13681
57 2.898005 180.034936
58 3.360179 183.395235
59 3.205924 186.601282
60 2.746399 189.347818
61 3.529272 192.877232
62 2.731039 195.608404
63 3.334113 198.942657
64 3.161138 202.103928
65 2.67989 204.783948
66 2.698239 207.482336
67 3.565697 211.048176
68 2.935221 213.983526
69 3.493042 217.476695
70 3.833965 221.310795
71 3.446881 224.757806
72 3.595405 228.353338
73 3.708081 232.061561
74 3.220169 235.281858
75 3.616104 238.898097
76 3.40007 242.298294
77 2.885175 245.183604
78 3.376043 248.55977
79 3.383112 251.943031
80 2.892998 254.836157
81 3.302317 258.138607
82 2.927357 261.066103
83 3.770548 264.836779
84 2.962656 267.799559
85 3.518286 271.317968
86 3.686583 275.004671
87 3.592903 278.597699
88 3.615491 282.213315
89 3.628497 285.841939
90 3.855737 289.697801
91 3.579069 293.276999
92 3.688491 296.965615
93 3.855088 300.82084
94 3.242369 304.063335
95 3.292632 307.3561
96 3.573659 310.92989
97 3.860307 314.790337
98 3.875651 318.666123
99 2.970879 321.637131
100 3.214398 324.851652
101 2.895187 327.746983
102 3.352036 331.09914
103 3.256248 334.355515
104 3.571344 337.926998
105 2.995575 340.922705
106 3.322089 344.244922
107 3.447456 347.692509
108 3.603666 351.296311
109 2.939909 354.236348
110 3.305564 357.542041
111 2.970411 360.512587
112 3.292136 363.80485
113 3.240127 367.045107
114 3.352359 370.397583
115 2.921627 373.319342
116 2.885476 376.204943
117 3.196396 379.401471
118 3.348361 382.74996
119 3.398013 386.148111
120 3.588514 389.736753
121 3.59332 393.330199
122 3.704597 397.034926
123 3.419792 400.454853
124 2.9401 403.395109
125 3.61555 407.010795
126 3.386199 410.397136
127 3.413331 413.810594
128 2.917162 416.727885
129 3.35366 420.081683
130 3.435379 423.517189
131 3.623841 427.141165
132 3.192569 430.333862
133 2.512002 432.845995
134 2.692328 435.538447
135 3.592734 439.131309
136 3.471323 442.60276
137 3.405121 446.008025
138 3.591949 449.600108
139 3.690063 453.290298
140 3.640437 456.930867
141 3.578494 460.509518
142 3.455046 463.964694
143 3.340352 467.305174
144 3.406511 470.711816
145 2.936918 473.64886
146 3.628862 477.277852
147 3.382975 480.66095
148 3.413108 484.074183
149 3.57845 487.652765
150 2.972208 490.625111
151 2.957859 493.583099
152 3.205472 496.788698
153 2.91405 499.702874
154 2.910807 502.613832
155 3.20454 505.818501
156 3.534975 509.353609
157 2.963132 512.316868
158 3.329087 515.646087
159 3.637083 519.283298
160 2.970503 522.253929
161 3.59048 525.844538
162 3.25984 529.104515
163 3.373205 532.477851
164 3.648505 536.1265
165 2.964459 539.091088
166 3.169361 542.260577
167 3.60808 545.868775
168 2.965666 548.834575
169 3.597478 552.432192
170 2.806139 555.238463
171 2.955267 558.193857
172 2.770025 560.964007
173 3.595976 564.560113
174 3.681881 568.242125
175 2.752817 570.995069
176 2.857375 573.852571
177 3.351716 577.204427
178 2.797936 580.002491
179 2.813855 582.816472
180 2.960142 585.776754
181 3.585693 589.362579
182 3.264156 592.626864
183 3.728649 596.355668
184 2.961439 599.317239
185 2.872693 602.190067
186 2.977887 605.168079
187 2.952651 608.120876
188 3.890516 612.011525
189 3.769079 615.780737
190 3.558834 619.339692
191 3.924335 623.264157
192 3.801085 627.065372
193 2.960256 630.025766
194 3.014575 633.040478
195 3.947952 636.988576
196 3.659909 640.648609
197 3.522427 644.171166
198 3.472704 647.643996
199 3.946278 651.590403
200 3.760906 655.351433
201 3.466802 658.818365
202 3.661166 662.479655
203 3.704261 666.184066
204 3.879399 670.063588
205 3.536982 673.600711
206 3.642463 677.243296
207 3.516736 680.760161
208 3.444763 684.205053
209 3.887459 688.092646
210 3.717696 691.810467
211 3.626702 695.437296
212 2.872943 698.310364
213 3.350737 701.661247
214 3.485993 705.147371
215 3.466608 708.614111
216 2.970944 711.585183
217 2.932432 714.517745
218 2.940841 717.458713
219 2.995812 720.454652
220 3.614766 724.069558
221 3.31087 727.380555
222 3.665743 731.046418
223 3.64212 734.688662
224 3.708992 738.39778
225 3.281157 741.67909
226 3.319004 744.99822
227 3.624927 748.623276
228 3.485543 752.108943
229 3.279048 755.388118
230 3.474841 758.863115
231 3.493321 762.356577
232 3.320983 765.67769
233 3.376074 769.053898
234 3.944593 772.998619
235 3.696231 776.69499
236 3.948844 780.643958
237 3.753632 784.397715
238 3.422563 787.820404
239 3.746497 791.567035
240 3.55511 795.122292
241 3.258957 798.381381
242 3.423349 801.804862
243 3.647521 805.452507
244 2.958164 808.410817
245 3.644415 812.055381
246 2.922929 814.978438
247 3.38593 818.364498
248 3.68623 822.050862
249 3.263552 825.314563
250 3.474696 828.789406
251 3.713736 832.503265
252 3.958867 836.462263
253 2.962188 839.424576
254 2.920041 842.344752
255 3.658262 846.003147
256 3.442381 849.44567
257 2.935622 852.381419
258 3.622262 856.003817
259 3.500944 859.504888
260 3.673677 863.178699
261 3.669151 866.847977
262 3.530505 870.378614
263 2.984952 873.363692
264 2.975949 876.339784
265 3.445854 879.785774
266 3.011314 882.797219
267 3.67617 886.473517
268 3.706645 890.180295
269 3.954541 894.13496
270 3.487001 897.622096
271 3.481394 901.103624
272 3.000445 904.104195
273 3.909343 908.013666
274 3.700819 911.714618
275 3.516724 915.231473
276 3.66321 918.894815
277 3.555262 922.450234
278 3.246615 925.696984
279 3.907165 929.604274
280 3.353874 932.958277
281 3.629486 936.587893
282 3.720874 940.308899
283 3.733929 944.042958
284 3.667095 947.710187
285 3.060381 950.7707
286 3.396161 954.166989
287 3.670786 957.837904
288 3.342068 961.180105
289 3.008615 964.188853
290 3.190816 967.379796
291 3.685465 971.065381
292 3.953085 975.018593
293 3.981412 979.000131
294 3.747123 982.747389
295 3.473713 986.221237
296 3.51672 989.738099
297 3.4911 993.22932
298 3.698238 996.927698
299 3.035088 999.962915
300 3.223208 1003.186251
301 3.482508 1006.668885
302 3.504178 1010.1732
303 3.939094 1014.112425
304 3.520697 1017.633262
305 3.660679 1021.294076
306 3.542721 1024.836926
307 3.468124 1028.305178
308 3.530971 1031.836288
309 3.471107 1035.307529
310 3.686714 1038.994373
311 3.712298 1042.706804
312 3.061841 1045.768801
313 3.675318 1049.44425
314 3.285877 1052.730258
315 3.047637 1055.77802
316 3.647486 1059.425637
317 3.969288 1063.395049
318 3.306722 1066.70192
319 3.454291 1070.156343
320 3.002279 1073.158751
321 3.622575 1076.781456
322 3.54501 1080.326598
323 3.508428 1083.835159
324 2.985536 1086.820826
325 3.463919 1090.284873
326 3.51113 1093.796131
327 3.730082 1097.526343
328 3.510937 1101.037418
329 3.559491 1104.597043
330 3.237635 1107.834813
331 3.078145 1110.913101
332 3.429514 1114.342744
333 3.487327 1117.830201
334 3.012147 1120.842487
335 3.699803 1124.542421
336 3.53224 1128.074788
337 3.710468 1131.785404
338 3.711146 1135.496675
339 3.064428 1138.561471
340 3.227639 1141.78924
341 3.014631 1144.804003
342 3.457154 1148.261281
343 3.008557 1151.269968
344 3.274504 1154.544603
345 3.053641 1157.598374
346 3.880349 1161.478846
347 3.748295 1165.227272
348 3.741633 1168.969031
349 3.496974 1172.466138
350 3.00836 1175.474625
351 3.500165 1178.974922
352 3.67878 1182.653831
353 3.029445 1185.683404
354 2.95039 1188.633919
355 3.914165 1192.548211
356 3.586045 1196.134387
357 3.254917 1199.38943
358 3.678062 1203.067624
359 3.716061 1206.783816
360 3.73977 1210.523718
361 3.72324 1214.247099
362 3.022473 1217.269708
363 3.661973 1220.93181
364 3.040926 1223.972871
365 3.479989 1227.452977
366 3.038255 1230.491369
367 3.647474 1234.138968
368 3.543716 1237.682817
369 2.980051 1240.663009
370 3.485131 1244.148271
371 3.250313 1247.398716
372 3.686823 1251.085674
373 3.722956 1254.80876
374 4.01264 1258.821533
375 3.532333 1262.353991
376 3.945556 1266.299684
377 2.990512 1269.290326
378 3.890973 1273.181419
379 3.558076 1276.739628
380 3.73754 1280.477303
381 3.520633 1283.998065
382 3.641496 1287.63969
383 3.954481 1291.594306
384 3.756064 1295.350501
385 3.289971 1298.640605
386 2.989957 1301.630694
387 3.592159 1305.222986
388 3.728455 1308.951575
389 3.747396 1312.699104
390 3.781543 1316.480793
391 3.673521 1320.154443
392 3.3546 1323.509168
393 3.89576 1327.405079
394 3.569532 1330.97476
395 3.568736 1334.543637
396 2.950405 1337.494168
397 3.640859 1341.135157
398 3.715592 1344.850872
399 3.341562 1348.192604
400 3.909273 1352.102001
401 3.760425 1355.862555
402 2.860446 1358.723131
403 2.95409 1361.677363
404 3.528034 1365.205542
405 3.969633 1369.175302
406 3.355688 1372.531117
407 3.22063 1375.751901
408 3.460179 1379.212222
409 3.69764 1382.909995
410 3.781472 1386.691596
411 3.341584 1390.03331
412 3.539777 1393.57322
413 4.033684 1397.607042
414 3.426044 1401.03322
415 3.057525 1404.090871
416 3.643215 1407.734232
417 3.759635 1411.494001
418 3.066622 1414.560752
419 3.229618 1417.790504
420 3.438802 1421.229442
421 3.97685 1425.20642
422 3.783406 1428.989957
423 3.044842 1432.03493
424 3.522822 1435.557875
425 4.073036 1439.631047
426 3.768095 1443.399273
427 3.324265 1446.723669
428 3.755136 1450.478941
429 3.757172 1454.236238
430 3.777291 1458.013655
431 3.664105 1461.677893
432 3.744463 1465.422482
433 3.742596 1469.165211
434 3.763937 1472.929278
435 3.033178 1475.96259
436 3.651105 1479.613822
437 3.263615 1482.87757
438 3.45804 1486.335745
439 3.418863 1489.75474
440 3.253444 1493.008311
441 4.10414 1497.112593
442 3.016202 1500.128923
443 3.861797 1503.990848
444 3.855854 1507.846851
445 3.537968 1511.384978
446 3.608698 1514.993855
447 3.76519 1518.759191
448 3.013992 1521.773313
449 3.466968 1525.240414
450 3.49992 1528.740464
451 4.812547 1533.553142
452 3.012775 1536.566045
453 3.329076 1539.895257
454 4.204044 1544.099427
455 3.463047 1547.562606
456 3.215643 1550.77838
457 3.161435 1553.939944
458 3.306851 1557.246939
459 4.187988 1561.435065
460 3.193433 1564.628629
461 3.092338 1567.721115
462 2.765219 1570.486469
463 3.818621 1574.305228
464 3.077633 1577.38299
465 3.306263 1580.689392
466 3.509681 1584.199211
467 3.447055 1587.646412
468 5.204749 1592.851302
469 2.863083 1595.714518
470 2.916957 1598.631622
471 3.054003 1601.685774
472 2.795332 1604.481247
473 4.385359 1608.866743
474 2.699413 1611.566286
475 2.588387 1614.154811
476 3.252535 1617.407495
477 2.963263 1620.3709
478 3.852248 1624.223292
479 3.019513 1627.24294
480 3.346876 1630.589957
481 3.177306 1633.767396
482 2.983176 1636.750716
483 2.663278 1639.414146
484 3.138397 1642.552684
485 4.092252 1646.645079
486 2.904838 1649.55005
487 3.197318 1652.747509
488 3.081878 1655.829525
489 2.777921 1658.607582
490 3.496906 1662.104621
491 3.147329 1665.252085
492 3.453713 1668.705942
493 3.302945 1672.009015
494 3.472151 1675.481306
495 3.361931 1678.843387
496 3.494658 1682.338181
497 3.330252 1685.668569
498 3.583731 1689.252435
499 2.930064 1692.182638
500 3.327848 1695.510623
501 3.215695 1698.726459
502 3.150558 1701.877152
503 4.059839 1705.937134
504 3.275948 1709.213214
505 3.230839 1712.444224
506 2.778778 1715.223132
507 3.241896 1718.465162
508 2.788568 1721.253873
509 3.066961 1724.320966
510 3.105633 1727.426727
511 3.29709 1730.723964
512 3.223941 1733.948043
513 2.822584 1736.770769
514 2.985109 1739.756025
515 2.65471 1742.410883
516 2.941361 1745.352395
517 3.192461 1748.545004
518 3.30154 1751.846688
519 3.1399 1754.986715
520 2.754004 1757.740865
521 3.178321 1760.919319
522 2.786139 1763.705603
523 3.290222 1766.995954
524 3.619962 1770.616064
525 3.684577 1774.300767
526 3.578316 1777.879214
527 3.58605 1781.465497
528 3.824038 1785.289669
529 3.312316 1788.602123
530 2.895505 1791.497764
531 3.247739 1794.745637
532 3.231054 1797.976836
533 3.349728 1801.326696
534 3.025288 1804.352113
535 3.562894 1807.915127
536 2.99344 1810.908693
537 3.222214 1814.131041
538 3.104113 1817.235291
539 3.302699 1820.538124
540 3.323314 1823.861561
541 2.886702 1826.748393
542 3.04386 1829.792384
543 2.934076 1832.726596
544 3.150082 1835.876817
545 3.22404 1839.100977
546 3.28675 1842.387865
547 2.987306 1845.375302
548 2.891061 1848.266504
549 3.284837 1851.551476
550 3.435939 1854.987554
551 3.217394 1858.205075
552 3.198536 1861.40374
553 2.975057 1864.378921
554 3.028504 1867.407573
555 2.818753 1870.226451
556 3.294121 1873.520698
557 3.012384 1876.533208
558 2.986176 1879.519511
