# instance ../../../instances/fattree-bcube/BCube_n16_k2_bw10_cpu16.pn
# Settings: PN=../../../instances/fattree-bcube/BCube_n16_k2_bw10_cpu16.pn, VN=../../../instances/fattree-bcube/instance_list_9vm_rnd.txt, multi-thread=True
init 0.247219 0.247219
1 19.490587 19.737806
2 15.864003 35.60195
3 20.670649 56.27274
4 14.090463 70.363345
5 20.4208 90.784283
6 14.221833 105.006255
7 15.139956 120.146356
8 20.918197 141.064687
9 19.27543 160.340256
10 15.926 176.266394
11 20.492558 196.759097
12 14.329346 211.088586
13 20.698807 231.787532
14 24.812042 256.599709
15 16.28001 272.879864
16 24.052293 296.932292
17 21.761816 318.694256
18 19.629322 338.32372
19 21.063172 359.38704
20 21.327092 380.71428
21 21.195505 401.909927
22 21.650145 423.560212
23 21.224013 444.784365
24 24.940336 469.724839
25 16.663064 486.388049
26 20.985563 507.373756
27 19.58197 526.955918
28 21.269708 548.225768
29 21.188696 569.414635
30 21.880876 591.295652
31 17.985954 609.281747
32 14.124818 623.406749
33 15.661479 639.06837
34 16.65433 655.722839
35 16.54608 672.269054
36 18.027814 690.297
37 14.476041 704.773183
38 18.886275 723.659602
39 19.167236 742.826975
40 19.252388 762.079505
41 18.432047 780.511688
42 18.320151 798.831981
43 13.131862 811.963984
44 18.614014 830.578133
45 17.84897 848.427246
46 16.09645 864.523837
47 18.90741 883.43139
48 14.812363 898.24389
49 22.034317 920.27835
50 19.458151 939.736639
51 15.186364 954.923146
52 18.864142 973.787431
53 13.483302 987.270872
54 19.179376 1006.450387
55 13.47796 1019.928491
56 18.429429 1038.358059
57 18.461133 1056.819333
58 19.756517 1076.575997
59 13.332624 1089.908765
60 17.611162 1107.520068
61 19.59118 1127.111394
62 13.249182 1140.36072
63 14.677877 1155.038744
64 12.872442 1167.911335
65 18.982138 1186.893614
66 18.533415 1205.427178
67 19.567445 1224.994773
68 19.673887 1244.668806
69 15.43352 1260.102463
70 19.131834 1279.23444
71 19.327921 1298.562504
72 19.348256 1317.910906
73 19.823377 1337.734428
74 19.467757 1357.202338
75 18.281568 1375.484045
76 18.433782 1393.917973
77 14.870734 1408.788846
78 17.967065 1426.756056
79 15.209089 1441.965289
80 18.844211 1460.809643
81 19.873863 1480.683665
82 19.853649 1500.537456
83 15.237291 1515.774887
84 22.479906 1538.254938
85 19.959574 1558.214655
86 19.941227 1578.156034
87 13.513431 1591.669611
88 14.625845 1606.295597
89 18.009011 1624.304754
90 19.647912 1643.952816
91 19.393153 1663.34611
92 15.076914 1678.423163
93 18.901053 1697.324361
94 19.709897 1717.034407
95 15.366272 1732.400824
96 16.015773 1748.416738
97 17.910769 1766.327653
98 13.252428 1779.580226
99 17.731597 1797.311966
100 19.667034 1816.979144
101 13.470692 1830.449982
102 14.505345 1844.955464
103 19.002629 1863.95824
104 18.404777 1882.363157
105 13.117352 1895.480651
106 18.546606 1914.027401
107 13.644927 1927.67247
108 18.389036 1946.061654
109 19.833563 1965.89539
110 19.945259 1985.840796
111 19.224561 2005.065499
112 19.992091 2025.057739
113 22.85215 2047.910058
114 13.739848 2061.650053
115 17.88125 2079.531441
116 22.778617 2102.310203
117 15.521023 2117.831371
118 15.7113 2133.542816
119 19.075909 2152.618862
120 13.476226 2166.095225
121 17.50604 2183.601407
122 18.244718 2201.846267
123 15.188779 2217.035184
124 19.237602 2236.272929
125 16.429601 2252.702679
126 14.972943 2267.675758
127 17.733987 2285.40989
128 18.269006 2303.679042
129 18.312973 2321.99215
130 15.253148 2337.245439
131 14.646257 2351.89184
132 18.903207 2370.795186
133 22.911013 2393.706337
134 16.713137 2410.419612
135 19.244137 2429.66389
136 22.741483 2452.405518
137 19.698991 2472.104654
138 23.242181 2495.346976
139 15.502704 2510.849826
140 18.898913 2529.748883
141 19.243508 2548.992536
142 19.816722 2568.809402
143 20.087708 2588.89726
144 18.431885 2607.32929
145 16.357904 2623.687338
146 15.039623 2638.727098
147 14.814062 2653.541308
148 18.686262 2672.227711
149 23.025525 2695.253372
150 19.712022 2714.965547
151 20.095189 2735.060879
152 19.678195 2754.739222
153 15.450607 2770.189957
154 17.382537 2787.572635
155 16.260713 2803.833493
156 19.508909 2823.342539
157 19.586208 2842.928887
158 19.407308 2862.336353
159 19.619106 2881.955601
160 19.911133 2901.866872
161 20.096905 2921.963919
162 15.246784 2937.21084
163 17.81156 2955.022548
164 18.24603 2973.268722
165 19.188265 2992.457133
166 23.318418 3015.775688
167 18.393465 3034.1693
168 18.285975 3052.455414
169 19.788612 3072.24417
170 18.41278 3090.657089
171 18.365272 3109.022504
172 18.176043 3127.198691
173 22.950683 3150.14952
174 20.419952 3170.569611
175 15.215027 3185.784786
176 19.555696 3205.340627
177 16.294632 3221.635407
178 18.140621 3239.776167
179 19.1285 3258.904813
180 15.211364 3274.116322
181 18.937606 3293.054075
182 16.467906 3309.52212
183 19.100698 3328.622964
184 19.398768 3348.021875
185 13.379973 3361.401995
186 19.251541 3380.65368
187 20.057609 3400.711451
188 19.6405 3420.352093
189 19.989645 3440.341878
190 23.305449 3463.647471
191 19.603661 3483.251271
192 19.353599 3502.605011
193 23.274092 3525.879239
194 19.577757 3545.457143
195 18.686729 3564.144018
196 19.207653 3583.351811
