[runlim] version:		1.7
[runlim] time limit:		3600 seconds
[runlim] real time limit:	311040000 seconds
[runlim] space limit:		80000 MB
[runlim] argv[0]:		python3.6
[runlim] argv[1]:		./netsolver-gurobi-mod.py
[runlim] argv[2]:		../../../instances/fattree-bcube/BCube_n10_k2_bw10_cpu16.pn
[runlim] argv[3]:		../../../instances/fattree-bcube/instance_list_12vm_rnd.txt
[runlim] argv[4]:		False
[runlim] argv[5]:		True
[runlim] argv[6]:		timelogs/results.BCube_n10_k2_bw10_cpu16.pn.instance_list_12vm_rnd.txt.log
[runlim] start:			Sat Oct  5 00:45:07 2019
[runlim] main pid:		29888
Academic license - for non-commercial use only
[runlim] sample:		10.0 seconds, 185.8 MB
[runlim] sample:		20.0 seconds, 254.3 MB
[runlim] sample:		30.0 seconds, 252.2 MB
[runlim] sample:		40.0 seconds, 264.9 MB
[runlim] sample:		50.0 seconds, 268.9 MB
[runlim] sample:		60.0 seconds, 258.7 MB
[runlim] sample:		70.0 seconds, 268.7 MB
[runlim] sample:		80.0 seconds, 276.5 MB
[runlim] sample:		90.0 seconds, 282.6 MB
[runlim] sample:		100.0 seconds, 284.4 MB
[runlim] sample:		111.0 seconds, 329.0 MB
[runlim] sample:		121.2 seconds, 279.9 MB
[runlim] sample:		131.2 seconds, 259.3 MB
[runlim] sample:		141.2 seconds, 271.5 MB
[runlim] sample:		151.2 seconds, 267.3 MB
[runlim] sample:		161.2 seconds, 263.6 MB
[runlim] sample:		171.2 seconds, 259.8 MB
[runlim] sample:		181.2 seconds, 260.3 MB
[runlim] sample:		191.2 seconds, 263.8 MB
[runlim] sample:		201.2 seconds, 271.0 MB
[runlim] sample:		211.2 seconds, 283.1 MB
[runlim] sample:		221.2 seconds, 273.3 MB
[runlim] sample:		231.2 seconds, 265.8 MB
[runlim] sample:		241.2 seconds, 269.6 MB
[runlim] sample:		251.2 seconds, 262.8 MB
[runlim] sample:		261.2 seconds, 280.3 MB
[runlim] sample:		271.2 seconds, 285.5 MB
[runlim] sample:		281.2 seconds, 273.3 MB
[runlim] sample:		291.2 seconds, 277.4 MB
[runlim] sample:		301.2 seconds, 278.8 MB
[runlim] sample:		311.2 seconds, 271.1 MB
[runlim] sample:		321.2 seconds, 279.8 MB
[runlim] sample:		331.2 seconds, 280.1 MB
[runlim] sample:		341.2 seconds, 288.6 MB
[runlim] sample:		351.2 seconds, 281.0 MB
[runlim] sample:		361.2 seconds, 274.8 MB
[runlim] sample:		371.2 seconds, 273.3 MB
[runlim] sample:		381.2 seconds, 271.5 MB
[runlim] sample:		391.2 seconds, 276.5 MB
[runlim] sample:		401.2 seconds, 272.8 MB
[runlim] sample:		411.2 seconds, 271.0 MB
[runlim] sample:		421.2 seconds, 269.8 MB
[runlim] sample:		431.2 seconds, 276.5 MB
[runlim] sample:		441.2 seconds, 288.2 MB
[runlim] sample:		451.2 seconds, 277.8 MB
[runlim] sample:		461.2 seconds, 283.6 MB
[runlim] sample:		471.2 seconds, 274.5 MB
[runlim] sample:		481.2 seconds, 282.6 MB
[runlim] sample:		491.2 seconds, 273.8 MB
[runlim] sample:		501.2 seconds, 277.1 MB
[runlim] sample:		511.2 seconds, 272.3 MB
[runlim] sample:		521.2 seconds, 272.0 MB
[runlim] sample:		531.2 seconds, 282.0 MB
[runlim] sample:		541.2 seconds, 285.7 MB
[runlim] sample:		551.2 seconds, 280.3 MB
[runlim] sample:		561.2 seconds, 283.1 MB
[runlim] sample:		571.2 seconds, 286.3 MB
[runlim] sample:		581.2 seconds, 282.9 MB
[runlim] sample:		591.2 seconds, 287.3 MB
[runlim] sample:		601.2 seconds, 277.3 MB
[runlim] sample:		611.2 seconds, 279.9 MB
[runlim] sample:		621.2 seconds, 291.3 MB
[runlim] sample:		631.2 seconds, 278.5 MB
[runlim] sample:		641.2 seconds, 277.0 MB
[runlim] sample:		651.2 seconds, 276.8 MB
[runlim] sample:		661.2 seconds, 276.5 MB
[runlim] sample:		671.2 seconds, 276.0 MB
[runlim] sample:		681.2 seconds, 279.1 MB
[runlim] sample:		691.2 seconds, 275.8 MB
[runlim] sample:		701.2 seconds, 275.0 MB
[runlim] sample:		711.2 seconds, 275.0 MB
[runlim] sample:		721.2 seconds, 274.8 MB
[runlim] sample:		731.2 seconds, 274.5 MB
[runlim] sample:		741.2 seconds, 273.8 MB
[runlim] sample:		751.2 seconds, 277.0 MB
[runlim] sample:		761.2 seconds, 283.1 MB
[runlim] sample:		771.2 seconds, 282.9 MB
[runlim] sample:		781.2 seconds, 278.3 MB
[runlim] sample:		791.2 seconds, 276.5 MB
[runlim] sample:		801.1 seconds, 280.5 MB
[runlim] sample:		811.1 seconds, 275.8 MB
[runlim] sample:		821.2 seconds, 277.1 MB
[runlim] sample:		831.1 seconds, 277.2 MB
[runlim] sample:		841.1 seconds, 274.8 MB
[runlim] sample:		851.1 seconds, 279.9 MB
[runlim] sample:		861.1 seconds, 276.3 MB
[runlim] sample:		871.2 seconds, 279.9 MB
[runlim] sample:		881.2 seconds, 283.1 MB
[runlim] sample:		891.2 seconds, 283.1 MB
[runlim] sample:		901.2 seconds, 278.3 MB
[runlim] sample:		911.2 seconds, 278.0 MB
[runlim] sample:		921.1 seconds, 283.8 MB
[runlim] sample:		931.1 seconds, 281.0 MB
[runlim] sample:		941.2 seconds, 279.8 MB
[runlim] sample:		951.2 seconds, 283.6 MB
[runlim] sample:		961.2 seconds, 278.3 MB
[runlim] sample:		971.2 seconds, 277.3 MB
[runlim] sample:		981.2 seconds, 277.3 MB
[runlim] sample:		991.1 seconds, 277.5 MB
[runlim] sample:		1001.1 seconds, 279.8 MB
[runlim] sample:		1011.1 seconds, 277.3 MB
[runlim] sample:		1021.1 seconds, 280.1 MB
[runlim] sample:		1031.2 seconds, 277.8 MB
[runlim] sample:		1041.2 seconds, 277.3 MB
[runlim] sample:		1051.2 seconds, 277.3 MB
[runlim] sample:		1061.2 seconds, 277.5 MB
[runlim] sample:		1071.2 seconds, 282.9 MB
[runlim] sample:		1081.2 seconds, 277.5 MB
[runlim] sample:		1091.2 seconds, 279.8 MB
[runlim] sample:		1101.2 seconds, 280.5 MB
[runlim] sample:		1111.2 seconds, 277.8 MB
[runlim] sample:		1121.2 seconds, 277.8 MB
[runlim] sample:		1131.2 seconds, 277.5 MB
[runlim] sample:		1141.2 seconds, 277.3 MB
[runlim] sample:		1151.2 seconds, 280.3 MB
[runlim] sample:		1161.2 seconds, 278.0 MB
[runlim] sample:		1171.2 seconds, 277.8 MB
[runlim] sample:		1181.2 seconds, 277.5 MB
[runlim] sample:		1191.2 seconds, 291.2 MB
[runlim] sample:		1201.2 seconds, 282.6 MB
[runlim] sample:		1211.2 seconds, 288.8 MB
[runlim] sample:		1221.2 seconds, 279.0 MB
[runlim] sample:		1231.2 seconds, 279.0 MB
[runlim] sample:		1241.2 seconds, 288.3 MB
[runlim] sample:		1251.2 seconds, 280.8 MB
[runlim] sample:		1261.2 seconds, 289.6 MB
[runlim] sample:		1271.2 seconds, 281.3 MB
[runlim] sample:		1281.2 seconds, 285.3 MB
[runlim] sample:		1291.2 seconds, 284.0 MB
[runlim] sample:		1301.2 seconds, 283.5 MB
[runlim] sample:		1311.2 seconds, 282.8 MB
[runlim] sample:		1321.2 seconds, 282.5 MB
[runlim] sample:		1331.2 seconds, 289.6 MB
[runlim] sample:		1341.2 seconds, 281.8 MB
[runlim] sample:		1351.2 seconds, 280.8 MB
[runlim] sample:		1361.2 seconds, 280.3 MB
[runlim] sample:		1371.2 seconds, 280.3 MB
[runlim] sample:		1381.2 seconds, 279.5 MB
[runlim] sample:		1391.2 seconds, 279.3 MB
[runlim] sample:		1401.2 seconds, 279.5 MB
[runlim] sample:		1411.2 seconds, 285.7 MB
[runlim] sample:		1421.2 seconds, 280.8 MB
[runlim] sample:		1431.2 seconds, 279.5 MB
[runlim] sample:		1441.2 seconds, 282.9 MB
[runlim] sample:		1451.2 seconds, 279.5 MB
[runlim] sample:		1461.2 seconds, 279.5 MB
[runlim] sample:		1471.2 seconds, 279.3 MB
[runlim] sample:		1481.2 seconds, 282.6 MB
[runlim] sample:		1491.2 seconds, 286.0 MB
[runlim] sample:		1501.2 seconds, 291.3 MB
[runlim] sample:		1511.2 seconds, 281.5 MB
[runlim] sample:		1521.2 seconds, 282.8 MB
[runlim] sample:		1531.2 seconds, 280.3 MB
[runlim] sample:		1541.2 seconds, 280.3 MB
[runlim] sample:		1551.2 seconds, 279.8 MB
[runlim] sample:		1561.2 seconds, 279.0 MB
[runlim] sample:		1571.2 seconds, 279.8 MB
[runlim] sample:		1581.2 seconds, 279.3 MB
[runlim] sample:		1591.2 seconds, 279.8 MB
[runlim] sample:		1601.2 seconds, 285.3 MB
[runlim] sample:		1611.2 seconds, 281.5 MB
[runlim] sample:		1621.2 seconds, 283.1 MB
[runlim] sample:		1631.2 seconds, 281.8 MB
[runlim] sample:		1641.2 seconds, 282.3 MB
[runlim] sample:		1651.1 seconds, 285.4 MB
[runlim] sample:		1661.1 seconds, 282.0 MB
[runlim] sample:		1671.1 seconds, 281.8 MB
[runlim] sample:		1681.1 seconds, 281.3 MB
[runlim] sample:		1691.1 seconds, 280.8 MB
[runlim] sample:		1701.2 seconds, 285.9 MB
[runlim] sample:		1711.2 seconds, 286.2 MB
[runlim] sample:		1721.2 seconds, 282.3 MB
[runlim] sample:		1731.1 seconds, 282.0 MB
[runlim] sample:		1741.2 seconds, 288.5 MB
[runlim] sample:		1751.2 seconds, 282.8 MB
[runlim] sample:		1761.2 seconds, 282.8 MB
[runlim] sample:		1771.2 seconds, 282.8 MB
[runlim] sample:		1781.2 seconds, 284.0 MB
[runlim] sample:		1791.2 seconds, 285.6 MB
[runlim] sample:		1801.2 seconds, 285.6 MB
[runlim] sample:		1811.2 seconds, 284.3 MB
[runlim] sample:		1821.2 seconds, 284.0 MB
[runlim] sample:		1831.2 seconds, 284.0 MB
[runlim] sample:		1841.2 seconds, 284.0 MB
[runlim] sample:		1851.1 seconds, 288.1 MB
[runlim] sample:		1861.2 seconds, 290.8 MB
[runlim] sample:		1871.2 seconds, 286.5 MB
[runlim] sample:		1881.2 seconds, 285.5 MB
[runlim] sample:		1891.1 seconds, 285.5 MB
[runlim] sample:		1901.1 seconds, 284.5 MB
[runlim] sample:		1911.1 seconds, 284.5 MB
[runlim] sample:		1921.1 seconds, 284.5 MB
[runlim] sample:		1931.2 seconds, 288.5 MB
[runlim] sample:		1941.2 seconds, 284.8 MB
[runlim] sample:		1951.2 seconds, 284.3 MB
[runlim] sample:		1961.2 seconds, 284.3 MB
[runlim] sample:		1971.1 seconds, 284.3 MB
[runlim] sample:		1981.1 seconds, 284.5 MB
[runlim] sample:		1991.1 seconds, 284.3 MB
[runlim] sample:		2001.1 seconds, 284.3 MB
[runlim] sample:		2011.2 seconds, 288.1 MB
[runlim] sample:		2021.2 seconds, 285.0 MB
[runlim] sample:		2031.2 seconds, 284.8 MB
[runlim] sample:		2041.2 seconds, 284.3 MB
[runlim] sample:		2051.2 seconds, 284.3 MB
[runlim] sample:		2061.2 seconds, 284.0 MB
[runlim] sample:		2071.2 seconds, 283.5 MB
[runlim] sample:		2081.2 seconds, 283.5 MB
[runlim] sample:		2091.2 seconds, 283.3 MB
[runlim] sample:		2101.2 seconds, 283.3 MB
[runlim] sample:		2111.2 seconds, 283.3 MB
[runlim] sample:		2121.2 seconds, 283.3 MB
[runlim] sample:		2131.2 seconds, 283.3 MB
[runlim] sample:		2141.2 seconds, 283.3 MB
[runlim] sample:		2151.2 seconds, 283.5 MB
[runlim] sample:		2161.2 seconds, 283.5 MB
[runlim] sample:		2171.2 seconds, 283.5 MB
[runlim] sample:		2181.2 seconds, 283.5 MB
[runlim] sample:		2191.2 seconds, 283.3 MB
[runlim] sample:		2201.1 seconds, 291.5 MB
[runlim] sample:		2211.1 seconds, 285.3 MB
[runlim] sample:		2221.1 seconds, 285.0 MB
[runlim] sample:		2231.1 seconds, 285.0 MB
[runlim] sample:		2241.1 seconds, 285.0 MB
[runlim] sample:		2251.1 seconds, 284.8 MB
[runlim] sample:		2261.1 seconds, 286.3 MB
[runlim] sample:		2271.1 seconds, 285.0 MB
[runlim] sample:		2281.1 seconds, 284.8 MB
[runlim] sample:		2291.1 seconds, 285.5 MB
[runlim] sample:		2301.1 seconds, 284.5 MB
[runlim] sample:		2311.1 seconds, 284.5 MB
[runlim] sample:		2321.1 seconds, 284.5 MB
[runlim] sample:		2331.1 seconds, 284.3 MB
[runlim] sample:		2341.1 seconds, 284.3 MB
[runlim] sample:		2351.1 seconds, 284.3 MB
[runlim] sample:		2361.1 seconds, 283.8 MB
[runlim] sample:		2371.1 seconds, 286.7 MB
[runlim] sample:		2381.1 seconds, 286.3 MB
[runlim] sample:		2391.1 seconds, 284.5 MB
[runlim] sample:		2401.1 seconds, 284.3 MB
[runlim] sample:		2411.1 seconds, 286.5 MB
[runlim] sample:		2421.1 seconds, 285.0 MB
[runlim] sample:		2431.1 seconds, 288.4 MB
[runlim] sample:		2441.1 seconds, 287.8 MB
[runlim] sample:		2451.1 seconds, 284.8 MB
[runlim] sample:		2461.1 seconds, 285.5 MB
[runlim] sample:		2471.1 seconds, 284.8 MB
[runlim] sample:		2481.1 seconds, 285.0 MB
[runlim] sample:		2491.1 seconds, 285.0 MB
[runlim] sample:		2501.1 seconds, 288.6 MB
[runlim] sample:		2511.1 seconds, 286.5 MB
[runlim] sample:		2521.1 seconds, 286.0 MB
[runlim] sample:		2531.1 seconds, 286.0 MB
[runlim] sample:		2541.1 seconds, 286.0 MB
[runlim] sample:		2551.1 seconds, 291.4 MB
[runlim] sample:		2561.1 seconds, 286.8 MB
[runlim] sample:		2571.1 seconds, 286.8 MB
[runlim] sample:		2581.1 seconds, 286.8 MB
[runlim] sample:		2591.1 seconds, 286.8 MB
[runlim] sample:		2601.1 seconds, 286.8 MB
[runlim] sample:		2611.1 seconds, 286.8 MB
[runlim] sample:		2621.1 seconds, 286.5 MB
[runlim] sample:		2631.1 seconds, 288.8 MB
[runlim] sample:		2641.1 seconds, 286.5 MB
[runlim] sample:		2651.1 seconds, 286.5 MB
[runlim] sample:		2661.1 seconds, 286.5 MB
[runlim] sample:		2671.1 seconds, 286.5 MB
[runlim] sample:		2681.1 seconds, 291.2 MB
[runlim] sample:		2691.1 seconds, 288.5 MB
[runlim] sample:		2701.1 seconds, 286.5 MB
[runlim] sample:		2711.1 seconds, 291.4 MB
[runlim] sample:		2721.1 seconds, 286.3 MB
[runlim] sample:		2731.1 seconds, 286.3 MB
[runlim] sample:		2741.1 seconds, 286.3 MB
[runlim] sample:		2751.1 seconds, 286.0 MB
[runlim] sample:		2761.1 seconds, 285.8 MB
[runlim] sample:		2771.1 seconds, 285.8 MB
[runlim] sample:		2781.1 seconds, 285.5 MB
[runlim] sample:		2791.1 seconds, 285.3 MB
[runlim] sample:		2801.1 seconds, 285.3 MB
[runlim] sample:		2811.1 seconds, 285.3 MB
[runlim] sample:		2821.1 seconds, 285.3 MB
[runlim] sample:		2831.1 seconds, 286.5 MB
[runlim] sample:		2841.1 seconds, 285.8 MB
[runlim] sample:		2851.1 seconds, 289.0 MB
[runlim] sample:		2861.1 seconds, 286.0 MB
[runlim] sample:		2871.1 seconds, 286.0 MB
[runlim] sample:		2881.1 seconds, 286.0 MB
[runlim] sample:		2891.1 seconds, 286.0 MB
[runlim] sample:		2901.1 seconds, 286.0 MB
[runlim] sample:		2911.1 seconds, 286.0 MB
[runlim] sample:		2921.1 seconds, 286.0 MB
[runlim] sample:		2931.1 seconds, 286.0 MB
[runlim] sample:		2941.1 seconds, 286.0 MB
[runlim] sample:		2951.1 seconds, 285.8 MB
[runlim] sample:		2961.1 seconds, 285.8 MB
[runlim] sample:		2971.1 seconds, 291.4 MB
[runlim] sample:		2981.1 seconds, 289.0 MB
[runlim] sample:		2991.1 seconds, 288.3 MB
[runlim] sample:		3001.1 seconds, 288.3 MB
[runlim] sample:		3011.1 seconds, 288.0 MB
[runlim] sample:		3021.1 seconds, 287.8 MB
[runlim] sample:		3031.1 seconds, 287.5 MB
[runlim] sample:		3041.1 seconds, 287.3 MB
[runlim] sample:		3051.1 seconds, 288.6 MB
[runlim] sample:		3061.1 seconds, 287.3 MB
[runlim] sample:		3071.1 seconds, 287.3 MB
[runlim] sample:		3081.1 seconds, 287.0 MB
[runlim] sample:		3091.1 seconds, 288.3 MB
[runlim] sample:		3101.1 seconds, 287.0 MB
[runlim] sample:		3111.1 seconds, 287.0 MB
[runlim] sample:		3121.1 seconds, 287.0 MB
[runlim] sample:		3131.1 seconds, 287.0 MB
[runlim] sample:		3141.1 seconds, 286.5 MB
[runlim] sample:		3151.1 seconds, 286.5 MB
[runlim] sample:		3161.1 seconds, 286.5 MB
[runlim] sample:		3171.1 seconds, 288.3 MB
[runlim] sample:		3181.1 seconds, 286.8 MB
[runlim] sample:		3191.1 seconds, 288.8 MB
[runlim] sample:		3201.1 seconds, 286.8 MB
[runlim] sample:		3211.1 seconds, 286.8 MB
[runlim] sample:		3221.1 seconds, 286.8 MB
[runlim] sample:		3231.1 seconds, 286.5 MB
[runlim] sample:		3241.1 seconds, 286.3 MB
[runlim] sample:		3251.1 seconds, 285.8 MB
[runlim] sample:		3261.1 seconds, 285.8 MB
[runlim] sample:		3271.1 seconds, 285.8 MB
[runlim] sample:		3281.1 seconds, 285.8 MB
[runlim] sample:		3291.1 seconds, 285.8 MB
[runlim] sample:		3301.1 seconds, 285.5 MB
[runlim] sample:		3311.1 seconds, 285.5 MB
[runlim] sample:		3321.1 seconds, 285.5 MB
[runlim] sample:		3331.1 seconds, 285.5 MB
[runlim] sample:		3341.1 seconds, 285.5 MB
[runlim] sample:		3351.1 seconds, 288.4 MB
[runlim] sample:		3361.1 seconds, 288.7 MB
[runlim] sample:		3371.1 seconds, 288.6 MB
[runlim] sample:		3381.1 seconds, 286.0 MB
[runlim] sample:		3391.1 seconds, 285.8 MB
[runlim] sample:		3401.1 seconds, 285.8 MB
[runlim] sample:		3411.1 seconds, 285.5 MB
[runlim] sample:		3421.1 seconds, 285.5 MB
[runlim] sample:		3431.1 seconds, 285.5 MB
[runlim] sample:		3441.1 seconds, 285.5 MB
[runlim] sample:		3451.1 seconds, 285.3 MB
[runlim] sample:		3461.1 seconds, 284.8 MB
[runlim] sample:		3471.1 seconds, 284.5 MB
[runlim] sample:		3481.1 seconds, 285.5 MB
[runlim] sample:		3491.1 seconds, 284.8 MB
[runlim] sample:		3501.1 seconds, 284.8 MB
[runlim] sample:		3511.1 seconds, 294.0 MB
[runlim] sample:		3521.1 seconds, 286.5 MB
[runlim] sample:		3531.1 seconds, 286.5 MB
[runlim] sample:		3541.1 seconds, 286.3 MB
[runlim] sample:		3551.1 seconds, 285.8 MB
[runlim] sample:		3561.1 seconds, 286.8 MB
[runlim] sample:		3571.1 seconds, 286.3 MB
[runlim] sample:		3581.1 seconds, 286.8 MB
[runlim] sample:		3591.1 seconds, 286.3 MB
[runlim] end:			Sat Oct  5 01:45:05 2019
[runlim] status:		out of time
[runlim] result:		1
[runlim] children:		0
[runlim] real:			3598.96 seconds
[runlim] time:			3600.03 seconds
[runlim] space:			406.3 MB
[runlim] samples:		35989
