[runlim] version:		1.7
[runlim] time limit:		3600 seconds
[runlim] real time limit:	311040000 seconds
[runlim] space limit:		80000 MB
[runlim] argv[0]:		python3.6
[runlim] argv[1]:		./netsolver-gurobi-mod.py
[runlim] argv[2]:		../../../instances/fattree-bcube/BCube_n16_k2_bw10_cpu16.pn
[runlim] argv[3]:		../../../instances/fattree-bcube/instance_list_9vm_rnd.txt
[runlim] argv[4]:		False
[runlim] argv[5]:		True
[runlim] argv[6]:		timelogs/results.BCube_n16_k2_bw10_cpu16.pn.instance_list_9vm_rnd.txt.log
[runlim] start:			Sat Oct  5 07:33:44 2019
[runlim] main pid:		32704
Academic license - for non-commercial use only
[runlim] sample:		10.0 seconds, 309.9 MB
[runlim] sample:		20.0 seconds, 606.3 MB
[runlim] sample:		30.0 seconds, 471.0 MB
[runlim] sample:		40.0 seconds, 475.3 MB
[runlim] sample:		50.0 seconds, 566.8 MB
[runlim] sample:		60.0 seconds, 618.9 MB
[runlim] sample:		70.0 seconds, 541.4 MB
[runlim] sample:		80.0 seconds, 525.3 MB
[runlim] sample:		90.0 seconds, 585.9 MB
[runlim] sample:		100.0 seconds, 593.8 MB
[runlim] sample:		110.0 seconds, 481.8 MB
[runlim] sample:		120.0 seconds, 507.9 MB
[runlim] sample:		130.0 seconds, 548.4 MB
[runlim] sample:		140.0 seconds, 578.7 MB
[runlim] sample:		150.0 seconds, 645.9 MB
[runlim] sample:		160.0 seconds, 647.0 MB
[runlim] sample:		170.0 seconds, 599.8 MB
[runlim] sample:		180.0 seconds, 521.4 MB
[runlim] sample:		190.0 seconds, 570.9 MB
[runlim] sample:		200.0 seconds, 631.0 MB
[runlim] sample:		210.0 seconds, 626.3 MB
[runlim] sample:		220.0 seconds, 501.7 MB
[runlim] sample:		230.0 seconds, 581.1 MB
[runlim] sample:		240.0 seconds, 703.1 MB
[runlim] sample:		250.0 seconds, 686.0 MB
[runlim] sample:		260.0 seconds, 741.0 MB
[runlim] sample:		270.0 seconds, 685.7 MB
[runlim] sample:		280.0 seconds, 638.4 MB
[runlim] sample:		290.0 seconds, 707.4 MB
[runlim] sample:		300.0 seconds, 727.9 MB
[runlim] sample:		310.0 seconds, 699.9 MB
[runlim] sample:		320.0 seconds, 699.0 MB
[runlim] sample:		330.0 seconds, 702.6 MB
[runlim] sample:		340.0 seconds, 696.2 MB
[runlim] sample:		350.0 seconds, 663.1 MB
[runlim] sample:		360.0 seconds, 663.1 MB
[runlim] sample:		370.0 seconds, 692.8 MB
[runlim] sample:		380.0 seconds, 692.8 MB
[runlim] sample:		390.0 seconds, 681.5 MB
[runlim] sample:		400.0 seconds, 681.5 MB
[runlim] sample:		410.0 seconds, 699.0 MB
[runlim] sample:		420.0 seconds, 699.0 MB
[runlim] sample:		430.0 seconds, 679.1 MB
[runlim] sample:		440.0 seconds, 688.5 MB
[runlim] sample:		450.0 seconds, 671.6 MB
[runlim] sample:		460.0 seconds, 720.6 MB
[runlim] sample:		470.0 seconds, 753.3 MB
[runlim] sample:		480.0 seconds, 722.8 MB
[runlim] sample:		490.0 seconds, 667.4 MB
[runlim] sample:		500.0 seconds, 657.6 MB
[runlim] sample:		510.0 seconds, 668.3 MB
[runlim] sample:		520.0 seconds, 686.8 MB
[runlim] sample:		530.0 seconds, 677.1 MB
[runlim] sample:		540.0 seconds, 645.1 MB
[runlim] sample:		550.0 seconds, 652.6 MB
[runlim] sample:		560.0 seconds, 687.1 MB
[runlim] sample:		570.0 seconds, 683.9 MB
[runlim] sample:		580.0 seconds, 674.4 MB
[runlim] sample:		590.0 seconds, 674.4 MB
[runlim] sample:		600.0 seconds, 671.0 MB
[runlim] sample:		610.0 seconds, 671.0 MB
[runlim] sample:		620.0 seconds, 608.4 MB
[runlim] sample:		630.0 seconds, 592.7 MB
[runlim] sample:		640.0 seconds, 592.4 MB
[runlim] sample:		650.0 seconds, 598.3 MB
[runlim] sample:		661.1 seconds, 600.8 MB
[runlim] sample:		671.1 seconds, 598.7 MB
[runlim] sample:		681.4 seconds, 624.5 MB
[runlim] sample:		691.4 seconds, 625.3 MB
[runlim] sample:		701.4 seconds, 633.7 MB
[runlim] sample:		711.4 seconds, 622.3 MB
[runlim] sample:		721.4 seconds, 644.8 MB
[runlim] sample:		731.4 seconds, 662.2 MB
[runlim] sample:		741.4 seconds, 664.0 MB
[runlim] sample:		751.4 seconds, 678.3 MB
[runlim] sample:		761.4 seconds, 681.3 MB
[runlim] sample:		771.4 seconds, 670.5 MB
[runlim] sample:		781.4 seconds, 670.5 MB
[runlim] sample:		791.4 seconds, 661.8 MB
[runlim] sample:		801.4 seconds, 659.1 MB
[runlim] sample:		811.4 seconds, 648.8 MB
[runlim] sample:		821.4 seconds, 624.3 MB
[runlim] sample:		831.4 seconds, 648.6 MB
[runlim] sample:		841.4 seconds, 673.5 MB
[runlim] sample:		851.4 seconds, 670.1 MB
[runlim] sample:		861.4 seconds, 647.3 MB
[runlim] sample:		871.4 seconds, 630.6 MB
[runlim] sample:		881.4 seconds, 660.2 MB
[runlim] sample:		891.4 seconds, 668.6 MB
[runlim] sample:		901.4 seconds, 656.4 MB
[runlim] sample:		911.4 seconds, 646.6 MB
[runlim] sample:		921.4 seconds, 702.3 MB
[runlim] sample:		931.4 seconds, 697.8 MB
[runlim] sample:		941.4 seconds, 697.8 MB
[runlim] sample:		951.4 seconds, 664.1 MB
[runlim] sample:		961.4 seconds, 637.8 MB
[runlim] sample:		971.4 seconds, 644.6 MB
[runlim] sample:		981.4 seconds, 656.4 MB
[runlim] sample:		991.4 seconds, 645.1 MB
[runlim] sample:		1001.4 seconds, 633.1 MB
[runlim] sample:		1011.4 seconds, 650.3 MB
[runlim] sample:		1021.4 seconds, 655.3 MB
[runlim] sample:		1031.4 seconds, 637.1 MB
[runlim] sample:		1041.4 seconds, 650.9 MB
[runlim] sample:		1051.4 seconds, 687.2 MB
[runlim] sample:		1061.4 seconds, 685.1 MB
[runlim] sample:		1071.4 seconds, 665.3 MB
[runlim] sample:		1081.4 seconds, 665.1 MB
[runlim] sample:		1091.4 seconds, 663.6 MB
[runlim] sample:		1101.4 seconds, 648.3 MB
[runlim] sample:		1111.4 seconds, 647.8 MB
[runlim] sample:		1121.4 seconds, 682.6 MB
[runlim] sample:		1131.4 seconds, 682.6 MB
[runlim] sample:		1141.4 seconds, 673.1 MB
[runlim] sample:		1151.4 seconds, 636.3 MB
[runlim] sample:		1161.4 seconds, 634.8 MB
[runlim] sample:		1171.4 seconds, 632.3 MB
[runlim] sample:		1181.4 seconds, 630.3 MB
[runlim] sample:		1191.4 seconds, 650.9 MB
[runlim] sample:		1201.4 seconds, 681.2 MB
[runlim] sample:		1211.4 seconds, 679.8 MB
[runlim] sample:		1221.4 seconds, 662.6 MB
[runlim] sample:		1231.4 seconds, 662.6 MB
[runlim] sample:		1241.4 seconds, 700.8 MB
[runlim] sample:		1251.4 seconds, 700.6 MB
[runlim] sample:		1261.4 seconds, 679.1 MB
[runlim] sample:		1271.4 seconds, 647.3 MB
[runlim] sample:		1281.4 seconds, 653.4 MB
[runlim] sample:		1291.4 seconds, 698.0 MB
[runlim] sample:		1301.4 seconds, 696.8 MB
[runlim] sample:		1311.4 seconds, 683.0 MB
[runlim] sample:		1321.4 seconds, 681.3 MB
[runlim] sample:		1331.4 seconds, 699.8 MB
[runlim] sample:		1341.4 seconds, 693.6 MB
[runlim] sample:		1351.4 seconds, 694.0 MB
[runlim] sample:		1361.4 seconds, 694.0 MB
[runlim] sample:		1371.4 seconds, 687.7 MB
[runlim] sample:		1381.4 seconds, 674.8 MB
[runlim] sample:		1391.4 seconds, 667.8 MB
[runlim] sample:		1401.4 seconds, 665.3 MB
[runlim] sample:		1411.4 seconds, 656.6 MB
[runlim] sample:		1421.4 seconds, 655.3 MB
[runlim] sample:		1431.4 seconds, 654.6 MB
[runlim] sample:		1441.4 seconds, 652.1 MB
[runlim] sample:		1451.4 seconds, 643.8 MB
[runlim] sample:		1461.4 seconds, 650.8 MB
[runlim] sample:		1471.4 seconds, 697.8 MB
[runlim] sample:		1481.4 seconds, 697.3 MB
[runlim] sample:		1491.4 seconds, 683.0 MB
[runlim] sample:		1501.4 seconds, 683.0 MB
[runlim] sample:		1511.4 seconds, 676.3 MB
[runlim] sample:		1521.4 seconds, 669.6 MB
[runlim] sample:		1531.4 seconds, 668.1 MB
[runlim] sample:		1541.4 seconds, 704.4 MB
[runlim] sample:		1551.4 seconds, 728.2 MB
[runlim] sample:		1561.4 seconds, 727.0 MB
[runlim] sample:		1571.4 seconds, 693.0 MB
[runlim] sample:		1581.4 seconds, 693.0 MB
[runlim] sample:		1591.4 seconds, 678.0 MB
[runlim] sample:		1601.4 seconds, 653.7 MB
[runlim] sample:		1611.4 seconds, 653.0 MB
[runlim] sample:		1621.4 seconds, 653.0 MB
[runlim] sample:		1631.4 seconds, 652.2 MB
[runlim] sample:		1641.4 seconds, 683.0 MB
[runlim] sample:		1651.4 seconds, 682.5 MB
[runlim] sample:		1661.4 seconds, 700.2 MB
[runlim] sample:		1671.4 seconds, 685.0 MB
[runlim] sample:		1681.4 seconds, 678.7 MB
[runlim] sample:		1691.4 seconds, 662.7 MB
[runlim] sample:		1701.4 seconds, 662.7 MB
[runlim] sample:		1711.4 seconds, 705.7 MB
[runlim] sample:		1721.4 seconds, 705.5 MB
[runlim] sample:		1731.4 seconds, 680.2 MB
[runlim] sample:		1741.4 seconds, 649.0 MB
[runlim] sample:		1751.4 seconds, 649.0 MB
[runlim] sample:		1761.4 seconds, 650.0 MB
[runlim] sample:		1771.4 seconds, 650.2 MB
[runlim] sample:		1781.4 seconds, 648.0 MB
[runlim] sample:		1791.4 seconds, 643.2 MB
[runlim] sample:		1801.4 seconds, 643.2 MB
[runlim] sample:		1811.4 seconds, 683.2 MB
[runlim] sample:		1821.4 seconds, 681.5 MB
[runlim] sample:		1831.4 seconds, 666.2 MB
[runlim] sample:		1841.4 seconds, 639.2 MB
[runlim] sample:		1851.4 seconds, 639.0 MB
[runlim] sample:		1861.4 seconds, 644.5 MB
[runlim] sample:		1871.4 seconds, 656.8 MB
[runlim] sample:		1881.4 seconds, 689.6 MB
[runlim] sample:		1891.4 seconds, 667.2 MB
[runlim] sample:		1901.4 seconds, 648.2 MB
[runlim] sample:		1911.4 seconds, 648.2 MB
[runlim] sample:		1921.4 seconds, 651.3 MB
[runlim] sample:		1931.4 seconds, 660.2 MB
[runlim] sample:		1941.4 seconds, 646.0 MB
[runlim] sample:		1951.4 seconds, 651.3 MB
[runlim] sample:		1961.4 seconds, 696.4 MB
[runlim] sample:		1971.4 seconds, 695.5 MB
[runlim] sample:		1981.4 seconds, 686.4 MB
[runlim] sample:		1991.4 seconds, 685.2 MB
[runlim] sample:		2001.4 seconds, 699.7 MB
[runlim] sample:		2011.4 seconds, 696.5 MB
[runlim] sample:		2021.4 seconds, 700.2 MB
[runlim] sample:		2031.4 seconds, 676.5 MB
[runlim] sample:		2041.4 seconds, 722.0 MB
[runlim] sample:		2051.4 seconds, 725.4 MB
[runlim] sample:		2061.4 seconds, 700.4 MB
[runlim] sample:		2071.4 seconds, 655.2 MB
[runlim] sample:		2081.4 seconds, 655.2 MB
[runlim] sample:		2091.4 seconds, 708.2 MB
[runlim] sample:		2101.4 seconds, 708.2 MB
[runlim] sample:		2111.4 seconds, 708.1 MB
[runlim] sample:		2121.4 seconds, 683.8 MB
[runlim] sample:		2131.4 seconds, 659.0 MB
[runlim] sample:		2141.4 seconds, 659.0 MB
[runlim] sample:		2151.4 seconds, 664.3 MB
[runlim] sample:		2161.4 seconds, 659.8 MB
[runlim] sample:		2171.4 seconds, 657.5 MB
[runlim] sample:		2181.4 seconds, 655.0 MB
[runlim] sample:		2191.4 seconds, 653.8 MB
[runlim] sample:		2201.4 seconds, 675.7 MB
[runlim] sample:		2211.4 seconds, 668.5 MB
[runlim] sample:		2221.4 seconds, 664.0 MB
[runlim] sample:		2231.4 seconds, 651.8 MB
[runlim] sample:		2241.4 seconds, 657.3 MB
[runlim] sample:		2251.4 seconds, 687.4 MB
[runlim] sample:		2261.4 seconds, 663.0 MB
[runlim] sample:		2271.4 seconds, 660.8 MB
[runlim] sample:		2281.4 seconds, 655.5 MB
[runlim] sample:		2291.4 seconds, 655.5 MB
[runlim] sample:		2301.4 seconds, 675.6 MB
[runlim] sample:		2311.4 seconds, 675.0 MB
[runlim] sample:		2321.4 seconds, 669.2 MB
[runlim] sample:		2331.4 seconds, 668.3 MB
[runlim] sample:		2341.4 seconds, 668.3 MB
[runlim] sample:		2351.4 seconds, 667.0 MB
[runlim] sample:		2361.4 seconds, 666.3 MB
[runlim] sample:		2371.4 seconds, 666.3 MB
[runlim] sample:		2381.4 seconds, 721.3 MB
[runlim] sample:		2391.4 seconds, 721.3 MB
[runlim] sample:		2401.4 seconds, 721.3 MB
[runlim] sample:		2411.4 seconds, 709.4 MB
[runlim] sample:		2421.4 seconds, 672.8 MB
[runlim] sample:		2431.4 seconds, 672.8 MB
[runlim] sample:		2441.4 seconds, 726.5 MB
[runlim] sample:		2451.4 seconds, 726.5 MB
[runlim] sample:		2461.4 seconds, 728.0 MB
[runlim] sample:		2471.4 seconds, 731.9 MB
[runlim] sample:		2481.4 seconds, 713.0 MB
[runlim] sample:		2491.4 seconds, 722.8 MB
[runlim] sample:		2501.4 seconds, 721.2 MB
[runlim] sample:		2511.4 seconds, 712.8 MB
[runlim] sample:		2521.4 seconds, 682.0 MB
[runlim] sample:		2531.4 seconds, 681.7 MB
[runlim] sample:		2541.4 seconds, 710.9 MB
[runlim] sample:		2551.4 seconds, 710.9 MB
[runlim] sample:		2561.4 seconds, 701.7 MB
[runlim] sample:		2571.4 seconds, 701.7 MB
[runlim] sample:		2581.4 seconds, 709.4 MB
[runlim] sample:		2591.4 seconds, 707.7 MB
[runlim] sample:		2601.4 seconds, 698.5 MB
[runlim] sample:		2611.4 seconds, 693.5 MB
[runlim] sample:		2621.4 seconds, 682.0 MB
[runlim] sample:		2631.4 seconds, 677.0 MB
[runlim] sample:		2641.4 seconds, 676.5 MB
[runlim] sample:		2651.4 seconds, 673.5 MB
[runlim] sample:		2661.4 seconds, 672.5 MB
[runlim] sample:		2671.4 seconds, 672.0 MB
[runlim] sample:		2681.4 seconds, 700.9 MB
[runlim] sample:		2691.4 seconds, 727.5 MB
[runlim] sample:		2701.4 seconds, 727.5 MB
[runlim] sample:		2711.4 seconds, 733.7 MB
[runlim] sample:		2721.4 seconds, 733.2 MB
[runlim] sample:		2731.4 seconds, 723.7 MB
[runlim] sample:		2741.4 seconds, 717.5 MB
[runlim] sample:		2751.4 seconds, 717.5 MB
[runlim] sample:		2761.4 seconds, 705.7 MB
[runlim] sample:		2771.4 seconds, 705.2 MB
[runlim] sample:		2781.4 seconds, 696.2 MB
[runlim] sample:		2791.4 seconds, 696.2 MB
[runlim] sample:		2801.4 seconds, 696.0 MB
[runlim] sample:		2811.4 seconds, 688.2 MB
[runlim] sample:		2821.4 seconds, 687.5 MB
[runlim] sample:		2831.4 seconds, 687.0 MB
[runlim] sample:		2841.4 seconds, 711.7 MB
[runlim] sample:		2851.4 seconds, 711.5 MB
[runlim] sample:		2861.4 seconds, 704.9 MB
[runlim] sample:		2871.4 seconds, 711.6 MB
[runlim] sample:		2881.4 seconds, 711.4 MB
[runlim] sample:		2891.4 seconds, 704.7 MB
[runlim] sample:		2901.4 seconds, 704.7 MB
[runlim] sample:		2911.4 seconds, 705.2 MB
[runlim] sample:		2921.4 seconds, 705.2 MB
[runlim] sample:		2931.4 seconds, 696.7 MB
[runlim] sample:		2941.4 seconds, 694.5 MB
[runlim] sample:		2951.4 seconds, 690.0 MB
[runlim] sample:		2961.4 seconds, 690.0 MB
[runlim] sample:		2971.4 seconds, 689.7 MB
[runlim] sample:		2981.4 seconds, 688.2 MB
[runlim] sample:		2991.3 seconds, 688.2 MB
[runlim] sample:		3001.3 seconds, 688.0 MB
[runlim] sample:		3011.4 seconds, 733.5 MB
[runlim] sample:		3021.4 seconds, 733.5 MB
[runlim] sample:		3031.3 seconds, 731.9 MB
[runlim] sample:		3041.3 seconds, 698.5 MB
[runlim] sample:		3051.3 seconds, 692.7 MB
[runlim] sample:		3061.3 seconds, 689.7 MB
[runlim] sample:		3071.3 seconds, 689.7 MB
[runlim] sample:		3081.3 seconds, 700.6 MB
[runlim] sample:		3091.3 seconds, 700.6 MB
[runlim] sample:		3101.3 seconds, 694.0 MB
[runlim] sample:		3111.3 seconds, 693.7 MB
[runlim] sample:		3121.3 seconds, 690.2 MB
[runlim] sample:		3131.3 seconds, 690.0 MB
[runlim] sample:		3141.4 seconds, 710.1 MB
[runlim] sample:		3151.3 seconds, 712.7 MB
[runlim] sample:		3161.4 seconds, 747.2 MB
[runlim] sample:		3171.4 seconds, 747.2 MB
[runlim] sample:		3181.3 seconds, 709.2 MB
[runlim] sample:		3191.3 seconds, 692.5 MB
[runlim] sample:		3201.3 seconds, 692.2 MB
[runlim] sample:		3211.3 seconds, 692.0 MB
[runlim] sample:		3221.3 seconds, 691.2 MB
[runlim] sample:		3231.3 seconds, 687.5 MB
[runlim] sample:		3241.3 seconds, 687.5 MB
[runlim] sample:		3251.3 seconds, 688.0 MB
[runlim] sample:		3261.3 seconds, 688.0 MB
[runlim] sample:		3271.3 seconds, 686.5 MB
[runlim] sample:		3281.3 seconds, 685.2 MB
[runlim] sample:		3291.3 seconds, 685.0 MB
[runlim] sample:		3301.3 seconds, 689.4 MB
[runlim] sample:		3311.3 seconds, 689.6 MB
[runlim] sample:		3321.3 seconds, 684.0 MB
[runlim] sample:		3331.3 seconds, 684.0 MB
[runlim] sample:		3341.3 seconds, 711.6 MB
[runlim] sample:		3351.3 seconds, 711.6 MB
[runlim] sample:		3361.3 seconds, 700.2 MB
[runlim] sample:		3371.3 seconds, 686.2 MB
[runlim] sample:		3381.3 seconds, 686.0 MB
[runlim] sample:		3391.3 seconds, 711.5 MB
[runlim] sample:		3401.3 seconds, 711.5 MB
[runlim] sample:		3411.3 seconds, 705.0 MB
[runlim] sample:		3421.3 seconds, 704.7 MB
[runlim] sample:		3431.3 seconds, 711.6 MB
[runlim] sample:		3441.3 seconds, 711.6 MB
[runlim] sample:		3451.3 seconds, 727.0 MB
[runlim] sample:		3461.3 seconds, 727.0 MB
[runlim] sample:		3471.3 seconds, 727.8 MB
[runlim] sample:		3481.3 seconds, 747.2 MB
[runlim] sample:		3491.3 seconds, 730.5 MB
[runlim] sample:		3501.3 seconds, 722.8 MB
[runlim] sample:		3511.3 seconds, 705.3 MB
[runlim] sample:		3521.3 seconds, 734.2 MB
[runlim] sample:		3531.3 seconds, 734.4 MB
[runlim] sample:		3541.3 seconds, 747.7 MB
[runlim] sample:		3551.3 seconds, 728.0 MB
[runlim] sample:		3561.3 seconds, 719.8 MB
[runlim] sample:		3571.3 seconds, 703.8 MB
[runlim] sample:		3581.3 seconds, 703.5 MB
[runlim] sample:		3591.3 seconds, 703.5 MB
[runlim] end:			Sat Oct  5 08:33:43 2019
[runlim] status:		out of time
[runlim] result:		1
[runlim] children:		0
[runlim] real:			3599.29 seconds
[runlim] time:			3600.04 seconds
[runlim] space:			778.1 MB
[runlim] samples:		35987
