# instance ../../../instances/fattree-bcube/BCube_n8_k2_bw10_cpu16.pn
# Settings: PN=../../../instances/fattree-bcube/BCube_n8_k2_bw10_cpu16.pn, VN=../../../instances/fattree-bcube/instance_list_15vm_rnd.txt, multi-thread=True
init 0.026866 0.026866
1 5.371939 5.398805
2 4.801299 10.200235
3 4.796808 14.997173
4 4.802485 19.79979
5 4.320374 24.120296
6 5.090686 29.211111
7 5.591342 34.802585
8 5.224622 40.027346
9 4.223613 44.251091
10 4.369471 48.620689
11 4.76387 53.384692
12 5.557865 58.942684
13 5.889499 64.832315
14 4.840279 69.672734
15 4.877952 74.550828
16 5.022525 79.573494
17 4.750931 84.32457
18 4.605064 88.929773
19 4.41959 93.349507
20 5.110413 98.460058
21 5.786186 104.246387
22 5.121527 109.368048
23 6.330129 115.698308
24 5.382823 121.081266
25 5.794445 126.875834
26 6.211518 133.087485
27 5.795305 138.882922
28 6.399496 145.282547
29 5.116538 150.399209
30 5.342347 155.741687
31 6.430647 162.172463
32 5.328095 167.500689
33 5.081606 172.582428
34 5.342222 177.924776
35 5.012006 182.936915
36 6.203814 189.14086
37 5.064193 194.205187
38 4.991331 199.196646
39 4.888298 204.08507
40 5.676122 209.761318
41 6.214458 215.97591
42 5.830248 221.80631
43 5.075569 226.882014
44 5.308123 232.190259
45 4.898193 237.08858
46 5.054111 242.14282
47 5.283948 247.426902
48 5.385134 252.812168
49 5.335233 258.147536
50 4.89041 263.038076
51 5.308208 268.346409
52 4.860662 273.20721
53 5.357419 278.564759
54 6.378659 284.943551
55 5.868609 290.812296
56 5.071596 295.884026
57 5.335241 301.2194
58 6.201765 307.421292
59 5.460026 312.881451
60 5.680453 318.562032
61 5.140641 323.702802
62 5.787977 329.490907
63 5.369018 334.860043
64 5.736777 340.596963
65 5.880806 346.477898
66 4.842341 351.320372
67 5.074165 356.394663
68 5.761937 362.156728
69 5.3776 367.534455
70 5.101147 372.635733
71 5.011956 377.647817
72 6.270888 383.918834
73 5.090683 389.009652
74 5.762985 394.77277
75 5.411838 400.184735
76 5.076975 405.261837
77 5.303814 410.56578
78 6.514934 417.08084
79 5.838872 422.919846
80 6.250963 429.170938
81 5.410774 434.581843
82 5.73264 440.31461
83 5.426141 445.74088
84 5.771669 451.512674
85 6.464253 457.977057
86 6.301004 464.278193
87 6.300861 470.579183
88 6.523178 477.10249
89 6.250085 483.352707
90 5.266018 488.618862
91 6.208311 494.827301
92 5.414214 500.241645
93 4.849009 505.090781
94 6.344554 511.435463
95 5.207781 516.643376
96 5.349306 521.992814
97 4.911211 526.90416
98 4.796484 531.700783
99 4.881032 536.581941
100 5.726057 542.308121
101 5.363259 547.671515
102 6.209277 553.880923
103 6.545724 560.426774
104 5.456656 565.883561
105 5.804258 571.687944
106 5.758573 577.446679
107 5.402923 582.849733
108 4.876396 587.726264
109 5.734725 593.461119
110 5.122274 598.583523
111 5.780934 604.364581
112 5.382501 609.747217
113 5.375402 615.122752
114 5.434871 620.557753
115 4.907313 625.465198
116 5.076844 630.542171
117 5.323064 635.865362
118 4.874802 640.740293
119 5.385727 646.126141
120 4.849494 650.975766
121 5.788236 656.764126
122 5.740651 662.504911
123 6.47439 668.979429
124 5.009685 673.989239
125 5.374598 679.363979
126 5.159616 684.523752
127 5.752475 690.276359
128 6.472082 696.74858
129 6.590014 703.338723
130 5.195587 708.534448
131 5.334375 713.868951
132 4.885437 718.754513
133 5.392644 724.147284
134 6.427721 730.575138
135 5.473094 736.048361
136 5.380686 741.429175
137 5.320281 746.749584
138 5.100835 751.850545
139 5.156107 757.006779
140 6.180336 763.187243
141 5.411556 768.598926
142 5.192562 773.791617
143 5.701008 779.492751
144 5.848249 785.341128
145 6.394156 791.735414
146 5.4702 797.205732
147 5.37711 802.582971
148 5.420101 808.003199
149 5.331961 813.335287
150 5.438459 818.773881
151 5.333365 824.107375
152 6.423836 830.531338
153 5.045919 835.577388
154 5.080194 840.65771
155 6.173468 846.831305
156 5.224026 852.05546
157 6.518383 858.573971
158 5.143689 863.717792
159 5.31255 869.030471
160 5.06725 874.097851
161 5.121636 879.219615
162 5.764115 884.983862
163 6.433638 891.417632
164 5.308475 896.726234
165 5.194043 901.920404
166 5.29237 907.212891
167 6.213093 913.426114
168 5.49481 918.921053
169 4.846654 923.767854
170 5.380175 929.148154
171 5.839764 934.988049
172 5.37576 940.363939
173 5.364292 945.728382
174 5.810427 951.538932
175 6.270092 957.809162
176 5.479142 963.288434
177 5.310618 968.599178
178 5.383385 973.982691
179 5.181 979.16382
180 5.779249 984.943201
181 5.835096 990.778426
182 5.77264 996.551193
183 5.166693 1001.71802
184 6.43353 1008.151677
185 5.244082 1013.39589
186 5.722109 1019.118141
187 5.887876 1025.006144
188 5.814714 1030.820997
189 4.907437 1035.728563
190 4.869117 1040.597809
191 5.772758 1046.370693
192 6.471112 1052.841937
193 5.85499 1058.697057
194 5.227643 1063.924827
195 5.313401 1069.238356
196 5.189745 1074.428232
197 5.271274 1079.699633
198 4.912414 1084.61218
199 6.137979 1090.750278
200 5.850441 1096.600847
201 4.959227 1101.560205
202 6.462178 1108.022509
203 4.91188 1112.934525
204 5.765932 1118.700591
205 5.429751 1124.130483
206 6.424604 1130.555218
207 5.065338 1135.620689
208 5.752919 1141.373741
209 5.376446 1146.75032
210 6.528132 1153.278584
211 5.384306 1158.663016
212 6.574984 1165.238135
213 5.469291 1170.707561
214 6.254914 1176.962607
215 6.553919 1183.516658
216 5.397819 1188.914609
217 5.84752 1194.762261
218 6.279804 1201.042203
219 5.249628 1206.291965
220 5.80655 1212.098674
221 5.397449 1217.496253
222 5.76881 1223.265193
223 5.401594 1228.66692
224 5.839509 1234.506562
225 5.770386 1240.27709
226 5.44166 1245.718882
227 5.83014 1251.549155
228 6.505389 1258.05468
229 5.38296 1263.437775
230 5.428924 1268.866831
231 5.145775 1274.012745
232 6.243602 1280.25648
233 5.440663 1285.697276
234 5.148445 1290.845845
235 5.745049 1296.591033
236 6.299468 1302.890628
237 5.239735 1308.130495
238 5.34463 1313.475264
239 5.326636 1318.802036
240 5.201548 1324.003716
241 5.329556 1329.333404
242 5.761692 1335.095231
243 4.974458 1340.069822
244 5.718918 1345.788874
245 4.967021 1350.756028
246 5.359346 1356.115498
247 5.860758 1361.97639
248 5.364468 1367.340992
249 6.258936 1373.600062
250 5.807823 1379.408021
251 5.189119 1384.597291
252 6.298961 1390.896385
253 4.919569 1395.816088
254 5.029413 1400.845635
255 5.795051 1406.640817
256 5.422676 1412.063627
257 5.341196 1417.404954
258 6.19735 1423.602439
259 6.345972 1429.948544
260 4.997675 1434.946352
261 5.397609 1440.344091
262 5.306956 1445.65118
263 5.824669 1451.475986
264 5.813415 1457.289567
265 6.490389 1463.780087
266 6.647676 1470.427895
267 5.371098 1475.799141
268 5.802601 1481.601875
269 5.438645 1487.040654
270 5.12496 1492.165748
271 5.79443 1497.960315
272 5.430181 1503.390628
273 5.352377 1508.743138
274 5.20136 1513.944631
275 5.777879 1519.722642
276 5.354683 1525.077461
277 6.550012 1531.627608
278 5.394433 1537.022177
279 6.576249 1543.59856
280 5.471364 1549.070054
281 4.907407 1553.977592
282 5.054599 1559.03232
283 5.410662 1564.443115
284 5.319865 1569.763112
285 5.428091 1575.191338
286 5.820694 1581.012164
287 5.36698 1586.379275
288 6.201365 1592.580772
289 5.039869 1597.620778
290 5.326717 1602.947631
291 6.537541 1609.485304
292 5.381681 1614.867116
293 4.94139 1619.808639
294 5.80402 1625.612793
295 5.372445 1630.985375
296 5.38893 1636.374435
297 5.120948 1641.495513
298 5.403262 1646.898906
299 5.125162 1652.0242
300 5.06942 1657.093753
301 5.410326 1662.504212
302 5.392814 1667.89716
303 5.774893 1673.672187
304 5.432941 1679.105262
305 5.840456 1684.945849
306 5.372257 1690.318243
307 5.404505 1695.722882
308 6.548869 1702.271888
309 5.393004 1707.665042
310 5.082529 1712.747702
311 6.278114 1719.025955
312 5.81277 1724.838861
313 5.166827 1730.005828
314 4.912244 1734.918209
315 5.745954 1740.664298
316 5.884548 1746.548979
317 4.883006 1751.43212
318 5.360421 1756.79267
319 5.368425 1762.161224
320 5.812427 1767.973783
321 5.823864 1773.797785
322 5.903669 1779.701587
323 5.368372 1785.070093
324 5.208131 1790.278355
325 5.180858 1795.45934
326 6.173611 1801.633076
327 5.308249 1806.941464
328 6.236058 1813.177655
329 6.242268 1819.420055
330 5.4963 1824.91649
331 5.829553 1830.746178
332 6.545128 1837.291441
333 5.368552 1842.660129
334 5.819782 1848.480044
335 5.474196 1853.954392
336 5.248942 1859.203467
337 5.306025 1864.509624
338 6.22441 1870.734167
339 5.474531 1876.208832
340 5.148639 1881.357606
341 4.856916 1886.214654
342 5.782067 1891.996846
343 6.538456 1898.535435
344 6.497334 1905.032908
345 5.077674 1910.110718
346 6.240041 1916.350892
347 5.378038 1921.729069
348 5.744001 1927.473206
349 5.433918 1932.907259
350 5.4652 1938.372595
351 6.503068 1944.875795
352 6.49843 1951.374365
353 5.557726 1956.932224
354 5.816519 1962.748877
355 5.448605 1968.197618
356 5.817098 1974.014858
357 5.129756 1979.144746
358 5.803789 1984.948671
359 5.374077 1990.322884
360 5.871669 1996.194685
361 5.4353 2001.630118
362 6.452378 2008.08263
363 5.286184 2013.368944
364 5.799597 2019.168674
365 5.806544 2024.975352
366 5.278965 2030.254451
367 4.891231 2035.145814
368 5.719474 2040.865416
369 6.316174 2047.181723
370 5.86339 2053.045249
371 5.398537 2058.443921
372 5.381764 2063.825834
373 5.735018 2069.560987
374 6.515989 2076.077111
375 5.883331 2081.960577
376 5.392967 2087.353681
377 5.447814 2092.801625
378 5.783057 2098.584813
379 5.177845 2103.762789
380 5.103125 2108.866047
381 5.391009 2114.257191
382 5.406217 2119.663539
383 6.590262 2126.253937
384 5.853518 2132.107591
385 6.480983 2138.588707
386 5.884788 2144.473627
387 5.499441 2149.973202
388 5.830648 2155.803981
389 6.224488 2162.02863
390 5.889258 2167.918022
391 5.937324 2173.855481
392 5.810281 2179.6659
393 5.862513 2185.528548
394 5.859187 2191.387872
395 5.288763 2196.676785
396 5.082897 2201.759814
397 5.340428 2207.100375
398 5.199387 2212.299894
399 5.403346 2217.703387
400 5.396512 2223.100034
401 5.385896 2228.486062
402 5.771167 2234.257362
403 5.437681 2239.695177
404 5.193641 2244.888954
405 5.396058 2250.285147
406 5.782589 2256.067866
407 4.961569 2261.029591
408 5.431588 2266.461308
409 4.901986 2271.36343
410 5.839593 2277.203151
411 5.084587 2282.287873
412 5.819102 2288.10712
413 5.020409 2293.127662
414 6.149363 2299.277158
415 5.471849 2304.749143
416 5.36532 2310.114597
417 5.189745 2315.304476
418 5.80964 2321.114248
419 5.425222 2326.539606
420 5.444737 2331.984476
421 5.787187 2337.771797
422 5.410651 2343.182581
423 5.384916 2348.567629
424 5.814307 2354.382071
425 5.438699 2359.820902
426 5.861743 2365.682778
427 5.21644 2370.89935
428 5.769366 2376.66885
429 4.991321 2381.660304
430 5.721743 2387.382178
431 5.431419 2392.813727
432 4.929917 2397.743777
433 5.377218 2403.121127
434 5.881025 2409.002269
435 5.422864 2414.425272
436 5.784754 2420.210159
437 5.908209 2426.118501
438 6.566917 2432.685556
439 5.43743 2438.123119
440 5.262304 2443.385555
441 5.791451 2449.177139
442 5.371133 2454.548404
443 5.416456 2459.964992
444 5.215301 2465.180424
445 4.882344 2470.062898
446 6.229598 2476.292623
447 5.476084 2481.76884
448 5.116542 2486.885518
449 6.592972 2493.478629
450 4.98563 2498.464395
451 5.336207 2503.800737
452 5.777171 2509.578041
453 5.019658 2514.59783
454 5.742187 2520.340154
455 5.425664 2525.765954
456 5.829775 2531.595863
457 6.362896 2537.958894
458 5.519297 2543.478327
459 5.409655 2548.888115
460 5.822296 2554.710549
461 6.520018 2561.230704
462 6.561751 2567.792587
463 5.502678 2573.2954
464 5.218832 2578.514371
465 4.882473 2583.39698
466 5.166399 2588.563519
467 5.799905 2594.363561
468 5.184898 2599.548594
469 5.405377 2604.954103
470 5.419078 2610.373318
471 5.839718 2616.213168
472 5.805364 2622.018671
473 5.4362 2627.455008
474 6.281792 2633.736937
475 6.611869 2640.348941
476 5.304155 2645.653231
477 6.460814 2652.114178
478 6.58266 2658.696976
479 5.36155 2664.058661
480 5.827743 2669.886541
481 4.893067 2674.779732
482 5.145249 2679.925107
483 5.85248 2685.777717
484 4.901816 2690.679664
485 6.348654 2697.028447
486 5.823858 2702.852442
487 5.433509 2708.286082
488 5.391445 2713.67766
489 5.425957 2719.103748
490 6.489632 2725.593514
491 5.294109 2730.887757
492 5.317458 2736.205353
493 4.942193 2741.14768
494 5.404968 2746.552775
495 4.924318 2751.477228
496 4.92512 2756.402477
497 4.843636 2761.246246
498 5.767333 2767.013708
499 5.012033 2772.025877
500 5.889851 2777.915893
501 5.816392 2783.732442
502 5.949083 2789.681667
503 41.630206 2831.312016
504 52.422326 2883.73448
505 8.246338 2891.980948
506 20.438389 2912.419469
507 8.957579 2921.377182
508 33.189173 2954.56649
509 5.389657 2959.956283
