[runlim] version:		1.7
[runlim] time limit:		3600 seconds
[runlim] real time limit:	311040000 seconds
[runlim] space limit:		80000 MB
[runlim] argv[0]:		python3.6
[runlim] argv[1]:		./netsolver-gurobi-mod.py
[runlim] argv[2]:		../../../instances/fattree-bcube/Fattree_n8_k2_bw10_cpu16.pn
[runlim] argv[3]:		../../../instances/fattree-bcube/instance_list_15vm_rnd.txt
[runlim] argv[4]:		False
[runlim] argv[5]:		True
[runlim] argv[6]:		timelogs/results.Fattree_n8_k2_bw10_cpu16.pn.instance_list_15vm_rnd.txt.log
[runlim] start:			Sat Oct  5 10:38:49 2019
[runlim] main pid:		33336
Academic license - for non-commercial use only
[runlim] sample:		10.0 seconds, 71.3 MB
[runlim] sample:		20.0 seconds, 71.7 MB
[runlim] sample:		30.4 seconds, 91.6 MB
[runlim] sample:		40.8 seconds, 84.8 MB
[runlim] sample:		51.4 seconds, 86.9 MB
[runlim] sample:		62.2 seconds, 84.0 MB
[runlim] sample:		72.8 seconds, 75.2 MB
[runlim] sample:		83.4 seconds, 75.7 MB
[runlim] sample:		93.8 seconds, 73.7 MB
[runlim] sample:		104.0 seconds, 84.8 MB
[runlim] sample:		114.3 seconds, 78.5 MB
[runlim] sample:		124.6 seconds, 88.3 MB
[runlim] sample:		134.8 seconds, 79.5 MB
[runlim] sample:		145.1 seconds, 83.3 MB
[runlim] sample:		155.4 seconds, 89.2 MB
[runlim] sample:		165.8 seconds, 83.1 MB
[runlim] sample:		176.2 seconds, 84.5 MB
[runlim] sample:		186.7 seconds, 78.6 MB
done 131 1.84064 182.885082
182.885082
131
Median time: 1.35936 s
[runlim] end:			Sat Oct  5 10:41:52 2019
[runlim] status:		ok
[runlim] result:		0
[runlim] children:		0
[runlim] real:			183.28 seconds
[runlim] time:			191.27 seconds
[runlim] space:			102.4 MB
[runlim] samples:		1830
