# instance ../../../instances/fattree-bcube/BCube_n16_k2_bw10_cpu16.pn
# Settings: PN=../../../instances/fattree-bcube/BCube_n16_k2_bw10_cpu16.pn, VN=../../../instances/fattree-bcube/instance_list_12vm_rnd.txt, multi-thread=True
init 0.202295 0.202295
1 30.757627 30.959922
2 29.725567 60.685624
3 30.961883 91.647647
4 26.42046 118.068245
5 28.881493 146.949884
6 27.668209 174.618237
7 29.57013 204.188501
8 27.854257 232.042899
9 27.724871 259.767915
10 29.184149 288.952212
11 27.852659 316.805015
12 32.722602 349.527758
13 31.658012 381.185913
14 31.130795 412.316843
15 31.454128 443.77111
16 29.519552 473.290792
17 31.676723 504.967652
18 29.477192 534.444995
19 26.602741 561.047873
20 31.23146 592.279478
21 26.397327 618.67694
22 29.779966 648.457051
23 27.271485 675.728675
24 32.215312 707.944134
25 29.013975 736.958243
26 29.48736 766.445742
27 24.069853 790.515732
28 24.158949 814.674823
29 23.907355 838.582314
30 26.368196 864.950656
31 26.267594 891.218391
32 27.813373 919.031903
33 29.146666 948.178709
34 28.820391 976.999244
35 23.916903 1000.916287
36 25.064538 1025.980967
37 26.072176 1052.053289
38 24.458744 1076.512191
39 27.055771 1103.568105
40 27.381037 1130.949284
41 29.645219 1160.594663
42 29.635039 1190.229843
43 24.695933 1214.925911
44 26.728274 1241.654327
45 26.571552 1268.226014
46 27.846878 1296.073039
47 27.380807 1323.45399
48 27.253976 1350.708106
49 24.689615 1375.397862
50 26.971839 1402.369842
51 27.727578 1430.097558
52 26.78012 1456.877817
53 29.120327 1485.998283
54 29.389717 1515.388147
55 27.511884 1542.900175
56 27.695696 1570.596015
57 24.231775 1594.82793
58 26.946063 1621.774134
59 26.000493 1647.774764
60 24.6055 1672.380416
61 27.254409 1699.634962
62 24.705725 1724.340832
63 26.986243 1751.32721
64 26.055908 1777.383258
65 24.355945 1801.739346
66 24.052874 1825.792362
67 28.698572 1854.491074
68 24.730731 1879.221948
69 27.473715 1906.695805
70 29.428027 1936.123977
71 27.982212 1964.10633
72 28.926529 1993.033002
73 28.927006 2021.960147
74 26.150231 2048.110529
75 28.661172 2076.77184
76 26.790882 2103.562868
77 24.391435 2127.954441
78 27.398603 2155.353186
79 27.264078 2182.617432
80 24.524156 2207.141727
81 27.516575 2234.658442
82 24.282229 2258.940813
83 30.320535 2289.261493
84 24.576176 2313.837817
85 27.702558 2341.540511
86 29.179918 2370.720573
87 28.838204 2399.558916
88 29.629627 2429.188688
89 28.582434 2457.771265
90 31.07343 2488.844846
91 29.307033 2518.152019
92 29.195037 2547.347203
93 30.621181 2577.968528
94 26.067598 2604.036274
95 27.299364 2631.335782
96 28.844696 2660.180616
97 31.115888 2691.296642
98 30.853272 2722.150058
99 24.811068 2746.961268
100 25.326923 2772.288364
101 24.49828 2796.786785
102 27.03974 2823.826667
103 26.132303 2849.959107
104 28.981251 2878.940494
105 24.547796 2903.488434
106 26.901615 2930.39019
107 27.431847 2957.82218
108 29.092498 2986.914826
109 24.472719 3011.387694
110 26.953562 3038.341392
111 24.440546 3062.78209
112 27.319238 3090.101467
113 25.951464 3116.053068
114 27.463651 3143.516864
115 24.389444 3167.906449
116 24.008565 3191.915154
117 25.600599 3217.515898
118 27.284125 3244.800167
119 27.569906 3272.370215
120 29.006879 3301.377229
121 29.119054 3330.496452
122 29.261374 3359.757966
123 27.809599 3387.567712
124 24.355115 3411.922974
125 28.917085 3440.840203
126 27.191742 3468.032082
127 27.605505 3495.637734
128 24.307311 3519.945191
129 27.043022 3546.988377
130 27.517061 3574.505579
