[runlim] version:		1.7
[runlim] time limit:		3600 seconds
[runlim] real time limit:	311040000 seconds
[runlim] space limit:		80000 MB
[runlim] argv[0]:		python3.6
[runlim] argv[1]:		./netsolver-gurobi-mod.py
[runlim] argv[2]:		../../../instances/fattree-bcube/BCube_n16_k2_bw10_cpu16.pn
[runlim] argv[3]:		../../../instances/fattree-bcube/instance_list_12vm_rnd.txt
[runlim] argv[4]:		False
[runlim] argv[5]:		True
[runlim] argv[6]:		timelogs/results.BCube_n16_k2_bw10_cpu16.pn.instance_list_12vm_rnd.txt.log
[runlim] start:			Sat Oct  5 08:33:43 2019
[runlim] main pid:		32720
Academic license - for non-commercial use only
[runlim] sample:		10.0 seconds, 384.7 MB
[runlim] sample:		20.0 seconds, 656.9 MB
[runlim] sample:		30.0 seconds, 856.7 MB
[runlim] sample:		40.0 seconds, 948.9 MB
[runlim] sample:		50.0 seconds, 858.0 MB
[runlim] sample:		60.0 seconds, 906.7 MB
[runlim] sample:		70.0 seconds, 938.5 MB
[runlim] sample:		80.0 seconds, 933.0 MB
[runlim] sample:		90.0 seconds, 952.0 MB
[runlim] sample:		100.0 seconds, 969.3 MB
[runlim] sample:		110.0 seconds, 902.7 MB
[runlim] sample:		120.0 seconds, 877.7 MB
[runlim] sample:		130.0 seconds, 893.7 MB
[runlim] sample:		140.0 seconds, 907.4 MB
[runlim] sample:		150.0 seconds, 899.7 MB
[runlim] sample:		160.0 seconds, 958.2 MB
[runlim] sample:		170.0 seconds, 958.2 MB
[runlim] sample:		180.0 seconds, 891.2 MB
[runlim] sample:		190.0 seconds, 888.2 MB
[runlim] sample:		200.0 seconds, 888.2 MB
[runlim] sample:		210.0 seconds, 919.9 MB
[runlim] sample:		220.0 seconds, 968.6 MB
[runlim] sample:		230.0 seconds, 969.2 MB
[runlim] sample:		240.0 seconds, 831.6 MB
[runlim] sample:		250.0 seconds, 888.8 MB
[runlim] sample:		260.0 seconds, 923.4 MB
[runlim] sample:		270.0 seconds, 939.2 MB
[runlim] sample:		280.0 seconds, 939.2 MB
[runlim] sample:		290.0 seconds, 950.2 MB
[runlim] sample:		300.0 seconds, 969.3 MB
[runlim] sample:		310.0 seconds, 969.3 MB
[runlim] sample:		320.0 seconds, 907.1 MB
[runlim] sample:		330.0 seconds, 927.9 MB
[runlim] sample:		340.0 seconds, 927.9 MB
[runlim] sample:		350.0 seconds, 1037.5 MB
[runlim] sample:		360.0 seconds, 1096.5 MB
[runlim] sample:		370.0 seconds, 1098.2 MB
[runlim] sample:		380.0 seconds, 1099.2 MB
[runlim] sample:		390.0 seconds, 962.8 MB
[runlim] sample:		400.0 seconds, 1029.4 MB
[runlim] sample:		410.0 seconds, 1029.4 MB
[runlim] sample:		420.0 seconds, 1024.2 MB
[runlim] sample:		430.0 seconds, 1075.6 MB
[runlim] sample:		440.0 seconds, 1075.6 MB
[runlim] sample:		450.0 seconds, 1028.6 MB
[runlim] sample:		460.0 seconds, 1076.8 MB
[runlim] sample:		470.0 seconds, 1076.8 MB
[runlim] sample:		480.0 seconds, 894.4 MB
[runlim] sample:		490.0 seconds, 963.5 MB
[runlim] sample:		500.0 seconds, 963.5 MB
[runlim] sample:		510.0 seconds, 1033.7 MB
[runlim] sample:		520.0 seconds, 1035.1 MB
[runlim] sample:		530.0 seconds, 1035.1 MB
[runlim] sample:		540.0 seconds, 965.1 MB
[runlim] sample:		550.0 seconds, 992.1 MB
[runlim] sample:		560.0 seconds, 992.1 MB
[runlim] sample:		570.0 seconds, 836.3 MB
[runlim] sample:		580.0 seconds, 895.8 MB
[runlim] sample:		590.0 seconds, 891.9 MB
[runlim] sample:		600.0 seconds, 987.6 MB
[runlim] sample:		610.0 seconds, 994.2 MB
[runlim] sample:		620.0 seconds, 994.5 MB
[runlim] sample:		630.0 seconds, 886.5 MB
[runlim] sample:		640.0 seconds, 886.5 MB
[runlim] sample:		650.0 seconds, 936.6 MB
[runlim] sample:		660.0 seconds, 939.0 MB
[runlim] sample:		670.0 seconds, 939.0 MB
[runlim] sample:		680.0 seconds, 886.6 MB
[runlim] sample:		690.0 seconds, 900.7 MB
[runlim] sample:		700.0 seconds, 900.7 MB
[runlim] sample:		713.1 seconds, 962.8 MB
[runlim] sample:		723.1 seconds, 964.0 MB
[runlim] sample:		733.1 seconds, 964.0 MB
[runlim] sample:		745.5 seconds, 919.8 MB
[runlim] sample:		755.5 seconds, 916.1 MB
[runlim] sample:		765.5 seconds, 916.1 MB
[runlim] sample:		776.3 seconds, 945.0 MB
[runlim] sample:		786.3 seconds, 956.9 MB
[runlim] sample:		796.3 seconds, 956.9 MB
[runlim] sample:		806.3 seconds, 941.3 MB
[runlim] sample:		816.3 seconds, 932.7 MB
[runlim] sample:		826.3 seconds, 908.3 MB
[runlim] sample:		836.3 seconds, 941.5 MB
[runlim] sample:		846.3 seconds, 941.0 MB
[runlim] sample:		856.3 seconds, 899.5 MB
[runlim] sample:		866.3 seconds, 899.5 MB
[runlim] sample:		876.3 seconds, 896.9 MB
[runlim] sample:		886.3 seconds, 944.7 MB
[runlim] sample:		896.3 seconds, 944.7 MB
[runlim] sample:		906.3 seconds, 894.7 MB
[runlim] sample:		916.3 seconds, 948.8 MB
[runlim] sample:		926.3 seconds, 948.8 MB
[runlim] sample:		936.3 seconds, 975.1 MB
[runlim] sample:		946.3 seconds, 975.2 MB
[runlim] sample:		956.3 seconds, 1012.6 MB
[runlim] sample:		966.3 seconds, 939.3 MB
[runlim] sample:		976.3 seconds, 939.3 MB
[runlim] sample:		986.3 seconds, 951.5 MB
[runlim] sample:		996.3 seconds, 918.7 MB
[runlim] sample:		1006.3 seconds, 918.7 MB
[runlim] sample:		1016.3 seconds, 862.3 MB
[runlim] sample:		1026.3 seconds, 877.5 MB
[runlim] sample:		1036.3 seconds, 874.8 MB
[runlim] sample:		1046.3 seconds, 914.2 MB
[runlim] sample:		1056.3 seconds, 914.2 MB
[runlim] sample:		1066.3 seconds, 897.0 MB
[runlim] sample:		1076.3 seconds, 840.7 MB
[runlim] sample:		1086.3 seconds, 850.1 MB
[runlim] sample:		1096.3 seconds, 864.6 MB
[runlim] sample:		1106.3 seconds, 864.6 MB
[runlim] sample:		1116.3 seconds, 898.2 MB
[runlim] sample:		1126.3 seconds, 939.8 MB
[runlim] sample:		1136.3 seconds, 939.8 MB
[runlim] sample:		1146.3 seconds, 840.1 MB
[runlim] sample:		1156.3 seconds, 900.8 MB
[runlim] sample:		1166.3 seconds, 900.8 MB
[runlim] sample:		1176.3 seconds, 909.2 MB
[runlim] sample:		1186.3 seconds, 960.0 MB
[runlim] sample:		1196.3 seconds, 960.0 MB
[runlim] sample:		1206.3 seconds, 941.2 MB
[runlim] sample:		1216.3 seconds, 927.8 MB
[runlim] sample:		1226.3 seconds, 861.8 MB
[runlim] sample:		1236.3 seconds, 872.8 MB
[runlim] sample:		1246.3 seconds, 872.8 MB
[runlim] sample:		1256.3 seconds, 829.5 MB
[runlim] sample:		1266.3 seconds, 876.4 MB
[runlim] sample:		1276.3 seconds, 871.3 MB
[runlim] sample:		1286.3 seconds, 885.7 MB
[runlim] sample:		1296.3 seconds, 885.7 MB
[runlim] sample:		1306.3 seconds, 894.7 MB
[runlim] sample:		1316.3 seconds, 903.0 MB
[runlim] sample:		1326.3 seconds, 903.0 MB
[runlim] sample:		1336.3 seconds, 909.8 MB
[runlim] sample:		1346.3 seconds, 944.4 MB
[runlim] sample:		1356.3 seconds, 944.4 MB
[runlim] sample:		1366.3 seconds, 861.4 MB
[runlim] sample:		1376.3 seconds, 865.3 MB
[runlim] sample:		1386.3 seconds, 855.6 MB
[runlim] sample:		1396.3 seconds, 865.0 MB
[runlim] sample:		1406.3 seconds, 865.0 MB
[runlim] sample:		1416.3 seconds, 841.8 MB
[runlim] sample:		1426.3 seconds, 895.7 MB
[runlim] sample:		1436.3 seconds, 895.7 MB
[runlim] sample:		1446.3 seconds, 875.6 MB
[runlim] sample:		1456.3 seconds, 904.8 MB
[runlim] sample:		1466.3 seconds, 881.1 MB
[runlim] sample:		1476.3 seconds, 906.7 MB
[runlim] sample:		1486.3 seconds, 906.7 MB
[runlim] sample:		1496.3 seconds, 920.3 MB
[runlim] sample:		1506.3 seconds, 952.5 MB
[runlim] sample:		1516.3 seconds, 952.5 MB
[runlim] sample:		1526.3 seconds, 963.4 MB
[runlim] sample:		1536.3 seconds, 955.4 MB
[runlim] sample:		1546.3 seconds, 955.4 MB
[runlim] sample:		1556.3 seconds, 796.5 MB
[runlim] sample:		1566.3 seconds, 828.8 MB
[runlim] sample:		1576.3 seconds, 892.2 MB
[runlim] sample:		1586.3 seconds, 858.4 MB
[runlim] sample:		1596.3 seconds, 859.8 MB
[runlim] sample:		1606.3 seconds, 780.8 MB
[runlim] sample:		1616.3 seconds, 798.8 MB
[runlim] sample:		1626.3 seconds, 798.8 MB
[runlim] sample:		1636.3 seconds, 840.7 MB
[runlim] sample:		1646.3 seconds, 865.2 MB
[runlim] sample:		1656.3 seconds, 890.2 MB
[runlim] sample:		1666.3 seconds, 769.1 MB
[runlim] sample:		1676.3 seconds, 769.1 MB
[runlim] sample:		1686.3 seconds, 781.6 MB
[runlim] sample:		1696.3 seconds, 831.8 MB
[runlim] sample:		1706.3 seconds, 831.8 MB
[runlim] sample:		1716.3 seconds, 883.6 MB
[runlim] sample:		1726.3 seconds, 883.6 MB
[runlim] sample:		1736.3 seconds, 863.6 MB
[runlim] sample:		1746.3 seconds, 873.2 MB
[runlim] sample:		1756.3 seconds, 873.2 MB
[runlim] sample:		1766.3 seconds, 884.0 MB
[runlim] sample:		1776.3 seconds, 929.5 MB
[runlim] sample:		1786.3 seconds, 812.4 MB
[runlim] sample:		1796.3 seconds, 798.9 MB
[runlim] sample:		1806.3 seconds, 798.9 MB
[runlim] sample:		1816.3 seconds, 715.6 MB
[runlim] sample:		1826.3 seconds, 742.8 MB
[runlim] sample:		1836.3 seconds, 793.3 MB
[runlim] sample:		1846.3 seconds, 832.1 MB
[runlim] sample:		1856.3 seconds, 832.1 MB
[runlim] sample:		1866.3 seconds, 887.3 MB
[runlim] sample:		1876.3 seconds, 906.5 MB
[runlim] sample:		1886.3 seconds, 914.5 MB
[runlim] sample:		1896.3 seconds, 795.8 MB
[runlim] sample:		1906.3 seconds, 795.8 MB
[runlim] sample:		1916.3 seconds, 856.7 MB
[runlim] sample:		1926.3 seconds, 930.2 MB
[runlim] sample:		1936.3 seconds, 930.2 MB
[runlim] sample:		1946.3 seconds, 947.3 MB
[runlim] sample:		1956.3 seconds, 940.9 MB
[runlim] sample:		1966.3 seconds, 940.9 MB
[runlim] sample:		1976.3 seconds, 800.4 MB
[runlim] sample:		1986.3 seconds, 838.3 MB
[runlim] sample:		1996.3 seconds, 838.3 MB
[runlim] sample:		2006.3 seconds, 897.6 MB
[runlim] sample:		2016.3 seconds, 948.4 MB
[runlim] sample:		2026.3 seconds, 948.4 MB
[runlim] sample:		2036.3 seconds, 891.3 MB
[runlim] sample:		2046.3 seconds, 900.7 MB
[runlim] sample:		2056.3 seconds, 879.0 MB
[runlim] sample:		2066.3 seconds, 822.8 MB
[runlim] sample:		2076.3 seconds, 822.8 MB
[runlim] sample:		2086.3 seconds, 907.5 MB
[runlim] sample:		2096.3 seconds, 935.9 MB
[runlim] sample:		2106.3 seconds, 935.9 MB
[runlim] sample:		2116.3 seconds, 807.9 MB
[runlim] sample:		2126.3 seconds, 814.1 MB
[runlim] sample:		2136.3 seconds, 824.2 MB
[runlim] sample:		2146.3 seconds, 821.3 MB
[runlim] sample:		2156.3 seconds, 821.3 MB
[runlim] sample:		2166.3 seconds, 849.0 MB
[runlim] sample:		2176.3 seconds, 890.6 MB
[runlim] sample:		2186.3 seconds, 890.6 MB
[runlim] sample:		2196.3 seconds, 814.5 MB
[runlim] sample:		2206.3 seconds, 807.4 MB
[runlim] sample:		2216.3 seconds, 826.8 MB
[runlim] sample:		2226.3 seconds, 821.6 MB
[runlim] sample:		2236.3 seconds, 821.6 MB
[runlim] sample:		2246.3 seconds, 849.5 MB
[runlim] sample:		2256.3 seconds, 861.0 MB
[runlim] sample:		2266.3 seconds, 875.9 MB
[runlim] sample:		2276.3 seconds, 886.0 MB
[runlim] sample:		2286.3 seconds, 886.0 MB
[runlim] sample:		2296.3 seconds, 926.7 MB
[runlim] sample:		2306.3 seconds, 946.7 MB
[runlim] sample:		2316.3 seconds, 946.7 MB
[runlim] sample:		2326.3 seconds, 834.5 MB
[runlim] sample:		2336.3 seconds, 840.8 MB
[runlim] sample:		2346.3 seconds, 840.8 MB
[runlim] sample:		2356.3 seconds, 849.6 MB
[runlim] sample:		2366.3 seconds, 915.7 MB
[runlim] sample:		2376.3 seconds, 970.8 MB
[runlim] sample:		2386.3 seconds, 933.5 MB
[runlim] sample:		2396.3 seconds, 959.2 MB
[runlim] sample:		2406.3 seconds, 1003.5 MB
[runlim] sample:		2416.3 seconds, 856.4 MB
[runlim] sample:		2426.3 seconds, 878.5 MB
[runlim] sample:		2436.3 seconds, 957.5 MB
[runlim] sample:		2446.3 seconds, 967.1 MB
[runlim] sample:		2456.3 seconds, 959.3 MB
[runlim] sample:		2466.3 seconds, 1005.4 MB
[runlim] sample:		2476.3 seconds, 909.0 MB
[runlim] sample:		2486.3 seconds, 909.0 MB
[runlim] sample:		2496.3 seconds, 981.3 MB
[runlim] sample:		2506.3 seconds, 994.2 MB
[runlim] sample:		2516.3 seconds, 994.2 MB
[runlim] sample:		2526.3 seconds, 1037.4 MB
[runlim] sample:		2536.3 seconds, 906.4 MB
[runlim] sample:		2546.3 seconds, 906.4 MB
[runlim] sample:		2556.3 seconds, 947.0 MB
[runlim] sample:		2566.3 seconds, 974.3 MB
[runlim] sample:		2576.3 seconds, 974.3 MB
[runlim] sample:		2586.3 seconds, 1041.7 MB
[runlim] sample:		2596.3 seconds, 895.8 MB
[runlim] sample:		2606.3 seconds, 895.8 MB
[runlim] sample:		2616.3 seconds, 795.1 MB
[runlim] sample:		2626.3 seconds, 810.5 MB
[runlim] sample:		2636.3 seconds, 810.5 MB
[runlim] sample:		2646.3 seconds, 840.1 MB
[runlim] sample:		2656.3 seconds, 893.7 MB
[runlim] sample:		2666.3 seconds, 960.9 MB
[runlim] sample:		2676.3 seconds, 920.5 MB
[runlim] sample:		2686.3 seconds, 968.0 MB
[runlim] sample:		2696.3 seconds, 968.0 MB
[runlim] sample:		2706.3 seconds, 960.3 MB
[runlim] sample:		2716.3 seconds, 1015.0 MB
[runlim] sample:		2726.3 seconds, 1015.0 MB
[runlim] sample:		2736.3 seconds, 883.9 MB
[runlim] sample:		2746.3 seconds, 885.5 MB
[runlim] sample:		2756.3 seconds, 858.2 MB
[runlim] sample:		2766.3 seconds, 821.5 MB
[runlim] sample:		2776.3 seconds, 821.5 MB
[runlim] sample:		2786.3 seconds, 812.6 MB
[runlim] sample:		2796.3 seconds, 843.0 MB
[runlim] sample:		2806.3 seconds, 838.9 MB
[runlim] sample:		2816.3 seconds, 836.2 MB
[runlim] sample:		2826.3 seconds, 836.2 MB
[runlim] sample:		2836.3 seconds, 849.3 MB
[runlim] sample:		2846.3 seconds, 882.3 MB
[runlim] sample:		2856.3 seconds, 914.9 MB
[runlim] sample:		2866.3 seconds, 894.1 MB
[runlim] sample:		2876.3 seconds, 914.3 MB
[runlim] sample:		2886.3 seconds, 960.7 MB
[runlim] sample:		2896.3 seconds, 894.1 MB
[runlim] sample:		2906.3 seconds, 894.1 MB
[runlim] sample:		2916.3 seconds, 878.8 MB
[runlim] sample:		2926.3 seconds, 874.4 MB
[runlim] sample:		2936.3 seconds, 874.4 MB
[runlim] sample:		2946.3 seconds, 902.0 MB
[runlim] sample:		2956.3 seconds, 943.6 MB
[runlim] sample:		2966.3 seconds, 936.2 MB
[runlim] sample:		2976.3 seconds, 898.6 MB
[runlim] sample:		2986.3 seconds, 898.6 MB
[runlim] sample:		2996.3 seconds, 936.7 MB
[runlim] sample:		3006.3 seconds, 909.9 MB
[runlim] sample:		3016.3 seconds, 909.9 MB
[runlim] sample:		3026.3 seconds, 883.3 MB
[runlim] sample:		3036.3 seconds, 882.8 MB
[runlim] sample:		3046.2 seconds, 898.1 MB
[runlim] sample:		3056.3 seconds, 914.6 MB
[runlim] sample:		3066.3 seconds, 914.6 MB
[runlim] sample:		3076.3 seconds, 897.6 MB
[runlim] sample:		3086.3 seconds, 898.7 MB
[runlim] sample:		3096.3 seconds, 898.7 MB
[runlim] sample:		3106.3 seconds, 936.8 MB
[runlim] sample:		3116.3 seconds, 931.8 MB
[runlim] sample:		3126.3 seconds, 918.3 MB
[runlim] sample:		3136.2 seconds, 921.4 MB
[runlim] sample:		3146.2 seconds, 921.4 MB
[runlim] sample:		3156.2 seconds, 903.0 MB
[runlim] sample:		3166.2 seconds, 917.2 MB
[runlim] sample:		3176.2 seconds, 913.7 MB
[runlim] sample:		3186.3 seconds, 843.1 MB
[runlim] sample:		3196.3 seconds, 843.1 MB
[runlim] sample:		3206.2 seconds, 838.2 MB
[runlim] sample:		3216.3 seconds, 862.7 MB
[runlim] sample:		3226.3 seconds, 786.0 MB
[runlim] sample:		3236.2 seconds, 811.7 MB
[runlim] sample:		3246.2 seconds, 811.7 MB
[runlim] sample:		3256.3 seconds, 796.8 MB
[runlim] sample:		3266.2 seconds, 817.9 MB
[runlim] sample:		3276.2 seconds, 817.9 MB
[runlim] sample:		3286.2 seconds, 861.6 MB
[runlim] sample:		3296.2 seconds, 894.2 MB
[runlim] sample:		3306.2 seconds, 894.2 MB
[runlim] sample:		3316.2 seconds, 909.3 MB
[runlim] sample:		3326.2 seconds, 955.1 MB
[runlim] sample:		3336.2 seconds, 1008.2 MB
[runlim] sample:		3346.2 seconds, 938.5 MB
[runlim] sample:		3356.3 seconds, 968.5 MB
[runlim] sample:		3366.2 seconds, 1007.7 MB
[runlim] sample:		3376.2 seconds, 914.9 MB
[runlim] sample:		3386.2 seconds, 912.2 MB
[runlim] sample:		3396.3 seconds, 903.3 MB
[runlim] sample:		3406.3 seconds, 880.1 MB
[runlim] sample:		3416.3 seconds, 880.1 MB
[runlim] sample:		3426.3 seconds, 784.5 MB
[runlim] sample:		3436.2 seconds, 807.6 MB
[runlim] sample:		3446.2 seconds, 880.2 MB
[runlim] sample:		3456.2 seconds, 884.9 MB
[runlim] sample:		3466.3 seconds, 935.9 MB
[runlim] sample:		3476.3 seconds, 969.4 MB
[runlim] sample:		3486.2 seconds, 836.3 MB
[runlim] sample:		3496.2 seconds, 836.3 MB
[runlim] sample:		3506.2 seconds, 880.9 MB
[runlim] sample:		3516.2 seconds, 870.1 MB
[runlim] sample:		3526.2 seconds, 830.0 MB
[runlim] sample:		3536.2 seconds, 819.5 MB
[runlim] sample:		3546.2 seconds, 810.8 MB
[runlim] sample:		3556.2 seconds, 849.1 MB
[runlim] sample:		3566.2 seconds, 898.8 MB
[runlim] sample:		3576.2 seconds, 898.8 MB
[runlim] sample:		3586.2 seconds, 798.1 MB
[runlim] sample:		3596.2 seconds, 833.1 MB
[runlim] end:			Sat Oct  5 09:33:37 2019
[runlim] status:		out of time
[runlim] result:		1
[runlim] children:		0
[runlim] real:			3594.18 seconds
[runlim] time:			3600.05 seconds
[runlim] space:			1484.2 MB
[runlim] samples:		35938
