# instance ../../../instances/fattree-bcube/BCube_n12_k2_bw10_cpu16.pn
# Settings: PN=../../../instances/fattree-bcube/BCube_n12_k2_bw10_cpu16.pn, VN=../../../instances/fattree-bcube/instance_list_9vm_rnd.txt, multi-thread=True
init 0.080561 0.080561
1 7.43483 7.515391
2 6.064342 13.57987
3 7.81194 21.391945
4 5.401136 26.793211
5 7.806023 34.59937
6 5.452403 40.051905
7 5.82207 45.874106
8 7.882543 53.756785
9 7.408394 61.165312
10 6.15076 67.316203
11 7.87828 75.194616
12 5.530517 80.725269
13 7.816756 88.542155
14 9.644743 98.187035
15 6.218221 104.405391
16 9.375404 113.780932
17 8.299491 122.08056
18 7.478922 129.559612
19 8.065407 137.625155
20 8.169825 145.795119
21 8.048962 153.844214
22 8.363709 162.208058
23 8.148688 170.356876
24 9.524682 179.881691
25 6.322928 186.204758
26 7.959639 194.164532
27 7.476201 201.640871
28 8.120712 209.761714
29 8.086774 217.848625
30 8.356838 226.205601
31 6.882158 233.087895
32 5.314683 238.402713
33 5.975631 244.37848
34 5.916098 250.294713
35 5.999072 256.293916
36 7.242069 263.536121
37 6.152746 269.689004
38 7.946589 277.635732
39 8.20488 285.840751
40 8.156999 293.997887
41 7.539243 301.53727
42 7.421346 308.958749
43 5.58444 314.543328
44 8.052359 322.595822
45 7.509529 330.105484
46 6.821351 336.926966
47 8.283186 345.21029
48 6.109421 351.319864
49 9.374582 360.694581
50 8.378566 369.073278
51 6.1916 375.265015
52 8.834452 384.099602
53 5.90114 390.000892
54 7.25309 397.254116
55 5.113662 402.367923
56 7.251456 409.619522
57 6.810166 416.429831
58 7.397606 423.827584
59 5.152887 428.980612
60 6.813432 435.794185
61 7.514657 443.308983
62 5.176692 448.485817
63 5.503605 453.989557
64 5.030073 459.019763
65 7.118869 466.138771
66 7.002195 473.141104
67 7.63114 480.772383
68 7.554064 488.326586
69 5.745294 494.072021
70 7.256607 501.328763
71 7.525236 508.854133
72 7.475725 516.329997
73 7.749484 524.079617
74 7.49201 531.571772
75 6.918326 538.490235
76 6.981121 545.471489
77 5.775918 551.247543
78 6.979717 558.227397
79 5.706851 563.934388
80 7.347324 571.281866
81 7.667151 578.949151
82 7.672419 586.621712
83 5.767133 592.388985
84 8.482537 600.871662
85 7.821221 608.693021
86 7.629212 616.322373
87 5.204063 621.526592
88 5.631888 627.158615
89 6.868762 634.027516
90 7.614083 641.641739
91 7.500038 649.141911
92 5.887683 655.029738
93 7.384679 662.41456
94 7.688427 670.103128
95 5.773521 675.876783
96 6.160077 682.037
97 6.9646 689.001741
98 5.072905 694.074784
99 6.741303 700.816228
100 7.605859 708.422227
101 5.197645 713.62001
102 5.610302 719.230453
103 7.391245 726.621835
104 7.003307 733.625282
105 5.138842 738.764265
106 7.253449 746.017857
107 5.212877 751.230873
108 7.267774 758.49879
109 7.553965 766.05289
110 7.639305 773.692336
111 7.623895 781.316369
112 7.585563 788.902071
113 8.822836 797.725049
114 5.209646 802.934835
115 6.784992 809.719961
116 8.878771 818.598873
117 6.040626 824.63964
118 6.137348 830.777126
119 7.430515 838.207774
120 5.157928 843.36584
121 6.724488 850.090473
122 7.062406 857.153008
123 5.663775 862.816922
124 7.541324 870.358382
125 6.269045 876.627587
126 5.763488 882.391217
127 6.784376 889.175729
128 6.931425 896.1073
129 7.062184 903.169622
130 5.775269 908.945031
131 5.767315 914.712496
132 7.224332 921.93697
133 9.054838 930.991944
134 6.411102 937.403177
135 7.3325 944.735813
136 8.888624 953.624575
137 7.68111 961.305823
138 8.898362 970.204319
139 6.050237 976.254691
140 7.302019 983.55685
141 7.538945 991.095934
142 7.632736 998.728803
143 7.776853 1006.505798
144 7.02459 1013.530529
145 6.300001 1019.83067
146 5.703352 1025.534159
147 5.752599 1031.286901
148 7.279222 1038.566257
149 9.004827 1047.571244
150 7.580595 1055.151987
151 7.649519 1062.801647
152 7.76567 1070.567462
153 5.866764 1076.434365
154 6.888785 1083.323334
155 6.317394 1089.640868
156 7.621555 1097.262563
157 7.431236 1104.693941
158 7.557085 1112.251168
159 7.697176 1119.948483
160 7.694185 1127.642804
161 7.793065 1135.436009
162 5.793607 1141.22976
163 6.898003 1148.127904
164 7.06275 1155.190795
165 7.525844 1162.716777
166 8.863432 1171.580348
167 7.164366 1178.744859
168 7.111696 1185.856717
169 7.650538 1193.507398
170 7.01898 1200.526517
171 7.016222 1207.542886
172 7.076486 1214.619514
173 8.773914 1223.393568
174 7.862477 1231.256184
175 5.891687 1237.148016
176 7.529321 1244.67748
177 6.399179 1251.076803
178 6.881929 1257.958869
179 7.468523 1265.427532
180 5.847795 1271.275471
181 7.268346 1278.54396
182 6.338897 1284.883003
183 7.355115 1292.238255
184 7.577327 1299.815738
185 5.156405 1304.972283
186 7.388083 1312.360504
187 7.566258 1319.926904
188 7.714458 1327.641498
189 7.658001 1335.299637
190 8.919443 1344.21922
191 7.646369 1351.865729
192 7.479415 1359.345283
193 9.035807 1368.38123
194 7.573104 1375.954474
195 7.072185 1383.026801
196 7.594099 1390.621042
197 7.726502 1398.347683
198 6.414512 1404.762335
199 6.826569 1411.589056
200 7.65216 1419.241356
201 6.400516 1425.642014
202 6.91328 1432.555437
203 8.841955 1441.397538
204 9.094377 1450.492053
205 8.98948 1459.481667
206 7.69128 1467.17309
207 7.698838 1474.872073
208 7.128618 1482.000831
209 7.002115 1489.003085
210 7.674941 1496.678167
211 7.680949 1504.359264
212 5.896798 1510.256203
213 6.950794 1517.207135
214 7.491493 1524.698768
215 7.739442 1532.438353
216 7.469901 1539.908429
217 7.115981 1547.024544
218 6.987789 1554.012472
219 7.46298 1561.475591
220 7.106848 1568.582573
221 6.213151 1574.795867
222 6.25953 1581.055536
223 8.835719 1589.891393
224 6.350006 1596.241535
225 5.108357 1601.35003
226 8.614902 1609.965069
227 7.658146 1617.623353
228 7.65126 1625.274753
229 5.963631 1631.238526
230 8.745567 1639.984233
231 6.458623 1646.442996
232 6.952819 1653.395955
233 6.255214 1659.651313
234 6.956985 1666.608438
235 5.074526 1671.68311
236 6.828598 1678.511847
237 5.07231 1683.584297
238 6.787905 1690.372338
239 5.851028 1696.2235
240 8.746512 1704.970154
241 8.977441 1713.947738
242 7.854007 1721.801886
243 5.774214 1727.576236
244 7.549822 1735.126198
245 5.211818 1740.33816
246 6.050954 1746.38925
247 8.841605 1755.230997
248 7.162281 1762.393416
249 7.412822 1769.806381
250 6.334511 1776.141071
251 7.682601 1783.823811
252 7.575879 1791.399833
253 7.049013 1798.448978
254 7.473343 1805.922464
255 7.55972 1813.482323
256 5.769626 1819.252119
257 7.44067 1826.69293
258 7.729297 1834.422367
259 7.639813 1842.06234
260 7.606042 1849.668539
261 5.680216 1855.348894
262 6.871118 1862.220154
263 7.052395 1869.272687
264 6.316672 1875.5895
265 6.861296 1882.450934
266 7.661586 1890.112659
267 7.673884 1897.786684
268 7.684771 1905.471594
269 7.076657 1912.548394
270 7.635996 1920.184528
271 7.699702 1927.884369
272 8.948387 1936.832897
273 6.491273 1943.324313
274 7.389401 1950.713854
275 8.902888 1959.616879
276 6.604178 1966.221201
277 6.17203 1972.393372
278 7.56041 1979.953919
279 5.222617 1985.176671
280 7.437239 1992.614042
281 6.295786 1998.909965
282 7.682046 2006.592154
283 7.412455 2014.00475
284 7.576796 2021.581684
285 5.230617 2026.812441
286 7.182037 2033.994614
287 7.367689 2041.362446
288 6.38043 2047.743014
289 7.405473 2055.148627
290 7.102261 2062.251031
291 6.995181 2069.246352
292 7.584607 2076.831118
293 6.442322 2083.273578
294 5.063179 2088.336896
295 7.342039 2095.679068
296 5.901459 2101.580668
297 5.61614 2107.19695
298 6.291031 2113.488126
299 6.930034 2120.418301
300 6.427657 2126.846108
301 6.355084 2133.201336
302 7.724795 2140.926272
303 5.057319 2145.983745
304 7.232652 2153.216534
305 8.891315 2162.107986
306 7.247864 2169.355985
307 7.405788 2176.761917
308 7.184027 2183.946085
309 6.359787 2190.306017
310 7.461848 2197.768
311 7.591265 2205.359408
312 7.592305 2212.951855
313 7.666159 2220.618154
314 6.943394 2227.561688
315 7.613704 2235.175533
316 7.776371 2242.952045
317 7.126047 2250.078236
318 7.629448 2257.707823
319 7.704596 2265.412566
320 7.736493 2273.1492
321 7.589003 2280.738344
322 7.668476 2288.406975
323 6.528247 2294.935365
324 7.41117 2302.346681
325 7.620623 2309.967441
326 7.436133 2317.403712
327 7.659913 2325.063765
328 7.094518 2332.158425
329 7.468518 2339.627083
330 7.731948 2347.359171
331 5.862054 2353.221362
332 7.473042 2360.694549
333 7.514106 2368.208814
334 7.054181 2375.263136
335 7.400351 2382.663628
336 7.748563 2390.412329
337 5.240035 2395.652499
338 6.736972 2402.389607
339 7.614632 2410.004385
340 5.202824 2415.207347
341 6.876476 2422.08396
342 7.382348 2429.466451
343 7.528771 2436.995364
344 7.502078 2444.497582
345 7.102545 2451.600275
346 7.655062 2459.255474
347 7.070194 2466.325806
348 7.647019 2473.972965
349 7.585718 2481.558817
350 6.457175 2488.016132
351 7.674213 2495.690484
352 8.865661 2504.556286
353 7.827491 2512.383918
354 5.825795 2518.209849
355 5.046957 2523.256949
356 8.598457 2531.855547
357 7.255248 2539.110935
358 5.780515 2544.89159
359 7.535562 2552.427293
360 7.65775 2560.085182
361 5.226462 2565.311783
362 6.180123 2571.492046
363 8.569715 2580.061902
364 5.39612 2585.458156
365 6.774496 2592.232791
366 8.897646 2601.130579
367 7.6867 2608.817421
368 7.600995 2616.418558
369 7.06505 2623.483749
370 8.922663 2632.406553
371 7.839637 2640.246328
372 7.516782 2647.763271
373 7.485379 2655.248794
374 7.132312 2662.381245
375 5.925957 2668.307341
376 6.217049 2674.524534
377 7.61507 2682.139746
378 6.46006 2688.599944
379 7.517092 2696.117178
380 7.083859 2703.201179
381 7.802656 2711.003971
382 7.454984 2718.459096
383 7.716 2726.175238
384 7.141703 2733.317085
385 6.357009 2739.674234
386 7.373419 2747.047793
387 7.717952 2754.765887
388 5.823691 2760.589718
389 7.609164 2768.199019
390 7.585129 2775.784289
391 9.038376 2784.822809
392 5.997953 2790.820906
393 6.875741 2797.696788
394 7.570819 2805.267747
395 5.204696 2810.472584
396 7.467149 2817.939869
397 7.572604 2825.512612
398 7.727956 2833.240715
399 5.853656 2839.09451
400 7.479272 2846.573931
401 5.228306 2851.802383
402 5.663884 2857.466425
403 7.474106 2864.940672
404 6.346928 2871.287742
405 8.846787 2880.134663
406 7.741202 2887.876
407 7.771179 2895.647323
408 5.131636 2900.779103
409 7.548936 2908.328173
410 7.698125 2916.026447
411 5.060816 2921.087413
412 7.438608 2928.526159
413 5.218697 2933.745
414 8.601039 2942.346182
415 7.881317 2950.227644
416 7.68126 2957.909043
417 5.868263 2963.777445
418 8.738266 2972.515843
419 7.901125 2980.417108
420 5.886616 2986.303871
421 8.72399 2995.028
422 7.85434 3002.88248
423 7.737486 3010.620103
424 8.909134 3019.529377
425 7.763855 3027.293375
426 7.097733 3034.39125
427 7.776444 3042.167831
428 6.385873 3048.553841
429 7.601333 3056.155318
430 7.7916 3063.947062
431 7.591934 3071.539134
432 7.099727 3078.638996
433 8.933453 3087.572588
434 6.562976 3094.135711
435 5.794215 3099.930068
436 8.739421 3108.669628
437 7.136139 3115.805908
438 5.879762 3121.685815
439 5.721172 3127.407134
440 6.826966 3134.234241
441 5.865717 3140.1001
442 6.975465 3147.075703
443 7.659514 3154.735357
444 7.584873 3162.320373
445 7.121131 3169.44164
446 7.028577 3176.470355
447 7.634537 3184.105054
448 9.055146 3193.160343
449 7.782615 3200.943096
450 7.661999 3208.605229
451 7.75921 3216.364582
452 8.945298 3225.310021
453 7.871733 3233.181893
454 7.690773 3240.872803
455 6.565327 3247.438267
456 7.54276 3254.981186
457 6.993599 3261.974926
458 7.807819 3269.78289
459 5.087029 3274.870061
460 4.954448 3279.824645
461 7.432139 3287.25692
462 7.784034 3295.041094
463 7.614898 3302.656134
464 6.604565 3309.260843
465 5.566751 3314.827735
466 5.703307 3320.531181
467 5.65293 3326.184242
468 7.48382 3333.668209
469 7.060659 3340.729016
470 7.660309 3348.389459
471 7.614457 3356.004057
472 5.224691 3361.228888
473 5.66725 3366.896275
474 8.605109 3375.501527
475 7.810641 3383.312313
476 6.521742 3389.834198
477 7.055253 3396.889592
478 7.65393 3404.543666
479 7.593449 3412.137257
480 7.522865 3419.660264
481 6.552094 3426.212497
482 5.068545 3431.281184
483 6.221582 3437.502902
484 6.332266 3443.835307
485 7.613347 3451.448793
486 7.00858 3458.457513
487 6.992982 3465.450639
488 8.918571 3474.369347
489 6.548205 3480.91769
490 6.999658 3487.917485
491 5.167225 3493.084852
492 7.306638 3500.39163
493 5.668679 3506.060445
494 7.535656 3513.59624
495 7.100133 3520.696515
496 6.98105 3527.677699
497 6.414622 3534.092459
498 5.69608 3539.788681
499 7.399226 3547.188068
500 5.118527 3552.306741
501 7.295631 3559.602505
502 8.898871 3568.501525
503 7.708086 3576.209751
504 6.468472 3582.678364
505 6.386397 3589.064918
506 5.714005 3594.779064
