[runlim] version:		1.7
[runlim] time limit:		3600 seconds
[runlim] real time limit:	311040000 seconds
[runlim] space limit:		80000 MB
[runlim] argv[0]:		python3.6
[runlim] argv[1]:		./netsolver-gurobi-mod.py
[runlim] argv[2]:		../../../instances/fattree-bcube/BCube_n12_k2_bw10_cpu16.pn
[runlim] argv[3]:		../../../instances/fattree-bcube/instance_list_9vm_rnd.txt
[runlim] argv[4]:		False
[runlim] argv[5]:		True
[runlim] argv[6]:		timelogs/results.BCube_n12_k2_bw10_cpu16.pn.instance_list_9vm_rnd.txt.log
[runlim] start:			Sat Oct  5 03:38:10 2019
[runlim] main pid:		31205
Academic license - for non-commercial use only
[runlim] sample:		10.0 seconds, 273.6 MB
[runlim] sample:		20.0 seconds, 257.1 MB
[runlim] sample:		30.0 seconds, 229.7 MB
[runlim] sample:		40.0 seconds, 268.2 MB
[runlim] sample:		50.0 seconds, 236.7 MB
[runlim] sample:		60.0 seconds, 288.0 MB
[runlim] sample:		70.0 seconds, 244.8 MB
[runlim] sample:		80.0 seconds, 281.2 MB
[runlim] sample:		90.0 seconds, 283.9 MB
[runlim] sample:		100.0 seconds, 327.4 MB
[runlim] sample:		110.0 seconds, 273.1 MB
[runlim] sample:		120.0 seconds, 321.7 MB
[runlim] sample:		130.0 seconds, 312.3 MB
[runlim] sample:		140.0 seconds, 314.4 MB
[runlim] sample:		150.0 seconds, 322.3 MB
[runlim] sample:		160.0 seconds, 324.8 MB
[runlim] sample:		170.0 seconds, 324.0 MB
[runlim] sample:		180.0 seconds, 337.2 MB
[runlim] sample:		190.0 seconds, 305.3 MB
[runlim] sample:		200.0 seconds, 301.4 MB
[runlim] sample:		210.0 seconds, 287.4 MB
[runlim] sample:		220.0 seconds, 306.8 MB
[runlim] sample:		230.0 seconds, 297.1 MB
[runlim] sample:		240.0 seconds, 285.3 MB
[runlim] sample:		250.0 seconds, 255.5 MB
[runlim] sample:		260.0 seconds, 255.0 MB
[runlim] sample:		270.0 seconds, 267.8 MB
[runlim] sample:		280.0 seconds, 288.9 MB
[runlim] sample:		290.0 seconds, 265.9 MB
[runlim] sample:		300.0 seconds, 301.7 MB
[runlim] sample:		310.0 seconds, 260.6 MB
[runlim] sample:		320.0 seconds, 252.3 MB
[runlim] sample:		330.0 seconds, 300.2 MB
[runlim] sample:		340.0 seconds, 287.2 MB
[runlim] sample:		350.0 seconds, 291.3 MB
[runlim] sample:		360.0 seconds, 307.4 MB
[runlim] sample:		370.0 seconds, 329.2 MB
[runlim] sample:		380.0 seconds, 253.2 MB
[runlim] sample:		391.0 seconds, 320.6 MB
[runlim] sample:		401.1 seconds, 294.4 MB
[runlim] sample:		411.1 seconds, 292.1 MB
[runlim] sample:		421.1 seconds, 301.1 MB
[runlim] sample:		431.1 seconds, 296.9 MB
[runlim] sample:		441.1 seconds, 283.6 MB
[runlim] sample:		451.1 seconds, 269.7 MB
[runlim] sample:		461.1 seconds, 269.0 MB
[runlim] sample:		471.2 seconds, 299.6 MB
[runlim] sample:		481.1 seconds, 290.9 MB
[runlim] sample:		491.1 seconds, 333.5 MB
[runlim] sample:		501.1 seconds, 271.7 MB
[runlim] sample:		511.1 seconds, 310.4 MB
[runlim] sample:		521.1 seconds, 310.3 MB
[runlim] sample:		531.1 seconds, 326.9 MB
[runlim] sample:		541.1 seconds, 296.1 MB
[runlim] sample:		551.1 seconds, 304.0 MB
[runlim] sample:		561.1 seconds, 301.4 MB
[runlim] sample:		571.1 seconds, 272.3 MB
[runlim] sample:		581.1 seconds, 331.0 MB
[runlim] sample:		591.1 seconds, 324.4 MB
[runlim] sample:		601.1 seconds, 331.4 MB
[runlim] sample:		611.1 seconds, 344.2 MB
[runlim] sample:		621.1 seconds, 325.0 MB
[runlim] sample:		631.1 seconds, 291.9 MB
[runlim] sample:		641.1 seconds, 308.5 MB
[runlim] sample:		651.1 seconds, 300.3 MB
[runlim] sample:		661.1 seconds, 293.0 MB
[runlim] sample:		671.1 seconds, 307.0 MB
[runlim] sample:		681.1 seconds, 283.5 MB
[runlim] sample:		691.1 seconds, 280.2 MB
[runlim] sample:		701.1 seconds, 279.9 MB
[runlim] sample:		711.1 seconds, 320.1 MB
[runlim] sample:		721.1 seconds, 290.2 MB
[runlim] sample:		731.1 seconds, 301.5 MB
[runlim] sample:		741.1 seconds, 309.6 MB
[runlim] sample:		751.1 seconds, 308.3 MB
[runlim] sample:		761.1 seconds, 291.5 MB
[runlim] sample:		771.1 seconds, 328.3 MB
[runlim] sample:		781.1 seconds, 334.0 MB
[runlim] sample:		791.1 seconds, 324.1 MB
[runlim] sample:		801.1 seconds, 338.1 MB
[runlim] sample:		811.1 seconds, 308.2 MB
[runlim] sample:		821.1 seconds, 334.1 MB
[runlim] sample:		831.1 seconds, 291.1 MB
[runlim] sample:		841.1 seconds, 300.4 MB
[runlim] sample:		851.1 seconds, 297.7 MB
[runlim] sample:		861.1 seconds, 308.6 MB
[runlim] sample:		871.1 seconds, 276.4 MB
[runlim] sample:		881.1 seconds, 318.1 MB
[runlim] sample:		891.1 seconds, 290.1 MB
[runlim] sample:		901.1 seconds, 306.3 MB
[runlim] sample:		911.1 seconds, 292.7 MB
[runlim] sample:		921.1 seconds, 292.9 MB
[runlim] sample:		931.1 seconds, 314.3 MB
[runlim] sample:		941.1 seconds, 275.9 MB
[runlim] sample:		951.1 seconds, 315.1 MB
[runlim] sample:		961.1 seconds, 331.9 MB
[runlim] sample:		971.1 seconds, 325.1 MB
[runlim] sample:		981.1 seconds, 317.7 MB
[runlim] sample:		991.1 seconds, 319.8 MB
[runlim] sample:		1001.1 seconds, 292.7 MB
[runlim] sample:		1011.1 seconds, 324.5 MB
[runlim] sample:		1021.1 seconds, 283.6 MB
[runlim] sample:		1031.1 seconds, 297.8 MB
[runlim] sample:		1041.1 seconds, 299.3 MB
[runlim] sample:		1051.1 seconds, 329.4 MB
[runlim] sample:		1061.1 seconds, 332.9 MB
[runlim] sample:		1071.1 seconds, 339.1 MB
[runlim] sample:		1081.1 seconds, 298.1 MB
[runlim] sample:		1091.1 seconds, 317.9 MB
[runlim] sample:		1101.1 seconds, 325.1 MB
[runlim] sample:		1111.1 seconds, 326.3 MB
[runlim] sample:		1121.1 seconds, 322.3 MB
[runlim] sample:		1131.1 seconds, 331.4 MB
[runlim] sample:		1141.1 seconds, 331.2 MB
[runlim] sample:		1151.1 seconds, 312.8 MB
[runlim] sample:		1161.1 seconds, 314.6 MB
[runlim] sample:		1171.1 seconds, 327.2 MB
[runlim] sample:		1181.1 seconds, 317.7 MB
[runlim] sample:		1191.1 seconds, 317.0 MB
[runlim] sample:		1201.1 seconds, 328.2 MB
[runlim] sample:		1211.1 seconds, 328.8 MB
[runlim] sample:		1221.1 seconds, 330.1 MB
[runlim] sample:		1231.1 seconds, 364.0 MB
[runlim] sample:		1241.1 seconds, 323.7 MB
[runlim] sample:		1251.1 seconds, 330.6 MB
[runlim] sample:		1261.1 seconds, 317.6 MB
[runlim] sample:		1271.1 seconds, 317.2 MB
[runlim] sample:		1281.1 seconds, 317.2 MB
[runlim] sample:		1291.1 seconds, 317.0 MB
[runlim] sample:		1301.1 seconds, 318.8 MB
[runlim] sample:		1311.1 seconds, 316.0 MB
[runlim] sample:		1321.1 seconds, 331.2 MB
[runlim] sample:		1331.1 seconds, 299.3 MB
[runlim] sample:		1341.1 seconds, 336.9 MB
[runlim] sample:		1351.1 seconds, 336.4 MB
[runlim] sample:		1361.1 seconds, 324.3 MB
[runlim] sample:		1371.1 seconds, 330.0 MB
[runlim] sample:		1381.1 seconds, 327.2 MB
[runlim] sample:		1391.1 seconds, 322.7 MB
[runlim] sample:		1401.1 seconds, 334.1 MB
[runlim] sample:		1411.1 seconds, 334.1 MB
[runlim] sample:		1421.1 seconds, 329.2 MB
[runlim] sample:		1431.1 seconds, 329.0 MB
[runlim] sample:		1441.1 seconds, 330.3 MB
[runlim] sample:		1451.1 seconds, 371.1 MB
[runlim] sample:		1461.1 seconds, 368.1 MB
[runlim] sample:		1471.1 seconds, 327.3 MB
[runlim] sample:		1481.1 seconds, 337.8 MB
[runlim] sample:		1491.1 seconds, 337.3 MB
[runlim] sample:		1501.1 seconds, 337.0 MB
[runlim] sample:		1511.1 seconds, 336.4 MB
[runlim] sample:		1521.1 seconds, 320.9 MB
[runlim] sample:		1531.1 seconds, 332.1 MB
[runlim] sample:		1541.1 seconds, 335.2 MB
[runlim] sample:		1551.1 seconds, 320.9 MB
[runlim] sample:		1561.1 seconds, 322.7 MB
[runlim] sample:		1571.1 seconds, 323.3 MB
[runlim] sample:		1581.1 seconds, 323.0 MB
[runlim] sample:		1591.1 seconds, 345.0 MB
[runlim] sample:		1601.1 seconds, 318.9 MB
[runlim] sample:		1611.1 seconds, 334.5 MB
[runlim] sample:		1621.1 seconds, 336.9 MB
[runlim] sample:		1631.1 seconds, 332.9 MB
[runlim] sample:		1641.1 seconds, 330.5 MB
[runlim] sample:		1651.1 seconds, 321.1 MB
[runlim] sample:		1661.1 seconds, 321.8 MB
[runlim] sample:		1671.1 seconds, 321.8 MB
[runlim] sample:		1681.1 seconds, 321.7 MB
[runlim] sample:		1691.1 seconds, 290.0 MB
[runlim] sample:		1701.1 seconds, 318.8 MB
[runlim] sample:		1711.1 seconds, 342.7 MB
[runlim] sample:		1721.1 seconds, 366.5 MB
[runlim] sample:		1731.1 seconds, 313.3 MB
[runlim] sample:		1741.1 seconds, 333.2 MB
[runlim] sample:		1751.1 seconds, 303.6 MB
[runlim] sample:		1761.1 seconds, 332.6 MB
[runlim] sample:		1771.1 seconds, 306.2 MB
[runlim] sample:		1781.1 seconds, 313.4 MB
[runlim] sample:		1791.1 seconds, 336.7 MB
[runlim] sample:		1801.1 seconds, 298.0 MB
[runlim] sample:		1811.1 seconds, 313.2 MB
[runlim] sample:		1821.1 seconds, 317.6 MB
[runlim] sample:		1831.1 seconds, 333.8 MB
[runlim] sample:		1841.1 seconds, 338.6 MB
[runlim] sample:		1851.1 seconds, 307.7 MB
[runlim] sample:		1861.1 seconds, 307.4 MB
[runlim] sample:		1871.1 seconds, 322.9 MB
[runlim] sample:		1881.1 seconds, 291.8 MB
[runlim] sample:		1891.1 seconds, 319.9 MB
[runlim] sample:		1901.1 seconds, 337.8 MB
[runlim] sample:		1911.1 seconds, 338.1 MB
[runlim] sample:		1921.1 seconds, 337.8 MB
[runlim] sample:		1931.1 seconds, 337.8 MB
[runlim] sample:		1941.1 seconds, 355.1 MB
[runlim] sample:		1951.1 seconds, 317.8 MB
[runlim] sample:		1961.1 seconds, 357.3 MB
[runlim] sample:		1971.1 seconds, 311.9 MB
[runlim] sample:		1981.1 seconds, 325.2 MB
[runlim] sample:		1991.1 seconds, 302.8 MB
[runlim] sample:		2001.1 seconds, 301.5 MB
[runlim] sample:		2011.1 seconds, 330.9 MB
[runlim] sample:		2021.1 seconds, 330.7 MB
[runlim] sample:		2031.1 seconds, 291.9 MB
[runlim] sample:		2041.1 seconds, 307.3 MB
[runlim] sample:		2051.1 seconds, 312.3 MB
[runlim] sample:		2061.1 seconds, 312.3 MB
[runlim] sample:		2071.1 seconds, 291.4 MB
[runlim] sample:		2081.1 seconds, 328.8 MB
[runlim] sample:		2091.1 seconds, 287.2 MB
[runlim] sample:		2101.1 seconds, 328.3 MB
[runlim] sample:		2111.1 seconds, 304.4 MB
[runlim] sample:		2121.1 seconds, 312.1 MB
[runlim] sample:		2131.1 seconds, 287.8 MB
[runlim] sample:		2141.1 seconds, 309.7 MB
[runlim] sample:		2151.1 seconds, 291.1 MB
[runlim] sample:		2161.1 seconds, 319.4 MB
[runlim] sample:		2171.1 seconds, 329.0 MB
[runlim] sample:		2181.1 seconds, 325.7 MB
[runlim] sample:		2191.1 seconds, 324.7 MB
[runlim] sample:		2201.1 seconds, 309.1 MB
[runlim] sample:		2211.1 seconds, 334.5 MB
[runlim] sample:		2221.1 seconds, 334.1 MB
[runlim] sample:		2231.1 seconds, 291.2 MB
[runlim] sample:		2241.1 seconds, 329.4 MB
[runlim] sample:		2251.1 seconds, 335.0 MB
[runlim] sample:		2261.1 seconds, 330.2 MB
[runlim] sample:		2271.1 seconds, 335.1 MB
[runlim] sample:		2281.1 seconds, 335.4 MB
[runlim] sample:		2291.1 seconds, 336.7 MB
[runlim] sample:		2301.1 seconds, 336.5 MB
[runlim] sample:		2311.1 seconds, 336.5 MB
[runlim] sample:		2321.1 seconds, 336.5 MB
[runlim] sample:		2331.1 seconds, 305.6 MB
[runlim] sample:		2341.1 seconds, 320.6 MB
[runlim] sample:		2351.1 seconds, 331.5 MB
[runlim] sample:		2361.1 seconds, 300.5 MB
[runlim] sample:		2371.1 seconds, 300.5 MB
[runlim] sample:		2381.1 seconds, 319.6 MB
[runlim] sample:		2391.1 seconds, 319.6 MB
[runlim] sample:		2401.1 seconds, 292.9 MB
[runlim] sample:		2411.1 seconds, 319.5 MB
[runlim] sample:		2421.1 seconds, 290.1 MB
[runlim] sample:		2431.1 seconds, 317.1 MB
[runlim] sample:		2441.1 seconds, 319.2 MB
[runlim] sample:		2451.1 seconds, 319.2 MB
[runlim] sample:		2461.1 seconds, 328.8 MB
[runlim] sample:		2471.1 seconds, 331.1 MB
[runlim] sample:		2481.1 seconds, 331.1 MB
[runlim] sample:		2491.1 seconds, 334.0 MB
[runlim] sample:		2501.1 seconds, 343.0 MB
[runlim] sample:		2511.1 seconds, 364.8 MB
[runlim] sample:		2521.1 seconds, 307.2 MB
[runlim] sample:		2531.1 seconds, 306.7 MB
[runlim] sample:		2541.1 seconds, 336.2 MB
[runlim] sample:		2551.1 seconds, 322.9 MB
[runlim] sample:		2561.1 seconds, 332.4 MB
[runlim] sample:		2571.1 seconds, 304.3 MB
[runlim] sample:		2581.1 seconds, 312.9 MB
[runlim] sample:		2591.1 seconds, 317.3 MB
[runlim] sample:		2601.1 seconds, 320.1 MB
[runlim] sample:		2611.1 seconds, 336.7 MB
[runlim] sample:		2621.1 seconds, 335.3 MB
[runlim] sample:		2631.1 seconds, 334.9 MB
[runlim] sample:		2641.1 seconds, 337.3 MB
[runlim] sample:		2651.1 seconds, 338.7 MB
[runlim] sample:		2661.1 seconds, 337.0 MB
[runlim] sample:		2671.1 seconds, 336.7 MB
[runlim] sample:		2681.1 seconds, 304.7 MB
[runlim] sample:		2691.1 seconds, 330.7 MB
[runlim] sample:		2701.1 seconds, 332.2 MB
[runlim] sample:		2711.1 seconds, 332.9 MB
[runlim] sample:		2721.1 seconds, 333.0 MB
[runlim] sample:		2731.1 seconds, 334.8 MB
[runlim] sample:		2741.1 seconds, 304.5 MB
[runlim] sample:		2751.1 seconds, 307.4 MB
[runlim] sample:		2761.1 seconds, 332.6 MB
[runlim] sample:		2771.1 seconds, 329.6 MB
[runlim] sample:		2781.1 seconds, 343.0 MB
[runlim] sample:		2791.1 seconds, 355.0 MB
[runlim] sample:		2801.1 seconds, 321.6 MB
[runlim] sample:		2811.1 seconds, 332.7 MB
[runlim] sample:		2821.1 seconds, 330.6 MB
[runlim] sample:		2831.1 seconds, 335.4 MB
[runlim] sample:		2841.1 seconds, 308.6 MB
[runlim] sample:		2851.1 seconds, 330.5 MB
[runlim] sample:		2861.1 seconds, 305.9 MB
[runlim] sample:		2871.1 seconds, 329.6 MB
[runlim] sample:		2881.1 seconds, 308.0 MB
[runlim] sample:		2891.1 seconds, 324.0 MB
[runlim] sample:		2901.1 seconds, 334.5 MB
[runlim] sample:		2911.1 seconds, 335.8 MB
[runlim] sample:		2921.1 seconds, 336.5 MB
[runlim] sample:		2931.1 seconds, 336.5 MB
[runlim] sample:		2941.1 seconds, 336.3 MB
[runlim] sample:		2951.1 seconds, 337.1 MB
[runlim] sample:		2961.1 seconds, 338.6 MB
[runlim] sample:		2971.1 seconds, 305.1 MB
[runlim] sample:		2981.1 seconds, 336.9 MB
[runlim] sample:		2991.1 seconds, 308.1 MB
[runlim] sample:		3001.1 seconds, 336.2 MB
[runlim] sample:		3011.1 seconds, 349.1 MB
[runlim] sample:		3021.1 seconds, 359.4 MB
[runlim] sample:		3031.1 seconds, 335.3 MB
[runlim] sample:		3041.1 seconds, 332.9 MB
[runlim] sample:		3051.1 seconds, 311.9 MB
[runlim] sample:		3061.1 seconds, 340.0 MB
[runlim] sample:		3071.1 seconds, 344.8 MB
[runlim] sample:		3081.1 seconds, 344.8 MB
[runlim] sample:		3091.1 seconds, 357.6 MB
[runlim] sample:		3101.1 seconds, 325.1 MB
[runlim] sample:		3111.1 seconds, 328.6 MB
[runlim] sample:		3121.1 seconds, 342.4 MB
[runlim] sample:		3131.1 seconds, 341.2 MB
[runlim] sample:		3141.1 seconds, 340.9 MB
[runlim] sample:		3151.1 seconds, 340.9 MB
[runlim] sample:		3161.1 seconds, 341.7 MB
[runlim] sample:		3171.1 seconds, 344.5 MB
[runlim] sample:		3181.1 seconds, 312.1 MB
[runlim] sample:		3191.1 seconds, 339.3 MB
[runlim] sample:		3201.1 seconds, 339.9 MB
[runlim] sample:		3211.1 seconds, 344.9 MB
[runlim] sample:		3221.1 seconds, 313.2 MB
[runlim] sample:		3231.1 seconds, 339.5 MB
[runlim] sample:		3241.1 seconds, 345.5 MB
[runlim] sample:		3251.1 seconds, 345.3 MB
[runlim] sample:		3261.1 seconds, 344.6 MB
[runlim] sample:		3271.1 seconds, 344.3 MB
[runlim] sample:		3281.1 seconds, 311.4 MB
[runlim] sample:		3291.1 seconds, 336.4 MB
[runlim] sample:		3301.1 seconds, 341.8 MB
[runlim] sample:		3311.1 seconds, 321.7 MB
[runlim] sample:		3321.1 seconds, 321.6 MB
[runlim] sample:		3331.1 seconds, 321.3 MB
[runlim] sample:		3341.1 seconds, 335.2 MB
[runlim] sample:		3351.1 seconds, 338.3 MB
[runlim] sample:		3361.1 seconds, 338.3 MB
[runlim] sample:		3371.1 seconds, 306.0 MB
[runlim] sample:		3381.1 seconds, 364.9 MB
[runlim] sample:		3391.1 seconds, 330.7 MB
[runlim] sample:		3401.1 seconds, 328.9 MB
[runlim] sample:		3411.1 seconds, 341.3 MB
[runlim] sample:		3421.1 seconds, 343.6 MB
[runlim] sample:		3431.1 seconds, 324.0 MB
[runlim] sample:		3441.1 seconds, 324.0 MB
[runlim] sample:		3451.1 seconds, 323.5 MB
[runlim] sample:		3461.1 seconds, 340.2 MB
[runlim] sample:		3471.1 seconds, 308.0 MB
[runlim] sample:		3481.1 seconds, 355.8 MB
[runlim] sample:		3491.1 seconds, 357.6 MB
[runlim] sample:		3501.1 seconds, 317.7 MB
[runlim] sample:		3511.1 seconds, 317.7 MB
[runlim] sample:		3521.1 seconds, 339.5 MB
[runlim] sample:		3531.1 seconds, 339.0 MB
[runlim] sample:		3541.1 seconds, 339.0 MB
[runlim] sample:		3551.1 seconds, 338.7 MB
[runlim] sample:		3561.1 seconds, 338.7 MB
[runlim] sample:		3571.1 seconds, 329.4 MB
[runlim] sample:		3581.1 seconds, 335.7 MB
[runlim] sample:		3591.1 seconds, 328.7 MB
[runlim] end:			Sat Oct  5 04:38:09 2019
[runlim] status:		out of time
[runlim] result:		1
[runlim] children:		0
[runlim] real:			3599.39 seconds
[runlim] time:			3600.08 seconds
[runlim] space:			434.0 MB
[runlim] samples:		35990
