# instance ../../../instances/fattree-bcube/Fattree_n12_k2_bw10_cpu16.pn
# Settings: PN=../../../instances/fattree-bcube/Fattree_n12_k2_bw10_cpu16.pn, VN=../../../instances/fattree-bcube/instance_list_15vm_rnd.txt, multi-thread=True
init 0.022358 0.022358
1 4.591072 4.61343
2 4.201446 8.815009
3 4.056449 12.871585
4 4.097308 16.96902
5 3.714383 20.683536
6 4.437439 25.121106
7 4.912355 30.033594
8 4.478806 34.512529
9 3.62969 38.142354
10 3.774062 41.916547
11 4.092304 46.008982
12 4.821517 50.830633
13 4.544108 55.374871
14 4.126381 59.501387
15 4.110337 63.611854
16 4.163517 67.775507
17 4.111503 71.887145
18 3.958796 75.846072
19 3.733278 79.579485
20 4.461913 84.041525
21 4.460439 88.502099
22 4.012227 92.514456
23 5.051457 97.566041
24 4.264262 101.830439
25 4.514784 106.345357
26 4.887066 111.232559
27 4.625979 115.858671
28 5.578492 121.437296
29 4.289721 125.727163
30 4.417468 130.14476
31 5.21319 135.358089
32 4.237545 139.595771
33 3.97969 143.575603
34 4.118985 147.694724
35 4.06407 151.75893
36 4.920125 156.679189
37 4.392924 161.072248
38 4.245306 165.317678
39 3.899449 169.217258
40 4.554354 173.771758
41 5.203427 178.975323
42 4.648867 183.624327
43 4.28199 187.906455
44 4.430124 192.33671
45 4.128658 196.465507
46 4.234603 200.700241
47 4.389735 205.090104
48 4.419752 209.509986
49 4.478783 213.988897
50 4.09984 218.088864
51 4.40158 222.490578
52 4.159597 226.650302
53 4.466166 231.1166
54 5.431906 236.548629
55 5.002484 241.551256
56 4.309841 245.861226
57 4.443701 250.305056
58 5.221853 255.527036
59 4.598122 260.125289
60 4.962616 265.088034
61 4.337456 269.425618
62 4.942356 274.368105
63 4.520002 278.888243
64 5.01252 283.900891
65 4.99618 288.897211
66 4.300893 293.198227
67 4.215072 297.413431
68 5.05194 302.465499
69 4.621094 307.086723
70 4.322618 311.409474
71 4.255007 315.664606
72 5.257512 320.922247
73 4.390422 325.312798
74 4.990556 330.303494
75 4.5261 334.82974
76 4.250252 339.080116
77 4.577563 343.657804
78 5.559698 349.21763
79 5.09992 354.317685
80 5.458417 359.776262
81 4.723101 364.499496
82 5.020538 369.520161
83 4.65305 374.173339
84 5.056325 379.22979
85 5.649547 384.879475
86 5.406739 390.286339
87 5.41252 395.698987
88 5.73792 401.437037
89 5.448034 406.885201
90 4.472029 411.35736
91 5.338804 416.696294
92 4.580598 421.277024
93 4.203591 425.480738
94 5.580376 431.061265
95 4.368633 435.430025
96 4.506562 439.936713
97 4.182816 444.119665
98 4.198364 448.318154
99 4.180665 452.498953
100 5.016589 457.51567
101 4.607648 462.123446
102 5.393055 467.516626
103 5.679982 473.19674
104 4.668505 477.865383
105 5.003789 482.869297
106 5.137683 488.007106
107 4.550949 492.558189
108 4.229395 496.787713
109 5.098084 501.885932
110 4.467777 506.353837
111 4.956982 511.310955
112 4.701052 516.012147
113 4.565163 520.577439
114 4.619295 525.19686
115 4.253863 529.450858
116 4.376352 533.827342
117 4.471531 538.298996
118 4.208541 542.507666
119 4.634963 547.142753
120 4.255699 551.398581
121 4.942415 556.341121
122 5.153008 561.494262
123 5.639954 567.134344
124 4.326096 571.460575
125 4.61277 576.073473
126 4.450158 580.523769
127 4.997783 585.521677
128 5.666155 591.18797
129 5.683359 596.871462
130 4.534081 601.405678
131 4.496273 605.902076
132 4.257708 610.159915
133 4.556358 614.716401
134 5.754059 620.470589
135 4.662482 625.133199
136 4.503842 629.637173
137 4.621325 634.258625
138 4.435546 638.694294
139 4.357746 643.05217
140 5.447069 648.499366
141 4.547894 653.047394
142 4.348988 657.396504
143 5.001094 662.397727
144 5.140683 667.538549
145 5.657718 673.1964
146 4.690136 677.886668
147 4.48918 682.375971
148 4.716826 687.092926
149 4.622305 691.715361
150 4.642499 696.35799
151 4.505289 700.863418
152 5.631326 706.494869
153 4.368453 710.863456
154 4.349748 715.213329
155 5.351721 720.565176
156 4.370393 724.935695
157 5.637135 730.572962
158 4.365513 734.938611
159 4.470282 739.409022
160 4.397462 743.806609
161 4.370859 748.177593
162 5.054288 753.232
163 5.731631 758.963756
164 4.485679 763.449571
165 4.3828 767.832497
166 4.493386 772.326016
167 5.429294 777.755439
168 4.579887 782.335462
169 4.226024 786.561635
170 4.658533 791.220301
171 4.995755 796.216186
172 4.749732 800.96605
173 4.628036 805.594216
174 5.051716 810.646063
175 5.329325 815.97552
176 4.720964 820.696609
177 4.581694 825.27843
178 4.696408 829.974967
179 4.298607 834.273701
180 4.970035 839.243865
181 5.112262 844.356257
182 5.07829 849.434673
183 4.518029 853.952835
184 5.605696 859.558657
185 4.32106 863.87985
186 5.079719 868.959691
187 5.05587 874.015694
188 5.095771 879.1116
189 4.36043 883.472163
190 4.23704 887.709331
191 5.024458 892.73392
192 5.762875 898.496934
193 5.099398 903.596465
194 4.50688 908.103473
195 4.685698 912.789298
196 4.22242 917.011845
197 4.491972 921.503945
198 4.347636 925.85171
199 5.247234 931.099075
200 5.18817 936.287375
201 4.406309 940.693814
202 5.649201 946.343144
203 4.413211 950.756496
204 5.1375 955.894123
205 4.774365 960.668618
206 5.748749 966.417499
207 4.453438 970.871072
208 5.13269 976.003887
209 4.792827 980.796852
210 5.735561 986.532543
211 4.602831 991.135508
212 5.802227 996.93786
213 4.795489 1001.733479
214 5.281756 1007.015363
215 5.733918 1012.749413
216 4.618199 1017.367748
217 5.222525 1022.590407
218 5.322852 1027.913389
219 4.348834 1032.262359
220 5.135586 1037.398079
221 4.53716 1041.935368
222 5.176003 1047.111497
223 4.825571 1051.937204
224 5.148783 1057.086116
225 5.233092 1062.319337
226 4.499906 1066.819374
227 5.212775 1072.03228
228 5.686938 1077.719351
229 4.896354 1082.615838
230 4.442367 1087.058334
231 4.353922 1091.412389
232 5.210763 1096.62328
233 4.487906 1101.111323
234 4.35592 1105.467369
235 5.172099 1110.639608
236 5.25854 1115.898278
237 4.364614 1120.263023
238 4.770424 1125.033579
239 4.742528 1129.776239
240 4.268643 1134.045015
241 4.453194 1138.498336
242 5.070494 1143.568961
243 4.184193 1147.753288
244 5.246785 1153.000205
245 4.170552 1157.170884
246 4.483512 1161.654531
247 5.184672 1166.839332
248 4.533951 1171.373422
249 5.252613 1176.626165
250 5.285627 1181.911921
251 4.373148 1186.2852
252 5.251963 1191.537296
253 4.132918 1195.670348
254 4.360338 1200.030817
255 5.170348 1205.201291
256 4.560839 1209.762259
257 4.47244 1214.23483
258 5.23498 1219.469936
259 5.373543 1224.843612
260 4.153863 1228.997611
261 4.507698 1233.505438
262 4.503741 1238.009316
263 5.213473 1243.222916
264 5.247988 1248.471035
265 5.851447 1254.322617
266 5.785388 1260.108153
267 4.661255 1264.769541
268 5.18828 1269.95795
269 4.560116 1274.518194
270 4.306912 1278.825239
271 5.189057 1284.014447
272 4.560515 1288.575092
273 4.509247 1293.084471
274 4.410743 1297.495339
275 4.964406 1302.45988
276 4.565009 1307.025023
277 5.772008 1312.797157
278 4.544689 1317.341973
279 5.742824 1323.084931
280 4.602511 1327.687573
281 4.154857 1331.842555
282 4.246378 1336.089065
283 4.589532 1340.678727
284 4.529567 1345.208418
285 4.470988 1349.679543
286 4.882613 1354.562281
287 4.557604 1359.120022
288 5.314293 1364.434441
289 4.246383 1368.680952
290 4.42639 1373.107478
291 5.594955 1378.702565
292 4.568472 1383.271172
293 4.156946 1387.428246
294 4.939773 1392.36815
295 4.558854 1396.927131
296 4.45441 1401.381673
297 4.363721 1405.745524
298 4.483829 1410.229483
299 4.291701 1414.521314
300 4.303342 1418.824792
301 4.384229 1423.209172
302 4.580747 1427.790032
303 4.90861 1432.698772
304 4.442166 1437.141066
305 4.944413 1442.085613
306 4.46323 1446.548972
307 4.410388 1450.959492
308 5.604277 1456.563897
309 4.635444 1461.199474
310 4.316527 1465.516129
311 5.166784 1470.683043
312 5.229316 1475.912492
313 4.326526 1480.23915
314 4.153613 1484.392888
315 4.914888 1489.307907
316 4.909372 1494.217411
317 4.129708 1498.347247
318 4.601571 1502.948955
319 4.368929 1507.318013
320 5.218285 1512.536431
321 4.90096 1517.437521
322 4.952812 1522.390464
323 4.607763 1526.998353
324 4.27263 1531.271116
325 4.252335 1535.523579
326 5.194093 1540.717804
327 4.356699 1545.07464
328 5.172304 1550.247083
329 5.338669 1555.585888
330 4.515989 1560.102009
331 5.120817 1565.222953
332 5.485773 1570.708869
333 4.613754 1575.322764
334 4.896324 1580.21922
335 4.44258 1584.66192
336 4.363955 1589.02602
337 4.424434 1593.450583
338 5.255538 1598.706251
339 4.483465 1603.189849
340 4.248529 1607.438505
341 4.155468 1611.594105
342 4.924169 1616.518411
343 5.483114 1622.001663
344 5.552204 1627.554002
345 4.185163 1631.739299
346 5.242918 1636.982343
347 4.519858 1641.502327
348 4.887747 1646.390204
349 4.505543 1650.895879
350 4.538073 1655.434087
351 5.467131 1660.901344
352 5.521229 1666.422703
353 4.562992 1670.985828
354 4.875278 1675.861237
355 4.570382 1680.431779
356 4.922983 1685.354901
357 4.353451 1689.708487
358 4.880228 1694.588844
359 4.489644 1699.078624
360 4.952431 1704.031177
361 4.51522 1708.546527
362 5.536333 1714.082997
363 4.423153 1718.506278
364 4.908822 1723.415232
365 4.930302 1728.345663
366 4.350751 1732.696551
367 4.087666 1736.784348
368 4.888084 1741.672559
369 5.260751 1746.933443
370 4.937138 1751.870716
371 4.517806 1756.388654
372 4.604568 1760.993353
373 4.895592 1765.889074
374 5.508615 1771.397821
375 5.348333 1776.74629
376 4.635767 1781.382186
377 4.459563 1785.841878
378 4.978913 1790.820923
379 4.272311 1795.093362
380 4.20376 1799.29725
381 4.651525 1803.948907
382 4.435878 1808.384913
383 5.405963 1813.791006
384 5.224977 1819.016114
385 5.432613 1824.448856
386 5.036469 1829.485459
387 4.534314 1834.019903
388 4.913255 1838.933289
389 5.226396 1844.159818
390 4.963559 1849.123507
391 5.030882 1854.154522
392 4.903423 1859.058075
393 4.949575 1864.007786
394 4.997635 1869.005556
395 4.344566 1873.350251
396 4.219133 1877.569504
397 4.41599 1881.98563
398 4.293166 1886.278925
399 4.457109 1890.736165
400 4.408287 1895.144583
401 4.400205 1899.544919
402 4.983283 1904.52833
403 4.489252 1909.017713
404 4.261597 1913.279439
405 4.614425 1917.893993
406 4.888821 1922.782952
407 4.225696 1927.008776
408 4.406254 1931.415189
409 4.181975 1935.597296
410 4.893478 1940.4909
411 4.301154 1944.79218
412 4.888258 1949.680564
413 4.196643 1953.877338
414 5.140068 1959.017532
415 4.526806 1963.544478
416 4.579301 1968.123909
417 4.325697 1972.449741
418 4.997554 1977.447421
419 4.445357 1981.892913
420 4.416338 1986.309377
421 4.937535 1991.247047
422 4.535652 1995.782827
423 4.543011 2000.325969
424 4.891988 2005.218092
425 4.445806 2009.664032
426 4.533997 2014.198159
427 9.784288 2023.982589
428 5.621096 2029.603811
429 6.19168 2035.795622
430 5.847071 2041.642826
431 8.248754 2049.891711
432 7.175614 2057.067447
433 8.499817 2065.56739
434 8.136923 2073.704443
435 6.921176 2080.625756
436 7.252098 2087.877981
437 6.86231 2094.740416
438 9.689292 2104.429841
439 8.168023 2112.597995
440 7.199701 2119.79783
441 7.182337 2126.9803
442 4.298896 2131.279323
443 4.59999 2135.879445
444 5.471039 2141.350624
445 5.60225 2146.953007
446 9.715606 2156.668755
447 6.027075 2162.696004
448 5.028897 2167.725033
449 9.705983 2177.431148
450 4.360692 2181.791974
451 5.795224 2187.587344
452 5.117467 2192.704939
453 5.419874 2198.124948
454 6.869186 2204.994264
455 5.277231 2210.271626
