[runlim] version:		1.7
[runlim] time limit:		3600 seconds
[runlim] real time limit:	311040000 seconds
[runlim] space limit:		80000 MB
[runlim] argv[0]:		python3.6
[runlim] argv[1]:		./netsolver-gurobi-mod.py
[runlim] argv[2]:		../../../instances/fattree-bcube/BCube_n12_k2_bw10_cpu16.pn
[runlim] argv[3]:		../../../instances/fattree-bcube/instance_list_15vm_rnd.txt
[runlim] argv[4]:		False
[runlim] argv[5]:		True
[runlim] argv[6]:		timelogs/results.BCube_n12_k2_bw10_cpu16.pn.instance_list_15vm_rnd.txt.log
[runlim] start:			Sat Oct  5 05:38:04 2019
[runlim] main pid:		31767
Academic license - for non-commercial use only
[runlim] sample:		10.0 seconds, 391.7 MB
[runlim] sample:		20.0 seconds, 621.9 MB
[runlim] sample:		30.0 seconds, 524.8 MB
[runlim] sample:		40.0 seconds, 536.2 MB
[runlim] sample:		50.0 seconds, 554.9 MB
[runlim] sample:		60.0 seconds, 493.5 MB
[runlim] sample:		70.0 seconds, 541.4 MB
[runlim] sample:		80.0 seconds, 547.5 MB
[runlim] sample:		90.0 seconds, 515.9 MB
[runlim] sample:		100.0 seconds, 561.2 MB
[runlim] sample:		110.0 seconds, 636.2 MB
[runlim] sample:		120.0 seconds, 649.3 MB
[runlim] sample:		130.0 seconds, 681.3 MB
[runlim] sample:		140.0 seconds, 681.2 MB
[runlim] sample:		150.0 seconds, 648.6 MB
[runlim] sample:		160.0 seconds, 646.2 MB
[runlim] sample:		170.0 seconds, 566.9 MB
[runlim] sample:		180.0 seconds, 565.9 MB
[runlim] sample:		190.0 seconds, 564.6 MB
[runlim] sample:		201.5 seconds, 650.8 MB
[runlim] sample:		211.5 seconds, 650.8 MB
[runlim] sample:		221.5 seconds, 716.2 MB
[runlim] sample:		231.5 seconds, 716.2 MB
[runlim] sample:		241.5 seconds, 620.0 MB
[runlim] sample:		252.9 seconds, 847.0 MB
[runlim] sample:		263.1 seconds, 670.6 MB
[runlim] sample:		274.6 seconds, 661.5 MB
[runlim] sample:		284.6 seconds, 670.8 MB
[runlim] sample:		296.1 seconds, 604.0 MB
[runlim] sample:		306.1 seconds, 629.6 MB
[runlim] sample:		317.7 seconds, 608.8 MB
[runlim] sample:		327.6 seconds, 632.8 MB
[runlim] sample:		337.6 seconds, 616.3 MB
[runlim] sample:		349.0 seconds, 605.4 MB
[runlim] sample:		359.1 seconds, 632.4 MB
[runlim] sample:		370.7 seconds, 722.7 MB
[runlim] sample:		380.7 seconds, 684.7 MB
[runlim] sample:		392.4 seconds, 785.6 MB
[runlim] sample:		402.4 seconds, 706.4 MB
[runlim] sample:		413.8 seconds, 638.2 MB
[runlim] sample:		423.8 seconds, 666.2 MB
[runlim] sample:		434.8 seconds, 1054.0 MB
[runlim] sample:		445.8 seconds, 733.5 MB
[runlim] sample:		457.2 seconds, 713.1 MB
[runlim] sample:		467.2 seconds, 623.5 MB
[runlim] sample:		478.9 seconds, 825.6 MB
[runlim] sample:		488.9 seconds, 789.1 MB
[runlim] sample:		498.9 seconds, 797.6 MB
[runlim] sample:		510.6 seconds, 793.3 MB
[runlim] sample:		520.6 seconds, 793.3 MB
[runlim] sample:		532.3 seconds, 801.9 MB
[runlim] sample:		542.3 seconds, 801.9 MB
[runlim] sample:		554.2 seconds, 738.3 MB
[runlim] sample:		564.2 seconds, 738.2 MB
[runlim] sample:		575.6 seconds, 658.0 MB
[runlim] sample:		585.6 seconds, 658.0 MB
[runlim] sample:		597.1 seconds, 706.9 MB
[runlim] sample:		607.1 seconds, 706.9 MB
[runlim] sample:		619.0 seconds, 739.2 MB
[runlim] sample:		629.0 seconds, 739.2 MB
[runlim] sample:		639.0 seconds, 692.5 MB
[runlim] sample:		649.0 seconds, 678.5 MB
[runlim] sample:		659.0 seconds, 698.3 MB
[runlim] sample:		669.0 seconds, 708.1 MB
[runlim] sample:		679.0 seconds, 700.5 MB
[runlim] sample:		689.0 seconds, 715.0 MB
[runlim] sample:		699.0 seconds, 715.0 MB
[runlim] sample:		709.0 seconds, 726.5 MB
[runlim] sample:		719.0 seconds, 709.8 MB
[runlim] sample:		729.0 seconds, 690.1 MB
[runlim] sample:		739.5 seconds, 699.8 MB
[runlim] sample:		749.5 seconds, 715.7 MB
[runlim] sample:		759.5 seconds, 729.3 MB
[runlim] sample:		769.5 seconds, 729.3 MB
[runlim] sample:		779.5 seconds, 776.2 MB
[runlim] sample:		789.5 seconds, 754.2 MB
[runlim] sample:		799.5 seconds, 781.5 MB
[runlim] sample:		809.5 seconds, 674.8 MB
[runlim] sample:		819.5 seconds, 658.7 MB
[runlim] sample:		829.5 seconds, 661.5 MB
[runlim] sample:		839.5 seconds, 661.0 MB
[runlim] sample:		849.5 seconds, 654.8 MB
[runlim] sample:		859.5 seconds, 650.0 MB
[runlim] sample:		869.5 seconds, 663.8 MB
[runlim] sample:		879.5 seconds, 663.5 MB
[runlim] sample:		889.5 seconds, 673.3 MB
[runlim] sample:		899.5 seconds, 650.7 MB
[runlim] sample:		909.5 seconds, 673.3 MB
[runlim] sample:		919.5 seconds, 663.0 MB
[runlim] sample:		929.5 seconds, 638.5 MB
[runlim] sample:		939.5 seconds, 654.9 MB
[runlim] sample:		949.5 seconds, 658.5 MB
[runlim] sample:		959.5 seconds, 641.2 MB
[runlim] sample:		969.5 seconds, 654.7 MB
[runlim] sample:		979.5 seconds, 693.7 MB
[runlim] sample:		989.5 seconds, 695.7 MB
[runlim] sample:		999.5 seconds, 747.8 MB
[runlim] sample:		1009.5 seconds, 729.8 MB
[runlim] sample:		1019.5 seconds, 703.4 MB
[runlim] sample:		1029.5 seconds, 682.3 MB
[runlim] sample:		1039.5 seconds, 682.3 MB
[runlim] sample:		1049.5 seconds, 712.8 MB
[runlim] sample:		1059.5 seconds, 712.8 MB
[runlim] sample:		1069.5 seconds, 720.9 MB
[runlim] sample:		1079.5 seconds, 702.7 MB
[runlim] sample:		1089.5 seconds, 702.7 MB
[runlim] sample:		1099.5 seconds, 703.4 MB
[runlim] sample:		1109.5 seconds, 685.3 MB
[runlim] sample:		1119.5 seconds, 694.9 MB
[runlim] sample:		1129.5 seconds, 703.8 MB
[runlim] sample:		1139.5 seconds, 703.8 MB
[runlim] sample:		1149.5 seconds, 704.0 MB
[runlim] sample:		1159.5 seconds, 698.3 MB
[runlim] sample:		1169.5 seconds, 720.1 MB
[runlim] sample:		1179.5 seconds, 701.8 MB
[runlim] sample:		1189.5 seconds, 700.8 MB
[runlim] sample:		1199.5 seconds, 671.6 MB
[runlim] sample:		1209.5 seconds, 695.1 MB
[runlim] sample:		1219.5 seconds, 695.1 MB
[runlim] sample:		1229.5 seconds, 708.3 MB
[runlim] sample:		1239.5 seconds, 701.0 MB
[runlim] sample:		1249.5 seconds, 690.5 MB
[runlim] sample:		1259.5 seconds, 681.2 MB
[runlim] sample:		1269.5 seconds, 678.3 MB
[runlim] sample:		1279.5 seconds, 704.8 MB
[runlim] sample:		1289.5 seconds, 705.4 MB
[runlim] sample:		1299.5 seconds, 714.7 MB
[runlim] sample:		1309.5 seconds, 696.1 MB
[runlim] sample:		1319.5 seconds, 694.4 MB
[runlim] sample:		1329.5 seconds, 712.0 MB
[runlim] sample:		1339.5 seconds, 693.5 MB
[runlim] sample:		1349.5 seconds, 690.4 MB
[runlim] sample:		1359.5 seconds, 688.8 MB
[runlim] sample:		1369.5 seconds, 684.9 MB
[runlim] sample:		1379.5 seconds, 718.9 MB
[runlim] sample:		1389.5 seconds, 722.8 MB
[runlim] sample:		1399.5 seconds, 749.2 MB
[runlim] sample:		1409.5 seconds, 730.0 MB
[runlim] sample:		1419.5 seconds, 736.9 MB
[runlim] sample:		1429.5 seconds, 732.1 MB
[runlim] sample:		1439.5 seconds, 730.9 MB
[runlim] sample:		1449.5 seconds, 707.9 MB
[runlim] sample:		1459.5 seconds, 690.2 MB
[runlim] sample:		1469.5 seconds, 711.7 MB
[runlim] sample:		1479.5 seconds, 709.1 MB
[runlim] sample:		1489.5 seconds, 709.1 MB
[runlim] sample:		1499.5 seconds, 742.0 MB
[runlim] sample:		1509.5 seconds, 741.7 MB
[runlim] sample:		1519.5 seconds, 765.6 MB
[runlim] sample:		1529.5 seconds, 748.4 MB
[runlim] sample:		1539.5 seconds, 755.0 MB
[runlim] sample:		1549.5 seconds, 740.2 MB
[runlim] sample:		1559.5 seconds, 760.9 MB
[runlim] sample:		1569.5 seconds, 738.4 MB
[runlim] sample:		1579.5 seconds, 763.6 MB
[runlim] sample:		1589.5 seconds, 733.4 MB
[runlim] sample:		1599.5 seconds, 724.5 MB
[runlim] sample:		1609.5 seconds, 709.2 MB
[runlim] sample:		1619.5 seconds, 709.2 MB
[runlim] sample:		1629.5 seconds, 725.1 MB
[runlim] sample:		1639.5 seconds, 712.9 MB
[runlim] sample:		1649.5 seconds, 705.4 MB
[runlim] sample:		1659.5 seconds, 711.0 MB
[runlim] sample:		1669.5 seconds, 716.4 MB
[runlim] sample:		1679.5 seconds, 737.2 MB
[runlim] sample:		1689.5 seconds, 715.4 MB
[runlim] sample:		1699.5 seconds, 709.2 MB
[runlim] sample:		1709.5 seconds, 694.5 MB
[runlim] sample:		1719.5 seconds, 689.9 MB
[runlim] sample:		1729.5 seconds, 683.7 MB
[runlim] sample:		1739.5 seconds, 678.5 MB
[runlim] sample:		1749.5 seconds, 675.4 MB
[runlim] sample:		1759.5 seconds, 694.7 MB
[runlim] sample:		1769.5 seconds, 718.4 MB
[runlim] sample:		1779.5 seconds, 718.4 MB
[runlim] sample:		1789.5 seconds, 719.2 MB
[runlim] sample:		1799.5 seconds, 719.5 MB
[runlim] sample:		1809.5 seconds, 761.1 MB
[runlim] sample:		1819.5 seconds, 758.3 MB
[runlim] sample:		1829.5 seconds, 746.3 MB
[runlim] sample:		1839.5 seconds, 712.1 MB
[runlim] sample:		1849.5 seconds, 709.8 MB
[runlim] sample:		1859.5 seconds, 731.2 MB
[runlim] sample:		1869.5 seconds, 731.2 MB
[runlim] sample:		1879.5 seconds, 716.1 MB
[runlim] sample:		1889.5 seconds, 702.6 MB
[runlim] sample:		1899.5 seconds, 694.8 MB
[runlim] sample:		1909.5 seconds, 697.2 MB
[runlim] sample:		1919.5 seconds, 697.1 MB
[runlim] sample:		1929.5 seconds, 708.2 MB
[runlim] sample:		1939.5 seconds, 707.6 MB
[runlim] sample:		1949.5 seconds, 701.8 MB
[runlim] sample:		1959.5 seconds, 719.1 MB
[runlim] sample:		1969.5 seconds, 717.1 MB
[runlim] sample:		1979.5 seconds, 709.1 MB
[runlim] sample:		1989.5 seconds, 685.8 MB
[runlim] sample:		1999.5 seconds, 707.0 MB
[runlim] sample:		2009.5 seconds, 697.8 MB
[runlim] sample:		2019.5 seconds, 684.6 MB
[runlim] sample:		2029.5 seconds, 684.1 MB
[runlim] sample:		2039.5 seconds, 697.5 MB
[runlim] sample:		2049.5 seconds, 697.6 MB
[runlim] sample:		2059.5 seconds, 689.9 MB
[runlim] sample:		2069.5 seconds, 687.8 MB
[runlim] sample:		2079.5 seconds, 686.6 MB
[runlim] sample:		2089.5 seconds, 689.9 MB
[runlim] sample:		2099.5 seconds, 689.8 MB
[runlim] sample:		2109.5 seconds, 691.9 MB
[runlim] sample:		2119.5 seconds, 726.9 MB
[runlim] sample:		2129.5 seconds, 725.1 MB
[runlim] sample:		2139.5 seconds, 742.9 MB
[runlim] sample:		2149.5 seconds, 742.9 MB
[runlim] sample:		2159.5 seconds, 735.8 MB
[runlim] sample:		2169.5 seconds, 712.9 MB
[runlim] sample:		2179.5 seconds, 712.6 MB
[runlim] sample:		2189.5 seconds, 703.9 MB
[runlim] sample:		2199.5 seconds, 700.6 MB
[runlim] sample:		2209.5 seconds, 707.1 MB
[runlim] sample:		2219.5 seconds, 749.5 MB
[runlim] sample:		2229.5 seconds, 743.5 MB
[runlim] sample:		2239.5 seconds, 770.7 MB
[runlim] sample:		2249.5 seconds, 770.7 MB
[runlim] sample:		2259.5 seconds, 729.5 MB
[runlim] sample:		2269.5 seconds, 716.9 MB
[runlim] sample:		2279.5 seconds, 701.1 MB
[runlim] sample:		2289.5 seconds, 700.4 MB
[runlim] sample:		2299.5 seconds, 697.4 MB
[runlim] sample:		2309.5 seconds, 696.1 MB
[runlim] sample:		2319.5 seconds, 695.4 MB
[runlim] sample:		2329.5 seconds, 730.1 MB
[runlim] sample:		2339.5 seconds, 730.1 MB
[runlim] sample:		2349.5 seconds, 739.6 MB
[runlim] sample:		2359.5 seconds, 712.9 MB
[runlim] sample:		2369.5 seconds, 703.1 MB
[runlim] sample:		2379.5 seconds, 707.2 MB
[runlim] sample:		2389.5 seconds, 707.1 MB
[runlim] sample:		2399.5 seconds, 700.6 MB
[runlim] sample:		2409.5 seconds, 693.1 MB
[runlim] sample:		2419.5 seconds, 692.9 MB
[runlim] sample:		2429.5 seconds, 716.3 MB
[runlim] sample:		2439.5 seconds, 716.3 MB
[runlim] sample:		2449.5 seconds, 725.1 MB
[runlim] sample:		2459.5 seconds, 707.6 MB
[runlim] sample:		2469.5 seconds, 686.6 MB
[runlim] sample:		2479.5 seconds, 707.0 MB
[runlim] sample:		2489.5 seconds, 706.9 MB
[runlim] sample:		2499.5 seconds, 729.0 MB
[runlim] sample:		2509.5 seconds, 743.0 MB
[runlim] sample:		2519.5 seconds, 743.0 MB
[runlim] sample:		2529.5 seconds, 745.6 MB
[runlim] sample:		2539.5 seconds, 738.6 MB
[runlim] sample:		2549.5 seconds, 719.4 MB
[runlim] sample:		2559.5 seconds, 705.4 MB
[runlim] sample:		2569.5 seconds, 707.2 MB
[runlim] sample:		2579.5 seconds, 705.1 MB
[runlim] sample:		2589.5 seconds, 704.6 MB
[runlim] sample:		2599.5 seconds, 707.2 MB
[runlim] sample:		2609.5 seconds, 704.5 MB
[runlim] sample:		2619.5 seconds, 704.5 MB
[runlim] sample:		2629.5 seconds, 730.3 MB
[runlim] sample:		2639.5 seconds, 730.3 MB
[runlim] sample:		2649.5 seconds, 725.6 MB
[runlim] sample:		2659.5 seconds, 711.4 MB
[runlim] sample:		2669.5 seconds, 705.7 MB
[runlim] sample:		2679.5 seconds, 716.3 MB
[runlim] sample:		2689.5 seconds, 716.3 MB
[runlim] sample:		2699.5 seconds, 724.0 MB
[runlim] sample:		2709.5 seconds, 715.2 MB
[runlim] sample:		2719.5 seconds, 714.8 MB
[runlim] sample:		2729.5 seconds, 729.0 MB
[runlim] sample:		2739.5 seconds, 741.0 MB
[runlim] sample:		2749.5 seconds, 730.4 MB
[runlim] sample:		2759.5 seconds, 712.9 MB
[runlim] sample:		2769.5 seconds, 709.7 MB
[runlim] sample:		2779.5 seconds, 703.4 MB
[runlim] sample:		2789.5 seconds, 703.4 MB
[runlim] sample:		2799.5 seconds, 706.8 MB
[runlim] sample:		2809.5 seconds, 704.9 MB
[runlim] sample:		2819.5 seconds, 745.3 MB
[runlim] sample:		2829.5 seconds, 745.3 MB
[runlim] sample:		2839.5 seconds, 739.1 MB
[runlim] sample:		2849.5 seconds, 705.9 MB
[runlim] sample:		2859.5 seconds, 705.7 MB
[runlim] sample:		2869.5 seconds, 705.7 MB
[runlim] sample:		2879.5 seconds, 725.8 MB
[runlim] sample:		2889.5 seconds, 725.8 MB
[runlim] sample:		2899.5 seconds, 729.1 MB
[runlim] sample:		2909.5 seconds, 729.1 MB
[runlim] sample:		2919.5 seconds, 711.2 MB
[runlim] sample:		2929.5 seconds, 697.7 MB
[runlim] sample:		2939.5 seconds, 697.7 MB
[runlim] sample:		2949.5 seconds, 716.5 MB
[runlim] sample:		2959.5 seconds, 715.9 MB
[runlim] sample:		2969.5 seconds, 716.5 MB
[runlim] sample:		2979.5 seconds, 702.2 MB
[runlim] sample:		2989.5 seconds, 701.7 MB
[runlim] sample:		2999.5 seconds, 716.4 MB
[runlim] sample:		3009.5 seconds, 716.2 MB
[runlim] sample:		3019.5 seconds, 738.4 MB
[runlim] sample:		3029.5 seconds, 728.7 MB
[runlim] sample:		3039.5 seconds, 737.9 MB
[runlim] sample:		3049.5 seconds, 716.4 MB
[runlim] sample:		3059.5 seconds, 715.7 MB
[runlim] sample:		3069.5 seconds, 707.3 MB
[runlim] sample:		3079.5 seconds, 707.2 MB
[runlim] sample:		3089.5 seconds, 702.9 MB
[runlim] sample:		3099.5 seconds, 707.1 MB
[runlim] sample:		3109.5 seconds, 707.1 MB
[runlim] sample:		3119.5 seconds, 726.3 MB
[runlim] sample:		3129.5 seconds, 726.2 MB
[runlim] sample:		3139.5 seconds, 729.0 MB
[runlim] sample:		3149.5 seconds, 711.6 MB
[runlim] sample:		3159.5 seconds, 711.6 MB
[runlim] sample:		3169.5 seconds, 715.3 MB
[runlim] sample:		3179.5 seconds, 719.0 MB
[runlim] sample:		3189.5 seconds, 739.8 MB
[runlim] sample:		3199.5 seconds, 734.7 MB
[runlim] sample:		3209.5 seconds, 728.7 MB
[runlim] sample:		3219.5 seconds, 734.5 MB
[runlim] sample:		3229.5 seconds, 734.5 MB
[runlim] sample:		3239.5 seconds, 726.3 MB
[runlim] sample:		3249.5 seconds, 725.4 MB
[runlim] sample:		3259.5 seconds, 701.7 MB
[runlim] sample:		3269.5 seconds, 698.7 MB
[runlim] sample:		3279.5 seconds, 697.2 MB
[runlim] sample:		3289.5 seconds, 697.5 MB
[runlim] sample:		3299.5 seconds, 697.5 MB
[runlim] sample:		3309.5 seconds, 749.1 MB
[runlim] sample:		3319.5 seconds, 749.1 MB
[runlim] sample:		3329.5 seconds, 756.5 MB
[runlim] sample:		3339.5 seconds, 715.9 MB
[runlim] sample:		3349.5 seconds, 713.9 MB
[runlim] sample:		3359.5 seconds, 707.9 MB
[runlim] sample:		3369.5 seconds, 707.7 MB
[runlim] sample:		3379.5 seconds, 705.2 MB
[runlim] sample:		3389.5 seconds, 704.9 MB
[runlim] sample:		3399.5 seconds, 704.9 MB
[runlim] sample:		3409.5 seconds, 704.2 MB
[runlim] sample:		3419.5 seconds, 706.8 MB
[runlim] sample:		3429.5 seconds, 706.8 MB
[runlim] sample:		3439.5 seconds, 743.5 MB
[runlim] sample:		3449.5 seconds, 743.5 MB
[runlim] sample:		3459.5 seconds, 733.7 MB
[runlim] sample:		3469.5 seconds, 703.2 MB
[runlim] sample:		3479.5 seconds, 711.9 MB
[runlim] sample:		3489.5 seconds, 725.2 MB
[runlim] sample:		3499.5 seconds, 723.2 MB
[runlim] sample:		3509.5 seconds, 717.7 MB
[runlim] sample:		3519.5 seconds, 712.4 MB
[runlim] sample:		3529.5 seconds, 718.2 MB
[runlim] sample:		3539.5 seconds, 724.4 MB
[runlim] sample:		3549.5 seconds, 724.4 MB
[runlim] sample:		3559.5 seconds, 737.4 MB
[runlim] sample:		3569.5 seconds, 737.4 MB
[runlim] sample:		3579.5 seconds, 722.9 MB
[runlim] sample:		3589.5 seconds, 722.9 MB
[runlim] sample:		3599.5 seconds, 721.7 MB
[runlim] end:			Sat Oct  5 06:37:35 2019
[runlim] status:		out of time
[runlim] result:		1
[runlim] children:		0
[runlim] real:			3571.14 seconds
[runlim] time:			3600.07 seconds
[runlim] space:			1078.8 MB
[runlim] samples:		35706
