# instance ../../../instances/fattree-bcube/Fattree_n8_k2_bw10_cpu16.pn
# Settings: PN=../../../instances/fattree-bcube/Fattree_n8_k2_bw10_cpu16.pn, VN=../../../instances/fattree-bcube/instance_list_9vm_rnd.txt, multi-thread=True
init 0.006104 0.006104
1 0.55118 0.557284
2 0.39975 0.957141
3 0.566641 1.523878
4 0.36317 1.887165
5 0.5527 2.439968
6 0.367232 2.807314
7 0.414837 3.222244
8 0.563598 3.785946
9 0.48709 4.273147
10 0.434848 4.708094
11 0.555769 5.263968
12 0.397678 5.661757
13 0.55737 6.219227
14 0.674519 6.89386
15 0.439817 7.333796
16 0.659401 7.993306
17 0.537265 8.530686
18 0.489506 9.020291
19 0.58684 9.607231
20 0.598723 10.206066
21 0.581023 10.787199
22 0.590934 11.378245
23 0.53165 11.910007
24 0.672259 12.582365
25 0.438495 13.020979
26 0.56849 13.589582
27 0.489894 14.079589
28 0.585349 14.665036
29 0.608496 15.273641
30 0.59742 15.871172
31 0.447807 16.319093
32 0.349727 16.668925
33 0.389892 17.058911
34 0.440425 17.499432
35 0.449769 17.949307
36 0.585813 18.535225
37 0.455336 18.990689
38 0.632789 19.623592
39 0.633592 20.257302
40 0.604667 20.862082
41 0.583059 21.445253
42 0.566578 22.011947
43 0.409154 22.42122
44 0.587386 23.008711
45 0.545573 23.554396
46 0.448341 24.002852
47 0.586316 24.589267
48 0.452044 25.041424
49 0.677115 25.718647
50 0.545666 26.26443
51 0.466424 26.730954
52 0.610154 27.341213
53 0.368235 27.70956
54 0.5147 28.224354
55 0.357754 28.582206
56 0.607446 29.189752
57 0.574407 29.764272
58 0.646518 30.4109
59 0.423028 30.834049
60 0.559909 31.394065
61 0.630353 32.024527
62 0.440726 32.465364
63 0.490346 32.955821
64 0.437214 33.393148
65 0.514526 33.907784
66 0.583916 34.491806
67 0.623462 35.115386
68 0.642503 35.758003
69 0.401018 36.159138
70 0.619385 36.778627
71 0.641778 37.42052
72 0.643656 38.06429
73 0.597883 38.662287
74 0.642777 39.305177
75 0.591727 39.897018
76 0.609824 40.506958
77 0.471434 40.978511
78 0.545117 41.523735
79 0.502867 42.026712
80 0.627981 42.654807
81 0.677487 43.332415
82 0.608781 43.941319
83 0.474637 44.416076
84 0.790821 45.207011
85 0.653155 45.860296
86 0.644191 46.504614
87 0.366297 46.871032
88 0.454655 47.32579
89 0.573648 47.899555
90 0.530931 48.430607
91 0.523158 48.953869
92 0.480859 49.434834
93 0.61811 50.053059
94 0.624164 50.677334
95 0.474868 51.152315
96 0.50897 51.661402
97 0.545158 52.206669
98 0.3557 52.562478
99 0.559134 53.121709
100 0.605192 53.727011
101 0.409745 54.136868
102 0.443 54.579973
103 0.597611 55.177687
104 0.584639 55.762438
105 0.408646 56.1712
106 0.611854 56.783164
107 0.435069 57.218366
108 0.609468 57.827948
109 0.64327 58.471336
110 0.643129 59.114587
111 0.525321 59.640031
112 0.636094 60.276232
113 0.736045 61.012392
114 0.375764 61.38827
115 0.549052 61.937415
116 0.740984 62.678512
117 0.491854 63.170482
118 0.437349 63.607937
119 0.608113 64.216149
120 0.434095 64.650355
121 0.559212 65.209675
122 0.566327 65.776112
123 0.474171 66.250393
124 0.616664 66.867165
125 0.443427 67.310702
126 0.401879 67.712679
127 0.558075 68.270852
128 0.560921 68.831891
129 0.573471 69.405476
130 0.404119 69.809705
131 0.473441 70.283242
132 0.677691 70.961089
133 0.750125 71.711335
134 0.544879 72.256335
135 0.63397 72.890417
136 0.732066 73.622605
137 0.642544 74.265277
138 0.741602 75.007002
139 0.490624 75.497748
140 0.642093 76.139956
141 0.649061 76.789136
142 0.649724 77.438981
143 0.66594 78.105037
144 0.492511 78.597669
145 0.438088 79.035865
146 0.472265 79.508238
147 0.46463 79.97298
148 0.603732 80.576808
149 0.723327 81.30025
150 0.63611 81.936482
151 0.63991 82.576509
152 0.615423 83.192047
153 0.472037 83.6642
154 0.557019 84.22133
155 0.52684 84.748289
156 0.527753 85.276162
157 0.603578 85.879846
158 0.613521 86.493485
159 0.613621 87.107221
160 0.615076 87.722415
161 0.6253 88.347834
162 0.466996 88.814946
163 0.547682 89.362742
164 0.552191 89.915045
165 0.592099 90.507273
166 0.696024 91.203414
167 0.585789 91.789322
168 0.553346 92.342787
169 0.620933 92.963837
170 0.485168 93.44912
171 0.560184 94.009409
172 0.555342 94.564868
173 0.701384 95.266369
174 0.611183 95.877682
175 0.461351 96.339157
176 0.597835 96.937147
177 0.510698 97.447963
178 0.533646 97.981725
179 0.606895 98.588733
180 0.466073 99.054923
181 0.583644 99.638679
182 0.502473 100.141269
183 0.604066 100.745447
184 0.595597 101.341159
185 0.359349 101.700628
186 0.583719 102.284448
187 0.607844 102.892408
188 0.59727 103.489792
189 0.617557 104.107465
190 0.687209 104.794807
191 0.58717 105.382099
192 0.599835 105.982052
193 0.682378 106.664548
194 0.607122 107.271796
195 0.550498 107.822416
196 0.658105 108.480679
197 0.606215 109.087014
198 0.551594 109.638816
199 0.542047 110.180978
200 0.584124 110.765219
201 0.499532 111.26487
202 0.53545 111.800432
203 0.670491 112.471044
204 0.686117 113.157296
205 0.68989 113.847311
206 0.583166 114.430593
207 0.584288 115.014996
208 0.541365 115.556486
209 0.528874 116.085474
210 0.579446 116.665033
211 0.580913 117.246062
212 0.44588 117.692055
213 0.517949 118.210117
214 0.559006 118.769243
