# instance ../../../instances/fattree-bcube/BCube_n12_k2_bw10_cpu16.pn
# Settings: PN=../../../instances/fattree-bcube/BCube_n12_k2_bw10_cpu16.pn, VN=../../../instances/fattree-bcube/instance_list_15vm_rnd.txt, multi-thread=True
init 0.085459 0.085459
1 18.869176 18.954635
2 17.292888 36.247661
3 17.257337 53.505145
4 17.198412 70.703696
5 15.427939 86.131776
6 18.167955 104.299879
7 19.690847 123.990866
8 18.55526 142.546271
9 16.493988 159.040432
10 15.618736 174.659313
11 18.509609 193.169066
12 19.534611 212.70382
13 18.773546 231.477508
14 18.544191 250.021851
15 18.553672 268.575654
16 18.542104 287.117897
17 18.492783 305.610815
18 16.296907 321.907867
19 17.019934 338.927944
20 20.274646 359.202724
21 20.520084 379.722943
22 17.962467 397.685549
23 22.706472 420.392159
24 18.845151 439.237451
25 20.230379 459.467963
26 21.612212 481.080317
27 20.661102 501.741556
28 22.656686 524.39838
29 18.055952 542.454467
30 18.60423 561.058831
31 22.68386 583.742825
32 17.232753 600.975716
33 16.499203 617.47506
34 16.99579 634.470992
35 16.31798 650.789112
36 19.881518 670.670772
37 16.985504 687.656422
38 17.261738 704.918304
39 14.871878 719.790332
40 17.031702 736.822177
41 17.986682 754.809027
42 17.318177 772.127344
43 15.746369 787.873851
44 15.903863 803.777857
45 14.939801 818.717797
46 15.322133 834.040074
47 16.00257 850.042787
48 15.256957 865.299884
49 15.202206 880.502235
50 14.714308 895.216708
51 16.138773 911.355626
52 14.867592 926.223358
53 15.056405 941.279909
54 19.174251 960.454301
55 17.592957 978.047428
56 15.710557 993.758127
57 16.144001 1009.902272
58 17.49247 1027.394915
59 16.253811 1043.64887
60 17.358175 1061.007192
61 15.778808 1076.786141
62 17.191598 1093.977885
63 16.320859 1110.29889
64 17.33877 1127.637802
65 17.489442 1145.127389
66 14.321804 1159.449347
67 14.490732 1173.940224
68 17.106262 1191.046628
69 16.349669 1207.396441
70 14.625571 1222.022158
71 15.287992 1237.31029
72 18.686456 1255.996939
73 15.757351 1271.754434
74 17.12318 1288.877763
75 16.352825 1305.230736
76 15.575686 1320.806572
77 16.010898 1336.81761
78 19.115152 1355.932904
79 17.917092 1373.850144
80 18.667904 1392.518192
81 16.450264 1408.968624
82 17.332162 1426.300931
83 16.326421 1442.627501
84 17.327588 1459.95523
85 19.457903 1479.413279
86 18.694837 1498.108262
87 19.235082 1517.343491
88 19.534546 1536.878183
89 19.060611 1555.938964
90 15.688465 1571.62758
91 18.691174 1590.318899
92 16.227003 1606.546044
93 14.052364 1620.598554
94 19.373897 1639.972591
95 15.953683 1655.926417
96 16.120622 1672.047181
97 14.955152 1687.002475
98 14.984294 1701.986916
99 14.626707 1716.613765
100 17.456052 1734.069965
101 16.44291 1750.513021
102 18.662704 1769.175868
103 19.684162 1788.860176
104 16.519097 1805.379417
105 17.704472 1823.084038
106 17.678331 1840.762508
107 16.154489 1856.91714
108 14.946111 1871.8634
109 17.61241 1889.47595
110 15.517278 1904.993375
111 17.41219 1922.405713
112 16.53397 1938.939824
113 16.08075 1955.020719
114 16.286767 1971.307636
115 15.144973 1986.452756
116 15.416442 2001.869343
117 16.309795 2018.17928
118 14.870309 2033.049736
119 16.060014 2049.109891
120 15.104505 2064.21454
121 17.323839 2081.538523
122 17.669015 2099.20768
123 19.643751 2118.851576
124 15.214099 2134.065817
125 16.295687 2150.361641
126 15.392052 2165.753837
127 17.430158 2183.184145
128 19.872823 2203.057117
129 19.675819 2222.733082
130 15.976712 2238.709933
131 16.275831 2254.985911
132 14.91837 2269.90443
133 16.358432 2286.262998
134 19.50452 2305.767661
135 16.45688 2322.224697
136 16.357187 2338.582024
137 16.241964 2354.824129
138 15.601585 2370.425859
139 15.421435 2385.847437
140 18.941075 2404.788657
141 16.509886 2421.298687
142 15.535907 2436.834735
143 17.430004 2454.264884
144 18.009175 2472.274201
145 19.516552 2491.790923
146 16.414275 2508.205338
147 16.391584 2524.597071
148 16.405734 2541.002946
149 15.926201 2556.929293
150 16.319062 2573.248506
151 16.385655 2589.634303
152 19.624221 2609.258712
153 15.454418 2624.713275
154 15.385619 2640.09904
155 18.928436 2659.027619
156 15.979667 2675.007432
157 19.26352 2694.271123
158 15.989289 2710.260555
159 16.23533 2726.496032
160 15.738717 2742.234896
161 15.391014 2757.62604
162 17.653569 2775.279755
163 19.606897 2794.8868
164 15.973647 2810.860589
165 15.556912 2826.417645
166 16.248463 2842.66625
167 19.070644 2861.737062
168 16.463866 2878.201074
169 15.015696 2893.216914
170 16.203987 2909.421042
171 17.436589 2926.857781
172 16.294183 2943.15211
173 16.321822 2959.474076
174 17.848131 2977.322353
175 19.061282 2996.383787
176 16.347681 3012.731613
177 16.338207 3029.069964
178 16.404898 3045.475007
179 15.714617 3061.18977
180 17.369189 3078.559106
181 17.685801 3096.245052
182 17.70593 3113.951125
183 15.806636 3129.757902
184 19.305713 3149.063759
185 15.944088 3165.007993
186 17.463501 3182.471642
187 18.106965 3200.578751
188 17.428756 3218.00765
189 15.11546 3233.123254
190 14.970562 3248.093959
191 17.524543 3265.618648
192 19.629574 3285.248384
193 17.779362 3303.027892
194 15.71814 3318.746179
195 16.30623 3335.052577
196 15.735524 3350.788247
197 16.043597 3366.83199
198 15.191422 3382.023559
199 18.99049 3401.014196
200 17.607555 3418.621915
201 15.158861 3433.780918
202 19.606395 3453.387454
203 15.291643 3468.679249
204 17.316125 3485.995518
205 16.351586 3502.347246
206 19.662161 3522.009552
207 15.515625 3537.525323
208 17.199513 3554.724982
