[runlim] version:		1.7
[runlim] time limit:		3600 seconds
[runlim] real time limit:	311040000 seconds
[runlim] space limit:		80000 MB
[runlim] argv[0]:		python3.6
[runlim] argv[1]:		./netsolver-gurobi-mod.py
[runlim] argv[2]:		../../../instances/fattree-bcube/BCube_n12_k2_bw10_cpu16.pn
[runlim] argv[3]:		../../../instances/fattree-bcube/instance_list_6vm_rnd.txt
[runlim] argv[4]:		False
[runlim] argv[5]:		True
[runlim] argv[6]:		timelogs/results.BCube_n12_k2_bw10_cpu16.pn.instance_list_6vm_rnd.txt.log
[runlim] start:			Sat Oct  5 02:42:34 2019
[runlim] main pid:		30353
Academic license - for non-commercial use only
[runlim] sample:		10.0 seconds, 180.8 MB
[runlim] sample:		20.0 seconds, 197.0 MB
[runlim] sample:		30.0 seconds, 187.4 MB
[runlim] sample:		40.0 seconds, 200.6 MB
[runlim] sample:		50.0 seconds, 175.4 MB
[runlim] sample:		60.0 seconds, 203.4 MB
[runlim] sample:		70.0 seconds, 204.4 MB
[runlim] sample:		80.0 seconds, 201.5 MB
[runlim] sample:		90.0 seconds, 179.8 MB
[runlim] sample:		100.0 seconds, 189.4 MB
[runlim] sample:		110.0 seconds, 190.3 MB
[runlim] sample:		120.0 seconds, 207.8 MB
[runlim] sample:		130.0 seconds, 178.8 MB
[runlim] sample:		140.0 seconds, 176.5 MB
[runlim] sample:		150.0 seconds, 192.9 MB
[runlim] sample:		160.0 seconds, 190.2 MB
[runlim] sample:		170.0 seconds, 214.8 MB
[runlim] sample:		180.0 seconds, 205.2 MB
[runlim] sample:		190.0 seconds, 205.9 MB
[runlim] sample:		200.0 seconds, 205.9 MB
[runlim] sample:		210.0 seconds, 189.0 MB
[runlim] sample:		220.0 seconds, 206.3 MB
[runlim] sample:		230.0 seconds, 201.6 MB
[runlim] sample:		240.0 seconds, 205.7 MB
[runlim] sample:		250.0 seconds, 208.9 MB
[runlim] sample:		260.0 seconds, 209.0 MB
[runlim] sample:		270.0 seconds, 206.7 MB
[runlim] sample:		280.0 seconds, 188.6 MB
[runlim] sample:		290.0 seconds, 195.3 MB
[runlim] sample:		300.0 seconds, 195.3 MB
[runlim] sample:		310.0 seconds, 198.9 MB
[runlim] sample:		320.0 seconds, 199.3 MB
[runlim] sample:		330.0 seconds, 196.8 MB
[runlim] sample:		340.0 seconds, 199.1 MB
[runlim] sample:		350.0 seconds, 199.1 MB
[runlim] sample:		360.0 seconds, 216.4 MB
[runlim] sample:		370.0 seconds, 209.5 MB
[runlim] sample:		380.0 seconds, 208.5 MB
[runlim] sample:		390.0 seconds, 209.4 MB
[runlim] sample:		400.0 seconds, 207.9 MB
[runlim] sample:		410.0 seconds, 206.9 MB
[runlim] sample:		420.0 seconds, 193.8 MB
[runlim] sample:		430.0 seconds, 193.3 MB
[runlim] sample:		440.0 seconds, 193.0 MB
[runlim] sample:		451.1 seconds, 255.8 MB
[runlim] sample:		462.4 seconds, 234.2 MB
[runlim] sample:		473.4 seconds, 238.8 MB
[runlim] sample:		484.4 seconds, 219.4 MB
[runlim] sample:		495.1 seconds, 234.0 MB
[runlim] sample:		505.9 seconds, 211.9 MB
[runlim] sample:		517.3 seconds, 240.2 MB
[runlim] sample:		527.9 seconds, 233.8 MB
[runlim] sample:		538.5 seconds, 247.4 MB
[runlim] sample:		548.5 seconds, 225.0 MB
[runlim] sample:		558.5 seconds, 224.8 MB
[runlim] sample:		569.6 seconds, 216.3 MB
[runlim] sample:		581.1 seconds, 239.7 MB
[runlim] sample:		591.9 seconds, 242.6 MB
[runlim] sample:		603.0 seconds, 240.2 MB
[runlim] sample:		613.5 seconds, 216.7 MB
[runlim] sample:		624.8 seconds, 207.8 MB
[runlim] sample:		635.3 seconds, 216.5 MB
[runlim] sample:		645.9 seconds, 218.0 MB
[runlim] sample:		657.2 seconds, 219.6 MB
[runlim] sample:		668.7 seconds, 228.2 MB
[runlim] sample:		679.3 seconds, 242.8 MB
[runlim] sample:		689.9 seconds, 228.4 MB
[runlim] sample:		701.2 seconds, 262.8 MB
[runlim] sample:		712.5 seconds, 220.4 MB
[runlim] sample:		723.7 seconds, 227.3 MB
[runlim] sample:		734.6 seconds, 269.0 MB
[runlim] sample:		745.7 seconds, 222.8 MB
[runlim] sample:		756.4 seconds, 236.2 MB
[runlim] sample:		767.6 seconds, 220.9 MB
[runlim] sample:		778.5 seconds, 203.7 MB
[runlim] sample:		790.0 seconds, 237.0 MB
[runlim] sample:		800.7 seconds, 237.1 MB
[runlim] sample:		811.8 seconds, 214.1 MB
[runlim] sample:		823.0 seconds, 230.8 MB
[runlim] sample:		833.7 seconds, 291.4 MB
[runlim] sample:		844.7 seconds, 241.9 MB
[runlim] sample:		856.1 seconds, 230.7 MB
[runlim] sample:		866.9 seconds, 248.1 MB
[runlim] sample:		877.4 seconds, 238.2 MB
[runlim] sample:		887.4 seconds, 237.7 MB
[runlim] sample:		898.5 seconds, 238.2 MB
[runlim] sample:		909.0 seconds, 243.7 MB
[runlim] sample:		920.6 seconds, 244.5 MB
[runlim] sample:		931.9 seconds, 220.3 MB
[runlim] sample:		942.4 seconds, 241.7 MB
[runlim] sample:		953.0 seconds, 220.2 MB
[runlim] sample:		964.0 seconds, 219.9 MB
[runlim] sample:		975.5 seconds, 252.0 MB
[runlim] sample:		986.8 seconds, 243.0 MB
[runlim] sample:		997.4 seconds, 219.2 MB
[runlim] sample:		1008.7 seconds, 218.6 MB
[runlim] sample:		1019.8 seconds, 220.3 MB
[runlim] sample:		1031.0 seconds, 241.9 MB
[runlim] sample:		1042.3 seconds, 219.5 MB
[runlim] sample:		1052.6 seconds, 223.9 MB
[runlim] sample:		1063.9 seconds, 242.8 MB
[runlim] sample:		1074.6 seconds, 241.5 MB
[runlim] sample:		1085.8 seconds, 263.4 MB
[runlim] sample:		1096.7 seconds, 288.4 MB
[runlim] sample:		1107.9 seconds, 222.2 MB
[runlim] sample:		1118.6 seconds, 217.6 MB
[runlim] sample:		1129.2 seconds, 241.7 MB
[runlim] sample:		1139.7 seconds, 219.9 MB
[runlim] sample:		1151.1 seconds, 245.1 MB
[runlim] sample:		1162.3 seconds, 242.4 MB
[runlim] sample:		1173.0 seconds, 235.7 MB
[runlim] sample:		1183.7 seconds, 243.3 MB
[runlim] sample:		1195.1 seconds, 241.7 MB
[runlim] sample:		1206.1 seconds, 220.9 MB
[runlim] sample:		1217.1 seconds, 208.9 MB
[runlim] sample:		1227.6 seconds, 205.7 MB
[runlim] sample:		1238.7 seconds, 222.9 MB
[runlim] sample:		1249.8 seconds, 241.7 MB
[runlim] sample:		1260.3 seconds, 303.6 MB
[runlim] sample:		1271.2 seconds, 251.4 MB
[runlim] sample:		1282.5 seconds, 242.1 MB
[runlim] sample:		1293.6 seconds, 246.6 MB
[runlim] sample:		1304.2 seconds, 242.8 MB
[runlim] sample:		1315.4 seconds, 240.3 MB
[runlim] sample:		1325.9 seconds, 233.7 MB
[runlim] sample:		1337.2 seconds, 231.7 MB
[runlim] sample:		1347.9 seconds, 238.4 MB
[runlim] sample:		1358.4 seconds, 249.7 MB
[runlim] sample:		1369.6 seconds, 245.2 MB
[runlim] sample:		1380.2 seconds, 259.3 MB
[runlim] sample:		1390.8 seconds, 226.1 MB
[runlim] sample:		1402.0 seconds, 243.0 MB
[runlim] sample:		1413.2 seconds, 240.3 MB
[runlim] sample:		1424.3 seconds, 273.5 MB
[runlim] sample:		1435.2 seconds, 264.5 MB
[runlim] sample:		1445.9 seconds, 246.1 MB
[runlim] sample:		1457.3 seconds, 271.9 MB
[runlim] sample:		1467.8 seconds, 244.5 MB
[runlim] sample:		1479.1 seconds, 228.8 MB
[runlim] sample:		1489.7 seconds, 247.4 MB
[runlim] sample:		1500.3 seconds, 257.4 MB
[runlim] sample:		1510.9 seconds, 223.4 MB
[runlim] sample:		1521.4 seconds, 225.4 MB
[runlim] sample:		1532.1 seconds, 240.9 MB
[runlim] sample:		1542.9 seconds, 251.1 MB
[runlim] sample:		1554.2 seconds, 248.0 MB
[runlim] sample:		1565.0 seconds, 244.5 MB
[runlim] sample:		1576.3 seconds, 226.4 MB
[runlim] sample:		1587.4 seconds, 262.2 MB
[runlim] sample:		1598.1 seconds, 241.3 MB
[runlim] sample:		1609.5 seconds, 256.9 MB
[runlim] sample:		1619.5 seconds, 250.6 MB
[runlim] sample:		1630.8 seconds, 222.7 MB
[runlim] sample:		1641.5 seconds, 247.1 MB
[runlim] sample:		1652.1 seconds, 225.0 MB
[runlim] sample:		1663.6 seconds, 230.1 MB
[runlim] sample:		1673.6 seconds, 229.9 MB
[runlim] sample:		1684.7 seconds, 255.8 MB
[runlim] sample:		1695.2 seconds, 219.6 MB
[runlim] sample:		1705.8 seconds, 258.0 MB
[runlim] sample:		1717.2 seconds, 221.8 MB
[runlim] sample:		1728.7 seconds, 227.0 MB
[runlim] sample:		1739.2 seconds, 226.4 MB
[runlim] sample:		1750.7 seconds, 240.6 MB
[runlim] sample:		1761.3 seconds, 256.4 MB
[runlim] sample:		1772.2 seconds, 244.5 MB
[runlim] sample:		1783.7 seconds, 258.5 MB
[runlim] sample:		1794.7 seconds, 249.9 MB
[runlim] sample:		1805.3 seconds, 239.5 MB
[runlim] sample:		1816.0 seconds, 262.6 MB
[runlim] sample:		1827.3 seconds, 228.9 MB
[runlim] sample:		1838.0 seconds, 264.4 MB
[runlim] sample:		1848.7 seconds, 240.7 MB
[runlim] sample:		1860.0 seconds, 226.3 MB
[runlim] sample:		1870.7 seconds, 242.2 MB
[runlim] sample:		1882.2 seconds, 241.8 MB
[runlim] sample:		1893.7 seconds, 301.0 MB
[runlim] sample:		1904.2 seconds, 313.1 MB
[runlim] sample:		1915.1 seconds, 251.6 MB
[runlim] sample:		1925.9 seconds, 248.0 MB
[runlim] sample:		1936.4 seconds, 244.3 MB
[runlim] sample:		1947.7 seconds, 251.0 MB
[runlim] sample:		1958.9 seconds, 224.5 MB
[runlim] sample:		1969.5 seconds, 253.7 MB
[runlim] sample:		1980.7 seconds, 249.5 MB
[runlim] sample:		1991.8 seconds, 210.2 MB
[runlim] sample:		2003.3 seconds, 231.9 MB
[runlim] sample:		2013.9 seconds, 246.4 MB
[runlim] sample:		2024.5 seconds, 248.2 MB
[runlim] sample:		2035.8 seconds, 248.2 MB
[runlim] sample:		2047.0 seconds, 322.2 MB
[runlim] sample:		2057.8 seconds, 243.5 MB
[runlim] sample:		2068.4 seconds, 227.1 MB
[runlim] sample:		2079.0 seconds, 226.6 MB
[runlim] sample:		2089.7 seconds, 247.7 MB
[runlim] sample:		2100.7 seconds, 246.7 MB
[runlim] sample:		2111.4 seconds, 248.0 MB
[runlim] sample:		2122.8 seconds, 226.6 MB
[runlim] sample:		2134.3 seconds, 237.2 MB
[runlim] sample:		2144.3 seconds, 236.5 MB
[runlim] sample:		2155.4 seconds, 228.1 MB
[runlim] sample:		2166.6 seconds, 228.2 MB
[runlim] sample:		2177.2 seconds, 242.4 MB
[runlim] sample:		2188.7 seconds, 248.6 MB
[runlim] sample:		2199.5 seconds, 248.1 MB
[runlim] sample:		2210.6 seconds, 249.1 MB
[runlim] sample:		2221.0 seconds, 222.1 MB
[runlim] sample:		2232.3 seconds, 266.7 MB
[runlim] sample:		2242.9 seconds, 295.5 MB
[runlim] sample:		2254.2 seconds, 243.6 MB
[runlim] sample:		2265.4 seconds, 232.1 MB
[runlim] sample:		2275.9 seconds, 252.6 MB
[runlim] sample:		2287.0 seconds, 227.8 MB
[runlim] sample:		2297.6 seconds, 224.2 MB
[runlim] sample:		2308.1 seconds, 230.9 MB
[runlim] sample:		2319.6 seconds, 227.6 MB
[runlim] sample:		2330.4 seconds, 226.5 MB
[runlim] sample:		2341.7 seconds, 227.4 MB
[runlim] sample:		2353.2 seconds, 237.4 MB
[runlim] sample:		2363.6 seconds, 228.4 MB
[runlim] sample:		2374.2 seconds, 223.2 MB
[runlim] sample:		2384.7 seconds, 227.1 MB
[runlim] sample:		2396.0 seconds, 271.8 MB
[runlim] sample:		2407.2 seconds, 225.2 MB
[runlim] sample:		2417.8 seconds, 246.9 MB
[runlim] sample:		2429.3 seconds, 227.4 MB
[runlim] sample:		2440.7 seconds, 258.6 MB
[runlim] sample:		2451.4 seconds, 240.5 MB
[runlim] sample:		2462.5 seconds, 242.2 MB
[runlim] sample:		2473.3 seconds, 256.1 MB
[runlim] sample:		2484.0 seconds, 221.1 MB
[runlim] sample:		2494.6 seconds, 226.0 MB
[runlim] sample:		2506.0 seconds, 265.5 MB
[runlim] sample:		2516.6 seconds, 242.6 MB
[runlim] sample:		2528.1 seconds, 227.5 MB
[runlim] sample:		2538.7 seconds, 248.1 MB
[runlim] sample:		2549.3 seconds, 241.6 MB
[runlim] sample:		2560.7 seconds, 227.1 MB
[runlim] sample:		2571.9 seconds, 227.8 MB
[runlim] sample:		2582.5 seconds, 225.5 MB
[runlim] sample:		2593.7 seconds, 220.5 MB
[runlim] sample:		2604.3 seconds, 226.9 MB
[runlim] sample:		2614.8 seconds, 226.8 MB
[runlim] sample:		2625.9 seconds, 225.4 MB
[runlim] sample:		2637.0 seconds, 226.9 MB
[runlim] sample:		2647.8 seconds, 226.0 MB
[runlim] sample:		2658.3 seconds, 225.6 MB
[runlim] sample:		2668.8 seconds, 207.6 MB
[runlim] sample:		2679.3 seconds, 225.5 MB
[runlim] sample:		2690.5 seconds, 227.0 MB
[runlim] sample:		2701.8 seconds, 282.1 MB
[runlim] sample:		2712.6 seconds, 227.1 MB
[runlim] sample:		2723.4 seconds, 225.9 MB
[runlim] sample:		2733.9 seconds, 226.8 MB
[runlim] sample:		2744.6 seconds, 243.9 MB
[runlim] sample:		2755.2 seconds, 222.9 MB
[runlim] sample:		2765.6 seconds, 219.9 MB
[runlim] sample:		2776.9 seconds, 246.8 MB
[runlim] sample:		2787.5 seconds, 246.3 MB
[runlim] sample:		2798.8 seconds, 243.6 MB
[runlim] sample:		2809.6 seconds, 247.0 MB
[runlim] sample:		2820.8 seconds, 329.9 MB
[runlim] sample:		2831.3 seconds, 204.5 MB
[runlim] sample:		2841.7 seconds, 207.3 MB
[runlim] sample:		2852.8 seconds, 218.9 MB
[runlim] sample:		2863.5 seconds, 262.5 MB
[runlim] sample:		2874.2 seconds, 220.1 MB
[runlim] sample:		2885.4 seconds, 225.3 MB
[runlim] sample:		2896.3 seconds, 217.4 MB
[runlim] sample:		2907.7 seconds, 248.2 MB
[runlim] sample:		2918.3 seconds, 228.2 MB
[runlim] sample:		2929.4 seconds, 247.1 MB
[runlim] sample:		2940.5 seconds, 240.5 MB
[runlim] sample:		2951.0 seconds, 237.2 MB
[runlim] sample:		2962.0 seconds, 229.6 MB
[runlim] sample:		2972.0 seconds, 229.3 MB
[runlim] sample:		2982.6 seconds, 241.9 MB
[runlim] sample:		2993.3 seconds, 281.9 MB
[runlim] sample:		3003.7 seconds, 224.7 MB
[runlim] sample:		3015.0 seconds, 244.5 MB
[runlim] sample:		3026.1 seconds, 251.0 MB
[runlim] sample:		3036.7 seconds, 227.0 MB
[runlim] sample:		3048.0 seconds, 241.4 MB
[runlim] sample:		3058.6 seconds, 244.1 MB
[runlim] sample:		3069.8 seconds, 219.0 MB
[runlim] sample:		3081.2 seconds, 248.1 MB
[runlim] sample:		3091.7 seconds, 242.1 MB
[runlim] sample:		3102.3 seconds, 226.7 MB
[runlim] sample:		3113.7 seconds, 271.9 MB
[runlim] sample:		3124.4 seconds, 258.1 MB
[runlim] sample:		3135.9 seconds, 258.1 MB
[runlim] sample:		3147.3 seconds, 280.7 MB
[runlim] sample:		3158.0 seconds, 259.2 MB
[runlim] sample:		3169.3 seconds, 243.1 MB
[runlim] sample:		3179.9 seconds, 240.8 MB
[runlim] sample:		3191.1 seconds, 229.9 MB
[runlim] sample:		3201.6 seconds, 228.4 MB
[runlim] sample:		3213.1 seconds, 266.9 MB
[runlim] sample:		3223.7 seconds, 224.4 MB
[runlim] sample:		3234.2 seconds, 226.7 MB
[runlim] sample:		3244.8 seconds, 247.6 MB
[runlim] sample:		3255.8 seconds, 243.0 MB
[runlim] sample:		3266.4 seconds, 247.8 MB
[runlim] sample:		3277.8 seconds, 249.8 MB
[runlim] sample:		3288.9 seconds, 228.1 MB
[runlim] sample:		3300.0 seconds, 225.8 MB
[runlim] sample:		3310.8 seconds, 227.9 MB
[runlim] sample:		3322.0 seconds, 243.5 MB
[runlim] sample:		3333.4 seconds, 227.7 MB
[runlim] sample:		3343.8 seconds, 229.7 MB
[runlim] sample:		3355.0 seconds, 236.7 MB
[runlim] sample:		3365.7 seconds, 229.0 MB
[runlim] sample:		3376.9 seconds, 259.0 MB
[runlim] sample:		3388.0 seconds, 249.0 MB
[runlim] sample:		3399.2 seconds, 225.6 MB
[runlim] sample:		3409.8 seconds, 247.3 MB
[runlim] sample:		3420.5 seconds, 247.2 MB
[runlim] sample:		3430.9 seconds, 217.7 MB
[runlim] sample:		3442.2 seconds, 231.3 MB
[runlim] sample:		3453.1 seconds, 252.8 MB
[runlim] sample:		3463.9 seconds, 262.3 MB
[runlim] sample:		3474.7 seconds, 232.9 MB
[runlim] sample:		3485.2 seconds, 227.1 MB
[runlim] sample:		3495.8 seconds, 240.5 MB
[runlim] sample:		3506.4 seconds, 225.7 MB
[runlim] sample:		3517.7 seconds, 230.2 MB
[runlim] sample:		3528.4 seconds, 247.6 MB
[runlim] sample:		3538.4 seconds, 247.6 MB
[runlim] sample:		3549.8 seconds, 257.3 MB
[runlim] sample:		3560.4 seconds, 225.2 MB
[runlim] sample:		3571.1 seconds, 256.5 MB
[runlim] sample:		3581.9 seconds, 251.1 MB
[runlim] sample:		3593.0 seconds, 227.3 MB
[runlim] end:			Sat Oct  5 03:38:10 2019
[runlim] status:		out of time
[runlim] result:		1
[runlim] children:		0
[runlim] real:			3336.35 seconds
[runlim] time:			3600.04 seconds
[runlim] space:			344.9 MB
[runlim] samples:		33363
