# instance ../../../instances/fattree-bcube/BCube_n10_k2_bw10_cpu16.pn
# Settings: PN=../../../instances/fattree-bcube/BCube_n10_k2_bw10_cpu16.pn, VN=../../../instances/fattree-bcube/instance_list_12vm_rnd.txt, multi-thread=True
init 0.047045 0.047045
1 6.869848 6.916893
2 6.733057 13.650081
3 7.095455 20.745672
4 6.006171 26.751973
5 6.614828 33.366934
6 6.237586 39.604659
7 6.67916 46.283955
8 6.320279 52.60437
9 6.394146 58.998653
10 6.745461 65.744252
11 6.313801 72.05819
12 7.518777 79.577106
13 7.151159 86.728404
14 7.46673 94.195272
15 7.274495 101.469906
16 7.634454 109.104496
17 7.687057 116.791685
18 6.210949 123.002791
19 5.530438 128.533366
20 6.470036 135.003539
21 5.418267 140.421944
22 6.20839 146.630474
23 5.403657 152.034266
24 6.089645 158.124046
25 5.507161 163.63134
26 5.770949 169.402423
27 5.675243 175.077804
28 5.508854 180.5868
29 5.547994 186.134926
30 6.311538 192.446603
31 6.237382 198.684122
32 6.691613 205.375874
33 6.498693 211.874706
34 6.597509 218.472355
35 5.728311 224.200802
36 5.801228 230.002169
37 6.169239 236.171539
38 5.636015 241.807694
39 6.089562 247.897406
40 6.218319 254.115866
41 6.821215 260.937218
42 6.996726 267.934076
43 5.603096 273.537308
44 6.231262 279.76871
45 6.348539 286.117388
46 6.680779 292.798311
47 6.371104 299.169553
48 6.296012 305.465706
49 5.653507 311.119353
50 6.261185 317.380675
51 6.721496 324.102313
52 6.279045 330.381503
53 6.846896 337.228534
54 6.828035 344.056705
55 6.169714 350.226559
56 6.320888 356.547578
57 5.680097 362.22783
58 6.197012 368.424976
59 5.849088 374.274198
60 5.597317 379.871653
61 6.673996 386.545797
62 5.645861 392.191796
63 6.322654 398.514595
64 5.812333 404.327063
65 5.55991 409.88711
66 5.570323 415.457577
67 6.604628 422.062343
68 5.705374 427.767852
69 6.59062 434.358614
70 6.91148 441.270229
71 6.446278 447.71664
72 6.586244 454.30302
73 6.769795 461.072952
74 5.914527 466.987621
75 6.58272 473.570492
76 6.462272 480.032901
77 5.617901 485.650935
78 6.319632 491.970705
79 6.271438 498.242282
80 5.685872 503.928292
81 6.227202 510.155631
82 5.679767 515.835545
83 6.877492 522.713173
84 5.625727 528.339037
85 6.608271 534.947444
86 6.759338 541.706923
87 6.797519 548.504577
88 6.659436 555.164153
89 6.808838 561.973124
90 6.796299 568.769565
91 6.840799 575.610504
92 6.718318 582.32896
93 7.101686 589.430782
94 6.004868 595.435786
95 6.209123 601.645053
96 6.700491 608.345681
97 7.109236 615.455052
98 7.208333 622.663522
99 5.62234 628.286002
100 5.837729 634.123872
101 5.606372 639.730373
102 6.272256 646.002767
103 5.983971 651.986876
104 6.674874 658.661887
105 5.73717 664.399195
106 6.238431 670.637761
107 6.298374 676.936272
108 6.723794 683.660207
109 5.743116 689.403458
110 6.242142 695.645738
111 5.684887 701.330761
112 6.231627 707.562523
113 5.970096 713.532758
114 6.360983 719.893879
115 5.621786 725.5158
116 5.575857 731.091793
117 5.995059 737.086987
118 6.204844 743.291969
119 6.384731 749.676834
120 6.672461 756.349438
121 6.698171 763.047747
122 6.759796 769.807681
123 6.360986 776.168824
124 5.663544 781.832505
125 6.724761 788.557403
126 6.322738 794.880278
127 6.33235 801.212766
128 5.695903 806.90881
129 6.235921 813.144869
130 6.31685 819.461854
131 6.723016 826.185013
132 6.066817 832.251969
133 5.650067 837.902168
134 6.233186 844.13549
135 6.734964 850.870593
136 6.311107 857.181831
137 6.434644 863.616613
138 6.585205 870.201951
139 6.772702 876.974787
140 6.70297 883.677894
141 6.796904 890.474938
142 6.381428 896.8565
143 6.421389 903.27803
144 6.273081 909.551246
145 6.743529 916.294912
146 6.693943 922.988995
147 6.479034 929.468164
148 6.396496 935.864798
149 6.611148 942.476085
150 6.830737 949.306961
151 5.686605 954.993702
152 5.963091 960.956934
153 5.587999 966.545064
154 5.599472 972.144674
155 5.893241 978.038055
156 6.672347 984.710537
157 5.754581 990.465251
158 6.345785 996.811169
159 6.611763 1003.42307
160 5.743004 1009.166212
161 6.629552 1015.795903
162 6.059376 1021.855417
163 6.372691 1028.228246
164 6.586851 1034.815232
165 5.738471 1040.55384
166 5.919867 1046.473843
167 6.779137 1053.253121
168 5.598473 1058.851754
169 6.72786 1065.57975
170 6.305048 1071.884935
171 5.670779 1077.555852
172 6.419386 1083.975381
173 6.617492 1090.593012
174 6.82076 1097.413906
175 6.332631 1103.74668
176 5.688125 1109.434943
177 6.299642 1115.734723
178 6.42702 1122.161883
179 6.275174 1128.437198
180 5.691064 1134.128401
181 6.608545 1140.737084
182 6.47553 1147.212745
183 6.604974 1153.817858
184 5.740283 1159.558281
185 5.61447 1165.172892
186 5.90849 1171.081522
187 5.709123 1176.790779
188 6.785499 1183.576419
189 6.754112 1190.330671
190 6.370593 1196.7014
191 6.89804 1203.599579
192 6.839225 1210.438957
193 5.667786 1216.106876
194 5.958803 1222.065817
195 6.98463 1229.050589
196 6.75686 1235.807588
197 6.477339 1242.285083
198 6.355621 1248.640841
199 6.975429 1255.616408
200 6.853488 1262.470036
201 6.421205 1268.891377
202 6.670069 1275.561588
203 6.691665 1282.253397
204 7.132532 1289.386069
205 6.45322 1295.839431
206 6.749774 1302.589344
207 6.404122 1308.993604
208 6.331562 1315.325306
209 7.06351 1322.388953
210 6.883503 1329.272596
211 6.667223 1335.939956
212 5.729482 1341.669572
213 6.228818 1347.898528
214 6.406528 1354.305194
215 6.337654 1360.642992
216 5.696984 1366.340113
217 5.598432 1371.938684
218 5.576952 1377.515777
219 5.970684 1383.486601
220 6.674735 1390.161475
221 6.153366 1396.314982
222 6.687695 1403.002818
223 6.653098 1409.656054
224 6.767346 1416.42354
225 6.063064 1422.486744
226 5.969022 1428.455904
227 6.693372 1435.149418
228 6.398029 1441.547584
229 5.996973 1447.544706
230 6.323759 1453.868601
231 6.414909 1460.283649
232 6.010139 1466.293939
233 6.389502 1472.683584
234 7.074386 1479.75813
235 6.714539 1486.472814
236 7.125075 1493.598029
237 6.769726 1500.367895
238 6.397779 1506.765812
239 6.730517 1513.496468
240 6.493005 1519.98961
241 5.978127 1525.967872
242 6.296176 1532.264185
243 6.757138 1539.02146
244 5.777718 1544.79932
245 6.621223 1551.42068
246 5.673556 1557.094373
247 6.355586 1563.4501
248 6.626967 1570.0772
249 6.060199 1576.137533
250 6.424913 1582.562588
251 6.465084 1589.027812
252 7.137946 1596.165892
253 5.837698 1602.003728
254 5.559047 1607.562912
255 6.459975 1614.023026
256 6.465884 1620.489054
257 5.636635 1626.12582
258 6.728038 1632.853998
259 6.437927 1639.292064
260 6.616863 1645.909066
261 6.801254 1652.710458
262 6.393344 1659.103948
263 5.685151 1664.789236
264 5.68273 1670.472103
265 6.30342 1676.775661
266 5.641474 1682.417285
267 6.637313 1689.054738
268 6.839952 1695.894835
269 7.003908 1702.898883
270 6.46406 1709.363081
271 6.469349 1715.832573
272 5.630087 1721.462797
273 6.953238 1728.416173
274 6.903906 1735.320222
275 6.371158 1741.691518
276 6.680931 1748.372592
277 6.410702 1754.783435
278 6.042295 1760.825871
279 7.044514 1767.87052
280 6.122959 1773.993621
281 6.709113 1780.702872
282 6.826352 1787.529361
283 6.804585 1794.334083
284 6.681106 1801.015328
285 5.771651 1806.787121
286 6.269523 1813.056784
287 6.760429 1819.817353
288 6.0252 1825.842691
289 5.651687 1831.494517
290 5.905104 1837.399759
291 6.797495 1844.197397
292 7.156816 1851.354353
293 7.062598 1858.417086
294 6.886455 1865.303676
295 6.371478 1871.675307
296 6.3682 1878.04365
297 6.334508 1884.378323
298 6.749116 1891.12758
299 5.782003 1896.909735
300 5.962194 1902.872067
301 6.310599 1909.182802
302 6.34794 1915.530886
303 7.085294 1922.616315
304 6.457896 1929.074345
305 6.771982 1935.846465
306 6.404833 1942.251437
307 6.338242 1948.589817
308 6.428197 1955.018155
309 6.346541 1961.364836
310 6.78026 1968.145236
311 6.664403 1974.809783
312 5.753585 1980.563507
313 6.641327 1987.204969
314 6.16631 1993.371422
315 5.604585 1998.976147
316 6.650657 2005.62694
317 7.152953 2012.78003
318 6.161778 2018.941944
319 6.229525 2025.171611
320 5.689376 2030.861139
321 6.73721 2037.598489
322 6.46688 2044.06551
323 6.307302 2050.372953
324 5.723523 2056.09661
325 6.273309 2062.370062
326 6.350976 2068.721178
327 6.747701 2075.469018
328 6.509196 2081.978353
329 6.316782 2088.295273
330 6.019868 2094.315281
331 5.679316 2099.99474
332 6.311307 2106.306185
333 6.328287 2112.634633
334 5.721977 2118.35675
335 6.642146 2124.99903
336 6.511163 2131.51033
337 6.758186 2138.268661
338 6.691402 2144.960203
339 5.76494 2150.725279
340 5.995802 2156.721212
341 5.68442 2162.405769
342 6.273147 2168.679056
343 5.703996 2174.383195
344 5.927956 2180.311292
345 5.718459 2186.02989
346 6.966222 2192.996249
347 6.788382 2199.784764
348 6.839796 2206.624701
349 6.344731 2212.969571
350 5.7238 2218.69351
351 6.262402 2224.956051
352 6.752909 2231.709098
353 5.776428 2237.485664
354 5.655407 2243.141214
355 6.947972 2250.089324
356 6.473525 2256.562989
357 6.072525 2262.635651
358 6.679331 2269.315138
359 6.756973 2276.072253
360 6.729309 2282.801702
361 6.74929 2289.55113
362 5.771098 2295.322368
363 6.649559 2301.972064
364 5.772432 2307.744635
365 6.372183 2314.116959
366 5.690742 2319.807839
367 6.646264 2326.454243
368 6.4548 2332.909184
369 5.687577 2338.5969
370 6.312215 2344.909253
371 5.962941 2350.872337
372 6.702276 2357.574751
373 6.840746 2364.415639
374 7.154203 2371.570002
375 6.430873 2378.001016
376 7.071887 2385.073041
377 5.721053 2390.794236
378 7.07748 2397.871851
379 6.394711 2404.266701
380 6.745957 2411.012801
381 6.409159 2417.422094
382 6.784748 2424.206979
383 7.078836 2431.285957
384 6.904441 2438.190532
385 6.047224 2444.237899
386 5.611213 2449.849254
387 6.647894 2456.497285
388 6.849825 2463.34725
389 6.693298 2470.040689
390 6.864978 2476.905802
391 6.670454 2483.576394
392 6.192827 2489.769362
393 7.036452 2496.805952
394 6.389818 2503.195911
395 6.479522 2509.67557
396 5.690468 2515.366194
397 6.607033 2521.973367
398 6.818143 2528.791649
399 6.017887 2534.809695
400 7.004966 2541.814803
401 6.881261 2548.696203
402 5.689552 2554.385894
403 5.996183 2560.382215
404 6.412039 2566.794393
405 7.098422 2573.892953
406 6.10791 2580.001006
407 6.264579 2586.265724
408 6.418044 2592.683909
409 6.756586 2599.440635
410 6.750145 2606.190919
411 6.113564 2612.304625
412 6.31699 2618.621756
413 7.106818 2625.728713
414 6.481759 2632.210608
415 5.740305 2637.951053
416 6.645621 2644.596813
417 6.783838 2651.380794
418 5.716632 2657.097565
419 5.981886 2663.079591
420 6.319952 2669.39969
421 7.101064 2676.500906
422 6.793298 2683.294343
423 5.796399 2689.090886
424 6.266593 2695.357619
425 7.059218 2702.416975
426 6.91026 2709.327374
427 6.082865 2715.410379
428 6.720454 2722.130974
429 6.667724 2728.79884
430 6.860407 2735.659385
431 6.684418 2742.343944
432 6.819392 2749.163471
433 6.750586 2755.914196
434 6.873302 2762.787636
435 5.743406 2768.531196
436 6.646594 2775.177927
437 6.46624 2781.644306
438 6.307828 2787.952271
439 6.37816 2794.330572
440 6.354624 2800.685338
441 7.220851 2807.906325
442 5.677432 2813.583895
443 7.097418 2820.68145
444 6.390443 2827.072027
445 6.442572 2833.514741
446 6.974271 2840.489152
447 6.755585 2847.244869
448 5.780461 2853.02547
449 6.338349 2859.363956
450 6.420984 2865.785076
451 6.30299 2872.088207
452 5.728291 2877.816637
453 6.393222 2884.209998
454 6.303983 2890.514119
455 6.796875 2897.311129
456 6.331296 2903.642566
457 6.770343 2910.413052
458 6.422011 2916.8352
459 6.774375 2923.609712
460 6.417764 2930.027615
461 6.031697 2936.059462
462 5.688705 2941.74831
463 6.648208 2948.396654
464 6.063324 2954.460121
465 7.043753 2961.50401
466 6.911485 2968.415632
467 7.146912 2975.562697
468 6.42741 2981.990251
469 5.656718 2987.64711
470 6.369459 2994.016706
471 6.315347 3000.332194
472 5.738768 3006.071096
473 6.604654 3012.67589
474 5.765613 3018.441647
475 5.637102 3024.078887
476 7.103025 3031.182052
477 5.758709 3036.940898
478 7.057725 3043.99876
479 6.426958 3050.425858
480 6.814784 3057.240778
481 6.382044 3063.622962
482 6.395896 3070.018997
483 5.74386 3075.76299
484 6.605276 3082.368401
485 7.142386 3089.510926
486 5.822943 3095.334012
487 6.276124 3101.610274
488 6.484869 3108.095284
489 5.679137 3113.77456
490 6.306813 3120.081512
491 6.703885 3126.785532
492 6.413872 3133.199546
493 6.821045 3140.020732
494 6.69158 3146.712445
495 6.807525 3153.520108
496 6.420471 3159.940718
497 6.765813 3166.706665
498 7.083694 3173.790504
499 6.158593 3179.949261
500 7.043524 3186.992918
501 6.469264 3193.46232
502 6.343157 3199.805615
503 6.772969 3206.578723
504 6.874728 3213.453595
505 6.383883 3219.837616
506 5.635861 3225.473614
507 6.775388 3232.249143
508 5.691715 3237.940997
509 5.935275 3243.876411
510 6.710054 3250.586609
511 6.84075 3257.427496
512 6.681792 3264.109426
513 6.196747 3270.306313
514 6.270822 3276.577271
515 5.728956 3282.306368
516 6.349669 3288.656176
517 6.762114 3295.418429
518 6.436547 3301.855114
519 6.389859 3308.245111
520 5.747963 3313.993213
521 6.613486 3320.606842
522 5.768547 3326.375524
523 6.657863 3333.033526
524 6.395942 3339.429607
525 6.774294 3346.204039
526 7.198722 3353.4029
527 6.744525 3360.147564
528 7.201633 3367.349352
529 6.419511 3373.769
530 6.057448 3379.826586
531 6.330713 3386.157439
532 6.373002 3392.530583
533 6.776929 3399.307652
534 5.803598 3405.111405
535 6.640683 3411.752226
536 5.78501 3417.537369
537 6.628413 3424.165919
538 6.421569 3430.587633
539 6.461294 3437.049077
540 6.631168 3443.680384
541 5.743374 3449.423896
542 6.310251 3455.734284
543 6.040632 3461.775056
544 6.382737 3468.157937
545 6.797577 3474.955652
546 6.681042 3481.636852
547 6.490651 3488.127642
548 6.088079 3494.215872
549 7.001709 3501.21772
550 7.243437 3508.461294
551 6.744221 3515.205655
552 6.866955 3522.072748
553 6.376581 3528.44947
554 6.36555 3534.815158
555 6.049441 3540.864727
556 7.043484 3547.908351
557 6.466442 3554.374934
558 6.482417 3560.85749
559 7.090284 3567.947912
560 6.391424 3574.339474
561 6.813923 3581.153541
562 6.674556 3587.828235
563 6.813653 3594.642025
