# instance ../../../instances/fattree-bcube/BCube_n10_k2_bw10_cpu16.pn
# Settings: PN=../../../instances/fattree-bcube/BCube_n10_k2_bw10_cpu16.pn, VN=../../../instances/fattree-bcube/instance_list_6vm_rnd.txt, multi-thread=True
init 0.047998 0.047998
1 2.935124 2.983122
2 2.82984 5.813095
3 3.152686 8.965911
4 2.818822 11.784868
5 2.078294 13.863295
6 3.089785 16.953214
7 2.835402 19.788749
8 2.415579 22.204461
9 2.4066 24.611199
10 2.054059 26.665393
11 3.096718 29.762243
12 2.844815 32.607193
13 2.797444 35.404783
14 2.837573 38.242496
15 2.438062 40.680693
16 2.805025 43.485857
17 2.777555 46.26355
18 2.84262 49.106303
19 2.80675 51.913192
20 2.84619 54.759515
21 2.775648 57.535297
22 2.83296 60.368397
23 2.432618 62.801152
24 3.136009 65.937299
25 2.897347 68.834808
26 2.082029 70.916974
27 2.373416 73.290524
28 2.060729 75.351387
29 2.719753 78.071273
30 2.856094 80.927505
31 2.787931 83.715569
32 2.435534 86.151241
33 2.802204 88.953581
34 3.160406 92.114128
35 3.230868 95.345128
36 2.527773 97.873039
37 2.73097 100.604146
38 2.840661 103.444949
39 2.815628 106.26071
40 2.854405 109.115256
41 2.782887 111.898281
42 2.463226 114.361642
43 3.138292 117.500072
44 2.890903 120.391107
45 2.11739 122.508633
46 2.701412 125.210178
47 3.178838 128.389152
48 2.150782 130.540074
49 2.031413 132.57162
50 2.697677 135.269432
51 2.845147 138.114717
52 2.814177 140.929033
53 2.866316 143.795489
54 2.798014 146.59364
55 2.440164 149.033942
56 2.81221 151.846282
57 2.443255 154.289673
58 2.820177 157.109989
59 2.788046 159.898169
60 2.470076 162.368384
61 2.462238 164.830755
62 2.433171 167.264059
63 2.823584 170.087782
64 2.932446 173.020361
65 2.828822 175.849324
66 2.918031 178.767498
67 2.463729 181.231365
68 2.426066 183.657566
69 2.792425 186.450124
70 2.820719 189.270983
71 2.860113 192.131229
72 2.793334 194.924702
73 3.194749 198.119591
74 2.870308 200.990035
75 2.856013 203.846184
76 2.816937 206.663254
77 2.470076 209.133468
78 3.13759 212.271199
79 2.891999 215.163334
80 2.822951 217.98642
81 2.109142 220.0957
82 2.36016 222.455993
83 2.072768 224.528897
84 2.724448 227.253483
85 2.103523 229.35715
86 2.722144 232.079428
87 2.453193 234.532756
88 2.092536 236.625427
89 2.381259 239.006825
90 2.81325 241.820213
91 2.447233 244.267588
92 3.152902 247.420627
93 2.864788 250.285547
94 3.196039 253.481719
95 2.534215 256.016066
96 2.748073 258.764279
97 2.46669 261.231103
98 2.506392 263.737634
99 2.800122 266.537896
100 2.163223 268.701254
101 2.753873 271.455266
102 2.159675 273.615072
103 2.786002 276.401205
104 2.999627 279.400972
105 2.295462 281.696568
106 2.620527 284.317216
107 1.961929 286.279261
108 2.860391 289.139771
109 2.067302 291.207196
110 1.880912 293.088224
111 2.272016 295.360354
112 1.919269 297.279745
113 2.581725 299.861585
114 2.640225 302.501928
115 2.658243 305.160295
116 2.631926 307.79234
117 2.663561 310.456028
118 2.322945 312.779093
119 2.619248 315.398475
120 2.636476 318.035075
121 2.635315 320.670507
122 2.694174 323.364801
123 2.300738 325.665678
124 1.944895 327.610691
125 2.204644 329.815451
126 2.619178 332.434748
127 2.634051 335.06892
128 2.634498 337.703543
129 2.668876 340.372542
130 2.941346 343.314008
131 2.682689 345.996822
132 2.672941 348.669885
133 2.302842 350.97285
134 2.639898 353.612863
135 2.946524 356.559504
136 3.035362 359.594994
137 2.647024 362.242139
138 2.672342 364.914602
139 2.638379 367.553104
140 2.332038 369.885261
141 2.624831 372.510216
142 2.639823 375.150158
143 2.698211 377.84849
144 2.976649 380.825262
145 2.01378 382.839172
146 2.517994 385.357282
147 2.661079 388.018488
148 2.646278 390.664886
149 2.370556 393.035565
150 2.56838 395.604066
151 2.973772 398.577957
152 3.054628 401.632711
153 2.6504 404.283232
154 2.367355 406.650715
155 2.929608 409.580444
156 2.666509 412.247072
157 2.308367 414.555565
158 2.927372 417.483057
159 3.086599 420.569778
160 3.03355 423.603464
161 2.72146 426.325058
162 2.648556 428.973737
163 1.996605 430.97046
164 1.883063 432.853637
165 2.56658 435.420338
166 2.290103 437.710558
167 2.282467 439.993138
168 2.323174 442.316431
169 2.567648 444.884218
170 2.672924 447.557258
171 2.304983 449.862369
172 2.583957 452.446443
173 2.664167 455.110732
174 2.63526 457.746116
175 2.677099 460.423335
176 2.307248 462.730707
177 2.583021 465.313843
178 2.660304 467.974264
179 2.29805 470.272434
180 2.626113 472.898664
181 2.992549 475.891332
182 2.649912 478.541369
183 2.67641 481.217905
184 2.644808 483.862837
185 2.682358 486.545316
186 2.606822 489.152269
187 2.674889 491.827281
188 2.643913 494.471311
189 2.670648 497.142076
190 2.310816 499.453011
191 2.634045 502.087173
192 2.643639 504.730928
193 2.691566 507.422617
194 1.970611 509.393346
195 2.239997 511.633466
196 2.63637 514.269966
197 2.607242 516.877326
198 2.973659 519.851125
199 2.685684 522.536931
200 2.975197 525.512253
201 3.042528 528.554899
202 2.659799 531.214822
203 2.024308 533.239251
204 2.539091 535.778457
205 2.665423 538.444003
206 2.298028 540.742148
207 1.94961 542.691872
208 2.592202 545.284195
209 2.610384 547.894698
210 2.633475 550.528298
211 2.666103 553.194519
212 2.981737 556.176376
213 2.687483 558.863979
214 1.998469 560.862565
215 2.850669 563.71335
216 3.018623 566.732105
217 3.042424 569.774651
218 2.996584 572.77136
219 2.740612 575.51209
220 2.321814 577.834028
221 2.575551 580.409697
222 2.376729 582.786543
223 1.930628 584.717293
224 2.283884 587.001302
225 2.569426 589.570853
226 2.684998 592.255975
227 2.651935 594.90803
228 2.695044 597.603196
229 1.973311 599.576633
230 2.894228 602.470976
231 2.684466 605.155562
232 2.627781 607.783463
233 2.974576 610.758157
234 2.697053 613.455334
235 2.684696 616.140154
236 2.608095 618.748369
237 2.661739 621.410228
238 2.996689 624.407038
239 2.345343 626.752506
240 2.263435 629.016059
241 2.924338 631.940515
242 2.736445 634.677084
243 2.316356 636.993556
244 2.922643 639.91632
245 2.680368 642.59681
246 2.677761 645.274694
247 2.002897 647.277709
248 2.530489 649.808313
249 2.966428 652.774863
250 2.736248 655.51123
251 1.965924 657.477277
252 2.582255 660.059658
253 2.68935 662.749127
254 2.616499 665.365748
255 3.02029 668.386157
256 2.691244 671.07754
257 2.676241 673.7539
258 3.036805 676.790826
259 2.357262 679.148225
260 2.597698 681.74604
261 3.026643 684.772801
262 3.092531 687.865469
263 2.654802 690.520405
264 3.034066 693.554592
265 2.694321 696.249051
266 2.373998 698.623173
267 2.578416 701.201704
268 3.022711 704.224533
269 2.042263 706.266937
270 2.550745 708.817799
271 2.311826 711.129747
272 2.62968 713.759543
273 2.336345 716.096006
274 1.957225 718.053353
275 2.894176 720.947661
276 2.718017 723.66581
277 2.310594 725.976527
278 2.600882 728.577526
279 2.68286 731.260508
280 2.653659 733.914286
281 2.683742 736.598147
282 2.616265 739.214537
283 2.383086 741.597741
284 2.956928 744.554789
285 3.08271 747.637639
286 2.051051 749.688823
287 2.517884 752.206826
288 3.00582 755.212765
289 2.414841 757.627746
290 2.957287 760.585152
291 2.700399 763.285685
292 2.001922 765.287733
293 2.54727 767.835121
294 2.680561 770.515802
295 2.314598 772.830522
296 2.989969 775.820612
297 2.646739 778.467484
298 2.026582 780.494189
299 1.882357 782.376662
300 2.282928 784.659705
301 2.95202 787.611847
302 2.394388 790.00637
303 1.95827 791.964761
304 2.220585 794.185459
305 2.985266 797.170841
306 2.708232 799.879213
307 2.641081 802.520413
308 2.681063 805.2016
309 2.603396 807.805117
310 2.674238 810.479483
311 2.005956 812.485559
312 2.530365 815.016039
313 2.671392 817.687557
314 2.994111 820.681791
315 2.355228 823.037141
316 2.595815 825.633081
317 2.97661 828.609811
318 2.68589 831.295822
319 2.70145 833.997395
320 2.618925 836.616439
321 2.026402 838.642966
322 2.962895 841.605976
323 2.971463 844.577573
324 2.750027 847.327726
325 2.659272 849.987117
326 2.331595 852.318848
327 2.932287 855.25125
328 2.040918 857.292292
329 2.945141 860.23755
330 2.692742 862.930423
331 2.643975 865.57452
332 3.026848 868.601486
333 2.697449 871.299086
334 3.027576 874.326784
335 2.69119 877.018116
336 2.683488 879.701725
337 2.009843 881.711696
338 2.910527 884.622338
339 2.694244 887.316716
340 2.343393 889.660241
341 2.596448 892.256825
342 2.670223 894.927164
343 2.308028 897.235313
344 2.978125 900.213554
345 2.749004 902.962697
346 2.324972 905.287795
347 2.572739 907.86065
348 2.711644 910.572419
349 3.053088 913.625641
350 2.740255 916.366035
351 2.649185 919.015356
352 2.330627 921.346111
353 2.970648 924.316875
354 2.732475 927.049482
355 1.969774 929.019389
356 2.580595 931.600102
357 3.039214 934.639436
358 3.101538 937.741111
359 2.658033 940.399281
360 3.030127 943.429531
361 3.097042 946.526708
362 3.05662 949.583468
363 2.387248 951.970851
364 2.642078 954.61305
365 2.689063 957.30223
366 2.313719 959.616093
367 2.645699 962.261914
368 2.312868 964.5749
369 2.273197 966.848214
370 2.674643 969.522977
371 3.05046 972.573571
372 3.056686 975.630399
373 2.656818 978.287351
374 3.025426 981.312904
375 2.697951 984.010991
376 2.030616 986.041726
377 1.920786 987.962631
378 2.537687 990.500433
379 2.682361 993.182914
380 2.689659 995.872692
381 2.72954 998.602366
382 3.016111 1001.618617
383 2.692692 1004.311444
384 2.699908 1007.011472
385 2.623594 1009.635188
386 2.035427 1011.670741
387 2.527627 1014.198483
388 2.710188 1016.908792
389 2.309526 1019.218457
390 1.957212 1021.175787
391 2.553429 1023.729331
392 3.014917 1026.744388
393 2.691639 1029.436161
394 3.021758 1032.458043
395 3.079597 1035.537776
396 3.09101 1038.628925
397 2.706742 1041.335803
398 2.700929 1044.036855
399 2.617596 1046.654572
400 2.029128 1048.683822
401 2.226684 1050.910627
402 2.596326 1053.50707
403 2.376896 1055.884086
404 2.579853 1058.46406
405 2.682698 1061.146876
406 2.646395 1063.793391
407 2.337223 1066.130742
408 2.635557 1068.766415
409 2.70389 1071.470423
410 2.626037 1074.09658
411 3.05363 1077.150328
412 2.665261 1079.815729
413 2.330522 1082.146371
414 2.338626 1084.485117
415 2.288671 1086.773911
416 2.611845 1089.385873
417 2.686964 1092.072957
418 2.662493 1094.735572
419 3.052625 1097.788317
420 3.123815 1100.912271
421 2.676091 1103.588497
422 2.647417 1106.236038
423 2.684769 1108.920927
424 2.652478 1111.573534
425 3.030625 1114.604279
426 2.696449 1117.300862
427 3.029581 1120.330567
428 2.424301 1122.755004
429 2.959148 1125.714273
430 2.70191 1128.416321
431 2.006231 1130.422674
432 1.924042 1132.34683
433 2.535571 1134.882521
434 2.336539 1137.219181
435 2.677371 1139.896672
436 2.655046 1142.551859
437 3.050113 1145.602095
438 2.356174 1147.958407
439 2.640443 1150.598968
440 2.659019 1153.258104
441 2.711767 1155.969993
442 2.667517 1158.637628
443 3.055962 1161.69373
444 2.366752 1164.060616
445 2.640737 1166.701475
446 2.681887 1169.3835
447 3.039441 1172.423062
448 2.355567 1174.77877
449 2.601948 1177.380835
450 2.024732 1179.405689
451 2.224742 1181.630551
452 2.633377 1184.264048
453 2.653419 1186.917586
454 2.30839 1189.226099
455 2.282349 1191.508565
456 1.98078 1193.48946
457 2.222249 1195.711826
458 2.650887 1198.362832
459 2.61644 1200.979394
460 2.68944 1203.668954
461 2.314996 1205.984076
462 2.649633 1208.63383
463 2.010984 1210.644934
464 2.55285 1213.197902
465 2.344538 1215.542566
466 2.301491 1217.844175
467 1.966284 1219.810577
468 2.567802 1222.3785
469 2.706679 1225.085315
470 2.656898 1227.742367
471 2.67704 1230.41953
472 2.655768 1233.075418
473 2.679362 1235.754905
474 2.342003 1238.097034
475 2.654273 1240.751441
476 2.662795 1243.414355
477 2.009803 1245.424283
478 2.901233 1248.325629
479 2.080233 1250.405999
480 1.890765 1252.296881
481 2.31579 1254.612787
482 2.587294 1257.200214
483 2.340441 1259.540781
484 2.992393 1262.533293
485 2.653802 1265.187262
486 2.415032 1267.602415
487 2.619213 1270.221767
488 2.690514 1272.912415
489 2.659743 1275.572278
490 2.371572 1277.943971
491 2.64675 1280.590855
492 2.654716 1283.245694
493 3.054852 1286.300671
494 2.357375 1288.658181
495 1.9605 1290.618803
496 2.217756 1292.836674
497 2.315849 1295.152641
498 2.635296 1297.788078
499 2.304354 1300.092548
500 2.99223 1303.084895
501 3.102721 1306.187756
502 2.013285 1308.201176
503 2.932474 1311.133774
504 2.769823 1313.90373
505 2.312995 1316.216859
506 2.297869 1318.514847
507 2.986366 1321.501336
508 3.098127 1324.599651
509 2.667368 1327.267154
510 2.729148 1329.996426
511 2.655652 1332.652213
512 2.352946 1335.005277
513 2.983306 1337.988708
514 2.40074 1340.389587
515 2.302165 1342.691867
516 2.642876 1345.334876
517 2.316362 1347.65136
518 1.964249 1349.615728
519 2.258551 1351.874393
520 1.967914 1353.842445
521 2.568388 1356.410953
522 2.027449 1358.438536
523 2.570349 1361.009008
524 2.682969 1363.692113
525 2.343121 1366.035358
526 2.99093 1369.026428
527 3.104961 1372.131526
528 2.669716 1374.801387
529 2.685686 1377.487194
530 2.696559 1380.183874
531 2.036385 1382.220395
532 2.571559 1384.792072
533 2.676909 1387.469122
534 2.690216 1390.159459
535 2.697275 1392.856876
536 2.326514 1395.183508
537 2.697032 1397.880664
538 2.620951 1400.501758
539 2.374324 1402.876202
540 2.67338 1405.549715
541 2.661928 1408.21178
542 2.035274 1410.247172
543 2.96795 1413.215239
544 3.05586 1416.271239
545 2.661073 1418.932447
546 3.02659 1421.959162
547 2.737578 1424.696877
548 3.063621 1427.760625
549 2.672273 1430.433031
550 3.03261 1433.465765
551 2.752621 1436.218521
552 3.022827 1439.24147
553 3.104921 1442.346523
554 2.756201 1445.102864
555 2.739595 1447.842595
556 2.353468 1450.196203
557 2.66507 1452.861408
558 2.61868 1455.480214
559 3.043954 1458.52429
560 2.431092 1460.955519
561 2.700949 1463.656605
562 1.984236 1465.640979
563 2.642653 1468.283748
564 1.970387 1470.254276
565 2.638228 1472.892619
566 2.353756 1475.246511
567 2.643794 1477.890424
568 3.033117 1480.923677
569 3.114824 1484.038637
570 2.706012 1486.744787
571 2.728233 1489.473156
572 2.657026 1492.130323
573 2.727067 1494.857508
574 2.693394 1497.551043
575 2.687569 1500.238753
576 2.694153 1502.933025
577 3.046419 1505.979586
578 2.746225 1508.725952
579 2.746414 1511.472503
580 2.325406 1513.798049
581 1.972564 1515.770733
582 2.912249 1518.683097
583 2.41454 1521.097778
584 2.99317 1524.091083
585 2.702869 1526.794089
586 3.04561 1529.839823
587 2.715268 1532.55523
588 2.711911 1535.267265
589 2.627611 1537.894997
590 2.363446 1540.258566
591 2.341625 1542.600324
592 2.626476 1545.226918
593 2.040133 1547.26719
594 2.57707 1549.844379
595 2.334605 1552.179119
596 2.370623 1554.549859
597 2.962572 1557.512568
598 2.743438 1560.256142
599 2.67434 1562.9306
600 2.348798 1565.279518
601 3.000928 1568.28059
602 3.110368 1571.391096
603 2.366801 1573.758033
604 2.308057 1576.066213
605 2.301308 1578.367655
606 2.272111 1580.639882
607 2.980463 1583.620465
608 2.053251 1585.67385
609 2.564968 1588.238936
610 3.032874 1591.271928
611 2.705728 1593.977794
612 2.01349 1595.991409
613 2.59957 1598.591091
614 2.338686 1600.929913
615 1.96914 1602.899173
616 2.958189 1605.857476
617 2.702148 1608.559764
618 2.698037 1611.257936
619 2.022732 1613.280797
620 1.902363 1615.18328
621 2.944607 1618.128004
622 2.394844 1620.522983
623 2.648009 1623.171108
624 2.686121 1625.857365
625 2.697908 1628.555399
626 2.710943 1631.266481
627 3.046356 1634.312966
628 3.028693 1637.341798
629 2.432826 1639.77476
630 1.969929 1641.744826
631 2.971311 1644.716253
632 3.026343 1647.74273
633 2.054613 1649.797481
634 2.591975 1652.389572
635 3.019161 1655.408866
636 2.082913 1657.491919
637 2.575914 1660.067948
638 1.999 1662.067082
639 2.648598 1664.7158
640 2.629057 1667.344998
641 2.009516 1669.354638
642 2.241755 1671.596508
643 2.598801 1674.195427
644 2.682653 1676.8782
645 2.31975 1679.198068
646 2.302379 1681.500569
647 2.698416 1684.199102
648 2.329435 1686.528679
649 2.317009 1688.845811
650 2.604351 1691.450294
651 2.990378 1694.440789
652 2.429137 1696.870051
653 1.974663 1698.844849
654 2.260753 1701.105723
655 2.950387 1704.056247
656 2.70653 1706.762899
657 2.743187 1709.506211
658 1.982317 1711.488663
659 2.294602 1713.783382
660 2.944386 1716.72789
661 2.982637 1719.710648
662 3.059625 1722.7704
663 2.394352 1725.164875
664 2.273993 1727.439014
665 2.283331 1729.722467
666 1.986445 1731.709029
667 2.60352 1734.312668
668 3.030136 1737.342948
669 2.704482 1740.047566
670 2.349426 1742.397115
671 2.638534 1745.035767
672 2.68063 1747.716535
673 2.657255 1750.373915
674 2.698879 1753.072933
675 2.628396 1755.701453
676 2.033259 1757.734833
677 2.535313 1760.270262
678 2.332496 1762.602879
679 2.633657 1765.236653
680 2.354068 1767.590847
681 1.976822 1769.567795
682 2.541011 1772.108926
683 2.372343 1774.481389
684 2.301855 1776.783386
685 2.653564 1779.437069
686 2.356351 1781.793541
687 2.587895 1784.381574
688 2.693618 1787.07531
689 2.016078 1789.091513
690 2.864481 1791.95611
691 2.73693 1794.693159
692 2.630744 1797.324024
693 2.68517 1800.009315
694 3.057722 1803.067165
695 3.023375 1806.090675
696 2.748458 1808.839263
697 2.708614 1811.547995
698 2.657341 1814.205475
699 2.690526 1816.896122
700 2.667709 1819.563954
701 2.38221 1821.946288
702 2.95821 1824.904632
703 3.102668 1828.007428
704 2.397748 1830.405315
705 2.645497 1833.05096
706 2.698693 1835.749792
707 2.62718 1838.377096
708 3.048597 1841.425813
709 2.708969 1844.134916
710 2.699355 1846.834399
711 2.662044 1849.49657
712 2.040869 1851.537559
713 1.938353 1853.476027
714 2.95383 1856.429979
715 2.678713 1859.108828
716 2.660447 1861.769403
717 2.372668 1864.142192
718 2.655235 1866.797561
719 3.013359 1869.811043
720 2.708378 1872.51956
721 2.703704 1875.223388
722 3.025972 1878.249481
723 2.707274 1880.956907
724 2.711771 1883.668798
725 2.356034 1886.024951
726 2.613585 1888.638677
727 2.362876 1891.001672
728 2.991296 1893.993101
729 2.746346 1896.73959
730 3.016224 1899.755933
731 3.108653 1902.864726
732 2.706789 1905.57165
733 2.011699 1907.583477
734 1.890608 1909.474201
735 2.588246 1912.062563
736 2.658936 1914.721623
737 3.028899 1917.750642
738 3.083852 1920.834631
739 3.112216 1923.946981
740 3.064031 1927.011153
741 3.108718 1930.120005
742 2.713744 1932.833884
743 2.345509 1935.179511
744 2.988814 1938.168463
745 2.701927 1940.87053
746 2.744178 1943.614831
747 2.659669 1946.274642
748 2.690159 1948.964936
749 2.33562 1951.30068
750 2.992241 1954.293056
751 2.702894 1956.996084
752 2.690791 1959.686999
753 3.060686 1962.747806
754 2.701773 1965.449719
755 2.037927 1967.487781
756 2.25979 1969.747683
757 2.331707 1972.079529
758 2.607883 1974.687545
759 2.742957 1977.430626
760 2.354587 1979.785351
761 2.964488 1982.749986
762 2.658842 1985.408951
763 3.041005 1988.450079
764 3.069926 1991.520139
765 2.70538 1994.225647
766 3.058583 1997.284351
767 3.067189 2000.35168
768 2.766336 2003.118151
769 2.669825 2005.788096
770 2.703138 2008.491376
771 2.665388 2011.156885
772 2.395381 2013.552394
773 3.021135 2016.573676
774 2.67821 2019.25202
775 2.665252 2021.917396
776 2.704458 2024.621971
777 3.027907 2027.649995
778 2.709438 2030.359573
779 2.371752 2032.731445
780 2.374303 2035.105884
781 2.593893 2037.699917
782 2.346292 2040.046328
783 2.335015 2042.381459
784 3.008124 2045.389716
785 2.713049 2048.102909
786 2.651933 2050.754958
787 2.689831 2053.444914
788 3.030557 2056.475593
789 3.052945 2059.52866
790 2.732135 2062.260919
791 2.709984 2064.971039
792 2.665205 2067.636383
793 3.060626 2070.697132
794 3.090614 2073.787882
795 2.677628 2076.465637
796 2.045828 2078.511584
797 2.538729 2081.050429
798 2.688329 2083.738883
799 3.065913 2086.804914
800 2.674924 2089.47998
801 2.374679 2091.854779
802 2.648972 2094.50389
803 2.348941 2096.852954
804 2.968031 2099.821118
805 3.09759 2102.91883
806 3.06542 2105.984386
807 2.767659 2108.752185
808 2.673337 2111.42564
809 2.737822 2114.163601
810 2.670172 2116.833913
811 3.062734 2119.896768
812 2.373491 2122.2704
813 2.688438 2124.958954
814 2.019195 2126.978288
815 1.900334 2128.878741
816 2.602668 2131.481526
817 2.319744 2133.801388
818 2.700307 2136.501819
819 2.322983 2138.82494
820 3.010073 2141.835133
821 2.014661 2143.849927
822 2.602177 2146.452219
823 2.751879 2149.204224
824 2.674721 2151.879087
825 2.346607 2154.225834
826 2.649224 2156.875195
827 2.697452 2159.572767
828 3.056773 2162.62968
829 2.364547 2164.994363
830 2.68883 2167.683319
831 2.660023 2170.343482
832 2.754799 2173.0984
833 3.047023 2176.145568
834 3.041676 2179.187384
835 3.107762 2182.295282
836 2.719402 2185.014825
837 2.016367 2187.031317
838 2.595381 2189.626814
839 2.371109 2191.998085
840 3.001743 2194.999961
841 2.056176 2197.056282
842 2.572203 2199.628605
843 2.720652 2202.349392
844 2.689452 2205.038983
845 3.040021 2208.079139
846 2.741723 2210.821007
847 3.034488 2213.855631
848 3.144486 2217.000251
849 2.362792 2219.363182
850 2.675898 2222.039219
851 2.686912 2224.72627
852 2.734147 2227.460556
853 2.703214 2230.163906
854 2.753331 2232.917375
855 2.640411 2235.557931
856 2.318683 2237.876737
857 2.682159 2240.559014
858 3.061566 2243.620718
859 2.667637 2246.288495
860 2.376139 2248.664752
861 2.946646 2251.611539
862 2.737949 2254.349612
863 2.691278 2257.04103
864 2.659953 2259.701107
865 3.007628 2262.708852
866 2.747167 2265.456147
867 2.759076 2268.215357
868 1.981727 2270.197224
869 2.911899 2273.109237
870 2.385643 2275.495007
871 2.683079 2278.178225
872 2.695749 2280.874107
873 2.746522 2283.620769
874 2.672646 2286.293556
875 3.053855 2289.347545
876 2.705226 2292.052921
877 2.687278 2294.740336
878 2.692669 2297.433129
879 2.708679 2300.141948
880 2.32509 2302.467158
881 2.704513 2305.171797
882 2.668744 2307.84068
883 2.741847 2310.58266
884 2.020183 2312.602983
885 2.244799 2314.847897
886 2.96104 2317.809055
887 2.391036 2320.200218
888 2.276345 2322.476695
889 2.305609 2324.782421
890 2.60704 2327.389584
891 2.73024 2330.119942
892 2.008485 2332.12856
893 2.577204 2334.705881
894 2.722652 2337.428668
895 3.057548 2340.486354
896 2.391604 2342.878093
897 2.646548 2345.524782
898 2.726095 2348.251014
899 2.694419 2350.945568
900 2.723319 2353.669026
901 2.65879 2356.327957
902 2.73643 2359.064505
903 3.021486 2362.086129
904 2.400997 2364.487252
905 2.64718 2367.134571
906 2.704479 2369.839184
907 2.662537 2372.501846
908 2.997427 2375.499408
909 2.047916 2377.547454
910 2.557153 2380.104722
911 2.718144 2382.822984
912 3.005579 2385.828703
913 2.697935 2388.526762
914 2.338298 2390.8652
915 2.339281 2393.204598
916 2.622365 2395.82708
917 2.725222 2398.552442
918 2.655888 2401.208464
919 2.993783 2404.202366
920 2.733291 2406.93578
921 2.039822 2408.975741
922 2.59128 2411.567138
923 3.028649 2414.595921
924 2.738492 2417.334553
925 3.016167 2420.350839
926 3.05434 2423.405318
927 2.706209 2426.111659
928 2.744097 2428.85588
929 2.355304 2431.211319
930 2.311195 2433.522655
931 2.64739 2436.170183
932 2.351355 2438.521656
933 2.671103 2441.1929
934 2.636593 2443.829611
935 2.7378 2446.56753
936 2.711066 2449.278737
937 3.028745 2452.307617
938 2.752178 2455.05992
939 2.350892 2457.410947
940 2.65235 2460.063436
941 3.061522 2463.125076
942 2.400403 2465.525615
943 2.308677 2467.834435
944 1.971151 2469.805722
945 2.966804 2472.772642
946 2.670607 2475.443388
947 2.704102 2478.147609
948 2.667975 2480.815706
949 3.063527 2483.879353
950 2.719556 2486.599043
951 2.012727 2488.611894
952 2.972917 2491.584927
953 2.715136 2494.300199
954 2.013543 2496.313883
955 2.582268 2498.896267
956 2.693841 2501.590244
957 2.665087 2504.255454
958 2.737336 2506.99291
959 2.628796 2509.621846
960 2.418585 2512.04055
961 2.592065 2514.632752
962 2.731992 2517.364867
963 2.6673 2520.032303
964 3.05575 2523.088174
965 2.717131 2525.80544
966 2.750721 2528.556285
967 3.027948 2531.584367
968 2.382889 2533.967395
969 2.656692 2536.624223
970 2.696721 2539.321076
971 2.717057 2542.038274
972 2.37304 2544.411433
973 2.592854 2547.004428
974 2.73097 2549.735523
975 3.064841 2552.800497
976 2.40236 2555.203
977 2.624812 2557.827948
978 2.682495 2560.510567
979 2.724971 2563.235672
980 2.692927 2565.928734
981 2.368447 2568.297321
982 2.373134 2570.67061
983 2.314688 2572.985437
984 3.007343 2575.99292
985 2.700615 2578.693667
986 2.370481 2581.064288
987 2.675957 2583.740381
988 3.045752 2586.786275
989 2.056542 2588.842956
990 1.893815 2590.736885
991 2.624073 2593.361074
992 2.694678 2596.055899
993 3.030667 2599.086701
994 2.778394 2601.865233
995 2.712279 2604.57766
996 2.014586 2606.592379
997 2.972297 2609.564799
998 2.718543 2612.283473
999 2.700825 2614.984438
1000 2.737476 2617.722056
1001 1.977767 2619.699958
1002 1.939648 2621.639722
1003 1.922343 2623.562186
1004 1.930913 2625.493214
1005 2.915548 2628.408902
1006 3.093888 2631.502929
1007 3.069969 2634.573032
1008 2.425542 2636.998712
1009 2.694701 2639.693549
1010 2.701268 2642.394961
1011 3.065241 2645.460338
1012 3.075875 2648.53637
1013 2.710356 2651.246861
1014 2.697625 2653.94461
1015 2.009232 2655.953983
1016 2.596046 2658.550146
1017 3.021395 2661.571677
1018 2.759325 2664.331138
1019 3.020451 2667.35171
1020 2.750025 2670.101875
1021 2.695374 2672.797388
1022 2.727991 2675.525522
1023 2.659896 2678.185557
1024 2.370959 2680.556635
1025 2.369725 2682.926497
1026 2.625266 2685.551896
1027 2.73014 2688.282177
1028 3.066836 2691.349149
1029 2.406561 2693.75585
1030 2.616831 2696.372818
1031 3.053483 2699.426424
1032 3.121396 2702.547962
1033 2.398905 2704.947001
1034 2.311938 2707.259083
1035 2.653365 2709.912582
1036 2.664053 2712.576756
1037 2.37435 2714.951248
1038 2.98318 2717.934576
1039 2.770589 2720.705305
1040 2.34996 2723.055417
1041 2.331123 2725.386675
1042 2.995589 2728.382401
1043 2.707023 2731.089556
1044 2.044143 2733.133825
1045 1.894074 2735.028019
1046 2.632767 2737.660903
1047 3.063808 2740.724846
1048 3.066012 2743.790996
1049 2.794128 2746.58526
1050 1.981601 2748.567012
1051 1.913093 2750.480222
1052 2.255853 2752.736188
1053 2.67919 2755.415517
1054 2.692928 2758.108578
1055 2.750863 2760.859581
1056 2.677651 2763.537366
1057 2.355672 2765.89319
1058 1.962965 2767.856295
1059 2.59224 2770.448651
1060 3.031125 2773.479912
1061 2.419012 2775.899065
1062 2.697709 2778.596913
1063 2.6306 2781.227653
1064 2.73584 2783.963612
1065 2.705093 2786.66884
1066 2.754425 2789.423405
1067 1.988098 2791.411638
1068 2.600299 2794.012056
1069 2.61949 2796.63167
1070 2.723426 2799.355215
1071 3.058132 2802.413486
1072 2.397576 2804.811196
1073 3.007372 2807.818708
1074 2.748832 2810.56768
1075 2.664303 2813.232121
1076 2.734873 2815.967117
1077 2.703102 2818.670358
1078 2.714535 2821.385027
1079 2.98473 2824.36988
1080 2.42463 2826.794646
1081 2.651908 2829.446694
1082 2.348948 2831.795765
1083 3.006892 2834.802792
1084 2.441282 2837.244211
1085 2.588519 2839.83287
1086 2.732342 2842.56533
1087 2.706287 2845.27177
1088 3.058899 2848.330805
1089 2.714656 2851.045601
1090 3.060048 2854.10577
1091 2.719913 2856.825824
1092 2.38803 2859.213977
1093 2.608738 2861.82285
1094 2.727233 2864.550201
1095 2.703675 2867.254016
1096 2.383557 2869.637709
1097 2.702147 2872.339994
1098 2.353537 2874.693666
1099 2.656165 2877.349967
1100 3.032132 2880.382239
1101 2.739896 2883.122274
1102 2.347095 2885.469493
1103 2.64998 2888.119614
1104 2.671283 2890.791019
1105 2.34883 2893.139973
1106 2.648788 2895.788903
1107 2.62721 2898.416232
1108 3.051012 2901.467371
1109 2.712292 2904.179798
1110 2.041624 2906.221549
1111 2.25686 2908.478529
1112 2.323088 2910.801752
1113 2.647177 2913.449064
1114 2.350002 2915.799191
1115 1.972315 2917.771648
1116 2.569455 2920.34122
1117 2.686221 2923.027575
1118 2.648314 2925.676009
1119 2.737854 2928.413987
1120 2.663796 2931.077919
1121 2.75043 2933.828475
1122 2.635904 2936.464526
1123 2.351361 2938.816007
1124 2.322843 2941.138983
1125 2.636745 2943.775864
1126 2.694293 2946.470277
1127 2.367465 2948.837884
1128 2.369652 2951.207669
1129 2.58364 2953.791448
1130 2.031197 2955.822764
1131 1.937834 2957.760714
1132 1.895255 2959.656091
1133 2.602657 2962.258864
1134 2.348312 2964.607295
1135 2.702018 2967.30945
1136 2.628165 2969.93775
1137 2.738415 2972.676287
1138 2.352841 2975.029263
1139 2.691497 2977.720925
1140 2.698625 2980.419691
1141 2.354604 2982.774431
1142 2.701845 2985.476419
1143 1.977118 2987.453677
1144 2.275516 2989.72931
1145 1.981867 2991.711336
1146 2.278696 2993.99015
1147 2.689054 2996.679339
1148 2.348899 2999.028378
1149 2.663372 3001.691885
1150 2.017067 3003.709078
1151 1.905058 3005.614256
1152 2.636305 3008.250678
1153 2.021049 3010.271862
1154 2.964591 3013.23657
1155 2.682679 3015.919383
1156 2.355505 3018.275012
1157 2.65419 3020.929339
1158 2.734392 3023.663895
1159 2.706257 3026.370293
1160 2.381919 3028.752345
1161 1.973412 3030.725897
1162 2.565271 3033.291283
1163 2.741702 3036.033107
1164 2.368011 3038.401281
1165 2.631525 3041.032952
1166 2.692016 3043.725111
1167 2.347573 3046.072808
1168 2.657718 3048.73066
1169 2.34508 3051.075865
1170 2.623175 3053.699177
1171 2.368333 3056.067629
1172 2.682173 3058.749944
1173 2.664012 3061.414092
1174 2.724934 3064.139154
1175 3.023756 3067.163045
1176 2.396987 3069.560159
1177 2.664113 3072.224411
1178 2.660364 3074.884895
1179 2.731461 3077.616497
1180 2.69769 3080.314327
1181 2.007003 3082.321464
1182 2.950222 3085.271802
1183 2.743043 3088.014985
1184 2.011852 3090.026977
1185 2.26282 3092.289913
1186 2.610379 3094.900433
1187 2.728434 3097.628986
1188 3.018702 3100.64783
1189 2.714837 3103.362788
1190 2.379903 3105.742826
1191 2.990882 3108.733847
1192 2.744053 3111.478036
1193 2.738924 3114.217101
1194 2.35065 3116.567884
1195 2.334951 3118.902976
1196 2.996746 3121.899859
1197 2.392836 3124.292833
1198 2.997491 3127.290465
1199 2.736424 3130.027022
1200 2.726562 3132.753724
1201 2.691324 3135.445186
1202 3.035875 3138.4812
1203 2.740386 3141.221726
1204 3.03883 3144.260699
1205 3.093983 3147.354822
1206 2.057898 3149.412862
1207 2.954575 3152.367559
1208 2.016135 3154.383831
1209 2.946799 3157.330746
1210 3.089933 3160.42082
1211 2.738946 3163.159901
1212 2.735079 3165.89512
1213 2.352174 3168.247432
1214 2.684437 3170.932007
1215 3.061595 3173.993736
1216 2.713298 3176.70717
1217 3.051489 3179.758798
1218 3.112018 3182.870951
1219 2.392354 3185.263447
1220 2.330455 3187.594037
1221 2.692588 3190.28676
1222 2.023506 3192.310402
1223 2.963347 3195.273868
1224 2.717435 3197.991443
1225 2.700677 3200.69226
1226 3.052267 3203.744662
1227 2.751997 3206.496797
1228 2.747708 3209.244641
1229 2.675815 3211.920594
1230 2.040128 3213.960859
1231 2.577657 3216.538634
1232 2.358284 3218.897056
1233 2.375728 3221.272918
1234 2.62624 3223.899293
1235 2.735273 3226.634708
1236 2.694866 3229.329714
1237 3.055247 3232.385102
1238 2.062157 3234.447393
1239 2.571595 3237.019107
1240 3.025012 3240.044258
1241 2.425665 3242.470058
1242 2.98475 3245.454946
1243 2.775374 3248.230457
1244 2.711486 3250.942081
1245 2.348826 3253.291041
1246 2.3314 3255.622576
1247 2.703288 3258.326003
1248 2.675395 3261.001533
1249 2.743006 3263.744679
1250 2.704626 3266.449445
1251 2.753188 3269.202779
1252 1.983644 3271.18656
1253 2.64234 3273.829017
1254 3.012652 3276.841805
1255 2.75159 3279.593535
1256 3.055753 3282.649427
1257 2.75665 3285.406217
1258 2.75619 3288.162542
1259 3.02888 3291.191563
1260 2.754906 3293.946606
1261 2.746837 3296.693578
1262 3.02646 3299.72018
1263 3.114016 3302.834331
1264 2.750992 3305.585462
1265 2.696974 3308.282573
1266 2.006866 3310.289583
1267 2.263172 3312.55287
1268 1.96761 3314.520613
1269 2.266811 3316.787544
1270 2.69476 3319.482446
1271 2.665484 3322.148065
1272 2.007429 3324.155631
1273 2.647432 3326.803183
1274 3.007708 3329.811023
1275 2.739387 3332.550549
1276 2.746553 3335.297241
1277 2.673121 3337.970514
1278 2.367765 3340.338414
1279 2.372047 3342.710597
1280 2.628935 3345.339671
1281 2.738396 3348.078201
1282 2.029167 3350.107507
1283 2.588503 3352.696123
1284 2.740162 3355.436418
1285 3.020719 3358.457275
1286 2.440299 3360.897723
1287 2.652796 3363.550659
1288 3.049246 3366.600044
1289 2.748757 3369.348942
1290 3.063368 3372.41245
1291 2.434868 3374.847452
1292 2.623902 3377.471494
1293 2.726852 3380.198486
1294 3.070719 3383.26934
1295 2.026051 3385.29556
1296 2.63887 3387.93455
1297 3.065828 3391.000511
1298 2.39456 3393.395213
1299 2.698565 3396.093916
1300 2.675566 3398.769618
1301 2.736044 3401.5058
1302 2.017483 3403.523417
1303 2.27716 3405.800697
1304 2.303451 3408.104285
1305 1.972298 3410.076718
1306 2.267906 3412.344742
1307 2.336091 3414.680972
1308 2.646568 3417.327675
1309 2.732323 3420.060133
1310 2.705736 3422.766005
1311 2.756486 3425.522626
1312 3.05088 3428.573647
1313 2.36405 3430.937832
1314 1.992505 3432.930479
1315 2.260948 3435.191547
1316 2.702814 3437.894493
1317 3.023303 3440.91794
1318 3.130243 3444.048316
1319 2.72029 3446.768745
1320 2.700583 3449.469464
1321 2.734583 3452.204184
1322 3.072517 3455.276837
1323 2.406823 3457.683828
1324 1.983919 3459.667886
1325 2.580983 3462.248983
1326 2.736765 3464.985883
1327 2.022569 3467.008593
1328 2.595669 3469.604377
1329 2.744216 3472.348729
1330 1.985505 3474.334371
1331 2.933804 3477.268293
1332 2.741216 3480.009654
1333 3.040514 3483.050306
1334 2.432914 3485.483354
1335 2.650334 3488.133828
1336 2.734233 3490.868196
1337 3.067427 3493.935764
1338 2.714344 3496.650246
1339 2.74549 3499.395872
1340 2.706785 3502.1028
1341 2.66173 3504.764665
1342 2.730971 3507.495759
1343 2.356433 3509.852332
1344 1.967964 3511.82043
1345 2.610277 3514.430828
1346 2.637002 3517.067949
1347 2.34323 3519.411308
1348 2.331594 3521.743044
1349 2.9908 3524.733979
1350 2.049497 3526.783618
1351 2.26398 3529.047719
1352 2.330803 3531.378657
1353 2.638519 3534.01731
1354 2.424938 3536.442405
1355 3.001396 3539.443935
1356 2.717482 3542.161555
1357 2.352969 3544.514661
1358 2.330763 3546.845567
1359 2.688255 3549.533959
1360 2.704971 3552.239066
1361 2.700301 3554.93951
1362 2.730076 3557.669728
1363 2.694181 3560.364046
1364 2.013745 3562.37793
1365 2.591429 3564.969475
1366 2.71671 3567.686321
1367 2.344113 3570.030575
1368 2.99317 3573.023878
1369 2.428821 3575.452843
1370 2.669991 3578.122974
1371 2.664809 3580.787907
1372 2.382039 3583.170092
1373 2.689439 3585.859668
1374 2.353014 3588.212817
1375 2.702142 3590.915103
1376 2.027537 3592.942774
1377 1.904559 3594.84745
1378 2.603534 3597.451101
