# instance ../../../instances/fattree-bcube/BCube_n16_k2_bw10_cpu16.pn
# Settings: PN=../../../instances/fattree-bcube/BCube_n16_k2_bw10_cpu16.pn, VN=../../../instances/fattree-bcube/instance_list_6vm_rnd.txt, multi-thread=True
init 0.200669 0.200669
1 11.415351 11.61602
2 12.223483 23.839636
3 12.308574 36.148346
4 12.219718 48.36821
5 8.899197 57.267552
6 13.531931 70.799626
7 12.128013 82.927775
8 10.563959 93.491875
9 10.232463 103.724475
10 8.888654 112.613268
11 12.152684 124.766093
12 12.219885 136.986116
13 12.163427 149.149687
14 12.1737 161.323528
15 10.613796 171.937472
16 11.915302 183.85291
17 12.246238 196.099286
18 12.202389 208.301819
19 12.170578 220.472542
20 12.256915 232.729593
21 12.148757 244.878486
22 12.169969 257.048597
23 10.639176 267.687919
24 13.769615 281.457679
25 12.232034 293.689857
26 9.19888 302.888874
27 10.290093 313.179103
28 8.859123 322.038364
29 11.86402 333.902529
30 12.162466 346.065132
31 12.290237 358.35553
32 10.736382 369.092056
33 12.047418 381.139619
34 13.786341 394.926099
35 14.080158 409.006402
36 10.767355 419.773899
37 12.062183 431.836227
38 12.370701 444.207074
39 12.333684 456.540894
40 12.137191 468.678229
41 12.25565 480.934024
42 10.743672 491.677833
43 13.80576 505.48373
44 12.345309 517.829186
45 9.135326 526.964694
46 11.837647 538.802483
47 13.853427 552.656053
48 9.285877 561.942075
49 8.703306 570.645515
50 12.027586 582.673236
51 12.23204 594.905442
52 12.224879 607.130459
53 12.696388 619.82699
54 12.377507 632.204643
55 10.791142 642.995924
56 12.479664 655.475726
57 10.770593 666.246465
58 13.394821 679.641427
59 13.652554 693.294112
60 10.910924 704.205177
61 10.607993 714.81333
62 10.490627 725.304095
63 13.768763 739.073003
64 13.780109 752.853253
65 13.431487 766.284881
66 13.688829 779.973844
67 10.870356 790.844335
68 11.539079 802.383555
69 13.649498 816.033185
70 13.718862 829.752205
71 13.631176 843.38352
72 13.477956 856.861607
73 15.424568 872.286312
74 13.618778 885.905224
75 13.608074 899.51349
76 13.578421 913.092048
77 10.952168 924.044345
78 14.945877 938.990364
79 13.781972 952.772472
80 13.8791 966.651704
81 9.138685 975.790523
82 10.489744 986.280411
83 9.062825 995.34338
84 13.115129 1008.458646
85 9.188895 1017.647679
86 13.553648 1031.201468
87 11.541498 1042.743099
88 8.9669 1051.710133
89 10.620931 1062.331201
90 13.386934 1075.718277
91 11.740433 1087.458841
92 14.995506 1102.454484
93 13.783345 1116.237961
94 15.214783 1131.45288
95 11.982711 1143.435724
96 13.481258 1156.917112
97 11.554726 1168.471996
98 11.475525 1179.947662
99 13.450487 1193.39828
100 9.078106 1202.476516
101 13.147963 1215.624619
102 9.136256 1224.761011
103 13.434414 1238.195569
104 13.39255 1251.588257
105 10.814893 1262.403285
106 13.812448 1276.215873
107 9.14387 1285.359881
108 14.96096 1300.320989
109 9.315343 1309.636461
110 8.811294 1318.447902
111 10.46995 1328.917997
112 9.085932 1338.004075
113 13.592939 1351.597158
114 13.743149 1365.340454
115 13.545417 1378.886009
116 13.630738 1392.516883
117 13.632703 1406.149717
118 10.709477 1416.859334
119 13.572442 1430.431921
120 13.613104 1444.045153
121 13.667788 1457.71309
122 13.54836 1471.261586
123 11.756667 1483.018384
124 8.926828 1491.945346
125 10.471945 1502.417436
126 13.696808 1516.114383
127 13.630591 1529.745116
128 13.541565 1543.286841
129 13.535449 1556.822422
130 15.32132 1572.143878
131 13.785735 1585.929743
132 13.566511 1599.496389
133 10.73282 1610.229349
134 13.717448 1623.946945
135 15.093073 1639.040147
136 15.437797 1654.478082
137 14.021185 1668.499398
138 13.465481 1681.965015
139 13.57798 1695.543131
140 11.625023 1707.168287
141 13.710346 1720.878769
142 13.513315 1734.392218
143 13.609605 1748.001953
144 15.56308 1763.565168
145 9.181327 1772.74665
146 13.292296 1786.039081
147 13.684657 1799.723871
148 13.662362 1813.386371
149 11.576472 1824.962977
150 13.713279 1838.676395
151 15.124646 1853.801183
152 15.338033 1869.13939
153 13.81978 1882.959306
154 11.486991 1894.446429
155 15.104232 1909.55079
156 13.912514 1923.463443
157 11.608416 1935.071988
158 15.128129 1950.200251
159 15.296704 1965.497109
160 15.284802 1980.782068
161 14.030607 1994.812808
162 13.451946 2008.264891
163 9.242231 2017.507259
164 9.005144 2026.512547
165 13.227386 2039.740079
166 10.927062 2050.667279
167 10.774646 2061.442064
168 11.395386 2072.83759
169 13.564319 2086.402035
170 13.529051 2099.931226
171 10.920517 2110.851867
172 13.392204 2124.244211
173 13.665602 2137.909944
174 13.66816 2151.578241
175 13.586855 2165.165233
176 10.969271 2176.134666
177 13.454306 2189.589118
178 13.43066 2203.019935
179 11.765679 2214.785746
180 13.46919 2228.255067
181 15.180307 2243.43551
182 13.689277 2257.124924
183 13.691939 2270.816998
184 13.587139 2284.404268
185 13.633964 2298.038369
186 13.751362 2311.789865
187 13.461766 2325.251764
188 13.74969 2339.001595
189 13.431038 2352.432773
190 11.718756 2364.151659
191 13.627121 2377.778913
192 13.413453 2391.192501
193 13.487678 2404.680308
194 9.432413 2414.112856
195 11.359515 2425.47251
196 13.37346 2438.846105
197 13.674349 2452.520589
198 15.120838 2467.641563
199 13.876647 2481.518345
200 15.246242 2496.764724
201 15.682433 2512.447294
202 13.811017 2526.25844
203 9.182887 2535.441476
204 13.278716 2548.720337
205 13.656028 2562.376498
206 10.770411 2573.147044
207 9.159267 2582.306453
208 13.409681 2595.716272
209 13.611029 2609.327442
210 13.52471 2622.852287
211 13.716896 2636.569313
212 15.43622 2652.005675
213 13.784154 2665.789967
214 9.256345 2675.04645
215 14.925638 2689.972233
216 15.290791 2705.263155
217 15.501148 2720.76444
218 15.488433 2736.253007
219 13.867457 2750.120604
220 11.593353 2761.714086
221 13.650585 2775.364802
222 11.611277 2786.97622
223 9.063454 2796.039811
224 11.435118 2807.475072
225 13.383899 2820.859112
226 13.709793 2834.569037
227 13.664656 2848.233822
228 13.537954 2861.771914
229 9.235418 2871.007462
230 15.046071 2886.053673
231 13.554043 2899.607856
232 13.734116 2913.34211
233 15.328969 2928.671208
234 13.852156 2942.523505
235 13.706378 2956.23002
236 13.762969 2969.993122
237 13.762659 2983.755932
238 15.238239 2998.994304
239 10.899908 3009.894349
240 11.572484 3021.466982
241 15.214758 3036.681872
242 13.749154 3050.431164
243 10.967841 3061.399139
244 14.909379 3076.308661
245 13.882869 3090.19167
246 13.712481 3103.904286
247 9.24557 3113.14999
248 13.21622 3126.366346
249 15.509467 3141.875954
250 13.563072 3155.439158
251 9.410996 3164.85029
252 13.214299 3178.064732
253 13.748406 3191.813275
254 13.555674 3205.36908
255 15.197807 3220.567026
256 13.770627 3234.337786
257 13.67002 3248.007934
258 15.404615 3263.412688
259 10.843342 3274.256163
260 13.586036 3287.842339
261 15.092839 3302.935316
262 15.337675 3318.273122
263 13.941067 3332.21435
264 15.324241 3347.538727
265 13.823956 3361.362817
