# instance ../../../instances/fattree-bcube/BCube_n12_k2_bw10_cpu16.pn
# Settings: PN=../../../instances/fattree-bcube/BCube_n12_k2_bw10_cpu16.pn, VN=../../../instances/fattree-bcube/instance_list_12vm_rnd.txt, multi-thread=True
init 0.08855 0.08855
1 12.675841 12.764391
2 12.368271 25.132794
3 12.972883 38.105814
4 10.98802 49.093976
5 12.217714 61.31183
6 11.481005 72.792971
7 12.27333 85.066436
8 11.512068 96.578641
9 11.670136 108.248915
10 12.36041 120.609459
11 11.653379 132.262974
12 13.911548 146.174656
13 13.079235 159.25403
14 13.21439 172.468562
15 13.255706 185.724399
16 12.685767 198.41031
17 13.152591 211.56304
18 12.410861 223.974036
19 11.106665 235.080839
20 12.943667 248.024642
21 11.151676 259.176455
22 12.552221 271.728815
23 11.041634 282.770583
24 12.409779 295.180495
25 11.071549 306.252187
26 11.639152 317.891477
27 10.859044 328.750663
28 11.031248 339.78205
29 11.139748 350.921938
30 12.281008 363.203081
31 12.397393 375.600611
32 13.208842 388.809589
33 13.563479 402.373205
34 13.397623 415.770968
35 12.391515 428.162627
36 13.086705 441.24948
37 13.87755 455.127169
38 11.917722 467.045027
39 11.485257 478.53042
40 11.621115 490.151683
41 12.766512 502.918336
42 12.880332 515.79881
43 10.32319 526.122154
44 11.228096 537.350397
45 11.389218 548.739764
46 12.324339 561.064251
47 11.312852 572.377247
48 11.774229 584.151608
49 10.348383 594.50016
50 11.211715 605.712017
51 12.322153 618.034317
52 11.318397 629.352862
53 13.163521 642.516524
54 12.15737 654.674037
55 11.620486 666.294656
56 11.777249 678.072051
57 10.381909 688.454106
58 11.437772 699.892022
59 11.188406 711.08057
60 9.962668 721.043379
61 12.102813 733.146332
62 10.400699 743.547175
63 11.221996 754.76931
64 11.098235 765.867683
65 9.964175 775.832004
66 10.30177 786.133919
67 12.139598 798.27366
68 10.525212 808.799002
69 12.354955 821.154099
70 12.812409 833.966647
71 11.645144 845.611932
72 12.268038 857.880117
73 12.151587 870.031842
74 11.191894 881.223876
75 11.844806 893.068823
76 11.601673 904.670635
77 10.392904 915.063678
78 11.491101 926.554928
79 11.714802 938.269873
80 10.464515 948.734536
81 11.136118 959.8708
82 10.443128 970.314076
83 12.930735 983.24495
84 10.477687 993.722779
85 12.318267 1006.041182
86 12.064374 1018.105698
87 12.375766 1030.481607
88 12.41336 1042.895106
89 12.317103 1055.212351
90 13.078877 1068.291387
91 12.646148 1080.937678
92 11.893309 1092.831127
93 13.079995 1105.911278
94 11.213946 1117.125371
95 11.313919 1128.439441
96 12.351965 1140.79155
97 13.075321 1153.867039
98 13.129168 1166.996353
99 10.530865 1177.527363
100 10.827784 1188.355292
101 10.472603 1198.82804
102 11.614874 1210.443057
103 10.918532 1221.361731
104 12.416284 1233.778152
105 10.465849 1244.24414
106 11.445253 1255.689532
107 11.796554 1267.486234
108 12.415502 1279.901886
109 10.445164 1290.347188
110 11.47641 1301.823737
111 10.525622 1312.349499
112 11.589192 1323.938833
113 11.187681 1335.126653
114 11.597066 1346.723864
115 10.475499 1357.199502
116 10.291356 1367.491006
117 10.904391 1378.39554
118 11.614119 1390.009833
119 11.749666 1401.759641
120 12.346793 1414.106599
121 12.437033 1426.543773
122 12.331924 1438.875843
123 11.911281 1450.787264
124 10.37348 1461.160882
125 12.102 1473.263022
126 11.842131 1485.105295
127 11.652566 1496.758008
128 10.644551 1507.402711
129 11.543448 1518.946301
130 11.675601 1530.622049
131 12.433655 1543.055848
132 11.070692 1554.126679
133 10.358014 1564.484833
134 11.521234 1576.006209
135 12.383945 1588.390299
136 11.774781 1600.165224
137 11.724874 1611.890239
138 12.298751 1624.189131
139 12.439932 1636.629202
140 12.298607 1648.927959
141 12.385783 1661.313891
142 11.877967 1673.191994
143 11.740459 1684.932598
144 11.516065 1696.448805
145 12.548083 1708.997033
146 12.219165 1721.216346
147 11.911887 1733.128371
148 11.74868 1744.877187
149 12.328716 1757.206048
150 12.189171 1769.395366
151 10.538916 1779.934426
152 10.94984 1790.884408
153 10.328884 1801.21343
154 10.342381 1811.555949
155 10.947255 1822.503341
156 12.208031 1834.711512
157 10.550887 1845.262539
158 11.567435 1856.830118
159 12.309049 1869.139331
160 10.458533 1879.59801
161 12.13886 1891.737016
162 11.274173 1903.011332
163 11.63984 1914.651317
164 12.28289 1926.934344
165 10.571141 1937.505634
166 10.911117 1948.416892
167 12.164929 1960.581966
168 10.577391 1971.159501
169 12.117353 1983.276992
170 11.71842 1994.995554
171 10.458156 2005.453892
172 11.552532 2017.006568
173 12.5271 2029.533815
174 12.208454 2041.74242
175 11.889314 2053.631882
176 10.459556 2064.091575
177 11.571946 2075.663697
178 11.750666 2087.414506
179 11.557173 2098.971822
180 10.576296 2109.548262
181 12.193125 2121.741532
182 11.602882 2133.344556
183 12.567093 2145.911787
184 10.482515 2156.394449
185 10.13155 2166.526138
186 10.949783 2177.476064
187 10.331003 2187.807211
188 12.909972 2200.717328
189 12.554238 2213.271706
190 11.602939 2224.874789
191 12.922649 2237.797579
192 12.574388 2250.37211
193 10.401767 2260.774014
194 10.932149 2271.706306
195 13.073354 2284.779798
196 12.283581 2297.063517
197 11.882321 2308.946014
198 11.766665 2320.712827
199 12.938972 2333.651941
200 12.459343 2346.111425
201 11.717636 2357.829206
202 12.38076 2370.210108
203 12.466822 2382.677078
204 13.178831 2395.85605
205 11.701121 2407.557319
206 12.348719 2419.906182
207 11.701901 2431.60822
208 11.781568 2443.389926
209 12.930092 2456.320162
210 12.566782 2468.887085
211 12.365243 2481.252472
212 10.497091 2491.749703
213 11.562926 2503.312769
214 11.856705 2515.169614
215 11.768253 2526.938016
216 10.399969 2537.338132
217 10.147438 2547.485713
218 10.350694 2557.836551
219 11.068869 2568.905565
220 12.217813 2581.123521
221 11.164806 2592.288496
222 12.109444 2604.398081
223 12.476633 2616.874852
224 12.443863 2629.318857
225 11.149678 2640.468683
226 10.905039 2651.37386
227 12.450293 2663.82429
228 11.609602 2675.434034
229 11.179936 2686.614114
230 11.776853 2698.391113
231 11.559039 2709.950297
232 11.239231 2721.189669
233 11.674077 2732.863882
234 12.964721 2745.828747
235 12.541664 2758.370562
236 13.040749 2771.411457
237 12.549649 2783.961251
238 11.634509 2795.595902
239 12.383695 2807.979737
240 11.901217 2819.881098
241 10.954527 2830.835757
242 11.677672 2842.513568
243 12.359976 2854.873686
244 10.521521 2865.395353
245 12.253504 2877.649004
246 10.500195 2888.149346
247 11.581378 2899.730867
248 12.295776 2912.026791
249 11.138953 2923.165887
250 11.593049 2934.759072
251 12.367332 2947.126544
252 13.110423 2960.237117
253 10.594255 2970.83151
254 10.237685 2981.069333
255 12.354976 2993.424448
256 11.851552 3005.276138
257 10.383614 3015.659893
258 12.090579 3027.750617
259 11.822169 3039.572932
260 12.378832 3051.951903
261 12.317706 3064.269752
262 11.862523 3076.132417
263 10.452519 3086.585079
264 10.395643 3096.980867
265 11.535068 3108.51608
266 10.45228 3118.968502
267 12.2347 3131.203342
268 12.234092 3143.437578
269 13.061103 3156.498821
270 11.964173 3168.463138
271 11.686181 3180.149471
272 10.431165 3190.580778
273 13.006954 3203.587873
274 12.353187 3215.941209
275 11.930909 3227.872262
276 12.037454 3239.909858
277 11.861075 3251.771076
278 10.990513 3262.761725
279 12.834445 3275.596307
280 11.219641 3286.816097
281 12.482568 3299.298811
282 11.939436 3311.238393
283 12.448122 3323.686655
284 12.510581 3336.197373
285 10.611641 3346.809163
286 11.541634 3358.350946
287 12.435683 3370.786776
288 11.067206 3381.854123
289 10.356023 3392.210289
290 11.002409 3403.212837
291 12.274978 3415.487953
292 13.085692 3428.573794
293 12.980373 3441.554307
294 12.610799 3454.165249
295 11.672336 3465.837723
296 11.726544 3477.564415
297 11.789943 3489.354502
298 12.357075 3501.711721
299 10.517966 3512.229829
300 10.944506 3523.174474
301 11.732971 3534.907582
302 11.623009 3546.53076
303 13.202095 3559.733004
304 11.746966 3571.480117
305 12.484418 3583.964672
