#secondnet
init 0 0
1 0.000101 0.000101
2 0.000095 0.000196
3 0.000055 0.000251
4 0.000050 0.000301
5 0.000049 0.000350
6 0.000047 0.000397
7 0.000048 0.000445
8 0.000061 0.000506
9 0.000051 0.000557
10 0.000046 0.000603
11 0.000048 0.000651
12 0.000046 0.000697
13 0.000047 0.000744
14 0.000047 0.000791
15 0.000047 0.000838
16 0.000048 0.000886
17 0.000047 0.000933
18 0.000049 0.000982
19 0.000052 0.001034
20 0.000061 0.001095
21 0.000053 0.001148
22 0.000051 0.001199
23 0.000060 0.001259
24 0.000051 0.001310
25 0.000050 0.001360
26 0.000058 0.001418
27 0.000051 0.001469
28 0.000050 0.001519
29 0.000050 0.001569
30 0.000056 0.001625
31 0.000050 0.001675
32 0.000054 0.001729
33 0.000056 0.001785
34 0.000048 0.001833
35 0.000051 0.001884
36 0.000062 0.001946
37 0.000060 0.002006
38 0.000055 0.002061
39 0.000055 0.002116
40 0.000048 0.002164
41 0.000065 0.002229
42 0.000058 0.002287
43 0.000051 0.002338
44 0.000056 0.002394
45 0.000057 0.002451
46 0.000052 0.002503
47 0.000267 0.002770
48 0.000066 0.002836
49 0.000190 0.003026
50 0.000062 0.003088
51 0.000066 0.003154
52 0.000071 0.003225
53 0.000054 0.003279
done 53 0.000310 0.003589
