#secondnet
init 0 0
1 0.000121 0.000121
2 0.000121 0.000242
3 0.000081 0.000323
4 0.000073 0.000396
5 0.000070 0.000466
6 0.000075 0.000541
7 0.000070 0.000611
8 0.000069 0.000680
9 0.000070 0.000750
10 0.000070 0.000820
11 0.000069 0.000889
12 0.000069 0.000958
13 0.000068 0.001026
14 0.000070 0.001096
15 0.000067 0.001163
16 0.000070 0.001233
17 0.000069 0.001302
18 0.000069 0.001371
19 0.000080 0.001451
20 0.000074 0.001525
21 0.000070 0.001595
22 0.000069 0.001664
23 0.000080 0.001744
24 0.000076 0.001820
25 0.000074 0.001894
26 0.000073 0.001967
27 0.000075 0.002042
28 0.000071 0.002113
29 0.000070 0.002183
30 0.000070 0.002253
31 0.000071 0.002324
32 0.000073 0.002397
33 0.000070 0.002467
34 0.000068 0.002535
35 0.000070 0.002605
36 0.000070 0.002675
37 0.000080 0.002755
38 0.000076 0.002831
39 0.000072 0.002903
40 0.000074 0.002977
41 0.000073 0.003050
42 0.000072 0.003122
43 0.000072 0.003194
44 0.000072 0.003266
45 0.000071 0.003337
46 0.000076 0.003413
47 0.000078 0.003491
48 0.000072 0.003563
49 0.000076 0.003639
50 0.000073 0.003712
51 0.000079 0.003791
52 0.000089 0.003880
53 0.000078 0.003958
54 0.000076 0.004034
55 0.000086 0.004120
56 0.000075 0.004195
57 0.000078 0.004273
58 0.000084 0.004357
59 0.000076 0.004433
60 0.000071 0.004504
61 0.000075 0.004579
62 0.000074 0.004653
63 0.000074 0.004727
64 0.000081 0.004808
65 0.000078 0.004886
66 0.000076 0.004962
67 0.000075 0.005037
68 0.000071 0.005108
69 0.000074 0.005182
70 0.000076 0.005258
71 0.000073 0.005331
72 0.000089 0.005420
73 0.000079 0.005499
74 0.000080 0.005579
75 0.000075 0.005654
76 0.000076 0.005730
77 0.000080 0.005810
78 0.000076 0.005886
79 0.000073 0.005959
80 0.000074 0.006033
done 80 0.001171 0.007204
