#secondnet
init 0 0
1 0.000087 0.000087
2 0.000085 0.000172
3 0.000058 0.000230
4 0.000056 0.000286
5 0.000055 0.000341
6 0.000054 0.000395
7 0.000054 0.000449
8 0.000054 0.000503
9 0.000058 0.000561
10 0.000053 0.000614
11 0.000052 0.000666
12 0.000053 0.000719
13 0.000051 0.000770
14 0.000052 0.000822
15 0.000051 0.000873
16 0.000052 0.000925
17 0.000052 0.000977
18 0.000053 0.001030
19 0.000054 0.001084
20 0.000053 0.001137
21 0.000052 0.001189
22 0.000052 0.001241
23 0.000060 0.001301
24 0.000056 0.001357
25 0.000054 0.001411
26 0.000052 0.001463
27 0.000052 0.001515
28 0.000053 0.001568
29 0.000053 0.001621
30 0.000053 0.001674
31 0.000052 0.001726
32 0.000053 0.001779
33 0.000052 0.001831
34 0.000052 0.001883
35 0.000052 0.001935
36 0.000059 0.001994
37 0.000052 0.002046
38 0.000052 0.002098
39 0.000050 0.002148
40 0.000052 0.002200
41 0.000051 0.002251
42 0.000051 0.002302
43 0.000052 0.002354
44 0.000052 0.002406
45 0.000052 0.002458
46 0.000054 0.002512
47 0.000054 0.002566
48 0.000055 0.002621
49 0.000055 0.002676
50 0.000054 0.002730
51 0.000053 0.002783
52 0.000055 0.002838
53 0.000054 0.002892
54 0.000054 0.002946
55 0.000054 0.003000
56 0.000053 0.003053
57 0.000054 0.003107
58 0.000054 0.003161
59 0.000053 0.003214
60 0.000054 0.003268
61 0.000054 0.003322
62 0.000054 0.003376
63 0.000057 0.003433
64 0.000054 0.003487
65 0.000054 0.003541
66 0.000058 0.003599
67 0.000056 0.003655
68 0.000056 0.003711
69 0.000054 0.003765
70 0.000054 0.003819
71 0.000055 0.003874
72 0.000054 0.003928
73 0.000056 0.003984
74 0.000054 0.004038
75 0.000055 0.004093
76 0.000054 0.004147
77 0.000055 0.004202
78 0.000054 0.004256
79 0.000054 0.004310
80 0.000054 0.004364
81 0.000057 0.004421
82 0.000058 0.004479
83 0.000055 0.004534
84 0.000054 0.004588
85 0.000058 0.004646
86 0.000054 0.004700
87 0.000053 0.004753
88 0.000057 0.004810
89 0.000054 0.004864
90 0.000062 0.004926
91 0.000058 0.004984
92 0.000054 0.005038
93 0.000053 0.005091
94 0.000057 0.005148
95 0.000053 0.005201
96 0.000053 0.005254
97 0.000063 0.005317
98 0.000056 0.005373
99 0.000057 0.005430
100 0.000058 0.005488
101 0.000053 0.005541
102 0.000054 0.005595
103 0.000053 0.005648
104 0.000053 0.005701
105 0.000054 0.005755
106 0.000055 0.005810
107 0.000054 0.005864
108 0.000054 0.005918
109 0.000055 0.005973
110 0.000055 0.006028
111 0.000054 0.006082
112 0.000060 0.006142
113 0.000054 0.006196
114 0.000054 0.006250
115 0.000052 0.006302
116 0.000058 0.006360
117 0.000053 0.006413
118 0.000053 0.006466
119 0.000054 0.006520
120 0.000052 0.006572
121 0.000055 0.006627
122 0.000054 0.006681
123 0.000053 0.006734
124 0.000054 0.006788
125 0.000054 0.006842
126 0.000053 0.006895
127 0.000055 0.006950
128 0.000053 0.007003
129 0.000054 0.007057
130 0.000053 0.007110
131 0.000054 0.007164
132 0.000054 0.007218
133 0.000054 0.007272
134 0.000055 0.007327
135 0.000053 0.007380
136 0.000053 0.007433
137 0.000054 0.007487
138 0.000053 0.007540
139 0.000055 0.007595
140 0.000054 0.007649
141 0.000055 0.007704
142 0.000062 0.007766
143 0.000054 0.007820
144 0.000054 0.007874
145 0.000060 0.007934
146 0.000055 0.007989
147 0.000055 0.008044
148 0.000065 0.008109
149 0.000055 0.008164
150 0.000057 0.008221
151 0.000059 0.008280
152 0.000054 0.008334
153 0.000060 0.008394
154 0.000058 0.008452
155 0.000053 0.008505
156 0.000060 0.008565
157 0.000058 0.008623
158 0.000054 0.008677
159 0.000061 0.008738
160 0.000057 0.008795
161 0.000052 0.008847
162 0.000058 0.008905
163 0.000056 0.008961
164 0.000056 0.009017
165 0.000057 0.009074
166 0.000056 0.009130
167 0.000053 0.009183
168 0.000054 0.009237
169 0.000068 0.009305
170 0.000055 0.009360
171 0.000059 0.009419
172 0.000058 0.009477
173 0.000056 0.009533
174 0.000053 0.009586
175 0.000056 0.009642
176 0.000053 0.009695
177 0.000056 0.009751
178 0.000057 0.009808
179 0.000055 0.009863
180 0.000056 0.009919
181 0.000059 0.009978
182 0.000069 0.010047
183 0.000505 0.010552
184 0.000080 0.010632
185 0.000061 0.010693
186 0.000474 0.011167
187 0.000487 0.011654
188 0.000473 0.012127
189 0.000065 0.012192
190 0.000059 0.012251
191 0.000057 0.012308
192 0.000064 0.012372
193 0.000057 0.012429
194 0.000055 0.012484
195 0.000059 0.012543
196 0.000056 0.012599
197 0.000056 0.012655
198 0.000056 0.012711
199 0.000069 0.012780
200 0.000055 0.012835
201 0.000055 0.012890
202 0.000056 0.012946
203 0.000478 0.013424
204 0.000064 0.013488
205 0.000469 0.013957
206 0.000702 0.014659
207 0.000679 0.015338
208 0.000066 0.015404
209 0.000670 0.016074
210 0.000676 0.016750
211 0.000066 0.016816
212 0.000675 0.017491
213 0.000068 0.017559
214 0.000059 0.017618
215 0.000066 0.017684
216 0.000669 0.018353
217 0.000674 0.019027
done 217 0.001355 0.020382
