[runlim] version:		1.7
[runlim] time limit:		3600 seconds
[runlim] real time limit:	311040000 seconds
[runlim] space limit:		80000 MB
[runlim] argv[0]:		./vdcalloc_print_final_pn
[runlim] argv[1]:		../../../instances/hadoop/instance_list_hadoop_8vm_rnd.txt
[runlim] argv[2]:		3
[runlim] argv[3]:		0
[runlim] argv[4]:		0
[runlim] argv[5]:		0
[runlim] argv[6]:		0
[runlim] argv[7]:		timelogs/results.us_west1.pn.instance_list_hadoop_8vm_rnd.txt.log
[runlim] start:			Mon Sep 30 03:33:41 2019
[runlim] main pid:		14226
Running Secondnet on ../../../instances/hadoop/instance_list_hadoop_8vm_rnd.txt
Read 3840 instances
Running Secondnet on US-West1 instance /home/sam/workspacePython/monosat_py2_datacenter/instances/hadoop_small/us-west1.pn
server id 0: 1200
server id 1: 1200
server id 2: 1200
server id 3: 1200
server id 4: 1200
server id 5: 1200
server id 6: 1200
server id 7: 1200
server id 8: 1200
server id 9: 1200
server id 10: 1200
server id 11: 1200
server id 12: 1200
server id 13: 1200
server id 14: 1200
server id 15: 1200
server id 16: 1200
server id 17: 1200
server id 18: 1200
server id 19: 1200
server id 20: 1201
server id 21: 1201
server id 22: 1201
server id 23: 1201
server id 24: 1201
server id 25: 1201
server id 26: 1201
server id 27: 1201
server id 28: 1201
server id 29: 1201
server id 30: 1201
server id 31: 1201
server id 32: 1201
server id 33: 1201
server id 34: 1201
server id 35: 1201
server id 36: 1201
server id 37: 1201
server id 38: 1201
server id 39: 1201
server id 40: 1202
server id 41: 1202
server id 42: 1202
server id 43: 1202
server id 44: 1202
server id 45: 1202
server id 46: 1202
server id 47: 1202
server id 48: 1202
server id 49: 1202
server id 50: 1202
server id 51: 1202
server id 52: 1202
server id 53: 1202
server id 54: 1202
server id 55: 1202
server id 56: 1202
server id 57: 1202
server id 58: 1202
server id 59: 1202
server id 60: 1203
server id 61: 1203
server id 62: 1203
server id 63: 1203
server id 64: 1203
server id 65: 1203
server id 66: 1203
server id 67: 1203
server id 68: 1203
server id 69: 1203
server id 70: 1203
server id 71: 1203
server id 72: 1203
server id 73: 1203
server id 74: 1203
server id 75: 1203
server id 76: 1203
server id 77: 1203
server id 78: 1203
server id 79: 1203
server id 80: 1204
server id 81: 1204
server id 82: 1204
server id 83: 1204
server id 84: 1204
server id 85: 1204
server id 86: 1204
server id 87: 1204
server id 88: 1204
server id 89: 1204
server id 90: 1204
server id 91: 1204
server id 92: 1204
server id 93: 1204
server id 94: 1204
server id 95: 1204
server id 96: 1204
server id 97: 1204
server id 98: 1204
server id 99: 1204
server id 100: 1205
server id 101: 1205
server id 102: 1205
server id 103: 1205
server id 104: 1205
server id 105: 1205
server id 106: 1205
server id 107: 1205
server id 108: 1205
server id 109: 1205
server id 110: 1205
server id 111: 1205
server id 112: 1205
server id 113: 1205
server id 114: 1205
server id 115: 1205
server id 116: 1205
server id 117: 1205
server id 118: 1205
server id 119: 1205
server id 120: 1206
server id 121: 1206
server id 122: 1206
server id 123: 1206
server id 124: 1206
server id 125: 1206
server id 126: 1206
server id 127: 1206
server id 128: 1206
server id 129: 1206
server id 130: 1206
server id 131: 1206
server id 132: 1206
server id 133: 1206
server id 134: 1206
server id 135: 1206
server id 136: 1206
server id 137: 1206
server id 138: 1206
server id 139: 1206
server id 140: 1207
server id 141: 1207
server id 142: 1207
server id 143: 1207
server id 144: 1207
server id 145: 1207
server id 146: 1207
server id 147: 1207
server id 148: 1207
server id 149: 1207
server id 150: 1207
server id 151: 1207
server id 152: 1207
server id 153: 1207
server id 154: 1207
server id 155: 1207
server id 156: 1207
server id 157: 1207
server id 158: 1207
server id 159: 1207
server id 160: 1208
server id 161: 1208
server id 162: 1208
server id 163: 1208
server id 164: 1208
server id 165: 1208
server id 166: 1208
server id 167: 1208
server id 168: 1208
server id 169: 1208
server id 170: 1208
server id 171: 1208
server id 172: 1208
server id 173: 1208
server id 174: 1208
server id 175: 1208
server id 176: 1208
server id 177: 1208
server id 178: 1208
server id 179: 1208
server id 180: 1209
server id 181: 1209
server id 182: 1209
server id 183: 1209
server id 184: 1209
server id 185: 1209
server id 186: 1209
server id 187: 1209
server id 188: 1209
server id 189: 1209
server id 190: 1209
server id 191: 1209
server id 192: 1209
server id 193: 1209
server id 194: 1209
server id 195: 1209
server id 196: 1209
server id 197: 1209
server id 198: 1209
server id 199: 1209
server id 200: 1210
server id 201: 1210
server id 202: 1210
server id 203: 1210
server id 204: 1210
server id 205: 1210
server id 206: 1210
server id 207: 1210
server id 208: 1210
server id 209: 1210
server id 210: 1210
server id 211: 1210
server id 212: 1210
server id 213: 1210
server id 214: 1210
server id 215: 1210
server id 216: 1210
server id 217: 1210
server id 218: 1210
server id 219: 1210
server id 220: 1211
server id 221: 1211
server id 222: 1211
server id 223: 1211
server id 224: 1211
server id 225: 1211
server id 226: 1211
server id 227: 1211
server id 228: 1211
server id 229: 1211
server id 230: 1211
server id 231: 1211
server id 232: 1211
server id 233: 1211
server id 234: 1211
server id 235: 1211
server id 236: 1211
server id 237: 1211
server id 238: 1211
server id 239: 1211
server id 240: 1212
server id 241: 1212
server id 242: 1212
server id 243: 1212
server id 244: 1212
server id 245: 1212
server id 246: 1212
server id 247: 1212
server id 248: 1212
server id 249: 1212
server id 250: 1212
server id 251: 1212
server id 252: 1212
server id 253: 1212
server id 254: 1212
server id 255: 1212
server id 256: 1212
server id 257: 1212
server id 258: 1212
server id 259: 1212
server id 260: 1213
server id 261: 1213
server id 262: 1213
server id 263: 1213
server id 264: 1213
server id 265: 1213
server id 266: 1213
server id 267: 1213
server id 268: 1213
server id 269: 1213
server id 270: 1213
server id 271: 1213
server id 272: 1213
server id 273: 1213
server id 274: 1213
server id 275: 1213
server id 276: 1213
server id 277: 1213
server id 278: 1213
server id 279: 1213
server id 280: 1214
server id 281: 1214
server id 282: 1214
server id 283: 1214
server id 284: 1214
server id 285: 1214
server id 286: 1214
server id 287: 1214
server id 288: 1214
server id 289: 1214
server id 290: 1214
server id 291: 1214
server id 292: 1214
server id 293: 1214
server id 294: 1214
server id 295: 1214
server id 296: 1214
server id 297: 1214
server id 298: 1214
server id 299: 1214
server id 300: 1215
server id 301: 1215
server id 302: 1215
server id 303: 1215
server id 304: 1215
server id 305: 1215
server id 306: 1215
server id 307: 1215
server id 308: 1215
server id 309: 1215
server id 310: 1215
server id 311: 1215
server id 312: 1215
server id 313: 1215
server id 314: 1215
server id 315: 1215
server id 316: 1215
server id 317: 1215
server id 318: 1215
server id 319: 1215
server id 320: 1216
server id 321: 1216
server id 322: 1216
server id 323: 1216
server id 324: 1216
server id 325: 1216
server id 326: 1216
server id 327: 1216
server id 328: 1216
server id 329: 1216
server id 330: 1216
server id 331: 1216
server id 332: 1216
server id 333: 1216
server id 334: 1216
server id 335: 1216
server id 336: 1216
server id 337: 1216
server id 338: 1216
server id 339: 1216
server id 340: 1217
server id 341: 1217
server id 342: 1217
server id 343: 1217
server id 344: 1217
server id 345: 1217
server id 346: 1217
server id 347: 1217
server id 348: 1217
server id 349: 1217
server id 350: 1217
server id 351: 1217
server id 352: 1217
server id 353: 1217
server id 354: 1217
server id 355: 1217
server id 356: 1217
server id 357: 1217
server id 358: 1217
server id 359: 1217
server id 360: 1218
server id 361: 1218
server id 362: 1218
server id 363: 1218
server id 364: 1218
server id 365: 1218
server id 366: 1218
server id 367: 1218
server id 368: 1218
server id 369: 1218
server id 370: 1218
server id 371: 1218
server id 372: 1218
server id 373: 1218
server id 374: 1218
server id 375: 1218
server id 376: 1218
server id 377: 1218
server id 378: 1218
server id 379: 1218
server id 380: 1219
server id 381: 1219
server id 382: 1219
server id 383: 1219
server id 384: 1219
server id 385: 1219
server id 386: 1219
server id 387: 1219
server id 388: 1219
server id 389: 1219
server id 390: 1219
server id 391: 1219
server id 392: 1219
server id 393: 1219
server id 394: 1219
server id 395: 1219
server id 396: 1219
server id 397: 1219
server id 398: 1219
server id 399: 1219
server id 400: 1220
server id 401: 1220
server id 402: 1220
server id 403: 1220
server id 404: 1220
server id 405: 1220
server id 406: 1220
server id 407: 1220
server id 408: 1220
server id 409: 1220
server id 410: 1220
server id 411: 1220
server id 412: 1220
server id 413: 1220
server id 414: 1220
server id 415: 1220
server id 416: 1220
server id 417: 1220
server id 418: 1220
server id 419: 1220
server id 420: 1221
server id 421: 1221
server id 422: 1221
server id 423: 1221
server id 424: 1221
server id 425: 1221
server id 426: 1221
server id 427: 1221
server id 428: 1221
server id 429: 1221
server id 430: 1221
server id 431: 1221
server id 432: 1221
server id 433: 1221
server id 434: 1221
server id 435: 1221
server id 436: 1221
server id 437: 1221
server id 438: 1221
server id 439: 1221
server id 440: 1222
server id 441: 1222
server id 442: 1222
server id 443: 1222
server id 444: 1222
server id 445: 1222
server id 446: 1222
server id 447: 1222
server id 448: 1222
server id 449: 1222
server id 450: 1222
server id 451: 1222
server id 452: 1222
server id 453: 1222
server id 454: 1222
server id 455: 1222
server id 456: 1222
server id 457: 1222
server id 458: 1222
server id 459: 1222
server id 460: 1223
server id 461: 1223
server id 462: 1223
server id 463: 1223
server id 464: 1223
server id 465: 1223
server id 466: 1223
server id 467: 1223
server id 468: 1223
server id 469: 1223
server id 470: 1223
server id 471: 1223
server id 472: 1223
server id 473: 1223
server id 474: 1223
server id 475: 1223
server id 476: 1223
server id 477: 1223
server id 478: 1223
server id 479: 1223
server id 480: 1224
server id 481: 1224
server id 482: 1224
server id 483: 1224
server id 484: 1224
server id 485: 1224
server id 486: 1224
server id 487: 1224
server id 488: 1224
server id 489: 1224
server id 490: 1224
server id 491: 1224
server id 492: 1224
server id 493: 1224
server id 494: 1224
server id 495: 1224
server id 496: 1224
server id 497: 1224
server id 498: 1224
server id 499: 1224
server id 500: 1225
server id 501: 1225
server id 502: 1225
server id 503: 1225
server id 504: 1225
server id 505: 1225
server id 506: 1225
server id 507: 1225
server id 508: 1225
server id 509: 1225
server id 510: 1225
server id 511: 1225
server id 512: 1225
server id 513: 1225
server id 514: 1225
server id 515: 1225
server id 516: 1225
server id 517: 1225
server id 518: 1225
server id 519: 1225
server id 520: 1226
server id 521: 1226
server id 522: 1226
server id 523: 1226
server id 524: 1226
server id 525: 1226
server id 526: 1226
server id 527: 1226
server id 528: 1226
server id 529: 1226
server id 530: 1226
server id 531: 1226
server id 532: 1226
server id 533: 1226
server id 534: 1226
server id 535: 1226
server id 536: 1226
server id 537: 1226
server id 538: 1226
server id 539: 1226
server id 540: 1227
server id 541: 1227
server id 542: 1227
server id 543: 1227
server id 544: 1227
server id 545: 1227
server id 546: 1227
server id 547: 1227
server id 548: 1227
server id 549: 1227
server id 550: 1227
server id 551: 1227
server id 552: 1227
server id 553: 1227
server id 554: 1227
server id 555: 1227
server id 556: 1227
server id 557: 1227
server id 558: 1227
server id 559: 1227
server id 560: 1228
server id 561: 1228
server id 562: 1228
server id 563: 1228
server id 564: 1228
server id 565: 1228
server id 566: 1228
server id 567: 1228
server id 568: 1228
server id 569: 1228
server id 570: 1228
server id 571: 1228
server id 572: 1228
server id 573: 1228
server id 574: 1228
server id 575: 1228
server id 576: 1228
server id 577: 1228
server id 578: 1228
server id 579: 1228
server id 580: 1229
server id 581: 1229
server id 582: 1229
server id 583: 1229
server id 584: 1229
server id 585: 1229
server id 586: 1229
server id 587: 1229
server id 588: 1229
server id 589: 1229
server id 590: 1229
server id 591: 1229
server id 592: 1229
server id 593: 1229
server id 594: 1229
server id 595: 1229
server id 596: 1229
server id 597: 1229
server id 598: 1229
server id 599: 1229
server id 600: 1230
server id 601: 1230
server id 602: 1230
server id 603: 1230
server id 604: 1230
server id 605: 1230
server id 606: 1230
server id 607: 1230
server id 608: 1230
server id 609: 1230
server id 610: 1230
server id 611: 1230
server id 612: 1230
server id 613: 1230
server id 614: 1230
server id 615: 1230
server id 616: 1230
server id 617: 1230
server id 618: 1230
server id 619: 1230
server id 620: 1231
server id 621: 1231
server id 622: 1231
server id 623: 1231
server id 624: 1231
server id 625: 1231
server id 626: 1231
server id 627: 1231
server id 628: 1231
server id 629: 1231
server id 630: 1231
server id 631: 1231
server id 632: 1231
server id 633: 1231
server id 634: 1231
server id 635: 1231
server id 636: 1231
server id 637: 1231
server id 638: 1231
server id 639: 1231
server id 640: 1232
server id 641: 1232
server id 642: 1232
server id 643: 1232
server id 644: 1232
server id 645: 1232
server id 646: 1232
server id 647: 1232
server id 648: 1232
server id 649: 1232
server id 650: 1232
server id 651: 1232
server id 652: 1232
server id 653: 1232
server id 654: 1232
server id 655: 1232
server id 656: 1232
server id 657: 1232
server id 658: 1232
server id 659: 1232
server id 660: 1233
server id 661: 1233
server id 662: 1233
server id 663: 1233
server id 664: 1233
server id 665: 1233
server id 666: 1233
server id 667: 1233
server id 668: 1233
server id 669: 1233
server id 670: 1233
server id 671: 1233
server id 672: 1233
server id 673: 1233
server id 674: 1233
server id 675: 1233
server id 676: 1233
server id 677: 1233
server id 678: 1233
server id 679: 1233
server id 680: 1234
server id 681: 1234
server id 682: 1234
server id 683: 1234
server id 684: 1234
server id 685: 1234
server id 686: 1234
server id 687: 1234
server id 688: 1234
server id 689: 1234
server id 690: 1234
server id 691: 1234
server id 692: 1234
server id 693: 1234
server id 694: 1234
server id 695: 1234
server id 696: 1234
server id 697: 1234
server id 698: 1234
server id 699: 1234
server id 700: 1235
server id 701: 1235
server id 702: 1235
server id 703: 1235
server id 704: 1235
server id 705: 1235
server id 706: 1235
server id 707: 1235
server id 708: 1235
server id 709: 1235
server id 710: 1235
server id 711: 1235
server id 712: 1235
server id 713: 1235
server id 714: 1235
server id 715: 1235
server id 716: 1235
server id 717: 1235
server id 718: 1235
server id 719: 1235
server id 720: 1236
server id 721: 1236
server id 722: 1236
server id 723: 1236
server id 724: 1236
server id 725: 1236
server id 726: 1236
server id 727: 1236
server id 728: 1236
server id 729: 1236
server id 730: 1236
server id 731: 1236
server id 732: 1236
server id 733: 1236
server id 734: 1236
server id 735: 1236
server id 736: 1236
server id 737: 1236
server id 738: 1236
server id 739: 1236
server id 740: 1237
server id 741: 1237
server id 742: 1237
server id 743: 1237
server id 744: 1237
server id 745: 1237
server id 746: 1237
server id 747: 1237
server id 748: 1237
server id 749: 1237
server id 750: 1237
server id 751: 1237
server id 752: 1237
server id 753: 1237
server id 754: 1237
server id 755: 1237
server id 756: 1237
server id 757: 1237
server id 758: 1237
server id 759: 1237
server id 760: 1238
server id 761: 1238
server id 762: 1238
server id 763: 1238
server id 764: 1238
server id 765: 1238
server id 766: 1238
server id 767: 1238
server id 768: 1238
server id 769: 1238
server id 770: 1238
server id 771: 1238
server id 772: 1238
server id 773: 1238
server id 774: 1238
server id 775: 1238
server id 776: 1238
server id 777: 1238
server id 778: 1238
server id 779: 1238
server id 780: 1239
server id 781: 1239
server id 782: 1239
server id 783: 1239
server id 784: 1239
server id 785: 1239
server id 786: 1239
server id 787: 1239
server id 788: 1239
server id 789: 1239
server id 790: 1239
server id 791: 1239
server id 792: 1239
server id 793: 1239
server id 794: 1239
server id 795: 1239
server id 796: 1239
server id 797: 1239
server id 798: 1239
server id 799: 1239
server id 800: 1240
server id 801: 1240
server id 802: 1240
server id 803: 1240
server id 804: 1240
server id 805: 1240
server id 806: 1240
server id 807: 1240
server id 808: 1240
server id 809: 1240
server id 810: 1240
server id 811: 1240
server id 812: 1240
server id 813: 1240
server id 814: 1240
server id 815: 1240
server id 816: 1240
server id 817: 1240
server id 818: 1240
server id 819: 1240
server id 820: 1241
server id 821: 1241
server id 822: 1241
server id 823: 1241
server id 824: 1241
server id 825: 1241
server id 826: 1241
server id 827: 1241
server id 828: 1241
server id 829: 1241
server id 830: 1241
server id 831: 1241
server id 832: 1241
server id 833: 1241
server id 834: 1241
server id 835: 1241
server id 836: 1241
server id 837: 1241
server id 838: 1241
server id 839: 1241
server id 840: 1242
server id 841: 1242
server id 842: 1242
server id 843: 1242
server id 844: 1242
server id 845: 1242
server id 846: 1242
server id 847: 1242
server id 848: 1242
server id 849: 1242
server id 850: 1242
server id 851: 1242
server id 852: 1242
server id 853: 1242
server id 854: 1242
server id 855: 1242
server id 856: 1242
server id 857: 1242
server id 858: 1242
server id 859: 1242
server id 860: 1243
server id 861: 1243
server id 862: 1243
server id 863: 1243
server id 864: 1243
server id 865: 1243
server id 866: 1243
server id 867: 1243
server id 868: 1243
server id 869: 1243
server id 870: 1243
server id 871: 1243
server id 872: 1243
server id 873: 1243
server id 874: 1243
server id 875: 1243
server id 876: 1243
server id 877: 1243
server id 878: 1243
server id 879: 1243
server id 880: 1244
server id 881: 1244
server id 882: 1244
server id 883: 1244
server id 884: 1244
server id 885: 1244
server id 886: 1244
server id 887: 1244
server id 888: 1244
server id 889: 1244
server id 890: 1244
server id 891: 1244
server id 892: 1244
server id 893: 1244
server id 894: 1244
server id 895: 1244
server id 896: 1244
server id 897: 1244
server id 898: 1244
server id 899: 1244
server id 900: 1245
server id 901: 1245
server id 902: 1245
server id 903: 1245
server id 904: 1245
server id 905: 1245
server id 906: 1245
server id 907: 1245
server id 908: 1245
server id 909: 1245
server id 910: 1245
server id 911: 1245
server id 912: 1245
server id 913: 1245
server id 914: 1245
server id 915: 1245
server id 916: 1245
server id 917: 1245
server id 918: 1245
server id 919: 1245
server id 920: 1246
server id 921: 1246
server id 922: 1246
server id 923: 1246
server id 924: 1246
server id 925: 1246
server id 926: 1246
server id 927: 1246
server id 928: 1246
server id 929: 1246
server id 930: 1246
server id 931: 1246
server id 932: 1246
server id 933: 1246
server id 934: 1246
server id 935: 1246
server id 936: 1246
server id 937: 1246
server id 938: 1246
server id 939: 1246
server id 940: 1247
server id 941: 1247
server id 942: 1247
server id 943: 1247
server id 944: 1247
server id 945: 1247
server id 946: 1247
server id 947: 1247
server id 948: 1247
server id 949: 1247
server id 950: 1247
server id 951: 1247
server id 952: 1247
server id 953: 1247
server id 954: 1247
server id 955: 1247
server id 956: 1247
server id 957: 1247
server id 958: 1247
server id 959: 1247
server id 960: 1248
server id 961: 1248
server id 962: 1248
server id 963: 1248
server id 964: 1248
server id 965: 1248
server id 966: 1248
server id 967: 1248
server id 968: 1248
server id 969: 1248
server id 970: 1248
server id 971: 1248
server id 972: 1248
server id 973: 1248
server id 974: 1248
server id 975: 1248
server id 976: 1248
server id 977: 1248
server id 978: 1248
server id 979: 1248
server id 980: 1249
server id 981: 1249
server id 982: 1249
server id 983: 1249
server id 984: 1249
server id 985: 1249
server id 986: 1249
server id 987: 1249
server id 988: 1249
server id 989: 1249
server id 990: 1249
server id 991: 1249
server id 992: 1249
server id 993: 1249
server id 994: 1249
server id 995: 1249
server id 996: 1249
server id 997: 1249
server id 998: 1249
server id 999: 1249
server id 1000: 1250
server id 1001: 1250
server id 1002: 1250
server id 1003: 1250
server id 1004: 1250
server id 1005: 1250
server id 1006: 1250
server id 1007: 1250
server id 1008: 1250
server id 1009: 1250
server id 1010: 1250
server id 1011: 1250
server id 1012: 1250
server id 1013: 1250
server id 1014: 1250
server id 1015: 1250
server id 1016: 1250
server id 1017: 1250
server id 1018: 1250
server id 1019: 1250
server id 1020: 1251
server id 1021: 1251
server id 1022: 1251
server id 1023: 1251
server id 1024: 1251
server id 1025: 1251
server id 1026: 1251
server id 1027: 1251
server id 1028: 1251
server id 1029: 1251
server id 1030: 1251
server id 1031: 1251
server id 1032: 1251
server id 1033: 1251
server id 1034: 1251
server id 1035: 1251
server id 1036: 1251
server id 1037: 1251
server id 1038: 1251
server id 1039: 1251
server id 1040: 1252
server id 1041: 1252
server id 1042: 1252
server id 1043: 1252
server id 1044: 1252
server id 1045: 1252
server id 1046: 1252
server id 1047: 1252
server id 1048: 1252
server id 1049: 1252
server id 1050: 1252
server id 1051: 1252
server id 1052: 1252
server id 1053: 1252
server id 1054: 1252
server id 1055: 1252
server id 1056: 1252
server id 1057: 1252
server id 1058: 1252
server id 1059: 1252
server id 1060: 1253
server id 1061: 1253
server id 1062: 1253
server id 1063: 1253
server id 1064: 1253
server id 1065: 1253
server id 1066: 1253
server id 1067: 1253
server id 1068: 1253
server id 1069: 1253
server id 1070: 1253
server id 1071: 1253
server id 1072: 1253
server id 1073: 1253
server id 1074: 1253
server id 1075: 1253
server id 1076: 1253
server id 1077: 1253
server id 1078: 1253
server id 1079: 1253
server id 1080: 1254
server id 1081: 1254
server id 1082: 1254
server id 1083: 1254
server id 1084: 1254
server id 1085: 1254
server id 1086: 1254
server id 1087: 1254
server id 1088: 1254
server id 1089: 1254
server id 1090: 1254
server id 1091: 1254
server id 1092: 1254
server id 1093: 1254
server id 1094: 1254
server id 1095: 1254
server id 1096: 1254
server id 1097: 1254
server id 1098: 1254
server id 1099: 1254
server id 1100: 1255
server id 1101: 1255
server id 1102: 1255
server id 1103: 1255
server id 1104: 1255
server id 1105: 1255
server id 1106: 1255
server id 1107: 1255
server id 1108: 1255
server id 1109: 1255
server id 1110: 1255
server id 1111: 1255
server id 1112: 1255
server id 1113: 1255
server id 1114: 1255
server id 1115: 1255
server id 1116: 1255
server id 1117: 1255
server id 1118: 1255
server id 1119: 1255
server id 1120: 1256
server id 1121: 1256
server id 1122: 1256
server id 1123: 1256
server id 1124: 1256
server id 1125: 1256
server id 1126: 1256
server id 1127: 1256
server id 1128: 1256
server id 1129: 1256
server id 1130: 1256
server id 1131: 1256
server id 1132: 1256
server id 1133: 1256
server id 1134: 1256
server id 1135: 1256
server id 1136: 1256
server id 1137: 1256
server id 1138: 1256
server id 1139: 1256
server id 1140: 1257
server id 1141: 1257
server id 1142: 1257
server id 1143: 1257
server id 1144: 1257
server id 1145: 1257
server id 1146: 1257
server id 1147: 1257
server id 1148: 1257
server id 1149: 1257
server id 1150: 1257
server id 1151: 1257
server id 1152: 1257
server id 1153: 1257
server id 1154: 1257
server id 1155: 1257
server id 1156: 1257
server id 1157: 1257
server id 1158: 1257
server id 1159: 1257
server id 1160: 1258
server id 1161: 1258
server id 1162: 1258
server id 1163: 1258
server id 1164: 1258
server id 1165: 1258
server id 1166: 1258
server id 1167: 1258
server id 1168: 1258
server id 1169: 1258
server id 1170: 1258
server id 1171: 1258
server id 1172: 1258
server id 1173: 1258
server id 1174: 1258
server id 1175: 1258
server id 1176: 1258
server id 1177: 1258
server id 1178: 1258
server id 1179: 1258
server id 1180: 1259
server id 1181: 1259
server id 1182: 1259
server id 1183: 1259
server id 1184: 1259
server id 1185: 1259
server id 1186: 1259
server id 1187: 1259
server id 1188: 1259
server id 1189: 1259
server id 1190: 1259
server id 1191: 1259
server id 1192: 1259
server id 1193: 1259
server id 1194: 1259
server id 1195: 1259
server id 1196: 1259
server id 1197: 1259
server id 1198: 1259
server id 1199: 1259
switch id 1200: 0 1 2 3 4 5 6 7 8 9 10 11 12 13 14 15 16 17 18 19 1260 1261
switch id 1201: 20 21 22 23 24 25 26 27 28 29 30 31 32 33 34 35 36 37 38 39 1260 1261
switch id 1202: 40 41 42 43 44 45 46 47 48 49 50 51 52 53 54 55 56 57 58 59 1260 1261
switch id 1203: 60 61 62 63 64 65 66 67 68 69 70 71 72 73 74 75 76 77 78 79 1260 1261
switch id 1204: 80 81 82 83 84 85 86 87 88 89 90 91 92 93 94 95 96 97 98 99 1260 1261
switch id 1205: 100 101 102 103 104 105 106 107 108 109 110 111 112 113 114 115 116 117 118 119 1260 1261
switch id 1206: 120 121 122 123 124 125 126 127 128 129 130 131 132 133 134 135 136 137 138 139 1260 1261
switch id 1207: 140 141 142 143 144 145 146 147 148 149 150 151 152 153 154 155 156 157 158 159 1260 1261
switch id 1208: 160 161 162 163 164 165 166 167 168 169 170 171 172 173 174 175 176 177 178 179 1260 1261
switch id 1209: 180 181 182 183 184 185 186 187 188 189 190 191 192 193 194 195 196 197 198 199 1260 1261
switch id 1210: 200 201 202 203 204 205 206 207 208 209 210 211 212 213 214 215 216 217 218 219 1260 1261
switch id 1211: 220 221 222 223 224 225 226 227 228 229 230 231 232 233 234 235 236 237 238 239 1260 1261
switch id 1212: 240 241 242 243 244 245 246 247 248 249 250 251 252 253 254 255 256 257 258 259 1260 1261
switch id 1213: 260 261 262 263 264 265 266 267 268 269 270 271 272 273 274 275 276 277 278 279 1260 1261
switch id 1214: 280 281 282 283 284 285 286 287 288 289 290 291 292 293 294 295 296 297 298 299 1260 1261
switch id 1215: 300 301 302 303 304 305 306 307 308 309 310 311 312 313 314 315 316 317 318 319 1260 1261
switch id 1216: 320 321 322 323 324 325 326 327 328 329 330 331 332 333 334 335 336 337 338 339 1260 1261
switch id 1217: 340 341 342 343 344 345 346 347 348 349 350 351 352 353 354 355 356 357 358 359 1260 1261
switch id 1218: 360 361 362 363 364 365 366 367 368 369 370 371 372 373 374 375 376 377 378 379 1260 1261
switch id 1219: 380 381 382 383 384 385 386 387 388 389 390 391 392 393 394 395 396 397 398 399 1260 1261
switch id 1220: 400 401 402 403 404 405 406 407 408 409 410 411 412 413 414 415 416 417 418 419 1260 1261
switch id 1221: 420 421 422 423 424 425 426 427 428 429 430 431 432 433 434 435 436 437 438 439 1260 1261
switch id 1222: 440 441 442 443 444 445 446 447 448 449 450 451 452 453 454 455 456 457 458 459 1260 1261
switch id 1223: 460 461 462 463 464 465 466 467 468 469 470 471 472 473 474 475 476 477 478 479 1260 1261
switch id 1224: 480 481 482 483 484 485 486 487 488 489 490 491 492 493 494 495 496 497 498 499 1260 1261
switch id 1225: 500 501 502 503 504 505 506 507 508 509 510 511 512 513 514 515 516 517 518 519 1260 1261
switch id 1226: 520 521 522 523 524 525 526 527 528 529 530 531 532 533 534 535 536 537 538 539 1260 1261
switch id 1227: 540 541 542 543 544 545 546 547 548 549 550 551 552 553 554 555 556 557 558 559 1260 1261
switch id 1228: 560 561 562 563 564 565 566 567 568 569 570 571 572 573 574 575 576 577 578 579 1260 1261
switch id 1229: 580 581 582 583 584 585 586 587 588 589 590 591 592 593 594 595 596 597 598 599 1260 1261
switch id 1230: 600 601 602 603 604 605 606 607 608 609 610 611 612 613 614 615 616 617 618 619 1260 1261
switch id 1231: 620 621 622 623 624 625 626 627 628 629 630 631 632 633 634 635 636 637 638 639 1260 1261
switch id 1232: 640 641 642 643 644 645 646 647 648 649 650 651 652 653 654 655 656 657 658 659 1260 1261
switch id 1233: 660 661 662 663 664 665 666 667 668 669 670 671 672 673 674 675 676 677 678 679 1260 1261
switch id 1234: 680 681 682 683 684 685 686 687 688 689 690 691 692 693 694 695 696 697 698 699 1260 1261
switch id 1235: 700 701 702 703 704 705 706 707 708 709 710 711 712 713 714 715 716 717 718 719 1260 1261
switch id 1236: 720 721 722 723 724 725 726 727 728 729 730 731 732 733 734 735 736 737 738 739 1260 1261
switch id 1237: 740 741 742 743 744 745 746 747 748 749 750 751 752 753 754 755 756 757 758 759 1260 1261
switch id 1238: 760 761 762 763 764 765 766 767 768 769 770 771 772 773 774 775 776 777 778 779 1260 1261
switch id 1239: 780 781 782 783 784 785 786 787 788 789 790 791 792 793 794 795 796 797 798 799 1260 1261
switch id 1240: 800 801 802 803 804 805 806 807 808 809 810 811 812 813 814 815 816 817 818 819 1262 1263
switch id 1241: 820 821 822 823 824 825 826 827 828 829 830 831 832 833 834 835 836 837 838 839 1262 1263
switch id 1242: 840 841 842 843 844 845 846 847 848 849 850 851 852 853 854 855 856 857 858 859 1262 1263
switch id 1243: 860 861 862 863 864 865 866 867 868 869 870 871 872 873 874 875 876 877 878 879 1262 1263
switch id 1244: 880 881 882 883 884 885 886 887 888 889 890 891 892 893 894 895 896 897 898 899 1262 1263
switch id 1245: 900 901 902 903 904 905 906 907 908 909 910 911 912 913 914 915 916 917 918 919 1262 1263
switch id 1246: 920 921 922 923 924 925 926 927 928 929 930 931 932 933 934 935 936 937 938 939 1262 1263
switch id 1247: 940 941 942 943 944 945 946 947 948 949 950 951 952 953 954 955 956 957 958 959 1262 1263
switch id 1248: 960 961 962 963 964 965 966 967 968 969 970 971 972 973 974 975 976 977 978 979 1262 1263
switch id 1249: 980 981 982 983 984 985 986 987 988 989 990 991 992 993 994 995 996 997 998 999 1262 1263
switch id 1250: 1000 1001 1002 1003 1004 1005 1006 1007 1008 1009 1010 1011 1012 1013 1014 1015 1016 1017 1018 1019 1262 1263
switch id 1251: 1020 1021 1022 1023 1024 1025 1026 1027 1028 1029 1030 1031 1032 1033 1034 1035 1036 1037 1038 1039 1262 1263
switch id 1252: 1040 1041 1042 1043 1044 1045 1046 1047 1048 1049 1050 1051 1052 1053 1054 1055 1056 1057 1058 1059 1262 1263
switch id 1253: 1060 1061 1062 1063 1064 1065 1066 1067 1068 1069 1070 1071 1072 1073 1074 1075 1076 1077 1078 1079 1262 1263
switch id 1254: 1080 1081 1082 1083 1084 1085 1086 1087 1088 1089 1090 1091 1092 1093 1094 1095 1096 1097 1098 1099 1262 1263
switch id 1255: 1100 1101 1102 1103 1104 1105 1106 1107 1108 1109 1110 1111 1112 1113 1114 1115 1116 1117 1118 1119 1262 1263
switch id 1256: 1120 1121 1122 1123 1124 1125 1126 1127 1128 1129 1130 1131 1132 1133 1134 1135 1136 1137 1138 1139 1262 1263
switch id 1257: 1140 1141 1142 1143 1144 1145 1146 1147 1148 1149 1150 1151 1152 1153 1154 1155 1156 1157 1158 1159 1262 1263
switch id 1258: 1160 1161 1162 1163 1164 1165 1166 1167 1168 1169 1170 1171 1172 1173 1174 1175 1176 1177 1178 1179 1262 1263
switch id 1259: 1180 1181 1182 1183 1184 1185 1186 1187 1188 1189 1190 1191 1192 1193 1194 1195 1196 1197 1198 1199 1262 1263
switch id 1260: 1200 1201 1202 1203 1204 1205 1206 1207 1208 1209 1210 1211 1212 1213 1214 1215 1216 1217 1218 1219 1220 1221 1222 1223 1224 1225 1226 1227 1228 1229 1230 1231 1232 1233 1234 1235 1236 1237 1238 1239 1261 1264
switch id 1261: 1200 1201 1202 1203 1204 1205 1206 1207 1208 1209 1210 1211 1212 1213 1214 1215 1216 1217 1218 1219 1220 1221 1222 1223 1224 1225 1226 1227 1228 1229 1230 1231 1232 1233 1234 1235 1236 1237 1238 1239 1260 1264
switch id 1262: 1240 1241 1242 1243 1244 1245 1246 1247 1248 1249 1250 1251 1252 1253 1254 1255 1256 1257 1258 1259 1263 1264
switch id 1263: 1240 1241 1242 1243 1244 1245 1246 1247 1248 1249 1250 1251 1252 1253 1254 1255 1256 1257 1258 1259 1262 1264
switch id 1264: 1260 1261 1262 1263
Allocating ../../../instances/hadoop/hadoop_extra/hadoop_8.9.vn
3
4, 3
1: 8
VDC id:1, size 8
yes
0.00000
1.99817
0.00000 47956.00000
Memory 0.00105
82
Allocating ../../../instances/hadoop/hadoop_extra/hadoop_8.4.vn
3
4, 3
2: 8
VDC id:2, size 8
yes
0.00000
1.99633
0.00000 47912.00000
Memory 0.00209
48
Allocating ../../../instances/hadoop/hadoop_extra/hadoop_8.9.vn
3
4, 3
3: 8
VDC id:3, size 8
yes
0.00000
1.99450
0.00000 47868.00000
Memory 0.00314
43
Allocating ../../../instances/hadoop/hadoop_extra/hadoop_8.1.vn
3
4, 3
4: 8
VDC id:4, size 8
yes
0.00000
1.99267
0.00000 47824.00000
Memory 0.00418
43
Allocating ../../../instances/hadoop/hadoop_extra/hadoop_8.7.vn
3
4, 3
5: 8
VDC id:5, size 8
yes
0.00000
1.99083
0.00000 47780.00000
Memory 0.00523
42
Allocating ../../../instances/hadoop/hadoop_extra/hadoop_8.5.vn
3
4, 3
6: 8
VDC id:6, size 8
yes
0.00000
1.98933
0.00000 47744.00000
Memory 0.00627
42
Allocating ../../../instances/hadoop/hadoop_extra/hadoop_8.6.vn
3
4, 3
7: 8
VDC id:7, size 8
yes
0.00000
1.98717
0.00000 47692.00000
Memory 0.00732
42
Allocating ../../../instances/hadoop/hadoop_extra/hadoop_8.10.vn
3
4, 3
8: 8
VDC id:8, size 8
yes
0.00000
1.98517
0.00000 47644.00000
Memory 0.00836
41
Allocating ../../../instances/hadoop/hadoop_extra/hadoop_8.5.vn
3
4, 3
9: 8
VDC id:9, size 8
yes
0.00000
1.98367
0.00000 47608.00000
Memory 0.00941
41
Allocating ../../../instances/hadoop/hadoop_extra/hadoop_8.4.vn
3
4, 3
10: 8
VDC id:10, size 8
yes
0.00000
1.98183
0.00000 47564.00000
Memory 0.01045
41
Allocating ../../../instances/hadoop/hadoop_extra/hadoop_8.9.vn
3
4, 3
11: 8
VDC id:11, size 8
yes
0.00000
1.98000
0.00000 47520.00000
Memory 0.01150
41
Allocating ../../../instances/hadoop/hadoop_extra/hadoop_8.8.vn
3
4, 3
12: 8
VDC id:12, size 8
yes
0.00000
1.97817
0.00000 47476.00000
Memory 0.01254
42
Allocating ../../../instances/hadoop/hadoop_extra/hadoop_8.4.vn
3
4, 3
13: 8
VDC id:13, size 8
yes
0.00000
1.97633
0.00000 47432.00000
Memory 0.01359
42
Allocating ../../../instances/hadoop/hadoop_extra/hadoop_8.1.vn
3
4, 3
14: 8
VDC id:14, size 8
yes
0.00000
1.97450
0.00000 47388.00000
Memory 0.01463
41
Allocating ../../../instances/hadoop/hadoop_extra/hadoop_8.7.vn
3
4, 3
15: 8
VDC id:15, size 8
yes
0.00000
1.97267
0.00000 47344.00000
Memory 0.01568
41
Allocating ../../../instances/hadoop/hadoop_extra/hadoop_8.8.vn
3
4, 3
16: 8
VDC id:16, size 8
yes
0.00000
1.97083
0.00000 47300.00000
Memory 0.01672
42
Allocating ../../../instances/hadoop/hadoop_extra/hadoop_8.8.vn
3
4, 3
17: 8
VDC id:17, size 8
yes
0.00000
1.96900
0.00000 47256.00000
Memory 0.01777
43
Allocating ../../../instances/hadoop/hadoop_extra/hadoop_8.8.vn
3
4, 3
18: 8
VDC id:18, size 8
yes
0.00000
1.96717
0.00000 47212.00000
Memory 0.01881
42
Allocating ../../../instances/hadoop/hadoop_extra/hadoop_8.5.vn
3
4, 3
19: 8
VDC id:19, size 8
yes
0.00000
1.96567
0.00000 47176.00000
Memory 0.01986
49
Allocating ../../../instances/hadoop/hadoop_extra/hadoop_8.9.vn
3
4, 3
20: 8
VDC id:20, size 8
yes
0.00000
1.96383
0.00000 47132.00000
Memory 0.02090
45
Allocating ../../../instances/hadoop/hadoop_extra/hadoop_8.3.vn
3
4, 3
21: 8
VDC id:21, size 8
yes
0.00000
1.96217
0.00000 47092.00000
Memory 0.02195
43
Allocating ../../../instances/hadoop/hadoop_extra/hadoop_8.5.vn
3
4, 3
22: 8
VDC id:22, size 8
yes
0.00000
1.96067
0.00000 47056.00000
Memory 0.02299
41
Allocating ../../../instances/hadoop/hadoop_extra/hadoop_8.6.vn
3
4, 3
23: 8
VDC id:23, size 8
yes
0.00000
1.95850
0.00000 47004.00000
Memory 0.02404
42
Allocating ../../../instances/hadoop/hadoop_extra/hadoop_8.4.vn
3
4, 3
24: 8
VDC id:24, size 8
yes
0.00000
1.95667
0.00000 46960.00000
Memory 0.02509
42
Allocating ../../../instances/hadoop/hadoop_extra/hadoop_8.1.vn
3
4, 3
25: 8
VDC id:25, size 8
yes
0.00000
1.95483
0.00000 46916.00000
Memory 0.02613
42
Allocating ../../../instances/hadoop/hadoop_extra/hadoop_8.7.vn
3
4, 3
26: 8
VDC id:26, size 8
yes
0.00000
1.95300
0.00000 46872.00000
Memory 0.02718
43
Allocating ../../../instances/hadoop/hadoop_extra/hadoop_8.9.vn
3
4, 3
27: 8
VDC id:27, size 8
yes
0.00000
1.95117
0.00000 46828.00000
Memory 0.02822
43
Allocating ../../../instances/hadoop/hadoop_extra/hadoop_8.4.vn
3
4, 3
28: 8
VDC id:28, size 8
yes
0.00000
1.94933
0.00000 46784.00000
Memory 0.02927
42
Allocating ../../../instances/hadoop/hadoop_extra/hadoop_8.4.vn
3
4, 3
29: 8
VDC id:29, size 8
yes
0.00000
1.94750
0.00000 46740.00000
Memory 0.03031
43
Allocating ../../../instances/hadoop/hadoop_extra/hadoop_8.8.vn
3
4, 3
30: 8
VDC id:30, size 8
yes
0.00000
1.94567
0.00000 46696.00000
Memory 0.03136
44
Allocating ../../../instances/hadoop/hadoop_extra/hadoop_8.9.vn
3
4, 3
31: 8
VDC id:31, size 8
yes
0.00000
1.94383
0.00000 46652.00000
Memory 0.03240
42
Allocating ../../../instances/hadoop/hadoop_extra/hadoop_8.9.vn
3
4, 3
32: 8
VDC id:32, size 8
yes
0.00000
1.94200
0.00000 46608.00000
Memory 0.03345
43
Allocating ../../../instances/hadoop/hadoop_extra/hadoop_8.7.vn
3
4, 3
33: 8
VDC id:33, size 8
yes
0.00000
1.94017
0.00000 46564.00000
Memory 0.03449
43
Allocating ../../../instances/hadoop/hadoop_extra/hadoop_8.4.vn
3
4, 3
34: 8
VDC id:34, size 8
yes
0.00000
1.93833
0.00000 46520.00000
Memory 0.03554
45
Allocating ../../../instances/hadoop/hadoop_extra/hadoop_8.6.vn
3
4, 3
35: 8
VDC id:35, size 8
yes
0.00000
1.93617
0.00000 46468.00000
Memory 0.03658
43
Allocating ../../../instances/hadoop/hadoop_extra/hadoop_8.8.vn
3
4, 3
36: 8
VDC id:36, size 8
yes
0.00000
1.93433
0.00000 46424.00000
Memory 0.03763
42
Allocating ../../../instances/hadoop/hadoop_extra/hadoop_8.7.vn
3
4, 3
37: 8
VDC id:37, size 8
yes
0.00000
1.93250
0.00000 46380.00000
Memory 0.03867
44
Allocating ../../../instances/hadoop/hadoop_extra/hadoop_8.4.vn
3
4, 3
38: 8
VDC id:38, size 8
yes
0.00000
1.93067
0.00000 46336.00000
Memory 0.03972
44
Allocating ../../../instances/hadoop/hadoop_extra/hadoop_8.5.vn
3
4, 3
39: 8
VDC id:39, size 8
yes
0.00000
1.92917
0.00000 46300.00000
Memory 0.04076
43
Allocating ../../../instances/hadoop/hadoop_extra/hadoop_8.5.vn
3
4, 3
40: 8
VDC id:40, size 8
yes
0.00000
1.92767
0.00000 46264.00000
Memory 0.04181
43
Allocating ../../../instances/hadoop/hadoop_extra/hadoop_8.1.vn
3
4, 3
41: 8
VDC id:41, size 8
yes
0.00000
1.92583
0.00000 46220.00000
Memory 0.04285
42
Allocating ../../../instances/hadoop/hadoop_extra/hadoop_8.7.vn
3
4, 3
42: 8
VDC id:42, size 8
yes
0.00000
1.92400
0.00000 46176.00000
Memory 0.04390
44
Allocating ../../../instances/hadoop/hadoop_extra/hadoop_8.3.vn
3
4, 3
43: 8
VDC id:43, size 8
yes
0.00000
1.92233
0.00000 46136.00000
Memory 0.04494
42
Allocating ../../../instances/hadoop/hadoop_extra/hadoop_8.4.vn
3
4, 3
44: 8
VDC id:44, size 8
yes
0.00000
1.92050
0.00000 46092.00000
Memory 0.04599
43
Allocating ../../../instances/hadoop/hadoop_extra/hadoop_8.3.vn
3
4, 3
45: 8
VDC id:45, size 8
yes
0.00000
1.91883
0.00000 46052.00000
Memory 0.04704
44
Allocating ../../../instances/hadoop/hadoop_extra/hadoop_8.5.vn
3
4, 3
46: 8
VDC id:46, size 8
yes
0.00000
1.91733
0.00000 46016.00000
Memory 0.04808
44
Allocating ../../../instances/hadoop/hadoop_extra/hadoop_8.4.vn
3
4, 3
47: 8
VDC id:47, size 8
yes
0.00000
1.91550
0.00000 45972.00000
Memory 0.04913
43
Allocating ../../../instances/hadoop/hadoop_extra/hadoop_8.1.vn
3
4, 3
48: 8
VDC id:48, size 8
yes
0.00000
1.91367
0.00000 45928.00000
Memory 0.05017
42
Allocating ../../../instances/hadoop/hadoop_extra/hadoop_8.4.vn
3
4, 3
49: 8
VDC id:49, size 8
yes
0.00000
1.91183
0.00000 45884.00000
Memory 0.05122
43
Allocating ../../../instances/hadoop/hadoop_extra/hadoop_8.1.vn
3
4, 3
50: 8
VDC id:50, size 8
yes
0.00000
1.91000
0.00000 45840.00000
Memory 0.05226
43
Allocating ../../../instances/hadoop/hadoop_extra/hadoop_8.8.vn
3
4, 3
51: 8
VDC id:51, size 8
yes
0.00000
1.90817
0.00000 45796.00000
Memory 0.05331
43
Allocating ../../../instances/hadoop/hadoop_extra/hadoop_8.10.vn
3
4, 3
52: 8
VDC id:52, size 8
yes
0.00000
1.90617
0.00000 45748.00000
Memory 0.05435
49
Allocating ../../../instances/hadoop/hadoop_extra/hadoop_8.7.vn
3
4, 3
53: 8
VDC id:53, size 8
yes
0.00000
1.90433
0.00000 45704.00000
Memory 0.05540
43
Allocating ../../../instances/hadoop/hadoop_extra/hadoop_8.4.vn
3
4, 3
54: 8
VDC id:54, size 8
yes
0.00000
1.90250
0.00000 45660.00000
Memory 0.05644
45
Allocating ../../../instances/hadoop/hadoop_extra/hadoop_8.1.vn
3
4, 3
55: 8
VDC id:55, size 8
yes
0.00000
1.90067
0.00000 45616.00000
Memory 0.05749
42
Allocating ../../../instances/hadoop/hadoop_extra/hadoop_8.8.vn
3
4, 3
56: 8
VDC id:56, size 8
yes
0.00000
1.89883
0.00000 45572.00000
Memory 0.05853
45
Allocating ../../../instances/hadoop/hadoop_extra/hadoop_8.1.vn
3
4, 3
57: 8
VDC id:57, size 8
yes
0.00000
1.89700
0.00000 45528.00000
Memory 0.05958
45
Allocating ../../../instances/hadoop/hadoop_extra/hadoop_8.10.vn
3
4, 3
58: 8
VDC id:58, size 8
yes
0.00000
1.89500
0.00000 45480.00000
Memory 0.06062
46
Allocating ../../../instances/hadoop/hadoop_extra/hadoop_8.6.vn
3
4, 3
59: 8
VDC id:59, size 8
yes
0.00000
1.89283
0.00000 45428.00000
Memory 0.06167
46
Allocating ../../../instances/hadoop/hadoop_extra/hadoop_8.9.vn
3
4, 3
60: 8
VDC id:60, size 8
yes
0.00000
1.89100
0.00000 45384.00000
Memory 0.06271
44
Allocating ../../../instances/hadoop/hadoop_extra/hadoop_8.9.vn
3
4, 3
61: 8
VDC id:61, size 8
yes
0.00000
1.88917
0.00000 45340.00000
Memory 0.06376
45
Allocating ../../../instances/hadoop/hadoop_extra/hadoop_8.5.vn
3
4, 3
62: 8
VDC id:62, size 8
yes
0.00000
1.88767
0.00000 45304.00000
Memory 0.06480
48
Allocating ../../../instances/hadoop/hadoop_extra/hadoop_8.8.vn
3
4, 3
63: 8
VDC id:63, size 8
yes
0.00000
1.88583
0.00000 45260.00000
Memory 0.06585
45
Allocating ../../../instances/hadoop/hadoop_extra/hadoop_8.4.vn
3
4, 3
64: 8
VDC id:64, size 8
yes
0.00000
1.88400
0.00000 45216.00000
Memory 0.06689
45
Allocating ../../../instances/hadoop/hadoop_extra/hadoop_8.6.vn
3
4, 3
65: 8
VDC id:65, size 8
yes
0.00000
1.88183
0.00000 45164.00000
Memory 0.06794
44
Allocating ../../../instances/hadoop/hadoop_extra/hadoop_8.2.vn
3
4, 3
66: 8
VDC id:66, size 8
yes
0.00000
1.88000
0.00000 45120.00000
Memory 0.06898
43
Allocating ../../../instances/hadoop/hadoop_extra/hadoop_8.6.vn
3
4, 3
67: 8
VDC id:67, size 8
yes
0.00000
1.87783
0.00000 45068.00000
Memory 0.07003
43
Allocating ../../../instances/hadoop/hadoop_extra/hadoop_8.6.vn
3
4, 3
68: 8
VDC id:68, size 8
yes
0.00000
1.87567
0.00000 45016.00000
Memory 0.07108
43
Allocating ../../../instances/hadoop/hadoop_extra/hadoop_8.2.vn
3
4, 3
69: 8
VDC id:69, size 8
yes
0.00000
1.87383
0.00000 44972.00000
Memory 0.07212
42
Allocating ../../../instances/hadoop/hadoop_extra/hadoop_8.1.vn
3
4, 3
70: 8
VDC id:70, size 8
yes
0.00000
1.87200
0.00000 44928.00000
Memory 0.07317
43
Allocating ../../../instances/hadoop/hadoop_extra/hadoop_8.5.vn
3
4, 3
71: 8
VDC id:71, size 8
yes
0.00000
1.87050
0.00000 44892.00000
Memory 0.07421
44
Allocating ../../../instances/hadoop/hadoop_extra/hadoop_8.5.vn
3
4, 3
72: 8
VDC id:72, size 8
yes
0.00000
1.86900
0.00000 44856.00000
Memory 0.07526
45
Allocating ../../../instances/hadoop/hadoop_extra/hadoop_8.7.vn
3
4, 3
73: 8
VDC id:73, size 8
yes
0.00000
1.86717
0.00000 44812.00000
Memory 0.07630
42
Allocating ../../../instances/hadoop/hadoop_extra/hadoop_8.9.vn
3
4, 3
74: 8
VDC id:74, size 8
yes
0.00000
1.86533
0.00000 44768.00000
Memory 0.07735
42
Allocating ../../../instances/hadoop/hadoop_extra/hadoop_8.2.vn
3
4, 3
75: 8
VDC id:75, size 8
yes
0.00000
1.86350
0.00000 44724.00000
Memory 0.07839
42
Allocating ../../../instances/hadoop/hadoop_extra/hadoop_8.9.vn
3
4, 3
76: 8
VDC id:76, size 8
yes
0.00000
1.86167
0.00000 44680.00000
Memory 0.07944
42
Allocating ../../../instances/hadoop/hadoop_extra/hadoop_8.5.vn
3
4, 3
77: 8
VDC id:77, size 8
yes
0.00000
1.86017
0.00000 44644.00000
Memory 0.08048
43
Allocating ../../../instances/hadoop/hadoop_extra/hadoop_8.2.vn
3
4, 3
78: 8
VDC id:78, size 8
yes
0.00000
1.85833
0.00000 44600.00000
Memory 0.08153
44
Allocating ../../../instances/hadoop/hadoop_extra/hadoop_8.1.vn
3
4, 3
79: 8
VDC id:79, size 8
yes
0.00000
1.85650
0.00000 44556.00000
Memory 0.08257
41
Allocating ../../../instances/hadoop/hadoop_extra/hadoop_8.10.vn
3
4, 3
80: 8
VDC id:80, size 8
yes
0.00000
1.85450
0.00000 44508.00000
Memory 0.08362
45
Allocating ../../../instances/hadoop/hadoop_extra/hadoop_8.2.vn
3
4, 3
81: 8
VDC id:81, size 8
yes
0.00000
1.85267
0.00000 44464.00000
Memory 0.08466
43
Allocating ../../../instances/hadoop/hadoop_extra/hadoop_8.5.vn
3
4, 3
82: 8
VDC id:82, size 8
yes
0.00000
1.85117
0.00000 44428.00000
Memory 0.08571
47
Allocating ../../../instances/hadoop/hadoop_extra/hadoop_8.4.vn
3
4, 3
83: 8
VDC id:83, size 8
yes
0.00000
1.84933
0.00000 44384.00000
Memory 0.08675
44
Allocating ../../../instances/hadoop/hadoop_extra/hadoop_8.2.vn
3
4, 3
84: 8
VDC id:84, size 8
yes
0.00000
1.84750
0.00000 44340.00000
Memory 0.08780
45
Allocating ../../../instances/hadoop/hadoop_extra/hadoop_8.5.vn
3
4, 3
85: 8
VDC id:85, size 8
yes
0.00000
1.84600
0.00000 44304.00000
Memory 0.08884
45
Allocating ../../../instances/hadoop/hadoop_extra/hadoop_8.7.vn
3
4, 3
86: 8
VDC id:86, size 8
yes
0.00000
1.84417
0.00000 44260.00000
Memory 0.08989
46
Allocating ../../../instances/hadoop/hadoop_extra/hadoop_8.2.vn
3
4, 3
87: 8
VDC id:87, size 8
yes
0.00000
1.84233
0.00000 44216.00000
Memory 0.09093
44
Allocating ../../../instances/hadoop/hadoop_extra/hadoop_8.2.vn
3
4, 3
88: 8
VDC id:88, size 8
yes
0.00000
1.84050
0.00000 44172.00000
Memory 0.09198
47
Allocating ../../../instances/hadoop/hadoop_extra/hadoop_8.1.vn
3
4, 3
89: 8
VDC id:89, size 8
yes
0.00000
1.83867
0.00000 44128.00000
Memory 0.09303
50
Allocating ../../../instances/hadoop/hadoop_extra/hadoop_8.7.vn
3
4, 3
90: 8
VDC id:90, size 8
yes
0.00000
1.83683
0.00000 44084.00000
Memory 0.09407
46
Allocating ../../../instances/hadoop/hadoop_extra/hadoop_8.4.vn
3
4, 3
91: 8
VDC id:91, size 8
yes
0.00000
1.83500
0.00000 44040.00000
Memory 0.09512
47
Allocating ../../../instances/hadoop/hadoop_extra/hadoop_8.7.vn
3
4, 3
92: 8
VDC id:92, size 8
yes
0.00000
1.83317
0.00000 43996.00000
Memory 0.09616
44
Allocating ../../../instances/hadoop/hadoop_extra/hadoop_8.10.vn
3
4, 3
93: 8
VDC id:93, size 8
yes
0.00000
1.83117
0.00000 43948.00000
Memory 0.09721
42
Allocating ../../../instances/hadoop/hadoop_extra/hadoop_8.2.vn
3
4, 3
94: 8
VDC id:94, size 8
yes
0.00000
1.82933
0.00000 43904.00000
Memory 0.09825
49
Allocating ../../../instances/hadoop/hadoop_extra/hadoop_8.4.vn
3
4, 3
95: 8
VDC id:95, size 8
yes
0.00000
1.82750
0.00000 43860.00000
Memory 0.09930
42
Allocating ../../../instances/hadoop/hadoop_extra/hadoop_8.4.vn
3
4, 3
96: 8
VDC id:96, size 8
yes
0.00000
1.82567
0.00000 43816.00000
Memory 0.10034
48
Allocating ../../../instances/hadoop/hadoop_extra/hadoop_8.5.vn
3
4, 3
97: 8
VDC id:97, size 8
yes
0.00000
1.82417
0.00000 43780.00000
Memory 0.10139
45
Allocating ../../../instances/hadoop/hadoop_extra/hadoop_8.3.vn
3
4, 3
98: 8
VDC id:98, size 8
yes
0.00000
1.82250
0.00000 43740.00000
Memory 0.10243
50
Allocating ../../../instances/hadoop/hadoop_extra/hadoop_8.1.vn
3
4, 3
99: 8
VDC id:99, size 8
yes
0.00000
1.82067
0.00000 43696.00000
Memory 0.10348
43
Allocating ../../../instances/hadoop/hadoop_extra/hadoop_8.3.vn
3
4, 3
100: 8
VDC id:100, size 8
yes
0.00000
1.81900
0.00000 43656.00000
Memory 0.10452
48
Allocating ../../../instances/hadoop/hadoop_extra/hadoop_8.9.vn
3
4, 3
101: 8
VDC id:101, size 8
yes
0.00000
1.81717
0.00000 43612.00000
Memory 0.10557
44
Allocating ../../../instances/hadoop/hadoop_extra/hadoop_8.3.vn
3
4, 3
102: 8
VDC id:102, size 8
yes
0.00000
1.81550
0.00000 43572.00000
Memory 0.10661
50
Allocating ../../../instances/hadoop/hadoop_extra/hadoop_8.4.vn
3
4, 3
103: 8
VDC id:103, size 8
yes
0.00000
1.81367
0.00000 43528.00000
Memory 0.10766
43
Allocating ../../../instances/hadoop/hadoop_extra/hadoop_8.7.vn
3
4, 3
104: 8
VDC id:104, size 8
yes
0.00000
1.81183
0.00000 43484.00000
Memory 0.10870
48
Allocating ../../../instances/hadoop/hadoop_extra/hadoop_8.6.vn
3
4, 3
105: 8
VDC id:105, size 8
yes
0.00000
1.80967
0.00000 43432.00000
Memory 0.10975
43
Allocating ../../../instances/hadoop/hadoop_extra/hadoop_8.4.vn
3
4, 3
106: 8
VDC id:106, size 8
yes
0.00000
1.80783
0.00000 43388.00000
Memory 0.11079
46
Allocating ../../../instances/hadoop/hadoop_extra/hadoop_8.1.vn
3
4, 3
107: 8
VDC id:107, size 8
yes
0.00000
1.80600
0.00000 43344.00000
Memory 0.11184
43
Allocating ../../../instances/hadoop/hadoop_extra/hadoop_8.6.vn
3
4, 3
108: 8
VDC id:108, size 8
yes
0.00000
1.80383
0.00000 43292.00000
Memory 0.11288
46
Allocating ../../../instances/hadoop/hadoop_extra/hadoop_8.4.vn
3
4, 3
109: 8
VDC id:109, size 8
yes
0.00000
1.80200
0.00000 43248.00000
Memory 0.11393
43
Allocating ../../../instances/hadoop/hadoop_extra/hadoop_8.4.vn
3
4, 3
110: 8
VDC id:110, size 8
yes
0.00000
1.80017
0.00000 43204.00000
Memory 0.11497
48
Allocating ../../../instances/hadoop/hadoop_extra/hadoop_8.6.vn
3
4, 3
111: 8
VDC id:111, size 8
yes
0.00000
1.79800
0.00000 43152.00000
Memory 0.11602
45
Allocating ../../../instances/hadoop/hadoop_extra/hadoop_8.6.vn
3
4, 3
112: 8
VDC id:112, size 8
yes
0.00000
1.79583
0.00000 43100.00000
Memory 0.11707
47
Allocating ../../../instances/hadoop/hadoop_extra/hadoop_8.6.vn
3
4, 3
113: 8
VDC id:113, size 8
yes
0.00000
1.79367
0.00000 43048.00000
Memory 0.11811
46
Allocating ../../../instances/hadoop/hadoop_extra/hadoop_8.7.vn
3
4, 3
114: 8
VDC id:114, size 8
yes
0.00000
1.79183
0.00000 43004.00000
Memory 0.11916
45
Allocating ../../../instances/hadoop/hadoop_extra/hadoop_8.4.vn
3
4, 3
115: 8
VDC id:115, size 8
yes
0.00000
1.79000
0.00000 42960.00000
Memory 0.12020
46
Allocating ../../../instances/hadoop/hadoop_extra/hadoop_8.3.vn
3
4, 3
116: 8
VDC id:116, size 8
yes
0.00000
1.78833
0.00000 42920.00000
Memory 0.12125
50
Allocating ../../../instances/hadoop/hadoop_extra/hadoop_8.4.vn
3
4, 3
117: 8
VDC id:117, size 8
yes
0.00000
1.78650
0.00000 42876.00000
Memory 0.12229
53
Allocating ../../../instances/hadoop/hadoop_extra/hadoop_8.1.vn
3
4, 3
118: 8
VDC id:118, size 8
yes
0.00000
1.78467
0.00000 42832.00000
Memory 0.12334
44
Allocating ../../../instances/hadoop/hadoop_extra/hadoop_8.4.vn
3
4, 3
119: 8
VDC id:119, size 8
yes
0.00000
1.78283
0.00000 42788.00000
Memory 0.12438
46
Allocating ../../../instances/hadoop/hadoop_extra/hadoop_8.6.vn
3
4, 3
120: 8
VDC id:120, size 8
yes
0.00000
1.78067
0.00000 42736.00000
Memory 0.12543
48
Allocating ../../../instances/hadoop/hadoop_extra/hadoop_8.1.vn
3
4, 3
121: 8
VDC id:121, size 8
yes
0.00000
1.77883
0.00000 42692.00000
Memory 0.12647
53
Allocating ../../../instances/hadoop/hadoop_extra/hadoop_8.5.vn
3
4, 3
122: 8
VDC id:122, size 8
yes
0.00000
1.77733
0.00000 42656.00000
Memory 0.12752
48
Allocating ../../../instances/hadoop/hadoop_extra/hadoop_8.3.vn
3
4, 3
123: 8
VDC id:123, size 8
yes
0.00000
1.77567
0.00000 42616.00000
Memory 0.12856
47
Allocating ../../../instances/hadoop/hadoop_extra/hadoop_8.2.vn
3
4, 3
124: 8
VDC id:124, size 8
yes
0.00000
1.77383
0.00000 42572.00000
Memory 0.12961
61
Allocating ../../../instances/hadoop/hadoop_extra/hadoop_8.8.vn
3
4, 3
125: 8
VDC id:125, size 8
yes
0.00000
1.77200
0.00000 42528.00000
Memory 0.13065
49
Allocating ../../../instances/hadoop/hadoop_extra/hadoop_8.4.vn
3
4, 3
126: 8
VDC id:126, size 8
yes
0.00000
1.77017
0.00000 42484.00000
Memory 0.13170
48
Allocating ../../../instances/hadoop/hadoop_extra/hadoop_8.7.vn
3
4, 3
127: 8
VDC id:127, size 8
yes
0.00000
1.76833
0.00000 42440.00000
Memory 0.13274
50
Allocating ../../../instances/hadoop/hadoop_extra/hadoop_8.1.vn
3
4, 3
128: 8
VDC id:128, size 8
yes
0.00000
1.76650
0.00000 42396.00000
Memory 0.13379
45
Allocating ../../../instances/hadoop/hadoop_extra/hadoop_8.8.vn
3
4, 3
129: 8
VDC id:129, size 8
yes
0.00000
1.76467
0.00000 42352.00000
Memory 0.13483
49
Allocating ../../../instances/hadoop/hadoop_extra/hadoop_8.6.vn
3
4, 3
130: 8
VDC id:130, size 8
yes
0.00000
1.76250
0.00000 42300.00000
Memory 0.13588
54
Allocating ../../../instances/hadoop/hadoop_extra/hadoop_8.2.vn
3
4, 3
131: 8
VDC id:131, size 8
yes
0.00000
1.76067
0.00000 42256.00000
Memory 0.13692
46
Allocating ../../../instances/hadoop/hadoop_extra/hadoop_8.6.vn
3
4, 3
132: 8
VDC id:132, size 8
yes
0.00000
1.75850
0.00000 42204.00000
Memory 0.13797
47
Allocating ../../../instances/hadoop/hadoop_extra/hadoop_8.4.vn
3
4, 3
133: 8
VDC id:133, size 8
yes
0.00000
1.75667
0.00000 42160.00000
Memory 0.13902
51
Allocating ../../../instances/hadoop/hadoop_extra/hadoop_8.10.vn
3
4, 3
134: 8
VDC id:134, size 8
yes
0.00000
1.75467
0.00000 42112.00000
Memory 0.14006
47
Allocating ../../../instances/hadoop/hadoop_extra/hadoop_8.6.vn
3
4, 3
135: 8
VDC id:135, size 8
yes
0.00000
1.75250
0.00000 42060.00000
Memory 0.14111
45
Allocating ../../../instances/hadoop/hadoop_extra/hadoop_8.1.vn
3
4, 3
136: 8
VDC id:136, size 8
yes
0.00000
1.75067
0.00000 42016.00000
Memory 0.14215
53
Allocating ../../../instances/hadoop/hadoop_extra/hadoop_8.3.vn
3
4, 3
137: 8
VDC id:137, size 8
yes
0.00000
1.74900
0.00000 41976.00000
Memory 0.14320
48
Allocating ../../../instances/hadoop/hadoop_extra/hadoop_8.5.vn
3
4, 3
138: 8
VDC id:138, size 8
yes
0.00000
1.74750
0.00000 41940.00000
Memory 0.14424
45
Allocating ../../../instances/hadoop/hadoop_extra/hadoop_8.5.vn
3
4, 3
139: 8
VDC id:139, size 8
yes
0.00000
1.74600
0.00000 41904.00000
Memory 0.14529
49
Allocating ../../../instances/hadoop/hadoop_extra/hadoop_8.6.vn
3
4, 3
140: 8
VDC id:140, size 8
yes
0.00000
1.74383
0.00000 41852.00000
Memory 0.14633
57
Allocating ../../../instances/hadoop/hadoop_extra/hadoop_8.2.vn
3
4, 3
141: 8
VDC id:141, size 8
yes
0.00000
1.74200
0.00000 41808.00000
Memory 0.14738
47
Allocating ../../../instances/hadoop/hadoop_extra/hadoop_8.1.vn
3
4, 3
142: 8
VDC id:142, size 8
yes
0.00000
1.74017
0.00000 41764.00000
Memory 0.14842
55
Allocating ../../../instances/hadoop/hadoop_extra/hadoop_8.6.vn
3
4, 3
143: 8
VDC id:143, size 8
yes
0.00000
1.73800
0.00000 41712.00000
Memory 0.14947
46
Allocating ../../../instances/hadoop/hadoop_extra/hadoop_8.6.vn
3
4, 3
144: 8
VDC id:144, size 8
yes
0.00000
1.73583
0.00000 41660.00000
Memory 0.15051
50
Allocating ../../../instances/hadoop/hadoop_extra/hadoop_8.6.vn
3
4, 3
145: 8
VDC id:145, size 8
yes
0.00000
1.73367
0.00000 41608.00000
Memory 0.15156
48
Allocating ../../../instances/hadoop/hadoop_extra/hadoop_8.3.vn
3
4, 3
146: 8
VDC id:146, size 8
yes
0.00000
1.73200
0.00000 41568.00000
Memory 0.15260
47
Allocating ../../../instances/hadoop/hadoop_extra/hadoop_8.7.vn
3
4, 3
147: 8
VDC id:147, size 8
yes
0.00000
1.73017
0.00000 41524.00000
Memory 0.15365
52
Allocating ../../../instances/hadoop/hadoop_extra/hadoop_8.10.vn
3
4, 3
148: 8
VDC id:148, size 8
yes
0.00000
1.72817
0.00000 41476.00000
Memory 0.15469
47
Allocating ../../../instances/hadoop/hadoop_extra/hadoop_8.4.vn
3
4, 3
149: 8
VDC id:149, size 8
yes
0.00000
1.72633
0.00000 41432.00000
Memory 0.15574
50
Allocating ../../../instances/hadoop/hadoop_extra/hadoop_8.2.vn
3
4, 3
150: 8
VDC id:150, size 8
yes
0.00000
1.72450
0.00000 41388.00000
Memory 0.15678
49
Allocating ../../../instances/hadoop/hadoop_extra/hadoop_8.10.vn
3
4, 3
151: 8
VDC id:151, size 8
yes
0.00000
1.72250
0.00000 41340.00000
Memory 0.15783
47
Allocating ../../../instances/hadoop/hadoop_extra/hadoop_8.4.vn
3
4, 3
152: 8
VDC id:152, size 8
yes
0.00000
1.72067
0.00000 41296.00000
Memory 0.15887
46
Allocating ../../../instances/hadoop/hadoop_extra/hadoop_8.3.vn
3
4, 3
153: 8
VDC id:153, size 8
yes
0.00000
1.71900
0.00000 41256.00000
Memory 0.15992
48
Allocating ../../../instances/hadoop/hadoop_extra/hadoop_8.1.vn
3
4, 3
154: 8
VDC id:154, size 8
yes
0.00000
1.71717
0.00000 41212.00000
Memory 0.16096
52
Allocating ../../../instances/hadoop/hadoop_extra/hadoop_8.9.vn
3
4, 3
155: 8
VDC id:155, size 8
yes
0.00000
1.71533
0.00000 41168.00000
Memory 0.16201
50
Allocating ../../../instances/hadoop/hadoop_extra/hadoop_8.1.vn
3
4, 3
156: 8
VDC id:156, size 8
yes
0.00000
1.71350
0.00000 41124.00000
Memory 0.16306
51
Allocating ../../../instances/hadoop/hadoop_extra/hadoop_8.5.vn
3
4, 3
157: 8
VDC id:157, size 8
yes
0.00000
1.71200
0.00000 41088.00000
Memory 0.16410
52
Allocating ../../../instances/hadoop/hadoop_extra/hadoop_8.6.vn
3
4, 3
158: 8
VDC id:158, size 8
yes
0.00000
1.70983
0.00000 41036.00000
Memory 0.16515
46
Allocating ../../../instances/hadoop/hadoop_extra/hadoop_8.4.vn
3
4, 3
159: 8
VDC id:159, size 8
yes
0.00000
1.70800
0.00000 40992.00000
Memory 0.16619
47
Allocating ../../../instances/hadoop/hadoop_extra/hadoop_8.10.vn
3
4, 3
160: 8
VDC id:160, size 8
yes
0.00000
1.70600
0.00000 40944.00000
Memory 0.16724
51
Allocating ../../../instances/hadoop/hadoop_extra/hadoop_8.10.vn
3
4, 3
161: 8
VDC id:161, size 8
yes
0.00000
1.70400
0.00000 40896.00000
Memory 0.16828
47
Allocating ../../../instances/hadoop/hadoop_extra/hadoop_8.4.vn
3
4, 3
162: 8
VDC id:162, size 8
yes
0.00000
1.70217
0.00000 40852.00000
Memory 0.16933
47
Allocating ../../../instances/hadoop/hadoop_extra/hadoop_8.1.vn
3
4, 3
163: 8
VDC id:163, size 8
yes
0.00000
1.70033
0.00000 40808.00000
Memory 0.17037
53
Allocating ../../../instances/hadoop/hadoop_extra/hadoop_8.7.vn
3
4, 3
164: 8
VDC id:164, size 8
yes
0.00000
1.69850
0.00000 40764.00000
Memory 0.17142
46
Allocating ../../../instances/hadoop/hadoop_extra/hadoop_8.10.vn
3
4, 3
165: 8
VDC id:165, size 8
yes
0.00000
1.69650
0.00000 40716.00000
Memory 0.17246
48
Allocating ../../../instances/hadoop/hadoop_extra/hadoop_8.6.vn
3
4, 3
166: 8
VDC id:166, size 8
yes
0.00000
1.69433
0.00000 40664.00000
Memory 0.17351
50
Allocating ../../../instances/hadoop/hadoop_extra/hadoop_8.3.vn
3
4, 3
167: 8
VDC id:167, size 8
yes
0.00000
1.69267
0.00000 40624.00000
Memory 0.17455
49
Allocating ../../../instances/hadoop/hadoop_extra/hadoop_8.4.vn
3
4, 3
168: 8
VDC id:168, size 8
yes
0.00000
1.69083
0.00000 40580.00000
Memory 0.17560
47
Allocating ../../../instances/hadoop/hadoop_extra/hadoop_8.8.vn
3
4, 3
169: 8
VDC id:169, size 8
yes
0.00000
1.68900
0.00000 40536.00000
Memory 0.17664
54
Allocating ../../../instances/hadoop/hadoop_extra/hadoop_8.6.vn
3
4, 3
170: 8
VDC id:170, size 8
yes
0.00000
1.68683
0.00000 40484.00000
Memory 0.17769
47
Allocating ../../../instances/hadoop/hadoop_extra/hadoop_8.1.vn
3
4, 3
171: 8
VDC id:171, size 8
yes
0.00000
1.68500
0.00000 40440.00000
Memory 0.17873
46
Allocating ../../../instances/hadoop/hadoop_extra/hadoop_8.5.vn
3
4, 3
172: 8
VDC id:172, size 8
yes
0.00000
1.68350
0.00000 40404.00000
Memory 0.17978
51
Allocating ../../../instances/hadoop/hadoop_extra/hadoop_8.5.vn
3
4, 3
173: 8
VDC id:173, size 8
yes
0.00000
1.68200
0.00000 40368.00000
Memory 0.18082
48
Allocating ../../../instances/hadoop/hadoop_extra/hadoop_8.2.vn
3
4, 3
174: 8
VDC id:174, size 8
yes
0.00000
1.68017
0.00000 40324.00000
Memory 0.18187
47
Allocating ../../../instances/hadoop/hadoop_extra/hadoop_8.7.vn
3
4, 3
175: 8
VDC id:175, size 8
yes
0.00000
1.67833
0.00000 40280.00000
Memory 0.18291
48
Allocating ../../../instances/hadoop/hadoop_extra/hadoop_8.4.vn
3
4, 3
176: 8
VDC id:176, size 8
yes
0.00000
1.67650
0.00000 40236.00000
Memory 0.18396
47
Allocating ../../../instances/hadoop/hadoop_extra/hadoop_8.7.vn
3
4, 3
177: 8
VDC id:177, size 8
yes
0.00000
1.67467
0.00000 40192.00000
Memory 0.18501
47
Allocating ../../../instances/hadoop/hadoop_extra/hadoop_8.5.vn
3
4, 3
178: 8
VDC id:178, size 8
yes
0.00000
1.67317
0.00000 40156.00000
Memory 0.18605
48
Allocating ../../../instances/hadoop/hadoop_extra/hadoop_8.9.vn
3
4, 3
179: 8
VDC id:179, size 8
yes
0.00000
1.67133
0.00000 40112.00000
Memory 0.18710
53
Allocating ../../../instances/hadoop/hadoop_extra/hadoop_8.4.vn
3
4, 3
180: 8
VDC id:180, size 8
yes
0.00000
1.66950
0.00000 40068.00000
Memory 0.18814
49
Allocating ../../../instances/hadoop/hadoop_extra/hadoop_8.2.vn
3
4, 3
181: 8
VDC id:181, size 8
cannot do bipartite matching!
no
0.00000
1.66950
0.00000 40068.00000
Memory 0.18835
1564
Allocated 180 VDCs
[runlim] end:			Mon Sep 30 03:33:41 2019
[runlim] status:		ok
[runlim] result:		0
[runlim] children:		0
[runlim] real:			0.39 seconds
[runlim] time:			0.00 seconds
[runlim] space:			0.0 MB
[runlim] samples:		0
