#secondnet
init 0 0
1 0.000132 0.000132
2 0.000124 0.000256
3 0.000086 0.000342
4 0.000084 0.000426
5 0.000081 0.000507
6 0.000085 0.000592
7 0.000081 0.000673
8 0.000079 0.000752
9 0.000081 0.000833
10 0.000081 0.000914
11 0.000080 0.000994
12 0.000079 0.001073
13 0.000081 0.001154
14 0.000080 0.001234
15 0.000079 0.001313
16 0.000079 0.001392
17 0.000081 0.001473
18 0.000080 0.001553
19 0.000081 0.001634
20 0.000080 0.001714
21 0.000081 0.001795
22 0.000085 0.001880
23 0.000083 0.001963
24 0.000085 0.002048
25 0.000085 0.002133
26 0.000090 0.002223
27 0.000083 0.002306
28 0.000082 0.002388
29 0.000082 0.002470
30 0.000083 0.002553
31 0.000085 0.002638
32 0.000088 0.002726
33 0.000094 0.002820
34 0.000087 0.002907
35 0.000083 0.002990
36 0.000084 0.003074
37 0.000085 0.003159
38 0.000084 0.003243
39 0.000082 0.003325
40 0.000088 0.003413
41 0.000087 0.003500
42 0.000092 0.003592
43 0.000088 0.003680
44 0.000089 0.003769
45 0.000091 0.003860
46 0.000084 0.003944
47 0.000090 0.004034
48 0.000116 0.004150
49 0.000087 0.004237
50 0.000088 0.004325
51 0.000088 0.004413
52 0.000088 0.004501
53 0.000091 0.004592
54 0.000088 0.004680
55 0.000088 0.004768
56 0.000088 0.004856
57 0.000087 0.004943
58 0.000090 0.005033
59 0.000083 0.005116
60 0.000086 0.005202
61 0.000085 0.005287
62 0.000088 0.005375
63 0.000085 0.005460
64 0.000083 0.005543
65 0.000087 0.005630
66 0.000088 0.005718
67 0.000092 0.005810
68 0.000089 0.005899
69 0.000093 0.005992
70 0.000103 0.006095
71 0.000091 0.006186
72 0.000089 0.006275
73 0.000091 0.006366
74 0.000086 0.006452
75 0.000092 0.006544
76 0.000092 0.006636
77 0.000089 0.006725
78 0.000101 0.006826
79 0.000095 0.006921
80 0.000086 0.007007
done 80 0.001362 0.008369
