[runlim] version:		1.7
[runlim] time limit:		3600 seconds
[runlim] real time limit:	311040000 seconds
[runlim] space limit:		80000 MB
[runlim] argv[0]:		./vdcalloc_print_final_pn
[runlim] argv[1]:		../../../instances/hadoop/instance_list_hadoop_4vm_rnd.txt
[runlim] argv[2]:		3
[runlim] argv[3]:		0
[runlim] argv[4]:		0
[runlim] argv[5]:		0
[runlim] argv[6]:		0
[runlim] argv[7]:		timelogs/results.us_west1.pn.instance_list_hadoop_4vm_rnd.txt.log
[runlim] start:			Mon Sep 30 03:33:41 2019
[runlim] main pid:		14220
Running Secondnet on ../../../instances/hadoop/instance_list_hadoop_4vm_rnd.txt
Read 3840 instances
Running Secondnet on US-West1 instance /home/sam/workspacePython/monosat_py2_datacenter/instances/hadoop_small/us-west1.pn
server id 0: 1200
server id 1: 1200
server id 2: 1200
server id 3: 1200
server id 4: 1200
server id 5: 1200
server id 6: 1200
server id 7: 1200
server id 8: 1200
server id 9: 1200
server id 10: 1200
server id 11: 1200
server id 12: 1200
server id 13: 1200
server id 14: 1200
server id 15: 1200
server id 16: 1200
server id 17: 1200
server id 18: 1200
server id 19: 1200
server id 20: 1201
server id 21: 1201
server id 22: 1201
server id 23: 1201
server id 24: 1201
server id 25: 1201
server id 26: 1201
server id 27: 1201
server id 28: 1201
server id 29: 1201
server id 30: 1201
server id 31: 1201
server id 32: 1201
server id 33: 1201
server id 34: 1201
server id 35: 1201
server id 36: 1201
server id 37: 1201
server id 38: 1201
server id 39: 1201
server id 40: 1202
server id 41: 1202
server id 42: 1202
server id 43: 1202
server id 44: 1202
server id 45: 1202
server id 46: 1202
server id 47: 1202
server id 48: 1202
server id 49: 1202
server id 50: 1202
server id 51: 1202
server id 52: 1202
server id 53: 1202
server id 54: 1202
server id 55: 1202
server id 56: 1202
server id 57: 1202
server id 58: 1202
server id 59: 1202
server id 60: 1203
server id 61: 1203
server id 62: 1203
server id 63: 1203
server id 64: 1203
server id 65: 1203
server id 66: 1203
server id 67: 1203
server id 68: 1203
server id 69: 1203
server id 70: 1203
server id 71: 1203
server id 72: 1203
server id 73: 1203
server id 74: 1203
server id 75: 1203
server id 76: 1203
server id 77: 1203
server id 78: 1203
server id 79: 1203
server id 80: 1204
server id 81: 1204
server id 82: 1204
server id 83: 1204
server id 84: 1204
server id 85: 1204
server id 86: 1204
server id 87: 1204
server id 88: 1204
server id 89: 1204
server id 90: 1204
server id 91: 1204
server id 92: 1204
server id 93: 1204
server id 94: 1204
server id 95: 1204
server id 96: 1204
server id 97: 1204
server id 98: 1204
server id 99: 1204
server id 100: 1205
server id 101: 1205
server id 102: 1205
server id 103: 1205
server id 104: 1205
server id 105: 1205
server id 106: 1205
server id 107: 1205
server id 108: 1205
server id 109: 1205
server id 110: 1205
server id 111: 1205
server id 112: 1205
server id 113: 1205
server id 114: 1205
server id 115: 1205
server id 116: 1205
server id 117: 1205
server id 118: 1205
server id 119: 1205
server id 120: 1206
server id 121: 1206
server id 122: 1206
server id 123: 1206
server id 124: 1206
server id 125: 1206
server id 126: 1206
server id 127: 1206
server id 128: 1206
server id 129: 1206
server id 130: 1206
server id 131: 1206
server id 132: 1206
server id 133: 1206
server id 134: 1206
server id 135: 1206
server id 136: 1206
server id 137: 1206
server id 138: 1206
server id 139: 1206
server id 140: 1207
server id 141: 1207
server id 142: 1207
server id 143: 1207
server id 144: 1207
server id 145: 1207
server id 146: 1207
server id 147: 1207
server id 148: 1207
server id 149: 1207
server id 150: 1207
server id 151: 1207
server id 152: 1207
server id 153: 1207
server id 154: 1207
server id 155: 1207
server id 156: 1207
server id 157: 1207
server id 158: 1207
server id 159: 1207
server id 160: 1208
server id 161: 1208
server id 162: 1208
server id 163: 1208
server id 164: 1208
server id 165: 1208
server id 166: 1208
server id 167: 1208
server id 168: 1208
server id 169: 1208
server id 170: 1208
server id 171: 1208
server id 172: 1208
server id 173: 1208
server id 174: 1208
server id 175: 1208
server id 176: 1208
server id 177: 1208
server id 178: 1208
server id 179: 1208
server id 180: 1209
server id 181: 1209
server id 182: 1209
server id 183: 1209
server id 184: 1209
server id 185: 1209
server id 186: 1209
server id 187: 1209
server id 188: 1209
server id 189: 1209
server id 190: 1209
server id 191: 1209
server id 192: 1209
server id 193: 1209
server id 194: 1209
server id 195: 1209
server id 196: 1209
server id 197: 1209
server id 198: 1209
server id 199: 1209
server id 200: 1210
server id 201: 1210
server id 202: 1210
server id 203: 1210
server id 204: 1210
server id 205: 1210
server id 206: 1210
server id 207: 1210
server id 208: 1210
server id 209: 1210
server id 210: 1210
server id 211: 1210
server id 212: 1210
server id 213: 1210
server id 214: 1210
server id 215: 1210
server id 216: 1210
server id 217: 1210
server id 218: 1210
server id 219: 1210
server id 220: 1211
server id 221: 1211
server id 222: 1211
server id 223: 1211
server id 224: 1211
server id 225: 1211
server id 226: 1211
server id 227: 1211
server id 228: 1211
server id 229: 1211
server id 230: 1211
server id 231: 1211
server id 232: 1211
server id 233: 1211
server id 234: 1211
server id 235: 1211
server id 236: 1211
server id 237: 1211
server id 238: 1211
server id 239: 1211
server id 240: 1212
server id 241: 1212
server id 242: 1212
server id 243: 1212
server id 244: 1212
server id 245: 1212
server id 246: 1212
server id 247: 1212
server id 248: 1212
server id 249: 1212
server id 250: 1212
server id 251: 1212
server id 252: 1212
server id 253: 1212
server id 254: 1212
server id 255: 1212
server id 256: 1212
server id 257: 1212
server id 258: 1212
server id 259: 1212
server id 260: 1213
server id 261: 1213
server id 262: 1213
server id 263: 1213
server id 264: 1213
server id 265: 1213
server id 266: 1213
server id 267: 1213
server id 268: 1213
server id 269: 1213
server id 270: 1213
server id 271: 1213
server id 272: 1213
server id 273: 1213
server id 274: 1213
server id 275: 1213
server id 276: 1213
server id 277: 1213
server id 278: 1213
server id 279: 1213
server id 280: 1214
server id 281: 1214
server id 282: 1214
server id 283: 1214
server id 284: 1214
server id 285: 1214
server id 286: 1214
server id 287: 1214
server id 288: 1214
server id 289: 1214
server id 290: 1214
server id 291: 1214
server id 292: 1214
server id 293: 1214
server id 294: 1214
server id 295: 1214
server id 296: 1214
server id 297: 1214
server id 298: 1214
server id 299: 1214
server id 300: 1215
server id 301: 1215
server id 302: 1215
server id 303: 1215
server id 304: 1215
server id 305: 1215
server id 306: 1215
server id 307: 1215
server id 308: 1215
server id 309: 1215
server id 310: 1215
server id 311: 1215
server id 312: 1215
server id 313: 1215
server id 314: 1215
server id 315: 1215
server id 316: 1215
server id 317: 1215
server id 318: 1215
server id 319: 1215
server id 320: 1216
server id 321: 1216
server id 322: 1216
server id 323: 1216
server id 324: 1216
server id 325: 1216
server id 326: 1216
server id 327: 1216
server id 328: 1216
server id 329: 1216
server id 330: 1216
server id 331: 1216
server id 332: 1216
server id 333: 1216
server id 334: 1216
server id 335: 1216
server id 336: 1216
server id 337: 1216
server id 338: 1216
server id 339: 1216
server id 340: 1217
server id 341: 1217
server id 342: 1217
server id 343: 1217
server id 344: 1217
server id 345: 1217
server id 346: 1217
server id 347: 1217
server id 348: 1217
server id 349: 1217
server id 350: 1217
server id 351: 1217
server id 352: 1217
server id 353: 1217
server id 354: 1217
server id 355: 1217
server id 356: 1217
server id 357: 1217
server id 358: 1217
server id 359: 1217
server id 360: 1218
server id 361: 1218
server id 362: 1218
server id 363: 1218
server id 364: 1218
server id 365: 1218
server id 366: 1218
server id 367: 1218
server id 368: 1218
server id 369: 1218
server id 370: 1218
server id 371: 1218
server id 372: 1218
server id 373: 1218
server id 374: 1218
server id 375: 1218
server id 376: 1218
server id 377: 1218
server id 378: 1218
server id 379: 1218
server id 380: 1219
server id 381: 1219
server id 382: 1219
server id 383: 1219
server id 384: 1219
server id 385: 1219
server id 386: 1219
server id 387: 1219
server id 388: 1219
server id 389: 1219
server id 390: 1219
server id 391: 1219
server id 392: 1219
server id 393: 1219
server id 394: 1219
server id 395: 1219
server id 396: 1219
server id 397: 1219
server id 398: 1219
server id 399: 1219
server id 400: 1220
server id 401: 1220
server id 402: 1220
server id 403: 1220
server id 404: 1220
server id 405: 1220
server id 406: 1220
server id 407: 1220
server id 408: 1220
server id 409: 1220
server id 410: 1220
server id 411: 1220
server id 412: 1220
server id 413: 1220
server id 414: 1220
server id 415: 1220
server id 416: 1220
server id 417: 1220
server id 418: 1220
server id 419: 1220
server id 420: 1221
server id 421: 1221
server id 422: 1221
server id 423: 1221
server id 424: 1221
server id 425: 1221
server id 426: 1221
server id 427: 1221
server id 428: 1221
server id 429: 1221
server id 430: 1221
server id 431: 1221
server id 432: 1221
server id 433: 1221
server id 434: 1221
server id 435: 1221
server id 436: 1221
server id 437: 1221
server id 438: 1221
server id 439: 1221
server id 440: 1222
server id 441: 1222
server id 442: 1222
server id 443: 1222
server id 444: 1222
server id 445: 1222
server id 446: 1222
server id 447: 1222
server id 448: 1222
server id 449: 1222
server id 450: 1222
server id 451: 1222
server id 452: 1222
server id 453: 1222
server id 454: 1222
server id 455: 1222
server id 456: 1222
server id 457: 1222
server id 458: 1222
server id 459: 1222
server id 460: 1223
server id 461: 1223
server id 462: 1223
server id 463: 1223
server id 464: 1223
server id 465: 1223
server id 466: 1223
server id 467: 1223
server id 468: 1223
server id 469: 1223
server id 470: 1223
server id 471: 1223
server id 472: 1223
server id 473: 1223
server id 474: 1223
server id 475: 1223
server id 476: 1223
server id 477: 1223
server id 478: 1223
server id 479: 1223
server id 480: 1224
server id 481: 1224
server id 482: 1224
server id 483: 1224
server id 484: 1224
server id 485: 1224
server id 486: 1224
server id 487: 1224
server id 488: 1224
server id 489: 1224
server id 490: 1224
server id 491: 1224
server id 492: 1224
server id 493: 1224
server id 494: 1224
server id 495: 1224
server id 496: 1224
server id 497: 1224
server id 498: 1224
server id 499: 1224
server id 500: 1225
server id 501: 1225
server id 502: 1225
server id 503: 1225
server id 504: 1225
server id 505: 1225
server id 506: 1225
server id 507: 1225
server id 508: 1225
server id 509: 1225
server id 510: 1225
server id 511: 1225
server id 512: 1225
server id 513: 1225
server id 514: 1225
server id 515: 1225
server id 516: 1225
server id 517: 1225
server id 518: 1225
server id 519: 1225
server id 520: 1226
server id 521: 1226
server id 522: 1226
server id 523: 1226
server id 524: 1226
server id 525: 1226
server id 526: 1226
server id 527: 1226
server id 528: 1226
server id 529: 1226
server id 530: 1226
server id 531: 1226
server id 532: 1226
server id 533: 1226
server id 534: 1226
server id 535: 1226
server id 536: 1226
server id 537: 1226
server id 538: 1226
server id 539: 1226
server id 540: 1227
server id 541: 1227
server id 542: 1227
server id 543: 1227
server id 544: 1227
server id 545: 1227
server id 546: 1227
server id 547: 1227
server id 548: 1227
server id 549: 1227
server id 550: 1227
server id 551: 1227
server id 552: 1227
server id 553: 1227
server id 554: 1227
server id 555: 1227
server id 556: 1227
server id 557: 1227
server id 558: 1227
server id 559: 1227
server id 560: 1228
server id 561: 1228
server id 562: 1228
server id 563: 1228
server id 564: 1228
server id 565: 1228
server id 566: 1228
server id 567: 1228
server id 568: 1228
server id 569: 1228
server id 570: 1228
server id 571: 1228
server id 572: 1228
server id 573: 1228
server id 574: 1228
server id 575: 1228
server id 576: 1228
server id 577: 1228
server id 578: 1228
server id 579: 1228
server id 580: 1229
server id 581: 1229
server id 582: 1229
server id 583: 1229
server id 584: 1229
server id 585: 1229
server id 586: 1229
server id 587: 1229
server id 588: 1229
server id 589: 1229
server id 590: 1229
server id 591: 1229
server id 592: 1229
server id 593: 1229
server id 594: 1229
server id 595: 1229
server id 596: 1229
server id 597: 1229
server id 598: 1229
server id 599: 1229
server id 600: 1230
server id 601: 1230
server id 602: 1230
server id 603: 1230
server id 604: 1230
server id 605: 1230
server id 606: 1230
server id 607: 1230
server id 608: 1230
server id 609: 1230
server id 610: 1230
server id 611: 1230
server id 612: 1230
server id 613: 1230
server id 614: 1230
server id 615: 1230
server id 616: 1230
server id 617: 1230
server id 618: 1230
server id 619: 1230
server id 620: 1231
server id 621: 1231
server id 622: 1231
server id 623: 1231
server id 624: 1231
server id 625: 1231
server id 626: 1231
server id 627: 1231
server id 628: 1231
server id 629: 1231
server id 630: 1231
server id 631: 1231
server id 632: 1231
server id 633: 1231
server id 634: 1231
server id 635: 1231
server id 636: 1231
server id 637: 1231
server id 638: 1231
server id 639: 1231
server id 640: 1232
server id 641: 1232
server id 642: 1232
server id 643: 1232
server id 644: 1232
server id 645: 1232
server id 646: 1232
server id 647: 1232
server id 648: 1232
server id 649: 1232
server id 650: 1232
server id 651: 1232
server id 652: 1232
server id 653: 1232
server id 654: 1232
server id 655: 1232
server id 656: 1232
server id 657: 1232
server id 658: 1232
server id 659: 1232
server id 660: 1233
server id 661: 1233
server id 662: 1233
server id 663: 1233
server id 664: 1233
server id 665: 1233
server id 666: 1233
server id 667: 1233
server id 668: 1233
server id 669: 1233
server id 670: 1233
server id 671: 1233
server id 672: 1233
server id 673: 1233
server id 674: 1233
server id 675: 1233
server id 676: 1233
server id 677: 1233
server id 678: 1233
server id 679: 1233
server id 680: 1234
server id 681: 1234
server id 682: 1234
server id 683: 1234
server id 684: 1234
server id 685: 1234
server id 686: 1234
server id 687: 1234
server id 688: 1234
server id 689: 1234
server id 690: 1234
server id 691: 1234
server id 692: 1234
server id 693: 1234
server id 694: 1234
server id 695: 1234
server id 696: 1234
server id 697: 1234
server id 698: 1234
server id 699: 1234
server id 700: 1235
server id 701: 1235
server id 702: 1235
server id 703: 1235
server id 704: 1235
server id 705: 1235
server id 706: 1235
server id 707: 1235
server id 708: 1235
server id 709: 1235
server id 710: 1235
server id 711: 1235
server id 712: 1235
server id 713: 1235
server id 714: 1235
server id 715: 1235
server id 716: 1235
server id 717: 1235
server id 718: 1235
server id 719: 1235
server id 720: 1236
server id 721: 1236
server id 722: 1236
server id 723: 1236
server id 724: 1236
server id 725: 1236
server id 726: 1236
server id 727: 1236
server id 728: 1236
server id 729: 1236
server id 730: 1236
server id 731: 1236
server id 732: 1236
server id 733: 1236
server id 734: 1236
server id 735: 1236
server id 736: 1236
server id 737: 1236
server id 738: 1236
server id 739: 1236
server id 740: 1237
server id 741: 1237
server id 742: 1237
server id 743: 1237
server id 744: 1237
server id 745: 1237
server id 746: 1237
server id 747: 1237
server id 748: 1237
server id 749: 1237
server id 750: 1237
server id 751: 1237
server id 752: 1237
server id 753: 1237
server id 754: 1237
server id 755: 1237
server id 756: 1237
server id 757: 1237
server id 758: 1237
server id 759: 1237
server id 760: 1238
server id 761: 1238
server id 762: 1238
server id 763: 1238
server id 764: 1238
server id 765: 1238
server id 766: 1238
server id 767: 1238
server id 768: 1238
server id 769: 1238
server id 770: 1238
server id 771: 1238
server id 772: 1238
server id 773: 1238
server id 774: 1238
server id 775: 1238
server id 776: 1238
server id 777: 1238
server id 778: 1238
server id 779: 1238
server id 780: 1239
server id 781: 1239
server id 782: 1239
server id 783: 1239
server id 784: 1239
server id 785: 1239
server id 786: 1239
server id 787: 1239
server id 788: 1239
server id 789: 1239
server id 790: 1239
server id 791: 1239
server id 792: 1239
server id 793: 1239
server id 794: 1239
server id 795: 1239
server id 796: 1239
server id 797: 1239
server id 798: 1239
server id 799: 1239
server id 800: 1240
server id 801: 1240
server id 802: 1240
server id 803: 1240
server id 804: 1240
server id 805: 1240
server id 806: 1240
server id 807: 1240
server id 808: 1240
server id 809: 1240
server id 810: 1240
server id 811: 1240
server id 812: 1240
server id 813: 1240
server id 814: 1240
server id 815: 1240
server id 816: 1240
server id 817: 1240
server id 818: 1240
server id 819: 1240
server id 820: 1241
server id 821: 1241
server id 822: 1241
server id 823: 1241
server id 824: 1241
server id 825: 1241
server id 826: 1241
server id 827: 1241
server id 828: 1241
server id 829: 1241
server id 830: 1241
server id 831: 1241
server id 832: 1241
server id 833: 1241
server id 834: 1241
server id 835: 1241
server id 836: 1241
server id 837: 1241
server id 838: 1241
server id 839: 1241
server id 840: 1242
server id 841: 1242
server id 842: 1242
server id 843: 1242
server id 844: 1242
server id 845: 1242
server id 846: 1242
server id 847: 1242
server id 848: 1242
server id 849: 1242
server id 850: 1242
server id 851: 1242
server id 852: 1242
server id 853: 1242
server id 854: 1242
server id 855: 1242
server id 856: 1242
server id 857: 1242
server id 858: 1242
server id 859: 1242
server id 860: 1243
server id 861: 1243
server id 862: 1243
server id 863: 1243
server id 864: 1243
server id 865: 1243
server id 866: 1243
server id 867: 1243
server id 868: 1243
server id 869: 1243
server id 870: 1243
server id 871: 1243
server id 872: 1243
server id 873: 1243
server id 874: 1243
server id 875: 1243
server id 876: 1243
server id 877: 1243
server id 878: 1243
server id 879: 1243
server id 880: 1244
server id 881: 1244
server id 882: 1244
server id 883: 1244
server id 884: 1244
server id 885: 1244
server id 886: 1244
server id 887: 1244
server id 888: 1244
server id 889: 1244
server id 890: 1244
server id 891: 1244
server id 892: 1244
server id 893: 1244
server id 894: 1244
server id 895: 1244
server id 896: 1244
server id 897: 1244
server id 898: 1244
server id 899: 1244
server id 900: 1245
server id 901: 1245
server id 902: 1245
server id 903: 1245
server id 904: 1245
server id 905: 1245
server id 906: 1245
server id 907: 1245
server id 908: 1245
server id 909: 1245
server id 910: 1245
server id 911: 1245
server id 912: 1245
server id 913: 1245
server id 914: 1245
server id 915: 1245
server id 916: 1245
server id 917: 1245
server id 918: 1245
server id 919: 1245
server id 920: 1246
server id 921: 1246
server id 922: 1246
server id 923: 1246
server id 924: 1246
server id 925: 1246
server id 926: 1246
server id 927: 1246
server id 928: 1246
server id 929: 1246
server id 930: 1246
server id 931: 1246
server id 932: 1246
server id 933: 1246
server id 934: 1246
server id 935: 1246
server id 936: 1246
server id 937: 1246
server id 938: 1246
server id 939: 1246
server id 940: 1247
server id 941: 1247
server id 942: 1247
server id 943: 1247
server id 944: 1247
server id 945: 1247
server id 946: 1247
server id 947: 1247
server id 948: 1247
server id 949: 1247
server id 950: 1247
server id 951: 1247
server id 952: 1247
server id 953: 1247
server id 954: 1247
server id 955: 1247
server id 956: 1247
server id 957: 1247
server id 958: 1247
server id 959: 1247
server id 960: 1248
server id 961: 1248
server id 962: 1248
server id 963: 1248
server id 964: 1248
server id 965: 1248
server id 966: 1248
server id 967: 1248
server id 968: 1248
server id 969: 1248
server id 970: 1248
server id 971: 1248
server id 972: 1248
server id 973: 1248
server id 974: 1248
server id 975: 1248
server id 976: 1248
server id 977: 1248
server id 978: 1248
server id 979: 1248
server id 980: 1249
server id 981: 1249
server id 982: 1249
server id 983: 1249
server id 984: 1249
server id 985: 1249
server id 986: 1249
server id 987: 1249
server id 988: 1249
server id 989: 1249
server id 990: 1249
server id 991: 1249
server id 992: 1249
server id 993: 1249
server id 994: 1249
server id 995: 1249
server id 996: 1249
server id 997: 1249
server id 998: 1249
server id 999: 1249
server id 1000: 1250
server id 1001: 1250
server id 1002: 1250
server id 1003: 1250
server id 1004: 1250
server id 1005: 1250
server id 1006: 1250
server id 1007: 1250
server id 1008: 1250
server id 1009: 1250
server id 1010: 1250
server id 1011: 1250
server id 1012: 1250
server id 1013: 1250
server id 1014: 1250
server id 1015: 1250
server id 1016: 1250
server id 1017: 1250
server id 1018: 1250
server id 1019: 1250
server id 1020: 1251
server id 1021: 1251
server id 1022: 1251
server id 1023: 1251
server id 1024: 1251
server id 1025: 1251
server id 1026: 1251
server id 1027: 1251
server id 1028: 1251
server id 1029: 1251
server id 1030: 1251
server id 1031: 1251
server id 1032: 1251
server id 1033: 1251
server id 1034: 1251
server id 1035: 1251
server id 1036: 1251
server id 1037: 1251
server id 1038: 1251
server id 1039: 1251
server id 1040: 1252
server id 1041: 1252
server id 1042: 1252
server id 1043: 1252
server id 1044: 1252
server id 1045: 1252
server id 1046: 1252
server id 1047: 1252
server id 1048: 1252
server id 1049: 1252
server id 1050: 1252
server id 1051: 1252
server id 1052: 1252
server id 1053: 1252
server id 1054: 1252
server id 1055: 1252
server id 1056: 1252
server id 1057: 1252
server id 1058: 1252
server id 1059: 1252
server id 1060: 1253
server id 1061: 1253
server id 1062: 1253
server id 1063: 1253
server id 1064: 1253
server id 1065: 1253
server id 1066: 1253
server id 1067: 1253
server id 1068: 1253
server id 1069: 1253
server id 1070: 1253
server id 1071: 1253
server id 1072: 1253
server id 1073: 1253
server id 1074: 1253
server id 1075: 1253
server id 1076: 1253
server id 1077: 1253
server id 1078: 1253
server id 1079: 1253
server id 1080: 1254
server id 1081: 1254
server id 1082: 1254
server id 1083: 1254
server id 1084: 1254
server id 1085: 1254
server id 1086: 1254
server id 1087: 1254
server id 1088: 1254
server id 1089: 1254
server id 1090: 1254
server id 1091: 1254
server id 1092: 1254
server id 1093: 1254
server id 1094: 1254
server id 1095: 1254
server id 1096: 1254
server id 1097: 1254
server id 1098: 1254
server id 1099: 1254
server id 1100: 1255
server id 1101: 1255
server id 1102: 1255
server id 1103: 1255
server id 1104: 1255
server id 1105: 1255
server id 1106: 1255
server id 1107: 1255
server id 1108: 1255
server id 1109: 1255
server id 1110: 1255
server id 1111: 1255
server id 1112: 1255
server id 1113: 1255
server id 1114: 1255
server id 1115: 1255
server id 1116: 1255
server id 1117: 1255
server id 1118: 1255
server id 1119: 1255
server id 1120: 1256
server id 1121: 1256
server id 1122: 1256
server id 1123: 1256
server id 1124: 1256
server id 1125: 1256
server id 1126: 1256
server id 1127: 1256
server id 1128: 1256
server id 1129: 1256
server id 1130: 1256
server id 1131: 1256
server id 1132: 1256
server id 1133: 1256
server id 1134: 1256
server id 1135: 1256
server id 1136: 1256
server id 1137: 1256
server id 1138: 1256
server id 1139: 1256
server id 1140: 1257
server id 1141: 1257
server id 1142: 1257
server id 1143: 1257
server id 1144: 1257
server id 1145: 1257
server id 1146: 1257
server id 1147: 1257
server id 1148: 1257
server id 1149: 1257
server id 1150: 1257
server id 1151: 1257
server id 1152: 1257
server id 1153: 1257
server id 1154: 1257
server id 1155: 1257
server id 1156: 1257
server id 1157: 1257
server id 1158: 1257
server id 1159: 1257
server id 1160: 1258
server id 1161: 1258
server id 1162: 1258
server id 1163: 1258
server id 1164: 1258
server id 1165: 1258
server id 1166: 1258
server id 1167: 1258
server id 1168: 1258
server id 1169: 1258
server id 1170: 1258
server id 1171: 1258
server id 1172: 1258
server id 1173: 1258
server id 1174: 1258
server id 1175: 1258
server id 1176: 1258
server id 1177: 1258
server id 1178: 1258
server id 1179: 1258
server id 1180: 1259
server id 1181: 1259
server id 1182: 1259
server id 1183: 1259
server id 1184: 1259
server id 1185: 1259
server id 1186: 1259
server id 1187: 1259
server id 1188: 1259
server id 1189: 1259
server id 1190: 1259
server id 1191: 1259
server id 1192: 1259
server id 1193: 1259
server id 1194: 1259
server id 1195: 1259
server id 1196: 1259
server id 1197: 1259
server id 1198: 1259
server id 1199: 1259
switch id 1200: 0 1 2 3 4 5 6 7 8 9 10 11 12 13 14 15 16 17 18 19 1260 1261
switch id 1201: 20 21 22 23 24 25 26 27 28 29 30 31 32 33 34 35 36 37 38 39 1260 1261
switch id 1202: 40 41 42 43 44 45 46 47 48 49 50 51 52 53 54 55 56 57 58 59 1260 1261
switch id 1203: 60 61 62 63 64 65 66 67 68 69 70 71 72 73 74 75 76 77 78 79 1260 1261
switch id 1204: 80 81 82 83 84 85 86 87 88 89 90 91 92 93 94 95 96 97 98 99 1260 1261
switch id 1205: 100 101 102 103 104 105 106 107 108 109 110 111 112 113 114 115 116 117 118 119 1260 1261
switch id 1206: 120 121 122 123 124 125 126 127 128 129 130 131 132 133 134 135 136 137 138 139 1260 1261
switch id 1207: 140 141 142 143 144 145 146 147 148 149 150 151 152 153 154 155 156 157 158 159 1260 1261
switch id 1208: 160 161 162 163 164 165 166 167 168 169 170 171 172 173 174 175 176 177 178 179 1260 1261
switch id 1209: 180 181 182 183 184 185 186 187 188 189 190 191 192 193 194 195 196 197 198 199 1260 1261
switch id 1210: 200 201 202 203 204 205 206 207 208 209 210 211 212 213 214 215 216 217 218 219 1260 1261
switch id 1211: 220 221 222 223 224 225 226 227 228 229 230 231 232 233 234 235 236 237 238 239 1260 1261
switch id 1212: 240 241 242 243 244 245 246 247 248 249 250 251 252 253 254 255 256 257 258 259 1260 1261
switch id 1213: 260 261 262 263 264 265 266 267 268 269 270 271 272 273 274 275 276 277 278 279 1260 1261
switch id 1214: 280 281 282 283 284 285 286 287 288 289 290 291 292 293 294 295 296 297 298 299 1260 1261
switch id 1215: 300 301 302 303 304 305 306 307 308 309 310 311 312 313 314 315 316 317 318 319 1260 1261
switch id 1216: 320 321 322 323 324 325 326 327 328 329 330 331 332 333 334 335 336 337 338 339 1260 1261
switch id 1217: 340 341 342 343 344 345 346 347 348 349 350 351 352 353 354 355 356 357 358 359 1260 1261
switch id 1218: 360 361 362 363 364 365 366 367 368 369 370 371 372 373 374 375 376 377 378 379 1260 1261
switch id 1219: 380 381 382 383 384 385 386 387 388 389 390 391 392 393 394 395 396 397 398 399 1260 1261
switch id 1220: 400 401 402 403 404 405 406 407 408 409 410 411 412 413 414 415 416 417 418 419 1260 1261
switch id 1221: 420 421 422 423 424 425 426 427 428 429 430 431 432 433 434 435 436 437 438 439 1260 1261
switch id 1222: 440 441 442 443 444 445 446 447 448 449 450 451 452 453 454 455 456 457 458 459 1260 1261
switch id 1223: 460 461 462 463 464 465 466 467 468 469 470 471 472 473 474 475 476 477 478 479 1260 1261
switch id 1224: 480 481 482 483 484 485 486 487 488 489 490 491 492 493 494 495 496 497 498 499 1260 1261
switch id 1225: 500 501 502 503 504 505 506 507 508 509 510 511 512 513 514 515 516 517 518 519 1260 1261
switch id 1226: 520 521 522 523 524 525 526 527 528 529 530 531 532 533 534 535 536 537 538 539 1260 1261
switch id 1227: 540 541 542 543 544 545 546 547 548 549 550 551 552 553 554 555 556 557 558 559 1260 1261
switch id 1228: 560 561 562 563 564 565 566 567 568 569 570 571 572 573 574 575 576 577 578 579 1260 1261
switch id 1229: 580 581 582 583 584 585 586 587 588 589 590 591 592 593 594 595 596 597 598 599 1260 1261
switch id 1230: 600 601 602 603 604 605 606 607 608 609 610 611 612 613 614 615 616 617 618 619 1260 1261
switch id 1231: 620 621 622 623 624 625 626 627 628 629 630 631 632 633 634 635 636 637 638 639 1260 1261
switch id 1232: 640 641 642 643 644 645 646 647 648 649 650 651 652 653 654 655 656 657 658 659 1260 1261
switch id 1233: 660 661 662 663 664 665 666 667 668 669 670 671 672 673 674 675 676 677 678 679 1260 1261
switch id 1234: 680 681 682 683 684 685 686 687 688 689 690 691 692 693 694 695 696 697 698 699 1260 1261
switch id 1235: 700 701 702 703 704 705 706 707 708 709 710 711 712 713 714 715 716 717 718 719 1260 1261
switch id 1236: 720 721 722 723 724 725 726 727 728 729 730 731 732 733 734 735 736 737 738 739 1260 1261
switch id 1237: 740 741 742 743 744 745 746 747 748 749 750 751 752 753 754 755 756 757 758 759 1260 1261
switch id 1238: 760 761 762 763 764 765 766 767 768 769 770 771 772 773 774 775 776 777 778 779 1260 1261
switch id 1239: 780 781 782 783 784 785 786 787 788 789 790 791 792 793 794 795 796 797 798 799 1260 1261
switch id 1240: 800 801 802 803 804 805 806 807 808 809 810 811 812 813 814 815 816 817 818 819 1262 1263
switch id 1241: 820 821 822 823 824 825 826 827 828 829 830 831 832 833 834 835 836 837 838 839 1262 1263
switch id 1242: 840 841 842 843 844 845 846 847 848 849 850 851 852 853 854 855 856 857 858 859 1262 1263
switch id 1243: 860 861 862 863 864 865 866 867 868 869 870 871 872 873 874 875 876 877 878 879 1262 1263
switch id 1244: 880 881 882 883 884 885 886 887 888 889 890 891 892 893 894 895 896 897 898 899 1262 1263
switch id 1245: 900 901 902 903 904 905 906 907 908 909 910 911 912 913 914 915 916 917 918 919 1262 1263
switch id 1246: 920 921 922 923 924 925 926 927 928 929 930 931 932 933 934 935 936 937 938 939 1262 1263
switch id 1247: 940 941 942 943 944 945 946 947 948 949 950 951 952 953 954 955 956 957 958 959 1262 1263
switch id 1248: 960 961 962 963 964 965 966 967 968 969 970 971 972 973 974 975 976 977 978 979 1262 1263
switch id 1249: 980 981 982 983 984 985 986 987 988 989 990 991 992 993 994 995 996 997 998 999 1262 1263
switch id 1250: 1000 1001 1002 1003 1004 1005 1006 1007 1008 1009 1010 1011 1012 1013 1014 1015 1016 1017 1018 1019 1262 1263
switch id 1251: 1020 1021 1022 1023 1024 1025 1026 1027 1028 1029 1030 1031 1032 1033 1034 1035 1036 1037 1038 1039 1262 1263
switch id 1252: 1040 1041 1042 1043 1044 1045 1046 1047 1048 1049 1050 1051 1052 1053 1054 1055 1056 1057 1058 1059 1262 1263
switch id 1253: 1060 1061 1062 1063 1064 1065 1066 1067 1068 1069 1070 1071 1072 1073 1074 1075 1076 1077 1078 1079 1262 1263
switch id 1254: 1080 1081 1082 1083 1084 1085 1086 1087 1088 1089 1090 1091 1092 1093 1094 1095 1096 1097 1098 1099 1262 1263
switch id 1255: 1100 1101 1102 1103 1104 1105 1106 1107 1108 1109 1110 1111 1112 1113 1114 1115 1116 1117 1118 1119 1262 1263
switch id 1256: 1120 1121 1122 1123 1124 1125 1126 1127 1128 1129 1130 1131 1132 1133 1134 1135 1136 1137 1138 1139 1262 1263
switch id 1257: 1140 1141 1142 1143 1144 1145 1146 1147 1148 1149 1150 1151 1152 1153 1154 1155 1156 1157 1158 1159 1262 1263
switch id 1258: 1160 1161 1162 1163 1164 1165 1166 1167 1168 1169 1170 1171 1172 1173 1174 1175 1176 1177 1178 1179 1262 1263
switch id 1259: 1180 1181 1182 1183 1184 1185 1186 1187 1188 1189 1190 1191 1192 1193 1194 1195 1196 1197 1198 1199 1262 1263
switch id 1260: 1200 1201 1202 1203 1204 1205 1206 1207 1208 1209 1210 1211 1212 1213 1214 1215 1216 1217 1218 1219 1220 1221 1222 1223 1224 1225 1226 1227 1228 1229 1230 1231 1232 1233 1234 1235 1236 1237 1238 1239 1261 1264
switch id 1261: 1200 1201 1202 1203 1204 1205 1206 1207 1208 1209 1210 1211 1212 1213 1214 1215 1216 1217 1218 1219 1220 1221 1222 1223 1224 1225 1226 1227 1228 1229 1230 1231 1232 1233 1234 1235 1236 1237 1238 1239 1260 1264
switch id 1262: 1240 1241 1242 1243 1244 1245 1246 1247 1248 1249 1250 1251 1252 1253 1254 1255 1256 1257 1258 1259 1263 1264
switch id 1263: 1240 1241 1242 1243 1244 1245 1246 1247 1248 1249 1250 1251 1252 1253 1254 1255 1256 1257 1258 1259 1262 1264
switch id 1264: 1260 1261 1262 1263
Allocating ../../../instances/hadoop/hadoop_extra/hadoop_4.4.vn
3
4, 3
1: 4
VDC id:1, size 4
yes
0.00000
1.99950
0.00000 47988.00000
Memory 0.00050
65
Allocating ../../../instances/hadoop/hadoop_extra/hadoop_4.4.vn
3
4, 3
2: 4
VDC id:2, size 4
yes
0.00000
1.99900
0.00000 47976.00000
Memory 0.00099
32
Allocating ../../../instances/hadoop/hadoop_extra/hadoop_4.5.vn
3
4, 3
3: 4
VDC id:3, size 4
yes
0.00000
1.99850
0.00000 47964.00000
Memory 0.00149
29
Allocating ../../../instances/hadoop/hadoop_extra/hadoop_4.10.vn
3
4, 3
4: 4
VDC id:4, size 4
yes
0.00000
1.99750
0.00000 47940.00000
Memory 0.00198
28
Allocating ../../../instances/hadoop/hadoop_extra/hadoop_4.5.vn
3
4, 3
5: 4
VDC id:5, size 4
yes
0.00000
1.99700
0.00000 47928.00000
Memory 0.00248
28
Allocating ../../../instances/hadoop/hadoop_extra/hadoop_4.3.vn
3
4, 3
6: 4
VDC id:6, size 4
yes
0.00000
1.99633
0.00000 47912.00000
Memory 0.00298
27
Allocating ../../../instances/hadoop/hadoop_extra/hadoop_4.10.vn
3
4, 3
7: 4
VDC id:7, size 4
yes
0.00000
1.99533
0.00000 47888.00000
Memory 0.00347
27
Allocating ../../../instances/hadoop/hadoop_extra/hadoop_4.3.vn
3
4, 3
8: 4
VDC id:8, size 4
yes
0.00000
1.99467
0.00000 47872.00000
Memory 0.00397
28
Allocating ../../../instances/hadoop/hadoop_extra/hadoop_4.6.vn
3
4, 3
9: 4
VDC id:9, size 4
yes
0.00000
1.99400
0.00000 47856.00000
Memory 0.00446
27
Allocating ../../../instances/hadoop/hadoop_extra/hadoop_4.6.vn
3
4, 3
10: 4
VDC id:10, size 4
yes
0.00000
1.99333
0.00000 47840.00000
Memory 0.00496
26
Allocating ../../../instances/hadoop/hadoop_extra/hadoop_4.5.vn
3
4, 3
11: 4
VDC id:11, size 4
yes
0.00000
1.99283
0.00000 47828.00000
Memory 0.00546
27
Allocating ../../../instances/hadoop/hadoop_extra/hadoop_4.9.vn
3
4, 3
12: 4
VDC id:12, size 4
yes
0.00000
1.99233
0.00000 47816.00000
Memory 0.00595
26
Allocating ../../../instances/hadoop/hadoop_extra/hadoop_4.3.vn
3
4, 3
13: 4
VDC id:13, size 4
yes
0.00000
1.99167
0.00000 47800.00000
Memory 0.00645
27
Allocating ../../../instances/hadoop/hadoop_extra/hadoop_4.4.vn
3
4, 3
14: 4
VDC id:14, size 4
yes
0.00000
1.99117
0.00000 47788.00000
Memory 0.00694
27
Allocating ../../../instances/hadoop/hadoop_extra/hadoop_4.5.vn
3
4, 3
15: 4
VDC id:15, size 4
yes
0.00000
1.99067
0.00000 47776.00000
Memory 0.00744
27
Allocating ../../../instances/hadoop/hadoop_extra/hadoop_4.6.vn
3
4, 3
16: 4
VDC id:16, size 4
yes
0.00000
1.99000
0.00000 47760.00000
Memory 0.00793
27
Allocating ../../../instances/hadoop/hadoop_extra/hadoop_4.8.vn
3
4, 3
17: 4
VDC id:17, size 4
yes
0.00000
1.98933
0.00000 47744.00000
Memory 0.00843
26
Allocating ../../../instances/hadoop/hadoop_extra/hadoop_4.8.vn
3
4, 3
18: 4
VDC id:18, size 4
yes
0.00000
1.98867
0.00000 47728.00000
Memory 0.00893
27
Allocating ../../../instances/hadoop/hadoop_extra/hadoop_4.6.vn
3
4, 3
19: 4
VDC id:19, size 4
yes
0.00000
1.98800
0.00000 47712.00000
Memory 0.00942
27
Allocating ../../../instances/hadoop/hadoop_extra/hadoop_4.4.vn
3
4, 3
20: 4
VDC id:20, size 4
yes
0.00000
1.98750
0.00000 47700.00000
Memory 0.00992
26
Allocating ../../../instances/hadoop/hadoop_extra/hadoop_4.5.vn
3
4, 3
21: 4
VDC id:21, size 4
yes
0.00000
1.98700
0.00000 47688.00000
Memory 0.01041
27
Allocating ../../../instances/hadoop/hadoop_extra/hadoop_4.6.vn
3
4, 3
22: 4
VDC id:22, size 4
yes
0.00000
1.98633
0.00000 47672.00000
Memory 0.01091
27
Allocating ../../../instances/hadoop/hadoop_extra/hadoop_4.8.vn
3
4, 3
23: 4
VDC id:23, size 4
yes
0.00000
1.98567
0.00000 47656.00000
Memory 0.01141
27
Allocating ../../../instances/hadoop/hadoop_extra/hadoop_4.9.vn
3
4, 3
24: 4
VDC id:24, size 4
yes
0.00000
1.98517
0.00000 47644.00000
Memory 0.01190
27
Allocating ../../../instances/hadoop/hadoop_extra/hadoop_4.5.vn
3
4, 3
25: 4
VDC id:25, size 4
yes
0.00000
1.98467
0.00000 47632.00000
Memory 0.01240
26
Allocating ../../../instances/hadoop/hadoop_extra/hadoop_4.10.vn
3
4, 3
26: 4
VDC id:26, size 4
yes
0.00000
1.98367
0.00000 47608.00000
Memory 0.01289
27
Allocating ../../../instances/hadoop/hadoop_extra/hadoop_4.7.vn
3
4, 3
27: 4
VDC id:27, size 4
yes
0.00000
1.98300
0.00000 47592.00000
Memory 0.01339
27
Allocating ../../../instances/hadoop/hadoop_extra/hadoop_4.3.vn
3
4, 3
28: 4
VDC id:28, size 4
yes
0.00000
1.98233
0.00000 47576.00000
Memory 0.01389
26
Allocating ../../../instances/hadoop/hadoop_extra/hadoop_4.10.vn
3
4, 3
29: 4
VDC id:29, size 4
yes
0.00000
1.98133
0.00000 47552.00000
Memory 0.01438
27
Allocating ../../../instances/hadoop/hadoop_extra/hadoop_4.10.vn
3
4, 3
30: 4
VDC id:30, size 4
yes
0.00000
1.98033
0.00000 47528.00000
Memory 0.01488
26
Allocating ../../../instances/hadoop/hadoop_extra/hadoop_4.4.vn
3
4, 3
31: 4
VDC id:31, size 4
yes
0.00000
1.97983
0.00000 47516.00000
Memory 0.01537
26
Allocating ../../../instances/hadoop/hadoop_extra/hadoop_4.6.vn
3
4, 3
32: 4
VDC id:32, size 4
yes
0.00000
1.97917
0.00000 47500.00000
Memory 0.01587
27
Allocating ../../../instances/hadoop/hadoop_extra/hadoop_4.1.vn
3
4, 3
33: 4
VDC id:33, size 4
yes
0.00000
1.97850
0.00000 47484.00000
Memory 0.01637
27
Allocating ../../../instances/hadoop/hadoop_extra/hadoop_4.6.vn
3
4, 3
34: 4
VDC id:34, size 4
yes
0.00000
1.97783
0.00000 47468.00000
Memory 0.01686
26
Allocating ../../../instances/hadoop/hadoop_extra/hadoop_4.6.vn
3
4, 3
35: 4
VDC id:35, size 4
yes
0.00000
1.97717
0.00000 47452.00000
Memory 0.01736
27
Allocating ../../../instances/hadoop/hadoop_extra/hadoop_4.3.vn
3
4, 3
36: 4
VDC id:36, size 4
yes
0.00000
1.97650
0.00000 47436.00000
Memory 0.01785
27
Allocating ../../../instances/hadoop/hadoop_extra/hadoop_4.1.vn
3
4, 3
37: 4
VDC id:37, size 4
yes
0.00000
1.97583
0.00000 47420.00000
Memory 0.01835
27
Allocating ../../../instances/hadoop/hadoop_extra/hadoop_4.8.vn
3
4, 3
38: 4
VDC id:38, size 4
yes
0.00000
1.97517
0.00000 47404.00000
Memory 0.01884
27
Allocating ../../../instances/hadoop/hadoop_extra/hadoop_4.7.vn
3
4, 3
39: 4
VDC id:39, size 4
yes
0.00000
1.97450
0.00000 47388.00000
Memory 0.01934
26
Allocating ../../../instances/hadoop/hadoop_extra/hadoop_4.1.vn
3
4, 3
40: 4
VDC id:40, size 4
yes
0.00000
1.97383
0.00000 47372.00000
Memory 0.01984
26
Allocating ../../../instances/hadoop/hadoop_extra/hadoop_4.4.vn
3
4, 3
41: 4
VDC id:41, size 4
yes
0.00000
1.97333
0.00000 47360.00000
Memory 0.02033
27
Allocating ../../../instances/hadoop/hadoop_extra/hadoop_4.1.vn
3
4, 3
42: 4
VDC id:42, size 4
yes
0.00000
1.97267
0.00000 47344.00000
Memory 0.02083
27
Allocating ../../../instances/hadoop/hadoop_extra/hadoop_4.1.vn
3
4, 3
43: 4
VDC id:43, size 4
yes
0.00000
1.97200
0.00000 47328.00000
Memory 0.02132
27
Allocating ../../../instances/hadoop/hadoop_extra/hadoop_4.2.vn
3
4, 3
44: 4
VDC id:44, size 4
yes
0.00000
1.97150
0.00000 47316.00000
Memory 0.02182
26
Allocating ../../../instances/hadoop/hadoop_extra/hadoop_4.1.vn
3
4, 3
45: 4
VDC id:45, size 4
yes
0.00000
1.97083
0.00000 47300.00000
Memory 0.02232
27
Allocating ../../../instances/hadoop/hadoop_extra/hadoop_4.6.vn
3
4, 3
46: 4
VDC id:46, size 4
yes
0.00000
1.97017
0.00000 47284.00000
Memory 0.02281
27
Allocating ../../../instances/hadoop/hadoop_extra/hadoop_4.9.vn
3
4, 3
47: 4
VDC id:47, size 4
yes
0.00000
1.96967
0.00000 47272.00000
Memory 0.02331
27
Allocating ../../../instances/hadoop/hadoop_extra/hadoop_4.4.vn
3
4, 3
48: 4
VDC id:48, size 4
yes
0.00000
1.96917
0.00000 47260.00000
Memory 0.02380
27
Allocating ../../../instances/hadoop/hadoop_extra/hadoop_4.8.vn
3
4, 3
49: 4
VDC id:49, size 4
yes
0.00000
1.96850
0.00000 47244.00000
Memory 0.02430
26
Allocating ../../../instances/hadoop/hadoop_extra/hadoop_4.8.vn
3
4, 3
50: 4
VDC id:50, size 4
yes
0.00000
1.96783
0.00000 47228.00000
Memory 0.02480
26
Allocating ../../../instances/hadoop/hadoop_extra/hadoop_4.1.vn
3
4, 3
51: 4
VDC id:51, size 4
yes
0.00000
1.96717
0.00000 47212.00000
Memory 0.02529
26
Allocating ../../../instances/hadoop/hadoop_extra/hadoop_4.4.vn
3
4, 3
52: 4
VDC id:52, size 4
yes
0.00000
1.96667
0.00000 47200.00000
Memory 0.02579
27
Allocating ../../../instances/hadoop/hadoop_extra/hadoop_4.5.vn
3
4, 3
53: 4
VDC id:53, size 4
yes
0.00000
1.96617
0.00000 47188.00000
Memory 0.02628
26
Allocating ../../../instances/hadoop/hadoop_extra/hadoop_4.8.vn
3
4, 3
54: 4
VDC id:54, size 4
yes
0.00000
1.96550
0.00000 47172.00000
Memory 0.02678
27
Allocating ../../../instances/hadoop/hadoop_extra/hadoop_4.5.vn
3
4, 3
55: 4
VDC id:55, size 4
yes
0.00000
1.96500
0.00000 47160.00000
Memory 0.02728
27
Allocating ../../../instances/hadoop/hadoop_extra/hadoop_4.10.vn
3
4, 3
56: 4
VDC id:56, size 4
yes
0.00000
1.96400
0.00000 47136.00000
Memory 0.02777
27
Allocating ../../../instances/hadoop/hadoop_extra/hadoop_4.8.vn
3
4, 3
57: 4
VDC id:57, size 4
yes
0.00000
1.96333
0.00000 47120.00000
Memory 0.02827
27
Allocating ../../../instances/hadoop/hadoop_extra/hadoop_4.3.vn
3
4, 3
58: 4
VDC id:58, size 4
yes
0.00000
1.96267
0.00000 47104.00000
Memory 0.02876
27
Allocating ../../../instances/hadoop/hadoop_extra/hadoop_4.7.vn
3
4, 3
59: 4
VDC id:59, size 4
yes
0.00000
1.96200
0.00000 47088.00000
Memory 0.02926
26
Allocating ../../../instances/hadoop/hadoop_extra/hadoop_4.6.vn
3
4, 3
60: 4
VDC id:60, size 4
yes
0.00000
1.96133
0.00000 47072.00000
Memory 0.02975
27
Allocating ../../../instances/hadoop/hadoop_extra/hadoop_4.10.vn
3
4, 3
61: 4
VDC id:61, size 4
yes
0.00000
1.96033
0.00000 47048.00000
Memory 0.03025
27
Allocating ../../../instances/hadoop/hadoop_extra/hadoop_4.2.vn
3
4, 3
62: 4
VDC id:62, size 4
yes
0.00000
1.95983
0.00000 47036.00000
Memory 0.03075
31
Allocating ../../../instances/hadoop/hadoop_extra/hadoop_4.1.vn
3
4, 3
63: 4
VDC id:63, size 4
yes
0.00000
1.95917
0.00000 47020.00000
Memory 0.03124
28
Allocating ../../../instances/hadoop/hadoop_extra/hadoop_4.10.vn
3
4, 3
64: 4
VDC id:64, size 4
yes
0.00000
1.95817
0.00000 46996.00000
Memory 0.03174
26
Allocating ../../../instances/hadoop/hadoop_extra/hadoop_4.3.vn
3
4, 3
65: 4
VDC id:65, size 4
yes
0.00000
1.95750
0.00000 46980.00000
Memory 0.03223
27
Allocating ../../../instances/hadoop/hadoop_extra/hadoop_4.2.vn
3
4, 3
66: 4
VDC id:66, size 4
yes
0.00000
1.95700
0.00000 46968.00000
Memory 0.03273
26
Allocating ../../../instances/hadoop/hadoop_extra/hadoop_4.3.vn
3
4, 3
67: 4
VDC id:67, size 4
yes
0.00000
1.95633
0.00000 46952.00000
Memory 0.03323
27
Allocating ../../../instances/hadoop/hadoop_extra/hadoop_4.5.vn
3
4, 3
68: 4
VDC id:68, size 4
yes
0.00000
1.95583
0.00000 46940.00000
Memory 0.03372
27
Allocating ../../../instances/hadoop/hadoop_extra/hadoop_4.2.vn
3
4, 3
69: 4
VDC id:69, size 4
yes
0.00000
1.95533
0.00000 46928.00000
Memory 0.03422
27
Allocating ../../../instances/hadoop/hadoop_extra/hadoop_4.6.vn
3
4, 3
70: 4
VDC id:70, size 4
yes
0.00000
1.95467
0.00000 46912.00000
Memory 0.03471
28
Allocating ../../../instances/hadoop/hadoop_extra/hadoop_4.6.vn
3
4, 3
71: 4
VDC id:71, size 4
yes
0.00000
1.95400
0.00000 46896.00000
Memory 0.03521
27
Allocating ../../../instances/hadoop/hadoop_extra/hadoop_4.5.vn
3
4, 3
72: 4
VDC id:72, size 4
yes
0.00000
1.95350
0.00000 46884.00000
Memory 0.03571
27
Allocating ../../../instances/hadoop/hadoop_extra/hadoop_4.8.vn
3
4, 3
73: 4
VDC id:73, size 4
yes
0.00000
1.95283
0.00000 46868.00000
Memory 0.03620
28
Allocating ../../../instances/hadoop/hadoop_extra/hadoop_4.1.vn
3
4, 3
74: 4
VDC id:74, size 4
yes
0.00000
1.95217
0.00000 46852.00000
Memory 0.03670
27
Allocating ../../../instances/hadoop/hadoop_extra/hadoop_4.10.vn
3
4, 3
75: 4
VDC id:75, size 4
yes
0.00000
1.95117
0.00000 46828.00000
Memory 0.03719
27
Allocating ../../../instances/hadoop/hadoop_extra/hadoop_4.10.vn
3
4, 3
76: 4
VDC id:76, size 4
yes
0.00000
1.95017
0.00000 46804.00000
Memory 0.03769
37
Allocating ../../../instances/hadoop/hadoop_extra/hadoop_4.9.vn
3
4, 3
77: 4
VDC id:77, size 4
yes
0.00000
1.94967
0.00000 46792.00000
Memory 0.03819
28
Allocating ../../../instances/hadoop/hadoop_extra/hadoop_4.10.vn
3
4, 3
78: 4
VDC id:78, size 4
yes
0.00000
1.94867
0.00000 46768.00000
Memory 0.03868
28
Allocating ../../../instances/hadoop/hadoop_extra/hadoop_4.10.vn
3
4, 3
79: 4
VDC id:79, size 4
yes
0.00000
1.94767
0.00000 46744.00000
Memory 0.03918
28
Allocating ../../../instances/hadoop/hadoop_extra/hadoop_4.7.vn
3
4, 3
80: 4
VDC id:80, size 4
yes
0.00000
1.94700
0.00000 46728.00000
Memory 0.03967
27
Allocating ../../../instances/hadoop/hadoop_extra/hadoop_4.3.vn
3
4, 3
81: 4
VDC id:81, size 4
yes
0.00000
1.94633
0.00000 46712.00000
Memory 0.04017
27
Allocating ../../../instances/hadoop/hadoop_extra/hadoop_4.2.vn
3
4, 3
82: 4
VDC id:82, size 4
yes
0.00000
1.94583
0.00000 46700.00000
Memory 0.04066
27
Allocating ../../../instances/hadoop/hadoop_extra/hadoop_4.2.vn
3
4, 3
83: 4
VDC id:83, size 4
yes
0.00000
1.94533
0.00000 46688.00000
Memory 0.04116
27
Allocating ../../../instances/hadoop/hadoop_extra/hadoop_4.10.vn
3
4, 3
84: 4
VDC id:84, size 4
yes
0.00000
1.94433
0.00000 46664.00000
Memory 0.04166
27
Allocating ../../../instances/hadoop/hadoop_extra/hadoop_4.7.vn
3
4, 3
85: 4
VDC id:85, size 4
yes
0.00000
1.94367
0.00000 46648.00000
Memory 0.04215
27
Allocating ../../../instances/hadoop/hadoop_extra/hadoop_4.7.vn
3
4, 3
86: 4
VDC id:86, size 4
yes
0.00000
1.94300
0.00000 46632.00000
Memory 0.04265
27
Allocating ../../../instances/hadoop/hadoop_extra/hadoop_4.1.vn
3
4, 3
87: 4
VDC id:87, size 4
yes
0.00000
1.94233
0.00000 46616.00000
Memory 0.04314
27
Allocating ../../../instances/hadoop/hadoop_extra/hadoop_4.9.vn
3
4, 3
88: 4
VDC id:88, size 4
yes
0.00000
1.94183
0.00000 46604.00000
Memory 0.04364
27
Allocating ../../../instances/hadoop/hadoop_extra/hadoop_4.4.vn
3
4, 3
89: 4
VDC id:89, size 4
yes
0.00000
1.94133
0.00000 46592.00000
Memory 0.04414
27
Allocating ../../../instances/hadoop/hadoop_extra/hadoop_4.5.vn
3
4, 3
90: 4
VDC id:90, size 4
yes
0.00000
1.94083
0.00000 46580.00000
Memory 0.04463
26
Allocating ../../../instances/hadoop/hadoop_extra/hadoop_4.5.vn
3
4, 3
91: 4
VDC id:91, size 4
yes
0.00000
1.94033
0.00000 46568.00000
Memory 0.04513
27
Allocating ../../../instances/hadoop/hadoop_extra/hadoop_4.1.vn
3
4, 3
92: 4
VDC id:92, size 4
yes
0.00000
1.93967
0.00000 46552.00000
Memory 0.04562
27
Allocating ../../../instances/hadoop/hadoop_extra/hadoop_4.1.vn
3
4, 3
93: 4
VDC id:93, size 4
yes
0.00000
1.93900
0.00000 46536.00000
Memory 0.04612
26
Allocating ../../../instances/hadoop/hadoop_extra/hadoop_4.8.vn
3
4, 3
94: 4
VDC id:94, size 4
yes
0.00000
1.93833
0.00000 46520.00000
Memory 0.04662
27
Allocating ../../../instances/hadoop/hadoop_extra/hadoop_4.10.vn
3
4, 3
95: 4
VDC id:95, size 4
yes
0.00000
1.93733
0.00000 46496.00000
Memory 0.04711
27
Allocating ../../../instances/hadoop/hadoop_extra/hadoop_4.7.vn
3
4, 3
96: 4
VDC id:96, size 4
yes
0.00000
1.93667
0.00000 46480.00000
Memory 0.04761
26
Allocating ../../../instances/hadoop/hadoop_extra/hadoop_4.9.vn
3
4, 3
97: 4
VDC id:97, size 4
yes
0.00000
1.93617
0.00000 46468.00000
Memory 0.04810
27
Allocating ../../../instances/hadoop/hadoop_extra/hadoop_4.5.vn
3
4, 3
98: 4
VDC id:98, size 4
yes
0.00000
1.93567
0.00000 46456.00000
Memory 0.04860
27
Allocating ../../../instances/hadoop/hadoop_extra/hadoop_4.7.vn
3
4, 3
99: 4
VDC id:99, size 4
yes
0.00000
1.93500
0.00000 46440.00000
Memory 0.04910
26
Allocating ../../../instances/hadoop/hadoop_extra/hadoop_4.5.vn
3
4, 3
100: 4
VDC id:100, size 4
yes
0.00000
1.93450
0.00000 46428.00000
Memory 0.04959
26
Allocating ../../../instances/hadoop/hadoop_extra/hadoop_4.5.vn
3
4, 3
101: 4
VDC id:101, size 4
yes
0.00000
1.93400
0.00000 46416.00000
Memory 0.05009
27
Allocating ../../../instances/hadoop/hadoop_extra/hadoop_4.10.vn
3
4, 3
102: 4
VDC id:102, size 4
yes
0.00000
1.93300
0.00000 46392.00000
Memory 0.05058
27
Allocating ../../../instances/hadoop/hadoop_extra/hadoop_4.9.vn
3
4, 3
103: 4
VDC id:103, size 4
yes
0.00000
1.93250
0.00000 46380.00000
Memory 0.05108
27
Allocating ../../../instances/hadoop/hadoop_extra/hadoop_4.1.vn
3
4, 3
104: 4
VDC id:104, size 4
yes
0.00000
1.93183
0.00000 46364.00000
Memory 0.05157
27
Allocating ../../../instances/hadoop/hadoop_extra/hadoop_4.1.vn
3
4, 3
105: 4
VDC id:105, size 4
yes
0.00000
1.93117
0.00000 46348.00000
Memory 0.05207
27
Allocating ../../../instances/hadoop/hadoop_extra/hadoop_4.9.vn
3
4, 3
106: 4
VDC id:106, size 4
yes
0.00000
1.93067
0.00000 46336.00000
Memory 0.05257
29
Allocating ../../../instances/hadoop/hadoop_extra/hadoop_4.8.vn
3
4, 3
107: 4
VDC id:107, size 4
yes
0.00000
1.93000
0.00000 46320.00000
Memory 0.05306
27
Allocating ../../../instances/hadoop/hadoop_extra/hadoop_4.2.vn
3
4, 3
108: 4
VDC id:108, size 4
yes
0.00000
1.92950
0.00000 46308.00000
Memory 0.05356
28
Allocating ../../../instances/hadoop/hadoop_extra/hadoop_4.10.vn
3
4, 3
109: 4
VDC id:109, size 4
yes
0.00000
1.92850
0.00000 46284.00000
Memory 0.05405
28
Allocating ../../../instances/hadoop/hadoop_extra/hadoop_4.8.vn
3
4, 3
110: 4
VDC id:110, size 4
yes
0.00000
1.92783
0.00000 46268.00000
Memory 0.05455
28
Allocating ../../../instances/hadoop/hadoop_extra/hadoop_4.6.vn
3
4, 3
111: 4
VDC id:111, size 4
yes
0.00000
1.92717
0.00000 46252.00000
Memory 0.05505
29
Allocating ../../../instances/hadoop/hadoop_extra/hadoop_4.4.vn
3
4, 3
112: 4
VDC id:112, size 4
yes
0.00000
1.92667
0.00000 46240.00000
Memory 0.05554
27
Allocating ../../../instances/hadoop/hadoop_extra/hadoop_4.10.vn
3
4, 3
113: 4
VDC id:113, size 4
yes
0.00000
1.92567
0.00000 46216.00000
Memory 0.05604
27
Allocating ../../../instances/hadoop/hadoop_extra/hadoop_4.8.vn
3
4, 3
114: 4
VDC id:114, size 4
yes
0.00000
1.92500
0.00000 46200.00000
Memory 0.05653
28
Allocating ../../../instances/hadoop/hadoop_extra/hadoop_4.10.vn
3
4, 3
115: 4
VDC id:115, size 4
yes
0.00000
1.92400
0.00000 46176.00000
Memory 0.05703
28
Allocating ../../../instances/hadoop/hadoop_extra/hadoop_4.5.vn
3
4, 3
116: 4
VDC id:116, size 4
yes
0.00000
1.92350
0.00000 46164.00000
Memory 0.05753
29
Allocating ../../../instances/hadoop/hadoop_extra/hadoop_4.2.vn
3
4, 3
117: 4
VDC id:117, size 4
yes
0.00000
1.92300
0.00000 46152.00000
Memory 0.05802
27
Allocating ../../../instances/hadoop/hadoop_extra/hadoop_4.8.vn
3
4, 3
118: 4
VDC id:118, size 4
yes
0.00000
1.92233
0.00000 46136.00000
Memory 0.05852
28
Allocating ../../../instances/hadoop/hadoop_extra/hadoop_4.1.vn
3
4, 3
119: 4
VDC id:119, size 4
yes
0.00000
1.92167
0.00000 46120.00000
Memory 0.05901
28
Allocating ../../../instances/hadoop/hadoop_extra/hadoop_4.2.vn
3
4, 3
120: 4
VDC id:120, size 4
yes
0.00000
1.92117
0.00000 46108.00000
Memory 0.05951
28
Allocating ../../../instances/hadoop/hadoop_extra/hadoop_4.3.vn
3
4, 3
121: 4
VDC id:121, size 4
yes
0.00000
1.92050
0.00000 46092.00000
Memory 0.06001
28
Allocating ../../../instances/hadoop/hadoop_extra/hadoop_4.1.vn
3
4, 3
122: 4
VDC id:122, size 4
yes
0.00000
1.91983
0.00000 46076.00000
Memory 0.06050
27
Allocating ../../../instances/hadoop/hadoop_extra/hadoop_4.6.vn
3
4, 3
123: 4
VDC id:123, size 4
yes
0.00000
1.91917
0.00000 46060.00000
Memory 0.06100
28
Allocating ../../../instances/hadoop/hadoop_extra/hadoop_4.8.vn
3
4, 3
124: 4
VDC id:124, size 4
yes
0.00000
1.91850
0.00000 46044.00000
Memory 0.06149
32
Allocating ../../../instances/hadoop/hadoop_extra/hadoop_4.8.vn
3
4, 3
125: 4
VDC id:125, size 4
yes
0.00000
1.91783
0.00000 46028.00000
Memory 0.06199
27
Allocating ../../../instances/hadoop/hadoop_extra/hadoop_4.2.vn
3
4, 3
126: 4
VDC id:126, size 4
yes
0.00000
1.91733
0.00000 46016.00000
Memory 0.06248
28
Allocating ../../../instances/hadoop/hadoop_extra/hadoop_4.3.vn
3
4, 3
127: 4
VDC id:127, size 4
yes
0.00000
1.91667
0.00000 46000.00000
Memory 0.06298
32
Allocating ../../../instances/hadoop/hadoop_extra/hadoop_4.1.vn
3
4, 3
128: 4
VDC id:128, size 4
yes
0.00000
1.91600
0.00000 45984.00000
Memory 0.06348
32
Allocating ../../../instances/hadoop/hadoop_extra/hadoop_4.5.vn
3
4, 3
129: 4
VDC id:129, size 4
yes
0.00000
1.91550
0.00000 45972.00000
Memory 0.06397
27
Allocating ../../../instances/hadoop/hadoop_extra/hadoop_4.3.vn
3
4, 3
130: 4
VDC id:130, size 4
yes
0.00000
1.91483
0.00000 45956.00000
Memory 0.06447
27
Allocating ../../../instances/hadoop/hadoop_extra/hadoop_4.9.vn
3
4, 3
131: 4
VDC id:131, size 4
yes
0.00000
1.91433
0.00000 45944.00000
Memory 0.06496
27
Allocating ../../../instances/hadoop/hadoop_extra/hadoop_4.5.vn
3
4, 3
132: 4
VDC id:132, size 4
yes
0.00000
1.91383
0.00000 45932.00000
Memory 0.06546
32
Allocating ../../../instances/hadoop/hadoop_extra/hadoop_4.3.vn
3
4, 3
133: 4
VDC id:133, size 4
yes
0.00000
1.91317
0.00000 45916.00000
Memory 0.06596
27
Allocating ../../../instances/hadoop/hadoop_extra/hadoop_4.4.vn
3
4, 3
134: 4
VDC id:134, size 4
yes
0.00000
1.91267
0.00000 45904.00000
Memory 0.06645
27
Allocating ../../../instances/hadoop/hadoop_extra/hadoop_4.4.vn
3
4, 3
135: 4
VDC id:135, size 4
yes
0.00000
1.91217
0.00000 45892.00000
Memory 0.06695
26
Allocating ../../../instances/hadoop/hadoop_extra/hadoop_4.6.vn
3
4, 3
136: 4
VDC id:136, size 4
yes
0.00000
1.91150
0.00000 45876.00000
Memory 0.06744
31
Allocating ../../../instances/hadoop/hadoop_extra/hadoop_4.9.vn
3
4, 3
137: 4
VDC id:137, size 4
yes
0.00000
1.91100
0.00000 45864.00000
Memory 0.06794
28
Allocating ../../../instances/hadoop/hadoop_extra/hadoop_4.5.vn
3
4, 3
138: 4
VDC id:138, size 4
yes
0.00000
1.91050
0.00000 45852.00000
Memory 0.06844
27
Allocating ../../../instances/hadoop/hadoop_extra/hadoop_4.7.vn
3
4, 3
139: 4
VDC id:139, size 4
yes
0.00000
1.90983
0.00000 45836.00000
Memory 0.06893
27
Allocating ../../../instances/hadoop/hadoop_extra/hadoop_4.9.vn
3
4, 3
140: 4
VDC id:140, size 4
yes
0.00000
1.90933
0.00000 45824.00000
Memory 0.06943
32
Allocating ../../../instances/hadoop/hadoop_extra/hadoop_4.10.vn
3
4, 3
141: 4
VDC id:141, size 4
yes
0.00000
1.90833
0.00000 45800.00000
Memory 0.06992
27
Allocating ../../../instances/hadoop/hadoop_extra/hadoop_4.5.vn
3
4, 3
142: 4
VDC id:142, size 4
yes
0.00000
1.90783
0.00000 45788.00000
Memory 0.07042
28
Allocating ../../../instances/hadoop/hadoop_extra/hadoop_4.9.vn
3
4, 3
143: 4
VDC id:143, size 4
yes
0.00000
1.90733
0.00000 45776.00000
Memory 0.07092
27
Allocating ../../../instances/hadoop/hadoop_extra/hadoop_4.10.vn
3
4, 3
144: 4
VDC id:144, size 4
yes
0.00000
1.90633
0.00000 45752.00000
Memory 0.07141
31
Allocating ../../../instances/hadoop/hadoop_extra/hadoop_4.4.vn
3
4, 3
145: 4
VDC id:145, size 4
yes
0.00000
1.90583
0.00000 45740.00000
Memory 0.07191
27
Allocating ../../../instances/hadoop/hadoop_extra/hadoop_4.4.vn
3
4, 3
146: 4
VDC id:146, size 4
yes
0.00000
1.90533
0.00000 45728.00000
Memory 0.07240
27
Allocating ../../../instances/hadoop/hadoop_extra/hadoop_4.5.vn
3
4, 3
147: 4
VDC id:147, size 4
yes
0.00000
1.90483
0.00000 45716.00000
Memory 0.07290
31
Allocating ../../../instances/hadoop/hadoop_extra/hadoop_4.3.vn
3
4, 3
148: 4
VDC id:148, size 4
yes
0.00000
1.90417
0.00000 45700.00000
Memory 0.07339
31
Allocating ../../../instances/hadoop/hadoop_extra/hadoop_4.9.vn
3
4, 3
149: 4
VDC id:149, size 4
yes
0.00000
1.90367
0.00000 45688.00000
Memory 0.07389
28
Allocating ../../../instances/hadoop/hadoop_extra/hadoop_4.7.vn
3
4, 3
150: 4
VDC id:150, size 4
yes
0.00000
1.90300
0.00000 45672.00000
Memory 0.07439
27
Allocating ../../../instances/hadoop/hadoop_extra/hadoop_4.9.vn
3
4, 3
151: 4
VDC id:151, size 4
yes
0.00000
1.90250
0.00000 45660.00000
Memory 0.07488
27
Allocating ../../../instances/hadoop/hadoop_extra/hadoop_4.1.vn
3
4, 3
152: 4
VDC id:152, size 4
yes
0.00000
1.90183
0.00000 45644.00000
Memory 0.07538
31
Allocating ../../../instances/hadoop/hadoop_extra/hadoop_4.5.vn
3
4, 3
153: 4
VDC id:153, size 4
yes
0.00000
1.90133
0.00000 45632.00000
Memory 0.07587
27
Allocating ../../../instances/hadoop/hadoop_extra/hadoop_4.1.vn
3
4, 3
154: 4
VDC id:154, size 4
yes
0.00000
1.90067
0.00000 45616.00000
Memory 0.07637
27
Allocating ../../../instances/hadoop/hadoop_extra/hadoop_4.1.vn
3
4, 3
155: 4
VDC id:155, size 4
yes
0.00000
1.90000
0.00000 45600.00000
Memory 0.07687
26
Allocating ../../../instances/hadoop/hadoop_extra/hadoop_4.8.vn
3
4, 3
156: 4
VDC id:156, size 4
yes
0.00000
1.89933
0.00000 45584.00000
Memory 0.07736
26
Allocating ../../../instances/hadoop/hadoop_extra/hadoop_4.2.vn
3
4, 3
157: 4
VDC id:157, size 4
yes
0.00000
1.89883
0.00000 45572.00000
Memory 0.07786
27
Allocating ../../../instances/hadoop/hadoop_extra/hadoop_4.1.vn
3
4, 3
158: 4
VDC id:158, size 4
yes
0.00000
1.89817
0.00000 45556.00000
Memory 0.07835
27
Allocating ../../../instances/hadoop/hadoop_extra/hadoop_4.3.vn
3
4, 3
159: 4
VDC id:159, size 4
yes
0.00000
1.89750
0.00000 45540.00000
Memory 0.07885
27
Allocating ../../../instances/hadoop/hadoop_extra/hadoop_4.10.vn
3
4, 3
160: 4
VDC id:160, size 4
yes
0.00000
1.89650
0.00000 45516.00000
Memory 0.07935
27
Allocating ../../../instances/hadoop/hadoop_extra/hadoop_4.6.vn
3
4, 3
161: 4
VDC id:161, size 4
yes
0.00000
1.89583
0.00000 45500.00000
Memory 0.07984
27
Allocating ../../../instances/hadoop/hadoop_extra/hadoop_4.2.vn
3
4, 3
162: 4
VDC id:162, size 4
yes
0.00000
1.89533
0.00000 45488.00000
Memory 0.08034
27
Allocating ../../../instances/hadoop/hadoop_extra/hadoop_4.7.vn
3
4, 3
163: 4
VDC id:163, size 4
yes
0.00000
1.89467
0.00000 45472.00000
Memory 0.08083
27
Allocating ../../../instances/hadoop/hadoop_extra/hadoop_4.1.vn
3
4, 3
164: 4
VDC id:164, size 4
yes
0.00000
1.89400
0.00000 45456.00000
Memory 0.08133
26
Allocating ../../../instances/hadoop/hadoop_extra/hadoop_4.8.vn
3
4, 3
165: 4
VDC id:165, size 4
yes
0.00000
1.89333
0.00000 45440.00000
Memory 0.08183
35
Allocating ../../../instances/hadoop/hadoop_extra/hadoop_4.3.vn
3
4, 3
166: 4
VDC id:166, size 4
yes
0.00000
1.89267
0.00000 45424.00000
Memory 0.08232
29
Allocating ../../../instances/hadoop/hadoop_extra/hadoop_4.2.vn
3
4, 3
167: 4
VDC id:167, size 4
yes
0.00000
1.89217
0.00000 45412.00000
Memory 0.08282
28
Allocating ../../../instances/hadoop/hadoop_extra/hadoop_4.10.vn
3
4, 3
168: 4
VDC id:168, size 4
yes
0.00000
1.89117
0.00000 45388.00000
Memory 0.08331
32
Allocating ../../../instances/hadoop/hadoop_extra/hadoop_4.7.vn
3
4, 3
169: 4
VDC id:169, size 4
yes
0.00000
1.89050
0.00000 45372.00000
Memory 0.08381
29
Allocating ../../../instances/hadoop/hadoop_extra/hadoop_4.3.vn
3
4, 3
170: 4
VDC id:170, size 4
yes
0.00000
1.88983
0.00000 45356.00000
Memory 0.08430
28
Allocating ../../../instances/hadoop/hadoop_extra/hadoop_4.7.vn
3
4, 3
171: 4
VDC id:171, size 4
yes
0.00000
1.88917
0.00000 45340.00000
Memory 0.08480
28
Allocating ../../../instances/hadoop/hadoop_extra/hadoop_4.1.vn
3
4, 3
172: 4
VDC id:172, size 4
yes
0.00000
1.88850
0.00000 45324.00000
Memory 0.08530
26
Allocating ../../../instances/hadoop/hadoop_extra/hadoop_4.5.vn
3
4, 3
173: 4
VDC id:173, size 4
yes
0.00000
1.88800
0.00000 45312.00000
Memory 0.08579
26
Allocating ../../../instances/hadoop/hadoop_extra/hadoop_4.6.vn
3
4, 3
174: 4
VDC id:174, size 4
yes
0.00000
1.88733
0.00000 45296.00000
Memory 0.08629
27
Allocating ../../../instances/hadoop/hadoop_extra/hadoop_4.3.vn
3
4, 3
175: 4
VDC id:175, size 4
yes
0.00000
1.88667
0.00000 45280.00000
Memory 0.08678
27
Allocating ../../../instances/hadoop/hadoop_extra/hadoop_4.5.vn
3
4, 3
176: 4
VDC id:176, size 4
yes
0.00000
1.88617
0.00000 45268.00000
Memory 0.08728
27
Allocating ../../../instances/hadoop/hadoop_extra/hadoop_4.3.vn
3
4, 3
177: 4
VDC id:177, size 4
yes
0.00000
1.88550
0.00000 45252.00000
Memory 0.08778
27
Allocating ../../../instances/hadoop/hadoop_extra/hadoop_4.1.vn
3
4, 3
178: 4
VDC id:178, size 4
yes
0.00000
1.88483
0.00000 45236.00000
Memory 0.08827
27
Allocating ../../../instances/hadoop/hadoop_extra/hadoop_4.5.vn
3
4, 3
179: 4
VDC id:179, size 4
yes
0.00000
1.88433
0.00000 45224.00000
Memory 0.08877
27
Allocating ../../../instances/hadoop/hadoop_extra/hadoop_4.7.vn
3
4, 3
180: 4
VDC id:180, size 4
yes
0.00000
1.88367
0.00000 45208.00000
Memory 0.08926
27
Allocating ../../../instances/hadoop/hadoop_extra/hadoop_4.6.vn
3
4, 3
181: 4
VDC id:181, size 4
yes
0.00000
1.88300
0.00000 45192.00000
Memory 0.08976
27
Allocating ../../../instances/hadoop/hadoop_extra/hadoop_4.5.vn
3
4, 3
182: 4
VDC id:182, size 4
yes
0.00000
1.88250
0.00000 45180.00000
Memory 0.09026
28
Allocating ../../../instances/hadoop/hadoop_extra/hadoop_4.10.vn
3
4, 3
183: 4
VDC id:183, size 4
yes
0.00000
1.88150
0.00000 45156.00000
Memory 0.09075
27
Allocating ../../../instances/hadoop/hadoop_extra/hadoop_4.1.vn
3
4, 3
184: 4
VDC id:184, size 4
yes
0.00000
1.88083
0.00000 45140.00000
Memory 0.09125
27
Allocating ../../../instances/hadoop/hadoop_extra/hadoop_4.6.vn
3
4, 3
185: 4
VDC id:185, size 4
yes
0.00000
1.88017
0.00000 45124.00000
Memory 0.09174
27
Allocating ../../../instances/hadoop/hadoop_extra/hadoop_4.5.vn
3
4, 3
186: 4
VDC id:186, size 4
yes
0.00000
1.87967
0.00000 45112.00000
Memory 0.09224
27
Allocating ../../../instances/hadoop/hadoop_extra/hadoop_4.3.vn
3
4, 3
187: 4
VDC id:187, size 4
yes
0.00000
1.87900
0.00000 45096.00000
Memory 0.09274
26
Allocating ../../../instances/hadoop/hadoop_extra/hadoop_4.7.vn
3
4, 3
188: 4
VDC id:188, size 4
yes
0.00000
1.87833
0.00000 45080.00000
Memory 0.09323
27
Allocating ../../../instances/hadoop/hadoop_extra/hadoop_4.3.vn
3
4, 3
189: 4
VDC id:189, size 4
yes
0.00000
1.87767
0.00000 45064.00000
Memory 0.09373
27
Allocating ../../../instances/hadoop/hadoop_extra/hadoop_4.8.vn
3
4, 3
190: 4
VDC id:190, size 4
yes
0.00000
1.87700
0.00000 45048.00000
Memory 0.09422
27
Allocating ../../../instances/hadoop/hadoop_extra/hadoop_4.3.vn
3
4, 3
191: 4
VDC id:191, size 4
yes
0.00000
1.87633
0.00000 45032.00000
Memory 0.09472
33
Allocating ../../../instances/hadoop/hadoop_extra/hadoop_4.6.vn
3
4, 3
192: 4
VDC id:192, size 4
yes
0.00000
1.87567
0.00000 45016.00000
Memory 0.09521
27
Allocating ../../../instances/hadoop/hadoop_extra/hadoop_4.1.vn
3
4, 3
193: 4
VDC id:193, size 4
yes
0.00000
1.87500
0.00000 45000.00000
Memory 0.09571
27
Allocating ../../../instances/hadoop/hadoop_extra/hadoop_4.2.vn
3
4, 3
194: 4
VDC id:194, size 4
yes
0.00000
1.87450
0.00000 44988.00000
Memory 0.09621
27
Allocating ../../../instances/hadoop/hadoop_extra/hadoop_4.7.vn
3
4, 3
195: 4
VDC id:195, size 4
yes
0.00000
1.87383
0.00000 44972.00000
Memory 0.09670
27
Allocating ../../../instances/hadoop/hadoop_extra/hadoop_4.7.vn
3
4, 3
196: 4
VDC id:196, size 4
yes
0.00000
1.87317
0.00000 44956.00000
Memory 0.09720
27
Allocating ../../../instances/hadoop/hadoop_extra/hadoop_4.6.vn
3
4, 3
197: 4
VDC id:197, size 4
yes
0.00000
1.87250
0.00000 44940.00000
Memory 0.09769
26
Allocating ../../../instances/hadoop/hadoop_extra/hadoop_4.5.vn
3
4, 3
198: 4
VDC id:198, size 4
yes
0.00000
1.87200
0.00000 44928.00000
Memory 0.09819
26
Allocating ../../../instances/hadoop/hadoop_extra/hadoop_4.8.vn
3
4, 3
199: 4
VDC id:199, size 4
yes
0.00000
1.87133
0.00000 44912.00000
Memory 0.09869
27
Allocating ../../../instances/hadoop/hadoop_extra/hadoop_4.5.vn
3
4, 3
200: 4
VDC id:200, size 4
yes
0.00000
1.87083
0.00000 44900.00000
Memory 0.09918
27
Allocating ../../../instances/hadoop/hadoop_extra/hadoop_4.3.vn
3
4, 3
201: 4
VDC id:201, size 4
yes
0.00000
1.87017
0.00000 44884.00000
Memory 0.09968
27
Allocating ../../../instances/hadoop/hadoop_extra/hadoop_4.9.vn
3
4, 3
202: 4
VDC id:202, size 4
yes
0.00000
1.86967
0.00000 44872.00000
Memory 0.10017
26
Allocating ../../../instances/hadoop/hadoop_extra/hadoop_4.1.vn
3
4, 3
203: 4
VDC id:203, size 4
yes
0.00000
1.86900
0.00000 44856.00000
Memory 0.10067
27
Allocating ../../../instances/hadoop/hadoop_extra/hadoop_4.3.vn
3
4, 3
204: 4
VDC id:204, size 4
yes
0.00000
1.86833
0.00000 44840.00000
Memory 0.10117
27
Allocating ../../../instances/hadoop/hadoop_extra/hadoop_4.10.vn
3
4, 3
205: 4
VDC id:205, size 4
yes
0.00000
1.86733
0.00000 44816.00000
Memory 0.10166
26
Allocating ../../../instances/hadoop/hadoop_extra/hadoop_4.5.vn
3
4, 3
206: 4
VDC id:206, size 4
yes
0.00000
1.86683
0.00000 44804.00000
Memory 0.10216
27
Allocating ../../../instances/hadoop/hadoop_extra/hadoop_4.9.vn
3
4, 3
207: 4
VDC id:207, size 4
yes
0.00000
1.86633
0.00000 44792.00000
Memory 0.10265
27
Allocating ../../../instances/hadoop/hadoop_extra/hadoop_4.9.vn
3
4, 3
208: 4
VDC id:208, size 4
yes
0.00000
1.86583
0.00000 44780.00000
Memory 0.10315
26
Allocating ../../../instances/hadoop/hadoop_extra/hadoop_4.2.vn
3
4, 3
209: 4
VDC id:209, size 4
yes
0.00000
1.86533
0.00000 44768.00000
Memory 0.10365
27
Allocating ../../../instances/hadoop/hadoop_extra/hadoop_4.6.vn
3
4, 3
210: 4
VDC id:210, size 4
yes
0.00000
1.86467
0.00000 44752.00000
Memory 0.10414
26
Allocating ../../../instances/hadoop/hadoop_extra/hadoop_4.2.vn
3
4, 3
211: 4
VDC id:211, size 4
yes
0.00000
1.86417
0.00000 44740.00000
Memory 0.10464
26
Allocating ../../../instances/hadoop/hadoop_extra/hadoop_4.2.vn
3
4, 3
212: 4
VDC id:212, size 4
yes
0.00000
1.86367
0.00000 44728.00000
Memory 0.10513
26
Allocating ../../../instances/hadoop/hadoop_extra/hadoop_4.2.vn
3
4, 3
213: 4
VDC id:213, size 4
yes
0.00000
1.86317
0.00000 44716.00000
Memory 0.10563
27
Allocating ../../../instances/hadoop/hadoop_extra/hadoop_4.5.vn
3
4, 3
214: 4
VDC id:214, size 4
yes
0.00000
1.86267
0.00000 44704.00000
Memory 0.10612
28
Allocating ../../../instances/hadoop/hadoop_extra/hadoop_4.9.vn
3
4, 3
215: 4
VDC id:215, size 4
yes
0.00000
1.86217
0.00000 44692.00000
Memory 0.10662
27
Allocating ../../../instances/hadoop/hadoop_extra/hadoop_4.3.vn
3
4, 3
216: 4
VDC id:216, size 4
yes
0.00000
1.86150
0.00000 44676.00000
Memory 0.10712
28
Allocating ../../../instances/hadoop/hadoop_extra/hadoop_4.3.vn
3
4, 3
217: 4
VDC id:217, size 4
yes
0.00000
1.86083
0.00000 44660.00000
Memory 0.10761
27
Allocating ../../../instances/hadoop/hadoop_extra/hadoop_4.2.vn
3
4, 3
218: 4
VDC id:218, size 4
yes
0.00000
1.86033
0.00000 44648.00000
Memory 0.10811
34
Allocating ../../../instances/hadoop/hadoop_extra/hadoop_4.5.vn
3
4, 3
219: 4
VDC id:219, size 4
yes
0.00000
1.85983
0.00000 44636.00000
Memory 0.10860
31
Allocating ../../../instances/hadoop/hadoop_extra/hadoop_4.4.vn
3
4, 3
220: 4
VDC id:220, size 4
yes
0.00000
1.85933
0.00000 44624.00000
Memory 0.10910
27
Allocating ../../../instances/hadoop/hadoop_extra/hadoop_4.4.vn
3
4, 3
221: 4
VDC id:221, size 4
yes
0.00000
1.85883
0.00000 44612.00000
Memory 0.10960
32
Allocating ../../../instances/hadoop/hadoop_extra/hadoop_4.4.vn
3
4, 3
222: 4
VDC id:222, size 4
yes
0.00000
1.85833
0.00000 44600.00000
Memory 0.11009
28
Allocating ../../../instances/hadoop/hadoop_extra/hadoop_4.10.vn
3
4, 3
223: 4
VDC id:223, size 4
yes
0.00000
1.85733
0.00000 44576.00000
Memory 0.11059
28
Allocating ../../../instances/hadoop/hadoop_extra/hadoop_4.10.vn
3
4, 3
224: 4
VDC id:224, size 4
yes
0.00000
1.85633
0.00000 44552.00000
Memory 0.11108
30
Allocating ../../../instances/hadoop/hadoop_extra/hadoop_4.3.vn
3
4, 3
225: 4
VDC id:225, size 4
yes
0.00000
1.85567
0.00000 44536.00000
Memory 0.11158
28
Allocating ../../../instances/hadoop/hadoop_extra/hadoop_4.5.vn
3
4, 3
226: 4
VDC id:226, size 4
yes
0.00000
1.85517
0.00000 44524.00000
Memory 0.11208
28
Allocating ../../../instances/hadoop/hadoop_extra/hadoop_4.6.vn
3
4, 3
227: 4
VDC id:227, size 4
yes
0.00000
1.85450
0.00000 44508.00000
Memory 0.11257
32
Allocating ../../../instances/hadoop/hadoop_extra/hadoop_4.1.vn
3
4, 3
228: 4
VDC id:228, size 4
yes
0.00000
1.85383
0.00000 44492.00000
Memory 0.11307
28
Allocating ../../../instances/hadoop/hadoop_extra/hadoop_4.4.vn
3
4, 3
229: 4
VDC id:229, size 4
yes
0.00000
1.85333
0.00000 44480.00000
Memory 0.11356
27
Allocating ../../../instances/hadoop/hadoop_extra/hadoop_4.7.vn
3
4, 3
230: 4
VDC id:230, size 4
yes
0.00000
1.85267
0.00000 44464.00000
Memory 0.11406
27
Allocating ../../../instances/hadoop/hadoop_extra/hadoop_4.4.vn
3
4, 3
231: 4
VDC id:231, size 4
yes
0.00000
1.85217
0.00000 44452.00000
Memory 0.11456
30
Allocating ../../../instances/hadoop/hadoop_extra/hadoop_4.2.vn
3
4, 3
232: 4
VDC id:232, size 4
yes
0.00000
1.85167
0.00000 44440.00000
Memory 0.11505
27
Allocating ../../../instances/hadoop/hadoop_extra/hadoop_4.1.vn
3
4, 3
233: 4
VDC id:233, size 4
yes
0.00000
1.85100
0.00000 44424.00000
Memory 0.11555
27
Allocating ../../../instances/hadoop/hadoop_extra/hadoop_4.4.vn
3
4, 3
234: 4
VDC id:234, size 4
yes
0.00000
1.85050
0.00000 44412.00000
Memory 0.11604
29
Allocating ../../../instances/hadoop/hadoop_extra/hadoop_4.3.vn
3
4, 3
235: 4
VDC id:235, size 4
yes
0.00000
1.84983
0.00000 44396.00000
Memory 0.11654
32
Allocating ../../../instances/hadoop/hadoop_extra/hadoop_4.5.vn
3
4, 3
236: 4
VDC id:236, size 4
yes
0.00000
1.84933
0.00000 44384.00000
Memory 0.11703
28
Allocating ../../../instances/hadoop/hadoop_extra/hadoop_4.5.vn
3
4, 3
237: 4
VDC id:237, size 4
yes
0.00000
1.84883
0.00000 44372.00000
Memory 0.11753
28
Allocating ../../../instances/hadoop/hadoop_extra/hadoop_4.2.vn
3
4, 3
238: 4
VDC id:238, size 4
yes
0.00000
1.84833
0.00000 44360.00000
Memory 0.11803
27
Allocating ../../../instances/hadoop/hadoop_extra/hadoop_4.2.vn
3
4, 3
239: 4
VDC id:239, size 4
yes
0.00000
1.84783
0.00000 44348.00000
Memory 0.11852
34
Allocating ../../../instances/hadoop/hadoop_extra/hadoop_4.4.vn
3
4, 3
240: 4
VDC id:240, size 4
yes
0.00000
1.84733
0.00000 44336.00000
Memory 0.11902
28
Allocating ../../../instances/hadoop/hadoop_extra/hadoop_4.8.vn
3
4, 3
241: 4
VDC id:241, size 4
yes
0.00000
1.84667
0.00000 44320.00000
Memory 0.11951
28
Allocating ../../../instances/hadoop/hadoop_extra/hadoop_4.2.vn
3
4, 3
242: 4
VDC id:242, size 4
yes
0.00000
1.84617
0.00000 44308.00000
Memory 0.12001
27
Allocating ../../../instances/hadoop/hadoop_extra/hadoop_4.8.vn
3
4, 3
243: 4
VDC id:243, size 4
yes
0.00000
1.84550
0.00000 44292.00000
Memory 0.12051
37
Allocating ../../../instances/hadoop/hadoop_extra/hadoop_4.10.vn
3
4, 3
244: 4
VDC id:244, size 4
yes
0.00000
1.84450
0.00000 44268.00000
Memory 0.12100
28
Allocating ../../../instances/hadoop/hadoop_extra/hadoop_4.2.vn
3
4, 3
245: 4
VDC id:245, size 4
yes
0.00000
1.84400
0.00000 44256.00000
Memory 0.12150
28
Allocating ../../../instances/hadoop/hadoop_extra/hadoop_4.3.vn
3
4, 3
246: 4
VDC id:246, size 4
yes
0.00000
1.84333
0.00000 44240.00000
Memory 0.12199
27
Allocating ../../../instances/hadoop/hadoop_extra/hadoop_4.7.vn
3
4, 3
247: 4
VDC id:247, size 4
yes
0.00000
1.84267
0.00000 44224.00000
Memory 0.12249
30
Allocating ../../../instances/hadoop/hadoop_extra/hadoop_4.1.vn
3
4, 3
248: 4
VDC id:248, size 4
yes
0.00000
1.84200
0.00000 44208.00000
Memory 0.12299
29
Allocating ../../../instances/hadoop/hadoop_extra/hadoop_4.1.vn
3
4, 3
249: 4
VDC id:249, size 4
yes
0.00000
1.84133
0.00000 44192.00000
Memory 0.12348
27
Allocating ../../../instances/hadoop/hadoop_extra/hadoop_4.7.vn
3
4, 3
250: 4
VDC id:250, size 4
yes
0.00000
1.84067
0.00000 44176.00000
Memory 0.12398
27
Allocating ../../../instances/hadoop/hadoop_extra/hadoop_4.3.vn
3
4, 3
251: 4
VDC id:251, size 4
yes
0.00000
1.84000
0.00000 44160.00000
Memory 0.12447
31
Allocating ../../../instances/hadoop/hadoop_extra/hadoop_4.6.vn
3
4, 3
252: 4
VDC id:252, size 4
yes
0.00000
1.83933
0.00000 44144.00000
Memory 0.12497
34
Allocating ../../../instances/hadoop/hadoop_extra/hadoop_4.1.vn
3
4, 3
253: 4
VDC id:253, size 4
yes
0.00000
1.83867
0.00000 44128.00000
Memory 0.12547
27
Allocating ../../../instances/hadoop/hadoop_extra/hadoop_4.7.vn
3
4, 3
254: 4
VDC id:254, size 4
yes
0.00000
1.83800
0.00000 44112.00000
Memory 0.12596
28
Allocating ../../../instances/hadoop/hadoop_extra/hadoop_4.8.vn
3
4, 3
255: 4
VDC id:255, size 4
yes
0.00000
1.83733
0.00000 44096.00000
Memory 0.12646
32
Allocating ../../../instances/hadoop/hadoop_extra/hadoop_4.1.vn
3
4, 3
256: 4
VDC id:256, size 4
yes
0.00000
1.83667
0.00000 44080.00000
Memory 0.12695
28
Allocating ../../../instances/hadoop/hadoop_extra/hadoop_4.1.vn
3
4, 3
257: 4
VDC id:257, size 4
yes
0.00000
1.83600
0.00000 44064.00000
Memory 0.12745
28
Allocating ../../../instances/hadoop/hadoop_extra/hadoop_4.1.vn
3
4, 3
258: 4
VDC id:258, size 4
yes
0.00000
1.83533
0.00000 44048.00000
Memory 0.12794
27
Allocating ../../../instances/hadoop/hadoop_extra/hadoop_4.3.vn
3
4, 3
259: 4
VDC id:259, size 4
yes
0.00000
1.83467
0.00000 44032.00000
Memory 0.12844
33
Allocating ../../../instances/hadoop/hadoop_extra/hadoop_4.9.vn
3
4, 3
260: 4
VDC id:260, size 4
yes
0.00000
1.83417
0.00000 44020.00000
Memory 0.12894
27
Allocating ../../../instances/hadoop/hadoop_extra/hadoop_4.4.vn
3
4, 3
261: 4
VDC id:261, size 4
yes
0.00000
1.83367
0.00000 44008.00000
Memory 0.12943
27
Allocating ../../../instances/hadoop/hadoop_extra/hadoop_4.2.vn
3
4, 3
262: 4
VDC id:262, size 4
yes
0.00000
1.83317
0.00000 43996.00000
Memory 0.12993
27
Allocating ../../../instances/hadoop/hadoop_extra/hadoop_4.7.vn
3
4, 3
263: 4
VDC id:263, size 4
yes
0.00000
1.83250
0.00000 43980.00000
Memory 0.13042
28
Allocating ../../../instances/hadoop/hadoop_extra/hadoop_4.8.vn
3
4, 3
264: 4
VDC id:264, size 4
yes
0.00000
1.83183
0.00000 43964.00000
Memory 0.13092
29
Allocating ../../../instances/hadoop/hadoop_extra/hadoop_4.8.vn
3
4, 3
265: 4
VDC id:265, size 4
yes
0.00000
1.83117
0.00000 43948.00000
Memory 0.13142
27
Allocating ../../../instances/hadoop/hadoop_extra/hadoop_4.1.vn
3
4, 3
266: 4
VDC id:266, size 4
yes
0.00000
1.83050
0.00000 43932.00000
Memory 0.13191
28
Allocating ../../../instances/hadoop/hadoop_extra/hadoop_4.5.vn
3
4, 3
267: 4
VDC id:267, size 4
yes
0.00000
1.83000
0.00000 43920.00000
Memory 0.13241
27
Allocating ../../../instances/hadoop/hadoop_extra/hadoop_4.4.vn
3
4, 3
268: 4
VDC id:268, size 4
yes
0.00000
1.82950
0.00000 43908.00000
Memory 0.13290
27
Allocating ../../../instances/hadoop/hadoop_extra/hadoop_4.1.vn
3
4, 3
269: 4
VDC id:269, size 4
yes
0.00000
1.82883
0.00000 43892.00000
Memory 0.13340
27
Allocating ../../../instances/hadoop/hadoop_extra/hadoop_4.10.vn
3
4, 3
270: 4
VDC id:270, size 4
yes
0.00000
1.82783
0.00000 43868.00000
Memory 0.13390
27
Allocating ../../../instances/hadoop/hadoop_extra/hadoop_4.7.vn
3
4, 3
271: 4
VDC id:271, size 4
yes
0.00000
1.82717
0.00000 43852.00000
Memory 0.13439
27
Allocating ../../../instances/hadoop/hadoop_extra/hadoop_4.5.vn
3
4, 3
272: 4
VDC id:272, size 4
yes
0.00000
1.82667
0.00000 43840.00000
Memory 0.13489
28
Allocating ../../../instances/hadoop/hadoop_extra/hadoop_4.7.vn
3
4, 3
273: 4
VDC id:273, size 4
yes
0.00000
1.82600
0.00000 43824.00000
Memory 0.13538
27
Allocating ../../../instances/hadoop/hadoop_extra/hadoop_4.10.vn
3
4, 3
274: 4
VDC id:274, size 4
yes
0.00000
1.82500
0.00000 43800.00000
Memory 0.13588
33
Allocating ../../../instances/hadoop/hadoop_extra/hadoop_4.8.vn
3
4, 3
275: 4
VDC id:275, size 4
yes
0.00000
1.82433
0.00000 43784.00000
Memory 0.13638
29
Allocating ../../../instances/hadoop/hadoop_extra/hadoop_4.2.vn
3
4, 3
276: 4
VDC id:276, size 4
yes
0.00000
1.82383
0.00000 43772.00000
Memory 0.13687
30
Allocating ../../../instances/hadoop/hadoop_extra/hadoop_4.7.vn
3
4, 3
277: 4
VDC id:277, size 4
yes
0.00000
1.82317
0.00000 43756.00000
Memory 0.13737
28
Allocating ../../../instances/hadoop/hadoop_extra/hadoop_4.8.vn
3
4, 3
278: 4
VDC id:278, size 4
yes
0.00000
1.82250
0.00000 43740.00000
Memory 0.13786
27
Allocating ../../../instances/hadoop/hadoop_extra/hadoop_4.2.vn
3
4, 3
279: 4
VDC id:279, size 4
yes
0.00000
1.82200
0.00000 43728.00000
Memory 0.13836
27
Allocating ../../../instances/hadoop/hadoop_extra/hadoop_4.9.vn
3
4, 3
280: 4
VDC id:280, size 4
yes
0.00000
1.82150
0.00000 43716.00000
Memory 0.13885
28
Allocating ../../../instances/hadoop/hadoop_extra/hadoop_4.9.vn
3
4, 3
281: 4
VDC id:281, size 4
yes
0.00000
1.82100
0.00000 43704.00000
Memory 0.13935
27
Allocating ../../../instances/hadoop/hadoop_extra/hadoop_4.9.vn
3
4, 3
282: 4
VDC id:282, size 4
yes
0.00000
1.82050
0.00000 43692.00000
Memory 0.13985
27
Allocating ../../../instances/hadoop/hadoop_extra/hadoop_4.3.vn
3
4, 3
283: 4
VDC id:283, size 4
yes
0.00000
1.81983
0.00000 43676.00000
Memory 0.14034
27
Allocating ../../../instances/hadoop/hadoop_extra/hadoop_4.5.vn
3
4, 3
284: 4
VDC id:284, size 4
yes
0.00000
1.81933
0.00000 43664.00000
Memory 0.14084
34
Allocating ../../../instances/hadoop/hadoop_extra/hadoop_4.7.vn
3
4, 3
285: 4
VDC id:285, size 4
yes
0.00000
1.81867
0.00000 43648.00000
Memory 0.14133
32
Allocating ../../../instances/hadoop/hadoop_extra/hadoop_4.8.vn
3
4, 3
286: 4
VDC id:286, size 4
yes
0.00000
1.81800
0.00000 43632.00000
Memory 0.14183
33
Allocating ../../../instances/hadoop/hadoop_extra/hadoop_4.2.vn
3
4, 3
287: 4
VDC id:287, size 4
yes
0.00000
1.81750
0.00000 43620.00000
Memory 0.14233
33
Allocating ../../../instances/hadoop/hadoop_extra/hadoop_4.10.vn
3
4, 3
288: 4
VDC id:288, size 4
yes
0.00000
1.81650
0.00000 43596.00000
Memory 0.14282
46
Allocating ../../../instances/hadoop/hadoop_extra/hadoop_4.4.vn
3
4, 3
289: 4
VDC id:289, size 4
yes
0.00000
1.81600
0.00000 43584.00000
Memory 0.14332
28
Allocating ../../../instances/hadoop/hadoop_extra/hadoop_4.6.vn
3
4, 3
290: 4
VDC id:290, size 4
yes
0.00000
1.81533
0.00000 43568.00000
Memory 0.14381
42
Allocating ../../../instances/hadoop/hadoop_extra/hadoop_4.2.vn
3
4, 3
291: 4
VDC id:291, size 4
yes
0.00000
1.81483
0.00000 43556.00000
Memory 0.14431
41
Allocating ../../../instances/hadoop/hadoop_extra/hadoop_4.8.vn
3
4, 3
292: 4
VDC id:292, size 4
yes
0.00000
1.81417
0.00000 43540.00000
Memory 0.14481
38
Allocating ../../../instances/hadoop/hadoop_extra/hadoop_4.8.vn
3
4, 3
293: 4
VDC id:293, size 4
yes
0.00000
1.81350
0.00000 43524.00000
Memory 0.14530
40
Allocating ../../../instances/hadoop/hadoop_extra/hadoop_4.3.vn
3
4, 3
294: 4
VDC id:294, size 4
yes
0.00000
1.81283
0.00000 43508.00000
Memory 0.14580
27
Allocating ../../../instances/hadoop/hadoop_extra/hadoop_4.1.vn
3
4, 3
295: 4
VDC id:295, size 4
yes
0.00000
1.81217
0.00000 43492.00000
Memory 0.14629
88
Allocating ../../../instances/hadoop/hadoop_extra/hadoop_4.2.vn
3
4, 3
296: 4
VDC id:296, size 4
yes
0.00000
1.81167
0.00000 43480.00000
Memory 0.14679
66
Allocating ../../../instances/hadoop/hadoop_extra/hadoop_4.3.vn
3
4, 3
297: 4
VDC id:297, size 4
yes
0.00000
1.81100
0.00000 43464.00000
Memory 0.14729
28
Allocating ../../../instances/hadoop/hadoop_extra/hadoop_4.8.vn
3
4, 3
298: 4
VDC id:298, size 4
yes
0.00000
1.81033
0.00000 43448.00000
Memory 0.14778
61
Allocating ../../../instances/hadoop/hadoop_extra/hadoop_4.2.vn
3
4, 3
299: 4
VDC id:299, size 4
yes
0.00000
1.80983
0.00000 43436.00000
Memory 0.14828
67
Allocating ../../../instances/hadoop/hadoop_extra/hadoop_4.8.vn
3
4, 3
300: 4
VDC id:300, size 4
yes
0.00000
1.80917
0.00000 43420.00000
Memory 0.14877
88
Allocating ../../../instances/hadoop/hadoop_extra/hadoop_4.4.vn
3
4, 3
301: 4
VDC id:301, size 4
yes
0.00000
1.80867
0.00000 43408.00000
Memory 0.14927
30
Allocating ../../../instances/hadoop/hadoop_extra/hadoop_4.5.vn
3
4, 3
302: 4
VDC id:302, size 4
yes
0.00000
1.80817
0.00000 43396.00000
Memory 0.14977
160
Allocating ../../../instances/hadoop/hadoop_extra/hadoop_4.9.vn
3
4, 3
303: 4
VDC id:303, size 4
yes
0.00000
1.80767
0.00000 43384.00000
Memory 0.15026
134
Allocating ../../../instances/hadoop/hadoop_extra/hadoop_4.8.vn
3
4, 3
304: 4
VDC id:304, size 4
yes
0.00000
1.80700
0.00000 43368.00000
Memory 0.15076
159
Allocating ../../../instances/hadoop/hadoop_extra/hadoop_4.3.vn
3
4, 3
305: 4
VDC id:305, size 4
yes
0.00000
1.80633
0.00000 43352.00000
Memory 0.15125
28
Allocating ../../../instances/hadoop/hadoop_extra/hadoop_4.1.vn
3
4, 3
306: 4
VDC id:306, size 4
cannot do bipartite matching!
no
0.00000
1.80633
0.00000 43352.00000
Memory 0.15134
1229
Allocated 305 VDCs
[runlim] end:			Mon Sep 30 03:33:41 2019
[runlim] status:		ok
[runlim] result:		0
[runlim] children:		0
[runlim] real:			0.31 seconds
[runlim] time:			0.00 seconds
[runlim] space:			0.0 MB
[runlim] samples:		0
