#secondnet
init 0 0
1 0.000101 0.000101
2 0.000092 0.000193
3 0.000062 0.000255
4 0.000058 0.000313
5 0.000057 0.000370
6 0.000056 0.000426
7 0.000057 0.000483
8 0.000056 0.000539
9 0.000061 0.000600
10 0.000056 0.000656
11 0.000055 0.000711
12 0.000056 0.000767
13 0.000056 0.000823
14 0.000059 0.000882
15 0.000060 0.000942
16 0.000059 0.001001
17 0.000059 0.001060
18 0.000059 0.001119
19 0.000059 0.001178
20 0.000059 0.001237
21 0.000060 0.001297
22 0.000068 0.001365
23 0.000059 0.001424
24 0.000065 0.001489
25 0.000074 0.001563
26 0.000065 0.001628
27 0.000066 0.001694
28 0.000059 0.001753
29 0.000069 0.001822
30 0.000063 0.001885
31 0.000074 0.001959
32 0.000063 0.002022
33 0.000065 0.002087
34 0.000064 0.002151
35 0.000065 0.002216
36 0.000068 0.002284
37 0.000067 0.002351
38 0.000060 0.002411
39 0.000063 0.002474
40 0.000062 0.002536
41 0.000065 0.002601
42 0.000059 0.002660
done 42 0.000390 0.003050
