#secondnet
init 0 0
1 0.000109 0.000109
2 0.000099 0.000208
3 0.000071 0.000279
4 0.000068 0.000347
5 0.000066 0.000413
6 0.000067 0.000480
7 0.000067 0.000547
8 0.000065 0.000612
9 0.000072 0.000684
10 0.000066 0.000750
11 0.000067 0.000817
12 0.000065 0.000882
13 0.000066 0.000948
14 0.000068 0.001016
15 0.000082 0.001098
16 0.000079 0.001177
17 0.000073 0.001250
18 0.000086 0.001336
19 0.000076 0.001412
20 0.000074 0.001486
21 0.000073 0.001559
22 0.000072 0.001631
23 0.000070 0.001701
24 0.000075 0.001776
25 0.000079 0.001855
26 0.000076 0.001931
27 0.000070 0.002001
28 0.000075 0.002076
done 28 0.000442 0.002518
