#secondnet
init 0 0
1 0.000137 0.000137
2 0.000121 0.000258
3 0.000090 0.000348
4 0.000088 0.000436
5 0.000086 0.000522
6 0.000095 0.000617
7 0.000091 0.000708
8 0.000086 0.000794
9 0.000090 0.000884
10 0.000086 0.000970
11 0.000085 0.001055
12 0.000084 0.001139
13 0.000087 0.001226
14 0.000086 0.001312
15 0.000084 0.001396
16 0.000084 0.001480
17 0.000085 0.001565
18 0.000083 0.001648
19 0.000084 0.001732
20 0.000082 0.001814
21 0.000083 0.001897
22 0.000083 0.001980
23 0.000083 0.002063
24 0.000084 0.002147
25 0.000083 0.002230
26 0.000083 0.002313
27 0.000082 0.002395
28 0.000083 0.002478
29 0.000083 0.002561
30 0.000083 0.002644
31 0.000087 0.002731
32 0.000085 0.002816
33 0.000082 0.002898
34 0.000086 0.002984
35 0.000091 0.003075
36 0.000088 0.003163
37 0.000087 0.003250
38 0.000089 0.003339
39 0.000087 0.003426
40 0.000086 0.003512
41 0.000087 0.003599
42 0.000084 0.003683
43 0.000086 0.003769
44 0.000083 0.003852
45 0.000086 0.003938
46 0.000084 0.004022
47 0.000086 0.004108
48 0.000084 0.004192
49 0.000086 0.004278
50 0.000082 0.004360
51 0.000087 0.004447
52 0.000083 0.004530
53 0.000095 0.004625
54 0.000088 0.004713
55 0.000089 0.004802
56 0.000087 0.004889
57 0.000088 0.004977
58 0.000094 0.005071
59 0.000088 0.005159
60 0.000096 0.005255
61 0.000092 0.005347
62 0.000095 0.005442
63 0.000095 0.005537
64 0.000094 0.005631
65 0.000091 0.005722
66 0.000087 0.005809
67 0.000089 0.005898
68 0.000089 0.005987
69 0.000089 0.006076
70 0.000089 0.006165
71 0.000086 0.006251
72 0.000085 0.006336
73 0.000088 0.006424
74 0.000091 0.006515
75 0.000087 0.006602
76 0.000091 0.006693
77 0.000092 0.006785
78 0.000107 0.006892
79 0.000101 0.006993
80 0.000087 0.007080
81 0.000093 0.007173
82 0.000092 0.007265
83 0.000088 0.007353
84 0.000092 0.007445
85 0.000088 0.007533
86 0.000092 0.007625
87 0.000086 0.007711
88 0.000096 0.007807
89 0.000086 0.007893
90 0.000091 0.007984
91 0.000089 0.008073
92 0.000087 0.008160
93 0.000088 0.008248
94 0.000093 0.008341
95 0.000089 0.008430
96 0.000092 0.008522
97 0.000096 0.008618
98 0.000099 0.008717
99 0.000094 0.008811
100 0.000087 0.008898
101 0.000090 0.008988
102 0.000086 0.009074
103 0.000096 0.009170
104 0.000091 0.009261
105 0.000093 0.009354
106 0.000088 0.009442
107 0.000093 0.009535
108 0.000089 0.009624
109 0.000093 0.009717
110 0.000088 0.009805
111 0.000092 0.009897
112 0.000087 0.009984
113 0.000092 0.010076
114 0.000103 0.010179
115 0.000089 0.010268
116 0.000094 0.010362
117 0.000099 0.010461
118 0.000103 0.010564
119 0.000093 0.010657
120 0.000092 0.010749
done 120 0.001986 0.012735
