[runlim] version:		1.7
[runlim] time limit:		3600 seconds
[runlim] real time limit:	311040000 seconds
[runlim] space limit:		80000 MB
[runlim] argv[0]:		./vdcalloc_print_final_pn
[runlim] argv[1]:		../../../instances/hadoop/instance_list_hadoop_6vm_rnd.txt
[runlim] argv[2]:		6
[runlim] argv[3]:		0
[runlim] argv[4]:		0
[runlim] argv[5]:		0
[runlim] argv[6]:		0
[runlim] argv[7]:		timelogs/results.us_mid2.pn.instance_list_hadoop_6vm_rnd.txt.log
[runlim] start:			Mon Sep 30 03:33:41 2019
[runlim] main pid:		14278
Running Secondnet on ../../../instances/hadoop/instance_list_hadoop_6vm_rnd.txt
Read 3840 instances
Running Secondnet on US-Mid2 instance /home/sam/workspacePython/monosat_py2_datacenter/instances/hadoop_small/us-mid2.pn
server id 0: 800
server id 1: 800
server id 2: 800
server id 3: 800
server id 4: 800
server id 5: 800
server id 6: 800
server id 7: 800
server id 8: 800
server id 9: 800
server id 10: 800
server id 11: 800
server id 12: 800
server id 13: 800
server id 14: 800
server id 15: 800
server id 16: 800
server id 17: 800
server id 18: 800
server id 19: 800
server id 20: 801
server id 21: 801
server id 22: 801
server id 23: 801
server id 24: 801
server id 25: 801
server id 26: 801
server id 27: 801
server id 28: 801
server id 29: 801
server id 30: 801
server id 31: 801
server id 32: 801
server id 33: 801
server id 34: 801
server id 35: 801
server id 36: 801
server id 37: 801
server id 38: 801
server id 39: 801
server id 40: 802
server id 41: 802
server id 42: 802
server id 43: 802
server id 44: 802
server id 45: 802
server id 46: 802
server id 47: 802
server id 48: 802
server id 49: 802
server id 50: 802
server id 51: 802
server id 52: 802
server id 53: 802
server id 54: 802
server id 55: 802
server id 56: 802
server id 57: 802
server id 58: 802
server id 59: 802
server id 60: 803
server id 61: 803
server id 62: 803
server id 63: 803
server id 64: 803
server id 65: 803
server id 66: 803
server id 67: 803
server id 68: 803
server id 69: 803
server id 70: 803
server id 71: 803
server id 72: 803
server id 73: 803
server id 74: 803
server id 75: 803
server id 76: 803
server id 77: 803
server id 78: 803
server id 79: 803
server id 80: 804
server id 81: 804
server id 82: 804
server id 83: 804
server id 84: 804
server id 85: 804
server id 86: 804
server id 87: 804
server id 88: 804
server id 89: 804
server id 90: 804
server id 91: 804
server id 92: 804
server id 93: 804
server id 94: 804
server id 95: 804
server id 96: 804
server id 97: 804
server id 98: 804
server id 99: 804
server id 100: 805
server id 101: 805
server id 102: 805
server id 103: 805
server id 104: 805
server id 105: 805
server id 106: 805
server id 107: 805
server id 108: 805
server id 109: 805
server id 110: 805
server id 111: 805
server id 112: 805
server id 113: 805
server id 114: 805
server id 115: 805
server id 116: 805
server id 117: 805
server id 118: 805
server id 119: 805
server id 120: 806
server id 121: 806
server id 122: 806
server id 123: 806
server id 124: 806
server id 125: 806
server id 126: 806
server id 127: 806
server id 128: 806
server id 129: 806
server id 130: 806
server id 131: 806
server id 132: 806
server id 133: 806
server id 134: 806
server id 135: 806
server id 136: 806
server id 137: 806
server id 138: 806
server id 139: 806
server id 140: 807
server id 141: 807
server id 142: 807
server id 143: 807
server id 144: 807
server id 145: 807
server id 146: 807
server id 147: 807
server id 148: 807
server id 149: 807
server id 150: 807
server id 151: 807
server id 152: 807
server id 153: 807
server id 154: 807
server id 155: 807
server id 156: 807
server id 157: 807
server id 158: 807
server id 159: 807
server id 160: 808
server id 161: 808
server id 162: 808
server id 163: 808
server id 164: 808
server id 165: 808
server id 166: 808
server id 167: 808
server id 168: 808
server id 169: 808
server id 170: 808
server id 171: 808
server id 172: 808
server id 173: 808
server id 174: 808
server id 175: 808
server id 176: 808
server id 177: 808
server id 178: 808
server id 179: 808
server id 180: 809
server id 181: 809
server id 182: 809
server id 183: 809
server id 184: 809
server id 185: 809
server id 186: 809
server id 187: 809
server id 188: 809
server id 189: 809
server id 190: 809
server id 191: 809
server id 192: 809
server id 193: 809
server id 194: 809
server id 195: 809
server id 196: 809
server id 197: 809
server id 198: 809
server id 199: 809
server id 200: 810
server id 201: 810
server id 202: 810
server id 203: 810
server id 204: 810
server id 205: 810
server id 206: 810
server id 207: 810
server id 208: 810
server id 209: 810
server id 210: 810
server id 211: 810
server id 212: 810
server id 213: 810
server id 214: 810
server id 215: 810
server id 216: 810
server id 217: 810
server id 218: 810
server id 219: 810
server id 220: 811
server id 221: 811
server id 222: 811
server id 223: 811
server id 224: 811
server id 225: 811
server id 226: 811
server id 227: 811
server id 228: 811
server id 229: 811
server id 230: 811
server id 231: 811
server id 232: 811
server id 233: 811
server id 234: 811
server id 235: 811
server id 236: 811
server id 237: 811
server id 238: 811
server id 239: 811
server id 240: 812
server id 241: 812
server id 242: 812
server id 243: 812
server id 244: 812
server id 245: 812
server id 246: 812
server id 247: 812
server id 248: 812
server id 249: 812
server id 250: 812
server id 251: 812
server id 252: 812
server id 253: 812
server id 254: 812
server id 255: 812
server id 256: 812
server id 257: 812
server id 258: 812
server id 259: 812
server id 260: 813
server id 261: 813
server id 262: 813
server id 263: 813
server id 264: 813
server id 265: 813
server id 266: 813
server id 267: 813
server id 268: 813
server id 269: 813
server id 270: 813
server id 271: 813
server id 272: 813
server id 273: 813
server id 274: 813
server id 275: 813
server id 276: 813
server id 277: 813
server id 278: 813
server id 279: 813
server id 280: 814
server id 281: 814
server id 282: 814
server id 283: 814
server id 284: 814
server id 285: 814
server id 286: 814
server id 287: 814
server id 288: 814
server id 289: 814
server id 290: 814
server id 291: 814
server id 292: 814
server id 293: 814
server id 294: 814
server id 295: 814
server id 296: 814
server id 297: 814
server id 298: 814
server id 299: 814
server id 300: 815
server id 301: 815
server id 302: 815
server id 303: 815
server id 304: 815
server id 305: 815
server id 306: 815
server id 307: 815
server id 308: 815
server id 309: 815
server id 310: 815
server id 311: 815
server id 312: 815
server id 313: 815
server id 314: 815
server id 315: 815
server id 316: 815
server id 317: 815
server id 318: 815
server id 319: 815
server id 320: 816
server id 321: 816
server id 322: 816
server id 323: 816
server id 324: 816
server id 325: 816
server id 326: 816
server id 327: 816
server id 328: 816
server id 329: 816
server id 330: 816
server id 331: 816
server id 332: 816
server id 333: 816
server id 334: 816
server id 335: 816
server id 336: 816
server id 337: 816
server id 338: 816
server id 339: 816
server id 340: 817
server id 341: 817
server id 342: 817
server id 343: 817
server id 344: 817
server id 345: 817
server id 346: 817
server id 347: 817
server id 348: 817
server id 349: 817
server id 350: 817
server id 351: 817
server id 352: 817
server id 353: 817
server id 354: 817
server id 355: 817
server id 356: 817
server id 357: 817
server id 358: 817
server id 359: 817
server id 360: 818
server id 361: 818
server id 362: 818
server id 363: 818
server id 364: 818
server id 365: 818
server id 366: 818
server id 367: 818
server id 368: 818
server id 369: 818
server id 370: 818
server id 371: 818
server id 372: 818
server id 373: 818
server id 374: 818
server id 375: 818
server id 376: 818
server id 377: 818
server id 378: 818
server id 379: 818
server id 380: 819
server id 381: 819
server id 382: 819
server id 383: 819
server id 384: 819
server id 385: 819
server id 386: 819
server id 387: 819
server id 388: 819
server id 389: 819
server id 390: 819
server id 391: 819
server id 392: 819
server id 393: 819
server id 394: 819
server id 395: 819
server id 396: 819
server id 397: 819
server id 398: 819
server id 399: 819
server id 400: 820
server id 401: 820
server id 402: 820
server id 403: 820
server id 404: 820
server id 405: 820
server id 406: 820
server id 407: 820
server id 408: 820
server id 409: 820
server id 410: 820
server id 411: 820
server id 412: 820
server id 413: 820
server id 414: 820
server id 415: 820
server id 416: 820
server id 417: 820
server id 418: 820
server id 419: 820
server id 420: 821
server id 421: 821
server id 422: 821
server id 423: 821
server id 424: 821
server id 425: 821
server id 426: 821
server id 427: 821
server id 428: 821
server id 429: 821
server id 430: 821
server id 431: 821
server id 432: 821
server id 433: 821
server id 434: 821
server id 435: 821
server id 436: 821
server id 437: 821
server id 438: 821
server id 439: 821
server id 440: 822
server id 441: 822
server id 442: 822
server id 443: 822
server id 444: 822
server id 445: 822
server id 446: 822
server id 447: 822
server id 448: 822
server id 449: 822
server id 450: 822
server id 451: 822
server id 452: 822
server id 453: 822
server id 454: 822
server id 455: 822
server id 456: 822
server id 457: 822
server id 458: 822
server id 459: 822
server id 460: 823
server id 461: 823
server id 462: 823
server id 463: 823
server id 464: 823
server id 465: 823
server id 466: 823
server id 467: 823
server id 468: 823
server id 469: 823
server id 470: 823
server id 471: 823
server id 472: 823
server id 473: 823
server id 474: 823
server id 475: 823
server id 476: 823
server id 477: 823
server id 478: 823
server id 479: 823
server id 480: 824
server id 481: 824
server id 482: 824
server id 483: 824
server id 484: 824
server id 485: 824
server id 486: 824
server id 487: 824
server id 488: 824
server id 489: 824
server id 490: 824
server id 491: 824
server id 492: 824
server id 493: 824
server id 494: 824
server id 495: 824
server id 496: 824
server id 497: 824
server id 498: 824
server id 499: 824
server id 500: 825
server id 501: 825
server id 502: 825
server id 503: 825
server id 504: 825
server id 505: 825
server id 506: 825
server id 507: 825
server id 508: 825
server id 509: 825
server id 510: 825
server id 511: 825
server id 512: 825
server id 513: 825
server id 514: 825
server id 515: 825
server id 516: 825
server id 517: 825
server id 518: 825
server id 519: 825
server id 520: 826
server id 521: 826
server id 522: 826
server id 523: 826
server id 524: 826
server id 525: 826
server id 526: 826
server id 527: 826
server id 528: 826
server id 529: 826
server id 530: 826
server id 531: 826
server id 532: 826
server id 533: 826
server id 534: 826
server id 535: 826
server id 536: 826
server id 537: 826
server id 538: 826
server id 539: 826
server id 540: 827
server id 541: 827
server id 542: 827
server id 543: 827
server id 544: 827
server id 545: 827
server id 546: 827
server id 547: 827
server id 548: 827
server id 549: 827
server id 550: 827
server id 551: 827
server id 552: 827
server id 553: 827
server id 554: 827
server id 555: 827
server id 556: 827
server id 557: 827
server id 558: 827
server id 559: 827
server id 560: 828
server id 561: 828
server id 562: 828
server id 563: 828
server id 564: 828
server id 565: 828
server id 566: 828
server id 567: 828
server id 568: 828
server id 569: 828
server id 570: 828
server id 571: 828
server id 572: 828
server id 573: 828
server id 574: 828
server id 575: 828
server id 576: 828
server id 577: 828
server id 578: 828
server id 579: 828
server id 580: 829
server id 581: 829
server id 582: 829
server id 583: 829
server id 584: 829
server id 585: 829
server id 586: 829
server id 587: 829
server id 588: 829
server id 589: 829
server id 590: 829
server id 591: 829
server id 592: 829
server id 593: 829
server id 594: 829
server id 595: 829
server id 596: 829
server id 597: 829
server id 598: 829
server id 599: 829
server id 600: 830
server id 601: 830
server id 602: 830
server id 603: 830
server id 604: 830
server id 605: 830
server id 606: 830
server id 607: 830
server id 608: 830
server id 609: 830
server id 610: 830
server id 611: 830
server id 612: 830
server id 613: 830
server id 614: 830
server id 615: 830
server id 616: 830
server id 617: 830
server id 618: 830
server id 619: 830
server id 620: 831
server id 621: 831
server id 622: 831
server id 623: 831
server id 624: 831
server id 625: 831
server id 626: 831
server id 627: 831
server id 628: 831
server id 629: 831
server id 630: 831
server id 631: 831
server id 632: 831
server id 633: 831
server id 634: 831
server id 635: 831
server id 636: 831
server id 637: 831
server id 638: 831
server id 639: 831
server id 640: 832
server id 641: 832
server id 642: 832
server id 643: 832
server id 644: 832
server id 645: 832
server id 646: 832
server id 647: 832
server id 648: 832
server id 649: 832
server id 650: 832
server id 651: 832
server id 652: 832
server id 653: 832
server id 654: 832
server id 655: 832
server id 656: 832
server id 657: 832
server id 658: 832
server id 659: 832
server id 660: 833
server id 661: 833
server id 662: 833
server id 663: 833
server id 664: 833
server id 665: 833
server id 666: 833
server id 667: 833
server id 668: 833
server id 669: 833
server id 670: 833
server id 671: 833
server id 672: 833
server id 673: 833
server id 674: 833
server id 675: 833
server id 676: 833
server id 677: 833
server id 678: 833
server id 679: 833
server id 680: 834
server id 681: 834
server id 682: 834
server id 683: 834
server id 684: 834
server id 685: 834
server id 686: 834
server id 687: 834
server id 688: 834
server id 689: 834
server id 690: 834
server id 691: 834
server id 692: 834
server id 693: 834
server id 694: 834
server id 695: 834
server id 696: 834
server id 697: 834
server id 698: 834
server id 699: 834
server id 700: 835
server id 701: 835
server id 702: 835
server id 703: 835
server id 704: 835
server id 705: 835
server id 706: 835
server id 707: 835
server id 708: 835
server id 709: 835
server id 710: 835
server id 711: 835
server id 712: 835
server id 713: 835
server id 714: 835
server id 715: 835
server id 716: 835
server id 717: 835
server id 718: 835
server id 719: 835
server id 720: 836
server id 721: 836
server id 722: 836
server id 723: 836
server id 724: 836
server id 725: 836
server id 726: 836
server id 727: 836
server id 728: 836
server id 729: 836
server id 730: 836
server id 731: 836
server id 732: 836
server id 733: 836
server id 734: 836
server id 735: 836
server id 736: 836
server id 737: 836
server id 738: 836
server id 739: 836
server id 740: 837
server id 741: 837
server id 742: 837
server id 743: 837
server id 744: 837
server id 745: 837
server id 746: 837
server id 747: 837
server id 748: 837
server id 749: 837
server id 750: 837
server id 751: 837
server id 752: 837
server id 753: 837
server id 754: 837
server id 755: 837
server id 756: 837
server id 757: 837
server id 758: 837
server id 759: 837
server id 760: 838
server id 761: 838
server id 762: 838
server id 763: 838
server id 764: 838
server id 765: 838
server id 766: 838
server id 767: 838
server id 768: 838
server id 769: 838
server id 770: 838
server id 771: 838
server id 772: 838
server id 773: 838
server id 774: 838
server id 775: 838
server id 776: 838
server id 777: 838
server id 778: 838
server id 779: 838
server id 780: 839
server id 781: 839
server id 782: 839
server id 783: 839
server id 784: 839
server id 785: 839
server id 786: 839
server id 787: 839
server id 788: 839
server id 789: 839
server id 790: 839
server id 791: 839
server id 792: 839
server id 793: 839
server id 794: 839
server id 795: 839
server id 796: 839
server id 797: 839
server id 798: 839
server id 799: 839
switch id 800: 0 1 2 3 4 5 6 7 8 9 10 11 12 13 14 15 16 17 18 19 840 841
switch id 801: 20 21 22 23 24 25 26 27 28 29 30 31 32 33 34 35 36 37 38 39 840 841
switch id 802: 40 41 42 43 44 45 46 47 48 49 50 51 52 53 54 55 56 57 58 59 840 841
switch id 803: 60 61 62 63 64 65 66 67 68 69 70 71 72 73 74 75 76 77 78 79 840 841
switch id 804: 80 81 82 83 84 85 86 87 88 89 90 91 92 93 94 95 96 97 98 99 840 841
switch id 805: 100 101 102 103 104 105 106 107 108 109 110 111 112 113 114 115 116 117 118 119 840 841
switch id 806: 120 121 122 123 124 125 126 127 128 129 130 131 132 133 134 135 136 137 138 139 840 841
switch id 807: 140 141 142 143 144 145 146 147 148 149 150 151 152 153 154 155 156 157 158 159 840 841
switch id 808: 160 161 162 163 164 165 166 167 168 169 170 171 172 173 174 175 176 177 178 179 840 841
switch id 809: 180 181 182 183 184 185 186 187 188 189 190 191 192 193 194 195 196 197 198 199 840 841
switch id 810: 200 201 202 203 204 205 206 207 208 209 210 211 212 213 214 215 216 217 218 219 840 841
switch id 811: 220 221 222 223 224 225 226 227 228 229 230 231 232 233 234 235 236 237 238 239 840 841
switch id 812: 240 241 242 243 244 245 246 247 248 249 250 251 252 253 254 255 256 257 258 259 840 841
switch id 813: 260 261 262 263 264 265 266 267 268 269 270 271 272 273 274 275 276 277 278 279 840 841
switch id 814: 280 281 282 283 284 285 286 287 288 289 290 291 292 293 294 295 296 297 298 299 840 841
switch id 815: 300 301 302 303 304 305 306 307 308 309 310 311 312 313 314 315 316 317 318 319 840 841
switch id 816: 320 321 322 323 324 325 326 327 328 329 330 331 332 333 334 335 336 337 338 339 840 841
switch id 817: 340 341 342 343 344 345 346 347 348 349 350 351 352 353 354 355 356 357 358 359 840 841
switch id 818: 360 361 362 363 364 365 366 367 368 369 370 371 372 373 374 375 376 377 378 379 840 841
switch id 819: 380 381 382 383 384 385 386 387 388 389 390 391 392 393 394 395 396 397 398 399 840 841
switch id 820: 400 401 402 403 404 405 406 407 408 409 410 411 412 413 414 415 416 417 418 419 840 841
switch id 821: 420 421 422 423 424 425 426 427 428 429 430 431 432 433 434 435 436 437 438 439 840 841
switch id 822: 440 441 442 443 444 445 446 447 448 449 450 451 452 453 454 455 456 457 458 459 840 841
switch id 823: 460 461 462 463 464 465 466 467 468 469 470 471 472 473 474 475 476 477 478 479 840 841
switch id 824: 480 481 482 483 484 485 486 487 488 489 490 491 492 493 494 495 496 497 498 499 840 841
switch id 825: 500 501 502 503 504 505 506 507 508 509 510 511 512 513 514 515 516 517 518 519 840 841
switch id 826: 520 521 522 523 524 525 526 527 528 529 530 531 532 533 534 535 536 537 538 539 840 841
switch id 827: 540 541 542 543 544 545 546 547 548 549 550 551 552 553 554 555 556 557 558 559 840 841
switch id 828: 560 561 562 563 564 565 566 567 568 569 570 571 572 573 574 575 576 577 578 579 840 841
switch id 829: 580 581 582 583 584 585 586 587 588 589 590 591 592 593 594 595 596 597 598 599 840 841
switch id 830: 600 601 602 603 604 605 606 607 608 609 610 611 612 613 614 615 616 617 618 619 840 841
switch id 831: 620 621 622 623 624 625 626 627 628 629 630 631 632 633 634 635 636 637 638 639 840 841
switch id 832: 640 641 642 643 644 645 646 647 648 649 650 651 652 653 654 655 656 657 658 659 840 841
switch id 833: 660 661 662 663 664 665 666 667 668 669 670 671 672 673 674 675 676 677 678 679 840 841
switch id 834: 680 681 682 683 684 685 686 687 688 689 690 691 692 693 694 695 696 697 698 699 840 841
switch id 835: 700 701 702 703 704 705 706 707 708 709 710 711 712 713 714 715 716 717 718 719 840 841
switch id 836: 720 721 722 723 724 725 726 727 728 729 730 731 732 733 734 735 736 737 738 739 840 841
switch id 837: 740 741 742 743 744 745 746 747 748 749 750 751 752 753 754 755 756 757 758 759 840 841
switch id 838: 760 761 762 763 764 765 766 767 768 769 770 771 772 773 774 775 776 777 778 779 840 841
switch id 839: 780 781 782 783 784 785 786 787 788 789 790 791 792 793 794 795 796 797 798 799 840 841
switch id 840: 800 801 802 803 804 805 806 807 808 809 810 811 812 813 814 815 816 817 818 819 820 821 822 823 824 825 826 827 828 829 830 831 832 833 834 835 836 837 838 839 841 842
switch id 841: 800 801 802 803 804 805 806 807 808 809 810 811 812 813 814 815 816 817 818 819 820 821 822 823 824 825 826 827 828 829 830 831 832 833 834 835 836 837 838 839 840 842
switch id 842: 840 841
Allocating ../../../instances/hadoop/hadoop_extra/hadoop_6.7.vn
3
4, 3
1: 6
VDC id:1, size 6
yes
0.00000
1.99850
0.00000 31976.00000
Memory 0.00077
70
Allocating ../../../instances/hadoop/hadoop_extra/hadoop_6.1.vn
3
4, 3
2: 6
VDC id:2, size 6
yes
0.00000
1.99700
0.00000 31952.00000
Memory 0.00154
37
Allocating ../../../instances/hadoop/hadoop_extra/hadoop_6.8.vn
3
4, 3
3: 6
VDC id:3, size 6
yes
0.00000
1.99475
0.00000 31916.00000
Memory 0.00231
33
Allocating ../../../instances/hadoop/hadoop_extra/hadoop_6.6.vn
3
4, 3
4: 6
VDC id:4, size 6
yes
0.00000
1.99250
0.00000 31880.00000
Memory 0.00308
31
Allocating ../../../instances/hadoop/hadoop_extra/hadoop_6.10.vn
3
4, 3
5: 6
VDC id:5, size 6
yes
0.00000
1.99050
0.00000 31848.00000
Memory 0.00385
31
Allocating ../../../instances/hadoop/hadoop_extra/hadoop_6.6.vn
3
4, 3
6: 6
VDC id:6, size 6
yes
0.00000
1.98825
0.00000 31812.00000
Memory 0.00462
31
Allocating ../../../instances/hadoop/hadoop_extra/hadoop_6.5.vn
3
4, 3
7: 6
VDC id:7, size 6
yes
0.00000
1.98650
0.00000 31784.00000
Memory 0.00539
31
Allocating ../../../instances/hadoop/hadoop_extra/hadoop_6.4.vn
3
4, 3
8: 6
VDC id:8, size 6
yes
0.00000
1.98450
0.00000 31752.00000
Memory 0.00616
31
Allocating ../../../instances/hadoop/hadoop_extra/hadoop_6.2.vn
3
4, 3
9: 6
VDC id:9, size 6
yes
0.00000
1.98300
0.00000 31728.00000
Memory 0.00694
31
Allocating ../../../instances/hadoop/hadoop_extra/hadoop_6.10.vn
3
4, 3
10: 6
VDC id:10, size 6
yes
0.00000
1.98100
0.00000 31696.00000
Memory 0.00771
31
Allocating ../../../instances/hadoop/hadoop_extra/hadoop_6.9.vn
3
4, 3
11: 6
VDC id:11, size 6
yes
0.00000
1.97950
0.00000 31672.00000
Memory 0.00848
31
Allocating ../../../instances/hadoop/hadoop_extra/hadoop_6.8.vn
3
4, 3
12: 6
VDC id:12, size 6
yes
0.00000
1.97725
0.00000 31636.00000
Memory 0.00925
31
Allocating ../../../instances/hadoop/hadoop_extra/hadoop_6.9.vn
3
4, 3
13: 6
VDC id:13, size 6
yes
0.00000
1.97575
0.00000 31612.00000
Memory 0.01002
31
Allocating ../../../instances/hadoop/hadoop_extra/hadoop_6.10.vn
3
4, 3
14: 6
VDC id:14, size 6
yes
0.00000
1.97375
0.00000 31580.00000
Memory 0.01079
31
Allocating ../../../instances/hadoop/hadoop_extra/hadoop_6.1.vn
3
4, 3
15: 6
VDC id:15, size 6
yes
0.00000
1.97225
0.00000 31556.00000
Memory 0.01156
30
Allocating ../../../instances/hadoop/hadoop_extra/hadoop_6.3.vn
3
4, 3
16: 6
VDC id:16, size 6
yes
0.00000
1.97025
0.00000 31524.00000
Memory 0.01233
30
Allocating ../../../instances/hadoop/hadoop_extra/hadoop_6.8.vn
3
4, 3
17: 6
VDC id:17, size 6
yes
0.00000
1.96800
0.00000 31488.00000
Memory 0.01310
31
Allocating ../../../instances/hadoop/hadoop_extra/hadoop_6.8.vn
3
4, 3
18: 6
VDC id:18, size 6
yes
0.00000
1.96575
0.00000 31452.00000
Memory 0.01387
31
Allocating ../../../instances/hadoop/hadoop_extra/hadoop_6.6.vn
3
4, 3
19: 6
VDC id:19, size 6
yes
0.00000
1.96350
0.00000 31416.00000
Memory 0.01464
31
Allocating ../../../instances/hadoop/hadoop_extra/hadoop_6.7.vn
3
4, 3
20: 6
VDC id:20, size 6
yes
0.00000
1.96200
0.00000 31392.00000
Memory 0.01541
32
Allocating ../../../instances/hadoop/hadoop_extra/hadoop_6.4.vn
3
4, 3
21: 6
VDC id:21, size 6
yes
0.00000
1.96000
0.00000 31360.00000
Memory 0.01618
31
Allocating ../../../instances/hadoop/hadoop_extra/hadoop_6.4.vn
3
4, 3
22: 6
VDC id:22, size 6
yes
0.00000
1.95800
0.00000 31328.00000
Memory 0.01695
31
Allocating ../../../instances/hadoop/hadoop_extra/hadoop_6.9.vn
3
4, 3
23: 6
VDC id:23, size 6
yes
0.00000
1.95650
0.00000 31304.00000
Memory 0.01772
30
Allocating ../../../instances/hadoop/hadoop_extra/hadoop_6.5.vn
3
4, 3
24: 6
VDC id:24, size 6
yes
0.00000
1.95475
0.00000 31276.00000
Memory 0.01849
31
Allocating ../../../instances/hadoop/hadoop_extra/hadoop_6.5.vn
3
4, 3
25: 6
VDC id:25, size 6
yes
0.00000
1.95300
0.00000 31248.00000
Memory 0.01926
31
Allocating ../../../instances/hadoop/hadoop_extra/hadoop_6.4.vn
3
4, 3
26: 6
VDC id:26, size 6
yes
0.00000
1.95100
0.00000 31216.00000
Memory 0.02003
31
Allocating ../../../instances/hadoop/hadoop_extra/hadoop_6.5.vn
3
4, 3
27: 6
VDC id:27, size 6
yes
0.00000
1.94925
0.00000 31188.00000
Memory 0.02081
32
Allocating ../../../instances/hadoop/hadoop_extra/hadoop_6.7.vn
3
4, 3
28: 6
VDC id:28, size 6
yes
0.00000
1.94775
0.00000 31164.00000
Memory 0.02158
31
Allocating ../../../instances/hadoop/hadoop_extra/hadoop_6.2.vn
3
4, 3
29: 6
VDC id:29, size 6
yes
0.00000
1.94625
0.00000 31140.00000
Memory 0.02235
31
Allocating ../../../instances/hadoop/hadoop_extra/hadoop_6.3.vn
3
4, 3
30: 6
VDC id:30, size 6
yes
0.00000
1.94425
0.00000 31108.00000
Memory 0.02312
31
Allocating ../../../instances/hadoop/hadoop_extra/hadoop_6.4.vn
3
4, 3
31: 6
VDC id:31, size 6
yes
0.00000
1.94225
0.00000 31076.00000
Memory 0.02389
32
Allocating ../../../instances/hadoop/hadoop_extra/hadoop_6.2.vn
3
4, 3
32: 6
VDC id:32, size 6
yes
0.00000
1.94075
0.00000 31052.00000
Memory 0.02466
34
Allocating ../../../instances/hadoop/hadoop_extra/hadoop_6.2.vn
3
4, 3
33: 6
VDC id:33, size 6
yes
0.00000
1.93925
0.00000 31028.00000
Memory 0.02543
31
Allocating ../../../instances/hadoop/hadoop_extra/hadoop_6.4.vn
3
4, 3
34: 6
VDC id:34, size 6
yes
0.00000
1.93725
0.00000 30996.00000
Memory 0.02620
32
Allocating ../../../instances/hadoop/hadoop_extra/hadoop_6.3.vn
3
4, 3
35: 6
VDC id:35, size 6
yes
0.00000
1.93525
0.00000 30964.00000
Memory 0.02697
32
Allocating ../../../instances/hadoop/hadoop_extra/hadoop_6.9.vn
3
4, 3
36: 6
VDC id:36, size 6
yes
0.00000
1.93375
0.00000 30940.00000
Memory 0.02774
31
Allocating ../../../instances/hadoop/hadoop_extra/hadoop_6.5.vn
3
4, 3
37: 6
VDC id:37, size 6
yes
0.00000
1.93200
0.00000 30912.00000
Memory 0.02851
32
Allocating ../../../instances/hadoop/hadoop_extra/hadoop_6.7.vn
3
4, 3
38: 6
VDC id:38, size 6
yes
0.00000
1.93050
0.00000 30888.00000
Memory 0.02928
33
Allocating ../../../instances/hadoop/hadoop_extra/hadoop_6.4.vn
3
4, 3
39: 6
VDC id:39, size 6
yes
0.00000
1.92850
0.00000 30856.00000
Memory 0.03005
31
Allocating ../../../instances/hadoop/hadoop_extra/hadoop_6.6.vn
3
4, 3
40: 6
VDC id:40, size 6
yes
0.00000
1.92625
0.00000 30820.00000
Memory 0.03082
43
Allocating ../../../instances/hadoop/hadoop_extra/hadoop_6.6.vn
3
4, 3
41: 6
VDC id:41, size 6
yes
0.00000
1.92400
0.00000 30784.00000
Memory 0.03159
32
Allocating ../../../instances/hadoop/hadoop_extra/hadoop_6.7.vn
3
4, 3
42: 6
VDC id:42, size 6
yes
0.00000
1.92250
0.00000 30760.00000
Memory 0.03236
32
Allocating ../../../instances/hadoop/hadoop_extra/hadoop_6.9.vn
3
4, 3
43: 6
VDC id:43, size 6
yes
0.00000
1.92100
0.00000 30736.00000
Memory 0.03313
34
Allocating ../../../instances/hadoop/hadoop_extra/hadoop_6.3.vn
3
4, 3
44: 6
VDC id:44, size 6
yes
0.00000
1.91900
0.00000 30704.00000
Memory 0.03391
36
Allocating ../../../instances/hadoop/hadoop_extra/hadoop_6.2.vn
3
4, 3
45: 6
VDC id:45, size 6
yes
0.00000
1.91750
0.00000 30680.00000
Memory 0.03468
35
Allocating ../../../instances/hadoop/hadoop_extra/hadoop_6.10.vn
3
4, 3
46: 6
VDC id:46, size 6
yes
0.00000
1.91550
0.00000 30648.00000
Memory 0.03545
32
Allocating ../../../instances/hadoop/hadoop_extra/hadoop_6.4.vn
3
4, 3
47: 6
VDC id:47, size 6
yes
0.00000
1.91350
0.00000 30616.00000
Memory 0.03622
36
Allocating ../../../instances/hadoop/hadoop_extra/hadoop_6.3.vn
3
4, 3
48: 6
VDC id:48, size 6
yes
0.00000
1.91150
0.00000 30584.00000
Memory 0.03699
35
Allocating ../../../instances/hadoop/hadoop_extra/hadoop_6.5.vn
3
4, 3
49: 6
VDC id:49, size 6
yes
0.00000
1.90975
0.00000 30556.00000
Memory 0.03776
35
Allocating ../../../instances/hadoop/hadoop_extra/hadoop_6.2.vn
3
4, 3
50: 6
VDC id:50, size 6
yes
0.00000
1.90825
0.00000 30532.00000
Memory 0.03853
35
Allocating ../../../instances/hadoop/hadoop_extra/hadoop_6.7.vn
3
4, 3
51: 6
VDC id:51, size 6
yes
0.00000
1.90675
0.00000 30508.00000
Memory 0.03930
35
Allocating ../../../instances/hadoop/hadoop_extra/hadoop_6.3.vn
3
4, 3
52: 6
VDC id:52, size 6
yes
0.00000
1.90475
0.00000 30476.00000
Memory 0.04007
35
Allocating ../../../instances/hadoop/hadoop_extra/hadoop_6.2.vn
3
4, 3
53: 6
VDC id:53, size 6
yes
0.00000
1.90325
0.00000 30452.00000
Memory 0.04084
34
Allocating ../../../instances/hadoop/hadoop_extra/hadoop_6.5.vn
3
4, 3
54: 6
VDC id:54, size 6
yes
0.00000
1.90150
0.00000 30424.00000
Memory 0.04161
33
Allocating ../../../instances/hadoop/hadoop_extra/hadoop_6.8.vn
3
4, 3
55: 6
VDC id:55, size 6
yes
0.00000
1.89925
0.00000 30388.00000
Memory 0.04238
34
Allocating ../../../instances/hadoop/hadoop_extra/hadoop_6.10.vn
3
4, 3
56: 6
VDC id:56, size 6
yes
0.00000
1.89725
0.00000 30356.00000
Memory 0.04315
32
Allocating ../../../instances/hadoop/hadoop_extra/hadoop_6.7.vn
3
4, 3
57: 6
VDC id:57, size 6
yes
0.00000
1.89575
0.00000 30332.00000
Memory 0.04392
33
Allocating ../../../instances/hadoop/hadoop_extra/hadoop_6.5.vn
3
4, 3
58: 6
VDC id:58, size 6
yes
0.00000
1.89400
0.00000 30304.00000
Memory 0.04469
35
Allocating ../../../instances/hadoop/hadoop_extra/hadoop_6.1.vn
3
4, 3
59: 6
VDC id:59, size 6
yes
0.00000
1.89250
0.00000 30280.00000
Memory 0.04546
37
Allocating ../../../instances/hadoop/hadoop_extra/hadoop_6.8.vn
3
4, 3
60: 6
VDC id:60, size 6
yes
0.00000
1.89025
0.00000 30244.00000
Memory 0.04623
32
Allocating ../../../instances/hadoop/hadoop_extra/hadoop_6.5.vn
3
4, 3
61: 6
VDC id:61, size 6
yes
0.00000
1.88850
0.00000 30216.00000
Memory 0.04700
34
Allocating ../../../instances/hadoop/hadoop_extra/hadoop_6.4.vn
3
4, 3
62: 6
VDC id:62, size 6
yes
0.00000
1.88650
0.00000 30184.00000
Memory 0.04778
33
Allocating ../../../instances/hadoop/hadoop_extra/hadoop_6.4.vn
3
4, 3
63: 6
VDC id:63, size 6
yes
0.00000
1.88450
0.00000 30152.00000
Memory 0.04855
34
Allocating ../../../instances/hadoop/hadoop_extra/hadoop_6.10.vn
3
4, 3
64: 6
VDC id:64, size 6
yes
0.00000
1.88250
0.00000 30120.00000
Memory 0.04932
35
Allocating ../../../instances/hadoop/hadoop_extra/hadoop_6.6.vn
3
4, 3
65: 6
VDC id:65, size 6
yes
0.00000
1.88025
0.00000 30084.00000
Memory 0.05009
33
Allocating ../../../instances/hadoop/hadoop_extra/hadoop_6.10.vn
3
4, 3
66: 6
VDC id:66, size 6
yes
0.00000
1.87825
0.00000 30052.00000
Memory 0.05086
34
Allocating ../../../instances/hadoop/hadoop_extra/hadoop_6.3.vn
3
4, 3
67: 6
VDC id:67, size 6
yes
0.00000
1.87625
0.00000 30020.00000
Memory 0.05163
35
Allocating ../../../instances/hadoop/hadoop_extra/hadoop_6.3.vn
3
4, 3
68: 6
VDC id:68, size 6
yes
0.00000
1.87425
0.00000 29988.00000
Memory 0.05240
34
Allocating ../../../instances/hadoop/hadoop_extra/hadoop_6.6.vn
3
4, 3
69: 6
VDC id:69, size 6
yes
0.00000
1.87200
0.00000 29952.00000
Memory 0.05317
34
Allocating ../../../instances/hadoop/hadoop_extra/hadoop_6.2.vn
3
4, 3
70: 6
VDC id:70, size 6
yes
0.00000
1.87050
0.00000 29928.00000
Memory 0.05394
34
Allocating ../../../instances/hadoop/hadoop_extra/hadoop_6.8.vn
3
4, 3
71: 6
VDC id:71, size 6
yes
0.00000
1.86825
0.00000 29892.00000
Memory 0.05471
35
Allocating ../../../instances/hadoop/hadoop_extra/hadoop_6.5.vn
3
4, 3
72: 6
VDC id:72, size 6
yes
0.00000
1.86650
0.00000 29864.00000
Memory 0.05548
34
Allocating ../../../instances/hadoop/hadoop_extra/hadoop_6.4.vn
3
4, 3
73: 6
VDC id:73, size 6
yes
0.00000
1.86450
0.00000 29832.00000
Memory 0.05625
35
Allocating ../../../instances/hadoop/hadoop_extra/hadoop_6.3.vn
3
4, 3
74: 6
VDC id:74, size 6
yes
0.00000
1.86250
0.00000 29800.00000
Memory 0.05702
35
Allocating ../../../instances/hadoop/hadoop_extra/hadoop_6.2.vn
3
4, 3
75: 6
VDC id:75, size 6
yes
0.00000
1.86100
0.00000 29776.00000
Memory 0.05779
35
Allocating ../../../instances/hadoop/hadoop_extra/hadoop_6.7.vn
3
4, 3
76: 6
VDC id:76, size 6
yes
0.00000
1.85950
0.00000 29752.00000
Memory 0.05856
35
Allocating ../../../instances/hadoop/hadoop_extra/hadoop_6.5.vn
3
4, 3
77: 6
VDC id:77, size 6
yes
0.00000
1.85775
0.00000 29724.00000
Memory 0.05933
34
Allocating ../../../instances/hadoop/hadoop_extra/hadoop_6.1.vn
3
4, 3
78: 6
VDC id:78, size 6
yes
0.00000
1.85625
0.00000 29700.00000
Memory 0.06010
39
Allocating ../../../instances/hadoop/hadoop_extra/hadoop_6.2.vn
3
4, 3
79: 6
VDC id:79, size 6
yes
0.00000
1.85475
0.00000 29676.00000
Memory 0.06087
34
Allocating ../../../instances/hadoop/hadoop_extra/hadoop_6.5.vn
3
4, 3
80: 6
VDC id:80, size 6
yes
0.00000
1.85300
0.00000 29648.00000
Memory 0.06165
42
Allocating ../../../instances/hadoop/hadoop_extra/hadoop_6.7.vn
3
4, 3
81: 6
VDC id:81, size 6
yes
0.00000
1.85150
0.00000 29624.00000
Memory 0.06242
33
Allocating ../../../instances/hadoop/hadoop_extra/hadoop_6.1.vn
3
4, 3
82: 6
VDC id:82, size 6
yes
0.00000
1.85000
0.00000 29600.00000
Memory 0.06319
35
Allocating ../../../instances/hadoop/hadoop_extra/hadoop_6.3.vn
3
4, 3
83: 6
VDC id:83, size 6
yes
0.00000
1.84800
0.00000 29568.00000
Memory 0.06396
34
Allocating ../../../instances/hadoop/hadoop_extra/hadoop_6.3.vn
3
4, 3
84: 6
VDC id:84, size 6
yes
0.00000
1.84600
0.00000 29536.00000
Memory 0.06473
34
Allocating ../../../instances/hadoop/hadoop_extra/hadoop_6.8.vn
3
4, 3
85: 6
VDC id:85, size 6
yes
0.00000
1.84375
0.00000 29500.00000
Memory 0.06550
38
Allocating ../../../instances/hadoop/hadoop_extra/hadoop_6.2.vn
3
4, 3
86: 6
VDC id:86, size 6
yes
0.00000
1.84225
0.00000 29476.00000
Memory 0.06627
34
Allocating ../../../instances/hadoop/hadoop_extra/hadoop_6.4.vn
3
4, 3
87: 6
VDC id:87, size 6
yes
0.00000
1.84025
0.00000 29444.00000
Memory 0.06704
33
Allocating ../../../instances/hadoop/hadoop_extra/hadoop_6.10.vn
3
4, 3
88: 6
VDC id:88, size 6
yes
0.00000
1.83825
0.00000 29412.00000
Memory 0.06781
38
Allocating ../../../instances/hadoop/hadoop_extra/hadoop_6.3.vn
3
4, 3
89: 6
VDC id:89, size 6
yes
0.00000
1.83625
0.00000 29380.00000
Memory 0.06858
35
Allocating ../../../instances/hadoop/hadoop_extra/hadoop_6.3.vn
3
4, 3
90: 6
VDC id:90, size 6
yes
0.00000
1.83425
0.00000 29348.00000
Memory 0.06935
38
Allocating ../../../instances/hadoop/hadoop_extra/hadoop_6.6.vn
3
4, 3
91: 6
VDC id:91, size 6
yes
0.00000
1.83200
0.00000 29312.00000
Memory 0.07012
37
Allocating ../../../instances/hadoop/hadoop_extra/hadoop_6.8.vn
3
4, 3
92: 6
VDC id:92, size 6
yes
0.00000
1.82975
0.00000 29276.00000
Memory 0.07089
33
Allocating ../../../instances/hadoop/hadoop_extra/hadoop_6.2.vn
3
4, 3
93: 6
VDC id:93, size 6
yes
0.00000
1.82825
0.00000 29252.00000
Memory 0.07166
34
Allocating ../../../instances/hadoop/hadoop_extra/hadoop_6.1.vn
3
4, 3
94: 6
VDC id:94, size 6
yes
0.00000
1.82675
0.00000 29228.00000
Memory 0.07243
38
Allocating ../../../instances/hadoop/hadoop_extra/hadoop_6.2.vn
3
4, 3
95: 6
VDC id:95, size 6
yes
0.00000
1.82525
0.00000 29204.00000
Memory 0.07320
34
Allocating ../../../instances/hadoop/hadoop_extra/hadoop_6.10.vn
3
4, 3
96: 6
VDC id:96, size 6
yes
0.00000
1.82325
0.00000 29172.00000
Memory 0.07397
37
Allocating ../../../instances/hadoop/hadoop_extra/hadoop_6.1.vn
3
4, 3
97: 6
VDC id:97, size 6
yes
0.00000
1.82175
0.00000 29148.00000
Memory 0.07475
34
Allocating ../../../instances/hadoop/hadoop_extra/hadoop_6.10.vn
3
4, 3
98: 6
VDC id:98, size 6
yes
0.00000
1.81975
0.00000 29116.00000
Memory 0.07552
33
Allocating ../../../instances/hadoop/hadoop_extra/hadoop_6.2.vn
3
4, 3
99: 6
VDC id:99, size 6
yes
0.00000
1.81825
0.00000 29092.00000
Memory 0.07629
36
Allocating ../../../instances/hadoop/hadoop_extra/hadoop_6.5.vn
3
4, 3
100: 6
VDC id:100, size 6
yes
0.00000
1.81650
0.00000 29064.00000
Memory 0.07706
38
Allocating ../../../instances/hadoop/hadoop_extra/hadoop_6.8.vn
3
4, 3
101: 6
VDC id:101, size 6
yes
0.00000
1.81425
0.00000 29028.00000
Memory 0.07783
34
Allocating ../../../instances/hadoop/hadoop_extra/hadoop_6.7.vn
3
4, 3
102: 6
VDC id:102, size 6
yes
0.00000
1.81275
0.00000 29004.00000
Memory 0.07860
33
Allocating ../../../instances/hadoop/hadoop_extra/hadoop_6.5.vn
3
4, 3
103: 6
VDC id:103, size 6
yes
0.00000
1.81100
0.00000 28976.00000
Memory 0.07937
36
Allocating ../../../instances/hadoop/hadoop_extra/hadoop_6.2.vn
3
4, 3
104: 6
VDC id:104, size 6
yes
0.00000
1.80950
0.00000 28952.00000
Memory 0.08014
33
Allocating ../../../instances/hadoop/hadoop_extra/hadoop_6.3.vn
3
4, 3
105: 6
VDC id:105, size 6
yes
0.00000
1.80750
0.00000 28920.00000
Memory 0.08091
37
Allocating ../../../instances/hadoop/hadoop_extra/hadoop_6.1.vn
3
4, 3
106: 6
VDC id:106, size 6
yes
0.00000
1.80600
0.00000 28896.00000
Memory 0.08168
35
Allocating ../../../instances/hadoop/hadoop_extra/hadoop_6.8.vn
3
4, 3
107: 6
VDC id:107, size 6
yes
0.00000
1.80375
0.00000 28860.00000
Memory 0.08245
37
Allocating ../../../instances/hadoop/hadoop_extra/hadoop_6.1.vn
3
4, 3
108: 6
VDC id:108, size 6
yes
0.00000
1.80225
0.00000 28836.00000
Memory 0.08322
32
Allocating ../../../instances/hadoop/hadoop_extra/hadoop_6.1.vn
3
4, 3
109: 6
VDC id:109, size 6
yes
0.00000
1.80075
0.00000 28812.00000
Memory 0.08399
38
Allocating ../../../instances/hadoop/hadoop_extra/hadoop_6.5.vn
3
4, 3
110: 6
VDC id:110, size 6
yes
0.00000
1.79900
0.00000 28784.00000
Memory 0.08476
33
Allocating ../../../instances/hadoop/hadoop_extra/hadoop_6.6.vn
3
4, 3
111: 6
VDC id:111, size 6
yes
0.00000
1.79675
0.00000 28748.00000
Memory 0.08553
33
Allocating ../../../instances/hadoop/hadoop_extra/hadoop_6.4.vn
3
4, 3
112: 6
VDC id:112, size 6
yes
0.00000
1.79475
0.00000 28716.00000
Memory 0.08630
48
Allocating ../../../instances/hadoop/hadoop_extra/hadoop_6.6.vn
3
4, 3
113: 6
VDC id:113, size 6
yes
0.00000
1.79250
0.00000 28680.00000
Memory 0.08707
33
Allocating ../../../instances/hadoop/hadoop_extra/hadoop_6.2.vn
3
4, 3
114: 6
VDC id:114, size 6
yes
0.00000
1.79100
0.00000 28656.00000
Memory 0.08784
37
Allocating ../../../instances/hadoop/hadoop_extra/hadoop_6.3.vn
3
4, 3
115: 6
VDC id:115, size 6
yes
0.00000
1.78900
0.00000 28624.00000
Memory 0.08862
38
Allocating ../../../instances/hadoop/hadoop_extra/hadoop_6.4.vn
3
4, 3
116: 6
VDC id:116, size 6
yes
0.00000
1.78700
0.00000 28592.00000
Memory 0.08939
33
Allocating ../../../instances/hadoop/hadoop_extra/hadoop_6.10.vn
3
4, 3
117: 6
VDC id:117, size 6
yes
0.00000
1.78500
0.00000 28560.00000
Memory 0.09016
33
Allocating ../../../instances/hadoop/hadoop_extra/hadoop_6.4.vn
3
4, 3
118: 6
VDC id:118, size 6
yes
0.00000
1.78300
0.00000 28528.00000
Memory 0.09093
34
Allocating ../../../instances/hadoop/hadoop_extra/hadoop_6.2.vn
3
4, 3
119: 6
VDC id:119, size 6
yes
0.00000
1.78150
0.00000 28504.00000
Memory 0.09170
33
Allocating ../../../instances/hadoop/hadoop_extra/hadoop_6.7.vn
3
4, 3
120: 6
VDC id:120, size 6
yes
0.00000
1.78000
0.00000 28480.00000
Memory 0.09247
35
Allocating ../../../instances/hadoop/hadoop_extra/hadoop_6.9.vn
3
4, 3
121: 6
VDC id:121, size 6
yes
0.00000
1.77850
0.00000 28456.00000
Memory 0.09324
37
Allocating ../../../instances/hadoop/hadoop_extra/hadoop_6.1.vn
3
4, 3
122: 6
VDC id:122, size 6
yes
0.00000
1.77700
0.00000 28432.00000
Memory 0.09401
36
Allocating ../../../instances/hadoop/hadoop_extra/hadoop_6.1.vn
3
4, 3
123: 6
VDC id:123, size 6
yes
0.00000
1.77550
0.00000 28408.00000
Memory 0.09478
36
Allocating ../../../instances/hadoop/hadoop_extra/hadoop_6.10.vn
3
4, 3
124: 6
VDC id:124, size 6
yes
0.00000
1.77350
0.00000 28376.00000
Memory 0.09555
36
Allocating ../../../instances/hadoop/hadoop_extra/hadoop_6.7.vn
3
4, 3
125: 6
VDC id:125, size 6
yes
0.00000
1.77200
0.00000 28352.00000
Memory 0.09632
36
Allocating ../../../instances/hadoop/hadoop_extra/hadoop_6.3.vn
3
4, 3
126: 6
VDC id:126, size 6
yes
0.00000
1.77000
0.00000 28320.00000
Memory 0.09709
36
Allocating ../../../instances/hadoop/hadoop_extra/hadoop_6.4.vn
3
4, 3
127: 6
VDC id:127, size 6
yes
0.00000
1.76800
0.00000 28288.00000
Memory 0.09798
453
Allocating ../../../instances/hadoop/hadoop_extra/hadoop_6.1.vn
3
4, 3
128: 6
VDC id:128, size 6
yes
0.00000
1.76650
0.00000 28264.00000
Memory 0.09875
36
Allocating ../../../instances/hadoop/hadoop_extra/hadoop_6.1.vn
3
4, 3
129: 6
VDC id:129, size 6
yes
0.00000
1.76500
0.00000 28240.00000
Memory 0.09953
35
Allocating ../../../instances/hadoop/hadoop_extra/hadoop_6.1.vn
3
4, 3
130: 6
VDC id:130, size 6
yes
0.00000
1.76350
0.00000 28216.00000
Memory 0.10030
35
Allocating ../../../instances/hadoop/hadoop_extra/hadoop_6.5.vn
3
4, 3
131: 6
VDC id:131, size 6
yes
0.00000
1.76175
0.00000 28188.00000
Memory 0.10119
419
Allocating ../../../instances/hadoop/hadoop_extra/hadoop_6.9.vn
3
4, 3
132: 6
VDC id:132, size 6
yes
0.00000
1.76025
0.00000 28164.00000
Memory 0.10196
38
Allocating ../../../instances/hadoop/hadoop_extra/hadoop_6.8.vn
3
4, 3
133: 6
VDC id:133, size 6
yes
0.00000
1.75800
0.00000 28128.00000
Memory 0.10285
414
Allocating ../../../instances/hadoop/hadoop_extra/hadoop_6.7.vn
3
4, 3
134: 6
VDC id:134, size 6
yes
0.00000
1.75650
0.00000 28104.00000
Memory 0.10362
38
Allocating ../../../instances/hadoop/hadoop_extra/hadoop_6.7.vn
3
4, 3
135: 6
VDC id:135, size 6
yes
0.00000
1.75500
0.00000 28080.00000
Memory 0.10439
36
Allocating ../../../instances/hadoop/hadoop_extra/hadoop_6.10.vn
3
4, 3
136: 6
VDC id:136, size 6
yes
0.00000
1.75300
0.00000 28048.00000
Memory 0.10516
36
Allocating ../../../instances/hadoop/hadoop_extra/hadoop_6.3.vn
3
4, 3
137: 6
VDC id:137, size 6
yes
0.00000
1.75100
0.00000 28016.00000
Memory 0.10593
36
Allocating ../../../instances/hadoop/hadoop_extra/hadoop_6.4.vn
3
4, 3
138: 6
VDC id:138, size 6
yes
0.00000
1.74900
0.00000 27984.00000
Memory 0.10683
415
Allocating ../../../instances/hadoop/hadoop_extra/hadoop_6.4.vn
3
4, 3
139: 6
VDC id:139, size 6
yes
0.00000
1.74700
0.00000 27952.00000
Memory 0.10772
410
Allocating ../../../instances/hadoop/hadoop_extra/hadoop_6.6.vn
3
4, 3
140: 6
VDC id:140, size 6
yes
0.00000
1.74475
0.00000 27916.00000
Memory 0.10849
41
Allocating ../../../instances/hadoop/hadoop_extra/hadoop_6.4.vn
3
4, 3
141: 6
VDC id:141, size 6
yes
0.00000
1.74275
0.00000 27884.00000
Memory 0.10938
416
Allocating ../../../instances/hadoop/hadoop_extra/hadoop_6.1.vn
3
4, 3
142: 6
VDC id:142, size 6
yes
0.00000
1.74125
0.00000 27860.00000
Memory 0.11015
39
Allocating ../../../instances/hadoop/hadoop_extra/hadoop_6.1.vn
3
4, 3
143: 6
VDC id:143, size 6
yes
0.00000
1.73975
0.00000 27836.00000
Memory 0.11092
36
Allocating ../../../instances/hadoop/hadoop_extra/hadoop_6.6.vn
3
4, 3
144: 6
VDC id:144, size 6
yes
0.00000
1.73750
0.00000 27800.00000
Memory 0.11169
36
Allocating ../../../instances/hadoop/hadoop_extra/hadoop_6.4.vn
3
4, 3
145: 6
VDC id:145, size 6
yes
0.00000
1.73550
0.00000 27768.00000
Memory 0.11259
418
Allocating ../../../instances/hadoop/hadoop_extra/hadoop_6.4.vn
3
4, 3
146: 6
VDC id:146, size 6
yes
0.00000
1.73350
0.00000 27736.00000
Memory 0.11348
413
Allocating ../../../instances/hadoop/hadoop_extra/hadoop_6.5.vn
3
4, 3
147: 6
VDC id:147, size 6
cannot do bipartite matching!
no
0.00000
1.73350
0.00000 27736.00000
Memory 0.11363
831
Allocated 146 VDCs
[runlim] end:			Mon Sep 30 03:33:41 2019
[runlim] status:		ok
[runlim] result:		0
[runlim] children:		0
[runlim] real:			0.77 seconds
[runlim] time:			0.00 seconds
[runlim] space:			0.0 MB
[runlim] samples:		0
