#secondnet
init 0 0
1 0.000092 0.000092
2 0.000083 0.000175
3 0.000055 0.000230
4 0.000052 0.000282
5 0.000051 0.000333
6 0.000053 0.000386
7 0.000051 0.000437
8 0.000051 0.000488
9 0.000050 0.000538
10 0.000049 0.000587
11 0.000050 0.000637
12 0.000051 0.000688
13 0.000050 0.000738
14 0.000049 0.000787
15 0.000049 0.000836
16 0.000050 0.000886
17 0.000049 0.000935
18 0.000050 0.000985
19 0.000049 0.001034
20 0.000049 0.001083
21 0.000049 0.001132
22 0.000050 0.001182
23 0.000049 0.001231
24 0.000050 0.001281
25 0.000049 0.001330
26 0.000049 0.001379
27 0.000050 0.001429
28 0.000049 0.001478
29 0.000050 0.001528
30 0.000049 0.001577
31 0.000049 0.001626
32 0.000050 0.001676
33 0.000053 0.001729
34 0.000051 0.001780
35 0.000050 0.001830
36 0.000049 0.001879
37 0.000050 0.001929
38 0.000051 0.001980
39 0.000051 0.002031
40 0.000059 0.002090
41 0.000053 0.002143
42 0.000051 0.002194
43 0.000053 0.002247
44 0.000056 0.002303
45 0.000054 0.002357
46 0.000052 0.002409
47 0.000057 0.002466
48 0.000055 0.002521
49 0.000055 0.002576
50 0.000054 0.002630
51 0.000060 0.002690
52 0.000055 0.002745
53 0.000053 0.002798
54 0.000053 0.002851
55 0.000053 0.002904
56 0.000052 0.002956
57 0.000053 0.003009
58 0.000055 0.003064
59 0.000053 0.003117
60 0.000056 0.003173
61 0.000054 0.003227
62 0.000052 0.003279
63 0.000053 0.003332
64 0.000055 0.003387
65 0.000052 0.003439
66 0.000053 0.003492
67 0.000054 0.003546
68 0.000053 0.003599
69 0.000054 0.003653
70 0.000054 0.003707
71 0.000054 0.003761
72 0.000053 0.003814
73 0.000054 0.003868
74 0.000054 0.003922
75 0.000055 0.003977
76 0.000055 0.004032
77 0.000053 0.004085
78 0.000058 0.004143
79 0.000054 0.004197
80 0.000060 0.004257
81 0.000053 0.004310
82 0.000055 0.004365
83 0.000053 0.004418
84 0.000054 0.004472
85 0.000058 0.004530
86 0.000058 0.004588
87 0.000054 0.004642
88 0.000060 0.004702
89 0.000054 0.004756
90 0.000058 0.004814
91 0.000061 0.004875
92 0.000053 0.004928
93 0.000062 0.004990
94 0.000061 0.005051
95 0.000054 0.005105
96 0.000056 0.005161
97 0.000057 0.005218
98 0.000052 0.005270
99 0.000054 0.005324
100 0.000060 0.005384
101 0.000052 0.005436
102 0.000056 0.005492
103 0.000058 0.005550
104 0.000051 0.005601
105 0.000055 0.005656
106 0.000074 0.005730
107 0.000058 0.005788
108 0.000051 0.005839
109 0.000060 0.005899
110 0.000052 0.005951
111 0.000055 0.006006
112 0.000068 0.006074
113 0.000065 0.006139
114 0.000055 0.006194
115 0.000060 0.006254
116 0.000053 0.006307
117 0.000052 0.006359
118 0.000056 0.006415
119 0.000052 0.006467
120 0.000056 0.006523
121 0.000061 0.006584
122 0.000056 0.006640
123 0.000055 0.006695
124 0.000058 0.006753
125 0.000056 0.006809
126 0.000055 0.006864
127 0.000473 0.007337
128 0.000062 0.007399
129 0.000061 0.007460
130 0.000059 0.007519
131 0.000436 0.007955
132 0.000064 0.008019
133 0.000435 0.008454
134 0.000063 0.008517
135 0.000057 0.008574
136 0.000059 0.008633
137 0.000057 0.008690
138 0.000433 0.009123
139 0.000446 0.009569
140 0.000066 0.009635
141 0.000452 0.010087
142 0.000066 0.010153
143 0.000057 0.010210
144 0.000056 0.010266
145 0.000435 0.010701
146 0.000436 0.011137
done 146 0.000866 0.012003
