#secondnet
init 0 0
1 0.000105 0.000105
2 0.000101 0.000206
3 0.000073 0.000279
4 0.000071 0.000350
5 0.000067 0.000417
6 0.000060 0.000477
7 0.000067 0.000544
8 0.000068 0.000612
9 0.000059 0.000671
10 0.000072 0.000743
11 0.000068 0.000811
12 0.000063 0.000874
13 0.000068 0.000942
14 0.000067 0.001009
15 0.000068 0.001077
16 0.000066 0.001143
17 0.000072 0.001215
18 0.000066 0.001281
19 0.000067 0.001348
20 0.000068 0.001416
21 0.000077 0.001493
22 0.000068 0.001561
23 0.000067 0.001628
24 0.000077 0.001705
25 0.000068 0.001773
26 0.000076 0.001849
27 0.000068 0.001917
28 0.000069 0.001986
29 0.000064 0.002050
30 0.000065 0.002115
31 0.000069 0.002184
32 0.000063 0.002247
33 0.000069 0.002316
34 0.000073 0.002389
35 0.000077 0.002466
36 0.000071 0.002537
37 0.000064 0.002601
38 0.000066 0.002667
39 0.000064 0.002731
40 0.000066 0.002797
41 0.000065 0.002862
42 0.000067 0.002929
43 0.000066 0.002995
44 0.000081 0.003076
45 0.000072 0.003148
46 0.000066 0.003214
47 0.000067 0.003281
48 0.000073 0.003354
49 0.000067 0.003421
50 0.000232 0.003653
51 0.000078 0.003731
52 0.000285 0.004016
53 0.000577 0.004593
done 53 0.000505 0.005098
