[runlim] version:		1.7
[runlim] time limit:		3600 seconds
[runlim] real time limit:	311040000 seconds
[runlim] space limit:		80000 MB
[runlim] argv[0]:		./vdcalloc_print_final_pn
[runlim] argv[1]:		../../../instances/hadoop/instance_list_hadoop_6vm_rnd.txt
[runlim] argv[2]:		5
[runlim] argv[3]:		0
[runlim] argv[4]:		0
[runlim] argv[5]:		0
[runlim] argv[6]:		0
[runlim] argv[7]:		timelogs/results.us_mid1.pn.instance_list_hadoop_6vm_rnd.txt.log
[runlim] start:			Mon Sep 30 03:33:41 2019
[runlim] main pid:		14260
Running Secondnet on ../../../instances/hadoop/instance_list_hadoop_6vm_rnd.txt
Read 3840 instances
Running Secondnet on US-Mid1 instance /home/sam/workspacePython/monosat_py2_datacenter/instances/hadoop_small/us-mid1.pn
server id 0: 384
server id 1: 384
server id 2: 384
server id 3: 384
server id 4: 384
server id 5: 384
server id 6: 384
server id 7: 384
server id 8: 384
server id 9: 384
server id 10: 384
server id 11: 384
server id 12: 384
server id 13: 384
server id 14: 384
server id 15: 384
server id 16: 385
server id 17: 385
server id 18: 385
server id 19: 385
server id 20: 385
server id 21: 385
server id 22: 385
server id 23: 385
server id 24: 385
server id 25: 385
server id 26: 385
server id 27: 385
server id 28: 385
server id 29: 385
server id 30: 385
server id 31: 385
server id 32: 386
server id 33: 386
server id 34: 386
server id 35: 386
server id 36: 386
server id 37: 386
server id 38: 386
server id 39: 386
server id 40: 386
server id 41: 386
server id 42: 386
server id 43: 386
server id 44: 386
server id 45: 386
server id 46: 386
server id 47: 386
server id 48: 387
server id 49: 387
server id 50: 387
server id 51: 387
server id 52: 387
server id 53: 387
server id 54: 387
server id 55: 387
server id 56: 387
server id 57: 387
server id 58: 387
server id 59: 387
server id 60: 387
server id 61: 387
server id 62: 387
server id 63: 387
server id 64: 388
server id 65: 388
server id 66: 388
server id 67: 388
server id 68: 388
server id 69: 388
server id 70: 388
server id 71: 388
server id 72: 388
server id 73: 388
server id 74: 388
server id 75: 388
server id 76: 388
server id 77: 388
server id 78: 388
server id 79: 388
server id 80: 389
server id 81: 389
server id 82: 389
server id 83: 389
server id 84: 389
server id 85: 389
server id 86: 389
server id 87: 389
server id 88: 389
server id 89: 389
server id 90: 389
server id 91: 389
server id 92: 389
server id 93: 389
server id 94: 389
server id 95: 389
server id 96: 390
server id 97: 390
server id 98: 390
server id 99: 390
server id 100: 390
server id 101: 390
server id 102: 390
server id 103: 390
server id 104: 390
server id 105: 390
server id 106: 390
server id 107: 390
server id 108: 390
server id 109: 390
server id 110: 390
server id 111: 390
server id 112: 391
server id 113: 391
server id 114: 391
server id 115: 391
server id 116: 391
server id 117: 391
server id 118: 391
server id 119: 391
server id 120: 391
server id 121: 391
server id 122: 391
server id 123: 391
server id 124: 391
server id 125: 391
server id 126: 391
server id 127: 391
server id 128: 392
server id 129: 392
server id 130: 392
server id 131: 392
server id 132: 392
server id 133: 392
server id 134: 392
server id 135: 392
server id 136: 392
server id 137: 392
server id 138: 392
server id 139: 392
server id 140: 392
server id 141: 392
server id 142: 392
server id 143: 392
server id 144: 393
server id 145: 393
server id 146: 393
server id 147: 393
server id 148: 393
server id 149: 393
server id 150: 393
server id 151: 393
server id 152: 393
server id 153: 393
server id 154: 393
server id 155: 393
server id 156: 393
server id 157: 393
server id 158: 393
server id 159: 393
server id 160: 394
server id 161: 394
server id 162: 394
server id 163: 394
server id 164: 394
server id 165: 394
server id 166: 394
server id 167: 394
server id 168: 394
server id 169: 394
server id 170: 394
server id 171: 394
server id 172: 394
server id 173: 394
server id 174: 394
server id 175: 394
server id 176: 395
server id 177: 395
server id 178: 395
server id 179: 395
server id 180: 395
server id 181: 395
server id 182: 395
server id 183: 395
server id 184: 395
server id 185: 395
server id 186: 395
server id 187: 395
server id 188: 395
server id 189: 395
server id 190: 395
server id 191: 395
server id 192: 396
server id 193: 396
server id 194: 396
server id 195: 396
server id 196: 396
server id 197: 396
server id 198: 396
server id 199: 396
server id 200: 396
server id 201: 396
server id 202: 396
server id 203: 396
server id 204: 396
server id 205: 396
server id 206: 396
server id 207: 396
server id 208: 397
server id 209: 397
server id 210: 397
server id 211: 397
server id 212: 397
server id 213: 397
server id 214: 397
server id 215: 397
server id 216: 397
server id 217: 397
server id 218: 397
server id 219: 397
server id 220: 397
server id 221: 397
server id 222: 397
server id 223: 397
server id 224: 398
server id 225: 398
server id 226: 398
server id 227: 398
server id 228: 398
server id 229: 398
server id 230: 398
server id 231: 398
server id 232: 398
server id 233: 398
server id 234: 398
server id 235: 398
server id 236: 398
server id 237: 398
server id 238: 398
server id 239: 398
server id 240: 399
server id 241: 399
server id 242: 399
server id 243: 399
server id 244: 399
server id 245: 399
server id 246: 399
server id 247: 399
server id 248: 399
server id 249: 399
server id 250: 399
server id 251: 399
server id 252: 399
server id 253: 399
server id 254: 399
server id 255: 399
server id 256: 400
server id 257: 400
server id 258: 400
server id 259: 400
server id 260: 400
server id 261: 400
server id 262: 400
server id 263: 400
server id 264: 400
server id 265: 400
server id 266: 400
server id 267: 400
server id 268: 400
server id 269: 400
server id 270: 400
server id 271: 400
server id 272: 401
server id 273: 401
server id 274: 401
server id 275: 401
server id 276: 401
server id 277: 401
server id 278: 401
server id 279: 401
server id 280: 401
server id 281: 401
server id 282: 401
server id 283: 401
server id 284: 401
server id 285: 401
server id 286: 401
server id 287: 401
server id 288: 402
server id 289: 402
server id 290: 402
server id 291: 402
server id 292: 402
server id 293: 402
server id 294: 402
server id 295: 402
server id 296: 402
server id 297: 402
server id 298: 402
server id 299: 402
server id 300: 402
server id 301: 402
server id 302: 402
server id 303: 402
server id 304: 403
server id 305: 403
server id 306: 403
server id 307: 403
server id 308: 403
server id 309: 403
server id 310: 403
server id 311: 403
server id 312: 403
server id 313: 403
server id 314: 403
server id 315: 403
server id 316: 403
server id 317: 403
server id 318: 403
server id 319: 403
server id 320: 404
server id 321: 404
server id 322: 404
server id 323: 404
server id 324: 404
server id 325: 404
server id 326: 404
server id 327: 404
server id 328: 404
server id 329: 404
server id 330: 404
server id 331: 404
server id 332: 404
server id 333: 404
server id 334: 404
server id 335: 404
server id 336: 405
server id 337: 405
server id 338: 405
server id 339: 405
server id 340: 405
server id 341: 405
server id 342: 405
server id 343: 405
server id 344: 405
server id 345: 405
server id 346: 405
server id 347: 405
server id 348: 405
server id 349: 405
server id 350: 405
server id 351: 405
server id 352: 405
server id 353: 406
server id 354: 406
server id 355: 406
server id 356: 406
server id 357: 406
server id 358: 406
server id 359: 406
server id 360: 406
server id 361: 406
server id 362: 406
server id 363: 406
server id 364: 406
server id 365: 406
server id 366: 406
server id 367: 406
server id 368: 407
server id 369: 407
server id 370: 407
server id 371: 407
server id 372: 407
server id 373: 407
server id 374: 407
server id 375: 407
server id 376: 407
server id 377: 407
server id 378: 407
server id 379: 407
server id 380: 407
server id 381: 407
server id 382: 407
server id 383: 407
switch id 384: 0 1 2 3 4 5 6 7 8 9 10 11 12 13 14 15 408 409
switch id 385: 16 17 18 19 20 21 22 23 24 25 26 27 28 29 30 31 408 409
switch id 386: 32 33 34 35 36 37 38 39 40 41 42 43 44 45 46 47 408 409
switch id 387: 48 49 50 51 52 53 54 55 56 57 58 59 60 61 62 63 408 409
switch id 388: 64 65 66 67 68 69 70 71 72 73 74 75 76 77 78 79 408 409
switch id 389: 80 81 82 83 84 85 86 87 88 89 90 91 92 93 94 95 408 409
switch id 390: 96 97 98 99 100 101 102 103 104 105 106 107 108 109 110 111 410 411
switch id 391: 112 113 114 115 116 117 118 119 120 121 122 123 124 125 126 127 410 411
switch id 392: 128 129 130 131 132 133 134 135 136 137 138 139 140 141 142 143 410 411
switch id 393: 144 145 146 147 148 149 150 151 152 153 154 155 156 157 158 159 410 411
switch id 394: 160 161 162 163 164 165 166 167 168 169 170 171 172 173 174 175 410 411
switch id 395: 176 177 178 179 180 181 182 183 184 185 186 187 188 189 190 191 410 411
switch id 396: 192 193 194 195 196 197 198 199 200 201 202 203 204 205 206 207 412 413
switch id 397: 208 209 210 211 212 213 214 215 216 217 218 219 220 221 222 223 412 413
switch id 398: 224 225 226 227 228 229 230 231 232 233 234 235 236 237 238 239 412 413
switch id 399: 240 241 242 243 244 245 246 247 248 249 250 251 252 253 254 255 412 413
switch id 400: 256 257 258 259 260 261 262 263 264 265 266 267 268 269 270 271 412 413
switch id 401: 272 273 274 275 276 277 278 279 280 281 282 283 284 285 286 287 412 413
switch id 402: 288 289 290 291 292 293 294 295 296 297 298 299 300 301 302 303 414 415
switch id 403: 304 305 306 307 308 309 310 311 312 313 314 315 316 317 318 319 414 415
switch id 404: 320 321 322 323 324 325 326 327 328 329 330 331 332 333 334 335 414 415
switch id 405: 336 337 338 339 340 341 342 343 344 345 346 347 348 349 350 351 352 414 415
switch id 406: 353 354 355 356 357 358 359 360 361 362 363 364 365 366 367 414 415
switch id 407: 368 369 370 371 372 373 374 375 376 377 378 379 380 381 382 383 414 415
switch id 408: 384 385 386 387 388 389 409 416
switch id 409: 384 385 386 387 388 389 408 416
switch id 410: 390 391 392 393 394 395 411 416
switch id 411: 390 391 392 393 394 395 410 416
switch id 412: 396 397 398 399 400 401 413 416
switch id 413: 396 397 398 399 400 401 412 416
switch id 414: 402 403 404 405 406 407 415 416
switch id 415: 402 403 404 405 406 407 414 416
switch id 416: 408 409 410 411 412 413 414 415
Allocating ../../../instances/hadoop/hadoop_extra/hadoop_6.7.vn
3
4, 3
1: 6
VDC id:1, size 6
yes
0.00000
1.99687
0.00000 15336.00000
Memory 0.00077
74
Allocating ../../../instances/hadoop/hadoop_extra/hadoop_6.1.vn
3
4, 3
2: 6
VDC id:2, size 6
yes
0.00000
1.99375
0.00000 15312.00000
Memory 0.00154
34
Allocating ../../../instances/hadoop/hadoop_extra/hadoop_6.8.vn
3
4, 3
3: 6
VDC id:3, size 6
yes
0.00000
1.98906
0.00000 15276.00000
Memory 0.00231
35
Allocating ../../../instances/hadoop/hadoop_extra/hadoop_6.6.vn
3
4, 3
4: 6
VDC id:4, size 6
yes
0.00000
1.98438
0.00000 15240.00000
Memory 0.00308
40
Allocating ../../../instances/hadoop/hadoop_extra/hadoop_6.10.vn
3
4, 3
5: 6
VDC id:5, size 6
yes
0.00000
1.98021
0.00000 15208.00000
Memory 0.00385
32
Allocating ../../../instances/hadoop/hadoop_extra/hadoop_6.6.vn
3
4, 3
6: 6
VDC id:6, size 6
yes
0.00000
1.97552
0.00000 15172.00000
Memory 0.00462
40
Allocating ../../../instances/hadoop/hadoop_extra/hadoop_6.5.vn
3
4, 3
7: 6
VDC id:7, size 6
yes
0.00000
1.97188
0.00000 15144.00000
Memory 0.00539
37
Allocating ../../../instances/hadoop/hadoop_extra/hadoop_6.4.vn
3
4, 3
8: 6
VDC id:8, size 6
yes
0.00000
1.96771
0.00000 15112.00000
Memory 0.00616
35
Allocating ../../../instances/hadoop/hadoop_extra/hadoop_6.2.vn
3
4, 3
9: 6
VDC id:9, size 6
yes
0.00000
1.96458
0.00000 15088.00000
Memory 0.00694
34
Allocating ../../../instances/hadoop/hadoop_extra/hadoop_6.10.vn
3
4, 3
10: 6
VDC id:10, size 6
yes
0.00000
1.96042
0.00000 15056.00000
Memory 0.00771
33
Allocating ../../../instances/hadoop/hadoop_extra/hadoop_6.9.vn
3
4, 3
11: 6
VDC id:11, size 6
yes
0.00000
1.95729
0.00000 15032.00000
Memory 0.00848
39
Allocating ../../../instances/hadoop/hadoop_extra/hadoop_6.8.vn
3
4, 3
12: 6
VDC id:12, size 6
yes
0.00000
1.95260
0.00000 14996.00000
Memory 0.00925
38
Allocating ../../../instances/hadoop/hadoop_extra/hadoop_6.9.vn
3
4, 3
13: 6
VDC id:13, size 6
yes
0.00000
1.94948
0.00000 14972.00000
Memory 0.01002
38
Allocating ../../../instances/hadoop/hadoop_extra/hadoop_6.10.vn
3
4, 3
14: 6
VDC id:14, size 6
yes
0.00000
1.94531
0.00000 14940.00000
Memory 0.01079
38
Allocating ../../../instances/hadoop/hadoop_extra/hadoop_6.1.vn
3
4, 3
15: 6
VDC id:15, size 6
yes
0.00000
1.94219
0.00000 14916.00000
Memory 0.01156
32
Allocating ../../../instances/hadoop/hadoop_extra/hadoop_6.3.vn
3
4, 3
16: 6
VDC id:16, size 6
yes
0.00000
1.93802
0.00000 14884.00000
Memory 0.01233
37
Allocating ../../../instances/hadoop/hadoop_extra/hadoop_6.8.vn
3
4, 3
17: 6
VDC id:17, size 6
yes
0.00000
1.93333
0.00000 14848.00000
Memory 0.01310
38
Allocating ../../../instances/hadoop/hadoop_extra/hadoop_6.8.vn
3
4, 3
18: 6
VDC id:18, size 6
yes
0.00000
1.92865
0.00000 14812.00000
Memory 0.01387
37
Allocating ../../../instances/hadoop/hadoop_extra/hadoop_6.6.vn
3
4, 3
19: 6
VDC id:19, size 6
yes
0.00000
1.92396
0.00000 14776.00000
Memory 0.01464
36
Allocating ../../../instances/hadoop/hadoop_extra/hadoop_6.7.vn
3
4, 3
20: 6
VDC id:20, size 6
yes
0.00000
1.92083
0.00000 14752.00000
Memory 0.01541
38
Allocating ../../../instances/hadoop/hadoop_extra/hadoop_6.4.vn
3
4, 3
21: 6
VDC id:21, size 6
yes
0.00000
1.91667
0.00000 14720.00000
Memory 0.01618
35
Allocating ../../../instances/hadoop/hadoop_extra/hadoop_6.4.vn
3
4, 3
22: 6
VDC id:22, size 6
yes
0.00000
1.91250
0.00000 14688.00000
Memory 0.01695
34
Allocating ../../../instances/hadoop/hadoop_extra/hadoop_6.9.vn
3
4, 3
23: 6
VDC id:23, size 6
yes
0.00000
1.90938
0.00000 14664.00000
Memory 0.01772
38
Allocating ../../../instances/hadoop/hadoop_extra/hadoop_6.5.vn
3
4, 3
24: 6
VDC id:24, size 6
yes
0.00000
1.90573
0.00000 14636.00000
Memory 0.01849
36
Allocating ../../../instances/hadoop/hadoop_extra/hadoop_6.5.vn
3
4, 3
25: 6
VDC id:25, size 6
yes
0.00000
1.90208
0.00000 14608.00000
Memory 0.01926
35
Allocating ../../../instances/hadoop/hadoop_extra/hadoop_6.4.vn
3
4, 3
26: 6
VDC id:26, size 6
yes
0.00000
1.89792
0.00000 14576.00000
Memory 0.02003
36
Allocating ../../../instances/hadoop/hadoop_extra/hadoop_6.5.vn
3
4, 3
27: 6
VDC id:27, size 6
yes
0.00000
1.89427
0.00000 14548.00000
Memory 0.02081
34
Allocating ../../../instances/hadoop/hadoop_extra/hadoop_6.7.vn
3
4, 3
28: 6
VDC id:28, size 6
yes
0.00000
1.89115
0.00000 14524.00000
Memory 0.02158
38
Allocating ../../../instances/hadoop/hadoop_extra/hadoop_6.2.vn
3
4, 3
29: 6
VDC id:29, size 6
yes
0.00000
1.88802
0.00000 14500.00000
Memory 0.02235
37
Allocating ../../../instances/hadoop/hadoop_extra/hadoop_6.3.vn
3
4, 3
30: 6
VDC id:30, size 6
yes
0.00000
1.88385
0.00000 14468.00000
Memory 0.02312
35
Allocating ../../../instances/hadoop/hadoop_extra/hadoop_6.4.vn
3
4, 3
31: 6
VDC id:31, size 6
yes
0.00000
1.87969
0.00000 14436.00000
Memory 0.02389
36
Allocating ../../../instances/hadoop/hadoop_extra/hadoop_6.2.vn
3
4, 3
32: 6
VDC id:32, size 6
yes
0.00000
1.87656
0.00000 14412.00000
Memory 0.02466
36
Allocating ../../../instances/hadoop/hadoop_extra/hadoop_6.2.vn
3
4, 3
33: 6
VDC id:33, size 6
yes
0.00000
1.87344
0.00000 14388.00000
Memory 0.02543
35
Allocating ../../../instances/hadoop/hadoop_extra/hadoop_6.4.vn
3
4, 3
34: 6
VDC id:34, size 6
yes
0.00000
1.86927
0.00000 14356.00000
Memory 0.02620
35
Allocating ../../../instances/hadoop/hadoop_extra/hadoop_6.3.vn
3
4, 3
35: 6
VDC id:35, size 6
yes
0.00000
1.86510
0.00000 14324.00000
Memory 0.02697
34
Allocating ../../../instances/hadoop/hadoop_extra/hadoop_6.9.vn
3
4, 3
36: 6
VDC id:36, size 6
yes
0.00000
1.86198
0.00000 14300.00000
Memory 0.02774
36
Allocating ../../../instances/hadoop/hadoop_extra/hadoop_6.5.vn
3
4, 3
37: 6
VDC id:37, size 6
yes
0.00000
1.85833
0.00000 14272.00000
Memory 0.02851
34
Allocating ../../../instances/hadoop/hadoop_extra/hadoop_6.7.vn
3
4, 3
38: 6
VDC id:38, size 6
yes
0.00000
1.85521
0.00000 14248.00000
Memory 0.02928
41
Allocating ../../../instances/hadoop/hadoop_extra/hadoop_6.4.vn
3
4, 3
39: 6
VDC id:39, size 6
yes
0.00000
1.85104
0.00000 14216.00000
Memory 0.03005
34
Allocating ../../../instances/hadoop/hadoop_extra/hadoop_6.6.vn
3
4, 3
40: 6
VDC id:40, size 6
yes
0.00000
1.84635
0.00000 14180.00000
Memory 0.03082
36
Allocating ../../../instances/hadoop/hadoop_extra/hadoop_6.6.vn
3
4, 3
41: 6
VDC id:41, size 6
yes
0.00000
1.84167
0.00000 14144.00000
Memory 0.03159
34
Allocating ../../../instances/hadoop/hadoop_extra/hadoop_6.7.vn
3
4, 3
42: 6
VDC id:42, size 6
yes
0.00000
1.83854
0.00000 14120.00000
Memory 0.03236
39
Allocating ../../../instances/hadoop/hadoop_extra/hadoop_6.9.vn
3
4, 3
43: 6
VDC id:43, size 6
yes
0.00000
1.83542
0.00000 14096.00000
Memory 0.03313
36
Allocating ../../../instances/hadoop/hadoop_extra/hadoop_6.3.vn
3
4, 3
44: 6
VDC id:44, size 6
yes
0.00000
1.83125
0.00000 14064.00000
Memory 0.03391
34
Allocating ../../../instances/hadoop/hadoop_extra/hadoop_6.2.vn
3
4, 3
45: 6
VDC id:45, size 6
yes
0.00000
1.82812
0.00000 14040.00000
Memory 0.03468
35
Allocating ../../../instances/hadoop/hadoop_extra/hadoop_6.10.vn
3
4, 3
46: 6
VDC id:46, size 6
yes
0.00000
1.82396
0.00000 14008.00000
Memory 0.03545
33
Allocating ../../../instances/hadoop/hadoop_extra/hadoop_6.4.vn
3
4, 3
47: 6
VDC id:47, size 6
yes
0.00000
1.81979
0.00000 13976.00000
Memory 0.03622
34
Allocating ../../../instances/hadoop/hadoop_extra/hadoop_6.3.vn
3
4, 3
48: 6
VDC id:48, size 6
yes
0.00000
1.81563
0.00000 13944.00000
Memory 0.03699
33
Allocating ../../../instances/hadoop/hadoop_extra/hadoop_6.5.vn
3
4, 3
49: 6
VDC id:49, size 6
yes
0.00000
1.81198
0.00000 13916.00000
Memory 0.03776
33
Allocating ../../../instances/hadoop/hadoop_extra/hadoop_6.2.vn
3
4, 3
50: 6
VDC id:50, size 6
yes
0.00000
1.80885
0.00000 13892.00000
Memory 0.03853
34
Allocating ../../../instances/hadoop/hadoop_extra/hadoop_6.7.vn
3
4, 3
51: 6
VDC id:51, size 6
yes
0.00000
1.80573
0.00000 13868.00000
Memory 0.03930
38
Allocating ../../../instances/hadoop/hadoop_extra/hadoop_6.3.vn
3
4, 3
52: 6
VDC id:52, size 6
yes
0.00000
1.80156
0.00000 13836.00000
Memory 0.04007
38
Allocating ../../../instances/hadoop/hadoop_extra/hadoop_6.2.vn
3
4, 3
53: 6
VDC id:53, size 6
yes
0.00000
1.79844
0.00000 13812.00000
Memory 0.04084
42
Allocating ../../../instances/hadoop/hadoop_extra/hadoop_6.5.vn
3
4, 3
54: 6
VDC id:54, size 6
yes
0.00000
1.79479
0.00000 13784.00000
Memory 0.04161
37
Allocating ../../../instances/hadoop/hadoop_extra/hadoop_6.8.vn
3
4, 3
55: 6
VDC id:55, size 6
yes
0.00000
1.79010
0.00000 13748.00000
Memory 0.04238
38
Allocating ../../../instances/hadoop/hadoop_extra/hadoop_6.10.vn
3
4, 3
56: 6
VDC id:56, size 6
yes
0.00000
1.78594
0.00000 13716.00000
Memory 0.04315
37
Allocating ../../../instances/hadoop/hadoop_extra/hadoop_6.7.vn
3
4, 3
57: 6
VDC id:57, size 6
yes
0.00000
1.78281
0.00000 13692.00000
Memory 0.04392
37
Allocating ../../../instances/hadoop/hadoop_extra/hadoop_6.5.vn
3
4, 3
58: 6
VDC id:58, size 6
yes
0.00000
1.77917
0.00000 13664.00000
Memory 0.04469
37
Allocating ../../../instances/hadoop/hadoop_extra/hadoop_6.1.vn
3
4, 3
59: 6
VDC id:59, size 6
yes
0.00000
1.77604
0.00000 13640.00000
Memory 0.04546
42
Allocating ../../../instances/hadoop/hadoop_extra/hadoop_6.8.vn
3
4, 3
60: 6
VDC id:60, size 6
yes
0.00000
1.77135
0.00000 13604.00000
Memory 0.04623
37
Allocating ../../../instances/hadoop/hadoop_extra/hadoop_6.5.vn
3
4, 3
61: 6
VDC id:61, size 6
yes
0.00000
1.76771
0.00000 13576.00000
Memory 0.04700
36
Allocating ../../../instances/hadoop/hadoop_extra/hadoop_6.4.vn
3
4, 3
62: 6
VDC id:62, size 6
yes
0.00000
1.76354
0.00000 13544.00000
Memory 0.04778
37
Allocating ../../../instances/hadoop/hadoop_extra/hadoop_6.4.vn
3
4, 3
63: 6
VDC id:63, size 6
yes
0.00000
1.75937
0.00000 13512.00000
Memory 0.04855
37
Allocating ../../../instances/hadoop/hadoop_extra/hadoop_6.10.vn
3
4, 3
64: 6
VDC id:64, size 6
yes
0.00000
1.75521
0.00000 13480.00000
Memory 0.04932
40
Allocating ../../../instances/hadoop/hadoop_extra/hadoop_6.6.vn
3
4, 3
65: 6
VDC id:65, size 6
yes
0.00000
1.75052
0.00000 13444.00000
Memory 0.05009
43
Allocating ../../../instances/hadoop/hadoop_extra/hadoop_6.10.vn
3
4, 3
66: 6
VDC id:66, size 6
yes
0.00000
1.74635
0.00000 13412.00000
Memory 0.05086
36
Allocating ../../../instances/hadoop/hadoop_extra/hadoop_6.3.vn
3
4, 3
67: 6
VDC id:67, size 6
yes
0.00000
1.74219
0.00000 13380.00000
Memory 0.05163
39
Allocating ../../../instances/hadoop/hadoop_extra/hadoop_6.3.vn
3
4, 3
68: 6
VDC id:68, size 6
yes
0.00000
1.73802
0.00000 13348.00000
Memory 0.05240
37
Allocating ../../../instances/hadoop/hadoop_extra/hadoop_6.6.vn
3
4, 3
69: 6
VDC id:69, size 6
yes
0.00000
1.73333
0.00000 13312.00000
Memory 0.05317
36
Allocating ../../../instances/hadoop/hadoop_extra/hadoop_6.2.vn
3
4, 3
70: 6
VDC id:70, size 6
yes
0.00000
1.73021
0.00000 13288.00000
Memory 0.05394
42
Allocating ../../../instances/hadoop/hadoop_extra/hadoop_6.8.vn
3
4, 3
71: 6
VDC id:71, size 6
yes
0.00000
1.72552
0.00000 13252.00000
Memory 0.05471
37
Allocating ../../../instances/hadoop/hadoop_extra/hadoop_6.5.vn
3
4, 3
72: 6
VDC id:72, size 6
yes
0.00000
1.72188
0.00000 13224.00000
Memory 0.05548
40
Allocating ../../../instances/hadoop/hadoop_extra/hadoop_6.4.vn
3
4, 3
73: 6
VDC id:73, size 6
yes
0.00000
1.71771
0.00000 13192.00000
Memory 0.05625
36
Allocating ../../../instances/hadoop/hadoop_extra/hadoop_6.3.vn
3
4, 3
74: 6
VDC id:74, size 6
yes
0.00000
1.71354
0.00000 13160.00000
Memory 0.05702
168
Allocating ../../../instances/hadoop/hadoop_extra/hadoop_6.2.vn
3
4, 3
75: 6
VDC id:75, size 6
yes
0.00000
1.71042
0.00000 13136.00000
Memory 0.05779
38
Allocating ../../../instances/hadoop/hadoop_extra/hadoop_6.7.vn
3
4, 3
76: 6
VDC id:76, size 6
yes
0.00000
1.70729
0.00000 13112.00000
Memory 0.05856
39
Allocating ../../../instances/hadoop/hadoop_extra/hadoop_6.5.vn
3
4, 3
77: 6
VDC id:77, size 6
yes
0.00000
1.70365
0.00000 13084.00000
Memory 0.05933
149
Allocating ../../../instances/hadoop/hadoop_extra/hadoop_6.1.vn
3
4, 3
78: 6
VDC id:78, size 6
yes
0.00000
1.70052
0.00000 13060.00000
Memory 0.06010
44
Allocating ../../../instances/hadoop/hadoop_extra/hadoop_6.2.vn
3
4, 3
79: 6
VDC id:79, size 6
yes
0.00000
1.69740
0.00000 13036.00000
Memory 0.06087
39
Allocating ../../../instances/hadoop/hadoop_extra/hadoop_6.5.vn
3
4, 3
80: 6
VDC id:80, size 6
yes
0.00000
1.69375
0.00000 13008.00000
Memory 0.06165
147
Allocating ../../../instances/hadoop/hadoop_extra/hadoop_6.7.vn
3
4, 3
81: 6
VDC id:81, size 6
yes
0.00000
1.69063
0.00000 12984.00000
Memory 0.06242
39
Allocating ../../../instances/hadoop/hadoop_extra/hadoop_6.1.vn
3
4, 3
82: 6
VDC id:82, size 6
yes
0.00000
1.68750
0.00000 12960.00000
Memory 0.06319
39
Allocating ../../../instances/hadoop/hadoop_extra/hadoop_6.3.vn
3
4, 3
83: 6
VDC id:83, size 6
cannot do bipartite matching!
no
0.00000
1.68750
0.00000 12960.00000
Memory 0.06334
462
Allocated 82 VDCs
[runlim] end:			Mon Sep 30 03:33:41 2019
[runlim] status:		ok
[runlim] result:		0
[runlim] children:		0
[runlim] real:			0.64 seconds
[runlim] time:			0.00 seconds
[runlim] space:			0.0 MB
[runlim] samples:		0
