#secondnet
init 0 0
1 0.000108 0.000108
2 0.000112 0.000220
3 0.000079 0.000299
4 0.000077 0.000376
5 0.000073 0.000449
6 0.000074 0.000523
7 0.000074 0.000597
8 0.000073 0.000670
9 0.000077 0.000747
10 0.000074 0.000821
11 0.000076 0.000897
12 0.000074 0.000971
13 0.000074 0.001045
14 0.000075 0.001120
15 0.000074 0.001194
16 0.000076 0.001270
17 0.000074 0.001344
18 0.000073 0.001417
19 0.000072 0.001489
20 0.000072 0.001561
21 0.000072 0.001633
22 0.000071 0.001704
23 0.000072 0.001776
24 0.000072 0.001848
25 0.000072 0.001920
26 0.000072 0.001992
27 0.000071 0.002063
28 0.000072 0.002135
29 0.000073 0.002208
30 0.000073 0.002281
31 0.000072 0.002353
32 0.000071 0.002424
33 0.000072 0.002496
34 0.000072 0.002568
35 0.000076 0.002644
36 0.000077 0.002721
37 0.000073 0.002794
38 0.000072 0.002866
39 0.000075 0.002941
40 0.000081 0.003022
41 0.000078 0.003100
42 0.000076 0.003176
43 0.000076 0.003252
44 0.000076 0.003328
45 0.000076 0.003404
46 0.000074 0.003478
47 0.000079 0.003557
48 0.000076 0.003633
49 0.000085 0.003718
50 0.000075 0.003793
51 0.000078 0.003871
52 0.000075 0.003946
53 0.000079 0.004025
54 0.000075 0.004100
55 0.000078 0.004178
56 0.000073 0.004251
57 0.000080 0.004331
58 0.000075 0.004406
59 0.000078 0.004484
60 0.000076 0.004560
61 0.000076 0.004636
62 0.000080 0.004716
63 0.000076 0.004792
64 0.000075 0.004867
65 0.000075 0.004942
66 0.000078 0.005020
67 0.000075 0.005095
68 0.000076 0.005171
69 0.000074 0.005245
70 0.000074 0.005319
71 0.000074 0.005393
72 0.000074 0.005467
73 0.000074 0.005541
74 0.000074 0.005615
75 0.000074 0.005689
76 0.000074 0.005763
77 0.000074 0.005837
78 0.000074 0.005911
79 0.000073 0.005984
80 0.000074 0.006058
81 0.000073 0.006131
82 0.000075 0.006206
83 0.000075 0.006281
84 0.000080 0.006361
85 0.000083 0.006444
86 0.000074 0.006518
87 0.000087 0.006605
88 0.000088 0.006693
89 0.000084 0.006777
90 0.000082 0.006859
91 0.000075 0.006934
92 0.000087 0.007021
93 0.000077 0.007098
94 0.000080 0.007178
95 0.000073 0.007251
96 0.000076 0.007327
97 0.000073 0.007400
98 0.000079 0.007479
99 0.000073 0.007552
100 0.000076 0.007628
101 0.000074 0.007702
102 0.000077 0.007779
103 0.000074 0.007853
104 0.000077 0.007930
105 0.000077 0.008007
106 0.000078 0.008085
107 0.000075 0.008160
108 0.000079 0.008239
109 0.000077 0.008316
110 0.000079 0.008395
111 0.000087 0.008482
112 0.000075 0.008557
113 0.000079 0.008636
114 0.000078 0.008714
115 0.000081 0.008795
116 0.000075 0.008870
117 0.000079 0.008949
118 0.000075 0.009024
119 0.000080 0.009104
120 0.000074 0.009178
done 120 0.001683 0.010861
