[runlim] version:		1.7
[runlim] time limit:		3600 seconds
[runlim] real time limit:	311040000 seconds
[runlim] space limit:		80000 MB
[runlim] argv[0]:		./vdcalloc_print_final_pn
[runlim] argv[1]:		../../../instances/hadoop/instance_list_hadoop_6vm_rnd.txt
[runlim] argv[2]:		4
[runlim] argv[3]:		0
[runlim] argv[4]:		0
[runlim] argv[5]:		0
[runlim] argv[6]:		0
[runlim] argv[7]:		timelogs/results.us_west2.pn.instance_list_hadoop_6vm_rnd.txt.log
[runlim] start:			Mon Sep 30 03:33:41 2019
[runlim] main pid:		14242
Running Secondnet on ../../../instances/hadoop/instance_list_hadoop_6vm_rnd.txt
Read 3840 instances
Running Secondnet on US-West2 instance /home/sam/workspacePython/monosat_py2_datacenter/instances/hadoop_small/us-west2.pn
server id 0: 280
server id 1: 280
server id 2: 280
server id 3: 280
server id 4: 280
server id 5: 280
server id 6: 280
server id 7: 280
server id 8: 280
server id 9: 280
server id 10: 280
server id 11: 280
server id 12: 280
server id 13: 280
server id 14: 280
server id 15: 280
server id 16: 280
server id 17: 280
server id 18: 280
server id 19: 280
server id 20: 281
server id 21: 281
server id 22: 281
server id 23: 281
server id 24: 281
server id 25: 281
server id 26: 281
server id 27: 281
server id 28: 281
server id 29: 281
server id 30: 281
server id 31: 281
server id 32: 281
server id 33: 281
server id 34: 281
server id 35: 281
server id 36: 281
server id 37: 281
server id 38: 281
server id 39: 281
server id 40: 282
server id 41: 282
server id 42: 282
server id 43: 282
server id 44: 282
server id 45: 282
server id 46: 282
server id 47: 282
server id 48: 282
server id 49: 282
server id 50: 282
server id 51: 282
server id 52: 282
server id 53: 282
server id 54: 282
server id 55: 282
server id 56: 282
server id 57: 282
server id 58: 282
server id 59: 282
server id 60: 283
server id 61: 283
server id 62: 283
server id 63: 283
server id 64: 283
server id 65: 283
server id 66: 283
server id 67: 283
server id 68: 283
server id 69: 283
server id 70: 283
server id 71: 283
server id 72: 283
server id 73: 283
server id 74: 283
server id 75: 283
server id 76: 283
server id 77: 283
server id 78: 283
server id 79: 283
server id 80: 284
server id 81: 284
server id 82: 284
server id 83: 284
server id 84: 284
server id 85: 284
server id 86: 284
server id 87: 284
server id 88: 284
server id 89: 284
server id 90: 284
server id 91: 284
server id 92: 284
server id 93: 284
server id 94: 284
server id 95: 284
server id 96: 284
server id 97: 284
server id 98: 284
server id 99: 284
server id 100: 285
server id 101: 285
server id 102: 285
server id 103: 285
server id 104: 285
server id 105: 285
server id 106: 285
server id 107: 285
server id 108: 285
server id 109: 285
server id 110: 285
server id 111: 285
server id 112: 285
server id 113: 285
server id 114: 285
server id 115: 285
server id 116: 285
server id 117: 285
server id 118: 285
server id 119: 285
server id 120: 286
server id 121: 286
server id 122: 286
server id 123: 286
server id 124: 286
server id 125: 286
server id 126: 286
server id 127: 286
server id 128: 286
server id 129: 286
server id 130: 286
server id 131: 286
server id 132: 286
server id 133: 286
server id 134: 286
server id 135: 286
server id 136: 286
server id 137: 286
server id 138: 286
server id 139: 286
server id 140: 287
server id 141: 287
server id 142: 287
server id 143: 287
server id 144: 287
server id 145: 287
server id 146: 287
server id 147: 287
server id 148: 287
server id 149: 287
server id 150: 287
server id 151: 287
server id 152: 287
server id 153: 287
server id 154: 287
server id 155: 287
server id 156: 287
server id 157: 287
server id 158: 287
server id 159: 287
server id 160: 288
server id 161: 288
server id 162: 288
server id 163: 288
server id 164: 288
server id 165: 288
server id 166: 288
server id 167: 288
server id 168: 288
server id 169: 288
server id 170: 288
server id 171: 288
server id 172: 288
server id 173: 288
server id 174: 288
server id 175: 288
server id 176: 288
server id 177: 288
server id 178: 288
server id 179: 288
server id 180: 289
server id 181: 289
server id 182: 289
server id 183: 289
server id 184: 289
server id 185: 289
server id 186: 289
server id 187: 289
server id 188: 289
server id 189: 289
server id 190: 289
server id 191: 289
server id 192: 289
server id 193: 289
server id 194: 289
server id 195: 289
server id 196: 289
server id 197: 289
server id 198: 289
server id 199: 289
server id 200: 290
server id 201: 290
server id 202: 290
server id 203: 290
server id 204: 290
server id 205: 290
server id 206: 290
server id 207: 290
server id 208: 290
server id 209: 290
server id 210: 290
server id 211: 290
server id 212: 290
server id 213: 290
server id 214: 290
server id 215: 290
server id 216: 290
server id 217: 290
server id 218: 290
server id 219: 290
server id 220: 291
server id 221: 291
server id 222: 291
server id 223: 291
server id 224: 291
server id 225: 291
server id 226: 291
server id 227: 291
server id 228: 291
server id 229: 291
server id 230: 291
server id 231: 291
server id 232: 291
server id 233: 291
server id 234: 291
server id 235: 291
server id 236: 291
server id 237: 291
server id 238: 291
server id 239: 291
server id 240: 292
server id 241: 292
server id 242: 292
server id 243: 292
server id 244: 292
server id 245: 292
server id 246: 292
server id 247: 292
server id 248: 292
server id 249: 292
server id 250: 292
server id 251: 292
server id 252: 292
server id 253: 292
server id 254: 292
server id 255: 292
server id 256: 292
server id 257: 292
server id 258: 292
server id 259: 292
server id 260: 293
server id 261: 293
server id 262: 293
server id 263: 293
server id 264: 293
server id 265: 293
server id 266: 293
server id 267: 293
server id 268: 293
server id 269: 293
server id 270: 293
server id 271: 293
server id 272: 293
server id 273: 293
server id 274: 293
server id 275: 293
server id 276: 293
server id 277: 293
server id 278: 293
server id 279: 293
switch id 280: 0 1 2 3 4 5 6 7 8 9 10 11 12 13 14 15 16 17 18 19 294 295
switch id 281: 20 21 22 23 24 25 26 27 28 29 30 31 32 33 34 35 36 37 38 39 294 295
switch id 282: 40 41 42 43 44 45 46 47 48 49 50 51 52 53 54 55 56 57 58 59 294 295
switch id 283: 60 61 62 63 64 65 66 67 68 69 70 71 72 73 74 75 76 77 78 79 294 295
switch id 284: 80 81 82 83 84 85 86 87 88 89 90 91 92 93 94 95 96 97 98 99 294 295
switch id 285: 100 101 102 103 104 105 106 107 108 109 110 111 112 113 114 115 116 117 118 119 294 295
switch id 286: 120 121 122 123 124 125 126 127 128 129 130 131 132 133 134 135 136 137 138 139 294 295
switch id 287: 140 141 142 143 144 145 146 147 148 149 150 151 152 153 154 155 156 157 158 159 294 295
switch id 288: 160 161 162 163 164 165 166 167 168 169 170 171 172 173 174 175 176 177 178 179 294 295
switch id 289: 180 181 182 183 184 185 186 187 188 189 190 191 192 193 194 195 196 197 198 199 294 295
switch id 290: 200 201 202 203 204 205 206 207 208 209 210 211 212 213 214 215 216 217 218 219 294 295
switch id 291: 220 221 222 223 224 225 226 227 228 229 230 231 232 233 234 235 236 237 238 239 294 295
switch id 292: 240 241 242 243 244 245 246 247 248 249 250 251 252 253 254 255 256 257 258 259 294 295
switch id 293: 260 261 262 263 264 265 266 267 268 269 270 271 272 273 274 275 276 277 278 279 294 295
switch id 294: 280 281 282 283 284 285 286 287 288 289 290 291 292 293 295 296
switch id 295: 280 281 282 283 284 285 286 287 288 289 290 291 292 293 294 296
switch id 296: 294 295
Allocating ../../../instances/hadoop/hadoop_extra/hadoop_6.7.vn
3
4, 3
1: 6
VDC id:1, size 6
yes
0.00000
1.99571
0.00000 11176.00000
Memory 0.00077
83
Allocating ../../../instances/hadoop/hadoop_extra/hadoop_6.1.vn
3
4, 3
2: 6
VDC id:2, size 6
yes
0.00000
1.99143
0.00000 11152.00000
Memory 0.00154
36
Allocating ../../../instances/hadoop/hadoop_extra/hadoop_6.8.vn
3
4, 3
3: 6
VDC id:3, size 6
yes
0.00000
1.98500
0.00000 11116.00000
Memory 0.00231
31
Allocating ../../../instances/hadoop/hadoop_extra/hadoop_6.6.vn
3
4, 3
4: 6
VDC id:4, size 6
yes
0.00000
1.97857
0.00000 11080.00000
Memory 0.00308
29
Allocating ../../../instances/hadoop/hadoop_extra/hadoop_6.10.vn
3
4, 3
5: 6
VDC id:5, size 6
yes
0.00000
1.97286
0.00000 11048.00000
Memory 0.00385
29
Allocating ../../../instances/hadoop/hadoop_extra/hadoop_6.6.vn
3
4, 3
6: 6
VDC id:6, size 6
yes
0.00000
1.96643
0.00000 11012.00000
Memory 0.00462
28
Allocating ../../../instances/hadoop/hadoop_extra/hadoop_6.5.vn
3
4, 3
7: 6
VDC id:7, size 6
yes
0.00000
1.96143
0.00000 10984.00000
Memory 0.00539
39
Allocating ../../../instances/hadoop/hadoop_extra/hadoop_6.4.vn
3
4, 3
8: 6
VDC id:8, size 6
yes
0.00000
1.95571
0.00000 10952.00000
Memory 0.00616
29
Allocating ../../../instances/hadoop/hadoop_extra/hadoop_6.2.vn
3
4, 3
9: 6
VDC id:9, size 6
yes
0.00000
1.95143
0.00000 10928.00000
Memory 0.00694
29
Allocating ../../../instances/hadoop/hadoop_extra/hadoop_6.10.vn
3
4, 3
10: 6
VDC id:10, size 6
yes
0.00000
1.94571
0.00000 10896.00000
Memory 0.00771
28
Allocating ../../../instances/hadoop/hadoop_extra/hadoop_6.9.vn
3
4, 3
11: 6
VDC id:11, size 6
yes
0.00000
1.94143
0.00000 10872.00000
Memory 0.00848
29
Allocating ../../../instances/hadoop/hadoop_extra/hadoop_6.8.vn
3
4, 3
12: 6
VDC id:12, size 6
yes
0.00000
1.93500
0.00000 10836.00000
Memory 0.00925
29
Allocating ../../../instances/hadoop/hadoop_extra/hadoop_6.9.vn
3
4, 3
13: 6
VDC id:13, size 6
yes
0.00000
1.93071
0.00000 10812.00000
Memory 0.01002
28
Allocating ../../../instances/hadoop/hadoop_extra/hadoop_6.10.vn
3
4, 3
14: 6
VDC id:14, size 6
yes
0.00000
1.92500
0.00000 10780.00000
Memory 0.01079
28
Allocating ../../../instances/hadoop/hadoop_extra/hadoop_6.1.vn
3
4, 3
15: 6
VDC id:15, size 6
yes
0.00000
1.92071
0.00000 10756.00000
Memory 0.01156
28
Allocating ../../../instances/hadoop/hadoop_extra/hadoop_6.3.vn
3
4, 3
16: 6
VDC id:16, size 6
yes
0.00000
1.91500
0.00000 10724.00000
Memory 0.01233
29
Allocating ../../../instances/hadoop/hadoop_extra/hadoop_6.8.vn
3
4, 3
17: 6
VDC id:17, size 6
yes
0.00000
1.90857
0.00000 10688.00000
Memory 0.01310
29
Allocating ../../../instances/hadoop/hadoop_extra/hadoop_6.8.vn
3
4, 3
18: 6
VDC id:18, size 6
yes
0.00000
1.90214
0.00000 10652.00000
Memory 0.01387
31
Allocating ../../../instances/hadoop/hadoop_extra/hadoop_6.6.vn
3
4, 3
19: 6
VDC id:19, size 6
yes
0.00000
1.89571
0.00000 10616.00000
Memory 0.01464
32
Allocating ../../../instances/hadoop/hadoop_extra/hadoop_6.7.vn
3
4, 3
20: 6
VDC id:20, size 6
yes
0.00000
1.89143
0.00000 10592.00000
Memory 0.01541
43
Allocating ../../../instances/hadoop/hadoop_extra/hadoop_6.4.vn
3
4, 3
21: 6
VDC id:21, size 6
yes
0.00000
1.88571
0.00000 10560.00000
Memory 0.01618
31
Allocating ../../../instances/hadoop/hadoop_extra/hadoop_6.4.vn
3
4, 3
22: 6
VDC id:22, size 6
yes
0.00000
1.88000
0.00000 10528.00000
Memory 0.01695
40
Allocating ../../../instances/hadoop/hadoop_extra/hadoop_6.9.vn
3
4, 3
23: 6
VDC id:23, size 6
yes
0.00000
1.87571
0.00000 10504.00000
Memory 0.01772
32
Allocating ../../../instances/hadoop/hadoop_extra/hadoop_6.5.vn
3
4, 3
24: 6
VDC id:24, size 6
yes
0.00000
1.87071
0.00000 10476.00000
Memory 0.01849
31
Allocating ../../../instances/hadoop/hadoop_extra/hadoop_6.5.vn
3
4, 3
25: 6
VDC id:25, size 6
yes
0.00000
1.86571
0.00000 10448.00000
Memory 0.01926
30
Allocating ../../../instances/hadoop/hadoop_extra/hadoop_6.4.vn
3
4, 3
26: 6
VDC id:26, size 6
yes
0.00000
1.86000
0.00000 10416.00000
Memory 0.02003
31
Allocating ../../../instances/hadoop/hadoop_extra/hadoop_6.5.vn
3
4, 3
27: 6
VDC id:27, size 6
yes
0.00000
1.85500
0.00000 10388.00000
Memory 0.02081
32
Allocating ../../../instances/hadoop/hadoop_extra/hadoop_6.7.vn
3
4, 3
28: 6
VDC id:28, size 6
yes
0.00000
1.85071
0.00000 10364.00000
Memory 0.02158
31
Allocating ../../../instances/hadoop/hadoop_extra/hadoop_6.2.vn
3
4, 3
29: 6
VDC id:29, size 6
yes
0.00000
1.84643
0.00000 10340.00000
Memory 0.02235
31
Allocating ../../../instances/hadoop/hadoop_extra/hadoop_6.3.vn
3
4, 3
30: 6
VDC id:30, size 6
yes
0.00000
1.84071
0.00000 10308.00000
Memory 0.02312
32
Allocating ../../../instances/hadoop/hadoop_extra/hadoop_6.4.vn
3
4, 3
31: 6
VDC id:31, size 6
yes
0.00000
1.83500
0.00000 10276.00000
Memory 0.02389
30
Allocating ../../../instances/hadoop/hadoop_extra/hadoop_6.2.vn
3
4, 3
32: 6
VDC id:32, size 6
yes
0.00000
1.83071
0.00000 10252.00000
Memory 0.02466
31
Allocating ../../../instances/hadoop/hadoop_extra/hadoop_6.2.vn
3
4, 3
33: 6
VDC id:33, size 6
yes
0.00000
1.82643
0.00000 10228.00000
Memory 0.02543
31
Allocating ../../../instances/hadoop/hadoop_extra/hadoop_6.4.vn
3
4, 3
34: 6
VDC id:34, size 6
yes
0.00000
1.82071
0.00000 10196.00000
Memory 0.02620
29
Allocating ../../../instances/hadoop/hadoop_extra/hadoop_6.3.vn
3
4, 3
35: 6
VDC id:35, size 6
yes
0.00000
1.81500
0.00000 10164.00000
Memory 0.02697
31
Allocating ../../../instances/hadoop/hadoop_extra/hadoop_6.9.vn
3
4, 3
36: 6
VDC id:36, size 6
yes
0.00000
1.81071
0.00000 10140.00000
Memory 0.02774
31
Allocating ../../../instances/hadoop/hadoop_extra/hadoop_6.5.vn
3
4, 3
37: 6
VDC id:37, size 6
yes
0.00000
1.80571
0.00000 10112.00000
Memory 0.02851
31
Allocating ../../../instances/hadoop/hadoop_extra/hadoop_6.7.vn
3
4, 3
38: 6
VDC id:38, size 6
yes
0.00000
1.80143
0.00000 10088.00000
Memory 0.02928
30
Allocating ../../../instances/hadoop/hadoop_extra/hadoop_6.4.vn
3
4, 3
39: 6
VDC id:39, size 6
yes
0.00000
1.79571
0.00000 10056.00000
Memory 0.03005
30
Allocating ../../../instances/hadoop/hadoop_extra/hadoop_6.6.vn
3
4, 3
40: 6
VDC id:40, size 6
yes
0.00000
1.78929
0.00000 10020.00000
Memory 0.03082
29
Allocating ../../../instances/hadoop/hadoop_extra/hadoop_6.6.vn
3
4, 3
41: 6
VDC id:41, size 6
yes
0.00000
1.78286
0.00000 9984.00000
Memory 0.03159
31
Allocating ../../../instances/hadoop/hadoop_extra/hadoop_6.7.vn
3
4, 3
42: 6
VDC id:42, size 6
yes
0.00000
1.77857
0.00000 9960.00000
Memory 0.03236
30
Allocating ../../../instances/hadoop/hadoop_extra/hadoop_6.9.vn
3
4, 3
43: 6
VDC id:43, size 6
yes
0.00000
1.77429
0.00000 9936.00000
Memory 0.03313
32
Allocating ../../../instances/hadoop/hadoop_extra/hadoop_6.3.vn
3
4, 3
44: 6
VDC id:44, size 6
yes
0.00000
1.76857
0.00000 9904.00000
Memory 0.03391
33
Allocating ../../../instances/hadoop/hadoop_extra/hadoop_6.2.vn
3
4, 3
45: 6
VDC id:45, size 6
yes
0.00000
1.76429
0.00000 9880.00000
Memory 0.03468
33
Allocating ../../../instances/hadoop/hadoop_extra/hadoop_6.10.vn
3
4, 3
46: 6
VDC id:46, size 6
yes
0.00000
1.75857
0.00000 9848.00000
Memory 0.03545
32
Allocating ../../../instances/hadoop/hadoop_extra/hadoop_6.4.vn
3
4, 3
47: 6
VDC id:47, size 6
yes
0.00000
1.75286
0.00000 9816.00000
Memory 0.03634
248
Allocating ../../../instances/hadoop/hadoop_extra/hadoop_6.3.vn
3
4, 3
48: 6
VDC id:48, size 6
yes
0.00000
1.74714
0.00000 9784.00000
Memory 0.03711
35
Allocating ../../../instances/hadoop/hadoop_extra/hadoop_6.5.vn
3
4, 3
49: 6
VDC id:49, size 6
yes
0.00000
1.74214
0.00000 9756.00000
Memory 0.03800
171
Allocating ../../../instances/hadoop/hadoop_extra/hadoop_6.2.vn
3
4, 3
50: 6
VDC id:50, size 6
yes
0.00000
1.73786
0.00000 9732.00000
Memory 0.03877
35
Allocating ../../../instances/hadoop/hadoop_extra/hadoop_6.7.vn
3
4, 3
51: 6
VDC id:51, size 6
yes
0.00000
1.73357
0.00000 9708.00000
Memory 0.03954
36
Allocating ../../../instances/hadoop/hadoop_extra/hadoop_6.3.vn
3
4, 3
52: 6
VDC id:52, size 6
yes
0.00000
1.72786
0.00000 9676.00000
Memory 0.04031
48
Allocating ../../../instances/hadoop/hadoop_extra/hadoop_6.2.vn
3
4, 3
53: 6
VDC id:53, size 6
yes
0.00000
1.72357
0.00000 9652.00000
Memory 0.04108
33
Allocating ../../../instances/hadoop/hadoop_extra/hadoop_6.5.vn
3
4, 3
54: 6
VDC id:54, size 6
cannot do bipartite matching!
no
0.00000
1.72357
0.00000 9652.00000
Memory 0.04124
281
Allocated 53 VDCs
[runlim] end:			Mon Sep 30 03:33:41 2019
[runlim] status:		ok
[runlim] result:		0
[runlim] children:		0
[runlim] real:			0.56 seconds
[runlim] time:			0.00 seconds
[runlim] space:			0.0 MB
[runlim] samples:		0
