#secondnet
init 0 0
1 0.000080 0.000080
2 0.000076 0.000156
3 0.000050 0.000206
4 0.000047 0.000253
5 0.000045 0.000298
6 0.000046 0.000344
7 0.000045 0.000389
8 0.000045 0.000434
9 0.000050 0.000484
10 0.000043 0.000527
11 0.000043 0.000570
12 0.000045 0.000615
13 0.000044 0.000659
14 0.000043 0.000702
15 0.000045 0.000747
16 0.000044 0.000791
17 0.000044 0.000835
18 0.000044 0.000879
19 0.000043 0.000922
20 0.000043 0.000965
21 0.000044 0.001009
22 0.000043 0.001052
23 0.000044 0.001096
24 0.000044 0.001140
25 0.000043 0.001183
26 0.000045 0.001228
27 0.000044 0.001272
28 0.000043 0.001315
29 0.000043 0.001358
30 0.000044 0.001402
31 0.000043 0.001445
32 0.000044 0.001489
33 0.000045 0.001534
34 0.000044 0.001578
35 0.000044 0.001622
36 0.000048 0.001670
37 0.000045 0.001715
38 0.000044 0.001759
39 0.000043 0.001802
40 0.000043 0.001845
41 0.000043 0.001888
42 0.000044 0.001932
43 0.000043 0.001975
44 0.000045 0.002020
45 0.000044 0.002064
46 0.000045 0.002109
47 0.000045 0.002154
48 0.000044 0.002198
49 0.000043 0.002241
50 0.000043 0.002284
51 0.000043 0.002327
52 0.000044 0.002371
53 0.000044 0.002415
54 0.000045 0.002460
55 0.000044 0.002504
56 0.000044 0.002548
57 0.000044 0.002592
58 0.000044 0.002636
59 0.000043 0.002679
60 0.000044 0.002723
61 0.000044 0.002767
62 0.000044 0.002811
63 0.000049 0.002860
64 0.000044 0.002904
65 0.000045 0.002949
66 0.000043 0.002992
67 0.000043 0.003035
68 0.000043 0.003078
69 0.000044 0.003122
70 0.000046 0.003168
71 0.000044 0.003212
72 0.000044 0.003256
73 0.000044 0.003300
74 0.000044 0.003344
75 0.000044 0.003388
76 0.000044 0.003432
77 0.000057 0.003489
78 0.000045 0.003534
79 0.000045 0.003579
80 0.000044 0.003623
81 0.000045 0.003668
82 0.000044 0.003712
83 0.000044 0.003756
84 0.000043 0.003799
85 0.000045 0.003844
86 0.000044 0.003888
87 0.000043 0.003931
88 0.000044 0.003975
89 0.000049 0.004024
90 0.000044 0.004068
91 0.000044 0.004112
92 0.000043 0.004155
93 0.000044 0.004199
94 0.000043 0.004242
95 0.000044 0.004286
96 0.000043 0.004329
97 0.000043 0.004372
98 0.000044 0.004416
99 0.000043 0.004459
100 0.000043 0.004502
101 0.000044 0.004546
102 0.000044 0.004590
103 0.000045 0.004635
104 0.000045 0.004680
105 0.000044 0.004724
106 0.000045 0.004769
107 0.000045 0.004814
108 0.000046 0.004860
109 0.000045 0.004905
110 0.000045 0.004950
111 0.000045 0.004995
112 0.000045 0.005040
113 0.000044 0.005084
114 0.000045 0.005129
115 0.000045 0.005174
116 0.000050 0.005224
117 0.000045 0.005269
118 0.000044 0.005313
119 0.000044 0.005357
120 0.000045 0.005402
121 0.000045 0.005447
122 0.000044 0.005491
123 0.000045 0.005536
124 0.000049 0.005585
125 0.000045 0.005630
126 0.000045 0.005675
127 0.000048 0.005723
128 0.000049 0.005772
129 0.000045 0.005817
130 0.000044 0.005861
131 0.000043 0.005904
132 0.000047 0.005951
133 0.000045 0.005996
134 0.000044 0.006040
135 0.000042 0.006082
136 0.000047 0.006129
137 0.000044 0.006173
138 0.000044 0.006217
139 0.000043 0.006260
140 0.000047 0.006307
141 0.000045 0.006352
142 0.000048 0.006400
143 0.000045 0.006445
144 0.000047 0.006492
145 0.000046 0.006538
146 0.000044 0.006582
147 0.000046 0.006628
148 0.000049 0.006677
149 0.000045 0.006722
150 0.000043 0.006765
151 0.000044 0.006809
152 0.000046 0.006855
153 0.000045 0.006900
154 0.000043 0.006943
155 0.000042 0.006985
156 0.000043 0.007028
157 0.000044 0.007072
158 0.000044 0.007116
159 0.000044 0.007160
160 0.000044 0.007204
161 0.000048 0.007252
162 0.000044 0.007296
163 0.000043 0.007339
164 0.000043 0.007382
165 0.000046 0.007428
166 0.000052 0.007480
167 0.000046 0.007526
168 0.000045 0.007571
169 0.000057 0.007628
170 0.000046 0.007674
171 0.000046 0.007720
172 0.000043 0.007763
173 0.000043 0.007806
174 0.000044 0.007850
175 0.000044 0.007894
176 0.000044 0.007938
177 0.000045 0.007983
178 0.000044 0.008027
179 0.000044 0.008071
180 0.000044 0.008115
181 0.000044 0.008159
182 0.000045 0.008204
183 0.000044 0.008248
184 0.000044 0.008292
185 0.000045 0.008337
186 0.000044 0.008381
187 0.000044 0.008425
188 0.000044 0.008469
189 0.000044 0.008513
190 0.000044 0.008557
191 0.000044 0.008601
192 0.000053 0.008654
193 0.000047 0.008701
194 0.000044 0.008745
195 0.000048 0.008793
196 0.000044 0.008837
197 0.000044 0.008881
198 0.000043 0.008924
199 0.000043 0.008967
200 0.000044 0.009011
201 0.000044 0.009055
202 0.000043 0.009098
203 0.000044 0.009142
204 0.000044 0.009186
205 0.000044 0.009230
206 0.000044 0.009274
207 0.000044 0.009318
208 0.000043 0.009361
209 0.000044 0.009405
210 0.000043 0.009448
211 0.000044 0.009492
212 0.000042 0.009534
213 0.000044 0.009578
214 0.000046 0.009624
215 0.000044 0.009668
216 0.000044 0.009712
217 0.000045 0.009757
218 0.000050 0.009807
219 0.000050 0.009857
220 0.000045 0.009902
221 0.000045 0.009947
222 0.000049 0.009996
223 0.000045 0.010041
224 0.000059 0.010100
225 0.000049 0.010149
226 0.000045 0.010194
227 0.000049 0.010243
228 0.000050 0.010293
229 0.000044 0.010337
230 0.000045 0.010382
231 0.000052 0.010434
232 0.000046 0.010480
233 0.000043 0.010523
234 0.000049 0.010572
235 0.000049 0.010621
236 0.000050 0.010671
237 0.000044 0.010715
238 0.000045 0.010760
239 0.000050 0.010810
240 0.000050 0.010860
241 0.000046 0.010906
242 0.000045 0.010951
243 0.000053 0.011004
244 0.000049 0.011053
245 0.000046 0.011099
246 0.000045 0.011144
247 0.000047 0.011191
248 0.000054 0.011245
249 0.000045 0.011290
250 0.000045 0.011335
251 0.000052 0.011387
252 0.000051 0.011438
253 0.000047 0.011485
254 0.000048 0.011533
255 0.000050 0.011583
256 0.000049 0.011632
257 0.000046 0.011678
258 0.000044 0.011722
259 0.000050 0.011772
260 0.000049 0.011821
261 0.000045 0.011866
262 0.000043 0.011909
263 0.000044 0.011953
264 0.000049 0.012002
265 0.000045 0.012047
266 0.000045 0.012092
267 0.000044 0.012136
268 0.000047 0.012183
269 0.000045 0.012228
270 0.000045 0.012273
271 0.000048 0.012321
272 0.000045 0.012366
273 0.000044 0.012410
274 0.000052 0.012462
275 0.000047 0.012509
276 0.000059 0.012568
277 0.000048 0.012616
278 0.000045 0.012661
279 0.000045 0.012706
280 0.000049 0.012755
281 0.000045 0.012800
282 0.000045 0.012845
283 0.000044 0.012889
284 0.000054 0.012943
285 0.000050 0.012993
286 0.000050 0.013043
287 0.000050 0.013093
288 0.000067 0.013160
289 0.000045 0.013205
290 0.000060 0.013265
291 0.000058 0.013323
292 0.000059 0.013382
293 0.000058 0.013440
294 0.000045 0.013485
295 0.000107 0.013592
296 0.000090 0.013682
297 0.000048 0.013730
298 0.000078 0.013808
299 0.000084 0.013892
300 0.000109 0.014001
301 0.000054 0.014055
302 0.000177 0.014232
303 0.000154 0.014386
304 0.000182 0.014568
305 0.000050 0.014618
done 305 0.001256 0.015874
