#secondnet
init 0 0
1 0.000106 0.000106
2 0.000097 0.000203
3 0.000068 0.000271
4 0.000066 0.000337
5 0.000064 0.000401
6 0.000065 0.000466
7 0.000065 0.000531
8 0.000063 0.000594
9 0.000065 0.000659
10 0.000063 0.000722
11 0.000061 0.000783
12 0.000063 0.000846
13 0.000062 0.000908
14 0.000062 0.000970
15 0.000063 0.001033
16 0.000063 0.001096
17 0.000063 0.001159
18 0.000062 0.001221
19 0.000063 0.001284
20 0.000072 0.001356
21 0.000065 0.001421
22 0.000062 0.001483
23 0.000062 0.001545
24 0.000063 0.001608
25 0.000063 0.001671
26 0.000063 0.001734
27 0.000064 0.001798
28 0.000062 0.001860
29 0.000065 0.001925
30 0.000066 0.001991
31 0.000063 0.002054
32 0.000064 0.002118
33 0.000064 0.002182
34 0.000067 0.002249
35 0.000064 0.002313
36 0.000068 0.002381
37 0.000065 0.002446
38 0.000066 0.002512
39 0.000064 0.002576
40 0.000064 0.002640
41 0.000063 0.002703
42 0.000064 0.002767
43 0.000063 0.002830
44 0.000064 0.002894
45 0.000063 0.002957
46 0.000065 0.003022
47 0.000062 0.003084
48 0.000063 0.003147
49 0.000062 0.003209
50 0.000065 0.003274
51 0.000063 0.003337
52 0.000069 0.003406
53 0.000065 0.003471
54 0.000065 0.003536
55 0.000062 0.003598
56 0.000065 0.003663
57 0.000067 0.003730
58 0.000066 0.003796
59 0.000067 0.003863
60 0.000066 0.003929
61 0.000067 0.003996
62 0.000065 0.004061
63 0.000071 0.004132
64 0.000067 0.004199
65 0.000064 0.004263
66 0.000066 0.004329
67 0.000064 0.004393
68 0.000063 0.004456
69 0.000063 0.004519
70 0.000064 0.004583
71 0.000063 0.004646
72 0.000066 0.004712
73 0.000062 0.004774
74 0.000062 0.004836
75 0.000064 0.004900
76 0.000063 0.004963
77 0.000062 0.005025
78 0.000064 0.005089
79 0.000062 0.005151
80 0.000064 0.005215
81 0.000064 0.005279
82 0.000073 0.005352
83 0.000066 0.005418
84 0.000065 0.005483
85 0.000066 0.005549
86 0.000066 0.005615
87 0.000065 0.005680
88 0.000068 0.005748
89 0.000067 0.005815
90 0.000072 0.005887
91 0.000073 0.005960
92 0.000066 0.006026
93 0.000063 0.006089
94 0.000069 0.006158
95 0.000063 0.006221
96 0.000068 0.006289
97 0.000065 0.006354
98 0.000071 0.006425
99 0.000064 0.006489
100 0.000067 0.006556
101 0.000066 0.006622
102 0.000070 0.006692
103 0.000065 0.006757
104 0.000067 0.006824
105 0.000064 0.006888
106 0.000067 0.006955
107 0.000064 0.007019
108 0.000066 0.007085
109 0.000064 0.007149
110 0.000067 0.007216
111 0.000066 0.007282
112 0.000067 0.007349
113 0.000067 0.007416
114 0.000066 0.007482
115 0.000065 0.007547
116 0.000074 0.007621
117 0.000073 0.007694
118 0.000066 0.007760
119 0.000067 0.007827
120 0.000091 0.007918
121 0.000076 0.007994
122 0.000070 0.008064
123 0.000069 0.008133
124 0.000082 0.008215
125 0.000071 0.008286
126 0.000070 0.008356
127 0.000070 0.008426
128 0.000067 0.008493
129 0.000070 0.008563
130 0.000074 0.008637
131 0.000068 0.008705
132 0.000067 0.008772
133 0.000072 0.008844
134 0.000069 0.008913
135 0.000066 0.008979
136 0.000073 0.009052
137 0.000069 0.009121
138 0.000066 0.009187
139 0.000070 0.009257
140 0.000077 0.009334
141 0.000071 0.009405
142 0.000077 0.009482
143 0.000068 0.009550
144 0.000072 0.009622
145 0.000073 0.009695
146 0.000068 0.009763
147 0.000072 0.009835
148 0.000069 0.009904
149 0.000071 0.009975
150 0.000070 0.010045
151 0.000073 0.010118
152 0.000069 0.010187
153 0.000068 0.010255
154 0.000076 0.010331
155 0.000081 0.010412
156 0.000073 0.010485
157 0.000074 0.010559
158 0.000069 0.010628
159 0.000067 0.010695
160 0.000072 0.010767
161 0.000068 0.010835
162 0.000068 0.010903
163 0.000074 0.010977
164 0.000069 0.011046
165 0.000068 0.011114
166 0.000071 0.011185
167 0.000071 0.011256
168 0.000067 0.011323
169 0.000079 0.011402
170 0.000068 0.011470
171 0.000067 0.011537
172 0.000070 0.011607
173 0.000069 0.011676
174 0.000069 0.011745
175 0.000069 0.011814
176 0.000067 0.011881
177 0.000071 0.011952
178 0.000069 0.012021
179 0.000073 0.012094
180 0.000071 0.012165
done 180 0.001595 0.013760
