#secondnet
init 0 0
1 0.000205 0.000205
2 0.000189 0.000394
3 0.000170 0.000564
4 0.000164 0.000728
5 0.000147 0.000875
6 0.000163 0.001038
7 0.000167 0.001205
8 0.000165 0.001370
9 0.000146 0.001516
10 0.000143 0.001659
11 0.000155 0.001814
12 0.000168 0.001982
13 0.000172 0.002154
14 0.000172 0.002326
15 0.000159 0.002485
16 0.000158 0.002643
17 0.000163 0.002806
18 0.000157 0.002963
19 0.000156 0.003119
20 0.000168 0.003287
21 0.000185 0.003472
22 0.000161 0.003633
23 0.000178 0.003811
24 0.000156 0.003967
25 0.000181 0.004148
26 0.000195 0.004343
27 0.000175 0.004518
28 0.000190 0.004708
29 0.000168 0.004876
30 0.000172 0.005048
31 0.000185 0.005233
32 0.000169 0.005402
33 0.000164 0.005566
34 0.000157 0.005723
35 0.000165 0.005888
36 0.000173 0.006061
37 0.000174 0.006235
38 0.000171 0.006406
39 0.000163 0.006569
40 0.000183 0.006752
41 0.000185 0.006937
42 0.000180 0.007117
43 0.000165 0.007282
44 0.000193 0.007475
45 0.000164 0.007639
46 0.000160 0.007799
47 0.000166 0.007965
48 0.000167 0.008132
49 0.000165 0.008297
50 0.000166 0.008463
51 0.000176 0.008639
52 0.000172 0.008811
53 0.000163 0.008974
54 0.000205 0.009179
55 0.000179 0.009358
56 0.000164 0.009522
57 0.000177 0.009699
58 0.000185 0.009884
59 0.000175 0.010059
60 0.000181 0.010240
61 0.000157 0.010397
62 0.000180 0.010577
63 0.000171 0.010748
64 0.000187 0.010935
65 0.000194 0.011129
66 0.000164 0.011293
67 0.000173 0.011466
68 0.000183 0.011649
69 0.000178 0.011827
70 0.000166 0.011993
71 0.000169 0.012162
72 0.000192 0.012354
73 0.000162 0.012516
74 0.000184 0.012700
75 0.000176 0.012876
76 0.000164 0.013040
77 0.000183 0.013223
78 0.000204 0.013427
79 0.000176 0.013603
80 0.000193 0.013796
81 0.000181 0.013977
82 0.000189 0.014166
83 0.000176 0.014342
84 0.000190 0.014532
85 0.000196 0.014728
86 0.000198 0.014926
87 0.000185 0.015111
88 0.000201 0.015312
89 0.000203 0.015515
90 0.000180 0.015695
91 0.000196 0.015891
92 0.000173 0.016064
93 0.000165 0.016229
94 0.000191 0.016420
95 0.000165 0.016585
96 0.000172 0.016757
97 0.000160 0.016917
98 0.000154 0.017071
99 0.000167 0.017238
100 0.000180 0.017418
101 0.000183 0.017601
102 0.000194 0.017795
103 0.000206 0.018001
104 0.000176 0.018177
105 0.000187 0.018364
106 0.000209 0.018573
107 0.000177 0.018750
108 0.000159 0.018909
109 0.000189 0.019098
110 0.000176 0.019274
111 0.000337 0.019611
112 0.000176 0.019787
113 0.000177 0.019964
114 0.000227 0.020191
115 0.000274 0.020465
116 0.000178 0.020643
117 0.000183 0.020826
done 117 0.000666 0.021492
