#secondnet
init 0 0
1 0.000141 0.000141
2 0.000114 0.000255
3 0.000098 0.000353
4 0.000085 0.000438
5 0.000093 0.000531
6 0.000082 0.000613
7 0.000085 0.000698
8 0.000088 0.000786
9 0.000088 0.000874
10 0.000086 0.000960
11 0.000090 0.001050
12 0.000088 0.001138
13 0.000093 0.001231
14 0.000103 0.001334
15 0.000086 0.001420
16 0.000104 0.001524
17 0.000095 0.001619
18 0.000098 0.001717
19 0.000101 0.001818
20 0.000100 0.001918
21 0.000101 0.002019
22 0.000094 0.002113
23 0.000097 0.002210
24 0.000101 0.002311
25 0.000086 0.002397
26 0.000096 0.002493
27 0.000092 0.002585
28 0.000104 0.002689
29 0.000100 0.002789
30 0.000116 0.002905
31 0.000098 0.003003
32 0.000087 0.003090
33 0.000092 0.003182
34 0.000085 0.003267
35 0.000088 0.003355
36 0.000091 0.003446
37 0.000091 0.003537
38 0.000095 0.003632
39 0.000097 0.003729
40 0.000105 0.003834
41 0.000098 0.003932
42 0.000106 0.004038
43 0.000094 0.004132
44 0.000098 0.004230
45 0.000100 0.004330
46 0.000093 0.004423
47 0.000098 0.004521
48 0.000084 0.004605
49 0.000121 0.004726
50 0.000100 0.004826
51 0.000095 0.004921
52 0.000107 0.005028
53 0.000093 0.005121
54 0.000104 0.005225
55 0.000097 0.005322
56 0.000104 0.005426
57 0.000102 0.005528
58 0.000112 0.005640
59 0.000096 0.005736
60 0.000101 0.005837
61 0.000103 0.005940
62 0.000090 0.006030
63 0.000095 0.006125
64 0.000092 0.006217
65 0.000100 0.006317
66 0.000111 0.006428
67 0.000110 0.006538
68 0.000104 0.006642
69 0.000096 0.006738
70 0.000101 0.006839
71 0.000108 0.006947
72 0.000103 0.007050
73 0.000114 0.007164
74 0.000110 0.007274
75 0.000109 0.007383
76 0.000104 0.007487
77 0.000095 0.007582
78 0.000096 0.007678
79 0.000098 0.007776
80 0.000106 0.007882
81 0.000102 0.007984
82 0.000120 0.008104
83 0.000102 0.008206
84 0.000107 0.008313
85 0.000108 0.008421
86 0.000104 0.008525
87 0.000088 0.008613
88 0.000095 0.008708
89 0.000113 0.008821
90 0.000104 0.008925
91 0.000107 0.009032
92 0.000097 0.009129
93 0.000109 0.009238
94 0.000098 0.009336
95 0.000097 0.009433
96 0.000096 0.009529
97 0.000102 0.009631
98 0.000101 0.009732
99 0.000103 0.009835
100 0.000105 0.009940
101 0.000090 0.010030
102 0.000093 0.010123
103 0.000107 0.010230
104 0.000099 0.010329
105 0.000104 0.010433
106 0.000110 0.010543
107 0.000091 0.010634
108 0.000105 0.010739
109 0.000104 0.010843
110 0.000110 0.010953
111 0.000109 0.011062
112 0.000107 0.011169
113 0.000115 0.011284
114 0.000101 0.011385
115 0.000105 0.011490
116 0.000112 0.011602
117 0.000095 0.011697
118 0.000099 0.011796
119 0.000103 0.011899
120 0.000089 0.011988
121 0.000111 0.012099
122 0.000107 0.012206
123 0.000098 0.012304
124 0.000101 0.012405
125 0.000100 0.012505
126 0.000092 0.012597
127 0.000115 0.012712
128 0.000096 0.012808
129 0.000114 0.012922
130 0.000096 0.013018
131 0.000095 0.013113
132 0.000108 0.013221
133 0.000112 0.013333
134 0.000097 0.013430
135 0.000109 0.013539
136 0.000120 0.013659
137 0.000113 0.013772
138 0.000120 0.013892
139 0.000093 0.013985
140 0.000106 0.014091
141 0.000106 0.014197
142 0.000102 0.014299
143 0.000101 0.014400
144 0.000112 0.014512
145 0.000103 0.014615
146 0.000090 0.014705
147 0.000097 0.014802
148 0.000126 0.014928
149 0.000107 0.015035
150 0.000113 0.015148
151 0.000121 0.015269
152 0.000107 0.015376
153 0.000093 0.015469
154 0.000097 0.015566
155 0.000097 0.015663
156 0.000104 0.015767
157 0.000101 0.015868
158 0.000106 0.015974
159 0.000118 0.016092
160 0.000104 0.016196
161 0.000101 0.016297
162 0.000095 0.016392
163 0.000100 0.016492
164 0.000103 0.016595
165 0.000112 0.016707
166 0.000119 0.016826
167 0.000100 0.016926
168 0.000104 0.017030
169 0.000100 0.017130
170 0.000098 0.017228
171 0.000099 0.017327
172 0.000097 0.017424
173 0.000122 0.017546
174 0.000112 0.017658
175 0.000096 0.017754
176 0.000112 0.017866
177 0.000097 0.017963
178 0.000100 0.018063
179 0.000103 0.018166
180 0.000100 0.018266
181 0.000109 0.018375
182 0.000097 0.018472
183 0.000099 0.018571
184 0.000103 0.018674
185 0.000095 0.018769
186 0.000104 0.018873
187 0.000109 0.018982
188 0.000103 0.019085
189 0.000118 0.019203
190 0.000110 0.019313
191 0.000109 0.019422
192 0.000123 0.019545
193 0.000109 0.019654
194 0.000102 0.019756
195 0.000097 0.019853
196 0.000107 0.019960
197 0.000116 0.020076
198 0.000096 0.020172
199 0.000102 0.020274
200 0.000106 0.020380
201 0.000099 0.020479
202 0.000100 0.020579
203 0.000126 0.020705
204 0.000124 0.020829
205 0.000107 0.020936
206 0.000105 0.021041
207 0.000106 0.021147
208 0.000101 0.021248
209 0.000101 0.021349
210 0.000106 0.021455
211 0.000115 0.021570
212 0.000100 0.021670
213 0.000098 0.021768
214 0.000102 0.021870
215 0.000109 0.021979
216 0.000107 0.022086
217 0.000103 0.022189
218 0.000111 0.022300
219 0.000110 0.022410
220 0.000099 0.022509
221 0.000097 0.022606
222 0.000096 0.022702
223 0.000106 0.022808
224 0.000103 0.022911
225 0.000094 0.023005
226 0.000123 0.023128
227 0.000108 0.023236
228 0.000112 0.023348
229 0.000096 0.023444
230 0.000147 0.023591
231 0.000096 0.023687
232 0.000095 0.023782
233 0.000098 0.023880
234 0.000113 0.023993
235 0.000095 0.024088
236 0.000102 0.024190
237 0.000094 0.024284
238 0.000099 0.024383
239 0.000096 0.024479
240 0.000102 0.024581
241 0.000119 0.024700
242 0.000136 0.024836
243 0.000096 0.024932
244 0.000105 0.025037
245 0.000095 0.025132
246 0.000095 0.025227
247 0.000117 0.025344
248 0.000101 0.025445
249 0.000143 0.025588
250 0.000111 0.025699
251 0.000158 0.025857
252 0.000107 0.025964
253 0.000134 0.026098
254 0.000108 0.026206
255 0.000109 0.026315
256 0.000102 0.026417
257 0.000108 0.026525
258 0.000103 0.026628
259 0.000104 0.026732
260 0.000110 0.026842
261 0.000105 0.026947
262 0.000102 0.027049
263 0.000110 0.027159
264 0.000102 0.027261
265 0.000103 0.027364
266 0.000106 0.027470
267 0.000098 0.027568
268 0.000106 0.027674
269 0.000102 0.027776
270 0.000099 0.027875
271 0.000114 0.027989
272 0.000140 0.028129
273 0.000095 0.028224
274 0.000113 0.028337
275 0.000114 0.028451
276 0.000100 0.028551
277 0.000093 0.028644
278 0.000104 0.028748
279 0.000114 0.028862
280 0.000104 0.028966
281 0.000099 0.029065
282 0.000107 0.029172
283 0.000102 0.029274
284 0.000106 0.029380
285 0.000087 0.029467
286 0.000148 0.029615
287 0.000135 0.029750
288 0.000131 0.029881
289 0.000164 0.030045
290 0.000126 0.030171
291 0.000124 0.030295
292 0.000139 0.030434
293 0.000135 0.030569
294 0.000092 0.030661
295 0.000096 0.030757
296 0.000092 0.030849
297 0.000099 0.030948
298 0.000095 0.031043
299 0.000110 0.031153
300 0.000101 0.031254
301 0.000105 0.031359
302 0.000098 0.031457
303 0.000092 0.031549
304 0.000112 0.031661
305 0.000116 0.031777
306 0.000099 0.031876
307 0.000115 0.031991
308 0.000108 0.032099
309 0.000100 0.032199
310 0.000163 0.032362
311 0.000105 0.032467
312 0.000108 0.032575
313 0.000102 0.032677
314 0.000141 0.032818
315 0.000107 0.032925
316 0.000105 0.033030
317 0.000105 0.033135
318 0.000106 0.033241
319 0.000100 0.033341
320 0.000102 0.033443
321 0.000114 0.033557
322 0.000105 0.033662
323 0.000097 0.033759
324 0.000108 0.033867
325 0.000101 0.033968
326 0.000124 0.034092
327 0.000155 0.034247
328 0.000133 0.034380
329 0.000137 0.034517
330 0.000138 0.034655
331 0.000119 0.034774
332 0.000149 0.034923
333 0.000106 0.035029
334 0.000111 0.035140
335 0.000109 0.035249
336 0.000110 0.035359
337 0.000093 0.035452
338 0.000101 0.035553
339 0.000105 0.035658
340 0.000091 0.035749
341 0.000187 0.035936
342 0.000108 0.036044
343 0.000105 0.036149
344 0.000106 0.036255
345 0.000104 0.036359
346 0.000130 0.036489
347 0.000101 0.036590
348 0.000116 0.036706
349 0.000107 0.036813
350 0.000102 0.036915
351 0.000128 0.037043
352 0.000144 0.037187
353 0.000108 0.037295
354 0.000097 0.037392
355 0.000108 0.037500
356 0.000123 0.037623
357 0.000133 0.037756
358 0.000095 0.037851
359 0.000106 0.037957
360 0.000109 0.038066
361 0.000089 0.038155
362 0.000111 0.038266
363 0.000163 0.038429
364 0.000089 0.038518
365 0.000103 0.038621
366 0.000198 0.038819
367 0.000167 0.038986
368 0.000191 0.039177
369 0.000198 0.039375
370 0.000208 0.039583
371 0.000158 0.039741
372 0.000112 0.039853
373 0.000110 0.039963
374 0.000127 0.040090
375 0.000094 0.040184
376 0.000096 0.040280
377 0.000101 0.040381
378 0.000107 0.040488
379 0.000131 0.040619
380 0.000102 0.040721
381 0.000124 0.040845
382 0.000100 0.040945
383 0.000130 0.041075
384 0.000148 0.041223
385 0.000159 0.041382
386 0.000125 0.041507
387 0.000265 0.041772
388 0.000147 0.041919
389 0.000100 0.042019
390 0.000143 0.042162
391 0.000212 0.042374
392 0.000179 0.042553
393 0.000199 0.042752
394 0.000212 0.042964
395 0.000100 0.043064
396 0.000193 0.043257
397 0.000154 0.043411
398 0.000142 0.043553
399 0.000127 0.043680
400 0.000172 0.043852
401 0.000097 0.043949
402 0.000100 0.044049
403 0.000109 0.044158
404 0.000135 0.044293
405 0.000154 0.044447
406 0.000168 0.044615
407 0.000169 0.044784
408 0.000134 0.044918
409 0.000257 0.045175
410 0.000109 0.045284
411 0.000129 0.045413
412 0.000337 0.045750
413 0.000116 0.045866
414 0.000127 0.045993
415 0.000162 0.046155
416 0.000159 0.046314
417 0.000119 0.046433
418 0.000130 0.046563
419 0.000164 0.046727
420 0.000115 0.046842
421 0.000160 0.047002
422 0.000128 0.047130
423 0.000147 0.047277
424 0.000187 0.047464
425 0.000192 0.047656
426 0.000215 0.047871
427 0.000202 0.048073
428 0.000104 0.048177
429 0.000176 0.048353
430 0.000165 0.048518
431 0.000155 0.048673
432 0.000312 0.048985
433 0.000392 0.049377
434 0.000134 0.049511
435 0.000095 0.049606
436 0.000219 0.049825
437 0.000140 0.049965
438 0.000146 0.050111
439 0.000124 0.050235
440 0.000136 0.050371
441 0.000092 0.050463
442 0.000165 0.050628
443 0.000127 0.050755
444 0.000197 0.050952
445 0.000280 0.051232
446 0.000294 0.051526
447 0.000272 0.051798
448 0.000180 0.051978
449 0.000232 0.052210
450 0.000170 0.052380
451 0.000186 0.052566
452 0.000213 0.052779
453 0.000273 0.053052
454 0.000167 0.053219
455 0.000149 0.053368
456 0.000219 0.053587
457 0.000174 0.053761
458 0.000252 0.054013
459 0.000127 0.054140
460 0.000125 0.054265
461 0.000235 0.054500
462 0.000194 0.054694
463 0.000107 0.054801
464 0.000134 0.054935
465 0.000134 0.055069
466 0.000138 0.055207
467 0.000141 0.055348
468 0.000139 0.055487
469 0.000327 0.055814
470 0.000241 0.056055
471 0.000157 0.056212
472 0.000164 0.056376
473 0.000230 0.056606
474 0.000415 0.057021
475 0.000116 0.057137
476 0.000236 0.057373
477 0.000342 0.057715
478 0.000276 0.057991
479 0.000271 0.058262
480 0.000169 0.058431
481 0.000135 0.058566
482 0.000130 0.058696
483 0.000176 0.058872
484 0.000252 0.059124
485 0.000270 0.059394
486 0.000228 0.059622
487 0.000265 0.059887
488 0.000336 0.060223
489 0.000347 0.060570
490 0.000199 0.060769
491 0.000145 0.060914
492 0.000296 0.061210
493 0.000127 0.061337
494 0.000309 0.061646
495 0.000347 0.061993
496 0.000376 0.062369
497 0.000203 0.062572
498 0.000121 0.062693
499 0.000417 0.063110
500 0.000106 0.063216
501 0.000187 0.063403
502 0.000207 0.063610
503 0.000236 0.063846
504 0.000193 0.064039
505 0.000185 0.064224
506 0.000198 0.064422
507 0.000149 0.064571
508 0.000188 0.064759
509 0.000263 0.065022
510 0.000336 0.065358
511 0.000261 0.065619
512 0.000223 0.065842
513 0.000309 0.066151
514 0.000197 0.066348
515 0.000283 0.066631
516 0.000234 0.066865
517 0.000104 0.066969
518 0.000200 0.067169
519 0.000245 0.067414
520 0.000233 0.067647
521 0.000676 0.068323
522 0.000625 0.068948
523 0.000660 0.069608
524 0.000302 0.069910
525 0.000194 0.070104
526 0.000696 0.070800
527 0.000483 0.071283
528 0.000741 0.072024
done 528 0.000825 0.072849
