#secondnet
init 0 0
1 0.000258 0.000258
2 0.000208 0.000466
3 0.000180 0.000646
4 0.000197 0.000843
5 0.000180 0.001023
6 0.000198 0.001221
7 0.000193 0.001414
8 0.000194 0.001608
9 0.000179 0.001787
10 0.000176 0.001963
11 0.000183 0.002146
12 0.000188 0.002334
13 0.000197 0.002531
14 0.000183 0.002714
15 0.000169 0.002883
16 0.000189 0.003072
17 0.000185 0.003257
18 0.000174 0.003431
19 0.000172 0.003603
20 0.000207 0.003810
21 0.000194 0.004004
22 0.000173 0.004177
23 0.000215 0.004392
24 0.000186 0.004578
25 0.000212 0.004790
26 0.000214 0.005004
27 0.000206 0.005210
28 0.000206 0.005416
29 0.000178 0.005594
30 0.000183 0.005777
31 0.000206 0.005983
32 0.000188 0.006171
33 0.000181 0.006352
34 0.000188 0.006540
35 0.000178 0.006718
36 0.000217 0.006935
37 0.000193 0.007128
38 0.000189 0.007317
39 0.000180 0.007497
40 0.000207 0.007704
41 0.000210 0.007914
42 0.000204 0.008118
43 0.000191 0.008309
44 0.000193 0.008502
45 0.000180 0.008682
46 0.000197 0.008879
47 0.000182 0.009061
48 0.000189 0.009250
49 0.000200 0.009450
50 0.000177 0.009627
51 0.000198 0.009825
52 0.000181 0.010006
53 0.000190 0.010196
54 0.000220 0.010416
55 0.000201 0.010617
56 0.000180 0.010797
57 0.000197 0.010994
58 0.000207 0.011201
59 0.000184 0.011385
60 0.000210 0.011595
61 0.000188 0.011783
62 0.000200 0.011983
63 0.000188 0.012171
64 0.000200 0.012371
65 0.000219 0.012590
66 0.000168 0.012758
67 0.000234 0.012992
68 0.000211 0.013203
69 0.000191 0.013394
70 0.000184 0.013578
71 0.000191 0.013769
72 0.000208 0.013977
73 0.000193 0.014170
74 0.000211 0.014381
75 0.000194 0.014575
76 0.000192 0.014767
77 0.000192 0.014959
78 0.000217 0.015176
79 0.000213 0.015389
80 0.000209 0.015598
81 0.000209 0.015807
82 0.000224 0.016031
83 0.000202 0.016233
84 0.000216 0.016449
85 0.000238 0.016687
86 0.000243 0.016930
87 0.000237 0.017167
88 0.000222 0.017389
89 0.000222 0.017611
90 0.000203 0.017814
91 0.000221 0.018035
92 0.000207 0.018242
93 0.000193 0.018435
94 0.000232 0.018667
95 0.000196 0.018863
96 0.000204 0.019067
97 0.000196 0.019263
98 0.000196 0.019459
99 0.000195 0.019654
100 0.000222 0.019876
101 0.000220 0.020096
102 0.000234 0.020330
103 0.000233 0.020563
104 0.000206 0.020769
105 0.000210 0.020979
106 0.000216 0.021195
107 0.000199 0.021394
108 0.000186 0.021580
109 0.000223 0.021803
110 0.000191 0.021994
111 0.000216 0.022210
112 0.000213 0.022423
113 0.000203 0.022626
114 0.000213 0.022839
115 0.000197 0.023036
116 0.000197 0.023233
117 0.000203 0.023436
118 0.000195 0.023631
119 0.000211 0.023842
120 0.000194 0.024036
121 0.000221 0.024257
122 0.000209 0.024466
123 0.000229 0.024695
124 0.000227 0.024922
125 0.000216 0.025138
126 0.000206 0.025344
127 0.000212 0.025556
128 0.000240 0.025796
129 0.000230 0.026026
130 0.000207 0.026233
131 0.000215 0.026448
132 0.000204 0.026652
133 0.000223 0.026875
134 0.000229 0.027104
135 0.000219 0.027323
136 0.000202 0.027525
137 0.000202 0.027727
138 0.000195 0.027922
139 0.000213 0.028135
140 0.000239 0.028374
141 0.000200 0.028574
142 0.000211 0.028785
143 0.000226 0.029011
144 0.000229 0.029240
145 0.000224 0.029464
146 0.000206 0.029670
147 0.000209 0.029879
148 0.000207 0.030086
149 0.000211 0.030297
150 0.000209 0.030506
151 0.000213 0.030719
152 0.000240 0.030959
153 0.000189 0.031148
154 0.000202 0.031350
155 0.000222 0.031572
156 0.000200 0.031772
157 0.000230 0.032002
158 0.000193 0.032195
159 0.000198 0.032393
160 0.000202 0.032595
161 0.000214 0.032809
162 0.000213 0.033022
163 0.000239 0.033261
164 0.000201 0.033462
165 0.000199 0.033661
166 0.000214 0.033875
167 0.000225 0.034100
168 0.000217 0.034317
169 0.000199 0.034516
170 0.000209 0.034725
171 0.000224 0.034949
172 0.000207 0.035156
173 0.000206 0.035362
174 0.000225 0.035587
175 0.000222 0.035809
176 0.000208 0.036017
177 0.000224 0.036241
178 0.000215 0.036456
179 0.000203 0.036659
180 0.000227 0.036886
181 0.000220 0.037106
182 0.000219 0.037325
183 0.000207 0.037532
184 0.000249 0.037781
185 0.000194 0.037975
186 0.000219 0.038194
187 0.000222 0.038416
188 0.000219 0.038635
189 0.000198 0.038833
190 0.000199 0.039032
191 0.000232 0.039264
192 0.000257 0.039521
193 0.000219 0.039740
194 0.000210 0.039950
195 0.000219 0.040169
196 0.000207 0.040376
197 0.000211 0.040587
198 0.000218 0.040805
199 0.000230 0.041035
200 0.000238 0.041273
201 0.000197 0.041470
202 0.000245 0.041715
203 0.000210 0.041925
204 0.000239 0.042164
205 0.000215 0.042379
206 0.000239 0.042618
207 0.000195 0.042813
208 0.000222 0.043035
209 0.000215 0.043250
210 0.000239 0.043489
211 0.000216 0.043705
212 0.000232 0.043937
213 0.000220 0.044157
214 0.000243 0.044400
215 0.000240 0.044640
216 0.000225 0.044865
217 0.000256 0.045121
218 0.000237 0.045358
219 0.000212 0.045570
220 0.000221 0.045791
221 0.000214 0.046005
222 0.000225 0.046230
223 0.000212 0.046442
224 0.000232 0.046674
225 0.000224 0.046898
226 0.000212 0.047110
227 0.000218 0.047328
228 0.000236 0.047564
229 0.000223 0.047787
230 0.000222 0.048009
231 0.000207 0.048216
232 0.000245 0.048461
233 0.000205 0.048666
234 0.000221 0.048887
235 0.000227 0.049114
236 0.000236 0.049350
237 0.000202 0.049552
238 0.000211 0.049763
239 0.000218 0.049981
240 0.000206 0.050187
241 0.000215 0.050402
242 0.000222 0.050624
243 0.000202 0.050826
244 0.000234 0.051060
245 0.000203 0.051263
246 0.000221 0.051484
247 0.000259 0.051743
248 0.000212 0.051955
249 0.000240 0.052195
250 0.000325 0.052520
251 0.000201 0.052721
252 0.000247 0.052968
253 0.000238 0.053206
254 0.000216 0.053422
255 0.000396 0.053818
256 0.000222 0.054040
257 0.000226 0.054266
258 0.000251 0.054517
259 0.000239 0.054756
260 0.000206 0.054962
261 0.000224 0.055186
262 0.000217 0.055403
done 262 0.001138 0.056541
