#secondnet
init 0 0
1 0.000112 0.000112
2 0.000091 0.000203
3 0.000087 0.000290
4 0.000076 0.000366
5 0.000064 0.000430
6 0.000072 0.000502
7 0.000071 0.000573
8 0.000064 0.000637
9 0.000064 0.000701
10 0.000063 0.000764
11 0.000071 0.000835
12 0.000066 0.000901
13 0.000072 0.000973
14 0.000068 0.001041
15 0.000062 0.001103
16 0.000069 0.001172
17 0.000067 0.001239
18 0.000067 0.001306
19 0.000069 0.001375
20 0.000065 0.001440
21 0.000069 0.001509
22 0.000072 0.001581
23 0.000064 0.001645
24 0.000070 0.001715
25 0.000071 0.001786
26 0.000061 0.001847
27 0.000061 0.001908
28 0.000070 0.001978
29 0.000067 0.002045
30 0.000065 0.002110
31 0.000070 0.002180
32 0.000062 0.002242
33 0.000065 0.002307
34 0.000081 0.002388
35 0.000072 0.002460
36 0.000065 0.002525
37 0.000066 0.002591
38 0.000066 0.002657
39 0.000069 0.002726
40 0.000066 0.002792
41 0.000073 0.002865
42 0.000072 0.002937
43 0.000071 0.003008
44 0.000073 0.003081
45 0.000059 0.003140
46 0.000065 0.003205
47 0.000074 0.003279
48 0.000060 0.003339
49 0.000061 0.003400
50 0.000070 0.003470
51 0.000065 0.003535
52 0.000066 0.003601
53 0.000072 0.003673
54 0.000067 0.003740
55 0.000068 0.003808
56 0.000074 0.003882
57 0.000062 0.003944
58 0.000065 0.004009
59 0.000069 0.004078
60 0.000062 0.004140
61 0.000061 0.004201
62 0.000073 0.004274
63 0.000070 0.004344
64 0.000066 0.004410
65 0.000069 0.004479
66 0.000066 0.004545
67 0.000061 0.004606
68 0.000061 0.004667
69 0.000064 0.004731
70 0.000064 0.004795
71 0.000071 0.004866
72 0.000068 0.004934
73 0.000069 0.005003
74 0.000071 0.005074
75 0.000070 0.005144
76 0.000066 0.005210
77 0.000063 0.005273
78 0.000074 0.005347
79 0.000066 0.005413
80 0.000071 0.005484
81 0.000066 0.005550
82 0.000066 0.005616
83 0.000065 0.005681
84 0.000072 0.005753
85 0.000064 0.005817
86 0.000067 0.005884
87 0.000067 0.005951
88 0.000063 0.006014
89 0.000063 0.006077
90 0.000068 0.006145
91 0.000066 0.006211
92 0.000068 0.006279
93 0.000080 0.006359
94 0.000073 0.006432
95 0.000064 0.006496
96 0.000069 0.006565
97 0.000068 0.006633
98 0.000061 0.006694
99 0.000070 0.006764
100 0.000068 0.006832
101 0.000067 0.006899
102 0.000064 0.006963
103 0.000067 0.007030
104 0.000067 0.007097
105 0.000063 0.007160
106 0.000063 0.007223
107 0.000061 0.007284
108 0.000070 0.007354
109 0.000060 0.007414
110 0.000059 0.007473
111 0.000068 0.007541
112 0.000059 0.007600
113 0.000067 0.007667
114 0.000066 0.007733
115 0.000066 0.007799
116 0.000065 0.007864
117 0.000066 0.007930
118 0.000062 0.007992
119 0.000065 0.008057
120 0.000067 0.008124
121 0.000066 0.008190
122 0.000065 0.008255
123 0.000068 0.008323
124 0.000060 0.008383
125 0.000063 0.008446
126 0.000066 0.008512
127 0.000068 0.008580
128 0.000066 0.008646
129 0.000068 0.008714
130 0.000076 0.008790
131 0.000068 0.008858
132 0.000067 0.008925
133 0.000068 0.008993
134 0.000070 0.009063
135 0.000071 0.009134
136 0.000071 0.009205
137 0.000070 0.009275
138 0.000080 0.009355
139 0.000070 0.009425
140 0.000071 0.009496
141 0.000066 0.009562
142 0.000066 0.009628
143 0.000071 0.009699
144 0.000069 0.009768
145 0.000062 0.009830
146 0.000066 0.009896
147 0.000073 0.009969
148 0.000067 0.010036
149 0.000064 0.010100
150 0.000073 0.010173
151 0.000070 0.010243
152 0.000069 0.010312
153 0.000072 0.010384
154 0.000063 0.010447
155 0.000072 0.010519
156 0.000066 0.010585
157 0.000066 0.010651
158 0.000071 0.010722
159 0.000069 0.010791
160 0.000076 0.010867
161 0.000067 0.010934
162 0.000066 0.011000
163 0.000065 0.011065
164 0.000061 0.011126
165 0.000069 0.011195
166 0.000069 0.011264
167 0.000064 0.011328
168 0.000067 0.011395
169 0.000067 0.011462
170 0.000066 0.011528
171 0.000068 0.011596
172 0.000068 0.011664
173 0.000067 0.011731
174 0.000073 0.011804
175 0.000066 0.011870
176 0.000065 0.011935
177 0.000069 0.012004
178 0.000072 0.012076
179 0.000063 0.012139
180 0.000079 0.012218
181 0.000083 0.012301
182 0.000070 0.012371
183 0.000072 0.012443
184 0.000073 0.012516
185 0.000068 0.012584
186 0.000073 0.012657
187 0.000068 0.012725
188 0.000066 0.012791
189 0.000073 0.012864
190 0.000066 0.012930
191 0.000069 0.012999
192 0.000079 0.013078
193 0.000073 0.013151
194 0.000064 0.013215
195 0.000069 0.013284
196 0.000068 0.013352
197 0.000067 0.013419
198 0.000073 0.013492
199 0.000070 0.013562
200 0.000071 0.013633
201 0.000073 0.013706
202 0.000067 0.013773
203 0.000060 0.013833
204 0.000071 0.013904
205 0.000067 0.013971
206 0.000063 0.014034
207 0.000063 0.014097
208 0.000067 0.014164
209 0.000066 0.014230
210 0.000068 0.014298
211 0.000067 0.014365
212 0.000069 0.014434
213 0.000067 0.014501
214 0.000060 0.014561
215 0.000071 0.014632
216 0.000074 0.014706
217 0.000077 0.014783
218 0.000071 0.014854
219 0.000068 0.014922
220 0.000068 0.014990
221 0.000071 0.015061
222 0.000068 0.015129
223 0.000061 0.015190
224 0.000064 0.015254
225 0.000073 0.015327
226 0.000067 0.015394
227 0.000075 0.015469
228 0.000067 0.015536
229 0.000060 0.015596
230 0.000078 0.015674
231 0.000070 0.015744
232 0.000069 0.015813
233 0.000077 0.015890
234 0.000076 0.015966
235 0.000069 0.016035
236 0.000071 0.016106
237 0.000069 0.016175
238 0.000071 0.016246
239 0.000083 0.016329
240 0.000065 0.016394
241 0.000072 0.016466
242 0.000070 0.016536
243 0.000065 0.016601
244 0.000070 0.016671
245 0.000079 0.016750
246 0.000068 0.016818
247 0.000061 0.016879
248 0.000074 0.016953
249 0.000075 0.017028
250 0.000067 0.017095
251 0.000060 0.017155
252 0.000071 0.017226
253 0.000067 0.017293
254 0.000068 0.017361
255 0.000071 0.017432
256 0.000068 0.017500
257 0.000067 0.017567
258 0.000070 0.017637
259 0.000065 0.017702
260 0.000068 0.017770
261 0.000070 0.017840
262 0.000070 0.017910
263 0.000067 0.017977
264 0.000074 0.018051
265 0.000069 0.018120
266 0.000067 0.018187
267 0.000070 0.018257
268 0.000071 0.018328
269 0.000062 0.018390
270 0.000067 0.018457
271 0.000070 0.018527
272 0.000068 0.018595
273 0.000064 0.018659
274 0.000064 0.018723
275 0.000070 0.018793
276 0.000073 0.018866
277 0.000070 0.018936
278 0.000070 0.019006
279 0.000066 0.019072
280 0.000075 0.019147
281 0.000067 0.019214
282 0.000066 0.019280
283 0.000071 0.019351
284 0.000071 0.019422
285 0.000069 0.019491
286 0.000069 0.019560
287 0.000070 0.019630
288 0.000071 0.019701
289 0.000070 0.019771
290 0.000074 0.019845
291 0.000067 0.019912
292 0.000064 0.019976
293 0.000072 0.020048
294 0.000068 0.020116
295 0.000063 0.020179
296 0.000075 0.020254
297 0.000081 0.020335
298 0.000064 0.020399
299 0.000061 0.020460
300 0.000068 0.020528
301 0.000072 0.020600
302 0.000064 0.020664
303 0.000072 0.020736
304 0.000066 0.020802
305 0.000072 0.020874
306 0.000070 0.020944
307 0.000068 0.021012
308 0.000066 0.021078
309 0.000067 0.021145
310 0.000068 0.021213
311 0.000061 0.021274
312 0.000068 0.021342
313 0.000068 0.021410
314 0.000070 0.021480
315 0.000064 0.021544
316 0.000067 0.021611
317 0.000070 0.021681
318 0.000069 0.021750
319 0.000067 0.021817
320 0.000068 0.021885
321 0.000061 0.021946
322 0.000070 0.022016
323 0.000070 0.022086
324 0.000068 0.022154
325 0.000067 0.022221
326 0.000066 0.022287
327 0.000070 0.022357
328 0.000061 0.022418
329 0.000076 0.022494
330 0.000066 0.022560
331 0.000074 0.022634
332 0.000071 0.022705
333 0.000067 0.022772
334 0.000070 0.022842
335 0.000069 0.022911
336 0.000075 0.022986
337 0.000060 0.023046
338 0.000070 0.023116
339 0.000075 0.023191
340 0.000071 0.023262
341 0.000075 0.023337
342 0.000068 0.023405
343 0.000065 0.023470
344 0.000076 0.023546
345 0.000067 0.023613
346 0.000064 0.023677
347 0.000071 0.023748
348 0.000068 0.023816
349 0.000071 0.023887
350 0.000071 0.023958
351 0.000068 0.024026
352 0.000065 0.024091
353 0.000077 0.024168
354 0.000070 0.024238
355 0.000069 0.024307
356 0.000071 0.024378
357 0.000071 0.024449
358 0.000075 0.024524
359 0.000068 0.024592
360 0.000076 0.024668
361 0.000071 0.024739
362 0.000070 0.024809
363 0.000069 0.024878
364 0.000068 0.024946
365 0.000067 0.025013
366 0.000068 0.025081
367 0.000072 0.025153
368 0.000064 0.025217
369 0.000065 0.025282
370 0.000066 0.025348
371 0.000071 0.025419
372 0.000069 0.025488
373 0.000070 0.025558
374 0.000075 0.025633
375 0.000068 0.025701
376 0.000065 0.025766
377 0.000062 0.025828
378 0.000076 0.025904
379 0.000069 0.025973
380 0.000074 0.026047
381 0.000068 0.026115
382 0.000071 0.026186
383 0.000071 0.026257
384 0.000070 0.026327
385 0.000067 0.026394
386 0.000069 0.026463
387 0.000070 0.026533
388 0.000067 0.026600
389 0.000063 0.026663
390 0.000065 0.026728
391 0.000074 0.026802
392 0.000071 0.026873
393 0.000070 0.026943
394 0.000071 0.027014
395 0.000076 0.027090
396 0.000076 0.027166
397 0.000067 0.027233
398 0.000069 0.027302
399 0.000067 0.027369
400 0.000064 0.027433
401 0.000064 0.027497
402 0.000067 0.027564
403 0.000068 0.027632
404 0.000068 0.027700
405 0.000067 0.027767
406 0.000071 0.027838
407 0.000065 0.027903
408 0.000068 0.027971
409 0.000072 0.028043
410 0.000068 0.028111
411 0.000070 0.028181
412 0.000078 0.028259
413 0.000078 0.028337
414 0.000065 0.028402
415 0.000063 0.028465
416 0.000067 0.028532
417 0.000066 0.028598
418 0.000070 0.028668
419 0.000071 0.028739
420 0.000071 0.028810
421 0.000067 0.028877
422 0.000072 0.028949
423 0.000068 0.029017
424 0.000067 0.029084
425 0.000071 0.029155
426 0.000068 0.029223
427 0.000072 0.029295
428 0.000064 0.029359
429 0.000079 0.029438
430 0.000066 0.029504
431 0.000060 0.029564
432 0.000062 0.029626
433 0.000070 0.029696
434 0.000064 0.029760
435 0.000065 0.029825
436 0.000076 0.029901
437 0.000075 0.029976
438 0.000064 0.030040
439 0.000070 0.030110
440 0.000076 0.030186
441 0.000066 0.030252
442 0.000071 0.030323
443 0.000074 0.030397
444 0.000064 0.030461
445 0.000070 0.030531
446 0.000068 0.030599
447 0.000071 0.030670
448 0.000066 0.030736
449 0.000071 0.030807
450 0.000060 0.030867
451 0.000069 0.030936
452 0.000071 0.031007
453 0.000067 0.031074
454 0.000067 0.031141
455 0.000068 0.031209
456 0.000060 0.031269
457 0.000067 0.031336
458 0.000075 0.031411
459 0.000075 0.031486
460 0.000068 0.031554
461 0.000068 0.031622
462 0.000070 0.031692
463 0.000059 0.031751
464 0.000067 0.031818
465 0.000064 0.031882
466 0.000063 0.031945
467 0.000061 0.032006
468 0.000072 0.032078
469 0.000068 0.032146
470 0.000066 0.032212
471 0.000089 0.032301
472 0.000072 0.032373
473 0.000069 0.032442
474 0.000064 0.032506
475 0.000069 0.032575
476 0.000068 0.032643
477 0.000060 0.032703
478 0.000071 0.032774
479 0.000061 0.032835
480 0.000062 0.032897
481 0.000064 0.032961
482 0.000068 0.033029
483 0.000065 0.033094
484 0.000071 0.033165
485 0.000070 0.033235
486 0.000064 0.033299
487 0.000066 0.033365
488 0.000068 0.033433
489 0.000065 0.033498
490 0.000063 0.033561
491 0.000074 0.033635
492 0.000068 0.033703
493 0.000072 0.033775
494 0.000065 0.033840
495 0.000066 0.033906
496 0.000065 0.033971
497 0.000065 0.034036
498 0.000073 0.034109
499 0.000071 0.034180
500 0.000070 0.034250
501 0.000072 0.034322
502 0.000070 0.034392
503 0.000071 0.034463
504 0.000066 0.034529
505 0.000067 0.034596
506 0.000067 0.034663
507 0.000071 0.034734
508 0.000074 0.034808
509 0.000072 0.034880
510 0.000067 0.034947
511 0.000071 0.035018
512 0.000069 0.035087
513 0.000069 0.035156
514 0.000069 0.035225
515 0.000065 0.035290
516 0.000067 0.035357
517 0.000073 0.035430
518 0.000065 0.035495
519 0.000063 0.035558
520 0.000059 0.035617
521 0.000072 0.035689
522 0.000064 0.035753
523 0.000072 0.035825
524 0.000074 0.035899
525 0.000067 0.035966
526 0.000071 0.036037
527 0.000073 0.036110
528 0.000070 0.036180
529 0.000067 0.036247
530 0.000080 0.036327
531 0.000065 0.036392
532 0.000068 0.036460
533 0.000072 0.036532
534 0.000068 0.036600
535 0.000067 0.036667
536 0.000067 0.036734
537 0.000071 0.036805
538 0.000069 0.036874
539 0.000064 0.036938
540 0.000069 0.037007
541 0.000070 0.037077
542 0.000059 0.037136
543 0.000074 0.037210
544 0.000070 0.037280
545 0.000067 0.037347
546 0.000073 0.037420
547 0.000067 0.037487
548 0.000070 0.037557
549 0.000069 0.037626
550 0.000074 0.037700
551 0.000071 0.037771
552 0.000072 0.037843
553 0.000070 0.037913
554 0.000071 0.037984
555 0.000074 0.038058
556 0.000065 0.038123
557 0.000066 0.038189
558 0.000068 0.038257
559 0.000080 0.038337
560 0.000065 0.038402
561 0.000067 0.038469
562 0.000061 0.038530
563 0.000068 0.038598
564 0.000069 0.038667
565 0.000070 0.038737
566 0.000064 0.038801
567 0.000067 0.038868
568 0.000070 0.038938
569 0.000070 0.039008
570 0.000067 0.039075
571 0.000066 0.039141
572 0.000067 0.039208
573 0.000068 0.039276
574 0.000068 0.039344
575 0.000067 0.039411
576 0.000065 0.039476
577 0.000071 0.039547
578 0.000073 0.039620
579 0.000067 0.039687
580 0.000063 0.039750
581 0.000062 0.039812
582 0.000071 0.039883
583 0.000064 0.039947
584 0.000069 0.040016
585 0.000070 0.040086
586 0.000071 0.040157
587 0.000068 0.040225
588 0.000085 0.040310
589 0.000072 0.040382
590 0.000063 0.040445
591 0.000065 0.040510
592 0.000067 0.040577
593 0.000061 0.040638
594 0.000068 0.040706
595 0.000073 0.040779
596 0.000069 0.040848
597 0.000071 0.040919
598 0.000066 0.040985
599 0.000067 0.041052
600 0.000071 0.041123
601 0.000071 0.041194
602 0.000073 0.041267
603 0.000074 0.041341
604 0.000064 0.041405
605 0.000070 0.041475
606 0.000067 0.041542
607 0.000071 0.041613
608 0.000063 0.041676
609 0.000073 0.041749
610 0.000069 0.041818
611 0.000067 0.041885
612 0.000061 0.041946
613 0.000074 0.042020
614 0.000065 0.042085
615 0.000061 0.042146
616 0.000070 0.042216
617 0.000077 0.042293
618 0.000067 0.042360
619 0.000061 0.042421
620 0.000063 0.042484
621 0.000069 0.042553
622 0.000063 0.042616
623 0.000068 0.042684
624 0.000071 0.042755
625 0.000067 0.042822
626 0.000068 0.042890
627 0.000073 0.042963
628 0.000071 0.043034
629 0.000063 0.043097
630 0.000066 0.043163
631 0.000070 0.043233
632 0.000070 0.043303
633 0.000065 0.043368
634 0.000068 0.043436
635 0.000074 0.043510
636 0.000062 0.043572
637 0.000067 0.043639
638 0.000063 0.043702
639 0.000067 0.043769
640 0.000066 0.043835
641 0.000065 0.043900
642 0.000067 0.043967
643 0.000067 0.044034
644 0.000069 0.044103
645 0.000062 0.044165
646 0.000064 0.044229
647 0.000081 0.044310
648 0.000072 0.044382
649 0.000066 0.044448
650 0.000071 0.044519
651 0.000071 0.044590
652 0.000064 0.044654
653 0.000060 0.044714
654 0.000067 0.044781
655 0.000071 0.044852
656 0.000067 0.044919
657 0.000070 0.044989
658 0.000061 0.045050
659 0.000063 0.045113
660 0.000080 0.045193
661 0.000070 0.045263
662 0.000071 0.045334
663 0.000077 0.045411
664 0.000065 0.045476
665 0.000063 0.045539
666 0.000064 0.045603
667 0.000068 0.045671
668 0.000069 0.045740
669 0.000071 0.045811
670 0.000063 0.045874
671 0.000067 0.045941
672 0.000072 0.046013
673 0.000065 0.046078
674 0.000068 0.046146
675 0.000071 0.046217
676 0.000059 0.046276
677 0.000067 0.046343
678 0.000067 0.046410
679 0.000067 0.046477
680 0.000063 0.046540
681 0.000064 0.046604
682 0.000068 0.046672
683 0.000064 0.046736
684 0.000068 0.046804
685 0.000066 0.046870
686 0.000065 0.046935
687 0.000074 0.047009
688 0.000071 0.047080
689 0.000060 0.047140
690 0.000070 0.047210
691 0.000071 0.047281
692 0.000067 0.047348
693 0.000070 0.047418
694 0.000071 0.047489
695 0.000069 0.047558
696 0.000072 0.047630
697 0.000067 0.047697
698 0.000067 0.047764
699 0.000070 0.047834
700 0.000071 0.047905
701 0.000065 0.047970
702 0.000080 0.048050
703 0.000069 0.048119
704 0.000062 0.048181
705 0.000079 0.048260
706 0.000069 0.048329
707 0.000067 0.048396
708 0.000076 0.048472
709 0.000068 0.048540
710 0.000068 0.048608
711 0.000071 0.048679
712 0.000059 0.048738
713 0.000061 0.048799
714 0.000074 0.048873
715 0.000073 0.048946
716 0.000068 0.049014
717 0.000068 0.049082
718 0.000066 0.049148
719 0.000071 0.049219
720 0.000072 0.049291
721 0.000066 0.049357
722 0.000071 0.049428
723 0.000072 0.049500
724 0.000067 0.049567
725 0.000064 0.049631
726 0.000068 0.049699
727 0.000071 0.049770
728 0.000074 0.049844
729 0.000067 0.049911
730 0.000070 0.049981
731 0.000071 0.050052
732 0.000068 0.050120
733 0.000060 0.050180
734 0.000064 0.050244
735 0.000071 0.050315
736 0.000066 0.050381
737 0.000077 0.050458
738 0.000070 0.050528
739 0.000068 0.050596
740 0.000085 0.050681
741 0.000077 0.050758
742 0.000067 0.050825
743 0.000073 0.050898
744 0.000072 0.050970
745 0.000067 0.051037
746 0.000071 0.051108
747 0.000068 0.051176
748 0.000066 0.051242
749 0.000068 0.051310
750 0.000077 0.051387
751 0.000067 0.051454
752 0.000073 0.051527
753 0.000071 0.051598
754 0.000073 0.051671
755 0.000066 0.051737
756 0.000063 0.051800
757 0.000062 0.051862
758 0.000073 0.051935
759 0.000066 0.052001
760 0.000064 0.052065
761 0.000069 0.052134
762 0.000069 0.052203
763 0.000075 0.052278
764 0.000069 0.052347
765 0.000066 0.052413
766 0.000071 0.052484
767 0.000069 0.052553
768 0.000068 0.052621
769 0.000067 0.052688
770 0.000071 0.052759
771 0.000072 0.052831
772 0.000063 0.052894
773 0.000070 0.052964
774 0.000073 0.053037
775 0.000067 0.053104
776 0.000066 0.053170
777 0.000077 0.053247
778 0.000069 0.053316
779 0.000063 0.053379
780 0.000064 0.053443
781 0.000069 0.053512
782 0.000064 0.053576
783 0.000063 0.053639
784 0.000072 0.053711
785 0.000069 0.053780
786 0.000067 0.053847
787 0.000068 0.053915
788 0.000072 0.053987
789 0.000069 0.054056
790 0.000078 0.054134
791 0.000070 0.054204
792 0.000067 0.054271
793 0.000076 0.054347
794 0.000073 0.054420
795 0.000066 0.054486
796 0.000064 0.054550
797 0.000070 0.054620
798 0.000071 0.054691
799 0.000072 0.054763
800 0.000072 0.054835
801 0.000064 0.054899
802 0.000075 0.054974
803 0.000067 0.055041
804 0.000070 0.055111
805 0.000077 0.055188
806 0.000073 0.055261
807 0.000067 0.055328
808 0.000072 0.055400
809 0.000071 0.055471
810 0.000069 0.055540
811 0.000070 0.055610
812 0.000069 0.055679
813 0.000068 0.055747
814 0.000059 0.055806
815 0.000065 0.055871
816 0.000066 0.055937
817 0.000064 0.056001
818 0.000069 0.056070
819 0.000062 0.056132
820 0.000070 0.056202
821 0.000078 0.056280
822 0.000071 0.056351
823 0.000066 0.056417
824 0.000070 0.056487
825 0.000068 0.056555
826 0.000072 0.056627
827 0.000068 0.056695
828 0.000068 0.056763
829 0.000067 0.056830
830 0.000069 0.056899
831 0.000067 0.056966
832 0.000066 0.057032
833 0.000073 0.057105
834 0.000071 0.057176
835 0.000071 0.057247
836 0.000070 0.057317
837 0.000059 0.057376
838 0.000066 0.057442
839 0.000063 0.057505
840 0.000080 0.057585
841 0.000061 0.057646
842 0.000066 0.057712
843 0.000068 0.057780
844 0.000065 0.057845
845 0.000072 0.057917
846 0.000067 0.057984
847 0.000070 0.058054
848 0.000070 0.058124
849 0.000064 0.058188
850 0.000068 0.058256
851 0.000067 0.058323
852 0.000064 0.058387
853 0.000072 0.058459
854 0.000067 0.058526
855 0.000066 0.058592
856 0.000064 0.058656
857 0.000067 0.058723
858 0.000069 0.058792
859 0.000068 0.058860
860 0.000062 0.058922
861 0.000070 0.058992
862 0.000066 0.059058
863 0.000065 0.059123
864 0.000067 0.059190
865 0.000070 0.059260
866 0.000066 0.059326
867 0.000066 0.059392
868 0.000063 0.059455
869 0.000070 0.059525
870 0.000064 0.059589
871 0.000065 0.059654
872 0.000073 0.059727
873 0.000067 0.059794
874 0.000068 0.059862
875 0.000075 0.059937
876 0.000066 0.060003
877 0.000068 0.060071
878 0.000072 0.060143
879 0.000068 0.060211
880 0.000074 0.060285
881 0.000072 0.060357
882 0.000070 0.060427
883 0.000065 0.060492
884 0.000068 0.060560
885 0.000064 0.060624
886 0.000077 0.060701
887 0.000063 0.060764
888 0.000065 0.060829
889 0.000067 0.060896
890 0.000067 0.060963
891 0.000066 0.061029
892 0.000068 0.061097
893 0.000068 0.061165
894 0.000067 0.061232
895 0.000079 0.061311
896 0.000065 0.061376
897 0.000066 0.061442
898 0.000072 0.061514
899 0.000068 0.061582
900 0.000067 0.061649
901 0.000069 0.061718
902 0.000068 0.061786
903 0.000073 0.061859
904 0.000068 0.061927
905 0.000069 0.061996
906 0.000065 0.062061
907 0.000075 0.062136
908 0.000073 0.062209
909 0.000061 0.062270
910 0.000072 0.062342
911 0.000067 0.062409
912 0.000070 0.062479
913 0.000066 0.062545
914 0.000066 0.062611
915 0.000063 0.062674
916 0.000066 0.062740
917 0.000068 0.062808
918 0.000067 0.062875
919 0.000074 0.062949
920 0.000067 0.063016
921 0.000061 0.063077
922 0.000073 0.063150
923 0.000071 0.063221
924 0.000067 0.063288
925 0.000072 0.063360
926 0.000073 0.063433
927 0.000070 0.063503
928 0.000066 0.063569
929 0.000063 0.063632
930 0.000067 0.063699
931 0.000070 0.063769
932 0.000063 0.063832
933 0.000070 0.063902
934 0.000071 0.063973
935 0.000069 0.064042
936 0.000082 0.064124
937 0.000070 0.064194
938 0.000085 0.064279
939 0.000079 0.064358
940 0.000070 0.064428
941 0.000071 0.064499
942 0.000067 0.064566
943 0.000068 0.064634
944 0.000060 0.064694
945 0.000074 0.064768
946 0.000071 0.064839
947 0.000069 0.064908
948 0.000071 0.064979
949 0.000074 0.065053
950 0.000065 0.065118
951 0.000063 0.065181
952 0.000074 0.065255
953 0.000064 0.065319
954 0.000062 0.065381
955 0.000077 0.065458
956 0.000074 0.065532
957 0.000073 0.065605
958 0.000068 0.065673
959 0.000068 0.065741
960 0.000064 0.065805
961 0.000066 0.065871
962 0.000070 0.065941
963 0.000067 0.066008
964 0.000071 0.066079
965 0.000068 0.066147
966 0.000067 0.066214
967 0.000069 0.066283
968 0.000064 0.066347
969 0.000068 0.066415
970 0.000067 0.066482
971 0.000068 0.066550
972 0.000064 0.066614
973 0.000066 0.066680
974 0.000067 0.066747
975 0.000073 0.066820
976 0.000063 0.066883
977 0.000068 0.066951
978 0.000066 0.067017
979 0.000066 0.067083
980 0.000066 0.067149
981 0.000066 0.067215
982 0.000063 0.067278
983 0.000062 0.067340
984 0.000071 0.067411
985 0.000068 0.067479
986 0.000066 0.067545
987 0.000070 0.067615
988 0.000072 0.067687
989 0.000061 0.067748
990 0.000065 0.067813
991 0.000068 0.067881
992 0.000067 0.067948
993 0.000074 0.068022
994 0.000077 0.068099
995 0.000067 0.068166
996 0.000066 0.068232
997 0.000072 0.068304
998 0.000066 0.068370
999 0.000077 0.068447
1000 0.000068 0.068515
1001 0.000064 0.068579
1002 0.000060 0.068639
1003 0.000060 0.068699
1004 0.000061 0.068760
1005 0.000075 0.068835
1006 0.000071 0.068906
1007 0.000074 0.068980
1008 0.000069 0.069049
1009 0.000068 0.069117
1010 0.000069 0.069186
1011 0.000074 0.069260
1012 0.000071 0.069331
1013 0.000067 0.069398
1014 0.000072 0.069470
1015 0.000061 0.069531
1016 0.000066 0.069597
1017 0.000079 0.069676
1018 0.000068 0.069744
1019 0.000070 0.069814
1020 0.000072 0.069886
1021 0.000075 0.069961
1022 0.000066 0.070027
1023 0.000067 0.070094
1024 0.000068 0.070162
1025 0.000065 0.070227
1026 0.000068 0.070295
1027 0.000070 0.070365
1028 0.000069 0.070434
1029 0.000065 0.070499
1030 0.000067 0.070566
1031 0.000071 0.070637
1032 0.000072 0.070709
1033 0.000063 0.070772
1034 0.000064 0.070836
1035 0.000073 0.070909
1036 0.000074 0.070983
1037 0.000068 0.071051
1038 0.000072 0.071123
1039 0.000068 0.071191
1040 0.000063 0.071254
1041 0.000068 0.071322
1042 0.000070 0.071392
1043 0.000075 0.071467
1044 0.000068 0.071535
1045 0.000069 0.071604
1046 0.000069 0.071673
1047 0.000076 0.071749
1048 0.000072 0.071821
1049 0.000067 0.071888
1050 0.000065 0.071953
1051 0.000061 0.072014
1052 0.000065 0.072079
1053 0.000071 0.072150
1054 0.000070 0.072220
1055 0.000085 0.072305
1056 0.000078 0.072383
1057 0.000065 0.072448
1058 0.000062 0.072510
1059 0.000070 0.072580
1060 0.000071 0.072651
1061 0.000064 0.072715
1062 0.000071 0.072786
1063 0.000068 0.072854
1064 0.000068 0.072922
1065 0.000075 0.072997
1066 0.000067 0.073064
1067 0.000061 0.073125
1068 0.000071 0.073196
1069 0.000067 0.073263
1070 0.000067 0.073330
1071 0.000074 0.073404
1072 0.000063 0.073467
1073 0.000069 0.073536
1074 0.000067 0.073603
1075 0.000067 0.073670
1076 0.000074 0.073744
1077 0.000068 0.073812
1078 0.000068 0.073880
1079 0.000071 0.073951
1080 0.000064 0.074015
1081 0.000065 0.074080
1082 0.000070 0.074150
1083 0.000078 0.074228
1084 0.000063 0.074291
1085 0.000070 0.074361
1086 0.000067 0.074428
1087 0.000071 0.074499
1088 0.000072 0.074571
1089 0.000071 0.074642
1090 0.000074 0.074716
1091 0.000068 0.074784
1092 0.000070 0.074854
1093 0.000069 0.074923
1094 0.000067 0.074990
1095 0.000073 0.075063
1096 0.000068 0.075131
1097 0.000070 0.075201
1098 0.000070 0.075271
1099 0.000071 0.075342
1100 0.000072 0.075414
1101 0.000076 0.075490
1102 0.000067 0.075557
1103 0.000071 0.075628
1104 0.000067 0.075695
1105 0.000069 0.075764
1106 0.000068 0.075832
1107 0.000068 0.075900
1108 0.000074 0.075974
1109 0.000068 0.076042
1110 0.000062 0.076104
1111 0.000066 0.076170
1112 0.000071 0.076241
1113 0.000070 0.076311
1114 0.000069 0.076380
1115 0.000060 0.076440
1116 0.000068 0.076508
1117 0.000080 0.076588
1118 0.000068 0.076656
1119 0.000068 0.076724
1120 0.000068 0.076792
1121 0.000071 0.076863
1122 0.000068 0.076931
1123 0.000062 0.076993
1124 0.000063 0.077056
1125 0.000071 0.077127
1126 0.000067 0.077194
1127 0.000064 0.077258
1128 0.000063 0.077321
1129 0.000067 0.077388
1130 0.000063 0.077451
1131 0.000061 0.077512
1132 0.000062 0.077574
1133 0.000068 0.077642
1134 0.000064 0.077706
1135 0.000066 0.077772
1136 0.000068 0.077840
1137 0.000073 0.077913
1138 0.000065 0.077978
1139 0.000067 0.078045
1140 0.000067 0.078112
1141 0.000077 0.078189
1142 0.000072 0.078261
1143 0.000062 0.078323
1144 0.000064 0.078387
1145 0.000062 0.078449
1146 0.000064 0.078513
1147 0.000070 0.078583
1148 0.000065 0.078648
1149 0.000072 0.078720
1150 0.000065 0.078785
1151 0.000061 0.078846
1152 0.000068 0.078914
1153 0.000079 0.078993
1154 0.000071 0.079064
1155 0.000067 0.079131
1156 0.000067 0.079198
1157 0.000069 0.079267
1158 0.000068 0.079335
1159 0.000068 0.079403
1160 0.000070 0.079473
1161 0.000061 0.079534
1162 0.000067 0.079601
1163 0.000071 0.079672
1164 0.000068 0.079740
1165 0.000069 0.079809
1166 0.000068 0.079877
1167 0.000069 0.079946
1168 0.000069 0.080015
1169 0.000064 0.080079
1170 0.000073 0.080152
1171 0.000082 0.080234
1172 0.000072 0.080306
1173 0.000068 0.080374
1174 0.000071 0.080445
1175 0.000070 0.080515
1176 0.000064 0.080579
1177 0.000071 0.080650
1178 0.000067 0.080717
1179 0.000066 0.080783
1180 0.000071 0.080854
1181 0.000062 0.080916
1182 0.000070 0.080986
1183 0.000072 0.081058
1184 0.000067 0.081125
1185 0.000065 0.081190
1186 0.000068 0.081258
1187 0.000067 0.081325
1188 0.000075 0.081400
1189 0.000067 0.081467
1190 0.000063 0.081530
1191 0.000074 0.081604
1192 0.000068 0.081672
1193 0.000067 0.081739
1194 0.000069 0.081808
1195 0.000069 0.081877
1196 0.000075 0.081952
1197 0.000065 0.082017
1198 0.000075 0.082092
1199 0.000069 0.082161
1200 0.000067 0.082228
1201 0.000073 0.082301
1202 0.000072 0.082373
1203 0.000066 0.082439
1204 0.000076 0.082515
1205 0.000071 0.082586
1206 0.000064 0.082650
1207 0.000078 0.082728
1208 0.000063 0.082791
1209 0.000074 0.082865
1210 0.000077 0.082942
1211 0.000068 0.083010
1212 0.000068 0.083078
1213 0.000069 0.083147
1214 0.000067 0.083214
1215 0.000070 0.083284
1216 0.000072 0.083356
1217 0.000074 0.083430
1218 0.000071 0.083501
1219 0.000073 0.083574
1220 0.000063 0.083637
1221 0.000067 0.083704
1222 0.000064 0.083768
1223 0.000070 0.083838
1224 0.000067 0.083905
1225 0.000067 0.083972
1226 0.000071 0.084043
1227 0.000067 0.084110
1228 0.000073 0.084183
1229 0.000079 0.084262
1230 0.000063 0.084325
1231 0.000067 0.084392
1232 0.000066 0.084458
1233 0.000069 0.084527
1234 0.000071 0.084598
1235 0.000067 0.084665
1236 0.000067 0.084732
1237 0.000082 0.084814
1238 0.000062 0.084876
1239 0.000073 0.084949
1240 0.000073 0.085022
1241 0.000065 0.085087
1242 0.000071 0.085158
1243 0.000071 0.085229
1244 0.000069 0.085298
1245 0.000064 0.085362
1246 0.000064 0.085426
1247 0.000071 0.085497
1248 0.000069 0.085566
1249 0.000069 0.085635
1250 0.000072 0.085707
1251 0.000068 0.085775
1252 0.000062 0.085837
1253 0.000074 0.085911
1254 0.000070 0.085981
1255 0.000068 0.086049
1256 0.000072 0.086121
1257 0.000071 0.086192
1258 0.000073 0.086265
1259 0.000071 0.086336
1260 0.000068 0.086404
1261 0.000075 0.086479
1262 0.000072 0.086551
1263 0.000071 0.086622
1264 0.000070 0.086692
1265 0.000069 0.086761
1266 0.000060 0.086821
1267 0.000064 0.086885
1268 0.000061 0.086946
1269 0.000064 0.087010
1270 0.000068 0.087078
1271 0.000066 0.087144
1272 0.000061 0.087205
1273 0.000074 0.087279
1274 0.000079 0.087358
1275 0.000068 0.087426
1276 0.000068 0.087494
1277 0.000067 0.087561
1278 0.000071 0.087632
1279 0.000065 0.087697
1280 0.000071 0.087768
1281 0.000069 0.087837
1282 0.000060 0.087897
1283 0.000071 0.087968
1284 0.000069 0.088037
1285 0.000073 0.088110
1286 0.000072 0.088182
1287 0.000084 0.088266
1288 0.000076 0.088342
1289 0.000071 0.088413
1290 0.000071 0.088484
1291 0.000064 0.088548
1292 0.000071 0.088619
1293 0.000068 0.088687
1294 0.000071 0.088758
1295 0.000080 0.088838
1296 0.000069 0.088907
1297 0.000070 0.088977
1298 0.000072 0.089049
1299 0.000069 0.089118
1300 0.000067 0.089185
1301 0.000071 0.089256
1302 0.000060 0.089316
1303 0.000064 0.089380
1304 0.000065 0.089445
1305 0.000066 0.089511
1306 0.000067 0.089578
1307 0.000064 0.089642
1308 0.000066 0.089708
1309 0.000067 0.089775
1310 0.000069 0.089844
1311 0.000068 0.089912
1312 0.000071 0.089983
1313 0.000065 0.090048
1314 0.000067 0.090115
1315 0.000073 0.090188
1316 0.000067 0.090255
1317 0.000071 0.090326
1318 0.000073 0.090399
1319 0.000074 0.090473
1320 0.000068 0.090541
1321 0.000072 0.090613
1322 0.000070 0.090683
1323 0.000062 0.090745
1324 0.000065 0.090810
1325 0.000069 0.090879
1326 0.000068 0.090947
1327 0.000066 0.091013
1328 0.000070 0.091083
1329 0.000069 0.091152
1330 0.000061 0.091213
1331 0.000073 0.091286
1332 0.000068 0.091354
1333 0.000072 0.091426
1334 0.000068 0.091494
1335 0.000069 0.091563
1336 0.000069 0.091632
1337 0.000076 0.091708
1338 0.000069 0.091777
1339 0.000067 0.091844
1340 0.000073 0.091917
1341 0.000068 0.091985
1342 0.000073 0.092058
1343 0.000069 0.092127
1344 0.000062 0.092189
1345 0.000074 0.092263
1346 0.000069 0.092332
1347 0.000069 0.092401
1348 0.000065 0.092466
1349 0.000068 0.092534
1350 0.000062 0.092596
1351 0.000069 0.092665
1352 0.000066 0.092731
1353 0.000067 0.092798
1354 0.000064 0.092862
1355 0.000074 0.092936
1356 0.000073 0.093009
1357 0.000065 0.093074
1358 0.000064 0.093138
1359 0.000068 0.093206
1360 0.000074 0.093280
1361 0.000070 0.093350
1362 0.000071 0.093421
1363 0.000070 0.093491
1364 0.000063 0.093554
1365 0.000070 0.093624
1366 0.000079 0.093703
1367 0.000064 0.093767
1368 0.000070 0.093837
1369 0.000077 0.093914
1370 0.000067 0.093981
1371 0.000067 0.094048
1372 0.000064 0.094112
1373 0.000072 0.094184
1374 0.000064 0.094248
1375 0.000069 0.094317
1376 0.000067 0.094384
1377 0.000063 0.094447
1378 0.000068 0.094515
1379 0.000073 0.094588
1380 0.000068 0.094656
1381 0.000061 0.094717
1382 0.000068 0.094785
1383 0.000063 0.094848
1384 0.000071 0.094919
1385 0.000068 0.094987
1386 0.000073 0.095060
1387 0.000070 0.095130
1388 0.000065 0.095195
1389 0.000070 0.095265
1390 0.000065 0.095330
1391 0.000068 0.095398
1392 0.000067 0.095465
1393 0.000064 0.095529
1394 0.000061 0.095590
1395 0.000065 0.095655
1396 0.000072 0.095727
1397 0.000069 0.095796
1398 0.000069 0.095865
1399 0.000068 0.095933
1400 0.000071 0.096004
1401 0.000067 0.096071
1402 0.000080 0.096151
1403 0.000093 0.096244
1404 0.000074 0.096318
1405 0.000069 0.096387
1406 0.000061 0.096448
1407 0.000067 0.096515
1408 0.000076 0.096591
1409 0.000075 0.096666
1410 0.000072 0.096738
1411 0.000065 0.096803
1412 0.000073 0.096876
1413 0.000068 0.096944
1414 0.000071 0.097015
1415 0.000074 0.097089
1416 0.000065 0.097154
1417 0.000064 0.097218
1418 0.000074 0.097292
1419 0.000071 0.097363
1420 0.000068 0.097431
1421 0.000068 0.097499
1422 0.000066 0.097565
1423 0.000068 0.097633
1424 0.000073 0.097706
1425 0.000071 0.097777
1426 0.000068 0.097845
1427 0.000068 0.097913
1428 0.000085 0.097998
1429 0.000064 0.098062
1430 0.000068 0.098130
1431 0.000075 0.098205
1432 0.000070 0.098275
1433 0.000066 0.098341
1434 0.000068 0.098409
1435 0.000069 0.098478
1436 0.000066 0.098544
1437 0.000078 0.098622
1438 0.000067 0.098689
1439 0.000069 0.098758
1440 0.000070 0.098828
1441 0.000069 0.098897
1442 0.000067 0.098964
1443 0.000074 0.099038
1444 0.000068 0.099106
1445 0.000067 0.099173
1446 0.000076 0.099249
1447 0.000067 0.099316
1448 0.000069 0.099385
1449 0.000074 0.099459
1450 0.000067 0.099526
1451 0.000079 0.099605
1452 0.000074 0.099679
1453 0.000069 0.099748
1454 0.000073 0.099821
1455 0.000080 0.099901
1456 0.000085 0.099986
1457 0.000068 0.100054
1458 0.000078 0.100132
1459 0.000091 0.100223
1460 0.000068 0.100291
1461 0.000085 0.100376
1462 0.000084 0.100460
1463 0.000063 0.100523
1464 0.000071 0.100594
1465 0.000067 0.100661
1466 0.000068 0.100729
1467 0.000080 0.100809
1468 0.000095 0.100904
1469 0.000064 0.100968
1470 0.000076 0.101044
1471 0.000066 0.101110
1472 0.000069 0.101179
1473 0.000088 0.101267
1474 0.000067 0.101334
1475 0.000072 0.101406
1476 0.000087 0.101493
1477 0.000076 0.101569
1478 0.000072 0.101641
1479 0.000062 0.101703
1480 0.000070 0.101773
1481 0.000071 0.101844
1482 0.000061 0.101905
1483 0.000070 0.101975
1484 0.000078 0.102053
1485 0.000071 0.102124
1486 0.000073 0.102197
1487 0.000077 0.102274
1488 0.000081 0.102355
1489 0.000075 0.102430
1490 0.000078 0.102508
1491 0.000089 0.102597
1492 0.000068 0.102665
1493 0.000062 0.102727
1494 0.000079 0.102806
1495 0.000069 0.102875
1496 0.000066 0.102941
1497 0.000070 0.103011
1498 0.000071 0.103082
1499 0.000065 0.103147
1500 0.000084 0.103231
1501 0.000120 0.103351
1502 0.000066 0.103417
1503 0.000084 0.103501
1504 0.000076 0.103577
1505 0.000109 0.103686
1506 0.000081 0.103767
1507 0.000073 0.103840
1508 0.000073 0.103913
1509 0.000075 0.103988
1510 0.000072 0.104060
1511 0.000069 0.104129
1512 0.000083 0.104212
1513 0.000088 0.104300
1514 0.000073 0.104373
1515 0.000078 0.104451
1516 0.000068 0.104519
1517 0.000068 0.104587
1518 0.000071 0.104658
1519 0.000067 0.104725
1520 0.000061 0.104786
1521 0.000090 0.104876
1522 0.000065 0.104941
1523 0.000067 0.105008
1524 0.000081 0.105089
1525 0.000064 0.105153
1526 0.000089 0.105242
1527 0.000199 0.105441
1528 0.000137 0.105578
1529 0.000143 0.105721
1530 0.000136 0.105857
1531 0.000143 0.106000
1532 0.000187 0.106187
1533 0.000130 0.106317
1534 0.000136 0.106453
1535 0.000137 0.106590
1536 0.000124 0.106714
1537 0.000171 0.106885
1538 0.000122 0.107007
1539 0.000130 0.107137
1540 0.000134 0.107271
1541 0.000157 0.107428
1542 0.000130 0.107558
1543 0.000152 0.107710
1544 0.000217 0.107927
1545 0.000123 0.108050
1546 0.000198 0.108248
1547 0.000108 0.108356
1548 0.000076 0.108432
1549 0.000086 0.108518
1550 0.000074 0.108592
1551 0.000081 0.108673
1552 0.000064 0.108737
1553 0.000081 0.108818
1554 0.000080 0.108898
1555 0.000089 0.108987
1556 0.000114 0.109101
1557 0.000078 0.109179
1558 0.000074 0.109253
1559 0.000074 0.109327
1560 0.000195 0.109522
1561 0.000538 0.110060
1562 0.000093 0.110153
1563 0.000110 0.110263
1564 0.000093 0.110356
1565 0.000089 0.110445
1566 0.000712 0.111157
1567 0.000084 0.111241
1568 0.000081 0.111322
1569 0.000074 0.111396
1570 0.000075 0.111471
1571 0.000086 0.111557
1572 0.000064 0.111621
1573 0.000076 0.111697
1574 0.000677 0.112374
1575 0.000082 0.112456
1576 0.000092 0.112548
1577 0.000109 0.112657
1578 0.000169 0.112826
1579 0.000182 0.113008
1580 0.000283 0.113291
1581 0.000117 0.113408
1582 0.000279 0.113687
1583 0.000468 0.114155
1584 0.000207 0.114362
1585 0.000296 0.114658
1586 0.000083 0.114741
1587 0.000067 0.114808
1588 0.000354 0.115162
1589 0.000713 0.115875
1590 0.000267 0.116142
1591 0.000832 0.116974
1592 0.000102 0.117076
1593 0.000857 0.117933
1594 0.000077 0.118010
1595 0.000090 0.118100
done 1595 0.001420 0.119520
