#secondnet
init 0 0
1 0.000258 0.000258
2 0.000211 0.000469
3 0.000187 0.000656
4 0.000172 0.000828
5 0.000178 0.001006
6 0.000156 0.001162
7 0.000162 0.001324
8 0.000174 0.001498
9 0.000176 0.001674
10 0.000160 0.001834
11 0.000174 0.002008
12 0.000163 0.002171
13 0.000139 0.002310
14 0.000189 0.002499
15 0.000161 0.002660
16 0.000184 0.002844
17 0.000180 0.003024
18 0.000167 0.003191
19 0.000176 0.003367
20 0.000175 0.003542
21 0.000175 0.003717
22 0.000180 0.003897
23 0.000171 0.004068
24 0.000181 0.004249
25 0.000157 0.004406
26 0.000185 0.004591
27 0.000176 0.004767
28 0.000154 0.004921
29 0.000172 0.005093
30 0.000172 0.005265
31 0.000155 0.005420
32 0.000157 0.005577
33 0.000155 0.005732
34 0.000156 0.005888
35 0.000153 0.006041
36 0.000175 0.006216
37 0.000126 0.006342
38 0.000168 0.006510
39 0.000163 0.006673
40 0.000185 0.006858
41 0.000170 0.007028
42 0.000179 0.007207
43 0.000144 0.007351
44 0.000180 0.007531
45 0.000170 0.007701
46 0.000168 0.007869
47 0.000200 0.008069
48 0.000161 0.008230
49 0.000201 0.008431
50 0.000177 0.008608
51 0.000174 0.008782
52 0.000187 0.008969
53 0.000155 0.009124
54 0.000188 0.009312
55 0.000153 0.009465
56 0.000166 0.009631
57 0.000170 0.009801
58 0.000165 0.009966
59 0.000171 0.010137
60 0.000154 0.010291
61 0.000179 0.010470
62 0.000157 0.010627
63 0.000150 0.010777
64 0.000145 0.010922
65 0.000167 0.011089
66 0.000173 0.011262
67 0.000167 0.011429
68 0.000175 0.011604
69 0.000149 0.011753
70 0.000165 0.011918
71 0.000172 0.012090
72 0.000171 0.012261
73 0.000180 0.012441
74 0.000167 0.012608
75 0.000169 0.012777
76 0.000162 0.012939
77 0.000171 0.013110
78 0.000163 0.013273
79 0.000153 0.013426
80 0.000174 0.013600
81 0.000169 0.013769
82 0.000183 0.013952
83 0.000156 0.014108
84 0.000165 0.014273
85 0.000155 0.014428
86 0.000155 0.014583
87 0.000160 0.014743
88 0.000149 0.014892
89 0.000180 0.015072
90 0.000156 0.015228
91 0.000174 0.015402
92 0.000150 0.015552
93 0.000172 0.015724
94 0.000169 0.015893
95 0.000153 0.016046
96 0.000153 0.016199
97 0.000167 0.016366
98 0.000166 0.016532
99 0.000170 0.016702
100 0.000180 0.016882
101 0.000145 0.017027
102 0.000152 0.017179
103 0.000178 0.017357
104 0.000163 0.017520
105 0.000165 0.017685
106 0.000158 0.017843
107 0.000147 0.017990
108 0.000194 0.018184
109 0.000172 0.018356
110 0.000156 0.018512
111 0.000159 0.018671
112 0.000157 0.018828
113 0.000172 0.019000
114 0.000144 0.019144
115 0.000163 0.019307
116 0.000186 0.019493
117 0.000160 0.019653
118 0.000155 0.019808
119 0.000173 0.019981
120 0.000136 0.020117
121 0.000175 0.020292
122 0.000167 0.020459
123 0.000165 0.020624
124 0.000157 0.020781
125 0.000154 0.020935
126 0.000154 0.021089
127 0.000162 0.021251
128 0.000158 0.021409
129 0.000176 0.021585
130 0.000142 0.021727
131 0.000168 0.021895
132 0.000184 0.022079
133 0.000193 0.022272
134 0.000146 0.022418
135 0.000164 0.022582
136 0.000174 0.022756
137 0.000161 0.022917
138 0.000166 0.023083
139 0.000151 0.023234
140 0.000155 0.023389
141 0.000166 0.023555
142 0.000159 0.023714
143 0.000156 0.023870
144 0.000159 0.024029
145 0.000149 0.024178
146 0.000163 0.024341
147 0.000149 0.024490
148 0.000162 0.024652
149 0.000168 0.024820
150 0.000159 0.024979
151 0.000165 0.025144
152 0.000157 0.025301
153 0.000147 0.025448
154 0.000147 0.025595
155 0.000151 0.025746
156 0.000159 0.025905
157 0.000171 0.026076
158 0.000159 0.026235
159 0.000160 0.026395
160 0.000162 0.026557
161 0.000156 0.026713
162 0.000144 0.026857
163 0.000170 0.027027
164 0.000151 0.027178
165 0.000169 0.027347
166 0.000169 0.027516
167 0.000151 0.027667
168 0.000155 0.027822
169 0.000165 0.027987
170 0.000171 0.028158
171 0.000151 0.028309
172 0.000161 0.028470
173 0.000165 0.028635
174 0.000165 0.028800
175 0.000140 0.028940
176 0.000160 0.029100
177 0.000151 0.029251
178 0.000160 0.029411
179 0.000160 0.029571
180 0.000149 0.029720
181 0.000165 0.029885
182 0.000147 0.030032
183 0.000177 0.030209
184 0.000168 0.030377
185 0.000148 0.030525
186 0.000159 0.030684
187 0.000157 0.030841
188 0.000173 0.031014
189 0.000162 0.031176
190 0.000186 0.031362
191 0.000164 0.031526
192 0.000173 0.031699
193 0.000180 0.031879
194 0.000171 0.032050
195 0.000155 0.032205
196 0.000166 0.032371
197 0.000160 0.032531
198 0.000158 0.032689
199 0.000156 0.032845
200 0.000163 0.033008
201 0.000163 0.033171
202 0.000156 0.033327
203 0.000173 0.033500
204 0.000167 0.033667
205 0.000174 0.033841
206 0.000165 0.034006
207 0.000191 0.034197
208 0.000150 0.034347
209 0.000148 0.034495
210 0.000152 0.034647
211 0.000162 0.034809
212 0.000141 0.034950
213 0.000151 0.035101
214 0.000152 0.035253
215 0.000151 0.035404
216 0.000164 0.035568
217 0.000158 0.035726
218 0.000151 0.035877
219 0.000155 0.036032
220 0.000152 0.036184
221 0.000142 0.036326
222 0.000148 0.036474
223 0.000160 0.036634
224 0.000149 0.036783
225 0.000136 0.036919
226 0.000163 0.037082
227 0.000153 0.037235
228 0.000159 0.037394
229 0.000140 0.037534
230 0.000161 0.037695
231 0.000139 0.037834
232 0.000146 0.037980
233 0.000171 0.038151
234 0.000149 0.038300
235 0.000137 0.038437
236 0.000150 0.038587
237 0.000134 0.038721
238 0.000143 0.038864
239 0.000144 0.039008
240 0.000158 0.039166
241 0.000166 0.039332
242 0.000155 0.039487
243 0.000146 0.039633
244 0.000164 0.039797
245 0.000134 0.039931
246 0.000146 0.040077
247 0.000165 0.040242
248 0.000145 0.040387
249 0.000159 0.040546
250 0.000147 0.040693
251 0.000153 0.040846
252 0.000157 0.041003
253 0.000146 0.041149
254 0.000160 0.041309
255 0.000151 0.041460
256 0.000136 0.041596
257 0.000153 0.041749
258 0.000159 0.041908
259 0.000163 0.042071
260 0.000155 0.042226
261 0.000139 0.042365
262 0.000153 0.042518
263 0.000146 0.042664
264 0.000142 0.042806
265 0.000152 0.042958
266 0.000153 0.043111
267 0.000150 0.043261
268 0.000149 0.043410
269 0.000146 0.043556
270 0.000155 0.043711
271 0.000168 0.043879
272 0.000173 0.044052
273 0.000144 0.044196
274 0.000158 0.044354
275 0.000161 0.044515
276 0.000149 0.044664
277 0.000144 0.044808
278 0.000161 0.044969
279 0.000134 0.045103
280 0.000152 0.045255
281 0.000142 0.045397
282 0.000157 0.045554
283 0.000152 0.045706
284 0.000156 0.045862
285 0.000133 0.045995
286 0.000184 0.046179
287 0.000148 0.046327
288 0.000136 0.046463
289 0.000143 0.046606
290 0.000147 0.046753
291 0.000139 0.046892
292 0.000143 0.047035
293 0.000146 0.047181
294 0.000126 0.047307
295 0.000143 0.047450
296 0.000133 0.047583
297 0.000127 0.047710
298 0.000140 0.047850
299 0.000152 0.048002
300 0.000140 0.048142
301 0.000132 0.048274
302 0.000148 0.048422
303 0.000128 0.048550
304 0.000147 0.048697
305 0.000155 0.048852
306 0.000147 0.048999
307 0.000144 0.049143
308 0.000141 0.049284
309 0.000134 0.049418
310 0.000148 0.049566
311 0.000142 0.049708
312 0.000140 0.049848
313 0.000141 0.049989
314 0.000154 0.050143
315 0.000147 0.050290
316 0.000142 0.050432
317 0.000152 0.050584
318 0.000146 0.050730
319 0.000140 0.050870
320 0.000145 0.051015
321 0.000150 0.051165
322 0.000143 0.051308
323 0.000136 0.051444
324 0.000144 0.051588
325 0.000161 0.051749
326 0.000156 0.051905
327 0.000142 0.052047
328 0.000149 0.052196
329 0.000143 0.052339
330 0.000145 0.052484
331 0.000137 0.052621
332 0.000147 0.052768
333 0.000142 0.052910
334 0.000144 0.053054
335 0.000145 0.053199
336 0.000150 0.053349
337 0.000128 0.053477
338 0.000137 0.053614
339 0.000143 0.053757
340 0.000126 0.053883
341 0.000149 0.054032
342 0.000159 0.054191
343 0.000151 0.054342
344 0.000143 0.054485
345 0.000145 0.054630
346 0.000145 0.054775
347 0.000149 0.054924
348 0.000142 0.055066
349 0.000144 0.055210
350 0.000134 0.055344
351 0.000151 0.055495
352 0.000162 0.055657
353 0.000163 0.055820
354 0.000133 0.055953
355 0.000129 0.056082
356 0.000152 0.056234
357 0.000139 0.056373
358 0.000137 0.056510
359 0.000143 0.056653
360 0.000142 0.056795
361 0.000135 0.056930
362 0.000133 0.057063
363 0.000152 0.057215
364 0.000126 0.057341
365 0.000146 0.057487
366 0.000153 0.057640
367 0.000149 0.057789
368 0.000149 0.057938
369 0.000149 0.058087
370 0.000163 0.058250
371 0.000145 0.058395
372 0.000136 0.058531
373 0.000137 0.058668
374 0.000140 0.058808
375 0.000123 0.058931
376 0.000129 0.059060
377 0.000136 0.059196
378 0.000140 0.059336
379 0.000135 0.059471
380 0.000155 0.059626
381 0.000138 0.059764
382 0.000142 0.059906
383 0.000140 0.060046
384 0.000130 0.060176
385 0.000126 0.060302
386 0.000143 0.060445
387 0.000136 0.060581
388 0.000127 0.060708
389 0.000137 0.060845
390 0.000141 0.060986
391 0.000149 0.061135
392 0.000130 0.061265
393 0.000129 0.061394
394 0.000144 0.061538
395 0.000122 0.061660
396 0.000134 0.061794
397 0.000134 0.061928
398 0.000155 0.062083
399 0.000125 0.062208
400 0.000135 0.062343
401 0.000119 0.062462
402 0.000129 0.062591
403 0.000138 0.062729
404 0.000128 0.062857
405 0.000146 0.063003
406 0.000140 0.063143
407 0.000162 0.063305
408 0.000125 0.063430
409 0.000136 0.063566
410 0.000141 0.063707
411 0.000121 0.063828
412 0.000141 0.063969
413 0.000123 0.064092
414 0.000145 0.064237
415 0.000141 0.064378
416 0.000140 0.064518
417 0.000129 0.064647
418 0.000149 0.064796
419 0.000138 0.064934
420 0.000122 0.065056
421 0.000144 0.065200
422 0.000142 0.065342
423 0.000137 0.065479
424 0.000143 0.065622
425 0.000141 0.065763
426 0.000139 0.065902
427 0.000136 0.066038
428 0.000151 0.066189
429 0.000138 0.066327
430 0.000139 0.066466
431 0.000138 0.066604
432 0.000139 0.066743
433 0.000148 0.066891
434 0.000132 0.067023
435 0.000130 0.067153
436 0.000146 0.067299
437 0.000130 0.067429
438 0.000127 0.067556
439 0.000121 0.067677
440 0.000132 0.067809
441 0.000122 0.067931
442 0.000137 0.068068
443 0.000134 0.068202
444 0.000141 0.068343
445 0.000131 0.068474
446 0.000128 0.068602
447 0.000143 0.068745
448 0.000149 0.068894
449 0.000137 0.069031
450 0.000138 0.069169
451 0.000145 0.069314
452 0.000145 0.069459
453 0.000144 0.069603
454 0.000138 0.069741
455 0.000128 0.069869
456 0.000139 0.070008
457 0.000158 0.070166
458 0.000139 0.070305
459 0.000128 0.070433
460 0.000114 0.070547
461 0.000141 0.070688
462 0.000133 0.070821
463 0.000134 0.070955
464 0.000128 0.071083
465 0.000117 0.071200
466 0.000122 0.071322
467 0.000116 0.071438
468 0.000133 0.071571
469 0.000127 0.071698
470 0.000135 0.071833
471 0.000129 0.071962
472 0.000117 0.072079
473 0.000116 0.072195
474 0.000149 0.072344
475 0.000131 0.072475
476 0.000122 0.072597
477 0.000125 0.072722
478 0.000136 0.072858
479 0.000131 0.072989
480 0.000131 0.073120
481 0.000128 0.073248
482 0.000114 0.073362
483 0.000120 0.073482
484 0.000123 0.073605
485 0.000134 0.073739
486 0.000130 0.073869
487 0.000125 0.073994
488 0.000158 0.074152
489 0.000125 0.074277
490 0.000126 0.074403
491 0.000114 0.074517
492 0.000134 0.074651
493 0.000118 0.074769
494 0.000134 0.074903
495 0.000127 0.075030
496 0.000134 0.075164
497 0.000120 0.075284
498 0.000120 0.075404
499 0.000128 0.075532
500 0.000123 0.075655
501 0.000129 0.075784
502 0.000141 0.075925
503 0.000132 0.076057
504 0.000129 0.076186
505 0.000123 0.076309
506 0.000116 0.076425
507 0.000133 0.076558
508 0.000117 0.076675
509 0.000113 0.076788
510 0.000129 0.076917
511 0.000136 0.077053
512 0.000131 0.077184
513 0.000130 0.077314
514 0.000138 0.077452
515 0.000127 0.077579
516 0.000133 0.077712
517 0.000118 0.077830
518 0.000131 0.077961
519 0.000145 0.078106
520 0.000122 0.078228
521 0.000113 0.078341
522 0.000139 0.078480
523 0.000130 0.078610
524 0.000125 0.078735
525 0.000121 0.078856
526 0.000125 0.078981
527 0.000118 0.079099
528 0.000112 0.079211
529 0.000150 0.079361
530 0.000116 0.079477
531 0.000139 0.079616
532 0.000112 0.079728
533 0.000118 0.079846
534 0.000110 0.079956
535 0.000126 0.080082
536 0.000130 0.080212
537 0.000109 0.080321
538 0.000124 0.080445
539 0.000112 0.080557
540 0.000122 0.080679
541 0.000141 0.080820
542 0.000135 0.080955
543 0.000144 0.081099
544 0.000130 0.081229
545 0.000124 0.081353
546 0.000113 0.081466
547 0.000116 0.081582
548 0.000144 0.081726
549 0.000127 0.081853
550 0.000120 0.081973
551 0.000155 0.082128
552 0.000120 0.082248
553 0.000124 0.082372
554 0.000119 0.082491
555 0.000126 0.082617
556 0.000119 0.082736
557 0.000122 0.082858
558 0.000122 0.082980
559 0.000150 0.083130
560 0.000116 0.083246
561 0.000114 0.083360
562 0.000115 0.083475
563 0.000136 0.083611
564 0.000133 0.083744
565 0.000138 0.083882
566 0.000106 0.083988
567 0.000111 0.084099
568 0.000105 0.084204
569 0.000147 0.084351
570 0.000127 0.084478
571 0.000127 0.084605
572 0.000123 0.084728
573 0.000139 0.084867
574 0.000110 0.084977
575 0.000122 0.085099
576 0.000127 0.085226
577 0.000116 0.085342
578 0.000117 0.085459
579 0.000136 0.085595
580 0.000108 0.085703
581 0.000108 0.085811
582 0.000149 0.085960
583 0.000127 0.086087
584 0.000112 0.086199
585 0.000113 0.086312
586 0.000112 0.086424
587 0.000116 0.086540
588 0.000106 0.086646
589 0.000126 0.086772
590 0.000125 0.086897
591 0.000114 0.087011
592 0.000109 0.087120
593 0.000118 0.087238
594 0.000117 0.087355
595 0.000115 0.087470
596 0.000111 0.087581
597 0.000114 0.087695
598 0.000124 0.087819
599 0.000118 0.087937
600 0.000116 0.088053
601 0.000108 0.088161
602 0.000115 0.088276
603 0.000114 0.088390
604 0.000113 0.088503
605 0.000100 0.088603
606 0.000100 0.088703
607 0.000113 0.088816
608 0.000124 0.088940
609 0.000121 0.089061
610 0.000115 0.089176
611 0.000113 0.089289
612 0.000121 0.089410
613 0.000121 0.089531
614 0.000123 0.089654
615 0.000119 0.089773
616 0.000123 0.089896
617 0.000115 0.090011
618 0.000122 0.090133
619 0.000117 0.090250
620 0.000129 0.090379
621 0.000125 0.090504
622 0.000139 0.090643
623 0.000113 0.090756
624 0.000120 0.090876
625 0.000117 0.090993
626 0.000126 0.091119
627 0.000133 0.091252
628 0.000112 0.091364
629 0.000111 0.091475
630 0.000116 0.091591
631 0.000119 0.091710
632 0.000116 0.091826
633 0.000134 0.091960
634 0.000115 0.092075
635 0.000131 0.092206
636 0.000123 0.092329
637 0.000120 0.092449
638 0.000110 0.092559
639 0.000132 0.092691
640 0.000124 0.092815
641 0.000116 0.092931
642 0.000136 0.093067
643 0.000132 0.093199
644 0.000109 0.093308
645 0.000130 0.093438
646 0.000126 0.093564
647 0.000113 0.093677
648 0.000127 0.093804
649 0.000134 0.093938
650 0.000146 0.094084
651 0.000105 0.094189
652 0.000117 0.094306
653 0.000110 0.094416
654 0.000113 0.094529
655 0.000115 0.094644
656 0.000113 0.094757
657 0.000122 0.094879
658 0.000103 0.094982
659 0.000116 0.095098
660 0.000110 0.095208
661 0.000121 0.095329
662 0.000110 0.095439
663 0.000113 0.095552
664 0.000121 0.095673
665 0.000110 0.095783
666 0.000100 0.095883
667 0.000115 0.095998
668 0.000124 0.096122
669 0.000120 0.096242
670 0.000118 0.096360
671 0.000122 0.096482
672 0.000115 0.096597
673 0.000128 0.096725
674 0.000107 0.096832
675 0.000114 0.096946
676 0.000112 0.097058
677 0.000115 0.097173
678 0.000107 0.097280
679 0.000102 0.097382
680 0.000116 0.097498
681 0.000113 0.097611
682 0.000098 0.097709
683 0.000112 0.097821
684 0.000105 0.097926
685 0.000101 0.098027
686 0.000126 0.098153
687 0.000118 0.098271
688 0.000109 0.098380
689 0.000106 0.098486
690 0.000113 0.098599
691 0.000123 0.098722
692 0.000110 0.098832
693 0.000102 0.098934
694 0.000121 0.099055
695 0.000118 0.099173
696 0.000122 0.099295
697 0.000112 0.099407
698 0.000122 0.099529
699 0.000104 0.099633
700 0.000112 0.099745
701 0.000113 0.099858
702 0.000101 0.099959
703 0.000114 0.100073
704 0.000119 0.100192
705 0.000111 0.100303
706 0.000121 0.100424
707 0.000111 0.100535
708 0.000106 0.100641
709 0.000114 0.100755
710 0.000114 0.100869
711 0.000115 0.100984
712 0.000112 0.101096
713 0.000117 0.101213
714 0.000111 0.101324
715 0.000107 0.101431
716 0.000097 0.101528
717 0.000119 0.101647
718 0.000113 0.101760
719 0.000127 0.101887
720 0.000109 0.101996
721 0.000128 0.102124
722 0.000117 0.102241
723 0.000104 0.102345
724 0.000119 0.102464
725 0.000117 0.102581
726 0.000113 0.102694
727 0.000110 0.102804
728 0.000112 0.102916
729 0.000114 0.103030
730 0.000112 0.103142
731 0.000116 0.103258
732 0.000111 0.103369
733 0.000116 0.103485
734 0.000127 0.103612
735 0.000107 0.103719
736 0.000117 0.103836
737 0.000106 0.103942
738 0.000107 0.104049
739 0.000107 0.104156
740 0.000111 0.104267
741 0.000102 0.104369
742 0.000107 0.104476
743 0.000118 0.104594
744 0.000107 0.104701
745 0.000114 0.104815
746 0.000118 0.104933
747 0.000112 0.105045
748 0.000103 0.105148
749 0.000121 0.105269
750 0.000113 0.105382
751 0.000112 0.105494
752 0.000108 0.105602
753 0.000119 0.105721
754 0.000112 0.105833
755 0.000115 0.105948
756 0.000123 0.106071
757 0.000111 0.106182
758 0.000129 0.106311
759 0.000104 0.106415
760 0.000102 0.106517
761 0.000116 0.106633
762 0.000113 0.106746
763 0.000118 0.106864
764 0.000115 0.106979
765 0.000112 0.107091
766 0.000113 0.107204
767 0.000110 0.107314
768 0.000114 0.107428
769 0.000116 0.107544
770 0.000108 0.107652
771 0.000109 0.107761
772 0.000117 0.107878
773 0.000108 0.107986
774 0.000115 0.108101
775 0.000128 0.108229
776 0.000109 0.108338
777 0.000103 0.108441
778 0.000121 0.108562
779 0.000108 0.108670
780 0.000107 0.108777
781 0.000115 0.108892
782 0.000112 0.109004
783 0.000117 0.109121
784 0.000110 0.109231
785 0.000125 0.109356
786 0.000145 0.109501
787 0.000116 0.109617
788 0.000106 0.109723
789 0.000108 0.109831
790 0.000114 0.109945
791 0.000120 0.110065
792 0.000111 0.110176
793 0.000113 0.110289
794 0.000123 0.110412
795 0.000112 0.110524
796 0.000122 0.110646
797 0.000109 0.110755
798 0.000120 0.110875
799 0.000106 0.110981
800 0.000119 0.111100
801 0.000120 0.111220
802 0.000116 0.111336
803 0.000100 0.111436
804 0.000116 0.111552
805 0.000110 0.111662
806 0.000115 0.111777
807 0.000111 0.111888
808 0.000105 0.111993
809 0.000123 0.112116
810 0.000111 0.112227
811 0.000116 0.112343
812 0.000113 0.112456
813 0.000111 0.112567
814 0.000120 0.112687
815 0.000111 0.112798
816 0.000102 0.112900
817 0.000106 0.113006
818 0.000119 0.113125
819 0.000119 0.113244
820 0.000121 0.113365
821 0.000104 0.113469
822 0.000114 0.113583
823 0.000114 0.113697
824 0.000102 0.113799
825 0.000109 0.113908
826 0.000115 0.114023
827 0.000126 0.114149
828 0.000123 0.114272
829 0.000109 0.114381
830 0.000104 0.114485
831 0.000109 0.114594
832 0.000112 0.114706
833 0.000128 0.114834
834 0.000114 0.114948
835 0.000105 0.115053
836 0.000112 0.115165
837 0.000117 0.115282
838 0.000105 0.115387
839 0.000113 0.115500
840 0.000112 0.115612
841 0.000115 0.115727
842 0.000115 0.115842
843 0.000108 0.115950
844 0.000114 0.116064
845 0.000116 0.116180
846 0.000108 0.116288
847 0.000100 0.116388
848 0.000114 0.116502
849 0.000114 0.116616
850 0.000117 0.116733
851 0.000113 0.116846
852 0.000117 0.116963
853 0.000099 0.117062
854 0.000109 0.117171
855 0.000126 0.117297
856 0.000125 0.117422
857 0.000114 0.117536
858 0.000115 0.117651
859 0.000100 0.117751
860 0.000116 0.117867
861 0.000102 0.117969
862 0.000137 0.118106
863 0.000125 0.118231
864 0.000114 0.118345
865 0.000106 0.118451
866 0.000122 0.118573
867 0.000113 0.118686
868 0.000106 0.118792
869 0.000114 0.118906
870 0.000120 0.119026
871 0.000111 0.119137
872 0.000111 0.119248
873 0.000110 0.119358
874 0.000123 0.119481
875 0.000116 0.119597
876 0.000110 0.119707
877 0.000125 0.119832
878 0.000110 0.119942
879 0.000113 0.120055
880 0.000108 0.120163
881 0.000104 0.120267
882 0.000109 0.120376
883 0.000156 0.120532
884 0.000110 0.120642
885 0.000113 0.120755
886 0.000114 0.120869
887 0.000121 0.120990
888 0.000117 0.121107
889 0.000113 0.121220
890 0.000115 0.121335
891 0.000103 0.121438
892 0.000104 0.121542
893 0.000103 0.121645
894 0.000112 0.121757
895 0.000099 0.121856
896 0.000110 0.121966
897 0.000131 0.122097
898 0.000109 0.122206
899 0.000118 0.122324
900 0.000106 0.122430
901 0.000098 0.122528
902 0.000125 0.122653
903 0.000113 0.122766
904 0.000113 0.122879
905 0.000118 0.122997
906 0.000119 0.123116
907 0.000110 0.123226
908 0.000114 0.123340
909 0.000126 0.123466
910 0.000111 0.123577
911 0.000120 0.123697
912 0.000120 0.123817
913 0.000124 0.123941
914 0.000102 0.124043
915 0.000113 0.124156
916 0.000114 0.124270
917 0.000117 0.124387
918 0.000102 0.124489
919 0.000103 0.124592
920 0.000106 0.124698
921 0.000113 0.124811
922 0.000118 0.124929
923 0.000099 0.125028
924 0.000122 0.125150
925 0.000136 0.125286
926 0.000128 0.125414
927 0.000122 0.125536
928 0.000128 0.125664
929 0.000134 0.125798
930 0.000127 0.125925
931 0.000149 0.126074
932 0.000136 0.126210
933 0.000117 0.126327
934 0.000123 0.126450
935 0.000126 0.126576
936 0.000115 0.126691
937 0.000113 0.126804
938 0.000121 0.126925
939 0.000120 0.127045
940 0.000110 0.127155
941 0.000119 0.127274
942 0.000117 0.127391
943 0.000111 0.127502
944 0.000118 0.127620
945 0.000102 0.127722
946 0.000113 0.127835
947 0.000100 0.127935
948 0.000102 0.128037
949 0.000129 0.128166
950 0.000152 0.128318
951 0.000133 0.128451
952 0.000129 0.128580
953 0.000108 0.128688
954 0.000119 0.128807
955 0.000105 0.128912
956 0.000106 0.129018
957 0.000104 0.129122
958 0.000116 0.129238
959 0.000106 0.129344
960 0.000120 0.129464
961 0.000106 0.129570
962 0.000124 0.129694
963 0.000098 0.129792
964 0.000115 0.129907
965 0.000110 0.130017
966 0.000125 0.130142
967 0.000114 0.130256
968 0.000112 0.130368
969 0.000109 0.130477
970 0.000108 0.130585
971 0.000118 0.130703
972 0.000119 0.130822
973 0.000106 0.130928
974 0.000114 0.131042
975 0.000100 0.131142
976 0.000121 0.131263
977 0.000115 0.131378
978 0.000115 0.131493
979 0.000116 0.131609
980 0.000120 0.131729
981 0.000101 0.131830
982 0.000119 0.131949
983 0.000145 0.132094
984 0.000121 0.132215
985 0.000149 0.132364
986 0.000140 0.132504
987 0.000159 0.132663
988 0.000166 0.132829
989 0.000196 0.133025
990 0.000186 0.133211
991 0.000161 0.133372
992 0.000144 0.133516
993 0.000152 0.133668
994 0.000146 0.133814
995 0.000099 0.133913
996 0.000128 0.134041
997 0.000130 0.134171
998 0.000146 0.134317
999 0.000132 0.134449
1000 0.000127 0.134576
1001 0.000125 0.134701
1002 0.000127 0.134828
1003 0.000140 0.134968
1004 0.000150 0.135118
1005 0.000144 0.135262
1006 0.000153 0.135415
1007 0.000127 0.135542
1008 0.000143 0.135685
1009 0.000106 0.135791
1010 0.000116 0.135907
1011 0.000112 0.136019
1012 0.000112 0.136131
1013 0.000125 0.136256
1014 0.000119 0.136375
1015 0.000119 0.136494
1016 0.000104 0.136598
1017 0.000108 0.136706
1018 0.000108 0.136814
1019 0.000108 0.136922
1020 0.000120 0.137042
1021 0.000117 0.137159
1022 0.000118 0.137277
1023 0.000111 0.137388
1024 0.000113 0.137501
1025 0.000113 0.137614
1026 0.000123 0.137737
1027 0.000121 0.137858
1028 0.000109 0.137967
1029 0.000121 0.138088
1030 0.000123 0.138211
1031 0.000114 0.138325
1032 0.000109 0.138434
1033 0.000127 0.138561
1034 0.000111 0.138672
1035 0.000106 0.138778
1036 0.000100 0.138878
1037 0.000104 0.138982
1038 0.000124 0.139106
1039 0.000111 0.139217
1040 0.000116 0.139333
1041 0.000118 0.139451
1042 0.000125 0.139576
1043 0.000110 0.139686
1044 0.000106 0.139792
1045 0.000114 0.139906
1046 0.000112 0.140018
1047 0.000123 0.140141
1048 0.000110 0.140251
1049 0.000107 0.140358
1050 0.000098 0.140456
1051 0.000117 0.140573
1052 0.000103 0.140676
1053 0.000165 0.140841
1054 0.000102 0.140943
1055 0.000102 0.141045
1056 0.000118 0.141163
1057 0.000133 0.141296
1058 0.000117 0.141413
1059 0.000120 0.141533
1060 0.000120 0.141653
1061 0.000101 0.141754
1062 0.000105 0.141859
1063 0.000113 0.141972
1064 0.000126 0.142098
1065 0.000130 0.142228
1066 0.000107 0.142335
1067 0.000108 0.142443
1068 0.000115 0.142558
1069 0.000104 0.142662
1070 0.000137 0.142799
1071 0.000136 0.142935
1072 0.000118 0.143053
1073 0.000122 0.143175
1074 0.000118 0.143293
1075 0.000107 0.143400
1076 0.000103 0.143503
1077 0.000112 0.143615
1078 0.000101 0.143716
1079 0.000116 0.143832
1080 0.000101 0.143933
1081 0.000108 0.144041
1082 0.000115 0.144156
1083 0.000112 0.144268
1084 0.000115 0.144383
1085 0.000113 0.144496
1086 0.000118 0.144614
1087 0.000127 0.144741
1088 0.000109 0.144850
1089 0.000108 0.144958
1090 0.000112 0.145070
1091 0.000104 0.145174
1092 0.000115 0.145289
1093 0.000099 0.145388
1094 0.000109 0.145497
1095 0.000115 0.145612
1096 0.000117 0.145729
1097 0.000126 0.145855
1098 0.000101 0.145956
1099 0.000110 0.146066
1100 0.000109 0.146175
1101 0.000105 0.146280
1102 0.000109 0.146389
1103 0.000103 0.146492
1104 0.000116 0.146608
1105 0.000114 0.146722
1106 0.000113 0.146835
1107 0.000105 0.146940
1108 0.000115 0.147055
1109 0.000110 0.147165
1110 0.000117 0.147282
1111 0.000109 0.147391
1112 0.000119 0.147510
1113 0.000111 0.147621
1114 0.000115 0.147736
1115 0.000118 0.147854
1116 0.000104 0.147958
1117 0.000120 0.148078
1118 0.000119 0.148197
1119 0.000120 0.148317
1120 0.000114 0.148431
1121 0.000115 0.148546
1122 0.000112 0.148658
1123 0.000118 0.148776
1124 0.000107 0.148883
1125 0.000116 0.148999
1126 0.000100 0.149099
1127 0.000101 0.149200
1128 0.000107 0.149307
1129 0.000100 0.149407
1130 0.000112 0.149519
1131 0.000107 0.149626
1132 0.000121 0.149747
1133 0.000101 0.149848
1134 0.000105 0.149953
1135 0.000128 0.150081
1136 0.000121 0.150202
1137 0.000114 0.150316
1138 0.000106 0.150422
1139 0.000100 0.150522
1140 0.000110 0.150632
1141 0.000128 0.150760
1142 0.000119 0.150879
1143 0.000111 0.150990
1144 0.000112 0.151102
1145 0.000114 0.151216
1146 0.000107 0.151323
1147 0.000152 0.151475
1148 0.000115 0.151590
1149 0.000127 0.151717
1150 0.000112 0.151829
1151 0.000100 0.151929
1152 0.000109 0.152038
1153 0.000114 0.152152
1154 0.000120 0.152272
1155 0.000141 0.152413
1156 0.000129 0.152542
1157 0.000132 0.152674
1158 0.000143 0.152817
1159 0.000142 0.152959
1160 0.000135 0.153094
1161 0.000147 0.153241
1162 0.000148 0.153389
1163 0.000153 0.153542
1164 0.000099 0.153641
1165 0.000115 0.153756
1166 0.000144 0.153900
1167 0.000131 0.154031
1168 0.000158 0.154189
1169 0.000164 0.154353
1170 0.000149 0.154502
1171 0.000170 0.154672
1172 0.000143 0.154815
1173 0.000130 0.154945
1174 0.000141 0.155086
1175 0.000116 0.155202
1176 0.000111 0.155313
1177 0.000120 0.155433
1178 0.000119 0.155552
1179 0.000115 0.155667
1180 0.000130 0.155797
1181 0.000116 0.155913
1182 0.000104 0.156017
1183 0.000119 0.156136
1184 0.000106 0.156242
1185 0.000149 0.156391
1186 0.000119 0.156510
1187 0.000113 0.156623
1188 0.000112 0.156735
1189 0.000100 0.156835
1190 0.000114 0.156949
1191 0.000114 0.157063
1192 0.000110 0.157173
1193 0.000100 0.157273
1194 0.000124 0.157397
1195 0.000112 0.157509
1196 0.000102 0.157611
1197 0.000117 0.157728
1198 0.000108 0.157836
1199 0.000109 0.157945
1200 0.000127 0.158072
1201 0.000121 0.158193
1202 0.000110 0.158303
1203 0.000115 0.158418
1204 0.000102 0.158520
1205 0.000115 0.158635
1206 0.000112 0.158747
1207 0.000140 0.158887
1208 0.000124 0.159011
1209 0.000116 0.159127
1210 0.000116 0.159243
1211 0.000119 0.159362
1212 0.000110 0.159472
1213 0.000107 0.159579
1214 0.000117 0.159696
1215 0.000118 0.159814
1216 0.000109 0.159923
1217 0.000113 0.160036
1218 0.000117 0.160153
1219 0.000133 0.160286
1220 0.000124 0.160410
1221 0.000121 0.160531
1222 0.000110 0.160641
1223 0.000111 0.160752
1224 0.000121 0.160873
1225 0.000110 0.160983
1226 0.000113 0.161096
1227 0.000115 0.161211
1228 0.000113 0.161324
1229 0.000121 0.161445
1230 0.000118 0.161563
1231 0.000118 0.161681
1232 0.000111 0.161792
1233 0.000152 0.161944
1234 0.000117 0.162061
1235 0.000115 0.162176
1236 0.000105 0.162281
1237 0.000155 0.162436
1238 0.000111 0.162547
1239 0.000112 0.162659
1240 0.000112 0.162771
1241 0.000098 0.162869
1242 0.000110 0.162979
1243 0.000118 0.163097
1244 0.000119 0.163216
1245 0.000118 0.163334
1246 0.000114 0.163448
1247 0.000118 0.163566
1248 0.000121 0.163687
1249 0.000111 0.163798
1250 0.000111 0.163909
1251 0.000117 0.164026
1252 0.000110 0.164136
1253 0.000100 0.164236
1254 0.000115 0.164351
1255 0.000102 0.164453
1256 0.000120 0.164573
1257 0.000126 0.164699
1258 0.000099 0.164798
1259 0.000116 0.164914
1260 0.000106 0.165020
1261 0.000120 0.165140
1262 0.000109 0.165249
1263 0.000108 0.165357
1264 0.000148 0.165505
1265 0.000111 0.165616
1266 0.000108 0.165724
1267 0.000116 0.165840
1268 0.000116 0.165956
1269 0.000130 0.166086
1270 0.000145 0.166231
1271 0.000144 0.166375
1272 0.000144 0.166519
1273 0.000122 0.166641
1274 0.000164 0.166805
1275 0.000169 0.166974
1276 0.000149 0.167123
1277 0.000136 0.167259
1278 0.000108 0.167367
1279 0.000123 0.167490
1280 0.000107 0.167597
1281 0.000112 0.167709
1282 0.000113 0.167822
1283 0.000113 0.167935
1284 0.000116 0.168051
1285 0.000121 0.168172
1286 0.000113 0.168285
1287 0.000122 0.168407
1288 0.000111 0.168518
1289 0.000118 0.168636
1290 0.000102 0.168738
1291 0.000115 0.168853
1292 0.000116 0.168969
1293 0.000113 0.169082
1294 0.000112 0.169194
1295 0.000119 0.169313
1296 0.000098 0.169411
1297 0.000117 0.169528
1298 0.000125 0.169653
1299 0.000112 0.169765
1300 0.000110 0.169875
1301 0.000116 0.169991
1302 0.000149 0.170140
1303 0.000124 0.170264
1304 0.000115 0.170379
1305 0.000105 0.170484
1306 0.000097 0.170581
1307 0.000118 0.170699
1308 0.000107 0.170806
1309 0.000112 0.170918
1310 0.000099 0.171017
1311 0.000130 0.171147
1312 0.000115 0.171262
1313 0.000122 0.171384
1314 0.000104 0.171488
1315 0.000111 0.171599
1316 0.000116 0.171715
1317 0.000103 0.171818
1318 0.000112 0.171930
1319 0.000113 0.172043
1320 0.000110 0.172153
1321 0.000112 0.172265
1322 0.000115 0.172380
1323 0.000119 0.172499
1324 0.000103 0.172602
1325 0.000112 0.172714
1326 0.000113 0.172827
1327 0.000106 0.172933
1328 0.000111 0.173044
1329 0.000121 0.173165
1330 0.000114 0.173279
1331 0.000115 0.173394
1332 0.000110 0.173504
1333 0.000147 0.173651
1334 0.000144 0.173795
1335 0.000108 0.173903
1336 0.000112 0.174015
1337 0.000178 0.174193
1338 0.000125 0.174318
1339 0.000109 0.174427
1340 0.000114 0.174541
1341 0.000119 0.174660
1342 0.000105 0.174765
1343 0.000107 0.174872
1344 0.000104 0.174976
1345 0.000110 0.175086
1346 0.000099 0.175185
1347 0.000111 0.175296
1348 0.000113 0.175409
1349 0.000109 0.175518
1350 0.000098 0.175616
1351 0.000120 0.175736
1352 0.000103 0.175839
1353 0.000146 0.175985
1354 0.000116 0.176101
1355 0.000100 0.176201
1356 0.000159 0.176360
1357 0.000116 0.176476
1358 0.000125 0.176601
1359 0.000180 0.176781
1360 0.000099 0.176880
1361 0.000115 0.176995
1362 0.000134 0.177129
1363 0.000127 0.177256
1364 0.000142 0.177398
1365 0.000132 0.177530
1366 0.000138 0.177668
1367 0.000141 0.177809
1368 0.000134 0.177943
1369 0.000131 0.178074
1370 0.000131 0.178205
1371 0.000135 0.178340
1372 0.000128 0.178468
1373 0.000145 0.178613
1374 0.000152 0.178765
1375 0.000154 0.178919
1376 0.000143 0.179062
1377 0.000153 0.179215
1378 0.000155 0.179370
1379 0.000142 0.179512
1380 0.000135 0.179647
1381 0.000123 0.179770
1382 0.000115 0.179885
1383 0.000145 0.180030
1384 0.000139 0.180169
1385 0.000139 0.180308
1386 0.000154 0.180462
1387 0.000153 0.180615
1388 0.000157 0.180772
1389 0.000165 0.180937
1390 0.000158 0.181095
1391 0.000159 0.181254
1392 0.000130 0.181384
1393 0.000135 0.181519
1394 0.000165 0.181684
1395 0.000156 0.181840
1396 0.000161 0.182001
1397 0.000150 0.182151
1398 0.000140 0.182291
1399 0.000124 0.182415
1400 0.000140 0.182555
1401 0.000141 0.182696
1402 0.000116 0.182812
1403 0.000137 0.182949
1404 0.000126 0.183075
1405 0.000146 0.183221
1406 0.000129 0.183350
1407 0.000131 0.183481
1408 0.000135 0.183616
1409 0.000154 0.183770
1410 0.000152 0.183922
1411 0.000115 0.184037
1412 0.000143 0.184180
1413 0.000185 0.184365
1414 0.000128 0.184493
1415 0.000134 0.184627
1416 0.000124 0.184751
1417 0.000136 0.184887
1418 0.000134 0.185021
1419 0.000187 0.185208
1420 0.000131 0.185339
1421 0.000151 0.185490
1422 0.000151 0.185641
1423 0.000142 0.185783
1424 0.000150 0.185933
1425 0.000135 0.186068
1426 0.000128 0.186196
1427 0.000127 0.186323
1428 0.000140 0.186463
1429 0.000116 0.186579
1430 0.000133 0.186712
1431 0.000145 0.186857
1432 0.000152 0.187009
1433 0.000150 0.187159
1434 0.000154 0.187313
1435 0.000129 0.187442
1436 0.000129 0.187571
1437 0.000122 0.187693
1438 0.000160 0.187853
1439 0.000152 0.188005
1440 0.000162 0.188167
1441 0.000126 0.188293
1442 0.000135 0.188428
1443 0.000123 0.188551
1444 0.000139 0.188690
1445 0.000143 0.188833
1446 0.000163 0.188996
1447 0.000142 0.189138
1448 0.000166 0.189304
1449 0.000141 0.189445
1450 0.000129 0.189574
1451 0.000115 0.189689
1452 0.000125 0.189814
1453 0.000121 0.189935
1454 0.000146 0.190081
1455 0.000131 0.190212
1456 0.000129 0.190341
1457 0.000173 0.190514
1458 0.000129 0.190643
1459 0.000158 0.190801
1460 0.000189 0.190990
1461 0.000160 0.191150
1462 0.000176 0.191326
1463 0.000125 0.191451
1464 0.000146 0.191597
1465 0.000144 0.191741
1466 0.000122 0.191863
1467 0.000161 0.192024
1468 0.000177 0.192201
1469 0.000119 0.192320
1470 0.000169 0.192489
1471 0.000164 0.192653
1472 0.000217 0.192870
1473 0.000243 0.193113
1474 0.000200 0.193313
1475 0.000171 0.193484
1476 0.000139 0.193623
1477 0.000141 0.193764
1478 0.000141 0.193905
1479 0.000148 0.194053
1480 0.000172 0.194225
1481 0.000260 0.194485
1482 0.000127 0.194612
1483 0.000134 0.194746
1484 0.000131 0.194877
1485 0.000126 0.195003
1486 0.000129 0.195132
1487 0.000120 0.195252
1488 0.000119 0.195371
1489 0.000121 0.195492
1490 0.000130 0.195622
1491 0.000128 0.195750
1492 0.000124 0.195874
1493 0.000154 0.196028
1494 0.000167 0.196195
1495 0.000180 0.196375
1496 0.000151 0.196526
1497 0.000144 0.196670
1498 0.000111 0.196781
1499 0.000144 0.196925
1500 0.000145 0.197070
1501 0.000113 0.197183
1502 0.000116 0.197299
1503 0.000110 0.197409
1504 0.000178 0.197587
1505 0.000153 0.197740
1506 0.000177 0.197917
1507 0.000154 0.198071
1508 0.000115 0.198186
1509 0.000098 0.198284
1510 0.000142 0.198426
1511 0.000126 0.198552
1512 0.000123 0.198675
1513 0.000135 0.198810
1514 0.000144 0.198954
1515 0.000163 0.199117
1516 0.000121 0.199238
1517 0.000131 0.199369
1518 0.000142 0.199511
1519 0.000121 0.199632
1520 0.000115 0.199747
1521 0.000137 0.199884
1522 0.000210 0.200094
1523 0.000127 0.200221
1524 0.000127 0.200348
1525 0.000129 0.200477
1526 0.000129 0.200606
1527 0.000151 0.200757
1528 0.000157 0.200914
1529 0.000156 0.201070
1530 0.000130 0.201200
1531 0.000126 0.201326
1532 0.000185 0.201511
1533 0.000119 0.201630
1534 0.000120 0.201750
1535 0.000123 0.201873
1536 0.000120 0.201993
1537 0.000155 0.202148
1538 0.000159 0.202307
1539 0.000125 0.202432
1540 0.000161 0.202593
1541 0.000156 0.202749
1542 0.000158 0.202907
1543 0.000136 0.203043
1544 0.000159 0.203202
1545 0.000141 0.203343
1546 0.000145 0.203488
1547 0.000137 0.203625
1548 0.000156 0.203781
1549 0.000129 0.203910
1550 0.000153 0.204063
1551 0.000127 0.204190
1552 0.000137 0.204327
1553 0.000133 0.204460
1554 0.000150 0.204610
1555 0.000169 0.204779
1556 0.000164 0.204943
1557 0.000131 0.205074
1558 0.000149 0.205223
1559 0.000146 0.205369
1560 0.000140 0.205509
1561 0.000127 0.205636
1562 0.000129 0.205765
1563 0.000131 0.205896
1564 0.000143 0.206039
1565 0.000129 0.206168
1566 0.000125 0.206293
1567 0.000138 0.206431
1568 0.000135 0.206566
1569 0.000125 0.206691
1570 0.000143 0.206834
1571 0.000126 0.206960
1572 0.000138 0.207098
1573 0.000121 0.207219
1574 0.000126 0.207345
1575 0.000124 0.207469
1576 0.000121 0.207590
1577 0.000166 0.207756
1578 0.000185 0.207941
1579 0.000152 0.208093
1580 0.000136 0.208229
1581 0.000152 0.208381
1582 0.000167 0.208548
1583 0.000165 0.208713
1584 0.000153 0.208866
1585 0.000163 0.209029
1586 0.000154 0.209183
1587 0.000099 0.209282
1588 0.000133 0.209415
1589 0.000146 0.209561
1590 0.000118 0.209679
1591 0.000165 0.209844
1592 0.000235 0.210079
1593 0.000132 0.210211
1594 0.000144 0.210355
1595 0.000164 0.210519
1596 0.000173 0.210692
1597 0.000184 0.210876
1598 0.000138 0.211014
1599 0.000145 0.211159
1600 0.000159 0.211318
1601 0.000147 0.211465
1602 0.000171 0.211636
1603 0.000116 0.211752
1604 0.000129 0.211881
1605 0.000131 0.212012
1606 0.000140 0.212152
1607 0.000145 0.212297
1608 0.000153 0.212450
1609 0.000227 0.212677
1610 0.000145 0.212822
1611 0.000144 0.212966
1612 0.000134 0.213100
1613 0.000159 0.213259
1614 0.000135 0.213394
1615 0.000153 0.213547
1616 0.000136 0.213683
1617 0.000117 0.213800
1618 0.000233 0.214033
1619 0.000110 0.214143
1620 0.000153 0.214296
1621 0.000185 0.214481
1622 0.000134 0.214615
1623 0.000161 0.214776
1624 0.000157 0.214933
1625 0.000111 0.215044
1626 0.000216 0.215260
1627 0.000141 0.215401
1628 0.000158 0.215559
1629 0.000159 0.215718
1630 0.000176 0.215894
1631 0.000172 0.216066
1632 0.000206 0.216272
1633 0.000210 0.216482
1634 0.000220 0.216702
1635 0.000099 0.216801
1636 0.000199 0.217000
1637 0.000107 0.217107
1638 0.000168 0.217275
1639 0.000154 0.217429
1640 0.000182 0.217611
1641 0.000168 0.217779
1642 0.000179 0.217958
1643 0.000194 0.218152
1644 0.000295 0.218447
1645 0.000179 0.218626
1646 0.000185 0.218811
1647 0.000401 0.219212
1648 0.000366 0.219578
1649 0.000358 0.219936
1650 0.000367 0.220303
1651 0.000235 0.220538
1652 0.000401 0.220939
1653 0.000323 0.221262
1654 0.000409 0.221671
1655 0.000346 0.222017
1656 0.000352 0.222369
1657 0.000343 0.222712
1658 0.000397 0.223109
1659 0.000367 0.223476
1660 0.000327 0.223803
1661 0.000330 0.224133
1662 0.000342 0.224475
1663 0.000397 0.224872
1664 0.000475 0.225347
1665 0.000311 0.225658
1666 0.000330 0.225988
1667 0.000252 0.226240
1668 0.000202 0.226442
1669 0.000271 0.226713
1670 0.000247 0.226960
1671 0.000200 0.227160
1672 0.000229 0.227389
1673 0.000243 0.227632
1674 0.000219 0.227851
1675 0.000266 0.228117
1676 0.000258 0.228375
1677 0.000262 0.228637
1678 0.000234 0.228871
1679 0.000244 0.229115
1680 0.000233 0.229348
1681 0.000243 0.229591
1682 0.000240 0.229831
1683 0.000229 0.230060
1684 0.000214 0.230274
1685 0.000226 0.230500
1686 0.000236 0.230736
1687 0.000221 0.230957
1688 0.000214 0.231171
1689 0.000220 0.231391
1690 0.000193 0.231584
1691 0.000245 0.231829
1692 0.000260 0.232089
1693 0.000224 0.232313
1694 0.000216 0.232529
1695 0.000221 0.232750
1696 0.000215 0.232965
1697 0.000216 0.233181
1698 0.000272 0.233453
1699 0.000203 0.233656
1700 0.000209 0.233865
1701 0.000229 0.234094
1702 0.000227 0.234321
1703 0.000190 0.234511
1704 0.000202 0.234713
1705 0.000196 0.234909
1706 0.000200 0.235109
1707 0.000205 0.235314
1708 0.000222 0.235536
1709 0.000223 0.235759
1710 0.000188 0.235947
1711 0.000248 0.236195
1712 0.000203 0.236398
1713 0.000174 0.236572
1714 0.000212 0.236784
1715 0.000207 0.236991
1716 0.000192 0.237183
1717 0.000199 0.237382
1718 0.000191 0.237573
1719 0.000166 0.237739
1720 0.000200 0.237939
1721 0.000194 0.238133
1722 0.000173 0.238306
1723 0.000192 0.238498
1724 0.000185 0.238683
1725 0.000208 0.238891
1726 0.000216 0.239107
1727 0.000247 0.239354
1728 0.000161 0.239515
1729 0.000186 0.239701
1730 0.000193 0.239894
1731 0.000206 0.240100
1732 0.000202 0.240302
1733 0.000190 0.240492
1734 0.000188 0.240680
1735 0.000244 0.240924
1736 0.000154 0.241078
1737 0.000165 0.241243
1738 0.000170 0.241413
1739 0.000192 0.241605
1740 0.000125 0.241730
1741 0.000137 0.241867
1742 0.000222 0.242089
1743 0.000171 0.242260
1744 0.000260 0.242520
1745 0.000185 0.242705
1746 0.000213 0.242918
1747 0.000188 0.243106
1748 0.000236 0.243342
1749 0.000184 0.243526
1750 0.000192 0.243718
1751 0.000184 0.243902
1752 0.000215 0.244117
1753 0.000233 0.244350
1754 0.000300 0.244650
1755 0.000195 0.244845
1756 0.000186 0.245031
1757 0.000192 0.245223
1758 0.000199 0.245422
1759 0.000146 0.245568
1760 0.000144 0.245712
1761 0.000122 0.245834
1762 0.000146 0.245980
1763 0.000193 0.246173
1764 0.000199 0.246372
1765 0.000167 0.246539
1766 0.000164 0.246703
1767 0.000174 0.246877
1768 0.000190 0.247067
1769 0.000174 0.247241
1770 0.000162 0.247403
1771 0.000184 0.247587
1772 0.000218 0.247805
1773 0.000197 0.248002
1774 0.000199 0.248201
1775 0.000191 0.248392
1776 0.000199 0.248591
1777 0.000212 0.248803
1778 0.000193 0.248996
1779 0.000192 0.249188
1780 0.000193 0.249381
1781 0.000204 0.249585
1782 0.000194 0.249779
1783 0.000190 0.249969
1784 0.000227 0.250196
1785 0.000202 0.250398
1786 0.000200 0.250598
1787 0.000226 0.250824
1788 0.000210 0.251034
1789 0.000213 0.251247
1790 0.000220 0.251467
1791 0.000236 0.251703
1792 0.000211 0.251914
1793 0.000186 0.252100
1794 0.000197 0.252297
1795 0.000195 0.252492
1796 0.000290 0.252782
1797 0.000196 0.252978
1798 0.000234 0.253212
1799 0.000244 0.253456
1800 0.000223 0.253679
1801 0.000255 0.253934
1802 0.000265 0.254199
1803 0.000242 0.254441
1804 0.000276 0.254717
1805 0.000277 0.254994
1806 0.000271 0.255265
1807 0.000278 0.255543
1808 0.000249 0.255792
1809 0.000210 0.256002
1810 0.000290 0.256292
1811 0.000236 0.256528
1812 0.000251 0.256779
1813 0.000250 0.257029
1814 0.000277 0.257306
1815 0.000261 0.257567
1816 0.000226 0.257793
1817 0.000209 0.258002
1818 0.000234 0.258236
1819 0.000246 0.258482
1820 0.000229 0.258711
1821 0.000249 0.258960
1822 0.000170 0.259130
1823 0.000193 0.259323
1824 0.000270 0.259593
1825 0.000251 0.259844
1826 0.000241 0.260085
1827 0.000267 0.260352
1828 0.000181 0.260533
1829 0.000277 0.260810
1830 0.000281 0.261091
1831 0.000218 0.261309
1832 0.000271 0.261580
1833 0.000229 0.261809
1834 0.000284 0.262093
1835 0.000239 0.262332
1836 0.000239 0.262571
1837 0.000218 0.262789
1838 0.000225 0.263014
1839 0.000258 0.263272
1840 0.000282 0.263554
1841 0.000217 0.263771
1842 0.000213 0.263984
1843 0.000228 0.264212
1844 0.000297 0.264509
1845 0.000289 0.264798
1846 0.000261 0.265059
1847 0.000257 0.265316
1848 0.000252 0.265568
1849 0.000297 0.265865
1850 0.000287 0.266152
1851 0.000223 0.266375
1852 0.000258 0.266633
1853 0.000267 0.266900
1854 0.000271 0.267171
1855 0.000246 0.267417
1856 0.000283 0.267700
1857 0.000202 0.267902
1858 0.000219 0.268121
1859 0.000239 0.268360
1860 0.000198 0.268558
1861 0.000219 0.268777
1862 0.000207 0.268984
1863 0.000217 0.269201
1864 0.000188 0.269389
1865 0.000195 0.269584
1866 0.000197 0.269781
1867 0.000222 0.270003
1868 0.000246 0.270249
1869 0.000218 0.270467
1870 0.000224 0.270691
1871 0.000269 0.270960
1872 0.000279 0.271239
1873 0.000283 0.271522
1874 0.000224 0.271746
1875 0.000229 0.271975
1876 0.000239 0.272214
1877 0.000302 0.272516
1878 0.000264 0.272780
1879 0.000222 0.273002
1880 0.000232 0.273234
1881 0.000251 0.273485
1882 0.000112 0.273597
1883 0.000256 0.273853
1884 0.000216 0.274069
1885 0.000280 0.274349
1886 0.000168 0.274517
1887 0.000197 0.274714
1888 0.000217 0.274931
1889 0.000232 0.275163
1890 0.000231 0.275394
1891 0.000251 0.275645
1892 0.000351 0.275996
1893 0.000283 0.276279
1894 0.000250 0.276529
1895 0.000219 0.276748
1896 0.000213 0.276961
1897 0.000289 0.277250
1898 0.000241 0.277491
1899 0.000208 0.277699
1900 0.000242 0.277941
1901 0.000273 0.278214
1902 0.000231 0.278445
1903 0.000180 0.278625
1904 0.000210 0.278835
1905 0.000242 0.279077
1906 0.000207 0.279284
1907 0.000216 0.279500
1908 0.000208 0.279708
1909 0.000210 0.279918
1910 0.000310 0.280228
1911 0.000209 0.280437
1912 0.000208 0.280645
1913 0.000231 0.280876
1914 0.000225 0.281101
1915 0.000157 0.281258
1916 0.000240 0.281498
1917 0.000119 0.281617
1918 0.000225 0.281842
1919 0.000200 0.282042
1920 0.000233 0.282275
1921 0.000204 0.282479
1922 0.000256 0.282735
1923 0.000231 0.282966
1924 0.000235 0.283201
1925 0.000193 0.283394
1926 0.000215 0.283609
1927 0.000220 0.283829
1928 0.000219 0.284048
1929 0.000226 0.284274
1930 0.000247 0.284521
1931 0.000189 0.284710
1932 0.000176 0.284886
1933 0.000323 0.285209
1934 0.000200 0.285409
1935 0.000191 0.285600
1936 0.000196 0.285796
1937 0.000216 0.286012
1938 0.000215 0.286227
1939 0.000227 0.286454
1940 0.000233 0.286687
1941 0.000250 0.286937
1942 0.000271 0.287208
1943 0.000260 0.287468
1944 0.000212 0.287680
1945 0.000278 0.287958
1946 0.000227 0.288185
1947 0.000285 0.288470
1948 0.000229 0.288699
1949 0.000224 0.288923
1950 0.000224 0.289147
1951 0.000212 0.289359
1952 0.000272 0.289631
1953 0.000240 0.289871
1954 0.000317 0.290188
1955 0.000234 0.290422
1956 0.000249 0.290671
1957 0.000276 0.290947
1958 0.000171 0.291118
1959 0.000188 0.291306
1960 0.000259 0.291565
1961 0.000228 0.291793
1962 0.000192 0.291985
1963 0.000161 0.292146
1964 0.000206 0.292352
1965 0.000187 0.292539
1966 0.000144 0.292683
1967 0.000148 0.292831
1968 0.000169 0.293000
1969 0.000189 0.293189
1970 0.000144 0.293333
1971 0.000220 0.293553
1972 0.000229 0.293782
1973 0.000287 0.294069
1974 0.000249 0.294318
1975 0.000238 0.294556
1976 0.000243 0.294799
1977 0.000157 0.294956
1978 0.000273 0.295229
1979 0.000145 0.295374
1980 0.000248 0.295622
1981 0.000132 0.295754
1982 0.000169 0.295923
1983 0.000172 0.296095
1984 0.000257 0.296352
1985 0.000173 0.296525
1986 0.000186 0.296711
1987 0.000179 0.296890
1988 0.000185 0.297075
1989 0.000201 0.297276
1990 0.000208 0.297484
1991 0.000189 0.297673
1992 0.000235 0.297908
1993 0.000266 0.298174
1994 0.000158 0.298332
1995 0.000225 0.298557
1996 0.000256 0.298813
1997 0.000207 0.299020
1998 0.000230 0.299250
1999 0.000226 0.299476
2000 0.000265 0.299741
2001 0.000204 0.299945
2002 0.000246 0.300191
2003 0.000208 0.300399
2004 0.000222 0.300621
2005 0.000129 0.300750
2006 0.000192 0.300942
2007 0.000212 0.301154
2008 0.000194 0.301348
2009 0.000183 0.301531
2010 0.000186 0.301717
2011 0.000209 0.301926
2012 0.000199 0.302125
2013 0.000182 0.302307
2014 0.000187 0.302494
2015 0.000176 0.302670
2016 0.000174 0.302844
2017 0.000180 0.303024
2018 0.000216 0.303240
2019 0.000231 0.303471
2020 0.000226 0.303697
2021 0.000292 0.303989
2022 0.000183 0.304172
2023 0.000256 0.304428
2024 0.000207 0.304635
2025 0.000186 0.304821
2026 0.000209 0.305030
2027 0.000203 0.305233
2028 0.000246 0.305479
2029 0.000257 0.305736
2030 0.000267 0.306003
2031 0.000276 0.306279
2032 0.000204 0.306483
2033 0.000208 0.306691
2034 0.000199 0.306890
2035 0.000209 0.307099
2036 0.000281 0.307380
2037 0.000232 0.307612
2038 0.000225 0.307837
2039 0.000222 0.308059
2040 0.000284 0.308343
2041 0.000212 0.308555
2042 0.000209 0.308764
2043 0.000217 0.308981
2044 0.000220 0.309201
2045 0.000208 0.309409
2046 0.000166 0.309575
2047 0.000201 0.309776
2048 0.000227 0.310003
2049 0.000204 0.310207
2050 0.000193 0.310400
2051 0.000221 0.310621
2052 0.000258 0.310879
2053 0.000270 0.311149
2054 0.000183 0.311332
2055 0.000206 0.311538
2056 0.000257 0.311795
2057 0.000262 0.312057
2058 0.000150 0.312207
2059 0.000159 0.312366
2060 0.000184 0.312550
2061 0.000212 0.312762
2062 0.000301 0.313063
2063 0.000320 0.313383
2064 0.000337 0.313720
2065 0.000162 0.313882
2066 0.000333 0.314215
2067 0.000289 0.314504
2068 0.000282 0.314786
2069 0.000295 0.315081
2070 0.000225 0.315306
2071 0.000258 0.315564
2072 0.000303 0.315867
2073 0.000225 0.316092
2074 0.000243 0.316335
2075 0.000238 0.316573
2076 0.000285 0.316858
2077 0.000214 0.317072
2078 0.000241 0.317313
2079 0.000297 0.317610
2080 0.000240 0.317850
2081 0.000244 0.318094
2082 0.000270 0.318364
2083 0.000316 0.318680
2084 0.000222 0.318902
2085 0.000304 0.319206
2086 0.000311 0.319517
2087 0.000218 0.319735
2088 0.000288 0.320023
2089 0.000320 0.320343
2090 0.000283 0.320626
2091 0.000240 0.320866
2092 0.000366 0.321232
2093 0.000267 0.321499
2094 0.000222 0.321721
2095 0.000246 0.321967
2096 0.000215 0.322182
2097 0.000228 0.322410
2098 0.000221 0.322631
2099 0.000248 0.322879
2100 0.000236 0.323115
2101 0.000263 0.323378
2102 0.000254 0.323632
2103 0.000268 0.323900
2104 0.000322 0.324222
2105 0.000323 0.324545
2106 0.000292 0.324837
2107 0.000302 0.325139
2108 0.000305 0.325444
2109 0.000314 0.325758
2110 0.000374 0.326132
2111 0.000321 0.326453
2112 0.000295 0.326748
2113 0.000298 0.327046
2114 0.000294 0.327340
2115 0.000332 0.327672
2116 0.000349 0.328021
2117 0.000306 0.328327
2118 0.000268 0.328595
2119 0.000386 0.328981
2120 0.000310 0.329291
2121 0.000382 0.329673
2122 0.000277 0.329950
2123 0.000315 0.330265
2124 0.000334 0.330599
2125 0.000273 0.330872
2126 0.000315 0.331187
2127 0.000313 0.331500
2128 0.000361 0.331861
2129 0.000398 0.332259
2130 0.000386 0.332645
2131 0.000322 0.332967
2132 0.000326 0.333293
2133 0.000318 0.333611
2134 0.000329 0.333940
2135 0.000301 0.334241
2136 0.000325 0.334566
2137 0.000314 0.334880
2138 0.000354 0.335234
2139 0.000361 0.335595
2140 0.000383 0.335978
2141 0.000436 0.336414
2142 0.000324 0.336738
2143 0.000381 0.337119
2144 0.000416 0.337535
2145 0.000425 0.337960
2146 0.000434 0.338394
2147 0.000430 0.338824
2148 0.000434 0.339258
2149 0.000431 0.339689
2150 0.000407 0.340096
2151 0.000384 0.340480
2152 0.000389 0.340869
2153 0.000359 0.341228
2154 0.000381 0.341609
2155 0.000378 0.341987
2156 0.000359 0.342346
2157 0.000342 0.342688
2158 0.000343 0.343031
2159 0.000357 0.343388
2160 0.000383 0.343771
2161 0.000360 0.344131
2162 0.000441 0.344572
2163 0.000367 0.344939
2164 0.000337 0.345276
2165 0.000399 0.345675
2166 0.000391 0.346066
2167 0.000341 0.346407
2168 0.000361 0.346768
2169 0.000423 0.347191
2170 0.000390 0.347581
2171 0.000393 0.347974
2172 0.000436 0.348410
2173 0.000369 0.348779
2174 0.000353 0.349132
2175 0.000422 0.349554
2176 0.000446 0.350000
2177 0.000452 0.350452
2178 0.000389 0.350841
2179 0.000337 0.351178
2180 0.000404 0.351582
2181 0.000443 0.352025
2182 0.000429 0.352454
2183 0.000420 0.352874
2184 0.000450 0.353324
2185 0.000403 0.353727
2186 0.000440 0.354167
2187 0.000390 0.354557
2188 0.000417 0.354974
2189 0.000442 0.355416
2190 0.000459 0.355875
2191 0.000405 0.356280
2192 0.000445 0.356725
2193 0.000349 0.357074
2194 0.000395 0.357469
2195 0.000579 0.358048
2196 0.000570 0.358618
2197 0.000384 0.359002
2198 0.000514 0.359516
2199 0.000576 0.360092
2200 0.000261 0.360353
2201 0.000325 0.360678
2202 0.000503 0.361181
2203 0.000332 0.361513
2204 0.000482 0.361995
2205 0.000336 0.362331
2206 0.000387 0.362718
2207 0.000301 0.363019
2208 0.000378 0.363397
2209 0.000345 0.363742
2210 0.000302 0.364044
2211 0.000365 0.364409
2212 0.000278 0.364687
2213 0.000308 0.364995
2214 0.000325 0.365320
2215 0.000329 0.365649
2216 0.000269 0.365918
2217 0.000341 0.366259
2218 0.000357 0.366616
2219 0.000330 0.366946
2220 0.000292 0.367238
2221 0.000275 0.367513
2222 0.000272 0.367785
2223 0.000548 0.368333
2224 0.000286 0.368619
2225 0.000609 0.369228
2226 0.000605 0.369833
2227 0.000663 0.370496
2228 0.000658 0.371154
2229 0.000339 0.371493
2230 0.000303 0.371796
2231 0.000314 0.372110
2232 0.000340 0.372450
2233 0.000558 0.373008
2234 0.000757 0.373765
2235 0.000786 0.374551
2236 0.000358 0.374909
2237 0.000513 0.375422
2238 0.000538 0.375960
2239 0.000562 0.376522
2240 0.000495 0.377017
2241 0.000362 0.377379
2242 0.000559 0.377938
2243 0.000515 0.378453
2244 0.000593 0.379046
2245 0.000449 0.379495
2246 0.000537 0.380032
2247 0.000557 0.380589
2248 0.000664 0.381253
2249 0.000581 0.381834
2250 0.000354 0.382188
2251 0.000526 0.382714
2252 0.000552 0.383266
2253 0.000487 0.383753
2254 0.000259 0.384012
2255 0.000508 0.384520
2256 0.000506 0.385026
2257 0.000509 0.385535
2258 0.000471 0.386006
2259 0.000480 0.386486
2260 0.000432 0.386918
2261 0.000268 0.387186
2262 0.000438 0.387624
2263 0.000346 0.387970
2264 0.000469 0.388439
2265 0.000437 0.388876
2266 0.000420 0.389296
2267 0.000408 0.389704
2268 0.000508 0.390212
2269 0.000403 0.390615
2270 0.000577 0.391192
2271 0.000627 0.391819
2272 0.000415 0.392234
2273 0.000675 0.392909
2274 0.000173 0.393082
2275 0.000515 0.393597
2276 0.000667 0.394264
2277 0.000672 0.394936
2278 0.000617 0.395553
2279 0.000693 0.396246
2280 0.000654 0.396900
2281 0.000306 0.397206
2282 0.000679 0.397885
2283 0.000633 0.398518
2284 0.000607 0.399125
2285 0.000283 0.399408
2286 0.000361 0.399769
2287 0.000608 0.400377
2288 0.000634 0.401011
2289 0.000633 0.401644
2290 0.000691 0.402335
2291 0.000584 0.402919
2292 0.000489 0.403408
2293 0.000548 0.403956
2294 0.000542 0.404498
2295 0.000573 0.405071
2296 0.000564 0.405635
2297 0.000644 0.406279
2298 0.000383 0.406662
2299 0.000596 0.407258
2300 0.000619 0.407877
2301 0.000566 0.408443
2302 0.000726 0.409169
2303 0.000676 0.409845
2304 0.000797 0.410642
2305 0.000508 0.411150
2306 0.000338 0.411488
2307 0.000529 0.412017
2308 0.000516 0.412533
2309 0.000608 0.413141
2310 0.000481 0.413622
2311 0.000639 0.414261
2312 0.000803 0.415064
2313 0.000735 0.415799
2314 0.000602 0.416401
2315 0.000395 0.416796
2316 0.000603 0.417399
2317 0.000493 0.417892
2318 0.000553 0.418445
2319 0.000618 0.419063
2320 0.000651 0.419714
2321 0.000765 0.420479
2322 0.000379 0.420858
2323 0.000289 0.421147
2324 0.000586 0.421733
2325 0.000558 0.422291
2326 0.000582 0.422873
2327 0.000498 0.423371
2328 0.000738 0.424109
2329 0.000513 0.424622
2330 0.000658 0.425280
2331 0.000926 0.426206
2332 0.000505 0.426711
2333 0.000623 0.427334
2334 0.000645 0.427979
2335 0.000765 0.428744
2336 0.000438 0.429182
2337 0.000318 0.429500
2338 0.000751 0.430251
2339 0.000510 0.430761
2340 0.000509 0.431270
2341 0.000582 0.431852
2342 0.000633 0.432485
2343 0.000673 0.433158
2344 0.000636 0.433794
2345 0.000553 0.434347
2346 0.000684 0.435031
2347 0.000749 0.435780
2348 0.000344 0.436124
2349 0.000767 0.436891
2350 0.000629 0.437520
2351 0.000744 0.438264
2352 0.000668 0.438932
2353 0.000627 0.439559
2354 0.000251 0.439810
2355 0.000673 0.440483
2356 0.000636 0.441119
2357 0.000749 0.441868
2358 0.000794 0.442662
2359 0.000651 0.443313
2360 0.000748 0.444061
2361 0.000750 0.444811
2362 0.000547 0.445358
2363 0.000590 0.445948
2364 0.000774 0.446722
2365 0.000646 0.447368
2366 0.000668 0.448036
2367 0.000670 0.448706
2368 0.000484 0.449190
2369 0.000611 0.449801
2370 0.000669 0.450470
2371 0.000556 0.451026
2372 0.000667 0.451693
2373 0.000599 0.452292
2374 0.000671 0.452963
2375 0.000648 0.453611
2376 0.000613 0.454224
2377 0.000815 0.455039
2378 0.000904 0.455943
2379 0.000666 0.456609
2380 0.000390 0.456999
2381 0.000662 0.457661
2382 0.000933 0.458594
2383 0.000701 0.459295
2384 0.000560 0.459855
2385 0.000386 0.460241
2386 0.000193 0.460434
2387 0.000603 0.461037
2388 0.000221 0.461258
2389 0.000290 0.461548
2390 0.000622 0.462170
2391 0.000525 0.462695
2392 0.000699 0.463394
2393 0.000570 0.463964
2394 0.000710 0.464674
2395 0.000462 0.465136
2396 0.000682 0.465818
2397 0.000635 0.466453
2398 0.000546 0.466999
2399 0.000640 0.467639
2400 0.000677 0.468316
2401 0.000730 0.469046
2402 0.000729 0.469775
2403 0.000643 0.470418
2404 0.000278 0.470696
2405 0.000697 0.471393
2406 0.000651 0.472044
2407 0.000655 0.472699
2408 0.000494 0.473193
2409 0.000832 0.474025
2410 0.000817 0.474842
2411 0.000561 0.475403
2412 0.000539 0.475942
2413 0.000601 0.476543
2414 0.000272 0.476815
2415 0.000801 0.477616
2416 0.000896 0.478512
2417 0.000646 0.479158
2418 0.000412 0.479570
2419 0.000774 0.480344
2420 0.000566 0.480910
2421 0.000561 0.481471
2422 0.000455 0.481926
2423 0.000702 0.482628
2424 0.000748 0.483376
2425 0.000835 0.484211
2426 0.000830 0.485041
2427 0.000749 0.485790
2428 0.000763 0.486553
2429 0.000767 0.487320
2430 0.000808 0.488128
2431 0.000711 0.488839
2432 0.000367 0.489206
2433 0.000925 0.490131
2434 0.000856 0.490987
2435 0.000677 0.491664
2436 0.001001 0.492665
2437 0.000795 0.493460
2438 0.000723 0.494183
2439 0.000814 0.494997
2440 0.000786 0.495783
2441 0.001113 0.496896
2442 0.000753 0.497649
2443 0.000756 0.498405
2444 0.000868 0.499273
2445 0.000440 0.499713
2446 0.000548 0.500261
2447 0.000685 0.500946
2448 0.000756 0.501702
2449 0.000415 0.502117
2450 0.001022 0.503139
2451 0.000798 0.503937
2452 0.000905 0.504842
2453 0.000665 0.505507
2454 0.000816 0.506323
2455 0.000860 0.507183
2456 0.000935 0.508118
2457 0.001028 0.509146
2458 0.001066 0.510212
2459 0.000925 0.511137
2460 0.001116 0.512253
2461 0.001139 0.513392
2462 0.000576 0.513968
2463 0.001355 0.515323
2464 0.001071 0.516394
2465 0.001367 0.517761
2466 0.000880 0.518641
2467 0.001040 0.519681
2468 0.000747 0.520428
2469 0.001176 0.521604
2470 0.001139 0.522743
2471 0.000548 0.523291
2472 0.000933 0.524224
2473 0.000848 0.525072
2474 0.001183 0.526255
2475 0.000865 0.527120
2476 0.001261 0.528381
2477 0.000868 0.529249
2478 0.000213 0.529462
2479 0.000919 0.530381
2480 0.000829 0.531210
2481 0.000850 0.532060
2482 0.001028 0.533088
2483 0.000798 0.533886
2484 0.000593 0.534479
2485 0.001008 0.535487
2486 0.000952 0.536439
2487 0.000973 0.537412
2488 0.000988 0.538400
2489 0.001038 0.539438
2490 0.001024 0.540462
2491 0.001067 0.541529
2492 0.000887 0.542416
2493 0.000903 0.543319
2494 0.001015 0.544334
2495 0.000974 0.545308
2496 0.001236 0.546544
2497 0.001068 0.547612
2498 0.001273 0.548885
2499 0.000498 0.549383
2500 0.001036 0.550419
2501 0.001164 0.551583
2502 0.001217 0.552800
2503 0.001301 0.554101
2504 0.001082 0.555183
2505 0.000899 0.556082
2506 0.000925 0.557007
2507 0.001328 0.558335
2508 0.001236 0.559571
2509 0.001235 0.560806
2510 0.001238 0.562044
2511 0.000664 0.562708
2512 0.001336 0.564044
2513 0.000857 0.564901
2514 0.000952 0.565853
2515 0.001152 0.567005
2516 0.001172 0.568177
2517 0.001131 0.569308
2518 0.001316 0.570624
2519 0.001199 0.571823
2520 0.001268 0.573091
2521 0.001404 0.574495
2522 0.001432 0.575927
2523 0.001575 0.577502
2524 0.001300 0.578802
2525 0.001026 0.579828
2526 0.000954 0.580782
2527 0.001399 0.582181
2528 0.001074 0.583255
2529 0.001455 0.584710
2530 0.000912 0.585622
2531 0.001193 0.586815
2532 0.001283 0.588098
2533 0.000696 0.588794
2534 0.001628 0.590422
2535 0.000669 0.591091
2536 0.001099 0.592190
2537 0.000653 0.592843
2538 0.001234 0.594077
2539 0.001532 0.595609
2540 0.001611 0.597220
2541 0.000724 0.597944
2542 0.001608 0.599552
2543 0.001051 0.600603
2544 0.000879 0.601482
2545 0.001429 0.602911
2546 0.001295 0.604206
2547 0.001113 0.605319
2548 0.001417 0.606736
2549 0.001393 0.608129
2550 0.001538 0.609667
2551 0.001454 0.611121
2552 0.000838 0.611959
2553 0.001420 0.613379
2554 0.001585 0.614964
2555 0.000840 0.615804
2556 0.001252 0.617056
2557 0.000892 0.617948
2558 0.001470 0.619418
2559 0.001509 0.620927
2560 0.001231 0.622158
2561 0.001483 0.623641
2562 0.001515 0.625156
2563 0.001631 0.626787
2564 0.001700 0.628487
2565 0.001334 0.629821
2566 0.000977 0.630798
2567 0.000528 0.631326
2568 0.000948 0.632274
2569 0.001460 0.633734
2570 0.001665 0.635399
2571 0.001739 0.637138
2572 0.001614 0.638752
2573 0.001895 0.640647
2574 0.000869 0.641516
2575 0.000892 0.642408
2576 0.001531 0.643939
2577 0.001455 0.645394
2578 0.000250 0.645644
2579 0.001513 0.647157
2580 0.001676 0.648833
2581 0.001245 0.650078
2582 0.001694 0.651772
2583 0.001695 0.653467
2584 0.001651 0.655118
2585 0.001599 0.656717
2586 0.001645 0.658362
2587 0.001609 0.659971
2588 0.000532 0.660503
2589 0.002050 0.662553
2590 0.001655 0.664208
2591 0.000824 0.665032
2592 0.001317 0.666349
2593 0.001589 0.667938
2594 0.000855 0.668793
2595 0.001058 0.669851
2596 0.002125 0.671976
2597 0.001012 0.672988
2598 0.000431 0.673419
2599 0.000674 0.674093
2600 0.001863 0.675956
2601 0.001543 0.677499
2602 0.001952 0.679451
2603 0.000508 0.679959
2604 0.001643 0.681602
2605 0.000726 0.682328
2606 0.001403 0.683731
2607 0.001435 0.685166
2608 0.000915 0.686081
2609 0.001566 0.687647
2610 0.001402 0.689049
2611 0.000685 0.689734
2612 0.001086 0.690820
2613 0.001572 0.692392
2614 0.001524 0.693916
2615 0.000253 0.694169
2616 0.001340 0.695509
2617 0.001444 0.696953
2618 0.001153 0.698106
2619 0.001347 0.699453
2620 0.001515 0.700968
2621 0.001664 0.702632
2622 0.001570 0.704202
2623 0.000625 0.704827
2624 0.001276 0.706103
2625 0.001557 0.707660
2626 0.002293 0.709953
2627 0.001404 0.711357
2628 0.000744 0.712101
2629 0.001683 0.713784
2630 0.001816 0.715600
2631 0.002614 0.718214
2632 0.001464 0.719678
2633 0.001795 0.721473
2634 0.002604 0.724077
2635 0.001539 0.725616
2636 0.001393 0.727009
2637 0.002666 0.729675
2638 0.001874 0.731549
2639 0.001920 0.733469
2640 0.000533 0.734002
2641 0.001376 0.735378
2642 0.000746 0.736124
2643 0.000538 0.736662
2644 0.001896 0.738558
2645 0.002108 0.740666
2646 0.001329 0.741995
2647 0.001942 0.743937
2648 0.000836 0.744773
2649 0.000648 0.745421
2650 0.001388 0.746809
2651 0.000555 0.747364
2652 0.001932 0.749296
2653 0.001491 0.750787
2654 0.002235 0.753022
2655 0.001750 0.754772
2656 0.001858 0.756630
2657 0.001718 0.758348
2658 0.000933 0.759281
2659 0.000767 0.760048
2660 0.001737 0.761785
2661 0.001803 0.763588
2662 0.001967 0.765555
2663 0.001483 0.767038
2664 0.002331 0.769369
2665 0.001748 0.771117
2666 0.001759 0.772876
2667 0.001993 0.774869
2668 0.001954 0.776823
2669 0.001270 0.778093
2670 0.002086 0.780179
2671 0.001918 0.782097
2672 0.000425 0.782522
2673 0.001965 0.784487
2674 0.001711 0.786198
2675 0.001722 0.787920
2676 0.001829 0.789749
2677 0.001148 0.790897
2678 0.002060 0.792957
2679 0.001287 0.794244
2680 0.002307 0.796551
2681 0.002040 0.798591
2682 0.001879 0.800470
2683 0.001672 0.802142
2684 0.001866 0.804008
2685 0.001857 0.805865
2686 0.001090 0.806955
2687 0.001794 0.808749
2688 0.002104 0.810853
2689 0.001851 0.812704
2690 0.002454 0.815158
2691 0.001647 0.816805
2692 0.002024 0.818829
2693 0.002050 0.820879
2694 0.002197 0.823076
2695 0.002128 0.825204
2696 0.002460 0.827664
2697 0.000923 0.828587
2698 0.001750 0.830337
2699 0.001943 0.832280
2700 0.000236 0.832516
2701 0.001639 0.834155
2702 0.002442 0.836597
2703 0.000644 0.837241
2704 0.001785 0.839026
2705 0.001771 0.840797
2706 0.002060 0.842857
2707 0.002768 0.845625
2708 0.002708 0.848333
2709 0.001309 0.849642
2710 0.001847 0.851489
2711 0.001608 0.853097
2712 0.002258 0.855355
2713 0.001570 0.856925
2714 0.002715 0.859640
2715 0.002555 0.862195
2716 0.002682 0.864877
2717 0.001820 0.866697
2718 0.002489 0.869186
2719 0.000541 0.869727
2720 0.002688 0.872415
2721 0.001010 0.873425
2722 0.002620 0.876045
2723 0.001539 0.877584
2724 0.002268 0.879852
2725 0.002517 0.882369
2726 0.001561 0.883930
2727 0.002188 0.886118
2728 0.002001 0.888119
2729 0.002643 0.890762
2730 0.002474 0.893236
2731 0.001741 0.894977
2732 0.002537 0.897514
2733 0.002659 0.900173
2734 0.001476 0.901649
2735 0.001978 0.903627
2736 0.002639 0.906266
2737 0.002956 0.909222
2738 0.002394 0.911616
2739 0.002494 0.914110
2740 0.002344 0.916454
2741 0.002774 0.919228
2742 0.003456 0.922684
2743 0.002764 0.925448
2744 0.002914 0.928362
2745 0.002743 0.931105
2746 0.002964 0.934069
2747 0.003165 0.937234
2748 0.003198 0.940432
2749 0.002198 0.942630
2750 0.003263 0.945893
2751 0.003036 0.948929
2752 0.003028 0.951957
2753 0.003341 0.955298
2754 0.001066 0.956364
2755 0.000783 0.957147
2756 0.003185 0.960332
2757 0.003127 0.963459
2758 0.001689 0.965148
2759 0.003213 0.968361
2760 0.003350 0.971711
2761 0.002071 0.973782
2762 0.003663 0.977445
2763 0.003417 0.980862
2764 0.003517 0.984379
2765 0.000803 0.985182
2766 0.002872 0.988054
2767 0.003332 0.991386
2768 0.003168 0.994554
2769 0.003578 0.998132
2770 0.003528 1.001660
2771 0.002413 1.004073
2772 0.003141 1.007214
2773 0.003441 1.010655
2774 0.003831 1.014486
2775 0.003022 1.017508
2776 0.003629 1.021137
2777 0.004039 1.025176
2778 0.003660 1.028836
2779 0.002157 1.030993
2780 0.004264 1.035257
2781 0.004280 1.039537
2782 0.002960 1.042497
2783 0.004201 1.046698
2784 0.001445 1.048143
2785 0.003498 1.051641
2786 0.004113 1.055754
2787 0.004550 1.060304
2788 0.005093 1.065397
2789 0.001062 1.066459
2790 0.003657 1.070116
2791 0.003504 1.073620
2792 0.004036 1.077656
2793 0.002933 1.080589
2794 0.003361 1.083950
2795 0.002551 1.086501
2796 0.003698 1.090199
2797 0.004086 1.094285
2798 0.004343 1.098628
2799 0.001877 1.100505
2800 0.005088 1.105593
2801 0.002711 1.108304
2802 0.003500 1.111804
2803 0.003751 1.115555
2804 0.004196 1.119751
2805 0.004304 1.124055
2806 0.003659 1.127714
2807 0.004278 1.131992
2808 0.004298 1.136290
2809 0.004007 1.140297
2810 0.004467 1.144764
2811 0.004445 1.149209
2812 0.003810 1.153019
2813 0.003793 1.156812
2814 0.004135 1.160947
2815 0.004242 1.165189
2816 0.004247 1.169436
2817 0.003186 1.172622
2818 0.003905 1.176527
2819 0.004316 1.180843
2820 0.004684 1.185527
2821 0.004823 1.190350
2822 0.004331 1.194681
2823 0.004955 1.199636
2824 0.002481 1.202117
2825 0.004446 1.206563
2826 0.004652 1.211215
2827 0.001510 1.212725
2828 0.000532 1.213257
2829 0.004648 1.217905
2830 0.004665 1.222570
2831 0.005108 1.227678
2832 0.005026 1.232704
2833 0.001849 1.234553
2834 0.006495 1.241048
2835 0.001968 1.243016
2836 0.005021 1.248037
2837 0.005451 1.253488
2838 0.004519 1.258007
2839 0.005038 1.263045
2840 0.004810 1.267855
2841 0.004004 1.271859
2842 0.005004 1.276863
2843 0.005149 1.282012
2844 0.005252 1.287264
2845 0.004909 1.292173
2846 0.005220 1.297393
2847 0.002769 1.300162
2848 0.002844 1.303006
2849 0.004814 1.307820
2850 0.004964 1.312784
2851 0.005604 1.318388
2852 0.004923 1.323311
2853 0.005476 1.328787
2854 0.005288 1.334075
2855 0.004294 1.338369
2856 0.004571 1.342940
2857 0.005062 1.348002
done 2857 0.006275 1.354277
