#secondnet
init 0 0
1 0.000143 0.000143
2 0.000134 0.000277
3 0.000115 0.000392
4 0.000121 0.000513
5 0.000107 0.000620
6 0.000099 0.000719
7 0.000101 0.000820
8 0.000094 0.000914
9 0.000098 0.001012
10 0.000098 0.001110
11 0.000095 0.001205
12 0.000107 0.001312
13 0.000104 0.001416
14 0.000103 0.001519
15 0.000106 0.001625
16 0.000099 0.001724
17 0.000111 0.001835
18 0.000105 0.001940
19 0.000099 0.002039
20 0.000101 0.002140
21 0.000106 0.002246
22 0.000107 0.002353
23 0.000101 0.002454
24 0.000101 0.002555
25 0.000095 0.002650
26 0.000099 0.002749
27 0.000099 0.002848
28 0.000109 0.002957
29 0.000096 0.003053
30 0.000105 0.003158
31 0.000108 0.003266
32 0.000111 0.003377
33 0.000107 0.003484
34 0.000110 0.003594
35 0.000102 0.003696
36 0.000101 0.003797
37 0.000107 0.003904
38 0.000099 0.004003
39 0.000109 0.004112
40 0.000105 0.004217
41 0.000111 0.004328
42 0.000122 0.004450
43 0.000100 0.004550
44 0.000108 0.004658
45 0.000107 0.004765
46 0.000106 0.004871
47 0.000107 0.004978
48 0.000106 0.005084
49 0.000099 0.005183
50 0.000109 0.005292
51 0.000137 0.005429
52 0.000099 0.005528
53 0.000108 0.005636
54 0.000105 0.005741
55 0.000110 0.005851
56 0.000119 0.005970
57 0.000101 0.006071
58 0.000126 0.006197
59 0.000161 0.006358
60 0.000108 0.006466
done 60 0.000239 0.006705
