#secondnet
init 0 0
1 0.000190 0.000190
2 0.000152 0.000342
3 0.000133 0.000475
4 0.000114 0.000589
5 0.000128 0.000717
6 0.000114 0.000831
7 0.000117 0.000948
8 0.000122 0.001070
9 0.000130 0.001200
10 0.000111 0.001311
11 0.000125 0.001436
12 0.000110 0.001546
13 0.000132 0.001678
14 0.000135 0.001813
15 0.000115 0.001928
16 0.000133 0.002061
17 0.000141 0.002202
18 0.000132 0.002334
19 0.000126 0.002460
20 0.000146 0.002606
21 0.000130 0.002736
22 0.000144 0.002880
23 0.000134 0.003014
24 0.000154 0.003168
25 0.000132 0.003300
26 0.000144 0.003444
27 0.000114 0.003558
28 0.000110 0.003668
29 0.000110 0.003778
30 0.000135 0.003913
31 0.000119 0.004032
32 0.000116 0.004148
33 0.000111 0.004259
34 0.000126 0.004385
35 0.000122 0.004507
36 0.000128 0.004635
37 0.000136 0.004771
38 0.000119 0.004890
39 0.000126 0.005016
40 0.000143 0.005159
41 0.000132 0.005291
42 0.000141 0.005432
43 0.000115 0.005547
44 0.000138 0.005685
45 0.000139 0.005824
46 0.000129 0.005953
47 0.000145 0.006098
48 0.000124 0.006222
49 0.000172 0.006394
50 0.000151 0.006545
51 0.000116 0.006661
52 0.000152 0.006813
53 0.000115 0.006928
54 0.000153 0.007081
55 0.000135 0.007216
56 0.000139 0.007355
57 0.000128 0.007483
58 0.000113 0.007596
59 0.000099 0.007695
60 0.000113 0.007808
61 0.000115 0.007923
62 0.000102 0.008025
63 0.000089 0.008114
64 0.000103 0.008217
65 0.000107 0.008324
66 0.000122 0.008446
67 0.000101 0.008547
68 0.000112 0.008659
69 0.000107 0.008766
70 0.000115 0.008881
71 0.000113 0.008994
72 0.000117 0.009111
73 0.000113 0.009224
74 0.000117 0.009341
75 0.000113 0.009454
76 0.000114 0.009568
77 0.000089 0.009657
78 0.000108 0.009765
79 0.000095 0.009860
80 0.000121 0.009981
81 0.000119 0.010100
82 0.000113 0.010213
83 0.000102 0.010315
84 0.000124 0.010439
85 0.000129 0.010568
86 0.000147 0.010715
87 0.000136 0.010851
88 0.000116 0.010967
89 0.000125 0.011092
90 0.000153 0.011245
91 0.000174 0.011419
92 0.000117 0.011536
93 0.000126 0.011662
94 0.000134 0.011796
95 0.000111 0.011907
96 0.000119 0.012026
97 0.000116 0.012142
98 0.000115 0.012257
99 0.000115 0.012372
100 0.000134 0.012506
101 0.000109 0.012615
102 0.000113 0.012728
103 0.000123 0.012851
104 0.000122 0.012973
105 0.000106 0.013079
106 0.000138 0.013217
107 0.000110 0.013327
108 0.000127 0.013454
109 0.000126 0.013580
110 0.000127 0.013707
111 0.000139 0.013846
112 0.000113 0.013959
113 0.000136 0.014095
114 0.000114 0.014209
115 0.000124 0.014333
116 0.000135 0.014468
117 0.000118 0.014586
118 0.000127 0.014713
119 0.000124 0.014837
120 0.000116 0.014953
121 0.000123 0.015076
122 0.000120 0.015196
123 0.000112 0.015308
124 0.000151 0.015459
125 0.000133 0.015592
126 0.000115 0.015707
127 0.000131 0.015838
128 0.000120 0.015958
129 0.000119 0.016077
130 0.000114 0.016191
131 0.000125 0.016316
132 0.000148 0.016464
133 0.000150 0.016614
134 0.000128 0.016742
135 0.000136 0.016878
136 0.000165 0.017043
137 0.000137 0.017180
138 0.000159 0.017339
139 0.000113 0.017452
140 0.000143 0.017595
141 0.000145 0.017740
142 0.000132 0.017872
143 0.000123 0.017995
144 0.000128 0.018123
145 0.000129 0.018252
146 0.000120 0.018372
147 0.000129 0.018501
148 0.000138 0.018639
149 0.000151 0.018790
150 0.000133 0.018923
151 0.000134 0.019057
152 0.000125 0.019182
153 0.000119 0.019301
154 0.000135 0.019436
155 0.000130 0.019566
156 0.000133 0.019699
157 0.000143 0.019842
158 0.000120 0.019962
159 0.000145 0.020107
160 0.000145 0.020252
161 0.000141 0.020393
162 0.000128 0.020521
163 0.000136 0.020657
164 0.000131 0.020788
165 0.000160 0.020948
166 0.000126 0.021074
167 0.000138 0.021212
168 0.000130 0.021342
169 0.000134 0.021476
170 0.000125 0.021601
171 0.000125 0.021726
172 0.000122 0.021848
173 0.000149 0.021997
174 0.000125 0.022122
175 0.000121 0.022243
176 0.000131 0.022374
177 0.000122 0.022496
178 0.000121 0.022617
179 0.000135 0.022752
180 0.000123 0.022875
181 0.000124 0.022999
182 0.000117 0.023116
183 0.000145 0.023261
184 0.000165 0.023426
185 0.000119 0.023545
186 0.000129 0.023674
187 0.000124 0.023798
188 0.000124 0.023922
189 0.000136 0.024058
190 0.000136 0.024194
191 0.000118 0.024312
192 0.000146 0.024458
193 0.000150 0.024608
194 0.000122 0.024730
195 0.000139 0.024869
196 0.000128 0.024997
197 0.000135 0.025132
198 0.000127 0.025259
199 0.000114 0.025373
200 0.000123 0.025496
201 0.000117 0.025613
202 0.000128 0.025741
203 0.000133 0.025874
204 0.000130 0.026004
205 0.000136 0.026140
206 0.000121 0.026261
207 0.000122 0.026383
208 0.000122 0.026505
209 0.000121 0.026626
210 0.000124 0.026750
211 0.000119 0.026869
212 0.000103 0.026972
213 0.000114 0.027086
214 0.000118 0.027204
215 0.000131 0.027335
216 0.000130 0.027465
217 0.000111 0.027576
218 0.000112 0.027688
219 0.000117 0.027805
220 0.000112 0.027917
221 0.000112 0.028029
222 0.000103 0.028132
223 0.000125 0.028257
224 0.000107 0.028364
225 0.000096 0.028460
226 0.000134 0.028594
227 0.000111 0.028705
228 0.000146 0.028851
229 0.000101 0.028952
230 0.000134 0.029086
231 0.000110 0.029196
232 0.000117 0.029313
233 0.000120 0.029433
234 0.000115 0.029548
235 0.000101 0.029649
236 0.000121 0.029770
237 0.000105 0.029875
238 0.000120 0.029995
239 0.000102 0.030097
240 0.000135 0.030232
241 0.000124 0.030356
242 0.000123 0.030479
243 0.000107 0.030586
244 0.000132 0.030718
245 0.000111 0.030829
246 0.000119 0.030948
247 0.000141 0.031089
248 0.000127 0.031216
249 0.000134 0.031350
250 0.000134 0.031484
251 0.000115 0.031599
252 0.000117 0.031716
253 0.000125 0.031841
254 0.000133 0.031974
255 0.000129 0.032103
256 0.000135 0.032238
257 0.000119 0.032357
258 0.000131 0.032488
259 0.000137 0.032625
260 0.000123 0.032748
261 0.000115 0.032863
262 0.000127 0.032990
263 0.000130 0.033120
264 0.000114 0.033234
265 0.000110 0.033344
266 0.000139 0.033483
267 0.000127 0.033610
268 0.000126 0.033736
269 0.000127 0.033863
270 0.000120 0.033983
271 0.000119 0.034102
272 0.000148 0.034250
273 0.000119 0.034369
274 0.000129 0.034498
275 0.000155 0.034653
276 0.000108 0.034761
277 0.000133 0.034894
278 0.000118 0.035012
279 0.000107 0.035119
280 0.000118 0.035237
281 0.000110 0.035347
282 0.000157 0.035504
283 0.000124 0.035628
284 0.000132 0.035760
285 0.000104 0.035864
286 0.000118 0.035982
287 0.000118 0.036100
288 0.000120 0.036220
289 0.000125 0.036345
290 0.000123 0.036468
291 0.000108 0.036576
292 0.000128 0.036704
293 0.000113 0.036817
294 0.000110 0.036927
295 0.000116 0.037043
296 0.000109 0.037152
297 0.000109 0.037261
298 0.000108 0.037369
299 0.000110 0.037479
300 0.000107 0.037586
301 0.000112 0.037698
302 0.000131 0.037829
303 0.000102 0.037931
304 0.000124 0.038055
305 0.000128 0.038183
306 0.000115 0.038298
307 0.000123 0.038421
308 0.000119 0.038540
309 0.000125 0.038665
310 0.000126 0.038791
311 0.000121 0.038912
312 0.000130 0.039042
313 0.000120 0.039162
314 0.000129 0.039291
315 0.000138 0.039429
316 0.000129 0.039558
317 0.000126 0.039684
318 0.000126 0.039810
319 0.000118 0.039928
320 0.000131 0.040059
321 0.000110 0.040169
322 0.000123 0.040292
323 0.000123 0.040415
324 0.000118 0.040533
325 0.000112 0.040645
326 0.000124 0.040769
327 0.000105 0.040874
328 0.000111 0.040985
329 0.000129 0.041114
330 0.000128 0.041242
331 0.000112 0.041354
332 0.000113 0.041467
333 0.000127 0.041594
334 0.000113 0.041707
335 0.000114 0.041821
336 0.000129 0.041950
337 0.000109 0.042059
338 0.000119 0.042178
339 0.000127 0.042305
340 0.000119 0.042424
341 0.000117 0.042541
342 0.000121 0.042662
343 0.000124 0.042786
344 0.000123 0.042909
345 0.000116 0.043025
346 0.000120 0.043145
347 0.000110 0.043255
348 0.000123 0.043378
349 0.000119 0.043497
350 0.000106 0.043603
351 0.000114 0.043717
352 0.000128 0.043845
353 0.000113 0.043958
354 0.000098 0.044056
355 0.000103 0.044159
356 0.000120 0.044279
357 0.000110 0.044389
358 0.000107 0.044496
359 0.000126 0.044622
360 0.000122 0.044744
361 0.000100 0.044844
362 0.000113 0.044957
363 0.000118 0.045075
364 0.000103 0.045178
365 0.000108 0.045286
366 0.000130 0.045416
367 0.000124 0.045540
368 0.000123 0.045663
369 0.000107 0.045770
370 0.000129 0.045899
371 0.000128 0.046027
372 0.000127 0.046154
373 0.000120 0.046274
374 0.000130 0.046404
375 0.000107 0.046511
376 0.000112 0.046623
377 0.000115 0.046738
378 0.000121 0.046859
379 0.000127 0.046986
380 0.000114 0.047100
381 0.000110 0.047210
382 0.000134 0.047344
383 0.000143 0.047487
384 0.000115 0.047602
385 0.000134 0.047736
386 0.000124 0.047860
387 0.000120 0.047980
388 0.000097 0.048077
389 0.000126 0.048203
390 0.000112 0.048315
391 0.000122 0.048437
392 0.000106 0.048543
393 0.000111 0.048654
394 0.000123 0.048777
395 0.000099 0.048876
396 0.000114 0.048990
397 0.000125 0.049115
398 0.000113 0.049228
399 0.000108 0.049336
400 0.000106 0.049442
401 0.000096 0.049538
402 0.000102 0.049640
403 0.000119 0.049759
404 0.000105 0.049864
405 0.000131 0.049995
406 0.000120 0.050115
407 0.000125 0.050240
408 0.000097 0.050337
409 0.000115 0.050452
410 0.000120 0.050572
411 0.000102 0.050674
412 0.000129 0.050803
413 0.000103 0.050906
414 0.000122 0.051028
415 0.000112 0.051140
416 0.000124 0.051264
417 0.000107 0.051371
418 0.000126 0.051497
419 0.000119 0.051616
420 0.000113 0.051729
421 0.000128 0.051857
422 0.000115 0.051972
423 0.000120 0.052092
424 0.000131 0.052223
425 0.000118 0.052341
426 0.000111 0.052452
427 0.000114 0.052566
428 0.000108 0.052674
429 0.000122 0.052796
430 0.000117 0.052913
431 0.000120 0.053033
432 0.000115 0.053148
433 0.000128 0.053276
434 0.000104 0.053380
435 0.000105 0.053485
436 0.000129 0.053614
437 0.000101 0.053715
438 0.000113 0.053828
439 0.000098 0.053926
440 0.000116 0.054042
441 0.000109 0.054151
442 0.000110 0.054261
443 0.000118 0.054379
444 0.000115 0.054494
445 0.000116 0.054610
446 0.000111 0.054721
447 0.000116 0.054837
448 0.000118 0.054955
449 0.000120 0.055075
450 0.000118 0.055193
451 0.000124 0.055317
452 0.000130 0.055447
453 0.000125 0.055572
454 0.000111 0.055683
455 0.000108 0.055791
456 0.000119 0.055910
457 0.000111 0.056021
458 0.000124 0.056145
459 0.000099 0.056244
460 0.000105 0.056349
461 0.000121 0.056470
462 0.000116 0.056586
463 0.000121 0.056707
464 0.000109 0.056816
465 0.000109 0.056925
466 0.000095 0.057020
467 0.000104 0.057124
468 0.000121 0.057245
469 0.000118 0.057363
470 0.000124 0.057487
471 0.000116 0.057603
472 0.000102 0.057705
473 0.000099 0.057804
474 0.000141 0.057945
475 0.000118 0.058063
476 0.000111 0.058174
477 0.000113 0.058287
478 0.000113 0.058400
479 0.000112 0.058512
480 0.000119 0.058631
481 0.000107 0.058738
482 0.000101 0.058839
483 0.000108 0.058947
484 0.000103 0.059050
485 0.000117 0.059167
486 0.000110 0.059277
487 0.000141 0.059418
488 0.000130 0.059548
489 0.000116 0.059664
490 0.000114 0.059778
491 0.000103 0.059881
492 0.000123 0.060004
493 0.000109 0.060113
494 0.000122 0.060235
495 0.000117 0.060352
496 0.000114 0.060466
497 0.000112 0.060578
498 0.000107 0.060685
499 0.000125 0.060810
500 0.000091 0.060901
501 0.000123 0.061024
502 0.000125 0.061149
503 0.000127 0.061276
504 0.000106 0.061382
505 0.000115 0.061497
506 0.000100 0.061597
507 0.000118 0.061715
508 0.000096 0.061811
509 0.000098 0.061909
510 0.000124 0.062033
511 0.000131 0.062164
512 0.000122 0.062286
513 0.000118 0.062404
514 0.000112 0.062516
515 0.000109 0.062625
516 0.000125 0.062750
517 0.000108 0.062858
518 0.000113 0.062971
519 0.000105 0.063076
520 0.000126 0.063202
521 0.000114 0.063316
522 0.000136 0.063452
523 0.000116 0.063568
524 0.000123 0.063691
525 0.000105 0.063796
526 0.000127 0.063923
527 0.000103 0.064026
528 0.000120 0.064146
529 0.000120 0.064266
530 0.000109 0.064375
531 0.000121 0.064496
532 0.000119 0.064615
533 0.000112 0.064727
534 0.000122 0.064849
535 0.000102 0.064951
536 0.000123 0.065074
537 0.000112 0.065186
538 0.000107 0.065293
539 0.000118 0.065411
540 0.000133 0.065544
541 0.000111 0.065655
542 0.000118 0.065773
543 0.000133 0.065906
544 0.000111 0.066017
545 0.000118 0.066135
546 0.000110 0.066245
547 0.000114 0.066359
548 0.000126 0.066485
549 0.000123 0.066608
550 0.000100 0.066708
551 0.000133 0.066841
552 0.000094 0.066935
553 0.000124 0.067059
554 0.000118 0.067177
555 0.000116 0.067293
556 0.000129 0.067422
557 0.000120 0.067542
558 0.000119 0.067661
559 0.000129 0.067790
560 0.000129 0.067919
561 0.000125 0.068044
562 0.000086 0.068130
563 0.000123 0.068253
564 0.000128 0.068381
565 0.000126 0.068507
566 0.000106 0.068613
567 0.000111 0.068724
568 0.000109 0.068833
569 0.000135 0.068968
570 0.000115 0.069083
571 0.000113 0.069196
572 0.000114 0.069310
573 0.000133 0.069443
574 0.000112 0.069555
575 0.000127 0.069682
576 0.000109 0.069791
577 0.000114 0.069905
578 0.000107 0.070012
579 0.000126 0.070138
580 0.000110 0.070248
581 0.000099 0.070347
582 0.000116 0.070463
583 0.000126 0.070589
584 0.000127 0.070716
585 0.000102 0.070818
586 0.000114 0.070932
587 0.000123 0.071055
588 0.000099 0.071154
589 0.000130 0.071284
590 0.000128 0.071412
591 0.000122 0.071534
592 0.000113 0.071647
593 0.000132 0.071779
594 0.000118 0.071897
595 0.000116 0.072013
596 0.000111 0.072124
597 0.000116 0.072240
598 0.000130 0.072370
599 0.000129 0.072499
600 0.000118 0.072617
601 0.000111 0.072728
602 0.000116 0.072844
603 0.000121 0.072965
604 0.000120 0.073085
605 0.000098 0.073183
606 0.000094 0.073277
607 0.000118 0.073395
608 0.000122 0.073517
609 0.000138 0.073655
610 0.000126 0.073781
611 0.000128 0.073909
612 0.000117 0.074026
613 0.000141 0.074167
614 0.000124 0.074291
615 0.000129 0.074420
616 0.000121 0.074541
617 0.000128 0.074669
618 0.000108 0.074777
619 0.000121 0.074898
620 0.000105 0.075003
621 0.000127 0.075130
622 0.000131 0.075261
623 0.000110 0.075371
624 0.000120 0.075491
625 0.000118 0.075609
626 0.000111 0.075720
627 0.000134 0.075854
628 0.000100 0.075954
629 0.000109 0.076063
630 0.000097 0.076160
631 0.000122 0.076282
632 0.000115 0.076397
633 0.000123 0.076520
634 0.000107 0.076627
635 0.000132 0.076759
636 0.000113 0.076872
637 0.000120 0.076992
638 0.000114 0.077106
639 0.000124 0.077230
640 0.000122 0.077352
641 0.000103 0.077455
642 0.000137 0.077592
643 0.000127 0.077719
644 0.000103 0.077822
645 0.000126 0.077948
646 0.000117 0.078065
647 0.000111 0.078176
648 0.000120 0.078296
649 0.000117 0.078413
650 0.000120 0.078533
651 0.000098 0.078631
652 0.000124 0.078755
653 0.000110 0.078865
654 0.000123 0.078988
655 0.000124 0.079112
656 0.000125 0.079237
657 0.000136 0.079373
658 0.000103 0.079476
659 0.000138 0.079614
660 0.000120 0.079734
661 0.000115 0.079849
662 0.000125 0.079974
663 0.000125 0.080099
664 0.000123 0.080222
665 0.000115 0.080337
666 0.000102 0.080439
667 0.000121 0.080560
668 0.000125 0.080685
669 0.000113 0.080798
670 0.000128 0.080926
671 0.000134 0.081060
672 0.000117 0.081177
673 0.000136 0.081313
674 0.000110 0.081423
675 0.000116 0.081539
676 0.000121 0.081660
677 0.000116 0.081776
678 0.000103 0.081879
679 0.000106 0.081985
680 0.000128 0.082113
681 0.000115 0.082228
682 0.000099 0.082327
683 0.000110 0.082437
684 0.000096 0.082533
685 0.000112 0.082645
686 0.000124 0.082769
687 0.000129 0.082898
688 0.000107 0.083005
689 0.000110 0.083115
690 0.000121 0.083236
691 0.000135 0.083371
692 0.000118 0.083489
693 0.000092 0.083581
694 0.000120 0.083701
695 0.000141 0.083842
696 0.000126 0.083968
697 0.000124 0.084092
698 0.000125 0.084217
699 0.000101 0.084318
700 0.000114 0.084432
701 0.000108 0.084540
702 0.000101 0.084641
703 0.000130 0.084771
704 0.000119 0.084890
705 0.000117 0.085007
706 0.000105 0.085112
707 0.000124 0.085236
708 0.000110 0.085346
709 0.000126 0.085472
710 0.000123 0.085595
711 0.000140 0.085735
712 0.000117 0.085852
713 0.000118 0.085970
714 0.000116 0.086086
715 0.000101 0.086187
716 0.000098 0.086285
717 0.000138 0.086423
718 0.000115 0.086538
719 0.000125 0.086663
720 0.000104 0.086767
721 0.000139 0.086906
722 0.000123 0.087029
723 0.000106 0.087135
724 0.000134 0.087269
725 0.000141 0.087410
726 0.000116 0.087526
727 0.000109 0.087635
728 0.000122 0.087757
729 0.000122 0.087879
730 0.000125 0.088004
731 0.000123 0.088127
732 0.000111 0.088238
733 0.000133 0.088371
734 0.000141 0.088512
735 0.000102 0.088614
736 0.000144 0.088758
737 0.000102 0.088860
738 0.000105 0.088965
739 0.000105 0.089070
740 0.000118 0.089188
741 0.000109 0.089297
742 0.000107 0.089404
743 0.000135 0.089539
744 0.000114 0.089653
745 0.000116 0.089769
746 0.000119 0.089888
747 0.000094 0.089982
748 0.000096 0.090078
749 0.000138 0.090216
750 0.000110 0.090326
751 0.000117 0.090443
752 0.000110 0.090553
753 0.000123 0.090676
754 0.000122 0.090798
755 0.000120 0.090918
756 0.000123 0.091041
757 0.000116 0.091157
758 0.000137 0.091294
759 0.000114 0.091408
760 0.000109 0.091517
761 0.000129 0.091646
762 0.000118 0.091764
763 0.000120 0.091884
764 0.000123 0.092007
765 0.000102 0.092109
766 0.000132 0.092241
767 0.000119 0.092360
768 0.000126 0.092486
769 0.000123 0.092609
770 0.000124 0.092733
771 0.000141 0.092874
772 0.000123 0.092997
773 0.000117 0.093114
774 0.000122 0.093236
775 0.000118 0.093354
776 0.000120 0.093474
777 0.000097 0.093571
778 0.000149 0.093720
779 0.000099 0.093819
780 0.000118 0.093937
781 0.000119 0.094056
782 0.000241 0.094297
783 0.000123 0.094420
784 0.000123 0.094543
785 0.000315 0.094858
done 785 0.000809 0.095667
