#secondnet
init 0 0
1 0.000125 0.000125
2 0.000104 0.000229
3 0.000080 0.000309
4 0.000076 0.000385
5 0.000066 0.000451
6 0.000078 0.000529
7 0.000081 0.000610
8 0.000073 0.000683
9 0.000071 0.000754
10 0.000066 0.000820
11 0.000077 0.000897
12 0.000076 0.000973
13 0.000072 0.001045
14 0.000077 0.001122
15 0.000066 0.001188
16 0.000083 0.001271
17 0.000071 0.001342
18 0.000056 0.001398
19 0.000054 0.001452
20 0.000058 0.001510
21 0.000078 0.001588
22 0.000070 0.001658
23 0.000064 0.001722
24 0.000080 0.001802
25 0.000076 0.001878
26 0.000062 0.001940
27 0.000072 0.002012
28 0.000085 0.002097
29 0.000057 0.002154
30 0.000058 0.002212
31 0.000058 0.002270
32 0.000055 0.002325
33 0.000058 0.002383
34 0.000060 0.002443
35 0.000062 0.002505
36 0.000055 0.002560
37 0.000059 0.002619
38 0.000056 0.002675
39 0.000059 0.002734
40 0.000071 0.002805
41 0.000070 0.002875
42 0.000076 0.002951
43 0.000074 0.003025
44 0.000075 0.003100
45 0.000067 0.003167
46 0.000074 0.003241
47 0.000084 0.003325
48 0.000069 0.003394
49 0.000064 0.003458
50 0.000081 0.003539
51 0.000073 0.003612
52 0.000074 0.003686
53 0.000079 0.003765
54 0.000075 0.003840
55 0.000074 0.003914
56 0.000090 0.004004
57 0.000054 0.004058
58 0.000058 0.004116
59 0.000069 0.004185
60 0.000056 0.004241
61 0.000052 0.004293
62 0.000061 0.004354
63 0.000061 0.004415
64 0.000061 0.004476
65 0.000064 0.004540
66 0.000060 0.004600
67 0.000054 0.004654
68 0.000064 0.004718
69 0.000058 0.004776
70 0.000079 0.004855
71 0.000079 0.004934
72 0.000072 0.005006
73 0.000080 0.005086
74 0.000078 0.005164
75 0.000069 0.005233
76 0.000091 0.005324
77 0.000060 0.005384
78 0.000061 0.005445
79 0.000059 0.005504
80 0.000075 0.005579
81 0.000064 0.005643
82 0.000069 0.005712
83 0.000064 0.005776
84 0.000089 0.005865
85 0.000064 0.005929
86 0.000055 0.005984
87 0.000053 0.006037
88 0.000049 0.006086
89 0.000054 0.006140
90 0.000054 0.006194
91 0.000052 0.006246
92 0.000060 0.006306
93 0.000056 0.006362
94 0.000061 0.006423
95 0.000052 0.006475
96 0.000054 0.006529
97 0.000053 0.006582
98 0.000052 0.006634
99 0.000058 0.006692
100 0.000065 0.006757
101 0.000063 0.006820
102 0.000059 0.006879
103 0.000064 0.006943
104 0.000063 0.007006
105 0.000076 0.007082
106 0.000070 0.007152
107 0.000073 0.007225
108 0.000079 0.007304
109 0.000065 0.007369
110 0.000066 0.007435
111 0.000091 0.007526
112 0.000078 0.007604
113 0.000056 0.007660
114 0.000067 0.007727
115 0.000059 0.007786
116 0.000055 0.007841
117 0.000067 0.007908
118 0.000054 0.007962
119 0.000062 0.008024
120 0.000062 0.008086
121 0.000055 0.008141
122 0.000061 0.008202
123 0.000058 0.008260
124 0.000050 0.008310
125 0.000072 0.008382
126 0.000074 0.008456
127 0.000063 0.008519
128 0.000065 0.008584
129 0.000076 0.008660
130 0.000089 0.008749
131 0.000073 0.008822
132 0.000082 0.008904
133 0.000070 0.008974
134 0.000080 0.009054
135 0.000077 0.009131
136 0.000100 0.009231
137 0.000073 0.009304
138 0.000060 0.009364
139 0.000062 0.009426
140 0.000060 0.009486
141 0.000062 0.009548
142 0.000058 0.009606
143 0.000057 0.009663
144 0.000062 0.009725
145 0.000049 0.009774
146 0.000055 0.009829
147 0.000058 0.009887
148 0.000057 0.009944
149 0.000056 0.010000
150 0.000058 0.010058
151 0.000061 0.010119
152 0.000060 0.010179
153 0.000056 0.010235
154 0.000052 0.010287
155 0.000072 0.010359
156 0.000065 0.010424
157 0.000060 0.010484
158 0.000067 0.010551
159 0.000070 0.010621
160 0.000069 0.010690
161 0.000066 0.010756
162 0.000067 0.010823
163 0.000058 0.010881
164 0.000058 0.010939
165 0.000064 0.011003
166 0.000061 0.011064
167 0.000061 0.011125
168 0.000088 0.011213
169 0.000059 0.011272
170 0.000059 0.011331
171 0.000059 0.011390
172 0.000069 0.011459
173 0.000060 0.011519
174 0.000058 0.011577
175 0.000064 0.011641
176 0.000055 0.011696
177 0.000061 0.011757
178 0.000068 0.011825
179 0.000055 0.011880
180 0.000060 0.011940
181 0.000071 0.012011
182 0.000076 0.012087
183 0.000067 0.012154
184 0.000079 0.012233
185 0.000068 0.012301
186 0.000070 0.012371
187 0.000069 0.012440
188 0.000073 0.012513
189 0.000067 0.012580
190 0.000062 0.012642
191 0.000072 0.012714
192 0.000077 0.012791
193 0.000072 0.012863
194 0.000059 0.012922
195 0.000061 0.012983
196 0.000086 0.013069
197 0.000059 0.013128
198 0.000062 0.013190
199 0.000076 0.013266
200 0.000064 0.013330
201 0.000067 0.013397
202 0.000061 0.013458
203 0.000054 0.013512
204 0.000059 0.013571
205 0.000058 0.013629
206 0.000056 0.013685
207 0.000048 0.013733
208 0.000065 0.013798
209 0.000078 0.013876
done 209 0.000185 0.014061
