#secondnet
init 0 0
1 0.000222 0.000222
2 0.000189 0.000411
3 0.000133 0.000544
4 0.000132 0.000676
5 0.000114 0.000790
6 0.000124 0.000914
7 0.000127 0.001041
8 0.000117 0.001158
9 0.000113 0.001271
10 0.000109 0.001380
11 0.000121 0.001501
12 0.000115 0.001616
13 0.000112 0.001728
14 0.000119 0.001847
15 0.000110 0.001957
16 0.000109 0.002066
17 0.000110 0.002176
18 0.000110 0.002286
19 0.000119 0.002405
20 0.000116 0.002521
21 0.000124 0.002645
22 0.000117 0.002762
23 0.000112 0.002874
24 0.000127 0.003001
25 0.000118 0.003119
26 0.000115 0.003234
27 0.000129 0.003363
28 0.000118 0.003481
29 0.000123 0.003604
30 0.000123 0.003727
31 0.000117 0.003844
32 0.000110 0.003954
33 0.000122 0.004076
34 0.000121 0.004197
35 0.000149 0.004346
36 0.000109 0.004455
37 0.000109 0.004564
38 0.000113 0.004677
39 0.000115 0.004792
40 0.000106 0.004898
41 0.000108 0.005006
42 0.000105 0.005111
43 0.000111 0.005222
44 0.000109 0.005331
45 0.000102 0.005433
46 0.000115 0.005548
47 0.000115 0.005663
48 0.000110 0.005773
49 0.000103 0.005876
50 0.000107 0.005983
51 0.000120 0.006103
52 0.000107 0.006210
53 0.000114 0.006324
54 0.000115 0.006439
55 0.000113 0.006552
56 0.000116 0.006668
57 0.000114 0.006782
58 0.000111 0.006893
59 0.000113 0.007006
60 0.000114 0.007120
61 0.000102 0.007222
62 0.000103 0.007325
63 0.000116 0.007441
64 0.000108 0.007549
65 0.000115 0.007664
66 0.000121 0.007785
67 0.000105 0.007890
68 0.000118 0.008008
69 0.000117 0.008125
70 0.000124 0.008249
71 0.000114 0.008363
72 0.000119 0.008482
73 0.000114 0.008596
74 0.000115 0.008711
75 0.000117 0.008828
76 0.000107 0.008935
77 0.000114 0.009049
78 0.000117 0.009166
79 0.000128 0.009294
80 0.000114 0.009408
81 0.000102 0.009510
82 0.000108 0.009618
83 0.000110 0.009728
84 0.000111 0.009839
85 0.000103 0.009942
86 0.000110 0.010052
87 0.000109 0.010161
88 0.000103 0.010264
89 0.000105 0.010369
90 0.000110 0.010479
91 0.000107 0.010586
92 0.000118 0.010704
93 0.000111 0.010815
94 0.000116 0.010931
95 0.000109 0.011040
96 0.000108 0.011148
97 0.000107 0.011255
98 0.000106 0.011361
99 0.000112 0.011473
100 0.000101 0.011574
101 0.000110 0.011684
102 0.000102 0.011786
103 0.000109 0.011895
104 0.000111 0.012006
105 0.000105 0.012111
106 0.000153 0.012264
107 0.000100 0.012364
108 0.000107 0.012471
109 0.000110 0.012581
110 0.000108 0.012689
111 0.000114 0.012803
112 0.000095 0.012898
113 0.000103 0.013001
114 0.000102 0.013103
115 0.000104 0.013207
116 0.000101 0.013308
117 0.000111 0.013419
118 0.000099 0.013518
119 0.000103 0.013621
120 0.000115 0.013736
121 0.000124 0.013860
122 0.000110 0.013970
123 0.000114 0.014084
124 0.000110 0.014194
125 0.000119 0.014313
126 0.000111 0.014424
127 0.000111 0.014535
128 0.000113 0.014648
129 0.000117 0.014765
130 0.000118 0.014883
131 0.000118 0.015001
132 0.000111 0.015112
133 0.000112 0.015224
134 0.000110 0.015334
135 0.000121 0.015455
136 0.000116 0.015571
137 0.000111 0.015682
138 0.000140 0.015822
139 0.000104 0.015926
140 0.000098 0.016024
141 0.000106 0.016130
142 0.000114 0.016244
143 0.000110 0.016354
144 0.000112 0.016466
145 0.000097 0.016563
146 0.000107 0.016670
147 0.000103 0.016773
148 0.000103 0.016876
149 0.000109 0.016985
150 0.000104 0.017089
151 0.000114 0.017203
152 0.000111 0.017314
153 0.000110 0.017424
154 0.000100 0.017524
155 0.000105 0.017629
156 0.000105 0.017734
157 0.000103 0.017837
158 0.000106 0.017943
159 0.000108 0.018051
160 0.000108 0.018159
161 0.000103 0.018262
162 0.000102 0.018364
163 0.000112 0.018476
164 0.000093 0.018569
165 0.000117 0.018686
166 0.000101 0.018787
167 0.000098 0.018885
168 0.000111 0.018996
169 0.000102 0.019098
170 0.000104 0.019202
171 0.000115 0.019317
172 0.000105 0.019422
173 0.000102 0.019524
174 0.000107 0.019631
175 0.000106 0.019737
176 0.000106 0.019843
177 0.000104 0.019947
178 0.000104 0.020051
179 0.000104 0.020155
180 0.000122 0.020277
181 0.000116 0.020393
182 0.000107 0.020500
183 0.000103 0.020603
184 0.000109 0.020712
185 0.000106 0.020818
186 0.000108 0.020926
187 0.000105 0.021031
188 0.000104 0.021135
189 0.000110 0.021245
190 0.000099 0.021344
191 0.000101 0.021445
192 0.000130 0.021575
193 0.000111 0.021686
194 0.000095 0.021781
195 0.000099 0.021880
196 0.000107 0.021987
197 0.000105 0.022092
198 0.000107 0.022199
199 0.000110 0.022309
200 0.000107 0.022416
201 0.000105 0.022521
202 0.000104 0.022625
203 0.000096 0.022721
204 0.000105 0.022826
205 0.000102 0.022928
206 0.000097 0.023025
207 0.000101 0.023126
208 0.000103 0.023229
209 0.000104 0.023333
210 0.000103 0.023436
211 0.000112 0.023548
212 0.000109 0.023657
213 0.000105 0.023762
214 0.000106 0.023868
215 0.000107 0.023975
216 0.000107 0.024082
217 0.000116 0.024198
218 0.000123 0.024321
219 0.000107 0.024428
220 0.000110 0.024538
221 0.000110 0.024648
222 0.000099 0.024747
223 0.000094 0.024841
224 0.000105 0.024946
225 0.000104 0.025050
226 0.000103 0.025153
227 0.000109 0.025262
228 0.000105 0.025367
229 0.000094 0.025461
230 0.000111 0.025572
231 0.000105 0.025677
232 0.000110 0.025787
233 0.000110 0.025897
234 0.000105 0.026002
235 0.000114 0.026116
236 0.000107 0.026223
237 0.000103 0.026326
238 0.000106 0.026432
239 0.000105 0.026537
240 0.000097 0.026634
241 0.000109 0.026743
242 0.000110 0.026853
243 0.000101 0.026954
244 0.000108 0.027062
245 0.000107 0.027169
246 0.000103 0.027272
247 0.000102 0.027374
248 0.000101 0.027475
249 0.000109 0.027584
250 0.000104 0.027688
251 0.000101 0.027789
252 0.000101 0.027890
253 0.000101 0.027991
254 0.000105 0.028096
255 0.000139 0.028235
256 0.000114 0.028349
257 0.000101 0.028450
258 0.000103 0.028553
259 0.000092 0.028645
260 0.000101 0.028746
261 0.000102 0.028848
262 0.000108 0.028956
263 0.000099 0.029055
264 0.000100 0.029155
265 0.000101 0.029256
266 0.000098 0.029354
267 0.000097 0.029451
268 0.000101 0.029552
269 0.000092 0.029644
270 0.000101 0.029745
271 0.000097 0.029842
272 0.000098 0.029940
273 0.000093 0.030033
274 0.000103 0.030136
275 0.000104 0.030240
276 0.000098 0.030338
277 0.000096 0.030434
278 0.000098 0.030532
279 0.000096 0.030628
280 0.000102 0.030730
281 0.000096 0.030826
282 0.000102 0.030928
283 0.000097 0.031025
284 0.000100 0.031125
285 0.000108 0.031233
286 0.000095 0.031328
287 0.000098 0.031426
288 0.000101 0.031527
289 0.000093 0.031620
290 0.000099 0.031719
291 0.000104 0.031823
292 0.000092 0.031915
293 0.000096 0.032011
294 0.000095 0.032106
295 0.000097 0.032203
296 0.000137 0.032340
297 0.000099 0.032439
298 0.000093 0.032532
299 0.000093 0.032625
300 0.000093 0.032718
301 0.000111 0.032829
302 0.000100 0.032929
303 0.000089 0.033018
304 0.000092 0.033110
305 0.000100 0.033210
306 0.000102 0.033312
307 0.000104 0.033416
308 0.000096 0.033512
309 0.000096 0.033608
310 0.000096 0.033704
311 0.000095 0.033799
312 0.000109 0.033908
313 0.000096 0.034004
314 0.000099 0.034103
315 0.000100 0.034203
316 0.000098 0.034301
317 0.000100 0.034401
318 0.000101 0.034502
319 0.000097 0.034599
320 0.000100 0.034699
321 0.000090 0.034789
322 0.000100 0.034889
323 0.000105 0.034994
324 0.000101 0.035095
325 0.000098 0.035193
326 0.000096 0.035289
327 0.000106 0.035395
328 0.000090 0.035485
329 0.000107 0.035592
330 0.000095 0.035687
331 0.000095 0.035782
332 0.000101 0.035883
333 0.000099 0.035982
334 0.000106 0.036088
335 0.000098 0.036186
336 0.000110 0.036296
337 0.000091 0.036387
338 0.000103 0.036490
339 0.000101 0.036591
340 0.000105 0.036696
341 0.000097 0.036793
342 0.000097 0.036890
343 0.000101 0.036991
344 0.000099 0.037090
345 0.000102 0.037192
346 0.000097 0.037289
347 0.000098 0.037387
348 0.000101 0.037488
349 0.000105 0.037593
350 0.000098 0.037691
351 0.000104 0.037795
352 0.000098 0.037893
353 0.000099 0.037992
354 0.000102 0.038094
355 0.000098 0.038192
356 0.000104 0.038296
357 0.000103 0.038399
358 0.000112 0.038511
359 0.000098 0.038609
360 0.000101 0.038710
361 0.000122 0.038832
362 0.000104 0.038936
363 0.000099 0.039035
364 0.000095 0.039130
365 0.000094 0.039224
366 0.000108 0.039332
367 0.000097 0.039429
368 0.000097 0.039526
369 0.000092 0.039618
370 0.000097 0.039715
371 0.000101 0.039816
372 0.000102 0.039918
373 0.000096 0.040014
374 0.000105 0.040119
375 0.000108 0.040227
376 0.000099 0.040326
377 0.000082 0.040408
378 0.000100 0.040508
379 0.000092 0.040600
380 0.000093 0.040693
381 0.000091 0.040784
382 0.000096 0.040880
383 0.000098 0.040978
384 0.000090 0.041068
385 0.000089 0.041157
386 0.000084 0.041241
387 0.000091 0.041332
388 0.000090 0.041422
389 0.000088 0.041510
390 0.000083 0.041593
391 0.000090 0.041683
392 0.000097 0.041780
393 0.000092 0.041872
394 0.000093 0.041965
395 0.000095 0.042060
396 0.000093 0.042153
397 0.000092 0.042245
398 0.000092 0.042337
399 0.000096 0.042433
400 0.000083 0.042516
401 0.000096 0.042612
402 0.000090 0.042702
403 0.000090 0.042792
404 0.000097 0.042889
405 0.000101 0.042990
406 0.000092 0.043082
407 0.000093 0.043175
408 0.000096 0.043271
409 0.000091 0.043362
410 0.000089 0.043451
411 0.000108 0.043559
412 0.000094 0.043653
413 0.000089 0.043742
414 0.000092 0.043834
415 0.000086 0.043920
416 0.000090 0.044010
417 0.000095 0.044105
418 0.000097 0.044202
419 0.000125 0.044327
420 0.000095 0.044422
421 0.000099 0.044521
422 0.000092 0.044613
423 0.000091 0.044704
424 0.000096 0.044800
425 0.000096 0.044896
426 0.000097 0.044993
427 0.000094 0.045087
428 0.000089 0.045176
429 0.000098 0.045274
430 0.000093 0.045367
431 0.000083 0.045450
432 0.000089 0.045539
433 0.000097 0.045636
434 0.000089 0.045725
435 0.000090 0.045815
436 0.000090 0.045905
437 0.000094 0.045999
438 0.000095 0.046094
439 0.000091 0.046185
440 0.000090 0.046275
441 0.000088 0.046363
442 0.000091 0.046454
443 0.000097 0.046551
444 0.000097 0.046648
445 0.000090 0.046738
446 0.000095 0.046833
447 0.000095 0.046928
448 0.000093 0.047021
449 0.000099 0.047120
450 0.000082 0.047202
451 0.000088 0.047290
452 0.000098 0.047388
453 0.000091 0.047479
454 0.000087 0.047566
455 0.000095 0.047661
456 0.000083 0.047744
457 0.000085 0.047829
458 0.000104 0.047933
459 0.000092 0.048025
460 0.000092 0.048117
461 0.000108 0.048225
462 0.000094 0.048319
463 0.000089 0.048408
464 0.000095 0.048503
465 0.000094 0.048597
466 0.000091 0.048688
467 0.000089 0.048777
468 0.000088 0.048865
469 0.000098 0.048963
470 0.000094 0.049057
471 0.000092 0.049149
472 0.000098 0.049247
473 0.000095 0.049342
474 0.000101 0.049443
475 0.000093 0.049536
476 0.000097 0.049633
477 0.000088 0.049721
478 0.000095 0.049816
479 0.000089 0.049905
480 0.000084 0.049989
481 0.000086 0.050075
482 0.000091 0.050166
483 0.000086 0.050252
484 0.000095 0.050347
485 0.000091 0.050438
486 0.000089 0.050527
487 0.000090 0.050617
488 0.000091 0.050708
489 0.000090 0.050798
490 0.000086 0.050884
491 0.000091 0.050975
492 0.000098 0.051073
493 0.000094 0.051167
494 0.000089 0.051256
495 0.000085 0.051341
496 0.000086 0.051427
497 0.000086 0.051513
498 0.000091 0.051604
499 0.000087 0.051691
500 0.000094 0.051785
501 0.000094 0.051879
502 0.000085 0.051964
503 0.000093 0.052057
504 0.000091 0.052148
505 0.000110 0.052258
506 0.000084 0.052342
507 0.000089 0.052431
508 0.000089 0.052520
509 0.000085 0.052605
510 0.000085 0.052690
511 0.000087 0.052777
512 0.000084 0.052861
513 0.000097 0.052958
514 0.000085 0.053043
515 0.000083 0.053126
516 0.000093 0.053219
517 0.000088 0.053307
518 0.000078 0.053385
519 0.000080 0.053465
520 0.000093 0.053558
521 0.000098 0.053656
522 0.000080 0.053736
523 0.000089 0.053825
524 0.000086 0.053911
525 0.000082 0.053993
526 0.000095 0.054088
527 0.000094 0.054182
528 0.000087 0.054269
529 0.000084 0.054353
530 0.000093 0.054446
531 0.000078 0.054524
532 0.000085 0.054609
533 0.000089 0.054698
534 0.000086 0.054784
535 0.000088 0.054872
536 0.000087 0.054959
537 0.000086 0.055045
538 0.000090 0.055135
539 0.000084 0.055219
540 0.000091 0.055310
541 0.000086 0.055396
542 0.000080 0.055476
543 0.000096 0.055572
544 0.000091 0.055663
545 0.000086 0.055749
546 0.000093 0.055842
547 0.000094 0.055936
548 0.000092 0.056028
549 0.000097 0.056125
550 0.000108 0.056233
551 0.000094 0.056327
552 0.000089 0.056416
553 0.000089 0.056505
554 0.000086 0.056591
555 0.000086 0.056677
556 0.000084 0.056761
557 0.000086 0.056847
558 0.000087 0.056934
559 0.000089 0.057023
560 0.000087 0.057110
561 0.000085 0.057195
562 0.000084 0.057279
563 0.000085 0.057364
564 0.000097 0.057461
565 0.000088 0.057549
566 0.000090 0.057639
567 0.000086 0.057725
568 0.000087 0.057812
569 0.000098 0.057910
570 0.000085 0.057995
571 0.000086 0.058081
572 0.000094 0.058175
573 0.000086 0.058261
574 0.000097 0.058358
575 0.000091 0.058449
576 0.000086 0.058535
577 0.000099 0.058634
578 0.000092 0.058726
579 0.000086 0.058812
580 0.000086 0.058898
581 0.000086 0.058984
582 0.000087 0.059071
583 0.000083 0.059154
584 0.000096 0.059250
585 0.000085 0.059335
586 0.000089 0.059424
587 0.000093 0.059517
588 0.000085 0.059602
589 0.000086 0.059688
590 0.000093 0.059781
591 0.000084 0.059865
592 0.000090 0.059955
593 0.000084 0.060039
594 0.000083 0.060122
595 0.000094 0.060216
596 0.000088 0.060304
597 0.000078 0.060382
598 0.000084 0.060466
599 0.000074 0.060540
600 0.000069 0.060609
601 0.000083 0.060692
602 0.000087 0.060779
603 0.000071 0.060850
604 0.000069 0.060919
605 0.000074 0.060993
606 0.000069 0.061062
607 0.000076 0.061138
608 0.000071 0.061209
609 0.000072 0.061281
610 0.000077 0.061358
611 0.000079 0.061437
612 0.000067 0.061504
613 0.000073 0.061577
614 0.000073 0.061650
615 0.000067 0.061717
616 0.000078 0.061795
617 0.000075 0.061870
618 0.000080 0.061950
619 0.000069 0.062019
620 0.000067 0.062086
621 0.000076 0.062162
622 0.000072 0.062234
623 0.000072 0.062306
624 0.000073 0.062379
625 0.000073 0.062452
626 0.000073 0.062525
627 0.000076 0.062601
628 0.000075 0.062676
629 0.000076 0.062752
630 0.000067 0.062819
631 0.000098 0.062917
632 0.000089 0.063006
633 0.000079 0.063085
634 0.000086 0.063171
635 0.000090 0.063261
636 0.000080 0.063341
637 0.000085 0.063426
638 0.000078 0.063504
639 0.000083 0.063587
640 0.000086 0.063673
641 0.000079 0.063752
642 0.000078 0.063830
643 0.000084 0.063914
644 0.000084 0.063998
645 0.000081 0.064079
646 0.000085 0.064164
647 0.000106 0.064270
648 0.000080 0.064350
649 0.000078 0.064428
650 0.000081 0.064509
651 0.000084 0.064593
652 0.000077 0.064670
653 0.000073 0.064743
654 0.000076 0.064819
655 0.000083 0.064902
656 0.000090 0.064992
657 0.000081 0.065073
658 0.000082 0.065155
659 0.000079 0.065234
660 0.000083 0.065317
661 0.000093 0.065410
662 0.000096 0.065506
663 0.000097 0.065603
664 0.000103 0.065706
665 0.000096 0.065802
666 0.000082 0.065884
667 0.000083 0.065967
668 0.000099 0.066066
669 0.000082 0.066148
670 0.000080 0.066228
671 0.000086 0.066314
672 0.000081 0.066395
673 0.000080 0.066475
674 0.000085 0.066560
675 0.000080 0.066640
676 0.000074 0.066714
677 0.000084 0.066798
678 0.000077 0.066875
679 0.000085 0.066960
680 0.000077 0.067037
681 0.000073 0.067110
682 0.000086 0.067196
683 0.000084 0.067280
684 0.000077 0.067357
685 0.000087 0.067444
686 0.000078 0.067522
687 0.000085 0.067607
688 0.000083 0.067690
689 0.000074 0.067764
690 0.000087 0.067851
691 0.000082 0.067933
692 0.000080 0.068013
693 0.000084 0.068097
694 0.000086 0.068183
695 0.000108 0.068291
696 0.000083 0.068374
697 0.000082 0.068456
698 0.000082 0.068538
699 0.000080 0.068618
700 0.000080 0.068698
701 0.000078 0.068776
702 0.000084 0.068860
703 0.000084 0.068944
704 0.000078 0.069022
705 0.000079 0.069101
706 0.000083 0.069184
707 0.000086 0.069270
708 0.000084 0.069354
709 0.000085 0.069439
710 0.000085 0.069524
711 0.000088 0.069612
712 0.000075 0.069687
713 0.000080 0.069767
714 0.000083 0.069850
715 0.000085 0.069935
716 0.000088 0.070023
717 0.000077 0.070100
718 0.000089 0.070189
719 0.000084 0.070273
720 0.000080 0.070353
721 0.000090 0.070443
722 0.000092 0.070535
723 0.000080 0.070615
724 0.000079 0.070694
725 0.000082 0.070776
726 0.000095 0.070871
727 0.000079 0.070950
728 0.000088 0.071038
729 0.000081 0.071119
730 0.000083 0.071202
731 0.000088 0.071290
732 0.000080 0.071370
733 0.000079 0.071449
734 0.000076 0.071525
735 0.000080 0.071605
736 0.000086 0.071691
737 0.000083 0.071774
738 0.000090 0.071864
739 0.000089 0.071953
740 0.000090 0.072043
741 0.000084 0.072127
742 0.000088 0.072215
743 0.000089 0.072304
744 0.000072 0.072376
745 0.000070 0.072446
746 0.000087 0.072533
747 0.000079 0.072612
748 0.000081 0.072693
749 0.000078 0.072771
750 0.000095 0.072866
751 0.000081 0.072947
752 0.000081 0.073028
753 0.000087 0.073115
754 0.000082 0.073197
755 0.000074 0.073271
756 0.000077 0.073348
757 0.000078 0.073426
758 0.000081 0.073507
759 0.000082 0.073589
760 0.000076 0.073665
761 0.000086 0.073751
762 0.000083 0.073834
763 0.000086 0.073920
764 0.000089 0.074009
765 0.000089 0.074098
766 0.000087 0.074185
767 0.000098 0.074283
768 0.000085 0.074368
769 0.000085 0.074453
770 0.000083 0.074536
771 0.000087 0.074623
772 0.000078 0.074701
773 0.000089 0.074790
774 0.000081 0.074871
775 0.000080 0.074951
776 0.000083 0.075034
777 0.000083 0.075117
778 0.000105 0.075222
779 0.000080 0.075302
780 0.000079 0.075381
781 0.000087 0.075468
782 0.000090 0.075558
783 0.000077 0.075635
784 0.000088 0.075723
785 0.000083 0.075806
786 0.000084 0.075890
787 0.000081 0.075971
788 0.000082 0.076053
789 0.000089 0.076142
790 0.000108 0.076250
791 0.000079 0.076329
792 0.000078 0.076407
793 0.000093 0.076500
794 0.000082 0.076582
795 0.000076 0.076658
796 0.000075 0.076733
797 0.000077 0.076810
798 0.000076 0.076886
799 0.000086 0.076972
800 0.000080 0.077052
801 0.000074 0.077126
802 0.000076 0.077202
803 0.000073 0.077275
804 0.000082 0.077357
805 0.000086 0.077443
806 0.000081 0.077524
807 0.000085 0.077609
808 0.000078 0.077687
809 0.000079 0.077766
810 0.000085 0.077851
811 0.000080 0.077931
812 0.000074 0.078005
813 0.000087 0.078092
814 0.000072 0.078164
815 0.000070 0.078234
816 0.000082 0.078316
817 0.000074 0.078390
818 0.000075 0.078465
819 0.000078 0.078543
820 0.000115 0.078658
821 0.000074 0.078732
822 0.000082 0.078814
823 0.000077 0.078891
824 0.000075 0.078966
825 0.000079 0.079045
826 0.000081 0.079126
827 0.000078 0.079204
828 0.000080 0.079284
829 0.000079 0.079363
830 0.000089 0.079452
831 0.000069 0.079521
832 0.000075 0.079596
833 0.000072 0.079668
834 0.000076 0.079744
835 0.000073 0.079817
836 0.000071 0.079888
837 0.000068 0.079956
838 0.000070 0.080026
839 0.000066 0.080092
840 0.000076 0.080168
841 0.000072 0.080240
842 0.000070 0.080310
843 0.000069 0.080379
844 0.000070 0.080449
845 0.000073 0.080522
846 0.000072 0.080594
847 0.000078 0.080672
848 0.000073 0.080745
849 0.000067 0.080812
850 0.000070 0.080882
851 0.000070 0.080952
852 0.000071 0.081023
853 0.000069 0.081092
854 0.000070 0.081162
855 0.000069 0.081231
856 0.000067 0.081298
857 0.000070 0.081368
858 0.000071 0.081439
859 0.000075 0.081514
860 0.000070 0.081584
861 0.000073 0.081657
862 0.000070 0.081727
863 0.000074 0.081801
864 0.000085 0.081886
865 0.000075 0.081961
866 0.000070 0.082031
867 0.000074 0.082105
868 0.000064 0.082169
869 0.000072 0.082241
870 0.000071 0.082312
871 0.000069 0.082381
872 0.000068 0.082449
873 0.000089 0.082538
874 0.000084 0.082622
875 0.000081 0.082703
876 0.000081 0.082784
877 0.000079 0.082863
878 0.000081 0.082944
879 0.000076 0.083020
880 0.000075 0.083095
881 0.000079 0.083174
882 0.000078 0.083252
883 0.000076 0.083328
884 0.000076 0.083404
885 0.000074 0.083478
886 0.000084 0.083562
887 0.000076 0.083638
888 0.000072 0.083710
889 0.000077 0.083787
890 0.000077 0.083864
891 0.000076 0.083940
892 0.000073 0.084013
893 0.000076 0.084089
894 0.000075 0.084164
895 0.000106 0.084270
896 0.000079 0.084349
897 0.000079 0.084428
898 0.000076 0.084504
899 0.000092 0.084596
900 0.000075 0.084671
901 0.000076 0.084747
902 0.000084 0.084831
903 0.000093 0.084924
904 0.000079 0.085003
905 0.000075 0.085078
906 0.000082 0.085160
907 0.000087 0.085247
908 0.000078 0.085325
909 0.000070 0.085395
910 0.000085 0.085480
911 0.000080 0.085560
912 0.000079 0.085639
913 0.000081 0.085720
914 0.000073 0.085793
915 0.000074 0.085867
916 0.000088 0.085955
917 0.000077 0.086032
918 0.000081 0.086113
919 0.000080 0.086193
920 0.000077 0.086270
921 0.000074 0.086344
922 0.000076 0.086420
923 0.000084 0.086504
924 0.000078 0.086582
925 0.000079 0.086661
926 0.000084 0.086745
927 0.000079 0.086824
928 0.000076 0.086900
929 0.000085 0.086985
930 0.000079 0.087064
931 0.000078 0.087142
932 0.000074 0.087216
933 0.000081 0.087297
934 0.000077 0.087374
935 0.000077 0.087451
936 0.000090 0.087541
937 0.000080 0.087621
938 0.000077 0.087698
939 0.000077 0.087775
940 0.000077 0.087852
941 0.000080 0.087932
942 0.000073 0.088005
943 0.000086 0.088091
944 0.000070 0.088161
945 0.000102 0.088263
946 0.000075 0.088338
947 0.000072 0.088410
948 0.000073 0.088483
949 0.000096 0.088579
950 0.000072 0.088651
951 0.000067 0.088718
952 0.000076 0.088794
953 0.000074 0.088868
954 0.000068 0.088936
955 0.000072 0.089008
956 0.000084 0.089092
957 0.000073 0.089165
958 0.000073 0.089238
959 0.000084 0.089322
960 0.000071 0.089393
961 0.000080 0.089473
962 0.000077 0.089550
963 0.000071 0.089621
964 0.000080 0.089701
965 0.000113 0.089814
966 0.000089 0.089903
967 0.000095 0.089998
968 0.000094 0.090092
969 0.000087 0.090179
970 0.000092 0.090271
971 0.000102 0.090373
972 0.000087 0.090460
973 0.000106 0.090566
974 0.000103 0.090669
975 0.000106 0.090775
976 0.000092 0.090867
977 0.000090 0.090957
978 0.000086 0.091043
979 0.000083 0.091126
980 0.000100 0.091226
981 0.000072 0.091298
982 0.000076 0.091374
983 0.000069 0.091443
984 0.000081 0.091524
985 0.000076 0.091600
986 0.000070 0.091670
987 0.000074 0.091744
988 0.000078 0.091822
989 0.000072 0.091894
990 0.000067 0.091961
991 0.000071 0.092032
992 0.000074 0.092106
993 0.000098 0.092204
994 0.000078 0.092282
995 0.000072 0.092354
996 0.000067 0.092421
997 0.000074 0.092495
998 0.000087 0.092582
999 0.000072 0.092654
1000 0.000083 0.092737
1001 0.000081 0.092818
1002 0.000076 0.092894
1003 0.000075 0.092969
1004 0.000076 0.093045
1005 0.000089 0.093134
1006 0.000110 0.093244
1007 0.000110 0.093354
1008 0.000109 0.093463
1009 0.000084 0.093547
1010 0.000101 0.093648
1011 0.000117 0.093765
1012 0.000114 0.093879
1013 0.000098 0.093977
1014 0.000091 0.094068
1015 0.000079 0.094147
1016 0.000083 0.094230
1017 0.000089 0.094319
1018 0.000081 0.094400
1019 0.000095 0.094495
1020 0.000094 0.094589
1021 0.000094 0.094683
1022 0.000099 0.094782
1023 0.000106 0.094888
1024 0.000082 0.094970
1025 0.000114 0.095084
1026 0.000109 0.095193
1027 0.000108 0.095301
1028 0.000100 0.095401
1029 0.000101 0.095502
1030 0.000094 0.095596
1031 0.000106 0.095702
1032 0.000114 0.095816
1033 0.000095 0.095911
1034 0.000091 0.096002
1035 0.000093 0.096095
1036 0.000115 0.096210
1037 0.000104 0.096314
1038 0.000131 0.096445
1039 0.000107 0.096552
1040 0.000089 0.096641
1041 0.000095 0.096736
1042 0.000112 0.096848
1043 0.000081 0.096929
1044 0.000068 0.096997
1045 0.000064 0.097061
1046 0.000070 0.097131
1047 0.000077 0.097208
1048 0.000073 0.097281
1049 0.000070 0.097351
1050 0.000069 0.097420
1051 0.000064 0.097484
1052 0.000067 0.097551
1053 0.000070 0.097621
1054 0.000083 0.097704
1055 0.000116 0.097820
1056 0.000070 0.097890
1057 0.000081 0.097971
1058 0.000075 0.098046
1059 0.000068 0.098114
1060 0.000073 0.098187
1061 0.000067 0.098254
1062 0.000071 0.098325
1063 0.000070 0.098395
1064 0.000068 0.098463
1065 0.000076 0.098539
1066 0.000097 0.098636
1067 0.000094 0.098730
1068 0.000087 0.098817
1069 0.000098 0.098915
1070 0.000090 0.099005
1071 0.000091 0.099096
1072 0.000086 0.099182
1073 0.000083 0.099265
1074 0.000091 0.099356
1075 0.000110 0.099466
1076 0.000095 0.099561
1077 0.000085 0.099646
1078 0.000096 0.099742
1079 0.000094 0.099836
1080 0.000090 0.099926
1081 0.000085 0.100011
1082 0.000093 0.100104
1083 0.000127 0.100231
1084 0.000083 0.100314
1085 0.000090 0.100404
1086 0.000096 0.100500
1087 0.000099 0.100599
1088 0.000099 0.100698
1089 0.000106 0.100804
1090 0.000113 0.100917
1091 0.000105 0.101022
1092 0.000102 0.101124
1093 0.000135 0.101259
1094 0.000100 0.101359
1095 0.000108 0.101467
1096 0.000115 0.101582
1097 0.000116 0.101698
1098 0.000108 0.101806
1099 0.000097 0.101903
1100 0.000104 0.102007
1101 0.000109 0.102116
1102 0.000108 0.102224
1103 0.000113 0.102337
1104 0.000105 0.102442
1105 0.000121 0.102563
1106 0.000126 0.102689
1107 0.000125 0.102814
1108 0.000130 0.102944
1109 0.000125 0.103069
1110 0.000069 0.103138
1111 0.000078 0.103216
1112 0.000077 0.103293
1113 0.000079 0.103372
1114 0.000093 0.103465
1115 0.000102 0.103567
1116 0.000095 0.103662
1117 0.000107 0.103769
1118 0.000113 0.103882
1119 0.000125 0.104007
1120 0.000149 0.104156
1121 0.000131 0.104287
1122 0.000144 0.104431
1123 0.000118 0.104549
1124 0.000100 0.104649
1125 0.000153 0.104802
1126 0.000157 0.104959
1127 0.000101 0.105060
1128 0.000097 0.105157
1129 0.000126 0.105283
1130 0.000091 0.105374
1131 0.000086 0.105460
1132 0.000086 0.105546
1133 0.000120 0.105666
1134 0.000098 0.105764
1135 0.000168 0.105932
1136 0.000111 0.106043
1137 0.000170 0.106213
1138 0.000103 0.106316
1139 0.000137 0.106453
1140 0.000144 0.106597
1141 0.000141 0.106738
1142 0.000139 0.106877
1143 0.000088 0.106965
1144 0.000122 0.107087
1145 0.000087 0.107174
1146 0.000107 0.107281
1147 0.000118 0.107399
1148 0.000119 0.107518
1149 0.000114 0.107632
1150 0.000126 0.107758
1151 0.000120 0.107878
1152 0.000112 0.107990
1153 0.000124 0.108114
1154 0.000176 0.108290
1155 0.000148 0.108438
1156 0.000117 0.108555
1157 0.000130 0.108685
1158 0.000142 0.108827
1159 0.000139 0.108966
1160 0.000142 0.109108
1161 0.000098 0.109206
1162 0.000164 0.109370
1163 0.000123 0.109493
1164 0.000146 0.109639
1165 0.000149 0.109788
1166 0.000137 0.109925
1167 0.000176 0.110101
1168 0.000169 0.110270
1169 0.000216 0.110486
1170 0.000242 0.110728
1171 0.000207 0.110935
1172 0.000180 0.111115
1173 0.000199 0.111314
1174 0.000120 0.111434
1175 0.000219 0.111653
1176 0.000188 0.111841
1177 0.000242 0.112083
1178 0.000215 0.112298
1179 0.000143 0.112441
1180 0.000177 0.112618
1181 0.000163 0.112781
1182 0.000182 0.112963
1183 0.000173 0.113136
1184 0.000155 0.113291
1185 0.000168 0.113459
1186 0.000185 0.113644
1187 0.000163 0.113807
1188 0.000185 0.113992
1189 0.000201 0.114193
1190 0.000195 0.114388
1191 0.000281 0.114669
1192 0.000261 0.114930
1193 0.000244 0.115174
1194 0.000187 0.115361
1195 0.000232 0.115593
1196 0.000249 0.115842
1197 0.000256 0.116098
1198 0.000234 0.116332
1199 0.000253 0.116585
1200 0.000314 0.116899
1201 0.000373 0.117272
1202 0.000371 0.117643
1203 0.000434 0.118077
1204 0.000281 0.118358
1205 0.000411 0.118769
1206 0.000243 0.119012
1207 0.000355 0.119367
1208 0.000218 0.119585
1209 0.000313 0.119898
1210 0.000336 0.120234
1211 0.000315 0.120549
1212 0.000329 0.120878
1213 0.000282 0.121160
1214 0.000333 0.121493
1215 0.000345 0.121838
1216 0.000386 0.122224
1217 0.000315 0.122539
1218 0.000408 0.122947
1219 0.000297 0.123244
1220 0.000375 0.123619
1221 0.000420 0.124039
1222 0.000291 0.124330
1223 0.000375 0.124705
1224 0.000330 0.125035
1225 0.000373 0.125408
1226 0.000369 0.125777
1227 0.000363 0.126140
1228 0.000361 0.126501
1229 0.000338 0.126839
1230 0.000372 0.127211
1231 0.000344 0.127555
1232 0.000382 0.127937
1233 0.000375 0.128312
1234 0.000356 0.128668
1235 0.000357 0.129025
1236 0.000341 0.129366
1237 0.000330 0.129696
1238 0.000320 0.130016
1239 0.000265 0.130281
1240 0.000352 0.130633
1241 0.000369 0.131002
1242 0.000328 0.131330
1243 0.000356 0.131686
1244 0.000348 0.132034
1245 0.000343 0.132377
1246 0.000373 0.132750
1247 0.000406 0.133156
1248 0.000391 0.133547
1249 0.000401 0.133948
1250 0.000431 0.134379
1251 0.000400 0.134779
1252 0.000412 0.135191
1253 0.000397 0.135588
1254 0.000434 0.136022
1255 0.000411 0.136433
1256 0.000440 0.136873
1257 0.000446 0.137319
1258 0.000469 0.137788
1259 0.000487 0.138275
1260 0.000453 0.138728
1261 0.000465 0.139193
1262 0.000512 0.139705
1263 0.000516 0.140221
1264 0.000509 0.140730
1265 0.000530 0.141260
1266 0.000566 0.141826
1267 0.000664 0.142490
1268 0.000620 0.143110
1269 0.000694 0.143804
1270 0.000655 0.144459
1271 0.000682 0.145141
1272 0.000628 0.145769
1273 0.000632 0.146401
1274 0.000655 0.147056
1275 0.000681 0.147737
1276 0.000564 0.148301
1277 0.000772 0.149073
1278 0.000645 0.149718
1279 0.000642 0.150360
1280 0.000738 0.151098
1281 0.000753 0.151851
1282 0.000761 0.152612
1283 0.000789 0.153401
1284 0.000794 0.154195
1285 0.000808 0.155003
1286 0.000963 0.155966
1287 0.000957 0.156923
1288 0.000975 0.157898
1289 0.000965 0.158863
1290 0.000962 0.159825
1291 0.000840 0.160665
1292 0.000903 0.161568
1293 0.000908 0.162476
1294 0.000959 0.163435
1295 0.000909 0.164344
1296 0.000958 0.165302
1297 0.000978 0.166280
1298 0.000921 0.167201
1299 0.000876 0.168077
1300 0.000918 0.168995
1301 0.000858 0.169853
1302 0.000846 0.170699
1303 0.000838 0.171537
1304 0.000871 0.172408
1305 0.000858 0.173266
1306 0.000867 0.174133
1307 0.000860 0.174993
1308 0.000856 0.175849
1309 0.000902 0.176751
1310 0.000813 0.177564
1311 0.000758 0.178322
1312 0.000890 0.179212
1313 0.000785 0.179997
1314 0.000801 0.180798
1315 0.000874 0.181672
1316 0.000756 0.182428
1317 0.000830 0.183258
1318 0.000819 0.184077
1319 0.000761 0.184838
1320 0.000775 0.185613
1321 0.000759 0.186372
1322 0.000780 0.187152
1323 0.000747 0.187899
1324 0.000750 0.188649
1325 0.000790 0.189439
1326 0.000815 0.190254
1327 0.000763 0.191017
1328 0.000771 0.191788
1329 0.000739 0.192527
1330 0.000730 0.193257
1331 0.000726 0.193983
1332 0.000719 0.194702
1333 0.000722 0.195424
1334 0.000638 0.196062
1335 0.000750 0.196812
1336 0.000702 0.197514
1337 0.000779 0.198293
1338 0.000695 0.198988
1339 0.000729 0.199717
1340 0.000687 0.200404
1341 0.000653 0.201057
1342 0.000669 0.201726
1343 0.000786 0.202512
1344 0.000636 0.203148
1345 0.000657 0.203805
1346 0.000753 0.204558
1347 0.000661 0.205219
1348 0.000697 0.205916
1349 0.000700 0.206616
1350 0.000647 0.207263
1351 0.000766 0.208029
1352 0.000789 0.208818
1353 0.000744 0.209562
1354 0.000740 0.210302
1355 0.000803 0.211105
1356 0.000758 0.211863
1357 0.000783 0.212646
1358 0.000780 0.213426
1359 0.000808 0.214234
1360 0.000781 0.215015
1361 0.000981 0.215996
1362 0.000937 0.216933
1363 0.000939 0.217872
done 1363 0.000896 0.218768
