#secondnet
init 0 0
1 0.000200 0.000200
2 0.000168 0.000368
3 0.000159 0.000527
4 0.000138 0.000665
5 0.000160 0.000825
6 0.000146 0.000971
7 0.000150 0.001121
8 0.000137 0.001258
9 0.000129 0.001387
10 0.000144 0.001531
11 0.000130 0.001661
12 0.000149 0.001810
13 0.000145 0.001955
14 0.000153 0.002108
15 0.000143 0.002251
16 0.000138 0.002389
17 0.000143 0.002532
18 0.000144 0.002676
19 0.000141 0.002817
20 0.000137 0.002954
21 0.000128 0.003082
22 0.000129 0.003211
23 0.000131 0.003342
24 0.000135 0.003477
25 0.000120 0.003597
26 0.000143 0.003740
27 0.000129 0.003869
28 0.000118 0.003987
29 0.000128 0.004115
30 0.000136 0.004251
31 0.000134 0.004385
32 0.000141 0.004526
33 0.000150 0.004676
34 0.000148 0.004824
35 0.000131 0.004955
36 0.000129 0.005084
37 0.000147 0.005231
38 0.000127 0.005358
39 0.000134 0.005492
40 0.000136 0.005628
41 0.000145 0.005773
42 0.000144 0.005917
43 0.000125 0.006042
44 0.000129 0.006171
45 0.000161 0.006332
46 0.000159 0.006491
47 0.000161 0.006652
48 0.000136 0.006788
49 0.000142 0.006930
50 0.000136 0.007066
51 0.000154 0.007220
52 0.000162 0.007382
53 0.000157 0.007539
54 0.000147 0.007686
55 0.000140 0.007826
56 0.000139 0.007965
57 0.000136 0.008101
58 0.000139 0.008240
59 0.000141 0.008381
60 0.000125 0.008506
61 0.000139 0.008645
62 0.000125 0.008770
63 0.000130 0.008900
64 0.000145 0.009045
65 0.000124 0.009169
66 0.000133 0.009302
67 0.000159 0.009461
68 0.000131 0.009592
69 0.000147 0.009739
70 0.000151 0.009890
71 0.000145 0.010035
72 0.000154 0.010189
73 0.000146 0.010335
74 0.000145 0.010480
75 0.000144 0.010624
76 0.000140 0.010764
77 0.000136 0.010900
78 0.000141 0.011041
79 0.000137 0.011178
80 0.000139 0.011317
81 0.000153 0.011470
82 0.000141 0.011611
83 0.000174 0.011785
84 0.000142 0.011927
85 0.000155 0.012082
86 0.000158 0.012240
87 0.000154 0.012394
88 0.000153 0.012547
89 0.000155 0.012702
90 0.000161 0.012863
91 0.000152 0.013015
92 0.000155 0.013170
93 0.000167 0.013337
94 0.000141 0.013478
95 0.000147 0.013625
96 0.000173 0.013798
97 0.000165 0.013963
98 0.000177 0.014140
99 0.000160 0.014300
100 0.000149 0.014449
101 0.000148 0.014597
102 0.000161 0.014758
103 0.000153 0.014911
104 0.000161 0.015072
105 0.000144 0.015216
106 0.000169 0.015385
107 0.000150 0.015535
108 0.000174 0.015709
109 0.000140 0.015849
110 0.000156 0.016005
111 0.000133 0.016138
112 0.000149 0.016287
113 0.000147 0.016434
114 0.000158 0.016592
115 0.000135 0.016727
116 0.000151 0.016878
117 0.000151 0.017029
118 0.000168 0.017197
119 0.000159 0.017356
120 0.000156 0.017512
121 0.000160 0.017672
122 0.000169 0.017841
123 0.000153 0.017994
124 0.000148 0.018142
125 0.000164 0.018306
126 0.000162 0.018468
127 0.000158 0.018626
128 0.000143 0.018769
129 0.000152 0.018921
130 0.000155 0.019076
131 0.000160 0.019236
132 0.000169 0.019405
133 0.000152 0.019557
134 0.000155 0.019712
135 0.000170 0.019882
136 0.000165 0.020047
137 0.000140 0.020187
138 0.000166 0.020353
139 0.000158 0.020511
140 0.000160 0.020671
141 0.000157 0.020828
142 0.000154 0.020982
143 0.000162 0.021144
144 0.000155 0.021299
145 0.000167 0.021466
146 0.000157 0.021623
147 0.000141 0.021764
148 0.000143 0.021907
149 0.000158 0.022065
150 0.000159 0.022224
151 0.000151 0.022375
152 0.000135 0.022510
153 0.000136 0.022646
154 0.000156 0.022802
155 0.000140 0.022942
156 0.000155 0.023097
157 0.000152 0.023249
158 0.000161 0.023410
159 0.000163 0.023573
160 0.000155 0.023728
161 0.000174 0.023902
162 0.000174 0.024076
163 0.000175 0.024251
164 0.000144 0.024395
165 0.000148 0.024543
166 0.000156 0.024699
167 0.000155 0.024854
168 0.000148 0.025002
169 0.000167 0.025169
170 0.000151 0.025320
171 0.000153 0.025473
172 0.000169 0.025642
173 0.000167 0.025809
174 0.000161 0.025970
175 0.000149 0.026119
176 0.000153 0.026272
177 0.000154 0.026426
178 0.000158 0.026584
179 0.000151 0.026735
180 0.000138 0.026873
181 0.000152 0.027025
182 0.000148 0.027173
183 0.000187 0.027360
184 0.000148 0.027508
185 0.000142 0.027650
186 0.000145 0.027795
187 0.000137 0.027932
188 0.000161 0.028093
189 0.000159 0.028252
190 0.000168 0.028420
191 0.000167 0.028587
192 0.000155 0.028742
193 0.000152 0.028894
194 0.000154 0.029048
195 0.000158 0.029206
196 0.000159 0.029365
197 0.000150 0.029515
198 0.000162 0.029677
199 0.000173 0.029850
200 0.000157 0.030007
201 0.000153 0.030160
202 0.000145 0.030305
203 0.000168 0.030473
204 0.000159 0.030632
205 0.000162 0.030794
206 0.000158 0.030952
207 0.000150 0.031102
208 0.000174 0.031276
209 0.000169 0.031445
210 0.000168 0.031613
211 0.000154 0.031767
212 0.000138 0.031905
213 0.000149 0.032054
214 0.000152 0.032206
215 0.000151 0.032357
216 0.000153 0.032510
217 0.000150 0.032660
218 0.000150 0.032810
219 0.000146 0.032956
220 0.000154 0.033110
221 0.000149 0.033259
222 0.000158 0.033417
223 0.000165 0.033582
224 0.000161 0.033743
225 0.000157 0.033900
226 0.000144 0.034044
227 0.000171 0.034215
228 0.000155 0.034370
229 0.000148 0.034518
230 0.000164 0.034682
231 0.000149 0.034831
232 0.000151 0.034982
233 0.000152 0.035134
234 0.000189 0.035323
235 0.000164 0.035487
236 0.000167 0.035654
237 0.000159 0.035813
238 0.000155 0.035968
239 0.000162 0.036130
240 0.000159 0.036289
241 0.000149 0.036438
242 0.000157 0.036595
243 0.000168 0.036763
244 0.000160 0.036923
245 0.000171 0.037094
246 0.000142 0.037236
247 0.000151 0.037387
248 0.000161 0.037548
249 0.000144 0.037692
250 0.000163 0.037855
251 0.000164 0.038019
252 0.000180 0.038199
253 0.000140 0.038339
254 0.000148 0.038487
255 0.000159 0.038646
256 0.000157 0.038803
257 0.000142 0.038945
258 0.000169 0.039114
259 0.000163 0.039277
260 0.000159 0.039436
261 0.000170 0.039606
262 0.000160 0.039766
263 0.000148 0.039914
264 0.000152 0.040066
265 0.000157 0.040223
266 0.000152 0.040375
267 0.000159 0.040534
268 0.000175 0.040709
269 0.000173 0.040882
270 0.000162 0.041044
271 0.000164 0.041208
272 0.000142 0.041350
273 0.000169 0.041519
274 0.000172 0.041691
275 0.000160 0.041851
276 0.000173 0.042024
277 0.000162 0.042186
278 0.000153 0.042339
279 0.000184 0.042523
280 0.000159 0.042682
281 0.000163 0.042845
282 0.000168 0.043013
283 0.000162 0.043175
284 0.000177 0.043352
285 0.000144 0.043496
286 0.000165 0.043661
287 0.000163 0.043824
288 0.000157 0.043981
289 0.000144 0.044125
290 0.000157 0.044282
291 0.000161 0.044443
292 0.000176 0.044619
293 0.000169 0.044788
294 0.000161 0.044949
295 0.000160 0.045109
296 0.000155 0.045264
297 0.000183 0.045447
298 0.000177 0.045624
299 0.000150 0.045774
300 0.000155 0.045929
301 0.000169 0.046098
302 0.000159 0.046257
303 0.000162 0.046419
304 0.000161 0.046580
305 0.000166 0.046746
306 0.000153 0.046899
307 0.000166 0.047065
308 0.000156 0.047221
309 0.000162 0.047383
310 0.000172 0.047555
311 0.000169 0.047724
312 0.000146 0.047870
313 0.000168 0.048038
314 0.000153 0.048191
315 0.000154 0.048345
316 0.000173 0.048518
317 0.000176 0.048694
318 0.000154 0.048848
319 0.000163 0.049011
320 0.000146 0.049157
321 0.000169 0.049326
322 0.000150 0.049476
323 0.000165 0.049641
324 0.000156 0.049797
325 0.000160 0.049957
326 0.000158 0.050115
327 0.000171 0.050286
328 0.000163 0.050449
329 0.000166 0.050615
330 0.000163 0.050778
331 0.000162 0.050940
332 0.000160 0.051100
333 0.000170 0.051270
334 0.000162 0.051432
335 0.000163 0.051595
336 0.000148 0.051743
337 0.000176 0.051919
338 0.000165 0.052084
339 0.000149 0.052233
340 0.000152 0.052385
341 0.000146 0.052531
342 0.000166 0.052697
343 0.000149 0.052846
344 0.000152 0.052998
345 0.000143 0.053141
346 0.000170 0.053311
347 0.000166 0.053477
348 0.000178 0.053655
349 0.000159 0.053814
350 0.000144 0.053958
351 0.000161 0.054119
352 0.000182 0.054301
353 0.000146 0.054447
354 0.000143 0.054590
355 0.000176 0.054766
356 0.000159 0.054925
357 0.000149 0.055074
358 0.000165 0.055239
359 0.000193 0.055432
360 0.000171 0.055603
361 0.000167 0.055770
362 0.000148 0.055918
363 0.000165 0.056083
364 0.000144 0.056227
365 0.000176 0.056403
366 0.000148 0.056551
367 0.000171 0.056722
368 0.000160 0.056882
369 0.000139 0.057021
370 0.000168 0.057189
371 0.000171 0.057360
372 0.000167 0.057527
373 0.000177 0.057704
374 0.000174 0.057878
375 0.000178 0.058056
376 0.000177 0.058233
377 0.000154 0.058387
378 0.000188 0.058575
379 0.000171 0.058746
380 0.000160 0.058906
381 0.000156 0.059062
382 0.000168 0.059230
383 0.000182 0.059412
384 0.000175 0.059587
385 0.000151 0.059738
386 0.000147 0.059885
387 0.000168 0.060053
388 0.000166 0.060219
389 0.000166 0.060385
390 0.000176 0.060561
391 0.000175 0.060736
392 0.000159 0.060895
393 0.000180 0.061075
394 0.000164 0.061239
395 0.000162 0.061401
396 0.000161 0.061562
397 0.000170 0.061732
398 0.000183 0.061915
399 0.000158 0.062073
400 0.000179 0.062252
401 0.000174 0.062426
402 0.000149 0.062575
403 0.000163 0.062738
404 0.000171 0.062909
405 0.000195 0.063104
406 0.000173 0.063277
407 0.000164 0.063441
408 0.000164 0.063605
409 0.000161 0.063766
410 0.000182 0.063948
411 0.000157 0.064105
412 0.000159 0.064264
413 0.000177 0.064441
414 0.000159 0.064600
415 0.000162 0.064762
416 0.000164 0.064926
417 0.000174 0.065100
418 0.000145 0.065245
419 0.000161 0.065406
420 0.000165 0.065571
421 0.000179 0.065750
422 0.000273 0.066023
423 0.000156 0.066179
424 0.000164 0.066343
425 0.000170 0.066513
426 0.000209 0.066722
427 0.000177 0.066899
428 0.000313 0.067212
429 0.000325 0.067537
430 0.000184 0.067721
431 0.000175 0.067896
432 0.000385 0.068281
433 0.000171 0.068452
434 0.000171 0.068623
435 0.000163 0.068786
done 435 0.000945 0.069731
