#secondnet
init 0 0
1 0.000311 0.000311
2 0.000266 0.000577
3 0.000235 0.000812
4 0.000208 0.001020
5 0.000222 0.001242
6 0.000215 0.001457
7 0.000221 0.001678
8 0.000201 0.001879
9 0.000139 0.002018
10 0.000179 0.002197
11 0.000211 0.002408
12 0.000227 0.002635
13 0.000225 0.002860
14 0.000220 0.003080
15 0.000217 0.003297
16 0.000216 0.003513
17 0.000217 0.003730
18 0.000208 0.003938
19 0.000210 0.004148
20 0.000218 0.004366
21 0.000201 0.004567
22 0.000209 0.004776
23 0.000213 0.004989
24 0.000212 0.005201
25 0.000197 0.005398
26 0.000209 0.005607
27 0.000238 0.005845
28 0.000127 0.005972
29 0.000137 0.006109
30 0.000148 0.006257
31 0.000153 0.006410
32 0.000221 0.006631
33 0.000236 0.006867
34 0.000233 0.007100
35 0.000207 0.007307
36 0.000155 0.007462
37 0.000139 0.007601
38 0.000187 0.007788
39 0.000219 0.008007
40 0.000194 0.008201
41 0.000141 0.008342
42 0.000170 0.008512
43 0.000204 0.008716
44 0.000225 0.008941
45 0.000137 0.009078
46 0.000147 0.009225
47 0.000207 0.009432
48 0.000227 0.009659
49 0.000202 0.009861
50 0.000151 0.010012
51 0.000206 0.010218
52 0.000202 0.010420
53 0.000179 0.010599
54 0.000191 0.010790
55 0.000146 0.010936
56 0.000156 0.011092
57 0.000140 0.011232
58 0.000148 0.011380
59 0.000166 0.011546
60 0.000178 0.011724
61 0.000205 0.011929
62 0.000164 0.012093
63 0.000195 0.012288
64 0.000181 0.012469
65 0.000180 0.012649
66 0.000176 0.012825
67 0.000178 0.013003
68 0.000192 0.013195
69 0.000191 0.013386
70 0.000207 0.013593
71 0.000192 0.013785
72 0.000177 0.013962
73 0.000194 0.014156
74 0.000176 0.014332
75 0.000196 0.014528
76 0.000167 0.014695
77 0.000186 0.014881
78 0.000185 0.015066
79 0.000178 0.015244
80 0.000194 0.015438
81 0.000183 0.015621
82 0.000147 0.015768
83 0.000154 0.015922
84 0.000142 0.016064
85 0.000164 0.016228
86 0.000170 0.016398
87 0.000192 0.016590
88 0.000192 0.016782
89 0.000181 0.016963
90 0.000194 0.017157
91 0.000191 0.017348
92 0.000196 0.017544
93 0.000212 0.017756
94 0.000176 0.017932
95 0.000173 0.018105
96 0.000199 0.018304
97 0.000190 0.018494
98 0.000194 0.018688
99 0.000172 0.018860
100 0.000182 0.019042
101 0.000192 0.019234
102 0.000182 0.019416
103 0.000183 0.019599
104 0.000201 0.019800
105 0.000164 0.019964
106 0.000193 0.020157
107 0.000179 0.020336
108 0.000200 0.020536
109 0.000141 0.020677
110 0.000155 0.020832
111 0.000140 0.020972
112 0.000153 0.021125
113 0.000170 0.021295
114 0.000192 0.021487
115 0.000187 0.021674
116 0.000211 0.021885
117 0.000148 0.022033
118 0.000177 0.022210
119 0.000168 0.022378
120 0.000183 0.022561
121 0.000181 0.022742
122 0.000169 0.022911
123 0.000176 0.023087
124 0.000156 0.023243
125 0.000175 0.023418
126 0.000167 0.023585
127 0.000176 0.023761
128 0.000158 0.023919
129 0.000173 0.024092
130 0.000174 0.024266
131 0.000170 0.024436
132 0.000178 0.024614
133 0.000160 0.024774
134 0.000189 0.024963
135 0.000156 0.025119
136 0.000149 0.025268
137 0.000157 0.025425
138 0.000164 0.025589
139 0.000179 0.025768
140 0.000180 0.025948
141 0.000184 0.026132
142 0.000167 0.026299
143 0.000172 0.026471
144 0.000166 0.026637
145 0.000180 0.026817
146 0.000171 0.026988
147 0.000166 0.027154
148 0.000163 0.027317
149 0.000173 0.027490
150 0.000169 0.027659
151 0.000168 0.027827
152 0.000175 0.028002
153 0.000156 0.028158
154 0.000154 0.028312
155 0.000166 0.028478
156 0.000179 0.028657
157 0.000175 0.028832
158 0.000163 0.028995
159 0.000180 0.029175
160 0.000163 0.029338
161 0.000185 0.029523
162 0.000151 0.029674
163 0.000165 0.029839
164 0.000161 0.030000
165 0.000142 0.030142
166 0.000165 0.030307
167 0.000166 0.030473
168 0.000164 0.030637
169 0.000174 0.030811
170 0.000177 0.030988
171 0.000158 0.031146
172 0.000167 0.031313
173 0.000178 0.031491
174 0.000176 0.031667
175 0.000175 0.031842
176 0.000172 0.032014
177 0.000176 0.032190
178 0.000170 0.032360
179 0.000172 0.032532
180 0.000166 0.032698
181 0.000173 0.032871
182 0.000165 0.033036
183 0.000175 0.033211
184 0.000162 0.033373
185 0.000165 0.033538
186 0.000161 0.033699
187 0.000190 0.033889
188 0.000167 0.034056
189 0.000158 0.034214
190 0.000152 0.034366
191 0.000171 0.034537
192 0.000186 0.034723
193 0.000153 0.034876
194 0.000155 0.035031
195 0.000177 0.035208
196 0.000168 0.035376
197 0.000164 0.035540
198 0.000166 0.035706
199 0.000173 0.035879
200 0.000164 0.036043
201 0.000167 0.036210
202 0.000165 0.036375
203 0.000164 0.036539
204 0.000167 0.036706
205 0.000165 0.036871
206 0.000166 0.037037
207 0.000155 0.037192
208 0.000165 0.037357
209 0.000168 0.037525
210 0.000169 0.037694
211 0.000170 0.037864
212 0.000154 0.038018
213 0.000168 0.038186
214 0.000170 0.038356
215 0.000173 0.038529
216 0.000153 0.038682
217 0.000146 0.038828
218 0.000143 0.038971
219 0.000150 0.039121
220 0.000171 0.039292
221 0.000165 0.039457
222 0.000165 0.039622
223 0.000169 0.039791
224 0.000162 0.039953
225 0.000162 0.040115
226 0.000157 0.040272
227 0.000163 0.040435
228 0.000167 0.040602
229 0.000156 0.040758
230 0.000167 0.040925
231 0.000159 0.041084
232 0.000160 0.041244
233 0.000167 0.041411
234 0.000181 0.041592
235 0.000164 0.041756
236 0.000194 0.041950
237 0.000165 0.042115
238 0.000163 0.042278
239 0.000169 0.042447
240 0.000165 0.042612
241 0.000175 0.042787
242 0.000156 0.042943
243 0.000157 0.043100
244 0.000144 0.043244
245 0.000161 0.043405
246 0.000157 0.043562
247 0.000166 0.043728
248 0.000165 0.043893
249 0.000153 0.044046
250 0.000167 0.044213
251 0.000166 0.044379
252 0.000170 0.044549
253 0.000166 0.044715
254 0.000158 0.044873
255 0.000166 0.045039
256 0.000166 0.045205
257 0.000153 0.045358
258 0.000164 0.045522
259 0.000172 0.045694
260 0.000176 0.045870
261 0.000151 0.046021
262 0.000161 0.046182
263 0.000146 0.046328
264 0.000148 0.046476
265 0.000156 0.046632
266 0.000147 0.046779
267 0.000164 0.046943
268 0.000168 0.047111
269 0.000154 0.047265
270 0.000162 0.047427
271 0.000159 0.047586
272 0.000151 0.047737
273 0.000163 0.047900
274 0.000155 0.048055
275 0.000159 0.048214
276 0.000153 0.048367
277 0.000162 0.048529
278 0.000149 0.048678
279 0.000163 0.048841
280 0.000150 0.048991
281 0.000164 0.049155
282 0.000154 0.049309
283 0.000163 0.049472
284 0.000156 0.049628
285 0.000172 0.049800
286 0.000154 0.049954
287 0.000156 0.050110
288 0.000152 0.050262
289 0.000142 0.050404
290 0.000148 0.050552
291 0.000159 0.050711
292 0.000172 0.050883
293 0.000178 0.051061
294 0.000161 0.051222
295 0.000162 0.051384
296 0.000144 0.051528
297 0.000159 0.051687
298 0.000160 0.051847
299 0.000147 0.051994
300 0.000154 0.052148
301 0.000148 0.052296
302 0.000153 0.052449
303 0.000157 0.052606
304 0.000154 0.052760
305 0.000156 0.052916
306 0.000153 0.053069
307 0.000162 0.053231
308 0.000150 0.053381
309 0.000152 0.053533
310 0.000158 0.053691
311 0.000171 0.053862
312 0.000147 0.054009
313 0.000163 0.054172
314 0.000148 0.054320
315 0.000152 0.054472
316 0.000158 0.054630
317 0.000155 0.054785
318 0.000156 0.054941
319 0.000150 0.055091
320 0.000147 0.055238
321 0.000163 0.055401
322 0.000160 0.055561
323 0.000147 0.055708
324 0.000152 0.055860
325 0.000155 0.056015
326 0.000149 0.056164
327 0.000151 0.056315
328 0.000156 0.056471
329 0.000150 0.056621
330 0.000157 0.056778
331 0.000162 0.056940
332 0.000154 0.057094
333 0.000157 0.057251
334 0.000146 0.057397
335 0.000160 0.057557
336 0.000158 0.057715
337 0.000178 0.057893
338 0.000153 0.058046
339 0.000137 0.058183
340 0.000146 0.058329
341 0.000136 0.058465
342 0.000150 0.058615
343 0.000139 0.058754
344 0.000148 0.058902
345 0.000140 0.059042
346 0.000147 0.059189
347 0.000148 0.059337
348 0.000159 0.059496
349 0.000157 0.059653
350 0.000141 0.059794
351 0.000146 0.059940
352 0.000147 0.060087
353 0.000146 0.060233
354 0.000143 0.060376
355 0.000159 0.060535
356 0.000146 0.060681
357 0.000149 0.060830
358 0.000146 0.060976
359 0.000151 0.061127
360 0.000149 0.061276
361 0.000159 0.061435
362 0.000141 0.061576
363 0.000160 0.061736
364 0.000142 0.061878
365 0.000158 0.062036
366 0.000141 0.062177
367 0.000146 0.062323
368 0.000144 0.062467
369 0.000146 0.062613
370 0.000162 0.062775
371 0.000146 0.062921
372 0.000147 0.063068
373 0.000154 0.063222
374 0.000156 0.063378
375 0.000161 0.063539
376 0.000150 0.063689
377 0.000142 0.063831
378 0.000167 0.063998
379 0.000147 0.064145
380 0.000156 0.064301
381 0.000148 0.064449
382 0.000150 0.064599
383 0.000152 0.064751
384 0.000154 0.064905
385 0.000141 0.065046
386 0.000142 0.065188
387 0.000150 0.065338
388 0.000152 0.065490
389 0.000163 0.065653
390 0.000165 0.065818
391 0.000156 0.065974
392 0.000147 0.066121
393 0.000158 0.066279
394 0.000148 0.066427
395 0.000150 0.066577
396 0.000140 0.066717
397 0.000149 0.066866
398 0.000159 0.067025
399 0.000140 0.067165
400 0.000153 0.067318
401 0.000149 0.067467
402 0.000148 0.067615
403 0.000146 0.067761
404 0.000147 0.067908
405 0.000149 0.068057
406 0.000148 0.068205
407 0.000146 0.068351
408 0.000151 0.068502
409 0.000162 0.068664
410 0.000151 0.068815
411 0.000148 0.068963
412 0.000145 0.069108
413 0.000158 0.069266
414 0.000147 0.069413
415 0.000141 0.069554
416 0.000146 0.069700
417 0.000173 0.069873
418 0.000132 0.070005
419 0.000143 0.070148
420 0.000137 0.070285
421 0.000145 0.070430
422 0.000142 0.070572
423 0.000139 0.070711
424 0.000147 0.070858
425 0.000144 0.071002
426 0.000139 0.071141
427 0.000148 0.071289
428 0.000156 0.071445
429 0.000151 0.071596
430 0.000142 0.071738
431 0.000148 0.071886
432 0.000138 0.072024
433 0.000147 0.072171
434 0.000140 0.072311
435 0.000141 0.072452
436 0.000140 0.072592
437 0.000147 0.072739
438 0.000137 0.072876
439 0.000140 0.073016
440 0.000138 0.073154
441 0.000144 0.073298
442 0.000138 0.073436
443 0.000151 0.073587
444 0.000138 0.073725
445 0.000148 0.073873
446 0.000154 0.074027
447 0.000155 0.074182
448 0.000134 0.074316
449 0.000145 0.074461
450 0.000139 0.074600
451 0.000147 0.074747
452 0.000134 0.074881
453 0.000143 0.075024
454 0.000137 0.075161
455 0.000151 0.075312
456 0.000141 0.075453
457 0.000143 0.075596
458 0.000138 0.075734
459 0.000150 0.075884
460 0.000143 0.076027
461 0.000144 0.076171
462 0.000131 0.076302
463 0.000151 0.076453
464 0.000134 0.076587
465 0.000147 0.076734
466 0.000152 0.076886
467 0.000145 0.077031
468 0.000144 0.077175
469 0.000132 0.077307
470 0.000144 0.077451
471 0.000143 0.077594
472 0.000141 0.077735
473 0.000154 0.077889
474 0.000137 0.078026
475 0.000137 0.078163
476 0.000146 0.078309
477 0.000136 0.078445
478 0.000143 0.078588
479 0.000150 0.078738
480 0.000140 0.078878
481 0.000139 0.079017
482 0.000147 0.079164
483 0.000130 0.079294
484 0.000145 0.079439
485 0.000154 0.079593
486 0.000160 0.079753
487 0.000138 0.079891
488 0.000146 0.080037
489 0.000135 0.080172
490 0.000140 0.080312
491 0.000143 0.080455
492 0.000149 0.080604
493 0.000147 0.080751
494 0.000140 0.080891
495 0.000146 0.081037
496 0.000144 0.081181
497 0.000141 0.081322
498 0.000153 0.081475
499 0.000134 0.081609
500 0.000208 0.081817
501 0.000149 0.081966
502 0.000139 0.082105
503 0.000146 0.082251
504 0.000152 0.082403
505 0.000149 0.082552
506 0.000171 0.082723
507 0.000210 0.082933
508 0.000171 0.083104
509 0.000184 0.083288
510 0.000165 0.083453
511 0.000186 0.083639
512 0.000181 0.083820
513 0.000141 0.083961
514 0.000140 0.084101
515 0.000135 0.084236
516 0.000140 0.084376
517 0.000143 0.084519
518 0.000142 0.084661
519 0.000142 0.084803
520 0.000132 0.084935
521 0.000148 0.085083
522 0.000132 0.085215
523 0.000149 0.085364
524 0.000148 0.085512
525 0.000149 0.085661
526 0.000155 0.085816
527 0.000206 0.086022
528 0.000145 0.086167
529 0.000194 0.086361
530 0.000139 0.086500
531 0.000139 0.086639
532 0.000145 0.086784
533 0.000141 0.086925
534 0.000135 0.087060
535 0.000142 0.087202
536 0.000143 0.087345
537 0.000139 0.087484
538 0.000147 0.087631
539 0.000140 0.087771
540 0.000147 0.087918
541 0.000134 0.088052
542 0.000140 0.088192
543 0.000151 0.088343
544 0.000152 0.088495
545 0.000141 0.088636
546 0.000150 0.088786
547 0.000143 0.088929
548 0.000140 0.089069
549 0.000145 0.089214
550 0.000154 0.089368
551 0.000145 0.089513
552 0.000172 0.089685
553 0.000187 0.089872
554 0.000145 0.090017
555 0.000134 0.090151
556 0.000200 0.090351
557 0.000139 0.090490
558 0.000137 0.090627
559 0.000149 0.090776
560 0.000140 0.090916
561 0.000146 0.091062
562 0.000157 0.091219
563 0.000145 0.091364
564 0.000151 0.091515
565 0.000142 0.091657
566 0.000151 0.091808
567 0.000141 0.091949
568 0.000150 0.092099
569 0.000141 0.092240
570 0.000147 0.092387
571 0.000169 0.092556
572 0.000160 0.092716
573 0.000163 0.092879
574 0.000182 0.093061
575 0.000176 0.093237
576 0.000163 0.093400
577 0.000166 0.093566
578 0.000175 0.093741
579 0.000178 0.093919
580 0.000176 0.094095
581 0.000177 0.094272
582 0.000140 0.094412
583 0.000139 0.094551
584 0.000146 0.094697
585 0.000143 0.094840
586 0.000146 0.094986
587 0.000139 0.095125
588 0.000133 0.095258
589 0.000145 0.095403
590 0.000144 0.095547
591 0.000135 0.095682
592 0.000145 0.095827
593 0.000143 0.095970
594 0.000152 0.096122
595 0.000133 0.096255
596 0.000140 0.096395
597 0.000193 0.096588
598 0.000170 0.096758
599 0.000184 0.096942
600 0.000140 0.097082
601 0.000146 0.097228
602 0.000141 0.097369
603 0.000146 0.097515
604 0.000137 0.097652
605 0.000148 0.097800
606 0.000141 0.097941
607 0.000153 0.098094
608 0.000132 0.098226
609 0.000154 0.098380
610 0.000141 0.098521
611 0.000134 0.098655
612 0.000148 0.098803
613 0.000142 0.098945
614 0.000148 0.099093
615 0.000183 0.099276
616 0.000158 0.099434
617 0.000138 0.099572
618 0.000150 0.099722
619 0.000154 0.099876
620 0.000131 0.100007
621 0.000144 0.100151
622 0.000144 0.100295
623 0.000139 0.100434
624 0.000131 0.100565
625 0.000150 0.100715
626 0.000142 0.100857
627 0.000143 0.101000
628 0.000179 0.101179
629 0.000167 0.101346
630 0.000181 0.101527
631 0.000180 0.101707
632 0.000214 0.101921
633 0.000174 0.102095
634 0.000167 0.102262
635 0.000143 0.102405
636 0.000140 0.102545
637 0.000133 0.102678
638 0.000157 0.102835
639 0.000143 0.102978
640 0.000148 0.103126
641 0.000141 0.103267
642 0.000133 0.103400
643 0.000142 0.103542
644 0.000172 0.103714
645 0.000187 0.103901
646 0.000197 0.104098
647 0.000169 0.104267
648 0.000138 0.104405
649 0.000145 0.104550
650 0.000141 0.104691
651 0.000160 0.104851
652 0.000131 0.104982
653 0.000147 0.105129
654 0.000139 0.105268
655 0.000140 0.105408
656 0.000197 0.105605
657 0.000194 0.105799
658 0.000147 0.105946
659 0.000146 0.106092
660 0.000137 0.106229
661 0.000147 0.106376
662 0.000143 0.106519
663 0.000140 0.106659
664 0.000133 0.106792
665 0.000197 0.106989
666 0.000134 0.107123
667 0.000141 0.107264
668 0.000141 0.107405
669 0.000153 0.107558
670 0.000136 0.107694
671 0.000139 0.107833
672 0.000138 0.107971
673 0.000146 0.108117
674 0.000133 0.108250
675 0.000139 0.108389
676 0.000136 0.108525
677 0.000135 0.108660
678 0.000146 0.108806
679 0.000165 0.108971
680 0.000204 0.109175
681 0.000198 0.109373
682 0.000145 0.109518
683 0.000182 0.109700
684 0.000179 0.109879
685 0.000151 0.110030
686 0.000141 0.110171
687 0.000156 0.110327
688 0.000186 0.110513
689 0.000182 0.110695
690 0.000164 0.110859
691 0.000191 0.111050
692 0.000136 0.111186
693 0.000143 0.111329
694 0.000179 0.111508
695 0.000156 0.111664
696 0.000206 0.111870
697 0.000196 0.112066
698 0.000210 0.112276
699 0.000143 0.112419
700 0.000143 0.112562
701 0.000137 0.112699
702 0.000146 0.112845
703 0.000144 0.112989
704 0.000138 0.113127
705 0.000132 0.113259
706 0.000138 0.113397
707 0.000134 0.113531
708 0.000143 0.113674
709 0.000143 0.113817
710 0.000172 0.113989
711 0.000174 0.114163
712 0.000173 0.114336
713 0.000170 0.114506
714 0.000175 0.114681
715 0.000188 0.114869
716 0.000204 0.115073
717 0.000184 0.115257
718 0.000195 0.115452
719 0.000191 0.115643
720 0.000208 0.115851
721 0.000192 0.116043
722 0.000192 0.116235
723 0.000189 0.116424
724 0.000191 0.116615
725 0.000192 0.116807
726 0.000259 0.117066
727 0.000197 0.117263
728 0.000276 0.117539
729 0.000146 0.117685
730 0.000252 0.117937
731 0.000243 0.118180
732 0.000226 0.118406
733 0.000231 0.118637
734 0.000193 0.118830
735 0.000207 0.119037
736 0.000200 0.119237
737 0.000207 0.119444
738 0.000192 0.119636
739 0.000204 0.119840
740 0.000189 0.120029
741 0.000171 0.120200
742 0.000192 0.120392
743 0.000236 0.120628
744 0.000222 0.120850
745 0.000207 0.121057
746 0.000133 0.121190
747 0.000164 0.121354
748 0.000168 0.121522
749 0.000165 0.121687
750 0.000179 0.121866
751 0.000144 0.122010
752 0.000283 0.122293
753 0.000284 0.122577
754 0.000134 0.122711
755 0.000155 0.122866
756 0.000141 0.123007
757 0.000143 0.123150
758 0.000144 0.123294
759 0.000131 0.123425
760 0.000141 0.123566
761 0.000142 0.123708
762 0.000138 0.123846
763 0.000138 0.123984
764 0.000143 0.124127
765 0.000140 0.124267
766 0.000148 0.124415
767 0.000146 0.124561
768 0.000140 0.124701
769 0.000140 0.124841
770 0.000191 0.125032
771 0.000155 0.125187
772 0.000158 0.125345
773 0.000138 0.125483
774 0.000170 0.125653
775 0.000178 0.125831
776 0.000197 0.126028
777 0.000243 0.126271
778 0.000229 0.126500
779 0.000237 0.126737
780 0.000226 0.126963
781 0.000317 0.127280
782 0.000325 0.127605
783 0.000289 0.127894
784 0.000287 0.128181
785 0.000235 0.128416
786 0.000225 0.128641
787 0.000203 0.128844
788 0.000172 0.129016
789 0.000172 0.129188
790 0.000156 0.129344
791 0.000175 0.129519
792 0.000179 0.129698
793 0.000148 0.129846
794 0.000145 0.129991
795 0.000141 0.130132
796 0.000145 0.130277
797 0.000185 0.130462
798 0.000157 0.130619
799 0.000135 0.130754
800 0.000143 0.130897
801 0.000132 0.131029
802 0.000136 0.131165
803 0.000137 0.131302
804 0.000143 0.131445
805 0.000146 0.131591
806 0.000147 0.131738
807 0.000165 0.131903
808 0.000173 0.132076
809 0.000168 0.132244
810 0.000178 0.132422
811 0.000181 0.132603
812 0.000151 0.132754
813 0.000144 0.132898
814 0.000148 0.133046
815 0.000143 0.133189
816 0.000136 0.133325
817 0.000143 0.133468
818 0.000162 0.133630
819 0.000196 0.133826
820 0.000178 0.134004
821 0.000230 0.134234
822 0.000145 0.134379
823 0.000155 0.134534
824 0.000170 0.134704
825 0.000143 0.134847
826 0.000139 0.134986
827 0.000131 0.135117
828 0.000174 0.135291
829 0.000197 0.135488
830 0.000193 0.135681
831 0.000182 0.135863
832 0.000198 0.136061
833 0.000205 0.136266
834 0.000213 0.136479
835 0.000284 0.136763
836 0.000234 0.136997
837 0.000214 0.137211
838 0.000215 0.137426
839 0.000193 0.137619
840 0.000176 0.137795
841 0.000144 0.137939
842 0.000176 0.138115
843 0.000182 0.138297
844 0.000179 0.138476
845 0.000214 0.138690
846 0.000233 0.138923
847 0.000211 0.139134
848 0.000243 0.139377
849 0.000241 0.139618
850 0.000201 0.139819
851 0.000190 0.140009
852 0.000198 0.140207
853 0.000196 0.140403
854 0.000180 0.140583
855 0.000216 0.140799
856 0.000213 0.141012
857 0.000195 0.141207
858 0.000195 0.141402
859 0.000209 0.141611
860 0.000215 0.141826
861 0.000208 0.142034
862 0.000202 0.142236
863 0.000194 0.142430
864 0.000189 0.142619
865 0.000192 0.142811
866 0.000190 0.143001
867 0.000281 0.143282
868 0.000250 0.143532
869 0.000276 0.143808
870 0.000260 0.144068
871 0.000248 0.144316
872 0.000196 0.144512
873 0.000238 0.144750
874 0.000236 0.144986
875 0.000248 0.145234
876 0.000231 0.145465
877 0.000247 0.145712
878 0.000230 0.145942
879 0.000248 0.146190
880 0.000138 0.146328
881 0.000216 0.146544
882 0.000202 0.146746
883 0.000208 0.146954
884 0.000188 0.147142
885 0.000212 0.147354
886 0.000229 0.147583
887 0.000204 0.147787
888 0.000134 0.147921
889 0.000143 0.148064
890 0.000142 0.148206
891 0.000189 0.148395
892 0.000148 0.148543
893 0.000139 0.148682
894 0.000148 0.148830
895 0.000166 0.148996
896 0.000185 0.149181
897 0.000188 0.149369
898 0.000179 0.149548
899 0.000202 0.149750
900 0.000209 0.149959
901 0.000184 0.150143
902 0.000192 0.150335
903 0.000204 0.150539
904 0.000186 0.150725
905 0.000207 0.150932
906 0.000217 0.151149
907 0.000254 0.151403
908 0.000179 0.151582
909 0.000175 0.151757
910 0.000204 0.151961
911 0.000180 0.152141
912 0.000200 0.152341
913 0.000187 0.152528
914 0.000176 0.152704
915 0.000179 0.152883
916 0.000213 0.153096
917 0.000247 0.153343
918 0.000242 0.153585
919 0.000235 0.153820
920 0.000278 0.154098
921 0.000208 0.154306
922 0.000183 0.154489
923 0.000222 0.154711
924 0.000217 0.154928
925 0.000211 0.155139
926 0.000226 0.155365
927 0.000263 0.155628
928 0.000304 0.155932
929 0.000282 0.156214
930 0.000218 0.156432
931 0.000248 0.156680
932 0.000217 0.156897
933 0.000255 0.157152
934 0.000255 0.157407
935 0.000280 0.157687
936 0.000185 0.157872
937 0.000222 0.158094
938 0.000213 0.158307
939 0.000222 0.158529
940 0.000187 0.158716
941 0.000215 0.158931
942 0.000231 0.159162
943 0.000264 0.159426
944 0.000196 0.159622
945 0.000197 0.159819
946 0.000213 0.160032
947 0.000244 0.160276
948 0.000211 0.160487
949 0.000248 0.160735
950 0.000254 0.160989
951 0.000210 0.161199
952 0.000193 0.161392
953 0.000192 0.161584
954 0.000269 0.161853
955 0.000293 0.162146
956 0.000246 0.162392
957 0.000238 0.162630
958 0.000264 0.162894
959 0.000194 0.163088
960 0.000226 0.163314
961 0.000254 0.163568
962 0.000243 0.163811
963 0.000193 0.164004
964 0.000243 0.164247
965 0.000244 0.164491
966 0.000218 0.164709
967 0.000188 0.164897
968 0.000243 0.165140
969 0.000191 0.165331
970 0.000208 0.165539
971 0.000222 0.165761
972 0.000222 0.165983
973 0.000221 0.166204
974 0.000231 0.166435
975 0.000239 0.166674
976 0.000225 0.166899
977 0.000192 0.167091
978 0.000209 0.167300
979 0.000231 0.167531
980 0.000419 0.167950
981 0.000423 0.168373
982 0.000227 0.168600
983 0.000301 0.168901
984 0.000198 0.169099
985 0.000257 0.169356
986 0.000238 0.169594
987 0.000278 0.169872
988 0.000306 0.170178
989 0.000273 0.170451
990 0.000264 0.170715
991 0.000252 0.170967
992 0.000258 0.171225
993 0.000226 0.171451
994 0.000197 0.171648
995 0.000204 0.171852
996 0.000192 0.172044
997 0.000174 0.172218
998 0.000177 0.172395
999 0.000218 0.172613
1000 0.000215 0.172828
1001 0.000216 0.173044
1002 0.000317 0.173361
1003 0.000224 0.173585
1004 0.000379 0.173964
1005 0.000168 0.174132
1006 0.000146 0.174278
1007 0.000178 0.174456
1008 0.000163 0.174619
1009 0.000201 0.174820
1010 0.000222 0.175042
1011 0.000221 0.175263
1012 0.000152 0.175415
1013 0.000215 0.175630
1014 0.000202 0.175832
1015 0.000207 0.176039
1016 0.000227 0.176266
1017 0.000212 0.176478
1018 0.000216 0.176694
1019 0.000332 0.177026
1020 0.000353 0.177379
1021 0.000189 0.177568
1022 0.000280 0.177848
1023 0.000286 0.178134
1024 0.000277 0.178411
1025 0.000301 0.178712
1026 0.000213 0.178925
1027 0.000289 0.179214
1028 0.000188 0.179402
1029 0.000243 0.179645
1030 0.000234 0.179879
1031 0.000238 0.180117
1032 0.000140 0.180257
1033 0.000196 0.180453
1034 0.000270 0.180723
1035 0.000208 0.180931
1036 0.000201 0.181132
1037 0.000184 0.181316
1038 0.000222 0.181538
1039 0.000215 0.181753
1040 0.000249 0.182002
1041 0.000244 0.182246
1042 0.000246 0.182492
1043 0.000295 0.182787
1044 0.000302 0.183089
1045 0.000334 0.183423
1046 0.000392 0.183815
1047 0.000347 0.184162
1048 0.000458 0.184620
1049 0.000422 0.185042
1050 0.000449 0.185491
1051 0.000200 0.185691
1052 0.000461 0.186152
1053 0.000574 0.186726
1054 0.000174 0.186900
1055 0.000284 0.187184
1056 0.000366 0.187550
1057 0.000240 0.187790
1058 0.000291 0.188081
1059 0.000166 0.188247
1060 0.000209 0.188456
1061 0.000314 0.188770
1062 0.000284 0.189054
1063 0.000351 0.189405
1064 0.000201 0.189606
1065 0.000261 0.189867
1066 0.000256 0.190123
1067 0.000369 0.190492
1068 0.000232 0.190724
1069 0.000262 0.190986
1070 0.000329 0.191315
1071 0.000228 0.191543
1072 0.000226 0.191769
1073 0.000271 0.192040
1074 0.000169 0.192209
1075 0.000240 0.192449
1076 0.000222 0.192671
1077 0.000209 0.192880
1078 0.000203 0.193083
1079 0.000167 0.193250
1080 0.000173 0.193423
1081 0.000174 0.193597
1082 0.000198 0.193795
1083 0.000172 0.193967
1084 0.000163 0.194130
1085 0.000189 0.194319
1086 0.000260 0.194579
1087 0.000261 0.194840
1088 0.000434 0.195274
1089 0.000232 0.195506
1090 0.000172 0.195678
1091 0.000169 0.195847
1092 0.000221 0.196068
1093 0.000216 0.196284
1094 0.000224 0.196508
1095 0.000259 0.196767
1096 0.000270 0.197037
1097 0.000289 0.197326
1098 0.000268 0.197594
1099 0.000250 0.197844
1100 0.000389 0.198233
1101 0.000343 0.198576
1102 0.000268 0.198844
1103 0.000387 0.199231
1104 0.000306 0.199537
1105 0.000192 0.199729
1106 0.000319 0.200048
1107 0.000270 0.200318
1108 0.000459 0.200777
1109 0.000578 0.201355
1110 0.000177 0.201532
1111 0.000317 0.201849
1112 0.000444 0.202293
1113 0.000169 0.202462
1114 0.000335 0.202797
1115 0.000205 0.203002
1116 0.000194 0.203196
1117 0.000311 0.203507
1118 0.000274 0.203781
1119 0.000241 0.204022
1120 0.000198 0.204220
1121 0.000244 0.204464
1122 0.000172 0.204636
1123 0.000221 0.204857
1124 0.000195 0.205052
1125 0.000166 0.205218
1126 0.000227 0.205445
1127 0.000292 0.205737
1128 0.000321 0.206058
1129 0.000217 0.206275
1130 0.000233 0.206508
1131 0.000215 0.206723
1132 0.000387 0.207110
1133 0.000233 0.207343
1134 0.000278 0.207621
1135 0.000240 0.207861
1136 0.000255 0.208116
1137 0.000268 0.208384
1138 0.000307 0.208691
1139 0.000280 0.208971
1140 0.000250 0.209221
1141 0.000252 0.209473
1142 0.000176 0.209649
1143 0.000162 0.209811
1144 0.000257 0.210068
1145 0.000470 0.210538
1146 0.000218 0.210756
1147 0.000333 0.211089
1148 0.000393 0.211482
1149 0.000393 0.211875
1150 0.000418 0.212293
1151 0.000340 0.212633
1152 0.000388 0.213021
1153 0.000192 0.213213
1154 0.000365 0.213578
1155 0.000451 0.214029
1156 0.000410 0.214439
1157 0.000472 0.214911
1158 0.000176 0.215087
1159 0.000447 0.215534
1160 0.000457 0.215991
1161 0.000408 0.216399
1162 0.000437 0.216836
1163 0.000814 0.217650
1164 0.000458 0.218108
1165 0.000560 0.218668
1166 0.000793 0.219461
1167 0.000653 0.220114
1168 0.000355 0.220469
1169 0.000315 0.220784
1170 0.000789 0.221573
1171 0.000562 0.222135
1172 0.000578 0.222713
1173 0.000188 0.222901
1174 0.000408 0.223309
1175 0.000544 0.223853
1176 0.000226 0.224079
1177 0.000255 0.224334
1178 0.000431 0.224765
1179 0.000476 0.225241
1180 0.000566 0.225807
1181 0.000508 0.226315
1182 0.000492 0.226807
1183 0.000399 0.227206
1184 0.000671 0.227877
1185 0.000425 0.228302
1186 0.000394 0.228696
1187 0.000456 0.229152
1188 0.000498 0.229650
1189 0.000427 0.230077
1190 0.000453 0.230530
1191 0.000482 0.231012
1192 0.000426 0.231438
1193 0.000626 0.232064
1194 0.000659 0.232723
1195 0.000505 0.233228
1196 0.000524 0.233752
1197 0.000624 0.234376
1198 0.000632 0.235008
1199 0.000452 0.235460
1200 0.000466 0.235926
1201 0.000305 0.236231
1202 0.000518 0.236749
1203 0.000710 0.237459
1204 0.000512 0.237971
1205 0.000671 0.238642
1206 0.000663 0.239305
1207 0.000745 0.240050
1208 0.000532 0.240582
1209 0.000440 0.241022
1210 0.000645 0.241667
1211 0.000484 0.242151
1212 0.000311 0.242462
1213 0.000486 0.242948
1214 0.000473 0.243421
1215 0.000218 0.243639
1216 0.000372 0.244011
1217 0.000447 0.244458
1218 0.000618 0.245076
1219 0.000484 0.245560
1220 0.000485 0.246045
1221 0.000553 0.246598
1222 0.000586 0.247184
1223 0.000970 0.248154
1224 0.000401 0.248555
1225 0.000552 0.249107
1226 0.000867 0.249974
1227 0.000457 0.250431
1228 0.000566 0.250997
1229 0.000273 0.251270
1230 0.000798 0.252068
1231 0.000280 0.252348
1232 0.000341 0.252689
1233 0.000454 0.253143
1234 0.000576 0.253719
1235 0.000577 0.254296
1236 0.000173 0.254469
1237 0.000626 0.255095
1238 0.000672 0.255767
1239 0.000789 0.256556
1240 0.000856 0.257412
1241 0.000968 0.258380
1242 0.000635 0.259015
1243 0.000424 0.259439
1244 0.000458 0.259897
1245 0.000775 0.260672
1246 0.000532 0.261204
1247 0.000374 0.261578
1248 0.000811 0.262389
1249 0.000436 0.262825
1250 0.000651 0.263476
1251 0.000583 0.264059
1252 0.000412 0.264471
1253 0.000259 0.264730
1254 0.000452 0.265182
1255 0.000557 0.265739
1256 0.000679 0.266418
1257 0.000421 0.266839
1258 0.000908 0.267747
1259 0.000230 0.267977
1260 0.000769 0.268746
1261 0.000788 0.269534
1262 0.001017 0.270551
1263 0.000591 0.271142
1264 0.000497 0.271639
1265 0.001215 0.272854
1266 0.000172 0.273026
1267 0.000720 0.273746
1268 0.000480 0.274226
1269 0.000564 0.274790
1270 0.000973 0.275763
1271 0.000992 0.276755
1272 0.000508 0.277263
1273 0.000984 0.278247
1274 0.000909 0.279156
1275 0.000685 0.279841
1276 0.000752 0.280593
1277 0.001153 0.281746
1278 0.000906 0.282652
1279 0.001481 0.284133
1280 0.001464 0.285597
1281 0.000560 0.286157
1282 0.000800 0.286957
1283 0.000791 0.287748
1284 0.000489 0.288237
1285 0.000702 0.288939
1286 0.001272 0.290211
1287 0.001675 0.291886
1288 0.001406 0.293292
1289 0.001544 0.294836
1290 0.001532 0.296368
1291 0.000267 0.296635
1292 0.000514 0.297149
1293 0.000830 0.297979
1294 0.000324 0.298303
1295 0.001317 0.299620
1296 0.001215 0.300835
1297 0.001675 0.302510
1298 0.000597 0.303107
1299 0.001249 0.304356
1300 0.001010 0.305366
1301 0.000472 0.305838
1302 0.000694 0.306532
1303 0.000235 0.306767
1304 0.002017 0.308784
1305 0.002105 0.310889
1306 0.001232 0.312121
1307 0.002033 0.314154
1308 0.000974 0.315128
1309 0.000382 0.315510
1310 0.001150 0.316660
1311 0.000571 0.317231
1312 0.001177 0.318408
1313 0.000408 0.318816
1314 0.000800 0.319616
1315 0.000504 0.320120
1316 0.001116 0.321236
1317 0.000944 0.322180
1318 0.000577 0.322757
1319 0.001072 0.323829
1320 0.000561 0.324390
1321 0.000593 0.324983
1322 0.000900 0.325883
1323 0.000905 0.326788
1324 0.000687 0.327475
1325 0.001632 0.329107
1326 0.001093 0.330200
1327 0.001344 0.331544
1328 0.000806 0.332350
1329 0.001193 0.333543
1330 0.000868 0.334411
1331 0.001646 0.336057
1332 0.002361 0.338418
1333 0.004238 0.342656
1334 0.001875 0.344531
1335 0.001736 0.346267
1336 0.002249 0.348516
1337 0.002891 0.351407
1338 0.001295 0.352702
1339 0.001491 0.354193
1340 0.001965 0.356158
1341 0.002045 0.358203
1342 0.002492 0.360695
1343 0.000720 0.361415
1344 0.000980 0.362395
1345 0.000663 0.363058
1346 0.001216 0.364274
1347 0.001653 0.365927
1348 0.002006 0.367933
1349 0.000732 0.368665
1350 0.002234 0.370899
1351 0.000696 0.371595
1352 0.001792 0.373387
1353 0.001899 0.375286
1354 0.001365 0.376651
1355 0.003474 0.380125
1356 0.001494 0.381619
1357 0.001951 0.383570
1358 0.000926 0.384496
1359 0.005195 0.389691
1360 0.001911 0.391602
1361 0.000862 0.392464
1362 0.001099 0.393563
1363 0.001533 0.395096
1364 0.001399 0.396495
1365 0.003762 0.400257
1366 0.001658 0.401915
1367 0.001500 0.403415
1368 0.000488 0.403903
1369 0.001855 0.405758
1370 0.001386 0.407144
1371 0.006388 0.413532
1372 0.006750 0.420282
1373 0.000436 0.420718
1374 0.000739 0.421457
1375 0.001083 0.422540
1376 0.002943 0.425483
1377 0.002960 0.428443
1378 0.001717 0.430160
1379 0.001187 0.431347
1380 0.001685 0.433032
1381 0.001764 0.434796
1382 0.001329 0.436125
1383 0.001069 0.437194
1384 0.005178 0.442372
1385 0.001397 0.443769
1386 0.012227 0.455996
1387 0.011808 0.467804
1388 0.012009 0.479813
1389 0.002157 0.481970
1390 0.000907 0.482877
1391 0.000885 0.483762
1392 0.003238 0.487000
1393 0.002536 0.489536
1394 0.006203 0.495739
1395 0.000871 0.496610
1396 0.000873 0.497483
1397 0.001984 0.499467
1398 0.005654 0.505121
1399 0.001721 0.506842
1400 0.005459 0.512301
1401 0.001466 0.513767
1402 0.006431 0.520198
1403 0.000825 0.521023
1404 0.000855 0.521878
1405 0.002023 0.523901
1406 0.007757 0.531658
1407 0.002005 0.533663
1408 0.001251 0.534914
1409 0.001551 0.536465
1410 0.002677 0.539142
1411 0.000641 0.539783
1412 0.000819 0.540602
1413 0.002804 0.543406
1414 0.005780 0.549186
1415 0.001755 0.550941
1416 0.001255 0.552196
1417 0.002482 0.554678
1418 0.000619 0.555297
1419 0.002924 0.558221
1420 0.003463 0.561684
1421 0.001913 0.563597
1422 0.002954 0.566551
1423 0.003790 0.570341
1424 0.001549 0.571890
1425 0.004035 0.575925
1426 0.005266 0.581191
1427 0.002184 0.583375
1428 0.003096 0.586471
1429 0.011637 0.598108
1430 0.000685 0.598793
1431 0.005880 0.604673
1432 0.002809 0.607482
1433 0.011980 0.619462
1434 0.001507 0.620969
1435 0.003301 0.624270
1436 0.009335 0.633605
1437 0.001384 0.634989
1438 0.002918 0.637907
1439 0.005056 0.642963
1440 0.003324 0.646287
1441 0.004689 0.650976
1442 0.009064 0.660040
1443 0.004243 0.664283
1444 0.010772 0.675055
1445 0.000766 0.675821
1446 0.003206 0.679027
1447 0.011621 0.690648
1448 0.000514 0.691162
1449 0.000544 0.691706
1450 0.000551 0.692257
1451 0.000969 0.693226
1452 0.001736 0.694962
1453 0.010443 0.705405
1454 0.002346 0.707751
1455 0.001479 0.709230
1456 0.011463 0.720693
1457 0.001249 0.721942
1458 0.001634 0.723576
1459 0.000981 0.724557
1460 0.001658 0.726215
1461 0.008162 0.734377
1462 0.000233 0.734610
1463 0.012460 0.747070
1464 0.001534 0.748604
1465 0.002104 0.750708
1466 0.002390 0.753098
1467 0.000603 0.753701
1468 0.000836 0.754537
1469 0.000719 0.755256
1470 0.002441 0.757697
1471 0.003666 0.761363
1472 0.005980 0.767343
1473 0.004398 0.771741
1474 0.001061 0.772802
1475 0.003876 0.776678
1476 0.005365 0.782043
1477 0.000765 0.782808
1478 0.007776 0.790584
1479 0.006096 0.796680
1480 0.000596 0.797276
1481 0.009803 0.807079
1482 0.003282 0.810361
1483 0.000444 0.810805
1484 0.001848 0.812653
1485 0.004573 0.817226
1486 0.000746 0.817972
1487 0.000972 0.818944
1488 0.000678 0.819622
1489 0.002439 0.822061
1490 0.001190 0.823251
1491 0.002046 0.825297
1492 0.001870 0.827167
1493 0.002106 0.829273
1494 0.002484 0.831757
1495 0.000600 0.832357
1496 0.002683 0.835040
1497 0.003856 0.838896
1498 0.002709 0.841605
1499 0.002730 0.844335
1500 0.003184 0.847519
1501 0.003146 0.850665
1502 0.002127 0.852792
1503 0.003235 0.856027
1504 0.006286 0.862313
1505 0.002513 0.864826
1506 0.003712 0.868538
1507 0.003325 0.871863
1508 0.003212 0.875075
1509 0.006002 0.881077
1510 0.003899 0.884976
1511 0.004559 0.889535
1512 0.012194 0.901729
1513 0.003317 0.905046
1514 0.011793 0.916839
1515 0.011948 0.928787
1516 0.012535 0.941322
1517 0.003415 0.944737
1518 0.013743 0.958480
1519 0.001384 0.959864
1520 0.006658 0.966522
done 1520 0.013827 0.980349
